ARM GAS  C:\Users\Thomas\AppData\Local\Temp\ccYVaFFQ.s 			page 1


   1              		.syntax unified
   2              		.cpu cortex-m3
   3              		.fpu softvfp
   4              		.eabi_attribute 20, 1
   5              		.eabi_attribute 21, 1
   6              		.eabi_attribute 23, 3
   7              		.eabi_attribute 24, 1
   8              		.eabi_attribute 25, 1
   9              		.eabi_attribute 26, 1
  10              		.eabi_attribute 30, 2
  11              		.eabi_attribute 34, 1
  12              		.eabi_attribute 18, 4
  13              		.thumb
  14              		.file	"Bootloadable_1.c"
  15              		.text
  16              	.Ltext0:
  17              		.section	.gnu.lto_.profile.be1003bb,"",%progbits
  18 0000 789C6366 		.ascii	"x\234cf```a\200\000F\006#Q\000\000\355\000P"
  18      60606061 
  18      80004606 
  18      23510000 
  18      ED0050
  19              		.text
  20              		.section	.gnu.lto_.jmpfuncs.be1003bb,"",%progbits
  21 0000 789C6366 		.ascii	"x\234cf\300\016D\2414\023\210`dbdd\256\257g`\206\012"
  21      C00E44A1 
  21      34138860 
  21      64626464 
  21      AEAF6760 
  22 0016 02000E4F 		.ascii	"\002\000\016O\001$"
  22      0124
  23              		.text
  24              		.section	.gnu.lto_.inline.be1003bb,"",%progbits
  25 0000 789C6366 		.ascii	"x\234cf\300\016<\2414\023\003\003+/#\003\023\323\005"
  25      C00E3CA1 
  25      34130303 
  25      2B2F2303 
  25      13D305
  26 0013 7E06B605 		.ascii	"~\006\266\005\362L 1F.\020\321\300$\362\231\205\221"
  26      F24C2031 
  26      462E10D1 
  26      C024F299 
  26      8591
  27 0025 91819181 		.ascii	"\221\201\221\201\201\231o\302\007\017\2104\327\004?"
  27      81996FC2 
  27      070F8834 
  27      D7043F
  28 0034 16A02C0B 		.ascii	"\026\240,\013D\021\013/Pr\202\337\004?\006\006\000A"
  28      44110B2F 
  28      507282DF 
  28      043F0606 
  28      0041
  29 0046 DF0913   		.ascii	"\337\011\023"
  30              		.text
  31              		.section	.gnu.lto_.pureconst.be1003bb,"",%progbits
  32 0000 789C6366 		.ascii	"x\234cf```e\200\000&\006)FI\000\000\370\000?"
  32      60606065 
ARM GAS  C:\Users\Thomas\AppData\Local\Temp\ccYVaFFQ.s 			page 2


  32      80002606 
  32      29464900 
  32      00F8003F 
  33              		.text
  34              		.section	.gnu.lto_Bootloadable_1_Load.be1003bb,"",%progbits
  35 0000 789C658F 		.ascii	"x\234e\217\277KBQ\024\307\317\367\274\247(\022D\243"
  35      BF4B4251 
  35      14C7CFF7 
  35      BCA72812 
  35      44A3
  36 0012 FF801021 		.ascii	"\377\200\020!4\264G\015\255\202\253 \246o\223\036\210"
  36      34B4470D 
  36      AD82AB20 
  36      A66F931E 
  36      88
  37 0023 8DE27DE4 		.ascii	"\215\342}\344\320RHS\021\266\204d\231\366\223&\251W"
  37      D0524853 
  37      11B68464 
  37      99F69326 
  37      A957
  38 0035 6B504443 		.ascii	"kPDC\020Q\213En\232\323+\302\316\325\261\013\227s\357"
  38      10518B45 
  38      6E9AD32B 
  38      C2CED5B1 
  38      0B9773EF 
  39 0049 FD7ECFE7 		.ascii	"\375~\317\347~\217A\377WX\266\001\242)\2510\010\\\276"
  39      7E8F41FF 
  39      5758B601 
  39      A229A930 
  39      085CBE
  40 005c 2372020C 		.ascii	"#r\002\014\350\003\201\212\214\":\334c\224\335\372f"
  40      E803818A 
  40      8C223ADC 
  40      6394DDFA 
  40      66
  41 006d 2852554A 		.ascii	"(RUJu7n\235\230\013\217\211\372<\342`\017\021\022S\257"
  41      75376E9D 
  41      980B8F89 
  41      FA3CE260 
  41      0F111253 
  42 0082 F4FB14F2 		.ascii	"\364\373\024\362\227\3044>\322P\203_\370t4\341\252\301"
  42      97C4343E 
  42      D250835F 
  42      F87434E1 
  42      AAC1
  43 0094 E0AC717D 		.ascii	"\340\254q}\011\223\250-\222\376\340\235YW\343\0317\335"
  43      0993A82D 
  43      92FEE09D 
  43      5957E319 
  43      37DD
  44 00a6 E3A64F9B 		.ascii	"\343\246O\233\005\262\365Q\353\214}\262\307\370^s\224"
  44      05B2F551 
  44      EB8C7DB2 
  44      C7F85E73 
  44      94
  45 00b7 A9B96FED 		.ascii	"\251\271o\355\373\207\300\360\211\364\365\244\365u\036"
  45      FB87C0F0 
ARM GAS  C:\Users\Thomas\AppData\Local\Temp\ccYVaFFQ.s 			page 3


  45      89F4F5A4 
  45      F5751E
  46 00c6 AC60DB29 		.ascii	"\254`\333)I\012\306>\3028\200\314\202:*\020\375t\267"
  46      490AC63E 
  46      C23880CC 
  46      823A2A10 
  46      FD74B7
  47 00d9 7A11D476 		.ascii	"z\021\324vc\226p(\312\013V\334\0264_\267\357<\2567\271"
  47      63967028 
  47      CA0B56DC 
  47      16345FB7 
  47      EF3CAE37 
  48 00ee F0A35655 		.ascii	"\360\243VU\300c\263\257\241h\240@\036\373\350\025\216"
  48      C063B3AF 
  48      A168A040 
  48      1EFBE815 
  48      8E
  49 00ff 7B354CA2 		.ascii	"{5L\242\347j\213&\001%\356d4\261`-Y\271T\336\312$\343"
  49      E76A8B26 
  49      0125EE64 
  49      34B1602D 
  49      59B954DE 
  50 0116 F6722E6D 		.ascii	"\366r.m%bq{~&1g\333\371\254\235\312\244\026\263Vr:\232"
  50      2562717B 
  50      7E263167 
  50      DBF9AC9D 
  50      CAA416B3 
  51 012e A63FDAA7 		.ascii	"\246?\332\247m\033"
  51      6D1B
  52              		.text
  53              		.section	.gnu.lto_Bootloadable_1_SetFlashByte.be1003bb,"",%progbits
  54 0000 789C7554 		.ascii	"x\234uTkL\\E\024\2363s_\313.\317&J\210\211FBPc\333\370"
  54      6B4C5C45 
  54      149E3373 
  54      5FCB2ECF 
  54      264A8889 
  55 001a A38D7F4C 		.ascii	"\243\215\177L\352+\306\030Mc\365\217!i\266\3355\230"
  55      EA2BC618 
  55      4D63F58F 
  55      2169B6DD 
  55      3598
  56 002c 206B1688 		.ascii	" k\026\210\366\007\351\224\245,6\261 \306\026\251\330"
  56      F607E994 
  56      A52C36B1 
  56      20C616A9 
  56      D8
  57 003d 5663CBF6 		.ascii	"Vc\313\366\001Z\240-P`Y)Py4m--\204\000V@\024j$`\341"
  57      015AA02D 
  57      50605929 
  57      5079346D 
  57      2D2D8400 
  58 0058 6AED7A66 		.ascii	"j\355zf\006\310j\345&s\367\316\331\363}\347;g\316\031"
  58      06C86AE5 
  58      2673F7CE 
  58      D9F37DE7 
  58      3B67CE19 
  59 006c 46EE7F5E 		.ascii	"F\356\177^\301u\320 $\033\177\301 @\313\007\010\331"
ARM GAS  C:\Users\Thomas\AppData\Local\Temp\ccYVaFFQ.s 			page 4


  59      C175D020 
  59      241B7FC1 
  59      2040CB07 
  59      08D9
  60 007e 6351D0D4 		.ascii	"cQ\320\324\007S\037\035\226F\331\251~Bx\234>\201o\227"
  60      07531F1D 
  60      9646D9A9 
  60      7E42789C 
  60      3E816F97 
  61 0092 0E20EC04 		.ascii	"\016 \354\004\310n\3124\035vS\215\000\247r\341\363\013"
  61      C86ECA34 
  61      1D76538D 
  61      00A772E1 
  61      F30B
  62 00a4 9DA3501E 		.ascii	"\235\243P\036>Y\351\314\374\232s\376{\304N\335\233j"
  62      3E59E9CC 
  62      FC9A73FE 
  62      7BC44EDD 
  62      9B6A
  63 00b6 E35FF354 		.ascii	"\343_\363T\305\205\343\220)\\f\206\312\\l=\020\374n"
  63      C585E390 
  63      295C6686 
  63      CA5C6C3D 
  63      10FC6E
  64 00c9 AA5DE877 		.ascii	"\252]\350wNS\233\302#b\333\\\321Si\210-2\343\366\327"
  64      4E539BC2 
  64      2362DB5C 
  64      D1536988 
  64      2D32E3F6 
  65 00de 0FAF4758 		.ascii	"\017\257GX\306W\234\027\205\207\316\360-\232M\031\324"
  65      C6579C17 
  65      8587CEF0 
  65      2D9A4D19 
  65      D4
  66 00ef 00433E08 		.ascii	"\000C>\010A\032\234\2004\202&\002'!\003\275?-\357\272"
  66      411A9C80 
  66      34822602 
  66      272103BD 
  66      3F2DEFBA 
  67 0103 A5B14D92 		.ascii	"\245\261M\222\367\207\306\363ST!\227j\371\026\260\251"
  67      F787C6F3 
  67      53542197 
  67      6AF916B0 
  67      A9
  68 0114 06A714F2 		.ascii	"\006\247\024\362\3114x\\\340P\373i\310\020\316\307\317"
  68      C934785C 
  68      E050FB69 
  68      C810CEC7 
  68      CF
  69 0125 FD16B0D8 		.ascii	"\375\026\260\3303\022\370SO\3443g\372Q\004\216\017\004"
  69      3312F853 
  69      4FE43367 
  69      FA51048E 
  69      0F04
  70 0137 BB5DBC87 		.ascii	"\273]\274\207\027\217G\243\017\213\310\265\377\216\254"
  70      178F47A3 
  70      0F8BC8B5 
ARM GAS  C:\Users\Thomas\AppData\Local\Temp\ccYVaFFQ.s 			page 5


  70      FF8EAC
  71 0146 1E840C75 		.ascii	"\036\204\014u\354\253\322\331\213\022>\336\334w\330"
  71      ECABD2D9 
  71      8B123EDE 
  71      DC77D8
  72 0155 92F9F024 		.ascii	"\222\371\360$\261o\351\013\325Q\231\020\326\010\367"
  72      B16FE90B 
  72      D5519910 
  72      D608F7
  73 0164 B3AD2742 		.ascii	"\263\255'B\011H\037\346G.g\256r\353\360\215\342\376"
  73      09481FE6 
  73      472E67AE 
  73      72EBF08D 
  73      E2FE
  74 0176 16B9CFC4 		.ascii	"\026\271\317\304r\217\\\353\316f\257J\352?/\315\345"
  74      728F5CEB 
  74      CE66AF4A 
  74      EA3F2FCD 
  74      E5
  75 0187 2A61C33F 		.ascii	"*a\303?w;y\345\012X\203\206\330\304V\241\013\221\251"
  75      773B79E5 
  75      0A588386 
  75      D8C456A1 
  75      0B91A9
  76 019a 31606F4A 		.ascii	"1`oJl\357\255\245y\227\224%UU\335\230\\`R\225\024\325"
  76      6CEFADA5 
  76      79979425 
  76      5555DD98 
  76      5C605295 
  77 01b0 33DD374B 		.ascii	"3\3357K\025\365tp\237\213\327\254P\033pVQ\237C]\347"
  77      15F57470 
  77      9F8BD7AC 
  77      501B7056 
  77      519F435D 
  78 01c5 6375DD99 		.ascii	"cu\335\231\353z\224eI\356PSp/(\364\314\177*\326\274"
  78      EB7A9465 
  78      49EE5053 
  78      702F28F4 
  78      CC7F2AD6 
  79 01da 46C51A43 		.ascii	"F\305\032C\307>\242\314\253*\326Y7kJ\370\221\331\240"
  79      C73EA2CC 
  79      AB2AD659 
  79      376B4AF8 
  79      91D9A0
  80 01ed 1113FAC2 		.ascii	"\021\023\372\302\032\241\347\212\377\276\3414\212\261"
  80      1AA1E78A 
  80      FFBEE134 
  80      8AB1
  81 01fb C392A00E 		.ascii	"\303\222\240\016\322\241\036W#\256&\\-\270Z!]u\034\264"
  81      D2A11E57 
  81      23AE265C 
  81      2DB85A21 
  81      5D751CB4 
  82 020f 810184E8 		.ascii	"\201\001\204\350\377\347Q\227\022\346\321\350\374\324"
  82      FFE75197 
  82      12E6D1E8 
  82      FCD4
ARM GAS  C:\Users\Thomas\AppData\Local\Temp\ccYVaFFQ.s 			page 6


  83 021d 27A5995A 		.ascii	"'\245\231Z*\020ab \372H\303\3160u\"\374\015\361i\212"
  83      2A106162 
  83      20FA48C3 
  83      CE307522 
  83      FC0DF169 
  84 0232 974504D6 		.ascii	"\227E\004\326A\004\332\211\006\313%\254\361\342\225"
  84      4104DA89 
  84      06CB25AC 
  84      F1E295
  85 0241 802F4722 		.ascii	"\200/G\"\276\342\222%K\2120\256\003\331Zd\002e\340\344"
  85      BEE29225 
  85      4B8A30AE 
  85      03D95A64 
  85      0265E0E4 
  86 0255 4C629927 		.ascii	"Lb\231'\010\033\204\242puY\202\224\205\302\027\261s"
  86      081B84A2 
  86      70755982 
  86      9485C217 
  86      B173
  87 0267 8721F079 		.ascii	"\207!\360y\311`\353Y\020\306E\252\241\0153<\360GMHN"
  87      C960EB59 
  87      10C645AA 
  87      A10D333C 
  87      F0474D48 
  88 027c 81C93976 		.ascii	"\201\3119vi;f?\014E7\203w\227\335t\364$\203@%S\243`"
  88      693B663F 
  88      0C453783 
  88      7797DD74 
  88      F4248340 
  89 0294 D205D352 		.ascii	"\322\005\323RIW[\363\262\213\241\230\016\316,5\310v"
  89      49575BF3 
  89      B28BA198 
  89      0ECE2C35 
  89      C876
  90 02a6 34A3519C 		.ascii	"4\243Q\234\223\260d\302\220\013\251\312\315D\317\330"
  90      93B064C2 
  90      900BA9CA 
  90      CD44CFD8 
  91 02b6 2E35C534 		.ascii	".5\3054w\254\304\353\244\312\313B\307\325xM\"\236\245"
  91      77ACC4EB 
  91      A4CACB42 
  91      C7D5784D 
  91      229EA5
  92 02c9 E28DB63D 		.ascii	"\342\215\266=\255<\034*\334\355\006~aY\370\275h4\221"
  92      AD3C1C2A 
  92      DCED067E 
  92      6159F8BD 
  92      683491
  93 02dc 4004A956 		.ascii	"@\004\251V\200-\002\350 \242\012ce\211\322\204\365B"
  93      802D02E8 
  93      20A20A63 
  93      6589D284 
  93      F542
  94 02ee D4D8C4E5 		.ascii	"\324\330\304\345+R$^I\360\235<\352I\254\015\336<\014"
  94      2B52245E 
  94      49F09D3C 
  94      EA49AC0D 
ARM GAS  C:\Users\Thomas\AppData\Local\Temp\ccYVaFFQ.s 			page 7


  94      DE3C0C
  95 0301 658C0607 		.ascii	"e\214\006\007\332\267\252(\316E\012D\232:\231\262\270"
  95      DAB7AA28 
  95      CE450A44 
  95      9A3A99B2 
  95      B8
  96 0312 94255061 		.ascii	"\224%Pa\250}\27449\244|S\231\022\320*\366w\342\324>"
  96      A87DBC34 
  96      39A47C53 
  96      9912D02A 
  96      F677E2D4 
  97 0327 3136A243 		.ascii	"16\242C\265\343\322\341\333\361\325pH\334\022\010\200"
  97      B5E3D2E1 
  97      DBF1D570 
  97      48DC1208 
  97      80
  98 0338 4EA1012E 		.ascii	"N\241\001.B\265\214Vq\364A\201D?\373\313\376f\266\361"
  98      42B58C56 
  98      71F44181 
  98      443FFBCB 
  98      FE66B6F1 
  99 034c 34765EF8 		.ascii	"4v^\37011w\365\"#\247\274\331\272`#RK)%\367\332\256"
  99      313177F5 
  99      2223A7BC 
  99      D9BA6023 
  99      524B2925 
 100 0363 2E9F4232 		.ascii	".\237B2\312C\334\225\252c\201D\231 vZwLIZ\005A\262\314"
 100      CA43DC95 
 100      AA638144 
 100      9920765A 
 100      774C495A 
 101 037b 572378B5 		.ascii	"W#x\265\212\026I\"\312\014\344:\024\367\007\036PL\202"
 101      8A164922 
 101      CA0CE43A 
 101      14F7071E 
 101      504C82
 102 038e A6F290DD 		.ascii	"\246\362\220\335fJ\232(\362\364\250\231\230\002\020"
 102      664A9A28 
 102      F2F4A899 
 102      980210
 103 039d 35A3D30C 		.ascii	"5\243\323\014\231Xe<R\351\242\331\324\371\264\277\245"
 103      9958653C 
 103      52E9A2D9 
 103      D4F9B4BF 
 103      A5
 104 03ae E029EA7C 		.ascii	"\340)\352|\366\367Vu0\325\016\310pI\235\363\201\037"
 104      F6F75675 
 104      30D50EC8 
 104      70499DF3 
 104      811F
 105 03c0 D7DF9FDF 		.ascii	"\327\337\237\337C\253\371\245\310\374\276\027\371\255"
 105      43ABF9A5 
 105      C8FCBE17 
 105      F9AD
 106 03ce 23235012 		.ascii	"##P\022\376\370\252K\370\213\302}qm\177--\374\213\227"
 106      FEF8AA4B 
 106      F88BC27D 
ARM GAS  C:\Users\Thomas\AppData\Local\Temp\ccYVaFFQ.s 			page 8


 106      716D7F2D 
 106      2DFC8B97 
 107 03e2 72CBA6CE 		.ascii	"r\313\246\316y\324L\240\027\012\211lQK\334;w/\266\273"
 107      79D44CA0 
 107      170A896C 
 107      514BDC3B 
 107      772FB6BB 
 108 03f6 D00119B3 		.ascii	"\320\001\031\263m\352\222\223(\260\320\007\2056\236"
 108      6DEA9293 
 108      28B0D007 
 108      85369E
 109 0405 CB0804C2 		.ascii	"\313\010\004\302\215k\360%\314\343\330\020\350G>[\226"
 109      8D6BF025 
 109      CCE3D810 
 109      E8473E5B 
 109      96
 110 0416 36725397 		.ascii	"6rS\227U\253\227]\303;\206\026\215\315\015\274\024O"
 110      55AB975D 
 110      C33B8616 
 110      8DCD0DBC 
 110      144F
 111 0428 0DE77500 		.ascii	"\015\347u\0006\223Q\330\023nz]\222\0211|\200\205@\212"
 111      369351D8 
 111      136E7A5D 
 111      9211317C 
 111      8085408A 
 112 043c 273664BD 		.ascii	"'6d\275\344\315\365\372\335\371^\317\366m\276\002\377"
 112      E4CDF5FA 
 112      DDF95ECF 
 112      F66DBE02 
 112      FF
 113 044d 4E6FD6D6 		.ascii	"No\326\326m\276\3477e=\347\363\345\347\370\334\036\367"
 113      6DBEE737 
 113      653DE7F3 
 113      E5E7F8DC 
 113      1EF7
 114 045f 8E1CEFF6 		.ascii	"\216\034\357\366\2476\354$\246\333\343\361{\363\362"
 114      A736EC24 
 114      A6DBE3F1 
 114      7BF3F2
 115 046e 4C7F41EE 		.ascii	"L\177A\356\033\273\336\363\232o\347\344=\213&\323\357"
 115      1BBBDEF3 
 115      9A6FE7E4 
 115      3D8B26D3 
 115      EF
 116 047f 7BFF0577 		.ascii	"{\377\005w\276\333t\373\375\356]/{\014\334\277V\360"
 116      BEDB74FB 
 116      FDEE5D2F 
 116      7B0CDCBF 
 116      56F0
 117 0491 AEB5C39D 		.ascii	"\256\265\303\235\347\025\377\263w<\037\374\003\326\027"
 117      E715FFB3 
 117      773C1FFC 
 117      03D617
 118 04a0 6C98     		.ascii	"l\230"
 119              		.text
 120              		.section	.gnu.lto_.symbol_nodes.be1003bb,"",%progbits
ARM GAS  C:\Users\Thomas\AppData\Local\Temp\ccYVaFFQ.s 			page 9


 121 0000 789C6366 		.ascii	"x\234cf``Hg\200\002&\206z\006\206\011\347\030\030\352"
 121      60604867 
 121      80022686 
 121      7A068609 
 121      E71818EA 
 122 0014 EB19E62D 		.ascii	"\353\031\346-\340``b\254gD\34632\3253A\370\014\015\015"
 122      E0606062 
 122      AC6744E6 
 122      3332D533 
 122      41F80C0D 
 123 0029 402E4B3D 		.ascii	"@.K=32\227\271\236\005\211\313\0144\356\310\203\177"
 123      333297B9 
 123      9E0589CB 
 123      0C34EEC8 
 123      837F
 124 003b 8CCC8C2C 		.ascii	"\214\314\214,\014K\372\336\3103323\034\001\322\014\000"
 124      0C4BFADE 
 124      C8333332 
 124      331C01D2 
 124      0C00
 125 004d 36C51A45 		.ascii	"6\305\032E"
 126              		.text
 127              		.section	.gnu.lto_.refs.be1003bb,"",%progbits
 128 0000 789C6366 		.ascii	"x\234cf```d\200\002\000\000=\000\005"
 128      60606064 
 128      80020000 
 128      3D0005
 129              		.text
 130              		.section	.gnu.lto_.decls.be1003bb,"",%progbits
 131 0000 789C8D54 		.ascii	"x\234\215TmL[e\024\276\347\336R\332z)\004\023f\330\017"
 131      6D4C5B65 
 131      14BEE7DE 
 131      52DA7A29 
 131      041366D8 
 132 0015 4B4C881A 		.ascii	"KL\210\032B2\215f\3774\253\331\214.\206\214\030\177"
 132      42328D66 
 132      FF34ABD9 
 132      8C2E868C 
 132      187F
 133 0027 8C8474EC 		.ascii	"\214\204t\354*$d5\264d\351\037\363n\215\001\321\310"
 133      2A246435 
 133      B464E91F 
 133      F36E8D01 
 133      D1C8
 134 0039 8743180B 		.ascii	"\207C\030\013\033F\302\347\370\330\007lP\276\025\306"
 134      1B46C2E7 
 134      F8D8076C 
 134      50BE15C6 
 135 0049 37432A1D 		.ascii	"7C*\035\033\205\362\265\315\314\230\242DAt\365\274\357"
 135      1B85F2B5 
 135      CDCC98A2 
 135      444174F5 
 135      BCEF
 136 005b BDA5BD38 		.ascii	"\275\245\2758torz\357y{\316\363>\347\234\347\275\002"
 136      746F727A 
 136      EF797BCE 
 136      F33EE79C 
ARM GAS  C:\Users\Thomas\AppData\Local\Temp\ccYVaFFQ.s 			page 10


 136      E7BD02
 137 006e C771AB68 		.ascii	"\307q\253h\001\\\353Z\216\333\017\034'\240\237\302\205"
 137      015CEB5A 
 137      8EDB0F1C 
 137      27A09FC2 
 137      85
 138 007f 5604DA65 		.ascii	"V\004\332e4\027Z7Z/\3324\367\357Ec\264J\356,\232\033"
 138      34175A37 
 138      5A2FDA34 
 138      F7EF4563 
 138      B44AEE2C 
 139 0095 2D0ECD83 		.ascii	"-\016\315\203V\257\304\360J\\\367\023\362)~\214\222"
 139      56AFC4F0 
 139      4A5CF713 
 139      F2297E8C 
 139      92
 140 00a6 6F4413D1 		.ascii	"oD\023\321\256\240\265\241\315\243\215\240%\240\275"
 140      AEA0B5A1 
 140      CDA38DA0 
 140      25A0BD
 141 00b5 83E655B0 		.ascii	"\203\346U\260\027\320\026\321\246v\235#(x\323\012\337"
 141      17D016D1 
 141      A6769D23 
 141      2878D30A 
 141      DF
 142 00c6 DD6B9D87 		.ascii	"\335k\235\207\216\346\215\211g\036\362`4\230\250\333"
 142      8EE68D89 
 142      671EF260 
 142      3498A8DB 
 143 00d6 59325CAE 		.ascii	"Y2\\\256EW4h\250\353\332^vk\366\225\022\\EN\022\243"
 143      45573468 
 143      A8EBDA5E 
 143      766BF695 
 143      125C454E 
 144 00ec 819438A8 		.ascii	"\201\2248\250\205x\250\203x\216\203z\330\207\277\307"
 144      8578A883 
 144      788E837A 
 144      D887BFC7 
 145 00fc 3532D2DA 		.ascii	"52\322\332\265\236\2574\002\017\364\375\333\362%\267"
 145      B59EAF34 
 145      020FF4FD 
 145      DBF225B7 
 146 010c 21A901D3 		.ascii	"!\251\001\323\362I\237\237\017\035W\334\330S\2501]$"
 146      F2499F9F 
 146      0F1D57DC 
 146      D853A831 
 146      5D24
 147 011e 55ADFEEE 		.ascii	"U\255\376\356\253s\"\031&}\201\300\033\014\012\032@"
 147      AB732219 
 147      267D81C0 
 147      1B0C0A1A 
 147      40
 148 012f 804648A2 		.ascii	"\200FH\242\221\364\235\245\300e0a\332\322\035OW\244"
 148      91F49DA5 
 148      C0653061 
 148      DAD21D4F 
 148      57A4
ARM GAS  C:\Users\Thomas\AppData\Local\Temp\ccYVaFFQ.s 			page 11


 149 0141 F036C33E 		.ascii	"\3606\303>S\343\372\"\022)&\030\030\342\342\205\255"
 149      53E3FA22 
 149      12292618 
 149      18E2E285 
 149      AD
 150 0152 6A3D73E9 		.ascii	"j=s\351\364\242q\213w\015\224L\033 \321P\215\347\373"
 150      F4A2718B 
 150      770D944C 
 150      1B20D150 
 150      8DE7FB
 151 0165 2F391BDF 		.ascii	"/9\033\337u\2227\341\012\030\240i\347\004\226MW>!gi"
 151      759237E1 
 151      0A18A069 
 151      E704964D 
 151      573E2167 
 152 017a 6DFA6123 		.ascii	"m\372a#\267S\032\264B\"F\260Xh\306\315\026\334\304\263"
 152      B7531AB4 
 152      422246B0 
 152      5868C6CD 
 152      16DCC4B3 
 153 018e 667BF3F2 		.ascii	"f{\363\362t\202ME#N\246\361\345XE\277\300\334\000\375"
 153      74824D45 
 153      234EA6F1 
 153      E55845BF 
 153      C0DC00FD 
 154 01a2 9B9F9B3B 		.ascii	"\233\237\233;\267%\200!\221\341\373K\210\360\034\007"
 154      B7258021 
 154      91E1FB4B 
 154      88F01C07 
 155 01b2 49F1F012 		.ascii	"I\361\360\022\202\267#x\234\002~\015\301\257#8\245Z"
 155      82B72378 
 155      9C027E0D 
 155      C1AF2338 
 155      A55A
 156 01c4 D51005D0 		.ascii	"\325\020\005\320\2064\257\206h\306\031vZW\364i\177\221"
 156      8634AF86 
 156      68C61976 
 156      5A57F469 
 156      7F91
 157 01d6 4683BD64 		.ascii	"F\203\275d1\307\331|\226\006\347W\"\330\036-\357\006"
 157      31C7D97C 
 157      9606E757 
 157      22D81E2D 
 157      EF06
 158 01e8 B0CD409B 		.ascii	"\260\315@\233\357?\206\326\301\206v\023\224\251-\324"
 158      EF3F86D6 
 158      C1867613 
 158      94A92DD4 
 159 01f8 ADDE05C1 		.ascii	"\255\336\005\301\301J\352\373z\324'(\303)/\024\316\223"
 159      C14AEAFB 
 159      7AD42728 
 159      C3292F14 
 159      CE93
 160 020a AAB3E471 		.ascii	"\252\263\344q\000\353\241I\320\0316\236\316\340x\\l"
 160      00EBA149 
 160      D019369E 
 160      CEE0785C 
ARM GAS  C:\Users\Thomas\AppData\Local\Temp\ccYVaFFQ.s 			page 12


 160      6C
 161 021b 3CF7D7FD 		.ascii	"<\367\327\375\177E\012\245\300PV\037\374\344\325#\212"
 161      7F450AA5 
 161      C050561F 
 161      FCE4D523 
 161      8A
 162 022c 8FB44EAC 		.ascii	"\217\264N\254}r\236|\023\004\2413\356\012\003\351\012"
 162      7D729E7C 
 162      1304A133 
 162      EE0A03E9 
 162      0A
 163 023d 82743390 		.ascii	"\202t3\220\366\372\321M\215pK\00697\341\33202\020_\323"
 163      F6FAD14D 
 163      8D704B06 
 163      3937E1DA 
 163      3032105F 
 164 0252 E0905815 		.ascii	"\340\220X\025\256\223\2360\214\236 F/\303(\275\340\364"
 164      AE939E30 
 164      8C9E2046 
 164      2FC328BD 
 164      E0F4
 165 0264 460B6E86 		.ascii	"F\013n\206\301\273\177\236\254\024C2p\211.Bt0\200\215"
 165      C1BB7F9E 
 165      AC144332 
 165      70892E42 
 165      7430808D 
 166 0278 EA7B5A1D 		.ascii	"\352{Z\035\364?Y\007c\313\233\277\211\354\322\304P\267"
 166      F43F5907 
 166      63CB9BBF 
 166      89ECD2C4 
 166      50B7
 167 028a C2B3B621 		.ascii	"\302\263\266!\260K\303S\267\362\327_\272\364\202\027"
 167      B04BC353 
 167      B7F2D75F 
 167      BAF48217 
 168 029a 543231C9 		.ascii	"T21\3112){\264y]\307\334@@\240$\267W\232k\265\012I_"
 168      32297BB4 
 168      795DC7DC 
 168      4040A024 
 168      B7579A6B 
 169 02b2 63939100 		.ascii	"c\223\221\000\214 \303\301\020CS8C\342$\021u\310\360"
 169      8C20C3C1 
 169      10435338 
 169      43E22411 
 169      75C8F0
 170 02c5 3B24F33D 		.ascii	";$\363=e8\214\014M\012\303!\334\274%3\234\254\310\337"
 170      65388C0C 
 170      4D0AC321 
 170      DCBC2533 
 170      9CACC8DF 
 171 02d9 301814F1 		.ascii	"0\030\024\361\345\377\217\3700~\250\371Le\224X\020j"
 171      E5FF8FF8 
 171      307EA8F9 
 171      4C659458 
 171      106A
 172 02eb 028C228B 		.ascii	"\002\214\"\213\220j\306@Td\330\322];\"\313\020\367\024"
 172      906AC640 
ARM GAS  C:\Users\Thomas\AppData\Local\Temp\ccYVaFFQ.s 			page 13


 172      5464D8D2 
 172      5D3B22CB 
 172      10F714
 173 02fe 19CEFCD9 		.ascii	"\031\316\374\331T\030\315\366(\367qY\206\305s\343D\267"
 173      5418CDF6 
 173      28F77159 
 173      86C573E3 
 173      44B7
 174 0310 A3D70979 		.ascii	"\243\327\011y\363\341\300\275j\010\327\346\200\352\230"
 174      F3E1C0BD 
 174      6A08D7E6 
 174      80EA98
 175 031f 2926CEC9 		.ascii	")&\316\311\2408k\306\306=\274\260*wre\253\241Fd\222"
 175      A0386BC6 
 175      C63DBCB0 
 175      2A777265 
 175      ABA14664 
 176 0334 F03FAABD 		.ascii	"\360?\252\275\237R\354,\252&\276@\340y\226\005\267\303"
 176      9F52EC2C 
 176      AA26BE40 
 176      E0799605 
 176      B7C3
 177 0346 44713B28 		.ascii	"Dq;(\212i&\012R\366y\265N(\223\277Lm\277\027tD\321\306"
 177      8A69260A 
 177      52F679B5 
 177      4E2893BF 
 177      4C6DBF17 
 178 035e 389FE256 		.ascii	"8\237\342VR\021M\026\314\352\345{\274;\343\307=\356"
 178      52114D16 
 178      CCEAE57B 
 178      BC3BE3C7 
 178      3DEE
 179 0370 316AAD57 		.ascii	"1j\255W\034\241Zscq?\204&9\003\241\333\374\331r\305"
 179      1CA15A73 
 179      63713F84 
 179      263903A1 
 179      DBFCD972 
 180 0385 84A86AB8 		.ascii	"\204\250j\270[\325\211Y\271\341\364Ioiy_\201F\025M/"
 180      5BD58959 
 180      B9E1F449 
 180      6F69795F 
 180      8146154D 
 181 039a 4228DA83 		.ascii	"B(\332\203\243P\016\361\260\004_\347\370%\035S(a\022"
 181      A3500EF1 
 181      B0045FE7 
 181      F8251D53 
 181      286112
 182 03ad 758DD7B7 		.ascii	"u\215\327\267\360L\242\204\017\377\\\211\362\347\012"
 182      F04CA284 
 182      0FFF5C89 
 182      F2E70A
 183 03bc F2FEA88A 		.ascii	"\362\376\250\212\245]!A|1\234\314=J\034^\214\207\273"
 183      A55D2141 
 183      7C319CCC 
 183      3D4A1C5E 
 183      8C87BB
 184 03cf B25A1EB4 		.ascii	"\262Z\036\264\327\314\212\261E,\234\020\223\374\325"
ARM GAS  C:\Users\Thomas\AppData\Local\Temp\ccYVaFFQ.s 			page 14


 184      D7CC8AB1 
 184      452C9C10 
 184      93FCD5
 185 03de BA83E173 		.ascii	"\272\203\341s,|\036b\203I\314\241\272\277\350\337\326"
 185      2C7C1E62 
 185      8349CCA1 
 185      BABFE8DF 
 185      D6
 186 03ef AB0A6853 		.ascii	"\253\012hS\225\353U\312\3652\366\255\015\177\317\250"
 186      95EB55CA 
 186      F532F6AD 
 186      0D7FCFA8 
 187 03ff D538A52A 		.ascii	"\3258\245*wA\211^`\321\375\217\3757yU4\236\031\026\275"
 187      7741895E 
 187      60D1FD8F 
 187      FD377955 
 187      349E1916 
 188 0414 A844D3E7 		.ascii	"\250D\323\347\263\207\254V{\266\325r\322r\"[J?\220~"
 188      B387AC56 
 188      7BB6D572 
 188      D272225B 
 188      4A3F907E 
 189 0428 145FB547 		.ascii	"\024_\265G\336{\337d\346^NN;\"\235\222r,v\351dz\252"
 189      DE7BDF64 
 189      E65E4E4E 
 189      3B229D92 
 189      722C76E9 
 190 043f 35372743 		.ascii	"57'CJKI\265\232_KS\347$gp\332\334\254S\366W_ya\317\214"
 190      4A4B49B5 
 190      9A5F4B53 
 190      E7246770 
 190      DADCAC53 
 191 045a 0C87DDF1 		.ascii	"\014\207\335\361\261dK\316\344\"h\350\301\375\273\216"
 191      B1644BCE 
 191      E42268E8 
 191      C1FDBB8E 
 192 046a 4D95EC87 		.ascii	"M\225\354\207\263-\266\314C\016\273\024mv\244Z?\264"
 192      B32DB6CC 
 192      430EBB14 
 192      6D76A45A 
 192      3FB4
 193 047c 9FB6E448 		.ascii	"\237\266\344H\307$\233dO\330\023\325\3548\232u\0021"
 193      C7249B64 
 193      4FD813D5 
 193      EC389A75 
 193      0231
 194 048e 45B3E370 		.ascii	"E\263\343pv\256-\323l\311\310\224t\031\016\233\335b"
 194      76AE2DD3 
 194      6CC9C894 
 194      74190E9B 
 194      DD62
 195 04a0 CFB53152 		.ascii	"\317\2651R\007^7\232\035\037\344d\331\245c\326\323o"
 195      075E379A 
 195      1D1FE464 
 195      D9A563D6 
 195      D36F
 196 04b2 59EC96BD 		.ascii	"Y\354\226\2759R\020\244\200x\232\034\351\243\203\377"
ARM GAS  C:\Users\Thomas\AppData\Local\Temp\ccYVaFFQ.s 			page 15


 196      395210A4 
 196      80789A1C 
 196      E9A383FF 
 197 04c2 0056228E 		.ascii	"\000V\"\216\376"
 197      FE
 198              		.text
 199              		.section	.gnu.lto_.symtab.be1003bb,"",%progbits
 200 0000 426F6F74 		.ascii	"Bootloadable_1_Load\000\000\000\000\000\000\000\000"
 200      6C6F6164 
 200      61626C65 
 200      5F315F4C 
 200      6F616400 
 201 001b 00000000 		.ascii	"\000\000\000\000\254\000\000\000Bootloadable_1_SetF"
 201      AC000000 
 201      426F6F74 
 201      6C6F6164 
 201      61626C65 
 202 0036 6C617368 		.ascii	"lashByte\000\000\000\000\000\000\000\000\000\000\000"
 202      42797465 
 202      00000000 
 202      00000000 
 202      000000
 203 0049 00BB0000 		.ascii	"\000\273\000\000\000CySoftwareReset\000\000\002\000"
 203      00437953 
 203      6F667477 
 203      61726552 
 203      65736574 
 204 0061 00000000 		.ascii	"\000\000\000\000\000\000\000\000\275\000\000\000CyF"
 204      00000000 
 204      BD000000 
 204      437946
 205 0070 6C757368 		.ascii	"lushCache\000\000\002\000\000\000\000\000\000\000\000"
 205      43616368 
 205      65000002 
 205      00000000 
 205      00000000 
 206 0084 00BF0000 		.ascii	"\000\277\000\000\000CyWriteRowData\000\000\002\000\000"
 206      00437957 
 206      72697465 
 206      526F7744 
 206      61746100 
 207 009c 00000000 		.ascii	"\000\000\000\000\000\000\000\321\000\000\000"
 207      000000D1 
 207      000000
 208              		.text
 209              		.section	.gnu.lto_.opts,"",%progbits
 210 0000 272D666E 		.ascii	"'-fno-trapv' '-mcpu=cortex-m3' '-mthumb' '-g' '-O3'"
 210      6F2D7472 
 210      61707627 
 210      20272D6D 
 210      6370753D 
 211 0033 20272D66 		.ascii	" '-ffunction-sections' '-finline-functions' '-flto'"
 211      66756E63 
 211      74696F6E 
 211      2D736563 
 211      74696F6E 
 212 0066 20272D66 		.ascii	" '-ffat-lto-objects'\000"
ARM GAS  C:\Users\Thomas\AppData\Local\Temp\ccYVaFFQ.s 			page 16


 212      6661742D 
 212      6C746F2D 
 212      6F626A65 
 212      63747327 
 213              		.text
 214              		.cfi_sections	.debug_frame
 215              		.section	.text.Bootloadable_1_Load,"ax",%progbits
 216              		.align	2
 217              		.global	Bootloadable_1_Load
 218              		.thumb
 219              		.thumb_func
 220              		.type	Bootloadable_1_Load, %function
 221              	Bootloadable_1_Load:
 222              	.LFB0:
 223              		.file 1 ".\\Generated_Source\\PSoC5\\Bootloadable_1.c"
   1:.\Generated_Source\PSoC5/Bootloadable_1.c **** /****************************************************************************//**
   2:.\Generated_Source\PSoC5/Bootloadable_1.c **** * \file Bootloadable_1.c
   3:.\Generated_Source\PSoC5/Bootloadable_1.c **** * \version 1.50
   4:.\Generated_Source\PSoC5/Bootloadable_1.c **** *
   5:.\Generated_Source\PSoC5/Bootloadable_1.c **** * \brief
   6:.\Generated_Source\PSoC5/Bootloadable_1.c **** *   Provides an API for the Bootloadable application.
   7:.\Generated_Source\PSoC5/Bootloadable_1.c **** *
   8:.\Generated_Source\PSoC5/Bootloadable_1.c **** ********************************************************************************
   9:.\Generated_Source\PSoC5/Bootloadable_1.c **** * \copyright
  10:.\Generated_Source\PSoC5/Bootloadable_1.c **** * Copyright 2008-2015, Cypress Semiconductor Corporation.  All rights reserved.
  11:.\Generated_Source\PSoC5/Bootloadable_1.c **** * You may use this file only in accordance with the license, terms, conditions,
  12:.\Generated_Source\PSoC5/Bootloadable_1.c **** * disclaimers, and limitations in the end user license agreement accompanying
  13:.\Generated_Source\PSoC5/Bootloadable_1.c **** * the software package with which this file was provided.
  14:.\Generated_Source\PSoC5/Bootloadable_1.c **** *******************************************************************************/
  15:.\Generated_Source\PSoC5/Bootloadable_1.c **** 
  16:.\Generated_Source\PSoC5/Bootloadable_1.c **** #include "Bootloadable_1.h"
  17:.\Generated_Source\PSoC5/Bootloadable_1.c **** 
  18:.\Generated_Source\PSoC5/Bootloadable_1.c **** /**
  19:.\Generated_Source\PSoC5/Bootloadable_1.c ****  \defgroup functions_group Functions
  20:.\Generated_Source\PSoC5/Bootloadable_1.c ****  @{
  21:.\Generated_Source\PSoC5/Bootloadable_1.c **** */
  22:.\Generated_Source\PSoC5/Bootloadable_1.c **** 
  23:.\Generated_Source\PSoC5/Bootloadable_1.c **** #if (CYDEV_PROJ_TYPE == CYDEV_PROJ_TYPE_LOADABLEANDBOOTLOADER)
  24:.\Generated_Source\PSoC5/Bootloadable_1.c **** static cystatus Bootloadable_1_WriteFlashByte(const uint32 address, const uint8 inputValue) CYLARGE
  25:.\Generated_Source\PSoC5/Bootloadable_1.c ****                                ;
  26:.\Generated_Source\PSoC5/Bootloadable_1.c **** #endif /*(CYDEV_PROJ_TYPE == CYDEV_PROJ_TYPE_LOADABLEANDBOOTLOADER)*/
  27:.\Generated_Source\PSoC5/Bootloadable_1.c **** 
  28:.\Generated_Source\PSoC5/Bootloadable_1.c **** /*******************************************************************************
  29:.\Generated_Source\PSoC5/Bootloadable_1.c **** * Function Name: Bootloadable_1_Load
  30:.\Generated_Source\PSoC5/Bootloadable_1.c **** ****************************************************************************//**
  31:.\Generated_Source\PSoC5/Bootloadable_1.c **** *
  32:.\Generated_Source\PSoC5/Bootloadable_1.c **** * \brief
  33:.\Generated_Source\PSoC5/Bootloadable_1.c **** *  Schedules the Bootloader/Launcher to be launched and then performs
  34:.\Generated_Source\PSoC5/Bootloadable_1.c **** *  a software reset to launch it
  35:.\Generated_Source\PSoC5/Bootloadable_1.c **** *
  36:.\Generated_Source\PSoC5/Bootloadable_1.c **** * \return
  37:.\Generated_Source\PSoC5/Bootloadable_1.c **** *  This method will never return. It will load a new application and reset
  38:.\Generated_Source\PSoC5/Bootloadable_1.c **** *  the device.
  39:.\Generated_Source\PSoC5/Bootloadable_1.c **** *
  40:.\Generated_Source\PSoC5/Bootloadable_1.c **** *******************************************************************************/
  41:.\Generated_Source\PSoC5/Bootloadable_1.c **** void Bootloadable_1_Load(void) 
  42:.\Generated_Source\PSoC5/Bootloadable_1.c **** {
ARM GAS  C:\Users\Thomas\AppData\Local\Temp\ccYVaFFQ.s 			page 17


 224              		.loc 1 42 0
 225              		.cfi_startproc
 226              		@ args = 0, pretend = 0, frame = 0
 227              		@ frame_needed = 0, uses_anonymous_args = 0
 228              		@ link register save eliminated.
  43:.\Generated_Source\PSoC5/Bootloadable_1.c ****     /* Schedule Bootloader to start after reset */
  44:.\Generated_Source\PSoC5/Bootloadable_1.c ****     Bootloadable_1_SET_RUN_TYPE(Bootloadable_1_SCHEDULE_BTLDR);
 229              		.loc 1 44 0
 230 0000 024B     		ldr	r3, .L2
 231 0002 4022     		movs	r2, #64
 232 0004 1A70     		strb	r2, [r3]
  45:.\Generated_Source\PSoC5/Bootloadable_1.c **** 
  46:.\Generated_Source\PSoC5/Bootloadable_1.c ****     CySoftwareReset();
 233              		.loc 1 46 0
 234 0006 FFF7FEBF 		b	CySoftwareReset
 235              	.LVL0:
 236              	.L3:
 237 000a 00BF     		.align	2
 238              	.L2:
 239 000c FA460040 		.word	1073759994
 240              		.cfi_endproc
 241              	.LFE0:
 242              		.size	Bootloadable_1_Load, .-Bootloadable_1_Load
 243              		.section	.text.Bootloadable_1_SetFlashByte,"ax",%progbits
 244              		.align	2
 245              		.global	Bootloadable_1_SetFlashByte
 246              		.thumb
 247              		.thumb_func
 248              		.type	Bootloadable_1_SetFlashByte, %function
 249              	Bootloadable_1_SetFlashByte:
 250              	.LFB1:
  47:.\Generated_Source\PSoC5/Bootloadable_1.c **** }
  48:.\Generated_Source\PSoC5/Bootloadable_1.c **** 
  49:.\Generated_Source\PSoC5/Bootloadable_1.c **** #if (CYDEV_PROJ_TYPE == CYDEV_PROJ_TYPE_LOADABLEANDBOOTLOADER)
  50:.\Generated_Source\PSoC5/Bootloadable_1.c **** /*******************************************************************************
  51:.\Generated_Source\PSoC5/Bootloadable_1.c **** * Function Name: Bootloadable_1_GetActiveApplication
  52:.\Generated_Source\PSoC5/Bootloadable_1.c **** ****************************************************************************//**
  53:.\Generated_Source\PSoC5/Bootloadable_1.c **** *
  54:.\Generated_Source\PSoC5/Bootloadable_1.c **** * \brief
  55:.\Generated_Source\PSoC5/Bootloadable_1.c **** *   Gets the application which will be loaded after a next reset event.
  56:.\Generated_Source\PSoC5/Bootloadable_1.c **** *   NOTE Intended for the combination project type ONLY!
  57:.\Generated_Source\PSoC5/Bootloadable_1.c **** *
  58:.\Generated_Source\PSoC5/Bootloadable_1.c **** * \return 
  59:.\Generated_Source\PSoC5/Bootloadable_1.c **** *  A number of the current active application set in the metadata section.
  60:.\Generated_Source\PSoC5/Bootloadable_1.c **** *  \n  0 - app#0 is set as active.
  61:.\Generated_Source\PSoC5/Bootloadable_1.c **** *  \n  1 - app#1 is set as active.
  62:.\Generated_Source\PSoC5/Bootloadable_1.c **** *
  63:.\Generated_Source\PSoC5/Bootloadable_1.c **** * \note If neither of the applications is set active, then the API returns 0x02.
  64:.\Generated_Source\PSoC5/Bootloadable_1.c **** *
  65:.\Generated_Source\PSoC5/Bootloadable_1.c **** *******************************************************************************/
  66:.\Generated_Source\PSoC5/Bootloadable_1.c **** uint8 Bootloadable_1_GetActiveApplication(void) CYSMALL \
  67:.\Generated_Source\PSoC5/Bootloadable_1.c ****                           
  68:.\Generated_Source\PSoC5/Bootloadable_1.c **** {   
  69:.\Generated_Source\PSoC5/Bootloadable_1.c ****     uint8 result = Bootloadable_1_MD_BTLDB_ACTIVE_NONE;
  70:.\Generated_Source\PSoC5/Bootloadable_1.c ****     
  71:.\Generated_Source\PSoC5/Bootloadable_1.c ****     if (0u != Bootloadable_1_GET_CODE_DATA( \
  72:.\Generated_Source\PSoC5/Bootloadable_1.c ****               Bootloadable_1_MD_BTLDB_ACTIVE_OFFSET(Bootloadable_1_MD_BTLDB_ACTIVE_0))) 
ARM GAS  C:\Users\Thomas\AppData\Local\Temp\ccYVaFFQ.s 			page 18


  73:.\Generated_Source\PSoC5/Bootloadable_1.c ****     {
  74:.\Generated_Source\PSoC5/Bootloadable_1.c ****         result = Bootloadable_1_MD_BTLDB_ACTIVE_0;
  75:.\Generated_Source\PSoC5/Bootloadable_1.c ****     }
  76:.\Generated_Source\PSoC5/Bootloadable_1.c ****     else if (0u != Bootloadable_1_GET_CODE_DATA( \
  77:.\Generated_Source\PSoC5/Bootloadable_1.c ****                    Bootloadable_1_MD_BTLDB_ACTIVE_OFFSET(Bootloadable_1_MD_BTLDB_ACTIVE_1)))
  78:.\Generated_Source\PSoC5/Bootloadable_1.c ****     {
  79:.\Generated_Source\PSoC5/Bootloadable_1.c ****         result = Bootloadable_1_MD_BTLDB_ACTIVE_1;    
  80:.\Generated_Source\PSoC5/Bootloadable_1.c ****     }
  81:.\Generated_Source\PSoC5/Bootloadable_1.c ****     else
  82:.\Generated_Source\PSoC5/Bootloadable_1.c ****     {
  83:.\Generated_Source\PSoC5/Bootloadable_1.c ****         /*Do nothing, result is none*/
  84:.\Generated_Source\PSoC5/Bootloadable_1.c ****     }
  85:.\Generated_Source\PSoC5/Bootloadable_1.c ****     
  86:.\Generated_Source\PSoC5/Bootloadable_1.c ****     return (result);
  87:.\Generated_Source\PSoC5/Bootloadable_1.c **** }
  88:.\Generated_Source\PSoC5/Bootloadable_1.c **** 
  89:.\Generated_Source\PSoC5/Bootloadable_1.c **** /*******************************************************************************
  90:.\Generated_Source\PSoC5/Bootloadable_1.c **** * Function Name: Bootloadable_1_SetActiveApplication
  91:.\Generated_Source\PSoC5/Bootloadable_1.c **** ****************************************************************************//**
  92:.\Generated_Source\PSoC5/Bootloadable_1.c **** *
  93:.\Generated_Source\PSoC5/Bootloadable_1.c **** * \brief 
  94:.\Generated_Source\PSoC5/Bootloadable_1.c **** *   Sets the application which will be loaded after a next reset event.          
  95:.\Generated_Source\PSoC5/Bootloadable_1.c **** *   
  96:.\Generated_Source\PSoC5/Bootloadable_1.c **** * \details
  97:.\Generated_Source\PSoC5/Bootloadable_1.c **** * Theory: 
  98:.\Generated_Source\PSoC5/Bootloadable_1.c **** *   This API sets in the Flash (metadata section) the given active application 
  99:.\Generated_Source\PSoC5/Bootloadable_1.c **** *   number.
 100:.\Generated_Source\PSoC5/Bootloadable_1.c **** *          
 101:.\Generated_Source\PSoC5/Bootloadable_1.c **** *   NOTE The active application number is not set directly, but the boolean 
 102:.\Generated_Source\PSoC5/Bootloadable_1.c **** *   mark instead means that the application is active or not for the relative 
 103:.\Generated_Source\PSoC5/Bootloadable_1.c **** *   metadata. Both metadata sections are updated. For example, if the second 
 104:.\Generated_Source\PSoC5/Bootloadable_1.c **** *   application is to be set active, then in the metadata section for the first 
 105:.\Generated_Source\PSoC5/Bootloadable_1.c **** *   application there will be a "0" written, which means that it is not active, and 
 106:.\Generated_Source\PSoC5/Bootloadable_1.c **** *   for the second metadata section there will be a "1" written, which means that it is 
 107:.\Generated_Source\PSoC5/Bootloadable_1.c **** *   active. 
 108:.\Generated_Source\PSoC5/Bootloadable_1.c **** *
 109:.\Generated_Source\PSoC5/Bootloadable_1.c **** *   NOTE Intended for the combination project type ONLY!
 110:.\Generated_Source\PSoC5/Bootloadable_1.c **** *
 111:.\Generated_Source\PSoC5/Bootloadable_1.c **** * \param appId  
 112:.\Generated_Source\PSoC5/Bootloadable_1.c **** *   The active application number to be written to flash (metadata section) 
 113:.\Generated_Source\PSoC5/Bootloadable_1.c **** *   NOTE Possible values are:
 114:.\Generated_Source\PSoC5/Bootloadable_1.c **** *   0 - for the first application
 115:.\Generated_Source\PSoC5/Bootloadable_1.c **** *   1 - for the second application.
 116:.\Generated_Source\PSoC5/Bootloadable_1.c **** *   Any other number is considered invalid. 
 117:.\Generated_Source\PSoC5/Bootloadable_1.c **** *
 118:.\Generated_Source\PSoC5/Bootloadable_1.c **** * \return 
 119:.\Generated_Source\PSoC5/Bootloadable_1.c **** *   A status of writing to flash operation.
 120:.\Generated_Source\PSoC5/Bootloadable_1.c **** *   \n CYRET_SUCCESS - Returned if appId was successfully changed. 
 121:.\Generated_Source\PSoC5/Bootloadable_1.c **** *   \n CYRET_BAD_PARAM - Returned if the parameter appID passed to the function has the 
 122:.\Generated_Source\PSoC5/Bootloadable_1.c **** *                       same value as the active application ID. 
 123:.\Generated_Source\PSoC5/Bootloadable_1.c **** *   \note - The other non-zero value is considered as a failure during writing to flash.  
 124:.\Generated_Source\PSoC5/Bootloadable_1.c **** *
 125:.\Generated_Source\PSoC5/Bootloadable_1.c **** *   \note - This API does not update Bootloader_activeApp variable.
 126:.\Generated_Source\PSoC5/Bootloadable_1.c **** *
 127:.\Generated_Source\PSoC5/Bootloadable_1.c **** *******************************************************************************/
 128:.\Generated_Source\PSoC5/Bootloadable_1.c **** cystatus Bootloadable_1_SetActiveApplication(uint8 appId) CYSMALL \
 129:.\Generated_Source\PSoC5/Bootloadable_1.c ****                 
ARM GAS  C:\Users\Thomas\AppData\Local\Temp\ccYVaFFQ.s 			page 19


 130:.\Generated_Source\PSoC5/Bootloadable_1.c **** {
 131:.\Generated_Source\PSoC5/Bootloadable_1.c ****     cystatus result = CYRET_SUCCESS;
 132:.\Generated_Source\PSoC5/Bootloadable_1.c **** 
 133:.\Generated_Source\PSoC5/Bootloadable_1.c ****     uint8 CYDATA idx;
 134:.\Generated_Source\PSoC5/Bootloadable_1.c ****     
 135:.\Generated_Source\PSoC5/Bootloadable_1.c ****     /* If invalid application number */
 136:.\Generated_Source\PSoC5/Bootloadable_1.c ****     if (appId > Bootloadable_1_MD_BTLDB_ACTIVE_1)
 137:.\Generated_Source\PSoC5/Bootloadable_1.c ****     {
 138:.\Generated_Source\PSoC5/Bootloadable_1.c ****         result = CYRET_BAD_PARAM;
 139:.\Generated_Source\PSoC5/Bootloadable_1.c ****     }
 140:.\Generated_Source\PSoC5/Bootloadable_1.c ****     else
 141:.\Generated_Source\PSoC5/Bootloadable_1.c ****     {
 142:.\Generated_Source\PSoC5/Bootloadable_1.c ****         /* If appID has same value as active application ID */
 143:.\Generated_Source\PSoC5/Bootloadable_1.c ****         if (1u == Bootloadable_1_GET_CODE_DATA(Bootloadable_1_MD_BTLDB_ACTIVE_OFFSET(appId)))
 144:.\Generated_Source\PSoC5/Bootloadable_1.c ****         {
 145:.\Generated_Source\PSoC5/Bootloadable_1.c ****             result = CYRET_BAD_PARAM;
 146:.\Generated_Source\PSoC5/Bootloadable_1.c ****         }
 147:.\Generated_Source\PSoC5/Bootloadable_1.c ****         else
 148:.\Generated_Source\PSoC5/Bootloadable_1.c ****         {
 149:.\Generated_Source\PSoC5/Bootloadable_1.c ****             /* Updating metadata section */
 150:.\Generated_Source\PSoC5/Bootloadable_1.c ****             for(idx = 0u; idx < Bootloadable_1_MAX_NUM_OF_BTLDB; idx++)
 151:.\Generated_Source\PSoC5/Bootloadable_1.c ****             {
 152:.\Generated_Source\PSoC5/Bootloadable_1.c ****                 result |= Bootloadable_1_WriteFlashByte((uint32) Bootloadable_1_MD_BTLDB_ACTIVE_OFF
 153:.\Generated_Source\PSoC5/Bootloadable_1.c ****                                                                                             (uint8)
 154:.\Generated_Source\PSoC5/Bootloadable_1.c ****             }
 155:.\Generated_Source\PSoC5/Bootloadable_1.c ****         }
 156:.\Generated_Source\PSoC5/Bootloadable_1.c ****     }
 157:.\Generated_Source\PSoC5/Bootloadable_1.c ****     
 158:.\Generated_Source\PSoC5/Bootloadable_1.c ****     return (result);
 159:.\Generated_Source\PSoC5/Bootloadable_1.c **** }
 160:.\Generated_Source\PSoC5/Bootloadable_1.c **** 
 161:.\Generated_Source\PSoC5/Bootloadable_1.c **** /*******************************************************************************
 162:.\Generated_Source\PSoC5/Bootloadable_1.c **** * Function Name: Bootloadable_1_WriteFlashByte
 163:.\Generated_Source\PSoC5/Bootloadable_1.c **** ****************************************************************************//**
 164:.\Generated_Source\PSoC5/Bootloadable_1.c **** *
 165:.\Generated_Source\PSoC5/Bootloadable_1.c **** * \brief 
 166:.\Generated_Source\PSoC5/Bootloadable_1.c **** *   This API writes to flash the specified data.
 167:.\Generated_Source\PSoC5/Bootloadable_1.c **** *
 168:.\Generated_Source\PSoC5/Bootloadable_1.c **** * \param address 
 169:.\Generated_Source\PSoC5/Bootloadable_1.c **** *   The address in flash.
 170:.\Generated_Source\PSoC5/Bootloadable_1.c **** *
 171:.\Generated_Source\PSoC5/Bootloadable_1.c **** * \param inputValue 
 172:.\Generated_Source\PSoC5/Bootloadable_1.c **** *   One-byte data.
 173:.\Generated_Source\PSoC5/Bootloadable_1.c **** *
 174:.\Generated_Source\PSoC5/Bootloadable_1.c **** * \return 
 175:.\Generated_Source\PSoC5/Bootloadable_1.c **** *   A status of the writing to flash procedure.
 176:.\Generated_Source\PSoC5/Bootloadable_1.c **** *
 177:.\Generated_Source\PSoC5/Bootloadable_1.c **** *******************************************************************************/
 178:.\Generated_Source\PSoC5/Bootloadable_1.c **** static cystatus Bootloadable_1_WriteFlashByte(const uint32 address, const uint8 inputValue) CYLARGE
 179:.\Generated_Source\PSoC5/Bootloadable_1.c ****                                
 180:.\Generated_Source\PSoC5/Bootloadable_1.c **** {
 181:.\Generated_Source\PSoC5/Bootloadable_1.c ****     cystatus result = CYRET_SUCCESS;
 182:.\Generated_Source\PSoC5/Bootloadable_1.c ****     uint32 flsAddr = address - CYDEV_FLASH_BASE;
 183:.\Generated_Source\PSoC5/Bootloadable_1.c ****     uint8  rowData[CYDEV_FLS_ROW_SIZE];
 184:.\Generated_Source\PSoC5/Bootloadable_1.c **** 
 185:.\Generated_Source\PSoC5/Bootloadable_1.c ****     #if !(CY_PSOC4)
 186:.\Generated_Source\PSoC5/Bootloadable_1.c ****         uint8 arrayId = ( uint8 )(flsAddr / CYDEV_FLS_SECTOR_SIZE);
ARM GAS  C:\Users\Thomas\AppData\Local\Temp\ccYVaFFQ.s 			page 20


 187:.\Generated_Source\PSoC5/Bootloadable_1.c ****     #endif  /* !(CY_PSOC4) */
 188:.\Generated_Source\PSoC5/Bootloadable_1.c **** 
 189:.\Generated_Source\PSoC5/Bootloadable_1.c ****     #if (CY_PSOC4)
 190:.\Generated_Source\PSoC5/Bootloadable_1.c ****         uint16 rowNum = ( uint16 )(flsAddr / CYDEV_FLS_ROW_SIZE);
 191:.\Generated_Source\PSoC5/Bootloadable_1.c ****     #else
 192:.\Generated_Source\PSoC5/Bootloadable_1.c ****         uint16 rowNum = ( uint16 )((flsAddr % CYDEV_FLS_SECTOR_SIZE) / CYDEV_FLS_ROW_SIZE);
 193:.\Generated_Source\PSoC5/Bootloadable_1.c ****     #endif  /* (CY_PSOC4) */
 194:.\Generated_Source\PSoC5/Bootloadable_1.c **** 
 195:.\Generated_Source\PSoC5/Bootloadable_1.c ****     uint32 baseAddr = address - (address % CYDEV_FLS_ROW_SIZE);
 196:.\Generated_Source\PSoC5/Bootloadable_1.c ****     uint16 idx;
 197:.\Generated_Source\PSoC5/Bootloadable_1.c **** 
 198:.\Generated_Source\PSoC5/Bootloadable_1.c ****     for(idx = 0u; idx < CYDEV_FLS_ROW_SIZE; idx++)
 199:.\Generated_Source\PSoC5/Bootloadable_1.c ****     {
 200:.\Generated_Source\PSoC5/Bootloadable_1.c ****         rowData[idx] = (uint8)Bootloadable_1_GET_CODE_DATA(baseAddr + idx);
 201:.\Generated_Source\PSoC5/Bootloadable_1.c ****     }
 202:.\Generated_Source\PSoC5/Bootloadable_1.c **** 
 203:.\Generated_Source\PSoC5/Bootloadable_1.c ****     rowData[address % CYDEV_FLS_ROW_SIZE] = inputValue;
 204:.\Generated_Source\PSoC5/Bootloadable_1.c **** 
 205:.\Generated_Source\PSoC5/Bootloadable_1.c ****     #if(CY_PSOC4)
 206:.\Generated_Source\PSoC5/Bootloadable_1.c ****         result = CySysFlashWriteRow((uint32) rowNum, rowData);
 207:.\Generated_Source\PSoC5/Bootloadable_1.c ****     #else
 208:.\Generated_Source\PSoC5/Bootloadable_1.c ****         result = CyWriteRowData(arrayId, rowNum, rowData);
 209:.\Generated_Source\PSoC5/Bootloadable_1.c ****     #endif  /* (CY_PSOC4) */
 210:.\Generated_Source\PSoC5/Bootloadable_1.c **** 
 211:.\Generated_Source\PSoC5/Bootloadable_1.c ****     #if(CY_PSOC5)
 212:.\Generated_Source\PSoC5/Bootloadable_1.c ****         /***************************************************************************
 213:.\Generated_Source\PSoC5/Bootloadable_1.c ****         * When writing to flash, data in the instruction cache can become stale.
 214:.\Generated_Source\PSoC5/Bootloadable_1.c ****         * Therefore, the cache data does not correlate to the data just written to
 215:.\Generated_Source\PSoC5/Bootloadable_1.c ****         * flash. A call to CyFlushCache() is required to invalidate the data in the
 216:.\Generated_Source\PSoC5/Bootloadable_1.c ****         * cache and force fresh information to be loaded from flash.
 217:.\Generated_Source\PSoC5/Bootloadable_1.c ****         ***************************************************************************/
 218:.\Generated_Source\PSoC5/Bootloadable_1.c ****         CyFlushCache();
 219:.\Generated_Source\PSoC5/Bootloadable_1.c ****     #endif /* (CY_PSOC5) */
 220:.\Generated_Source\PSoC5/Bootloadable_1.c ****     return (result);
 221:.\Generated_Source\PSoC5/Bootloadable_1.c **** }
 222:.\Generated_Source\PSoC5/Bootloadable_1.c **** #endif /*(CYDEV_PROJ_TYPE == CYDEV_PROJ_TYPE_LOADABLEANDBOOTLOADER)*/
 223:.\Generated_Source\PSoC5/Bootloadable_1.c **** /** @} functions_group */
 224:.\Generated_Source\PSoC5/Bootloadable_1.c **** 
 225:.\Generated_Source\PSoC5/Bootloadable_1.c **** /*******************************************************************************
 226:.\Generated_Source\PSoC5/Bootloadable_1.c **** * The following code is OBSOLETE and must not be used.
 227:.\Generated_Source\PSoC5/Bootloadable_1.c **** *******************************************************************************/
 228:.\Generated_Source\PSoC5/Bootloadable_1.c **** void Bootloadable_1_SetFlashByte(uint32 address, uint8 runType) 
 229:.\Generated_Source\PSoC5/Bootloadable_1.c **** {
 251              		.loc 1 229 0
 252              		.cfi_startproc
 253              		@ args = 0, pretend = 0, frame = 256
 254              		@ frame_needed = 0, uses_anonymous_args = 0
 255              	.LVL1:
 256 0000 30B5     		push	{r4, r5, lr}
 257              		.cfi_def_cfa_offset 12
 258              		.cfi_offset 4, -12
 259              		.cfi_offset 5, -8
 260              		.cfi_offset 14, -4
 261 0002 0446     		mov	r4, r0
 262              	.LVL2:
 263 0004 0D46     		mov	r5, r1
 264 0006 C1B0     		sub	sp, sp, #260
ARM GAS  C:\Users\Thomas\AppData\Local\Temp\ccYVaFFQ.s 			page 21


 265              		.cfi_def_cfa_offset 272
 266 0008 20F0FF01 		bic	r1, r0, #255
 267              	.LVL3:
 268 000c 4FF48072 		mov	r2, #256
 269 0010 6846     		mov	r0, sp
 270              	.LVL4:
 271 0012 FFF7FEFF 		bl	memmove
 272              	.LVL5:
 230:.\Generated_Source\PSoC5/Bootloadable_1.c ****     uint32 flsAddr = address - CYDEV_FLASH_BASE;
 231:.\Generated_Source\PSoC5/Bootloadable_1.c ****     uint8  rowData[CYDEV_FLS_ROW_SIZE];
 232:.\Generated_Source\PSoC5/Bootloadable_1.c **** 
 233:.\Generated_Source\PSoC5/Bootloadable_1.c ****     #if !(CY_PSOC4)
 234:.\Generated_Source\PSoC5/Bootloadable_1.c ****         uint8 arrayId = ( uint8 )(flsAddr / CYDEV_FLS_SECTOR_SIZE);
 235:.\Generated_Source\PSoC5/Bootloadable_1.c ****     #endif  /* !(CY_PSOC4) */
 236:.\Generated_Source\PSoC5/Bootloadable_1.c **** 
 237:.\Generated_Source\PSoC5/Bootloadable_1.c ****     #if (CY_PSOC4)
 238:.\Generated_Source\PSoC5/Bootloadable_1.c ****         uint16 rowNum = ( uint16 )(flsAddr / CYDEV_FLS_ROW_SIZE);
 239:.\Generated_Source\PSoC5/Bootloadable_1.c ****     #else
 240:.\Generated_Source\PSoC5/Bootloadable_1.c ****         uint16 rowNum = ( uint16 )((flsAddr % CYDEV_FLS_SECTOR_SIZE) / CYDEV_FLS_ROW_SIZE);
 241:.\Generated_Source\PSoC5/Bootloadable_1.c ****     #endif  /* (CY_PSOC4) */
 242:.\Generated_Source\PSoC5/Bootloadable_1.c **** 
 243:.\Generated_Source\PSoC5/Bootloadable_1.c ****     uint32 baseAddr = address - (address % CYDEV_FLS_ROW_SIZE);
 244:.\Generated_Source\PSoC5/Bootloadable_1.c ****     uint16 idx;
 245:.\Generated_Source\PSoC5/Bootloadable_1.c **** 
 246:.\Generated_Source\PSoC5/Bootloadable_1.c **** 
 247:.\Generated_Source\PSoC5/Bootloadable_1.c ****     for (idx = 0u; idx < CYDEV_FLS_ROW_SIZE; idx++)
 248:.\Generated_Source\PSoC5/Bootloadable_1.c ****     {
 249:.\Generated_Source\PSoC5/Bootloadable_1.c ****         rowData[idx] = Bootloadable_1_GET_CODE_DATA(baseAddr + idx);
 250:.\Generated_Source\PSoC5/Bootloadable_1.c ****     }
 251:.\Generated_Source\PSoC5/Bootloadable_1.c ****     rowData[address % CYDEV_FLS_ROW_SIZE] = runType;
 273              		.loc 1 251 0
 274 0016 E3B2     		uxtb	r3, r4
 252:.\Generated_Source\PSoC5/Bootloadable_1.c **** 
 253:.\Generated_Source\PSoC5/Bootloadable_1.c ****     #if(CY_PSOC4)
 254:.\Generated_Source\PSoC5/Bootloadable_1.c ****         (void) CySysFlashWriteRow((uint32) rowNum, rowData);
 255:.\Generated_Source\PSoC5/Bootloadable_1.c ****     #else
 256:.\Generated_Source\PSoC5/Bootloadable_1.c ****         (void) CyWriteRowData(arrayId, rowNum, rowData);
 275              		.loc 1 256 0
 276 0018 6A46     		mov	r2, sp
 277 001a C4F30721 		ubfx	r1, r4, #8, #8
 278 001e C4F30740 		ubfx	r0, r4, #16, #8
 251:.\Generated_Source\PSoC5/Bootloadable_1.c **** 
 279              		.loc 1 251 0
 280 0022 0DF80350 		strb	r5, [sp, r3]
 281              		.loc 1 256 0
 282 0026 FFF7FEFF 		bl	CyWriteRowData
 283              	.LVL6:
 257:.\Generated_Source\PSoC5/Bootloadable_1.c ****     #endif  /* (CY_PSOC4) */
 258:.\Generated_Source\PSoC5/Bootloadable_1.c **** 
 259:.\Generated_Source\PSoC5/Bootloadable_1.c ****     #if(CY_PSOC5)
 260:.\Generated_Source\PSoC5/Bootloadable_1.c ****         /***************************************************************************
 261:.\Generated_Source\PSoC5/Bootloadable_1.c ****         * When writing to flash, data in the instruction cache can become obsolete.
 262:.\Generated_Source\PSoC5/Bootloadable_1.c ****         * Therefore, the cache data does not correlate to the data just written to
 263:.\Generated_Source\PSoC5/Bootloadable_1.c ****         * flash. A call to CyFlushCache() is required to invalidate the data in the
 264:.\Generated_Source\PSoC5/Bootloadable_1.c ****         * cache and force fresh information to be loaded from flash.
 265:.\Generated_Source\PSoC5/Bootloadable_1.c ****         ***************************************************************************/
 266:.\Generated_Source\PSoC5/Bootloadable_1.c ****         CyFlushCache();
ARM GAS  C:\Users\Thomas\AppData\Local\Temp\ccYVaFFQ.s 			page 22


 284              		.loc 1 266 0
 285 002a FFF7FEFF 		bl	CyFlushCache
 286              	.LVL7:
 267:.\Generated_Source\PSoC5/Bootloadable_1.c ****     #endif /* (CY_PSOC5) */
 268:.\Generated_Source\PSoC5/Bootloadable_1.c **** }
 287              		.loc 1 268 0
 288 002e 41B0     		add	sp, sp, #260
 289              		.cfi_def_cfa_offset 12
 290              		@ sp needed
 291 0030 30BD     		pop	{r4, r5, pc}
 292              		.cfi_endproc
 293              	.LFE1:
 294              		.size	Bootloadable_1_SetFlashByte, .-Bootloadable_1_SetFlashByte
 295 0032 00BF     		.text
 296              	.Letext0:
 297              		.file 2 ".\\Generated_Source\\PSoC5\\cytypes.h"
 298              		.file 3 ".\\Generated_Source\\PSoC5\\CyLib.h"
 299              		.file 4 "<built-in>"
 300              		.file 5 ".\\Generated_Source\\PSoC5\\CyFlash.h"
 301              		.section	.debug_info,"",%progbits
 302              	.Ldebug_info0:
 303 0000 3D020000 		.4byte	0x23d
 304 0004 0400     		.2byte	0x4
 305 0006 00000000 		.4byte	.Ldebug_abbrev0
 306 000a 04       		.byte	0x4
 307 000b 01       		.uleb128 0x1
 308 000c 34010000 		.4byte	.LASF29
 309 0010 01       		.byte	0x1
 310 0011 EA010000 		.4byte	.LASF30
 311 0015 73000000 		.4byte	.LASF31
 312 0019 00000000 		.4byte	.Ldebug_ranges0+0
 313 001d 00000000 		.4byte	0
 314 0021 00000000 		.4byte	.Ldebug_line0
 315 0025 02       		.uleb128 0x2
 316 0026 01       		.byte	0x1
 317 0027 06       		.byte	0x6
 318 0028 2D020000 		.4byte	.LASF0
 319 002c 02       		.uleb128 0x2
 320 002d 01       		.byte	0x1
 321 002e 08       		.byte	0x8
 322 002f 31000000 		.4byte	.LASF1
 323 0033 02       		.uleb128 0x2
 324 0034 02       		.byte	0x2
 325 0035 05       		.byte	0x5
 326 0036 E0010000 		.4byte	.LASF2
 327 003a 02       		.uleb128 0x2
 328 003b 02       		.byte	0x2
 329 003c 07       		.byte	0x7
 330 003d 18000000 		.4byte	.LASF3
 331 0041 02       		.uleb128 0x2
 332 0042 04       		.byte	0x4
 333 0043 05       		.byte	0x5
 334 0044 24020000 		.4byte	.LASF4
 335 0048 02       		.uleb128 0x2
 336 0049 04       		.byte	0x4
 337 004a 07       		.byte	0x7
 338 004b 4C000000 		.4byte	.LASF5
ARM GAS  C:\Users\Thomas\AppData\Local\Temp\ccYVaFFQ.s 			page 23


 339 004f 02       		.uleb128 0x2
 340 0050 08       		.byte	0x8
 341 0051 05       		.byte	0x5
 342 0052 26010000 		.4byte	.LASF6
 343 0056 02       		.uleb128 0x2
 344 0057 08       		.byte	0x8
 345 0058 07       		.byte	0x7
 346 0059 F5000000 		.4byte	.LASF7
 347 005d 03       		.uleb128 0x3
 348 005e 04       		.byte	0x4
 349 005f 05       		.byte	0x5
 350 0060 696E7400 		.ascii	"int\000"
 351 0064 02       		.uleb128 0x2
 352 0065 04       		.byte	0x4
 353 0066 07       		.byte	0x7
 354 0067 C4000000 		.4byte	.LASF8
 355 006b 04       		.uleb128 0x4
 356 006c 5E000000 		.4byte	.LASF9
 357 0070 02       		.byte	0x2
 358 0071 9201     		.2byte	0x192
 359 0073 2C000000 		.4byte	0x2c
 360 0077 04       		.uleb128 0x4
 361 0078 B6000000 		.4byte	.LASF10
 362 007c 02       		.byte	0x2
 363 007d 9301     		.2byte	0x193
 364 007f 3A000000 		.4byte	0x3a
 365 0083 04       		.uleb128 0x4
 366 0084 BD000000 		.4byte	.LASF11
 367 0088 02       		.byte	0x2
 368 0089 9401     		.2byte	0x194
 369 008b 48000000 		.4byte	0x48
 370 008f 02       		.uleb128 0x2
 371 0090 04       		.byte	0x4
 372 0091 04       		.byte	0x4
 373 0092 2B000000 		.4byte	.LASF12
 374 0096 02       		.uleb128 0x2
 375 0097 08       		.byte	0x8
 376 0098 04       		.byte	0x4
 377 0099 6C000000 		.4byte	.LASF13
 378 009d 02       		.uleb128 0x2
 379 009e 01       		.byte	0x1
 380 009f 08       		.byte	0x8
 381 00a0 DB010000 		.4byte	.LASF14
 382 00a4 04       		.uleb128 0x4
 383 00a5 00000000 		.4byte	.LASF15
 384 00a9 02       		.byte	0x2
 385 00aa 3402     		.2byte	0x234
 386 00ac 48000000 		.4byte	0x48
 387 00b0 04       		.uleb128 0x4
 388 00b1 47000000 		.4byte	.LASF16
 389 00b5 02       		.byte	0x2
 390 00b6 3C02     		.2byte	0x23c
 391 00b8 BC000000 		.4byte	0xbc
 392 00bc 05       		.uleb128 0x5
 393 00bd 6B000000 		.4byte	0x6b
 394 00c1 02       		.uleb128 0x2
 395 00c2 04       		.byte	0x4
ARM GAS  C:\Users\Thomas\AppData\Local\Temp\ccYVaFFQ.s 			page 24


 396 00c3 07       		.byte	0x7
 397 00c4 1D010000 		.4byte	.LASF17
 398 00c8 06       		.uleb128 0x6
 399 00c9 04       		.byte	0x4
 400 00ca 07       		.uleb128 0x7
 401 00cb 55020000 		.4byte	.LASF18
 402 00cf 01       		.byte	0x1
 403 00d0 29       		.byte	0x29
 404 00d1 00000000 		.4byte	.LFB0
 405 00d5 10000000 		.4byte	.LFE0-.LFB0
 406 00d9 01       		.uleb128 0x1
 407 00da 9C       		.byte	0x9c
 408 00db E9000000 		.4byte	0xe9
 409 00df 08       		.uleb128 0x8
 410 00e0 0A000000 		.4byte	.LVL0
 411 00e4 DE010000 		.4byte	0x1de
 412 00e8 00       		.byte	0
 413 00e9 07       		.uleb128 0x7
 414 00ea D1000000 		.4byte	.LASF19
 415 00ee 01       		.byte	0x1
 416 00ef E4       		.byte	0xe4
 417 00f0 00000000 		.4byte	.LFB1
 418 00f4 32000000 		.4byte	.LFE1-.LFB1
 419 00f8 01       		.uleb128 0x1
 420 00f9 9C       		.byte	0x9c
 421 00fa CE010000 		.4byte	0x1ce
 422 00fe 09       		.uleb128 0x9
 423 00ff ED000000 		.4byte	.LASF20
 424 0103 01       		.byte	0x1
 425 0104 E4       		.byte	0xe4
 426 0105 83000000 		.4byte	0x83
 427 0109 00000000 		.4byte	.LLST0
 428 010d 09       		.uleb128 0x9
 429 010e 0C010000 		.4byte	.LASF21
 430 0112 01       		.byte	0x1
 431 0113 E4       		.byte	0xe4
 432 0114 6B000000 		.4byte	0x6b
 433 0118 1E000000 		.4byte	.LLST1
 434 011c 0A       		.uleb128 0xa
 435 011d AE000000 		.4byte	.LASF22
 436 0121 01       		.byte	0x1
 437 0122 E6       		.byte	0xe6
 438 0123 83000000 		.4byte	0x83
 439 0127 3F000000 		.4byte	.LLST2
 440 012b 0B       		.uleb128 0xb
 441 012c 3F000000 		.4byte	.LASF23
 442 0130 01       		.byte	0x1
 443 0131 E7       		.byte	0xe7
 444 0132 CE010000 		.4byte	0x1ce
 445 0136 03       		.uleb128 0x3
 446 0137 91       		.byte	0x91
 447 0138 F07D     		.sleb128 -272
 448 013a 0A       		.uleb128 0xa
 449 013b 64000000 		.4byte	.LASF24
 450 013f 01       		.byte	0x1
 451 0140 EA       		.byte	0xea
 452 0141 6B000000 		.4byte	0x6b
ARM GAS  C:\Users\Thomas\AppData\Local\Temp\ccYVaFFQ.s 			page 25


 453 0145 5D000000 		.4byte	.LLST3
 454 0149 0A       		.uleb128 0xa
 455 014a 11000000 		.4byte	.LASF25
 456 014e 01       		.byte	0x1
 457 014f F0       		.byte	0xf0
 458 0150 77000000 		.4byte	0x77
 459 0154 83000000 		.4byte	.LLST4
 460 0158 0A       		.uleb128 0xa
 461 0159 14010000 		.4byte	.LASF26
 462 015d 01       		.byte	0x1
 463 015e F3       		.byte	0xf3
 464 015f 83000000 		.4byte	0x83
 465 0163 B1000000 		.4byte	.LLST5
 466 0167 0C       		.uleb128 0xc
 467 0168 69647800 		.ascii	"idx\000"
 468 016c 01       		.byte	0x1
 469 016d F4       		.byte	0xf4
 470 016e 77000000 		.4byte	0x77
 471 0172 00       		.byte	0
 472 0173 0D       		.uleb128 0xd
 473 0174 16000000 		.4byte	.LVL5
 474 0178 E5010000 		.4byte	0x1e5
 475 017c 98010000 		.4byte	0x198
 476 0180 0E       		.uleb128 0xe
 477 0181 01       		.uleb128 0x1
 478 0182 52       		.byte	0x52
 479 0183 03       		.uleb128 0x3
 480 0184 0A       		.byte	0xa
 481 0185 0001     		.2byte	0x100
 482 0187 0E       		.uleb128 0xe
 483 0188 01       		.uleb128 0x1
 484 0189 51       		.byte	0x51
 485 018a 06       		.uleb128 0x6
 486 018b 74       		.byte	0x74
 487 018c 00       		.sleb128 0
 488 018d 0B       		.byte	0xb
 489 018e 00FF     		.2byte	0xff00
 490 0190 1A       		.byte	0x1a
 491 0191 0E       		.uleb128 0xe
 492 0192 01       		.uleb128 0x1
 493 0193 50       		.byte	0x50
 494 0194 02       		.uleb128 0x2
 495 0195 7D       		.byte	0x7d
 496 0196 00       		.sleb128 0
 497 0197 00       		.byte	0
 498 0198 0D       		.uleb128 0xd
 499 0199 2A000000 		.4byte	.LVL6
 500 019d 0F020000 		.4byte	0x20f
 501 01a1 C4010000 		.4byte	0x1c4
 502 01a5 0E       		.uleb128 0xe
 503 01a6 01       		.uleb128 0x1
 504 01a7 52       		.byte	0x52
 505 01a8 02       		.uleb128 0x2
 506 01a9 7D       		.byte	0x7d
 507 01aa 00       		.sleb128 0
 508 01ab 0E       		.uleb128 0xe
 509 01ac 01       		.uleb128 0x1
ARM GAS  C:\Users\Thomas\AppData\Local\Temp\ccYVaFFQ.s 			page 26


 510 01ad 51       		.byte	0x51
 511 01ae 08       		.uleb128 0x8
 512 01af 74       		.byte	0x74
 513 01b0 00       		.sleb128 0
 514 01b1 09       		.byte	0x9
 515 01b2 F4       		.byte	0xf4
 516 01b3 24       		.byte	0x24
 517 01b4 09       		.byte	0x9
 518 01b5 FC       		.byte	0xfc
 519 01b6 25       		.byte	0x25
 520 01b7 0E       		.uleb128 0xe
 521 01b8 01       		.uleb128 0x1
 522 01b9 50       		.byte	0x50
 523 01ba 08       		.uleb128 0x8
 524 01bb 74       		.byte	0x74
 525 01bc 00       		.sleb128 0
 526 01bd 09       		.byte	0x9
 527 01be EC       		.byte	0xec
 528 01bf 24       		.byte	0x24
 529 01c0 09       		.byte	0x9
 530 01c1 FC       		.byte	0xfc
 531 01c2 25       		.byte	0x25
 532 01c3 00       		.byte	0
 533 01c4 0F       		.uleb128 0xf
 534 01c5 2E000000 		.4byte	.LVL7
 535 01c9 39020000 		.4byte	0x239
 536 01cd 00       		.byte	0
 537 01ce 10       		.uleb128 0x10
 538 01cf 6B000000 		.4byte	0x6b
 539 01d3 DE010000 		.4byte	0x1de
 540 01d7 11       		.uleb128 0x11
 541 01d8 C1000000 		.4byte	0xc1
 542 01dc FF       		.byte	0xff
 543 01dd 00       		.byte	0
 544 01de 12       		.uleb128 0x12
 545 01df 14020000 		.4byte	.LASF27
 546 01e3 03       		.byte	0x3
 547 01e4 7B       		.byte	0x7b
 548 01e5 13       		.uleb128 0x13
 549 01e6 09000000 		.4byte	.LASF32
 550 01ea 04       		.byte	0x4
 551 01eb 00       		.byte	0
 552 01ec 09000000 		.4byte	.LASF32
 553 01f0 C8000000 		.4byte	0xc8
 554 01f4 08020000 		.4byte	0x208
 555 01f8 14       		.uleb128 0x14
 556 01f9 C8000000 		.4byte	0xc8
 557 01fd 14       		.uleb128 0x14
 558 01fe 08020000 		.4byte	0x208
 559 0202 14       		.uleb128 0x14
 560 0203 64000000 		.4byte	0x64
 561 0207 00       		.byte	0
 562 0208 15       		.uleb128 0x15
 563 0209 04       		.byte	0x4
 564 020a 0E020000 		.4byte	0x20e
 565 020e 16       		.uleb128 0x16
 566 020f 17       		.uleb128 0x17
ARM GAS  C:\Users\Thomas\AppData\Local\Temp\ccYVaFFQ.s 			page 27


 567 0210 46020000 		.4byte	.LASF33
 568 0214 05       		.byte	0x5
 569 0215 49       		.byte	0x49
 570 0216 A4000000 		.4byte	0xa4
 571 021a 2E020000 		.4byte	0x22e
 572 021e 14       		.uleb128 0x14
 573 021f 6B000000 		.4byte	0x6b
 574 0223 14       		.uleb128 0x14
 575 0224 77000000 		.4byte	0x77
 576 0228 14       		.uleb128 0x14
 577 0229 2E020000 		.4byte	0x22e
 578 022d 00       		.byte	0
 579 022e 15       		.uleb128 0x15
 580 022f 04       		.byte	0x4
 581 0230 34020000 		.4byte	0x234
 582 0234 18       		.uleb128 0x18
 583 0235 6B000000 		.4byte	0x6b
 584 0239 12       		.uleb128 0x12
 585 023a 39020000 		.4byte	.LASF28
 586 023e 03       		.byte	0x3
 587 023f 95       		.byte	0x95
 588 0240 00       		.byte	0
 589              		.section	.debug_abbrev,"",%progbits
 590              	.Ldebug_abbrev0:
 591 0000 01       		.uleb128 0x1
 592 0001 11       		.uleb128 0x11
 593 0002 01       		.byte	0x1
 594 0003 25       		.uleb128 0x25
 595 0004 0E       		.uleb128 0xe
 596 0005 13       		.uleb128 0x13
 597 0006 0B       		.uleb128 0xb
 598 0007 03       		.uleb128 0x3
 599 0008 0E       		.uleb128 0xe
 600 0009 1B       		.uleb128 0x1b
 601 000a 0E       		.uleb128 0xe
 602 000b 55       		.uleb128 0x55
 603 000c 17       		.uleb128 0x17
 604 000d 11       		.uleb128 0x11
 605 000e 01       		.uleb128 0x1
 606 000f 10       		.uleb128 0x10
 607 0010 17       		.uleb128 0x17
 608 0011 00       		.byte	0
 609 0012 00       		.byte	0
 610 0013 02       		.uleb128 0x2
 611 0014 24       		.uleb128 0x24
 612 0015 00       		.byte	0
 613 0016 0B       		.uleb128 0xb
 614 0017 0B       		.uleb128 0xb
 615 0018 3E       		.uleb128 0x3e
 616 0019 0B       		.uleb128 0xb
 617 001a 03       		.uleb128 0x3
 618 001b 0E       		.uleb128 0xe
 619 001c 00       		.byte	0
 620 001d 00       		.byte	0
 621 001e 03       		.uleb128 0x3
 622 001f 24       		.uleb128 0x24
 623 0020 00       		.byte	0
ARM GAS  C:\Users\Thomas\AppData\Local\Temp\ccYVaFFQ.s 			page 28


 624 0021 0B       		.uleb128 0xb
 625 0022 0B       		.uleb128 0xb
 626 0023 3E       		.uleb128 0x3e
 627 0024 0B       		.uleb128 0xb
 628 0025 03       		.uleb128 0x3
 629 0026 08       		.uleb128 0x8
 630 0027 00       		.byte	0
 631 0028 00       		.byte	0
 632 0029 04       		.uleb128 0x4
 633 002a 16       		.uleb128 0x16
 634 002b 00       		.byte	0
 635 002c 03       		.uleb128 0x3
 636 002d 0E       		.uleb128 0xe
 637 002e 3A       		.uleb128 0x3a
 638 002f 0B       		.uleb128 0xb
 639 0030 3B       		.uleb128 0x3b
 640 0031 05       		.uleb128 0x5
 641 0032 49       		.uleb128 0x49
 642 0033 13       		.uleb128 0x13
 643 0034 00       		.byte	0
 644 0035 00       		.byte	0
 645 0036 05       		.uleb128 0x5
 646 0037 35       		.uleb128 0x35
 647 0038 00       		.byte	0
 648 0039 49       		.uleb128 0x49
 649 003a 13       		.uleb128 0x13
 650 003b 00       		.byte	0
 651 003c 00       		.byte	0
 652 003d 06       		.uleb128 0x6
 653 003e 0F       		.uleb128 0xf
 654 003f 00       		.byte	0
 655 0040 0B       		.uleb128 0xb
 656 0041 0B       		.uleb128 0xb
 657 0042 00       		.byte	0
 658 0043 00       		.byte	0
 659 0044 07       		.uleb128 0x7
 660 0045 2E       		.uleb128 0x2e
 661 0046 01       		.byte	0x1
 662 0047 3F       		.uleb128 0x3f
 663 0048 19       		.uleb128 0x19
 664 0049 03       		.uleb128 0x3
 665 004a 0E       		.uleb128 0xe
 666 004b 3A       		.uleb128 0x3a
 667 004c 0B       		.uleb128 0xb
 668 004d 3B       		.uleb128 0x3b
 669 004e 0B       		.uleb128 0xb
 670 004f 27       		.uleb128 0x27
 671 0050 19       		.uleb128 0x19
 672 0051 11       		.uleb128 0x11
 673 0052 01       		.uleb128 0x1
 674 0053 12       		.uleb128 0x12
 675 0054 06       		.uleb128 0x6
 676 0055 40       		.uleb128 0x40
 677 0056 18       		.uleb128 0x18
 678 0057 9742     		.uleb128 0x2117
 679 0059 19       		.uleb128 0x19
 680 005a 01       		.uleb128 0x1
ARM GAS  C:\Users\Thomas\AppData\Local\Temp\ccYVaFFQ.s 			page 29


 681 005b 13       		.uleb128 0x13
 682 005c 00       		.byte	0
 683 005d 00       		.byte	0
 684 005e 08       		.uleb128 0x8
 685 005f 898201   		.uleb128 0x4109
 686 0062 00       		.byte	0
 687 0063 11       		.uleb128 0x11
 688 0064 01       		.uleb128 0x1
 689 0065 9542     		.uleb128 0x2115
 690 0067 19       		.uleb128 0x19
 691 0068 31       		.uleb128 0x31
 692 0069 13       		.uleb128 0x13
 693 006a 00       		.byte	0
 694 006b 00       		.byte	0
 695 006c 09       		.uleb128 0x9
 696 006d 05       		.uleb128 0x5
 697 006e 00       		.byte	0
 698 006f 03       		.uleb128 0x3
 699 0070 0E       		.uleb128 0xe
 700 0071 3A       		.uleb128 0x3a
 701 0072 0B       		.uleb128 0xb
 702 0073 3B       		.uleb128 0x3b
 703 0074 0B       		.uleb128 0xb
 704 0075 49       		.uleb128 0x49
 705 0076 13       		.uleb128 0x13
 706 0077 02       		.uleb128 0x2
 707 0078 17       		.uleb128 0x17
 708 0079 00       		.byte	0
 709 007a 00       		.byte	0
 710 007b 0A       		.uleb128 0xa
 711 007c 34       		.uleb128 0x34
 712 007d 00       		.byte	0
 713 007e 03       		.uleb128 0x3
 714 007f 0E       		.uleb128 0xe
 715 0080 3A       		.uleb128 0x3a
 716 0081 0B       		.uleb128 0xb
 717 0082 3B       		.uleb128 0x3b
 718 0083 0B       		.uleb128 0xb
 719 0084 49       		.uleb128 0x49
 720 0085 13       		.uleb128 0x13
 721 0086 02       		.uleb128 0x2
 722 0087 17       		.uleb128 0x17
 723 0088 00       		.byte	0
 724 0089 00       		.byte	0
 725 008a 0B       		.uleb128 0xb
 726 008b 34       		.uleb128 0x34
 727 008c 00       		.byte	0
 728 008d 03       		.uleb128 0x3
 729 008e 0E       		.uleb128 0xe
 730 008f 3A       		.uleb128 0x3a
 731 0090 0B       		.uleb128 0xb
 732 0091 3B       		.uleb128 0x3b
 733 0092 0B       		.uleb128 0xb
 734 0093 49       		.uleb128 0x49
 735 0094 13       		.uleb128 0x13
 736 0095 02       		.uleb128 0x2
 737 0096 18       		.uleb128 0x18
ARM GAS  C:\Users\Thomas\AppData\Local\Temp\ccYVaFFQ.s 			page 30


 738 0097 00       		.byte	0
 739 0098 00       		.byte	0
 740 0099 0C       		.uleb128 0xc
 741 009a 34       		.uleb128 0x34
 742 009b 00       		.byte	0
 743 009c 03       		.uleb128 0x3
 744 009d 08       		.uleb128 0x8
 745 009e 3A       		.uleb128 0x3a
 746 009f 0B       		.uleb128 0xb
 747 00a0 3B       		.uleb128 0x3b
 748 00a1 0B       		.uleb128 0xb
 749 00a2 49       		.uleb128 0x49
 750 00a3 13       		.uleb128 0x13
 751 00a4 1C       		.uleb128 0x1c
 752 00a5 0B       		.uleb128 0xb
 753 00a6 00       		.byte	0
 754 00a7 00       		.byte	0
 755 00a8 0D       		.uleb128 0xd
 756 00a9 898201   		.uleb128 0x4109
 757 00ac 01       		.byte	0x1
 758 00ad 11       		.uleb128 0x11
 759 00ae 01       		.uleb128 0x1
 760 00af 31       		.uleb128 0x31
 761 00b0 13       		.uleb128 0x13
 762 00b1 01       		.uleb128 0x1
 763 00b2 13       		.uleb128 0x13
 764 00b3 00       		.byte	0
 765 00b4 00       		.byte	0
 766 00b5 0E       		.uleb128 0xe
 767 00b6 8A8201   		.uleb128 0x410a
 768 00b9 00       		.byte	0
 769 00ba 02       		.uleb128 0x2
 770 00bb 18       		.uleb128 0x18
 771 00bc 9142     		.uleb128 0x2111
 772 00be 18       		.uleb128 0x18
 773 00bf 00       		.byte	0
 774 00c0 00       		.byte	0
 775 00c1 0F       		.uleb128 0xf
 776 00c2 898201   		.uleb128 0x4109
 777 00c5 00       		.byte	0
 778 00c6 11       		.uleb128 0x11
 779 00c7 01       		.uleb128 0x1
 780 00c8 31       		.uleb128 0x31
 781 00c9 13       		.uleb128 0x13
 782 00ca 00       		.byte	0
 783 00cb 00       		.byte	0
 784 00cc 10       		.uleb128 0x10
 785 00cd 01       		.uleb128 0x1
 786 00ce 01       		.byte	0x1
 787 00cf 49       		.uleb128 0x49
 788 00d0 13       		.uleb128 0x13
 789 00d1 01       		.uleb128 0x1
 790 00d2 13       		.uleb128 0x13
 791 00d3 00       		.byte	0
 792 00d4 00       		.byte	0
 793 00d5 11       		.uleb128 0x11
 794 00d6 21       		.uleb128 0x21
ARM GAS  C:\Users\Thomas\AppData\Local\Temp\ccYVaFFQ.s 			page 31


 795 00d7 00       		.byte	0
 796 00d8 49       		.uleb128 0x49
 797 00d9 13       		.uleb128 0x13
 798 00da 2F       		.uleb128 0x2f
 799 00db 0B       		.uleb128 0xb
 800 00dc 00       		.byte	0
 801 00dd 00       		.byte	0
 802 00de 12       		.uleb128 0x12
 803 00df 2E       		.uleb128 0x2e
 804 00e0 00       		.byte	0
 805 00e1 3F       		.uleb128 0x3f
 806 00e2 19       		.uleb128 0x19
 807 00e3 03       		.uleb128 0x3
 808 00e4 0E       		.uleb128 0xe
 809 00e5 3A       		.uleb128 0x3a
 810 00e6 0B       		.uleb128 0xb
 811 00e7 3B       		.uleb128 0x3b
 812 00e8 0B       		.uleb128 0xb
 813 00e9 27       		.uleb128 0x27
 814 00ea 19       		.uleb128 0x19
 815 00eb 3C       		.uleb128 0x3c
 816 00ec 19       		.uleb128 0x19
 817 00ed 00       		.byte	0
 818 00ee 00       		.byte	0
 819 00ef 13       		.uleb128 0x13
 820 00f0 2E       		.uleb128 0x2e
 821 00f1 01       		.byte	0x1
 822 00f2 3F       		.uleb128 0x3f
 823 00f3 19       		.uleb128 0x19
 824 00f4 03       		.uleb128 0x3
 825 00f5 0E       		.uleb128 0xe
 826 00f6 3A       		.uleb128 0x3a
 827 00f7 0B       		.uleb128 0xb
 828 00f8 3B       		.uleb128 0x3b
 829 00f9 0B       		.uleb128 0xb
 830 00fa 6E       		.uleb128 0x6e
 831 00fb 0E       		.uleb128 0xe
 832 00fc 27       		.uleb128 0x27
 833 00fd 19       		.uleb128 0x19
 834 00fe 49       		.uleb128 0x49
 835 00ff 13       		.uleb128 0x13
 836 0100 3C       		.uleb128 0x3c
 837 0101 19       		.uleb128 0x19
 838 0102 01       		.uleb128 0x1
 839 0103 13       		.uleb128 0x13
 840 0104 00       		.byte	0
 841 0105 00       		.byte	0
 842 0106 14       		.uleb128 0x14
 843 0107 05       		.uleb128 0x5
 844 0108 00       		.byte	0
 845 0109 49       		.uleb128 0x49
 846 010a 13       		.uleb128 0x13
 847 010b 00       		.byte	0
 848 010c 00       		.byte	0
 849 010d 15       		.uleb128 0x15
 850 010e 0F       		.uleb128 0xf
 851 010f 00       		.byte	0
ARM GAS  C:\Users\Thomas\AppData\Local\Temp\ccYVaFFQ.s 			page 32


 852 0110 0B       		.uleb128 0xb
 853 0111 0B       		.uleb128 0xb
 854 0112 49       		.uleb128 0x49
 855 0113 13       		.uleb128 0x13
 856 0114 00       		.byte	0
 857 0115 00       		.byte	0
 858 0116 16       		.uleb128 0x16
 859 0117 26       		.uleb128 0x26
 860 0118 00       		.byte	0
 861 0119 00       		.byte	0
 862 011a 00       		.byte	0
 863 011b 17       		.uleb128 0x17
 864 011c 2E       		.uleb128 0x2e
 865 011d 01       		.byte	0x1
 866 011e 3F       		.uleb128 0x3f
 867 011f 19       		.uleb128 0x19
 868 0120 03       		.uleb128 0x3
 869 0121 0E       		.uleb128 0xe
 870 0122 3A       		.uleb128 0x3a
 871 0123 0B       		.uleb128 0xb
 872 0124 3B       		.uleb128 0x3b
 873 0125 0B       		.uleb128 0xb
 874 0126 27       		.uleb128 0x27
 875 0127 19       		.uleb128 0x19
 876 0128 49       		.uleb128 0x49
 877 0129 13       		.uleb128 0x13
 878 012a 3C       		.uleb128 0x3c
 879 012b 19       		.uleb128 0x19
 880 012c 01       		.uleb128 0x1
 881 012d 13       		.uleb128 0x13
 882 012e 00       		.byte	0
 883 012f 00       		.byte	0
 884 0130 18       		.uleb128 0x18
 885 0131 26       		.uleb128 0x26
 886 0132 00       		.byte	0
 887 0133 49       		.uleb128 0x49
 888 0134 13       		.uleb128 0x13
 889 0135 00       		.byte	0
 890 0136 00       		.byte	0
 891 0137 00       		.byte	0
 892              		.section	.debug_loc,"",%progbits
 893              	.Ldebug_loc0:
 894              	.LLST0:
 895 0000 00000000 		.4byte	.LVL1
 896 0004 12000000 		.4byte	.LVL4
 897 0008 0100     		.2byte	0x1
 898 000a 50       		.byte	0x50
 899 000b 12000000 		.4byte	.LVL4
 900 000f 32000000 		.4byte	.LFE1
 901 0013 0100     		.2byte	0x1
 902 0015 54       		.byte	0x54
 903 0016 00000000 		.4byte	0
 904 001a 00000000 		.4byte	0
 905              	.LLST1:
 906 001e 00000000 		.4byte	.LVL1
 907 0022 0C000000 		.4byte	.LVL3
 908 0026 0100     		.2byte	0x1
ARM GAS  C:\Users\Thomas\AppData\Local\Temp\ccYVaFFQ.s 			page 33


 909 0028 51       		.byte	0x51
 910 0029 0C000000 		.4byte	.LVL3
 911 002d 32000000 		.4byte	.LFE1
 912 0031 0400     		.2byte	0x4
 913 0033 F3       		.byte	0xf3
 914 0034 01       		.uleb128 0x1
 915 0035 51       		.byte	0x51
 916 0036 9F       		.byte	0x9f
 917 0037 00000000 		.4byte	0
 918 003b 00000000 		.4byte	0
 919              	.LLST2:
 920 003f 04000000 		.4byte	.LVL2
 921 0043 12000000 		.4byte	.LVL4
 922 0047 0100     		.2byte	0x1
 923 0049 50       		.byte	0x50
 924 004a 12000000 		.4byte	.LVL4
 925 004e 32000000 		.4byte	.LFE1
 926 0052 0100     		.2byte	0x1
 927 0054 54       		.byte	0x54
 928 0055 00000000 		.4byte	0
 929 0059 00000000 		.4byte	0
 930              	.LLST3:
 931 005d 04000000 		.4byte	.LVL2
 932 0061 12000000 		.4byte	.LVL4
 933 0065 0500     		.2byte	0x5
 934 0067 70       		.byte	0x70
 935 0068 00       		.sleb128 0
 936 0069 40       		.byte	0x40
 937 006a 25       		.byte	0x25
 938 006b 9F       		.byte	0x9f
 939 006c 12000000 		.4byte	.LVL4
 940 0070 32000000 		.4byte	.LFE1
 941 0074 0500     		.2byte	0x5
 942 0076 74       		.byte	0x74
 943 0077 00       		.sleb128 0
 944 0078 40       		.byte	0x40
 945 0079 25       		.byte	0x25
 946 007a 9F       		.byte	0x9f
 947 007b 00000000 		.4byte	0
 948 007f 00000000 		.4byte	0
 949              	.LLST4:
 950 0083 04000000 		.4byte	.LVL2
 951 0087 12000000 		.4byte	.LVL4
 952 008b 0900     		.2byte	0x9
 953 008d 70       		.byte	0x70
 954 008e 00       		.sleb128 0
 955 008f 0A       		.byte	0xa
 956 0090 FFFF     		.2byte	0xffff
 957 0092 1A       		.byte	0x1a
 958 0093 38       		.byte	0x38
 959 0094 25       		.byte	0x25
 960 0095 9F       		.byte	0x9f
 961 0096 12000000 		.4byte	.LVL4
 962 009a 32000000 		.4byte	.LFE1
 963 009e 0900     		.2byte	0x9
 964 00a0 74       		.byte	0x74
 965 00a1 00       		.sleb128 0
ARM GAS  C:\Users\Thomas\AppData\Local\Temp\ccYVaFFQ.s 			page 34


 966 00a2 0A       		.byte	0xa
 967 00a3 FFFF     		.2byte	0xffff
 968 00a5 1A       		.byte	0x1a
 969 00a6 38       		.byte	0x38
 970 00a7 25       		.byte	0x25
 971 00a8 9F       		.byte	0x9f
 972 00a9 00000000 		.4byte	0
 973 00ad 00000000 		.4byte	0
 974              	.LLST5:
 975 00b1 04000000 		.4byte	.LVL2
 976 00b5 0C000000 		.4byte	.LVL3
 977 00b9 0700     		.2byte	0x7
 978 00bb 70       		.byte	0x70
 979 00bc 00       		.sleb128 0
 980 00bd 0B       		.byte	0xb
 981 00be 00FF     		.2byte	0xff00
 982 00c0 1A       		.byte	0x1a
 983 00c1 9F       		.byte	0x9f
 984 00c2 0C000000 		.4byte	.LVL3
 985 00c6 15000000 		.4byte	.LVL5-1
 986 00ca 0100     		.2byte	0x1
 987 00cc 51       		.byte	0x51
 988 00cd 15000000 		.4byte	.LVL5-1
 989 00d1 32000000 		.4byte	.LFE1
 990 00d5 0700     		.2byte	0x7
 991 00d7 74       		.byte	0x74
 992 00d8 00       		.sleb128 0
 993 00d9 0B       		.byte	0xb
 994 00da 00FF     		.2byte	0xff00
 995 00dc 1A       		.byte	0x1a
 996 00dd 9F       		.byte	0x9f
 997 00de 00000000 		.4byte	0
 998 00e2 00000000 		.4byte	0
 999              		.section	.debug_aranges,"",%progbits
 1000 0000 24000000 		.4byte	0x24
 1001 0004 0200     		.2byte	0x2
 1002 0006 00000000 		.4byte	.Ldebug_info0
 1003 000a 04       		.byte	0x4
 1004 000b 00       		.byte	0
 1005 000c 0000     		.2byte	0
 1006 000e 0000     		.2byte	0
 1007 0010 00000000 		.4byte	.LFB0
 1008 0014 10000000 		.4byte	.LFE0-.LFB0
 1009 0018 00000000 		.4byte	.LFB1
 1010 001c 32000000 		.4byte	.LFE1-.LFB1
 1011 0020 00000000 		.4byte	0
 1012 0024 00000000 		.4byte	0
 1013              		.section	.debug_ranges,"",%progbits
 1014              	.Ldebug_ranges0:
 1015 0000 00000000 		.4byte	.LFB0
 1016 0004 10000000 		.4byte	.LFE0
 1017 0008 00000000 		.4byte	.LFB1
 1018 000c 32000000 		.4byte	.LFE1
 1019 0010 00000000 		.4byte	0
 1020 0014 00000000 		.4byte	0
 1021              		.section	.debug_line,"",%progbits
 1022              	.Ldebug_line0:
ARM GAS  C:\Users\Thomas\AppData\Local\Temp\ccYVaFFQ.s 			page 35


 1023 0000 A4000000 		.section	.debug_str,"MS",%progbits,1
 1023      02007300 
 1023      00000201 
 1023      FB0E0D00 
 1023      01010101 
 1024              	.LASF15:
 1025 0000 63797374 		.ascii	"cystatus\000"
 1025      61747573 
 1025      00
 1026              	.LASF32:
 1027 0009 6D656D6D 		.ascii	"memmove\000"
 1027      6F766500 
 1028              	.LASF25:
 1029 0011 726F774E 		.ascii	"rowNum\000"
 1029      756D00
 1030              	.LASF3:
 1031 0018 73686F72 		.ascii	"short unsigned int\000"
 1031      7420756E 
 1031      7369676E 
 1031      65642069 
 1031      6E7400
 1032              	.LASF12:
 1033 002b 666C6F61 		.ascii	"float\000"
 1033      7400
 1034              	.LASF1:
 1035 0031 756E7369 		.ascii	"unsigned char\000"
 1035      676E6564 
 1035      20636861 
 1035      7200
 1036              	.LASF23:
 1037 003f 726F7744 		.ascii	"rowData\000"
 1037      61746100 
 1038              	.LASF16:
 1039 0047 72656738 		.ascii	"reg8\000"
 1039      00
 1040              	.LASF5:
 1041 004c 6C6F6E67 		.ascii	"long unsigned int\000"
 1041      20756E73 
 1041      69676E65 
 1041      6420696E 
 1041      7400
 1042              	.LASF9:
 1043 005e 75696E74 		.ascii	"uint8\000"
 1043      3800
 1044              	.LASF24:
 1045 0064 61727261 		.ascii	"arrayId\000"
 1045      79496400 
 1046              	.LASF13:
 1047 006c 646F7562 		.ascii	"double\000"
 1047      6C6500
 1048              	.LASF31:
 1049 0073 433A5C55 		.ascii	"C:\\Users\\Thomas\\Documents\\PSoC Creator\\TASBot\\"
 1049      73657273 
 1049      5C54686F 
 1049      6D61735C 
 1049      446F6375 
 1050 00a1 54415342 		.ascii	"TASBot.cydsn\000"
ARM GAS  C:\Users\Thomas\AppData\Local\Temp\ccYVaFFQ.s 			page 36


 1050      6F742E63 
 1050      7964736E 
 1050      00
 1051              	.LASF22:
 1052 00ae 666C7341 		.ascii	"flsAddr\000"
 1052      64647200 
 1053              	.LASF10:
 1054 00b6 75696E74 		.ascii	"uint16\000"
 1054      313600
 1055              	.LASF11:
 1056 00bd 75696E74 		.ascii	"uint32\000"
 1056      333200
 1057              	.LASF8:
 1058 00c4 756E7369 		.ascii	"unsigned int\000"
 1058      676E6564 
 1058      20696E74 
 1058      00
 1059              	.LASF19:
 1060 00d1 426F6F74 		.ascii	"Bootloadable_1_SetFlashByte\000"
 1060      6C6F6164 
 1060      61626C65 
 1060      5F315F53 
 1060      6574466C 
 1061              	.LASF20:
 1062 00ed 61646472 		.ascii	"address\000"
 1062      65737300 
 1063              	.LASF7:
 1064 00f5 6C6F6E67 		.ascii	"long long unsigned int\000"
 1064      206C6F6E 
 1064      6720756E 
 1064      7369676E 
 1064      65642069 
 1065              	.LASF21:
 1066 010c 72756E54 		.ascii	"runType\000"
 1066      79706500 
 1067              	.LASF26:
 1068 0114 62617365 		.ascii	"baseAddr\000"
 1068      41646472 
 1068      00
 1069              	.LASF17:
 1070 011d 73697A65 		.ascii	"sizetype\000"
 1070      74797065 
 1070      00
 1071              	.LASF6:
 1072 0126 6C6F6E67 		.ascii	"long long int\000"
 1072      206C6F6E 
 1072      6720696E 
 1072      7400
 1073              	.LASF29:
 1074 0134 474E5520 		.ascii	"GNU C 4.9.3 20150303 (release) [ARM/embedded-4_9-br"
 1074      4320342E 
 1074      392E3320 
 1074      32303135 
 1074      30333033 
 1075 0167 616E6368 		.ascii	"anch revision 221220] -mcpu=cortex-m3 -mthumb -g -O"
 1075      20726576 
 1075      6973696F 
ARM GAS  C:\Users\Thomas\AppData\Local\Temp\ccYVaFFQ.s 			page 37


 1075      6E203232 
 1075      31323230 
 1076 019a 33202D66 		.ascii	"3 -ffunction-sections -finline-functions -flto -ffa"
 1076      66756E63 
 1076      74696F6E 
 1076      2D736563 
 1076      74696F6E 
 1077 01cd 742D6C74 		.ascii	"t-lto-objects\000"
 1077      6F2D6F62 
 1077      6A656374 
 1077      7300
 1078              	.LASF14:
 1079 01db 63686172 		.ascii	"char\000"
 1079      00
 1080              	.LASF2:
 1081 01e0 73686F72 		.ascii	"short int\000"
 1081      7420696E 
 1081      7400
 1082              	.LASF30:
 1083 01ea 2E5C4765 		.ascii	".\\Generated_Source\\PSoC5\\Bootloadable_1.c\000"
 1083      6E657261 
 1083      7465645F 
 1083      536F7572 
 1083      63655C50 
 1084              	.LASF27:
 1085 0214 4379536F 		.ascii	"CySoftwareReset\000"
 1085      66747761 
 1085      72655265 
 1085      73657400 
 1086              	.LASF4:
 1087 0224 6C6F6E67 		.ascii	"long int\000"
 1087      20696E74 
 1087      00
 1088              	.LASF0:
 1089 022d 7369676E 		.ascii	"signed char\000"
 1089      65642063 
 1089      68617200 
 1090              	.LASF28:
 1091 0239 4379466C 		.ascii	"CyFlushCache\000"
 1091      75736843 
 1091      61636865 
 1091      00
 1092              	.LASF33:
 1093 0246 43795772 		.ascii	"CyWriteRowData\000"
 1093      69746552 
 1093      6F774461 
 1093      746100
 1094              	.LASF18:
 1095 0255 426F6F74 		.ascii	"Bootloadable_1_Load\000"
 1095      6C6F6164 
 1095      61626C65 
 1095      5F315F4C 
 1095      6F616400 
 1096              		.comm	__gnu_lto_v1,1,1
 1097              		.ident	"GCC: (GNU Tools for ARM Embedded Processors) 4.9.3 20150303 (release) [ARM/embedded-4_9-br
