--------------- Build Started: 10/13/2016 17:14:51 Project: TASBot, Configuration: ARM GCC 4.9-2015-q1-update Release ---------------
cydsfit.exe -.appdatapath "C:\Users\Thomas\AppData\Local\Cypress Semiconductor\PSoC Creator\3.3" -.fdsnotice -.fdswarpdepfile=warp_dependencies.txt -.fdselabdepfile=elab_dependencies.txt -.fdsbldfile=generated_files.txt -p "C:\Users\Thomas\Documents\PSoC Creator\TASBot\TASBot.cydsn\TASBot.cyprj" -d CY8C5888LTI-LP097 -s "C:\Users\Thomas\Documents\PSoC Creator\TASBot\TASBot.cydsn\Generated_Source\PSoC5" -- -yv2 -q10 -ygs -o2 -v3 -.fftcfgtype=LE
Elaborating Design...
HDL Generation ...
Synthesis ...
Place and Route ...
Tech mapping ...
ADD: pft.M0040: information: The following 5 pin(s) will be assigned a location by the fitter: P1_D1(0), P1_D2(0), P2_D0(0), P2_D1(0), P2_D2(0)
Analog Placement ...
Analog Routing ...
Analog Code Generation ...
Digital Placement ...
Digital Routing ...
Bitstream Generation ...
Static timing analysis ...
API Generation ...
Dependency Generation ...
Clean Temporary Files ...
arm-none-eabi-gcc.exe -mcpu=cortex-m3 -mthumb -Wno-main -I. -IGenerated_Source\PSoC5 -Wa,-alh=.\CortexM3\ARM_GCC_493\Release/main.lst -g -D NDEBUG -Wall -ffunction-sections -finline-functions -O3 -flto -ffat-lto-objects -c .\main.c -o .\CortexM3\ARM_GCC_493\Release\main.o
arm-none-eabi-gcc.exe -mcpu=cortex-m3 -mthumb -Wno-main -I. -IGenerated_Source\PSoC5 -Wa,-alh=.\CortexM3\ARM_GCC_493\Release/cyfitter_cfg.lst -g -D NDEBUG -Wall -ffunction-sections -finline-functions -O3 -flto -ffat-lto-objects -c .\Generated_Source\PSoC5\cyfitter_cfg.c -o .\CortexM3\ARM_GCC_493\Release\cyfitter_cfg.o
arm-none-eabi-gcc.exe -mcpu=cortex-m3 -mthumb -Wno-main -I. -IGenerated_Source\PSoC5 -Wa,-alh=.\CortexM3\ARM_GCC_493\Release/cymetadata.lst -g -D NDEBUG -Wall -ffunction-sections -finline-functions -O3 -flto -ffat-lto-objects -c .\Generated_Source\PSoC5\cymetadata.c -o .\CortexM3\ARM_GCC_493\Release\cymetadata.o
arm-none-eabi-gcc.exe -mcpu=cortex-m3 -mthumb -Wno-main -I. -IGenerated_Source\PSoC5 -Wa,-alh=.\CortexM3\ARM_GCC_493\Release/Cm3Start.lst -g -D NDEBUG -Wall -ffunction-sections -finline-functions -O3 -flto -ffat-lto-objects -c .\Generated_Source\PSoC5\Cm3Start.c -o .\CortexM3\ARM_GCC_493\Release\Cm3Start.o
arm-none-eabi-as.exe -mcpu=cortex-m3 -mthumb -I. -IGenerated_Source\PSoC5 -alh=.\CortexM3\ARM_GCC_493\Release/CyBootAsmGnu.lst -g -W -o .\CortexM3\ARM_GCC_493\Release\CyBootAsmGnu.o .\Generated_Source\PSoC5\CyBootAsmGnu.s
arm-none-eabi-gcc.exe -mcpu=cortex-m3 -mthumb -Wno-main -I. -IGenerated_Source\PSoC5 -Wa,-alh=.\CortexM3\ARM_GCC_493\Release/CyDmac.lst -g -D NDEBUG -Wall -ffunction-sections -finline-functions -O3 -flto -ffat-lto-objects -c .\Generated_Source\PSoC5\CyDmac.c -o .\CortexM3\ARM_GCC_493\Release\CyDmac.o
arm-none-eabi-gcc.exe -mcpu=cortex-m3 -mthumb -Wno-main -I. -IGenerated_Source\PSoC5 -Wa,-alh=.\CortexM3\ARM_GCC_493\Release/CyFlash.lst -g -D NDEBUG -Wall -ffunction-sections -finline-functions -O3 -flto -ffat-lto-objects -c .\Generated_Source\PSoC5\CyFlash.c -o .\CortexM3\ARM_GCC_493\Release\CyFlash.o
arm-none-eabi-gcc.exe -mcpu=cortex-m3 -mthumb -Wno-main -I. -IGenerated_Source\PSoC5 -Wa,-alh=.\CortexM3\ARM_GCC_493\Release/CyLib.lst -g -D NDEBUG -Wall -ffunction-sections -finline-functions -O3 -flto -ffat-lto-objects -c .\Generated_Source\PSoC5\CyLib.c -o .\CortexM3\ARM_GCC_493\Release\CyLib.o
arm-none-eabi-gcc.exe -mcpu=cortex-m3 -mthumb -Wno-main -I. -IGenerated_Source\PSoC5 -Wa,-alh=.\CortexM3\ARM_GCC_493\Release/cyPm.lst -g -D NDEBUG -Wall -ffunction-sections -finline-functions -O3 -flto -ffat-lto-objects -c .\Generated_Source\PSoC5\cyPm.c -o .\CortexM3\ARM_GCC_493\Release\cyPm.o
arm-none-eabi-gcc.exe -mcpu=cortex-m3 -mthumb -Wno-main -I. -IGenerated_Source\PSoC5 -Wa,-alh=.\CortexM3\ARM_GCC_493\Release/CySpc.lst -g -D NDEBUG -Wall -ffunction-sections -finline-functions -O3 -flto -ffat-lto-objects -c .\Generated_Source\PSoC5\CySpc.c -o .\CortexM3\ARM_GCC_493\Release\CySpc.o
arm-none-eabi-gcc.exe -mcpu=cortex-m3 -mthumb -Wno-main -I. -IGenerated_Source\PSoC5 -Wa,-alh=.\CortexM3\ARM_GCC_493\Release/cyutils.lst -g -D NDEBUG -Wall -ffunction-sections -finline-functions -O3 -flto -ffat-lto-objects -c .\Generated_Source\PSoC5\cyutils.c -o .\CortexM3\ARM_GCC_493\Release\cyutils.o
arm-none-eabi-gcc.exe -mcpu=cortex-m3 -mthumb -Wno-main -I. -IGenerated_Source\PSoC5 -Wa,-alh=.\CortexM3\ARM_GCC_493\Release/P1_Latch.lst -g -D NDEBUG -Wall -ffunction-sections -finline-functions -O3 -flto -ffat-lto-objects -c .\Generated_Source\PSoC5\P1_Latch.c -o .\CortexM3\ARM_GCC_493\Release\P1_Latch.o
arm-none-eabi-gcc.exe -mcpu=cortex-m3 -mthumb -Wno-main -I. -IGenerated_Source\PSoC5 -Wa,-alh=.\CortexM3\ARM_GCC_493\Release/P1_Clock.lst -g -D NDEBUG -Wall -ffunction-sections -finline-functions -O3 -flto -ffat-lto-objects -c .\Generated_Source\PSoC5\P1_Clock.c -o .\CortexM3\ARM_GCC_493\Release\P1_Clock.o
arm-none-eabi-gcc.exe -mcpu=cortex-m3 -mthumb -Wno-main -I. -IGenerated_Source\PSoC5 -Wa,-alh=.\CortexM3\ARM_GCC_493\Release/P1_IRQ.lst -g -D NDEBUG -Wall -ffunction-sections -finline-functions -O3 -flto -ffat-lto-objects -c .\Generated_Source\PSoC5\P1_IRQ.c -o .\CortexM3\ARM_GCC_493\Release\P1_IRQ.o
arm-none-eabi-gcc.exe -mcpu=cortex-m3 -mthumb -Wno-main -I. -IGenerated_Source\PSoC5 -Wa,-alh=.\CortexM3\ARM_GCC_493\Release/USBUART.lst -g -D NDEBUG -Wall -ffunction-sections -finline-functions -O3 -flto -ffat-lto-objects -c .\Generated_Source\PSoC5\USBUART.c -o .\CortexM3\ARM_GCC_493\Release\USBUART.o
arm-none-eabi-gcc.exe -mcpu=cortex-m3 -mthumb -Wno-main -I. -IGenerated_Source\PSoC5 -Wa,-alh=.\CortexM3\ARM_GCC_493\Release/USBUART_audio.lst -g -D NDEBUG -Wall -ffunction-sections -finline-functions -O3 -flto -ffat-lto-objects -c .\Generated_Source\PSoC5\USBUART_audio.c -o .\CortexM3\ARM_GCC_493\Release\USBUART_audio.o
arm-none-eabi-gcc.exe -mcpu=cortex-m3 -mthumb -Wno-main -I. -IGenerated_Source\PSoC5 -Wa,-alh=.\CortexM3\ARM_GCC_493\Release/USBUART_boot.lst -g -D NDEBUG -Wall -ffunction-sections -finline-functions -O3 -flto -ffat-lto-objects -c .\Generated_Source\PSoC5\USBUART_boot.c -o .\CortexM3\ARM_GCC_493\Release\USBUART_boot.o
arm-none-eabi-gcc.exe -mcpu=cortex-m3 -mthumb -Wno-main -I. -IGenerated_Source\PSoC5 -Wa,-alh=.\CortexM3\ARM_GCC_493\Release/USBUART_cdc.lst -g -D NDEBUG -Wall -ffunction-sections -finline-functions -O3 -flto -ffat-lto-objects -c .\Generated_Source\PSoC5\USBUART_cdc.c -o .\CortexM3\ARM_GCC_493\Release\USBUART_cdc.o
arm-none-eabi-gcc.exe -mcpu=cortex-m3 -mthumb -Wno-main -I. -IGenerated_Source\PSoC5 -Wa,-alh=.\CortexM3\ARM_GCC_493\Release/USBUART_cls.lst -g -D NDEBUG -Wall -ffunction-sections -finline-functions -O3 -flto -ffat-lto-objects -c .\Generated_Source\PSoC5\USBUART_cls.c -o .\CortexM3\ARM_GCC_493\Release\USBUART_cls.o
arm-none-eabi-gcc.exe -mcpu=cortex-m3 -mthumb -Wno-main -I. -IGenerated_Source\PSoC5 -Wa,-alh=.\CortexM3\ARM_GCC_493\Release/USBUART_descr.lst -g -D NDEBUG -Wall -ffunction-sections -finline-functions -O3 -flto -ffat-lto-objects -c .\Generated_Source\PSoC5\USBUART_descr.c -o .\CortexM3\ARM_GCC_493\Release\USBUART_descr.o
arm-none-eabi-gcc.exe -mcpu=cortex-m3 -mthumb -Wno-main -I. -IGenerated_Source\PSoC5 -Wa,-alh=.\CortexM3\ARM_GCC_493\Release/USBUART_drv.lst -g -D NDEBUG -Wall -ffunction-sections -finline-functions -O3 -flto -ffat-lto-objects -c .\Generated_Source\PSoC5\USBUART_drv.c -o .\CortexM3\ARM_GCC_493\Release\USBUART_drv.o
arm-none-eabi-gcc.exe -mcpu=cortex-m3 -mthumb -Wno-main -I. -IGenerated_Source\PSoC5 -Wa,-alh=.\CortexM3\ARM_GCC_493\Release/USBUART_episr.lst -g -D NDEBUG -Wall -ffunction-sections -finline-functions -O3 -flto -ffat-lto-objects -c .\Generated_Source\PSoC5\USBUART_episr.c -o .\CortexM3\ARM_GCC_493\Release\USBUART_episr.o
arm-none-eabi-gcc.exe -mcpu=cortex-m3 -mthumb -Wno-main -I. -IGenerated_Source\PSoC5 -Wa,-alh=.\CortexM3\ARM_GCC_493\Release/USBUART_hid.lst -g -D NDEBUG -Wall -ffunction-sections -finline-functions -O3 -flto -ffat-lto-objects -c .\Generated_Source\PSoC5\USBUART_hid.c -o .\CortexM3\ARM_GCC_493\Release\USBUART_hid.o
arm-none-eabi-gcc.exe -mcpu=cortex-m3 -mthumb -Wno-main -I. -IGenerated_Source\PSoC5 -Wa,-alh=.\CortexM3\ARM_GCC_493\Release/USBUART_pm.lst -g -D NDEBUG -Wall -ffunction-sections -finline-functions -O3 -flto -ffat-lto-objects -c .\Generated_Source\PSoC5\USBUART_pm.c -o .\CortexM3\ARM_GCC_493\Release\USBUART_pm.o
arm-none-eabi-gcc.exe -mcpu=cortex-m3 -mthumb -Wno-main -I. -IGenerated_Source\PSoC5 -Wa,-alh=.\CortexM3\ARM_GCC_493\Release/USBUART_std.lst -g -D NDEBUG -Wall -ffunction-sections -finline-functions -O3 -flto -ffat-lto-objects -c .\Generated_Source\PSoC5\USBUART_std.c -o .\CortexM3\ARM_GCC_493\Release\USBUART_std.o
arm-none-eabi-gcc.exe -mcpu=cortex-m3 -mthumb -Wno-main -I. -IGenerated_Source\PSoC5 -Wa,-alh=.\CortexM3\ARM_GCC_493\Release/USBUART_vnd.lst -g -D NDEBUG -Wall -ffunction-sections -finline-functions -O3 -flto -ffat-lto-objects -c .\Generated_Source\PSoC5\USBUART_vnd.c -o .\CortexM3\ARM_GCC_493\Release\USBUART_vnd.o
arm-none-eabi-gcc.exe -mcpu=cortex-m3 -mthumb -Wno-main -I. -IGenerated_Source\PSoC5 -Wa,-alh=.\CortexM3\ARM_GCC_493\Release/USBUART_midi.lst -g -D NDEBUG -Wall -ffunction-sections -finline-functions -O3 -flto -ffat-lto-objects -c .\Generated_Source\PSoC5\USBUART_midi.c -o .\CortexM3\ARM_GCC_493\Release\USBUART_midi.o
arm-none-eabi-gcc.exe -mcpu=cortex-m3 -mthumb -Wno-main -I. -IGenerated_Source\PSoC5 -Wa,-alh=.\CortexM3\ARM_GCC_493\Release/USBUART_msc.lst -g -D NDEBUG -Wall -ffunction-sections -finline-functions -O3 -flto -ffat-lto-objects -c .\Generated_Source\PSoC5\USBUART_msc.c -o .\CortexM3\ARM_GCC_493\Release\USBUART_msc.o
arm-none-eabi-gcc.exe -mcpu=cortex-m3 -mthumb -Wno-main -I. -IGenerated_Source\PSoC5 -Wa,-alh=.\CortexM3\ARM_GCC_493\Release/USBUART_Dm.lst -g -D NDEBUG -Wall -ffunction-sections -finline-functions -O3 -flto -ffat-lto-objects -c .\Generated_Source\PSoC5\USBUART_Dm.c -o .\CortexM3\ARM_GCC_493\Release\USBUART_Dm.o
arm-none-eabi-gcc.exe -mcpu=cortex-m3 -mthumb -Wno-main -I. -IGenerated_Source\PSoC5 -Wa,-alh=.\CortexM3\ARM_GCC_493\Release/USBUART_Dp.lst -g -D NDEBUG -Wall -ffunction-sections -finline-functions -O3 -flto -ffat-lto-objects -c .\Generated_Source\PSoC5\USBUART_Dp.c -o .\CortexM3\ARM_GCC_493\Release\USBUART_Dp.o
arm-none-eabi-gcc.exe -mcpu=cortex-m3 -mthumb -Wno-main -I. -IGenerated_Source\PSoC5 -Wa,-alh=.\CortexM3\ARM_GCC_493\Release/Timer_1.lst -g -D NDEBUG -Wall -ffunction-sections -finline-functions -O3 -flto -ffat-lto-objects -c .\Generated_Source\PSoC5\Timer_1.c -o .\CortexM3\ARM_GCC_493\Release\Timer_1.o
arm-none-eabi-gcc.exe -mcpu=cortex-m3 -mthumb -Wno-main -I. -IGenerated_Source\PSoC5 -Wa,-alh=.\CortexM3\ARM_GCC_493\Release/Timer_1_PM.lst -g -D NDEBUG -Wall -ffunction-sections -finline-functions -O3 -flto -ffat-lto-objects -c .\Generated_Source\PSoC5\Timer_1_PM.c -o .\CortexM3\ARM_GCC_493\Release\Timer_1_PM.o
arm-none-eabi-gcc.exe -mcpu=cortex-m3 -mthumb -Wno-main -I. -IGenerated_Source\PSoC5 -Wa,-alh=.\CortexM3\ARM_GCC_493\Release/P2_Clock.lst -g -D NDEBUG -Wall -ffunction-sections -finline-functions -O3 -flto -ffat-lto-objects -c .\Generated_Source\PSoC5\P2_Clock.c -o .\CortexM3\ARM_GCC_493\Release\P2_Clock.o
arm-none-eabi-gcc.exe -mcpu=cortex-m3 -mthumb -Wno-main -I. -IGenerated_Source\PSoC5 -Wa,-alh=.\CortexM3\ARM_GCC_493\Release/P2_Latch.lst -g -D NDEBUG -Wall -ffunction-sections -finline-functions -O3 -flto -ffat-lto-objects -c .\Generated_Source\PSoC5\P2_Latch.c -o .\CortexM3\ARM_GCC_493\Release\P2_Latch.o
arm-none-eabi-gcc.exe -mcpu=cortex-m3 -mthumb -Wno-main -I. -IGenerated_Source\PSoC5 -Wa,-alh=.\CortexM3\ARM_GCC_493\Release/P2_IRQ.lst -g -D NDEBUG -Wall -ffunction-sections -finline-functions -O3 -flto -ffat-lto-objects -c .\Generated_Source\PSoC5\P2_IRQ.c -o .\CortexM3\ARM_GCC_493\Release\P2_IRQ.o
arm-none-eabi-gcc.exe -mcpu=cortex-m3 -mthumb -Wno-main -I. -IGenerated_Source\PSoC5 -Wa,-alh=.\CortexM3\ARM_GCC_493\Release/ConsolePort_1_WinTimer.lst -g -D NDEBUG -Wall -ffunction-sections -finline-functions -O3 -flto -ffat-lto-objects -c .\Generated_Source\PSoC5\ConsolePort_1_WinTimer.c -o .\CortexM3\ARM_GCC_493\Release\ConsolePort_1_WinTimer.o
arm-none-eabi-gcc.exe -mcpu=cortex-m3 -mthumb -Wno-main -I. -IGenerated_Source\PSoC5 -Wa,-alh=.\CortexM3\ARM_GCC_493\Release/ConsolePort_1_WinTimer_PM.lst -g -D NDEBUG -Wall -ffunction-sections -finline-functions -O3 -flto -ffat-lto-objects -c .\Generated_Source\PSoC5\ConsolePort_1_WinTimer_PM.c -o .\CortexM3\ARM_GCC_493\Release\ConsolePort_1_WinTimer_PM.o
arm-none-eabi-gcc.exe -mcpu=cortex-m3 -mthumb -Wno-main -I. -IGenerated_Source\PSoC5 -Wa,-alh=.\CortexM3\ARM_GCC_493\Release/ConsolePort_1_Clock_1.lst -g -D NDEBUG -Wall -ffunction-sections -finline-functions -O3 -flto -ffat-lto-objects -c .\Generated_Source\PSoC5\ConsolePort_1_Clock_1.c -o .\CortexM3\ARM_GCC_493\Release\ConsolePort_1_Clock_1.o
arm-none-eabi-gcc.exe -mcpu=cortex-m3 -mthumb -Wno-main -I. -IGenerated_Source\PSoC5 -Wa,-alh=.\CortexM3\ARM_GCC_493\Release/ConsolePort_1_Clock_2.lst -g -D NDEBUG -Wall -ffunction-sections -finline-functions -O3 -flto -ffat-lto-objects -c .\Generated_Source\PSoC5\ConsolePort_1_Clock_2.c -o .\CortexM3\ARM_GCC_493\Release\ConsolePort_1_Clock_2.o
arm-none-eabi-gcc.exe -mcpu=cortex-m3 -mthumb -Wno-main -I. -IGenerated_Source\PSoC5 -Wa,-alh=.\CortexM3\ARM_GCC_493\Release/P1_D0.lst -g -D NDEBUG -Wall -ffunction-sections -finline-functions -O3 -flto -ffat-lto-objects -c .\Generated_Source\PSoC5\P1_D0.c -o .\CortexM3\ARM_GCC_493\Release\P1_D0.o
arm-none-eabi-gcc.exe -mcpu=cortex-m3 -mthumb -Wno-main -I. -IGenerated_Source\PSoC5 -Wa,-alh=.\CortexM3\ARM_GCC_493\Release/P1_D1.lst -g -D NDEBUG -Wall -ffunction-sections -finline-functions -O3 -flto -ffat-lto-objects -c .\Generated_Source\PSoC5\P1_D1.c -o .\CortexM3\ARM_GCC_493\Release\P1_D1.o
arm-none-eabi-gcc.exe -mcpu=cortex-m3 -mthumb -Wno-main -I. -IGenerated_Source\PSoC5 -Wa,-alh=.\CortexM3\ARM_GCC_493\Release/ConsolePort_2_RegD0.lst -g -D NDEBUG -Wall -ffunction-sections -finline-functions -O3 -flto -ffat-lto-objects -c .\Generated_Source\PSoC5\ConsolePort_2_RegD0.c -o .\CortexM3\ARM_GCC_493\Release\ConsolePort_2_RegD0.o
arm-none-eabi-gcc.exe -mcpu=cortex-m3 -mthumb -Wno-main -I. -IGenerated_Source\PSoC5 -Wa,-alh=.\CortexM3\ARM_GCC_493\Release/ConsolePort_2_RegD0_PM.lst -g -D NDEBUG -Wall -ffunction-sections -finline-functions -O3 -flto -ffat-lto-objects -c .\Generated_Source\PSoC5\ConsolePort_2_RegD0_PM.c -o .\CortexM3\ARM_GCC_493\Release\ConsolePort_2_RegD0_PM.o
arm-none-eabi-gcc.exe -mcpu=cortex-m3 -mthumb -Wno-main -I. -IGenerated_Source\PSoC5 -Wa,-alh=.\CortexM3\ARM_GCC_493\Release/ConsolePort_2_WinTimer.lst -g -D NDEBUG -Wall -ffunction-sections -finline-functions -O3 -flto -ffat-lto-objects -c .\Generated_Source\PSoC5\ConsolePort_2_WinTimer.c -o .\CortexM3\ARM_GCC_493\Release\ConsolePort_2_WinTimer.o
arm-none-eabi-gcc.exe -mcpu=cortex-m3 -mthumb -Wno-main -I. -IGenerated_Source\PSoC5 -Wa,-alh=.\CortexM3\ARM_GCC_493\Release/ConsolePort_2_WinTimer_PM.lst -g -D NDEBUG -Wall -ffunction-sections -finline-functions -O3 -flto -ffat-lto-objects -c .\Generated_Source\PSoC5\ConsolePort_2_WinTimer_PM.c -o .\CortexM3\ARM_GCC_493\Release\ConsolePort_2_WinTimer_PM.o
arm-none-eabi-gcc.exe -mcpu=cortex-m3 -mthumb -Wno-main -I. -IGenerated_Source\PSoC5 -Wa,-alh=.\CortexM3\ARM_GCC_493\Release/ConsolePort_2_RegD1.lst -g -D NDEBUG -Wall -ffunction-sections -finline-functions -O3 -flto -ffat-lto-objects -c .\Generated_Source\PSoC5\ConsolePort_2_RegD1.c -o .\CortexM3\ARM_GCC_493\Release\ConsolePort_2_RegD1.o
arm-none-eabi-gcc.exe -mcpu=cortex-m3 -mthumb -Wno-main -I. -IGenerated_Source\PSoC5 -Wa,-alh=.\CortexM3\ARM_GCC_493\Release/ConsolePort_2_RegD1_PM.lst -g -D NDEBUG -Wall -ffunction-sections -finline-functions -O3 -flto -ffat-lto-objects -c .\Generated_Source\PSoC5\ConsolePort_2_RegD1_PM.c -o .\CortexM3\ARM_GCC_493\Release\ConsolePort_2_RegD1_PM.o
arm-none-eabi-gcc.exe -mcpu=cortex-m3 -mthumb -Wno-main -I. -IGenerated_Source\PSoC5 -Wa,-alh=.\CortexM3\ARM_GCC_493\Release/ConsolePort_2_Clock_1.lst -g -D NDEBUG -Wall -ffunction-sections -finline-functions -O3 -flto -ffat-lto-objects -c .\Generated_Source\PSoC5\ConsolePort_2_Clock_1.c -o .\CortexM3\ARM_GCC_493\Release\ConsolePort_2_Clock_1.o
arm-none-eabi-gcc.exe -mcpu=cortex-m3 -mthumb -Wno-main -I. -IGenerated_Source\PSoC5 -Wa,-alh=.\CortexM3\ARM_GCC_493\Release/ConsolePort_2_Clock_2.lst -g -D NDEBUG -Wall -ffunction-sections -finline-functions -O3 -flto -ffat-lto-objects -c .\Generated_Source\PSoC5\ConsolePort_2_Clock_2.c -o .\CortexM3\ARM_GCC_493\Release\ConsolePort_2_Clock_2.o
arm-none-eabi-gcc.exe -mcpu=cortex-m3 -mthumb -Wno-main -I. -IGenerated_Source\PSoC5 -Wa,-alh=.\CortexM3\ARM_GCC_493\Release/ConsolePort_1_RegD0.lst -g -D NDEBUG -Wall -ffunction-sections -finline-functions -O3 -flto -ffat-lto-objects -c .\Generated_Source\PSoC5\ConsolePort_1_RegD0.c -o .\CortexM3\ARM_GCC_493\Release\ConsolePort_1_RegD0.o
arm-none-eabi-gcc.exe -mcpu=cortex-m3 -mthumb -Wno-main -I. -IGenerated_Source\PSoC5 -Wa,-alh=.\CortexM3\ARM_GCC_493\Release/ConsolePort_1_RegD0_PM.lst -g -D NDEBUG -Wall -ffunction-sections -finline-functions -O3 -flto -ffat-lto-objects -c .\Generated_Source\PSoC5\ConsolePort_1_RegD0_PM.c -o .\CortexM3\ARM_GCC_493\Release\ConsolePort_1_RegD0_PM.o
arm-none-eabi-gcc.exe -mcpu=cortex-m3 -mthumb -Wno-main -I. -IGenerated_Source\PSoC5 -Wa,-alh=.\CortexM3\ARM_GCC_493\Release/ConsolePort_1_RegD1.lst -g -D NDEBUG -Wall -ffunction-sections -finline-functions -O3 -flto -ffat-lto-objects -c .\Generated_Source\PSoC5\ConsolePort_1_RegD1.c -o .\CortexM3\ARM_GCC_493\Release\ConsolePort_1_RegD1.o
arm-none-eabi-gcc.exe -mcpu=cortex-m3 -mthumb -Wno-main -I. -IGenerated_Source\PSoC5 -Wa,-alh=.\CortexM3\ARM_GCC_493\Release/ConsolePort_1_RegD1_PM.lst -g -D NDEBUG -Wall -ffunction-sections -finline-functions -O3 -flto -ffat-lto-objects -c .\Generated_Source\PSoC5\ConsolePort_1_RegD1_PM.c -o .\CortexM3\ARM_GCC_493\Release\ConsolePort_1_RegD1_PM.o
arm-none-eabi-gcc.exe -mcpu=cortex-m3 -mthumb -Wno-main -I. -IGenerated_Source\PSoC5 -Wa,-alh=.\CortexM3\ARM_GCC_493\Release/P2_D0.lst -g -D NDEBUG -Wall -ffunction-sections -finline-functions -O3 -flto -ffat-lto-objects -c .\Generated_Source\PSoC5\P2_D0.c -o .\CortexM3\ARM_GCC_493\Release\P2_D0.o
arm-none-eabi-gcc.exe -mcpu=cortex-m3 -mthumb -Wno-main -I. -IGenerated_Source\PSoC5 -Wa,-alh=.\CortexM3\ARM_GCC_493\Release/P2_D1.lst -g -D NDEBUG -Wall -ffunction-sections -finline-functions -O3 -flto -ffat-lto-objects -c .\Generated_Source\PSoC5\P2_D1.c -o .\CortexM3\ARM_GCC_493\Release\P2_D1.o
arm-none-eabi-gcc.exe -mcpu=cortex-m3 -mthumb -Wno-main -I. -IGenerated_Source\PSoC5 -Wa,-alh=.\CortexM3\ARM_GCC_493\Release/Timer_2.lst -g -D NDEBUG -Wall -ffunction-sections -finline-functions -O3 -flto -ffat-lto-objects -c .\Generated_Source\PSoC5\Timer_2.c -o .\CortexM3\ARM_GCC_493\Release\Timer_2.o
arm-none-eabi-gcc.exe -mcpu=cortex-m3 -mthumb -Wno-main -I. -IGenerated_Source\PSoC5 -Wa,-alh=.\CortexM3\ARM_GCC_493\Release/Timer_2_PM.lst -g -D NDEBUG -Wall -ffunction-sections -finline-functions -O3 -flto -ffat-lto-objects -c .\Generated_Source\PSoC5\Timer_2_PM.c -o .\CortexM3\ARM_GCC_493\Release\Timer_2_PM.o
arm-none-eabi-gcc.exe -mcpu=cortex-m3 -mthumb -Wno-main -I. -IGenerated_Source\PSoC5 -Wa,-alh=.\CortexM3\ARM_GCC_493\Release/P1_D2.lst -g -D NDEBUG -Wall -ffunction-sections -finline-functions -O3 -flto -ffat-lto-objects -c .\Generated_Source\PSoC5\P1_D2.c -o .\CortexM3\ARM_GCC_493\Release\P1_D2.o
arm-none-eabi-gcc.exe -mcpu=cortex-m3 -mthumb -Wno-main -I. -IGenerated_Source\PSoC5 -Wa,-alh=.\CortexM3\ARM_GCC_493\Release/P2_D2.lst -g -D NDEBUG -Wall -ffunction-sections -finline-functions -O3 -flto -ffat-lto-objects -c .\Generated_Source\PSoC5\P2_D2.c -o .\CortexM3\ARM_GCC_493\Release\P2_D2.o
arm-none-eabi-gcc.exe -mcpu=cortex-m3 -mthumb -Wno-main -I. -IGenerated_Source\PSoC5 -Wa,-alh=.\CortexM3\ARM_GCC_493\Release/ConsolePort_2_RegD2.lst -g -D NDEBUG -Wall -ffunction-sections -finline-functions -O3 -flto -ffat-lto-objects -c .\Generated_Source\PSoC5\ConsolePort_2_RegD2.c -o .\CortexM3\ARM_GCC_493\Release\ConsolePort_2_RegD2.o
arm-none-eabi-gcc.exe -mcpu=cortex-m3 -mthumb -Wno-main -I. -IGenerated_Source\PSoC5 -Wa,-alh=.\CortexM3\ARM_GCC_493\Release/ConsolePort_2_RegD2_PM.lst -g -D NDEBUG -Wall -ffunction-sections -finline-functions -O3 -flto -ffat-lto-objects -c .\Generated_Source\PSoC5\ConsolePort_2_RegD2_PM.c -o .\CortexM3\ARM_GCC_493\Release\ConsolePort_2_RegD2_PM.o
arm-none-eabi-gcc.exe -mcpu=cortex-m3 -mthumb -Wno-main -I. -IGenerated_Source\PSoC5 -Wa,-alh=.\CortexM3\ARM_GCC_493\Release/ConsolePort_1_RegD2.lst -g -D NDEBUG -Wall -ffunction-sections -finline-functions -O3 -flto -ffat-lto-objects -c .\Generated_Source\PSoC5\ConsolePort_1_RegD2.c -o .\CortexM3\ARM_GCC_493\Release\ConsolePort_1_RegD2.o
arm-none-eabi-gcc.exe -mcpu=cortex-m3 -mthumb -Wno-main -I. -IGenerated_Source\PSoC5 -Wa,-alh=.\CortexM3\ARM_GCC_493\Release/ConsolePort_1_RegD2_PM.lst -g -D NDEBUG -Wall -ffunction-sections -finline-functions -O3 -flto -ffat-lto-objects -c .\Generated_Source\PSoC5\ConsolePort_1_RegD2_PM.c -o .\CortexM3\ARM_GCC_493\Release\ConsolePort_1_RegD2_PM.o
arm-none-eabi-ar.exe -rs .\CortexM3\ARM_GCC_493\Release\TASBot.a .\CortexM3\ARM_GCC_493\Release\cyfitter_cfg.o .\CortexM3\ARM_GCC_493\Release\CyBootAsmGnu.o .\CortexM3\ARM_GCC_493\Release\CyDmac.o .\CortexM3\ARM_GCC_493\Release\CyFlash.o .\CortexM3\ARM_GCC_493\Release\CyLib.o .\CortexM3\ARM_GCC_493\Release\cyPm.o .\CortexM3\ARM_GCC_493\Release\CySpc.o .\CortexM3\ARM_GCC_493\Release\cyutils.o .\CortexM3\ARM_GCC_493\Release\P1_Latch.o .\CortexM3\ARM_GCC_493\Release\P1_Clock.o .\CortexM3\ARM_GCC_493\Release\P1_IRQ.o .\CortexM3\ARM_GCC_493\Release\USBUART.o .\CortexM3\ARM_GCC_493\Release\USBUART_audio.o .\CortexM3\ARM_GCC_493\Release\USBUART_boot.o .\CortexM3\ARM_GCC_493\Release\USBUART_cdc.o .\CortexM3\ARM_GCC_493\Release\USBUART_cls.o .\CortexM3\ARM_GCC_493\Release\USBUART_descr.o .\CortexM3\ARM_GCC_493\Release\USBUART_drv.o .\CortexM3\ARM_GCC_493\Release\USBUART_episr.o .\CortexM3\ARM_GCC_493\Release\USBUART_hid.o .\CortexM3\ARM_GCC_493\Release\USBUART_pm.o .\CortexM3\ARM_GCC_493\Release\USBUART_std.o .\CortexM3\ARM_GCC_493\Release\USBUART_vnd.o .\CortexM3\ARM_GCC_493\Release\USBUART_midi.o .\CortexM3\ARM_GCC_493\Release\USBUART_msc.o .\CortexM3\ARM_GCC_493\Release\USBUART_Dm.o .\CortexM3\ARM_GCC_493\Release\USBUART_Dp.o .\CortexM3\ARM_GCC_493\Release\Timer_1.o .\CortexM3\ARM_GCC_493\Release\Timer_1_PM.o .\CortexM3\ARM_GCC_493\Release\P2_Clock.o .\CortexM3\ARM_GCC_493\Release\P2_Latch.o .\CortexM3\ARM_GCC_493\Release\P2_IRQ.o .\CortexM3\ARM_GCC_493\Release\ConsolePort_1_WinTimer.o .\CortexM3\ARM_GCC_493\Release\ConsolePort_1_WinTimer_PM.o .\CortexM3\ARM_GCC_493\Release\ConsolePort_1_Clock_1.o .\CortexM3\ARM_GCC_493\Release\ConsolePort_1_Clock_2.o .\CortexM3\ARM_GCC_493\Release\P1_D0.o .\CortexM3\ARM_GCC_493\Release\P1_D1.o .\CortexM3\ARM_GCC_493\Release\ConsolePort_2_RegD0.o .\CortexM3\ARM_GCC_493\Release\ConsolePort_2_RegD0_PM.o .\CortexM3\ARM_GCC_493\Release\ConsolePort_2_WinTimer.o .\CortexM3\ARM_GCC_493\Release\ConsolePort_2_WinTimer_PM.o .\CortexM3\ARM_GCC_493\Release\ConsolePort_2_RegD1.o .\CortexM3\ARM_GCC_493\Release\ConsolePort_2_RegD1_PM.o .\CortexM3\ARM_GCC_493\Release\ConsolePort_2_Clock_1.o .\CortexM3\ARM_GCC_493\Release\ConsolePort_2_Clock_2.o .\CortexM3\ARM_GCC_493\Release\ConsolePort_1_RegD0.o .\CortexM3\ARM_GCC_493\Release\ConsolePort_1_RegD0_PM.o .\CortexM3\ARM_GCC_493\Release\ConsolePort_1_RegD1.o .\CortexM3\ARM_GCC_493\Release\ConsolePort_1_RegD1_PM.o .\CortexM3\ARM_GCC_493\Release\P2_D0.o .\CortexM3\ARM_GCC_493\Release\P2_D1.o .\CortexM3\ARM_GCC_493\Release\Timer_2.o .\CortexM3\ARM_GCC_493\Release\Timer_2_PM.o .\CortexM3\ARM_GCC_493\Release\P1_D2.o .\CortexM3\ARM_GCC_493\Release\P2_D2.o .\CortexM3\ARM_GCC_493\Release\ConsolePort_2_RegD2.o .\CortexM3\ARM_GCC_493\Release\ConsolePort_2_RegD2_PM.o .\CortexM3\ARM_GCC_493\Release\ConsolePort_1_RegD2.o .\CortexM3\ARM_GCC_493\Release\ConsolePort_1_RegD2_PM.o
arm-none-eabi-ar.exe: creating .\CortexM3\ARM_GCC_493\Release\TASBot.a
arm-none-eabi-gcc.exe -Wl,--start-group -o .\CortexM3\ARM_GCC_493\Release\TASBot.elf .\CortexM3\ARM_GCC_493\Release\main.o .\CortexM3\ARM_GCC_493\Release\cymetadata.o .\CortexM3\ARM_GCC_493\Release\Cm3Start.o .\CortexM3\ARM_GCC_493\Release\TASBot.a "C:\Program Files (x86)\Cypress\PSoC Creator\3.3\PSoC Creator\psoc\content\cycomponentlibrary\CyComponentLibrary.cylib\CortexM3\ARM_GCC_493\Release\CyComponentLibrary.a" -mcpu=cortex-m3 -mthumb -g -ffunction-sections -finline-functions -O3 -flto -ffat-lto-objects -L Generated_Source\PSoC5 -Wl,-Map,.\CortexM3\ARM_GCC_493\Release/TASBot.map -T Generated_Source\PSoC5\cm3gcc.ld -specs=nano.specs -Wl,--gc-sections -Wl,--end-group
cyelftool.exe -C "C:\Users\Thomas\Documents\PSoC Creator\TASBot\TASBot.cydsn\CortexM3\ARM_GCC_493\Release\TASBot.elf" --flash_row_size 256 --flash_size 262144
cyelftool.exe -S "C:\Users\Thomas\Documents\PSoC Creator\TASBot\TASBot.cydsn\CortexM3\ARM_GCC_493\Release\TASBot.elf"
Flash used: 8960 of 262144 bytes (3,4 %).
SRAM used: 35544 of 65536 bytes (54,2 %). Stack: 2048 bytes. Heap: 128 bytes.
--------------- Build Succeeded: 10/13/2016 17:15:09 ---------------
