ARM GAS  C:\Users\Thomas\AppData\Local\Temp\cchu9ypV.s 			page 1


   1              		.syntax unified
   2              		.cpu cortex-m3
   3              		.fpu softvfp
   4              		.eabi_attribute 20, 1
   5              		.eabi_attribute 21, 1
   6              		.eabi_attribute 23, 3
   7              		.eabi_attribute 24, 1
   8              		.eabi_attribute 25, 1
   9              		.eabi_attribute 26, 1
  10              		.eabi_attribute 30, 2
  11              		.eabi_attribute 34, 1
  12              		.eabi_attribute 18, 4
  13              		.thumb
  14              		.file	"ConsolePort_3_RegD0_PM.c"
  15              		.text
  16              	.Ltext0:
  17              		.section	.gnu.lto_.profile.be1c27a0,"",%progbits
  18 0000 789C6366 		.ascii	"x\234cf```a\200\000F\006cY\000\000\367\000Y"
  18      60606061 
  18      80004606 
  18      63590000 
  18      F70059
  19              		.text
  20              		.section	.gnu.lto_.jmpfuncs.be1c27a0,"",%progbits
  21 0000 789C6366 		.ascii	"x\234cf\300\016\004\2404\013\0203100C\231\014\000\002"
  21      C00E04A0 
  21      340B1033 
  21      31303043 
  21      990C0002 
  22 0014 C70021   		.ascii	"\307\000!"
  23              		.text
  24              		.section	.gnu.lto_.inline.be1c27a0,"",%progbits
  25 0000 789C6366 		.ascii	"x\234cf\300\016\"\2404\013\003\003;\033#\003\023\307"
  25      C00E22A0 
  25      340B0303 
  25      3B1B2303 
  25      13C7
  26 0012 013B06B6 		.ascii	"\001;\006\266\005\362L 1&L!f\006\036\021\240\220@C-"
  26      05F24C20 
  26      31264C21 
  26      66061E11 
  26      A0904043 
  27 0027 5C88910B 		.ascii	"\\\210\221\013\254\235\233\027(\316\267!\027U\234\001"
  27      AC9D9B17 
  27      28CEB721 
  27      17559C01 
  28 0037 00917408 		.ascii	"\000\221t\010="
  28      3D
  29              		.text
  30              		.section	.gnu.lto_.pureconst.be1c27a0,"",%progbits
  31 0000 789C6366 		.ascii	"x\234cf``\340d\200\000\026\006)&)f)\026)\000\002\321"
  31      6060E064 
  31      80001606 
  31      29262966 
  31      29162900 
  32 0016 0082     		.ascii	"\000\202"
  33              		.text
ARM GAS  C:\Users\Thomas\AppData\Local\Temp\cchu9ypV.s 			page 2


  34              		.section	.gnu.lto_ConsolePort_3_RegD0_SaveConfig.be1c27a0,"",%progbits
  35 0000 789C8D91 		.ascii	"x\234\215\221\273K\034Q\024\306\317wv\034\226h@R\372"
  35      BB4B1C51 
  35      14C6CF77 
  35      761C9668 
  35      4052FA
  36 0013 0F5869C4 		.ascii	"\017Xi\304G\235B!\225\260h\273\260\210\0166\342\300"
  36      479D4221 
  36      95B068BB 
  36      B0880E36 
  36      E2C0
  37 0025 AAA57827 		.ascii	"\252\245x',\"\026f\261\012\370\000\205\220\325\365\271"
  37      2C221666 
  37      B10AF800 
  37      8590D5F5 
  37      B9
  38 0036 6A3F5A89 		.ascii	"j?Z\211\240\262X\010\026\332\254\340\203\204\250\260"
  38      A0B25808 
  38      16DAACE0 
  38      8384A8B0 
  39 0046 32888F73 		.ascii	"2\210\217sFLDA\034\270s\347\336\363\335\357\374\276"
  39      464C4441 
  39      1CB873E7 
  39      DEF3DDEF 
  39      FCBE
  40 0058 3B117AFD 		.ascii	";\021z\375T\3108\001Q\275\314\210\0208\275C\344E\031"
  40      54C83801 
  40      51BDCC88 
  40      1038BD43 
  40      E44519
  41 006b D00F020D 		.ascii	"\320\017\002\0150\006p\312\027\214\264\237\375QZ\371"
  41      300670CA 
  41      178CB49F 
  41      FD515AF9 
  42 007b D318F377 		.ascii	"\323\030\363wz\333\213\371\010\230\350\212\037}\360"
  42      7ADB8BF9 
  42      0898E88A 
  42      1F7DF0
  43 008a 0B9524A2 		.ascii	"\013\225$\242\213\324\355~\251\235\022Q\371c\015\031"
  43      8BD4ED7E 
  43      A99D1251 
  43      F9630D19 
  44 009a D8E24F8B 		.ascii	"\330\342O\213\237|s\177\177\265\266^\204\315\0240,}"
  44      9F7C737F 
  44      7FB5B65E 
  44      84CD1430 
  44      2C7D
  45 00ac 111544A4 		.ascii	"\021\025D\244\255\216\231u\216\034`\2438\374g\360\243"
  45      AD8E9975 
  45      8E1C60A3 
  45      38FC67F0 
  45      A3
  46 00bd 9EBB66ED 		.ascii	"\236\273f\355{\236\337-Z'\0340\233M\317X\332\345\250"
  46      7B9EDF2D 
  46      5A271C30 
  46      9B4DCF58 
  46      DAE5A8
ARM GAS  C:\Users\Thomas\AppData\Local\Temp\cchu9ypV.s 			page 3


  47 00d0 B09B8F86 		.ascii	"\260\233\217\206[\244\313\255\325\375\363\350\004\306"
  47      5BA4CBAD 
  47      D5FDF3E8 
  47      04C6
  48 00de BC943045 		.ascii	"\274\2240E0\203\012\314B\222!\213\011\320\001\276\215"
  48      30830ACC 
  48      4292218B 
  48      09D001BE 
  48      8D
  49 00ef 4E7D563F 		.ascii	"N}V?\221N\356\215,p\377\215\0312\321\200\255[%|\356"
  49      914EEE8D 
  49      2C70FF8D 
  49      1932D180 
  49      AD5B257C 
  50 0104 6785CB8C 		.ascii	"g\205\313\214\227\032\207\372\031U\225`\016\375\230"
  50      971A87FA 
  50      19559560 
  50      0EFD98
  51 0113 5743A9DD 		.ascii	"WC\251\335\315}\317\331UY\011\350\177\011\330\306\202"
  51      CD7DCFD9 
  51      555909E8 
  51      7F09D8C6 
  51      82
  52 0124 082FC34B 		.ascii	"\010/\303K\300\"\252\204\230\302\004\305\247\004\226"
  52      C022AA84 
  52      98C204C5 
  52      A70496
  53 0133 9C59CF9F 		.ascii	"\234Y\317\237\375.\013q\323O\011F3\203\271\017\377\221"
  53      FD2E0B71 
  53      D34F0946 
  53      3383B90F 
  53      FF91
  54 0145 97FE212F 		.ascii	"\227\376!/\277\023\371%c\356\015\306\225\220Q\377\002"
  54      BF13F925 
  54      63EE0DC6 
  54      959051FF 
  54      02
  55 0156 5695D1A2 		.ascii	"V\225\321\242Cx\376u\2116P\362\202\324\344\356\305\271"
  55      4378FE75 
  55      893650F2 
  55      82D4E4EE 
  55      C5B9
  56 0168 B63AFED5 		.ascii	"\266:\376\325\351v\222m\275NG\242\325\355K\266;\361"
  56      E976926D 
  56      BD4E47A2 
  56      D5ED4BB6 
  56      3BF1
  57 017a 58ABDBD8 		.ascii	"X\253\333\330\020ot\273{\334.'\346&{\023u\211\026\247"
  57      106F74BB 
  57      7BDC2E27 
  57      E6267B13 
  57      758916A7 
  58 018e B3A92611 		.ascii	"\263\251&\021k\256n\247\007JF\3027"
  58      6BAE6EA7 
  58      074A46C2 
  58      37
  59              		.text
ARM GAS  C:\Users\Thomas\AppData\Local\Temp\cchu9ypV.s 			page 4


  60              		.section	.gnu.lto_ConsolePort_3_RegD0_RestoreConfig.be1c27a0,"",%progbits
  61 0000 789C7590 		.ascii	"x\234u\220\315+DQ\030\306\337\347\235;\267\011\013Y"
  61      CD2B4451 
  61      18C6DFE7 
  61      9D3BB709 
  61      0B59
  62 0012 69FE010B 		.ascii	"i\376\001\013\221|\374\005\304J\015\266S\223\270\331"
  62      917CFC05 
  62      C44A0DB6 
  62      5393B8D9 
  63 0022 686E8DB1 		.ascii	"hn\215\261\234\234\253!+\206\225\362\261\223\361\315"
  63      9C9CAB21 
  63      2B8695F2 
  63      B193F1CD 
  64 0032 90F59895 		.ascii	"\220\365\230\225,L\02355\212\315(\037)C\321M\203s\356"
  64      2C4C1335 
  64      358ACD28 
  64      1F2943D1 
  64      4D8373EE 
  65 0046 847C9D3A 		.ascii	"\204|\235:\237\357s\236\347w\216\213~7\257\3549\020"
  65      9FEF739E 
  65      E7778E8B 
  65      7E37AFEC 
  65      3910
  66 0058 35CB192E 		.ascii	"5\313\031.\002\307\216\211,\017\003jA\240\021\306\010"
  66      02C78E89 
  66      2C0F036A 
  66      41A011C6 
  66      08
  67 0069 AEB9C088 		.ascii	"\256\271\300\210%\327f\313k\226\204\020\367\251\335"
  67      25D766CB 
  67      6B968410 
  67      F7A9DD
  68 0078 EAB16A9B 		.ascii	"\352\261j\233\211\036\271d\203e\324\220\324\024\242"
  68      891EB964 
  68      8365D490 
  68      D414A2
  69 0087 C56CB91E 		.ascii	"\305l\271\036\225\232\312R\015q\350\322\236\266\252"
  69      959ACA52 
  69      0D71E8D2 
  69      9EB6AA
  70 0096 92E2EDED 		.ascii	"\222\342\355\355\361x:^\013\235\311fhj \312K\225\212"
  70      F1783A5E 
  70      0B9DC966 
  70      686A20CA 
  70      4B958A
  71 00a9 BA6456B3 		.ascii	"\272dV\263+\207\321\375B\272K\335{f\025\273x2\271\311"
  71      2B87D1FD 
  71      42BA4BDD 
  71      7B6615BB 
  71      7832B9C9 
  72 00bd 91173121 		.ascii	"\221\0271!<6sQ\231\312\323\213|:\343\271by\342l\343"
  72      3C367351 
  72      99CAD38B 
  72      7C3AE3B9 
  72      6279E26C 
  73 00d2 56741E0B 		.ascii	"Vt\036\013\230\263\204R\271\260\202\010V\341uj\257\353"
ARM GAS  C:\Users\Thomas\AppData\Local\Temp\cchu9ypV.s 			page 5


  73      98B38452 
  73      B9B08208 
  73      56E1756A 
  73      AFEB
  74 00e4 5309BDAE 		.ascii	"S\011\275\256\326f\015kR\363\340 c\035u\362\341\251"
  74      D6660D6B 
  74      52F3E020 
  74      631D75F2 
  74      E1A9
  75 00f6 19A824A9 		.ascii	"\031\250$\251\272\315\244\2374e\350\026\207\226\320"
  75      BACDA49F 
  75      3465E816 
  75      8796D0
  76 0105 BE65B81D 		.ascii	"\276e\270\035\237\243\275\354\255GeDa\263\216\015x\261"
  76      9FA3BDEC 
  76      AD476544 
  76      61B38E0D 
  76      78B1
  77 0117 A922B025 		.ascii	"\251\"\260%]%+)\364\351S\224\320\265\177\321\177\262"
  77      5D252B29 
  77      F4E95394 
  77      D0B57FD1 
  77      7FB2
  78 0129 6EFFCDBA 		.ascii	"n\377\315\272\343\260\252\277C\342\007\353A\346\346"
  78      E3B0AABF 
  78      43E207EB 
  78      41E6E6
  79 0138 AEC2018B 		.ascii	"\256\302\001\213}\260\316\304\307\023e_p\273\237p{\016"
  79      7DB0CEC4 
  79      C713655F 
  79      70BB9F70 
  79      7B0E
  80 014a 9C46E7B0 		.ascii	"\234F\347\260\222g\355\312@=?/\215\345oK\242\306z\177"
  80      9267EDCA 
  80      403D3F2F 
  80      8DE56F4B 
  80      A2C67A7F 
  81 015e 87113442 		.ascii	"\207\0214B\275a\243?\320c\016\207\372\014\277\257\307"
  81      BD61A33F 
  81      D0630E87 
  81      FA0CBFAF 
  81      C7
  82 016f 6C6DF1B7 		.ascii	"lm\361\267\232\301!s\320\360\231\241p\240)\320m\014"
  82      9AC12173 
  82      D0F099A1 
  82      70A029D0 
  82      6D0C
  83 0181 B435047C 		.ascii	"\2645\004|\235\365}\364\016)\301\270|"
  83      9DF57DF4 
  83      0E29C1B8 
  83      7C
  84              		.text
  85              		.section	.gnu.lto_ConsolePort_3_RegD0_Sleep.be1c27a0,"",%progbits
  86 0000 789C9592 		.ascii	"x\234\225\222\313kSA\024\306\31777\271y\203\270*\375"
  86      CB6B5341 
  86      14C6CF37 
  86      37B97983 
ARM GAS  C:\Users\Thomas\AppData\Local\Temp\cchu9ypV.s 			page 6


  86      B82AFD
  87 0013 07BA6A14 		.ascii	"\007\272j\024\037\270tQ\241+!\330m0H\015\202H\003\261"
  87      1FB87451 
  87      A12B21D8 
  87      6D30480D 
  87      824803B1 
  88 0027 AE24F4DE 		.ascii	"\256$\364\3366\255\017Dcp!h\204.\324\326$\255\246Z\255"
  88      36AD0F44 
  88      63702168 
  88      842ED4D6 
  88      24ADA65A 
  89 003c B1367613 		.ascii	"\2616v\023Ah\011.\204\"\021\244B\214T\214\201h\324Z"
  89      4168092E 
  89      842211A4 
  89      428C548C 
  89      8168D45A 
  90 0050 CFCCB552 		.ascii	"\317\314\265RS*x\341\316\363\233s~\363\235\321h\363"
  90      532A78E1 
  90      CEF39B73 
  90      7EF39DD1 
  90      68F3
  91 0062 D7CEFF71 		.ascii	"\327\316\377q\215h\017\367\320\010\"\261@d:\005 \007"
  91      8D680FF7 
  91      D00822B1 
  91      40643A05 
  91      2007
  92 0074 041A1018 		.ascii	"\004\032\020\030\300{Q\023H\024\322W=\0357\015\303\370"
  92      C07B5113 
  92      4814D257 
  92      3D1D370D 
  92      C3F8
  93 0086 94CCB70D 		.ascii	"\224\314\267\015\2675\005Q]Xap\033\035\304\232Z|\365"
  93      B7350551 
  93      5D586170 
  93      1B1DC49A 
  93      5A7CF5
  94 0099 95478FB3 		.ascii	"\225G\217\263f\233\265\2071\350\340~r{\301X[\233Z\271"
  94      669BB587 
  94      31E8E07E 
  94      727BC158 
  94      5B9B5AB9 
  95 00ad 5CD9072F 		.ascii	"\\\331\007/\250)8\03176n\204]\216\\\334hn\331\020-\363"
  95      A8293819 
  95      37366E84 
  95      5D8E5CDC 
  95      686ED910 
  96 00c3 4999FE9D 		.ascii	"I\231\376\235\020\262\327\2260\3378_N\225!\243}\021"
  96      10B2D796 
  96      30DF385F 
  96      4E9521A3 
  96      7D11
  97 00d5 1A27AAE6 		.ascii	"\032'\252\346\337.8+\242)l\265\347\246a\223\271\337"
  97      DF2E382B 
  97      A2296CB5 
  97      E7A66193 
  97      B9DF
  98 00e7 2C2F96AC 		.ascii	",/\226\254%\222\323\354\267\354\274\236\30253\216\246"
ARM GAS  C:\Users\Thomas\AppData\Local\Temp\cchu9ypV.s 			page 7


  98      2592D3EC 
  98      B7ECBC9E 
  98      C235338E 
  98      A6
  99 00f8 B0631CED 		.ascii	"\260c\034\355\270\003\276.\322H\201\2260\364U\267\302"
  99      B803BE2E 
  99      D2488196 
  99      30F455B7 
  99      C2
 100 0109 C18A584C 		.ascii	"\301\212XLUr6y\034 dX\311\222\334\231\037vKdc\035\213"
 100      55723679 
 100      1C206458 
 100      C992DC99 
 100      1F764B64 
 101 0120 CC5BF90B 		.ascii	"\314[\371\013\016%\342@Y%\032,;,\211\235Ur\236\034\365"
 101      0E25E240 
 101      59251A2C 
 101      3B2C899D 
 101      55729E1C 
 102 0135 CB0556DF 		.ascii	"\313\005V\337xyqB\304\276\033g\015gS\350\253\322\217"
 102      78797142 
 102      C4BE1B67 
 102      0D6753E8 
 102      ABD28F
 103 0148 8D9CBA9A 		.ascii	"\215\234\272\232\216\231\361\353\220\234\206T90\201"
 103      8E99F1EB 
 103      909C8654 
 103      393081
 104 0157 18262528 		.ascii	"\030&%(\357\375\314\\\312\351\235i\266\263\260\277)"
 104      EFFDCC5C 
 104      CAE99D69 
 104      B6B3B0BF 
 104      29
 105 0168 9CB8CBC2 		.ascii	"\234\270\313\302\317\312r\334C'\247\244\327\030*\344"
 105      CFCA72DC 
 105      4327A7A4 
 105      D7182AE4 
 106 0178 8B4226A4 		.ascii	"\213B&\244\326\214\256\272\302\314!\306\266\272I\271"
 106      D68CAEBA 
 106      C2CC21C6 
 106      B6BA49B9 
 107 0188 F871C4F7 		.ascii	"\370q\304\367W\231\012\263E\241\212Tg\257[\012\210)"
 107      57990AB3 
 107      45A18A54 
 107      67AF5B0A 
 107      8829
 108 019a 0E4AB82F 		.ascii	"\016J\270//\347\342\275\017\245\305\206r\310cl\362\334"
 108      2FE7E2BD 
 108      0FA5C586 
 108      72C8636C 
 108      F2DC
 109 01ac A378C7CF 		.ascii	"\243x\307\317\275\250\372\344]\256\230\234\337\213\007"
 109      BDA8FAE4 
 109      5DAE989C 
 109      DF8B07
 110 01bb 6CFAB432 		.ascii	"l\372\2642\375\241e\372`\2626}XF\334\322\235V;\036m"
 110      FDA165FA 
ARM GAS  C:\Users\Thomas\AppData\Local\Temp\cchu9ypV.s 			page 8


 110      60B2367D 
 110      5846DCD2 
 110      9D563B1E 
 111 01d0 69870F33 		.ascii	"i\207\0173\312\016X\240x,\035qY\327l\214\370,n7\037"
 111      CA0E58A0 
 111      782C1D71 
 111      59D76C8C 
 111      F82C6E37 
 112 01e5 7B56AAAE 		.ascii	"{V\252\256x\025db\235{&3|z\003g\376\017\347\223u\316"
 112      78156462 
 112      9D7B2633 
 112      7C7A0367 
 112      FE0FE793 
 113 01fb D11DFF85 		.ascii	"\321\035\377\2059\373\017\314\247\012S\374\306\234\223"
 113      39FB0FCC 
 113      A70A53FC 
 113      C69C93
 114 020a 986E2AC3 		.ascii	"\230n*\303,\314u\253\272\221|\361\220/\235\203\357\362"
 114      2CCC75AB 
 114      BA917CF1 
 114      902F9D83 
 114      EFF2
 115 021c 07BBC37D 		.ascii	"\007\273\303}\341\350\221\376\360\321PO\344T\2647\034"
 115      E1E891FE 
 115      F0D1504F 
 115      E454B437 
 115      1C
 116 022d 0CF444BA 		.ascii	"\014\364D\272\366\006\273\"}'#'\302\201H\264?\264;t"
 116      F606BB22 
 116      7D272327 
 116      C28148B4 
 116      3FB43B74 
 117 0241 287CECC0 		.ascii	"(|\354\300\316P\340\240\277\227~\001\267\357H\333"
 117      CE50E0A0 
 117      BF977E01 
 117      B7EF48DB 
 118              		.text
 119              		.section	.gnu.lto_ConsolePort_3_RegD0_Wakeup.be1c27a0,"",%progbits
 120 0000 789C8D92 		.ascii	"x\234\215\222\315k\023A\030\306\337gv\272\233&\021\244"
 120      CD6B1341 
 120      18C6DF67 
 120      76BA9B26 
 120      11A4
 121 0012 A7D2438E 		.ascii	"\247\322C\216\366 \255b\365/\250 \010B\264\327@\220"
 121      F620AD62 
 121      F52FA820 
 121      0842B4D7 
 121      4090
 122 0024 BA789106 		.ascii	"\272x\221\006b=I\350l\232B\005\321Xz\020\264\352EmM"
 122      623D49E8 
 122      6C9A4205 
 122      D1587A10 
 122      B4EA456D 
 123 0039 6C4DD56A 		.ascii	"lM\325j\323\313*\"\242`\010~\321\"z\251\240\025\301"
 123      D3CB2A22 
 123      A260087E 
 123      D1227AA9 
ARM GAS  C:\Users\Thomas\AppData\Local\Temp\cchu9ypV.s 			page 9


 123      A015C1
 124 004c 18B08452 		.ascii	"\030\260\204R\353;\023\277\232*\2700;;\357<\363<\277"
 124      EB3B13BF 
 124      9A2AB830 
 124      3B3BEF3C 
 124      F33CBF
 125 005f 615F8B36 		.ascii	"a_\2136>]<\346\005\321N\236\321D\020\331\247D^@\010"
 125      3E5D3CE6 
 125      05D14E9E 
 125      D14410D9 
 125      A7445E40 
 126 0074 AB182115 		.ascii	"\253\030!\025\224/\267\221\012[\220\365\262\004\364"
 126      942FB791 
 126      0A5B90F5 
 126      B204F4
 127 0083 07810684 		.ascii	"\007\201\006\204%1\200\017\242\"\220\365sgC\355\227"
 127      2531800F 
 127      A22290F5 
 127      736743ED 
 127      97
 128 0094 95529FD3 		.ascii	"\225R\237\323\345\326\241\326\032\373UE\335\037W\321"
 128      E5D6A1D6 
 128      1AFB5545 
 128      DD1F57D1 
 129 00a4 4EACA964 		.ascii	"N\254\251dV_\205\354\014k6\327\3670\016\033<O\265\370"
 129      565F85EC 
 129      0C6B36D7 
 129      F7300E1B 
 129      3C4FB5F8 
 130 00b8 6A6DADFA 		.ascii	"jm\255\372`dx\213h\226T\023\260\371%\034\375\"Z\344"
 130      6064788B 
 130      68965413 
 130      B0F9251C 
 130      FD225AE4 
 131 00cc A113DFF1 		.ascii	"\241\023\337\361\202gk\001\351\231Ji\377:C\1774h\334"
 131      82676B01 
 131      E9994A69 
 131      FF3A437F 
 131      3468DC
 132 00df AA028D49 		.ascii	"\252\002\215I\230`7\3025\330\313\302\346\275\013\317"
 132      986037C2 
 132      35D8CBC2 
 132      E6BD0BCF 
 133 00ef 4E4D8AD4 		.ascii	"NM\212\324\212\032V\201\232\260V5\007W\337.\226\312"
 133      8A1A5681 
 133      9AB05635 
 133      0757DF2E 
 133      96CA
 134 0101 81F7822B 		.ascii	"\201\367\202+f9\356e\316c\014\347<\245U\0229\244\220"
 134      6639EE65 
 134      CE630CE7 
 134      3CA55512 
 134      39A490
 135 0114 479BD9FB 		.ascii	"G\233\331\373\226?=mw\344\330\374\322E\253&\232p\235"
 135      963F3D6D 
 135      77E4D8FC 
 135      D245AB26 
ARM GAS  C:\Users\Thomas\AppData\Local\Temp\cchu9ypV.s 			page 10


 135      9A709D
 136 0127 955FD8C7 		.ascii	"\225_\330\307$a\022\035\264\200\373#\320\221,\377X."
 136      2461121D 
 136      B480FB23 
 136      D0912CFF 
 136      582E
 137 0139 7D95DAD9 		.ascii	"}\225\332\331V\217<%\327\205\331\306p\342\304\223\245"
 137      568F3C25 
 137      D785D9C6 
 137      70E2C493 
 137      A5
 138 014a 4D3A6CD4 		.ascii	"M:l\324\3430\007Sh\303\015\035\206\002;35\351+\237y"
 138      E3300753 
 138      68C30D1D 
 138      86023B33 
 138      35E92B9F 
 139 015f 8EFA259C 		.ascii	"\216\372%\234\177^\242\221zz\003\365V\315{\323\360\342"
 139      7F5EA291 
 139      7A7A03F5 
 139      56CD7BD3 
 139      F0E2
 140 0171 07EFAD06 		.ascii	"\007\357\255\006\336{\345\245Oa\003\227\375\311;\233"
 140      DE7BE5A5 
 140      4F610397 
 140      FDC93B9B 
 141 0181 1F3AFE07 		.ascii	"\037:\376\007\337\355_|3\206\3171|\205\207\351\220\376"
 141      DFED5F7C 
 141      3386CF31 
 141      7C8587E9 
 141      90FE
 142 0193 05CB42FE 		.ascii	"\005\313B\3767\340\235\277\001\006p\327\000\232\016"
 142      37E09DBF 
 142      010670D7 
 142      009A0E
 143 01a2 9965BA17 		.ascii	"\231e\272\027\310\314\017F~{{W\346N:\232\220{\007E}"
 143      C8CC0F46 
 143      7E7B7B57 
 143      E64E3A9A 
 143      907B0745 
 144 01b7 9C747758 		.ascii	"\234twXT\214X\2571\350\217=\016k15b4W\265'\346\220\342"
 144      548C58AF 
 144      31E88F3D 
 144      0E6B3135 
 144      623457B5 
 145 01cf C60A9A33 		.ascii	"\306\012\2323\322t\324\033x~a\2579C\272\337\240\253"
 145      D274D41B 
 145      787E61AF 
 145      3943BADF 
 145      A0AB
 146 01e1 2CDDD119 		.ascii	",\335\321\031\333\343\366\271\311\203\375\356\241xO"
 146      DBE3F6B9 
 146      C983FDEE 
 146      A1784F
 147 01f0 E258B2D7 		.ascii	"\342X\262\327\215E{\022\335\273b\335\211\276\243\211"
 147      8D457B12 
 147      DDBB62DD 
 147      89BEA389 
ARM GAS  C:\Users\Thomas\AppData\Local\Temp\cchu9ypV.s 			page 11


 148 0200 236E3491 		.ascii	"#n4\221\354\217w\305\017\270\207wo\217G\367u\366\322"
 148      EC8F77C5 
 148      0FB88777 
 148      6F8F47F7 
 148      75F6D2
 149 0213 77DDF312 		.ascii	"w\335\363\022\001"
 149      01
 150              		.text
 151              		.section	.gnu.lto_.symbol_nodes.be1c27a0,"",%progbits
 152 0000 789C55C8 		.ascii	"x\234U\310A\015\2000\020\005\321\351n\267A\020\332\270"
 152      410D8030 
 152      1005D1E9 
 152      6EB74110 
 152      DAB8
 153 0012 FE4A4001 		.ascii	"\376J@\001\251\011\034p\306\003\011:\010$p(s{\343\300"
 153      A9091C70 
 153      C603093A 
 153      08247028 
 153      737BE3C0 
 154 0026 C49725C1 		.ascii	"\304\227%\301\274\203\304\322\006\002\232\311\315\224"
 154      BC83C4D2 
 154      06029AC9 
 154      CD94
 155 0034 FA6D2EFB 		.ascii	"\372m.\3739\313{\247P~M\255\017\213\242\243{\260\035"
 155      39CB7BA7 
 155      507E4DAD 
 155      0F8BA2A3 
 155      7BB01D
 156 0047 57F25C38 		.ascii	"W\362\\8\327\221\033\317\310\035\246"
 156      D7911BCF 
 156      C81DA6
 157              		.text
 158              		.section	.gnu.lto_.refs.be1c27a0,"",%progbits
 159 0000 789C25C8 		.ascii	"x\234%\310\321\011\000 \014\304\320\244WA\\\304\375"
 159      D1090020 
 159      0CC4D0A4 
 159      57415CC4 
 159      FD
 160 0011 371469BE 		.ascii	"7\024i\276\036\011p\231\012-\355\372\300$\272t\353I"
 160      1E097099 
 160      0A2DEDFA 
 160      C024BA74 
 160      EB49
 161 0023 CFC2C503 		.ascii	"\317\302\305\003\015{\000w"
 161      0D7B0077 
 162              		.text
 163              		.section	.gnu.lto_.decls.be1c27a0,"",%progbits
 164 0000 789C9594 		.ascii	"x\234\225\224\177LSW\024\307\337\351-miKgb\242\256\177"
 164      7F4C5357 
 164      14C7DFE9 
 164      2D6D694B 
 164      6762A2AE 
 165 0015 2C1D2664 		.ascii	",\035&d[\214\023\227\021\377\233\312\026\3770[\210h"
 165      5B8C1397 
 165      11FF9BCA 
 165      16FF305B 
 165      8868
ARM GAS  C:\Users\Thomas\AppData\Local\Temp\cchu9ypV.s 			page 12


 166 0027 F687240C 		.ascii	"\366\207$\014\361\315\031\011e\245,\361\217%\017\310"
 166      F1CD1909 
 166      65A52CF1 
 166      8F250FC8 
 167 0037 A443D9C4 		.ascii	"\244C\331\304lR\021g\0158\300\037\025\261\270\342/\012"
 167      6C521167 
 167      0D38C01F 
 167      15B1B8E2 
 167      2F0A
 168 0049 3A2CB00A 		.ascii	":,\260\012\323\016\250?\020+dL'+\033N\015\316\356\334"
 168      D30EA83F 
 168      102B644C 
 168      272B1B4E 
 168      0DCEEEDC 
 169 005d FB5EEDAB 		.ascii	"\373^\355\253y8w\223\323\336\373\3369\237\363\275\347"
 169      79387793 
 169      D3DEFBDE 
 169      399FF3BD 
 169      E7
 170 006e DE7708C7 		.ascii	"\336w\010\307q\036\340\270(\216\240\226\343\2748O\302"
 170      711EE0B8 
 170      288EA096 
 170      E3BC384F 
 170      C2
 171 007f 67595C7C 		.ascii	"gY\\|h\320\216\240\271\321Z\320Zi\014\332I4t\347.s\211"
 171      68D08EA0 
 171      B9D15AD0 
 171      5A690CDA 
 171      493474E7 
 172 0096 83FA6A25 		.ascii	"\203\372j%\206\005m\030m\010-\204\326\217\326\215\246"
 172      86056D18 
 172      6D082D84 
 172      D68FD68D 
 172      A6
 173 00a7 42EB410B 		.ascii	"B\353A\013H\214#\263\260\334\317\260\344\214\253h\203"
 173      488C23B3 
 173      B0DCCFB0 
 173      E48CAB68 
 173      83
 174 00b8 0A2CF72C 		.ascii	"\012,\367,,\252\335$\261\346\241\335\220\230cha\031"
 174      2CAADD24 
 174      B1E6A1DD 
 174      90986368 
 174      6119
 175 00ca FB2CDA38 		.ascii	"\373,\3328Z\263L;\315G\320ze\271\210\304\364<G?\255"
 175      5AB34C3B 
 175      CD47D07A 
 175      65B988C4 
 175      F43C473F 
 176 00df 95419673 		.ascii	"\225A\226s\266=\310s\022Y\216^i\335*\355k\266\232O\251"
 176      B63DC873 
 176      12598E5E 
 176      69DD2AED 
 176      6BB69A4F 
 177 00f4 A0DD3D1D 		.ascii	"\240\335=\0350L\250\300\244\267\320\345\251]~\247\006"
 177      304CA8C0 
 177      A4B7D0E5 
ARM GAS  C:\Users\Thomas\AppData\Local\Temp\cchu9ypV.s 			page 13


 177      A95D7EA7 
 177      06
 178 0105 9746BD9A 		.ascii	"\227F\275\232.O\317\204\203\352\371\337\0128v\226\013"
 178      2E4FCF84 
 178      83EAF9DF 
 178      0A387696 
 178      0B
 179 0116 73D49035 		.ascii	"s\324\2205\017\032\301\014M`Fb3\314\307\337\365j\221"
 179      0F1AC10C 
 179      4D604662 
 179      33CCC7DF 
 179      F56A91
 180 0129 B43DEAAB 		.ascii	"\264=\352\2536\021\025\320y\275\363VP\277\350\020\206"
 180      361115D0 
 180      79BDF356 
 180      50BFE810 
 180      86
 181 013a 39049F5F 		.ascii	"9\004\237_\035O7\376\307L\370%\313w\302hKd8\0302\012"
 181      1D4F37FE 
 181      C74CF825 
 181      CB77C268 
 181      4B643818 
 182 0150 7EC1178D 		.ascii	"~\301\027\215v\010\300`p\010\010\034\206E\324\227\316"
 182      7608C060 
 182      7008081C 
 182      8645D497 
 182      CE
 183 0161 59101C01 		.ascii	"Y\020\034\001\013\006\356\274\035\030K!\353\031\275"
 183      0B06EEBC 
 183      1D184B21 
 183      EB19BD
 184 0170 F74ED3B0 		.ascii	"\367N\323\260\216A\\u\365\232\030\202\021\216\312\010"
 184      8E415C75 
 184      F59A1882 
 184      118ECA08 
 185 0180 47630437 		.ascii	"Gc\0047#\234\233\036\364\253\311\347\214p\356Vi\220"
 185      239C9B1E 
 185      F4ABC9E7 
 185      8C70EE56 
 185      6990
 186 0192 CA70B5B8 		.ascii	"\312p\265\270B\022\341\035\026\177L\026\177,\026\337"
 186      4212E11D 
 186      167F4C16 
 186      7F2C16DF 
 187 01a2 C2E29DF7 		.ascii	"\302\342\235\367~\357\000R\003\014p\336S\375\217F\004"
 187      7EEF0052 
 187      030C70DE 
 187      53FD8F46 
 187      04
 188 01b3 380ECA01 		.ascii	"8\016\312\001\307e\200\3431@+\003\234\335?\335\235B"
 188      C76580E3 
 188      31402B03 
 188      9CDD3FDD 
 188      9D42
 189 01c5 5A4540D7 		.ascii	"ZE@\327o\3737\322-\010\221\275\277\206\227\355\021\016"
 189      6FFB37D2 
 189      2D0891BD 
ARM GAS  C:\Users\Thomas\AppData\Local\Temp\cchu9ypV.s 			page 14


 189      BF8697ED 
 189      110E
 190 01d7 94094FA2 		.ascii	"\224\011O\242Q\251\016'd\220\0231\210\207A\302\265\027"
 190      51A90E27 
 190      64901331 
 190      888741C2 
 190      B517
 191 01e9 C70D6446 		.ascii	"\307\015dF\204x\357\354\273\316\012!\270\252\352\267"
 191      8478EFEC 
 191      BBCE0A21 
 191      B8AAEAB7 
 192 01f9 596432DA 		.ascii	"Yd2\332d\204\266\030\341$#\334|p\263K\313N|\011e\354"
 192      6484B618 
 192      E12423DC 
 192      7C70B34B 
 192      CB4E7C09 
 193 020f FAC2EB35 		.ascii	"\372\302\3535\261\023\3270\344\324\236\006\003\331-"
 193      B113D730 
 193      E4D49E06 
 193      03D92D
 194 021e 1EE36047 		.ascii	"\036\343`GE\205\216x\305E\351\367\247w\320\270yzv\222"
 194      45858E78 
 194      C545E9F7 
 194      A777D0B8 
 194      797A7692 
 195 0232 5FF5D576 		.ascii	"_\365\325v\022\266\214\322\327\252P\350\233G\004\364"
 195      12B68CD2 
 195      D7AA50E8 
 195      9B4704F4 
 196 0242 690E4128 		.ascii	"i\016A(\023\"\273\004\262\200\203Efx\335\314\3019HC"
 196      1322BB04 
 196      B2808345 
 196      6678DDCC 
 196      C1394843 
 197 0256 37A6074E 		.ascii	"7\246\007N\343\3559\203\267\247\001\357F\344I\317\241"
 197      E3ED3983 
 197      B7A701EF 
 197      46E449CF 
 197      A1
 198 0267 D5E5C272 		.ascii	"\325\345\302r8\013z8\365T1\313 \335\227\016\367\025"
 198      380B7A38 
 198      F55431CB 
 198      20DD970E 
 198      F715
 199 0279 A78E8445 		.ascii	"\247\216\204E\005}\341\207\177\031\231\3629tY;4>M\230"
 199      057DE187 
 199      7F1999F2 
 199      3974593B 
 199      343E4D98 
 200 028d 72155DEE 		.ascii	"r\025]\356\373s\362L2\231L\024k\021\305\326\334}\350"
 200      FB73F24C 
 200      32994C14 
 200      6B11C5D6 
 200      DC7DE8
 201 02a0 D1B16534 		.ascii	"\321\261e4J\250\332\231\333\356F\015\244\351\251\014"
 201      4AA8DA99 
 201      DBEE460D 
ARM GAS  C:\Users\Thomas\AppData\Local\Temp\cchu9ypV.s 			page 15


 201      A4E9A90C 
 202 02b0 D7E11480 		.ascii	"\327\341\024\200n\224\320\025\227`\221$\260\335\010"
 202      6E94D015 
 202      97609124 
 202      B0DD08
 203 02bf E5425293 		.ascii	"\345BR\223\211\003\037j\357D\355\360#n\310\"m\350<>"
 203      89031F6A 
 203      EF44EDF0 
 203      236EC822 
 203      6DE83C3E 
 204 02d3 BC800F31 		.ascii	"\274\200\0171\313\231^\377\224\226\334\027\025<\366"
 204      CB995EFF 
 204      9496DC17 
 204      153CF6
 205 02e2 9697AB48 		.ascii	"\226\227\253H)\241\213\244\013\375mUjHM\235\233\226"
 205      29A18BA4 
 205      0BFD6D55 
 205      6A484D9D 
 205      9B96
 206 02f4 EA426264 		.ascii	"\352Bbdo\305^\223Spu\212y/b\336>\230\033\347\277F\277"
 206      6FC55E93 
 206      5370758A 
 206      792F62DE 
 206      3E981BE7 
 207 030b 2E1FFDC6 		.ascii	".\037\375\3068\352>z\347d\216\017I\264L\035\222\257"
 207      38EA3E7A 
 207      E7648E0F 
 207      49B44C1D 
 207      92AF
 208 031d 545AE6F9 		.ascii	"TZ\346\371\006u\254f\037\251 ,\267q\360\003\202\274"
 208      0675AC66 
 208      1FA9202C 
 208      B771F003 
 208      82BC
 209 032f EC13A5AE 		.ascii	"\354\023\245\256(\023~B\305\275\220\012=h\001He{\243"
 209      28137E42 
 209      C5BD900A 
 209      3D680148 
 209      657BA3
 210 0342 7B1F9D58 		.ascii	"{\037\235X\252\243N\\\354\266\210\203e\275\347\375\310"
 210      AAA34E5C 
 210      ECB68883 
 210      65BDE7FD 
 210      C8
 211 0353 57469842 		.ascii	"WF\230B\277\242\302F\246\020\253\351\333\346\355\327"
 211      BFA2C246 
 211      A610ABE9 
 211      DBE6EDD7 
 212 0363 41DA5C46 		.ascii	"A\332\\F\234\321\000\364\243o{\274\2324\001\033J\"\341"
 212      9CD100F4 
 212      A36F7BBC 
 212      9A34011B 
 212      4A22E1
 213 0376 126A7B9E 		.ascii	"\022j{\236N,\346\203\251\355\223ZR\305\212\011\215\235"
 213      4E2CE683 
 213      A9ED935A 
 213      52C58A09 
ARM GAS  C:\Users\Thomas\AppData\Local\Temp\cchu9ypV.s 			page 16


 213      8D9D
 214 0388 5FDF5767 		.ascii	"_\337Wgx\004\207k\001KD\375\351\265\2421\3644\002\342"
 214      7804876B 
 214      014B44FD 
 214      E9B5A231 
 214      F43402E2 
 215 039c 3F759D1C 		.ascii	"?u\235\034\032\010\032\027\036\3003\216\014\017O\250"
 215      1A081A17 
 215      1EC0338E 
 215      0C0F4FA8 
 216 03ac 4A05179E 		.ascii	"J\005\027\236&\375FX\340\200\250PV\256\001\372\251\300"
 216      26FD4658 
 216      E080A850 
 216      56AE01FA 
 216      A9C0
 217 03be CF90C1C1 		.ascii	"\317\220\301\301eXH\333\343\245k#\2044\211\211#\216"
 217      655848DB 
 217      E3A56B23 
 217      84348989 
 217      238E
 218 03d0 AABB6ABD 		.ascii	"\252\273j\275\203\336\207\027\274\022\252\232\2437j"
 218      83DE8717 
 218      BC12AA9A 
 218      A3376A
 219 03df 41BA6791 		.ascii	"A\272g\221'\315\035\306\036A\320\301 \226\364J\274<"
 219      27CD1DC6 
 219      1E41D0C1 
 219      2096F44A 
 219      BC3C
 220 03f1 4188DF36 		.ascii	"A\210\3376\005\364/\312\267m\307\304\375zCL\215\343"
 220      05F42FCA 
 220      B76DC7C4 
 220      FD7A434C 
 220      8DE3
 221 0403 85429ABB 		.ascii	"\205B\232\273\332\353\014\306Jz\247\261\235'\373M0\204"
 221      DAEB0CC6 
 221      4A7AA7B1 
 221      9D27FB4D 
 221      3084
 222 0415 4AE20D7D 		.ascii	"J\342\015}\030\214\254Q\340?z\007\232\272\0074\011\336"
 222      188CAC51 
 222      E03F7A07 
 222      9ABA0734 
 222      09DE
 223 0427 B46871EF 		.ascii	"\264hq\357\220\344\035b\336\007\253\273I\202\363`\002"
 223      90E41D62 
 223      DE07ABBB 
 223      4982F360 
 223      02
 224 0438 FAAAE47C 		.ascii	"\372\252\344|\2259\327\354\356\253\323\0227+\253z\354"
 224      9539D7EC 
 224      EEABD312 
 224      372BAB7A 
 224      EC
 225 0449 D1C8032D 		.ascii	"\321\310\003-\230\223\323\314N\254\315\015H\346*X\017"
 225      9893D3CC 
 225      4EACCD0D 
ARM GAS  C:\Users\Thomas\AppData\Local\Temp\cchu9ypV.s 			page 17


 225      48E62A58 
 225      0F
 226 045a 29DB39E7 		.ascii	")\3339\347\323\247=d\004wD_qp\035\2317\245\016\342\300"
 226      D3A73D64 
 226      0477445F 
 226      71701D99 
 226      37A50EE2 
 227 046f E6814FE1 		.ascii	"\346\201O\341\232\324\342\304\341\304\347\"\210\376"
 227      9AD4E2C4 
 227      E1C4E722 
 227      88FE
 228 047d 603AA166 		.ascii	"`:\241f{\203\216x\304Sl\373\273\262=E\254\333\177\267"
 228      7B838E78 
 228      C4536CFB 
 228      BBB23D45 
 228      ACDB7FB7 
 229 0491 293CC2E0 		.ascii	")<\302\340\245\312\301d\261\261=\033q{\226\306\346z"
 229      A5CAC164 
 229      B1B13D1B 
 229      717B96C6 
 229      E67A
 230 04a3 9CAE8330 		.ascii	"\234\256\2030\356\1774~\310\267 \336\325\276\014\327"
 230      EE7F347E 
 230      C8B720DE 
 230      D5BE0CD7 
 231 04b3 068C09C5 		.ascii	"\006\214\011\305\012'\024kL*\326\030+\326\210\323W\251"
 231      0A27146B 
 231      4C2AD618 
 231      2BD688D3 
 231      57A9
 232 04c5 4EF0A61D 		.ascii	"N\360\246\035>\356=\016\306X\022\234r\257dZ\013\213"
 232      3EEE3D0E 
 232      C658129C 
 232      72AF645A 
 232      0B8B
 233 04d7 AD057C96 		.ascii	"\255\005|\226\325f\317}+w\015\277\351\335%\271\331y"
 233      D566CF7D 
 233      2B770DBF 
 233      E9DD25B9 
 233      D979
 234 04e9 9FF1F8FC 		.ascii	"\237\361\370\374\343\315\2334\253>Xg\311\344\226.\316"
 234      E3CD9B34 
 234      AB3E5867 
 234      C9E4962E 
 234      CE
 235 04fa 59C517F2 		.ascii	"Y\305\027\362\266<;\27717\333Zb\313\347s\262\262\255"
 235      B63C3BBF 
 235      3137DB5A 
 235      62CBE773 
 235      B2B2AD
 236 050d 996FE728 		.ascii	"\231o\347(\205g\275\2778\237{U\351\315\032\276\330n"
 236      8567BDBF 
 236      389F7B55 
 236      E9CD1ABE 
 236      D86E
 237 051f B549EC97 		.ascii	"\265I\354\227\025S\027\360|\221Y\351\315\207y[\370\222"
 237      155317F0 
ARM GAS  C:\Users\Thomas\AppData\Local\Temp\cchu9ypV.s 			page 18


 237      7C9159E9 
 237      CD87795B 
 237      F892
 238 0531 A2058A41 		.ascii	"\242\005\212Avk\321\233\377G\342\342O8\305\034\357\025"
 238      766BD19B 
 238      FF47E2E2 
 238      4F38C51C 
 238      EF15
 239 0543 E66D28E0 		.ascii	"\346m(\340\025\245\257\\\221\271z]Vn\366\3325\3532\327"
 239      15A5AF5C 
 239      91B97A5D 
 239      566EF6DA 
 239      35EB32D7 
 240 0557 26956C2E 		.ascii	"&\225l.\264/[8k\312\374\255\366\255E|1\2461\360\014"
 240      B42F5B38 
 240      6BCAFCAD 
 240      F6AD457C 
 240      31A631F0 
 241 056c 996D4727 		.ascii	"\231mG'\015\215J\3170\024cy\263m+\226 86O\307\271\242"
 241      0D8D4ACF 
 241      30146379 
 241      B36D2B96 
 241      2038364F 
 242 0583 A20D79F9 		.ascii	"\242\015y\371[J\212\222l\374\246\364\214\244\334\225"
 242      5B4A8A92 
 242      6CFCA6F4 
 242      8CA4DC95 
 243 0593 566B811A 		.ascii	"Vk\201\032\347\313\376\005\272i%z"
 243      E7CBFE05 
 243      BA69257A 
 244              		.text
 245              		.section	.gnu.lto_.symtab.be1c27a0,"",%progbits
 246 0000 436F6E73 		.ascii	"ConsolePort_3_RegD0_SaveConfig\000\000\000\000\000\000"
 246      6F6C6550 
 246      6F72745F 
 246      335F5265 
 246      6744305F 
 247 0024 00000000 		.ascii	"\000\000\000\000\000\000\254\000\000\000ConsolePort"
 247      0000AC00 
 247      0000436F 
 247      6E736F6C 
 247      65506F72 
 248 0039 5F335F52 		.ascii	"_3_RegD0_RestoreConfig\000\000\000\000\000\000\000\000"
 248      65674430 
 248      5F526573 
 248      746F7265 
 248      436F6E66 
 249 0057 00000000 		.ascii	"\000\000\000\000\256\000\000\000ConsolePort_3_RegD0"
 249      AE000000 
 249      436F6E73 
 249      6F6C6550 
 249      6F72745F 
 250 0072 5F536C65 		.ascii	"_Sleep\000\000\000\000\000\000\000\000\000\000\000\000"
 250      65700000 
 250      00000000 
 250      00000000 
 250      0000
ARM GAS  C:\Users\Thomas\AppData\Local\Temp\cchu9ypV.s 			page 19


 251 0084 B0000000 		.ascii	"\260\000\000\000ConsolePort_3_RegD0_Wakeup\000\000\000"
 251      436F6E73 
 251      6F6C6550 
 251      6F72745F 
 251      335F5265 
 252 00a5 00000000 		.ascii	"\000\000\000\000\000\000\000\000\000\262\000\000\000"
 252      00000000 
 252      00B20000 
 252      00
 253 00b2 436F6E73 		.ascii	"ConsolePort_3_RegD0_Stop\000\000\002\000\000\000\000"
 253      6F6C6550 
 253      6F72745F 
 253      335F5265 
 253      6744305F 
 254 00d1 00000000 		.ascii	"\000\000\000\000\000\264\000\000\000ConsolePort_3_R"
 254      00B40000 
 254      00436F6E 
 254      736F6C65 
 254      506F7274 
 255 00e9 65674430 		.ascii	"egD0_Enable\000\000\002\000\000\000\000\000\000\000"
 255      5F456E61 
 255      626C6500 
 255      00020000 
 255      00000000 
 256 00fe 0000B600 		.ascii	"\000\000\266\000\000\000"
 256      0000
 257              		.text
 258              		.section	.gnu.lto_.opts,"",%progbits
 259 0000 272D666E 		.ascii	"'-fno-trapv' '-mcpu=cortex-m3' '-mthumb' '-g' '-O3'"
 259      6F2D7472 
 259      61707627 
 259      20272D6D 
 259      6370753D 
 260 0033 20272D66 		.ascii	" '-ffunction-sections' '-finline-functions' '-flto'"
 260      66756E63 
 260      74696F6E 
 260      2D736563 
 260      74696F6E 
 261 0066 20272D66 		.ascii	" '-ffat-lto-objects'\000"
 261      6661742D 
 261      6C746F2D 
 261      6F626A65 
 261      63747327 
 262              		.text
 263              		.cfi_sections	.debug_frame
 264              		.section	.text.ConsolePort_3_RegD0_SaveConfig,"ax",%progbits
 265              		.align	2
 266              		.global	ConsolePort_3_RegD0_SaveConfig
 267              		.thumb
 268              		.thumb_func
 269              		.type	ConsolePort_3_RegD0_SaveConfig, %function
 270              	ConsolePort_3_RegD0_SaveConfig:
 271              	.LFB0:
 272              		.file 1 ".\\Generated_Source\\PSoC5\\ConsolePort_3_RegD0_PM.c"
   1:.\Generated_Source\PSoC5/ConsolePort_3_RegD0_PM.c **** /*******************************************************************************
   2:.\Generated_Source\PSoC5/ConsolePort_3_RegD0_PM.c **** * File Name: ConsolePort_3_RegD0_PM.c
   3:.\Generated_Source\PSoC5/ConsolePort_3_RegD0_PM.c **** * Version 2.30
ARM GAS  C:\Users\Thomas\AppData\Local\Temp\cchu9ypV.s 			page 20


   4:.\Generated_Source\PSoC5/ConsolePort_3_RegD0_PM.c **** *
   5:.\Generated_Source\PSoC5/ConsolePort_3_RegD0_PM.c **** * Description:
   6:.\Generated_Source\PSoC5/ConsolePort_3_RegD0_PM.c **** *  This file provides the API source code for sleep mode support for Shift
   7:.\Generated_Source\PSoC5/ConsolePort_3_RegD0_PM.c **** *  Register component.
   8:.\Generated_Source\PSoC5/ConsolePort_3_RegD0_PM.c **** *
   9:.\Generated_Source\PSoC5/ConsolePort_3_RegD0_PM.c **** * Note:
  10:.\Generated_Source\PSoC5/ConsolePort_3_RegD0_PM.c **** *
  11:.\Generated_Source\PSoC5/ConsolePort_3_RegD0_PM.c **** ********************************************************************************
  12:.\Generated_Source\PSoC5/ConsolePort_3_RegD0_PM.c **** * Copyright 2008-2013, Cypress Semiconductor Corporation.  All rights reserved.
  13:.\Generated_Source\PSoC5/ConsolePort_3_RegD0_PM.c **** * You may use this file only in accordance with the license, terms, conditions,
  14:.\Generated_Source\PSoC5/ConsolePort_3_RegD0_PM.c **** * disclaimers, and limitations in the end user license agreement accompanying
  15:.\Generated_Source\PSoC5/ConsolePort_3_RegD0_PM.c **** * the software package with which this file was provided.
  16:.\Generated_Source\PSoC5/ConsolePort_3_RegD0_PM.c **** *******************************************************************************/
  17:.\Generated_Source\PSoC5/ConsolePort_3_RegD0_PM.c **** 
  18:.\Generated_Source\PSoC5/ConsolePort_3_RegD0_PM.c **** #include "ConsolePort_3_RegD0.h"
  19:.\Generated_Source\PSoC5/ConsolePort_3_RegD0_PM.c **** 
  20:.\Generated_Source\PSoC5/ConsolePort_3_RegD0_PM.c **** static ConsolePort_3_RegD0_BACKUP_STRUCT ConsolePort_3_RegD0_backup =
  21:.\Generated_Source\PSoC5/ConsolePort_3_RegD0_PM.c **** {
  22:.\Generated_Source\PSoC5/ConsolePort_3_RegD0_PM.c ****     ConsolePort_3_RegD0_DISABLED,
  23:.\Generated_Source\PSoC5/ConsolePort_3_RegD0_PM.c **** 
  24:.\Generated_Source\PSoC5/ConsolePort_3_RegD0_PM.c ****     ((uint16) ConsolePort_3_RegD0_DEFAULT_A0),
  25:.\Generated_Source\PSoC5/ConsolePort_3_RegD0_PM.c ****     ((uint16) ConsolePort_3_RegD0_DEFAULT_A1),
  26:.\Generated_Source\PSoC5/ConsolePort_3_RegD0_PM.c **** 
  27:.\Generated_Source\PSoC5/ConsolePort_3_RegD0_PM.c ****     #if(CY_UDB_V0)
  28:.\Generated_Source\PSoC5/ConsolePort_3_RegD0_PM.c ****         ((uint16) ConsolePort_3_RegD0_INT_SRC),
  29:.\Generated_Source\PSoC5/ConsolePort_3_RegD0_PM.c ****     #endif /* (CY_UDB_V0) */
  30:.\Generated_Source\PSoC5/ConsolePort_3_RegD0_PM.c **** };
  31:.\Generated_Source\PSoC5/ConsolePort_3_RegD0_PM.c **** 
  32:.\Generated_Source\PSoC5/ConsolePort_3_RegD0_PM.c **** 
  33:.\Generated_Source\PSoC5/ConsolePort_3_RegD0_PM.c **** /*******************************************************************************
  34:.\Generated_Source\PSoC5/ConsolePort_3_RegD0_PM.c **** * Function Name: ConsolePort_3_RegD0_SaveConfig
  35:.\Generated_Source\PSoC5/ConsolePort_3_RegD0_PM.c **** ********************************************************************************
  36:.\Generated_Source\PSoC5/ConsolePort_3_RegD0_PM.c **** *
  37:.\Generated_Source\PSoC5/ConsolePort_3_RegD0_PM.c **** * Summary:
  38:.\Generated_Source\PSoC5/ConsolePort_3_RegD0_PM.c **** *  Saves Shift Register configuration.
  39:.\Generated_Source\PSoC5/ConsolePort_3_RegD0_PM.c **** *
  40:.\Generated_Source\PSoC5/ConsolePort_3_RegD0_PM.c **** * Parameters:
  41:.\Generated_Source\PSoC5/ConsolePort_3_RegD0_PM.c **** *  None.
  42:.\Generated_Source\PSoC5/ConsolePort_3_RegD0_PM.c **** *
  43:.\Generated_Source\PSoC5/ConsolePort_3_RegD0_PM.c **** * Return:
  44:.\Generated_Source\PSoC5/ConsolePort_3_RegD0_PM.c **** *  None.
  45:.\Generated_Source\PSoC5/ConsolePort_3_RegD0_PM.c **** *
  46:.\Generated_Source\PSoC5/ConsolePort_3_RegD0_PM.c **** * Reentrant:
  47:.\Generated_Source\PSoC5/ConsolePort_3_RegD0_PM.c **** *  No.
  48:.\Generated_Source\PSoC5/ConsolePort_3_RegD0_PM.c **** *
  49:.\Generated_Source\PSoC5/ConsolePort_3_RegD0_PM.c **** *******************************************************************************/
  50:.\Generated_Source\PSoC5/ConsolePort_3_RegD0_PM.c **** void ConsolePort_3_RegD0_SaveConfig(void) 
  51:.\Generated_Source\PSoC5/ConsolePort_3_RegD0_PM.c **** {
 273              		.loc 1 51 0
 274              		.cfi_startproc
 275              		@ args = 0, pretend = 0, frame = 0
 276              		@ frame_needed = 0, uses_anonymous_args = 0
 277              		@ link register save eliminated.
  52:.\Generated_Source\PSoC5/ConsolePort_3_RegD0_PM.c ****     /* Store working registers A0 and A1 */
  53:.\Generated_Source\PSoC5/ConsolePort_3_RegD0_PM.c ****     ConsolePort_3_RegD0_backup.saveSrA0Reg   = CY_GET_REG16(ConsolePort_3_RegD0_SHIFT_REG_LSB_PTR);
 278              		.loc 1 53 0
 279 0000 034B     		ldr	r3, .L2
ARM GAS  C:\Users\Thomas\AppData\Local\Temp\cchu9ypV.s 			page 21


  54:.\Generated_Source\PSoC5/ConsolePort_3_RegD0_PM.c ****     ConsolePort_3_RegD0_backup.saveSrA1Reg   = CY_GET_REG16(ConsolePort_3_RegD0_SHIFT_REG_VALUE_LSB
 280              		.loc 1 54 0
 281 0002 044A     		ldr	r2, .L2+4
  53:.\Generated_Source\PSoC5/ConsolePort_3_RegD0_PM.c ****     ConsolePort_3_RegD0_backup.saveSrA1Reg   = CY_GET_REG16(ConsolePort_3_RegD0_SHIFT_REG_VALUE_LSB
 282              		.loc 1 53 0
 283 0004 1988     		ldrh	r1, [r3]
 284 0006 044B     		ldr	r3, .L2+8
 285              		.loc 1 54 0
 286 0008 1288     		ldrh	r2, [r2]
  53:.\Generated_Source\PSoC5/ConsolePort_3_RegD0_PM.c ****     ConsolePort_3_RegD0_backup.saveSrA1Reg   = CY_GET_REG16(ConsolePort_3_RegD0_SHIFT_REG_VALUE_LSB
 287              		.loc 1 53 0
 288 000a 5980     		strh	r1, [r3, #2]	@ movhi
 289              		.loc 1 54 0
 290 000c 9A80     		strh	r2, [r3, #4]	@ movhi
 291 000e 7047     		bx	lr
 292              	.L3:
 293              		.align	2
 294              	.L2:
 295 0010 00640040 		.word	1073767424
 296 0014 10640040 		.word	1073767440
 297 0018 00000000 		.word	.LANCHOR0
 298              		.cfi_endproc
 299              	.LFE0:
 300              		.size	ConsolePort_3_RegD0_SaveConfig, .-ConsolePort_3_RegD0_SaveConfig
 301              		.section	.text.ConsolePort_3_RegD0_RestoreConfig,"ax",%progbits
 302              		.align	2
 303              		.global	ConsolePort_3_RegD0_RestoreConfig
 304              		.thumb
 305              		.thumb_func
 306              		.type	ConsolePort_3_RegD0_RestoreConfig, %function
 307              	ConsolePort_3_RegD0_RestoreConfig:
 308              	.LFB1:
  55:.\Generated_Source\PSoC5/ConsolePort_3_RegD0_PM.c **** 
  56:.\Generated_Source\PSoC5/ConsolePort_3_RegD0_PM.c ****     #if(CY_UDB_V0)
  57:.\Generated_Source\PSoC5/ConsolePort_3_RegD0_PM.c ****         ConsolePort_3_RegD0_backup.saveSrIntMask = ConsolePort_3_RegD0_SR_STATUS_MASK;
  58:.\Generated_Source\PSoC5/ConsolePort_3_RegD0_PM.c ****     #endif /* (CY_UDB_V0) */
  59:.\Generated_Source\PSoC5/ConsolePort_3_RegD0_PM.c **** }
  60:.\Generated_Source\PSoC5/ConsolePort_3_RegD0_PM.c **** 
  61:.\Generated_Source\PSoC5/ConsolePort_3_RegD0_PM.c **** 
  62:.\Generated_Source\PSoC5/ConsolePort_3_RegD0_PM.c **** /*******************************************************************************
  63:.\Generated_Source\PSoC5/ConsolePort_3_RegD0_PM.c **** * Function Name: ConsolePort_3_RegD0_RestoreConfig
  64:.\Generated_Source\PSoC5/ConsolePort_3_RegD0_PM.c **** ********************************************************************************
  65:.\Generated_Source\PSoC5/ConsolePort_3_RegD0_PM.c **** *
  66:.\Generated_Source\PSoC5/ConsolePort_3_RegD0_PM.c **** * Summary:
  67:.\Generated_Source\PSoC5/ConsolePort_3_RegD0_PM.c **** *  Restores Shift Register configuration.
  68:.\Generated_Source\PSoC5/ConsolePort_3_RegD0_PM.c **** *
  69:.\Generated_Source\PSoC5/ConsolePort_3_RegD0_PM.c **** * Parameters:
  70:.\Generated_Source\PSoC5/ConsolePort_3_RegD0_PM.c **** *  None.
  71:.\Generated_Source\PSoC5/ConsolePort_3_RegD0_PM.c **** *
  72:.\Generated_Source\PSoC5/ConsolePort_3_RegD0_PM.c **** * Return:
  73:.\Generated_Source\PSoC5/ConsolePort_3_RegD0_PM.c **** *  None.
  74:.\Generated_Source\PSoC5/ConsolePort_3_RegD0_PM.c **** *
  75:.\Generated_Source\PSoC5/ConsolePort_3_RegD0_PM.c **** *******************************************************************************/
  76:.\Generated_Source\PSoC5/ConsolePort_3_RegD0_PM.c **** void ConsolePort_3_RegD0_RestoreConfig(void) 
  77:.\Generated_Source\PSoC5/ConsolePort_3_RegD0_PM.c **** {
 309              		.loc 1 77 0
 310              		.cfi_startproc
ARM GAS  C:\Users\Thomas\AppData\Local\Temp\cchu9ypV.s 			page 22


 311              		@ args = 0, pretend = 0, frame = 0
 312              		@ frame_needed = 0, uses_anonymous_args = 0
 313              		@ link register save eliminated.
  78:.\Generated_Source\PSoC5/ConsolePort_3_RegD0_PM.c ****     /* Restore working registers A0 and A1 */
  79:.\Generated_Source\PSoC5/ConsolePort_3_RegD0_PM.c ****     CY_SET_REG16(ConsolePort_3_RegD0_SHIFT_REG_LSB_PTR, ConsolePort_3_RegD0_backup.saveSrA0Reg);
 314              		.loc 1 79 0
 315 0000 034B     		ldr	r3, .L5
 316 0002 0449     		ldr	r1, .L5+4
  80:.\Generated_Source\PSoC5/ConsolePort_3_RegD0_PM.c ****     CY_SET_REG16(ConsolePort_3_RegD0_SHIFT_REG_VALUE_LSB_PTR, ConsolePort_3_RegD0_backup.saveSrA1Re
 317              		.loc 1 80 0
 318 0004 9A88     		ldrh	r2, [r3, #4]
  79:.\Generated_Source\PSoC5/ConsolePort_3_RegD0_PM.c ****     CY_SET_REG16(ConsolePort_3_RegD0_SHIFT_REG_VALUE_LSB_PTR, ConsolePort_3_RegD0_backup.saveSrA1Re
 319              		.loc 1 79 0
 320 0006 5888     		ldrh	r0, [r3, #2]
 321              		.loc 1 80 0
 322 0008 034B     		ldr	r3, .L5+8
  79:.\Generated_Source\PSoC5/ConsolePort_3_RegD0_PM.c ****     CY_SET_REG16(ConsolePort_3_RegD0_SHIFT_REG_VALUE_LSB_PTR, ConsolePort_3_RegD0_backup.saveSrA1Re
 323              		.loc 1 79 0
 324 000a 0880     		strh	r0, [r1]	@ movhi
 325              		.loc 1 80 0
 326 000c 1A80     		strh	r2, [r3]	@ movhi
 327 000e 7047     		bx	lr
 328              	.L6:
 329              		.align	2
 330              	.L5:
 331 0010 00000000 		.word	.LANCHOR0
 332 0014 00640040 		.word	1073767424
 333 0018 10640040 		.word	1073767440
 334              		.cfi_endproc
 335              	.LFE1:
 336              		.size	ConsolePort_3_RegD0_RestoreConfig, .-ConsolePort_3_RegD0_RestoreConfig
 337              		.section	.text.ConsolePort_3_RegD0_Sleep,"ax",%progbits
 338              		.align	2
 339              		.global	ConsolePort_3_RegD0_Sleep
 340              		.thumb
 341              		.thumb_func
 342              		.type	ConsolePort_3_RegD0_Sleep, %function
 343              	ConsolePort_3_RegD0_Sleep:
 344              	.LFB2:
  81:.\Generated_Source\PSoC5/ConsolePort_3_RegD0_PM.c **** 
  82:.\Generated_Source\PSoC5/ConsolePort_3_RegD0_PM.c ****     #if(CY_UDB_V0)
  83:.\Generated_Source\PSoC5/ConsolePort_3_RegD0_PM.c ****         ConsolePort_3_RegD0_SR_STATUS_MASK = ((uint8) ConsolePort_3_RegD0_backup.saveSrIntMask);
  84:.\Generated_Source\PSoC5/ConsolePort_3_RegD0_PM.c ****     #endif /* (CY_UDB_V0) */
  85:.\Generated_Source\PSoC5/ConsolePort_3_RegD0_PM.c **** }
  86:.\Generated_Source\PSoC5/ConsolePort_3_RegD0_PM.c **** 
  87:.\Generated_Source\PSoC5/ConsolePort_3_RegD0_PM.c **** 
  88:.\Generated_Source\PSoC5/ConsolePort_3_RegD0_PM.c **** /*******************************************************************************
  89:.\Generated_Source\PSoC5/ConsolePort_3_RegD0_PM.c **** * Function Name: ConsolePort_3_RegD0_Sleep
  90:.\Generated_Source\PSoC5/ConsolePort_3_RegD0_PM.c **** ********************************************************************************
  91:.\Generated_Source\PSoC5/ConsolePort_3_RegD0_PM.c **** *
  92:.\Generated_Source\PSoC5/ConsolePort_3_RegD0_PM.c **** * Summary:
  93:.\Generated_Source\PSoC5/ConsolePort_3_RegD0_PM.c **** *  Prepare the component to enter a Sleep mode.
  94:.\Generated_Source\PSoC5/ConsolePort_3_RegD0_PM.c **** *
  95:.\Generated_Source\PSoC5/ConsolePort_3_RegD0_PM.c **** * Parameters:
  96:.\Generated_Source\PSoC5/ConsolePort_3_RegD0_PM.c **** *  None.
  97:.\Generated_Source\PSoC5/ConsolePort_3_RegD0_PM.c **** *
  98:.\Generated_Source\PSoC5/ConsolePort_3_RegD0_PM.c **** * Return:
ARM GAS  C:\Users\Thomas\AppData\Local\Temp\cchu9ypV.s 			page 23


  99:.\Generated_Source\PSoC5/ConsolePort_3_RegD0_PM.c **** *  None.
 100:.\Generated_Source\PSoC5/ConsolePort_3_RegD0_PM.c **** *
 101:.\Generated_Source\PSoC5/ConsolePort_3_RegD0_PM.c **** * Reentrant:
 102:.\Generated_Source\PSoC5/ConsolePort_3_RegD0_PM.c **** *  No.
 103:.\Generated_Source\PSoC5/ConsolePort_3_RegD0_PM.c **** *
 104:.\Generated_Source\PSoC5/ConsolePort_3_RegD0_PM.c **** *******************************************************************************/
 105:.\Generated_Source\PSoC5/ConsolePort_3_RegD0_PM.c **** void ConsolePort_3_RegD0_Sleep(void) 
 106:.\Generated_Source\PSoC5/ConsolePort_3_RegD0_PM.c **** {
 345              		.loc 1 106 0
 346              		.cfi_startproc
 347              		@ args = 0, pretend = 0, frame = 0
 348              		@ frame_needed = 0, uses_anonymous_args = 0
 349 0000 10B5     		push	{r4, lr}
 350              		.cfi_def_cfa_offset 8
 351              		.cfi_offset 4, -8
 352              		.cfi_offset 14, -4
 107:.\Generated_Source\PSoC5/ConsolePort_3_RegD0_PM.c ****     ConsolePort_3_RegD0_backup.enableState = ((uint8) ConsolePort_3_RegD0_IS_ENABLED);
 353              		.loc 1 107 0
 354 0002 074B     		ldr	r3, .L9
 355 0004 074C     		ldr	r4, .L9+4
 356 0006 1B78     		ldrb	r3, [r3]	@ zero_extendqisi2
 357 0008 03F00103 		and	r3, r3, #1
 358 000c 2370     		strb	r3, [r4]
 108:.\Generated_Source\PSoC5/ConsolePort_3_RegD0_PM.c **** 
 109:.\Generated_Source\PSoC5/ConsolePort_3_RegD0_PM.c ****     ConsolePort_3_RegD0_Stop();
 359              		.loc 1 109 0
 360 000e FFF7FEFF 		bl	ConsolePort_3_RegD0_Stop
 361              	.LVL0:
 362              	.LBB6:
 363              	.LBB7:
  53:.\Generated_Source\PSoC5/ConsolePort_3_RegD0_PM.c ****     ConsolePort_3_RegD0_backup.saveSrA1Reg   = CY_GET_REG16(ConsolePort_3_RegD0_SHIFT_REG_VALUE_LSB
 364              		.loc 1 53 0
 365 0012 054A     		ldr	r2, .L9+8
  54:.\Generated_Source\PSoC5/ConsolePort_3_RegD0_PM.c **** 
 366              		.loc 1 54 0
 367 0014 054B     		ldr	r3, .L9+12
  53:.\Generated_Source\PSoC5/ConsolePort_3_RegD0_PM.c ****     ConsolePort_3_RegD0_backup.saveSrA1Reg   = CY_GET_REG16(ConsolePort_3_RegD0_SHIFT_REG_VALUE_LSB
 368              		.loc 1 53 0
 369 0016 1288     		ldrh	r2, [r2]
  54:.\Generated_Source\PSoC5/ConsolePort_3_RegD0_PM.c **** 
 370              		.loc 1 54 0
 371 0018 1B88     		ldrh	r3, [r3]
  53:.\Generated_Source\PSoC5/ConsolePort_3_RegD0_PM.c ****     ConsolePort_3_RegD0_backup.saveSrA1Reg   = CY_GET_REG16(ConsolePort_3_RegD0_SHIFT_REG_VALUE_LSB
 372              		.loc 1 53 0
 373 001a 6280     		strh	r2, [r4, #2]	@ movhi
  54:.\Generated_Source\PSoC5/ConsolePort_3_RegD0_PM.c **** 
 374              		.loc 1 54 0
 375 001c A380     		strh	r3, [r4, #4]	@ movhi
 376 001e 10BD     		pop	{r4, pc}
 377              	.L10:
 378              		.align	2
 379              	.L9:
 380 0020 71640040 		.word	1073767537
 381 0024 00000000 		.word	.LANCHOR0
 382 0028 00640040 		.word	1073767424
 383 002c 10640040 		.word	1073767440
 384              	.LBE7:
ARM GAS  C:\Users\Thomas\AppData\Local\Temp\cchu9ypV.s 			page 24


 385              	.LBE6:
 386              		.cfi_endproc
 387              	.LFE2:
 388              		.size	ConsolePort_3_RegD0_Sleep, .-ConsolePort_3_RegD0_Sleep
 389              		.section	.text.ConsolePort_3_RegD0_Wakeup,"ax",%progbits
 390              		.align	2
 391              		.global	ConsolePort_3_RegD0_Wakeup
 392              		.thumb
 393              		.thumb_func
 394              		.type	ConsolePort_3_RegD0_Wakeup, %function
 395              	ConsolePort_3_RegD0_Wakeup:
 396              	.LFB3:
 110:.\Generated_Source\PSoC5/ConsolePort_3_RegD0_PM.c ****     ConsolePort_3_RegD0_SaveConfig();
 111:.\Generated_Source\PSoC5/ConsolePort_3_RegD0_PM.c **** }
 112:.\Generated_Source\PSoC5/ConsolePort_3_RegD0_PM.c **** 
 113:.\Generated_Source\PSoC5/ConsolePort_3_RegD0_PM.c **** 
 114:.\Generated_Source\PSoC5/ConsolePort_3_RegD0_PM.c **** /*******************************************************************************
 115:.\Generated_Source\PSoC5/ConsolePort_3_RegD0_PM.c **** * Function Name: ConsolePort_3_RegD0_Wakeup
 116:.\Generated_Source\PSoC5/ConsolePort_3_RegD0_PM.c **** ********************************************************************************
 117:.\Generated_Source\PSoC5/ConsolePort_3_RegD0_PM.c **** *
 118:.\Generated_Source\PSoC5/ConsolePort_3_RegD0_PM.c **** * Summary:
 119:.\Generated_Source\PSoC5/ConsolePort_3_RegD0_PM.c **** *  Restores and enables the user configuration.
 120:.\Generated_Source\PSoC5/ConsolePort_3_RegD0_PM.c **** *
 121:.\Generated_Source\PSoC5/ConsolePort_3_RegD0_PM.c **** * Parameters:
 122:.\Generated_Source\PSoC5/ConsolePort_3_RegD0_PM.c **** *  None.
 123:.\Generated_Source\PSoC5/ConsolePort_3_RegD0_PM.c **** *
 124:.\Generated_Source\PSoC5/ConsolePort_3_RegD0_PM.c **** * Return:
 125:.\Generated_Source\PSoC5/ConsolePort_3_RegD0_PM.c **** *  None.
 126:.\Generated_Source\PSoC5/ConsolePort_3_RegD0_PM.c **** *
 127:.\Generated_Source\PSoC5/ConsolePort_3_RegD0_PM.c **** *******************************************************************************/
 128:.\Generated_Source\PSoC5/ConsolePort_3_RegD0_PM.c **** void ConsolePort_3_RegD0_Wakeup(void) 
 129:.\Generated_Source\PSoC5/ConsolePort_3_RegD0_PM.c **** {
 397              		.loc 1 129 0
 398              		.cfi_startproc
 399              		@ args = 0, pretend = 0, frame = 0
 400              		@ frame_needed = 0, uses_anonymous_args = 0
 401              		@ link register save eliminated.
 402 0000 10B4     		push	{r4}
 403              		.cfi_def_cfa_offset 4
 404              		.cfi_offset 4, -4
 405              	.LBB8:
 406              	.LBB9:
  79:.\Generated_Source\PSoC5/ConsolePort_3_RegD0_PM.c ****     CY_SET_REG16(ConsolePort_3_RegD0_SHIFT_REG_VALUE_LSB_PTR, ConsolePort_3_RegD0_backup.saveSrA1Re
 407              		.loc 1 79 0
 408 0002 084B     		ldr	r3, .L16
 409 0004 0848     		ldr	r0, .L16+4
 410 0006 5C88     		ldrh	r4, [r3, #2]
  80:.\Generated_Source\PSoC5/ConsolePort_3_RegD0_PM.c **** 
 411              		.loc 1 80 0
 412 0008 9988     		ldrh	r1, [r3, #4]
 413 000a 084A     		ldr	r2, .L16+8
  79:.\Generated_Source\PSoC5/ConsolePort_3_RegD0_PM.c ****     CY_SET_REG16(ConsolePort_3_RegD0_SHIFT_REG_VALUE_LSB_PTR, ConsolePort_3_RegD0_backup.saveSrA1Re
 414              		.loc 1 79 0
 415 000c 0480     		strh	r4, [r0]	@ movhi
  80:.\Generated_Source\PSoC5/ConsolePort_3_RegD0_PM.c **** 
 416              		.loc 1 80 0
 417 000e 1180     		strh	r1, [r2]	@ movhi
ARM GAS  C:\Users\Thomas\AppData\Local\Temp\cchu9ypV.s 			page 25


 418              	.LBE9:
 419              	.LBE8:
 130:.\Generated_Source\PSoC5/ConsolePort_3_RegD0_PM.c ****     ConsolePort_3_RegD0_RestoreConfig();
 131:.\Generated_Source\PSoC5/ConsolePort_3_RegD0_PM.c **** 
 132:.\Generated_Source\PSoC5/ConsolePort_3_RegD0_PM.c ****     if(0u != ConsolePort_3_RegD0_backup.enableState)
 420              		.loc 1 132 0
 421 0010 1B78     		ldrb	r3, [r3]	@ zero_extendqisi2
 422 0012 13B9     		cbnz	r3, .L15
 133:.\Generated_Source\PSoC5/ConsolePort_3_RegD0_PM.c ****     {
 134:.\Generated_Source\PSoC5/ConsolePort_3_RegD0_PM.c ****         ConsolePort_3_RegD0_Enable();
 135:.\Generated_Source\PSoC5/ConsolePort_3_RegD0_PM.c ****     }
 136:.\Generated_Source\PSoC5/ConsolePort_3_RegD0_PM.c **** }
 423              		.loc 1 136 0
 424 0014 5DF8044B 		ldr	r4, [sp], #4
 425              		.cfi_remember_state
 426              		.cfi_restore 4
 427              		.cfi_def_cfa_offset 0
 428 0018 7047     		bx	lr
 429              	.L15:
 430              		.cfi_restore_state
 431 001a 5DF8044B 		ldr	r4, [sp], #4
 432              		.cfi_restore 4
 433              		.cfi_def_cfa_offset 0
 134:.\Generated_Source\PSoC5/ConsolePort_3_RegD0_PM.c ****     }
 434              		.loc 1 134 0
 435 001e FFF7FEBF 		b	ConsolePort_3_RegD0_Enable
 436              	.LVL1:
 437              	.L17:
 438 0022 00BF     		.align	2
 439              	.L16:
 440 0024 00000000 		.word	.LANCHOR0
 441 0028 00640040 		.word	1073767424
 442 002c 10640040 		.word	1073767440
 443              		.cfi_endproc
 444              	.LFE3:
 445              		.size	ConsolePort_3_RegD0_Wakeup, .-ConsolePort_3_RegD0_Wakeup
 446              		.bss
 447              		.align	2
 448              		.set	.LANCHOR0,. + 0
 449              		.type	ConsolePort_3_RegD0_backup, %object
 450              		.size	ConsolePort_3_RegD0_backup, 6
 451              	ConsolePort_3_RegD0_backup:
 452 0000 00000000 		.space	6
 452      0000
 453 0006 0000     		.text
 454              	.Letext0:
 455              		.file 2 ".\\Generated_Source\\PSoC5\\cytypes.h"
 456              		.file 3 ".\\Generated_Source\\PSoC5\\ConsolePort_3_RegD0.h"
 457              		.section	.debug_info,"",%progbits
 458              	.Ldebug_info0:
 459 0000 9F010000 		.4byte	0x19f
 460 0004 0400     		.2byte	0x4
 461 0006 00000000 		.4byte	.Ldebug_abbrev0
 462 000a 04       		.byte	0x4
 463 000b 01       		.uleb128 0x1
 464 000c AF010000 		.4byte	.LASF27
 465 0010 01       		.byte	0x1
ARM GAS  C:\Users\Thomas\AppData\Local\Temp\cchu9ypV.s 			page 26


 466 0011 DE000000 		.4byte	.LASF28
 467 0015 17010000 		.4byte	.LASF29
 468 0019 00000000 		.4byte	.Ldebug_ranges0+0
 469 001d 00000000 		.4byte	0
 470 0021 00000000 		.4byte	.Ldebug_line0
 471 0025 02       		.uleb128 0x2
 472 0026 01       		.byte	0x1
 473 0027 06       		.byte	0x6
 474 0028 9C020000 		.4byte	.LASF0
 475 002c 02       		.uleb128 0x2
 476 002d 01       		.byte	0x1
 477 002e 08       		.byte	0x8
 478 002f B3000000 		.4byte	.LASF1
 479 0033 02       		.uleb128 0x2
 480 0034 02       		.byte	0x2
 481 0035 05       		.byte	0x5
 482 0036 7D020000 		.4byte	.LASF2
 483 003a 02       		.uleb128 0x2
 484 003b 02       		.byte	0x2
 485 003c 07       		.byte	0x7
 486 003d 5A000000 		.4byte	.LASF3
 487 0041 02       		.uleb128 0x2
 488 0042 04       		.byte	0x4
 489 0043 05       		.byte	0x5
 490 0044 87020000 		.4byte	.LASF4
 491 0048 02       		.uleb128 0x2
 492 0049 04       		.byte	0x4
 493 004a 07       		.byte	0x7
 494 004b C6000000 		.4byte	.LASF5
 495 004f 02       		.uleb128 0x2
 496 0050 08       		.byte	0x8
 497 0051 05       		.byte	0x5
 498 0052 A1010000 		.4byte	.LASF6
 499 0056 02       		.uleb128 0x2
 500 0057 08       		.byte	0x8
 501 0058 07       		.byte	0x7
 502 0059 66010000 		.4byte	.LASF7
 503 005d 03       		.uleb128 0x3
 504 005e 04       		.byte	0x4
 505 005f 05       		.byte	0x5
 506 0060 696E7400 		.ascii	"int\000"
 507 0064 02       		.uleb128 0x2
 508 0065 04       		.byte	0x4
 509 0066 07       		.byte	0x7
 510 0067 59010000 		.4byte	.LASF8
 511 006b 04       		.uleb128 0x4
 512 006c D8000000 		.4byte	.LASF9
 513 0070 02       		.byte	0x2
 514 0071 9201     		.2byte	0x192
 515 0073 2C000000 		.4byte	0x2c
 516 0077 04       		.uleb128 0x4
 517 0078 52010000 		.4byte	.LASF10
 518 007c 02       		.byte	0x2
 519 007d 9301     		.2byte	0x193
 520 007f 3A000000 		.4byte	0x3a
 521 0083 02       		.uleb128 0x2
 522 0084 04       		.byte	0x4
ARM GAS  C:\Users\Thomas\AppData\Local\Temp\cchu9ypV.s 			page 27


 523 0085 04       		.byte	0x4
 524 0086 AD000000 		.4byte	.LASF11
 525 008a 02       		.uleb128 0x2
 526 008b 08       		.byte	0x8
 527 008c 04       		.byte	0x4
 528 008d 10010000 		.4byte	.LASF12
 529 0091 02       		.uleb128 0x2
 530 0092 01       		.byte	0x1
 531 0093 08       		.byte	0x8
 532 0094 56020000 		.4byte	.LASF13
 533 0098 04       		.uleb128 0x4
 534 0099 C1000000 		.4byte	.LASF14
 535 009d 02       		.byte	0x2
 536 009e 3C02     		.2byte	0x23c
 537 00a0 A4000000 		.4byte	0xa4
 538 00a4 05       		.uleb128 0x5
 539 00a5 6B000000 		.4byte	0x6b
 540 00a9 04       		.uleb128 0x4
 541 00aa 00000000 		.4byte	.LASF15
 542 00ae 02       		.byte	0x2
 543 00af 3D02     		.2byte	0x23d
 544 00b1 B5000000 		.4byte	0xb5
 545 00b5 05       		.uleb128 0x5
 546 00b6 77000000 		.4byte	0x77
 547 00ba 02       		.uleb128 0x2
 548 00bb 04       		.byte	0x4
 549 00bc 07       		.byte	0x7
 550 00bd 98010000 		.4byte	.LASF16
 551 00c1 06       		.uleb128 0x6
 552 00c2 06       		.byte	0x6
 553 00c3 03       		.byte	0x3
 554 00c4 30       		.byte	0x30
 555 00c5 EE000000 		.4byte	0xee
 556 00c9 07       		.uleb128 0x7
 557 00ca 90020000 		.4byte	.LASF17
 558 00ce 03       		.byte	0x3
 559 00cf 32       		.byte	0x32
 560 00d0 6B000000 		.4byte	0x6b
 561 00d4 00       		.byte	0
 562 00d5 07       		.uleb128 0x7
 563 00d6 A8020000 		.4byte	.LASF18
 564 00da 03       		.byte	0x3
 565 00db 34       		.byte	0x34
 566 00dc 77000000 		.4byte	0x77
 567 00e0 02       		.byte	0x2
 568 00e1 07       		.uleb128 0x7
 569 00e2 6D000000 		.4byte	.LASF19
 570 00e6 03       		.byte	0x3
 571 00e7 35       		.byte	0x35
 572 00e8 77000000 		.4byte	0x77
 573 00ec 04       		.byte	0x4
 574 00ed 00       		.byte	0
 575 00ee 08       		.uleb128 0x8
 576 00ef B4020000 		.4byte	.LASF20
 577 00f3 03       		.byte	0x3
 578 00f4 3B       		.byte	0x3b
 579 00f5 C1000000 		.4byte	0xc1
ARM GAS  C:\Users\Thomas\AppData\Local\Temp\cchu9ypV.s 			page 28


 580 00f9 09       		.uleb128 0x9
 581 00fa 21000000 		.4byte	.LASF21
 582 00fe 01       		.byte	0x1
 583 00ff 32       		.byte	0x32
 584 0100 01       		.byte	0x1
 585 0101 09       		.uleb128 0x9
 586 0102 5B020000 		.4byte	.LASF22
 587 0106 01       		.byte	0x1
 588 0107 4C       		.byte	0x4c
 589 0108 01       		.byte	0x1
 590 0109 0A       		.uleb128 0xa
 591 010a F9000000 		.4byte	0xf9
 592 010e 00000000 		.4byte	.LFB0
 593 0112 1C000000 		.4byte	.LFE0-.LFB0
 594 0116 01       		.uleb128 0x1
 595 0117 9C       		.byte	0x9c
 596 0118 0A       		.uleb128 0xa
 597 0119 01010000 		.4byte	0x101
 598 011d 00000000 		.4byte	.LFB1
 599 0121 1C000000 		.4byte	.LFE1-.LFB1
 600 0125 01       		.uleb128 0x1
 601 0126 9C       		.byte	0x9c
 602 0127 0B       		.uleb128 0xb
 603 0128 40000000 		.4byte	.LASF23
 604 012c 01       		.byte	0x1
 605 012d 69       		.byte	0x69
 606 012e 00000000 		.4byte	.LFB2
 607 0132 30000000 		.4byte	.LFE2-.LFB2
 608 0136 01       		.uleb128 0x1
 609 0137 9C       		.byte	0x9c
 610 0138 55010000 		.4byte	0x155
 611 013c 0C       		.uleb128 0xc
 612 013d F9000000 		.4byte	0xf9
 613 0141 12000000 		.4byte	.LBB6
 614 0145 1E000000 		.4byte	.LBE6-.LBB6
 615 0149 01       		.byte	0x1
 616 014a 6E       		.byte	0x6e
 617 014b 0D       		.uleb128 0xd
 618 014c 12000000 		.4byte	.LVL0
 619 0150 94010000 		.4byte	0x194
 620 0154 00       		.byte	0
 621 0155 0B       		.uleb128 0xb
 622 0156 92000000 		.4byte	.LASF24
 623 015a 01       		.byte	0x1
 624 015b 80       		.byte	0x80
 625 015c 00000000 		.4byte	.LFB3
 626 0160 30000000 		.4byte	.LFE3-.LFB3
 627 0164 01       		.uleb128 0x1
 628 0165 9C       		.byte	0x9c
 629 0166 83010000 		.4byte	0x183
 630 016a 0C       		.uleb128 0xc
 631 016b 01010000 		.4byte	0x101
 632 016f 02000000 		.4byte	.LBB8
 633 0173 0E000000 		.4byte	.LBE8-.LBB8
 634 0177 01       		.byte	0x1
 635 0178 82       		.byte	0x82
 636 0179 0E       		.uleb128 0xe
ARM GAS  C:\Users\Thomas\AppData\Local\Temp\cchu9ypV.s 			page 29


 637 017a 22000000 		.4byte	.LVL1
 638 017e 9B010000 		.4byte	0x19b
 639 0182 00       		.byte	0
 640 0183 0F       		.uleb128 0xf
 641 0184 06000000 		.4byte	.LASF30
 642 0188 01       		.byte	0x1
 643 0189 14       		.byte	0x14
 644 018a EE000000 		.4byte	0xee
 645 018e 05       		.uleb128 0x5
 646 018f 03       		.byte	0x3
 647 0190 00000000 		.4byte	ConsolePort_3_RegD0_backup
 648 0194 10       		.uleb128 0x10
 649 0195 79000000 		.4byte	.LASF25
 650 0199 03       		.byte	0x3
 651 019a 43       		.byte	0x43
 652 019b 10       		.uleb128 0x10
 653 019c 7D010000 		.4byte	.LASF26
 654 01a0 03       		.byte	0x3
 655 01a1 45       		.byte	0x45
 656 01a2 00       		.byte	0
 657              		.section	.debug_abbrev,"",%progbits
 658              	.Ldebug_abbrev0:
 659 0000 01       		.uleb128 0x1
 660 0001 11       		.uleb128 0x11
 661 0002 01       		.byte	0x1
 662 0003 25       		.uleb128 0x25
 663 0004 0E       		.uleb128 0xe
 664 0005 13       		.uleb128 0x13
 665 0006 0B       		.uleb128 0xb
 666 0007 03       		.uleb128 0x3
 667 0008 0E       		.uleb128 0xe
 668 0009 1B       		.uleb128 0x1b
 669 000a 0E       		.uleb128 0xe
 670 000b 55       		.uleb128 0x55
 671 000c 17       		.uleb128 0x17
 672 000d 11       		.uleb128 0x11
 673 000e 01       		.uleb128 0x1
 674 000f 10       		.uleb128 0x10
 675 0010 17       		.uleb128 0x17
 676 0011 00       		.byte	0
 677 0012 00       		.byte	0
 678 0013 02       		.uleb128 0x2
 679 0014 24       		.uleb128 0x24
 680 0015 00       		.byte	0
 681 0016 0B       		.uleb128 0xb
 682 0017 0B       		.uleb128 0xb
 683 0018 3E       		.uleb128 0x3e
 684 0019 0B       		.uleb128 0xb
 685 001a 03       		.uleb128 0x3
 686 001b 0E       		.uleb128 0xe
 687 001c 00       		.byte	0
 688 001d 00       		.byte	0
 689 001e 03       		.uleb128 0x3
 690 001f 24       		.uleb128 0x24
 691 0020 00       		.byte	0
 692 0021 0B       		.uleb128 0xb
 693 0022 0B       		.uleb128 0xb
ARM GAS  C:\Users\Thomas\AppData\Local\Temp\cchu9ypV.s 			page 30


 694 0023 3E       		.uleb128 0x3e
 695 0024 0B       		.uleb128 0xb
 696 0025 03       		.uleb128 0x3
 697 0026 08       		.uleb128 0x8
 698 0027 00       		.byte	0
 699 0028 00       		.byte	0
 700 0029 04       		.uleb128 0x4
 701 002a 16       		.uleb128 0x16
 702 002b 00       		.byte	0
 703 002c 03       		.uleb128 0x3
 704 002d 0E       		.uleb128 0xe
 705 002e 3A       		.uleb128 0x3a
 706 002f 0B       		.uleb128 0xb
 707 0030 3B       		.uleb128 0x3b
 708 0031 05       		.uleb128 0x5
 709 0032 49       		.uleb128 0x49
 710 0033 13       		.uleb128 0x13
 711 0034 00       		.byte	0
 712 0035 00       		.byte	0
 713 0036 05       		.uleb128 0x5
 714 0037 35       		.uleb128 0x35
 715 0038 00       		.byte	0
 716 0039 49       		.uleb128 0x49
 717 003a 13       		.uleb128 0x13
 718 003b 00       		.byte	0
 719 003c 00       		.byte	0
 720 003d 06       		.uleb128 0x6
 721 003e 13       		.uleb128 0x13
 722 003f 01       		.byte	0x1
 723 0040 0B       		.uleb128 0xb
 724 0041 0B       		.uleb128 0xb
 725 0042 3A       		.uleb128 0x3a
 726 0043 0B       		.uleb128 0xb
 727 0044 3B       		.uleb128 0x3b
 728 0045 0B       		.uleb128 0xb
 729 0046 01       		.uleb128 0x1
 730 0047 13       		.uleb128 0x13
 731 0048 00       		.byte	0
 732 0049 00       		.byte	0
 733 004a 07       		.uleb128 0x7
 734 004b 0D       		.uleb128 0xd
 735 004c 00       		.byte	0
 736 004d 03       		.uleb128 0x3
 737 004e 0E       		.uleb128 0xe
 738 004f 3A       		.uleb128 0x3a
 739 0050 0B       		.uleb128 0xb
 740 0051 3B       		.uleb128 0x3b
 741 0052 0B       		.uleb128 0xb
 742 0053 49       		.uleb128 0x49
 743 0054 13       		.uleb128 0x13
 744 0055 38       		.uleb128 0x38
 745 0056 0B       		.uleb128 0xb
 746 0057 00       		.byte	0
 747 0058 00       		.byte	0
 748 0059 08       		.uleb128 0x8
 749 005a 16       		.uleb128 0x16
 750 005b 00       		.byte	0
ARM GAS  C:\Users\Thomas\AppData\Local\Temp\cchu9ypV.s 			page 31


 751 005c 03       		.uleb128 0x3
 752 005d 0E       		.uleb128 0xe
 753 005e 3A       		.uleb128 0x3a
 754 005f 0B       		.uleb128 0xb
 755 0060 3B       		.uleb128 0x3b
 756 0061 0B       		.uleb128 0xb
 757 0062 49       		.uleb128 0x49
 758 0063 13       		.uleb128 0x13
 759 0064 00       		.byte	0
 760 0065 00       		.byte	0
 761 0066 09       		.uleb128 0x9
 762 0067 2E       		.uleb128 0x2e
 763 0068 00       		.byte	0
 764 0069 3F       		.uleb128 0x3f
 765 006a 19       		.uleb128 0x19
 766 006b 03       		.uleb128 0x3
 767 006c 0E       		.uleb128 0xe
 768 006d 3A       		.uleb128 0x3a
 769 006e 0B       		.uleb128 0xb
 770 006f 3B       		.uleb128 0x3b
 771 0070 0B       		.uleb128 0xb
 772 0071 27       		.uleb128 0x27
 773 0072 19       		.uleb128 0x19
 774 0073 20       		.uleb128 0x20
 775 0074 0B       		.uleb128 0xb
 776 0075 00       		.byte	0
 777 0076 00       		.byte	0
 778 0077 0A       		.uleb128 0xa
 779 0078 2E       		.uleb128 0x2e
 780 0079 00       		.byte	0
 781 007a 31       		.uleb128 0x31
 782 007b 13       		.uleb128 0x13
 783 007c 11       		.uleb128 0x11
 784 007d 01       		.uleb128 0x1
 785 007e 12       		.uleb128 0x12
 786 007f 06       		.uleb128 0x6
 787 0080 40       		.uleb128 0x40
 788 0081 18       		.uleb128 0x18
 789 0082 9742     		.uleb128 0x2117
 790 0084 19       		.uleb128 0x19
 791 0085 00       		.byte	0
 792 0086 00       		.byte	0
 793 0087 0B       		.uleb128 0xb
 794 0088 2E       		.uleb128 0x2e
 795 0089 01       		.byte	0x1
 796 008a 3F       		.uleb128 0x3f
 797 008b 19       		.uleb128 0x19
 798 008c 03       		.uleb128 0x3
 799 008d 0E       		.uleb128 0xe
 800 008e 3A       		.uleb128 0x3a
 801 008f 0B       		.uleb128 0xb
 802 0090 3B       		.uleb128 0x3b
 803 0091 0B       		.uleb128 0xb
 804 0092 27       		.uleb128 0x27
 805 0093 19       		.uleb128 0x19
 806 0094 11       		.uleb128 0x11
 807 0095 01       		.uleb128 0x1
ARM GAS  C:\Users\Thomas\AppData\Local\Temp\cchu9ypV.s 			page 32


 808 0096 12       		.uleb128 0x12
 809 0097 06       		.uleb128 0x6
 810 0098 40       		.uleb128 0x40
 811 0099 18       		.uleb128 0x18
 812 009a 9742     		.uleb128 0x2117
 813 009c 19       		.uleb128 0x19
 814 009d 01       		.uleb128 0x1
 815 009e 13       		.uleb128 0x13
 816 009f 00       		.byte	0
 817 00a0 00       		.byte	0
 818 00a1 0C       		.uleb128 0xc
 819 00a2 1D       		.uleb128 0x1d
 820 00a3 00       		.byte	0
 821 00a4 31       		.uleb128 0x31
 822 00a5 13       		.uleb128 0x13
 823 00a6 11       		.uleb128 0x11
 824 00a7 01       		.uleb128 0x1
 825 00a8 12       		.uleb128 0x12
 826 00a9 06       		.uleb128 0x6
 827 00aa 58       		.uleb128 0x58
 828 00ab 0B       		.uleb128 0xb
 829 00ac 59       		.uleb128 0x59
 830 00ad 0B       		.uleb128 0xb
 831 00ae 00       		.byte	0
 832 00af 00       		.byte	0
 833 00b0 0D       		.uleb128 0xd
 834 00b1 898201   		.uleb128 0x4109
 835 00b4 00       		.byte	0
 836 00b5 11       		.uleb128 0x11
 837 00b6 01       		.uleb128 0x1
 838 00b7 31       		.uleb128 0x31
 839 00b8 13       		.uleb128 0x13
 840 00b9 00       		.byte	0
 841 00ba 00       		.byte	0
 842 00bb 0E       		.uleb128 0xe
 843 00bc 898201   		.uleb128 0x4109
 844 00bf 00       		.byte	0
 845 00c0 11       		.uleb128 0x11
 846 00c1 01       		.uleb128 0x1
 847 00c2 9542     		.uleb128 0x2115
 848 00c4 19       		.uleb128 0x19
 849 00c5 31       		.uleb128 0x31
 850 00c6 13       		.uleb128 0x13
 851 00c7 00       		.byte	0
 852 00c8 00       		.byte	0
 853 00c9 0F       		.uleb128 0xf
 854 00ca 34       		.uleb128 0x34
 855 00cb 00       		.byte	0
 856 00cc 03       		.uleb128 0x3
 857 00cd 0E       		.uleb128 0xe
 858 00ce 3A       		.uleb128 0x3a
 859 00cf 0B       		.uleb128 0xb
 860 00d0 3B       		.uleb128 0x3b
 861 00d1 0B       		.uleb128 0xb
 862 00d2 49       		.uleb128 0x49
 863 00d3 13       		.uleb128 0x13
 864 00d4 02       		.uleb128 0x2
ARM GAS  C:\Users\Thomas\AppData\Local\Temp\cchu9ypV.s 			page 33


 865 00d5 18       		.uleb128 0x18
 866 00d6 00       		.byte	0
 867 00d7 00       		.byte	0
 868 00d8 10       		.uleb128 0x10
 869 00d9 2E       		.uleb128 0x2e
 870 00da 00       		.byte	0
 871 00db 3F       		.uleb128 0x3f
 872 00dc 19       		.uleb128 0x19
 873 00dd 03       		.uleb128 0x3
 874 00de 0E       		.uleb128 0xe
 875 00df 3A       		.uleb128 0x3a
 876 00e0 0B       		.uleb128 0xb
 877 00e1 3B       		.uleb128 0x3b
 878 00e2 0B       		.uleb128 0xb
 879 00e3 27       		.uleb128 0x27
 880 00e4 19       		.uleb128 0x19
 881 00e5 3C       		.uleb128 0x3c
 882 00e6 19       		.uleb128 0x19
 883 00e7 00       		.byte	0
 884 00e8 00       		.byte	0
 885 00e9 00       		.byte	0
 886              		.section	.debug_aranges,"",%progbits
 887 0000 34000000 		.4byte	0x34
 888 0004 0200     		.2byte	0x2
 889 0006 00000000 		.4byte	.Ldebug_info0
 890 000a 04       		.byte	0x4
 891 000b 00       		.byte	0
 892 000c 0000     		.2byte	0
 893 000e 0000     		.2byte	0
 894 0010 00000000 		.4byte	.LFB0
 895 0014 1C000000 		.4byte	.LFE0-.LFB0
 896 0018 00000000 		.4byte	.LFB1
 897 001c 1C000000 		.4byte	.LFE1-.LFB1
 898 0020 00000000 		.4byte	.LFB2
 899 0024 30000000 		.4byte	.LFE2-.LFB2
 900 0028 00000000 		.4byte	.LFB3
 901 002c 30000000 		.4byte	.LFE3-.LFB3
 902 0030 00000000 		.4byte	0
 903 0034 00000000 		.4byte	0
 904              		.section	.debug_ranges,"",%progbits
 905              	.Ldebug_ranges0:
 906 0000 00000000 		.4byte	.LFB0
 907 0004 1C000000 		.4byte	.LFE0
 908 0008 00000000 		.4byte	.LFB1
 909 000c 1C000000 		.4byte	.LFE1
 910 0010 00000000 		.4byte	.LFB2
 911 0014 30000000 		.4byte	.LFE2
 912 0018 00000000 		.4byte	.LFB3
 913 001c 30000000 		.4byte	.LFE3
 914 0020 00000000 		.4byte	0
 915 0024 00000000 		.4byte	0
 916              		.section	.debug_line,"",%progbits
 917              	.Ldebug_line0:
 918 0000 D4000000 		.section	.debug_str,"MS",%progbits,1
 918      02006E00 
 918      00000201 
 918      FB0E0D00 
ARM GAS  C:\Users\Thomas\AppData\Local\Temp\cchu9ypV.s 			page 34


 918      01010101 
 919              	.LASF15:
 920 0000 72656731 		.ascii	"reg16\000"
 920      3600
 921              	.LASF30:
 922 0006 436F6E73 		.ascii	"ConsolePort_3_RegD0_backup\000"
 922      6F6C6550 
 922      6F72745F 
 922      335F5265 
 922      6744305F 
 923              	.LASF21:
 924 0021 436F6E73 		.ascii	"ConsolePort_3_RegD0_SaveConfig\000"
 924      6F6C6550 
 924      6F72745F 
 924      335F5265 
 924      6744305F 
 925              	.LASF23:
 926 0040 436F6E73 		.ascii	"ConsolePort_3_RegD0_Sleep\000"
 926      6F6C6550 
 926      6F72745F 
 926      335F5265 
 926      6744305F 
 927              	.LASF3:
 928 005a 73686F72 		.ascii	"short unsigned int\000"
 928      7420756E 
 928      7369676E 
 928      65642069 
 928      6E7400
 929              	.LASF19:
 930 006d 73617665 		.ascii	"saveSrA1Reg\000"
 930      53724131 
 930      52656700 
 931              	.LASF25:
 932 0079 436F6E73 		.ascii	"ConsolePort_3_RegD0_Stop\000"
 932      6F6C6550 
 932      6F72745F 
 932      335F5265 
 932      6744305F 
 933              	.LASF24:
 934 0092 436F6E73 		.ascii	"ConsolePort_3_RegD0_Wakeup\000"
 934      6F6C6550 
 934      6F72745F 
 934      335F5265 
 934      6744305F 
 935              	.LASF11:
 936 00ad 666C6F61 		.ascii	"float\000"
 936      7400
 937              	.LASF1:
 938 00b3 756E7369 		.ascii	"unsigned char\000"
 938      676E6564 
 938      20636861 
 938      7200
 939              	.LASF14:
 940 00c1 72656738 		.ascii	"reg8\000"
 940      00
 941              	.LASF5:
 942 00c6 6C6F6E67 		.ascii	"long unsigned int\000"
ARM GAS  C:\Users\Thomas\AppData\Local\Temp\cchu9ypV.s 			page 35


 942      20756E73 
 942      69676E65 
 942      6420696E 
 942      7400
 943              	.LASF9:
 944 00d8 75696E74 		.ascii	"uint8\000"
 944      3800
 945              	.LASF28:
 946 00de 2E5C4765 		.ascii	".\\Generated_Source\\PSoC5\\ConsolePort_3_RegD0_PM."
 946      6E657261 
 946      7465645F 
 946      536F7572 
 946      63655C50 
 947 010e 6300     		.ascii	"c\000"
 948              	.LASF12:
 949 0110 646F7562 		.ascii	"double\000"
 949      6C6500
 950              	.LASF29:
 951 0117 433A5C55 		.ascii	"C:\\Users\\Thomas\\Documents\\PSoC Creator\\TASBot\\"
 951      73657273 
 951      5C54686F 
 951      6D61735C 
 951      446F6375 
 952 0145 54415342 		.ascii	"TASBot.cydsn\000"
 952      6F742E63 
 952      7964736E 
 952      00
 953              	.LASF10:
 954 0152 75696E74 		.ascii	"uint16\000"
 954      313600
 955              	.LASF8:
 956 0159 756E7369 		.ascii	"unsigned int\000"
 956      676E6564 
 956      20696E74 
 956      00
 957              	.LASF7:
 958 0166 6C6F6E67 		.ascii	"long long unsigned int\000"
 958      206C6F6E 
 958      6720756E 
 958      7369676E 
 958      65642069 
 959              	.LASF26:
 960 017d 436F6E73 		.ascii	"ConsolePort_3_RegD0_Enable\000"
 960      6F6C6550 
 960      6F72745F 
 960      335F5265 
 960      6744305F 
 961              	.LASF16:
 962 0198 73697A65 		.ascii	"sizetype\000"
 962      74797065 
 962      00
 963              	.LASF6:
 964 01a1 6C6F6E67 		.ascii	"long long int\000"
 964      206C6F6E 
 964      6720696E 
 964      7400
 965              	.LASF27:
ARM GAS  C:\Users\Thomas\AppData\Local\Temp\cchu9ypV.s 			page 36


 966 01af 474E5520 		.ascii	"GNU C 4.9.3 20150303 (release) [ARM/embedded-4_9-br"
 966      4320342E 
 966      392E3320 
 966      32303135 
 966      30333033 
 967 01e2 616E6368 		.ascii	"anch revision 221220] -mcpu=cortex-m3 -mthumb -g -O"
 967      20726576 
 967      6973696F 
 967      6E203232 
 967      31323230 
 968 0215 33202D66 		.ascii	"3 -ffunction-sections -finline-functions -flto -ffa"
 968      66756E63 
 968      74696F6E 
 968      2D736563 
 968      74696F6E 
 969 0248 742D6C74 		.ascii	"t-lto-objects\000"
 969      6F2D6F62 
 969      6A656374 
 969      7300
 970              	.LASF13:
 971 0256 63686172 		.ascii	"char\000"
 971      00
 972              	.LASF22:
 973 025b 436F6E73 		.ascii	"ConsolePort_3_RegD0_RestoreConfig\000"
 973      6F6C6550 
 973      6F72745F 
 973      335F5265 
 973      6744305F 
 974              	.LASF2:
 975 027d 73686F72 		.ascii	"short int\000"
 975      7420696E 
 975      7400
 976              	.LASF4:
 977 0287 6C6F6E67 		.ascii	"long int\000"
 977      20696E74 
 977      00
 978              	.LASF17:
 979 0290 656E6162 		.ascii	"enableState\000"
 979      6C655374 
 979      61746500 
 980              	.LASF0:
 981 029c 7369676E 		.ascii	"signed char\000"
 981      65642063 
 981      68617200 
 982              	.LASF18:
 983 02a8 73617665 		.ascii	"saveSrA0Reg\000"
 983      53724130 
 983      52656700 
 984              	.LASF20:
 985 02b4 436F6E73 		.ascii	"ConsolePort_3_RegD0_BACKUP_STRUCT\000"
 985      6F6C6550 
 985      6F72745F 
 985      335F5265 
 985      6744305F 
 986              		.comm	__gnu_lto_v1,1,1
 987              		.ident	"GCC: (GNU Tools for ARM Embedded Processors) 4.9.3 20150303 (release) [ARM/embedded-4_9-br
