ARM GAS  C:\Users\Thomas\AppData\Local\Temp\ccNrgdGr.s 			page 1


   1              		.syntax unified
   2              		.cpu cortex-m3
   3              		.fpu softvfp
   4              		.eabi_attribute 20, 1
   5              		.eabi_attribute 21, 1
   6              		.eabi_attribute 23, 3
   7              		.eabi_attribute 24, 1
   8              		.eabi_attribute 25, 1
   9              		.eabi_attribute 26, 1
  10              		.eabi_attribute 30, 2
  11              		.eabi_attribute 34, 1
  12              		.eabi_attribute 18, 4
  13              		.thumb
  14              		.file	"ConsolePort_4_RegD1_PM.c"
  15              		.text
  16              	.Ltext0:
  17              		.section	.gnu.lto_.profile.be1c0df8,"",%progbits
  18 0000 789C6366 		.ascii	"x\234cf```a\200\000F\006cY\000\000\367\000Y"
  18      60606061 
  18      80004606 
  18      63590000 
  18      F70059
  19              		.text
  20              		.section	.gnu.lto_.jmpfuncs.be1c0df8,"",%progbits
  21 0000 789C6366 		.ascii	"x\234cf\300\016\004\2404\013\0203100C\231\014\000\002"
  21      C00E04A0 
  21      340B1033 
  21      31303043 
  21      990C0002 
  22 0014 C70021   		.ascii	"\307\000!"
  23              		.text
  24              		.section	.gnu.lto_.inline.be1c0df8,"",%progbits
  25 0000 789C6366 		.ascii	"x\234cf\300\016\"\2404\013\003\003;\033#\003\023\307"
  25      C00E22A0 
  25      340B0303 
  25      3B1B2303 
  25      13C7
  26 0012 013B06B6 		.ascii	"\001;\006\266\005\362L 1&L!f\006\036\021\240\220@C-"
  26      05F24C20 
  26      31264C21 
  26      66061E11 
  26      A0904043 
  27 0027 5C88910B 		.ascii	"\\\210\221\013\254\235\233\027(\316\267!\027U\234\001"
  27      AC9D9B17 
  27      28CEB721 
  27      17559C01 
  28 0037 00917408 		.ascii	"\000\221t\010="
  28      3D
  29              		.text
  30              		.section	.gnu.lto_.pureconst.be1c0df8,"",%progbits
  31 0000 789C6366 		.ascii	"x\234cf``\340d\200\000\026\006)&)f)\026)\000\002\321"
  31      6060E064 
  31      80001606 
  31      29262966 
  31      29162900 
  32 0016 0082     		.ascii	"\000\202"
  33              		.text
ARM GAS  C:\Users\Thomas\AppData\Local\Temp\ccNrgdGr.s 			page 2


  34              		.section	.gnu.lto_ConsolePort_4_RegD1_SaveConfig.be1c0df8,"",%progbits
  35 0000 789C8D91 		.ascii	"x\234\215\221\337+%a\030\307\237\357s\306tJ\264\271"
  35      DF2B2561 
  35      18C79FEF 
  35      73C6744A 
  35      B4B9
  36 0012 F40FB842 		.ascii	"\364\017\270B\304\265\013[{\245N\334\236:\211\311\215"
  36      C4B50B5B 
  36      7BA54EDC 
  36      9E3A89C9 
  36      8D
  37 0023 4C1D5CCA 		.ascii	"L\035\\\312\3146m\262\371\221\253\255EQ\362\343\370"
  37      CC366DB2 
  37      F991ABAD 
  37      4551F2E3 
  37      F8
  38 0034 6DF7C2DD 		.ascii	"m\367\302\335p\201\033\266MRh\335\034e)\255U\207I\034"
  38      70811BB6 
  38      4D5268DD 
  38      1C6529AD 
  38      5587491C 
  39 0048 CF33F223 		.ascii	"\3173\362#J\246\336y\347}\237\357\373}>\337w\"\364\372"
  39      4AA6DE79 
  39      E77D9FEF 
  39      FB7D3EDF 
  39      7722F4FA 
  40 005c 2994710C 		.ascii	")\224q\014\242\012\231\021!p\377\026\221\033e@?\010"
  40      A20A9911 
  40      2170FF16 
  40      911B6540 
  40      3F08
  41 006e D4C9E8C4 		.ascii	"\324\311\350\304_>g\364\373\251o\271Ec\216\343\374\033"
  41      5F3E67F4 
  41      FBA96FB9 
  41      45638EE3 
  41      FC1B
  42 0080 DD74633E 		.ascii	"\335tc>\002&\272\340{\037\214\243\210Dt\356\335\354"
  42      0226BAE0 
  42      7B1F8CA3 
  42      884474EE 
  42      DDEC
  43 0092 E69A9E88 		.ascii	"\346\232\236\210>\334\3270\001S\374i\256\300w\262\331"
  43      3EDCD730 
  43      0153FC69 
  43      AEC077B2 
  43      D9
  44 00a3 8B9F2B19 		.ascii	"\213\237+\031\230L\001\303\320\027QZD\332\352\210Y\347"
  44      984C01C3 
  44      D017515A 
  44      44DAEA88 
  44      59E7
  45 00b5 C81E5633 		.ascii	"\310\036V3\335g_\362\364\334%k\337\375\235\2653>\346"
  45      DD675FF2 
  45      F4DC256B 
  45      DFFD9DB5 
  45      333EE6
  46 00c8 80B977C3 		.ascii	"\200\271w\303u\014\355r\230\376\365;\032n\221.\227{"
ARM GAS  C:\Users\Thomas\AppData\Local\Temp\ccNrgdGr.s 			page 3


  46      750CED72 
  46      98FEF53B 
  46      1A6E912E 
  46      977B
  47 00da B2A7F943 		.ascii	"\262\247\371C\370\356z\302\024\301$\0121\005I\206\024"
  47      F8EE7AC2 
  47      14C1240A 
  47      31054986 
  47      14
  48 00eb 86407BF8 		.ascii	"\206@{\370<0R\252~\"\035\336\356\235\345\216k\247\313"
  48      3C3052AA 
  48      7E221DDE 
  48      EE9DE58E 
  48      6BA7CB
  49 00fe 89066CDC 		.ascii	"\211\006l\334(\341s?#\\N\270\336 \324\317QU\016\246"
  49      28E1733F 
  49      235C4EB8 
  49      DE20D4CF 
  49      51550EA6 
  50 0112 D1811935 		.ascii	"\321\201\0315\224\332\355t\337\242Y\234\222\200~U\300"
  50      94DAED74 
  50      DFA2599C 
  50      92807E55 
  50      C0
  51 0123 266645F8 		.ascii	"&fE\370?\274\004\314\241X\210)L\220yH`\310\231\003o"
  51      3FBC04CC 
  51      A1588829 
  51      4C907948 
  51      60C89903 
  52 0138 FB242FC4 		.ascii	"\373$/\304\035~Hp5\365u\235\237\220\347\037\221\027"
  52      1D7E4870 
  52      35F5759D 
  52      9F90E71F 
  52      9117
  53 014a DE89FC92 		.ascii	"\336\211\374\222q\361\015\306\245\220Q\377\002~(\243"
  53      71F10DC6 
  53      A59051FF 
  53      027E28A3 
  54 015a 417FE0FA 		.ascii	"A\177\340\372\2279\332@\311\323R\223\273\027\347\362"
  54      9739DA40 
  54      C9D35293 
  54      BB17E7F2 
  55 016a 92F827AB 		.ascii	"\222\370'\253\305J\326\267Y\215\211:\273=\331`\305c"
  55      C54AD6B7 
  55      598D893A 
  55      BB3DD960 
  55      C563
  56 017c 75767565 		.ascii	"uvue\274\332ni\265\233\255\230\235lKT$j\255\246\217"
  56      BCDA6E69 
  56      B59BAD98 
  56      9D6C4B54 
  56      246AADA6 
  57 0191 6589584D 		.ascii	"e\211XMI\003\335\001J\256\302["
  57      4903DD01 
  57      4AAEC25B 
  58              		.text
  59              		.section	.gnu.lto_ConsolePort_4_RegD1_RestoreConfig.be1c0df8,"",%progbits
ARM GAS  C:\Users\Thomas\AppData\Local\Temp\ccNrgdGr.s 			page 4


  60 0000 789C7590 		.ascii	"x\234u\220\315+DQ\030\306\337\347\235\3536%\222\225"
  60      CD2B4451 
  60      18C6DFE7 
  60      9DEB3625 
  60      9295
  61 0012 E61FB098 		.ascii	"\346\037\260\230(\032\177\001\261R\203\355\324$n6rk"
  61      281A7F01 
  61      B15283ED 
  61      D4246E36 
  61      726B
  62 0024 8CE5E45E 		.ascii	"\214\345\344^]\245\344s\245|\354d\314\214\031_)\273"
  62      5DA5E473 
  62      A57CEC64 
  62      CC8C195F 
  62      29BB
  63 0036 C9022BD2 		.ascii	"\311\002+\322\220BlF\371(\031\026\334\3048\347N\310"
  63      90426C46 
  63      F9281916 
  63      DCC438E7 
  63      4EC8
  64 0048 D7A9F3F9 		.ascii	"\327\251\363\371>\347y~\347\270\350w\363\210~\002\""
  64      3EE7797E 
  64      E7B8E877 
  64      F3887E02 
  64      22
  65 0059 9F98E122 		.ascii	"\237\230\341\"\360\370\036\221\351f@.\010\324\317\350"
  65      F0F81E91 
  65      E966402E 
  65      08D4CFE8 
  66 0069 C735E718 		.ascii	"\3075\347\030\343\351\370Tq\345\274a\030\367[k\025\203"
  66      E3E9F854 
  66      71E5BC61 
  66      18F75B6B 
  66      1583
  67 007b 1536133D 		.ascii	"\0256\023=r\301\006\013\250$\241\311Y\257\307\305\252"
  67      72C1060B 
  67      A824A1C9 
  67      59AFC7C5 
  67      AA
  68 008c 25346585 		.ascii	"%4e\205\032\242P\205=\245\312\323F>\377\2707\021\365"
  68      1AA25085 
  68      3DA5CAD3 
  68      463EFFB8 
  68      3711F5
  69 009f 4265B219 		.ascii	"Be\262\031\212\034\210\262B%\243.\231\345\354:\301\300"
  69      8A1C88B2 
  69      4225A32E 
  69      99E5EC3A 
  69      C1C0
  70 00b1 466EBF45 		.ascii	"Fn\277E\336{b\031;\227\031Mr\344\305\0302\3346\363\253"
  70      DE7B6219 
  70      3B97194D 
  70      72E4C518 
  70      32DC36F3 
  71 00c6 3415A717 		.ascii	"4\025\247\027\331\375\003\367\025\213\023g\0335\255"
  71      D9FD03F7 
  71      158B1367 
ARM GAS  C:\Users\Thomas\AppData\Local\Temp\ccNrgdGr.s 			page 5


  71      1B35AD
  72 00d5 19CC62DA 		.ascii	"\031\314b\3324\244\312\205ED\020\203\307\251\275%\306"
  72      34A4CA85 
  72      45441083 
  72      C7A9BD25 
  72      C6
  73 00e6 56D52AAF 		.ascii	"V\325*\257\315\012\342B\363\340 #\201*\361\360\255I"
  73      CD0AE242 
  73      F3E02023 
  73      812AF1F0 
  73      AD49
  74 00f8 C824A13A 		.ascii	"\310$\241:=\332\276ciX4\272k\032\312\267\214\"\307g"
  74      3DDABE63 
  74      695834BA 
  74      6B1ACAB7 
  74      8C22C767 
  75 010c 73247F5B 		.ascii	"s$\177[*3,\330\254b\011\036$e\004R\302U\260\222D\237"
  75      2A332CD8 
  75      AC62091E 
  75      24650452 
  75      C255B092 
  76 0122 3844015D 		.ascii	"8D\001]\371\027\375'\353\362\337\254+\016\253\374;\254"
  76      F917FD27 
  76      EBF2DFAC 
  76      2B0EABFC 
  76      3BAC
  77 0134 FE603DB3 		.ascii	"\376`=\26327%\016\330\334\007\353slx\207\277\340\326"
  77      3237250E 
  77      D8DC07EB 
  77      736C7887 
  77      BFE0D6
  78 0147 3EE1D61D 		.ascii	">\341\326\0358\205\316a\246O\033\245\201|~V\030\213"
  78      3885CE61 
  78      A64F1BA5 
  78      817C7E56 
  78      188B
  79 0159 DF1644B5 		.ascii	"\337\026D\265\325\201&\255G\013\265\207\265\316`\233"
  79      D58126AD 
  79      470BB587 
  79      B5CE609B 
  80 0169 DE17EAD0 		.ascii	"\336\027\352\320\002\3766\275\276.P\257\367\364\352"
  80      02FE36BD 
  80      BE2E50AF 
  80      F7F4EA
  81 0178 DD9A5F0F 		.ascii	"\335\232_\017\205\203\276`\253\326\325P\023\3647Ww\320"
  81      8583BE60 
  81      ABD6D550 
  81      13F43757 
  81      77D0
  82 018a 3B1FFFB8 		.ascii	";\037\377\270\240"
  82      A0
  83              		.text
  84              		.section	.gnu.lto_ConsolePort_4_RegD1_Sleep.be1c0df8,"",%progbits
  85 0000 789C9592 		.ascii	"x\234\225\222\337K\223Q\030\307\317\367\274\373=W\321"
  85      DF4B9351 
  85      18C7CFF7 
  85      BCFB3D57 
ARM GAS  C:\Users\Thomas\AppData\Local\Temp\ccNrgdGr.s 			page 6


  85      D1
  86 0011 95F80F78 		.ascii	"\225\370\017x\345\2420\272\354\302\300\253`\344\355"
  86      E5A230BA 
  86      ECC2C0AB 
  86      60E4ED
  87 0020 68848D2E 		.ascii	"h\204\215.\012\007\313.\207\357\253K%\302\326\210\010"
  87      0A07CB2E 
  87      87EFAB4B 
  87      25C2D688 
  87      08
  88 0031 728217AB 		.ascii	"r\202\027\253\325\314\325,\373\261\324\021\321\272*"
  88      D5CCD52C 
  88      FBB1D411 
  88      D1BA2A
  89 0040 42223099 		.ascii	"B\"0\2317\013,h\264\026\326K\331z\236\363f\330\304\240"
  89      370B2C68 
  89      B416D64B 
  89      D97A9EF3 
  89      66D8C4A0 
  90 0054 17DEF3F3 		.ascii	"\027\336\363\363{\236\347s\276\317\321\304\326\257\215"
  90      7B9EE773 
  90      BECFD1C4 
  90      D6AF8D
  91 0063 FE939A10 		.ascii	"\376\223\232\020\235\324C\023\220\211\027B\030.\011"
  91      9DD44313 
  91      90891742 
  91      182E09
  92 0072 F040400C 		.ascii	"\360@@\014H\014\340\275\254I$\212\331+\336\366\264\256"
  92      480CE0BD 
  92      AC49248A 
  92      D92BDEF6 
  92      B4AE
  93 0084 EB9F9285 		.ascii	"\353\237\222\205\326\263\255\246\024\242.\2550\270\216"
  93      D6B3ADA6 
  93      14A22EAD 
  93      30B88E
  94 0093 76419A5A 		.ascii	"vA\232Z|\375\215\327\021'\315.k\017\0318@}nwQo4f>^\\"
  94      7CFD8DD7 
  94      1127CD2E 
  94      6B0F1938 
  94      407D6E77 
  95 00ae 3D801608 		.ascii	"=\200\026\010SR2jl\324H;\217\334\324h\036n\204\250\320"
  95      5352326A 
  95      6CD4483B 
  95      8FDCD468 
  95      1E6E84A8 
  96 00c3 494EFF4E 		.ascii	"IN\377NJ\356\265%<Y;WN\225\301\321\276J\215\022\345"
  96      4AEEB525 
  96      3C593B57 
  96      4E95C1D1 
  96      BE4A8D12 
  97 00d8 BFCC5FDE 		.ascii	"\277\314_\336\271*Mik<7t\033\347^\251\274|\345RK\202"
  97      B92A4D69 
  97      6B3C3774 
  97      1BE75EA9 
  97      BC7CE552 
  98 00ee A7E395DC 		.ascii	"\247\343\225\334\212=\205\253F\034\246\264\343\006\332"
ARM GAS  C:\Users\Thomas\AppData\Local\Temp\ccNrgdGr.s 			page 7


  98      8A3D85AB 
  98      461CA6B4 
  98      E306DA
  99 00fd 7013745D 		.ascii	"p\023t]d\221\202X\302\3207\207\025\016V\304Rj5o\343"
  99      64918258 
  99      C2D03787 
  99      150E56C4 
  99      526A356F 
 100 0112 E380C014 		.ascii	"\343\200\300\024)I\222\037\371a\267D6\322\221\310\270"
 100      2949921F 
 100      F961B744 
 100      36D291C8 
 100      B8
 101 0123 5638EF54 		.ascii	"V8\357T\"\012tK\211\006\313NKb'\025\317\223\223~^ \365"
 101      220A744B 
 101      8906CB4E 
 101      4B622715 
 101      CF93937E 
 102 013a C4E2D8B4 		.ascii	"\304\342\330\264\214}\327Gu\227)\035\353\354\307fN\207"
 102      8C7DD747 
 102      7597291D 
 102      EBECC766 
 102      4E87
 103 014c 9A668CF8 		.ascii	"\232f\214\3708\230Sg\225\023\323\210!\307\240\264\367"
 103      38985367 
 103      9513D388 
 103      21C7A0B4 
 103      F7
 104 015d 73EA42DE 		.ascii	"s\352B\336\321\221%;\213\007M\351\302m\022~V\226\343"
 104      D191253B 
 104      8B074DE9 
 104      C26D127E 
 104      5696E3
 105 0170 0E3A28A5 		.ascii	"\016:(\245X\306P\261P\222\234P4gt\327\025f\0361\262"
 105      58C650B1 
 105      50929C50 
 105      346774D7 
 105      15661E31 
 106 0185 D523948B 		.ascii	"\325#\224\213\325a\337_e*\316\225\244*R\235\274n* f"
 106      D561DF5F 
 106      652ACE95 
 106      A42A529D 
 106      BC6E2A20 
 107 019a 28A8C05D 		.ascii	"(\250\300]\276\234\233\366\336\276~V\225\014\356\035"
 107      BE9C9BF6 
 107      DEBE7E56 
 107      950CEE1D 
 108 01aa DBE2B957 		.ascii	"\333\342\271W\361\216<M'v\360].\031\224\277\005\367"
 108      F18E3C4D 
 108      2776F05D 
 108      2E1994BF 
 108      05F7
 109 01bc C8F45965 		.ascii	"\310\364Ye\372}\313\364\301dm\366(G\334\326\235f;\036"
 109      FA7DCBF4 
 109      C1646DF6 
 109      2847DCD6 
 109      9D663B1E 
ARM GAS  C:\Users\Thomas\AppData\Local\Temp\ccNrgdGr.s 			page 8


 110 01d0 6C6B870F 		.ascii	"lk\207\017\017\225\035\260@\361\210\035q[\327\\\033"
 110      0F951DB0 
 110      40F1881D 
 110      715BD75C 
 110      1B
 111 01e1 F659DC1E 		.ascii	"\366Y\334\036:\266\034_\374\340S\220\023\033\334\365"
 111      3AB61C5F 
 111      FCE05390 
 111      131BDCF5 
 112 01f1 4C35EDDD 		.ascii	"L5\355\335\004Z\370\003\372x\003tr\317\177q\316\375"
 112      045AF803 
 112      FA780374 
 112      72CF7F71 
 112      CEFD
 113 0203 83735E71 		.ascii	"\203s^q\312\337\234\013\314\351\021e\030\305\205nU8"
 113      CADF9C0B 
 113      CCE91165 
 113      18C5856E 
 113      5538
 114 0215 C14F1EFC 		.ascii	"\301O\036\374\324)\370>\177\260;\334\027\216\036\353"
 114      D429F83E 
 114      7FB03BDC 
 114      178E1EEB 
 115 0225 0F1F0FF5 		.ascii	"\017\037\017\365D\316D{\303\301@O\244k\177\260+\322"
 115      44CE447B 
 115      C3C1404F 
 115      A46B7FB0 
 115      2BD2
 116 0237 773A722A 		.ascii	"w:r*\034\210D\373C\235\241#\341\023\207\366\206\002"
 116      1C8844FB 
 116      439DA123 
 116      E11387F6 
 116      8602
 117 0249 87FDBDE2 		.ascii	"\207\375\275\342\027\226\326H\257"
 117      1796D648 
 117      AF
 118              		.text
 119              		.section	.gnu.lto_ConsolePort_4_RegD1_Wakeup.be1c0df8,"",%progbits
 120 0000 789C8D92 		.ascii	"x\234\215\222\317K\024a\030\307\237\357;\343\354\272"
 120      CF4B1461 
 120      18C79FEF 
 120      3BE3ECBA 
 121 0010 6B119DC4 		.ascii	"k\021\235\304\303\036\363\020\032\225\375\005\006B\020"
 121      C31EF310 
 121      1A95FD05 
 121      064210
 122 001f 6C795D58 		.ascii	"ly]X\302\206.\341\300f\307\305w\326\211<\204\255\342"
 122      C2862EE1 
 122      C066C7C5 
 122      77D6893C 
 122      84ADE2
 123 0032 2128ADCB 		.ascii	"!(\255\313\326\326\232\266VV\353e\010\221\350\220\210"
 123      D6D69AB6 
 123      5656EB65 
 123      0891E890 
 123      88
 124 0043 59B4495D 		.ascii	"Y\264I]\014\252\203\270\315A\2260{\336w\373\345Z\320"
ARM GAS  C:\Users\Thomas\AppData\Local\Temp\ccNrgdGr.s 			page 9


 124      0CAA83B8 
 124      CD419630 
 124      7BDE77FB 
 124      E55AD0
 125 0056 C03BEFBC 		.ascii	"\300;\357\274\317\373}\277\337\317\313<\006\355|\016"
 125      CFFB7DBF 
 125      DFCFCB3C 
 125      06ED7C0E 
 126 0066 F3280BA2 		.ascii	"\363(\013\242\016\236\321@\020\331\027DnX\010\243\024"
 126      0E9ED140 
 126      10D91744 
 126      6E5808A3 
 126      14
 127 0077 2319315F 		.ascii	"#\0311_\035 \331d\300\254\225M@}\020\250_\030&\372\361"
 127      1D20D964 
 127      C0AC954D 
 127      407D10A8 
 127      5F1826FA 
 128 008c 495404B2 		.ascii	"IT\004\262~\341J\2645'\245\\\317,6_h\256\262_ j\376"
 128      7EE14AB4 
 128      3527A55C 
 128      CF2C365F 
 128      68AEB25F 
 129 00a3 B8855662 		.ascii	"\270\205VbM\305\333|\035\265<\326\354\251\355!\017\013"
 129      4DC5DB7C 
 129      1DB53CD6 
 129      ECA9ED21 
 129      0F0B
 130 00b5 3C4FEDF5 		.ascii	"<O\355\365\345\326V072\270O4\232T\025\260\370%B\352"
 130      E5D65630 
 130      3732B84F 
 130      349A5415 
 130      B0F82542 
 131 00ca 45B4CA43 		.ascii	"E\264\312C%~\340\005\317F\031\231\231\312\302\211m\206"
 131      257EE005 
 131      CF461999 
 131      99CAC289 
 131      6D86
 132 00dc FE6844BB 		.ascii	"\376hD\273\005\002\365I\270\315n\204;\2606\204\305{"
 132      0502F549 
 132      B8CD6E84 
 132      3BB03684 
 132      C57B
 133 00ee E34B4393 		.ascii	"\343KC\223\"\375U\016\312pU\030\233\212\203\253\357"
 133      22FD550E 
 133      CA705518 
 133      9B8A83AB 
 133      EF
 134 00ff 571716C3 		.ascii	"W\027\026\303\037\005W\3642\357z\3270\206\253\256T*"
 134      1F0557F4 
 134      32EF7AD7 
 134      3086ABAE 
 134      542A
 135 0111 1305A431 		.ascii	"\023\005\2441\201\026\275\367m\342\362\264\325V`\363"
 135      8116BDF7 
 135      6DE2F2B4 
 135      D55660F3 
ARM GAS  C:\Users\Thomas\AppData\Local\Temp\ccNrgdGr.s 			page 10


 136 0121 1BD78DAA 		.ascii	"\033\327\215\252h\300]V~a\037\235\204I\264Q\031OG\240"
 136      68C05D56 
 136      7E611F9D 
 136      8449B451 
 136      194F47A0 
 137 0135 2259FE76 		.ascii	"\"Y\376vy~M(gk\350\231+\315ma\2266\2748\227\313\356"
 137      797E4D28 
 137      676BE899 
 137      2BCD6D61 
 137      9636BC38 
 138 014c 5661A32E 		.ascii	"Va\243.\207\2050\205\026\334Sa(\2623S\223\272\362\360"
 138      87853085 
 138      16DC5361 
 138      28B23353 
 138      93BAF2F0 
 139 0160 4BD42E11 		.ascii	"K\324.\021\372\347%\352\251\247wP\357W\274\3675/~\360"
 139      FAE725EA 
 139      A9A77750 
 139      EF57BCF7 
 139      352F7EF0 
 140 0174 3EA8E35D 		.ascii	">\250\343]\361\226>\357\322p\343?y\203\374Z.\372\007"
 140      F1963EEF 
 140      D270E33F 
 140      7983FC5A 
 140      2EFA07
 141 0187 E0C35F80 		.ascii	"\340\303_\2003\0320\244\001\213\363\231\250\372\007"
 141      331A30A4 
 141      018BF399 
 141      A8FA07
 142 0196 1BC2FC6F 		.ascii	"\033\302\374o\302G\177#\014\343\261&\324-\362\204\361"
 142      C2477F23 
 142      0CE3B126 
 142      D42DF284 
 142      F1
 143 01a7 96E1BD19 		.ascii	"\226\341\275\031\210\375\366vo\316^\012)Dn\036\224\324"
 143      88FDF676 
 143      6FCE5E0A 
 143      29446E1E 
 143      94D4
 144 01b9 7152ED61 		.ascii	"qR\355aP)f\254`\300\037{\336\244\304T\217\321\030(O"
 144      502966AC 
 144      60C01F7B 
 144      DEA4C454 
 144      8FD11828 
 145 01ce CC22CD9D 		.ascii	"\314\"\315\235\025\321gL\335R\357\340\372\305c\372\014"
 145      15D1674C 
 145      DD52EFE0 
 145      FAC563FA 
 145      0C
 146 01df A98683AA 		.ascii	"\251\206\203\252\262\364P{\242\313\356\265S\247\372"
 146      B2F4507B 
 146      A2CBEEB5 
 146      53A7FA
 147 01ee ECD3C96E 		.ascii	"\354\323\311n\347|\252\307N\304\273\235\316#\211N\247"
 147      E77CAAC7 
 147      4EC4BB9D 
 147      CE23894E 
ARM GAS  C:\Users\Thomas\AppData\Local\Temp\ccNrgdGr.s 			page 11


 147      A7
 148 01ff F79C73D6 		.ascii	"\367\234s\326\216;\251\276dG\362\244}\346\350\301d\374"
 148      8E3BA9BE 
 148      6447F2A4 
 148      7DE6E8C1 
 148      64FC
 149 0211 787B0F7D 		.ascii	"x{\017}\007h\351\022$"
 149      0768E912 
 149      24
 150              		.text
 151              		.section	.gnu.lto_.symbol_nodes.be1c0df8,"",%progbits
 152 0000 789C55C8 		.ascii	"x\234U\310A\015\2000\020\005\321\351n\267A\020\332\270"
 152      410D8030 
 152      1005D1E9 
 152      6EB74110 
 152      DAB8
 153 0012 FE4A4001 		.ascii	"\376J@\001\251\011\034p\306\003\011:\010$p(s{\343\300"
 153      A9091C70 
 153      C603093A 
 153      08247028 
 153      737BE3C0 
 154 0026 C49725C1 		.ascii	"\304\227%\301\274\203\304\322\006\002\232\311\315\224"
 154      BC83C4D2 
 154      06029AC9 
 154      CD94
 155 0034 FA6D2EFB 		.ascii	"\372m.\3739\313{\247P~M\255\017\213\242\243{\260\035"
 155      39CB7BA7 
 155      507E4DAD 
 155      0F8BA2A3 
 155      7BB01D
 156 0047 57F25C38 		.ascii	"W\362\\8\327\221\033\317\310\035\246"
 156      D7911BCF 
 156      C81DA6
 157              		.text
 158              		.section	.gnu.lto_.refs.be1c0df8,"",%progbits
 159 0000 789C25C8 		.ascii	"x\234%\310\321\011\000 \014\304\320\244WA\\\304\375"
 159      D1090020 
 159      0CC4D0A4 
 159      57415CC4 
 159      FD
 160 0011 371469BE 		.ascii	"7\024i\276\036\011p\231\012-\355\372\300$\272t\353I"
 160      1E097099 
 160      0A2DEDFA 
 160      C024BA74 
 160      EB49
 161 0023 CFC2C503 		.ascii	"\317\302\305\003\015{\000w"
 161      0D7B0077 
 162              		.text
 163              		.section	.gnu.lto_.decls.be1c0df8,"",%progbits
 164 0000 789C9594 		.ascii	"x\234\225\224\177LSW\024\307\337\351-mikcb\242\256\177"
 164      7F4C5357 
 164      14C7DFE9 
 164      2D6D696B 
 164      6362A2AE 
 165 0015 2C1D2664 		.ascii	",\035&d[\214\023\263\021\377\233\312\026\3770.D4\373"
 165      5B8C13B3 
 165      11FF9BCA 
ARM GAS  C:\Users\Thomas\AppData\Local\Temp\ccNrgdGr.s 			page 12


 165      16FF302E 
 165      4434FB
 166 0028 431286F8 		.ascii	"C\022\206\370\346\214\204\262R\226\370\307\222\013d"
 166      E68C84B2 
 166      5296F8C7 
 166      920B64
 167 0037 A3A21875 		.ascii	"\243\242\030uS\012\272\245\016\177\201P\021\213+\012"
 167      530ABAA5 
 167      0E7F8150 
 167      118B2B0A 
 168 0047 5299C302 		.ascii	"R\231\303\002\"N;\244:\020+nD7S\235\016\021Bw\356}\257"
 168      224E3BA4 
 168      3A102B6E 
 168      4437539D 
 168      0E114277 
 169 005e F6D514E7 		.ascii	"\366\325\024\347nr\332{\337;\347s\276\367\334\373\016"
 169      6E72DA7B 
 169      DF3BE773 
 169      BEF7DCFB 
 169      0E
 170 006f 1104C103 		.ascii	"\021\004\301\003\202\020\301\021\320\012\202\027\347"
 170      8210C111 
 170      D00A8217 
 170      E7
 171 007c 49F82C53 		.ascii	"I\370,S\210\015\015Z\003\232\033\255\011\255\231\305"
 171      880D0D5A 
 171      039A1BAD 
 171      09AD99C5 
 172 008c A09D4643 		.ascii	"\240\235FCw\341\252\020?\230\257VfX\320\006\321\256"
 172      77E1AA10 
 172      3F98AF56 
 172      6658D006 
 172      D1AE
 173 009e A305D1FA 		.ascii	"\243\005\321\372\321\272\320Th\335h}2\243a\006\226\373"
 173      D1BAD054 
 173      68DD687D 
 173      32A36106 
 173      96FB
 174 00b0 05969271 		.ascii	"\005\226\222q\003m \001\313=\003\213i7\311\254\271h"
 174      036D2001 
 174      CB3D038B 
 174      6937C9AC 
 174      B968
 175 00c2 43327314 		.ascii	"C2s\024-\244`\267\243\335E\253Shg\371\010Z\217\"\027"
 175      2DA460B7 
 175      A3DD45AB 
 175      536867F9 
 175      085A8F22 
 176 00d7 91999E97 		.ascii	"\221\231\236\227\350g\2652(r\316\264\007eN\242\310\321"
 176      E867B532 
 176      2872CEB4 
 176      07654EA2 
 176      C8D1
 177 00e9 23AF9BE5 		.ascii	"#\257\233\345}\315T\363\207*hu?\3563\214\251\300\244"
 177      7DCD54F3 
 177      872A6875 
 177      3FEE338C 
ARM GAS  C:\Users\Thomas\AppData\Local\Temp\ccNrgdGr.s 			page 13


 177      A9C0A4
 178 00fc B7B0E599 		.ascii	"\267\260\345\231=~\247\006\227F\275\232-\317N\206\002"
 178      3D7EA706 
 178      9746BD9A 
 178      2DCF4E86 
 178      02
 179 010d EA797B29 		.ascii	"\352y{)\216]et\266\0322\347\302Q0\30310#\261\016\346"
 179      8E5D6574 
 179      B61A32E7 
 179      C25130C3 
 179      313023B1 
 180 0123 E1EF7AB5 		.ascii	"\341\357z\265D\352\354\015\017\022\242\0026\257u\336"
 180      44EAEC0D 
 180      0F12A202 
 180      36AF75DE 
 181 0133 0EE817D6 		.ascii	"\016\350\027\326c\230\203\372\374\352X\272#\364\361"
 181      639883FA 
 181      FCEA58BA 
 181      23F4F1
 182 0142 39BDE57B 		.ascii	"9\275\345{:\322\024\036\014\004\215\324O}\221H\007\005"
 182      3AD2141E 
 182      0C048DD4 
 182      4F7D9148 
 182      0705
 183 0154 0E837A20 		.ascii	"\016\203z p\034\0262_6\347A\320\000\026\014|\366t'U"
 183      701C1632 
 183      5F36E741 
 183      D000160C 
 183      7CF67427 
 184 0169 91F59C5E 		.ascii	"\221\365\234^\336\337;\241\346\020\327\201ZM\024\301"
 184      DEDF3BA1 
 184      E610D781 
 184      5A4D14C1 
 185 0179 098D0A42 		.ascii	"\011\215\012Bc\224\340\346\004\177\375\366i _rB\365"
 185      6394E0E6 
 185      047FFDF6 
 185      69205F72 
 185      42F5
 186 018b 9F17DB0D 		.ascii	"\237\027\333\015Hp5\271\2022\341}\036\177B\021\177\""
 186      487035B9 
 186      8232E17D 
 186      1E7F4211 
 186      7F22
 187 019d 1ADFC4E3 		.ascii	"\032\337\304\343\033\307\177\017iI\025p@\267\367\207"
 187      1BC77F0F 
 187      69491570 
 187      40B7F787 
 188 01ad DB4609E0 		.ascii	"\333F\011\3408\254\004\234T\000NF\001\315\034\260w\244"
 188      38AC049C 
 188      54004E46 
 188      01CD1CB0 
 188      77A4
 189 01bf 7A621669 		.ascii	"zb\026i\226\000]\355O\036j\330\036hx\377\037\241\245"
 189      96005DED 
 189      4F1E6AD8 
 189      1E6878FF 
 189      1FA1A5
ARM GAS  C:\Users\Thomas\AppData\Local\Temp\ccNrgdGr.s 			page 14


 190 01d2 D5F46029 		.ascii	"\325\364`)\235\216D\344B\234RPNE)\036Ni\350\270\327"
 190      9D8E44E4 
 190      429C5250 
 190      4E45291E 
 190      4E69E8B8 
 191 01e7 63209312 		.ascii	"c \223\022\205\226x\2761r\212\253\262\366k\213BG\213"
 191      859678BE 
 191      31728AAB 
 191      B2F66B8B 
 191      42478B
 192 01fa 82D01225 		.ascii	"\202\320\022%\234\346\204[\343\267:\265\374\310\027"
 192      9CE6845B 
 192      E3B73AB5 
 192      FCC817
 193 0209 33C69EAF 		.ascii	"3\306\236\257\274^\023?r\015[\016\214o[M\366I\3078\320"
 193      BC5E133F 
 193      720D5B0E 
 193      8C6F5B4D 
 193      F649C738 
 194 021e 515EAE23 		.ascii	"Q^\256#^iQr\344\354\016\0266W\317Orgo\315y\302\227\021"
 194      5E695172 
 194      E4EC0E16 
 194      3657CF4F 
 194      72676FCD 
 195 0236 F65A150C 		.ascii	"\366Z\025\014~;A@\237\352\240\264\224\206\367P2_\200"
 195      7E3B4140 
 195      9FEAA0B4 
 195      9486F750 
 195      325F80
 196 0249 856678CB 		.ascii	"\205fx\313,\3009HE7.\007\316\342\355i\303\333s\010\357"
 196      2CC03948 
 196      45372E07 
 196      CEE2ED69 
 196      C3DB7308 
 197 025e 4678BABB 		.ascii	"Fx\272\273~U\031]\006\355\240\2073\317\005\363\014\362"
 197      7E55195D 
 197      06EDA087 
 197      33CF05F3 
 197      0CF2
 198 0270 7DE9705F 		.ascii	"}\351p_s\352HHR\320\033z\372\267\221\013\237\315\226"
 198      73EA4848 
 198      52D01B7A 
 198      FAB7910B 
 198      9FCD96
 199 0283 35D7EF3E 		.ascii	"5\327\357>&\\\270\212-\277{\364\240-\231<\210\027k\221"
 199      265CB88A 
 199      2DBF7BF4 
 199      A02D993C 
 199      88176B91 
 200 0297 C456DD7F 		.ascii	"\304V\335\177\352\321\361e$B\230\332\311;\356\243\032"
 200      EAD1F165 
 200      244298DA 
 200      C93BEEA3 
 200      1A
 201 02a8 48D53319 		.ascii	"H\3253\031\256\343\263\000\272PBgL\202E\226\300wC\313"
 201      AEE3B300 
 201      BA504267 
ARM GAS  C:\Users\Thomas\AppData\Local\Temp\ccNrgdGr.s 			page 15


 201      4C824596 
 201      C07743CB 
 202 02bc 68D23193 		.ascii	"h\3221\223\000>\324~\036\265\303\317\270!\213\274\241"
 202      003ED47E 
 202      1EB5C3CF 
 202      B8218BBC 
 202      A1
 203 02cd 9FF0E105 		.ascii	"\237\360\341\005|\210Y\332z\374\017\265\344\211\244"
 203      7C8859DA 
 203      7AFC0FB5 
 203      E489A4
 204 02dc 60CA5B56 		.ascii	"`\312[V\246\"%\204-\222.\364\267T\252!%eNj\212\013\211"
 204      A6222584 
 204      2D922EF4 
 204      B754AA21 
 204      25654E6A 
 205 02f3 E1FDE5FB 		.ascii	"\341\375\345\373MN\352:/\345\275\210y{aN\214\377&\373"
 205      4D4EEA3A 
 205      2FE5BD88 
 205      797B614E 
 205      8CFF26FB 
 206 0307 BA7CEC1B 		.ascii	"\272|\354\033\023\230\373\310\275\323\331>$\2612u\310"
 206      1398FBC8 
 206      BDD3D93E 
 206      24B13275 
 206      C8
 207 0318 BE7269B9 		.ascii	"\276ri\271\347\333\314q7\377H)]f\023\340G\004y\371'"
 207      E7DBCC71 
 207      37FF4829 
 207      5D6613E0 
 207      470479F9 
 208 032d CA5C5126 		.ascii	"\312\\Q&\\B\305=\220\002\335h}\220\302\367\306\366>"
 208      5C42C53D 
 208      9002DD68 
 208      7D90C2F7 
 208      C6F63E
 209 0340 32B644C7 		.ascii	"2\266D\307\234\204\350e\221\006\317\372\227\367\023"
 209      9C84E865 
 209      9106CFFA 
 209      97F713
 210 034f 5F29E10A 		.ascii	"_)\341\012\375\011\025\036\345\012\261\232\317J\257"
 210      FD09151E 
 210      E50AB19A 
 210      CF4AAF
 211 035e 4E192075 		.ascii	"N\031 u\016'Nj\000\372\321\2675VM\226\200\217D\"\341"
 211      0E274E6A 
 211      00FAD1B7 
 211      35564D96 
 211      808F4422 
 212 0373 326A7B99 		.ascii	"2j{\231N,\346\356\241\320\244\216T\362b\302\003\337"
 212      4E2CE6EE 
 212      A1D0A48E 
 212      54F262C2 
 212      03DF
 213 0385 A500A47B 		.ascii	"\245\000\244{\250\3035\237'b\376\354Z\261\030v\032}"
 213      A8C3359F 
 213      2762FEEC 
ARM GAS  C:\Users\Thomas\AppData\Local\Temp\ccNrgdGr.s 			page 16


 213      5AB11876 
 213      1A7D
 214 0397 D23F737D 		.ascii	"\322?s}4^=\245[p\020\3178<88\246*\241.<M\366\211\360"
 214      345E3DA5 
 214      5B7010CF 
 214      383C3838 
 214      A62AA12E 
 215 03b0 C02B9242 		.ascii	"\300+\222BE\271\256\260/\005~\201t\001\256\302\002\326"
 215      45B9AEB0 
 215      2F057E81 
 215      7401AEC2 
 215      02D6
 216 03c2 1E2FDF1C 		.ascii	"\036/\337\034&\344\230\2248\354\250\274\257\326;\330"
 216      26E49894 
 216      38ECA8BC 
 216      AFD63BD8 
 217 03d2 7D78C52B 		.ascii	"}x\305+\241\252j\034\252\001\371\236\205\247\353:\214"
 217      A1AA6A1C 
 217      AA01F99E 
 217      85A7EB3A 
 217      8C
 218 03e3 DD94EA60 		.ascii	"\335\224\352`\000Kz-V\236\000\304n[\002\364\257\211"
 218      004B7A2D 
 218      569E00C4 
 218      6E5B02F4 
 218      AF89
 219 03f5 6FDB8EB1 		.ascii	"o\333\216\261'\265\206\250\032\307+\205\324u\266\036"
 219      27B586A8 
 219      1AC72B85 
 219      D475B61E 
 220 0405 30182BD8 		.ascii	"0\030+\330\235\306v\236\3547\301uT\022k\350\203`\344"
 220      9DC6769E 
 220      EC37C175 
 220      54126BE8 
 220      8360E4
 221 0418 7D02FF59 		.ascii	"}\002\377Y\217k\363\367\233\342\274Y\321b\336A\331;"
 221      8F6BF3F7 
 221      9BE2BC59 
 221      D162DE41 
 221      D93B
 222 042a C8BD0FEF 		.ascii	"\310\275\017\357\356\"q\316\003q\350\033\262\363\015"
 222      EE2271CE 
 222      0371E81B 
 222      B2F30D
 223 0439 EE5CB5AF 		.ascii	"\356\\\265\257\367\200\226\270yY\325\243\023\303\343"
 223      F78096B8 
 223      7959D5A3 
 223      13C3E3
 224 0448 5A3027A7 		.ascii	"Z0'\247\232\235X\233!H\026\312y\017)\3355\373\363\347"
 224      9A9D589B 
 224      214816CA 
 224      790F29DD 
 224      35FBF3E7 
 225 045c 3D641877 		.ascii	"=d\030w\304^\011\360\0332o\311\035\304\201\315\003\237"
 225      C45E09F0 
 225      1B326FC9 
 225      1DC481CD 
ARM GAS  C:\Users\Thomas\AppData\Local\Temp\ccNrgdGr.s 			page 17


 225      039F
 226 046e C24DB9C3 		.ascii	"\302M\271\303I\303\211\317%\020\373am\262j\373!\035"
 226      49C389CF 
 226      2510FB61 
 226      6DB26AFB 
 226      211D
 227 0480 F148A7D8 		.ascii	"\361H\247\330\362OE\353,\251n\377\335\246\360\010\003"
 227      F24F45EB 
 227      2CA96EFF 
 227      DDA6F008 
 227      03
 228 0491 972B0692 		.ascii	"\227+\006\222\245\306\366b\304\235\031\032\233k*M\007"
 228      A5C6F662 
 228      C49D191A 
 228      9B6B2A4D 
 228      07
 229 04a2 21DCFF48 		.ascii	"!\334\377H\354\220oC\254\253m\013\325\364\031\343\212"
 229      EC906F43 
 229      ACAB6D0B 
 229      D5F419E3 
 229      8A
 230 04b3 158A2BD6 		.ascii	"\025\212+\326\250\\\254Q^\254a\247\257B\035\347\315"
 230      A85CAC51 
 230      5EAC61A7 
 230      AF421DE7 
 230      CD
 231 04c4 1A7CCCFB 		.ascii	"\032|\314\373.\030\243Ip*\274\236a-(\262\346\213\231"
 231      2E18A349 
 231      702ABC9E 
 231      612D28B2 
 231      E68B99
 232 04d7 569B3DE7 		.ascii	"V\233=\347\335\2345\342\246\017\322r\262r\277\020\361"
 232      DD9C35E2 
 232      A60FD272 
 232      B272BF10 
 232      F1
 233 04e8 F9A79B37 		.ascii	"\371\247\2337iV~\264\316\222!,Y\224\275R,\020m\271v"
 233      69567EB4 
 233      CE92212C 
 233      5994BD52 
 233      2C106DB9 
 234 04fd 71634E96 		.ascii	"qcN\226\265\330\226'fgfY3\336\313N\024\236\271zQ\236"
 234      B5D89627 
 234      66676659 
 234      33DECB4E 
 234      149EB97A 
 235 0513 F046A237 		.ascii	"\360F\2427k\304\"\273\325&\263_K\230:_\024\013\315\211"
 235      6BC422BB 
 235      D526B35F 
 235      4B983A5F 
 235      140BCD89 
 236 0527 DE7C9CBB 		.ascii	"\336|\234\273E,.\234\2370\310n-|\347\377H\\\364\231"
 236      452C2E9C 
 236      9F30C86E 
 236      2D7CE7FF 
 236      485CF499 
 237 053b 9030C787 		.ascii	"\2200\307\207\005\271\033\362\305\204\322W,\317X\265"
ARM GAS  C:\Users\Thomas\AppData\Local\Temp\ccNrgdGr.s 			page 18


 237      05B91BF2 
 237      C584D257 
 237      2CCF58B5 
 238 054b 2E33276B 		.ascii	".3'k\355\232u\031k\223\2127\027\330\227.\2301e\336V"
 238      ED9A7519 
 238      6B938A37 
 238      17D8972E 
 238      983165DE 
 239 0560 FBD642B1 		.ascii	"\373\326B\261\010\323\030D\216\314\262\243\223\206E"
 239      08D31844 
 239      8ECCB2A3 
 239      938645
 240 056f A5A51B8A 		.ascii	"\245\245\033\212\260\274Y\266\345\213\021\034\235\247"
 240      B0BC59B6 
 240      E58B111C 
 240      9DA7
 241 057d E13CA1A2 		.ascii	"\341<\241\242\015\271y[\212\013\223l\342\246\264\364"
 241      0DB9795B 
 241      8A0B936C 
 241      E2A6B4F4 
 242 058d A49C1556 		.ascii	"\244\234\025Vk\276\032\347K\377\005e\200%R"
 242      6BBE1AE7 
 242      4BFF0565 
 242      802552
 243              		.text
 244              		.section	.gnu.lto_.symtab.be1c0df8,"",%progbits
 245 0000 436F6E73 		.ascii	"ConsolePort_4_RegD1_SaveConfig\000\000\000\000\000\000"
 245      6F6C6550 
 245      6F72745F 
 245      345F5265 
 245      6744315F 
 246 0024 00000000 		.ascii	"\000\000\000\000\000\000\254\000\000\000ConsolePort"
 246      0000AC00 
 246      0000436F 
 246      6E736F6C 
 246      65506F72 
 247 0039 5F345F52 		.ascii	"_4_RegD1_RestoreConfig\000\000\000\000\000\000\000\000"
 247      65674431 
 247      5F526573 
 247      746F7265 
 247      436F6E66 
 248 0057 00000000 		.ascii	"\000\000\000\000\256\000\000\000ConsolePort_4_RegD1"
 248      AE000000 
 248      436F6E73 
 248      6F6C6550 
 248      6F72745F 
 249 0072 5F536C65 		.ascii	"_Sleep\000\000\000\000\000\000\000\000\000\000\000\000"
 249      65700000 
 249      00000000 
 249      00000000 
 249      0000
 250 0084 B0000000 		.ascii	"\260\000\000\000ConsolePort_4_RegD1_Wakeup\000\000\000"
 250      436F6E73 
 250      6F6C6550 
 250      6F72745F 
 250      345F5265 
 251 00a5 00000000 		.ascii	"\000\000\000\000\000\000\000\000\000\262\000\000\000"
ARM GAS  C:\Users\Thomas\AppData\Local\Temp\ccNrgdGr.s 			page 19


 251      00000000 
 251      00B20000 
 251      00
 252 00b2 436F6E73 		.ascii	"ConsolePort_4_RegD1_Stop\000\000\002\000\000\000\000"
 252      6F6C6550 
 252      6F72745F 
 252      345F5265 
 252      6744315F 
 253 00d1 00000000 		.ascii	"\000\000\000\000\000\264\000\000\000ConsolePort_4_R"
 253      00B40000 
 253      00436F6E 
 253      736F6C65 
 253      506F7274 
 254 00e9 65674431 		.ascii	"egD1_Enable\000\000\002\000\000\000\000\000\000\000"
 254      5F456E61 
 254      626C6500 
 254      00020000 
 254      00000000 
 255 00fe 0000B600 		.ascii	"\000\000\266\000\000\000"
 255      0000
 256              		.text
 257              		.section	.gnu.lto_.opts,"",%progbits
 258 0000 272D666E 		.ascii	"'-fno-trapv' '-mcpu=cortex-m3' '-mthumb' '-g' '-O3'"
 258      6F2D7472 
 258      61707627 
 258      20272D6D 
 258      6370753D 
 259 0033 20272D66 		.ascii	" '-ffunction-sections' '-finline-functions' '-flto'"
 259      66756E63 
 259      74696F6E 
 259      2D736563 
 259      74696F6E 
 260 0066 20272D66 		.ascii	" '-ffat-lto-objects'\000"
 260      6661742D 
 260      6C746F2D 
 260      6F626A65 
 260      63747327 
 261              		.text
 262              		.cfi_sections	.debug_frame
 263              		.section	.text.ConsolePort_4_RegD1_SaveConfig,"ax",%progbits
 264              		.align	2
 265              		.global	ConsolePort_4_RegD1_SaveConfig
 266              		.thumb
 267              		.thumb_func
 268              		.type	ConsolePort_4_RegD1_SaveConfig, %function
 269              	ConsolePort_4_RegD1_SaveConfig:
 270              	.LFB0:
 271              		.file 1 ".\\Generated_Source\\PSoC5\\ConsolePort_4_RegD1_PM.c"
   1:.\Generated_Source\PSoC5/ConsolePort_4_RegD1_PM.c **** /*******************************************************************************
   2:.\Generated_Source\PSoC5/ConsolePort_4_RegD1_PM.c **** * File Name: ConsolePort_4_RegD1_PM.c
   3:.\Generated_Source\PSoC5/ConsolePort_4_RegD1_PM.c **** * Version 2.30
   4:.\Generated_Source\PSoC5/ConsolePort_4_RegD1_PM.c **** *
   5:.\Generated_Source\PSoC5/ConsolePort_4_RegD1_PM.c **** * Description:
   6:.\Generated_Source\PSoC5/ConsolePort_4_RegD1_PM.c **** *  This file provides the API source code for sleep mode support for Shift
   7:.\Generated_Source\PSoC5/ConsolePort_4_RegD1_PM.c **** *  Register component.
   8:.\Generated_Source\PSoC5/ConsolePort_4_RegD1_PM.c **** *
   9:.\Generated_Source\PSoC5/ConsolePort_4_RegD1_PM.c **** * Note:
ARM GAS  C:\Users\Thomas\AppData\Local\Temp\ccNrgdGr.s 			page 20


  10:.\Generated_Source\PSoC5/ConsolePort_4_RegD1_PM.c **** *
  11:.\Generated_Source\PSoC5/ConsolePort_4_RegD1_PM.c **** ********************************************************************************
  12:.\Generated_Source\PSoC5/ConsolePort_4_RegD1_PM.c **** * Copyright 2008-2013, Cypress Semiconductor Corporation.  All rights reserved.
  13:.\Generated_Source\PSoC5/ConsolePort_4_RegD1_PM.c **** * You may use this file only in accordance with the license, terms, conditions,
  14:.\Generated_Source\PSoC5/ConsolePort_4_RegD1_PM.c **** * disclaimers, and limitations in the end user license agreement accompanying
  15:.\Generated_Source\PSoC5/ConsolePort_4_RegD1_PM.c **** * the software package with which this file was provided.
  16:.\Generated_Source\PSoC5/ConsolePort_4_RegD1_PM.c **** *******************************************************************************/
  17:.\Generated_Source\PSoC5/ConsolePort_4_RegD1_PM.c **** 
  18:.\Generated_Source\PSoC5/ConsolePort_4_RegD1_PM.c **** #include "ConsolePort_4_RegD1.h"
  19:.\Generated_Source\PSoC5/ConsolePort_4_RegD1_PM.c **** 
  20:.\Generated_Source\PSoC5/ConsolePort_4_RegD1_PM.c **** static ConsolePort_4_RegD1_BACKUP_STRUCT ConsolePort_4_RegD1_backup =
  21:.\Generated_Source\PSoC5/ConsolePort_4_RegD1_PM.c **** {
  22:.\Generated_Source\PSoC5/ConsolePort_4_RegD1_PM.c ****     ConsolePort_4_RegD1_DISABLED,
  23:.\Generated_Source\PSoC5/ConsolePort_4_RegD1_PM.c **** 
  24:.\Generated_Source\PSoC5/ConsolePort_4_RegD1_PM.c ****     ((uint16) ConsolePort_4_RegD1_DEFAULT_A0),
  25:.\Generated_Source\PSoC5/ConsolePort_4_RegD1_PM.c ****     ((uint16) ConsolePort_4_RegD1_DEFAULT_A1),
  26:.\Generated_Source\PSoC5/ConsolePort_4_RegD1_PM.c **** 
  27:.\Generated_Source\PSoC5/ConsolePort_4_RegD1_PM.c ****     #if(CY_UDB_V0)
  28:.\Generated_Source\PSoC5/ConsolePort_4_RegD1_PM.c ****         ((uint16) ConsolePort_4_RegD1_INT_SRC),
  29:.\Generated_Source\PSoC5/ConsolePort_4_RegD1_PM.c ****     #endif /* (CY_UDB_V0) */
  30:.\Generated_Source\PSoC5/ConsolePort_4_RegD1_PM.c **** };
  31:.\Generated_Source\PSoC5/ConsolePort_4_RegD1_PM.c **** 
  32:.\Generated_Source\PSoC5/ConsolePort_4_RegD1_PM.c **** 
  33:.\Generated_Source\PSoC5/ConsolePort_4_RegD1_PM.c **** /*******************************************************************************
  34:.\Generated_Source\PSoC5/ConsolePort_4_RegD1_PM.c **** * Function Name: ConsolePort_4_RegD1_SaveConfig
  35:.\Generated_Source\PSoC5/ConsolePort_4_RegD1_PM.c **** ********************************************************************************
  36:.\Generated_Source\PSoC5/ConsolePort_4_RegD1_PM.c **** *
  37:.\Generated_Source\PSoC5/ConsolePort_4_RegD1_PM.c **** * Summary:
  38:.\Generated_Source\PSoC5/ConsolePort_4_RegD1_PM.c **** *  Saves Shift Register configuration.
  39:.\Generated_Source\PSoC5/ConsolePort_4_RegD1_PM.c **** *
  40:.\Generated_Source\PSoC5/ConsolePort_4_RegD1_PM.c **** * Parameters:
  41:.\Generated_Source\PSoC5/ConsolePort_4_RegD1_PM.c **** *  None.
  42:.\Generated_Source\PSoC5/ConsolePort_4_RegD1_PM.c **** *
  43:.\Generated_Source\PSoC5/ConsolePort_4_RegD1_PM.c **** * Return:
  44:.\Generated_Source\PSoC5/ConsolePort_4_RegD1_PM.c **** *  None.
  45:.\Generated_Source\PSoC5/ConsolePort_4_RegD1_PM.c **** *
  46:.\Generated_Source\PSoC5/ConsolePort_4_RegD1_PM.c **** * Reentrant:
  47:.\Generated_Source\PSoC5/ConsolePort_4_RegD1_PM.c **** *  No.
  48:.\Generated_Source\PSoC5/ConsolePort_4_RegD1_PM.c **** *
  49:.\Generated_Source\PSoC5/ConsolePort_4_RegD1_PM.c **** *******************************************************************************/
  50:.\Generated_Source\PSoC5/ConsolePort_4_RegD1_PM.c **** void ConsolePort_4_RegD1_SaveConfig(void) 
  51:.\Generated_Source\PSoC5/ConsolePort_4_RegD1_PM.c **** {
 272              		.loc 1 51 0
 273              		.cfi_startproc
 274              		@ args = 0, pretend = 0, frame = 0
 275              		@ frame_needed = 0, uses_anonymous_args = 0
 276              		@ link register save eliminated.
  52:.\Generated_Source\PSoC5/ConsolePort_4_RegD1_PM.c ****     /* Store working registers A0 and A1 */
  53:.\Generated_Source\PSoC5/ConsolePort_4_RegD1_PM.c ****     ConsolePort_4_RegD1_backup.saveSrA0Reg   = CY_GET_REG16(ConsolePort_4_RegD1_SHIFT_REG_LSB_PTR);
 277              		.loc 1 53 0
 278 0000 034B     		ldr	r3, .L2
  54:.\Generated_Source\PSoC5/ConsolePort_4_RegD1_PM.c ****     ConsolePort_4_RegD1_backup.saveSrA1Reg   = CY_GET_REG16(ConsolePort_4_RegD1_SHIFT_REG_VALUE_LSB
 279              		.loc 1 54 0
 280 0002 044A     		ldr	r2, .L2+4
  53:.\Generated_Source\PSoC5/ConsolePort_4_RegD1_PM.c ****     ConsolePort_4_RegD1_backup.saveSrA1Reg   = CY_GET_REG16(ConsolePort_4_RegD1_SHIFT_REG_VALUE_LSB
 281              		.loc 1 53 0
 282 0004 1988     		ldrh	r1, [r3]
ARM GAS  C:\Users\Thomas\AppData\Local\Temp\ccNrgdGr.s 			page 21


 283 0006 044B     		ldr	r3, .L2+8
 284              		.loc 1 54 0
 285 0008 1288     		ldrh	r2, [r2]
  53:.\Generated_Source\PSoC5/ConsolePort_4_RegD1_PM.c ****     ConsolePort_4_RegD1_backup.saveSrA1Reg   = CY_GET_REG16(ConsolePort_4_RegD1_SHIFT_REG_VALUE_LSB
 286              		.loc 1 53 0
 287 000a 5980     		strh	r1, [r3, #2]	@ movhi
 288              		.loc 1 54 0
 289 000c 9A80     		strh	r2, [r3, #4]	@ movhi
 290 000e 7047     		bx	lr
 291              	.L3:
 292              		.align	2
 293              	.L2:
 294 0010 0E640040 		.word	1073767438
 295 0014 1E640040 		.word	1073767454
 296 0018 00000000 		.word	.LANCHOR0
 297              		.cfi_endproc
 298              	.LFE0:
 299              		.size	ConsolePort_4_RegD1_SaveConfig, .-ConsolePort_4_RegD1_SaveConfig
 300              		.section	.text.ConsolePort_4_RegD1_RestoreConfig,"ax",%progbits
 301              		.align	2
 302              		.global	ConsolePort_4_RegD1_RestoreConfig
 303              		.thumb
 304              		.thumb_func
 305              		.type	ConsolePort_4_RegD1_RestoreConfig, %function
 306              	ConsolePort_4_RegD1_RestoreConfig:
 307              	.LFB1:
  55:.\Generated_Source\PSoC5/ConsolePort_4_RegD1_PM.c **** 
  56:.\Generated_Source\PSoC5/ConsolePort_4_RegD1_PM.c ****     #if(CY_UDB_V0)
  57:.\Generated_Source\PSoC5/ConsolePort_4_RegD1_PM.c ****         ConsolePort_4_RegD1_backup.saveSrIntMask = ConsolePort_4_RegD1_SR_STATUS_MASK;
  58:.\Generated_Source\PSoC5/ConsolePort_4_RegD1_PM.c ****     #endif /* (CY_UDB_V0) */
  59:.\Generated_Source\PSoC5/ConsolePort_4_RegD1_PM.c **** }
  60:.\Generated_Source\PSoC5/ConsolePort_4_RegD1_PM.c **** 
  61:.\Generated_Source\PSoC5/ConsolePort_4_RegD1_PM.c **** 
  62:.\Generated_Source\PSoC5/ConsolePort_4_RegD1_PM.c **** /*******************************************************************************
  63:.\Generated_Source\PSoC5/ConsolePort_4_RegD1_PM.c **** * Function Name: ConsolePort_4_RegD1_RestoreConfig
  64:.\Generated_Source\PSoC5/ConsolePort_4_RegD1_PM.c **** ********************************************************************************
  65:.\Generated_Source\PSoC5/ConsolePort_4_RegD1_PM.c **** *
  66:.\Generated_Source\PSoC5/ConsolePort_4_RegD1_PM.c **** * Summary:
  67:.\Generated_Source\PSoC5/ConsolePort_4_RegD1_PM.c **** *  Restores Shift Register configuration.
  68:.\Generated_Source\PSoC5/ConsolePort_4_RegD1_PM.c **** *
  69:.\Generated_Source\PSoC5/ConsolePort_4_RegD1_PM.c **** * Parameters:
  70:.\Generated_Source\PSoC5/ConsolePort_4_RegD1_PM.c **** *  None.
  71:.\Generated_Source\PSoC5/ConsolePort_4_RegD1_PM.c **** *
  72:.\Generated_Source\PSoC5/ConsolePort_4_RegD1_PM.c **** * Return:
  73:.\Generated_Source\PSoC5/ConsolePort_4_RegD1_PM.c **** *  None.
  74:.\Generated_Source\PSoC5/ConsolePort_4_RegD1_PM.c **** *
  75:.\Generated_Source\PSoC5/ConsolePort_4_RegD1_PM.c **** *******************************************************************************/
  76:.\Generated_Source\PSoC5/ConsolePort_4_RegD1_PM.c **** void ConsolePort_4_RegD1_RestoreConfig(void) 
  77:.\Generated_Source\PSoC5/ConsolePort_4_RegD1_PM.c **** {
 308              		.loc 1 77 0
 309              		.cfi_startproc
 310              		@ args = 0, pretend = 0, frame = 0
 311              		@ frame_needed = 0, uses_anonymous_args = 0
 312              		@ link register save eliminated.
  78:.\Generated_Source\PSoC5/ConsolePort_4_RegD1_PM.c ****     /* Restore working registers A0 and A1 */
  79:.\Generated_Source\PSoC5/ConsolePort_4_RegD1_PM.c ****     CY_SET_REG16(ConsolePort_4_RegD1_SHIFT_REG_LSB_PTR, ConsolePort_4_RegD1_backup.saveSrA0Reg);
 313              		.loc 1 79 0
ARM GAS  C:\Users\Thomas\AppData\Local\Temp\ccNrgdGr.s 			page 22


 314 0000 034B     		ldr	r3, .L5
 315 0002 0449     		ldr	r1, .L5+4
  80:.\Generated_Source\PSoC5/ConsolePort_4_RegD1_PM.c ****     CY_SET_REG16(ConsolePort_4_RegD1_SHIFT_REG_VALUE_LSB_PTR, ConsolePort_4_RegD1_backup.saveSrA1Re
 316              		.loc 1 80 0
 317 0004 9A88     		ldrh	r2, [r3, #4]
  79:.\Generated_Source\PSoC5/ConsolePort_4_RegD1_PM.c ****     CY_SET_REG16(ConsolePort_4_RegD1_SHIFT_REG_VALUE_LSB_PTR, ConsolePort_4_RegD1_backup.saveSrA1Re
 318              		.loc 1 79 0
 319 0006 5888     		ldrh	r0, [r3, #2]
 320              		.loc 1 80 0
 321 0008 034B     		ldr	r3, .L5+8
  79:.\Generated_Source\PSoC5/ConsolePort_4_RegD1_PM.c ****     CY_SET_REG16(ConsolePort_4_RegD1_SHIFT_REG_VALUE_LSB_PTR, ConsolePort_4_RegD1_backup.saveSrA1Re
 322              		.loc 1 79 0
 323 000a 0880     		strh	r0, [r1]	@ movhi
 324              		.loc 1 80 0
 325 000c 1A80     		strh	r2, [r3]	@ movhi
 326 000e 7047     		bx	lr
 327              	.L6:
 328              		.align	2
 329              	.L5:
 330 0010 00000000 		.word	.LANCHOR0
 331 0014 0E640040 		.word	1073767438
 332 0018 1E640040 		.word	1073767454
 333              		.cfi_endproc
 334              	.LFE1:
 335              		.size	ConsolePort_4_RegD1_RestoreConfig, .-ConsolePort_4_RegD1_RestoreConfig
 336              		.section	.text.ConsolePort_4_RegD1_Sleep,"ax",%progbits
 337              		.align	2
 338              		.global	ConsolePort_4_RegD1_Sleep
 339              		.thumb
 340              		.thumb_func
 341              		.type	ConsolePort_4_RegD1_Sleep, %function
 342              	ConsolePort_4_RegD1_Sleep:
 343              	.LFB2:
  81:.\Generated_Source\PSoC5/ConsolePort_4_RegD1_PM.c **** 
  82:.\Generated_Source\PSoC5/ConsolePort_4_RegD1_PM.c ****     #if(CY_UDB_V0)
  83:.\Generated_Source\PSoC5/ConsolePort_4_RegD1_PM.c ****         ConsolePort_4_RegD1_SR_STATUS_MASK = ((uint8) ConsolePort_4_RegD1_backup.saveSrIntMask);
  84:.\Generated_Source\PSoC5/ConsolePort_4_RegD1_PM.c ****     #endif /* (CY_UDB_V0) */
  85:.\Generated_Source\PSoC5/ConsolePort_4_RegD1_PM.c **** }
  86:.\Generated_Source\PSoC5/ConsolePort_4_RegD1_PM.c **** 
  87:.\Generated_Source\PSoC5/ConsolePort_4_RegD1_PM.c **** 
  88:.\Generated_Source\PSoC5/ConsolePort_4_RegD1_PM.c **** /*******************************************************************************
  89:.\Generated_Source\PSoC5/ConsolePort_4_RegD1_PM.c **** * Function Name: ConsolePort_4_RegD1_Sleep
  90:.\Generated_Source\PSoC5/ConsolePort_4_RegD1_PM.c **** ********************************************************************************
  91:.\Generated_Source\PSoC5/ConsolePort_4_RegD1_PM.c **** *
  92:.\Generated_Source\PSoC5/ConsolePort_4_RegD1_PM.c **** * Summary:
  93:.\Generated_Source\PSoC5/ConsolePort_4_RegD1_PM.c **** *  Prepare the component to enter a Sleep mode.
  94:.\Generated_Source\PSoC5/ConsolePort_4_RegD1_PM.c **** *
  95:.\Generated_Source\PSoC5/ConsolePort_4_RegD1_PM.c **** * Parameters:
  96:.\Generated_Source\PSoC5/ConsolePort_4_RegD1_PM.c **** *  None.
  97:.\Generated_Source\PSoC5/ConsolePort_4_RegD1_PM.c **** *
  98:.\Generated_Source\PSoC5/ConsolePort_4_RegD1_PM.c **** * Return:
  99:.\Generated_Source\PSoC5/ConsolePort_4_RegD1_PM.c **** *  None.
 100:.\Generated_Source\PSoC5/ConsolePort_4_RegD1_PM.c **** *
 101:.\Generated_Source\PSoC5/ConsolePort_4_RegD1_PM.c **** * Reentrant:
 102:.\Generated_Source\PSoC5/ConsolePort_4_RegD1_PM.c **** *  No.
 103:.\Generated_Source\PSoC5/ConsolePort_4_RegD1_PM.c **** *
 104:.\Generated_Source\PSoC5/ConsolePort_4_RegD1_PM.c **** *******************************************************************************/
ARM GAS  C:\Users\Thomas\AppData\Local\Temp\ccNrgdGr.s 			page 23


 105:.\Generated_Source\PSoC5/ConsolePort_4_RegD1_PM.c **** void ConsolePort_4_RegD1_Sleep(void) 
 106:.\Generated_Source\PSoC5/ConsolePort_4_RegD1_PM.c **** {
 344              		.loc 1 106 0
 345              		.cfi_startproc
 346              		@ args = 0, pretend = 0, frame = 0
 347              		@ frame_needed = 0, uses_anonymous_args = 0
 348 0000 10B5     		push	{r4, lr}
 349              		.cfi_def_cfa_offset 8
 350              		.cfi_offset 4, -8
 351              		.cfi_offset 14, -4
 107:.\Generated_Source\PSoC5/ConsolePort_4_RegD1_PM.c ****     ConsolePort_4_RegD1_backup.enableState = ((uint8) ConsolePort_4_RegD1_IS_ENABLED);
 352              		.loc 1 107 0
 353 0002 074B     		ldr	r3, .L9
 354 0004 074C     		ldr	r4, .L9+4
 355 0006 1B78     		ldrb	r3, [r3]	@ zero_extendqisi2
 356 0008 03F00103 		and	r3, r3, #1
 357 000c 2370     		strb	r3, [r4]
 108:.\Generated_Source\PSoC5/ConsolePort_4_RegD1_PM.c **** 
 109:.\Generated_Source\PSoC5/ConsolePort_4_RegD1_PM.c ****     ConsolePort_4_RegD1_Stop();
 358              		.loc 1 109 0
 359 000e FFF7FEFF 		bl	ConsolePort_4_RegD1_Stop
 360              	.LVL0:
 361              	.LBB6:
 362              	.LBB7:
  53:.\Generated_Source\PSoC5/ConsolePort_4_RegD1_PM.c ****     ConsolePort_4_RegD1_backup.saveSrA1Reg   = CY_GET_REG16(ConsolePort_4_RegD1_SHIFT_REG_VALUE_LSB
 363              		.loc 1 53 0
 364 0012 054A     		ldr	r2, .L9+8
  54:.\Generated_Source\PSoC5/ConsolePort_4_RegD1_PM.c **** 
 365              		.loc 1 54 0
 366 0014 054B     		ldr	r3, .L9+12
  53:.\Generated_Source\PSoC5/ConsolePort_4_RegD1_PM.c ****     ConsolePort_4_RegD1_backup.saveSrA1Reg   = CY_GET_REG16(ConsolePort_4_RegD1_SHIFT_REG_VALUE_LSB
 367              		.loc 1 53 0
 368 0016 1288     		ldrh	r2, [r2]
  54:.\Generated_Source\PSoC5/ConsolePort_4_RegD1_PM.c **** 
 369              		.loc 1 54 0
 370 0018 1B88     		ldrh	r3, [r3]
  53:.\Generated_Source\PSoC5/ConsolePort_4_RegD1_PM.c ****     ConsolePort_4_RegD1_backup.saveSrA1Reg   = CY_GET_REG16(ConsolePort_4_RegD1_SHIFT_REG_VALUE_LSB
 371              		.loc 1 53 0
 372 001a 6280     		strh	r2, [r4, #2]	@ movhi
  54:.\Generated_Source\PSoC5/ConsolePort_4_RegD1_PM.c **** 
 373              		.loc 1 54 0
 374 001c A380     		strh	r3, [r4, #4]	@ movhi
 375 001e 10BD     		pop	{r4, pc}
 376              	.L10:
 377              		.align	2
 378              	.L9:
 379 0020 7F640040 		.word	1073767551
 380 0024 00000000 		.word	.LANCHOR0
 381 0028 0E640040 		.word	1073767438
 382 002c 1E640040 		.word	1073767454
 383              	.LBE7:
 384              	.LBE6:
 385              		.cfi_endproc
 386              	.LFE2:
 387              		.size	ConsolePort_4_RegD1_Sleep, .-ConsolePort_4_RegD1_Sleep
 388              		.section	.text.ConsolePort_4_RegD1_Wakeup,"ax",%progbits
 389              		.align	2
ARM GAS  C:\Users\Thomas\AppData\Local\Temp\ccNrgdGr.s 			page 24


 390              		.global	ConsolePort_4_RegD1_Wakeup
 391              		.thumb
 392              		.thumb_func
 393              		.type	ConsolePort_4_RegD1_Wakeup, %function
 394              	ConsolePort_4_RegD1_Wakeup:
 395              	.LFB3:
 110:.\Generated_Source\PSoC5/ConsolePort_4_RegD1_PM.c ****     ConsolePort_4_RegD1_SaveConfig();
 111:.\Generated_Source\PSoC5/ConsolePort_4_RegD1_PM.c **** }
 112:.\Generated_Source\PSoC5/ConsolePort_4_RegD1_PM.c **** 
 113:.\Generated_Source\PSoC5/ConsolePort_4_RegD1_PM.c **** 
 114:.\Generated_Source\PSoC5/ConsolePort_4_RegD1_PM.c **** /*******************************************************************************
 115:.\Generated_Source\PSoC5/ConsolePort_4_RegD1_PM.c **** * Function Name: ConsolePort_4_RegD1_Wakeup
 116:.\Generated_Source\PSoC5/ConsolePort_4_RegD1_PM.c **** ********************************************************************************
 117:.\Generated_Source\PSoC5/ConsolePort_4_RegD1_PM.c **** *
 118:.\Generated_Source\PSoC5/ConsolePort_4_RegD1_PM.c **** * Summary:
 119:.\Generated_Source\PSoC5/ConsolePort_4_RegD1_PM.c **** *  Restores and enables the user configuration.
 120:.\Generated_Source\PSoC5/ConsolePort_4_RegD1_PM.c **** *
 121:.\Generated_Source\PSoC5/ConsolePort_4_RegD1_PM.c **** * Parameters:
 122:.\Generated_Source\PSoC5/ConsolePort_4_RegD1_PM.c **** *  None.
 123:.\Generated_Source\PSoC5/ConsolePort_4_RegD1_PM.c **** *
 124:.\Generated_Source\PSoC5/ConsolePort_4_RegD1_PM.c **** * Return:
 125:.\Generated_Source\PSoC5/ConsolePort_4_RegD1_PM.c **** *  None.
 126:.\Generated_Source\PSoC5/ConsolePort_4_RegD1_PM.c **** *
 127:.\Generated_Source\PSoC5/ConsolePort_4_RegD1_PM.c **** *******************************************************************************/
 128:.\Generated_Source\PSoC5/ConsolePort_4_RegD1_PM.c **** void ConsolePort_4_RegD1_Wakeup(void) 
 129:.\Generated_Source\PSoC5/ConsolePort_4_RegD1_PM.c **** {
 396              		.loc 1 129 0
 397              		.cfi_startproc
 398              		@ args = 0, pretend = 0, frame = 0
 399              		@ frame_needed = 0, uses_anonymous_args = 0
 400              		@ link register save eliminated.
 401 0000 10B4     		push	{r4}
 402              		.cfi_def_cfa_offset 4
 403              		.cfi_offset 4, -4
 404              	.LBB8:
 405              	.LBB9:
  79:.\Generated_Source\PSoC5/ConsolePort_4_RegD1_PM.c ****     CY_SET_REG16(ConsolePort_4_RegD1_SHIFT_REG_VALUE_LSB_PTR, ConsolePort_4_RegD1_backup.saveSrA1Re
 406              		.loc 1 79 0
 407 0002 084B     		ldr	r3, .L16
 408 0004 0848     		ldr	r0, .L16+4
 409 0006 5C88     		ldrh	r4, [r3, #2]
  80:.\Generated_Source\PSoC5/ConsolePort_4_RegD1_PM.c **** 
 410              		.loc 1 80 0
 411 0008 9988     		ldrh	r1, [r3, #4]
 412 000a 084A     		ldr	r2, .L16+8
  79:.\Generated_Source\PSoC5/ConsolePort_4_RegD1_PM.c ****     CY_SET_REG16(ConsolePort_4_RegD1_SHIFT_REG_VALUE_LSB_PTR, ConsolePort_4_RegD1_backup.saveSrA1Re
 413              		.loc 1 79 0
 414 000c 0480     		strh	r4, [r0]	@ movhi
  80:.\Generated_Source\PSoC5/ConsolePort_4_RegD1_PM.c **** 
 415              		.loc 1 80 0
 416 000e 1180     		strh	r1, [r2]	@ movhi
 417              	.LBE9:
 418              	.LBE8:
 130:.\Generated_Source\PSoC5/ConsolePort_4_RegD1_PM.c ****     ConsolePort_4_RegD1_RestoreConfig();
 131:.\Generated_Source\PSoC5/ConsolePort_4_RegD1_PM.c **** 
 132:.\Generated_Source\PSoC5/ConsolePort_4_RegD1_PM.c ****     if(0u != ConsolePort_4_RegD1_backup.enableState)
 419              		.loc 1 132 0
ARM GAS  C:\Users\Thomas\AppData\Local\Temp\ccNrgdGr.s 			page 25


 420 0010 1B78     		ldrb	r3, [r3]	@ zero_extendqisi2
 421 0012 13B9     		cbnz	r3, .L15
 133:.\Generated_Source\PSoC5/ConsolePort_4_RegD1_PM.c ****     {
 134:.\Generated_Source\PSoC5/ConsolePort_4_RegD1_PM.c ****         ConsolePort_4_RegD1_Enable();
 135:.\Generated_Source\PSoC5/ConsolePort_4_RegD1_PM.c ****     }
 136:.\Generated_Source\PSoC5/ConsolePort_4_RegD1_PM.c **** }
 422              		.loc 1 136 0
 423 0014 5DF8044B 		ldr	r4, [sp], #4
 424              		.cfi_remember_state
 425              		.cfi_restore 4
 426              		.cfi_def_cfa_offset 0
 427 0018 7047     		bx	lr
 428              	.L15:
 429              		.cfi_restore_state
 430 001a 5DF8044B 		ldr	r4, [sp], #4
 431              		.cfi_restore 4
 432              		.cfi_def_cfa_offset 0
 134:.\Generated_Source\PSoC5/ConsolePort_4_RegD1_PM.c ****     }
 433              		.loc 1 134 0
 434 001e FFF7FEBF 		b	ConsolePort_4_RegD1_Enable
 435              	.LVL1:
 436              	.L17:
 437 0022 00BF     		.align	2
 438              	.L16:
 439 0024 00000000 		.word	.LANCHOR0
 440 0028 0E640040 		.word	1073767438
 441 002c 1E640040 		.word	1073767454
 442              		.cfi_endproc
 443              	.LFE3:
 444              		.size	ConsolePort_4_RegD1_Wakeup, .-ConsolePort_4_RegD1_Wakeup
 445              		.bss
 446              		.align	2
 447              		.set	.LANCHOR0,. + 0
 448              		.type	ConsolePort_4_RegD1_backup, %object
 449              		.size	ConsolePort_4_RegD1_backup, 6
 450              	ConsolePort_4_RegD1_backup:
 451 0000 00000000 		.space	6
 451      0000
 452 0006 0000     		.text
 453              	.Letext0:
 454              		.file 2 ".\\Generated_Source\\PSoC5\\cytypes.h"
 455              		.file 3 ".\\Generated_Source\\PSoC5\\ConsolePort_4_RegD1.h"
 456              		.section	.debug_info,"",%progbits
 457              	.Ldebug_info0:
 458 0000 9F010000 		.4byte	0x19f
 459 0004 0400     		.2byte	0x4
 460 0006 00000000 		.4byte	.Ldebug_abbrev0
 461 000a 04       		.byte	0x4
 462 000b 01       		.uleb128 0x1
 463 000c D3010000 		.4byte	.LASF27
 464 0010 01       		.byte	0x1
 465 0011 40000000 		.4byte	.LASF28
 466 0015 3B010000 		.4byte	.LASF29
 467 0019 00000000 		.4byte	.Ldebug_ranges0+0
 468 001d 00000000 		.4byte	0
 469 0021 00000000 		.4byte	.Ldebug_line0
 470 0025 02       		.uleb128 0x2
ARM GAS  C:\Users\Thomas\AppData\Local\Temp\ccNrgdGr.s 			page 26


 471 0026 01       		.byte	0x1
 472 0027 06       		.byte	0x6
 473 0028 A4020000 		.4byte	.LASF0
 474 002c 02       		.uleb128 0x2
 475 002d 01       		.byte	0x1
 476 002e 08       		.byte	0x8
 477 002f B0000000 		.4byte	.LASF1
 478 0033 02       		.uleb128 0x2
 479 0034 02       		.byte	0x2
 480 0035 05       		.byte	0x5
 481 0036 7F020000 		.4byte	.LASF2
 482 003a 02       		.uleb128 0x2
 483 003b 02       		.byte	0x2
 484 003c 07       		.byte	0x7
 485 003d 21000000 		.4byte	.LASF3
 486 0041 02       		.uleb128 0x2
 487 0042 04       		.byte	0x4
 488 0043 05       		.byte	0x5
 489 0044 8F020000 		.4byte	.LASF4
 490 0048 02       		.uleb128 0x2
 491 0049 04       		.byte	0x4
 492 004a 07       		.byte	0x7
 493 004b C3000000 		.4byte	.LASF5
 494 004f 02       		.uleb128 0x2
 495 0050 08       		.byte	0x8
 496 0051 05       		.byte	0x5
 497 0052 C5010000 		.4byte	.LASF6
 498 0056 02       		.uleb128 0x2
 499 0057 08       		.byte	0x8
 500 0058 07       		.byte	0x7
 501 0059 A5010000 		.4byte	.LASF7
 502 005d 03       		.uleb128 0x3
 503 005e 04       		.byte	0x4
 504 005f 05       		.byte	0x5
 505 0060 696E7400 		.ascii	"int\000"
 506 0064 02       		.uleb128 0x2
 507 0065 04       		.byte	0x4
 508 0066 07       		.byte	0x7
 509 0067 7D010000 		.4byte	.LASF8
 510 006b 04       		.uleb128 0x4
 511 006c 89020000 		.4byte	.LASF9
 512 0070 02       		.byte	0x2
 513 0071 9201     		.2byte	0x192
 514 0073 2C000000 		.4byte	0x2c
 515 0077 04       		.uleb128 0x4
 516 0078 76010000 		.4byte	.LASF10
 517 007c 02       		.byte	0x2
 518 007d 9301     		.2byte	0x193
 519 007f 3A000000 		.4byte	0x3a
 520 0083 02       		.uleb128 0x2
 521 0084 04       		.byte	0x4
 522 0085 04       		.byte	0x4
 523 0086 8B000000 		.4byte	.LASF11
 524 008a 02       		.uleb128 0x2
 525 008b 08       		.byte	0x8
 526 008c 04       		.byte	0x4
 527 008d 34010000 		.4byte	.LASF12
ARM GAS  C:\Users\Thomas\AppData\Local\Temp\ccNrgdGr.s 			page 27


 528 0091 02       		.uleb128 0x2
 529 0092 01       		.byte	0x1
 530 0093 08       		.byte	0x8
 531 0094 7A020000 		.4byte	.LASF13
 532 0098 04       		.uleb128 0x4
 533 0099 BE000000 		.4byte	.LASF14
 534 009d 02       		.byte	0x2
 535 009e 3C02     		.2byte	0x23c
 536 00a0 A4000000 		.4byte	0xa4
 537 00a4 05       		.uleb128 0x5
 538 00a5 6B000000 		.4byte	0x6b
 539 00a9 04       		.uleb128 0x4
 540 00aa 00000000 		.4byte	.LASF15
 541 00ae 02       		.byte	0x2
 542 00af 3D02     		.2byte	0x23d
 543 00b1 B5000000 		.4byte	0xb5
 544 00b5 05       		.uleb128 0x5
 545 00b6 77000000 		.4byte	0x77
 546 00ba 02       		.uleb128 0x2
 547 00bb 04       		.byte	0x4
 548 00bc 07       		.byte	0x7
 549 00bd BC010000 		.4byte	.LASF16
 550 00c1 06       		.uleb128 0x6
 551 00c2 06       		.byte	0x6
 552 00c3 03       		.byte	0x3
 553 00c4 30       		.byte	0x30
 554 00c5 EE000000 		.4byte	0xee
 555 00c9 07       		.uleb128 0x7
 556 00ca 98020000 		.4byte	.LASF17
 557 00ce 03       		.byte	0x3
 558 00cf 32       		.byte	0x32
 559 00d0 6B000000 		.4byte	0x6b
 560 00d4 00       		.byte	0
 561 00d5 07       		.uleb128 0x7
 562 00d6 B0020000 		.4byte	.LASF18
 563 00da 03       		.byte	0x3
 564 00db 34       		.byte	0x34
 565 00dc 77000000 		.4byte	0x77
 566 00e0 02       		.byte	0x2
 567 00e1 07       		.uleb128 0x7
 568 00e2 34000000 		.4byte	.LASF19
 569 00e6 03       		.byte	0x3
 570 00e7 35       		.byte	0x35
 571 00e8 77000000 		.4byte	0x77
 572 00ec 04       		.byte	0x4
 573 00ed 00       		.byte	0
 574 00ee 08       		.uleb128 0x8
 575 00ef 12010000 		.4byte	.LASF20
 576 00f3 03       		.byte	0x3
 577 00f4 3B       		.byte	0x3b
 578 00f5 C1000000 		.4byte	0xc1
 579 00f9 09       		.uleb128 0x9
 580 00fa 91000000 		.4byte	.LASF21
 581 00fe 01       		.byte	0x1
 582 00ff 32       		.byte	0x32
 583 0100 01       		.byte	0x1
 584 0101 09       		.uleb128 0x9
ARM GAS  C:\Users\Thomas\AppData\Local\Temp\ccNrgdGr.s 			page 28


 585 0102 D5000000 		.4byte	.LASF22
 586 0106 01       		.byte	0x1
 587 0107 4C       		.byte	0x4c
 588 0108 01       		.byte	0x1
 589 0109 0A       		.uleb128 0xa
 590 010a F9000000 		.4byte	0xf9
 591 010e 00000000 		.4byte	.LFB0
 592 0112 1C000000 		.4byte	.LFE0-.LFB0
 593 0116 01       		.uleb128 0x1
 594 0117 9C       		.byte	0x9c
 595 0118 0A       		.uleb128 0xa
 596 0119 01010000 		.4byte	0x101
 597 011d 00000000 		.4byte	.LFB1
 598 0121 1C000000 		.4byte	.LFE1-.LFB1
 599 0125 01       		.uleb128 0x1
 600 0126 9C       		.byte	0x9c
 601 0127 0B       		.uleb128 0xb
 602 0128 BC020000 		.4byte	.LASF23
 603 012c 01       		.byte	0x1
 604 012d 69       		.byte	0x69
 605 012e 00000000 		.4byte	.LFB2
 606 0132 30000000 		.4byte	.LFE2-.LFB2
 607 0136 01       		.uleb128 0x1
 608 0137 9C       		.byte	0x9c
 609 0138 55010000 		.4byte	0x155
 610 013c 0C       		.uleb128 0xc
 611 013d F9000000 		.4byte	0xf9
 612 0141 12000000 		.4byte	.LBB6
 613 0145 1E000000 		.4byte	.LBE6-.LBB6
 614 0149 01       		.byte	0x1
 615 014a 6E       		.byte	0x6e
 616 014b 0D       		.uleb128 0xd
 617 014c 12000000 		.4byte	.LVL0
 618 0150 94010000 		.4byte	0x194
 619 0154 00       		.byte	0
 620 0155 0B       		.uleb128 0xb
 621 0156 8A010000 		.4byte	.LASF24
 622 015a 01       		.byte	0x1
 623 015b 80       		.byte	0x80
 624 015c 00000000 		.4byte	.LFB3
 625 0160 30000000 		.4byte	.LFE3-.LFB3
 626 0164 01       		.uleb128 0x1
 627 0165 9C       		.byte	0x9c
 628 0166 83010000 		.4byte	0x183
 629 016a 0C       		.uleb128 0xc
 630 016b 01010000 		.4byte	0x101
 631 016f 02000000 		.4byte	.LBB8
 632 0173 0E000000 		.4byte	.LBE8-.LBB8
 633 0177 01       		.byte	0x1
 634 0178 82       		.byte	0x82
 635 0179 0E       		.uleb128 0xe
 636 017a 22000000 		.4byte	.LVL1
 637 017e 9B010000 		.4byte	0x19b
 638 0182 00       		.byte	0
 639 0183 0F       		.uleb128 0xf
 640 0184 F7000000 		.4byte	.LASF30
 641 0188 01       		.byte	0x1
ARM GAS  C:\Users\Thomas\AppData\Local\Temp\ccNrgdGr.s 			page 29


 642 0189 14       		.byte	0x14
 643 018a EE000000 		.4byte	0xee
 644 018e 05       		.uleb128 0x5
 645 018f 03       		.byte	0x3
 646 0190 00000000 		.4byte	ConsolePort_4_RegD1_backup
 647 0194 10       		.uleb128 0x10
 648 0195 72000000 		.4byte	.LASF25
 649 0199 03       		.byte	0x3
 650 019a 43       		.byte	0x43
 651 019b 10       		.uleb128 0x10
 652 019c 06000000 		.4byte	.LASF26
 653 01a0 03       		.byte	0x3
 654 01a1 45       		.byte	0x45
 655 01a2 00       		.byte	0
 656              		.section	.debug_abbrev,"",%progbits
 657              	.Ldebug_abbrev0:
 658 0000 01       		.uleb128 0x1
 659 0001 11       		.uleb128 0x11
 660 0002 01       		.byte	0x1
 661 0003 25       		.uleb128 0x25
 662 0004 0E       		.uleb128 0xe
 663 0005 13       		.uleb128 0x13
 664 0006 0B       		.uleb128 0xb
 665 0007 03       		.uleb128 0x3
 666 0008 0E       		.uleb128 0xe
 667 0009 1B       		.uleb128 0x1b
 668 000a 0E       		.uleb128 0xe
 669 000b 55       		.uleb128 0x55
 670 000c 17       		.uleb128 0x17
 671 000d 11       		.uleb128 0x11
 672 000e 01       		.uleb128 0x1
 673 000f 10       		.uleb128 0x10
 674 0010 17       		.uleb128 0x17
 675 0011 00       		.byte	0
 676 0012 00       		.byte	0
 677 0013 02       		.uleb128 0x2
 678 0014 24       		.uleb128 0x24
 679 0015 00       		.byte	0
 680 0016 0B       		.uleb128 0xb
 681 0017 0B       		.uleb128 0xb
 682 0018 3E       		.uleb128 0x3e
 683 0019 0B       		.uleb128 0xb
 684 001a 03       		.uleb128 0x3
 685 001b 0E       		.uleb128 0xe
 686 001c 00       		.byte	0
 687 001d 00       		.byte	0
 688 001e 03       		.uleb128 0x3
 689 001f 24       		.uleb128 0x24
 690 0020 00       		.byte	0
 691 0021 0B       		.uleb128 0xb
 692 0022 0B       		.uleb128 0xb
 693 0023 3E       		.uleb128 0x3e
 694 0024 0B       		.uleb128 0xb
 695 0025 03       		.uleb128 0x3
 696 0026 08       		.uleb128 0x8
 697 0027 00       		.byte	0
 698 0028 00       		.byte	0
ARM GAS  C:\Users\Thomas\AppData\Local\Temp\ccNrgdGr.s 			page 30


 699 0029 04       		.uleb128 0x4
 700 002a 16       		.uleb128 0x16
 701 002b 00       		.byte	0
 702 002c 03       		.uleb128 0x3
 703 002d 0E       		.uleb128 0xe
 704 002e 3A       		.uleb128 0x3a
 705 002f 0B       		.uleb128 0xb
 706 0030 3B       		.uleb128 0x3b
 707 0031 05       		.uleb128 0x5
 708 0032 49       		.uleb128 0x49
 709 0033 13       		.uleb128 0x13
 710 0034 00       		.byte	0
 711 0035 00       		.byte	0
 712 0036 05       		.uleb128 0x5
 713 0037 35       		.uleb128 0x35
 714 0038 00       		.byte	0
 715 0039 49       		.uleb128 0x49
 716 003a 13       		.uleb128 0x13
 717 003b 00       		.byte	0
 718 003c 00       		.byte	0
 719 003d 06       		.uleb128 0x6
 720 003e 13       		.uleb128 0x13
 721 003f 01       		.byte	0x1
 722 0040 0B       		.uleb128 0xb
 723 0041 0B       		.uleb128 0xb
 724 0042 3A       		.uleb128 0x3a
 725 0043 0B       		.uleb128 0xb
 726 0044 3B       		.uleb128 0x3b
 727 0045 0B       		.uleb128 0xb
 728 0046 01       		.uleb128 0x1
 729 0047 13       		.uleb128 0x13
 730 0048 00       		.byte	0
 731 0049 00       		.byte	0
 732 004a 07       		.uleb128 0x7
 733 004b 0D       		.uleb128 0xd
 734 004c 00       		.byte	0
 735 004d 03       		.uleb128 0x3
 736 004e 0E       		.uleb128 0xe
 737 004f 3A       		.uleb128 0x3a
 738 0050 0B       		.uleb128 0xb
 739 0051 3B       		.uleb128 0x3b
 740 0052 0B       		.uleb128 0xb
 741 0053 49       		.uleb128 0x49
 742 0054 13       		.uleb128 0x13
 743 0055 38       		.uleb128 0x38
 744 0056 0B       		.uleb128 0xb
 745 0057 00       		.byte	0
 746 0058 00       		.byte	0
 747 0059 08       		.uleb128 0x8
 748 005a 16       		.uleb128 0x16
 749 005b 00       		.byte	0
 750 005c 03       		.uleb128 0x3
 751 005d 0E       		.uleb128 0xe
 752 005e 3A       		.uleb128 0x3a
 753 005f 0B       		.uleb128 0xb
 754 0060 3B       		.uleb128 0x3b
 755 0061 0B       		.uleb128 0xb
ARM GAS  C:\Users\Thomas\AppData\Local\Temp\ccNrgdGr.s 			page 31


 756 0062 49       		.uleb128 0x49
 757 0063 13       		.uleb128 0x13
 758 0064 00       		.byte	0
 759 0065 00       		.byte	0
 760 0066 09       		.uleb128 0x9
 761 0067 2E       		.uleb128 0x2e
 762 0068 00       		.byte	0
 763 0069 3F       		.uleb128 0x3f
 764 006a 19       		.uleb128 0x19
 765 006b 03       		.uleb128 0x3
 766 006c 0E       		.uleb128 0xe
 767 006d 3A       		.uleb128 0x3a
 768 006e 0B       		.uleb128 0xb
 769 006f 3B       		.uleb128 0x3b
 770 0070 0B       		.uleb128 0xb
 771 0071 27       		.uleb128 0x27
 772 0072 19       		.uleb128 0x19
 773 0073 20       		.uleb128 0x20
 774 0074 0B       		.uleb128 0xb
 775 0075 00       		.byte	0
 776 0076 00       		.byte	0
 777 0077 0A       		.uleb128 0xa
 778 0078 2E       		.uleb128 0x2e
 779 0079 00       		.byte	0
 780 007a 31       		.uleb128 0x31
 781 007b 13       		.uleb128 0x13
 782 007c 11       		.uleb128 0x11
 783 007d 01       		.uleb128 0x1
 784 007e 12       		.uleb128 0x12
 785 007f 06       		.uleb128 0x6
 786 0080 40       		.uleb128 0x40
 787 0081 18       		.uleb128 0x18
 788 0082 9742     		.uleb128 0x2117
 789 0084 19       		.uleb128 0x19
 790 0085 00       		.byte	0
 791 0086 00       		.byte	0
 792 0087 0B       		.uleb128 0xb
 793 0088 2E       		.uleb128 0x2e
 794 0089 01       		.byte	0x1
 795 008a 3F       		.uleb128 0x3f
 796 008b 19       		.uleb128 0x19
 797 008c 03       		.uleb128 0x3
 798 008d 0E       		.uleb128 0xe
 799 008e 3A       		.uleb128 0x3a
 800 008f 0B       		.uleb128 0xb
 801 0090 3B       		.uleb128 0x3b
 802 0091 0B       		.uleb128 0xb
 803 0092 27       		.uleb128 0x27
 804 0093 19       		.uleb128 0x19
 805 0094 11       		.uleb128 0x11
 806 0095 01       		.uleb128 0x1
 807 0096 12       		.uleb128 0x12
 808 0097 06       		.uleb128 0x6
 809 0098 40       		.uleb128 0x40
 810 0099 18       		.uleb128 0x18
 811 009a 9742     		.uleb128 0x2117
 812 009c 19       		.uleb128 0x19
ARM GAS  C:\Users\Thomas\AppData\Local\Temp\ccNrgdGr.s 			page 32


 813 009d 01       		.uleb128 0x1
 814 009e 13       		.uleb128 0x13
 815 009f 00       		.byte	0
 816 00a0 00       		.byte	0
 817 00a1 0C       		.uleb128 0xc
 818 00a2 1D       		.uleb128 0x1d
 819 00a3 00       		.byte	0
 820 00a4 31       		.uleb128 0x31
 821 00a5 13       		.uleb128 0x13
 822 00a6 11       		.uleb128 0x11
 823 00a7 01       		.uleb128 0x1
 824 00a8 12       		.uleb128 0x12
 825 00a9 06       		.uleb128 0x6
 826 00aa 58       		.uleb128 0x58
 827 00ab 0B       		.uleb128 0xb
 828 00ac 59       		.uleb128 0x59
 829 00ad 0B       		.uleb128 0xb
 830 00ae 00       		.byte	0
 831 00af 00       		.byte	0
 832 00b0 0D       		.uleb128 0xd
 833 00b1 898201   		.uleb128 0x4109
 834 00b4 00       		.byte	0
 835 00b5 11       		.uleb128 0x11
 836 00b6 01       		.uleb128 0x1
 837 00b7 31       		.uleb128 0x31
 838 00b8 13       		.uleb128 0x13
 839 00b9 00       		.byte	0
 840 00ba 00       		.byte	0
 841 00bb 0E       		.uleb128 0xe
 842 00bc 898201   		.uleb128 0x4109
 843 00bf 00       		.byte	0
 844 00c0 11       		.uleb128 0x11
 845 00c1 01       		.uleb128 0x1
 846 00c2 9542     		.uleb128 0x2115
 847 00c4 19       		.uleb128 0x19
 848 00c5 31       		.uleb128 0x31
 849 00c6 13       		.uleb128 0x13
 850 00c7 00       		.byte	0
 851 00c8 00       		.byte	0
 852 00c9 0F       		.uleb128 0xf
 853 00ca 34       		.uleb128 0x34
 854 00cb 00       		.byte	0
 855 00cc 03       		.uleb128 0x3
 856 00cd 0E       		.uleb128 0xe
 857 00ce 3A       		.uleb128 0x3a
 858 00cf 0B       		.uleb128 0xb
 859 00d0 3B       		.uleb128 0x3b
 860 00d1 0B       		.uleb128 0xb
 861 00d2 49       		.uleb128 0x49
 862 00d3 13       		.uleb128 0x13
 863 00d4 02       		.uleb128 0x2
 864 00d5 18       		.uleb128 0x18
 865 00d6 00       		.byte	0
 866 00d7 00       		.byte	0
 867 00d8 10       		.uleb128 0x10
 868 00d9 2E       		.uleb128 0x2e
 869 00da 00       		.byte	0
ARM GAS  C:\Users\Thomas\AppData\Local\Temp\ccNrgdGr.s 			page 33


 870 00db 3F       		.uleb128 0x3f
 871 00dc 19       		.uleb128 0x19
 872 00dd 03       		.uleb128 0x3
 873 00de 0E       		.uleb128 0xe
 874 00df 3A       		.uleb128 0x3a
 875 00e0 0B       		.uleb128 0xb
 876 00e1 3B       		.uleb128 0x3b
 877 00e2 0B       		.uleb128 0xb
 878 00e3 27       		.uleb128 0x27
 879 00e4 19       		.uleb128 0x19
 880 00e5 3C       		.uleb128 0x3c
 881 00e6 19       		.uleb128 0x19
 882 00e7 00       		.byte	0
 883 00e8 00       		.byte	0
 884 00e9 00       		.byte	0
 885              		.section	.debug_aranges,"",%progbits
 886 0000 34000000 		.4byte	0x34
 887 0004 0200     		.2byte	0x2
 888 0006 00000000 		.4byte	.Ldebug_info0
 889 000a 04       		.byte	0x4
 890 000b 00       		.byte	0
 891 000c 0000     		.2byte	0
 892 000e 0000     		.2byte	0
 893 0010 00000000 		.4byte	.LFB0
 894 0014 1C000000 		.4byte	.LFE0-.LFB0
 895 0018 00000000 		.4byte	.LFB1
 896 001c 1C000000 		.4byte	.LFE1-.LFB1
 897 0020 00000000 		.4byte	.LFB2
 898 0024 30000000 		.4byte	.LFE2-.LFB2
 899 0028 00000000 		.4byte	.LFB3
 900 002c 30000000 		.4byte	.LFE3-.LFB3
 901 0030 00000000 		.4byte	0
 902 0034 00000000 		.4byte	0
 903              		.section	.debug_ranges,"",%progbits
 904              	.Ldebug_ranges0:
 905 0000 00000000 		.4byte	.LFB0
 906 0004 1C000000 		.4byte	.LFE0
 907 0008 00000000 		.4byte	.LFB1
 908 000c 1C000000 		.4byte	.LFE1
 909 0010 00000000 		.4byte	.LFB2
 910 0014 30000000 		.4byte	.LFE2
 911 0018 00000000 		.4byte	.LFB3
 912 001c 30000000 		.4byte	.LFE3
 913 0020 00000000 		.4byte	0
 914 0024 00000000 		.4byte	0
 915              		.section	.debug_line,"",%progbits
 916              	.Ldebug_line0:
 917 0000 D4000000 		.section	.debug_str,"MS",%progbits,1
 917      02006E00 
 917      00000201 
 917      FB0E0D00 
 917      01010101 
 918              	.LASF15:
 919 0000 72656731 		.ascii	"reg16\000"
 919      3600
 920              	.LASF26:
 921 0006 436F6E73 		.ascii	"ConsolePort_4_RegD1_Enable\000"
ARM GAS  C:\Users\Thomas\AppData\Local\Temp\ccNrgdGr.s 			page 34


 921      6F6C6550 
 921      6F72745F 
 921      345F5265 
 921      6744315F 
 922              	.LASF3:
 923 0021 73686F72 		.ascii	"short unsigned int\000"
 923      7420756E 
 923      7369676E 
 923      65642069 
 923      6E7400
 924              	.LASF19:
 925 0034 73617665 		.ascii	"saveSrA1Reg\000"
 925      53724131 
 925      52656700 
 926              	.LASF28:
 927 0040 2E5C4765 		.ascii	".\\Generated_Source\\PSoC5\\ConsolePort_4_RegD1_PM."
 927      6E657261 
 927      7465645F 
 927      536F7572 
 927      63655C50 
 928 0070 6300     		.ascii	"c\000"
 929              	.LASF25:
 930 0072 436F6E73 		.ascii	"ConsolePort_4_RegD1_Stop\000"
 930      6F6C6550 
 930      6F72745F 
 930      345F5265 
 930      6744315F 
 931              	.LASF11:
 932 008b 666C6F61 		.ascii	"float\000"
 932      7400
 933              	.LASF21:
 934 0091 436F6E73 		.ascii	"ConsolePort_4_RegD1_SaveConfig\000"
 934      6F6C6550 
 934      6F72745F 
 934      345F5265 
 934      6744315F 
 935              	.LASF1:
 936 00b0 756E7369 		.ascii	"unsigned char\000"
 936      676E6564 
 936      20636861 
 936      7200
 937              	.LASF14:
 938 00be 72656738 		.ascii	"reg8\000"
 938      00
 939              	.LASF5:
 940 00c3 6C6F6E67 		.ascii	"long unsigned int\000"
 940      20756E73 
 940      69676E65 
 940      6420696E 
 940      7400
 941              	.LASF22:
 942 00d5 436F6E73 		.ascii	"ConsolePort_4_RegD1_RestoreConfig\000"
 942      6F6C6550 
 942      6F72745F 
 942      345F5265 
 942      6744315F 
 943              	.LASF30:
ARM GAS  C:\Users\Thomas\AppData\Local\Temp\ccNrgdGr.s 			page 35


 944 00f7 436F6E73 		.ascii	"ConsolePort_4_RegD1_backup\000"
 944      6F6C6550 
 944      6F72745F 
 944      345F5265 
 944      6744315F 
 945              	.LASF20:
 946 0112 436F6E73 		.ascii	"ConsolePort_4_RegD1_BACKUP_STRUCT\000"
 946      6F6C6550 
 946      6F72745F 
 946      345F5265 
 946      6744315F 
 947              	.LASF12:
 948 0134 646F7562 		.ascii	"double\000"
 948      6C6500
 949              	.LASF29:
 950 013b 433A5C55 		.ascii	"C:\\Users\\Thomas\\Documents\\PSoC Creator\\TASBot\\"
 950      73657273 
 950      5C54686F 
 950      6D61735C 
 950      446F6375 
 951 0169 54415342 		.ascii	"TASBot.cydsn\000"
 951      6F742E63 
 951      7964736E 
 951      00
 952              	.LASF10:
 953 0176 75696E74 		.ascii	"uint16\000"
 953      313600
 954              	.LASF8:
 955 017d 756E7369 		.ascii	"unsigned int\000"
 955      676E6564 
 955      20696E74 
 955      00
 956              	.LASF24:
 957 018a 436F6E73 		.ascii	"ConsolePort_4_RegD1_Wakeup\000"
 957      6F6C6550 
 957      6F72745F 
 957      345F5265 
 957      6744315F 
 958              	.LASF7:
 959 01a5 6C6F6E67 		.ascii	"long long unsigned int\000"
 959      206C6F6E 
 959      6720756E 
 959      7369676E 
 959      65642069 
 960              	.LASF16:
 961 01bc 73697A65 		.ascii	"sizetype\000"
 961      74797065 
 961      00
 962              	.LASF6:
 963 01c5 6C6F6E67 		.ascii	"long long int\000"
 963      206C6F6E 
 963      6720696E 
 963      7400
 964              	.LASF27:
 965 01d3 474E5520 		.ascii	"GNU C 4.9.3 20150303 (release) [ARM/embedded-4_9-br"
 965      4320342E 
 965      392E3320 
ARM GAS  C:\Users\Thomas\AppData\Local\Temp\ccNrgdGr.s 			page 36


 965      32303135 
 965      30333033 
 966 0206 616E6368 		.ascii	"anch revision 221220] -mcpu=cortex-m3 -mthumb -g -O"
 966      20726576 
 966      6973696F 
 966      6E203232 
 966      31323230 
 967 0239 33202D66 		.ascii	"3 -ffunction-sections -finline-functions -flto -ffa"
 967      66756E63 
 967      74696F6E 
 967      2D736563 
 967      74696F6E 
 968 026c 742D6C74 		.ascii	"t-lto-objects\000"
 968      6F2D6F62 
 968      6A656374 
 968      7300
 969              	.LASF13:
 970 027a 63686172 		.ascii	"char\000"
 970      00
 971              	.LASF2:
 972 027f 73686F72 		.ascii	"short int\000"
 972      7420696E 
 972      7400
 973              	.LASF9:
 974 0289 75696E74 		.ascii	"uint8\000"
 974      3800
 975              	.LASF4:
 976 028f 6C6F6E67 		.ascii	"long int\000"
 976      20696E74 
 976      00
 977              	.LASF17:
 978 0298 656E6162 		.ascii	"enableState\000"
 978      6C655374 
 978      61746500 
 979              	.LASF0:
 980 02a4 7369676E 		.ascii	"signed char\000"
 980      65642063 
 980      68617200 
 981              	.LASF18:
 982 02b0 73617665 		.ascii	"saveSrA0Reg\000"
 982      53724130 
 982      52656700 
 983              	.LASF23:
 984 02bc 436F6E73 		.ascii	"ConsolePort_4_RegD1_Sleep\000"
 984      6F6C6550 
 984      6F72745F 
 984      345F5265 
 984      6744315F 
 985              		.comm	__gnu_lto_v1,1,1
 986              		.ident	"GCC: (GNU Tools for ARM Embedded Processors) 4.9.3 20150303 (release) [ARM/embedded-4_9-br
