ARM GAS  C:\Users\Thomas\AppData\Local\Temp\ccgp4ced.s 			page 1


   1              		.syntax unified
   2              		.cpu cortex-m3
   3              		.fpu softvfp
   4              		.eabi_attribute 20, 1
   5              		.eabi_attribute 21, 1
   6              		.eabi_attribute 23, 3
   7              		.eabi_attribute 24, 1
   8              		.eabi_attribute 25, 1
   9              		.eabi_attribute 26, 1
  10              		.eabi_attribute 30, 2
  11              		.eabi_attribute 34, 1
  12              		.eabi_attribute 18, 4
  13              		.thumb
  14              		.file	"ConsolePort_3_RegD1_PM.c"
  15              		.text
  16              	.Ltext0:
  17              		.section	.gnu.lto_.profile.be1c2f18,"",%progbits
  18 0000 789C6366 		.ascii	"x\234cf```a\200\000F\006cY\000\000\367\000Y"
  18      60606061 
  18      80004606 
  18      63590000 
  18      F70059
  19              		.text
  20              		.section	.gnu.lto_.jmpfuncs.be1c2f18,"",%progbits
  21 0000 789C6366 		.ascii	"x\234cf\300\016\004\2404\013\0203100C\231\014\000\002"
  21      C00E04A0 
  21      340B1033 
  21      31303043 
  21      990C0002 
  22 0014 C70021   		.ascii	"\307\000!"
  23              		.text
  24              		.section	.gnu.lto_.inline.be1c2f18,"",%progbits
  25 0000 789C6366 		.ascii	"x\234cf\300\016\"\2404\013\003\003;\033#\003\023\307"
  25      C00E22A0 
  25      340B0303 
  25      3B1B2303 
  25      13C7
  26 0012 013B06B6 		.ascii	"\001;\006\266\005\362L 1&L!f\006\036\021\240\220@C-"
  26      05F24C20 
  26      31264C21 
  26      66061E11 
  26      A0904043 
  27 0027 5C88910B 		.ascii	"\\\210\221\013\254\235\233\027(\316\267!\027U\234\001"
  27      AC9D9B17 
  27      28CEB721 
  27      17559C01 
  28 0037 00917408 		.ascii	"\000\221t\010="
  28      3D
  29              		.text
  30              		.section	.gnu.lto_.pureconst.be1c2f18,"",%progbits
  31 0000 789C6366 		.ascii	"x\234cf``\340d\200\000\026\006)&)f)\026)\000\002\321"
  31      6060E064 
  31      80001606 
  31      29262966 
  31      29162900 
  32 0016 0082     		.ascii	"\000\202"
  33              		.text
ARM GAS  C:\Users\Thomas\AppData\Local\Temp\ccgp4ced.s 			page 2


  34              		.section	.gnu.lto_ConsolePort_3_RegD1_SaveConfig.be1c2f18,"",%progbits
  35 0000 789C8D91 		.ascii	"x\234\215\221\333+\004Q\034\307\177\337\337\216iKJ\036"
  35      DB2B0451 
  35      1CC77FDF 
  35      DF8E694B 
  35      4A1E
  36 0012 FD039E90 		.ascii	"\375\003\236\220\333\263\007\312\223\332x\335\332\304"
  36      DBB307CA 
  36      93DA78DD 
  36      DAC4
  37 0020 E445A6D6 		.ascii	"\344E\246\326z\224\031mHB\236\224KQrY\354\262\274\017"
  37      7A94196D 
  37      48429E94 
  37      4B517259 
  37      ECB2BC0F 
  38 0034 A5945BDA 		.ascii	"\245\224[\332\007\265\017H\253x\221[\253I.\2773r\211"
  38      07B50F48 
  38      AB78915B 
  38      AB492EBF 
  38      337289
  39 0047 92A99933 		.ascii	"\222\251\2313\347\374\276\347\373\373|\317\361\321\357"
  39      E7FCBEE7 
  39      FBFB7CCF 
  39      F1D1EF
  40 0056 A750DE4B 		.ascii	"\247P\336K\020U\312\010\037\201G\016\210l?\003\352\207"
  40      1055CA08 
  40      1F81470E 
  40      886C3F03 
  40      EA87
  41 0068 40DD8C6E 		.ascii	"@\335\214n\\\361-c\304\211\215\345\026\315Z\226u3\263"
  41      5CF12D63 
  41      C4898DE5 
  41      16CD5A96 
  41      7533B3
  42 007b 6F071CB8 		.ascii	"o\007\034\270Lt\317\357>\230C\021\211\3506\372|\234"
  42      4C74CFEF 
  42      3E984311 
  42      89E836FA 
  42      7C9C
  43 008d AB474594 		.ascii	"\253GE\224\377^\303<t\361\247x\201c\275\276\336olf\241"
  43      FF5EC33C 
  43      74F1A778 
  43      8163BDBE 
  43      DE6F6C66 
  44 00a2 33B90C4D 		.ascii	"3\271\014M}\2102\"R\255.\230\325\350Kc+;p\335\233\247"
  44      7D883222 
  44      52AD2E98 
  44      D5E84B63 
  44      2B3B70DD 
  45 00b8 F63DB2EA 		.ascii	"\366=\262\352\273\233\330\336\343Kv\231\007wlKS]N3\207"
  45      BB9BD8DE 
  45      E34B7699 
  45      07776C4B 
  45      535D4E33 
  46 00cd 477E6F89 		.ascii	"G~o\211\324\364\341\372h\037\223\030\267\243\302\344"
  46      D4F4E1FA 
  46      681F9318 
ARM GAS  C:\Users\Thomas\AppData\Local\Temp\ccgp4ced.s 			page 3


  46      B7A3C2E4 
  47 00dd C3020AB1 		.ascii	"\303\002\012\261\010I\206\230\254R\032=\243\323\245"
  47      08498698 
  47      AC521A3D 
  47      A3D3A5
  48 00ec CA4FA453 		.ascii	"\312O\244S\251\241\025\356z\262\372-\277\313\332\263"
  48      A9A115EE 
  48      7AB2FA2D 
  48      BFCBDAB3 
  49 00fc 22FCEEA7 		.ascii	"\"\374\356\247y\323y;:\341\371YJ\225\203%taY\031J\355"
  49      79D3793B 
  49      3AE1F959 
  49      4A958325 
  49      74615919 
  50 0112 6569784D 		.ascii	"eixM/\216I@\247\332e\035+\"\274\363\016\001q\024\013"
  50      2F8E4940 
  50      A7DA651D 
  50      2B22BCF3 
  50      0E017114 
  51 0127 317909B2 		.ascii	"1y\011\262\037\0114\331sv\236\210\353\036\356\304G\202"
  51      1F0934D9 
  51      73769E88 
  51      EB1EEEC4 
  51      4782
  52 0139 BE54B25F 		.ascii	"\276T\262_\377BN|\"\257\376\023\371'\343\332\037\214"
  52      FF424E7C 
  52      22AFFE13 
  52      F927E3DA 
  52      1F8C
  53 014b 498F51DD 		.ascii	"I\217Q\335\002\326\025\243F'\260\235\307\034\325@\221"
  53      02D615A3 
  53      4627B09D 
  53      C71CD540 
  53      91
  54 015c 67A42667 		.ascii	"g\244&g/\316\345%\301:\243\335\0107E\214\226P\243\331"
  54      2FCEE525 
  54      C13AA3DD 
  54      0837458C 
  54      9650A3D9 
  55 0170 196E3682 		.ascii	"\031n6\202\201F\263\246*Xc\266w\230mF\300\014GB\025"
  55      8146B3A6 
  55      2A5863B6 
  55      77986D46 
  55      C00C4742 
  56 0185 A106A3B5 		.ascii	"\241\006\243\265\266,\024\250/i\2467\322k\301\343"
  56      B62C14A8 
  56      2F69A637 
  56      D26BC1E3 
  57              		.text
  58              		.section	.gnu.lto_ConsolePort_3_RegD1_RestoreConfig.be1c2f18,"",%progbits
  59 0000 789C7590 		.ascii	"x\234u\220\313+DQ\034\307\177\337\337\\\267)\033Yi\376"
  59      CB2B4451 
  59      1CC77FDF 
  59      DF5CB729 
  59      1B5969FE 
  60 0014 010B8DF2 		.ascii	"\001\013\215\362\372\013\210\225\032l\247n\0327\033"
  60      FA0B8895 
ARM GAS  C:\Users\Thomas\AppData\Local\Temp\ccgp4ced.s 			page 4


  60      1A6CA76E 
  60      1A371B
  61 0023 B935C652 		.ascii	"\2715\306R\356\325\025\013y\255\224\307N\006cf\030Y"
  61      EED5150B 
  61      79AD94C7 
  61      4E066366 
  61      1859
  62 0035 4F4A29AF 		.ascii	"OJ)\257\246Qj\024\322(62(\335\344q\316\235\220\327\251"
  62      A6516A14 
  62      D2283632 
  62      28DDE471 
  62      CE9D90D7 
  63 004a F3FA9DEF 		.ascii	"\363\372\235\357\371~?\347x\350w\363\211\236\003Q\275"
  63      F97E3FE7 
  63      78E877F3 
  63      899E0351 
  63      BD
  64 005b 98E121F0 		.ascii	"\230\341!\360\344!\221\345e@.\0104\310\030\304\015\027"
  64      E42191E5 
  64      65402E08 
  64      34C818C4 
  64      0D17
  65 006d 1893E9D5 		.ascii	"\030\223\351\325\231\322\312E\3234\357\266S\025\303"
  65      99D2CA45 
  65      D334EFB6 
  65      5315C3
  66 007c 150E133D 		.ascii	"\025\016\023=p\321\006K\250$\241)\330/'\245\252-4e\305"
  66      70D1064B 
  66      A824A129 
  66      D82F27A5 
  66      AA2D3465 
  67 0091 3344A10A 		.ascii	"3D\241\012{J\224\247\315\267\267\207\303\251h\025T&"
  67      7B4A94A7 
  67      CDB7B787 
  67      C3A96815 
  67      5426
  68 00a3 87A1C881 		.ascii	"\207\241\310\201(/T2\352\212Y\316\236\034\206\266\012"
  68      282F5432 
  68      EA8A59CE 
  68      9E1C86B6 
  68      0A
  69 00b4 476DF2DE 		.ascii	"Gm\362\336\023\313\330\205\354x\234\007\236\315Q\323"
  69      13CBD885 
  69      EC789C07 
  69      9ECD51D3 
  70 00c4 EB30BF48 		.ascii	"\3530\277HSQ=\317\037e\274\327,*\3566j\331s\230\307"
  70      53513DCF 
  70      1F65BCD7 
  70      2C2AEE36 
  70      6AD97398 
  71 00d9 AC654A95 		.ascii	"\254eJ\225\007\313\030\300\012|\356\331klbC\365W9\254"
  71      07CB18C0 
  71      0A7CEED9 
  71      6B6C6243 
  71      F55739AC 
  72 00ed 605568EE 		.ascii	"`Uh\356]d\304\340\027\017\337\236\206L\022\252\275\344"
  72      5D64C4E0 
ARM GAS  C:\Users\Thomas\AppData\Local\Temp\ccgp4ced.s 			page 5


  72      170FDF9E 
  72      864C12AA 
  72      BDE4
  73 00ff CE3E4BC3 		.ascii	"\316>K\303\222\261]\313T\276e\224\270>\217\267\231\003"
  73      92B15DCB 
  73      54BE6594 
  73      B83E8FB7 
  73      9903
  74 0111 37C386C3 		.ascii	"7\303\206\303*\326\340C\\F !\252\202\225$\372\3241\212"
  74      2AD6E043 
  74      5C462021 
  74      AA829524 
  74      FAD4318A 
  75 0125 E8CABFE8 		.ascii	"\350\312\277\350?Y\223\177\263\256\273\254\362\357\260"
  75      3F59937F 
  75      B3AEBBAC 
  75      F2EFB0
  76 0134 F183F5E2 		.ascii	"\361\203\365\3422\231P]\260\271\017\326\221ljT\375\202"
  76      3299505D 
  76      B0B90FD6 
  76      916C6A54 
  76      FD82
  77 0146 4B7DC26D 		.ascii	"K}\302m\272p\012\235\301J\2376K\003\371\374\2740\026"
  77      BA700A9D 
  77      C14A9F36 
  77      4B03F9FC 
  77      BC3016
  78 0159 BF2D886A 		.ascii	"\277-\210j\253\203-z\257\036\356\214\350]Z\207\321\037"
  78      AB832D7A 
  78      AF1EEE8C 
  78      E85D5A87 
  78      D11F
  79 016b 0EE9C140 		.ascii	"\016\351\301@\207\321\330\020l4z\373\214\036=`\204#"
  79      87D1D810 
  79      6C347AFB 
  79      8C1E3D60 
  79      8423
  80 017d 5A9DD6AE 		.ascii	"Z\235\326\256w7\325h\201\326\352\020\275\003\325h\270"
  80      7737D568 
  80      81D6EA10 
  80      BD03D568 
  80      B8
  81 018e 28       		.ascii	"("
  82              		.text
  83              		.section	.gnu.lto_ConsolePort_3_RegD1_Sleep.be1c2f18,"",%progbits
  84 0000 789C9592 		.ascii	"x\234\225\222\337KSa\030\307\237\347=\333\331/\007\341"
  84      DF4B5361 
  84      18C79FE7 
  84      3DDBD92F 
  84      07E1
  85 0012 95F80F78 		.ascii	"\225\370\017x\345\242_t\331\205\201W\301\310\333\321"
  85      E5A25F74 
  85      D9858157 
  85      C1C8DBD1 
  86 0022 083B7451 		.ascii	"\010;tQ8Xv9<\307-\013\221\262Q\024\264\005B\2515sk\246"
  86      38587639 
  86      3CC72D0B 
ARM GAS  C:\Users\Thomas\AppData\Local\Temp\ccgp4ced.s 			page 6


  86      91B25114 
  86      B40542A9 
  87 003a 56CB7608 		.ascii	"V\313v\010dAQDQ \261\"\014\026\2214\027\326\241\226"
  87      64415144 
  87      5120B122 
  87      0C169134 
  87      17D6A196 
  88 004e 3DCF7B32 		.ascii	"=\317{2lb\320\201\363\376\374\276\317\363y\277\317\253"
  88      6C62D081 
  88      F3FEFCBE 
  88      CFF379BF 
  88      CFAB
  89 0060 C0C6AF95 		.ascii	"\300\306\257\225\376#\012\300N\352Q\001\024\303O\000"
  89      FE230AC0 
  89      4EEA5101 
  89      14C34F00 
  90 0070 0CB740E4 		.ascii	"\014\267@\344\001 \364\011\354\303\017\242*p\330\314"
  90      0120F409 
  90      ECC30FA2 
  90      2A70D8CC 
  91 0080 5CF4B55D 		.ascii	"\\\364\265]\325u\375s\262\320r\242\305\022\0005a\207"
  91      D575FD73 
  91      B2D072A2 
  91      C5120035 
  91      6187
  92 0092 C1316C03 		.ascii	"\3011l\003\322T\023\365W>5A\232-\366\036\216\243\212"
  92      D25413F5 
  92      573E3541 
  92      9A2DF61E 
  92      8EA38A
  93 00a5 D4679B4D 		.ascii	"\324g\233M}uu\352\323\331\312nlB\260\004%\243\306A\215"
  93      7D7575EA 
  93      D3D9CA6E 
  93      6C42B004 
  93      25A3C641 
  94 00ba 70F2C843 		.ascii	"p\362\310C\215\342\345\006`\221Nr\372\367Bp\257,\340"
  94      8DE2E506 
  94      60914E72 
  94      FAF74270 
  94      AF2CE0
  95 00cd 8395C172 		.ascii	"\203\225\301r\272\214\034\355\253P(\321\213\363\305"
  95      BA8C1CED 
  95      AB5028D1 
  95      8BF3C5
  96 00dc 97EE8AB0 		.ascii	"\227\356\212\260\204\243\376\320\320\035\234\373\315"
  96      84A3FED0 
  96      D01D9CFB 
  96      CD
  97 00e9 E2D367F6 		.ascii	"\342\323g\366\022\360t\372\312X\034\323x\311H\240%\234"
  97      12F074FA 
  97      CA581CD3 
  97      78C948A0 
  97      259C
  98 00fb 780D5BF1 		.ascii	"x\015[\361:\322u1C\253\260\200\361o\252\035\016\355"
  98      3AD27531 
  98      43ABB080 
  98      F16FAA1D 
ARM GAS  C:\Users\Thomas\AppData\Local\Temp\ccgp4ced.s 			page 7


  98      0EED
  99 010d 88A57425 		.ascii	"\210\245t%\357\340\343\210\200\023\244$I\376\344\017"
  99      EFE0E388 
  99      8013A424 
  99      49FEE40F 
 100 011d A72D7290 		.ascii	"\247-r\220\216D\306ha\310%E\024\350\206\024\365\227"
 100      8E44C668 
 100      61C82545 
 100      14E88614 
 100      F597
 101 012f 5DB6C449 		.ascii	"]\266\304I*\236'G\002\274@\352\313\317OO\212\330w\375"
 101      2A9E2747 
 101      02BC40EA 
 101      CBCF4F4F 
 101      8AD877FD 
 102 0143 94EEB684 		.ascii	"\224\356\266\204Zg?\326s\252r:n$R\222Sg\225\013'1\206"
 102      5A673FD6 
 102      73AA723A 
 102      6E245292 
 102      5367950B 
 103 015a 5906A5BD 		.ascii	"Y\006\245\275\237\023g\362j{\206\3544\367X\302\2159"
 103      9F1367F2 
 103      6A7B86EC 
 103      34F758C2 
 103      8D39
 104 016c 122E4BCB 		.ascii	"\022.K\313\361&\266SJx\215q\263P\022\234\020\0323zj"
 104      F126B653 
 104      4A788D71 
 104      B350129C 
 104      101A337A 
 105 0181 12338F31 		.ascii	"\0223\2171\262\325\013\322\305\245\001\377_e2\347JB"
 105      B2D50BD2 
 105      C5A501FF 
 105      5F6532E7 
 105      4A42
 106 0193 16A9465E 		.ascii	"\026\251F^7\024\020\247((\340-\276\234\207\366\036\345"
 106      371410A7 
 106      2828E02D 
 106      BE9C87F6 
 106      1EE5
 107 01a5 E61F0B06 		.ascii	"\346\037\013\006\367\015m\360\334'y\277\214\316\317"
 107      F70D6DF0 
 107      DC2779BF 
 107      8CCECF
 108 01b4 7AF82EE7 		.ascii	"z\370.\347\014\312\337\204\323d\372\2144}\3266\275?"
 108      0CCADF84 
 108      D364FA8C 
 108      347DD636 
 108      BD3F
 109 01c6 599D39C0 		.ascii	"Y\2359\300\0217u\247\321\216\333\233\332\341\307;\322"
 109      113775A7 
 109      D18EDB9B 
 109      DAE1C73B 
 109      D2
 110 01d7 0EB441F1 		.ascii	"\016\264A\361.;\342\261\257\2712\340\267\271\275t\354"
 110      2E3BE2B1 
 110      AFB932E0 
ARM GAS  C:\Users\Thomas\AppData\Local\Temp\ccgp4ced.s 			page 8


 110      B7B9BD74 
 110      EC
 111 01e8 EDBB5C56 		.ascii	"\355\273\\V\225\220\2515\356\217\027\226R\336u\240\205"
 111      9590A935 
 111      EE8F1796 
 111      52DE75A0 
 111      85
 112 01f9 3FA0F7D6 		.ascii	"?\240\367\326@G\266\376\027\347\334?8\357KN\361\233"
 112      4047B6FE 
 112      17E7DC3F 
 112      38EF4B4E 
 112      F19B
 113 020b B3C89C5E 		.ascii	"\263\310\234^(\243a\026;e\341\200\237<\362S\247\340"
 113      28A36116 
 113      3B65E180 
 113      9F3CF253 
 113      A7E0
 114 021d DB03A14E 		.ascii	"\333\003\241N\255G\213\036\354\325\016\205\273\"\307"
 114      AD478B1E 
 114      ECD50E85 
 114      BB22C7
 115 022c A3DD5A28 		.ascii	"\243\335Z(\330\025\351\330\025\352\210\364\034\213\034"
 115      D815E9D8 
 115      15EA88F4 
 115      1C8B1C
 116 023b D5829168 		.ascii	"\325\202\221hoxGx\277vx\357\266pp_\240\033~\001\014"
 116      6F784778 
 116      BF7678EF 
 116      B670705F 
 116      A01B7E01 
 117 0250 9A4829   		.ascii	"\232H)"
 118              		.text
 119              		.section	.gnu.lto_ConsolePort_3_RegD1_Wakeup.be1c2f18,"",%progbits
 120 0000 789C8D92 		.ascii	"x\234\215\222\335K\024Q\030\306\337\347\3148\263\037"
 120      DD4B1451 
 120      18C6DFE7 
 120      CC38B31F 
 121 0010 5E4457E2 		.ascii	"^DW\342\305^\346Eh\224\365\027\030\004A\260\346\355"
 121      C55EE645 
 121      6894F517 
 121      180441B0 
 121      E6ED
 122 0022 C2123674 		.ascii	"\302\0226t\023\016lv\271xf\335\300\013I\023\241\300"
 122      130E6C76 
 122      B97866DD 
 122      C00B4913 
 122      A1C0
 123 0034 D5BAC9AC 		.ascii	"\325\272\311\2545w\327Jk\275\031\"#*\022\351\213\226"
 123      3577D74A 
 123      6BBD1922 
 123      232A12E9 
 123      8B96
 124 0046 A8088322 		.ascii	"\250\010\203\"\210\266\015d\011\263\367\234\315\312"
 124      88B60D64 
 124      09B3F79C 
 124      CDCA
 125 0054 B5A08133 		.ascii	"\265\240\2013g\316{\236\363<\277\303\274\006m}\332y"
ARM GAS  C:\Users\Thomas\AppData\Local\Temp\ccgp4ced.s 			page 9


 125      67CE7B9E 
 125      F33CBFC3 
 125      BC066D7D 
 125      DA79
 126 0066 9404D15E 		.ascii	"\224\004\321^\236\321@\020\303\217\210\274\200\020F"
 126      9ED14010 
 126      C38F88BC 
 126      801046
 127 0075 31423264 		.ascii	"1B2d>\333E\262\321\200Y+\233\200\372 P\2370L\364\341"
 127      3EDB45B2 
 127      D180592B 
 127      9B80FA20 
 127      509F304C 
 128 008b 83280B0C 		.ascii	"\203(\013\014\373\331s\341\226\213R\312\317\251\345"
 128      FBD973E1 
 128      968B52CA 
 128      CFA9E5
 129 009a A6534D55 		.ascii	"\246SMU\366\253\210\232?.\241\205XSN\257=\017[i\326"
 129      F6AB889A 
 129      3F2EA185 
 129      58534EAF 
 129      3D0F5B69 
 130 00af 6CABED61 		.ascii	"l\253\355a\012\026x\316m\367\345\372z\345\316\310\300"
 130      0A1678CE 
 130      6DF7E5FA 
 130      7AE5CEC8 
 130      C0
 131 00c0 0E1134A9 		.ascii	"\016\0214\251*`\361K\330\352E\264\302C%\276\343\005"
 131      2A60F14B 
 131      D8EA45B4 
 131      C24325BE 
 131      E305
 132 00d2 CF4609A9 		.ascii	"\317F\011\251\271\362R\347&C\1774\244\335*\002\365I"
 132      B9F252E7 
 132      26437F34 
 132      A4DD2A02 
 132      F549
 133 00e4 B8CC6E84 		.ascii	"\270\314n\204+\260V\205\305{\023\217O\317\210\34479"
 133      2BB05685 
 133      C57B138F 
 133      4FCF88E4 
 133      3739
 134 00f6 20035561 		.ascii	" \003Ua\254)\016\256\276^YZ\016\274\027\\\321\313)/"
 134      AC290EAE 
 134      BE5E595A 
 134      0EBC175C 
 134      D1CB292F 
 135 010a 9DC138C6 		.ascii	"\235\3018\306<\251T&\262Hb\032\315z\357\373\364\320"
 135      3CA95426 
 135      B248621A 
 135      CD7AEFFB 
 135      F4D0
 136 011c ACD59A65 		.ascii	"\254\325\232e\363\013\347\215\252h\300UV~a\037\235\204"
 136      F30BE78D 
 136      AA68C055 
 136      567E611F 
 136      9D84
ARM GAS  C:\Users\Thomas\AppData\Local\Temp\ccgp4ced.s 			page 10


 137 012e 19B45209 		.ascii	"\031\264R\011\267G\240\"Y\376 \277\370P(gk\360\236'"
 137      B747A022 
 137      59FE20BF 
 137      F8502867 
 137      6BF09E27 
 138 0142 CD4D6196 		.ascii	"\315Ma\2266\374:\2718\037Ta\243\036\207\331\310\241"
 138      36FC3AB9 
 138      381F5461 
 138      A31E87D9 
 138      C8A1
 139 0154 19791586 		.ascii	"\031y\025\206\002;35\251+\237y\202\332%\354\177^\242"
 139      023B3335 
 139      A92B9F79 
 139      82DA25EC 
 139      7F5EA2
 140 0167 9E7A760B 		.ascii	"\236zv\013\365N\305{M\363\342'\357\365:\3367o\3639K"
 140      F54EC57B 
 140      4DF3E227 
 140      EFF53ADE 
 140      376FF339 
 141 017c C3653678 		.ascii	"\303e6x?\236\375\224\011\375\001x\343\027\340\234\006"
 141      3F9EFD94 
 141      09FD0178 
 141      E317E09C 
 141      06
 142 018d B43560E1 		.ascii	"\2645`\341n*\254\376\301\2520\377\233p\376o\204\001"
 142      6E2AACFE 
 142      C1AA30FF 
 142      9B70FE6F 
 142      8401
 143 019f DCD484BA 		.ascii	"\334\324\204\272En1\336S\244_\364G~{{\223\013\203\266"
 143      456E31DE 
 143      53A45FF4 
 143      477E7B7B 
 143      930B83B6 
 144 01b3 42E4E641 		.ascii	"B\344\346AQ\035'\325\036\006\025#\306K\364\373\343\367"
 144      511D27D5 
 144      1E061523 
 144      C64BF4FB 
 144      E3F7
 145 01c5 1B9598EA 		.ascii	"\033\225\230\3521\202\025\345\211\005$\271\263B\372"
 145      318215E5 
 145      890524B9 
 145      B342FA
 146 01d4 8CA95BEA 		.ascii	"\214\251[\352\025<\277pP\237!\325pPU\226\356i\213\035"
 146      153CBF70 
 146      509F21D5 
 146      70505596 
 146      EE698B1D 
 147 01e8 707A9CC4 		.ascii	"pz\234\304\221^\347h\274\313=\231\350vb\321.\267c_\254"
 147      915EE768 
 147      BCCB3D99 
 147      E87662D1 
 147      2EB7635F 
 148 01fd C3ED39E1 		.ascii	"\303\3559\341\036w\242n\2427\336\036?\354\034\333\277"
 148      1E77A26E 
 148      A237DE1E 
ARM GAS  C:\Users\Thomas\AppData\Local\Temp\ccgp4ced.s 			page 11


 148      3FEC1CDB 
 148      BF
 149 020e 3B1E3DD4 		.ascii	";\036=\324\326M?\000\221\313\0222"
 149      D64D3F00 
 149      91CB1232 
 150              		.text
 151              		.section	.gnu.lto_.symbol_nodes.be1c2f18,"",%progbits
 152 0000 789C55C8 		.ascii	"x\234U\310A\015\2000\020\005\321\351n\267A\020\332\270"
 152      410D8030 
 152      1005D1E9 
 152      6EB74110 
 152      DAB8
 153 0012 FE4A4001 		.ascii	"\376J@\001\251\011\034p\306\003\011:\010$p(s{\343\300"
 153      A9091C70 
 153      C603093A 
 153      08247028 
 153      737BE3C0 
 154 0026 C49725C1 		.ascii	"\304\227%\301\274\203\304\322\006\002\232\311\315\224"
 154      BC83C4D2 
 154      06029AC9 
 154      CD94
 155 0034 FA6D2EFB 		.ascii	"\372m.\3739\313{\247P~M\255\017\213\242\243{\260\035"
 155      39CB7BA7 
 155      507E4DAD 
 155      0F8BA2A3 
 155      7BB01D
 156 0047 57F25C38 		.ascii	"W\362\\8\327\221\033\317\310\035\246"
 156      D7911BCF 
 156      C81DA6
 157              		.text
 158              		.section	.gnu.lto_.refs.be1c2f18,"",%progbits
 159 0000 789C25C8 		.ascii	"x\234%\310\321\011\000 \014\304\320\244WA\\\304\375"
 159      D1090020 
 159      0CC4D0A4 
 159      57415CC4 
 159      FD
 160 0011 371469BE 		.ascii	"7\024i\276\036\011p\231\012-\355\372\300$\272t\353I"
 160      1E097099 
 160      0A2DEDFA 
 160      C024BA74 
 160      EB49
 161 0023 CFC2C503 		.ascii	"\317\302\305\003\015{\000w"
 161      0D7B0077 
 162              		.text
 163              		.section	.gnu.lto_.decls.be1c2f18,"",%progbits
 164 0000 789C9594 		.ascii	"x\234\225\224\177LSW\024\307\337\351}\364\027\025ML"
 164      7F4C5357 
 164      14C7DFE9 
 164      7DF41715 
 164      4D4C
 165 0012 D4F58FA5 		.ascii	"\324\365\217\245\303\204l\3068q\031\341\277\251l\361"
 165      C3846CC6 
 165      387119E1 
 165      BFA96CF1 
 166 0022 0FB38588 		.ascii	"\017\263\205\210f\177H\302\220\2759#\241\254\224%\376"
 166      667F48C2 
 166      90BD3923 
ARM GAS  C:\Users\Thomas\AppData\Local\Temp\ccgp4ced.s 			page 12


 166      A1AC9425 
 166      FE
 167 0033 B1E40153 		.ascii	"\261\344\001S:\024\243nJE\266\325\200S\024*\"`\301\037"
 167      3A14A36E 
 167      4A45B6D5 
 167      8053142A 
 167      2260C11F 
 168 0047 54745A40 		.ascii	"TtZ@\374\211@q\002\026pD'\251\277\177@\354\316\275\357"
 168      FC894071 
 168      02167044 
 168      27A9BF7F 
 168      40ECCEBD 
 169 005c D5BE9A87 		.ascii	"\325\276\232\207s79\355\275\357\235\3639\337{\356}\207"
 169      733739ED 
 169      BDEF9DF3 
 169      39DF7BEE 
 169      7D87
 170 006e 701CD700 		.ascii	"p\034\327\000\034\027\302q]\307q\036\234\307\340\263"
 170      1C17C271 
 170      5DC7711E 
 170      9CC7E0B3 
 171 007e 542E32B4 		.ascii	"T.2\264h5hn\264:\264z\032\203\326\204\206\356\334U."
 171      6835686E 
 171      B43AB47A 
 171      1A83D684 
 171      86EEDC55 
 172 0093 7A505F9D 		.ascii	"zP_\235\314\260\240\365\241\365\242\371\321.\241\235"
 172      CCB0A0F5 
 172      A1F5A2F9 
 172      D12EA19D 
 173 00a3 43D3A0B5 		.ascii	"C\323\240\265\243u\311\214\232)X\356\327XJF?Z\217\012"
 173      A375C98C 
 173      9A2958EE 
 173      D7584A46 
 173      3F5A8F0A 
 174 00b7 CB3D058B 		.ascii	"\313=\005\213j\217\223Y\263\320n\312\314\021\264\200"
 174      6A8F9359 
 174      B3D06ECA 
 174      CC11B480 
 175 00c7 827D126D 		.ascii	"\202}\022m\024\255Z\241\235\346#h\035\212\\Df6\274A"
 175      14AD5AA1 
 175      9DE62368 
 175      1D8A5C44 
 175      6636BC41 
 176 00db 3FAD55AC 		.ascii	"?\255U\254\"\347T{P\346$\212\034\035\362\272^\336\327"
 176      22E7547B 
 176      50E6248A 
 176      1C1DF2BA 
 176      5EDED7
 177 00ee 5435BFAF 		.ascii	"T5\277\257\201f\367\243\256\3301\015\304\031-t\331\262"
 177      8166F7A3 
 177      AED8310D 
 177      C4192D74 
 177      D9B2
 178 0100 C3E7D4E2 		.ascii	"\303\347\324\342\322d\344\351\362\370D\240\233\237\275"
 178      D264E4E9 
 178      F2F844A0 
ARM GAS  C:\Users\Thomas\AppData\Local\Temp\ccgp4ced.s 			page 13


 178      9B9FBD
 179 010f 53C4B1AD 		.ascii	"S\304\261\255H\234\301C\352,\330\017f8\000f$V\303l\374"
 179      489CC143 
 179      EA2CD80F 
 179      66380066 
 179      2456C36C 
 180 0124 5DCD4BA4 		.ascii	"]\315K\244\272\315=\367\014D\003t^\351\274\325m\234"
 180      BACD3DF7 
 180      0C440374 
 180      5EE9BCD5 
 180      6D9C
 181 0136 7F10C31C 		.ascii	"\177\020\303\034\242\327\307G\322m\015<{4\315\362\233"
 181      A2D7C747 
 181      D26D0D3C 
 181      7B34CDF2 
 181      9B
 182 0147 385417EC 		.ascii	"8T\027\354\353\366\233D\237\350\015\205ZE`08\010\004"
 182      EBF69B44 
 182      9FE80D85 
 182      5A456030 
 182      380804
 183 015a 0EC17CEA 		.ascii	"\016\301|\352K\347,\010j\300\202\201\027\032\017=0\220"
 183      4BE72C08 
 183      6AC08281 
 183      171A0F3D 
 183      3090
 184 016c D58C5ED2 		.ascii	"\325\214^\322R\360T\202\270**\265a\004#\324*\010\265"
 184      52F05482 
 184      B82A2AB5 
 184      610423D4 
 184      2A08B5
 185 017f 61829B11 		.ascii	"a\202\233\021\256\234\331y\233'?0\302\341;\256\301\351"
 185      AE9CD979 
 185      9B273F30 
 185      C2E13BAE 
 185      C1E9
 186 0191 4870D5B9 		.ascii	"Hp\325\271\3742\341\023\026\177X\021\1778\034_\307\342"
 186      FC32E113 
 186      167F5811 
 186      7F381C5F 
 186      C7E2
 187 01a3 77B70406 		.ascii	"w\267\004\006\265\244\014\030`|\254\304\307K\000\307"
 187      B5A40C18 
 187      607CACC4 
 187      C74B00C7 
 188 01b3 3E25E088 		.ascii	">%\340\210\002p$\014\250g\200\322\262\237\0134\244^"
 188      0270240C 
 188      A86780D2 
 188      B29F0B34 
 188      A45E
 189 01c5 02BCA828 		.ascii	"\002\274\250(x\242\243{\020\203{\376\016$\357\026\367"
 189      78A2A37B 
 189      10837BFE 
 189      0E24EF16 
 189      F7
 190 01d6 168A2F43 		.ascii	"\026\212/C!\271\020G\025\224\243aJ\003\243\374^\325"
 190      21B91047 
ARM GAS  C:\Users\Thomas\AppData\Local\Temp\ccgp4ced.s 			page 14


 190      1594A361 
 190      4A03A3FC 
 190      5ED5
 191 01e8 B6C94826 		.ascii	"\266\311H&$\312?\303\223\317\2473\212\253\264r\223E"
 191      24CA3FC3 
 191      93CFA733 
 191      8AABB472 
 191      9345
 192 01fa A1A35141 		.ascii	"\241\243QAh\014\023\232\030a\360\351`\233\216\035\371"
 192      680C139A 
 192      1861F0E9 
 192      609B8E1D 
 192      F9
 193 020b 42CAD8B1 		.ascii	"B\312\330\261\321\343\211cG\256\245\313\037\2175\335"
 193      D1E38963 
 193      47AEA5CB 
 193      1F8F35DD 
 194 021b E3C92EE9 		.ascii	"\343\311.\351\034{Z\213\213\365\304#-\012\3768\276\205"
 194      1C7B5A8B 
 194      8BF5C423 
 194      2D0AFE38 
 194      BE85
 195 022d C6CD324A 		.ascii	"\306\3152JG\331Y~\232\260e\210\276\326\370\375\277<"
 195      47D9597E 
 195      9AB06588 
 195      BED6F8FD 
 195      BF3C
 196 023f 27604C70 		.ascii	"'`Lp\210b\241\030\334!\2229\034\3147\303\007f\016NA"
 196      8862A118 
 196      DC219239 
 196      1CCC37C3 
 196      07660E4E 
 197 0254 02BA313D 		.ascii	"\002\2721=p\034\257\317\011\274>Ux9\202/\333\017./\022"
 197      701CAFCF 
 197      09BC3E55 
 197      7839822F 
 197      DB0F2E2F 
 198 0269 17C34930 		.ascii	"\027\303I0B\313+\305,\203|aZ\335\327\234z\022\220\024"
 198      42CB2BC5 
 198      2C837C61 
 198      5ADDD79C 
 198      7A129014 
 199 027d 74069E3D 		.ascii	"t\006\236=41\3453\350\262\274w\364\021a\3125t\371\353"
 199      3431E533 
 199      E8B2BC77 
 199      F41161CA 
 199      3574F9EB 
 200 0291 83F11306 		.ascii	"\203\361\023\0062\036-\326\"\211-\273\373\254A\317\226"
 200      321E2DD6 
 200      22892DBB 
 200      FBAC41CF 
 200      96
 201 02a2 A110A16A 		.ascii	"\241\020\241j'\206\335\373\265\220`\2442\\\207\246\001"
 201      2786DDFB 
 201      B59060A4 
 201      325C87A6 
 201      01
ARM GAS  C:\Users\Thomas\AppData\Local\Temp\ccgp4ced.s 			page 15


 202 02b3 9C43096D 		.ascii	"\234C\011m\021\011\026Y\002\333\215X$\306\034\210\343"
 202      11091659 
 202      02DB8D58 
 202      24C61C88 
 202      E3
 203 02c4 C08BDA4F 		.ascii	"\300\213\332O\243v\370\0237d\2217t\006\037\236\305\207"
 203      A376F813 
 203      37649137 
 203      74061F9E 
 203      C587
 204 02d6 98E54487 		.ascii	"\230\345D\207\357\276\216<\226\024Lz\212\2124\244\200"
 204      EFBE8E3C 
 204      96144C7A 
 204      8A8A34A4 
 204      80
 205 02e7 D045CCD9 		.ascii	"\320E\314\331K\215\245<\304\307\317L\210w!1\270\247"
 205      4B8DA53C 
 205      C4C7CF4C 
 205      88772131 
 205      B8A7
 206 02f9 784F9C53 		.ascii	"xO\234St\235\226\362\236\307\274\23503\302\177\237~"
 206      749D96F2 
 206      9EC7BC9D 
 206      3033C27F 
 206      9F7E
 207 030b 5E5EFA91 		.ascii	"^^\372\221q\324}\350NS\272\027I\264L\255\262\257\\Z"
 207      71D47DE8 
 207      4E53BA17 
 207      49B44CAD 
 207      B2AF5C5A 
 208 031f E6398F3A 		.ascii	"\3469\217:ng_\251(.\266qp\014A\036\366\215RW\224\011"
 208      6E675FA9 
 208      282EB671 
 208      700C411E 
 208      F68D5257 
 209 0335 17507107 		.ascii	"\027Pq\007\304C;Z\027\304\263\275\321\275\017\215-\322"
 209      C4433B5A 
 209      17C4B3BD 
 209      D1BD0F8D 
 209      2DD2
 210 0347 53272E7C 		.ascii	"S'.|[\244\301\262\336\363|\345-$L\241OU\341~\246\020"
 210      5BA4C1B2 
 210      DEF37CE5 
 210      2D244CA1 
 210      4F55E17E 
 211 035d ABB9F5C5 		.ascii	"\253\271\365\305x7\201\204\231\2148\241\005\270\204"
 211      78378184 
 211      998C38A1 
 211      05B884
 212 036c BECD916A 		.ascii	"\276\315\221j\322\004l\250\211\204\213\250\355M:\261"
 212      D2046CA8 
 212      89848BA8 
 212      ED4D3AB1 
 213 037c 98B7CF9F 		.ascii	"\230\267\317\237\352\325\223RVL\360\234\014>\324%5\210"
 213      EAD59352 
 213      564CF09C 
 213      0C3ED425 
ARM GAS  C:\Users\Thomas\AppData\Local\Temp\ccgp4ced.s 			page 16


 213      3588
 214 038e 0ED71C96 		.ascii	"\016\327\034\226\210\372\323kEc\350itI\377\324\365\372"
 214      88FAD36B 
 214      4563E869 
 214      7449FFD4 
 214      F5FA
 215 03a0 D9892ACD 		.ascii	"\331\211*\315\334\275x\306\301\276\2761M\201\350\302"
 215      DCBD78C6 
 215      C1BEBE31 
 215      4D81E8C2 
 216 03b0 D3A4DF08 		.ascii	"\323\244\337\010\013\274,)T\224\3532\375T\340\012$q"
 216      0BBC2C29 
 216      5494EB32 
 216      FD54E00A 
 216      2471
 217 03c2 7015E6D2 		.ascii	"p\025\346\322\376x\361\306\000!\007\244\304AG\351]\336"
 217      FE78F1C6 
 217      002107A4 
 217      C44147E9 
 217      5DDE
 218 03d4 E8A0F7E1 		.ascii	"\350\240\367\341-\257\204\246\254\366f9\310\367,\370"
 218      2DAF84A6 
 218      ACF66639 
 218      C8F72CF8 
 219 03e4 B2BAD5D4 		.ascii	"\262\272\325\324.\212z\350\301\222^\213\224\247\033"
 219      2E8A7AE8 
 219      C1925E8B 
 219      94A71B
 220 03f3 22B74D05 		.ascii	"\"\267M\005}]\375\266m\031{\\\031\033V\343x\253\220"
 220      7D5DFDB6 
 220      6D197B5C 
 220      191B56E3 
 220      78AB90
 221 0406 EAB6E68A 		.ascii	"\352\266\346\212XS\011\275\323\330\317\015\2768\350"
 221      585309BD 
 221      D3D8CF0D 
 221      BE38E8
 222 0415 4525918E 		.ascii	"E%\221\216\336\007&\326(\360\037\275wn\254\231\324D"
 222      DE0726D6 
 222      28F01FBD 
 222      776EAC99 
 222      D444
 223 0427 79D3A245 		.ascii	"y\323\242E\274\375\262\267\237y\357\333~\216D9\367D"
 223      BCFDB2B7 
 223      9F79EFDB 
 223      7E8E4439 
 223      F744
 224 0439 A1FB65E7 		.ascii	"\241\373e\347~\346\\\266\253\263BG\334\254\254\374\310"
 224      7EE65CB6 
 224      ABB34247 
 224      DCACACFC 
 224      C8
 225 044a F381A73A 		.ascii	"\363\201\247:0\033\022\314N\254\315M0p\305\254\207\024"
 225      301B12CC 
 225      4EACCD4D 
 225      3070C5AC 
 225      8714
ARM GAS  C:\Users\Thomas\AppData\Local\Temp\ccgp4ced.s 			page 17


 226 045c 6E9BF1DD 		.ascii	"n\233\361\335\253\0362\200;\242\2578\370\013\231\203"
 226      AB1E3280 
 226      3BA2AF38 
 226      F80B9983 
 227 046c 72077160 		.ascii	"r\007q`\363\300\247pCnq\322p\342s\011D\1770\235X\266"
 227      F3C0A770 
 227      436E71D2 
 227      70E27309 
 227      447F309D 
 228 0482 B94A4F1A 		.ascii	"\271JO\032\244Sl|R\322<M\252\333\177\267)<\302\356\213"
 228      A4536C7C 
 228      52D23C4D 
 228      AADB7FB7 
 228      293CC2EE 
 229 0497 253D06A9 		.ascii	"%=\006\251\261\275\0361<EcsM&\352!\200\373\037\212\034"
 229      B1BD1E31 
 229      3C456373 
 229      4D26EA21 
 229      80FB1F8A 
 230 04ac F22D8874 		.ascii	"\362-\210t\265\237\002\345]\246\250b\005\242\2125\""
 230      B59F02E5 
 230      5DA6A862 
 230      05A28A35 
 230      22
 231 04bd 176B8415 		.ascii	"\027k\204\025k\300\351-\341\243\274i\207\217x\217\202"
 231      6BC0E92D 
 231      E1A3BC69 
 231      878F788F 
 231      82
 232 04ce 299C04A7 		.ascii	")\234\004\247\334\273)\326\234<k\266\220j\265\3313>"
 232      DCBB29D6 
 232      9C3C6BB6 
 232      906AB5D9 
 232      333E
 233 04e0 CA5821AC 		.ascii	"\312X!\254\37541#-\363{\001\237\177\263n\255v\331\027"
 233      FD343123 
 233      2DF37B01 
 233      9F7FB36E 
 233      AD76D917 
 234 04f4 AB2C29DC 		.ascii	"\253,)\334\242\005\351\313\204\034\301\226i\027\276"
 234      A205E9CB 
 234      841CC196 
 234      6917BE
 235 0503 CE48B3E6 		.ascii	"\316H\263\346\333\262\204\364\3244k\312\307\351j\341"
 235      DBB284F4 
 235      D4346BCA 
 235      C7E96AE1 
 236 0513 A99F2FC8 		.ascii	"\251\237/\310\342\336S{\263B\310\263[m2\373\035\325"
 236      E2DE537B 
 236      B342C8B3 
 236      5B6D32FB 
 236      1DD5
 237 0525 D4D98290 		.ascii	"\324\331\202\220kV{\363e\346z!?w\216j\220\335\232\373"
 237      6B567BF3 
 237      65E67A21 
 237      3F778E6A 
 237      90DD9AFB 
ARM GAS  C:\Users\Thomas\AppData\Local\Temp\ccgp4ced.s 			page 18


 238 0539 E1FF91B8 		.ascii	"\341\377\221\270\340[N5\307g9\231k\262\005U\351K\227"
 238      E05B4E35 
 238      C7673999 
 238      6BB20555 
 238      E94B97
 239 054c A42C5F95 		.ascii	"\244,_\225\232\221\266r\305\252\224\2251\371\353r\354"
 239      9A91B672 
 239      C5AA9495 
 239      31F9EB72 
 239      EC
 240 055d C973A74C 		.ascii	"\311s\247L\231\265\301\276!W\310\3034\261\002C\246\331"
 240      99B5C1BE 
 240      2157C8C3 
 240      34B10243 
 240      A6D9
 241 056f D1494BA3 		.ascii	"\321IK\243\022\223b\363\260\274i\266%\013\021\034\236"
 241      129362F3 
 241      B0BC69B6 
 241      250B111C 
 241      9E
 242 0580 27E25C55 		.ascii	"'\342\\U\321\232\314\254\365\371\27116ambRL\306R\253"
 242      D19ACCAC 
 242      F5F9B931 
 242      36616D62 
 242      524CC652 
 243 0595 359BC779 		.ascii	"5\233\307y\362\277S\035$}"
 243      F2BF531D 
 243      247D
 244              		.text
 245              		.section	.gnu.lto_.symtab.be1c2f18,"",%progbits
 246 0000 436F6E73 		.ascii	"ConsolePort_3_RegD1_SaveConfig\000\000\000\000\000\000"
 246      6F6C6550 
 246      6F72745F 
 246      335F5265 
 246      6744315F 
 247 0024 00000000 		.ascii	"\000\000\000\000\000\000\254\000\000\000ConsolePort"
 247      0000AC00 
 247      0000436F 
 247      6E736F6C 
 247      65506F72 
 248 0039 5F335F52 		.ascii	"_3_RegD1_RestoreConfig\000\000\000\000\000\000\000\000"
 248      65674431 
 248      5F526573 
 248      746F7265 
 248      436F6E66 
 249 0057 00000000 		.ascii	"\000\000\000\000\256\000\000\000ConsolePort_3_RegD1"
 249      AE000000 
 249      436F6E73 
 249      6F6C6550 
 249      6F72745F 
 250 0072 5F536C65 		.ascii	"_Sleep\000\000\000\000\000\000\000\000\000\000\000\000"
 250      65700000 
 250      00000000 
 250      00000000 
 250      0000
 251 0084 B0000000 		.ascii	"\260\000\000\000ConsolePort_3_RegD1_Wakeup\000\000\000"
 251      436F6E73 
ARM GAS  C:\Users\Thomas\AppData\Local\Temp\ccgp4ced.s 			page 19


 251      6F6C6550 
 251      6F72745F 
 251      335F5265 
 252 00a5 00000000 		.ascii	"\000\000\000\000\000\000\000\000\000\262\000\000\000"
 252      00000000 
 252      00B20000 
 252      00
 253 00b2 436F6E73 		.ascii	"ConsolePort_3_RegD1_Stop\000\000\002\000\000\000\000"
 253      6F6C6550 
 253      6F72745F 
 253      335F5265 
 253      6744315F 
 254 00d1 00000000 		.ascii	"\000\000\000\000\000\264\000\000\000ConsolePort_3_R"
 254      00B40000 
 254      00436F6E 
 254      736F6C65 
 254      506F7274 
 255 00e9 65674431 		.ascii	"egD1_Enable\000\000\002\000\000\000\000\000\000\000"
 255      5F456E61 
 255      626C6500 
 255      00020000 
 255      00000000 
 256 00fe 0000B600 		.ascii	"\000\000\266\000\000\000"
 256      0000
 257              		.text
 258              		.section	.gnu.lto_.opts,"",%progbits
 259 0000 272D666E 		.ascii	"'-fno-trapv' '-mcpu=cortex-m3' '-mthumb' '-g' '-O3'"
 259      6F2D7472 
 259      61707627 
 259      20272D6D 
 259      6370753D 
 260 0033 20272D66 		.ascii	" '-ffunction-sections' '-finline-functions' '-flto'"
 260      66756E63 
 260      74696F6E 
 260      2D736563 
 260      74696F6E 
 261 0066 20272D66 		.ascii	" '-ffat-lto-objects'\000"
 261      6661742D 
 261      6C746F2D 
 261      6F626A65 
 261      63747327 
 262              		.text
 263              		.cfi_sections	.debug_frame
 264              		.section	.text.ConsolePort_3_RegD1_SaveConfig,"ax",%progbits
 265              		.align	2
 266              		.global	ConsolePort_3_RegD1_SaveConfig
 267              		.thumb
 268              		.thumb_func
 269              		.type	ConsolePort_3_RegD1_SaveConfig, %function
 270              	ConsolePort_3_RegD1_SaveConfig:
 271              	.LFB0:
 272              		.file 1 ".\\Generated_Source\\PSoC5\\ConsolePort_3_RegD1_PM.c"
   1:.\Generated_Source\PSoC5/ConsolePort_3_RegD1_PM.c **** /*******************************************************************************
   2:.\Generated_Source\PSoC5/ConsolePort_3_RegD1_PM.c **** * File Name: ConsolePort_3_RegD1_PM.c
   3:.\Generated_Source\PSoC5/ConsolePort_3_RegD1_PM.c **** * Version 2.30
   4:.\Generated_Source\PSoC5/ConsolePort_3_RegD1_PM.c **** *
   5:.\Generated_Source\PSoC5/ConsolePort_3_RegD1_PM.c **** * Description:
ARM GAS  C:\Users\Thomas\AppData\Local\Temp\ccgp4ced.s 			page 20


   6:.\Generated_Source\PSoC5/ConsolePort_3_RegD1_PM.c **** *  This file provides the API source code for sleep mode support for Shift
   7:.\Generated_Source\PSoC5/ConsolePort_3_RegD1_PM.c **** *  Register component.
   8:.\Generated_Source\PSoC5/ConsolePort_3_RegD1_PM.c **** *
   9:.\Generated_Source\PSoC5/ConsolePort_3_RegD1_PM.c **** * Note:
  10:.\Generated_Source\PSoC5/ConsolePort_3_RegD1_PM.c **** *
  11:.\Generated_Source\PSoC5/ConsolePort_3_RegD1_PM.c **** ********************************************************************************
  12:.\Generated_Source\PSoC5/ConsolePort_3_RegD1_PM.c **** * Copyright 2008-2013, Cypress Semiconductor Corporation.  All rights reserved.
  13:.\Generated_Source\PSoC5/ConsolePort_3_RegD1_PM.c **** * You may use this file only in accordance with the license, terms, conditions,
  14:.\Generated_Source\PSoC5/ConsolePort_3_RegD1_PM.c **** * disclaimers, and limitations in the end user license agreement accompanying
  15:.\Generated_Source\PSoC5/ConsolePort_3_RegD1_PM.c **** * the software package with which this file was provided.
  16:.\Generated_Source\PSoC5/ConsolePort_3_RegD1_PM.c **** *******************************************************************************/
  17:.\Generated_Source\PSoC5/ConsolePort_3_RegD1_PM.c **** 
  18:.\Generated_Source\PSoC5/ConsolePort_3_RegD1_PM.c **** #include "ConsolePort_3_RegD1.h"
  19:.\Generated_Source\PSoC5/ConsolePort_3_RegD1_PM.c **** 
  20:.\Generated_Source\PSoC5/ConsolePort_3_RegD1_PM.c **** static ConsolePort_3_RegD1_BACKUP_STRUCT ConsolePort_3_RegD1_backup =
  21:.\Generated_Source\PSoC5/ConsolePort_3_RegD1_PM.c **** {
  22:.\Generated_Source\PSoC5/ConsolePort_3_RegD1_PM.c ****     ConsolePort_3_RegD1_DISABLED,
  23:.\Generated_Source\PSoC5/ConsolePort_3_RegD1_PM.c **** 
  24:.\Generated_Source\PSoC5/ConsolePort_3_RegD1_PM.c ****     ((uint16) ConsolePort_3_RegD1_DEFAULT_A0),
  25:.\Generated_Source\PSoC5/ConsolePort_3_RegD1_PM.c ****     ((uint16) ConsolePort_3_RegD1_DEFAULT_A1),
  26:.\Generated_Source\PSoC5/ConsolePort_3_RegD1_PM.c **** 
  27:.\Generated_Source\PSoC5/ConsolePort_3_RegD1_PM.c ****     #if(CY_UDB_V0)
  28:.\Generated_Source\PSoC5/ConsolePort_3_RegD1_PM.c ****         ((uint16) ConsolePort_3_RegD1_INT_SRC),
  29:.\Generated_Source\PSoC5/ConsolePort_3_RegD1_PM.c ****     #endif /* (CY_UDB_V0) */
  30:.\Generated_Source\PSoC5/ConsolePort_3_RegD1_PM.c **** };
  31:.\Generated_Source\PSoC5/ConsolePort_3_RegD1_PM.c **** 
  32:.\Generated_Source\PSoC5/ConsolePort_3_RegD1_PM.c **** 
  33:.\Generated_Source\PSoC5/ConsolePort_3_RegD1_PM.c **** /*******************************************************************************
  34:.\Generated_Source\PSoC5/ConsolePort_3_RegD1_PM.c **** * Function Name: ConsolePort_3_RegD1_SaveConfig
  35:.\Generated_Source\PSoC5/ConsolePort_3_RegD1_PM.c **** ********************************************************************************
  36:.\Generated_Source\PSoC5/ConsolePort_3_RegD1_PM.c **** *
  37:.\Generated_Source\PSoC5/ConsolePort_3_RegD1_PM.c **** * Summary:
  38:.\Generated_Source\PSoC5/ConsolePort_3_RegD1_PM.c **** *  Saves Shift Register configuration.
  39:.\Generated_Source\PSoC5/ConsolePort_3_RegD1_PM.c **** *
  40:.\Generated_Source\PSoC5/ConsolePort_3_RegD1_PM.c **** * Parameters:
  41:.\Generated_Source\PSoC5/ConsolePort_3_RegD1_PM.c **** *  None.
  42:.\Generated_Source\PSoC5/ConsolePort_3_RegD1_PM.c **** *
  43:.\Generated_Source\PSoC5/ConsolePort_3_RegD1_PM.c **** * Return:
  44:.\Generated_Source\PSoC5/ConsolePort_3_RegD1_PM.c **** *  None.
  45:.\Generated_Source\PSoC5/ConsolePort_3_RegD1_PM.c **** *
  46:.\Generated_Source\PSoC5/ConsolePort_3_RegD1_PM.c **** * Reentrant:
  47:.\Generated_Source\PSoC5/ConsolePort_3_RegD1_PM.c **** *  No.
  48:.\Generated_Source\PSoC5/ConsolePort_3_RegD1_PM.c **** *
  49:.\Generated_Source\PSoC5/ConsolePort_3_RegD1_PM.c **** *******************************************************************************/
  50:.\Generated_Source\PSoC5/ConsolePort_3_RegD1_PM.c **** void ConsolePort_3_RegD1_SaveConfig(void) 
  51:.\Generated_Source\PSoC5/ConsolePort_3_RegD1_PM.c **** {
 273              		.loc 1 51 0
 274              		.cfi_startproc
 275              		@ args = 0, pretend = 0, frame = 0
 276              		@ frame_needed = 0, uses_anonymous_args = 0
 277              		@ link register save eliminated.
  52:.\Generated_Source\PSoC5/ConsolePort_3_RegD1_PM.c ****     /* Store working registers A0 and A1 */
  53:.\Generated_Source\PSoC5/ConsolePort_3_RegD1_PM.c ****     ConsolePort_3_RegD1_backup.saveSrA0Reg   = CY_GET_REG16(ConsolePort_3_RegD1_SHIFT_REG_LSB_PTR);
 278              		.loc 1 53 0
 279 0000 034B     		ldr	r3, .L2
  54:.\Generated_Source\PSoC5/ConsolePort_3_RegD1_PM.c ****     ConsolePort_3_RegD1_backup.saveSrA1Reg   = CY_GET_REG16(ConsolePort_3_RegD1_SHIFT_REG_VALUE_LSB
 280              		.loc 1 54 0
ARM GAS  C:\Users\Thomas\AppData\Local\Temp\ccgp4ced.s 			page 21


 281 0002 044A     		ldr	r2, .L2+4
  53:.\Generated_Source\PSoC5/ConsolePort_3_RegD1_PM.c ****     ConsolePort_3_RegD1_backup.saveSrA1Reg   = CY_GET_REG16(ConsolePort_3_RegD1_SHIFT_REG_VALUE_LSB
 282              		.loc 1 53 0
 283 0004 1988     		ldrh	r1, [r3]
 284 0006 044B     		ldr	r3, .L2+8
 285              		.loc 1 54 0
 286 0008 1288     		ldrh	r2, [r2]
  53:.\Generated_Source\PSoC5/ConsolePort_3_RegD1_PM.c ****     ConsolePort_3_RegD1_backup.saveSrA1Reg   = CY_GET_REG16(ConsolePort_3_RegD1_SHIFT_REG_VALUE_LSB
 287              		.loc 1 53 0
 288 000a 5980     		strh	r1, [r3, #2]	@ movhi
 289              		.loc 1 54 0
 290 000c 9A80     		strh	r2, [r3, #4]	@ movhi
 291 000e 7047     		bx	lr
 292              	.L3:
 293              		.align	2
 294              	.L2:
 295 0010 0C640040 		.word	1073767436
 296 0014 1C640040 		.word	1073767452
 297 0018 00000000 		.word	.LANCHOR0
 298              		.cfi_endproc
 299              	.LFE0:
 300              		.size	ConsolePort_3_RegD1_SaveConfig, .-ConsolePort_3_RegD1_SaveConfig
 301              		.section	.text.ConsolePort_3_RegD1_RestoreConfig,"ax",%progbits
 302              		.align	2
 303              		.global	ConsolePort_3_RegD1_RestoreConfig
 304              		.thumb
 305              		.thumb_func
 306              		.type	ConsolePort_3_RegD1_RestoreConfig, %function
 307              	ConsolePort_3_RegD1_RestoreConfig:
 308              	.LFB1:
  55:.\Generated_Source\PSoC5/ConsolePort_3_RegD1_PM.c **** 
  56:.\Generated_Source\PSoC5/ConsolePort_3_RegD1_PM.c ****     #if(CY_UDB_V0)
  57:.\Generated_Source\PSoC5/ConsolePort_3_RegD1_PM.c ****         ConsolePort_3_RegD1_backup.saveSrIntMask = ConsolePort_3_RegD1_SR_STATUS_MASK;
  58:.\Generated_Source\PSoC5/ConsolePort_3_RegD1_PM.c ****     #endif /* (CY_UDB_V0) */
  59:.\Generated_Source\PSoC5/ConsolePort_3_RegD1_PM.c **** }
  60:.\Generated_Source\PSoC5/ConsolePort_3_RegD1_PM.c **** 
  61:.\Generated_Source\PSoC5/ConsolePort_3_RegD1_PM.c **** 
  62:.\Generated_Source\PSoC5/ConsolePort_3_RegD1_PM.c **** /*******************************************************************************
  63:.\Generated_Source\PSoC5/ConsolePort_3_RegD1_PM.c **** * Function Name: ConsolePort_3_RegD1_RestoreConfig
  64:.\Generated_Source\PSoC5/ConsolePort_3_RegD1_PM.c **** ********************************************************************************
  65:.\Generated_Source\PSoC5/ConsolePort_3_RegD1_PM.c **** *
  66:.\Generated_Source\PSoC5/ConsolePort_3_RegD1_PM.c **** * Summary:
  67:.\Generated_Source\PSoC5/ConsolePort_3_RegD1_PM.c **** *  Restores Shift Register configuration.
  68:.\Generated_Source\PSoC5/ConsolePort_3_RegD1_PM.c **** *
  69:.\Generated_Source\PSoC5/ConsolePort_3_RegD1_PM.c **** * Parameters:
  70:.\Generated_Source\PSoC5/ConsolePort_3_RegD1_PM.c **** *  None.
  71:.\Generated_Source\PSoC5/ConsolePort_3_RegD1_PM.c **** *
  72:.\Generated_Source\PSoC5/ConsolePort_3_RegD1_PM.c **** * Return:
  73:.\Generated_Source\PSoC5/ConsolePort_3_RegD1_PM.c **** *  None.
  74:.\Generated_Source\PSoC5/ConsolePort_3_RegD1_PM.c **** *
  75:.\Generated_Source\PSoC5/ConsolePort_3_RegD1_PM.c **** *******************************************************************************/
  76:.\Generated_Source\PSoC5/ConsolePort_3_RegD1_PM.c **** void ConsolePort_3_RegD1_RestoreConfig(void) 
  77:.\Generated_Source\PSoC5/ConsolePort_3_RegD1_PM.c **** {
 309              		.loc 1 77 0
 310              		.cfi_startproc
 311              		@ args = 0, pretend = 0, frame = 0
 312              		@ frame_needed = 0, uses_anonymous_args = 0
ARM GAS  C:\Users\Thomas\AppData\Local\Temp\ccgp4ced.s 			page 22


 313              		@ link register save eliminated.
  78:.\Generated_Source\PSoC5/ConsolePort_3_RegD1_PM.c ****     /* Restore working registers A0 and A1 */
  79:.\Generated_Source\PSoC5/ConsolePort_3_RegD1_PM.c ****     CY_SET_REG16(ConsolePort_3_RegD1_SHIFT_REG_LSB_PTR, ConsolePort_3_RegD1_backup.saveSrA0Reg);
 314              		.loc 1 79 0
 315 0000 034B     		ldr	r3, .L5
 316 0002 0449     		ldr	r1, .L5+4
  80:.\Generated_Source\PSoC5/ConsolePort_3_RegD1_PM.c ****     CY_SET_REG16(ConsolePort_3_RegD1_SHIFT_REG_VALUE_LSB_PTR, ConsolePort_3_RegD1_backup.saveSrA1Re
 317              		.loc 1 80 0
 318 0004 9A88     		ldrh	r2, [r3, #4]
  79:.\Generated_Source\PSoC5/ConsolePort_3_RegD1_PM.c ****     CY_SET_REG16(ConsolePort_3_RegD1_SHIFT_REG_VALUE_LSB_PTR, ConsolePort_3_RegD1_backup.saveSrA1Re
 319              		.loc 1 79 0
 320 0006 5888     		ldrh	r0, [r3, #2]
 321              		.loc 1 80 0
 322 0008 034B     		ldr	r3, .L5+8
  79:.\Generated_Source\PSoC5/ConsolePort_3_RegD1_PM.c ****     CY_SET_REG16(ConsolePort_3_RegD1_SHIFT_REG_VALUE_LSB_PTR, ConsolePort_3_RegD1_backup.saveSrA1Re
 323              		.loc 1 79 0
 324 000a 0880     		strh	r0, [r1]	@ movhi
 325              		.loc 1 80 0
 326 000c 1A80     		strh	r2, [r3]	@ movhi
 327 000e 7047     		bx	lr
 328              	.L6:
 329              		.align	2
 330              	.L5:
 331 0010 00000000 		.word	.LANCHOR0
 332 0014 0C640040 		.word	1073767436
 333 0018 1C640040 		.word	1073767452
 334              		.cfi_endproc
 335              	.LFE1:
 336              		.size	ConsolePort_3_RegD1_RestoreConfig, .-ConsolePort_3_RegD1_RestoreConfig
 337              		.section	.text.ConsolePort_3_RegD1_Sleep,"ax",%progbits
 338              		.align	2
 339              		.global	ConsolePort_3_RegD1_Sleep
 340              		.thumb
 341              		.thumb_func
 342              		.type	ConsolePort_3_RegD1_Sleep, %function
 343              	ConsolePort_3_RegD1_Sleep:
 344              	.LFB2:
  81:.\Generated_Source\PSoC5/ConsolePort_3_RegD1_PM.c **** 
  82:.\Generated_Source\PSoC5/ConsolePort_3_RegD1_PM.c ****     #if(CY_UDB_V0)
  83:.\Generated_Source\PSoC5/ConsolePort_3_RegD1_PM.c ****         ConsolePort_3_RegD1_SR_STATUS_MASK = ((uint8) ConsolePort_3_RegD1_backup.saveSrIntMask);
  84:.\Generated_Source\PSoC5/ConsolePort_3_RegD1_PM.c ****     #endif /* (CY_UDB_V0) */
  85:.\Generated_Source\PSoC5/ConsolePort_3_RegD1_PM.c **** }
  86:.\Generated_Source\PSoC5/ConsolePort_3_RegD1_PM.c **** 
  87:.\Generated_Source\PSoC5/ConsolePort_3_RegD1_PM.c **** 
  88:.\Generated_Source\PSoC5/ConsolePort_3_RegD1_PM.c **** /*******************************************************************************
  89:.\Generated_Source\PSoC5/ConsolePort_3_RegD1_PM.c **** * Function Name: ConsolePort_3_RegD1_Sleep
  90:.\Generated_Source\PSoC5/ConsolePort_3_RegD1_PM.c **** ********************************************************************************
  91:.\Generated_Source\PSoC5/ConsolePort_3_RegD1_PM.c **** *
  92:.\Generated_Source\PSoC5/ConsolePort_3_RegD1_PM.c **** * Summary:
  93:.\Generated_Source\PSoC5/ConsolePort_3_RegD1_PM.c **** *  Prepare the component to enter a Sleep mode.
  94:.\Generated_Source\PSoC5/ConsolePort_3_RegD1_PM.c **** *
  95:.\Generated_Source\PSoC5/ConsolePort_3_RegD1_PM.c **** * Parameters:
  96:.\Generated_Source\PSoC5/ConsolePort_3_RegD1_PM.c **** *  None.
  97:.\Generated_Source\PSoC5/ConsolePort_3_RegD1_PM.c **** *
  98:.\Generated_Source\PSoC5/ConsolePort_3_RegD1_PM.c **** * Return:
  99:.\Generated_Source\PSoC5/ConsolePort_3_RegD1_PM.c **** *  None.
 100:.\Generated_Source\PSoC5/ConsolePort_3_RegD1_PM.c **** *
ARM GAS  C:\Users\Thomas\AppData\Local\Temp\ccgp4ced.s 			page 23


 101:.\Generated_Source\PSoC5/ConsolePort_3_RegD1_PM.c **** * Reentrant:
 102:.\Generated_Source\PSoC5/ConsolePort_3_RegD1_PM.c **** *  No.
 103:.\Generated_Source\PSoC5/ConsolePort_3_RegD1_PM.c **** *
 104:.\Generated_Source\PSoC5/ConsolePort_3_RegD1_PM.c **** *******************************************************************************/
 105:.\Generated_Source\PSoC5/ConsolePort_3_RegD1_PM.c **** void ConsolePort_3_RegD1_Sleep(void) 
 106:.\Generated_Source\PSoC5/ConsolePort_3_RegD1_PM.c **** {
 345              		.loc 1 106 0
 346              		.cfi_startproc
 347              		@ args = 0, pretend = 0, frame = 0
 348              		@ frame_needed = 0, uses_anonymous_args = 0
 349 0000 10B5     		push	{r4, lr}
 350              		.cfi_def_cfa_offset 8
 351              		.cfi_offset 4, -8
 352              		.cfi_offset 14, -4
 107:.\Generated_Source\PSoC5/ConsolePort_3_RegD1_PM.c ****     ConsolePort_3_RegD1_backup.enableState = ((uint8) ConsolePort_3_RegD1_IS_ENABLED);
 353              		.loc 1 107 0
 354 0002 074B     		ldr	r3, .L9
 355 0004 074C     		ldr	r4, .L9+4
 356 0006 1B78     		ldrb	r3, [r3]	@ zero_extendqisi2
 357 0008 03F00103 		and	r3, r3, #1
 358 000c 2370     		strb	r3, [r4]
 108:.\Generated_Source\PSoC5/ConsolePort_3_RegD1_PM.c **** 
 109:.\Generated_Source\PSoC5/ConsolePort_3_RegD1_PM.c ****     ConsolePort_3_RegD1_Stop();
 359              		.loc 1 109 0
 360 000e FFF7FEFF 		bl	ConsolePort_3_RegD1_Stop
 361              	.LVL0:
 362              	.LBB6:
 363              	.LBB7:
  53:.\Generated_Source\PSoC5/ConsolePort_3_RegD1_PM.c ****     ConsolePort_3_RegD1_backup.saveSrA1Reg   = CY_GET_REG16(ConsolePort_3_RegD1_SHIFT_REG_VALUE_LSB
 364              		.loc 1 53 0
 365 0012 054A     		ldr	r2, .L9+8
  54:.\Generated_Source\PSoC5/ConsolePort_3_RegD1_PM.c **** 
 366              		.loc 1 54 0
 367 0014 054B     		ldr	r3, .L9+12
  53:.\Generated_Source\PSoC5/ConsolePort_3_RegD1_PM.c ****     ConsolePort_3_RegD1_backup.saveSrA1Reg   = CY_GET_REG16(ConsolePort_3_RegD1_SHIFT_REG_VALUE_LSB
 368              		.loc 1 53 0
 369 0016 1288     		ldrh	r2, [r2]
  54:.\Generated_Source\PSoC5/ConsolePort_3_RegD1_PM.c **** 
 370              		.loc 1 54 0
 371 0018 1B88     		ldrh	r3, [r3]
  53:.\Generated_Source\PSoC5/ConsolePort_3_RegD1_PM.c ****     ConsolePort_3_RegD1_backup.saveSrA1Reg   = CY_GET_REG16(ConsolePort_3_RegD1_SHIFT_REG_VALUE_LSB
 372              		.loc 1 53 0
 373 001a 6280     		strh	r2, [r4, #2]	@ movhi
  54:.\Generated_Source\PSoC5/ConsolePort_3_RegD1_PM.c **** 
 374              		.loc 1 54 0
 375 001c A380     		strh	r3, [r4, #4]	@ movhi
 376 001e 10BD     		pop	{r4, pc}
 377              	.L10:
 378              		.align	2
 379              	.L9:
 380 0020 7D640040 		.word	1073767549
 381 0024 00000000 		.word	.LANCHOR0
 382 0028 0C640040 		.word	1073767436
 383 002c 1C640040 		.word	1073767452
 384              	.LBE7:
 385              	.LBE6:
 386              		.cfi_endproc
ARM GAS  C:\Users\Thomas\AppData\Local\Temp\ccgp4ced.s 			page 24


 387              	.LFE2:
 388              		.size	ConsolePort_3_RegD1_Sleep, .-ConsolePort_3_RegD1_Sleep
 389              		.section	.text.ConsolePort_3_RegD1_Wakeup,"ax",%progbits
 390              		.align	2
 391              		.global	ConsolePort_3_RegD1_Wakeup
 392              		.thumb
 393              		.thumb_func
 394              		.type	ConsolePort_3_RegD1_Wakeup, %function
 395              	ConsolePort_3_RegD1_Wakeup:
 396              	.LFB3:
 110:.\Generated_Source\PSoC5/ConsolePort_3_RegD1_PM.c ****     ConsolePort_3_RegD1_SaveConfig();
 111:.\Generated_Source\PSoC5/ConsolePort_3_RegD1_PM.c **** }
 112:.\Generated_Source\PSoC5/ConsolePort_3_RegD1_PM.c **** 
 113:.\Generated_Source\PSoC5/ConsolePort_3_RegD1_PM.c **** 
 114:.\Generated_Source\PSoC5/ConsolePort_3_RegD1_PM.c **** /*******************************************************************************
 115:.\Generated_Source\PSoC5/ConsolePort_3_RegD1_PM.c **** * Function Name: ConsolePort_3_RegD1_Wakeup
 116:.\Generated_Source\PSoC5/ConsolePort_3_RegD1_PM.c **** ********************************************************************************
 117:.\Generated_Source\PSoC5/ConsolePort_3_RegD1_PM.c **** *
 118:.\Generated_Source\PSoC5/ConsolePort_3_RegD1_PM.c **** * Summary:
 119:.\Generated_Source\PSoC5/ConsolePort_3_RegD1_PM.c **** *  Restores and enables the user configuration.
 120:.\Generated_Source\PSoC5/ConsolePort_3_RegD1_PM.c **** *
 121:.\Generated_Source\PSoC5/ConsolePort_3_RegD1_PM.c **** * Parameters:
 122:.\Generated_Source\PSoC5/ConsolePort_3_RegD1_PM.c **** *  None.
 123:.\Generated_Source\PSoC5/ConsolePort_3_RegD1_PM.c **** *
 124:.\Generated_Source\PSoC5/ConsolePort_3_RegD1_PM.c **** * Return:
 125:.\Generated_Source\PSoC5/ConsolePort_3_RegD1_PM.c **** *  None.
 126:.\Generated_Source\PSoC5/ConsolePort_3_RegD1_PM.c **** *
 127:.\Generated_Source\PSoC5/ConsolePort_3_RegD1_PM.c **** *******************************************************************************/
 128:.\Generated_Source\PSoC5/ConsolePort_3_RegD1_PM.c **** void ConsolePort_3_RegD1_Wakeup(void) 
 129:.\Generated_Source\PSoC5/ConsolePort_3_RegD1_PM.c **** {
 397              		.loc 1 129 0
 398              		.cfi_startproc
 399              		@ args = 0, pretend = 0, frame = 0
 400              		@ frame_needed = 0, uses_anonymous_args = 0
 401              		@ link register save eliminated.
 402 0000 10B4     		push	{r4}
 403              		.cfi_def_cfa_offset 4
 404              		.cfi_offset 4, -4
 405              	.LBB8:
 406              	.LBB9:
  79:.\Generated_Source\PSoC5/ConsolePort_3_RegD1_PM.c ****     CY_SET_REG16(ConsolePort_3_RegD1_SHIFT_REG_VALUE_LSB_PTR, ConsolePort_3_RegD1_backup.saveSrA1Re
 407              		.loc 1 79 0
 408 0002 084B     		ldr	r3, .L16
 409 0004 0848     		ldr	r0, .L16+4
 410 0006 5C88     		ldrh	r4, [r3, #2]
  80:.\Generated_Source\PSoC5/ConsolePort_3_RegD1_PM.c **** 
 411              		.loc 1 80 0
 412 0008 9988     		ldrh	r1, [r3, #4]
 413 000a 084A     		ldr	r2, .L16+8
  79:.\Generated_Source\PSoC5/ConsolePort_3_RegD1_PM.c ****     CY_SET_REG16(ConsolePort_3_RegD1_SHIFT_REG_VALUE_LSB_PTR, ConsolePort_3_RegD1_backup.saveSrA1Re
 414              		.loc 1 79 0
 415 000c 0480     		strh	r4, [r0]	@ movhi
  80:.\Generated_Source\PSoC5/ConsolePort_3_RegD1_PM.c **** 
 416              		.loc 1 80 0
 417 000e 1180     		strh	r1, [r2]	@ movhi
 418              	.LBE9:
 419              	.LBE8:
ARM GAS  C:\Users\Thomas\AppData\Local\Temp\ccgp4ced.s 			page 25


 130:.\Generated_Source\PSoC5/ConsolePort_3_RegD1_PM.c ****     ConsolePort_3_RegD1_RestoreConfig();
 131:.\Generated_Source\PSoC5/ConsolePort_3_RegD1_PM.c **** 
 132:.\Generated_Source\PSoC5/ConsolePort_3_RegD1_PM.c ****     if(0u != ConsolePort_3_RegD1_backup.enableState)
 420              		.loc 1 132 0
 421 0010 1B78     		ldrb	r3, [r3]	@ zero_extendqisi2
 422 0012 13B9     		cbnz	r3, .L15
 133:.\Generated_Source\PSoC5/ConsolePort_3_RegD1_PM.c ****     {
 134:.\Generated_Source\PSoC5/ConsolePort_3_RegD1_PM.c ****         ConsolePort_3_RegD1_Enable();
 135:.\Generated_Source\PSoC5/ConsolePort_3_RegD1_PM.c ****     }
 136:.\Generated_Source\PSoC5/ConsolePort_3_RegD1_PM.c **** }
 423              		.loc 1 136 0
 424 0014 5DF8044B 		ldr	r4, [sp], #4
 425              		.cfi_remember_state
 426              		.cfi_restore 4
 427              		.cfi_def_cfa_offset 0
 428 0018 7047     		bx	lr
 429              	.L15:
 430              		.cfi_restore_state
 431 001a 5DF8044B 		ldr	r4, [sp], #4
 432              		.cfi_restore 4
 433              		.cfi_def_cfa_offset 0
 134:.\Generated_Source\PSoC5/ConsolePort_3_RegD1_PM.c ****     }
 434              		.loc 1 134 0
 435 001e FFF7FEBF 		b	ConsolePort_3_RegD1_Enable
 436              	.LVL1:
 437              	.L17:
 438 0022 00BF     		.align	2
 439              	.L16:
 440 0024 00000000 		.word	.LANCHOR0
 441 0028 0C640040 		.word	1073767436
 442 002c 1C640040 		.word	1073767452
 443              		.cfi_endproc
 444              	.LFE3:
 445              		.size	ConsolePort_3_RegD1_Wakeup, .-ConsolePort_3_RegD1_Wakeup
 446              		.bss
 447              		.align	2
 448              		.set	.LANCHOR0,. + 0
 449              		.type	ConsolePort_3_RegD1_backup, %object
 450              		.size	ConsolePort_3_RegD1_backup, 6
 451              	ConsolePort_3_RegD1_backup:
 452 0000 00000000 		.space	6
 452      0000
 453 0006 0000     		.text
 454              	.Letext0:
 455              		.file 2 ".\\Generated_Source\\PSoC5\\cytypes.h"
 456              		.file 3 ".\\Generated_Source\\PSoC5\\ConsolePort_3_RegD1.h"
 457              		.section	.debug_info,"",%progbits
 458              	.Ldebug_info0:
 459 0000 9F010000 		.4byte	0x19f
 460 0004 0400     		.2byte	0x4
 461 0006 00000000 		.4byte	.Ldebug_abbrev0
 462 000a 04       		.byte	0x4
 463 000b 01       		.uleb128 0x1
 464 000c 06000000 		.4byte	.LASF27
 465 0010 01       		.byte	0x1
 466 0011 33020000 		.4byte	.LASF28
 467 0015 5B010000 		.4byte	.LASF29
ARM GAS  C:\Users\Thomas\AppData\Local\Temp\ccgp4ced.s 			page 26


 468 0019 00000000 		.4byte	.Ldebug_ranges0+0
 469 001d 00000000 		.4byte	0
 470 0021 00000000 		.4byte	.Ldebug_line0
 471 0025 02       		.uleb128 0x2
 472 0026 01       		.byte	0x1
 473 0027 06       		.byte	0x6
 474 0028 BE020000 		.4byte	.LASF0
 475 002c 02       		.uleb128 0x2
 476 002d 01       		.byte	0x1
 477 002e 08       		.byte	0x8
 478 002f 29010000 		.4byte	.LASF1
 479 0033 02       		.uleb128 0x2
 480 0034 02       		.byte	0x2
 481 0035 05       		.byte	0x5
 482 0036 65020000 		.4byte	.LASF2
 483 003a 02       		.uleb128 0x2
 484 003b 02       		.byte	0x2
 485 003c 07       		.byte	0x7
 486 003d EA000000 		.4byte	.LASF3
 487 0041 02       		.uleb128 0x2
 488 0042 04       		.byte	0x4
 489 0043 05       		.byte	0x5
 490 0044 A9020000 		.4byte	.LASF4
 491 0048 02       		.uleb128 0x2
 492 0049 04       		.byte	0x4
 493 004a 07       		.byte	0x7
 494 004b 3C010000 		.4byte	.LASF5
 495 004f 02       		.uleb128 0x2
 496 0050 08       		.byte	0x8
 497 0051 05       		.byte	0x5
 498 0052 E5010000 		.4byte	.LASF6
 499 0056 02       		.uleb128 0x2
 500 0057 08       		.byte	0x8
 501 0058 07       		.byte	0x7
 502 0059 C5010000 		.4byte	.LASF7
 503 005d 03       		.uleb128 0x3
 504 005e 04       		.byte	0x4
 505 005f 05       		.byte	0x5
 506 0060 696E7400 		.ascii	"int\000"
 507 0064 02       		.uleb128 0x2
 508 0065 04       		.byte	0x4
 509 0066 07       		.byte	0x7
 510 0067 B8010000 		.4byte	.LASF8
 511 006b 04       		.uleb128 0x4
 512 006c 4E010000 		.4byte	.LASF9
 513 0070 02       		.byte	0x2
 514 0071 9201     		.2byte	0x192
 515 0073 2C000000 		.4byte	0x2c
 516 0077 04       		.uleb128 0x4
 517 0078 B1010000 		.4byte	.LASF10
 518 007c 02       		.byte	0x2
 519 007d 9301     		.2byte	0x193
 520 007f 3A000000 		.4byte	0x3a
 521 0083 02       		.uleb128 0x2
 522 0084 04       		.byte	0x4
 523 0085 04       		.byte	0x4
 524 0086 23010000 		.4byte	.LASF11
ARM GAS  C:\Users\Thomas\AppData\Local\Temp\ccgp4ced.s 			page 27


 525 008a 02       		.uleb128 0x2
 526 008b 08       		.byte	0x8
 527 008c 04       		.byte	0x4
 528 008d 54010000 		.4byte	.LASF12
 529 0091 02       		.uleb128 0x2
 530 0092 01       		.byte	0x1
 531 0093 08       		.byte	0x8
 532 0094 0C020000 		.4byte	.LASF13
 533 0098 04       		.uleb128 0x4
 534 0099 37010000 		.4byte	.LASF14
 535 009d 02       		.byte	0x2
 536 009e 3C02     		.2byte	0x23c
 537 00a0 A4000000 		.4byte	0xa4
 538 00a4 05       		.uleb128 0x5
 539 00a5 6B000000 		.4byte	0x6b
 540 00a9 04       		.uleb128 0x4
 541 00aa 00000000 		.4byte	.LASF15
 542 00ae 02       		.byte	0x2
 543 00af 3D02     		.2byte	0x23d
 544 00b1 B5000000 		.4byte	0xb5
 545 00b5 05       		.uleb128 0x5
 546 00b6 77000000 		.4byte	0x77
 547 00ba 02       		.uleb128 0x2
 548 00bb 04       		.byte	0x4
 549 00bc 07       		.byte	0x7
 550 00bd DC010000 		.4byte	.LASF16
 551 00c1 06       		.uleb128 0x6
 552 00c2 06       		.byte	0x6
 553 00c3 03       		.byte	0x3
 554 00c4 30       		.byte	0x30
 555 00c5 EE000000 		.4byte	0xee
 556 00c9 07       		.uleb128 0x7
 557 00ca B2020000 		.4byte	.LASF17
 558 00ce 03       		.byte	0x3
 559 00cf 32       		.byte	0x32
 560 00d0 6B000000 		.4byte	0x6b
 561 00d4 00       		.byte	0
 562 00d5 07       		.uleb128 0x7
 563 00d6 CA020000 		.4byte	.LASF18
 564 00da 03       		.byte	0x3
 565 00db 34       		.byte	0x34
 566 00dc 77000000 		.4byte	0x77
 567 00e0 02       		.byte	0x2
 568 00e1 07       		.uleb128 0x7
 569 00e2 FD000000 		.4byte	.LASF19
 570 00e6 03       		.byte	0x3
 571 00e7 35       		.byte	0x35
 572 00e8 77000000 		.4byte	0x77
 573 00ec 04       		.byte	0x4
 574 00ed 00       		.byte	0
 575 00ee 08       		.uleb128 0x8
 576 00ef 11020000 		.4byte	.LASF20
 577 00f3 03       		.byte	0x3
 578 00f4 3B       		.byte	0x3b
 579 00f5 C1000000 		.4byte	0xc1
 580 00f9 09       		.uleb128 0x9
 581 00fa 8A020000 		.4byte	.LASF21
ARM GAS  C:\Users\Thomas\AppData\Local\Temp\ccgp4ced.s 			page 28


 582 00fe 01       		.byte	0x1
 583 00ff 32       		.byte	0x32
 584 0100 01       		.byte	0x1
 585 0101 09       		.uleb128 0x9
 586 0102 C8000000 		.4byte	.LASF22
 587 0106 01       		.byte	0x1
 588 0107 4C       		.byte	0x4c
 589 0108 01       		.byte	0x1
 590 0109 0A       		.uleb128 0xa
 591 010a F9000000 		.4byte	0xf9
 592 010e 00000000 		.4byte	.LFB0
 593 0112 1C000000 		.4byte	.LFE0-.LFB0
 594 0116 01       		.uleb128 0x1
 595 0117 9C       		.byte	0x9c
 596 0118 0A       		.uleb128 0xa
 597 0119 01010000 		.4byte	0x101
 598 011d 00000000 		.4byte	.LFB1
 599 0121 1C000000 		.4byte	.LFE1-.LFB1
 600 0125 01       		.uleb128 0x1
 601 0126 9C       		.byte	0x9c
 602 0127 0B       		.uleb128 0xb
 603 0128 09010000 		.4byte	.LASF23
 604 012c 01       		.byte	0x1
 605 012d 69       		.byte	0x69
 606 012e 00000000 		.4byte	.LFB2
 607 0132 30000000 		.4byte	.LFE2-.LFB2
 608 0136 01       		.uleb128 0x1
 609 0137 9C       		.byte	0x9c
 610 0138 55010000 		.4byte	0x155
 611 013c 0C       		.uleb128 0xc
 612 013d F9000000 		.4byte	0xf9
 613 0141 12000000 		.4byte	.LBB6
 614 0145 1E000000 		.4byte	.LBE6-.LBB6
 615 0149 01       		.byte	0x1
 616 014a 6E       		.byte	0x6e
 617 014b 0D       		.uleb128 0xd
 618 014c 12000000 		.4byte	.LVL0
 619 0150 94010000 		.4byte	0x194
 620 0154 00       		.byte	0
 621 0155 0B       		.uleb128 0xb
 622 0156 AD000000 		.4byte	.LASF24
 623 015a 01       		.byte	0x1
 624 015b 80       		.byte	0x80
 625 015c 00000000 		.4byte	.LFB3
 626 0160 30000000 		.4byte	.LFE3-.LFB3
 627 0164 01       		.uleb128 0x1
 628 0165 9C       		.byte	0x9c
 629 0166 83010000 		.4byte	0x183
 630 016a 0C       		.uleb128 0xc
 631 016b 01010000 		.4byte	0x101
 632 016f 02000000 		.4byte	.LBB8
 633 0173 0E000000 		.4byte	.LBE8-.LBB8
 634 0177 01       		.byte	0x1
 635 0178 82       		.byte	0x82
 636 0179 0E       		.uleb128 0xe
 637 017a 22000000 		.4byte	.LVL1
 638 017e 9B010000 		.4byte	0x19b
ARM GAS  C:\Users\Thomas\AppData\Local\Temp\ccgp4ced.s 			page 29


 639 0182 00       		.byte	0
 640 0183 0F       		.uleb128 0xf
 641 0184 6F020000 		.4byte	.LASF30
 642 0188 01       		.byte	0x1
 643 0189 14       		.byte	0x14
 644 018a EE000000 		.4byte	0xee
 645 018e 05       		.uleb128 0x5
 646 018f 03       		.byte	0x3
 647 0190 00000000 		.4byte	ConsolePort_3_RegD1_backup
 648 0194 10       		.uleb128 0x10
 649 0195 F3010000 		.4byte	.LASF25
 650 0199 03       		.byte	0x3
 651 019a 43       		.byte	0x43
 652 019b 10       		.uleb128 0x10
 653 019c 96010000 		.4byte	.LASF26
 654 01a0 03       		.byte	0x3
 655 01a1 45       		.byte	0x45
 656 01a2 00       		.byte	0
 657              		.section	.debug_abbrev,"",%progbits
 658              	.Ldebug_abbrev0:
 659 0000 01       		.uleb128 0x1
 660 0001 11       		.uleb128 0x11
 661 0002 01       		.byte	0x1
 662 0003 25       		.uleb128 0x25
 663 0004 0E       		.uleb128 0xe
 664 0005 13       		.uleb128 0x13
 665 0006 0B       		.uleb128 0xb
 666 0007 03       		.uleb128 0x3
 667 0008 0E       		.uleb128 0xe
 668 0009 1B       		.uleb128 0x1b
 669 000a 0E       		.uleb128 0xe
 670 000b 55       		.uleb128 0x55
 671 000c 17       		.uleb128 0x17
 672 000d 11       		.uleb128 0x11
 673 000e 01       		.uleb128 0x1
 674 000f 10       		.uleb128 0x10
 675 0010 17       		.uleb128 0x17
 676 0011 00       		.byte	0
 677 0012 00       		.byte	0
 678 0013 02       		.uleb128 0x2
 679 0014 24       		.uleb128 0x24
 680 0015 00       		.byte	0
 681 0016 0B       		.uleb128 0xb
 682 0017 0B       		.uleb128 0xb
 683 0018 3E       		.uleb128 0x3e
 684 0019 0B       		.uleb128 0xb
 685 001a 03       		.uleb128 0x3
 686 001b 0E       		.uleb128 0xe
 687 001c 00       		.byte	0
 688 001d 00       		.byte	0
 689 001e 03       		.uleb128 0x3
 690 001f 24       		.uleb128 0x24
 691 0020 00       		.byte	0
 692 0021 0B       		.uleb128 0xb
 693 0022 0B       		.uleb128 0xb
 694 0023 3E       		.uleb128 0x3e
 695 0024 0B       		.uleb128 0xb
ARM GAS  C:\Users\Thomas\AppData\Local\Temp\ccgp4ced.s 			page 30


 696 0025 03       		.uleb128 0x3
 697 0026 08       		.uleb128 0x8
 698 0027 00       		.byte	0
 699 0028 00       		.byte	0
 700 0029 04       		.uleb128 0x4
 701 002a 16       		.uleb128 0x16
 702 002b 00       		.byte	0
 703 002c 03       		.uleb128 0x3
 704 002d 0E       		.uleb128 0xe
 705 002e 3A       		.uleb128 0x3a
 706 002f 0B       		.uleb128 0xb
 707 0030 3B       		.uleb128 0x3b
 708 0031 05       		.uleb128 0x5
 709 0032 49       		.uleb128 0x49
 710 0033 13       		.uleb128 0x13
 711 0034 00       		.byte	0
 712 0035 00       		.byte	0
 713 0036 05       		.uleb128 0x5
 714 0037 35       		.uleb128 0x35
 715 0038 00       		.byte	0
 716 0039 49       		.uleb128 0x49
 717 003a 13       		.uleb128 0x13
 718 003b 00       		.byte	0
 719 003c 00       		.byte	0
 720 003d 06       		.uleb128 0x6
 721 003e 13       		.uleb128 0x13
 722 003f 01       		.byte	0x1
 723 0040 0B       		.uleb128 0xb
 724 0041 0B       		.uleb128 0xb
 725 0042 3A       		.uleb128 0x3a
 726 0043 0B       		.uleb128 0xb
 727 0044 3B       		.uleb128 0x3b
 728 0045 0B       		.uleb128 0xb
 729 0046 01       		.uleb128 0x1
 730 0047 13       		.uleb128 0x13
 731 0048 00       		.byte	0
 732 0049 00       		.byte	0
 733 004a 07       		.uleb128 0x7
 734 004b 0D       		.uleb128 0xd
 735 004c 00       		.byte	0
 736 004d 03       		.uleb128 0x3
 737 004e 0E       		.uleb128 0xe
 738 004f 3A       		.uleb128 0x3a
 739 0050 0B       		.uleb128 0xb
 740 0051 3B       		.uleb128 0x3b
 741 0052 0B       		.uleb128 0xb
 742 0053 49       		.uleb128 0x49
 743 0054 13       		.uleb128 0x13
 744 0055 38       		.uleb128 0x38
 745 0056 0B       		.uleb128 0xb
 746 0057 00       		.byte	0
 747 0058 00       		.byte	0
 748 0059 08       		.uleb128 0x8
 749 005a 16       		.uleb128 0x16
 750 005b 00       		.byte	0
 751 005c 03       		.uleb128 0x3
 752 005d 0E       		.uleb128 0xe
ARM GAS  C:\Users\Thomas\AppData\Local\Temp\ccgp4ced.s 			page 31


 753 005e 3A       		.uleb128 0x3a
 754 005f 0B       		.uleb128 0xb
 755 0060 3B       		.uleb128 0x3b
 756 0061 0B       		.uleb128 0xb
 757 0062 49       		.uleb128 0x49
 758 0063 13       		.uleb128 0x13
 759 0064 00       		.byte	0
 760 0065 00       		.byte	0
 761 0066 09       		.uleb128 0x9
 762 0067 2E       		.uleb128 0x2e
 763 0068 00       		.byte	0
 764 0069 3F       		.uleb128 0x3f
 765 006a 19       		.uleb128 0x19
 766 006b 03       		.uleb128 0x3
 767 006c 0E       		.uleb128 0xe
 768 006d 3A       		.uleb128 0x3a
 769 006e 0B       		.uleb128 0xb
 770 006f 3B       		.uleb128 0x3b
 771 0070 0B       		.uleb128 0xb
 772 0071 27       		.uleb128 0x27
 773 0072 19       		.uleb128 0x19
 774 0073 20       		.uleb128 0x20
 775 0074 0B       		.uleb128 0xb
 776 0075 00       		.byte	0
 777 0076 00       		.byte	0
 778 0077 0A       		.uleb128 0xa
 779 0078 2E       		.uleb128 0x2e
 780 0079 00       		.byte	0
 781 007a 31       		.uleb128 0x31
 782 007b 13       		.uleb128 0x13
 783 007c 11       		.uleb128 0x11
 784 007d 01       		.uleb128 0x1
 785 007e 12       		.uleb128 0x12
 786 007f 06       		.uleb128 0x6
 787 0080 40       		.uleb128 0x40
 788 0081 18       		.uleb128 0x18
 789 0082 9742     		.uleb128 0x2117
 790 0084 19       		.uleb128 0x19
 791 0085 00       		.byte	0
 792 0086 00       		.byte	0
 793 0087 0B       		.uleb128 0xb
 794 0088 2E       		.uleb128 0x2e
 795 0089 01       		.byte	0x1
 796 008a 3F       		.uleb128 0x3f
 797 008b 19       		.uleb128 0x19
 798 008c 03       		.uleb128 0x3
 799 008d 0E       		.uleb128 0xe
 800 008e 3A       		.uleb128 0x3a
 801 008f 0B       		.uleb128 0xb
 802 0090 3B       		.uleb128 0x3b
 803 0091 0B       		.uleb128 0xb
 804 0092 27       		.uleb128 0x27
 805 0093 19       		.uleb128 0x19
 806 0094 11       		.uleb128 0x11
 807 0095 01       		.uleb128 0x1
 808 0096 12       		.uleb128 0x12
 809 0097 06       		.uleb128 0x6
ARM GAS  C:\Users\Thomas\AppData\Local\Temp\ccgp4ced.s 			page 32


 810 0098 40       		.uleb128 0x40
 811 0099 18       		.uleb128 0x18
 812 009a 9742     		.uleb128 0x2117
 813 009c 19       		.uleb128 0x19
 814 009d 01       		.uleb128 0x1
 815 009e 13       		.uleb128 0x13
 816 009f 00       		.byte	0
 817 00a0 00       		.byte	0
 818 00a1 0C       		.uleb128 0xc
 819 00a2 1D       		.uleb128 0x1d
 820 00a3 00       		.byte	0
 821 00a4 31       		.uleb128 0x31
 822 00a5 13       		.uleb128 0x13
 823 00a6 11       		.uleb128 0x11
 824 00a7 01       		.uleb128 0x1
 825 00a8 12       		.uleb128 0x12
 826 00a9 06       		.uleb128 0x6
 827 00aa 58       		.uleb128 0x58
 828 00ab 0B       		.uleb128 0xb
 829 00ac 59       		.uleb128 0x59
 830 00ad 0B       		.uleb128 0xb
 831 00ae 00       		.byte	0
 832 00af 00       		.byte	0
 833 00b0 0D       		.uleb128 0xd
 834 00b1 898201   		.uleb128 0x4109
 835 00b4 00       		.byte	0
 836 00b5 11       		.uleb128 0x11
 837 00b6 01       		.uleb128 0x1
 838 00b7 31       		.uleb128 0x31
 839 00b8 13       		.uleb128 0x13
 840 00b9 00       		.byte	0
 841 00ba 00       		.byte	0
 842 00bb 0E       		.uleb128 0xe
 843 00bc 898201   		.uleb128 0x4109
 844 00bf 00       		.byte	0
 845 00c0 11       		.uleb128 0x11
 846 00c1 01       		.uleb128 0x1
 847 00c2 9542     		.uleb128 0x2115
 848 00c4 19       		.uleb128 0x19
 849 00c5 31       		.uleb128 0x31
 850 00c6 13       		.uleb128 0x13
 851 00c7 00       		.byte	0
 852 00c8 00       		.byte	0
 853 00c9 0F       		.uleb128 0xf
 854 00ca 34       		.uleb128 0x34
 855 00cb 00       		.byte	0
 856 00cc 03       		.uleb128 0x3
 857 00cd 0E       		.uleb128 0xe
 858 00ce 3A       		.uleb128 0x3a
 859 00cf 0B       		.uleb128 0xb
 860 00d0 3B       		.uleb128 0x3b
 861 00d1 0B       		.uleb128 0xb
 862 00d2 49       		.uleb128 0x49
 863 00d3 13       		.uleb128 0x13
 864 00d4 02       		.uleb128 0x2
 865 00d5 18       		.uleb128 0x18
 866 00d6 00       		.byte	0
ARM GAS  C:\Users\Thomas\AppData\Local\Temp\ccgp4ced.s 			page 33


 867 00d7 00       		.byte	0
 868 00d8 10       		.uleb128 0x10
 869 00d9 2E       		.uleb128 0x2e
 870 00da 00       		.byte	0
 871 00db 3F       		.uleb128 0x3f
 872 00dc 19       		.uleb128 0x19
 873 00dd 03       		.uleb128 0x3
 874 00de 0E       		.uleb128 0xe
 875 00df 3A       		.uleb128 0x3a
 876 00e0 0B       		.uleb128 0xb
 877 00e1 3B       		.uleb128 0x3b
 878 00e2 0B       		.uleb128 0xb
 879 00e3 27       		.uleb128 0x27
 880 00e4 19       		.uleb128 0x19
 881 00e5 3C       		.uleb128 0x3c
 882 00e6 19       		.uleb128 0x19
 883 00e7 00       		.byte	0
 884 00e8 00       		.byte	0
 885 00e9 00       		.byte	0
 886              		.section	.debug_aranges,"",%progbits
 887 0000 34000000 		.4byte	0x34
 888 0004 0200     		.2byte	0x2
 889 0006 00000000 		.4byte	.Ldebug_info0
 890 000a 04       		.byte	0x4
 891 000b 00       		.byte	0
 892 000c 0000     		.2byte	0
 893 000e 0000     		.2byte	0
 894 0010 00000000 		.4byte	.LFB0
 895 0014 1C000000 		.4byte	.LFE0-.LFB0
 896 0018 00000000 		.4byte	.LFB1
 897 001c 1C000000 		.4byte	.LFE1-.LFB1
 898 0020 00000000 		.4byte	.LFB2
 899 0024 30000000 		.4byte	.LFE2-.LFB2
 900 0028 00000000 		.4byte	.LFB3
 901 002c 30000000 		.4byte	.LFE3-.LFB3
 902 0030 00000000 		.4byte	0
 903 0034 00000000 		.4byte	0
 904              		.section	.debug_ranges,"",%progbits
 905              	.Ldebug_ranges0:
 906 0000 00000000 		.4byte	.LFB0
 907 0004 1C000000 		.4byte	.LFE0
 908 0008 00000000 		.4byte	.LFB1
 909 000c 1C000000 		.4byte	.LFE1
 910 0010 00000000 		.4byte	.LFB2
 911 0014 30000000 		.4byte	.LFE2
 912 0018 00000000 		.4byte	.LFB3
 913 001c 30000000 		.4byte	.LFE3
 914 0020 00000000 		.4byte	0
 915 0024 00000000 		.4byte	0
 916              		.section	.debug_line,"",%progbits
 917              	.Ldebug_line0:
 918 0000 D4000000 		.section	.debug_str,"MS",%progbits,1
 918      02006E00 
 918      00000201 
 918      FB0E0D00 
 918      01010101 
 919              	.LASF15:
ARM GAS  C:\Users\Thomas\AppData\Local\Temp\ccgp4ced.s 			page 34


 920 0000 72656731 		.ascii	"reg16\000"
 920      3600
 921              	.LASF27:
 922 0006 474E5520 		.ascii	"GNU C 4.9.3 20150303 (release) [ARM/embedded-4_9-br"
 922      4320342E 
 922      392E3320 
 922      32303135 
 922      30333033 
 923 0039 616E6368 		.ascii	"anch revision 221220] -mcpu=cortex-m3 -mthumb -g -O"
 923      20726576 
 923      6973696F 
 923      6E203232 
 923      31323230 
 924 006c 33202D66 		.ascii	"3 -ffunction-sections -finline-functions -flto -ffa"
 924      66756E63 
 924      74696F6E 
 924      2D736563 
 924      74696F6E 
 925 009f 742D6C74 		.ascii	"t-lto-objects\000"
 925      6F2D6F62 
 925      6A656374 
 925      7300
 926              	.LASF24:
 927 00ad 436F6E73 		.ascii	"ConsolePort_3_RegD1_Wakeup\000"
 927      6F6C6550 
 927      6F72745F 
 927      335F5265 
 927      6744315F 
 928              	.LASF22:
 929 00c8 436F6E73 		.ascii	"ConsolePort_3_RegD1_RestoreConfig\000"
 929      6F6C6550 
 929      6F72745F 
 929      335F5265 
 929      6744315F 
 930              	.LASF3:
 931 00ea 73686F72 		.ascii	"short unsigned int\000"
 931      7420756E 
 931      7369676E 
 931      65642069 
 931      6E7400
 932              	.LASF19:
 933 00fd 73617665 		.ascii	"saveSrA1Reg\000"
 933      53724131 
 933      52656700 
 934              	.LASF23:
 935 0109 436F6E73 		.ascii	"ConsolePort_3_RegD1_Sleep\000"
 935      6F6C6550 
 935      6F72745F 
 935      335F5265 
 935      6744315F 
 936              	.LASF11:
 937 0123 666C6F61 		.ascii	"float\000"
 937      7400
 938              	.LASF1:
 939 0129 756E7369 		.ascii	"unsigned char\000"
 939      676E6564 
 939      20636861 
ARM GAS  C:\Users\Thomas\AppData\Local\Temp\ccgp4ced.s 			page 35


 939      7200
 940              	.LASF14:
 941 0137 72656738 		.ascii	"reg8\000"
 941      00
 942              	.LASF5:
 943 013c 6C6F6E67 		.ascii	"long unsigned int\000"
 943      20756E73 
 943      69676E65 
 943      6420696E 
 943      7400
 944              	.LASF9:
 945 014e 75696E74 		.ascii	"uint8\000"
 945      3800
 946              	.LASF12:
 947 0154 646F7562 		.ascii	"double\000"
 947      6C6500
 948              	.LASF29:
 949 015b 433A5C55 		.ascii	"C:\\Users\\Thomas\\Documents\\PSoC Creator\\TASBot\\"
 949      73657273 
 949      5C54686F 
 949      6D61735C 
 949      446F6375 
 950 0189 54415342 		.ascii	"TASBot.cydsn\000"
 950      6F742E63 
 950      7964736E 
 950      00
 951              	.LASF26:
 952 0196 436F6E73 		.ascii	"ConsolePort_3_RegD1_Enable\000"
 952      6F6C6550 
 952      6F72745F 
 952      335F5265 
 952      6744315F 
 953              	.LASF10:
 954 01b1 75696E74 		.ascii	"uint16\000"
 954      313600
 955              	.LASF8:
 956 01b8 756E7369 		.ascii	"unsigned int\000"
 956      676E6564 
 956      20696E74 
 956      00
 957              	.LASF7:
 958 01c5 6C6F6E67 		.ascii	"long long unsigned int\000"
 958      206C6F6E 
 958      6720756E 
 958      7369676E 
 958      65642069 
 959              	.LASF16:
 960 01dc 73697A65 		.ascii	"sizetype\000"
 960      74797065 
 960      00
 961              	.LASF6:
 962 01e5 6C6F6E67 		.ascii	"long long int\000"
 962      206C6F6E 
 962      6720696E 
 962      7400
 963              	.LASF25:
 964 01f3 436F6E73 		.ascii	"ConsolePort_3_RegD1_Stop\000"
ARM GAS  C:\Users\Thomas\AppData\Local\Temp\ccgp4ced.s 			page 36


 964      6F6C6550 
 964      6F72745F 
 964      335F5265 
 964      6744315F 
 965              	.LASF13:
 966 020c 63686172 		.ascii	"char\000"
 966      00
 967              	.LASF20:
 968 0211 436F6E73 		.ascii	"ConsolePort_3_RegD1_BACKUP_STRUCT\000"
 968      6F6C6550 
 968      6F72745F 
 968      335F5265 
 968      6744315F 
 969              	.LASF28:
 970 0233 2E5C4765 		.ascii	".\\Generated_Source\\PSoC5\\ConsolePort_3_RegD1_PM."
 970      6E657261 
 970      7465645F 
 970      536F7572 
 970      63655C50 
 971 0263 6300     		.ascii	"c\000"
 972              	.LASF2:
 973 0265 73686F72 		.ascii	"short int\000"
 973      7420696E 
 973      7400
 974              	.LASF30:
 975 026f 436F6E73 		.ascii	"ConsolePort_3_RegD1_backup\000"
 975      6F6C6550 
 975      6F72745F 
 975      335F5265 
 975      6744315F 
 976              	.LASF21:
 977 028a 436F6E73 		.ascii	"ConsolePort_3_RegD1_SaveConfig\000"
 977      6F6C6550 
 977      6F72745F 
 977      335F5265 
 977      6744315F 
 978              	.LASF4:
 979 02a9 6C6F6E67 		.ascii	"long int\000"
 979      20696E74 
 979      00
 980              	.LASF17:
 981 02b2 656E6162 		.ascii	"enableState\000"
 981      6C655374 
 981      61746500 
 982              	.LASF0:
 983 02be 7369676E 		.ascii	"signed char\000"
 983      65642063 
 983      68617200 
 984              	.LASF18:
 985 02ca 73617665 		.ascii	"saveSrA0Reg\000"
 985      53724130 
 985      52656700 
 986              		.comm	__gnu_lto_v1,1,1
 987              		.ident	"GCC: (GNU Tools for ARM Embedded Processors) 4.9.3 20150303 (release) [ARM/embedded-4_9-br
