ARM GAS  C:\Users\Thomas\AppData\Local\Temp\cccFSyXa.s 			page 1


   1              		.syntax unified
   2              		.cpu cortex-m3
   3              		.fpu softvfp
   4              		.eabi_attribute 20, 1
   5              		.eabi_attribute 21, 1
   6              		.eabi_attribute 23, 3
   7              		.eabi_attribute 24, 1
   8              		.eabi_attribute 25, 1
   9              		.eabi_attribute 26, 1
  10              		.eabi_attribute 30, 2
  11              		.eabi_attribute 34, 1
  12              		.eabi_attribute 18, 4
  13              		.thumb
  14              		.file	"ConsolePort_4_RegD0_PM.c"
  15              		.text
  16              	.Ltext0:
  17              		.section	.gnu.lto_.profile.be1c3954,"",%progbits
  18 0000 789C6366 		.ascii	"x\234cf```a\200\000F\006cY\000\000\367\000Y"
  18      60606061 
  18      80004606 
  18      63590000 
  18      F70059
  19              		.text
  20              		.section	.gnu.lto_.jmpfuncs.be1c3954,"",%progbits
  21 0000 789C6366 		.ascii	"x\234cf\300\016\004\2404\013\0203100C\231\014\000\002"
  21      C00E04A0 
  21      340B1033 
  21      31303043 
  21      990C0002 
  22 0014 C70021   		.ascii	"\307\000!"
  23              		.text
  24              		.section	.gnu.lto_.inline.be1c3954,"",%progbits
  25 0000 789C6366 		.ascii	"x\234cf\300\016\"\2404\013\003\003;\033#\003\023\307"
  25      C00E22A0 
  25      340B0303 
  25      3B1B2303 
  25      13C7
  26 0012 013B06B6 		.ascii	"\001;\006\266\005\362L 1&L!f\006\036\021\240\220@C-"
  26      05F24C20 
  26      31264C21 
  26      66061E11 
  26      A0904043 
  27 0027 5C88910B 		.ascii	"\\\210\221\013\254\235\233\027(\316\267!\027U\234\001"
  27      AC9D9B17 
  27      28CEB721 
  27      17559C01 
  28 0037 00917408 		.ascii	"\000\221t\010="
  28      3D
  29              		.text
  30              		.section	.gnu.lto_.pureconst.be1c3954,"",%progbits
  31 0000 789C6366 		.ascii	"x\234cf``\340d\200\000\026\006)&)f)\026)\000\002\321"
  31      6060E064 
  31      80001606 
  31      29262966 
  31      29162900 
  32 0016 0082     		.ascii	"\000\202"
  33              		.text
ARM GAS  C:\Users\Thomas\AppData\Local\Temp\cccFSyXa.s 			page 2


  34              		.section	.gnu.lto_ConsolePort_4_RegD0_SaveConfig.be1c3954,"",%progbits
  35 0000 789C8D91 		.ascii	"x\234\215\221\315K\033Q\024\305\357\271\031\207\201"
  35      CD4B1B51 
  35      14C5EFB9 
  35      198781
  36 000f 50282EFD 		.ascii	"P(.\375\007\2622\212\330\265\013\013\256\204\320l\003"
  36      07B2328A 
  36      D8B50B0B 
  36      AE84D06C 
  36      03
  37 0020 4174E8A6 		.ascii	"At\350\246d \265KqF\203\212\212JW\242FP\021\323&Fk\333"
  37      6420B54B 
  37      7146838A 
  37      8A4A57A2 
  37      465011D3 
  38 0038 FDB49B42 		.ascii	"\375\264\233BAE\\\024\024\354&\202n\304\017\210\014"
  38      41455C14 
  38      14EC2682 
  38      6EC40F88 
  38      0C
  39 0049 62F5DE11 		.ascii	"b\365\336\021\253(\210\003o\336\274w\317;\367w\336D"
  39      AB288803 
  39      6FDEBC77 
  39      CF3BF777 
  39      DE44
  40 005b E8F15327 		.ascii	"\350\361S'\343\000D\3152#B\340\211\015\"\317b@?\010"
  40      E30044CD 
  40      322342E0 
  40      890D22CF 
  40      62403F08 
  41 006f D4CBE8C5 		.ascii	"\324\313\350\305!\2370&\374\342d4\266\350\272\356\361"
  41      219F3026 
  41      FCE26434 
  41      B6E8BAEE 
  41      F1
  42 0080 FCBA97F0 		.ascii	"\374\272\227\360\0210\321\031\337\370`\0111\022\321"
  42      1130D119 
  42      DFF86009 
  42      3112D1
  43 008f 49EEF24F 		.ascii	"I\356\362O\324\314\211\350\345M\015\005\230\342O+\265"
  43      D4CC89E8 
  43      E54D0D05 
  43      98E24F2B 
  43      B5
  44 00a0 BE7B7575 		.ascii	"\276{uu\366\375G\025&S\3000\364ET\021\221\266\332g\326"
  44      F6FD4715 
  44      2653C030 
  44      F4455411 
  44      91B6DA67 
  45 00b5 39B2839F 		.ascii	"9\262\203\237\325\341\243\201\027z\356\234\265\357\330"
  45      D5E1A381 
  45      177AEE9C 
  45      B5EFD8
  46 00c4 E9423E7A 		.ascii	"\351B>z\300\001\363\360o\3175\264\313\337\312\346\226"
  46      C001F3F0 
  46      6FCF35B4 
  46      CBDFCAE6 
ARM GAS  C:\Users\Thomas\AppData\Local\Temp\cccFSyXa.s 			page 3


  46      96
  47 00d5 156E912E 		.ascii	"\025n\221.w\177\215\364[yL{9a\212\340\023\352\360\031"
  47      777F8DF4 
  47      5B794C7B 
  47      39618AE0 
  47      13EAF019 
  48 00e9 920C45E4 		.ascii	"\222\014E\344A;\350\3738\327\240~\"\235\335\036+s\317"
  48      413BE8FB 
  48      38D7A07E 
  48      229DDD1E 
  48      2B73CF
  49 00fc 853BE45A 		.ascii	"\205;\344Z\001\033\227Jx\337\317\010\227\005/7\003\365"
  49      011B974A 
  49      78DFCF08 
  49      97052F37 
  49      03F5
  50 010e 73555583 		.ascii	"sUU\203\022z\260\254\206R\373W\032_3\353\213\022\320"
  50      127AB0AC 
  50      8652FB57 
  50      1A5F33EB 
  50      8B12D0
  51 0121 6F09D844 		.ascii	"o\011\330DY\204\247\341%`\005\365BLa\202\352m\002C\316"
  51      5984A7E1 
  51      256005F5 
  51      424C6182 
  51      EA6D0243 
  52 0136 542F4607 		.ascii	"T/F\007\215\020w\3526\301\324\320\374\250y\207\274\372"
  52      8D1077EA 
  52      36C1D4D0 
  52      FCA87987 
  52      BCFA
  53 0148 1FF9CB33 		.ascii	"\037\371\3133\221\0372\256=\301\3705d\324\277\200o\312"
  53      911F32AE 
  53      3DC1F835 
  53      64D4BF80 
  53      6FCA
  54 015a 68D01E3C 		.ascii	"h\320\036<\377\274F\033(yEjr\367\342\334\024O\265\331"
  54      FFBC461B 
  54      2879456A 
  54      72F7E2DC 
  54      144FB5D9 
  55 016e 193BDBD1 		.ascii	"\031;\333\321mw\245\223\316\207l\247\235J$\235\326W"
  55      6D77A593 
  55      CE876CA7 
  55      9D4A249D 
  55      D657
  56 0180 A95627F3 		.ascii	"\251V'\363\336yg'\234lw\2729\375\306~\373\2721\235h"
  56      DE796727 
  56      9C6C77BA 
  56      39FDC67E 
  56      FBBA319D 
  57 0195 8F77D235 		.ascii	"\217w\3225\354H\300s"
  57      EC48C073 
  58              		.text
  59              		.section	.gnu.lto_ConsolePort_4_RegD0_RestoreConfig.be1c3954,"",%progbits
  60 0000 789C7590 		.ascii	"x\234u\220\335+Ca\034\307\177\337\337\216\323j7r\265"
  60      DD2B4361 
ARM GAS  C:\Users\Thomas\AppData\Local\Temp\cccFSyXa.s 			page 4


  60      1CC77FDF 
  60      DF8ED36A 
  60      3772B5
  61 0013 F60FEC42 		.ascii	"\366\017\354B\223\304_@\\\251\341v\2654'7\332\251\341"
  61      93C45F40 
  61      5CA9E176 
  61      B5342737 
  61      DAA9E1
  62 0026 72398789 		.ascii	"r9\207\211\020\343J\230\013\222a6o\271^\273Q.H\224\332"
  62      10E34A98 
  62      0B926136 
  62      6FB95EBB 
  62      512E4894 
  63 003b 8A9B29EE 		.ascii	"\212\233)\356\214\242\323\362\362<g!oO=\257\277\357"
  63      8CA2D3F2 
  63      F23C6721 
  63      6F4F3DAF 
  63      BFEF
  64 004d F3FD7E9E 		.ascii	"\363\375~\236\307A\277\233G\364<\210\032\305\014\007"
  64      C741BF9B 
  64      47F43C88 
  64      1AC50C07 
  65 005d 81E32744 		.ascii	"\201\343'D\246\223\001\271 \320\020c\010w\\b\304\263"
  65      A69301B9 
  65      20D01063 
  65      08775C62 
  65      C4B3
  66 006f 5BF32EEF 		.ascii	"[\363.\357\232a\030\367\271}\367\250\333b\242G\256\330"
  66      9A6118F7 
  66      B97DF7A8 
  66      DB62A247 
  66      AED8
  67 0081 601D5E12 		.ascii	"`\035^\022\232R\354\345\322\245\306\204\246\272RC\022"
  67      9A52ECE5 
  67      D2A5C684 
  67      A6BA5243 
  67      12
  68 0092 AAB0A74C 		.ascii	"\252\260\247LM\326x{{<\231M\326Be\262\030\212\034\210"
  68      4DD6787B 
  68      7B3C994D 
  68      D64265B2 
  68      188A1C88 
  69 00a6 8A4225A3 		.ascii	"\212B%\243n\230\345\354\310c\370\260t\332!\357=\263"
  69      6E98E5EC 
  69      C863F8B0 
  69      74DA21EF 
  69      3DB3
  70 00b8 8C5D3E9F 		.ascii	"\214]>\237Ns\264l\214\033N\213\371E\232\212\323\353"
  70      4E73B46C 
  70      8C1B4E8B 
  70      F9459A8A 
  70      D3EB
  71 00ca E2E999F3 		.ascii	"\342\351\231\363\226\305\211\275M\232\261%$\260h\032"
  71      96C589BD 
  71      4D9AB125 
  71      24B0681A 
  72 00da 52E5C006 		.ascii	"R\345\300\006\242\330\204\307\256\275\246f\366T_\255"
ARM GAS  C:\Users\Thomas\AppData\Local\Temp\cccFSyXa.s 			page 5


  72      A2D884C7 
  72      AEBDA666 
  72      F6545FAD 
  73 00ea C50AB684 		.ascii	"\305\012\266\204\346\301FF\012>\361\360\334\034d\222"
  73      E6C14646 
  73      0A3EF1F0 
  73      DC1C6492 
  74 00fa 504D3FAC 		.ascii	"PM?\254&\\\322\260j\342\3304\224o\031U\266O\341hr\304"
  74      265CD2B0 
  74      6AE2D834 
  74      946F1955 
  74      B64FE168 
  75 0110 293362B0 		.ascii	")3b\260X\3056<H\313\010d\204\253`%\211>{\201\012\272"
  75      58C5363C 
  75      48CB0864 
  75      84AB6025 
  75      893E7B81 
  76 0126 F22FFA4F 		.ascii	"\362/\372O\326\235\277YwmV\371w\330\373\301\372T\236"
  76      D69DBF59 
  76      776D56F9 
  76      77D8FBC1 
  76      FA549E
  77 0139 1A536CB0 		.ascii	"\032Sl\260\205\017\326\205\361\225)\365\013n\377\023"
  77      850FD685 
  77      F19529F5 
  77      0B6EFF13 
  78 0149 EEC08653 		.ascii	"\356\300\206S\350\012f\266\320*\015\344\363\213\302"
  78      E80A66B6 
  78      D02A0DE4 
  78      F38BC2
  79 0158 58FCB620 		.ascii	"X\374\266 j\250\013\264ia-\322=\240\365\004\273\364"
  79      6AA80BB4 
  79      69612DD2 
  79      3DA0F504 
  79      BBF4
  80 016a C148480B 		.ascii	"\301HH\013\370\273\364\346\246@\263\036\356\327\373"
  80      F8BBF4E6 
  80      A640B31E 
  80      EED7FB
  81 0179 34BF1E19 		.ascii	"4\277\036\031\0106\006;\265\336\226\372\240\277\275"
  81      0836063B 
  81      B5DE96FA 
  81      A0BFBD
  82 0188 2E44EF8D 		.ascii	".D\357\215|\266\270"
  82      7CB6B8
  83              		.text
  84              		.section	.gnu.lto_ConsolePort_4_RegD0_Sleep.be1c3954,"",%progbits
  85 0000 789C9592 		.ascii	"x\234\225\222\317k\023Q\020\307g\336&\233M\266\001\361"
  85      CF6B1351 
  85      10C767DE 
  85      269B4DB6 
  85      01F1
  86 0012 54FA0FF4 		.ascii	"T\372\017\364\324(R\361\350\241BOB\260\327`\220\032"
  86      D42852F1 
  86      E8A1424F 
  86      42B0D760 
  86      901A
ARM GAS  C:\Users\Thomas\AppData\Local\Temp\cccFSyXa.s 			page 6


  87 0024 3C280DC4 		.ascii	"<(\015\304z\014\335mc+\245\326\032DE\215P\212\232\230"
  87      7A0CDD6D 
  87      632BA5D6 
  87      1A44458D 
  87      508A9A98 
  88 0038 DA6AAAD5 		.ascii	"\332j\252\325\032c\027/\001\017J\361P\250\232z\250\020"
  88      1A63172F 
  88      010F4AF1 
  88      50A89A7A 
  88      A810
  89 004a 0F8A6920 		.ascii	"\017\212i \272\304\032g\336Z\251)\025\\\330\367\363"
  89      BAC41A67 
  89      DE5AA929 
  89      155CD8F7 
  89      F3
  90 005b FB663EEF 		.ascii	"\373f>\357;O\201\355_\033\375'\025\200N\352Q\001\024"
  90      3B4F81ED 
  90      5F1BFD27 
  90      15804EEA 
  90      510114
  91 006e 13AF004C 		.ascii	"\023\257\000LM \362\000\020\006\004\016\340'Q\0218a"
  91      4D20F200 
  91      1006040E 
  91      E0275111 
  91      3861
  92 0080 65AFEAED 		.ascii	"e\257\352\355\267\014\303\370\232\314\267\236m\265\005"
  92      B70CC3F8 
  92      9ACCB79E 
  92      6DB505
  93 008f 40553861 		.ascii	"@U8a\360\016\266\003i*\211\215e]M\220f\227\263\207i"
  93      F00EB603 
  93      692A898D 
  93      655D4D90 
  93      6697B387 
  94 00a4 5491FAD9 		.ascii	"T\221\372\331\335\226\321h\314}\276X>\200-\010\266\240"
  94      DD96D168 
  94      CC7DBE58 
  94      3E802D08 
  94      B6A0
  95 00b6 64D4B8A8 		.ascii	"d\324\270\250\021n\036y\251Q|\334\000\254\321IN\377"
  95      116E1E79 
  95      A9517CDC 
  95      00ACD149 
  95      4EFF
  96 00c8 5108EE95 		.ascii	"Q\010\356\225\025|Q\033-\245J\310\321\276\011\205\022"
  96      157C511B 
  96      2DA54AC8 
  96      D1BE0985 
  96      12
  97 00d9 9D9F6A14 		.ascii	"\235\237j\024\224\262\260\205\253\376\3224\\\234{u\355"
  97      94B2B085 
  97      ABFED234 
  97      5C9C7B75 
  97      ED
  98 00ea F5922697 		.ascii	"\365\222&\227\200\247\037\322o\337k)\274n&\320\026n"
  98      80A71FD2 
  98      6FDF6B29 
ARM GAS  C:\Users\Thomas\AppData\Local\Temp\cccFSyXa.s 			page 7


  98      BC6E26D0 
  98      166E
  99 00fc CC601BDE 		.ascii	"\314`\033\336E\272.f1\205\260\202C\337U'\034:\021\213"
  99      45BA2E66 
  99      3185B082 
  99      43DF5527 
  99      1C3A118B 
 100 0110 A972CEC5 		.ascii	"\251r\316\305\307\021\001\247II\222\334\310\017\267"
 100      C71101A7 
 100      494992DC 
 100      C80FB7
 101 011f 2372918E 		.ascii	"#r\221\216D\346\355\374\230G\212(\320=)\032,y\034\211"
 101      44E6EDFC 
 101      98478A28 
 101      D03D291A 
 101      2C791C89 
 102 0133 9B543C4F 		.ascii	"\233T<ON\006x\201\3247\337\214\317\210x\3358gh\266P"
 102      4E067881 
 102      D437DF8C 
 102      CF8878DD 
 102      386768B6 
 103 0148 37D88FAD 		.ascii	"7\330\217\255\234\252\234\246\315\304\015dN\203U\036"
 103      9CAA9CA6 
 103      CDC40D64 
 103      4E83551E 
 104 0158 9CC138CE 		.ascii	"\234\3018\3162(\355\375\234\276\220S;\262d\247u\320"
 104      3228EDFD 
 104      9CBE9053 
 104      3BB264A7 
 104      75D0
 105 016a 161ADE27 		.ascii	"\026\032\336'\341\272\264\034\037`\007\245\204w8d\345"
 105      E1BAB41C 
 105      1F6007A5 
 105      84773864 
 105      E5
 106 017b 8B821342 		.ascii	"\213\202\023BsFoUb\3460N\266\372@\272\370e\330\377W"
 106      73466F55 
 106      62E6304E 
 106      B6FA40BA 
 106      F865D8FF 
 107 0190 99AC4251 		.ascii	"\231\254BQ\310\"U\311\353\246\002\342\034\005\005|\310"
 107      C82255C9 
 107      EBA602E2 
 107      1C05057C 
 107      C8
 108 01a1 97F3D2DE 		.ascii	"\227\363\322\336\370\372TJgp}t\233\347\272\344\275\222"
 108      F8FA544A 
 108      67707D74 
 108      9BE7BAE4 
 108      BD92
 109 01b3 595AD5F9 		.ascii	"YZ\325\371.\227L\312\337\202\217\310\364yi\372c\307"
 109      2E974CCA 
 109      DF828FC8 
 109      F47969FA 
 109      63C7
 110 01c5 F4C16465 		.ascii	"\364\301de\376(G\334\321\235f;\236\354h\207\037\027"
 110      FE2847DC 
ARM GAS  C:\Users\Thomas\AppData\Local\Temp\cccFSyXa.s 			page 8


 110      D19D663B 
 110      9EEC6887 
 110      1F17
 111 01d7 A41DE880 		.ascii	"\244\035\350\200\342Sv\304\353\\\2636\354w\270}t\254"
 111      E25376C4 
 111      EB5CB336 
 111      EC77B87D 
 111      74AC
 112 01e9 561F1B91 		.ascii	"V\037\033\221\225\325\257mr//\\\316h[@\363\177@\237"
 112      95D5AF6D 
 112      722F2F5C 
 112      CE685B40 
 112      F37F409F 
 113 01fd 6D824EEE 		.ascii	"m\202N\356\371/\316\302?8\237KN\361\233s\2219}PB\323"
 113      F92FCEC2 
 113      3F389F4B 
 113      4EF19B73 
 113      91397D50 
 114 0213 5AEC9685 		.ascii	"Z\354\226\205\003~\362\310O\235\202\357\013\204\272"
 114      037EF2C8 
 114      4F9D82EF 
 114      0B84BA
 115 0222 237D91D8 		.ascii	"#}\221\330\261\376\310\361pO\364L\2547\022\012\366D"
 115      B1FEC8F1 
 115      704FF44C 
 115      AC37120A 
 115      F644
 116 0234 BBF687BA 		.ascii	"\273\366\207\272\242}\247\243\247\"\301h\254?\334\031"
 116      A27DA7A3 
 116      A722C168 
 116      AC3FDC19 
 117 0244 3E123971 		.ascii	">\0229qho8x8\320\013\277\000\023\333H\021"
 117      686F3878 
 117      38D00BBF 
 117      0013DB48 
 117      11
 118              		.text
 119              		.section	.gnu.lto_ConsolePort_4_RegD0_Wakeup.be1c3954,"",%progbits
 120 0000 789C8D92 		.ascii	"x\234\215\222\317K\024a\030\307\237\357;\343\314\272"
 120      CF4B1461 
 120      18C79FEF 
 120      3BE3CCBA 
 121 0010 E3213A89 		.ascii	"\343!:\211\207=\346!\264(\373\013\014\202@\330\362\272"
 121      873DE621 
 121      B428FB0B 
 121      0C8240D8 
 121      F2BA
 122 0022 B0840D5D 		.ascii	"\260\204\015]\302\201\315\216\213\357\254\033I\210\231"
 122      C281CD8E 
 122      8BEFAC1B 
 122      498899
 123 0031 4845B515 		.ascii	"HE\265\025D\345\266\246\255\225\345z\031\":xH\226~H"
 123      44E5B6A6 
 123      AD95E57A 
 123      19223A78 
 123      48967E48 
 124 0045 4BE4C5A0 		.ascii	"K\344\305\240n\255\013\312\"\246\317\373n\277\\\013"
ARM GAS  C:\Users\Thomas\AppData\Local\Temp\cccFSyXa.s 			page 9


 124      6EAD0BCA 
 124      22A6CFFB 
 124      6EBF5C0B 
 125 0055 1A78E79D 		.ascii	"\032x\347\235\367y\277\357\367\373y\231\307\240\235"
 125      F779BFEF 
 125      F7FB7999 
 125      C7A09D
 126 0064 CF411E25 		.ascii	"\317A\036%A\324\3013\032\010b\3445\221\037\022\302("
 126      41D4C133 
 126      1A0862E4 
 126      35911F12 
 126      C228
 127 0076 444886CD 		.ascii	"DH\206\315\367\373H6\0310ke\023P\037\004\352\027\206"
 127      F7FB4836 
 127      19306B65 
 127      13501F04 
 127      EA1786
 128 0089 897E7C15 		.ascii	"\211~|\025e\201\221 w\325i\275+\245\374\226*6\237k\256"
 128      65819120 
 128      77D569BD 
 128      2BA5FC96 
 128      2A369F6B 
 129 009e B25F45D4 		.ascii	"\262_E\324\374q\037\255\304\232rzc\321\261\322\254\331"
 129      FC711FAD 
 129      C49A727A 
 129      63D1B1D2 
 129      ACD9
 130 00b0 55DBC338 		.ascii	"U\333\3038,\360<\265;\220\233\233\225\227\243\203{D"
 130      2CF03CB5 
 130      3B909B9B 
 130      9597A383 
 130      7B44
 131 00c2 A3495501 		.ascii	"\243IU\001\213_\302V/\242e\036*\3613/x6JH\315\224\027"
 131      8B5FC256 
 131      2FA2651E 
 131      2AF1332F 
 131      78364A48 
 132 00d9 8E6D330C 		.ascii	"\216m3\014\306\302\332\255\"P\237\204,\273\021\036\300"
 132      C6C2DAAD 
 132      22509F84 
 132      2CBB111E 
 132      C0
 133 00ea 5A1316EF 		.ascii	"Z\023\026\357\335|3<)\222\353rP\206\252\302\330P\034"
 133      DD7C333C 
 133      2992EB72 
 133      5086AAC2 
 133      D8501C
 134 00fd 5C5D5A5E 		.ascii	"\\]Z^(\206\276\010\256\350\345\270\237\276\201\014\256"
 134      2886BE08 
 134      AEE8E5B8 
 134      9FBE810C 
 134      AE
 135 010e FB52A94C 		.ascii	"\373R\251L\344\220\304\004Z\364\336\367\211\213\323"
 135      E490C404 
 135      5AF4DEF7 
 135      898BD3
 136 011d 565B8ECD 		.ascii	"V[\216\315o\3372\252\242\001\017Y\271\302>:\011\223"
ARM GAS  C:\Users\Thomas\AppData\Local\Temp\cccFSyXa.s 			page 10


 136      6FDF32AA 
 136      A2010F59 
 136      B9C23E3A 
 136      0993
 137 012f 68A3125E 		.ascii	"h\243\022^\214BE\262|x\345N\306Q\316\326\205y_\232\333"
 137      8C4245B2 
 137      7C78E54E 
 137      C651CED6 
 137      85795F9A 
 138 0144 C22C6D78 		.ascii	"\302,mx%[\\rT\330\230\317a6\246\320\202G*\014yvfjRW"
 138      255B5C72 
 138      54D898CF 
 138      6136A6D0 
 138      82472A0C 
 139 015e BEF416B5 		.ascii	"\276\364\026\265K\330\377\274D=\365\364\016\352\275"
 139      4BD8FFBC 
 139      443DF5F4 
 139      0EEABD
 140 016d 8AF7B1E6 		.ascii	"\212\367\261\346\305\017\336'u\274\253\353C\347M\015"
 140      C50FDE27 
 140      75BCABEB 
 140      43E74D0D 
 141 017d 77ED27EF 		.ascii	"w\355'\357\342\354\345l\350\017\300\247\277\000g4\240"
 141      E2ECE56C 
 141      E80FC0A7 
 141      BF006734 
 141      A0
 142 018e AD01F3AF 		.ascii	"\255\001\363\257R\216\372\007k\302\374o\302g\177#\014"
 142      528EFA07 
 142      6BC2FC6F 
 142      C2677F23 
 142      0C
 143 019f E1B926D4 		.ascii	"\341\271&\324-2\313x\357\220\3760\020\371\355\355\337"
 143      2D32CB78 
 143      EF90FE30 
 143      10F9EDED 
 143      DF
 144 01b0 9B1BB215 		.ascii	"\233\033\262\025\"7\017\012\3528\251\3660\250\0201>"
 144      22370F0A 
 144      EA38A9F6 
 144      30A81031 
 144      3E
 145 01c1 6220C8CC 		.ascii	"b \310\3147)1\325c4V\224'\346\220\344\316\012\3533\246"
 145      372931D5 
 145      63345694 
 145      27E690E4 
 145      CE0AEB33 
 146 01d6 6EA94FF0 		.ascii	"n\251O\360\203\374Q}\206T\303AUYz\240=v\304\355u\023"
 146      83FC517D 
 146      8654C341 
 146      55597AA0 
 146      3D76C4ED 
 147 01ec 27FADC93 		.ascii	"'\372\334\223\361n\357l\242\307\215E\273\275\316C\261"
 147      F16EEF6C 
 147      A2C78D45 
 147      BBBDCE43 
 147      B1
ARM GAS  C:\Users\Thomas\AppData\Local\Temp\cccFSyXa.s 			page 11


 148 01fd 4EAFF78C 		.ascii	"N\257\367\214w\332\215z\211\276xG\374\270{\352\360\376"
 148      77DA8D7A 
 148      89BE7847 
 148      FCB87BEA 
 148      F0FE
 149 020f 78B4ABBD 		.ascii	"x\264\253\275\207\266\000_\326\021m"
 149      87B6005F 
 149      D6116D
 150              		.text
 151              		.section	.gnu.lto_.symbol_nodes.be1c3954,"",%progbits
 152 0000 789C55C8 		.ascii	"x\234U\310A\015\2000\020\005\321\351n\267A\020\332\270"
 152      410D8030 
 152      1005D1E9 
 152      6EB74110 
 152      DAB8
 153 0012 FE4A4001 		.ascii	"\376J@\001\251\011\034p\306\003\011:\010$p(s{\343\300"
 153      A9091C70 
 153      C603093A 
 153      08247028 
 153      737BE3C0 
 154 0026 C49725C1 		.ascii	"\304\227%\301\274\203\304\322\006\002\232\311\315\224"
 154      BC83C4D2 
 154      06029AC9 
 154      CD94
 155 0034 FA6D2EFB 		.ascii	"\372m.\3739\313{\247P~M\255\017\213\242\243{\260\035"
 155      39CB7BA7 
 155      507E4DAD 
 155      0F8BA2A3 
 155      7BB01D
 156 0047 57F25C38 		.ascii	"W\362\\8\327\221\033\317\310\035\246"
 156      D7911BCF 
 156      C81DA6
 157              		.text
 158              		.section	.gnu.lto_.refs.be1c3954,"",%progbits
 159 0000 789C25C8 		.ascii	"x\234%\310\321\011\000 \014\304\320\244WA\\\304\375"
 159      D1090020 
 159      0CC4D0A4 
 159      57415CC4 
 159      FD
 160 0011 371469BE 		.ascii	"7\024i\276\036\011p\231\012-\355\372\300$\272t\353I"
 160      1E097099 
 160      0A2DEDFA 
 160      C024BA74 
 160      EB49
 161 0023 CFC2C503 		.ascii	"\317\302\305\003\015{\000w"
 161      0D7B0077 
 162              		.text
 163              		.section	.gnu.lto_.decls.be1c3954,"",%progbits
 164 0000 789C9594 		.ascii	"x\234\225\224\177LSW\024\307\337\351-\245\277(&&\352"
 164      7F4C5357 
 164      14C7DFE9 
 164      2DA5BF28 
 164      2626EA
 165 0013 FAC7D261 		.ascii	"\372\307\322aB6c\230\230\215\370\337T\266\370\207\331"
 165      42366398 
 165      988DF8DF 
 165      54B6F887 
ARM GAS  C:\Users\Thomas\AppData\Local\Temp\cccFSyXa.s 			page 12


 165      D9
 166 0024 4244B33F 		.ascii	"BD\263?$a\310\336\230\221PV\312\022\377X\362\200M*\202"
 166      2461C8DE 
 166      98915056 
 166      CA12FF58 
 166      F2804D2A 
 167 0039 51E3A443 		.ascii	"Q\343\244C]j\320\011\010\025\021X\021\264\3259\306\217"
 167      5D6AD009 
 167      08151158 
 167      11B4D539 
 167      C68F
 168 004b 210C1950 		.ascii	"!\014\031P\221\037V\310\330\334Hu\376\034\206\356\334"
 168      911F56C8 
 168      D8DC4875 
 168      FE1C86EE 
 168      DC
 169 005c FB5EEDAB 		.ascii	"\373^\355\253y8w\223\323\336\373\3369\237\363\275\347"
 169      79387793 
 169      D3DEFBDE 
 169      399FF3BD 
 169      E7
 170 006d DE7708C7 		.ascii	"\336w\010\307q\315\300q!\034C\261\034\347\301y\014>"
 170      71CDC071 
 170      211C43B1 
 170      1CE7C179 
 170      0C3E
 171 007f 4BE32243 		.ascii	"K\343\"C\203V\217\346FkDk\2421h\255h\350\316\015r\321"
 171      83568FE6 
 171      466B446B 
 171      A23168AD 
 171      68E8CE0D 
 172 0095 83FAC64A 		.ascii	"\203\372\306J\014\013\332(\332\010\232\037\255\037\255"
 172      0C0BDA28 
 172      DA089A1F 
 172      AD1FAD
 173 00a4 134D85D6 		.ascii	"\023M\205\326\215\326'1\352\027a\271\237c\311\0317\320"
 173      8DD62731 
 173      EA1761B9 
 173      9F63C919 
 173      37D0
 174 00b6 861558EE 		.ascii	"\206\025X\356EXT\273Ib-C\033\227\230\323h\001\031\373"
 174      455854BB 
 174      49622D43 
 174      1B9798D3 
 174      680119FB 
 175 00ca 22DA0C5A 		.ascii	"\"\332\014Z\255L;\315G\320zd\271\210\304l~\201~Z+\203"
 175      AD4C3BCD 
 175      47D07A64 
 175      B988C46C 
 175      7E817E5A 
 176 00e0 2CE7627B 		.ascii	",\347b{\220\347$\262\034=\322\272I\332\327b5\277\253"
 176      90E724B2 
 176      1C3DD2BA 
 176      49DAD762 
 176      35BFAB
 177 00f3 8236F7FD 		.ascii	"\2026\367\375>\303\254\012Lz\013]^8\324\345\324\340"
 177      3EC3AC0A 
ARM GAS  C:\Users\Thomas\AppData\Local\Temp\cccFSyXa.s 			page 13


 177      4C7A0B5D 
 177      5E38D4E5 
 177      D4E0
 178 0105 D2A857D3 		.ascii	"\322\250W\323e\373|`H\275\374k\001\307\201\022a\211"
 178      65FB7C60 
 178      48BDFC6B 
 178      01C78112 
 178      6189
 179 0117 1AD296C1 		.ascii	"\032\322\226\301i0C\015\230\221X\013\313\361w\273Z$"
 179      6930430D 
 179      9891580B 
 179      CBF177BB 
 179      5A24
 180 0129 CDCEEC29 		.ascii	"\315\316\354)\002\242\002:\257v\336\032\322\257\256"
 180      02A2023A 
 180      AF76DE1A 
 180      D2AFAE
 181 0138 C33087E0 		.ascii	"\3030\207\340\353RG\3225<\236y\250\262|+L5\006G\207"
 181      EB5247D2 
 181      353C9E79 
 181      A8B27C2B 
 181      4C350647 
 182 014d FC46A14B 		.ascii	"\374F\241K\360\205B^\001\030\014\352\200\300\031XM}"
 182      F085425E 
 182      01180CEA 
 182      80C01958 
 182      4D7D
 183 015f E99C0541 		.ascii	"\351\234\005A=X000?\266\211lg\360\007\275c\025z\306"
 183      3D583030 
 183      303FB689 
 183      6C67F007 
 183      BD63157A 
 184 0174 701DABD6 		.ascii	"p\035\253\326\204\011\014\320 \0034\204\001n\006\230"
 184      84090CD0 
 184      20033484 
 184      016E0698 
 185 0184 ADE9DDAB 		.ascii	"\255\351\335\253#_0B\347Io\277\016\011\256F\227_\"\274"
 185      235F3042 
 185      E7496FBF 
 185      0E09AE46 
 185      975F22BC 
 186 0198 C3E2CFCA 		.ascii	"\303\342\317\312\342\317\206\343\033Y\374?\203ew\214"
 186      E2CF86E3 
 186      1B59FC3F 
 186      8365778C 
 187 01a8 A4124409 		.ascii	"\244\022D\011\247\216\267\200\010p\234\222\003\316\311"
 187      A78EB780 
 187      08709C92 
 187      03CEC9
 188 01b7 00E7C280 		.ascii	"\000\347\302\200&\006\270yo\377\271x\322$\002\204\366"
 188      2606B879 
 188      6FFFB978 
 188      D2240284 
 188      F6
 189 01c8 C9EB26BA 		.ascii	"\311\353&\272\007!x\364\267\300\272o\204\023\305\302"
 189      072178F4 
 189      B7C0BA6F 
ARM GAS  C:\Users\Thomas\AppData\Local\Temp\cccFSyXa.s 			page 14


 189      8413C5C2 
 190 01d8 422824D5 		.ascii	"B($\325\341\274\214r>Lif\224\216n\257#\216\314\213\224"
 190      E1BC8C72 
 190      3E4C6966 
 190      948E6EAF 
 190      238ECC8B 
 191 01ed 1AFFC2BE 		.ascii	"\032\377\302\276xFqUT\357\261\310t\264\310\010-aB+#"
 191      78467155 
 191      54EFB1C8 
 191      74B4C808 
 191      2D61422B 
 192 0202 4C3E9ABC 		.ascii	"L>\232\274\022\313N|\015e\034\372\312\3431\261\023\327"
 192      12CB4E7C 
 192      0D651CFA 
 192      CAE331B1 
 192      13D7
 193 0214 D0E5DE4B 		.ascii	"\320\345\336Ks\207\343\311\021\361\030\207\275\245\245"
 193      7387E3C9 
 193      11F11887 
 193      BDA5A5
 194 0223 5AE21117 		.ascii	"Z\342\021\027E\337\265\227\323\270ezv\222\373{\253."
 194      45DFB597 
 194      D3B8657A 
 194      7692FB7B 
 194      AB2E
 195 0235 13B60CD1 		.ascii	"\023\266\014\321\327*\277\377\360\023\002\372D\207 "
 195      D72ABFFF 
 195      F01302FA 
 195      448720
 196 0244 140BC143 		.ascii	"\024\013\301C\002Y\301\301j3\274a\346\340\022$\242\033"
 196      0259C1C1 
 196      6A33BC61 
 196      E6E01224 
 196      A21B
 197 0256 D303ED78 		.ascii	"\323\003\355x{:\360\366\234\304\273\021\\\350\256\333"
 197      7B3AF0F6 
 197      9CC4BB11 
 197      5CE8AEDB 
 198 0266 5C22AC87 		.ascii	"\\\"\254\207\213\240\207\013\317\024\263\014\322}\361"
 198      8BA0870B 
 198      CF14B30C 
 198      D27DF1
 199 0275 BAAF3BB5 		.ascii	"\272\257;\265$ *\350\015<\376\333\310\224/\241\313\252"
 199      24202AE8 
 199      0D3CFEDB 
 199      C8942FA1 
 199      CBAA
 200 0287 9199FB84 		.ascii	"\221\231\373\204)W\321\345\361{s\035:2\027-\326\"\212"
 200      2957D1E5 
 200      F17B731D 
 200      3A32172D 
 200      D6228A
 201 029a ADBCF3B8 		.ascii	"\255\274\363\270Y\313\226\241\020\241j\347o\273Ok Q"
 201      59CB96A1 
 201      10A16AE7 
 201      6FBB4F6B 
 201      2051
ARM GAS  C:\Users\Thomas\AppData\Local\Temp\cccFSyXa.s 			page 15


 202 02ac 4F65B8CE 		.ascii	"Oe\270\316\304\001t\242\204+\021\011\026I\002\333\215"
 202      C40174A2 
 202      842B1109 
 202      164902DB 
 202      8D
 203 02bd 5022C4D4 		.ascii	"P\"\304\324\2308\360\241\366\313\250\035~\304\015Y\244"
 203      9838F0A1 
 203      F6CBA81D 
 203      7EC40D59 
 203      A4
 204 02ce 0DFD800F 		.ascii	"\015\375\200\017\257\342Cz6=]wc\311\003Q\301SOI\211"
 204      AFE2437A 
 204      363D5D77 
 204      63C90351 
 204      C1534F49 
 205 02e3 8A1411BA 		.ascii	"\212\024\021\272\210\271\332\337R\241\206\204\204\245"
 205      88B9DADF 
 205      52A18684 
 205      84A5
 206 02f1 89092E24 		.ascii	"\211\011.$\006\217\226\03659\005\327e1\357O\230\267"
 206      068F961E 
 206      353905D7 
 206      6531EF4F 
 206      98B7
 207 0303 179646F8 		.ascii	"\027\226F\370\257\323\257\313G\2771\216\272O\375\321"
 207      AFD3AFCB 
 207      47BF318E 
 207      BA4FFDD1 
 208 0313 9AE14312 		.ascii	"\232\341C\022-\223W\362\225J\313<WQ\307\203\354#\025"
 208      2D9357F2 
 208      954ACB3C 
 208      5751C783 
 208      EC2315
 209 0326 84F5360E 		.ascii	"\204\3656\016\276G\220\207}\242\324\025e\302\317\250"
 209      BE479087 
 209      7DA2D415 
 209      65C2CFA8 
 210 0336 B80712A0 		.ascii	"\270\007\022\240\033\255\017\022\330\336\350\336\247"
 210      1BAD0F12 
 210      D8DEE8DE 
 210      A7
 211 0343 66D76AA9 		.ascii	"f\327j\251\023\027\276-\342`Y\377\362|\344+&La\227\242"
 211      1317BE2D 
 211      E26059FF 
 211      F27CE42B 
 211      264C6197 
 212 0358 C2D34C21 		.ascii	"\302\323L!=\373\362/\367\350 q)#\316k\000\372\321\267"
 212      3DFBF22F 
 212      F7E82071 
 212      2923CE6B 
 212      00FAD1B7 
 213 036c 2D524D9A 		.ascii	"-RM\232\200\015%\221p\015\265\275H'\026\263g\177\371"
 213      800D2591 
 213      700DB5BD 
 213      482716B3 
 213      677FF9
 214 037f EFF1A482 		.ascii	"\357\361\244\202\025\023\006B\027;\015)\315\202\303"
ARM GAS  C:\Users\Thomas\AppData\Local\Temp\cccFSyXa.s 			page 16


 214      15130642 
 214      173B0D29 
 214      CD82C3
 215 038e B58225A2 		.ascii	"\265\202%\242\376\364Z\321\030z\032}\342?u\035\237\253"
 215      FEF45AD1 
 215      187A1A7D 
 215      E23F751D 
 215      9FAB
 216 03a0 FBD3B0F2 		.ascii	"\373\323\260\362\004\236qpttVU$\270\3604\3517\302\002"
 216      049E7170 
 216      74745655 
 216      24B8F034 
 216      E937C202 
 217 03b4 074485B2 		.ascii	"\007D\205\262r\015\320O\005~\201\024\016\006a%m\217"
 217      720DD04F 
 217      057E8114 
 217      0E066125 
 217      6D8F
 218 03c6 D7C62608 		.ascii	"\327\306&\010\251\021\023\007\035\025w\324z\007\275"
 218      A9111307 
 218      1D1577D4 
 218      7A07BD
 219 03d5 0F2F7925 		.ascii	"\017/y%T\225\015\343U \335\263\340B\255\327\330-\010"
 219      54950DE3 
 219      5520DDB3 
 219      E042ADD7 
 219      D82D08
 220 03e8 5A18C692 		.ascii	"Z\030\306\222^\217\224g\010\"\267M\001\375\253\362m"
 220      5E8F9467 
 220      0822B74D 
 220      01FDABF2 
 220      6D
 221 03f9 2B9F7D50 		.ascii	"+\237}Pm\010\253q\274TH\355\225\266c\006c\031\275\323"
 221      6D08AB71 
 221      BC5448ED 
 221      95B66306 
 221      6319BDD3 
 222 040d D8CE755D 		.ascii	"\330\316u]&\030A%\221\206>\012F\326(\360\2376\254\221"
 222      26184125 
 222      91863E0A 
 222      46D628F0 
 222      9F36AC91 
 223 0421 FEFAB828 		.ascii	"\376\372\270(oZ\264\210\267_\362\3663\357S\007;I\224"
 223      6F5AB488 
 223      B75FF2F6 
 223      33EF5307 
 223      3B4994
 224 0434 F37014FA 		.ascii	"\363p\024\372\206\344|\2039W\036\351=\026K\334\254\254"
 224      86E47C83 
 224      39571EE9 
 224      3D164BDC 
 224      ACAC
 225 0446 EAE92713 		.ascii	"\352\351'\023\217b\301\254K4;\2616\343\240\343JY\017"
 225      8F62C1AC 
 225      4B343BB1 
 225      36E3A0E3 
 225      4A590F
ARM GAS  C:\Users\Thomas\AppData\Local\Temp\cccFSyXa.s 			page 17


 226 0459 293EB0E4 		.ascii	")>\260\344\263g=d\002wD_qp\023\231\223R\007q`\363\300"
 226      B3673D64 
 226      0277445F 
 226      71701399 
 226      93520771 
 227 0470 A73026B5 		.ascii	"\2470&\2658q8\361\271\010\242?\264\333V\356;\251%\315"
 227      387138F1 
 227      B908A23F 
 227      B4DB56EE 
 227      3BA925CD 
 228 0484 E229B63C 		.ascii	"\342)\266<,k\213\023\353\366\337m\012\217p\350Z\331"
 228      2C6B8B13 
 228      EBF6DF6D 
 228      0A8F70E8 
 228      5AD9
 229 0496 B04E6C6C 		.ascii	"\260Nll\317G\334^\244\261\271\236&k!\200\373\237\212"
 229      CF47DC5E 
 229      A4B1B99E 
 229      266B2180 
 229      FB9F8A
 230 04a9 1CF22D88 		.ascii	"\034\362-\210t\265\275\201\252>cT\261\002Q\305\232\226"
 230      74B5BD81 
 230      AA3E6354 
 230      B10251C5 
 230      9A96
 231 04bb 8A35CD8A 		.ascii	"\2125\315\2125\341\364\225\251\243\274i\207\217x\317"
 231      35E1F495 
 231      A9A3BC69 
 231      878F78CF 
 232 04cb 80319C04 		.ascii	"\2001\234\004\247\334\253\251\326\274\002k.\237f\265"
 232      A7DCABA9 
 232      D6BC026B 
 232      2E9F66B5 
 233 04db D933DFCA 		.ascii	"\3313\337\312\334\302\347\274\273&3=\353s\036\237\177"
 233      DCC2E7BC 
 233      BB26333D 
 233      EB731E9F 
 233      7F
 234 04ec B23347B3 		.ascii	"\2623G\263\351\203m\226TnmR\306&>\217\267e\331\371\217"
 234      E9836D96 
 234      546E6D52 
 234      C6263E8F 
 234      B765D9F9 
 235 0501 33D3AD85 		.ascii	"3\323\255\205\266l>#-\335\232\372v\206Rx\332\373I\331"
 235      B66C3E23 
 235      2DDD9AFA 
 235      76865278 
 235      DAFB49D9 
 236 0515 DC6B4A6F 		.ascii	"\334kJo\266\360\005v\253Mb\277\242\230:\227\347\363"
 236      B6F00576 
 236      AB4D62BF 
 236      A2983A97 
 236      E7F3
 237 0527 CD4A6F3E 		.ascii	"\315Jo>\314\332\305\027\346\257P\014\262[\363\337\374"
 237      CCDAC517 
 237      E6AF500C 
 237      B25BF3DF 
ARM GAS  C:\Users\Thomas\AppData\Local\Temp\cccFSyXa.s 			page 18


 237      FC
 238 0538 3F12933E 		.ascii	"?\022\223>\345\024s\274\227\227\265#\227W\224\276qC"
 238      E51473BC 
 238      9797B523 
 238      975794BE 
 238      7143
 239 054a EAE66D69 		.ascii	"\352\346mi\231\351[\267lK\335\032S\2703\317\276n\345"
 239      99E95BB7 
 239      6C4BDD1A 
 239      53B833CF 
 239      BE6EE5
 240 055d A229B377 		.ascii	"\242)\263w\333w\347\363\005\230\306\3003d\272\035\235"
 240      DB77E7F3 
 240      0598C6C0 
 240      3364BA1D 
 240      9D
 241 056e 34342A39 		.ascii	"44*9\305P\200\345M\267mX\203\340\360<\031\347\212\212"
 241      C55080E5 
 241      4DB76D58 
 241      83E0F03C 
 241      19E78A8A 
 242 0582 766465EF 		.ascii	"vde\357*\314\217\261\3619\311)1\231\033\255\326\\5\316"
 242      2ACC8FB1 
 242      F139C929 
 242      31991BAD 
 242      D65C35CE 
 243 0596 D7FD0BBE 		.ascii	"\327\375\013\276\021#\371"
 243      1123F9
 244              		.text
 245              		.section	.gnu.lto_.symtab.be1c3954,"",%progbits
 246 0000 436F6E73 		.ascii	"ConsolePort_4_RegD0_SaveConfig\000\000\000\000\000\000"
 246      6F6C6550 
 246      6F72745F 
 246      345F5265 
 246      6744305F 
 247 0024 00000000 		.ascii	"\000\000\000\000\000\000\254\000\000\000ConsolePort"
 247      0000AC00 
 247      0000436F 
 247      6E736F6C 
 247      65506F72 
 248 0039 5F345F52 		.ascii	"_4_RegD0_RestoreConfig\000\000\000\000\000\000\000\000"
 248      65674430 
 248      5F526573 
 248      746F7265 
 248      436F6E66 
 249 0057 00000000 		.ascii	"\000\000\000\000\256\000\000\000ConsolePort_4_RegD0"
 249      AE000000 
 249      436F6E73 
 249      6F6C6550 
 249      6F72745F 
 250 0072 5F536C65 		.ascii	"_Sleep\000\000\000\000\000\000\000\000\000\000\000\000"
 250      65700000 
 250      00000000 
 250      00000000 
 250      0000
 251 0084 B0000000 		.ascii	"\260\000\000\000ConsolePort_4_RegD0_Wakeup\000\000\000"
 251      436F6E73 
ARM GAS  C:\Users\Thomas\AppData\Local\Temp\cccFSyXa.s 			page 19


 251      6F6C6550 
 251      6F72745F 
 251      345F5265 
 252 00a5 00000000 		.ascii	"\000\000\000\000\000\000\000\000\000\262\000\000\000"
 252      00000000 
 252      00B20000 
 252      00
 253 00b2 436F6E73 		.ascii	"ConsolePort_4_RegD0_Stop\000\000\002\000\000\000\000"
 253      6F6C6550 
 253      6F72745F 
 253      345F5265 
 253      6744305F 
 254 00d1 00000000 		.ascii	"\000\000\000\000\000\264\000\000\000ConsolePort_4_R"
 254      00B40000 
 254      00436F6E 
 254      736F6C65 
 254      506F7274 
 255 00e9 65674430 		.ascii	"egD0_Enable\000\000\002\000\000\000\000\000\000\000"
 255      5F456E61 
 255      626C6500 
 255      00020000 
 255      00000000 
 256 00fe 0000B600 		.ascii	"\000\000\266\000\000\000"
 256      0000
 257              		.text
 258              		.section	.gnu.lto_.opts,"",%progbits
 259 0000 272D666E 		.ascii	"'-fno-trapv' '-mcpu=cortex-m3' '-mthumb' '-g' '-O3'"
 259      6F2D7472 
 259      61707627 
 259      20272D6D 
 259      6370753D 
 260 0033 20272D66 		.ascii	" '-ffunction-sections' '-finline-functions' '-flto'"
 260      66756E63 
 260      74696F6E 
 260      2D736563 
 260      74696F6E 
 261 0066 20272D66 		.ascii	" '-ffat-lto-objects'\000"
 261      6661742D 
 261      6C746F2D 
 261      6F626A65 
 261      63747327 
 262              		.text
 263              		.cfi_sections	.debug_frame
 264              		.section	.text.ConsolePort_4_RegD0_SaveConfig,"ax",%progbits
 265              		.align	2
 266              		.global	ConsolePort_4_RegD0_SaveConfig
 267              		.thumb
 268              		.thumb_func
 269              		.type	ConsolePort_4_RegD0_SaveConfig, %function
 270              	ConsolePort_4_RegD0_SaveConfig:
 271              	.LFB0:
 272              		.file 1 ".\\Generated_Source\\PSoC5\\ConsolePort_4_RegD0_PM.c"
   1:.\Generated_Source\PSoC5/ConsolePort_4_RegD0_PM.c **** /*******************************************************************************
   2:.\Generated_Source\PSoC5/ConsolePort_4_RegD0_PM.c **** * File Name: ConsolePort_4_RegD0_PM.c
   3:.\Generated_Source\PSoC5/ConsolePort_4_RegD0_PM.c **** * Version 2.30
   4:.\Generated_Source\PSoC5/ConsolePort_4_RegD0_PM.c **** *
   5:.\Generated_Source\PSoC5/ConsolePort_4_RegD0_PM.c **** * Description:
ARM GAS  C:\Users\Thomas\AppData\Local\Temp\cccFSyXa.s 			page 20


   6:.\Generated_Source\PSoC5/ConsolePort_4_RegD0_PM.c **** *  This file provides the API source code for sleep mode support for Shift
   7:.\Generated_Source\PSoC5/ConsolePort_4_RegD0_PM.c **** *  Register component.
   8:.\Generated_Source\PSoC5/ConsolePort_4_RegD0_PM.c **** *
   9:.\Generated_Source\PSoC5/ConsolePort_4_RegD0_PM.c **** * Note:
  10:.\Generated_Source\PSoC5/ConsolePort_4_RegD0_PM.c **** *
  11:.\Generated_Source\PSoC5/ConsolePort_4_RegD0_PM.c **** ********************************************************************************
  12:.\Generated_Source\PSoC5/ConsolePort_4_RegD0_PM.c **** * Copyright 2008-2013, Cypress Semiconductor Corporation.  All rights reserved.
  13:.\Generated_Source\PSoC5/ConsolePort_4_RegD0_PM.c **** * You may use this file only in accordance with the license, terms, conditions,
  14:.\Generated_Source\PSoC5/ConsolePort_4_RegD0_PM.c **** * disclaimers, and limitations in the end user license agreement accompanying
  15:.\Generated_Source\PSoC5/ConsolePort_4_RegD0_PM.c **** * the software package with which this file was provided.
  16:.\Generated_Source\PSoC5/ConsolePort_4_RegD0_PM.c **** *******************************************************************************/
  17:.\Generated_Source\PSoC5/ConsolePort_4_RegD0_PM.c **** 
  18:.\Generated_Source\PSoC5/ConsolePort_4_RegD0_PM.c **** #include "ConsolePort_4_RegD0.h"
  19:.\Generated_Source\PSoC5/ConsolePort_4_RegD0_PM.c **** 
  20:.\Generated_Source\PSoC5/ConsolePort_4_RegD0_PM.c **** static ConsolePort_4_RegD0_BACKUP_STRUCT ConsolePort_4_RegD0_backup =
  21:.\Generated_Source\PSoC5/ConsolePort_4_RegD0_PM.c **** {
  22:.\Generated_Source\PSoC5/ConsolePort_4_RegD0_PM.c ****     ConsolePort_4_RegD0_DISABLED,
  23:.\Generated_Source\PSoC5/ConsolePort_4_RegD0_PM.c **** 
  24:.\Generated_Source\PSoC5/ConsolePort_4_RegD0_PM.c ****     ((uint16) ConsolePort_4_RegD0_DEFAULT_A0),
  25:.\Generated_Source\PSoC5/ConsolePort_4_RegD0_PM.c ****     ((uint16) ConsolePort_4_RegD0_DEFAULT_A1),
  26:.\Generated_Source\PSoC5/ConsolePort_4_RegD0_PM.c **** 
  27:.\Generated_Source\PSoC5/ConsolePort_4_RegD0_PM.c ****     #if(CY_UDB_V0)
  28:.\Generated_Source\PSoC5/ConsolePort_4_RegD0_PM.c ****         ((uint16) ConsolePort_4_RegD0_INT_SRC),
  29:.\Generated_Source\PSoC5/ConsolePort_4_RegD0_PM.c ****     #endif /* (CY_UDB_V0) */
  30:.\Generated_Source\PSoC5/ConsolePort_4_RegD0_PM.c **** };
  31:.\Generated_Source\PSoC5/ConsolePort_4_RegD0_PM.c **** 
  32:.\Generated_Source\PSoC5/ConsolePort_4_RegD0_PM.c **** 
  33:.\Generated_Source\PSoC5/ConsolePort_4_RegD0_PM.c **** /*******************************************************************************
  34:.\Generated_Source\PSoC5/ConsolePort_4_RegD0_PM.c **** * Function Name: ConsolePort_4_RegD0_SaveConfig
  35:.\Generated_Source\PSoC5/ConsolePort_4_RegD0_PM.c **** ********************************************************************************
  36:.\Generated_Source\PSoC5/ConsolePort_4_RegD0_PM.c **** *
  37:.\Generated_Source\PSoC5/ConsolePort_4_RegD0_PM.c **** * Summary:
  38:.\Generated_Source\PSoC5/ConsolePort_4_RegD0_PM.c **** *  Saves Shift Register configuration.
  39:.\Generated_Source\PSoC5/ConsolePort_4_RegD0_PM.c **** *
  40:.\Generated_Source\PSoC5/ConsolePort_4_RegD0_PM.c **** * Parameters:
  41:.\Generated_Source\PSoC5/ConsolePort_4_RegD0_PM.c **** *  None.
  42:.\Generated_Source\PSoC5/ConsolePort_4_RegD0_PM.c **** *
  43:.\Generated_Source\PSoC5/ConsolePort_4_RegD0_PM.c **** * Return:
  44:.\Generated_Source\PSoC5/ConsolePort_4_RegD0_PM.c **** *  None.
  45:.\Generated_Source\PSoC5/ConsolePort_4_RegD0_PM.c **** *
  46:.\Generated_Source\PSoC5/ConsolePort_4_RegD0_PM.c **** * Reentrant:
  47:.\Generated_Source\PSoC5/ConsolePort_4_RegD0_PM.c **** *  No.
  48:.\Generated_Source\PSoC5/ConsolePort_4_RegD0_PM.c **** *
  49:.\Generated_Source\PSoC5/ConsolePort_4_RegD0_PM.c **** *******************************************************************************/
  50:.\Generated_Source\PSoC5/ConsolePort_4_RegD0_PM.c **** void ConsolePort_4_RegD0_SaveConfig(void) 
  51:.\Generated_Source\PSoC5/ConsolePort_4_RegD0_PM.c **** {
 273              		.loc 1 51 0
 274              		.cfi_startproc
 275              		@ args = 0, pretend = 0, frame = 0
 276              		@ frame_needed = 0, uses_anonymous_args = 0
 277              		@ link register save eliminated.
  52:.\Generated_Source\PSoC5/ConsolePort_4_RegD0_PM.c ****     /* Store working registers A0 and A1 */
  53:.\Generated_Source\PSoC5/ConsolePort_4_RegD0_PM.c ****     ConsolePort_4_RegD0_backup.saveSrA0Reg   = CY_GET_REG16(ConsolePort_4_RegD0_SHIFT_REG_LSB_PTR);
 278              		.loc 1 53 0
 279 0000 034B     		ldr	r3, .L2
  54:.\Generated_Source\PSoC5/ConsolePort_4_RegD0_PM.c ****     ConsolePort_4_RegD0_backup.saveSrA1Reg   = CY_GET_REG16(ConsolePort_4_RegD0_SHIFT_REG_VALUE_LSB
 280              		.loc 1 54 0
ARM GAS  C:\Users\Thomas\AppData\Local\Temp\cccFSyXa.s 			page 21


 281 0002 044A     		ldr	r2, .L2+4
  53:.\Generated_Source\PSoC5/ConsolePort_4_RegD0_PM.c ****     ConsolePort_4_RegD0_backup.saveSrA1Reg   = CY_GET_REG16(ConsolePort_4_RegD0_SHIFT_REG_VALUE_LSB
 282              		.loc 1 53 0
 283 0004 1988     		ldrh	r1, [r3]
 284 0006 044B     		ldr	r3, .L2+8
 285              		.loc 1 54 0
 286 0008 1288     		ldrh	r2, [r2]
  53:.\Generated_Source\PSoC5/ConsolePort_4_RegD0_PM.c ****     ConsolePort_4_RegD0_backup.saveSrA1Reg   = CY_GET_REG16(ConsolePort_4_RegD0_SHIFT_REG_VALUE_LSB
 287              		.loc 1 53 0
 288 000a 5980     		strh	r1, [r3, #2]	@ movhi
 289              		.loc 1 54 0
 290 000c 9A80     		strh	r2, [r3, #4]	@ movhi
 291 000e 7047     		bx	lr
 292              	.L3:
 293              		.align	2
 294              	.L2:
 295 0010 0A650040 		.word	1073767690
 296 0014 1A650040 		.word	1073767706
 297 0018 00000000 		.word	.LANCHOR0
 298              		.cfi_endproc
 299              	.LFE0:
 300              		.size	ConsolePort_4_RegD0_SaveConfig, .-ConsolePort_4_RegD0_SaveConfig
 301              		.section	.text.ConsolePort_4_RegD0_RestoreConfig,"ax",%progbits
 302              		.align	2
 303              		.global	ConsolePort_4_RegD0_RestoreConfig
 304              		.thumb
 305              		.thumb_func
 306              		.type	ConsolePort_4_RegD0_RestoreConfig, %function
 307              	ConsolePort_4_RegD0_RestoreConfig:
 308              	.LFB1:
  55:.\Generated_Source\PSoC5/ConsolePort_4_RegD0_PM.c **** 
  56:.\Generated_Source\PSoC5/ConsolePort_4_RegD0_PM.c ****     #if(CY_UDB_V0)
  57:.\Generated_Source\PSoC5/ConsolePort_4_RegD0_PM.c ****         ConsolePort_4_RegD0_backup.saveSrIntMask = ConsolePort_4_RegD0_SR_STATUS_MASK;
  58:.\Generated_Source\PSoC5/ConsolePort_4_RegD0_PM.c ****     #endif /* (CY_UDB_V0) */
  59:.\Generated_Source\PSoC5/ConsolePort_4_RegD0_PM.c **** }
  60:.\Generated_Source\PSoC5/ConsolePort_4_RegD0_PM.c **** 
  61:.\Generated_Source\PSoC5/ConsolePort_4_RegD0_PM.c **** 
  62:.\Generated_Source\PSoC5/ConsolePort_4_RegD0_PM.c **** /*******************************************************************************
  63:.\Generated_Source\PSoC5/ConsolePort_4_RegD0_PM.c **** * Function Name: ConsolePort_4_RegD0_RestoreConfig
  64:.\Generated_Source\PSoC5/ConsolePort_4_RegD0_PM.c **** ********************************************************************************
  65:.\Generated_Source\PSoC5/ConsolePort_4_RegD0_PM.c **** *
  66:.\Generated_Source\PSoC5/ConsolePort_4_RegD0_PM.c **** * Summary:
  67:.\Generated_Source\PSoC5/ConsolePort_4_RegD0_PM.c **** *  Restores Shift Register configuration.
  68:.\Generated_Source\PSoC5/ConsolePort_4_RegD0_PM.c **** *
  69:.\Generated_Source\PSoC5/ConsolePort_4_RegD0_PM.c **** * Parameters:
  70:.\Generated_Source\PSoC5/ConsolePort_4_RegD0_PM.c **** *  None.
  71:.\Generated_Source\PSoC5/ConsolePort_4_RegD0_PM.c **** *
  72:.\Generated_Source\PSoC5/ConsolePort_4_RegD0_PM.c **** * Return:
  73:.\Generated_Source\PSoC5/ConsolePort_4_RegD0_PM.c **** *  None.
  74:.\Generated_Source\PSoC5/ConsolePort_4_RegD0_PM.c **** *
  75:.\Generated_Source\PSoC5/ConsolePort_4_RegD0_PM.c **** *******************************************************************************/
  76:.\Generated_Source\PSoC5/ConsolePort_4_RegD0_PM.c **** void ConsolePort_4_RegD0_RestoreConfig(void) 
  77:.\Generated_Source\PSoC5/ConsolePort_4_RegD0_PM.c **** {
 309              		.loc 1 77 0
 310              		.cfi_startproc
 311              		@ args = 0, pretend = 0, frame = 0
 312              		@ frame_needed = 0, uses_anonymous_args = 0
ARM GAS  C:\Users\Thomas\AppData\Local\Temp\cccFSyXa.s 			page 22


 313              		@ link register save eliminated.
  78:.\Generated_Source\PSoC5/ConsolePort_4_RegD0_PM.c ****     /* Restore working registers A0 and A1 */
  79:.\Generated_Source\PSoC5/ConsolePort_4_RegD0_PM.c ****     CY_SET_REG16(ConsolePort_4_RegD0_SHIFT_REG_LSB_PTR, ConsolePort_4_RegD0_backup.saveSrA0Reg);
 314              		.loc 1 79 0
 315 0000 034B     		ldr	r3, .L5
 316 0002 0449     		ldr	r1, .L5+4
  80:.\Generated_Source\PSoC5/ConsolePort_4_RegD0_PM.c ****     CY_SET_REG16(ConsolePort_4_RegD0_SHIFT_REG_VALUE_LSB_PTR, ConsolePort_4_RegD0_backup.saveSrA1Re
 317              		.loc 1 80 0
 318 0004 9A88     		ldrh	r2, [r3, #4]
  79:.\Generated_Source\PSoC5/ConsolePort_4_RegD0_PM.c ****     CY_SET_REG16(ConsolePort_4_RegD0_SHIFT_REG_VALUE_LSB_PTR, ConsolePort_4_RegD0_backup.saveSrA1Re
 319              		.loc 1 79 0
 320 0006 5888     		ldrh	r0, [r3, #2]
 321              		.loc 1 80 0
 322 0008 034B     		ldr	r3, .L5+8
  79:.\Generated_Source\PSoC5/ConsolePort_4_RegD0_PM.c ****     CY_SET_REG16(ConsolePort_4_RegD0_SHIFT_REG_VALUE_LSB_PTR, ConsolePort_4_RegD0_backup.saveSrA1Re
 323              		.loc 1 79 0
 324 000a 0880     		strh	r0, [r1]	@ movhi
 325              		.loc 1 80 0
 326 000c 1A80     		strh	r2, [r3]	@ movhi
 327 000e 7047     		bx	lr
 328              	.L6:
 329              		.align	2
 330              	.L5:
 331 0010 00000000 		.word	.LANCHOR0
 332 0014 0A650040 		.word	1073767690
 333 0018 1A650040 		.word	1073767706
 334              		.cfi_endproc
 335              	.LFE1:
 336              		.size	ConsolePort_4_RegD0_RestoreConfig, .-ConsolePort_4_RegD0_RestoreConfig
 337              		.section	.text.ConsolePort_4_RegD0_Sleep,"ax",%progbits
 338              		.align	2
 339              		.global	ConsolePort_4_RegD0_Sleep
 340              		.thumb
 341              		.thumb_func
 342              		.type	ConsolePort_4_RegD0_Sleep, %function
 343              	ConsolePort_4_RegD0_Sleep:
 344              	.LFB2:
  81:.\Generated_Source\PSoC5/ConsolePort_4_RegD0_PM.c **** 
  82:.\Generated_Source\PSoC5/ConsolePort_4_RegD0_PM.c ****     #if(CY_UDB_V0)
  83:.\Generated_Source\PSoC5/ConsolePort_4_RegD0_PM.c ****         ConsolePort_4_RegD0_SR_STATUS_MASK = ((uint8) ConsolePort_4_RegD0_backup.saveSrIntMask);
  84:.\Generated_Source\PSoC5/ConsolePort_4_RegD0_PM.c ****     #endif /* (CY_UDB_V0) */
  85:.\Generated_Source\PSoC5/ConsolePort_4_RegD0_PM.c **** }
  86:.\Generated_Source\PSoC5/ConsolePort_4_RegD0_PM.c **** 
  87:.\Generated_Source\PSoC5/ConsolePort_4_RegD0_PM.c **** 
  88:.\Generated_Source\PSoC5/ConsolePort_4_RegD0_PM.c **** /*******************************************************************************
  89:.\Generated_Source\PSoC5/ConsolePort_4_RegD0_PM.c **** * Function Name: ConsolePort_4_RegD0_Sleep
  90:.\Generated_Source\PSoC5/ConsolePort_4_RegD0_PM.c **** ********************************************************************************
  91:.\Generated_Source\PSoC5/ConsolePort_4_RegD0_PM.c **** *
  92:.\Generated_Source\PSoC5/ConsolePort_4_RegD0_PM.c **** * Summary:
  93:.\Generated_Source\PSoC5/ConsolePort_4_RegD0_PM.c **** *  Prepare the component to enter a Sleep mode.
  94:.\Generated_Source\PSoC5/ConsolePort_4_RegD0_PM.c **** *
  95:.\Generated_Source\PSoC5/ConsolePort_4_RegD0_PM.c **** * Parameters:
  96:.\Generated_Source\PSoC5/ConsolePort_4_RegD0_PM.c **** *  None.
  97:.\Generated_Source\PSoC5/ConsolePort_4_RegD0_PM.c **** *
  98:.\Generated_Source\PSoC5/ConsolePort_4_RegD0_PM.c **** * Return:
  99:.\Generated_Source\PSoC5/ConsolePort_4_RegD0_PM.c **** *  None.
 100:.\Generated_Source\PSoC5/ConsolePort_4_RegD0_PM.c **** *
ARM GAS  C:\Users\Thomas\AppData\Local\Temp\cccFSyXa.s 			page 23


 101:.\Generated_Source\PSoC5/ConsolePort_4_RegD0_PM.c **** * Reentrant:
 102:.\Generated_Source\PSoC5/ConsolePort_4_RegD0_PM.c **** *  No.
 103:.\Generated_Source\PSoC5/ConsolePort_4_RegD0_PM.c **** *
 104:.\Generated_Source\PSoC5/ConsolePort_4_RegD0_PM.c **** *******************************************************************************/
 105:.\Generated_Source\PSoC5/ConsolePort_4_RegD0_PM.c **** void ConsolePort_4_RegD0_Sleep(void) 
 106:.\Generated_Source\PSoC5/ConsolePort_4_RegD0_PM.c **** {
 345              		.loc 1 106 0
 346              		.cfi_startproc
 347              		@ args = 0, pretend = 0, frame = 0
 348              		@ frame_needed = 0, uses_anonymous_args = 0
 349 0000 10B5     		push	{r4, lr}
 350              		.cfi_def_cfa_offset 8
 351              		.cfi_offset 4, -8
 352              		.cfi_offset 14, -4
 107:.\Generated_Source\PSoC5/ConsolePort_4_RegD0_PM.c ****     ConsolePort_4_RegD0_backup.enableState = ((uint8) ConsolePort_4_RegD0_IS_ENABLED);
 353              		.loc 1 107 0
 354 0002 074B     		ldr	r3, .L9
 355 0004 074C     		ldr	r4, .L9+4
 356 0006 1B78     		ldrb	r3, [r3]	@ zero_extendqisi2
 357 0008 03F00103 		and	r3, r3, #1
 358 000c 2370     		strb	r3, [r4]
 108:.\Generated_Source\PSoC5/ConsolePort_4_RegD0_PM.c **** 
 109:.\Generated_Source\PSoC5/ConsolePort_4_RegD0_PM.c ****     ConsolePort_4_RegD0_Stop();
 359              		.loc 1 109 0
 360 000e FFF7FEFF 		bl	ConsolePort_4_RegD0_Stop
 361              	.LVL0:
 362              	.LBB6:
 363              	.LBB7:
  53:.\Generated_Source\PSoC5/ConsolePort_4_RegD0_PM.c ****     ConsolePort_4_RegD0_backup.saveSrA1Reg   = CY_GET_REG16(ConsolePort_4_RegD0_SHIFT_REG_VALUE_LSB
 364              		.loc 1 53 0
 365 0012 054A     		ldr	r2, .L9+8
  54:.\Generated_Source\PSoC5/ConsolePort_4_RegD0_PM.c **** 
 366              		.loc 1 54 0
 367 0014 054B     		ldr	r3, .L9+12
  53:.\Generated_Source\PSoC5/ConsolePort_4_RegD0_PM.c ****     ConsolePort_4_RegD0_backup.saveSrA1Reg   = CY_GET_REG16(ConsolePort_4_RegD0_SHIFT_REG_VALUE_LSB
 368              		.loc 1 53 0
 369 0016 1288     		ldrh	r2, [r2]
  54:.\Generated_Source\PSoC5/ConsolePort_4_RegD0_PM.c **** 
 370              		.loc 1 54 0
 371 0018 1B88     		ldrh	r3, [r3]
  53:.\Generated_Source\PSoC5/ConsolePort_4_RegD0_PM.c ****     ConsolePort_4_RegD0_backup.saveSrA1Reg   = CY_GET_REG16(ConsolePort_4_RegD0_SHIFT_REG_VALUE_LSB
 372              		.loc 1 53 0
 373 001a 6280     		strh	r2, [r4, #2]	@ movhi
  54:.\Generated_Source\PSoC5/ConsolePort_4_RegD0_PM.c **** 
 374              		.loc 1 54 0
 375 001c A380     		strh	r3, [r4, #4]	@ movhi
 376 001e 10BD     		pop	{r4, pc}
 377              	.L10:
 378              		.align	2
 379              	.L9:
 380 0020 7B650040 		.word	1073767803
 381 0024 00000000 		.word	.LANCHOR0
 382 0028 0A650040 		.word	1073767690
 383 002c 1A650040 		.word	1073767706
 384              	.LBE7:
 385              	.LBE6:
 386              		.cfi_endproc
ARM GAS  C:\Users\Thomas\AppData\Local\Temp\cccFSyXa.s 			page 24


 387              	.LFE2:
 388              		.size	ConsolePort_4_RegD0_Sleep, .-ConsolePort_4_RegD0_Sleep
 389              		.section	.text.ConsolePort_4_RegD0_Wakeup,"ax",%progbits
 390              		.align	2
 391              		.global	ConsolePort_4_RegD0_Wakeup
 392              		.thumb
 393              		.thumb_func
 394              		.type	ConsolePort_4_RegD0_Wakeup, %function
 395              	ConsolePort_4_RegD0_Wakeup:
 396              	.LFB3:
 110:.\Generated_Source\PSoC5/ConsolePort_4_RegD0_PM.c ****     ConsolePort_4_RegD0_SaveConfig();
 111:.\Generated_Source\PSoC5/ConsolePort_4_RegD0_PM.c **** }
 112:.\Generated_Source\PSoC5/ConsolePort_4_RegD0_PM.c **** 
 113:.\Generated_Source\PSoC5/ConsolePort_4_RegD0_PM.c **** 
 114:.\Generated_Source\PSoC5/ConsolePort_4_RegD0_PM.c **** /*******************************************************************************
 115:.\Generated_Source\PSoC5/ConsolePort_4_RegD0_PM.c **** * Function Name: ConsolePort_4_RegD0_Wakeup
 116:.\Generated_Source\PSoC5/ConsolePort_4_RegD0_PM.c **** ********************************************************************************
 117:.\Generated_Source\PSoC5/ConsolePort_4_RegD0_PM.c **** *
 118:.\Generated_Source\PSoC5/ConsolePort_4_RegD0_PM.c **** * Summary:
 119:.\Generated_Source\PSoC5/ConsolePort_4_RegD0_PM.c **** *  Restores and enables the user configuration.
 120:.\Generated_Source\PSoC5/ConsolePort_4_RegD0_PM.c **** *
 121:.\Generated_Source\PSoC5/ConsolePort_4_RegD0_PM.c **** * Parameters:
 122:.\Generated_Source\PSoC5/ConsolePort_4_RegD0_PM.c **** *  None.
 123:.\Generated_Source\PSoC5/ConsolePort_4_RegD0_PM.c **** *
 124:.\Generated_Source\PSoC5/ConsolePort_4_RegD0_PM.c **** * Return:
 125:.\Generated_Source\PSoC5/ConsolePort_4_RegD0_PM.c **** *  None.
 126:.\Generated_Source\PSoC5/ConsolePort_4_RegD0_PM.c **** *
 127:.\Generated_Source\PSoC5/ConsolePort_4_RegD0_PM.c **** *******************************************************************************/
 128:.\Generated_Source\PSoC5/ConsolePort_4_RegD0_PM.c **** void ConsolePort_4_RegD0_Wakeup(void) 
 129:.\Generated_Source\PSoC5/ConsolePort_4_RegD0_PM.c **** {
 397              		.loc 1 129 0
 398              		.cfi_startproc
 399              		@ args = 0, pretend = 0, frame = 0
 400              		@ frame_needed = 0, uses_anonymous_args = 0
 401              		@ link register save eliminated.
 402 0000 10B4     		push	{r4}
 403              		.cfi_def_cfa_offset 4
 404              		.cfi_offset 4, -4
 405              	.LBB8:
 406              	.LBB9:
  79:.\Generated_Source\PSoC5/ConsolePort_4_RegD0_PM.c ****     CY_SET_REG16(ConsolePort_4_RegD0_SHIFT_REG_VALUE_LSB_PTR, ConsolePort_4_RegD0_backup.saveSrA1Re
 407              		.loc 1 79 0
 408 0002 084B     		ldr	r3, .L16
 409 0004 0848     		ldr	r0, .L16+4
 410 0006 5C88     		ldrh	r4, [r3, #2]
  80:.\Generated_Source\PSoC5/ConsolePort_4_RegD0_PM.c **** 
 411              		.loc 1 80 0
 412 0008 9988     		ldrh	r1, [r3, #4]
 413 000a 084A     		ldr	r2, .L16+8
  79:.\Generated_Source\PSoC5/ConsolePort_4_RegD0_PM.c ****     CY_SET_REG16(ConsolePort_4_RegD0_SHIFT_REG_VALUE_LSB_PTR, ConsolePort_4_RegD0_backup.saveSrA1Re
 414              		.loc 1 79 0
 415 000c 0480     		strh	r4, [r0]	@ movhi
  80:.\Generated_Source\PSoC5/ConsolePort_4_RegD0_PM.c **** 
 416              		.loc 1 80 0
 417 000e 1180     		strh	r1, [r2]	@ movhi
 418              	.LBE9:
 419              	.LBE8:
ARM GAS  C:\Users\Thomas\AppData\Local\Temp\cccFSyXa.s 			page 25


 130:.\Generated_Source\PSoC5/ConsolePort_4_RegD0_PM.c ****     ConsolePort_4_RegD0_RestoreConfig();
 131:.\Generated_Source\PSoC5/ConsolePort_4_RegD0_PM.c **** 
 132:.\Generated_Source\PSoC5/ConsolePort_4_RegD0_PM.c ****     if(0u != ConsolePort_4_RegD0_backup.enableState)
 420              		.loc 1 132 0
 421 0010 1B78     		ldrb	r3, [r3]	@ zero_extendqisi2
 422 0012 13B9     		cbnz	r3, .L15
 133:.\Generated_Source\PSoC5/ConsolePort_4_RegD0_PM.c ****     {
 134:.\Generated_Source\PSoC5/ConsolePort_4_RegD0_PM.c ****         ConsolePort_4_RegD0_Enable();
 135:.\Generated_Source\PSoC5/ConsolePort_4_RegD0_PM.c ****     }
 136:.\Generated_Source\PSoC5/ConsolePort_4_RegD0_PM.c **** }
 423              		.loc 1 136 0
 424 0014 5DF8044B 		ldr	r4, [sp], #4
 425              		.cfi_remember_state
 426              		.cfi_restore 4
 427              		.cfi_def_cfa_offset 0
 428 0018 7047     		bx	lr
 429              	.L15:
 430              		.cfi_restore_state
 431 001a 5DF8044B 		ldr	r4, [sp], #4
 432              		.cfi_restore 4
 433              		.cfi_def_cfa_offset 0
 134:.\Generated_Source\PSoC5/ConsolePort_4_RegD0_PM.c ****     }
 434              		.loc 1 134 0
 435 001e FFF7FEBF 		b	ConsolePort_4_RegD0_Enable
 436              	.LVL1:
 437              	.L17:
 438 0022 00BF     		.align	2
 439              	.L16:
 440 0024 00000000 		.word	.LANCHOR0
 441 0028 0A650040 		.word	1073767690
 442 002c 1A650040 		.word	1073767706
 443              		.cfi_endproc
 444              	.LFE3:
 445              		.size	ConsolePort_4_RegD0_Wakeup, .-ConsolePort_4_RegD0_Wakeup
 446              		.bss
 447              		.align	2
 448              		.set	.LANCHOR0,. + 0
 449              		.type	ConsolePort_4_RegD0_backup, %object
 450              		.size	ConsolePort_4_RegD0_backup, 6
 451              	ConsolePort_4_RegD0_backup:
 452 0000 00000000 		.space	6
 452      0000
 453 0006 0000     		.text
 454              	.Letext0:
 455              		.file 2 ".\\Generated_Source\\PSoC5\\cytypes.h"
 456              		.file 3 ".\\Generated_Source\\PSoC5\\ConsolePort_4_RegD0.h"
 457              		.section	.debug_info,"",%progbits
 458              	.Ldebug_info0:
 459 0000 9F010000 		.4byte	0x19f
 460 0004 0400     		.2byte	0x4
 461 0006 00000000 		.4byte	.Ldebug_abbrev0
 462 000a 04       		.byte	0x4
 463 000b 01       		.uleb128 0x1
 464 000c 6D010000 		.4byte	.LASF27
 465 0010 01       		.byte	0x1
 466 0011 3E020000 		.4byte	.LASF28
 467 0015 BC000000 		.4byte	.LASF29
ARM GAS  C:\Users\Thomas\AppData\Local\Temp\cccFSyXa.s 			page 26


 468 0019 00000000 		.4byte	.Ldebug_ranges0+0
 469 001d 00000000 		.4byte	0
 470 0021 00000000 		.4byte	.Ldebug_line0
 471 0025 02       		.uleb128 0x2
 472 0026 01       		.byte	0x1
 473 0027 06       		.byte	0x6
 474 0028 BE020000 		.4byte	.LASF0
 475 002c 02       		.uleb128 0x2
 476 002d 01       		.byte	0x1
 477 002e 08       		.byte	0x8
 478 002f 68000000 		.4byte	.LASF1
 479 0033 02       		.uleb128 0x2
 480 0034 02       		.byte	0x2
 481 0035 05       		.byte	0x5
 482 0036 34020000 		.4byte	.LASF2
 483 003a 02       		.uleb128 0x2
 484 003b 02       		.byte	0x2
 485 003c 07       		.byte	0x7
 486 003d 06000000 		.4byte	.LASF3
 487 0041 02       		.uleb128 0x2
 488 0042 04       		.byte	0x4
 489 0043 05       		.byte	0x5
 490 0044 A9020000 		.4byte	.LASF4
 491 0048 02       		.uleb128 0x2
 492 0049 04       		.byte	0x4
 493 004a 07       		.byte	0x7
 494 004b 7B000000 		.4byte	.LASF5
 495 004f 02       		.uleb128 0x2
 496 0050 08       		.byte	0x8
 497 0051 05       		.byte	0x5
 498 0052 5F010000 		.4byte	.LASF6
 499 0056 02       		.uleb128 0x2
 500 0057 08       		.byte	0x8
 501 0058 07       		.byte	0x7
 502 0059 26010000 		.4byte	.LASF7
 503 005d 03       		.uleb128 0x3
 504 005e 04       		.byte	0x4
 505 005f 05       		.byte	0x5
 506 0060 696E7400 		.ascii	"int\000"
 507 0064 02       		.uleb128 0x2
 508 0065 04       		.byte	0x4
 509 0066 07       		.byte	0x7
 510 0067 19010000 		.4byte	.LASF8
 511 006b 04       		.uleb128 0x4
 512 006c 8D000000 		.4byte	.LASF9
 513 0070 02       		.byte	0x2
 514 0071 9201     		.2byte	0x192
 515 0073 2C000000 		.4byte	0x2c
 516 0077 04       		.uleb128 0x4
 517 0078 F7000000 		.4byte	.LASF10
 518 007c 02       		.byte	0x2
 519 007d 9301     		.2byte	0x193
 520 007f 3A000000 		.4byte	0x3a
 521 0083 02       		.uleb128 0x2
 522 0084 04       		.byte	0x4
 523 0085 04       		.byte	0x4
 524 0086 40000000 		.4byte	.LASF11
ARM GAS  C:\Users\Thomas\AppData\Local\Temp\cccFSyXa.s 			page 27


 525 008a 02       		.uleb128 0x2
 526 008b 08       		.byte	0x8
 527 008c 04       		.byte	0x4
 528 008d B5000000 		.4byte	.LASF12
 529 0091 02       		.uleb128 0x2
 530 0092 01       		.byte	0x1
 531 0093 08       		.byte	0x8
 532 0094 14020000 		.4byte	.LASF13
 533 0098 04       		.uleb128 0x4
 534 0099 76000000 		.4byte	.LASF14
 535 009d 02       		.byte	0x2
 536 009e 3C02     		.2byte	0x23c
 537 00a0 A4000000 		.4byte	0xa4
 538 00a4 05       		.uleb128 0x5
 539 00a5 6B000000 		.4byte	0x6b
 540 00a9 04       		.uleb128 0x4
 541 00aa 00000000 		.4byte	.LASF15
 542 00ae 02       		.byte	0x2
 543 00af 3D02     		.2byte	0x23d
 544 00b1 B5000000 		.4byte	0xb5
 545 00b5 05       		.uleb128 0x5
 546 00b6 77000000 		.4byte	0x77
 547 00ba 02       		.uleb128 0x2
 548 00bb 04       		.byte	0x4
 549 00bc 07       		.byte	0x7
 550 00bd 56010000 		.4byte	.LASF16
 551 00c1 06       		.uleb128 0x6
 552 00c2 06       		.byte	0x6
 553 00c3 03       		.byte	0x3
 554 00c4 30       		.byte	0x30
 555 00c5 EE000000 		.4byte	0xee
 556 00c9 07       		.uleb128 0x7
 557 00ca B2020000 		.4byte	.LASF17
 558 00ce 03       		.byte	0x3
 559 00cf 32       		.byte	0x32
 560 00d0 6B000000 		.4byte	0x6b
 561 00d4 00       		.byte	0
 562 00d5 07       		.uleb128 0x7
 563 00d6 CA020000 		.4byte	.LASF18
 564 00da 03       		.byte	0x3
 565 00db 34       		.byte	0x34
 566 00dc 77000000 		.4byte	0x77
 567 00e0 02       		.byte	0x2
 568 00e1 07       		.uleb128 0x7
 569 00e2 19000000 		.4byte	.LASF19
 570 00e6 03       		.byte	0x3
 571 00e7 35       		.byte	0x35
 572 00e8 77000000 		.4byte	0x77
 573 00ec 04       		.byte	0x4
 574 00ed 00       		.byte	0
 575 00ee 08       		.uleb128 0x8
 576 00ef 46000000 		.4byte	.LASF20
 577 00f3 03       		.byte	0x3
 578 00f4 3B       		.byte	0x3b
 579 00f5 C1000000 		.4byte	0xc1
 580 00f9 09       		.uleb128 0x9
 581 00fa 70020000 		.4byte	.LASF21
ARM GAS  C:\Users\Thomas\AppData\Local\Temp\cccFSyXa.s 			page 28


 582 00fe 01       		.byte	0x1
 583 00ff 32       		.byte	0x32
 584 0100 01       		.byte	0x1
 585 0101 09       		.uleb128 0x9
 586 0102 93000000 		.4byte	.LASF22
 587 0106 01       		.byte	0x1
 588 0107 4C       		.byte	0x4c
 589 0108 01       		.byte	0x1
 590 0109 0A       		.uleb128 0xa
 591 010a F9000000 		.4byte	0xf9
 592 010e 00000000 		.4byte	.LFB0
 593 0112 1C000000 		.4byte	.LFE0-.LFB0
 594 0116 01       		.uleb128 0x1
 595 0117 9C       		.byte	0x9c
 596 0118 0A       		.uleb128 0xa
 597 0119 01010000 		.4byte	0x101
 598 011d 00000000 		.4byte	.LFB1
 599 0121 1C000000 		.4byte	.LFE1-.LFB1
 600 0125 01       		.uleb128 0x1
 601 0126 9C       		.byte	0x9c
 602 0127 0B       		.uleb128 0xb
 603 0128 8F020000 		.4byte	.LASF23
 604 012c 01       		.byte	0x1
 605 012d 69       		.byte	0x69
 606 012e 00000000 		.4byte	.LFB2
 607 0132 30000000 		.4byte	.LFE2-.LFB2
 608 0136 01       		.uleb128 0x1
 609 0137 9C       		.byte	0x9c
 610 0138 55010000 		.4byte	0x155
 611 013c 0C       		.uleb128 0xc
 612 013d F9000000 		.4byte	0xf9
 613 0141 12000000 		.4byte	.LBB6
 614 0145 1E000000 		.4byte	.LBE6-.LBB6
 615 0149 01       		.byte	0x1
 616 014a 6E       		.byte	0x6e
 617 014b 0D       		.uleb128 0xd
 618 014c 12000000 		.4byte	.LVL0
 619 0150 94010000 		.4byte	0x194
 620 0154 00       		.byte	0
 621 0155 0B       		.uleb128 0xb
 622 0156 19020000 		.4byte	.LASF24
 623 015a 01       		.byte	0x1
 624 015b 80       		.byte	0x80
 625 015c 00000000 		.4byte	.LFB3
 626 0160 30000000 		.4byte	.LFE3-.LFB3
 627 0164 01       		.uleb128 0x1
 628 0165 9C       		.byte	0x9c
 629 0166 83010000 		.4byte	0x183
 630 016a 0C       		.uleb128 0xc
 631 016b 01010000 		.4byte	0x101
 632 016f 02000000 		.4byte	.LBB8
 633 0173 0E000000 		.4byte	.LBE8-.LBB8
 634 0177 01       		.byte	0x1
 635 0178 82       		.byte	0x82
 636 0179 0E       		.uleb128 0xe
 637 017a 22000000 		.4byte	.LVL1
 638 017e 9B010000 		.4byte	0x19b
ARM GAS  C:\Users\Thomas\AppData\Local\Temp\cccFSyXa.s 			page 29


 639 0182 00       		.byte	0
 640 0183 0F       		.uleb128 0xf
 641 0184 FE000000 		.4byte	.LASF30
 642 0188 01       		.byte	0x1
 643 0189 14       		.byte	0x14
 644 018a EE000000 		.4byte	0xee
 645 018e 05       		.uleb128 0x5
 646 018f 03       		.byte	0x3
 647 0190 00000000 		.4byte	ConsolePort_4_RegD0_backup
 648 0194 10       		.uleb128 0x10
 649 0195 3D010000 		.4byte	.LASF25
 650 0199 03       		.byte	0x3
 651 019a 43       		.byte	0x43
 652 019b 10       		.uleb128 0x10
 653 019c 25000000 		.4byte	.LASF26
 654 01a0 03       		.byte	0x3
 655 01a1 45       		.byte	0x45
 656 01a2 00       		.byte	0
 657              		.section	.debug_abbrev,"",%progbits
 658              	.Ldebug_abbrev0:
 659 0000 01       		.uleb128 0x1
 660 0001 11       		.uleb128 0x11
 661 0002 01       		.byte	0x1
 662 0003 25       		.uleb128 0x25
 663 0004 0E       		.uleb128 0xe
 664 0005 13       		.uleb128 0x13
 665 0006 0B       		.uleb128 0xb
 666 0007 03       		.uleb128 0x3
 667 0008 0E       		.uleb128 0xe
 668 0009 1B       		.uleb128 0x1b
 669 000a 0E       		.uleb128 0xe
 670 000b 55       		.uleb128 0x55
 671 000c 17       		.uleb128 0x17
 672 000d 11       		.uleb128 0x11
 673 000e 01       		.uleb128 0x1
 674 000f 10       		.uleb128 0x10
 675 0010 17       		.uleb128 0x17
 676 0011 00       		.byte	0
 677 0012 00       		.byte	0
 678 0013 02       		.uleb128 0x2
 679 0014 24       		.uleb128 0x24
 680 0015 00       		.byte	0
 681 0016 0B       		.uleb128 0xb
 682 0017 0B       		.uleb128 0xb
 683 0018 3E       		.uleb128 0x3e
 684 0019 0B       		.uleb128 0xb
 685 001a 03       		.uleb128 0x3
 686 001b 0E       		.uleb128 0xe
 687 001c 00       		.byte	0
 688 001d 00       		.byte	0
 689 001e 03       		.uleb128 0x3
 690 001f 24       		.uleb128 0x24
 691 0020 00       		.byte	0
 692 0021 0B       		.uleb128 0xb
 693 0022 0B       		.uleb128 0xb
 694 0023 3E       		.uleb128 0x3e
 695 0024 0B       		.uleb128 0xb
ARM GAS  C:\Users\Thomas\AppData\Local\Temp\cccFSyXa.s 			page 30


 696 0025 03       		.uleb128 0x3
 697 0026 08       		.uleb128 0x8
 698 0027 00       		.byte	0
 699 0028 00       		.byte	0
 700 0029 04       		.uleb128 0x4
 701 002a 16       		.uleb128 0x16
 702 002b 00       		.byte	0
 703 002c 03       		.uleb128 0x3
 704 002d 0E       		.uleb128 0xe
 705 002e 3A       		.uleb128 0x3a
 706 002f 0B       		.uleb128 0xb
 707 0030 3B       		.uleb128 0x3b
 708 0031 05       		.uleb128 0x5
 709 0032 49       		.uleb128 0x49
 710 0033 13       		.uleb128 0x13
 711 0034 00       		.byte	0
 712 0035 00       		.byte	0
 713 0036 05       		.uleb128 0x5
 714 0037 35       		.uleb128 0x35
 715 0038 00       		.byte	0
 716 0039 49       		.uleb128 0x49
 717 003a 13       		.uleb128 0x13
 718 003b 00       		.byte	0
 719 003c 00       		.byte	0
 720 003d 06       		.uleb128 0x6
 721 003e 13       		.uleb128 0x13
 722 003f 01       		.byte	0x1
 723 0040 0B       		.uleb128 0xb
 724 0041 0B       		.uleb128 0xb
 725 0042 3A       		.uleb128 0x3a
 726 0043 0B       		.uleb128 0xb
 727 0044 3B       		.uleb128 0x3b
 728 0045 0B       		.uleb128 0xb
 729 0046 01       		.uleb128 0x1
 730 0047 13       		.uleb128 0x13
 731 0048 00       		.byte	0
 732 0049 00       		.byte	0
 733 004a 07       		.uleb128 0x7
 734 004b 0D       		.uleb128 0xd
 735 004c 00       		.byte	0
 736 004d 03       		.uleb128 0x3
 737 004e 0E       		.uleb128 0xe
 738 004f 3A       		.uleb128 0x3a
 739 0050 0B       		.uleb128 0xb
 740 0051 3B       		.uleb128 0x3b
 741 0052 0B       		.uleb128 0xb
 742 0053 49       		.uleb128 0x49
 743 0054 13       		.uleb128 0x13
 744 0055 38       		.uleb128 0x38
 745 0056 0B       		.uleb128 0xb
 746 0057 00       		.byte	0
 747 0058 00       		.byte	0
 748 0059 08       		.uleb128 0x8
 749 005a 16       		.uleb128 0x16
 750 005b 00       		.byte	0
 751 005c 03       		.uleb128 0x3
 752 005d 0E       		.uleb128 0xe
ARM GAS  C:\Users\Thomas\AppData\Local\Temp\cccFSyXa.s 			page 31


 753 005e 3A       		.uleb128 0x3a
 754 005f 0B       		.uleb128 0xb
 755 0060 3B       		.uleb128 0x3b
 756 0061 0B       		.uleb128 0xb
 757 0062 49       		.uleb128 0x49
 758 0063 13       		.uleb128 0x13
 759 0064 00       		.byte	0
 760 0065 00       		.byte	0
 761 0066 09       		.uleb128 0x9
 762 0067 2E       		.uleb128 0x2e
 763 0068 00       		.byte	0
 764 0069 3F       		.uleb128 0x3f
 765 006a 19       		.uleb128 0x19
 766 006b 03       		.uleb128 0x3
 767 006c 0E       		.uleb128 0xe
 768 006d 3A       		.uleb128 0x3a
 769 006e 0B       		.uleb128 0xb
 770 006f 3B       		.uleb128 0x3b
 771 0070 0B       		.uleb128 0xb
 772 0071 27       		.uleb128 0x27
 773 0072 19       		.uleb128 0x19
 774 0073 20       		.uleb128 0x20
 775 0074 0B       		.uleb128 0xb
 776 0075 00       		.byte	0
 777 0076 00       		.byte	0
 778 0077 0A       		.uleb128 0xa
 779 0078 2E       		.uleb128 0x2e
 780 0079 00       		.byte	0
 781 007a 31       		.uleb128 0x31
 782 007b 13       		.uleb128 0x13
 783 007c 11       		.uleb128 0x11
 784 007d 01       		.uleb128 0x1
 785 007e 12       		.uleb128 0x12
 786 007f 06       		.uleb128 0x6
 787 0080 40       		.uleb128 0x40
 788 0081 18       		.uleb128 0x18
 789 0082 9742     		.uleb128 0x2117
 790 0084 19       		.uleb128 0x19
 791 0085 00       		.byte	0
 792 0086 00       		.byte	0
 793 0087 0B       		.uleb128 0xb
 794 0088 2E       		.uleb128 0x2e
 795 0089 01       		.byte	0x1
 796 008a 3F       		.uleb128 0x3f
 797 008b 19       		.uleb128 0x19
 798 008c 03       		.uleb128 0x3
 799 008d 0E       		.uleb128 0xe
 800 008e 3A       		.uleb128 0x3a
 801 008f 0B       		.uleb128 0xb
 802 0090 3B       		.uleb128 0x3b
 803 0091 0B       		.uleb128 0xb
 804 0092 27       		.uleb128 0x27
 805 0093 19       		.uleb128 0x19
 806 0094 11       		.uleb128 0x11
 807 0095 01       		.uleb128 0x1
 808 0096 12       		.uleb128 0x12
 809 0097 06       		.uleb128 0x6
ARM GAS  C:\Users\Thomas\AppData\Local\Temp\cccFSyXa.s 			page 32


 810 0098 40       		.uleb128 0x40
 811 0099 18       		.uleb128 0x18
 812 009a 9742     		.uleb128 0x2117
 813 009c 19       		.uleb128 0x19
 814 009d 01       		.uleb128 0x1
 815 009e 13       		.uleb128 0x13
 816 009f 00       		.byte	0
 817 00a0 00       		.byte	0
 818 00a1 0C       		.uleb128 0xc
 819 00a2 1D       		.uleb128 0x1d
 820 00a3 00       		.byte	0
 821 00a4 31       		.uleb128 0x31
 822 00a5 13       		.uleb128 0x13
 823 00a6 11       		.uleb128 0x11
 824 00a7 01       		.uleb128 0x1
 825 00a8 12       		.uleb128 0x12
 826 00a9 06       		.uleb128 0x6
 827 00aa 58       		.uleb128 0x58
 828 00ab 0B       		.uleb128 0xb
 829 00ac 59       		.uleb128 0x59
 830 00ad 0B       		.uleb128 0xb
 831 00ae 00       		.byte	0
 832 00af 00       		.byte	0
 833 00b0 0D       		.uleb128 0xd
 834 00b1 898201   		.uleb128 0x4109
 835 00b4 00       		.byte	0
 836 00b5 11       		.uleb128 0x11
 837 00b6 01       		.uleb128 0x1
 838 00b7 31       		.uleb128 0x31
 839 00b8 13       		.uleb128 0x13
 840 00b9 00       		.byte	0
 841 00ba 00       		.byte	0
 842 00bb 0E       		.uleb128 0xe
 843 00bc 898201   		.uleb128 0x4109
 844 00bf 00       		.byte	0
 845 00c0 11       		.uleb128 0x11
 846 00c1 01       		.uleb128 0x1
 847 00c2 9542     		.uleb128 0x2115
 848 00c4 19       		.uleb128 0x19
 849 00c5 31       		.uleb128 0x31
 850 00c6 13       		.uleb128 0x13
 851 00c7 00       		.byte	0
 852 00c8 00       		.byte	0
 853 00c9 0F       		.uleb128 0xf
 854 00ca 34       		.uleb128 0x34
 855 00cb 00       		.byte	0
 856 00cc 03       		.uleb128 0x3
 857 00cd 0E       		.uleb128 0xe
 858 00ce 3A       		.uleb128 0x3a
 859 00cf 0B       		.uleb128 0xb
 860 00d0 3B       		.uleb128 0x3b
 861 00d1 0B       		.uleb128 0xb
 862 00d2 49       		.uleb128 0x49
 863 00d3 13       		.uleb128 0x13
 864 00d4 02       		.uleb128 0x2
 865 00d5 18       		.uleb128 0x18
 866 00d6 00       		.byte	0
ARM GAS  C:\Users\Thomas\AppData\Local\Temp\cccFSyXa.s 			page 33


 867 00d7 00       		.byte	0
 868 00d8 10       		.uleb128 0x10
 869 00d9 2E       		.uleb128 0x2e
 870 00da 00       		.byte	0
 871 00db 3F       		.uleb128 0x3f
 872 00dc 19       		.uleb128 0x19
 873 00dd 03       		.uleb128 0x3
 874 00de 0E       		.uleb128 0xe
 875 00df 3A       		.uleb128 0x3a
 876 00e0 0B       		.uleb128 0xb
 877 00e1 3B       		.uleb128 0x3b
 878 00e2 0B       		.uleb128 0xb
 879 00e3 27       		.uleb128 0x27
 880 00e4 19       		.uleb128 0x19
 881 00e5 3C       		.uleb128 0x3c
 882 00e6 19       		.uleb128 0x19
 883 00e7 00       		.byte	0
 884 00e8 00       		.byte	0
 885 00e9 00       		.byte	0
 886              		.section	.debug_aranges,"",%progbits
 887 0000 34000000 		.4byte	0x34
 888 0004 0200     		.2byte	0x2
 889 0006 00000000 		.4byte	.Ldebug_info0
 890 000a 04       		.byte	0x4
 891 000b 00       		.byte	0
 892 000c 0000     		.2byte	0
 893 000e 0000     		.2byte	0
 894 0010 00000000 		.4byte	.LFB0
 895 0014 1C000000 		.4byte	.LFE0-.LFB0
 896 0018 00000000 		.4byte	.LFB1
 897 001c 1C000000 		.4byte	.LFE1-.LFB1
 898 0020 00000000 		.4byte	.LFB2
 899 0024 30000000 		.4byte	.LFE2-.LFB2
 900 0028 00000000 		.4byte	.LFB3
 901 002c 30000000 		.4byte	.LFE3-.LFB3
 902 0030 00000000 		.4byte	0
 903 0034 00000000 		.4byte	0
 904              		.section	.debug_ranges,"",%progbits
 905              	.Ldebug_ranges0:
 906 0000 00000000 		.4byte	.LFB0
 907 0004 1C000000 		.4byte	.LFE0
 908 0008 00000000 		.4byte	.LFB1
 909 000c 1C000000 		.4byte	.LFE1
 910 0010 00000000 		.4byte	.LFB2
 911 0014 30000000 		.4byte	.LFE2
 912 0018 00000000 		.4byte	.LFB3
 913 001c 30000000 		.4byte	.LFE3
 914 0020 00000000 		.4byte	0
 915 0024 00000000 		.4byte	0
 916              		.section	.debug_line,"",%progbits
 917              	.Ldebug_line0:
 918 0000 D4000000 		.section	.debug_str,"MS",%progbits,1
 918      02006E00 
 918      00000201 
 918      FB0E0D00 
 918      01010101 
 919              	.LASF15:
ARM GAS  C:\Users\Thomas\AppData\Local\Temp\cccFSyXa.s 			page 34


 920 0000 72656731 		.ascii	"reg16\000"
 920      3600
 921              	.LASF3:
 922 0006 73686F72 		.ascii	"short unsigned int\000"
 922      7420756E 
 922      7369676E 
 922      65642069 
 922      6E7400
 923              	.LASF19:
 924 0019 73617665 		.ascii	"saveSrA1Reg\000"
 924      53724131 
 924      52656700 
 925              	.LASF26:
 926 0025 436F6E73 		.ascii	"ConsolePort_4_RegD0_Enable\000"
 926      6F6C6550 
 926      6F72745F 
 926      345F5265 
 926      6744305F 
 927              	.LASF11:
 928 0040 666C6F61 		.ascii	"float\000"
 928      7400
 929              	.LASF20:
 930 0046 436F6E73 		.ascii	"ConsolePort_4_RegD0_BACKUP_STRUCT\000"
 930      6F6C6550 
 930      6F72745F 
 930      345F5265 
 930      6744305F 
 931              	.LASF1:
 932 0068 756E7369 		.ascii	"unsigned char\000"
 932      676E6564 
 932      20636861 
 932      7200
 933              	.LASF14:
 934 0076 72656738 		.ascii	"reg8\000"
 934      00
 935              	.LASF5:
 936 007b 6C6F6E67 		.ascii	"long unsigned int\000"
 936      20756E73 
 936      69676E65 
 936      6420696E 
 936      7400
 937              	.LASF9:
 938 008d 75696E74 		.ascii	"uint8\000"
 938      3800
 939              	.LASF22:
 940 0093 436F6E73 		.ascii	"ConsolePort_4_RegD0_RestoreConfig\000"
 940      6F6C6550 
 940      6F72745F 
 940      345F5265 
 940      6744305F 
 941              	.LASF12:
 942 00b5 646F7562 		.ascii	"double\000"
 942      6C6500
 943              	.LASF29:
 944 00bc 433A5C55 		.ascii	"C:\\Users\\Thomas\\Documents\\PSoC Creator\\TASBot\\"
 944      73657273 
 944      5C54686F 
ARM GAS  C:\Users\Thomas\AppData\Local\Temp\cccFSyXa.s 			page 35


 944      6D61735C 
 944      446F6375 
 945 00ea 54415342 		.ascii	"TASBot.cydsn\000"
 945      6F742E63 
 945      7964736E 
 945      00
 946              	.LASF10:
 947 00f7 75696E74 		.ascii	"uint16\000"
 947      313600
 948              	.LASF30:
 949 00fe 436F6E73 		.ascii	"ConsolePort_4_RegD0_backup\000"
 949      6F6C6550 
 949      6F72745F 
 949      345F5265 
 949      6744305F 
 950              	.LASF8:
 951 0119 756E7369 		.ascii	"unsigned int\000"
 951      676E6564 
 951      20696E74 
 951      00
 952              	.LASF7:
 953 0126 6C6F6E67 		.ascii	"long long unsigned int\000"
 953      206C6F6E 
 953      6720756E 
 953      7369676E 
 953      65642069 
 954              	.LASF25:
 955 013d 436F6E73 		.ascii	"ConsolePort_4_RegD0_Stop\000"
 955      6F6C6550 
 955      6F72745F 
 955      345F5265 
 955      6744305F 
 956              	.LASF16:
 957 0156 73697A65 		.ascii	"sizetype\000"
 957      74797065 
 957      00
 958              	.LASF6:
 959 015f 6C6F6E67 		.ascii	"long long int\000"
 959      206C6F6E 
 959      6720696E 
 959      7400
 960              	.LASF27:
 961 016d 474E5520 		.ascii	"GNU C 4.9.3 20150303 (release) [ARM/embedded-4_9-br"
 961      4320342E 
 961      392E3320 
 961      32303135 
 961      30333033 
 962 01a0 616E6368 		.ascii	"anch revision 221220] -mcpu=cortex-m3 -mthumb -g -O"
 962      20726576 
 962      6973696F 
 962      6E203232 
 962      31323230 
 963 01d3 33202D66 		.ascii	"3 -ffunction-sections -finline-functions -flto -ffa"
 963      66756E63 
 963      74696F6E 
 963      2D736563 
 963      74696F6E 
ARM GAS  C:\Users\Thomas\AppData\Local\Temp\cccFSyXa.s 			page 36


 964 0206 742D6C74 		.ascii	"t-lto-objects\000"
 964      6F2D6F62 
 964      6A656374 
 964      7300
 965              	.LASF13:
 966 0214 63686172 		.ascii	"char\000"
 966      00
 967              	.LASF24:
 968 0219 436F6E73 		.ascii	"ConsolePort_4_RegD0_Wakeup\000"
 968      6F6C6550 
 968      6F72745F 
 968      345F5265 
 968      6744305F 
 969              	.LASF2:
 970 0234 73686F72 		.ascii	"short int\000"
 970      7420696E 
 970      7400
 971              	.LASF28:
 972 023e 2E5C4765 		.ascii	".\\Generated_Source\\PSoC5\\ConsolePort_4_RegD0_PM."
 972      6E657261 
 972      7465645F 
 972      536F7572 
 972      63655C50 
 973 026e 6300     		.ascii	"c\000"
 974              	.LASF21:
 975 0270 436F6E73 		.ascii	"ConsolePort_4_RegD0_SaveConfig\000"
 975      6F6C6550 
 975      6F72745F 
 975      345F5265 
 975      6744305F 
 976              	.LASF23:
 977 028f 436F6E73 		.ascii	"ConsolePort_4_RegD0_Sleep\000"
 977      6F6C6550 
 977      6F72745F 
 977      345F5265 
 977      6744305F 
 978              	.LASF4:
 979 02a9 6C6F6E67 		.ascii	"long int\000"
 979      20696E74 
 979      00
 980              	.LASF17:
 981 02b2 656E6162 		.ascii	"enableState\000"
 981      6C655374 
 981      61746500 
 982              	.LASF0:
 983 02be 7369676E 		.ascii	"signed char\000"
 983      65642063 
 983      68617200 
 984              	.LASF18:
 985 02ca 73617665 		.ascii	"saveSrA0Reg\000"
 985      53724130 
 985      52656700 
 986              		.comm	__gnu_lto_v1,1,1
 987              		.ident	"GCC: (GNU Tools for ARM Embedded Processors) 4.9.3 20150303 (release) [ARM/embedded-4_9-br
