ARM GAS  C:\Users\Thomas\AppData\Local\Temp\cc4nKsVY.s 			page 1


   1              		.syntax unified
   2              		.cpu cortex-m3
   3              		.fpu softvfp
   4              		.eabi_attribute 20, 1
   5              		.eabi_attribute 21, 1
   6              		.eabi_attribute 23, 3
   7              		.eabi_attribute 24, 1
   8              		.eabi_attribute 25, 1
   9              		.eabi_attribute 26, 1
  10              		.eabi_attribute 30, 2
  11              		.eabi_attribute 34, 1
  12              		.eabi_attribute 18, 4
  13              		.thumb
  14              		.file	"ConsolePort_2_WinTimer_PM.c"
  15              		.text
  16              	.Ltext0:
  17              		.section	.gnu.lto_.profile.be9c68c0,"",%progbits
  18 0000 789C6366 		.ascii	"x\234cf```a\200\000F\206\034\005\000\001l\000\225"
  18      60606061 
  18      80004686 
  18      1C050001 
  18      6C0095
  19              		.text
  20              		.section	.gnu.lto_.jmpfuncs.be9c68c0,"",%progbits
  21 0000 789C6366 		.ascii	"x\234cf\300\016\244\2404\013\230db``\004#f\204\030\000"
  21      C00EA4A0 
  21      340B9864 
  21      62606004 
  21      23668418 
  22 0015 0544002D 		.ascii	"\005D\000-"
  23              		.text
  24              		.section	.gnu.lto_.inline.be9c68c0,"",%progbits
  25 0000 789C6366 		.ascii	"x\234cf\300\016\252\2404\013\003\003\267\014#\003\023"
  25      C00EAAA0 
  25      340B0303 
  25      B70C2303 
  25      13
  26 0011 C7013B06 		.ascii	"\307\001;\006\266\005\362L 1&n8\201]\222q\202\037\224"
  26      B605F24C 
  26      2031266E 
  26      38815D92 
  26      71821F94 
  27 0025 6266E092 		.ascii	"bf\340\222\002*\340\332\207P\300\310\005#X\0308\004"
  27      022AE0DA 
  27      8750C0C8 
  27      05235818 
  27      3804
  28 0037 81926C1F 		.ascii	"\201\222l\037\364\260H2\000\000\321n\012\222"
  28      F4B04832 
  28      0000D16E 
  28      0A92
  29              		.text
  30              		.section	.gnu.lto_.pureconst.be9c68c0,"",%progbits
  31 0000 789C6366 		.ascii	"x\234cf``\340d\200\000\026\006)&)f)\026\011\000\002"
  31      6060E064 
  31      80001606 
  31      29262966 
ARM GAS  C:\Users\Thomas\AppData\Local\Temp\cc4nKsVY.s 			page 2


  31      29160900 
  32 0015 CF0080   		.ascii	"\317\000\200"
  33              		.text
  34              		.section	.gnu.lto_ConsolePort_2_WinTimer_SaveConfig.be9c68c0,"",%progbits
  35 0000 789C9592 		.ascii	"x\234\225\222\277K#A\024\307\347;\353\346\366\022\341"
  35      BF4B2341 
  35      14C7E73B 
  35      EBE6F612 
  35      E1
  36 0011 C432FF80 		.ascii	"\3042\377\200\225)\016\305\312\312\342\252;\002\012"
  36      95290EC5 
  36      CACAE2AA 
  36      3B020A
  37 0020 071208A2 		.ascii	"\007\022\010\242+\010\232\205\250epWS\210\205\312U\202"
  37      2B089A85 
  37      A8657057 
  37      538885CA 
  37      5582
  38 0032 5E488A43 		.ascii	"^H\212Cc4j\342\217JXE\013\021<\016\013\361\007\332D"
  38      63346AE2 
  38      8F4A5845 
  38      0B113C0E 
  38      0BF107DA 
  39 0047 D0CE1850 		.ascii	"\320\316\030P\202\250\367\336ne<\017\\\230\231\235\231"
  39      82A8F7DE 
  39      6E653C0F 
  39      5C98999D 
  39      99
  40 0058 EFBCEFE7 		.ascii	"\357\274\357\347\275\031E\274\376\374\324\272\245\020"
  40      BD1945BC 
  40      FEFCD4BA 
  40      A510
  41 0066 4D344211 		.ascii	"M4B\021\220\223\007BX\232\004\370G@\014I\014\341Z\026"
  41      90930742 
  41      589A04F8 
  41      47400C49 
  41      0CE15A16 
  42 007a 2526EDCC 		.ascii	"%&\355\314\224\257\356\227i\2327\271}+h\243L\347J\322"
  42      94AFEE97 
  42      699A37B9 
  42      7D2B68A3 
  42      4CE74AD2 
  43 008e 8D8359D4 		.ascii	"\215\203Y\324\011\022\025\343\217G>O\234D5\356\036\346"
  43      091215E3 
  43      8F473E4F 
  43      9C4435EE 
  43      1EE6
  44 00a0 E0018D4B 		.ascii	"\340\001\215K\265\266\371\374\234\317n\335\300\253\210"
  44      B5B6F9FC 
  44      9CCF6EDD 
  44      C0AB88
  45 00af B2844A9D 		.ascii	"\262\204J\235\324\270\023\242@\215\375.iB\243r\206\021"
  45      D4B813A2 
  45      408DFD2E 
  45      6942A372 
  45      8611
  46 00c1 7B33ADF0 		.ascii	"{3\255\360\331{\251P\330\304\341xV\306\036\314QS+K\245"
ARM GAS  C:\Users\Thomas\AppData\Local\Temp\cc4nKsVY.s 			page 3


  46      D97BA950 
  46      D8C4E178 
  46      56C61ECC 
  46      51532B4B 
  47 00d6 242922D2 		.ascii	"$)\"\322\210\321\351*q\202\341\037\251\006\326V\012"
  47      88D1E92A 
  47      7182E11F 
  47      A906D656 
  47      0A
  48 00e7 D54726A0 		.ascii	"\325G&\240\325\213\302\357?\332\225\244\025g:g\305g"
  48      D58BC2EF 
  48      3FDA95A4 
  48      15673A67 
  48      C567
  49 00f9 F013D396 		.ascii	"\360\023\323\226\311*\017\346\021C\006~g\357ia\"\347"
  49      C92A0FE6 
  49      1143067E 
  49      67EF6961 
  49      22E7
  50 010b A9CF5002 		.ascii	"\251\317P\002\366\267\262\374\200\005\022\336:Ib\021"
  50      F6B7B2FC 
  50      800512DE 
  50      3A496211 
  51 011b F544437E 		.ascii	"\365DC~\333wcO\273\237\\:\225+\223J&}\034^\033\331\263"
  51      DB77634F 
  51      BB9F5C3A 
  51      952B934A 
  51      267D1C5E 
  52 0132 CCAA178E 		.ascii	"\314\252\027\216\232\023\365\370\366,\341e\3078U\355"
  52      9A13F5F8 
  52      F62CE165 
  52      C73855ED 
  53 0142 23B2F063 		.ascii	"#\262\360c\211\015\261L\341\335\014\232\377\233A%\362"
  53      890DB14C 
  53      E1DD0C9A 
  53      FF9B4125 
  53      F2
  54 0153 CA9BC85E 		.ascii	"\312\233\310^\344\034d.:\362\214\254\012\256\347i\272"
  54      E41C642E 
  54      3AF28CAC 
  54      0AAEE769 
  54      BA
  55 0164 DA25D62A 		.ascii	"\332%\326*M|%\276\003\254:\365\254viv\360.\234\265\177"
  55      4D7C25BE 
  55      03AC3AF5 
  55      AC766976 
  55      F02E9CB5 
  56 0179 E3B433CE 		.ascii	"\343\2643\316\272\203\343\274\205\015\306\321\3049,"
  56      BA83E3BC 
  56      850DC6D1 
  56      C4392C
  57 0188 BBA8B201 		.ascii	"\273\250\262\001\327\265@\250t\351$h\014\204\276\350"
  57      D7B540A8 
  57      74E92468 
  57      0C84BEE8 
  58 0198 113DDA31 		.ascii	"\021=\3321\240w\205[\215\301h\247\036\012\266\032-\215"
  58      A077855B 
ARM GAS  C:\Users\Thomas\AppData\Local\Temp\cc4nKsVY.s 			page 4


  58      8DC168A7 
  58      1E0AB61A 
  58      2D8D
  59 01aa A11623D2 		.ascii	"\241\026#\322o\364\352A#:\020\376\034\376\336\023i\353"
  59      6FF4EA41 
  59      233A10FE 
  59      1CFEDE13 
  59      69EB
  60 01bc E9D3A3E1 		.ascii	"\351\323\243\341\340\327@\247\370\013\310\375\355\256"
  60      E0D740A7 
  60      F80BC8FD 
  60      EDAE
  61              		.text
  62              		.section	.gnu.lto_ConsolePort_2_WinTimer_RestoreConfig.be9c68c0,"",%progbits
  63 0000 789C8D91 		.ascii	"x\234\215\221=K\034Q\024\206\317{f\234\214\256EHe\366"
  63      3D4B1C51 
  63      1486CF7B 
  63      669C8CAE 
  63      454865F6 
  64 0014 0F5804B7 		.ascii	"\017X\004\2670\210?@0\225\260`H\232\205Et\012!\331\201"
  64      30883F40 
  64      3095B060 
  64      489A8545 
  64      740A21D9 
  65 0029 D5948B33 		.ascii	"\325\224\2133\272B\252D\255\002I\304-BL\374v\023\323"
  65      BA42AA44 
  65      AD0249C4 
  65      2D424CFC 
  65      7613D3
  66 003c 2EE9D228 		.ascii	".\351\322(~\004Q\226\330(h\347\272\205\014b\364\234"
  66      7E045196 
  66      D82868E7 
  66      BA850C62 
  66      F49C
  67 004e BB69E247 		.ascii	"\273i\342G\310\300\275g\356\275\357=\357s\317\261\350"
  67      C8C0BD67 
  67      EEBDEF3D 
  67      EF73CFB1 
  67      E8
  68 005f FA1797F1 		.ascii	"\372\027\227\361\204\211\332%\302\"\360\330*Q\3502\240"
  68      8489DA25 
  68      C222F0D8 
  68      2A51E832 
  68      A0
  69 0070 3F041A62 		.ascii	"?\004\032b\014\341\210+\214\261\322\314\233X\363\207"
  69      0CE1882B 
  69      8CB1D2CC 
  69      9B58F387 
  70 0080 20088E37 		.ascii	" \010\2167\212M\243M\221\\\253r-\015>\242\231DS\311"
  70      8A4DA34D 
  70      915CAB72 
  70      2D0D3EA2 
  70      994453C9 
  71 0094 9F6FC79C 		.ascii	"\237o\307\234\274h\356\326\3160\015\007\022\027\356"
  71      BC68EED6 
  71      CE300D07 
  71      1217EE
ARM GAS  C:\Users\Thomas\AppData\Local\Temp\cc4nKsVY.s 			page 5


  72 00a3 95828B8B 		.ascii	"\225\202\213\213\342\332\370a\002.S\304\260ebG'\242"
  72      E2DAF861 
  72      022E53C4 
  72      B0656247 
  72      27A2
  73 00b5 7D19EA77 		.ascii	"}\031\352w \013\211\326.\206W*[\343\226\336>e5\237\334"
  73      200B89D6 
  73      2E86572A 
  73      5BE396DE 
  73      3E65359F 
  74 00ca 7C35CFB9 		.ascii	"|5\317\271\263\340e\340Fl\235kj\331\335\333_[w\017Y"
  74      B3E065E0 
  74      466C9D6B 
  74      6AD9DDDB 
  74      5F5B770F 
  75 00df 76CC723A 		.ascii	"v\314r:\314\277\303{\274\015\003U\331\370\204\034>#"
  75      CCBFC37B 
  75      BC0D0355 
  75      D9F8841C 
  75      3E23
  76 00f1 6ECE7ECF 		.ascii	"n\316~\317\276^vZ\036D\\\207\031\321\234\030p\314\242"
  76      BE5E765A 
  76      1E445C87 
  76      19D19C18 
  76      70CCA2
  77 0104 85CAB0D5 		.ascii	"\205\312\260\325\207\256\2728U\026r\314!G\302\020\361"
  77      87AEBA38 
  77      551672CC 
  77      2147C210 
  77      F1
  78 0115 1D52ACA5 		.ascii	"\035R\254\245\237\205\2075,\373V\254\253\034\3637q\270"
  78      9F858735 
  78      2CFB56AC 
  78      AB1CF337 
  78      71B8
  79 0127 58301C5A 		.ascii	"X0\034Z\035,\012\307.\276O\024\022\232[\213]\230\232"
  79      1D2C0AC7 
  79      2EBE4F14 
  79      129A5B8B 
  79      5D989A
  80 013a 8AE9CBEA 		.ascii	"\212\351\313\352G~\204\201\375\327c\353M\242\235\223"
  80      477E8481 
  80      FDD763EB 
  80      4DA29D93 
  81 014a F264839A 		.ascii	"\362d\203\232\344\303\322\375\210\033\260\2048\226\325"
  81      E4C3D2FD 
  81      881BB084 
  81      3896D5
  82 0159 0545492C 		.ascii	"\005EI,|5\336\362\372\2372:\377\315\373\345f\336\257"
  82      7C35DEF2 
  82      FA9F323A 
  82      FFCDFBE5 
  82      66DEAF
  83 016c 86D77475 		.ascii	"\206\327tu\345\037u\213UU\203o\246nN\304\215\364\013"
  83      E51F758B 
  83      5555836F 
  83      A66E4EC4 
ARM GAS  C:\Users\Thomas\AppData\Local\Temp\cc4nKsVY.s 			page 6


  83      8DF40B
  84 017f 61E9B4D3 		.ascii	"a\351\264\323\210I\233\015m\262h\332\022\251G^\306\313"
  84      88499B0D 
  84      6DB268DA 
  84      12A9475E 
  84      C6CB
  85 0191 F60C7A7D 		.ascii	"\366\014z}\351n\377E\266\327K%\273\375\216\266T\207"
  85      E96EFF45 
  85      B6D74B25 
  85      BBFD8EB6 
  85      5487
  86 01a3 9F19F09F 		.ascii	"\237\031\360\237yI?;\230nM?\355\317<\356\177\356e\323"
  86      79493F3B 
  86      986E4D3F 
  86      EDCF3CEE 
  86      7FEE65D3 
  87 01b7 C9AE442F 		.ascii	"\311\256D/]\002\310\271\342."
  87      5D02C8B9 
  87      E22E
  88              		.text
  89              		.section	.gnu.lto_ConsolePort_2_WinTimer_Sleep.be9c68c0,"",%progbits
  90 0000 789C8592 		.ascii	"x\234\205\222OHTQ\024\306\317w\336\277QC\243\225\270"
  90      4F485451 
  90      14C6CF77 
  90      DEBF5143 
  90      A395B8
  91 0013 6CE34A17 		.ascii	"l\343J\027\201\264\012\027.\202 \0300\010b`\010{\013"
  91      81B40A17 
  91      2E822018 
  91      30086260 
  91      087B0B
  92 0026 A1E6C564 		.ascii	"\241\346\305d\313\301\373f^\024-j\304\315P\351\256\232"
  92      CBC1FB66 
  92      5E142D6A 
  92      C4CD50E9 
  92      AE9A
  93 0038 1C53B3B2 		.ascii	"\034S\263\262U0\265\261 \012\211\012$\254\205\366g7"
  93      5530B5B1 
  93      200A890A 
  93      24AC85F6 
  93      6737
  94 004a 3691BE4A 		.ascii	"6\221\276J\247s\337L%F\365\340\276{\357\271\277\373"
  94      A773DF4C 
  94      2546F5E0 
  94      BE7BEFB9 
  94      BFFB
  95 005c 7DDFBBF7 		.ascii	"}\337\273\367\031\364\347\263O\332I&\332+=l\002\347"
  95      19F4E7B3 
  95      4FDA4926 
  95      DA2B3D6C 
  95      02E7
  96 006e 9F12F931 		.ascii	"\237\022\3711fc\275\225T\263Y\350%\265\303\200U/\233"
  96      6663BD95 
  96      54B359E8 
  96      25B5C380 
  96      552F9B
  97 0081 3F0716A0 		.ascii	"?\007\026\240\007\004\032f\303\2640\214\217\274\312"
ARM GAS  C:\Users\Thomas\AppData\Local\Temp\cc4nKsVY.s 			page 7


  97      07041A66 
  97      C3B4308C 
  97      8FBCCA
  98 0090 C8974B85 		.ascii	"\310\227K\205\226\316\253J\251J\366~\373\231\366P\224"
  98      96CEAB4A 
  98      A94AF67E 
  98      FB99F650 
  98      94
  99 00a1 AB5C77C2 		.ascii	"\253\\w\302ut\2220\253\301\306\253\026;\020fg}\015E"
  99      75749230 
  99      ABC1C6AB 
  99      163B1066 
  99      677D0D45 
 100 00b5 D8907E7A 		.ascii	"\330\220~zWY\325j\325\317#\305\335\334dP\3100\345%\304"
 100      5759D56A 
 100      D5CF23C5 
 100      DDDC6450 
 100      C830E525 
 101 00ca B234EDB6 		.ascii	"\2624\355\266\"\023\351\215E<\374r\376\335\370K\350"
 101      2213E98D 
 101      453CFC72 
 101      FEDDF84B 
 101      E8
 102 00db 9D6B6C88 		.ascii	"\235kl\210h\356\355\334c\347\003\207lT\037\371\312\324"
 102      68EEEDDC 
 102      63E70387 
 102      6C541FF9 
 102      CAD4
 103 00ed 3E6F969F 		.ascii	">o\226\237-\304\242\022\351\351\304\327\371\367\316"
 103      2DC4A212 
 103      E9E9C4D7 
 103      F9F7CE
 104 00fc 182EFB01 		.ascii	"\030.\373\001B6q\003\035\230@\207\270\2270\006ZDv\351"
 104      42367103 
 104      1D984087 
 104      B8973006 
 104      5A4476E9 
 105 0110 EC77AB2E 		.ascii	"\354w\253.h\212&\275@\360$\227j\024\266\312I\030L\352"
 105      688A26BD 
 105      40F02497 
 105      6A14B6CA 
 105      49184CEA 
 106 0124 9DA41319 		.ascii	"\235\244\023\031\264\336*\201\262\225\312\332\2036M"
 106      B4DE2A81 
 106      B295CADA 
 106      83364D
 107 0133 0B3AFEFC 		.ascii	"\013:\376\374\302\024g\276\251s*\026\262\265\241\277"
 107      C21467BE 
 107      A9732A16 
 107      B2B5A1BF 
 108 0143 71AB8015 		.ascii	"q\253\200\025M\213~p\005:\217\322\224\215\233\310`J"
 108      4D8B7E70 
 108      053A8FD2 
 108      948D9BC8 
 108      604A
 109 0155 CBCADAE6 		.ascii	"\313\312\332\346\344\305Y\273\253$GT>\022\262\203i\001"
 109      E4C559BB 
ARM GAS  C:\Users\Thomas\AppData\Local\Temp\cc4nKsVY.s 			page 8


 109      AB244754 
 109      3E12B283 
 109      6901
 110 0167 3F45C788 		.ascii	"?E\307\210\031t\011\260p\351Z\256Mk9 \334\212\302\254"
 110      197409B0 
 110      70E95AAE 
 110      4D6B3920 
 110      DC8AC2AC 
 111 017b B04985DE 		.ascii	"\260I\205\336(\312\314\346\177\242l\367\236\375\207"
 111      28CACCE6 
 111      7FA26CF7 
 111      9EFD87
 112 018a F7EDDFDE 		.ascii	"\367\355\337\336w\"\357_\337\341H\351n\303\333\212."
 112      7722EF5F 
 112      DFE148E9 
 112      6EC3DB8A 
 112      2E
 113 019b E63572E5 		.ascii	"\3465r\345\332<ko\332n\036\253\262\\2\346\220\221Km"
 113      DA3C6B6F 
 113      DA6E1EAB 
 113      B25C32E6 
 113      90914B6D 
 114 01af 228DE69B 		.ascii	"\"\215\346\233\377F\3523\276\327 \227\340\227G\017D"
 114      FF46EA33 
 114      BED72097 
 114      E097470F 
 114      44
 115 01c0 24E97F01 		.ascii	"$\351\177\001\332J\200\236\356\304~7\345\246\217\016"
 115      DA4A809E 
 115      EEC47E37 
 115      E5A68F0E 
 116 01d0 B9C792FD 		.ascii	"\271\307\222\375\336\351\364\200\233\210\367{}=\211"
 116      DEE9F480 
 116      9B88F77B 
 116      7D3D89
 117 01df 3E2F75CA 		.ascii	">/u\312;\356\306\275\364PrO\362\360`\352\320\340\011"
 117      3BEEC6BD 
 117      F450724F 
 117      F2F060EA 
 117      D0E009
 118 01f2 379D8C1F 		.ascii	"7\235\214\037\354\036\240\037\\K\367q"
 118      EC1EA01F 
 118      5C4BF771 
 119              		.text
 120              		.section	.gnu.lto_ConsolePort_2_WinTimer_Wakeup.be9c68c0,"",%progbits
 121 0000 789C7550 		.ascii	"x\234uPM+DQ\030~\237\367\036\267\311(\222\205\374\001"
 121      4D2B4451 
 121      187E9FF7 
 121      1EB7C928 
 121      9285FC01 
 122 0014 0B1945B2 		.ascii	"\013\031E\262\263\261PJMQ6S\223\306](\346\326\030v\223"
 122      B3B1504A 
 122      4D513653 
 122      93C65D28 
 122      E6D61876 
 123 0029 338CB242 		.ascii	"3\214\262B\263R\214\235\214\317\211\205\365\254\250"
 123      B3528C9D 
ARM GAS  C:\Users\Thomas\AppData\Local\Temp\cc4nKsVY.s 			page 9


 123      8CCF8985 
 123      F5ACA8
 124 0038 5990348D 		.ascii	"Y\2204\215\344\243D\215\2351\013\335\3048\347\216R\344"
 124      E4A3448D 
 124      9D310BDD 
 124      C438E78E 
 124      52E4
 125 004a D4E93DE7 		.ascii	"\324\351=\3479\317G\3171\350\357\352R{\006D=j\242\206"
 125      39CF47CF 
 125      31E8EFEA 
 125      527B0644 
 125      3D6AA286 
 126 005e C02B6744 		.ascii	"\300+gDq\017\263qRO\262V\344zI\326\031\020UX\000\372"
 126      710FB371 
 126      524FB256 
 126      E47A49D6 
 126      19105558 
 127 0074 40A05936 		.ascii	"@\240Y6\004f\361\314%\306Jvw\325\333\272)\245|y\310"
 127      0466F1CC 
 127      25C64A76 
 127      77D5DBBA 
 127      29A57C79 
 128 0089 372F343B 		.ascii	"7/4;LT\346\252?\266\320J\212SJ|\024\274fBq\032\252o"
 128      4C54E6AA 
 128      3FB6D04A 
 128      8A534A7C 
 128      14BC6642 
 129 00a1 48C354B9 		.ascii	"H\303T\271\224i\314\312J\245\\H\026;\330\024\344\260"
 129      9469CCCA 
 129      4AA55C48 
 129      163BD814 
 129      E4B0
 130 00b3 021F1541 		.ascii	"\002\037\025A\347<1\353i\334`>[\312\261\226h\257\215"
 130      E73C31EB 
 130      69DC603E 
 130      5BCAB196 
 130      68AF8D
 131 00c6 CBA5038E 		.ascii	"\313\245\003\216\275\313E\351q\230\313Z\201m\304\224"
 131      BDCB45E9 
 131      7198CB5A 
 131      816DC494 
 132 00d6 D6A06BCC 		.ascii	"\326\240k\314\035\037\336&\275\232\373\306\3427[|\350"
 132      1D1FDE26 
 132      BD9AFBC6 
 132      E2375B7C 
 132      E8
 133 00e7 6C85DE3F 		.ascii	"l\205\336?\236_x\212\254\020\367\232\216'\326\221\302"
 133      9E5F788A 
 133      AC10F79A 
 133      8E27D691 
 133      C2
 134 00f8 5A5C6A56 		.ascii	"Z\\jV\015v\020\303.Z\334\267\317\275\345#\263\275\315"
 134      0D7610C3 
 134      2E5ADCB7 
 134      CFBDE523 
 134      B3BDCD
 135 010b 61137B8A 		.ascii	"a\023{\212\363\3526\303>\332)\217\304\325|\370'\352"
ARM GAS  C:\Users\Thomas\AppData\Local\Temp\cc4nKsVY.s 			page 10


 135      F3EA36C3 
 135      3EDA298F 
 135      C4D57CF8 
 135      27EA
 136 011d 34553C12 		.ascii	"4U<\022\332\024 \034h9\351\022\006\235\324\273\035\234"
 136      DA14201C 
 136      6839E912 
 136      069DD4BB 
 136      1D9C
 137 012f 5CD37F1D 		.ascii	"\\\323\177\035\224)2\337\035\264F\270\305\357\020\317"
 137      942932DF 
 137      1DB446B8 
 137      C5EF10CF 
 138 013f 56065C0D 		.ascii	"V\006\\\015\351o\201F\025\265\333\027\350\267\302Vd"
 138      E96F8146 
 138      15B5DB17 
 138      E8B7C256 
 138      64
 139 0150 346A8D05 		.ascii	"4j\215\005\207\354\351H\310\012\370\207\354\276\356"
 139      87ECE948 
 139      C80AF887 
 139      ECBEEE
 140 015f 409F1D9E 		.ascii	"@\237\035\236\262',\277\035\211\006;\203#\343\341\341"
 140      B2272CBF 
 140      1D89063B 
 140      8323E3E1 
 140      E1
 141 0170 F1492B12 		.ascii	"\361I+\022\364\017\372B\364\005^F\232w"
 141      F40FFA42 
 141      F4055E46 
 141      9A77
 142              		.text
 143              		.section	.gnu.lto_.symbol_nodes.be9c68c0,"",%progbits
 144 0000 789C55CF 		.ascii	"x\234U\317\273\015\302@\020\004\320\271\331\373\272"
 144      BB0DC240 
 144      1004D0B9 
 144      D9FBBA
 145 000f 067A1D07 		.ascii	"\006z\035\007\024@\005\310Bn\303\231c\327\000\024\202"
 145      144005C8 
 145      426EC399 
 145      63D70014 
 145      82
 146 0020 B8130E96 		.ascii	"\270\023\016\226MFo6\3315\000o\234\303 \340v\000\022"
 146      4D466F36 
 146      D935006F 
 146      9CC320E0 
 146      760012
 147 0033 EE4B4502 		.ascii	"\356KE\002\026\312H\005_\323\304?G\231w\310\212?c\236"
 147      16CA4805 
 147      5FD3C43F 
 147      479977C8 
 147      8A3F639E 
 148 0047 3B939267 		.ascii	";\223\222gU\366,*\236M\325sRs4d\254\317O\260~\332\372"
 148      55F62C2A 
 148      9E4DD573 
 148      52733464 
 148      ACCF4FB0 
ARM GAS  C:\Users\Thomas\AppData\Local\Temp\cc4nKsVY.s 			page 11


 149 005e EAC98A7D 		.ascii	"\352\311\212}\230\005\373\260\2653\373W##\361\030\373"
 149      9805FBB0 
 149      B533FB57 
 149      2323F118 
 149      FB
 150 006f 38E1BA5D 		.ascii	"8\341\272]\360\005F\023;H"
 150      F0054613 
 150      3B48
 151              		.text
 152              		.section	.gnu.lto_.refs.be9c68c0,"",%progbits
 153 0000 789C25C8 		.ascii	"x\234%\310\301\021\000 \014\204@\310E+\261\377\032\315"
 153      C1110020 
 153      0C8440C8 
 153      452BB1FF 
 153      1ACD
 154 0012 282F6603 		.ascii	"(/f\003\034~AK[wj\036GV\345\321\262\261\270\013\204"
 154      1C7E414B 
 154      5B776A1E 
 154      4756E5D1 
 154      B2B1B80B 
 155 0027 0068     		.ascii	"\000h"
 156              		.text
 157              		.section	.gnu.lto_.decls.be9c68c0,"",%progbits
 158 0000 789C9556 		.ascii	"x\234\225VkL\024W\024\236\273wY`]\300\324F\033\332\306"
 158      6B4C1457 
 158      149EBB77 
 158      59605DC0 
 158      D4461BDA 
 159 0015 2D34C45A 		.ascii	"-4\304Zc\254\211\215\377jB\032\33346Dj\373CS\262\342"
 159      63AC898D 
 159      FF6A421A 
 159      DB343644 
 159      6AFB4353 
 160 002b 54899425 		.ascii	"T\211\224%\313\322\304_\035\\A\204\252H\252\200\370"
 160      CBD2C45F 
 160      1D5C4184 
 160      AA48AA80 
 160      F8
 161 003c 580AF276 		.ascii	"X\012\362vE*\012,\"\013\012+\310\243\226B\001\221\345"
 161      452A0A2C 
 161      220B0A2B 
 161      C8A39642 
 161      0191E5
 162 004f A13C56E9 		.ascii	"\241<V\351\372\250\242\266\331\236{g\206\2351\214\246"
 162      FAA8A2B6 
 162      D99E7B67 
 162      869D318C 
 162      A6
 163 0060 939C65EE 		.ascii	"\223\234e\356\334\357~\347;\337\271w\006\3140\314-\304"
 163      DCEF7EE7 
 163      3BDFB977 
 163      06CC30CC 
 163      2DC4
 164 0072 305EB8BE 		.ascii	"0^\270\276\015d\230T\025\303\370\301\263(\306wi!*!l"
 164      0D649854 
 164      15C3F8C1 
 164      B328C677 
ARM GAS  C:\Users\Thomas\AppData\Local\Temp\cc4nKsVY.s 			page 12


 164      69212A21 
 165 0087 105510D5 		.ascii	"\020U\020\325\020\365\020W!\234\0207 \272 z \200\212"
 165      10F51057 
 165      219C1037 
 165      20BA207A 
 165      20808A
 166 009a 1963E417 		.ascii	"\031c\344\027Y\033$p\352!\226B\214C4CL@\270 \034\020"
 166      591B2470 
 166      EA219642 
 166      8C433443 
 166      4C40B820 
 167 00b0 D3109310 		.ascii	"\323\020\223\020\027!f j!0\304 \321\0101 \214+\205\334"
 167      17216620 
 167      6A2130C4 
 167      20D10831 
 167      208C2B85 
 168 00c5 F50AF96C 		.ascii	"\365\012\371l\013\344\223\346qC\264\013y\304\234\367"
 168      0BE493E6 
 168      7143B40B 
 168      79C49CF7 
 169 00d5 205A15F2 		.ascii	" Z\025\362\331\204\032\235\012\371\252\004\217\242\204"
 169      D9841A9D 
 169      0AF9AA04 
 169      8FA284
 170 00e4 5CB3125E 		.ascii	"\\\263\022^1/\311\345\201(\0238\206\005\356*\301\273"
 170      312FC9E5 
 170      81281338 
 170      8605EE2A 
 170      C1BB
 171 00f6 4A056EE2 		.ascii	"J\005n\342\265\277\204[\344\220\362J\371\252\005\275"
 171      B5BF845B 
 171      E490F24A 
 171      F9AA05BD 
 172 0106 4ABD78A0 		.ascii	"J\275x\240Bu\266\307\235\213\246T(X\253'\303\372lg\256"
 172      4275B6C7 
 172      9D8BA654 
 172      2858AB27 
 172      C3FA6C67 
 173 011b 06863AAD 		.ascii	"\006\206:\255\232\014\355/\306z\325\313\216rpeY\270"
 173      9A0CED2F 
 173      C67AD5CB 
 173      8E727065 
 173      59B8
 174 012d C56A14B5 		.ascii	"\305j\024\265\024\225\240PT\212B\201\261\014-\203\337"
 174      1495A050 
 174      548A4281 
 174      B10C2D83 
 174      DF
 175 013e AD6A9EA9 		.ascii	"\255j\236\251'\347\2343\000\253\020\271/\314\035\355"
 175      27E79C33 
 175      00AB10B9 
 175      2FCC1DED 
 176 014e D5AE2A87 		.ascii	"\325\256*\207e\351\\\223K\355Kw\"\337m\301\372S\234"
 176      65E95C93 
 176      4BED4B77 
 176      22DF6DC1 
 176      FA539C
ARM GAS  C:\Users\Thomas\AppData\Local\Temp\cc4nKsVY.s 			page 13


 177 0161 ABCA3374 		.ascii	"\253\3123tq@\3079\271&\257\367\023J\205\312\021F\025"
 177      7140C739 
 177      B926AFF7 
 177      134A85CA 
 177      114615
 178 0174 68154192 		.ascii	"h\025A\222{\272\004U\"=\321q\2558'\004\033(\367H\257"
 178      7BBA0455 
 178      223DD171 
 178      AD382704 
 178      1B28F748 
 179 0189 253D9852 		.ascii	"%=\230RXO\026jx\002\272\376\254d\375Yq\275\215\256\357"
 179      584F166A 
 179      7802BAFE 
 179      AC64FD59 
 179      71BD8DAE 
 180 019e FEE5D8F9 		.ascii	"\376\345\330\371\020\234\206(\301\235iw\201\006\010"
 180      109C8628 
 180      C19D6977 
 180      810608
 181 01ad AC55D629 		.ascii	"\254U\326)\031\3019\011\3019\221\240\212\022<\265W\325"
 181      19C13909 
 181      C13991A0 
 181      8A123CB5 
 181      57D5
 182 01bf 235CC813 		.ascii	"#\\\310\023\224L\331'Bx\002\333\031)\301y\011\301y\221"
 182      944CD927 
 182      427802DB 
 182      1929C179 
 182      09C17991 
 183 01d3 A09A12F4 		.ascii	"\240\232\022\364]\331\277?\000;x\202\224b\373O\376\340"
 183      5DD9BF3F 
 183      003B7882 
 183      9462FB4F 
 183      FEE0
 184 01e5 F2522D35 		.ascii	"\362R-5\345P\307q\007\246C/\231V\015\014\374\374\014"
 184      E550C771 
 184      07A6432F 
 184      99560D0C 
 184      FCFC0C
 185 01f8 236D443A 		.ascii	"#mD:\307\355\345<\331\034~\213A\253B\321\007\241\014"
 185      C7EDE53C 
 185      D91C7E8B 
 185      41AB42D1 
 185      07A10C
 186 020b BA842200 		.ascii	"\272\204\"\000F\223\240\013\320\210\032hD\021\330\354"
 186      4693A00B 
 186      D0881A68 
 186      4411D8EC 
 187 021b 39DC56FE 		.ascii	"9\334V\376\205\205\333\200.\"-\372u^\006\315 X\177`"
 187      8585DB80 
 187      2E222DFA 
 187      755E06CD 
 187      20587F60 
 188 022f 5F1596B6 		.ascii	"_\025\226\266\222 }\275\254\225\365\322^S2\242\306n"
 188      92207DBD 
 188      AC95F5D2 
 188      5E5332A2 
ARM GAS  C:\Users\Thomas\AppData\Local\Temp\cc4nKsVY.s 			page 14


 188      C66E
 189 0241 5E6DB7E5 		.ascii	"^m\267\345y;\"\206s\036\333\364\303]G,YE\234\313\353"
 189      793B2286 
 189      731EDBF4 
 189      C35D472C 
 189      59459CCB 
 190 0256 5D4E17A1 		.ascii	"]N\027\241:I\315ub\315\365\264\346\216\261\271G:\272"
 190      3A49CD75 
 190      62CDF5B4 
 190      E68EB1B9 
 190      473ABA
 191 0269 B716139E 		.ascii	"\267\026\023\236\343\375w\036c\272\267Tdx\362\341lC"
 191      E3FD771E 
 191      63BAB754 
 191      6478F2E1 
 191      6C43
 192 027b 20BEAE92 		.ascii	" \276\256\2229\242\347\035\311q\317]\010\240C\257\027"
 192      39A2E71D 
 192      C971CF5D 
 192      08A043AF 
 192      17
 193 028c 134B5E8C 		.ascii	"\023K^\214\333J4(B\313\327:\311\327\352\200\012.\373"
 193      DB4A3428 
 193      42CBD73A 
 193      C9D7EA80 
 193      0A2EFB
 194 029f 6AD50BB5 		.ascii	"j\325\013\265R\3338\013\347W\032\314 ;T\330\000\025"
 194      52DB380B 
 194      E7571ACC 
 194      203B54D8 
 194      0015
 195 02b1 A226704E 		.ascii	"\242&pN/8\327\010\017\257\300C\310\364,\265sDf\213C"
 195      2F38D708 
 195      0FAFC043 
 195      C8F42CB5 
 195      7344668B 
 196 02c6 664BB3CC 		.ascii	"fK\263\314\2261.\263R\205{x\311/\334\305GE[\312\236"
 196      96312EB3 
 196      52857B78 
 196      C92FDCC5 
 196      47455BCA 
 197 02db 7C26B105 		.ascii	"|&\261\005\026\241\026\211--\242-W\251-Y\251\216,\265"
 197      16A11689 
 197      2D2DA22D 
 197      57A92D59 
 197      A98E2CB5 
 198 02ef 1A5EADB4 		.ascii	"\032^\255\264\005[\351A\373\333;zF\245x\320Z\251\212"
 198      055BE941 
 198      FBDB3B7A 
 198      46A578D0 
 198      5AA98A
 199 0302 6B489031 		.ascii	"kH\2201jK\033\010\304\217x\031\207J\363\256\372Q\031"
 199      6A4B1B08 
 199      C48F7819 
 199      874AF3AE 
 199      FA5119
 200 0315 AE1B856D 		.ascii	"\256\033\205m:\253x\242`\015j\223\210h\023E8\251\210"
ARM GAS  C:\Users\Thomas\AppData\Local\Temp\cc4nKsVY.s 			page 15


 200      3AAB78A2 
 200      600D6A93 
 200      88681345 
 200      38A988
 201 0328 86A299D9 		.ascii	"\206\242\231\331ET\204c^\304H\315\223KZE\021\355T\304"
 201      45548463 
 201      5EC448CD 
 201      934B5A45 
 201      11ED54C4 
 202 033c 7551C440 		.ascii	"uQ\304@Yy\277\026\237\306T\304\261\354\212\207!\274"
 202      5979BF16 
 202      9FC654C4 
 202      B1EC8A87 
 202      21BC
 203 034e 88C1C256 		.ascii	"\210\301\302V\237\010X\203:$\":D\0217\250\210\322\376"
 203      9F085883 
 203      3A24223A 
 203      441137A8 
 203      88D2FE
 204 0361 DB6981B8 		.ascii	"\333i\201\270\205\347\260\235\315\257\240\257\006\316"
 204      85E7B09D 
 204      CDAFA0AF 
 204      06CE
 205 036f 6A2F4CD3 		.ascii	"j/L\323K\216U\247\204\241Sd\350\242\014\236\224\206"
 205      4B8E55A7 
 205      84A15364 
 205      E8A20C9E 
 205      9486
 206 0381 A1603CC2 		.ascii	"\241`<\3023\014\016_j\326\361*\362\257\261\315\373\270"
 206      330C0E5F 
 206      6AD6F12A 
 206      F2AFB1CD 
 206      FBB8
 207 0393 7FC8EEA1 		.ascii	"\177\310\356\241\024\335\022\212n\221\242\207R\214<"
 207      14DD128A 
 207      6E91A287 
 207      528C3C
 208 03a2 1D69F6A7 		.ascii	"\035i\366\247\273t\015!\311N\255\255\015\246\273TC\206"
 208      BB740D21 
 208      C94EADAD 
 208      0DA6BB54 
 208      4386
 209 03b4 370F341E 		.ascii	"7\0174\036U\343\177\371\004\017.\037,\324\342\0025\035"
 209      55E37FF9 
 209      040F2E1F 
 209      2CD4E202 
 209      351D
 210 03c6 E4B4B53C 		.ascii	"\344\264\265<\307\270\232\037\354\273\\\234\345\217"
 210      C7B89A1F 
 210      ECBB5C9C 
 210      E58F
 211 03d4 EDFCE0EE 		.ascii	"\355\374\340\356\251\274\276\020\334\305\017J\307\272"
 211      A9BCBE10 
 211      DCC50F4A 
 211      C7BA
 212 03e2 B28328FD 		.ascii	"\262\203(\375\012\030j2\217d\337\012BaaK\302\302\"\254"
 212      0A186A32 
ARM GAS  C:\Users\Thomas\AppData\Local\Temp\cc4nKsVY.s 			page 16


 212      8F64DF0A 
 212      4261614B 
 212      C2C222AC 
 213 03f6 B0515DA7 		.ascii	"\260Q]\247\307\333\027q\271k\350^\350\007\225Ch\211"
 213      C7DB1771 
 213      B96BE85E 
 213      E8079543 
 213      6889
 214 0408 78D85710 		.ascii	"x\330W\020\333\377$\3463\024\232k\311\320q\245kh\307"
 214      DBFF24E6 
 214      33149A6B 
 214      C9D071A5 
 214      6B68C7
 215 041b FE10A0F3 		.ascii	"\376\020\240\363\373\233\202\355\024|\204v\220\3436"
 215      FB9B82ED 
 215      147C8476 
 215      90E336
 216 042a 9818F41B 		.ascii	"\230\030\364\033\314\337\244\375#h\260\000\335\206\203"
 216      CCDFA4FD 
 216      2368B000 
 216      DD8683
 217 0439 308CC2D0 		.ascii	"0\214\302\320 \304-\210\001\024F\355\240)\362\306\333"
 217      20C42D88 
 217      011446ED 
 217      A029F2C6 
 217      DB
 218 044a E6D5F42D 		.ascii	"\346\325\364-\240\246\304\247\346\340x\353<\264w\001"
 218      A0A6C4A7 
 218      E6E078EB 
 218      3CB47701 
 219 045a E84A8224 		.ascii	"\350J\202$\347\325\225Y\250\341\020\231g\304\036\210"
 219      E7D59559 
 219      A8E11099 
 219      67C41E88 
 220 046a 2F255563 		.ascii	"/%Uc\346\211\233!(b\011\305UD\006 \027\260\374\356;"
 220      E6899B21 
 220      286209C5 
 220      55440620 
 220      17B0FCEE 
 221 047f D36411BD 		.ascii	"\323d\021\275\026\252\011\215@)\257+\213\264mx\342~"
 221      16AA098D 
 221      4029AF2B 
 221      8BB46D78 
 221      E27E
 222 0491 301EE7FB 		.ascii	"0\036\347\373\341z\236\352\324\205\027p\234\32534\350"
 222      E17A9EEA 
 222      D4851770 
 222      9CD53334 
 222      E8
 223 04a2 51A57056 		.ascii	"Q\245pVxY\220\235FS\217\362\251%\266\215\362\273\005"
 223      7859909D 
 223      46538FF2 
 223      A925B68D 
 223      F2BB05
 224 04b5 8DA17058 		.ascii	"\215\241pX}\177\254<K\243\313 o\0308\"\201\316`z\330"
 224      7D7FAC3C 
 224      4BA3CB20 
ARM GAS  C:\Users\Thomas\AppData\Local\Temp\cc4nKsVY.s 			page 17


 224      6F183822 
 224      81CE607A 
 225 04ca 7D87641C 		.ascii	"}\207d\034\351(\032\376\002:o\"\375\204N\206&9|\350"
 225      E9281AFE 
 225      023A6F22 
 225      FD844E86 
 225      26397CE8 
 226 04de 09013D41 		.ascii	"\011\001=A\321\\NfQ\000N\361\2432k\236d\324\005i\323"
 226      D15C4E66 
 226      51004EF1 
 226      A3326B9E 
 226      64D40569 
 227 04f3 C97BECF5 		.ascii	"\311{\354\365_\0000\262\267+\243/\220\377f\274\274b"
 227      5F0030B2 
 227      B72BA32F 
 227      90FF66BC 
 227      BC62
 228 0505 4AF19BB1 		.ascii	"J\361\233\261\377\212\356:\307\005\240Ih\341\035\237"
 228      FF8AEE3A 
 228      C705A049 
 228      68E11D9F 
 229 0515 E97791E4 		.ascii	"\351w\221\344\2531v\274S^\302\244\354\0059-\2240MK\230"
 229      AB3176BC 
 229      535EC2A4 
 229      EC05392D 
 229      94304D4B 
 230 052a 2B18BD1B 		.ascii	"+\030\275\033\"C\327\312\354\231\021\3203\024=X\357"
 230      2243D7CA 
 230      EC9911D0 
 230      33143D58 
 230      EF
 231 053b 180E92A1 		.ascii	"\030\016\222\241\333eh\267\200vStVv~c\240\014\335*C"
 231      DB6568B7 
 231      80765374 
 231      56767E63 
 231      A00CDD2A 
 232 0550 DF13D0F7 		.ascii	"\337\023\320\367\010\032;J\034\203Z\024\252\015\315"
 232      081A3B4A 
 232      1C835A14 
 232      AA0DCD
 233 055f 857F41E6 		.ascii	"\205\177A\346\226\243Y\250)\235\354!\317^\016\347\006"
 233      96A359A8 
 233      299DEC21 
 233      CF5E0EE7 
 233      06
 234 0570 8BE63074 		.ascii	"\213\3460t\202A\177\001\315}\240!\350\246)\257\367G"
 234      82417F01 
 234      CD7DA021 
 234      E8A629AF 
 234      F747
 235 0582 2F7F1DF6 		.ascii	"/\177\035\366\247\000\362\003\022n\3476e\250e\022\312"
 235      A700F203 
 235      126EE736 
 235      65A86512 
 235      CA
 236 0593 64123C48 		.ascii	"d\022<H'z\010\267\314{\221\306\204$c<\033e4\231c\326"
 236      277A08B7 
ARM GAS  C:\Users\Thomas\AppData\Local\Temp\cc4nKsVY.s 			page 18


 236      CC7B91C6 
 236      8424633C 
 236      1B653499 
 237 05a9 C67C1397 		.ascii	"\306|\023\227\360U\334\367\254)&\332\360\003\013S\337"
 237      F055DCF7 
 237      AC2926DA 
 237      F0030B53 
 237      DF
 238 05ba C5EDD46C 		.ascii	"\305\355\324l\374r\213>\222Y\267z\333F6\2015\031\314"
 238      FC728B3E 
 238      9259B77A 
 238      DB463681 
 238      3519CC
 239 05cd EC8E9868 		.ascii	"\354\216\230hc\262)\226\335\026\025m\214\\\267M\201"
 239      63B22996 
 239      DD16156D 
 239      8C5CB74D 
 239      81
 240 05de 216AD3EA 		.ascii	"!j\323\352X\346}\205\311\315l\222\331h\0222\274\243"
 240      58E67D85 
 240      C9CD6C92 
 240      D9681232 
 240      BCA3
 241 05f0 A4219E65 		.ascii	"\244!\236e\023\337U\230\374\306\260\233MN\364K\216K"
 241      13DF5598 
 241      FCC6B09B 
 241      4D4EF44B 
 241      8E4B
 242 0602 30AF0F57 		.ascii	"0\257\017W\324\026\273\307\274'\221MZ\275\213Y\251\250"
 242      D416BBC7 
 242      BC27914D 
 242      5ABD8B59 
 242      A9A8
 243 0614 C4B003A6 		.ascii	"\304\260\003\246\314&c\374fvg\\\222\2315\255\375\237"
 243      CC2663FC 
 243      6676675C 
 243      929935AD 
 243      FD9F
 244 0626 A502BB86 		.ascii	"\245\002\273\206\350\370\350\343\260W&IN\000\362\017"
 244      E8F8E8E3 
 244      B0572649 
 244      4E00F20F 
 245 0636 95EA31C5 		.ascii	"\225\3521\305\231\331\227\204\204\277\032K\371\336V"
 245      99D99784 
 245      84BF1A4B 
 245      F9DE56
 246 0645 32CF6C54 		.ascii	"2\317lT\364\356\323\004\303\366xV\211}\273!vwrb\264"
 246      F4EED304 
 246      C3F67856 
 246      897DBB21 
 246      76777262 
 247 065a D9941C6B 		.ascii	"\331\224\034k^L\037\361\370h3\030\022@\037l\331\261"
 247      5E4C1FF1 
 247      F8683318 
 247      12401F6C 
 247      D9B1
 248 066c FD8DCF49 		.ascii	"\375\215\317IvSr\242y\223!i\367\327\206\370d\366M:\367"
ARM GAS  C:\Users\Thomas\AppData\Local\Temp\cc4nKsVY.s 			page 19


 248      765372A2 
 248      79932169 
 248      F7D786F8 
 248      64F64D3A 
 249 0681 520D4A1A 		.ascii	"R\015J\032\370,j\023\273s\375\177d`\016\022"
 249      F82C6A13 
 249      BB73FD7F 
 249      64600E12 
 250              		.text
 251              		.section	.gnu.lto_.symtab.be9c68c0,"",%progbits
 252 0000 436F6E73 		.ascii	"ConsolePort_2_WinTimer_SaveConfig\000\000\000\000\000"
 252      6F6C6550 
 252      6F72745F 
 252      325F5769 
 252      6E54696D 
 253 0026 00000000 		.ascii	"\000\000\000\000\000\000\000\254\000\000\000Console"
 253      000000AC 
 253      00000043 
 253      6F6E736F 
 253      6C65
 254 0038 506F7274 		.ascii	"Port_2_WinTimer_RestoreConfig\000\000\000\000\000\000"
 254      5F325F57 
 254      696E5469 
 254      6D65725F 
 254      52657374 
 255 005b 00000000 		.ascii	"\000\000\000\000\000\000\256\000\000\000ConsolePort"
 255      0000AE00 
 255      0000436F 
 255      6E736F6C 
 255      65506F72 
 256 0070 5F325F57 		.ascii	"_2_WinTimer_Sleep\000\000\000\000\000\000\000\000\000"
 256      696E5469 
 256      6D65725F 
 256      536C6565 
 256      70000000 
 257 008a 000000B0 		.ascii	"\000\000\000\260\000\000\000ConsolePort_2_WinTimer_"
 257      00000043 
 257      6F6E736F 
 257      6C65506F 
 257      72745F32 
 258 00a8 57616B65 		.ascii	"Wakeup\000\000\000\000\000\000\000\000\000\000\000\000"
 258      75700000 
 258      00000000 
 258      00000000 
 258      0000
 259 00ba B2000000 		.ascii	"\262\000\000\000ConsolePort_2_WinTimer_ReadControlR"
 259      436F6E73 
 259      6F6C6550 
 259      6F72745F 
 259      325F5769 
 260 00e1 65676973 		.ascii	"egister\000\000\002\000\000\000\000\000\000\000\000"
 260      74657200 
 260      00020000 
 260      00000000 
 260      0000
 261 00f3 00BA0000 		.ascii	"\000\272\000\000\000ConsolePort_2_WinTimer_ReadCoun"
 261      00436F6E 
ARM GAS  C:\Users\Thomas\AppData\Local\Temp\cc4nKsVY.s 			page 20


 261      736F6C65 
 261      506F7274 
 261      5F325F57 
 262 0117 74657200 		.ascii	"ter\000\000\002\000\000\000\000\000\000\000\000\000"
 262      00020000 
 262      00000000 
 262      000000
 263 0126 C4000000 		.ascii	"\304\000\000\000ConsolePort_2_WinTimer_WriteControl"
 263      436F6E73 
 263      6F6C6550 
 263      6F72745F 
 263      325F5769 
 264 014d 52656769 		.ascii	"Register\000\000\002\000\000\000\000\000\000\000\000"
 264      73746572 
 264      00000200 
 264      00000000 
 264      000000
 265 0160 00C80000 		.ascii	"\000\310\000\000\000ConsolePort_2_WinTimer_WriteCou"
 265      00436F6E 
 265      736F6C65 
 265      506F7274 
 265      5F325F57 
 266 0184 6E746572 		.ascii	"nter\000\000\002\000\000\000\000\000\000\000\000\000"
 266      00000200 
 266      00000000 
 266      00000000 
 267 0194 CC000000 		.ascii	"\314\000\000\000ConsolePort_2_WinTimer_Stop\000\000"
 267      436F6E73 
 267      6F6C6550 
 267      6F72745F 
 267      325F5769 
 268 01b5 02000000 		.ascii	"\002\000\000\000\000\000\000\000\000\000\316\000\000"
 268      00000000 
 268      0000CE00 
 268      00
 269 01c2 00436F6E 		.ascii	"\000ConsolePort_2_WinTimer_Enable\000\000\002\000\000"
 269      736F6C65 
 269      506F7274 
 269      5F325F57 
 269      696E5469 
 270 01e5 00000000 		.ascii	"\000\000\000\000\000\000\000\320\000\000\000"
 270      000000D0 
 270      000000
 271              		.text
 272              		.section	.gnu.lto_.opts,"",%progbits
 273 0000 272D666E 		.ascii	"'-fno-trapv' '-mcpu=cortex-m3' '-mthumb' '-g' '-O3'"
 273      6F2D7472 
 273      61707627 
 273      20272D6D 
 273      6370753D 
 274 0033 20272D66 		.ascii	" '-ffunction-sections' '-finline-functions' '-flto'"
 274      66756E63 
 274      74696F6E 
 274      2D736563 
 274      74696F6E 
 275 0066 20272D66 		.ascii	" '-ffat-lto-objects'\000"
 275      6661742D 
ARM GAS  C:\Users\Thomas\AppData\Local\Temp\cc4nKsVY.s 			page 21


 275      6C746F2D 
 275      6F626A65 
 275      63747327 
 276              		.text
 277              		.cfi_sections	.debug_frame
 278              		.section	.text.ConsolePort_2_WinTimer_SaveConfig,"ax",%progbits
 279              		.align	2
 280              		.global	ConsolePort_2_WinTimer_SaveConfig
 281              		.thumb
 282              		.thumb_func
 283              		.type	ConsolePort_2_WinTimer_SaveConfig, %function
 284              	ConsolePort_2_WinTimer_SaveConfig:
 285              	.LFB0:
 286              		.file 1 ".\\Generated_Source\\PSoC5\\ConsolePort_2_WinTimer_PM.c"
   1:.\Generated_Source\PSoC5/ConsolePort_2_WinTimer_PM.c **** /*******************************************************************************
   2:.\Generated_Source\PSoC5/ConsolePort_2_WinTimer_PM.c **** * File Name: ConsolePort_2_WinTimer_PM.c
   3:.\Generated_Source\PSoC5/ConsolePort_2_WinTimer_PM.c **** * Version 2.70
   4:.\Generated_Source\PSoC5/ConsolePort_2_WinTimer_PM.c **** *
   5:.\Generated_Source\PSoC5/ConsolePort_2_WinTimer_PM.c **** *  Description:
   6:.\Generated_Source\PSoC5/ConsolePort_2_WinTimer_PM.c **** *     This file provides the power management source code to API for the
   7:.\Generated_Source\PSoC5/ConsolePort_2_WinTimer_PM.c **** *     Timer.
   8:.\Generated_Source\PSoC5/ConsolePort_2_WinTimer_PM.c **** *
   9:.\Generated_Source\PSoC5/ConsolePort_2_WinTimer_PM.c **** *   Note:
  10:.\Generated_Source\PSoC5/ConsolePort_2_WinTimer_PM.c **** *     None
  11:.\Generated_Source\PSoC5/ConsolePort_2_WinTimer_PM.c **** *
  12:.\Generated_Source\PSoC5/ConsolePort_2_WinTimer_PM.c **** *******************************************************************************
  13:.\Generated_Source\PSoC5/ConsolePort_2_WinTimer_PM.c **** * Copyright 2008-2014, Cypress Semiconductor Corporation.  All rights reserved.
  14:.\Generated_Source\PSoC5/ConsolePort_2_WinTimer_PM.c **** * You may use this file only in accordance with the license, terms, conditions,
  15:.\Generated_Source\PSoC5/ConsolePort_2_WinTimer_PM.c **** * disclaimers, and limitations in the end user license agreement accompanying
  16:.\Generated_Source\PSoC5/ConsolePort_2_WinTimer_PM.c **** * the software package with which this file was provided.
  17:.\Generated_Source\PSoC5/ConsolePort_2_WinTimer_PM.c **** ********************************************************************************/
  18:.\Generated_Source\PSoC5/ConsolePort_2_WinTimer_PM.c **** 
  19:.\Generated_Source\PSoC5/ConsolePort_2_WinTimer_PM.c **** #include "ConsolePort_2_WinTimer.h"
  20:.\Generated_Source\PSoC5/ConsolePort_2_WinTimer_PM.c **** 
  21:.\Generated_Source\PSoC5/ConsolePort_2_WinTimer_PM.c **** static ConsolePort_2_WinTimer_backupStruct ConsolePort_2_WinTimer_backup;
  22:.\Generated_Source\PSoC5/ConsolePort_2_WinTimer_PM.c **** 
  23:.\Generated_Source\PSoC5/ConsolePort_2_WinTimer_PM.c **** 
  24:.\Generated_Source\PSoC5/ConsolePort_2_WinTimer_PM.c **** /*******************************************************************************
  25:.\Generated_Source\PSoC5/ConsolePort_2_WinTimer_PM.c **** * Function Name: ConsolePort_2_WinTimer_SaveConfig
  26:.\Generated_Source\PSoC5/ConsolePort_2_WinTimer_PM.c **** ********************************************************************************
  27:.\Generated_Source\PSoC5/ConsolePort_2_WinTimer_PM.c **** *
  28:.\Generated_Source\PSoC5/ConsolePort_2_WinTimer_PM.c **** * Summary:
  29:.\Generated_Source\PSoC5/ConsolePort_2_WinTimer_PM.c **** *     Save the current user configuration
  30:.\Generated_Source\PSoC5/ConsolePort_2_WinTimer_PM.c **** *
  31:.\Generated_Source\PSoC5/ConsolePort_2_WinTimer_PM.c **** * Parameters:
  32:.\Generated_Source\PSoC5/ConsolePort_2_WinTimer_PM.c **** *  void
  33:.\Generated_Source\PSoC5/ConsolePort_2_WinTimer_PM.c **** *
  34:.\Generated_Source\PSoC5/ConsolePort_2_WinTimer_PM.c **** * Return:
  35:.\Generated_Source\PSoC5/ConsolePort_2_WinTimer_PM.c **** *  void
  36:.\Generated_Source\PSoC5/ConsolePort_2_WinTimer_PM.c **** *
  37:.\Generated_Source\PSoC5/ConsolePort_2_WinTimer_PM.c **** * Global variables:
  38:.\Generated_Source\PSoC5/ConsolePort_2_WinTimer_PM.c **** *  ConsolePort_2_WinTimer_backup:  Variables of this global structure are modified to
  39:.\Generated_Source\PSoC5/ConsolePort_2_WinTimer_PM.c **** *  store the values of non retention configuration registers when Sleep() API is
  40:.\Generated_Source\PSoC5/ConsolePort_2_WinTimer_PM.c **** *  called.
  41:.\Generated_Source\PSoC5/ConsolePort_2_WinTimer_PM.c **** *
  42:.\Generated_Source\PSoC5/ConsolePort_2_WinTimer_PM.c **** *******************************************************************************/
  43:.\Generated_Source\PSoC5/ConsolePort_2_WinTimer_PM.c **** void ConsolePort_2_WinTimer_SaveConfig(void) 
ARM GAS  C:\Users\Thomas\AppData\Local\Temp\cc4nKsVY.s 			page 22


  44:.\Generated_Source\PSoC5/ConsolePort_2_WinTimer_PM.c **** {
 287              		.loc 1 44 0
 288              		.cfi_startproc
 289              		@ args = 0, pretend = 0, frame = 0
 290              		@ frame_needed = 0, uses_anonymous_args = 0
 291 0000 10B5     		push	{r4, lr}
 292              		.cfi_def_cfa_offset 8
 293              		.cfi_offset 4, -8
 294              		.cfi_offset 14, -4
  45:.\Generated_Source\PSoC5/ConsolePort_2_WinTimer_PM.c ****     #if (!ConsolePort_2_WinTimer_UsingFixedFunction)
  46:.\Generated_Source\PSoC5/ConsolePort_2_WinTimer_PM.c ****         ConsolePort_2_WinTimer_backup.TimerUdb = ConsolePort_2_WinTimer_ReadCounter();
 295              		.loc 1 46 0
 296 0002 FFF7FEFF 		bl	ConsolePort_2_WinTimer_ReadCounter
 297              	.LVL0:
  47:.\Generated_Source\PSoC5/ConsolePort_2_WinTimer_PM.c ****         ConsolePort_2_WinTimer_backup.InterruptMaskValue = ConsolePort_2_WinTimer_STATUS_MASK;
 298              		.loc 1 47 0
 299 0006 044B     		ldr	r3, .L3
  46:.\Generated_Source\PSoC5/ConsolePort_2_WinTimer_PM.c ****         ConsolePort_2_WinTimer_backup.InterruptMaskValue = ConsolePort_2_WinTimer_STATUS_MASK;
 300              		.loc 1 46 0
 301 0008 044C     		ldr	r4, .L3+4
 302              		.loc 1 47 0
 303 000a 1B78     		ldrb	r3, [r3]	@ zero_extendqisi2
  46:.\Generated_Source\PSoC5/ConsolePort_2_WinTimer_PM.c ****         ConsolePort_2_WinTimer_backup.InterruptMaskValue = ConsolePort_2_WinTimer_STATUS_MASK;
 304              		.loc 1 46 0
 305 000c 6080     		strh	r0, [r4, #2]	@ movhi
 306              		.loc 1 47 0
 307 000e 2371     		strb	r3, [r4, #4]
  48:.\Generated_Source\PSoC5/ConsolePort_2_WinTimer_PM.c ****         #if (ConsolePort_2_WinTimer_UsingHWCaptureCounter)
  49:.\Generated_Source\PSoC5/ConsolePort_2_WinTimer_PM.c ****             ConsolePort_2_WinTimer_backup.TimerCaptureCounter = ConsolePort_2_WinTimer_ReadCaptureC
  50:.\Generated_Source\PSoC5/ConsolePort_2_WinTimer_PM.c ****         #endif /* Back Up capture counter register  */
  51:.\Generated_Source\PSoC5/ConsolePort_2_WinTimer_PM.c **** 
  52:.\Generated_Source\PSoC5/ConsolePort_2_WinTimer_PM.c ****         #if(!ConsolePort_2_WinTimer_UDB_CONTROL_REG_REMOVED)
  53:.\Generated_Source\PSoC5/ConsolePort_2_WinTimer_PM.c ****             ConsolePort_2_WinTimer_backup.TimerControlRegister = ConsolePort_2_WinTimer_ReadControl
 308              		.loc 1 53 0
 309 0010 FFF7FEFF 		bl	ConsolePort_2_WinTimer_ReadControlRegister
 310              	.LVL1:
 311 0014 6071     		strb	r0, [r4, #5]
 312 0016 10BD     		pop	{r4, pc}
 313              	.L4:
 314              		.align	2
 315              	.L3:
 316 0018 83640040 		.word	1073767555
 317 001c 00000000 		.word	.LANCHOR0
 318              		.cfi_endproc
 319              	.LFE0:
 320              		.size	ConsolePort_2_WinTimer_SaveConfig, .-ConsolePort_2_WinTimer_SaveConfig
 321              		.section	.text.ConsolePort_2_WinTimer_RestoreConfig,"ax",%progbits
 322              		.align	2
 323              		.global	ConsolePort_2_WinTimer_RestoreConfig
 324              		.thumb
 325              		.thumb_func
 326              		.type	ConsolePort_2_WinTimer_RestoreConfig, %function
 327              	ConsolePort_2_WinTimer_RestoreConfig:
 328              	.LFB1:
  54:.\Generated_Source\PSoC5/ConsolePort_2_WinTimer_PM.c ****         #endif /* Backup the enable state of the Timer component */
  55:.\Generated_Source\PSoC5/ConsolePort_2_WinTimer_PM.c ****     #endif /* Backup non retention registers in UDB implementation. All fixed function registers ar
  56:.\Generated_Source\PSoC5/ConsolePort_2_WinTimer_PM.c **** }
ARM GAS  C:\Users\Thomas\AppData\Local\Temp\cc4nKsVY.s 			page 23


  57:.\Generated_Source\PSoC5/ConsolePort_2_WinTimer_PM.c **** 
  58:.\Generated_Source\PSoC5/ConsolePort_2_WinTimer_PM.c **** 
  59:.\Generated_Source\PSoC5/ConsolePort_2_WinTimer_PM.c **** /*******************************************************************************
  60:.\Generated_Source\PSoC5/ConsolePort_2_WinTimer_PM.c **** * Function Name: ConsolePort_2_WinTimer_RestoreConfig
  61:.\Generated_Source\PSoC5/ConsolePort_2_WinTimer_PM.c **** ********************************************************************************
  62:.\Generated_Source\PSoC5/ConsolePort_2_WinTimer_PM.c **** *
  63:.\Generated_Source\PSoC5/ConsolePort_2_WinTimer_PM.c **** * Summary:
  64:.\Generated_Source\PSoC5/ConsolePort_2_WinTimer_PM.c **** *  Restores the current user configuration.
  65:.\Generated_Source\PSoC5/ConsolePort_2_WinTimer_PM.c **** *
  66:.\Generated_Source\PSoC5/ConsolePort_2_WinTimer_PM.c **** * Parameters:
  67:.\Generated_Source\PSoC5/ConsolePort_2_WinTimer_PM.c **** *  void
  68:.\Generated_Source\PSoC5/ConsolePort_2_WinTimer_PM.c **** *
  69:.\Generated_Source\PSoC5/ConsolePort_2_WinTimer_PM.c **** * Return:
  70:.\Generated_Source\PSoC5/ConsolePort_2_WinTimer_PM.c **** *  void
  71:.\Generated_Source\PSoC5/ConsolePort_2_WinTimer_PM.c **** *
  72:.\Generated_Source\PSoC5/ConsolePort_2_WinTimer_PM.c **** * Global variables:
  73:.\Generated_Source\PSoC5/ConsolePort_2_WinTimer_PM.c **** *  ConsolePort_2_WinTimer_backup:  Variables of this global structure are used to
  74:.\Generated_Source\PSoC5/ConsolePort_2_WinTimer_PM.c **** *  restore the values of non retention registers on wakeup from sleep mode.
  75:.\Generated_Source\PSoC5/ConsolePort_2_WinTimer_PM.c **** *
  76:.\Generated_Source\PSoC5/ConsolePort_2_WinTimer_PM.c **** *******************************************************************************/
  77:.\Generated_Source\PSoC5/ConsolePort_2_WinTimer_PM.c **** void ConsolePort_2_WinTimer_RestoreConfig(void) 
  78:.\Generated_Source\PSoC5/ConsolePort_2_WinTimer_PM.c **** {   
 329              		.loc 1 78 0
 330              		.cfi_startproc
 331              		@ args = 0, pretend = 0, frame = 0
 332              		@ frame_needed = 0, uses_anonymous_args = 0
 333 0000 10B5     		push	{r4, lr}
 334              		.cfi_def_cfa_offset 8
 335              		.cfi_offset 4, -8
 336              		.cfi_offset 14, -4
  79:.\Generated_Source\PSoC5/ConsolePort_2_WinTimer_PM.c ****     #if (!ConsolePort_2_WinTimer_UsingFixedFunction)
  80:.\Generated_Source\PSoC5/ConsolePort_2_WinTimer_PM.c **** 
  81:.\Generated_Source\PSoC5/ConsolePort_2_WinTimer_PM.c ****         ConsolePort_2_WinTimer_WriteCounter(ConsolePort_2_WinTimer_backup.TimerUdb);
 337              		.loc 1 81 0
 338 0002 064C     		ldr	r4, .L7
 339 0004 6088     		ldrh	r0, [r4, #2]
 340 0006 FFF7FEFF 		bl	ConsolePort_2_WinTimer_WriteCounter
 341              	.LVL2:
  82:.\Generated_Source\PSoC5/ConsolePort_2_WinTimer_PM.c ****         ConsolePort_2_WinTimer_STATUS_MASK =ConsolePort_2_WinTimer_backup.InterruptMaskValue;
 342              		.loc 1 82 0
 343 000a 2279     		ldrb	r2, [r4, #4]	@ zero_extendqisi2
 344 000c 044B     		ldr	r3, .L7+4
  83:.\Generated_Source\PSoC5/ConsolePort_2_WinTimer_PM.c ****         #if (ConsolePort_2_WinTimer_UsingHWCaptureCounter)
  84:.\Generated_Source\PSoC5/ConsolePort_2_WinTimer_PM.c ****             ConsolePort_2_WinTimer_SetCaptureCount(ConsolePort_2_WinTimer_backup.TimerCaptureCounte
  85:.\Generated_Source\PSoC5/ConsolePort_2_WinTimer_PM.c ****         #endif /* Restore Capture counter register*/
  86:.\Generated_Source\PSoC5/ConsolePort_2_WinTimer_PM.c **** 
  87:.\Generated_Source\PSoC5/ConsolePort_2_WinTimer_PM.c ****         #if(!ConsolePort_2_WinTimer_UDB_CONTROL_REG_REMOVED)
  88:.\Generated_Source\PSoC5/ConsolePort_2_WinTimer_PM.c ****             ConsolePort_2_WinTimer_WriteControlRegister(ConsolePort_2_WinTimer_backup.TimerControlR
 345              		.loc 1 88 0
 346 000e 6079     		ldrb	r0, [r4, #5]	@ zero_extendqisi2
  82:.\Generated_Source\PSoC5/ConsolePort_2_WinTimer_PM.c ****         ConsolePort_2_WinTimer_STATUS_MASK =ConsolePort_2_WinTimer_backup.InterruptMaskValue;
 347              		.loc 1 82 0
 348 0010 1A70     		strb	r2, [r3]
  89:.\Generated_Source\PSoC5/ConsolePort_2_WinTimer_PM.c ****         #endif /* Restore the enable state of the Timer component */
  90:.\Generated_Source\PSoC5/ConsolePort_2_WinTimer_PM.c ****     #endif /* Restore non retention registers in the UDB implementation only */
  91:.\Generated_Source\PSoC5/ConsolePort_2_WinTimer_PM.c **** }
 349              		.loc 1 91 0
ARM GAS  C:\Users\Thomas\AppData\Local\Temp\cc4nKsVY.s 			page 24


 350 0012 BDE81040 		pop	{r4, lr}
 351              		.cfi_restore 14
 352              		.cfi_restore 4
 353              		.cfi_def_cfa_offset 0
  88:.\Generated_Source\PSoC5/ConsolePort_2_WinTimer_PM.c ****         #endif /* Restore the enable state of the Timer component */
 354              		.loc 1 88 0
 355 0016 FFF7FEBF 		b	ConsolePort_2_WinTimer_WriteControlRegister
 356              	.LVL3:
 357              	.L8:
 358 001a 00BF     		.align	2
 359              	.L7:
 360 001c 00000000 		.word	.LANCHOR0
 361 0020 83640040 		.word	1073767555
 362              		.cfi_endproc
 363              	.LFE1:
 364              		.size	ConsolePort_2_WinTimer_RestoreConfig, .-ConsolePort_2_WinTimer_RestoreConfig
 365              		.section	.text.ConsolePort_2_WinTimer_Sleep,"ax",%progbits
 366              		.align	2
 367              		.global	ConsolePort_2_WinTimer_Sleep
 368              		.thumb
 369              		.thumb_func
 370              		.type	ConsolePort_2_WinTimer_Sleep, %function
 371              	ConsolePort_2_WinTimer_Sleep:
 372              	.LFB2:
  92:.\Generated_Source\PSoC5/ConsolePort_2_WinTimer_PM.c **** 
  93:.\Generated_Source\PSoC5/ConsolePort_2_WinTimer_PM.c **** 
  94:.\Generated_Source\PSoC5/ConsolePort_2_WinTimer_PM.c **** /*******************************************************************************
  95:.\Generated_Source\PSoC5/ConsolePort_2_WinTimer_PM.c **** * Function Name: ConsolePort_2_WinTimer_Sleep
  96:.\Generated_Source\PSoC5/ConsolePort_2_WinTimer_PM.c **** ********************************************************************************
  97:.\Generated_Source\PSoC5/ConsolePort_2_WinTimer_PM.c **** *
  98:.\Generated_Source\PSoC5/ConsolePort_2_WinTimer_PM.c **** * Summary:
  99:.\Generated_Source\PSoC5/ConsolePort_2_WinTimer_PM.c **** *     Stop and Save the user configuration
 100:.\Generated_Source\PSoC5/ConsolePort_2_WinTimer_PM.c **** *
 101:.\Generated_Source\PSoC5/ConsolePort_2_WinTimer_PM.c **** * Parameters:
 102:.\Generated_Source\PSoC5/ConsolePort_2_WinTimer_PM.c **** *  void
 103:.\Generated_Source\PSoC5/ConsolePort_2_WinTimer_PM.c **** *
 104:.\Generated_Source\PSoC5/ConsolePort_2_WinTimer_PM.c **** * Return:
 105:.\Generated_Source\PSoC5/ConsolePort_2_WinTimer_PM.c **** *  void
 106:.\Generated_Source\PSoC5/ConsolePort_2_WinTimer_PM.c **** *
 107:.\Generated_Source\PSoC5/ConsolePort_2_WinTimer_PM.c **** * Global variables:
 108:.\Generated_Source\PSoC5/ConsolePort_2_WinTimer_PM.c **** *  ConsolePort_2_WinTimer_backup.TimerEnableState:  Is modified depending on the
 109:.\Generated_Source\PSoC5/ConsolePort_2_WinTimer_PM.c **** *  enable state of the block before entering sleep mode.
 110:.\Generated_Source\PSoC5/ConsolePort_2_WinTimer_PM.c **** *
 111:.\Generated_Source\PSoC5/ConsolePort_2_WinTimer_PM.c **** *******************************************************************************/
 112:.\Generated_Source\PSoC5/ConsolePort_2_WinTimer_PM.c **** void ConsolePort_2_WinTimer_Sleep(void) 
 113:.\Generated_Source\PSoC5/ConsolePort_2_WinTimer_PM.c **** {
 373              		.loc 1 113 0
 374              		.cfi_startproc
 375              		@ args = 0, pretend = 0, frame = 0
 376              		@ frame_needed = 0, uses_anonymous_args = 0
 377 0000 10B5     		push	{r4, lr}
 378              		.cfi_def_cfa_offset 8
 379              		.cfi_offset 4, -8
 380              		.cfi_offset 14, -4
 114:.\Generated_Source\PSoC5/ConsolePort_2_WinTimer_PM.c ****     #if(!ConsolePort_2_WinTimer_UDB_CONTROL_REG_REMOVED)
 115:.\Generated_Source\PSoC5/ConsolePort_2_WinTimer_PM.c ****         /* Save Counter's enable state */
 116:.\Generated_Source\PSoC5/ConsolePort_2_WinTimer_PM.c ****         if(ConsolePort_2_WinTimer_CTRL_ENABLE == (ConsolePort_2_WinTimer_CONTROL & ConsolePort_2_Wi
ARM GAS  C:\Users\Thomas\AppData\Local\Temp\cc4nKsVY.s 			page 25


 381              		.loc 1 116 0
 382 0002 084B     		ldr	r3, .L11
 383 0004 084C     		ldr	r4, .L11+4
 384 0006 1B78     		ldrb	r3, [r3]	@ zero_extendqisi2
 385 0008 DB09     		lsrs	r3, r3, #7
 386 000a 2370     		strb	r3, [r4]
 117:.\Generated_Source\PSoC5/ConsolePort_2_WinTimer_PM.c ****         {
 118:.\Generated_Source\PSoC5/ConsolePort_2_WinTimer_PM.c ****             /* Timer is enabled */
 119:.\Generated_Source\PSoC5/ConsolePort_2_WinTimer_PM.c ****             ConsolePort_2_WinTimer_backup.TimerEnableState = 1u;
 120:.\Generated_Source\PSoC5/ConsolePort_2_WinTimer_PM.c ****         }
 121:.\Generated_Source\PSoC5/ConsolePort_2_WinTimer_PM.c ****         else
 122:.\Generated_Source\PSoC5/ConsolePort_2_WinTimer_PM.c ****         {
 123:.\Generated_Source\PSoC5/ConsolePort_2_WinTimer_PM.c ****             /* Timer is disabled */
 124:.\Generated_Source\PSoC5/ConsolePort_2_WinTimer_PM.c ****             ConsolePort_2_WinTimer_backup.TimerEnableState = 0u;
 125:.\Generated_Source\PSoC5/ConsolePort_2_WinTimer_PM.c ****         }
 126:.\Generated_Source\PSoC5/ConsolePort_2_WinTimer_PM.c ****     #endif /* Back up enable state from the Timer control register */
 127:.\Generated_Source\PSoC5/ConsolePort_2_WinTimer_PM.c ****     ConsolePort_2_WinTimer_Stop();
 387              		.loc 1 127 0
 388 000c FFF7FEFF 		bl	ConsolePort_2_WinTimer_Stop
 389              	.LVL4:
 390              	.LBB4:
 391              	.LBB5:
  46:.\Generated_Source\PSoC5/ConsolePort_2_WinTimer_PM.c ****         ConsolePort_2_WinTimer_backup.InterruptMaskValue = ConsolePort_2_WinTimer_STATUS_MASK;
 392              		.loc 1 46 0
 393 0010 FFF7FEFF 		bl	ConsolePort_2_WinTimer_ReadCounter
 394              	.LVL5:
  47:.\Generated_Source\PSoC5/ConsolePort_2_WinTimer_PM.c ****         #if (ConsolePort_2_WinTimer_UsingHWCaptureCounter)
 395              		.loc 1 47 0
 396 0014 054B     		ldr	r3, .L11+8
  46:.\Generated_Source\PSoC5/ConsolePort_2_WinTimer_PM.c ****         ConsolePort_2_WinTimer_backup.InterruptMaskValue = ConsolePort_2_WinTimer_STATUS_MASK;
 397              		.loc 1 46 0
 398 0016 6080     		strh	r0, [r4, #2]	@ movhi
  47:.\Generated_Source\PSoC5/ConsolePort_2_WinTimer_PM.c ****         #if (ConsolePort_2_WinTimer_UsingHWCaptureCounter)
 399              		.loc 1 47 0
 400 0018 1B78     		ldrb	r3, [r3]	@ zero_extendqisi2
 401 001a 2371     		strb	r3, [r4, #4]
  53:.\Generated_Source\PSoC5/ConsolePort_2_WinTimer_PM.c ****         #endif /* Backup the enable state of the Timer component */
 402              		.loc 1 53 0
 403 001c FFF7FEFF 		bl	ConsolePort_2_WinTimer_ReadControlRegister
 404              	.LVL6:
 405 0020 6071     		strb	r0, [r4, #5]
 406 0022 10BD     		pop	{r4, pc}
 407              	.L12:
 408              		.align	2
 409              	.L11:
 410 0024 73640040 		.word	1073767539
 411 0028 00000000 		.word	.LANCHOR0
 412 002c 83640040 		.word	1073767555
 413              	.LBE5:
 414              	.LBE4:
 415              		.cfi_endproc
 416              	.LFE2:
 417              		.size	ConsolePort_2_WinTimer_Sleep, .-ConsolePort_2_WinTimer_Sleep
 418              		.section	.text.ConsolePort_2_WinTimer_Wakeup,"ax",%progbits
 419              		.align	2
 420              		.global	ConsolePort_2_WinTimer_Wakeup
 421              		.thumb
ARM GAS  C:\Users\Thomas\AppData\Local\Temp\cc4nKsVY.s 			page 26


 422              		.thumb_func
 423              		.type	ConsolePort_2_WinTimer_Wakeup, %function
 424              	ConsolePort_2_WinTimer_Wakeup:
 425              	.LFB3:
 128:.\Generated_Source\PSoC5/ConsolePort_2_WinTimer_PM.c ****     ConsolePort_2_WinTimer_SaveConfig();
 129:.\Generated_Source\PSoC5/ConsolePort_2_WinTimer_PM.c **** }
 130:.\Generated_Source\PSoC5/ConsolePort_2_WinTimer_PM.c **** 
 131:.\Generated_Source\PSoC5/ConsolePort_2_WinTimer_PM.c **** 
 132:.\Generated_Source\PSoC5/ConsolePort_2_WinTimer_PM.c **** /*******************************************************************************
 133:.\Generated_Source\PSoC5/ConsolePort_2_WinTimer_PM.c **** * Function Name: ConsolePort_2_WinTimer_Wakeup
 134:.\Generated_Source\PSoC5/ConsolePort_2_WinTimer_PM.c **** ********************************************************************************
 135:.\Generated_Source\PSoC5/ConsolePort_2_WinTimer_PM.c **** *
 136:.\Generated_Source\PSoC5/ConsolePort_2_WinTimer_PM.c **** * Summary:
 137:.\Generated_Source\PSoC5/ConsolePort_2_WinTimer_PM.c **** *  Restores and enables the user configuration
 138:.\Generated_Source\PSoC5/ConsolePort_2_WinTimer_PM.c **** *
 139:.\Generated_Source\PSoC5/ConsolePort_2_WinTimer_PM.c **** * Parameters:
 140:.\Generated_Source\PSoC5/ConsolePort_2_WinTimer_PM.c **** *  void
 141:.\Generated_Source\PSoC5/ConsolePort_2_WinTimer_PM.c **** *
 142:.\Generated_Source\PSoC5/ConsolePort_2_WinTimer_PM.c **** * Return:
 143:.\Generated_Source\PSoC5/ConsolePort_2_WinTimer_PM.c **** *  void
 144:.\Generated_Source\PSoC5/ConsolePort_2_WinTimer_PM.c **** *
 145:.\Generated_Source\PSoC5/ConsolePort_2_WinTimer_PM.c **** * Global variables:
 146:.\Generated_Source\PSoC5/ConsolePort_2_WinTimer_PM.c **** *  ConsolePort_2_WinTimer_backup.enableState:  Is used to restore the enable state of
 147:.\Generated_Source\PSoC5/ConsolePort_2_WinTimer_PM.c **** *  block on wakeup from sleep mode.
 148:.\Generated_Source\PSoC5/ConsolePort_2_WinTimer_PM.c **** *
 149:.\Generated_Source\PSoC5/ConsolePort_2_WinTimer_PM.c **** *******************************************************************************/
 150:.\Generated_Source\PSoC5/ConsolePort_2_WinTimer_PM.c **** void ConsolePort_2_WinTimer_Wakeup(void) 
 151:.\Generated_Source\PSoC5/ConsolePort_2_WinTimer_PM.c **** {
 426              		.loc 1 151 0
 427              		.cfi_startproc
 428              		@ args = 0, pretend = 0, frame = 0
 429              		@ frame_needed = 0, uses_anonymous_args = 0
 430 0000 10B5     		push	{r4, lr}
 431              		.cfi_def_cfa_offset 8
 432              		.cfi_offset 4, -8
 433              		.cfi_offset 14, -4
 434              	.LBB8:
 435              	.LBB9:
  81:.\Generated_Source\PSoC5/ConsolePort_2_WinTimer_PM.c ****         ConsolePort_2_WinTimer_STATUS_MASK =ConsolePort_2_WinTimer_backup.InterruptMaskValue;
 436              		.loc 1 81 0
 437 0002 094C     		ldr	r4, .L18
 438 0004 6088     		ldrh	r0, [r4, #2]
 439 0006 FFF7FEFF 		bl	ConsolePort_2_WinTimer_WriteCounter
 440              	.LVL7:
  82:.\Generated_Source\PSoC5/ConsolePort_2_WinTimer_PM.c ****         #if (ConsolePort_2_WinTimer_UsingHWCaptureCounter)
 441              		.loc 1 82 0
 442 000a 084B     		ldr	r3, .L18+4
 443 000c 2279     		ldrb	r2, [r4, #4]	@ zero_extendqisi2
  88:.\Generated_Source\PSoC5/ConsolePort_2_WinTimer_PM.c ****         #endif /* Restore the enable state of the Timer component */
 444              		.loc 1 88 0
 445 000e 6079     		ldrb	r0, [r4, #5]	@ zero_extendqisi2
  82:.\Generated_Source\PSoC5/ConsolePort_2_WinTimer_PM.c ****         #if (ConsolePort_2_WinTimer_UsingHWCaptureCounter)
 446              		.loc 1 82 0
 447 0010 1A70     		strb	r2, [r3]
  88:.\Generated_Source\PSoC5/ConsolePort_2_WinTimer_PM.c ****         #endif /* Restore the enable state of the Timer component */
 448              		.loc 1 88 0
 449 0012 FFF7FEFF 		bl	ConsolePort_2_WinTimer_WriteControlRegister
ARM GAS  C:\Users\Thomas\AppData\Local\Temp\cc4nKsVY.s 			page 27


 450              	.LVL8:
 451              	.LBE9:
 452              	.LBE8:
 152:.\Generated_Source\PSoC5/ConsolePort_2_WinTimer_PM.c ****     ConsolePort_2_WinTimer_RestoreConfig();
 153:.\Generated_Source\PSoC5/ConsolePort_2_WinTimer_PM.c ****     #if(!ConsolePort_2_WinTimer_UDB_CONTROL_REG_REMOVED)
 154:.\Generated_Source\PSoC5/ConsolePort_2_WinTimer_PM.c ****         if(ConsolePort_2_WinTimer_backup.TimerEnableState == 1u)
 453              		.loc 1 154 0
 454 0016 2378     		ldrb	r3, [r4]	@ zero_extendqisi2
 455 0018 012B     		cmp	r3, #1
 456 001a 00D0     		beq	.L17
 457 001c 10BD     		pop	{r4, pc}
 458              	.L17:
 155:.\Generated_Source\PSoC5/ConsolePort_2_WinTimer_PM.c ****         {     /* Enable Timer's operation */
 156:.\Generated_Source\PSoC5/ConsolePort_2_WinTimer_PM.c ****                 ConsolePort_2_WinTimer_Enable();
 157:.\Generated_Source\PSoC5/ConsolePort_2_WinTimer_PM.c ****         } /* Do nothing if Timer was disabled before */
 158:.\Generated_Source\PSoC5/ConsolePort_2_WinTimer_PM.c ****     #endif /* Remove this code section if Control register is removed */
 159:.\Generated_Source\PSoC5/ConsolePort_2_WinTimer_PM.c **** }
 459              		.loc 1 159 0
 460 001e BDE81040 		pop	{r4, lr}
 461              		.cfi_restore 14
 462              		.cfi_restore 4
 463              		.cfi_def_cfa_offset 0
 156:.\Generated_Source\PSoC5/ConsolePort_2_WinTimer_PM.c ****         } /* Do nothing if Timer was disabled before */
 464              		.loc 1 156 0
 465 0022 FFF7FEBF 		b	ConsolePort_2_WinTimer_Enable
 466              	.LVL9:
 467              	.L19:
 468 0026 00BF     		.align	2
 469              	.L18:
 470 0028 00000000 		.word	.LANCHOR0
 471 002c 83640040 		.word	1073767555
 472              		.cfi_endproc
 473              	.LFE3:
 474              		.size	ConsolePort_2_WinTimer_Wakeup, .-ConsolePort_2_WinTimer_Wakeup
 475              		.bss
 476              		.align	2
 477              		.set	.LANCHOR0,. + 0
 478              		.type	ConsolePort_2_WinTimer_backup, %object
 479              		.size	ConsolePort_2_WinTimer_backup, 6
 480              	ConsolePort_2_WinTimer_backup:
 481 0000 00000000 		.space	6
 481      0000
 482 0006 0000     		.text
 483              	.Letext0:
 484              		.file 2 ".\\Generated_Source\\PSoC5\\cytypes.h"
 485              		.file 3 ".\\Generated_Source\\PSoC5\\ConsolePort_2_WinTimer.h"
 486              		.section	.debug_info,"",%progbits
 487              	.Ldebug_info0:
 488 0000 2E020000 		.4byte	0x22e
 489 0004 0400     		.2byte	0x4
 490 0006 00000000 		.4byte	.Ldebug_abbrev0
 491 000a 04       		.byte	0x4
 492 000b 01       		.uleb128 0x1
 493 000c E5010000 		.4byte	.LASF31
 494 0010 01       		.byte	0x1
 495 0011 E1000000 		.4byte	.LASF32
 496 0015 77010000 		.4byte	.LASF33
ARM GAS  C:\Users\Thomas\AppData\Local\Temp\cc4nKsVY.s 			page 28


 497 0019 00000000 		.4byte	.Ldebug_ranges0+0
 498 001d 00000000 		.4byte	0
 499 0021 00000000 		.4byte	.Ldebug_line0
 500 0025 02       		.uleb128 0x2
 501 0026 01       		.byte	0x1
 502 0027 06       		.byte	0x6
 503 0028 24030000 		.4byte	.LASF0
 504 002c 02       		.uleb128 0x2
 505 002d 01       		.byte	0x1
 506 002e 08       		.byte	0x8
 507 002f 92000000 		.4byte	.LASF1
 508 0033 02       		.uleb128 0x2
 509 0034 02       		.byte	0x2
 510 0035 05       		.byte	0x5
 511 0036 42010000 		.4byte	.LASF2
 512 003a 02       		.uleb128 0x2
 513 003b 02       		.byte	0x2
 514 003c 07       		.byte	0x7
 515 003d 11000000 		.4byte	.LASF3
 516 0041 02       		.uleb128 0x2
 517 0042 04       		.byte	0x4
 518 0043 05       		.byte	0x5
 519 0044 F7020000 		.4byte	.LASF4
 520 0048 02       		.uleb128 0x2
 521 0049 04       		.byte	0x4
 522 004a 07       		.byte	0x7
 523 004b A5000000 		.4byte	.LASF5
 524 004f 02       		.uleb128 0x2
 525 0050 08       		.byte	0x8
 526 0051 05       		.byte	0x5
 527 0052 D7010000 		.4byte	.LASF6
 528 0056 02       		.uleb128 0x2
 529 0057 08       		.byte	0x8
 530 0058 07       		.byte	0x7
 531 0059 60010000 		.4byte	.LASF7
 532 005d 03       		.uleb128 0x3
 533 005e 04       		.byte	0x4
 534 005f 05       		.byte	0x5
 535 0060 696E7400 		.ascii	"int\000"
 536 0064 02       		.uleb128 0x2
 537 0065 04       		.byte	0x4
 538 0066 07       		.byte	0x7
 539 0067 53010000 		.4byte	.LASF8
 540 006b 04       		.uleb128 0x4
 541 006c DB000000 		.4byte	.LASF9
 542 0070 02       		.byte	0x2
 543 0071 9201     		.2byte	0x192
 544 0073 2C000000 		.4byte	0x2c
 545 0077 04       		.uleb128 0x4
 546 0078 4C010000 		.4byte	.LASF10
 547 007c 02       		.byte	0x2
 548 007d 9301     		.2byte	0x193
 549 007f 3A000000 		.4byte	0x3a
 550 0083 02       		.uleb128 0x2
 551 0084 04       		.byte	0x4
 552 0085 04       		.byte	0x4
 553 0086 8C000000 		.4byte	.LASF11
ARM GAS  C:\Users\Thomas\AppData\Local\Temp\cc4nKsVY.s 			page 29


 554 008a 02       		.uleb128 0x2
 555 008b 08       		.byte	0x8
 556 008c 04       		.byte	0x4
 557 008d 16010000 		.4byte	.LASF12
 558 0091 02       		.uleb128 0x2
 559 0092 01       		.byte	0x1
 560 0093 08       		.byte	0x8
 561 0094 8C020000 		.4byte	.LASF13
 562 0098 04       		.uleb128 0x4
 563 0099 A0000000 		.4byte	.LASF14
 564 009d 02       		.byte	0x2
 565 009e 3C02     		.2byte	0x23c
 566 00a0 A4000000 		.4byte	0xa4
 567 00a4 05       		.uleb128 0x5
 568 00a5 6B000000 		.4byte	0x6b
 569 00a9 02       		.uleb128 0x2
 570 00aa 04       		.byte	0x4
 571 00ab 07       		.byte	0x7
 572 00ac CE010000 		.4byte	.LASF15
 573 00b0 06       		.uleb128 0x6
 574 00b1 06       		.byte	0x6
 575 00b2 03       		.byte	0x3
 576 00b3 43       		.byte	0x43
 577 00b4 E9000000 		.4byte	0xe9
 578 00b8 07       		.uleb128 0x7
 579 00b9 00000000 		.4byte	.LASF16
 580 00bd 03       		.byte	0x3
 581 00be 45       		.byte	0x45
 582 00bf 6B000000 		.4byte	0x6b
 583 00c3 00       		.byte	0
 584 00c4 07       		.uleb128 0x7
 585 00c5 42000000 		.4byte	.LASF17
 586 00c9 03       		.byte	0x3
 587 00ca 48       		.byte	0x48
 588 00cb 77000000 		.4byte	0x77
 589 00cf 02       		.byte	0x2
 590 00d0 07       		.uleb128 0x7
 591 00d1 7E030000 		.4byte	.LASF18
 592 00d5 03       		.byte	0x3
 593 00d6 49       		.byte	0x49
 594 00d7 6B000000 		.4byte	0x6b
 595 00db 04       		.byte	0x4
 596 00dc 07       		.uleb128 0x7
 597 00dd 91030000 		.4byte	.LASF19
 598 00e1 03       		.byte	0x3
 599 00e2 4F       		.byte	0x4f
 600 00e3 6B000000 		.4byte	0x6b
 601 00e7 05       		.byte	0x5
 602 00e8 00       		.byte	0
 603 00e9 08       		.uleb128 0x8
 604 00ea B7000000 		.4byte	.LASF20
 605 00ee 03       		.byte	0x3
 606 00ef 53       		.byte	0x53
 607 00f0 B0000000 		.4byte	0xb0
 608 00f4 09       		.uleb128 0x9
 609 00f5 5C030000 		.4byte	.LASF21
 610 00f9 01       		.byte	0x1
ARM GAS  C:\Users\Thomas\AppData\Local\Temp\cc4nKsVY.s 			page 30


 611 00fa 2B       		.byte	0x2b
 612 00fb 01       		.byte	0x1
 613 00fc 0A       		.uleb128 0xa
 614 00fd F4000000 		.4byte	0xf4
 615 0101 00000000 		.4byte	.LFB0
 616 0105 20000000 		.4byte	.LFE0-.LFB0
 617 0109 01       		.uleb128 0x1
 618 010a 9C       		.byte	0x9c
 619 010b 22010000 		.4byte	0x122
 620 010f 0B       		.uleb128 0xb
 621 0110 06000000 		.4byte	.LVL0
 622 0114 EB010000 		.4byte	0x1eb
 623 0118 0B       		.uleb128 0xb
 624 0119 14000000 		.4byte	.LVL1
 625 011d F6010000 		.4byte	0x1f6
 626 0121 00       		.byte	0
 627 0122 09       		.uleb128 0x9
 628 0123 1D010000 		.4byte	.LASF22
 629 0127 01       		.byte	0x1
 630 0128 4D       		.byte	0x4d
 631 0129 01       		.byte	0x1
 632 012a 0A       		.uleb128 0xa
 633 012b 22010000 		.4byte	0x122
 634 012f 00000000 		.4byte	.LFB1
 635 0133 24000000 		.4byte	.LFE1-.LFB1
 636 0137 01       		.uleb128 0x1
 637 0138 9C       		.byte	0x9c
 638 0139 50010000 		.4byte	0x150
 639 013d 0B       		.uleb128 0xb
 640 013e 0A000000 		.4byte	.LVL2
 641 0142 01020000 		.4byte	0x201
 642 0146 0C       		.uleb128 0xc
 643 0147 1A000000 		.4byte	.LVL3
 644 014b 12020000 		.4byte	0x212
 645 014f 00       		.byte	0
 646 0150 0D       		.uleb128 0xd
 647 0151 91020000 		.4byte	.LASF23
 648 0155 01       		.byte	0x1
 649 0156 70       		.byte	0x70
 650 0157 00000000 		.4byte	.LFB2
 651 015b 30000000 		.4byte	.LFE2-.LFB2
 652 015f 01       		.uleb128 0x1
 653 0160 9C       		.byte	0x9c
 654 0161 95010000 		.4byte	0x195
 655 0165 0E       		.uleb128 0xe
 656 0166 F4000000 		.4byte	0xf4
 657 016a 10000000 		.4byte	.LBB4
 658 016e 20000000 		.4byte	.LBE4-.LBB4
 659 0172 01       		.byte	0x1
 660 0173 80       		.byte	0x80
 661 0174 8B010000 		.4byte	0x18b
 662 0178 0B       		.uleb128 0xb
 663 0179 14000000 		.4byte	.LVL5
 664 017d EB010000 		.4byte	0x1eb
 665 0181 0B       		.uleb128 0xb
 666 0182 20000000 		.4byte	.LVL6
 667 0186 F6010000 		.4byte	0x1f6
ARM GAS  C:\Users\Thomas\AppData\Local\Temp\cc4nKsVY.s 			page 31


 668 018a 00       		.byte	0
 669 018b 0B       		.uleb128 0xb
 670 018c 10000000 		.4byte	.LVL4
 671 0190 23020000 		.4byte	0x223
 672 0194 00       		.byte	0
 673 0195 0D       		.uleb128 0xd
 674 0196 6E000000 		.4byte	.LASF24
 675 019a 01       		.byte	0x1
 676 019b 96       		.byte	0x96
 677 019c 00000000 		.4byte	.LFB3
 678 01a0 30000000 		.4byte	.LFE3-.LFB3
 679 01a4 01       		.uleb128 0x1
 680 01a5 9C       		.byte	0x9c
 681 01a6 DA010000 		.4byte	0x1da
 682 01aa 0E       		.uleb128 0xe
 683 01ab 22010000 		.4byte	0x122
 684 01af 02000000 		.4byte	.LBB8
 685 01b3 14000000 		.4byte	.LBE8-.LBB8
 686 01b7 01       		.byte	0x1
 687 01b8 98       		.byte	0x98
 688 01b9 D0010000 		.4byte	0x1d0
 689 01bd 0B       		.uleb128 0xb
 690 01be 0A000000 		.4byte	.LVL7
 691 01c2 01020000 		.4byte	0x201
 692 01c6 0B       		.uleb128 0xb
 693 01c7 16000000 		.4byte	.LVL8
 694 01cb 12020000 		.4byte	0x212
 695 01cf 00       		.byte	0
 696 01d0 0C       		.uleb128 0xc
 697 01d1 26000000 		.4byte	.LVL9
 698 01d5 2A020000 		.4byte	0x22a
 699 01d9 00       		.byte	0
 700 01da 0F       		.uleb128 0xf
 701 01db 24000000 		.4byte	.LASF34
 702 01df 01       		.byte	0x1
 703 01e0 15       		.byte	0x15
 704 01e1 E9000000 		.4byte	0xe9
 705 01e5 05       		.uleb128 0x5
 706 01e6 03       		.byte	0x3
 707 01e7 00000000 		.4byte	ConsolePort_2_WinTimer_backup
 708 01eb 10       		.uleb128 0x10
 709 01ec 4B000000 		.4byte	.LASF25
 710 01f0 03       		.byte	0x3
 711 01f1 69       		.byte	0x69
 712 01f2 77000000 		.4byte	0x77
 713 01f6 10       		.uleb128 0x10
 714 01f7 CC020000 		.4byte	.LASF26
 715 01fb 03       		.byte	0x3
 716 01fc 63       		.byte	0x63
 717 01fd 6B000000 		.4byte	0x6b
 718 0201 11       		.uleb128 0x11
 719 0202 00030000 		.4byte	.LASF27
 720 0206 03       		.byte	0x3
 721 0207 6A       		.byte	0x6a
 722 0208 12020000 		.4byte	0x212
 723 020c 12       		.uleb128 0x12
 724 020d 77000000 		.4byte	0x77
ARM GAS  C:\Users\Thomas\AppData\Local\Temp\cc4nKsVY.s 			page 32


 725 0211 00       		.byte	0
 726 0212 11       		.uleb128 0x11
 727 0213 30030000 		.4byte	.LASF28
 728 0217 03       		.byte	0x3
 729 0218 64       		.byte	0x64
 730 0219 23020000 		.4byte	0x223
 731 021d 12       		.uleb128 0x12
 732 021e 6B000000 		.4byte	0x6b
 733 0222 00       		.byte	0
 734 0223 13       		.uleb128 0x13
 735 0224 B2010000 		.4byte	.LASF29
 736 0228 03       		.byte	0x3
 737 0229 5B       		.byte	0x5b
 738 022a 13       		.uleb128 0x13
 739 022b AE020000 		.4byte	.LASF30
 740 022f 03       		.byte	0x3
 741 0230 8B       		.byte	0x8b
 742 0231 00       		.byte	0
 743              		.section	.debug_abbrev,"",%progbits
 744              	.Ldebug_abbrev0:
 745 0000 01       		.uleb128 0x1
 746 0001 11       		.uleb128 0x11
 747 0002 01       		.byte	0x1
 748 0003 25       		.uleb128 0x25
 749 0004 0E       		.uleb128 0xe
 750 0005 13       		.uleb128 0x13
 751 0006 0B       		.uleb128 0xb
 752 0007 03       		.uleb128 0x3
 753 0008 0E       		.uleb128 0xe
 754 0009 1B       		.uleb128 0x1b
 755 000a 0E       		.uleb128 0xe
 756 000b 55       		.uleb128 0x55
 757 000c 17       		.uleb128 0x17
 758 000d 11       		.uleb128 0x11
 759 000e 01       		.uleb128 0x1
 760 000f 10       		.uleb128 0x10
 761 0010 17       		.uleb128 0x17
 762 0011 00       		.byte	0
 763 0012 00       		.byte	0
 764 0013 02       		.uleb128 0x2
 765 0014 24       		.uleb128 0x24
 766 0015 00       		.byte	0
 767 0016 0B       		.uleb128 0xb
 768 0017 0B       		.uleb128 0xb
 769 0018 3E       		.uleb128 0x3e
 770 0019 0B       		.uleb128 0xb
 771 001a 03       		.uleb128 0x3
 772 001b 0E       		.uleb128 0xe
 773 001c 00       		.byte	0
 774 001d 00       		.byte	0
 775 001e 03       		.uleb128 0x3
 776 001f 24       		.uleb128 0x24
 777 0020 00       		.byte	0
 778 0021 0B       		.uleb128 0xb
 779 0022 0B       		.uleb128 0xb
 780 0023 3E       		.uleb128 0x3e
 781 0024 0B       		.uleb128 0xb
ARM GAS  C:\Users\Thomas\AppData\Local\Temp\cc4nKsVY.s 			page 33


 782 0025 03       		.uleb128 0x3
 783 0026 08       		.uleb128 0x8
 784 0027 00       		.byte	0
 785 0028 00       		.byte	0
 786 0029 04       		.uleb128 0x4
 787 002a 16       		.uleb128 0x16
 788 002b 00       		.byte	0
 789 002c 03       		.uleb128 0x3
 790 002d 0E       		.uleb128 0xe
 791 002e 3A       		.uleb128 0x3a
 792 002f 0B       		.uleb128 0xb
 793 0030 3B       		.uleb128 0x3b
 794 0031 05       		.uleb128 0x5
 795 0032 49       		.uleb128 0x49
 796 0033 13       		.uleb128 0x13
 797 0034 00       		.byte	0
 798 0035 00       		.byte	0
 799 0036 05       		.uleb128 0x5
 800 0037 35       		.uleb128 0x35
 801 0038 00       		.byte	0
 802 0039 49       		.uleb128 0x49
 803 003a 13       		.uleb128 0x13
 804 003b 00       		.byte	0
 805 003c 00       		.byte	0
 806 003d 06       		.uleb128 0x6
 807 003e 13       		.uleb128 0x13
 808 003f 01       		.byte	0x1
 809 0040 0B       		.uleb128 0xb
 810 0041 0B       		.uleb128 0xb
 811 0042 3A       		.uleb128 0x3a
 812 0043 0B       		.uleb128 0xb
 813 0044 3B       		.uleb128 0x3b
 814 0045 0B       		.uleb128 0xb
 815 0046 01       		.uleb128 0x1
 816 0047 13       		.uleb128 0x13
 817 0048 00       		.byte	0
 818 0049 00       		.byte	0
 819 004a 07       		.uleb128 0x7
 820 004b 0D       		.uleb128 0xd
 821 004c 00       		.byte	0
 822 004d 03       		.uleb128 0x3
 823 004e 0E       		.uleb128 0xe
 824 004f 3A       		.uleb128 0x3a
 825 0050 0B       		.uleb128 0xb
 826 0051 3B       		.uleb128 0x3b
 827 0052 0B       		.uleb128 0xb
 828 0053 49       		.uleb128 0x49
 829 0054 13       		.uleb128 0x13
 830 0055 38       		.uleb128 0x38
 831 0056 0B       		.uleb128 0xb
 832 0057 00       		.byte	0
 833 0058 00       		.byte	0
 834 0059 08       		.uleb128 0x8
 835 005a 16       		.uleb128 0x16
 836 005b 00       		.byte	0
 837 005c 03       		.uleb128 0x3
 838 005d 0E       		.uleb128 0xe
ARM GAS  C:\Users\Thomas\AppData\Local\Temp\cc4nKsVY.s 			page 34


 839 005e 3A       		.uleb128 0x3a
 840 005f 0B       		.uleb128 0xb
 841 0060 3B       		.uleb128 0x3b
 842 0061 0B       		.uleb128 0xb
 843 0062 49       		.uleb128 0x49
 844 0063 13       		.uleb128 0x13
 845 0064 00       		.byte	0
 846 0065 00       		.byte	0
 847 0066 09       		.uleb128 0x9
 848 0067 2E       		.uleb128 0x2e
 849 0068 00       		.byte	0
 850 0069 3F       		.uleb128 0x3f
 851 006a 19       		.uleb128 0x19
 852 006b 03       		.uleb128 0x3
 853 006c 0E       		.uleb128 0xe
 854 006d 3A       		.uleb128 0x3a
 855 006e 0B       		.uleb128 0xb
 856 006f 3B       		.uleb128 0x3b
 857 0070 0B       		.uleb128 0xb
 858 0071 27       		.uleb128 0x27
 859 0072 19       		.uleb128 0x19
 860 0073 20       		.uleb128 0x20
 861 0074 0B       		.uleb128 0xb
 862 0075 00       		.byte	0
 863 0076 00       		.byte	0
 864 0077 0A       		.uleb128 0xa
 865 0078 2E       		.uleb128 0x2e
 866 0079 01       		.byte	0x1
 867 007a 31       		.uleb128 0x31
 868 007b 13       		.uleb128 0x13
 869 007c 11       		.uleb128 0x11
 870 007d 01       		.uleb128 0x1
 871 007e 12       		.uleb128 0x12
 872 007f 06       		.uleb128 0x6
 873 0080 40       		.uleb128 0x40
 874 0081 18       		.uleb128 0x18
 875 0082 9742     		.uleb128 0x2117
 876 0084 19       		.uleb128 0x19
 877 0085 01       		.uleb128 0x1
 878 0086 13       		.uleb128 0x13
 879 0087 00       		.byte	0
 880 0088 00       		.byte	0
 881 0089 0B       		.uleb128 0xb
 882 008a 898201   		.uleb128 0x4109
 883 008d 00       		.byte	0
 884 008e 11       		.uleb128 0x11
 885 008f 01       		.uleb128 0x1
 886 0090 31       		.uleb128 0x31
 887 0091 13       		.uleb128 0x13
 888 0092 00       		.byte	0
 889 0093 00       		.byte	0
 890 0094 0C       		.uleb128 0xc
 891 0095 898201   		.uleb128 0x4109
 892 0098 00       		.byte	0
 893 0099 11       		.uleb128 0x11
 894 009a 01       		.uleb128 0x1
 895 009b 9542     		.uleb128 0x2115
ARM GAS  C:\Users\Thomas\AppData\Local\Temp\cc4nKsVY.s 			page 35


 896 009d 19       		.uleb128 0x19
 897 009e 31       		.uleb128 0x31
 898 009f 13       		.uleb128 0x13
 899 00a0 00       		.byte	0
 900 00a1 00       		.byte	0
 901 00a2 0D       		.uleb128 0xd
 902 00a3 2E       		.uleb128 0x2e
 903 00a4 01       		.byte	0x1
 904 00a5 3F       		.uleb128 0x3f
 905 00a6 19       		.uleb128 0x19
 906 00a7 03       		.uleb128 0x3
 907 00a8 0E       		.uleb128 0xe
 908 00a9 3A       		.uleb128 0x3a
 909 00aa 0B       		.uleb128 0xb
 910 00ab 3B       		.uleb128 0x3b
 911 00ac 0B       		.uleb128 0xb
 912 00ad 27       		.uleb128 0x27
 913 00ae 19       		.uleb128 0x19
 914 00af 11       		.uleb128 0x11
 915 00b0 01       		.uleb128 0x1
 916 00b1 12       		.uleb128 0x12
 917 00b2 06       		.uleb128 0x6
 918 00b3 40       		.uleb128 0x40
 919 00b4 18       		.uleb128 0x18
 920 00b5 9742     		.uleb128 0x2117
 921 00b7 19       		.uleb128 0x19
 922 00b8 01       		.uleb128 0x1
 923 00b9 13       		.uleb128 0x13
 924 00ba 00       		.byte	0
 925 00bb 00       		.byte	0
 926 00bc 0E       		.uleb128 0xe
 927 00bd 1D       		.uleb128 0x1d
 928 00be 01       		.byte	0x1
 929 00bf 31       		.uleb128 0x31
 930 00c0 13       		.uleb128 0x13
 931 00c1 11       		.uleb128 0x11
 932 00c2 01       		.uleb128 0x1
 933 00c3 12       		.uleb128 0x12
 934 00c4 06       		.uleb128 0x6
 935 00c5 58       		.uleb128 0x58
 936 00c6 0B       		.uleb128 0xb
 937 00c7 59       		.uleb128 0x59
 938 00c8 0B       		.uleb128 0xb
 939 00c9 01       		.uleb128 0x1
 940 00ca 13       		.uleb128 0x13
 941 00cb 00       		.byte	0
 942 00cc 00       		.byte	0
 943 00cd 0F       		.uleb128 0xf
 944 00ce 34       		.uleb128 0x34
 945 00cf 00       		.byte	0
 946 00d0 03       		.uleb128 0x3
 947 00d1 0E       		.uleb128 0xe
 948 00d2 3A       		.uleb128 0x3a
 949 00d3 0B       		.uleb128 0xb
 950 00d4 3B       		.uleb128 0x3b
 951 00d5 0B       		.uleb128 0xb
 952 00d6 49       		.uleb128 0x49
ARM GAS  C:\Users\Thomas\AppData\Local\Temp\cc4nKsVY.s 			page 36


 953 00d7 13       		.uleb128 0x13
 954 00d8 02       		.uleb128 0x2
 955 00d9 18       		.uleb128 0x18
 956 00da 00       		.byte	0
 957 00db 00       		.byte	0
 958 00dc 10       		.uleb128 0x10
 959 00dd 2E       		.uleb128 0x2e
 960 00de 00       		.byte	0
 961 00df 3F       		.uleb128 0x3f
 962 00e0 19       		.uleb128 0x19
 963 00e1 03       		.uleb128 0x3
 964 00e2 0E       		.uleb128 0xe
 965 00e3 3A       		.uleb128 0x3a
 966 00e4 0B       		.uleb128 0xb
 967 00e5 3B       		.uleb128 0x3b
 968 00e6 0B       		.uleb128 0xb
 969 00e7 27       		.uleb128 0x27
 970 00e8 19       		.uleb128 0x19
 971 00e9 49       		.uleb128 0x49
 972 00ea 13       		.uleb128 0x13
 973 00eb 3C       		.uleb128 0x3c
 974 00ec 19       		.uleb128 0x19
 975 00ed 00       		.byte	0
 976 00ee 00       		.byte	0
 977 00ef 11       		.uleb128 0x11
 978 00f0 2E       		.uleb128 0x2e
 979 00f1 01       		.byte	0x1
 980 00f2 3F       		.uleb128 0x3f
 981 00f3 19       		.uleb128 0x19
 982 00f4 03       		.uleb128 0x3
 983 00f5 0E       		.uleb128 0xe
 984 00f6 3A       		.uleb128 0x3a
 985 00f7 0B       		.uleb128 0xb
 986 00f8 3B       		.uleb128 0x3b
 987 00f9 0B       		.uleb128 0xb
 988 00fa 27       		.uleb128 0x27
 989 00fb 19       		.uleb128 0x19
 990 00fc 3C       		.uleb128 0x3c
 991 00fd 19       		.uleb128 0x19
 992 00fe 01       		.uleb128 0x1
 993 00ff 13       		.uleb128 0x13
 994 0100 00       		.byte	0
 995 0101 00       		.byte	0
 996 0102 12       		.uleb128 0x12
 997 0103 05       		.uleb128 0x5
 998 0104 00       		.byte	0
 999 0105 49       		.uleb128 0x49
 1000 0106 13       		.uleb128 0x13
 1001 0107 00       		.byte	0
 1002 0108 00       		.byte	0
 1003 0109 13       		.uleb128 0x13
 1004 010a 2E       		.uleb128 0x2e
 1005 010b 00       		.byte	0
 1006 010c 3F       		.uleb128 0x3f
 1007 010d 19       		.uleb128 0x19
 1008 010e 03       		.uleb128 0x3
 1009 010f 0E       		.uleb128 0xe
ARM GAS  C:\Users\Thomas\AppData\Local\Temp\cc4nKsVY.s 			page 37


 1010 0110 3A       		.uleb128 0x3a
 1011 0111 0B       		.uleb128 0xb
 1012 0112 3B       		.uleb128 0x3b
 1013 0113 0B       		.uleb128 0xb
 1014 0114 27       		.uleb128 0x27
 1015 0115 19       		.uleb128 0x19
 1016 0116 3C       		.uleb128 0x3c
 1017 0117 19       		.uleb128 0x19
 1018 0118 00       		.byte	0
 1019 0119 00       		.byte	0
 1020 011a 00       		.byte	0
 1021              		.section	.debug_aranges,"",%progbits
 1022 0000 34000000 		.4byte	0x34
 1023 0004 0200     		.2byte	0x2
 1024 0006 00000000 		.4byte	.Ldebug_info0
 1025 000a 04       		.byte	0x4
 1026 000b 00       		.byte	0
 1027 000c 0000     		.2byte	0
 1028 000e 0000     		.2byte	0
 1029 0010 00000000 		.4byte	.LFB0
 1030 0014 20000000 		.4byte	.LFE0-.LFB0
 1031 0018 00000000 		.4byte	.LFB1
 1032 001c 24000000 		.4byte	.LFE1-.LFB1
 1033 0020 00000000 		.4byte	.LFB2
 1034 0024 30000000 		.4byte	.LFE2-.LFB2
 1035 0028 00000000 		.4byte	.LFB3
 1036 002c 30000000 		.4byte	.LFE3-.LFB3
 1037 0030 00000000 		.4byte	0
 1038 0034 00000000 		.4byte	0
 1039              		.section	.debug_ranges,"",%progbits
 1040              	.Ldebug_ranges0:
 1041 0000 00000000 		.4byte	.LFB0
 1042 0004 20000000 		.4byte	.LFE0
 1043 0008 00000000 		.4byte	.LFB1
 1044 000c 24000000 		.4byte	.LFE1
 1045 0010 00000000 		.4byte	.LFB2
 1046 0014 30000000 		.4byte	.LFE2
 1047 0018 00000000 		.4byte	.LFB3
 1048 001c 30000000 		.4byte	.LFE3
 1049 0020 00000000 		.4byte	0
 1050 0024 00000000 		.4byte	0
 1051              		.section	.debug_line,"",%progbits
 1052              	.Ldebug_line0:
 1053 0000 E6000000 		.section	.debug_str,"MS",%progbits,1
 1053      02007400 
 1053      00000201 
 1053      FB0E0D00 
 1053      01010101 
 1054              	.LASF16:
 1055 0000 54696D65 		.ascii	"TimerEnableState\000"
 1055      72456E61 
 1055      626C6553 
 1055      74617465 
 1055      00
 1056              	.LASF3:
 1057 0011 73686F72 		.ascii	"short unsigned int\000"
 1057      7420756E 
ARM GAS  C:\Users\Thomas\AppData\Local\Temp\cc4nKsVY.s 			page 38


 1057      7369676E 
 1057      65642069 
 1057      6E7400
 1058              	.LASF34:
 1059 0024 436F6E73 		.ascii	"ConsolePort_2_WinTimer_backup\000"
 1059      6F6C6550 
 1059      6F72745F 
 1059      325F5769 
 1059      6E54696D 
 1060              	.LASF17:
 1061 0042 54696D65 		.ascii	"TimerUdb\000"
 1061      72556462 
 1061      00
 1062              	.LASF25:
 1063 004b 436F6E73 		.ascii	"ConsolePort_2_WinTimer_ReadCounter\000"
 1063      6F6C6550 
 1063      6F72745F 
 1063      325F5769 
 1063      6E54696D 
 1064              	.LASF24:
 1065 006e 436F6E73 		.ascii	"ConsolePort_2_WinTimer_Wakeup\000"
 1065      6F6C6550 
 1065      6F72745F 
 1065      325F5769 
 1065      6E54696D 
 1066              	.LASF11:
 1067 008c 666C6F61 		.ascii	"float\000"
 1067      7400
 1068              	.LASF1:
 1069 0092 756E7369 		.ascii	"unsigned char\000"
 1069      676E6564 
 1069      20636861 
 1069      7200
 1070              	.LASF14:
 1071 00a0 72656738 		.ascii	"reg8\000"
 1071      00
 1072              	.LASF5:
 1073 00a5 6C6F6E67 		.ascii	"long unsigned int\000"
 1073      20756E73 
 1073      69676E65 
 1073      6420696E 
 1073      7400
 1074              	.LASF20:
 1075 00b7 436F6E73 		.ascii	"ConsolePort_2_WinTimer_backupStruct\000"
 1075      6F6C6550 
 1075      6F72745F 
 1075      325F5769 
 1075      6E54696D 
 1076              	.LASF9:
 1077 00db 75696E74 		.ascii	"uint8\000"
 1077      3800
 1078              	.LASF32:
 1079 00e1 2E5C4765 		.ascii	".\\Generated_Source\\PSoC5\\ConsolePort_2_WinTimer_"
 1079      6E657261 
 1079      7465645F 
 1079      536F7572 
 1079      63655C50 
ARM GAS  C:\Users\Thomas\AppData\Local\Temp\cc4nKsVY.s 			page 39


 1080 0111 504D2E63 		.ascii	"PM.c\000"
 1080      00
 1081              	.LASF12:
 1082 0116 646F7562 		.ascii	"double\000"
 1082      6C6500
 1083              	.LASF22:
 1084 011d 436F6E73 		.ascii	"ConsolePort_2_WinTimer_RestoreConfig\000"
 1084      6F6C6550 
 1084      6F72745F 
 1084      325F5769 
 1084      6E54696D 
 1085              	.LASF2:
 1086 0142 73686F72 		.ascii	"short int\000"
 1086      7420696E 
 1086      7400
 1087              	.LASF10:
 1088 014c 75696E74 		.ascii	"uint16\000"
 1088      313600
 1089              	.LASF8:
 1090 0153 756E7369 		.ascii	"unsigned int\000"
 1090      676E6564 
 1090      20696E74 
 1090      00
 1091              	.LASF7:
 1092 0160 6C6F6E67 		.ascii	"long long unsigned int\000"
 1092      206C6F6E 
 1092      6720756E 
 1092      7369676E 
 1092      65642069 
 1093              	.LASF33:
 1094 0177 433A5C55 		.ascii	"C:\\Users\\Thomas\\Documents\\PSoC Creator\\TASBot\\"
 1094      73657273 
 1094      5C54686F 
 1094      6D61735C 
 1094      446F6375 
 1095 01a5 54415342 		.ascii	"TASBot.cydsn\000"
 1095      6F742E63 
 1095      7964736E 
 1095      00
 1096              	.LASF29:
 1097 01b2 436F6E73 		.ascii	"ConsolePort_2_WinTimer_Stop\000"
 1097      6F6C6550 
 1097      6F72745F 
 1097      325F5769 
 1097      6E54696D 
 1098              	.LASF15:
 1099 01ce 73697A65 		.ascii	"sizetype\000"
 1099      74797065 
 1099      00
 1100              	.LASF6:
 1101 01d7 6C6F6E67 		.ascii	"long long int\000"
 1101      206C6F6E 
 1101      6720696E 
 1101      7400
 1102              	.LASF31:
 1103 01e5 474E5520 		.ascii	"GNU C 4.9.3 20150303 (release) [ARM/embedded-4_9-br"
 1103      4320342E 
ARM GAS  C:\Users\Thomas\AppData\Local\Temp\cc4nKsVY.s 			page 40


 1103      392E3320 
 1103      32303135 
 1103      30333033 
 1104 0218 616E6368 		.ascii	"anch revision 221220] -mcpu=cortex-m3 -mthumb -g -O"
 1104      20726576 
 1104      6973696F 
 1104      6E203232 
 1104      31323230 
 1105 024b 33202D66 		.ascii	"3 -ffunction-sections -finline-functions -flto -ffa"
 1105      66756E63 
 1105      74696F6E 
 1105      2D736563 
 1105      74696F6E 
 1106 027e 742D6C74 		.ascii	"t-lto-objects\000"
 1106      6F2D6F62 
 1106      6A656374 
 1106      7300
 1107              	.LASF13:
 1108 028c 63686172 		.ascii	"char\000"
 1108      00
 1109              	.LASF23:
 1110 0291 436F6E73 		.ascii	"ConsolePort_2_WinTimer_Sleep\000"
 1110      6F6C6550 
 1110      6F72745F 
 1110      325F5769 
 1110      6E54696D 
 1111              	.LASF30:
 1112 02ae 436F6E73 		.ascii	"ConsolePort_2_WinTimer_Enable\000"
 1112      6F6C6550 
 1112      6F72745F 
 1112      325F5769 
 1112      6E54696D 
 1113              	.LASF26:
 1114 02cc 436F6E73 		.ascii	"ConsolePort_2_WinTimer_ReadControlRegister\000"
 1114      6F6C6550 
 1114      6F72745F 
 1114      325F5769 
 1114      6E54696D 
 1115              	.LASF4:
 1116 02f7 6C6F6E67 		.ascii	"long int\000"
 1116      20696E74 
 1116      00
 1117              	.LASF27:
 1118 0300 436F6E73 		.ascii	"ConsolePort_2_WinTimer_WriteCounter\000"
 1118      6F6C6550 
 1118      6F72745F 
 1118      325F5769 
 1118      6E54696D 
 1119              	.LASF0:
 1120 0324 7369676E 		.ascii	"signed char\000"
 1120      65642063 
 1120      68617200 
 1121              	.LASF28:
 1122 0330 436F6E73 		.ascii	"ConsolePort_2_WinTimer_WriteControlRegister\000"
 1122      6F6C6550 
 1122      6F72745F 
 1122      325F5769 
ARM GAS  C:\Users\Thomas\AppData\Local\Temp\cc4nKsVY.s 			page 41


 1122      6E54696D 
 1123              	.LASF21:
 1124 035c 436F6E73 		.ascii	"ConsolePort_2_WinTimer_SaveConfig\000"
 1124      6F6C6550 
 1124      6F72745F 
 1124      325F5769 
 1124      6E54696D 
 1125              	.LASF18:
 1126 037e 496E7465 		.ascii	"InterruptMaskValue\000"
 1126      72727570 
 1126      744D6173 
 1126      6B56616C 
 1126      756500
 1127              	.LASF19:
 1128 0391 54696D65 		.ascii	"TimerControlRegister\000"
 1128      72436F6E 
 1128      74726F6C 
 1128      52656769 
 1128      73746572 
 1129              		.comm	__gnu_lto_v1,1,1
 1130              		.ident	"GCC: (GNU Tools for ARM Embedded Processors) 4.9.3 20150303 (release) [ARM/embedded-4_9-br
