ARM GAS  C:\Users\Thomas\AppData\Local\Temp\ccOCprFg.s 			page 1


   1              		.syntax unified
   2              		.cpu cortex-m3
   3              		.fpu softvfp
   4              		.eabi_attribute 20, 1
   5              		.eabi_attribute 21, 1
   6              		.eabi_attribute 23, 3
   7              		.eabi_attribute 24, 1
   8              		.eabi_attribute 25, 1
   9              		.eabi_attribute 26, 1
  10              		.eabi_attribute 30, 2
  11              		.eabi_attribute 34, 1
  12              		.eabi_attribute 18, 4
  13              		.thumb
  14              		.file	"ConsolePort_2_RegD2_PM.c"
  15              		.text
  16              	.Ltext0:
  17              		.section	.gnu.lto_.profile.be9c61b3,"",%progbits
  18 0000 789C6366 		.ascii	"x\234cf```a\200\000F\006cY\000\000\367\000Y"
  18      60606061 
  18      80004606 
  18      63590000 
  18      F70059
  19              		.text
  20              		.section	.gnu.lto_.jmpfuncs.be9c61b3,"",%progbits
  21 0000 789C6366 		.ascii	"x\234cf\300\016\004\2404\013\0203100C\231\014\000\002"
  21      C00E04A0 
  21      340B1033 
  21      31303043 
  21      990C0002 
  22 0014 C70021   		.ascii	"\307\000!"
  23              		.text
  24              		.section	.gnu.lto_.inline.be9c61b3,"",%progbits
  25 0000 789C6366 		.ascii	"x\234cf\300\016\"\2404\013\003\003;\033#\003\023\307"
  25      C00E22A0 
  25      340B0303 
  25      3B1B2303 
  25      13C7
  26 0012 013B06B6 		.ascii	"\001;\006\266\005\362L 1&L!f\006\036\021\240\220@C-"
  26      05F24C20 
  26      31264C21 
  26      66061E11 
  26      A0904043 
  27 0027 5C88910B 		.ascii	"\\\210\221\013\254\235\233\027(\316\267!\027U\234\001"
  27      AC9D9B17 
  27      28CEB721 
  27      17559C01 
  28 0037 00917408 		.ascii	"\000\221t\010="
  28      3D
  29              		.text
  30              		.section	.gnu.lto_.pureconst.be9c61b3,"",%progbits
  31 0000 789C6366 		.ascii	"x\234cf``\340d\200\000\026\006)&)f)\026)\000\002\321"
  31      6060E064 
  31      80001606 
  31      29262966 
  31      29162900 
  32 0016 0082     		.ascii	"\000\202"
  33              		.text
ARM GAS  C:\Users\Thomas\AppData\Local\Temp\ccOCprFg.s 			page 2


  34              		.section	.gnu.lto_ConsolePort_2_RegD2_SaveConfig.be9c61b3,"",%progbits
  35 0000 789C6366 		.ascii	"x\234cf\300\004R@\374\234\221\201\301\004H32302M8\307"
  35      C0045240 
  35      FC9C9181 
  35      C1044833 
  35      32333032 
  36 0017 C0D0C8C1 		.ascii	"\300\320\310\301\304\310\010b002\32431\3263\276d\372"
  36      C4C80862 
  36      303032D4 
  36      3331D633 
  36      BE64FA
  37 002a C8C438E1 		.ascii	"\310\3048\341\300\352\031\334\352K\033\032\032>,:\333"
  37      C0EA19DC 
  37      EA4B1B1A 
  37      1A3E2C3A 
  37      DB
  38 003b 187080F1 		.ascii	"\030p\200\361'\023\003\303g&\2109\214\313\031\325\031"
  38      271303C3 
  38      67268839 
  38      8CCB19D5 
  38      19
  39 004c 808A3EB6 		.ascii	"\200\212>\266\374\275\316\315\326\002T$\000\221c\\\301"
  39      FCBDCECD 
  39      D6025424 
  39      0091635C 
  39      C1
  40 005d C806349F 		.ascii	"\310\0064\237a\275\320\201\206\377\377?o=\370\215\221"
  40      61BDD081 
  40      86FFFF3F 
  40      6F3DF88D 
  40      91
  41 006e 8D89E127 		.ascii	"\215\211\341'\023#\013\210``x\002T\004\262\352)\023"
  41      13230B88 
  41      60607802 
  41      5404B2EA 
  41      2913
  42 0080 138866BE 		.ascii	"\023\210f\276\305x\350[\327\2736^\220\276\357L {\217"
  42      C578E85B 
  42      D7BB365E 
  42      90BEEF4C 
  42      207B8F
  43 0093 1EBDD6C3 		.ascii	"\036\275\326\303\364\202\351'\023S\307\211\306\006\026"
  43      F482E927 
  43      1353C789 
  43      C60616
  44 00a2 902DF79F 		.ascii	"\220-\367\237\234\277\310\001\026b\000q\227m=\272\206"
  44      9CBFC801 
  44      16620071 
  44      976D3DBA 
  44      86
  45 00b3 752EE3EC 		.ascii	"u.\343\354\306\026\240\233\230\031W2J1\256b\004\372"
  45      C616A09B 
  45      98195732 
  45      4A31AE62 
  45      04FA
  46 00c5 8C7135E3 		.ascii	"\214q5\343\\F\206[\214M\223\026\352\203\314\003*\235"
  46      5C46865B 
ARM GAS  C:\Users\Thomas\AppData\Local\Temp\ccOCprFg.s 			page 3


  46      8C4D9316 
  46      EA83CC03 
  46      2A9D
  47 00d7 77B96F1D 		.ascii	"w\271o\035S\355\357\206\216\006\216\237L,\177A.D6\217"
  47      53EDEF86 
  47      8E068E9F 
  47      4C2C7F41 
  47      2E44368F 
  48 00eb 05CC5DD1 		.ascii	"\005\314]\321\3302\207\021d^\003H\025+\343\032\306Z"
  48      D8328711 
  48      645E0348 
  48      152BE31A 
  48      C65A
  49 00fd C6B52003 		.ascii	"\306\265 \003\201r\377\326\364ob\323]\015\364\340\001"
  49      8172FFD6 
  49      F46F62D3 
  49      5D0DF4E0 
  49      01
  50 010e FB9F4C6C 		.ascii	"\373\237Ll\214\353\200\012?\201\003\201q=\243.\320\305"
  50      8CEB800A 
  50      3F810381 
  50      713DA32E 
  50      D0C5
  51 0120 0C601F7C 		.ascii	"\014`\037|\203\371\200\005\250g\376\362\337\020\017"
  51      83F98005 
  51      A867FEF2 
  51      DF100F
  52 012f CC807960 		.ascii	"\314\200y`\331\356+\2239\021.\336\000w\361F\"]\214\356"
  52      D9EE2B93 
  52      39112EDE 
  52      0077F146 
  52      225D8CEE 
  53 0143 C44D789C 		.ascii	"\304Mx\234\270\031\354DP$0n\0019\221\205\341\036c\343"
  53      B819EC44 
  53      5024306E 
  53      01399185 
  53      E11E63E3 
  54 0157 81EFAC20 		.ascii	"\201\357\254 \013@\016\177\002\224\003\006=\320d#\275"
  54      0B400E7F 
  54      02940306 
  54      3DD06423 
  54      BD
  55 0168 18F7D4BC 		.ascii	"\030\367\324\274\324\242\304\222\324\224\370\340\374"
  55      D4A2C492 
  55      D494F8E0 
  55      FC
  56 0175 D2A2E4D4 		.ascii	"\322\242\344\324\230\200\340|g\323\030\347\374\274\342"
  56      9880E07C 
  56      67D318E7 
  56      FCBCE2
  57 0184 FC9CD480 		.ascii	"\374\234\324\200\374\242\222x\243\370\240\324t\027\243"
  57      FCA29278 
  57      A3F8A0D4 
  57      7417A3
  58 0193 F8005FBD 		.ascii	"\370\000_\275d\006\000|@\300\\"
  58      6406007C 
  58      40C05C
ARM GAS  C:\Users\Thomas\AppData\Local\Temp\ccOCprFg.s 			page 4


  59              		.text
  60              		.section	.gnu.lto_ConsolePort_2_RegD2_RestoreConfig.be9c61b3,"",%progbits
  61 0000 789C7590 		.ascii	"x\234u\220\275KBQ\030\306\337\347\365z1\\\242I\374\007"
  61      BD4B4251 
  61      18C6DFE7 
  61      F57A315C 
  61      A249FC07 
  62 0014 1AA406A9 		.ascii	"\032\244\006\251\277\300\250)\260\\\005\211\272\264"
  62      BFC0A829 
  62      B05C0589 
  62      BAB4
  63 0022 4417AC46 		.ascii	"D\027\254F\351\3360p\210\312Z\204\276\246\312\312>\255"
  63      E9DE3070 
  63      88CA5A84 
  63      BEA6CACA 
  63      3EAD
  64 0034 96160984 		.ascii	"\226\026\011\204\246\"\212\242\202Z\014j\313\034\342"
  64      A6228AA2 
  64      825A0C6A 
  64      CB1CE2
  65 0043 227D9C73 		.ascii	"\"}\234s\245\"\253\003\347\363}\316\363\374\316q\320"
  65      A522AB03 
  65      E7F37DCE 
  65      F3FCCE71 
  65      D0
  66 0054 EFE615FD 		.ascii	"\357\346\025\375\012DMb\206\203\300\223\307D\246\213"
  66      0A444D62 
  66      8683C093 
  66      C744A68B 
  67 0064 01B920D0 		.ascii	"\001\271 \3200c\030\217\\dL\346\326R\356\372E\3030\236"
  67      3063188F 
  67      5C644CE6 
  67      D652EEFA 
  67      45C3309E 
  68 0078 0EB39E51 		.ascii	"\016\263\236Q\217\305D%\256\330`\031\365$4\305\370\353"
  68      8FC54425 
  68      AED86019 
  68      F52434C5 
  68      F8EB
  69 008a A55B8D0B 		.ascii	"\245[\215\013Mm\245\2064TaO\233u9\343\375\275t\234L"
  69      4D6DA586 
  69      3454614F 
  69      9B7539E3 
  69      FDBD749C 
  70 009f FBA03259 		.ascii	"\373\2402Y\014E\016D\005\241\222Q\367\314rv\\cd\277"
  70      0C450E44 
  70      05A19251 
  70      F7CC7276 
  70      5C6364BF 
  71 00b3 78D221EF 		.ascii	"x\322!\357\275\260\214\235?\033\337\340X\331H\030.\213"
  71      BDB08C9D 
  71      3F1BDFE0 
  71      58D94818 
  71      2E8B
  72 00c5 F9559A8A 		.ascii	"\371U\232\212\323\273\302\311\251\353\201\305\211\275"
  72      D3BBC2C9 
  72      A9EB81C5 
ARM GAS  C:\Users\Thomas\AppData\Local\Temp\ccOCprFg.s 			page 5


  72      89BD
  73 00d3 4D9BF159 		.ascii	"M\233\361Y\314a\3064\244\312\201\025\304\260\012\257"
  73      CC61C634 
  73      A4CA8115 
  73      C4B00AAF 
  74 00e3 5D7BCB4C 		.ascii	"]{\313L\354\250\015>\213\025\254\011\315\263\215\214"
  74      ECA80D3E 
  74      8B15AC09 
  74      CDB38D8C 
  75 00f3 0C1AE81A 		.ascii	"\014\032\350\032\207S\220IB\225\317_\214\2614t&\216"
  75      87539049 
  75      4295CF5F 
  75      8CB13474 
  75      268E
  76 0105 4C43F991 		.ascii	"LC\371\221\341\264}\226\366\362\031\247\314\210\303"
  76      E1B47D96 
  76      F6F219A7 
  76      CC88C3
  77 0114 6215EBF0 		.ascii	"b\025\353\360bCF`S\270\012V\222\350\311sT\320\225\177"
  77      62434660 
  77      53B80A56 
  77      92E8C973 
  77      54D0957F 
  78 0128 D1AB59B7 		.ascii	"\321\253Y\267\376f\335\266Y\345\337a\247\212ua\271\\"
  78      FE66DDB6 
  78      59E5DF61 
  78      A78A7561 
  78      B95C
  79 013a 414D7DA2 		.ascii	"AM}\242.\035\234O\327|\263e\277\330vm6\205na\346nZ\345"
  79      2E1D9C4F 
  79      D77CB365 
  79      BFD8766D 
  79      36856E61 
  80 0152 7DF9FA82 		.ascii	"}\371\372\202\360\025\237-\200\374\215\3416\255_\213"
  80      F0159F2D 
  80      80FC8DE1 
  80      36AD5F8B 
  81 0162 760D6A3D 		.ascii	"v\015j=\221\220>\024\355\326\302\301\220\036h\016\007"
  81      91903E14 
  81      EDD6C2C1 
  81      901E680E 
  81      07
  82 0173 F4FE01BD 		.ascii	"\364\376\001\275O\013\352\321\301\210?\322\251\365\266"
  82      4F0BEAD1 
  82      C1883FD2 
  82      A9F5B6
  83 0182 F823C1F6 		.ascii	"\370#\301\366\306n\372\000\012<\266\241"
  83      C66EFA00 
  83      0A3CB6A1 
  84              		.text
  85              		.section	.gnu.lto_ConsolePort_2_RegD2_Sleep.be9c61b3,"",%progbits
  86 0000 789C9592 		.ascii	"x\234\225\222\337KSa\030\307\237\357{\366{\016\242+"
  86      DF4B5361 
  86      18C79FEF 
  86      7BF67B0E 
  86      A22B
  87 0012 F11FF0CA 		.ascii	"\361\037\360\312\005\243\350\262\013\003\257\202\221"
ARM GAS  C:\Users\Thomas\AppData\Local\Temp\ccOCprFg.s 			page 6


  87      05A3E8B2 
  87      0B03AF82 
  87      91
  88 001f B7A31136 		.ascii	"\267\243\0216\202\010\007\313.\207\347\270e\022V6\212"
  88      820807CB 
  88      2E87E7B8 
  88      65125636 
  88      8A
  89 0030 46B5C40B 		.ascii	"F\265\304\013\177\324Lk\226\375X\346!\220ueTP \262n"
  89      7FD44C6B 
  89      96FD58E6 
  89      21907565 
  89      545020B2 
  90 0045 0C5650B4 		.ascii	"\014VP\264\006\253\203\251=\357{2lb\320\201\363\376"
  90      06AB83A9 
  90      3DEF7B32 
  90      6C62D081 
  90      F3FE
  91 0057 FCBECFF3 		.ascii	"\374\276\317\363y\277\317\253\321\366\257\205\377\023"
  91      79BFCFAB 
  91      D1F6AF85 
  91      FF13
  92 0065 1AD15EEE 		.ascii	"\032\321^\356\241\021\304\320\"\221\341\021\200\034"
  92      A111C4D0 
  92      2291E111 
  92      801C
  93 0073 10A857A0 		.ascii	"\020\250W\240\027\037EU`\310\314g\375\255\243\272\256"
  93      171F4555 
  93      60C8CC67 
  93      FDADA3BA 
  93      AE
  94 0084 7FCD149B 		.ascii	"\177\315\024\233\3174[\202\250&\3540\030G+\261\246\232"
  94      CF345B82 
  94      A826EC30 
  94      18472BB1 
  94      A69A
  95 0096 5E7BE777 		.ascii	"^{\347w\245Y\263\313\336\303\004\\\340~z\267\251ol\314"
  95      A559B3CB 
  95      DEC3045C 
  95      E07E7AB7 
  95      A96F6CCC 
  96 00aa 7CBE54D9 		.ascii	"|\276T\331\217&\220%8\0317\016n\204S\216\274\334h>\331"
  96      8F269025 
  96      3819370E 
  96      6E84538E 
  96      BCDC683E 
  97 00bf 10ADF049 		.ascii	"\020\255\360I\231\376\203\020\262\327\226\360\274~\256"
  97      99FE8310 
  97      B2D796F0 
  97      BC7EAE
  98 00ce 9C2B4346 		.ascii	"\234+CF\373.4Nt\255::\026\250\010K8\254\027\206\356"
  98      FB2E344E 
  98      74AD3A3A 
  98      16A8084B 
  98      38AC1786 
  99 00e3 90B9DFAF 		.ascii	"\220\271\337\257\274|\345QK$\247\313\331+\347E\016\327"
  99      BC7CE551 
ARM GAS  C:\Users\Thomas\AppData\Local\Temp\ccOCprFg.s 			page 7


  99      4B24A7CB 
  99      D92BE745 
  99      0ED7
 100 00f5 8D342CE1 		.ascii	"\2154,\341\304-\264\3406\370\272\310#\007ZB\352\207"
 100      C42DB4E0 
 100      36F8BAC8 
 100      23075A42 
 100      EA87
 101 0107 CB0E073B 		.ascii	"\313\016\007;b)W)8\344q\2000\311J\226\024\316\376t\332"
 101      62295729 
 101      38E47180 
 101      30C94A96 
 101      14CEFE74 
 102 011c 2207EB58 		.ascii	"\"\007\353Xd\214\025\007\335J\304\201\356(Q_\331mK\234"
 102      648C1507 
 102      DD4AC481 
 102      EE28515F 
 102      D96D4B9C 
 103 0130 AC92F3CC 		.ascii	"\254\222\363\314HP.\260\372\346\233\013S\"\271\252\017"
 103      48502EB0 
 103      FAE69B0B 
 103      5322B9AA 
 103      0F
 104 0141 E81E4BB8 		.ascii	"\350\036K\270\326\244\037[9]j:a\244o@r\352R\345\306"
 104      D6A41F5B 
 104      395D6A3A 
 104      61A46F40 
 104      72EA52E5 
 105 0156 14929896 		.ascii	"\024\222\230\226\240\274\267>y\261\340j\313\263\235"
 105      A0BCB73E 
 105      79B1E06A 
 105      CBB39D
 106 0165 E6014B78 		.ascii	"\346\001Kxp\227\205\337\224\345\270\2076NI\313H\231"
 106      709785DF 
 106      94E5B887 
 106      364E49CB 
 106      4899
 107 0177 C5929009 		.ascii	"\305\222\220\011\2511\243\267\2460\013H\262\255>R.~"
 107      A931A3B7 
 107      A6300B48 
 107      B2AD3E52 
 107      2E7E
 108 0189 E90FFC55 		.ascii	"\351\017\374U&s\256$T\221j\354uC\0011\303A\011\367\345"
 108      2673AE24 
 108      54916AEC 
 108      75430131 
 108      C34109F7 
 109 019e E5BCBCB7 		.ascii	"\345\274\274\267\260\360vPHp\377\3006\317\375\212\267"
 109      B0F07650 
 109      4870FFC0 
 109      36CFFD8A 
 109      B7
 110 01af 3EBC78D5 		.ascii	">\274x\325/\357r\331\340\374Mx\300\246\317*\323\037"
 110      2FEF72D9 
 110      E0FC4D78 
 110      C0A6CF2A 
 110      D31F
ARM GAS  C:\Users\Thomas\AppData\Local\Temp\ccOCprFg.s 			page 8


 111 01c1 DAA6F765 		.ascii	"\332\246\367e\252\263Gd\304\035\335i\264\343\321\216"
 111      AAB34764 
 111      C41DDD69 
 111      B4E3D18E 
 112 01d1 7604F058 		.ascii	"v\004\360X\331\001\033\024O\244#^\373\232\365\376\200"
 112      D9011B14 
 112      4FA4235E 
 112      FB9AF5FE 
 112      80
 113 01e2 CDEDE363 		.ascii	"\315\355\343c\303\343\2536vv\023;\365\372\323\272c\013"
 113      C3E3AB36 
 113      7676133B 
 113      F5FAD3BA 
 113      630B
 114 01f4 67F10FE7 		.ascii	"g\361\017\347\323M\316\221=\377\2059\367\017\314g\012"
 114      D34DCE91 
 114      3DFF8539 
 114      F70FCC67 
 114      0A
 115 0205 53FCC69C 		.ascii	"S\374\306\234\227\230>*\3030\347;T\335H\276x\310\227"
 115      97983E2A 
 115      C330E73B 
 115      54DD48BE 
 115      78C897
 116 0218 CEC143C1 		.ascii	"\316\301C\301HG\254;\2268\332\023;\026\355\214\237N"
 116      4847AC3B 
 116      9638DA13 
 116      3B16ED8C 
 116      9F4E
 117 022a 74C522E1 		.ascii	"t\305\"\341\316x\373\276H{\274\373T\374d,\034O\364D"
 117      CE78FBBE 
 117      487BBCFB 
 117      54FC642C 
 117      1C4FF444 
 118 023e 43D1C3B1 		.ascii	"C\321\303\261\343\007C\321\360\241`\027\375\002\310"
 118      E30743D1 
 118      F0A16017 
 118      FD02C8
 119 024d 2A471A   		.ascii	"*G\032"
 120              		.text
 121              		.section	.gnu.lto_ConsolePort_2_RegD2_Wakeup.be9c61b3,"",%progbits
 122 0000 789C8D92 		.ascii	"x\234\215\222\315k\023A\030\306\337gv\272\233&=\210"
 122      CD6B1341 
 122      18C6DF67 
 122      76BA9B26 
 122      3D88
 123 0012 A7D2438E 		.ascii	"\247\322C\216\366 \255\020\365/\250 \010B\264\327@\220"
 123      F620AD10 
 123      F52FA820 
 123      0842B4D7 
 123      4090
 124 0024 BA789106 		.ascii	"\272x\221\006b=\206\316&\021r(ZK\301\202\326x\321VS"
 124      623D86CE 
 124      26117228 
 124      5A4BC182 
 124      D678D156 
 125 0039 5B53B56A 		.ascii	"[S\265jzY\304\212xh\251\037\225\026\321K\005\365d\014"
ARM GAS  C:\Users\Thomas\AppData\Local\Temp\ccOCprFg.s 			page 9


 125      7A59C48A 
 125      7868A91F 
 125      9516D14B 
 125      05F5640C 
 126 004d 584269EB 		.ascii	"XBi\353;\263~5Upavv\336y\346y~\303\276\026\355|\366"
 126      3BB37E35 
 126      55706176 
 126      76DE79E6 
 126      797EC3BE 
 127 0065 F3581644 		.ascii	"\363X\026D\007xF\023A\014\316\023y!!\254J\224TX.\355"
 127      07784613 
 127      410CCE13 
 127      792121AC 
 127      4A945458 
 128 007b 23D56241 		.ascii	"#\325bA\006e\011\350\017\002\365\013K\242\037\237DU"
 128      066509E8 
 128      0F02F50B 
 128      4BA21F9F 
 128      4455
 129 008d 60D02F8D 		.ascii	"`\320/\215D\332\257+\245\276d\027[\317\265\326\331\257"
 129      44DAAF2B 
 129      A5BE6417 
 129      5BCFB5D6 
 129      D9AF
 130 009f 26027F8C 		.ascii	"&\002\177\214\241\235XS\315o\274\211\330y\326\354\012"
 130      A19D5853 
 130      CD6FBC89 
 130      D879D6EC 
 130      0A
 131 00b0 F6300E1B 		.ascii	"\3660\016\033<O\355\366\325\326V\355\311Pa\217h\226"
 131      3C4FEDF6 
 131      D5D656ED 
 131      C950618F 
 131      6896
 132 00c2 5417B0F9 		.ascii	"T\027\260\371%\034\375\"Z\345\241\023?\360\202gk\005"
 132      251CFD22 
 132      5AE5A113 
 132      3FF08267 
 132      6B05
 133 00d4 D999EAC2 		.ascii	"\331\231\352\302\261m\206\376p\330\270\325\004\032\223"
 133      B16D86FE 
 133      70D8B8D5 
 133      041A93
 134 00e3 7093DD08 		.ascii	"p\223\335\010\267`\257\011\233\367\256\276<?)2\353\252"
 134      B760AF09 
 134      9BF7AEBE 
 134      3C3F2932 
 134      EBAA
 135 00f5 A0427561 		.ascii	"\240Buamh\016\256\276_]X\014}\024\\1\313q/\177\005\243"
 135      6D680EAE 
 135      BE5F5D58 
 135      0C7D145C 
 135      31CB712F 
 136 010c B8EC29AD 		.ascii	"\270\354)\255\222(!\203\011\264\231\275\315\211\013"
 136      92282183 
 136      09B499BD 
 136      CD890B
ARM GAS  C:\Users\Thomas\AppData\Local\Temp\ccOCprFg.s 			page 10


 137 011b D3764789 		.ascii	"\323vG\211\315\257\025\255\272h\302mV~e\037\223\204"
 137      CDAF15AD 
 137      BA68C26D 
 137      567E651F 
 137      9384
 138 012d 4974D00A 		.ascii	"It\320\012\036\017AG\262|nni@hg\273\360\314Sr[\230m"
 138      1E0F4147 
 138      B27C6E6E 
 138      69406867 
 138      BBF0CC53 
 139 0145 0CBF15E7 		.ascii	"\014\277\025\347/Et\330\260\307a\016\246\320\206;:\014"
 139      2F4574D8 
 139      B0C7610E 
 139      A6D0863B 
 139      3A0C
 140 0157 6576666A 		.ascii	"evfj\322W\276\370\012\301%\234\177^\242\221zz\007\365"
 140      D257BEF8 
 140      0AC1259C 
 140      7F5EA291 
 140      7A7A07F5 
 141 016b 5ECD7BD7 		.ascii	"^\315{\327\360\342\007\357\275\006\336\342\330z\200"
 141      F0E207EF 
 141      BD06DEE2 
 141      D87A80
 142 017a 3BF21337 		.ascii	";\362\0237\367\342\363\246\374\203\357\376/\276\031"
 142      F7E2F3A6 
 142      FC83EFFE 
 142      2FBE19
 143 0189 C3E718BE 		.ascii	"\303\347\030\276\362\323lD\377\2025!\377\033\360\301"
 143      F2D36C44 
 143      FF823521 
 143      FF1BF0C1 
 144 0199 DF004378 		.ascii	"\337\000Cxh\000M\207<b\272\327\310/\347\242\277\275"
 144      68004D87 
 144      3C62BAD7 
 144      C82FE7A2 
 144      BFBD
 145 01ab BD1BB303 		.ascii	"\275\033\263\003\216F\344\336AE\037'\335\035\026U\242"
 145      8E46E4DE 
 145      41451F27 
 145      DD1D1655 
 145      A2
 146 01bc D65BE4FC 		.ascii	"\326[\344\374\321\347-ZL\215\030\3155\355\211Yd\270"
 146      D1E72D5A 
 146      4C8D18CD 
 146      35ED8959 
 146      64B8
 147 01ce B1C2E68C 		.ascii	"\261\302\346\2144\035\365\016\236_>b\316\220\3567\350"
 147      341DF50E 
 147      9E5F3E62 
 147      CE90EE37 
 147      E8
 148 01df 2A4B639D 		.ascii	"*Kc\235\211\303n\257\233>\321\347\236Lv\247\316\246"
 148      89C36EAF 
 148      9B3ED1E7 
 148      9E4C76A7 
 148      CEA6
ARM GAS  C:\Users\Thomas\AppData\Local\Temp\ccOCprFg.s 			page 11


 149 01f1 7BDC44BC 		.ascii	"{\334D\274;\325u0\321\225\352=\223:\355\306S\351\276"
 149      3BD57530 
 149      D195EA3D 
 149      933AEDC6 
 149      53E9BE
 150 0204 642C79DC 		.ascii	"d,y\334=u(\226\214\037\355\354\241\357\201\305\0216"
 150      3D752896 
 150      8C1FEDEC 
 150      A1EF81C5 
 150      1136
 151              		.text
 152              		.section	.gnu.lto_.symbol_nodes.be9c61b3,"",%progbits
 153 0000 789C55C8 		.ascii	"x\234U\310A\015\2000\020\005\321\351n\267A\020\332\270"
 153      410D8030 
 153      1005D1E9 
 153      6EB74110 
 153      DAB8
 154 0012 FE4A4001 		.ascii	"\376J@\001\251\011\034p\306\003\011:\010$p(s{\343\300"
 154      A9091C70 
 154      C603093A 
 154      08247028 
 154      737BE3C0 
 155 0026 C49725C1 		.ascii	"\304\227%\301\274\203\304\322\006\002\232\311\315\224"
 155      BC83C4D2 
 155      06029AC9 
 155      CD94
 156 0034 FA6D2EFB 		.ascii	"\372m.\3739\313{\247P~M\255\017\213\242\243{\260\035"
 156      39CB7BA7 
 156      507E4DAD 
 156      0F8BA2A3 
 156      7BB01D
 157 0047 57F25C38 		.ascii	"W\362\\8\327\221\033\317\310\035\246"
 157      D7911BCF 
 157      C81DA6
 158              		.text
 159              		.section	.gnu.lto_.refs.be9c61b3,"",%progbits
 160 0000 789C25C8 		.ascii	"x\234%\310\321\011\000 \014\304\320\244WA\\\304\375"
 160      D1090020 
 160      0CC4D0A4 
 160      57415CC4 
 160      FD
 161 0011 371469BE 		.ascii	"7\024i\276\036\011p\231\012-\355\372\300$\272t\353I"
 161      1E097099 
 161      0A2DEDFA 
 161      C024BA74 
 161      EB49
 162 0023 CFC2C503 		.ascii	"\317\302\305\003\015{\000w"
 162      0D7B0077 
 163              		.text
 164              		.section	.gnu.lto_.decls.be9c61b3,"",%progbits
 165 0000 789C9594 		.ascii	"x\234\225\224\177LSW\024\307\337\351\355/\332ZML\220"
 165      7F4C5357 
 165      14C7DFE9 
 165      ED2FDA5A 
 165      4D4C90
 166 0013 F58FA5C3 		.ascii	"\365\217\245\303\204l\213qB2\342\177S\331\342\037f\013"
 166      846C8B71 
ARM GAS  C:\Users\Thomas\AppData\Local\Temp\ccOCprFg.s 			page 12


 166      4232E27F 
 166      53D9E21F 
 166      660B
 167 0025 11CDFE90 		.ascii	"\021\315\376\220\204!{sFBY)K\374c\311\005\342\350P\026"
 167      84217B73 
 167      46425929 
 167      4BFC63C9 
 167      05E2E850 
 168 003a 25133A70 		.ascii	"%\023:p\256\006\235\342\217\212\010\256(\332\312\034"
 168      AE069DE2 
 168      8F8A08AE 
 168      28DACA1C 
 169 004a E3C71051 		.ascii	"\343\307\020QD\252\343\207\025323S\031N\011\316\356"
 169      44AAE387 
 169      15333233 
 169      53194E09 
 169      CEEE
 170 005c DCFB5EED 		.ascii	"\334\373^\355\253y8w\223\323\336\373\3369\237\363\275"
 170      AB793877 
 170      93D3DEFB 
 170      DE399FF3 
 170      BD
 171 006d E7DE7788 		.ascii	"\347\336w\210 \010\255 \010Q\034\327\015\202\340\307"
 171      2008AD20 
 171      08511CD7 
 171      0D82E0C7 
 172 007d B90E9F65 		.ascii	"\271\016\237e\013\361\241G;\216\346CkFka1hg\320\320"
 172      0BF1A147 
 172      3B8EE643 
 172      6B466B61 
 172      316867D0 
 173 0092 5DB82A24 		.ascii	"]\270*$\016\346k\220\031v\264\021\264\033h!\264\001"
 173      0EE66B90 
 173      1976B411 
 173      B41B6821 
 173      B401
 174 00a4 B42E340D 		.ascii	"\264.4\015Z\017Z\277\3148>\017\313\367\034K\311\270"
 174      5A0F5ABF 
 174      CC383E0F 
 174      CBF71C4B 
 174      C9B8
 175 00b6 8936ACC2 		.ascii	"\2116\254\302\362\315\303b\332\2552+\031mTfN\242\205"
 175      F2CDC362 
 175      DAAD322B 
 175      196D5466 
 175      4EA285
 176 00c9 15ECF368 		.ascii	"\025\354\363hw\321\232\024\332Y>\202\326\253\310Edf"
 176      77D19A14 
 176      DA593E82 
 176      D6ABC845 
 176      6466
 177 00db EB0BF4B3 		.ascii	"\353\013\364\263Z\231\0259\347\333\2032'Q\344\350\225"
 177      5A991539 
 177      E7DB8332 
 177      2751E4E8 
 177      95
 178 00ec D72DF2BE 		.ascii	"\327-\362\276\346\253\371\003\015\264\373f\372\315S"
ARM GAS  C:\Users\Thomas\AppData\Local\Temp\ccOCprFg.s 			page 13


 178      E6ABF903 
 178      0DB4FB66 
 178      FACD53
 179 00fb 1AB09AEC 		.ascii	"\032\260\232\354ly\266\246\333\243\307\245\305\244e"
 179      6C79B6A6 
 179      DBA3C7A5 
 179      C5A465
 180 010a CB7373E1 		.ascii	"\313ss\341!\355\222\275\024\307\356\012\272H\013\331"
 180      21ED92BD 
 180      14C7EE0A 
 180      BA480BD9 
 181 011a C970186C 		.ascii	"\311p\030lp\004lHl\202%\370\273I+\221f\232'\037\351"
 181      70046C48 
 181      6C8225F8 
 181      BB492B91 
 181      669A271F 
 182 012f 8906D8BC 		.ascii	"\211\006\330\274\321s{\310\264\354(\206\271i\260[\033"
 182      D1737BC8 
 182      B4EC2886 
 182      B969B05B 
 182      1B
 183 0140 4FD7335D 		.ascii	"O\3273]^o\260\357\247\023\315\221\221\241\220\205v\323"
 183      5E6FB0EF 
 183      A713CD91 
 183      91A19085 
 183      76D3
 184 0152 60341AA0 		.ascii	"`4\032\240\300ap\024\010\034\203e\314\227\315y\020\034"
 184      C0617014 
 184      081C8365 
 184      CC97CD79 
 184      101C
 185 0164 073B060E 		.ascii	"\007;\006\016\326\3164X\311&N\037m\360\016.\340\020"
 185      D6CE3458 
 185      C9264E1F 
 185      6DF00E2E 
 185      E010
 186 0176 EFBE467D 		.ascii	"\357\276F}\014\301\011'\024\204\0231\202\217\023\372"
 186      0CC10927 
 186      14841331 
 186      828F13FA 
 187 0186 07267658 		.ascii	"\007&vX\310\027\23403\021\232\323#\301\333\354\015\311"
 187      C8179C30 
 187      33119AD3 
 187      23C1DBEC 
 187      0DC9
 188 0198 847778FC 		.ascii	"\204wx\374IE\374\311X|3\217\017\014\216\265\231H\035"
 188      4945FCC9 
 188      587C338F 
 188      0F0C8EB5 
 188      99481D
 189 01ab 704087AF 		.ascii	"p@\207\257\262M#\001\334\207\224\200S\012\300\251\030"
 189      B24D2301 
 189      DC879480 
 189      530AC0A9 
 189      18
 190 01bc A0850376 		.ascii	"\240\205\003vvD\367&\221\026\011\020\232\036\351\344"
 190      7644F726 
ARM GAS  C:\Users\Thomas\AppData\Local\Temp\ccOCprFg.s 			page 14


 190      91160910 
 190      9A1EE9E4 
 191 01cc 85A09186 		.ascii	"\205\240\221\206\337\303+\277\245\007\312\351\323hT"
 191      DFC32BBF 
 191      A507CAE9 
 191      D36854
 192 01db 2EC46905 		.ascii	".\304i\005\345t\214\322\312)e\373\317>\321\2219\211"
 192      E5748CD2 
 192      CA2965FB 
 192      CF3ED191 
 192      3989
 193 01ed 129C6ED8 		.ascii	"\022\234n\330a\346\024ou\343\227v\205\2166\005\241-"
 193      61E6146F 
 193      75E39776 
 193      858E3605 
 193      A12D
 194 01ff 4638C309 		.ascii	"F8\303\011\343\217\306;\015\374\310W0F\315\016\277\337"
 194      E38FC63B 
 194      0DFCC857 
 194      3046CD0E 
 194      BFDF
 195 0211 CA8F5CCF 		.ascii	"\312\217\\\317\226C\365\027Z\010\251\225\316q8PYi$~"
 195      9643F517 
 195      5A08A995 
 195      CE713850 
 195      5969247E 
 196 0225 6951F6C3 		.ascii	"iQ\366\303\271],.\331\304\217\362\353\276\372\213\204"
 196      B95D2C2E 
 196      D9C48FF2 
 196      EBBEFA8B 
 196      84
 197 0236 2FA3ECB5 		.ascii	"/\243\354\265&\024\372f\226\200)\315Mi9\215\324P\222"
 197      2614FA66 
 197      968029CD 
 197      4D69398D 
 197      D45092
 198 0249 22C0321B 		.ascii	"\"\3002\033\274a\023\340\002\244\241\033\327\003\347"
 198      BC6113E0 
 198      02A4A11B 
 198      D703E7
 199 0258 F0FA74E0 		.ascii	"\360\372t\340\3659\210\227#\362\264\347\350\272\012"
 199      F5398897 
 199      23F2B4E7 
 199      E8BA0A
 200 0267 BA0ACE83 		.ascii	"\272\012\316\203\011\316>S\3143\310\027&\340\273\346"
 200      09CE3E53 
 200      CC33C817 
 200      26E0BBE6 
 201 0277 3192B0A4 		.ascii	"1\222\260\244\240/\374\370/\013W\276\210-\353o\334\235"
 201      A02FFCF8 
 201      2F0B57BE 
 201      882DEB6F 
 201      DC9D
 202 0289 215CB986 		.ascii	"!\\\271\206-\277\233\276\337\221D\356'\212\265Kb\353"
 202      2DBF9BBE 
 202      DF9144EE 
 202      278AB54B 
ARM GAS  C:\Users\Thomas\AppData\Local\Temp\ccOCprFg.s 			page 15


 202      62EB
 203 029b EE3D6E35 		.ascii	"\356=n5\362e4J\230\332\271;\276\303zH31\031\336c\013"
 203      F265344A 
 203      98DAB93B 
 203      BEC37A48 
 203      333119DE 
 204 02b1 00BA5042 		.ascii	"\000\272PBg\\\202]\226\300wC+\250\356\210U\200 j\277"
 204      675C825D 
 204      96C07743 
 204      2BA8EE88 
 204      5580206A 
 205 02c6 88DAE167 		.ascii	"\210\332\341g\334\220]\336\320O\370\360\022>d\267\242"
 205      DC905DDE 
 205      D04FF8F0 
 205      123E64B7 
 205      A2
 206 02d7 B7FB8181 		.ascii	"\267\373\201\201<\224\024<\361WThH\031a\013\335\245"
 206      3C94143C 
 206      F1575468 
 206      4819610B 
 206      DDA5
 207 02e9 81B66A2D 		.ascii	"\201\266j-\244\246.NK\365\"1\322P\331`\365P\357E)\357"
 207      A4A62E4E 
 207      4BF52231 
 207      D250D960 
 207      F550EF45 
 208 02ff 2F98B70F 		.ascii	"/\230\267\017\026\307\371\257\263\317+\310>2\201\271"
 208      16C7F9AF 
 208      B3CF2BC8 
 208      3E3281B9 
 209 030f 4FFC7126 		.ascii	"O\374q&7\210$V\246\200\354+\227\226{\276\311\034\367"
 209      37882456 
 209      A680EC2B 
 209      97967BBE 
 209      C91CF7
 210 0322 F0AF94D2 		.ascii	"\360\257\224\322UN\001~D\220\237\177\243\314\025e\302"
 210      554E017E 
 210      44909F7F 
 210      A3CC1565 
 210      C2
 211 0333 AFA8B817 		.ascii	"\257\250\270\027R\241\007\255\037R\371\336\330\336'"
 211      52A107AD 
 211      1F52F9DE 
 211      D8DE27
 212 0342 A6328CCC 		.ascii	"\2462\214\314I\210\335\026i\360\254\177\372?\012\226"
 212      4988DD16 
 212      69F0AC7F 
 212      FA3F0A96 
 213 0352 13AEB05B 		.ascii	"\023\256\260[U\341a\256\020\253Y\375\217\277\302\014"
 213      55E161AE 
 213      10AB59FD 
 213      8FBFC20C 
 214 0362 698B3971 		.ascii	"i\2139qN\0170\200\276\355\361j\262\004|\250\211\204"
 214      4E0F3080 
 214      BEEDF16A 
 214      B2047CA8 
 214      8984
ARM GAS  C:\Users\Thomas\AppData\Local\Temp\ccOCprFg.s 			page 16


 215 0374 CBA8ED45 		.ascii	"\313\250\355E:\261\230\276\353\017o\351H5/&\324\314"
 215      3AB198BE 
 215      EB0F6FE9 
 215      48352F26 
 215      D4CC
 216 0386 7D3FABCF 		.ascii	"}?\253\317l\245no\012O\304\374\331\265b1\3544\372\245"
 216      6CA56E6F 
 216      0A4FC4FC 
 216      D9B56231 
 216      EC34FAA5 
 217 039a 7FE67AA9 		.ascii	"\177\346z\251vw\307\302\245\007\360\214###S\2322\352"
 217      7677C7C2 
 217      A507F08C 
 217      23232353 
 217      9A32EA
 218 03ad C5D364DF 		.ascii	"\305\323d\337\010\017\274\")T\224\353\012\373T`\020"
 218      080FBC22 
 218      295494EB 
 218      0AFB5460 
 218      10
 219 03be 3205B80A 		.ascii	"2\005\270\012KY\177\274|k\214\220#R\342\210\273\372"
 219      4B597FBC 
 219      7C6B8C90 
 219      2352E288 
 219      BBFA
 220 03d0 9ED6E466 		.ascii	"\236\326\344f\367\341%\257\204\246\356\304h=\310\367"
 220      F7E125AF 
 220      84A6EEC4 
 220      683DC8F7 
 221 03e0 2CF2B429 		.ascii	",\362\264)`\351\241\324\010\303X\322k\361\362\014A\374"
 221      60E9A1D4 
 221      08C358D2 
 221      6BF1F20C 
 221      41FC
 222 03f2 B6A9A0AF 		.ascii	"\266\251\240\257\253\337\266]S\017\033\31515\356\227"
 222      ABDFB65D 
 222      530F1BCD 
 222      3135EE97 
 223 0402 0A69EA6C 		.ascii	"\012i\352l\337g\266T\261;\215\375<\251\333\0127PI\274"
 223      DF67B654 
 223      B13B8DFD 
 223      3CA9DB0A 
 223      375049BC 
 224 0416 A38F8085 		.ascii	"\243\217\200\2057\012\374GoO\300=\2730\301\233\025-"
 224      370AFC47 
 224      6F4FC03D 
 224      BB30C19B 
 224      152D
 225 0428 EE1D92BD 		.ascii	"\356\035\222\275C\334\373\320\236.\222\340<\234\200"
 225      43DCFBD0 
 225      9E2E92E0 
 225      3C9C80
 226 0437 BE293BDF 		.ascii	"\276);\337\344\316u\265}\373\014\304\307\313\252\235"
 226      E4CE75B5 
 226      7DFB0CC4 
 226      C7CBAA9D 
 227 0447 9C1D7B64 		.ascii	"\234\035{d\000[R\232\315\203\265\031\205$\241\222\367"
ARM GAS  C:\Users\Thomas\AppData\Local\Temp\ccOCprFg.s 			page 17


 227      005B529A 
 227      CD83B519 
 227      8524A192 
 227      F7
 228 0458 90F2DD8B 		.ascii	"\220\362\335\213>{\326C\306pG\354\225\000\277!s\\\356"
 228      3E7BD643 
 228      C67047EC 
 228      9500BF21 
 228      735CEE
 229 046b 206E6C1E 		.ascii	" nl\036\370\024n\311-N\032\036|.\201\330\017\246\243"
 229      F8146EC9 
 229      2D4E1A1E 
 229      7C2E81D8 
 229      0FA6A3
 230 047e 753B0F1A 		.ascii	"u;\017\032I\253t\212m\177W\265/\220\352\366\337m\012"
 230      49AB748A 
 230      6D7F57B5 
 230      2F90EAF6 
 230      DF6D0A
 231 0491 8F70E872 		.ascii	"\217p\350r\325p\222\324\330\236\217\2703Oc\363>I7B\030"
 231      D57092D4 
 231      D89E8FB8 
 231      334F63F3 
 231      3E493742 
 232 04a6 F73F113F 		.ascii	"\367?\021?\344\333\020\357j_\205\353\373-\011\305\012"
 232      E4DB10EF 
 232      6A5F85EB 
 232      FB2D09C5 
 232      0A
 233 04b7 27146B52 		.ascii	"'\024kR.\326$/\326\230'X\245M\360f\035>\356}\027,\261"
 233      2ED6242F 
 233      D6982758 
 233      A54DF066 
 233      1D3EEE7D 
 234 04ce 2438155E 		.ascii	"$8\025^\315r\024\2258\012\305l\207\323\225\227\221\267"
 234      CD721495 
 234      380AC56C 
 234      87D39597 
 234      91B7
 235 04e0 5EDCF26E 		.ascii	"^\334\362nF^N\376\347\">\377d\353\026\375\332\0176\332"
 235      465E4EFE 
 235      E7223EFF 
 235      64EB16FD 
 235      DA0F36DA 
 236 04f4 B3848CE5 		.ascii	"\263\204\214\345\271k\305\"\321\231\357\022?\316\313"
 236      B96BC522 
 236      D199EF12 
 236      3FCECB
 237 0503 71943A0B 		.ascii	"q\224:\013\304\334\354\034G\326\333\271j\341\331\357"
 237      C4DCEC1C 
 237      47D6DBB9 
 237      6AE1D9EF 
 238 0513 2F2F105E 		.ascii	"//\020^S{\263^,q9\2342\373\025\325\324\205\242XlS{\363"
 238      537BB35E 
 238      2C71399C 
 238      32FB15D5 
 238      D485A258 
ARM GAS  C:\Users\Thomas\AppData\Local\Temp\ccOCprFg.s 			page 18


 239 052b 61FE36B1 		.ascii	"a\3766\261\2648E5\310\345(~\353\377H\\\376\251\240\232"
 239      B4384535 
 239      C8E5287E 
 239      EBFF485C 
 239      FEA9A09A 
 240 053f E3BDA2FC 		.ascii	"\343\275\242\374\315\205\242\252\3645\253\263\326m\314"
 240      CD85A2AA 
 240      F435ABB3 
 240      D66DCC
 241 054e CECBD9B0 		.ascii	"\316\313\331\260~c\326\006]\351\326\"\327\312\245\363"
 241      7E63D606 
 241      5DE9D622 
 241      D7CAA5F3 
 242 055e A62CD8EE 		.ascii	"\246,\330\356\332^,\226`\032\263\310\2219.t\322\263"
 242      DA5E2C96 
 242      601AB3C8 
 242      91392E74 
 242      D2B3
 243 0570 A8F44C73 		.ascii	"\250\364Ls\011\2267\307\271z\005\202c\363t\234\253*"
 243      099637C7 
 243      B97A0582 
 243      63F3749C 
 243      AB2A
 244 0582 DA9C5FB0 		.ascii	"\332\234_\260\255\264X\347\024\267\244g\352\362\326"
 244      ADB458E7 
 244      14B7A467 
 244      EAF2D6
 245 0591 381C855A 		.ascii	"8\034\205Z\234\257\374\027u;#\325"
 245      9CAFFC17 
 245      753B23D5 
 246              		.text
 247              		.section	.gnu.lto_.symtab.be9c61b3,"",%progbits
 248 0000 436F6E73 		.ascii	"ConsolePort_2_RegD2_SaveConfig\000\000\000\000\000\000"
 248      6F6C6550 
 248      6F72745F 
 248      325F5265 
 248      6744325F 
 249 0024 00000000 		.ascii	"\000\000\000\000\000\000\254\000\000\000ConsolePort"
 249      0000AC00 
 249      0000436F 
 249      6E736F6C 
 249      65506F72 
 250 0039 5F325F52 		.ascii	"_2_RegD2_RestoreConfig\000\000\000\000\000\000\000\000"
 250      65674432 
 250      5F526573 
 250      746F7265 
 250      436F6E66 
 251 0057 00000000 		.ascii	"\000\000\000\000\256\000\000\000ConsolePort_2_RegD2"
 251      AE000000 
 251      436F6E73 
 251      6F6C6550 
 251      6F72745F 
 252 0072 5F536C65 		.ascii	"_Sleep\000\000\000\000\000\000\000\000\000\000\000\000"
 252      65700000 
 252      00000000 
 252      00000000 
 252      0000
ARM GAS  C:\Users\Thomas\AppData\Local\Temp\ccOCprFg.s 			page 19


 253 0084 B0000000 		.ascii	"\260\000\000\000ConsolePort_2_RegD2_Wakeup\000\000\000"
 253      436F6E73 
 253      6F6C6550 
 253      6F72745F 
 253      325F5265 
 254 00a5 00000000 		.ascii	"\000\000\000\000\000\000\000\000\000\262\000\000\000"
 254      00000000 
 254      00B20000 
 254      00
 255 00b2 436F6E73 		.ascii	"ConsolePort_2_RegD2_Stop\000\000\002\000\000\000\000"
 255      6F6C6550 
 255      6F72745F 
 255      325F5265 
 255      6744325F 
 256 00d1 00000000 		.ascii	"\000\000\000\000\000\264\000\000\000ConsolePort_2_R"
 256      00B40000 
 256      00436F6E 
 256      736F6C65 
 256      506F7274 
 257 00e9 65674432 		.ascii	"egD2_Enable\000\000\002\000\000\000\000\000\000\000"
 257      5F456E61 
 257      626C6500 
 257      00020000 
 257      00000000 
 258 00fe 0000B600 		.ascii	"\000\000\266\000\000\000"
 258      0000
 259              		.text
 260              		.section	.gnu.lto_.opts,"",%progbits
 261 0000 272D666E 		.ascii	"'-fno-trapv' '-mcpu=cortex-m3' '-mthumb' '-g' '-O3'"
 261      6F2D7472 
 261      61707627 
 261      20272D6D 
 261      6370753D 
 262 0033 20272D66 		.ascii	" '-ffunction-sections' '-finline-functions' '-flto'"
 262      66756E63 
 262      74696F6E 
 262      2D736563 
 262      74696F6E 
 263 0066 20272D66 		.ascii	" '-ffat-lto-objects'\000"
 263      6661742D 
 263      6C746F2D 
 263      6F626A65 
 263      63747327 
 264              		.text
 265              		.cfi_sections	.debug_frame
 266              		.section	.text.ConsolePort_2_RegD2_SaveConfig,"ax",%progbits
 267              		.align	2
 268              		.global	ConsolePort_2_RegD2_SaveConfig
 269              		.thumb
 270              		.thumb_func
 271              		.type	ConsolePort_2_RegD2_SaveConfig, %function
 272              	ConsolePort_2_RegD2_SaveConfig:
 273              	.LFB0:
 274              		.file 1 ".\\Generated_Source\\PSoC5\\ConsolePort_2_RegD2_PM.c"
   1:.\Generated_Source\PSoC5/ConsolePort_2_RegD2_PM.c **** /*******************************************************************************
   2:.\Generated_Source\PSoC5/ConsolePort_2_RegD2_PM.c **** * File Name: ConsolePort_2_RegD2_PM.c
   3:.\Generated_Source\PSoC5/ConsolePort_2_RegD2_PM.c **** * Version 2.30
ARM GAS  C:\Users\Thomas\AppData\Local\Temp\ccOCprFg.s 			page 20


   4:.\Generated_Source\PSoC5/ConsolePort_2_RegD2_PM.c **** *
   5:.\Generated_Source\PSoC5/ConsolePort_2_RegD2_PM.c **** * Description:
   6:.\Generated_Source\PSoC5/ConsolePort_2_RegD2_PM.c **** *  This file provides the API source code for sleep mode support for Shift
   7:.\Generated_Source\PSoC5/ConsolePort_2_RegD2_PM.c **** *  Register component.
   8:.\Generated_Source\PSoC5/ConsolePort_2_RegD2_PM.c **** *
   9:.\Generated_Source\PSoC5/ConsolePort_2_RegD2_PM.c **** * Note:
  10:.\Generated_Source\PSoC5/ConsolePort_2_RegD2_PM.c **** *
  11:.\Generated_Source\PSoC5/ConsolePort_2_RegD2_PM.c **** ********************************************************************************
  12:.\Generated_Source\PSoC5/ConsolePort_2_RegD2_PM.c **** * Copyright 2008-2013, Cypress Semiconductor Corporation.  All rights reserved.
  13:.\Generated_Source\PSoC5/ConsolePort_2_RegD2_PM.c **** * You may use this file only in accordance with the license, terms, conditions,
  14:.\Generated_Source\PSoC5/ConsolePort_2_RegD2_PM.c **** * disclaimers, and limitations in the end user license agreement accompanying
  15:.\Generated_Source\PSoC5/ConsolePort_2_RegD2_PM.c **** * the software package with which this file was provided.
  16:.\Generated_Source\PSoC5/ConsolePort_2_RegD2_PM.c **** *******************************************************************************/
  17:.\Generated_Source\PSoC5/ConsolePort_2_RegD2_PM.c **** 
  18:.\Generated_Source\PSoC5/ConsolePort_2_RegD2_PM.c **** #include "ConsolePort_2_RegD2.h"
  19:.\Generated_Source\PSoC5/ConsolePort_2_RegD2_PM.c **** 
  20:.\Generated_Source\PSoC5/ConsolePort_2_RegD2_PM.c **** static ConsolePort_2_RegD2_BACKUP_STRUCT ConsolePort_2_RegD2_backup =
  21:.\Generated_Source\PSoC5/ConsolePort_2_RegD2_PM.c **** {
  22:.\Generated_Source\PSoC5/ConsolePort_2_RegD2_PM.c ****     ConsolePort_2_RegD2_DISABLED,
  23:.\Generated_Source\PSoC5/ConsolePort_2_RegD2_PM.c **** 
  24:.\Generated_Source\PSoC5/ConsolePort_2_RegD2_PM.c ****     ((uint16) ConsolePort_2_RegD2_DEFAULT_A0),
  25:.\Generated_Source\PSoC5/ConsolePort_2_RegD2_PM.c ****     ((uint16) ConsolePort_2_RegD2_DEFAULT_A1),
  26:.\Generated_Source\PSoC5/ConsolePort_2_RegD2_PM.c **** 
  27:.\Generated_Source\PSoC5/ConsolePort_2_RegD2_PM.c ****     #if(CY_UDB_V0)
  28:.\Generated_Source\PSoC5/ConsolePort_2_RegD2_PM.c ****         ((uint16) ConsolePort_2_RegD2_INT_SRC),
  29:.\Generated_Source\PSoC5/ConsolePort_2_RegD2_PM.c ****     #endif /* (CY_UDB_V0) */
  30:.\Generated_Source\PSoC5/ConsolePort_2_RegD2_PM.c **** };
  31:.\Generated_Source\PSoC5/ConsolePort_2_RegD2_PM.c **** 
  32:.\Generated_Source\PSoC5/ConsolePort_2_RegD2_PM.c **** 
  33:.\Generated_Source\PSoC5/ConsolePort_2_RegD2_PM.c **** /*******************************************************************************
  34:.\Generated_Source\PSoC5/ConsolePort_2_RegD2_PM.c **** * Function Name: ConsolePort_2_RegD2_SaveConfig
  35:.\Generated_Source\PSoC5/ConsolePort_2_RegD2_PM.c **** ********************************************************************************
  36:.\Generated_Source\PSoC5/ConsolePort_2_RegD2_PM.c **** *
  37:.\Generated_Source\PSoC5/ConsolePort_2_RegD2_PM.c **** * Summary:
  38:.\Generated_Source\PSoC5/ConsolePort_2_RegD2_PM.c **** *  Saves Shift Register configuration.
  39:.\Generated_Source\PSoC5/ConsolePort_2_RegD2_PM.c **** *
  40:.\Generated_Source\PSoC5/ConsolePort_2_RegD2_PM.c **** * Parameters:
  41:.\Generated_Source\PSoC5/ConsolePort_2_RegD2_PM.c **** *  None.
  42:.\Generated_Source\PSoC5/ConsolePort_2_RegD2_PM.c **** *
  43:.\Generated_Source\PSoC5/ConsolePort_2_RegD2_PM.c **** * Return:
  44:.\Generated_Source\PSoC5/ConsolePort_2_RegD2_PM.c **** *  None.
  45:.\Generated_Source\PSoC5/ConsolePort_2_RegD2_PM.c **** *
  46:.\Generated_Source\PSoC5/ConsolePort_2_RegD2_PM.c **** * Reentrant:
  47:.\Generated_Source\PSoC5/ConsolePort_2_RegD2_PM.c **** *  No.
  48:.\Generated_Source\PSoC5/ConsolePort_2_RegD2_PM.c **** *
  49:.\Generated_Source\PSoC5/ConsolePort_2_RegD2_PM.c **** *******************************************************************************/
  50:.\Generated_Source\PSoC5/ConsolePort_2_RegD2_PM.c **** void ConsolePort_2_RegD2_SaveConfig(void) 
  51:.\Generated_Source\PSoC5/ConsolePort_2_RegD2_PM.c **** {
 275              		.loc 1 51 0
 276              		.cfi_startproc
 277              		@ args = 0, pretend = 0, frame = 0
 278              		@ frame_needed = 0, uses_anonymous_args = 0
 279              		@ link register save eliminated.
  52:.\Generated_Source\PSoC5/ConsolePort_2_RegD2_PM.c ****     /* Store working registers A0 and A1 */
  53:.\Generated_Source\PSoC5/ConsolePort_2_RegD2_PM.c ****     ConsolePort_2_RegD2_backup.saveSrA0Reg   = CY_GET_REG16(ConsolePort_2_RegD2_SHIFT_REG_LSB_PTR);
 280              		.loc 1 53 0
 281 0000 034B     		ldr	r3, .L2
ARM GAS  C:\Users\Thomas\AppData\Local\Temp\ccOCprFg.s 			page 21


  54:.\Generated_Source\PSoC5/ConsolePort_2_RegD2_PM.c ****     ConsolePort_2_RegD2_backup.saveSrA1Reg   = CY_GET_REG16(ConsolePort_2_RegD2_SHIFT_REG_VALUE_LSB
 282              		.loc 1 54 0
 283 0002 044A     		ldr	r2, .L2+4
  53:.\Generated_Source\PSoC5/ConsolePort_2_RegD2_PM.c ****     ConsolePort_2_RegD2_backup.saveSrA1Reg   = CY_GET_REG16(ConsolePort_2_RegD2_SHIFT_REG_VALUE_LSB
 284              		.loc 1 53 0
 285 0004 1988     		ldrh	r1, [r3]
 286 0006 044B     		ldr	r3, .L2+8
 287              		.loc 1 54 0
 288 0008 1288     		ldrh	r2, [r2]
  53:.\Generated_Source\PSoC5/ConsolePort_2_RegD2_PM.c ****     ConsolePort_2_RegD2_backup.saveSrA1Reg   = CY_GET_REG16(ConsolePort_2_RegD2_SHIFT_REG_VALUE_LSB
 289              		.loc 1 53 0
 290 000a 5980     		strh	r1, [r3, #2]	@ movhi
 291              		.loc 1 54 0
 292 000c 9A80     		strh	r2, [r3, #4]	@ movhi
 293 000e 7047     		bx	lr
 294              	.L3:
 295              		.align	2
 296              	.L2:
 297 0010 08640040 		.word	1073767432
 298 0014 18640040 		.word	1073767448
 299 0018 00000000 		.word	.LANCHOR0
 300              		.cfi_endproc
 301              	.LFE0:
 302              		.size	ConsolePort_2_RegD2_SaveConfig, .-ConsolePort_2_RegD2_SaveConfig
 303              		.section	.text.ConsolePort_2_RegD2_RestoreConfig,"ax",%progbits
 304              		.align	2
 305              		.global	ConsolePort_2_RegD2_RestoreConfig
 306              		.thumb
 307              		.thumb_func
 308              		.type	ConsolePort_2_RegD2_RestoreConfig, %function
 309              	ConsolePort_2_RegD2_RestoreConfig:
 310              	.LFB1:
  55:.\Generated_Source\PSoC5/ConsolePort_2_RegD2_PM.c **** 
  56:.\Generated_Source\PSoC5/ConsolePort_2_RegD2_PM.c ****     #if(CY_UDB_V0)
  57:.\Generated_Source\PSoC5/ConsolePort_2_RegD2_PM.c ****         ConsolePort_2_RegD2_backup.saveSrIntMask = ConsolePort_2_RegD2_SR_STATUS_MASK;
  58:.\Generated_Source\PSoC5/ConsolePort_2_RegD2_PM.c ****     #endif /* (CY_UDB_V0) */
  59:.\Generated_Source\PSoC5/ConsolePort_2_RegD2_PM.c **** }
  60:.\Generated_Source\PSoC5/ConsolePort_2_RegD2_PM.c **** 
  61:.\Generated_Source\PSoC5/ConsolePort_2_RegD2_PM.c **** 
  62:.\Generated_Source\PSoC5/ConsolePort_2_RegD2_PM.c **** /*******************************************************************************
  63:.\Generated_Source\PSoC5/ConsolePort_2_RegD2_PM.c **** * Function Name: ConsolePort_2_RegD2_RestoreConfig
  64:.\Generated_Source\PSoC5/ConsolePort_2_RegD2_PM.c **** ********************************************************************************
  65:.\Generated_Source\PSoC5/ConsolePort_2_RegD2_PM.c **** *
  66:.\Generated_Source\PSoC5/ConsolePort_2_RegD2_PM.c **** * Summary:
  67:.\Generated_Source\PSoC5/ConsolePort_2_RegD2_PM.c **** *  Restores Shift Register configuration.
  68:.\Generated_Source\PSoC5/ConsolePort_2_RegD2_PM.c **** *
  69:.\Generated_Source\PSoC5/ConsolePort_2_RegD2_PM.c **** * Parameters:
  70:.\Generated_Source\PSoC5/ConsolePort_2_RegD2_PM.c **** *  None.
  71:.\Generated_Source\PSoC5/ConsolePort_2_RegD2_PM.c **** *
  72:.\Generated_Source\PSoC5/ConsolePort_2_RegD2_PM.c **** * Return:
  73:.\Generated_Source\PSoC5/ConsolePort_2_RegD2_PM.c **** *  None.
  74:.\Generated_Source\PSoC5/ConsolePort_2_RegD2_PM.c **** *
  75:.\Generated_Source\PSoC5/ConsolePort_2_RegD2_PM.c **** *******************************************************************************/
  76:.\Generated_Source\PSoC5/ConsolePort_2_RegD2_PM.c **** void ConsolePort_2_RegD2_RestoreConfig(void) 
  77:.\Generated_Source\PSoC5/ConsolePort_2_RegD2_PM.c **** {
 311              		.loc 1 77 0
 312              		.cfi_startproc
ARM GAS  C:\Users\Thomas\AppData\Local\Temp\ccOCprFg.s 			page 22


 313              		@ args = 0, pretend = 0, frame = 0
 314              		@ frame_needed = 0, uses_anonymous_args = 0
 315              		@ link register save eliminated.
  78:.\Generated_Source\PSoC5/ConsolePort_2_RegD2_PM.c ****     /* Restore working registers A0 and A1 */
  79:.\Generated_Source\PSoC5/ConsolePort_2_RegD2_PM.c ****     CY_SET_REG16(ConsolePort_2_RegD2_SHIFT_REG_LSB_PTR, ConsolePort_2_RegD2_backup.saveSrA0Reg);
 316              		.loc 1 79 0
 317 0000 034B     		ldr	r3, .L5
 318 0002 0449     		ldr	r1, .L5+4
  80:.\Generated_Source\PSoC5/ConsolePort_2_RegD2_PM.c ****     CY_SET_REG16(ConsolePort_2_RegD2_SHIFT_REG_VALUE_LSB_PTR, ConsolePort_2_RegD2_backup.saveSrA1Re
 319              		.loc 1 80 0
 320 0004 9A88     		ldrh	r2, [r3, #4]
  79:.\Generated_Source\PSoC5/ConsolePort_2_RegD2_PM.c ****     CY_SET_REG16(ConsolePort_2_RegD2_SHIFT_REG_VALUE_LSB_PTR, ConsolePort_2_RegD2_backup.saveSrA1Re
 321              		.loc 1 79 0
 322 0006 5888     		ldrh	r0, [r3, #2]
 323              		.loc 1 80 0
 324 0008 034B     		ldr	r3, .L5+8
  79:.\Generated_Source\PSoC5/ConsolePort_2_RegD2_PM.c ****     CY_SET_REG16(ConsolePort_2_RegD2_SHIFT_REG_VALUE_LSB_PTR, ConsolePort_2_RegD2_backup.saveSrA1Re
 325              		.loc 1 79 0
 326 000a 0880     		strh	r0, [r1]	@ movhi
 327              		.loc 1 80 0
 328 000c 1A80     		strh	r2, [r3]	@ movhi
 329 000e 7047     		bx	lr
 330              	.L6:
 331              		.align	2
 332              	.L5:
 333 0010 00000000 		.word	.LANCHOR0
 334 0014 08640040 		.word	1073767432
 335 0018 18640040 		.word	1073767448
 336              		.cfi_endproc
 337              	.LFE1:
 338              		.size	ConsolePort_2_RegD2_RestoreConfig, .-ConsolePort_2_RegD2_RestoreConfig
 339              		.section	.text.ConsolePort_2_RegD2_Sleep,"ax",%progbits
 340              		.align	2
 341              		.global	ConsolePort_2_RegD2_Sleep
 342              		.thumb
 343              		.thumb_func
 344              		.type	ConsolePort_2_RegD2_Sleep, %function
 345              	ConsolePort_2_RegD2_Sleep:
 346              	.LFB2:
  81:.\Generated_Source\PSoC5/ConsolePort_2_RegD2_PM.c **** 
  82:.\Generated_Source\PSoC5/ConsolePort_2_RegD2_PM.c ****     #if(CY_UDB_V0)
  83:.\Generated_Source\PSoC5/ConsolePort_2_RegD2_PM.c ****         ConsolePort_2_RegD2_SR_STATUS_MASK = ((uint8) ConsolePort_2_RegD2_backup.saveSrIntMask);
  84:.\Generated_Source\PSoC5/ConsolePort_2_RegD2_PM.c ****     #endif /* (CY_UDB_V0) */
  85:.\Generated_Source\PSoC5/ConsolePort_2_RegD2_PM.c **** }
  86:.\Generated_Source\PSoC5/ConsolePort_2_RegD2_PM.c **** 
  87:.\Generated_Source\PSoC5/ConsolePort_2_RegD2_PM.c **** 
  88:.\Generated_Source\PSoC5/ConsolePort_2_RegD2_PM.c **** /*******************************************************************************
  89:.\Generated_Source\PSoC5/ConsolePort_2_RegD2_PM.c **** * Function Name: ConsolePort_2_RegD2_Sleep
  90:.\Generated_Source\PSoC5/ConsolePort_2_RegD2_PM.c **** ********************************************************************************
  91:.\Generated_Source\PSoC5/ConsolePort_2_RegD2_PM.c **** *
  92:.\Generated_Source\PSoC5/ConsolePort_2_RegD2_PM.c **** * Summary:
  93:.\Generated_Source\PSoC5/ConsolePort_2_RegD2_PM.c **** *  Prepare the component to enter a Sleep mode.
  94:.\Generated_Source\PSoC5/ConsolePort_2_RegD2_PM.c **** *
  95:.\Generated_Source\PSoC5/ConsolePort_2_RegD2_PM.c **** * Parameters:
  96:.\Generated_Source\PSoC5/ConsolePort_2_RegD2_PM.c **** *  None.
  97:.\Generated_Source\PSoC5/ConsolePort_2_RegD2_PM.c **** *
  98:.\Generated_Source\PSoC5/ConsolePort_2_RegD2_PM.c **** * Return:
ARM GAS  C:\Users\Thomas\AppData\Local\Temp\ccOCprFg.s 			page 23


  99:.\Generated_Source\PSoC5/ConsolePort_2_RegD2_PM.c **** *  None.
 100:.\Generated_Source\PSoC5/ConsolePort_2_RegD2_PM.c **** *
 101:.\Generated_Source\PSoC5/ConsolePort_2_RegD2_PM.c **** * Reentrant:
 102:.\Generated_Source\PSoC5/ConsolePort_2_RegD2_PM.c **** *  No.
 103:.\Generated_Source\PSoC5/ConsolePort_2_RegD2_PM.c **** *
 104:.\Generated_Source\PSoC5/ConsolePort_2_RegD2_PM.c **** *******************************************************************************/
 105:.\Generated_Source\PSoC5/ConsolePort_2_RegD2_PM.c **** void ConsolePort_2_RegD2_Sleep(void) 
 106:.\Generated_Source\PSoC5/ConsolePort_2_RegD2_PM.c **** {
 347              		.loc 1 106 0
 348              		.cfi_startproc
 349              		@ args = 0, pretend = 0, frame = 0
 350              		@ frame_needed = 0, uses_anonymous_args = 0
 351 0000 10B5     		push	{r4, lr}
 352              		.cfi_def_cfa_offset 8
 353              		.cfi_offset 4, -8
 354              		.cfi_offset 14, -4
 107:.\Generated_Source\PSoC5/ConsolePort_2_RegD2_PM.c ****     ConsolePort_2_RegD2_backup.enableState = ((uint8) ConsolePort_2_RegD2_IS_ENABLED);
 355              		.loc 1 107 0
 356 0002 074B     		ldr	r3, .L9
 357 0004 074C     		ldr	r4, .L9+4
 358 0006 1B78     		ldrb	r3, [r3]	@ zero_extendqisi2
 359 0008 03F00103 		and	r3, r3, #1
 360 000c 2370     		strb	r3, [r4]
 108:.\Generated_Source\PSoC5/ConsolePort_2_RegD2_PM.c **** 
 109:.\Generated_Source\PSoC5/ConsolePort_2_RegD2_PM.c ****     ConsolePort_2_RegD2_Stop();
 361              		.loc 1 109 0
 362 000e FFF7FEFF 		bl	ConsolePort_2_RegD2_Stop
 363              	.LVL0:
 364              	.LBB6:
 365              	.LBB7:
  53:.\Generated_Source\PSoC5/ConsolePort_2_RegD2_PM.c ****     ConsolePort_2_RegD2_backup.saveSrA1Reg   = CY_GET_REG16(ConsolePort_2_RegD2_SHIFT_REG_VALUE_LSB
 366              		.loc 1 53 0
 367 0012 054A     		ldr	r2, .L9+8
  54:.\Generated_Source\PSoC5/ConsolePort_2_RegD2_PM.c **** 
 368              		.loc 1 54 0
 369 0014 054B     		ldr	r3, .L9+12
  53:.\Generated_Source\PSoC5/ConsolePort_2_RegD2_PM.c ****     ConsolePort_2_RegD2_backup.saveSrA1Reg   = CY_GET_REG16(ConsolePort_2_RegD2_SHIFT_REG_VALUE_LSB
 370              		.loc 1 53 0
 371 0016 1288     		ldrh	r2, [r2]
  54:.\Generated_Source\PSoC5/ConsolePort_2_RegD2_PM.c **** 
 372              		.loc 1 54 0
 373 0018 1B88     		ldrh	r3, [r3]
  53:.\Generated_Source\PSoC5/ConsolePort_2_RegD2_PM.c ****     ConsolePort_2_RegD2_backup.saveSrA1Reg   = CY_GET_REG16(ConsolePort_2_RegD2_SHIFT_REG_VALUE_LSB
 374              		.loc 1 53 0
 375 001a 6280     		strh	r2, [r4, #2]	@ movhi
  54:.\Generated_Source\PSoC5/ConsolePort_2_RegD2_PM.c **** 
 376              		.loc 1 54 0
 377 001c A380     		strh	r3, [r4, #4]	@ movhi
 378 001e 10BD     		pop	{r4, pc}
 379              	.L10:
 380              		.align	2
 381              	.L9:
 382 0020 79640040 		.word	1073767545
 383 0024 00000000 		.word	.LANCHOR0
 384 0028 08640040 		.word	1073767432
 385 002c 18640040 		.word	1073767448
 386              	.LBE7:
ARM GAS  C:\Users\Thomas\AppData\Local\Temp\ccOCprFg.s 			page 24


 387              	.LBE6:
 388              		.cfi_endproc
 389              	.LFE2:
 390              		.size	ConsolePort_2_RegD2_Sleep, .-ConsolePort_2_RegD2_Sleep
 391              		.section	.text.ConsolePort_2_RegD2_Wakeup,"ax",%progbits
 392              		.align	2
 393              		.global	ConsolePort_2_RegD2_Wakeup
 394              		.thumb
 395              		.thumb_func
 396              		.type	ConsolePort_2_RegD2_Wakeup, %function
 397              	ConsolePort_2_RegD2_Wakeup:
 398              	.LFB3:
 110:.\Generated_Source\PSoC5/ConsolePort_2_RegD2_PM.c ****     ConsolePort_2_RegD2_SaveConfig();
 111:.\Generated_Source\PSoC5/ConsolePort_2_RegD2_PM.c **** }
 112:.\Generated_Source\PSoC5/ConsolePort_2_RegD2_PM.c **** 
 113:.\Generated_Source\PSoC5/ConsolePort_2_RegD2_PM.c **** 
 114:.\Generated_Source\PSoC5/ConsolePort_2_RegD2_PM.c **** /*******************************************************************************
 115:.\Generated_Source\PSoC5/ConsolePort_2_RegD2_PM.c **** * Function Name: ConsolePort_2_RegD2_Wakeup
 116:.\Generated_Source\PSoC5/ConsolePort_2_RegD2_PM.c **** ********************************************************************************
 117:.\Generated_Source\PSoC5/ConsolePort_2_RegD2_PM.c **** *
 118:.\Generated_Source\PSoC5/ConsolePort_2_RegD2_PM.c **** * Summary:
 119:.\Generated_Source\PSoC5/ConsolePort_2_RegD2_PM.c **** *  Restores and enables the user configuration.
 120:.\Generated_Source\PSoC5/ConsolePort_2_RegD2_PM.c **** *
 121:.\Generated_Source\PSoC5/ConsolePort_2_RegD2_PM.c **** * Parameters:
 122:.\Generated_Source\PSoC5/ConsolePort_2_RegD2_PM.c **** *  None.
 123:.\Generated_Source\PSoC5/ConsolePort_2_RegD2_PM.c **** *
 124:.\Generated_Source\PSoC5/ConsolePort_2_RegD2_PM.c **** * Return:
 125:.\Generated_Source\PSoC5/ConsolePort_2_RegD2_PM.c **** *  None.
 126:.\Generated_Source\PSoC5/ConsolePort_2_RegD2_PM.c **** *
 127:.\Generated_Source\PSoC5/ConsolePort_2_RegD2_PM.c **** *******************************************************************************/
 128:.\Generated_Source\PSoC5/ConsolePort_2_RegD2_PM.c **** void ConsolePort_2_RegD2_Wakeup(void) 
 129:.\Generated_Source\PSoC5/ConsolePort_2_RegD2_PM.c **** {
 399              		.loc 1 129 0
 400              		.cfi_startproc
 401              		@ args = 0, pretend = 0, frame = 0
 402              		@ frame_needed = 0, uses_anonymous_args = 0
 403              		@ link register save eliminated.
 404 0000 10B4     		push	{r4}
 405              		.cfi_def_cfa_offset 4
 406              		.cfi_offset 4, -4
 407              	.LBB8:
 408              	.LBB9:
  79:.\Generated_Source\PSoC5/ConsolePort_2_RegD2_PM.c ****     CY_SET_REG16(ConsolePort_2_RegD2_SHIFT_REG_VALUE_LSB_PTR, ConsolePort_2_RegD2_backup.saveSrA1Re
 409              		.loc 1 79 0
 410 0002 084B     		ldr	r3, .L16
 411 0004 0848     		ldr	r0, .L16+4
 412 0006 5C88     		ldrh	r4, [r3, #2]
  80:.\Generated_Source\PSoC5/ConsolePort_2_RegD2_PM.c **** 
 413              		.loc 1 80 0
 414 0008 9988     		ldrh	r1, [r3, #4]
 415 000a 084A     		ldr	r2, .L16+8
  79:.\Generated_Source\PSoC5/ConsolePort_2_RegD2_PM.c ****     CY_SET_REG16(ConsolePort_2_RegD2_SHIFT_REG_VALUE_LSB_PTR, ConsolePort_2_RegD2_backup.saveSrA1Re
 416              		.loc 1 79 0
 417 000c 0480     		strh	r4, [r0]	@ movhi
  80:.\Generated_Source\PSoC5/ConsolePort_2_RegD2_PM.c **** 
 418              		.loc 1 80 0
 419 000e 1180     		strh	r1, [r2]	@ movhi
ARM GAS  C:\Users\Thomas\AppData\Local\Temp\ccOCprFg.s 			page 25


 420              	.LBE9:
 421              	.LBE8:
 130:.\Generated_Source\PSoC5/ConsolePort_2_RegD2_PM.c ****     ConsolePort_2_RegD2_RestoreConfig();
 131:.\Generated_Source\PSoC5/ConsolePort_2_RegD2_PM.c **** 
 132:.\Generated_Source\PSoC5/ConsolePort_2_RegD2_PM.c ****     if(0u != ConsolePort_2_RegD2_backup.enableState)
 422              		.loc 1 132 0
 423 0010 1B78     		ldrb	r3, [r3]	@ zero_extendqisi2
 424 0012 13B9     		cbnz	r3, .L15
 133:.\Generated_Source\PSoC5/ConsolePort_2_RegD2_PM.c ****     {
 134:.\Generated_Source\PSoC5/ConsolePort_2_RegD2_PM.c ****         ConsolePort_2_RegD2_Enable();
 135:.\Generated_Source\PSoC5/ConsolePort_2_RegD2_PM.c ****     }
 136:.\Generated_Source\PSoC5/ConsolePort_2_RegD2_PM.c **** }
 425              		.loc 1 136 0
 426 0014 5DF8044B 		ldr	r4, [sp], #4
 427              		.cfi_remember_state
 428              		.cfi_restore 4
 429              		.cfi_def_cfa_offset 0
 430 0018 7047     		bx	lr
 431              	.L15:
 432              		.cfi_restore_state
 433 001a 5DF8044B 		ldr	r4, [sp], #4
 434              		.cfi_restore 4
 435              		.cfi_def_cfa_offset 0
 134:.\Generated_Source\PSoC5/ConsolePort_2_RegD2_PM.c ****     }
 436              		.loc 1 134 0
 437 001e FFF7FEBF 		b	ConsolePort_2_RegD2_Enable
 438              	.LVL1:
 439              	.L17:
 440 0022 00BF     		.align	2
 441              	.L16:
 442 0024 00000000 		.word	.LANCHOR0
 443 0028 08640040 		.word	1073767432
 444 002c 18640040 		.word	1073767448
 445              		.cfi_endproc
 446              	.LFE3:
 447              		.size	ConsolePort_2_RegD2_Wakeup, .-ConsolePort_2_RegD2_Wakeup
 448              		.bss
 449              		.align	2
 450              		.set	.LANCHOR0,. + 0
 451              		.type	ConsolePort_2_RegD2_backup, %object
 452              		.size	ConsolePort_2_RegD2_backup, 6
 453              	ConsolePort_2_RegD2_backup:
 454 0000 00000000 		.space	6
 454      0000
 455 0006 0000     		.text
 456              	.Letext0:
 457              		.file 2 ".\\Generated_Source\\PSoC5\\cytypes.h"
 458              		.file 3 ".\\Generated_Source\\PSoC5\\ConsolePort_2_RegD2.h"
 459              		.section	.debug_info,"",%progbits
 460              	.Ldebug_info0:
 461 0000 9F010000 		.4byte	0x19f
 462 0004 0400     		.2byte	0x4
 463 0006 00000000 		.4byte	.Ldebug_abbrev0
 464 000a 04       		.byte	0x4
 465 000b 01       		.uleb128 0x1
 466 000c 7D010000 		.4byte	.LASF27
 467 0010 01       		.byte	0x1
ARM GAS  C:\Users\Thomas\AppData\Local\Temp\ccOCprFg.s 			page 26


 468 0011 06000000 		.4byte	.LASF28
 469 0015 DE000000 		.4byte	.LASF29
 470 0019 00000000 		.4byte	.Ldebug_ranges0+0
 471 001d 00000000 		.4byte	0
 472 0021 00000000 		.4byte	.Ldebug_line0
 473 0025 02       		.uleb128 0x2
 474 0026 01       		.byte	0x1
 475 0027 06       		.byte	0x6
 476 0028 9F020000 		.4byte	.LASF0
 477 002c 02       		.uleb128 0x2
 478 002d 01       		.byte	0x1
 479 002e 08       		.byte	0x8
 480 002f 93000000 		.4byte	.LASF1
 481 0033 02       		.uleb128 0x2
 482 0034 02       		.byte	0x2
 483 0035 05       		.byte	0x5
 484 0036 43020000 		.4byte	.LASF2
 485 003a 02       		.uleb128 0x2
 486 003b 02       		.byte	0x2
 487 003c 07       		.byte	0x7
 488 003d 38000000 		.4byte	.LASF3
 489 0041 02       		.uleb128 0x2
 490 0042 04       		.byte	0x4
 491 0043 05       		.byte	0x5
 492 0044 8A020000 		.4byte	.LASF4
 493 0048 02       		.uleb128 0x2
 494 0049 04       		.byte	0x4
 495 004a 07       		.byte	0x7
 496 004b A6000000 		.4byte	.LASF5
 497 004f 02       		.uleb128 0x2
 498 0050 08       		.byte	0x8
 499 0051 05       		.byte	0x5
 500 0052 6F010000 		.4byte	.LASF6
 501 0056 02       		.uleb128 0x2
 502 0057 08       		.byte	0x8
 503 0058 07       		.byte	0x7
 504 0059 2D010000 		.4byte	.LASF7
 505 005d 03       		.uleb128 0x3
 506 005e 04       		.byte	0x4
 507 005f 05       		.byte	0x5
 508 0060 696E7400 		.ascii	"int\000"
 509 0064 02       		.uleb128 0x2
 510 0065 04       		.byte	0x4
 511 0066 07       		.byte	0x7
 512 0067 20010000 		.4byte	.LASF8
 513 006b 04       		.uleb128 0x4
 514 006c B8000000 		.4byte	.LASF9
 515 0070 02       		.byte	0x2
 516 0071 9201     		.2byte	0x192
 517 0073 2C000000 		.4byte	0x2c
 518 0077 04       		.uleb128 0x4
 519 0078 19010000 		.4byte	.LASF10
 520 007c 02       		.byte	0x2
 521 007d 9301     		.2byte	0x193
 522 007f 3A000000 		.4byte	0x3a
 523 0083 02       		.uleb128 0x2
 524 0084 04       		.byte	0x4
ARM GAS  C:\Users\Thomas\AppData\Local\Temp\ccOCprFg.s 			page 27


 525 0085 04       		.byte	0x4
 526 0086 8D000000 		.4byte	.LASF11
 527 008a 02       		.uleb128 0x2
 528 008b 08       		.byte	0x8
 529 008c 04       		.byte	0x4
 530 008d D7000000 		.4byte	.LASF12
 531 0091 02       		.uleb128 0x2
 532 0092 01       		.byte	0x1
 533 0093 08       		.byte	0x8
 534 0094 3E020000 		.4byte	.LASF13
 535 0098 04       		.uleb128 0x4
 536 0099 A1000000 		.4byte	.LASF14
 537 009d 02       		.byte	0x2
 538 009e 3C02     		.2byte	0x23c
 539 00a0 A4000000 		.4byte	0xa4
 540 00a4 05       		.uleb128 0x5
 541 00a5 6B000000 		.4byte	0x6b
 542 00a9 04       		.uleb128 0x4
 543 00aa 00000000 		.4byte	.LASF15
 544 00ae 02       		.byte	0x2
 545 00af 3D02     		.2byte	0x23d
 546 00b1 B5000000 		.4byte	0xb5
 547 00b5 05       		.uleb128 0x5
 548 00b6 77000000 		.4byte	0x77
 549 00ba 02       		.uleb128 0x2
 550 00bb 04       		.byte	0x4
 551 00bc 07       		.byte	0x7
 552 00bd 66010000 		.4byte	.LASF16
 553 00c1 06       		.uleb128 0x6
 554 00c2 06       		.byte	0x6
 555 00c3 03       		.byte	0x3
 556 00c4 30       		.byte	0x30
 557 00c5 EE000000 		.4byte	0xee
 558 00c9 07       		.uleb128 0x7
 559 00ca 93020000 		.4byte	.LASF17
 560 00ce 03       		.byte	0x3
 561 00cf 32       		.byte	0x32
 562 00d0 6B000000 		.4byte	0x6b
 563 00d4 00       		.byte	0
 564 00d5 07       		.uleb128 0x7
 565 00d6 AB020000 		.4byte	.LASF18
 566 00da 03       		.byte	0x3
 567 00db 34       		.byte	0x34
 568 00dc 77000000 		.4byte	0x77
 569 00e0 02       		.byte	0x2
 570 00e1 07       		.uleb128 0x7
 571 00e2 66000000 		.4byte	.LASF19
 572 00e6 03       		.byte	0x3
 573 00e7 35       		.byte	0x35
 574 00e8 77000000 		.4byte	0x77
 575 00ec 04       		.byte	0x4
 576 00ed 00       		.byte	0
 577 00ee 08       		.uleb128 0x8
 578 00ef 44010000 		.4byte	.LASF20
 579 00f3 03       		.byte	0x3
 580 00f4 3B       		.byte	0x3b
 581 00f5 C1000000 		.4byte	0xc1
ARM GAS  C:\Users\Thomas\AppData\Local\Temp\ccOCprFg.s 			page 28


 582 00f9 09       		.uleb128 0x9
 583 00fa B7020000 		.4byte	.LASF21
 584 00fe 01       		.byte	0x1
 585 00ff 32       		.byte	0x32
 586 0100 01       		.byte	0x1
 587 0101 09       		.uleb128 0x9
 588 0102 68020000 		.4byte	.LASF22
 589 0106 01       		.byte	0x1
 590 0107 4C       		.byte	0x4c
 591 0108 01       		.byte	0x1
 592 0109 0A       		.uleb128 0xa
 593 010a F9000000 		.4byte	0xf9
 594 010e 00000000 		.4byte	.LFB0
 595 0112 1C000000 		.4byte	.LFE0-.LFB0
 596 0116 01       		.uleb128 0x1
 597 0117 9C       		.byte	0x9c
 598 0118 0A       		.uleb128 0xa
 599 0119 01010000 		.4byte	0x101
 600 011d 00000000 		.4byte	.LFB1
 601 0121 1C000000 		.4byte	.LFE1-.LFB1
 602 0125 01       		.uleb128 0x1
 603 0126 9C       		.byte	0x9c
 604 0127 0B       		.uleb128 0xb
 605 0128 24020000 		.4byte	.LASF23
 606 012c 01       		.byte	0x1
 607 012d 69       		.byte	0x69
 608 012e 00000000 		.4byte	.LFB2
 609 0132 30000000 		.4byte	.LFE2-.LFB2
 610 0136 01       		.uleb128 0x1
 611 0137 9C       		.byte	0x9c
 612 0138 55010000 		.4byte	0x155
 613 013c 0C       		.uleb128 0xc
 614 013d F9000000 		.4byte	0xf9
 615 0141 12000000 		.4byte	.LBB6
 616 0145 1E000000 		.4byte	.LBE6-.LBB6
 617 0149 01       		.byte	0x1
 618 014a 6E       		.byte	0x6e
 619 014b 0D       		.uleb128 0xd
 620 014c 12000000 		.4byte	.LVL0
 621 0150 94010000 		.4byte	0x194
 622 0154 00       		.byte	0
 623 0155 0B       		.uleb128 0xb
 624 0156 72000000 		.4byte	.LASF24
 625 015a 01       		.byte	0x1
 626 015b 80       		.byte	0x80
 627 015c 00000000 		.4byte	.LFB3
 628 0160 30000000 		.4byte	.LFE3-.LFB3
 629 0164 01       		.uleb128 0x1
 630 0165 9C       		.byte	0x9c
 631 0166 83010000 		.4byte	0x183
 632 016a 0C       		.uleb128 0xc
 633 016b 01010000 		.4byte	0x101
 634 016f 02000000 		.4byte	.LBB8
 635 0173 0E000000 		.4byte	.LBE8-.LBB8
 636 0177 01       		.byte	0x1
 637 0178 82       		.byte	0x82
 638 0179 0E       		.uleb128 0xe
ARM GAS  C:\Users\Thomas\AppData\Local\Temp\ccOCprFg.s 			page 29


 639 017a 22000000 		.4byte	.LVL1
 640 017e 9B010000 		.4byte	0x19b
 641 0182 00       		.byte	0
 642 0183 0F       		.uleb128 0xf
 643 0184 4B000000 		.4byte	.LASF30
 644 0188 01       		.byte	0x1
 645 0189 14       		.byte	0x14
 646 018a EE000000 		.4byte	0xee
 647 018e 05       		.uleb128 0x5
 648 018f 03       		.byte	0x3
 649 0190 00000000 		.4byte	ConsolePort_2_RegD2_backup
 650 0194 10       		.uleb128 0x10
 651 0195 BE000000 		.4byte	.LASF25
 652 0199 03       		.byte	0x3
 653 019a 43       		.byte	0x43
 654 019b 10       		.uleb128 0x10
 655 019c 4D020000 		.4byte	.LASF26
 656 01a0 03       		.byte	0x3
 657 01a1 45       		.byte	0x45
 658 01a2 00       		.byte	0
 659              		.section	.debug_abbrev,"",%progbits
 660              	.Ldebug_abbrev0:
 661 0000 01       		.uleb128 0x1
 662 0001 11       		.uleb128 0x11
 663 0002 01       		.byte	0x1
 664 0003 25       		.uleb128 0x25
 665 0004 0E       		.uleb128 0xe
 666 0005 13       		.uleb128 0x13
 667 0006 0B       		.uleb128 0xb
 668 0007 03       		.uleb128 0x3
 669 0008 0E       		.uleb128 0xe
 670 0009 1B       		.uleb128 0x1b
 671 000a 0E       		.uleb128 0xe
 672 000b 55       		.uleb128 0x55
 673 000c 17       		.uleb128 0x17
 674 000d 11       		.uleb128 0x11
 675 000e 01       		.uleb128 0x1
 676 000f 10       		.uleb128 0x10
 677 0010 17       		.uleb128 0x17
 678 0011 00       		.byte	0
 679 0012 00       		.byte	0
 680 0013 02       		.uleb128 0x2
 681 0014 24       		.uleb128 0x24
 682 0015 00       		.byte	0
 683 0016 0B       		.uleb128 0xb
 684 0017 0B       		.uleb128 0xb
 685 0018 3E       		.uleb128 0x3e
 686 0019 0B       		.uleb128 0xb
 687 001a 03       		.uleb128 0x3
 688 001b 0E       		.uleb128 0xe
 689 001c 00       		.byte	0
 690 001d 00       		.byte	0
 691 001e 03       		.uleb128 0x3
 692 001f 24       		.uleb128 0x24
 693 0020 00       		.byte	0
 694 0021 0B       		.uleb128 0xb
 695 0022 0B       		.uleb128 0xb
ARM GAS  C:\Users\Thomas\AppData\Local\Temp\ccOCprFg.s 			page 30


 696 0023 3E       		.uleb128 0x3e
 697 0024 0B       		.uleb128 0xb
 698 0025 03       		.uleb128 0x3
 699 0026 08       		.uleb128 0x8
 700 0027 00       		.byte	0
 701 0028 00       		.byte	0
 702 0029 04       		.uleb128 0x4
 703 002a 16       		.uleb128 0x16
 704 002b 00       		.byte	0
 705 002c 03       		.uleb128 0x3
 706 002d 0E       		.uleb128 0xe
 707 002e 3A       		.uleb128 0x3a
 708 002f 0B       		.uleb128 0xb
 709 0030 3B       		.uleb128 0x3b
 710 0031 05       		.uleb128 0x5
 711 0032 49       		.uleb128 0x49
 712 0033 13       		.uleb128 0x13
 713 0034 00       		.byte	0
 714 0035 00       		.byte	0
 715 0036 05       		.uleb128 0x5
 716 0037 35       		.uleb128 0x35
 717 0038 00       		.byte	0
 718 0039 49       		.uleb128 0x49
 719 003a 13       		.uleb128 0x13
 720 003b 00       		.byte	0
 721 003c 00       		.byte	0
 722 003d 06       		.uleb128 0x6
 723 003e 13       		.uleb128 0x13
 724 003f 01       		.byte	0x1
 725 0040 0B       		.uleb128 0xb
 726 0041 0B       		.uleb128 0xb
 727 0042 3A       		.uleb128 0x3a
 728 0043 0B       		.uleb128 0xb
 729 0044 3B       		.uleb128 0x3b
 730 0045 0B       		.uleb128 0xb
 731 0046 01       		.uleb128 0x1
 732 0047 13       		.uleb128 0x13
 733 0048 00       		.byte	0
 734 0049 00       		.byte	0
 735 004a 07       		.uleb128 0x7
 736 004b 0D       		.uleb128 0xd
 737 004c 00       		.byte	0
 738 004d 03       		.uleb128 0x3
 739 004e 0E       		.uleb128 0xe
 740 004f 3A       		.uleb128 0x3a
 741 0050 0B       		.uleb128 0xb
 742 0051 3B       		.uleb128 0x3b
 743 0052 0B       		.uleb128 0xb
 744 0053 49       		.uleb128 0x49
 745 0054 13       		.uleb128 0x13
 746 0055 38       		.uleb128 0x38
 747 0056 0B       		.uleb128 0xb
 748 0057 00       		.byte	0
 749 0058 00       		.byte	0
 750 0059 08       		.uleb128 0x8
 751 005a 16       		.uleb128 0x16
 752 005b 00       		.byte	0
ARM GAS  C:\Users\Thomas\AppData\Local\Temp\ccOCprFg.s 			page 31


 753 005c 03       		.uleb128 0x3
 754 005d 0E       		.uleb128 0xe
 755 005e 3A       		.uleb128 0x3a
 756 005f 0B       		.uleb128 0xb
 757 0060 3B       		.uleb128 0x3b
 758 0061 0B       		.uleb128 0xb
 759 0062 49       		.uleb128 0x49
 760 0063 13       		.uleb128 0x13
 761 0064 00       		.byte	0
 762 0065 00       		.byte	0
 763 0066 09       		.uleb128 0x9
 764 0067 2E       		.uleb128 0x2e
 765 0068 00       		.byte	0
 766 0069 3F       		.uleb128 0x3f
 767 006a 19       		.uleb128 0x19
 768 006b 03       		.uleb128 0x3
 769 006c 0E       		.uleb128 0xe
 770 006d 3A       		.uleb128 0x3a
 771 006e 0B       		.uleb128 0xb
 772 006f 3B       		.uleb128 0x3b
 773 0070 0B       		.uleb128 0xb
 774 0071 27       		.uleb128 0x27
 775 0072 19       		.uleb128 0x19
 776 0073 20       		.uleb128 0x20
 777 0074 0B       		.uleb128 0xb
 778 0075 00       		.byte	0
 779 0076 00       		.byte	0
 780 0077 0A       		.uleb128 0xa
 781 0078 2E       		.uleb128 0x2e
 782 0079 00       		.byte	0
 783 007a 31       		.uleb128 0x31
 784 007b 13       		.uleb128 0x13
 785 007c 11       		.uleb128 0x11
 786 007d 01       		.uleb128 0x1
 787 007e 12       		.uleb128 0x12
 788 007f 06       		.uleb128 0x6
 789 0080 40       		.uleb128 0x40
 790 0081 18       		.uleb128 0x18
 791 0082 9742     		.uleb128 0x2117
 792 0084 19       		.uleb128 0x19
 793 0085 00       		.byte	0
 794 0086 00       		.byte	0
 795 0087 0B       		.uleb128 0xb
 796 0088 2E       		.uleb128 0x2e
 797 0089 01       		.byte	0x1
 798 008a 3F       		.uleb128 0x3f
 799 008b 19       		.uleb128 0x19
 800 008c 03       		.uleb128 0x3
 801 008d 0E       		.uleb128 0xe
 802 008e 3A       		.uleb128 0x3a
 803 008f 0B       		.uleb128 0xb
 804 0090 3B       		.uleb128 0x3b
 805 0091 0B       		.uleb128 0xb
 806 0092 27       		.uleb128 0x27
 807 0093 19       		.uleb128 0x19
 808 0094 11       		.uleb128 0x11
 809 0095 01       		.uleb128 0x1
ARM GAS  C:\Users\Thomas\AppData\Local\Temp\ccOCprFg.s 			page 32


 810 0096 12       		.uleb128 0x12
 811 0097 06       		.uleb128 0x6
 812 0098 40       		.uleb128 0x40
 813 0099 18       		.uleb128 0x18
 814 009a 9742     		.uleb128 0x2117
 815 009c 19       		.uleb128 0x19
 816 009d 01       		.uleb128 0x1
 817 009e 13       		.uleb128 0x13
 818 009f 00       		.byte	0
 819 00a0 00       		.byte	0
 820 00a1 0C       		.uleb128 0xc
 821 00a2 1D       		.uleb128 0x1d
 822 00a3 00       		.byte	0
 823 00a4 31       		.uleb128 0x31
 824 00a5 13       		.uleb128 0x13
 825 00a6 11       		.uleb128 0x11
 826 00a7 01       		.uleb128 0x1
 827 00a8 12       		.uleb128 0x12
 828 00a9 06       		.uleb128 0x6
 829 00aa 58       		.uleb128 0x58
 830 00ab 0B       		.uleb128 0xb
 831 00ac 59       		.uleb128 0x59
 832 00ad 0B       		.uleb128 0xb
 833 00ae 00       		.byte	0
 834 00af 00       		.byte	0
 835 00b0 0D       		.uleb128 0xd
 836 00b1 898201   		.uleb128 0x4109
 837 00b4 00       		.byte	0
 838 00b5 11       		.uleb128 0x11
 839 00b6 01       		.uleb128 0x1
 840 00b7 31       		.uleb128 0x31
 841 00b8 13       		.uleb128 0x13
 842 00b9 00       		.byte	0
 843 00ba 00       		.byte	0
 844 00bb 0E       		.uleb128 0xe
 845 00bc 898201   		.uleb128 0x4109
 846 00bf 00       		.byte	0
 847 00c0 11       		.uleb128 0x11
 848 00c1 01       		.uleb128 0x1
 849 00c2 9542     		.uleb128 0x2115
 850 00c4 19       		.uleb128 0x19
 851 00c5 31       		.uleb128 0x31
 852 00c6 13       		.uleb128 0x13
 853 00c7 00       		.byte	0
 854 00c8 00       		.byte	0
 855 00c9 0F       		.uleb128 0xf
 856 00ca 34       		.uleb128 0x34
 857 00cb 00       		.byte	0
 858 00cc 03       		.uleb128 0x3
 859 00cd 0E       		.uleb128 0xe
 860 00ce 3A       		.uleb128 0x3a
 861 00cf 0B       		.uleb128 0xb
 862 00d0 3B       		.uleb128 0x3b
 863 00d1 0B       		.uleb128 0xb
 864 00d2 49       		.uleb128 0x49
 865 00d3 13       		.uleb128 0x13
 866 00d4 02       		.uleb128 0x2
ARM GAS  C:\Users\Thomas\AppData\Local\Temp\ccOCprFg.s 			page 33


 867 00d5 18       		.uleb128 0x18
 868 00d6 00       		.byte	0
 869 00d7 00       		.byte	0
 870 00d8 10       		.uleb128 0x10
 871 00d9 2E       		.uleb128 0x2e
 872 00da 00       		.byte	0
 873 00db 3F       		.uleb128 0x3f
 874 00dc 19       		.uleb128 0x19
 875 00dd 03       		.uleb128 0x3
 876 00de 0E       		.uleb128 0xe
 877 00df 3A       		.uleb128 0x3a
 878 00e0 0B       		.uleb128 0xb
 879 00e1 3B       		.uleb128 0x3b
 880 00e2 0B       		.uleb128 0xb
 881 00e3 27       		.uleb128 0x27
 882 00e4 19       		.uleb128 0x19
 883 00e5 3C       		.uleb128 0x3c
 884 00e6 19       		.uleb128 0x19
 885 00e7 00       		.byte	0
 886 00e8 00       		.byte	0
 887 00e9 00       		.byte	0
 888              		.section	.debug_aranges,"",%progbits
 889 0000 34000000 		.4byte	0x34
 890 0004 0200     		.2byte	0x2
 891 0006 00000000 		.4byte	.Ldebug_info0
 892 000a 04       		.byte	0x4
 893 000b 00       		.byte	0
 894 000c 0000     		.2byte	0
 895 000e 0000     		.2byte	0
 896 0010 00000000 		.4byte	.LFB0
 897 0014 1C000000 		.4byte	.LFE0-.LFB0
 898 0018 00000000 		.4byte	.LFB1
 899 001c 1C000000 		.4byte	.LFE1-.LFB1
 900 0020 00000000 		.4byte	.LFB2
 901 0024 30000000 		.4byte	.LFE2-.LFB2
 902 0028 00000000 		.4byte	.LFB3
 903 002c 30000000 		.4byte	.LFE3-.LFB3
 904 0030 00000000 		.4byte	0
 905 0034 00000000 		.4byte	0
 906              		.section	.debug_ranges,"",%progbits
 907              	.Ldebug_ranges0:
 908 0000 00000000 		.4byte	.LFB0
 909 0004 1C000000 		.4byte	.LFE0
 910 0008 00000000 		.4byte	.LFB1
 911 000c 1C000000 		.4byte	.LFE1
 912 0010 00000000 		.4byte	.LFB2
 913 0014 30000000 		.4byte	.LFE2
 914 0018 00000000 		.4byte	.LFB3
 915 001c 30000000 		.4byte	.LFE3
 916 0020 00000000 		.4byte	0
 917 0024 00000000 		.4byte	0
 918              		.section	.debug_line,"",%progbits
 919              	.Ldebug_line0:
 920 0000 D4000000 		.section	.debug_str,"MS",%progbits,1
 920      02006E00 
 920      00000201 
 920      FB0E0D00 
ARM GAS  C:\Users\Thomas\AppData\Local\Temp\ccOCprFg.s 			page 34


 920      01010101 
 921              	.LASF15:
 922 0000 72656731 		.ascii	"reg16\000"
 922      3600
 923              	.LASF28:
 924 0006 2E5C4765 		.ascii	".\\Generated_Source\\PSoC5\\ConsolePort_2_RegD2_PM."
 924      6E657261 
 924      7465645F 
 924      536F7572 
 924      63655C50 
 925 0036 6300     		.ascii	"c\000"
 926              	.LASF3:
 927 0038 73686F72 		.ascii	"short unsigned int\000"
 927      7420756E 
 927      7369676E 
 927      65642069 
 927      6E7400
 928              	.LASF30:
 929 004b 436F6E73 		.ascii	"ConsolePort_2_RegD2_backup\000"
 929      6F6C6550 
 929      6F72745F 
 929      325F5265 
 929      6744325F 
 930              	.LASF19:
 931 0066 73617665 		.ascii	"saveSrA1Reg\000"
 931      53724131 
 931      52656700 
 932              	.LASF24:
 933 0072 436F6E73 		.ascii	"ConsolePort_2_RegD2_Wakeup\000"
 933      6F6C6550 
 933      6F72745F 
 933      325F5265 
 933      6744325F 
 934              	.LASF11:
 935 008d 666C6F61 		.ascii	"float\000"
 935      7400
 936              	.LASF1:
 937 0093 756E7369 		.ascii	"unsigned char\000"
 937      676E6564 
 937      20636861 
 937      7200
 938              	.LASF14:
 939 00a1 72656738 		.ascii	"reg8\000"
 939      00
 940              	.LASF5:
 941 00a6 6C6F6E67 		.ascii	"long unsigned int\000"
 941      20756E73 
 941      69676E65 
 941      6420696E 
 941      7400
 942              	.LASF9:
 943 00b8 75696E74 		.ascii	"uint8\000"
 943      3800
 944              	.LASF25:
 945 00be 436F6E73 		.ascii	"ConsolePort_2_RegD2_Stop\000"
 945      6F6C6550 
 945      6F72745F 
ARM GAS  C:\Users\Thomas\AppData\Local\Temp\ccOCprFg.s 			page 35


 945      325F5265 
 945      6744325F 
 946              	.LASF12:
 947 00d7 646F7562 		.ascii	"double\000"
 947      6C6500
 948              	.LASF29:
 949 00de 433A5C55 		.ascii	"C:\\Users\\Thomas\\Documents\\PSoC Creator\\TASBot\\"
 949      73657273 
 949      5C54686F 
 949      6D61735C 
 949      446F6375 
 950 010c 54415342 		.ascii	"TASBot.cydsn\000"
 950      6F742E63 
 950      7964736E 
 950      00
 951              	.LASF10:
 952 0119 75696E74 		.ascii	"uint16\000"
 952      313600
 953              	.LASF8:
 954 0120 756E7369 		.ascii	"unsigned int\000"
 954      676E6564 
 954      20696E74 
 954      00
 955              	.LASF7:
 956 012d 6C6F6E67 		.ascii	"long long unsigned int\000"
 956      206C6F6E 
 956      6720756E 
 956      7369676E 
 956      65642069 
 957              	.LASF20:
 958 0144 436F6E73 		.ascii	"ConsolePort_2_RegD2_BACKUP_STRUCT\000"
 958      6F6C6550 
 958      6F72745F 
 958      325F5265 
 958      6744325F 
 959              	.LASF16:
 960 0166 73697A65 		.ascii	"sizetype\000"
 960      74797065 
 960      00
 961              	.LASF6:
 962 016f 6C6F6E67 		.ascii	"long long int\000"
 962      206C6F6E 
 962      6720696E 
 962      7400
 963              	.LASF27:
 964 017d 474E5520 		.ascii	"GNU C 4.9.3 20150303 (release) [ARM/embedded-4_9-br"
 964      4320342E 
 964      392E3320 
 964      32303135 
 964      30333033 
 965 01b0 616E6368 		.ascii	"anch revision 221220] -mcpu=cortex-m3 -mthumb -g -O"
 965      20726576 
 965      6973696F 
 965      6E203232 
 965      31323230 
 966 01e3 33202D66 		.ascii	"3 -ffunction-sections -finline-functions -flto -ffa"
 966      66756E63 
ARM GAS  C:\Users\Thomas\AppData\Local\Temp\ccOCprFg.s 			page 36


 966      74696F6E 
 966      2D736563 
 966      74696F6E 
 967 0216 742D6C74 		.ascii	"t-lto-objects\000"
 967      6F2D6F62 
 967      6A656374 
 967      7300
 968              	.LASF23:
 969 0224 436F6E73 		.ascii	"ConsolePort_2_RegD2_Sleep\000"
 969      6F6C6550 
 969      6F72745F 
 969      325F5265 
 969      6744325F 
 970              	.LASF13:
 971 023e 63686172 		.ascii	"char\000"
 971      00
 972              	.LASF2:
 973 0243 73686F72 		.ascii	"short int\000"
 973      7420696E 
 973      7400
 974              	.LASF26:
 975 024d 436F6E73 		.ascii	"ConsolePort_2_RegD2_Enable\000"
 975      6F6C6550 
 975      6F72745F 
 975      325F5265 
 975      6744325F 
 976              	.LASF22:
 977 0268 436F6E73 		.ascii	"ConsolePort_2_RegD2_RestoreConfig\000"
 977      6F6C6550 
 977      6F72745F 
 977      325F5265 
 977      6744325F 
 978              	.LASF4:
 979 028a 6C6F6E67 		.ascii	"long int\000"
 979      20696E74 
 979      00
 980              	.LASF17:
 981 0293 656E6162 		.ascii	"enableState\000"
 981      6C655374 
 981      61746500 
 982              	.LASF0:
 983 029f 7369676E 		.ascii	"signed char\000"
 983      65642063 
 983      68617200 
 984              	.LASF18:
 985 02ab 73617665 		.ascii	"saveSrA0Reg\000"
 985      53724130 
 985      52656700 
 986              	.LASF21:
 987 02b7 436F6E73 		.ascii	"ConsolePort_2_RegD2_SaveConfig\000"
 987      6F6C6550 
 987      6F72745F 
 987      325F5265 
 987      6744325F 
 988              		.comm	__gnu_lto_v1,1,1
 989              		.ident	"GCC: (GNU Tools for ARM Embedded Processors) 4.9.3 20150303 (release) [ARM/embedded-4_9-br
