ARM GAS  C:\Users\Thomas\AppData\Local\Temp\ccnHp0PJ.s 			page 1


   1              		.syntax unified
   2              		.cpu cortex-m3
   3              		.fpu softvfp
   4              		.eabi_attribute 20, 1
   5              		.eabi_attribute 21, 1
   6              		.eabi_attribute 23, 3
   7              		.eabi_attribute 24, 1
   8              		.eabi_attribute 25, 1
   9              		.eabi_attribute 26, 1
  10              		.eabi_attribute 30, 2
  11              		.eabi_attribute 34, 1
  12              		.eabi_attribute 18, 4
  13              		.thumb
  14              		.file	"P1_1_PM.c"
  15              		.text
  16              	.Ltext0:
  17              		.section	.gnu.lto_.profile.bb5cef7a,"",%progbits
  18 0000 789C6366 		.ascii	"x\234cf```a\200\000F\006cY\000\000\367\000Y"
  18      60606061 
  18      80004606 
  18      63590000 
  18      F70059
  19              		.text
  20              		.section	.gnu.lto_.jmpfuncs.bb5cef7a,"",%progbits
  21 0000 789C6366 		.ascii	"x\234cf\300\016\004\2404\013\0203100C\231\014\000\002"
  21      C00E04A0 
  21      340B1033 
  21      31303043 
  21      990C0002 
  22 0014 C70021   		.ascii	"\307\000!"
  23              		.text
  24              		.section	.gnu.lto_.inline.bb5cef7a,"",%progbits
  25 0000 789C6366 		.ascii	"x\234cf\300\016\"\2404\013\003\003;\033#\003\023\307"
  25      C00E22A0 
  25      340B0303 
  25      3B1B2303 
  25      13C7
  26 0012 013B06B6 		.ascii	"\001;\006\266\005\362L 1&L!f\006\036\021\240\220@C-"
  26      05F24C20 
  26      31264C21 
  26      66061E11 
  26      A0904043 
  27 0027 5C88910B 		.ascii	"\\\210\221\013\254\235\233\027(\316\267!\027U\234\001"
  27      AC9D9B17 
  27      28CEB721 
  27      17559C01 
  28 0037 00917408 		.ascii	"\000\221t\010="
  28      3D
  29              		.text
  30              		.section	.gnu.lto_.pureconst.bb5cef7a,"",%progbits
  31 0000 789C6366 		.ascii	"x\234cf``\340d\200\000\026\006)&)f)\026)\000\002\321"
  31      6060E064 
  31      80001606 
  31      29262966 
  31      29162900 
  32 0016 0082     		.ascii	"\000\202"
  33              		.text
ARM GAS  C:\Users\Thomas\AppData\Local\Temp\ccnHp0PJ.s 			page 2


  34              		.section	.gnu.lto_P1_1_SaveConfig.bb5cef7a,"",%progbits
  35 0000 789C8D91 		.ascii	"x\234\215\2219K\003Q\024\205\357\271\031\307\210\205"
  35      394B0351 
  35      1485EFB9 
  35      19C78885 
  36 0010 62696321 		.ascii	"bic!\242\215\202\205\277\300\302J\010\330\006\202\304"
  36      A28D8285 
  36      BFC0C24A 
  36      08D80682 
  36      C4
  37 0021 B40AA265 		.ascii	"\264\012\242epF\247\210\212\013\"\"\270\024\001q\211"
  37      7046A788 
  37      8A0B2222 
  37      B8140171 
  37      89
  38 0032 FBD28FB1 		.ascii	"\373\322\217\261\023\334\260\020,\024!Bl\304\005\"\203"
  38      13DCB010 
  38      2C142142 
  38      6CC40522 
  38      83
  39 0043 EBBD232E 		.ascii	"\353\275#.(\210\003o\336\274w\317;\367;o\002\364\373"
  39      2888036F 
  39      DEBC77CF 
  39      3BF73B6F 
  39      02F4FB
  40 0056 29959105 		.ascii	")\225\221\005Q\205\314\010\020xx\237\310\0162\240\037"
  40      5185CC08 
  40      1078789F 
  40      C80E32A0 
  40      1F
  41 0067 04EA6274 		.ascii	"\004\352bt\341\212o\031\303nj\274\260r\306\262\254\233"
  41      E18A6F19 
  41      C36E6ABC 
  41      B072C6B2 
  41      AC9B
  42 0079 E49E1D72 		.ascii	"\344\236\035r\3411\321=\277\373`\026\225$\242[\347\371"
  42      E131D13D 
  42      BFFB6016 
  42      9524A25B 
  42      E7F9
  43 008b A4D07444 		.ascii	"\244\320tDT\374^\303\034L\361\247\225\022\327z}\275"
  43      54FC5EC3 
  43      1C4CF1A7 
  43      9512D77A 
  43      7DBD
  44 009d DFDACEC1 		.ascii	"\337\332\316\301d\362\030\206\276\2102\"\322V\227\314"
  44      64F21886 
  44      BE883222 
  44      D25697CC 
  45 00ad 3A074E91 		.ascii	":\007N\221\316\365]\217\025\350\271\007\326\276\375"
  45      CEF55D8F 
  45      15E8B907 
  45      D6BEFD
  46 00bc 09F7303F 		.ascii	"\011\3670?\313\036\263\263k[\206v9\317\034\034\005\375"
  46      CB1EB3B3 
  46      6B5B8676 
  46      39CF1C1C 
ARM GAS  C:\Users\Thomas\AppData\Local\Temp\ccnHp0PJ.s 			page 3


  46      05FD
  47 00ce 2DD265EF 		.ascii	"-\322e\357\300\316y\321\024&lG\230\002\230G)\026 \311"
  47      C0CE79D1 
  47      14266C47 
  47      98029847 
  47      291620C9 
  48 00e2 90C214E8 		.ascii	"\220\302\024\350\024\335#\027e\352'\322\351\343\301"
  48      14DD2317 
  48      65EA27D2 
  48      E9E3C1
  49 00f1 658E3F5A 		.ascii	"e\216?Z\011+\350\261\361\254\204\337\375\014\1779g;"
  49      092BE8B1 
  49      F1AC84DF 
  49      FD0C7F39 
  49      673B
  50 0103 93503F4B 		.ascii	"\223P?KUyXD\034Kj(\265\227\305\241u\263:%\001\335*\217"
  50      55795844 
  50      1C4B6A28 
  50      B597C5A1 
  50      75B33A25 
  51 011b 4D2C8BF0 		.ascii	"M,\213\360\316\277\004\254\240Z\210\311O\220\373H`\310"
  51      CEBF04AC 
  51      A05A88C9 
  51      4F90FB48 
  51      60C8
  52 012d 99DC4DFA 		.ascii	"\231\334M\372\211}\334\321\217\004=\307\311#\363\013"
  52      897DDCD1 
  52      8F043DC7 
  52      C923F30B 
  53 013d 79F51379 		.ascii	"y\365\023y\355\237\310?\031\327\377`\334\360\031\365"
  53      ED9FC83F 
  53      19D7FF60 
  53      DCF019F5 
  54 014d 2F605319 		.ascii	"/`S\031\015:\203\355>\344i\003%\317HM\356^\234\313k"
  54      0D3A83ED 
  54      3EE46903 
  54      25CF484D 
  54      EE5E9CCB 
  55 0162 C20DB1D6 		.ascii	"\302\015\261\326X{sG\254%\322\324\326\331\036\215\205"
  55      587B7347 
  55      AC25D2D4 
  55      D6D91E8D 
  55      85
  56 0173 434D6DF5 		.ascii	"CMm\365u\341Pm\2446\022j\254\211\322\033\232\034\273"
  56      75E1506D 
  56      A436126A 
  56      AC89D21B 
  56      9A1CBB
  57 0186 AD       		.ascii	"\255"
  58              		.text
  59              		.section	.gnu.lto_P1_1_RestoreConfig.bb5cef7a,"",%progbits
  60 0000 789C7590 		.ascii	"x\234u\220\313K\002Q\030\305\277\3639NB\213\242U\270"
  60      CB4B0251 
  60      18C5BFF3 
  60      394E428B 
  60      A255B8
  61 0013 8D682105 		.ascii	"\215h!\005.\372\013\202Z\005\206[A\302f\233\020\265"
ARM GAS  C:\Users\Thomas\AppData\Local\Temp\ccnHp0PJ.s 			page 4


  61      2EFA0B82 
  61      5A05865B 
  61      41C2669B 
  61      10B5
  62 0025 94666A82 		.ascii	"\224fj\202\"*\213\026A\217E\020Y\366\324h=\330\256\205"
  62      222A8B16 
  62      418F4510 
  62      59F6D468 
  62      3DD8AE85 
  63 0039 16068141 		.ascii	"\026\006\201Am\014j\247\005\305\320\303\356\035\251"
  63      6D0C6AA7 
  63      05C5D0C3 
  63      EE1DA9
  64 0048 C8EAC27D 		.ascii	"\310\352\302}~\347\236\363\273\327E\277\233W\364\002"
  64      7EE79EF3 
  64      BBD745BF 
  64      9B57F402 
  65 0058 885AC50C 		.ascii	"\210Z\305\014\027\201\343Y\"\303\303\200\\\020h\224"
  65      1781E359 
  65      22C3C380 
  65      5C106894 
  66 0068 318A7B2E 		.ascii	"1\212{.3\342Vr\251\276mC\327\365R&\335<\321l3\321#W"
  66      33E25672 
  66      A9BE6D43 
  66      D7F55226 
  66      DD3CD16C 
  67 0080 6DB08936 		.ascii	"m\260\2116\022\232\262\371vY\257\232B\323X\255!\001"
  67      129AB2F9 
  67      7659AF9A 
  67      42D358AD 
  67      2101
  68 0092 55D8D37E 		.ascii	"U\330\323~\223\245W*\217\331\371\204\017*\223\315P\344"
  68      93A5572A 
  68      8FD9F984 
  68      0F2A93CD 
  68      50E4
  69 00a4 4054142A 		.ascii	"@T\024*\031u\313,gW\001c\307\345\\\237\274\367\3142"
  69      1975CB2C 
  69      67570163 
  69      C7E55C9F 
  69      BCF7CC32 
  70 00b8 762D3FBB 		.ascii	"v-?\273\307\261\027}R\367\330\314o\322T\234\336\024"
  70      C7B1177D 
  70      52F7D8CC 
  70      6FD2549C 
  70      DE14
  71 00ca 73E79E3B 		.ascii	"s\347\236;\026'\3166a\230+X\305\262\241K\225\013[\210"
  71      1627CE36 
  71      61982B58 
  71      C5B2A14B 
  71      950B5B88 
  72 00de 611B5EA7 		.ascii	"a\033^\247\366\2763\227R\333}6+H\012\315\203\203\214"
  72      F6BE3397 
  72      52DB7D36 
  72      2B480ACD 
  72      83838C
  73 00f1 1DB48B87 		.ascii	"\035\264\213\207g\026 \223\204jz\322:\253\223\206n\363"
ARM GAS  C:\Users\Thomas\AppData\Local\Temp\ccnHp0PJ.s 			page 5


  73      67162093 
  73      846A7AD2 
  73      3AAB9386 
  73      6EF3
  74 0103 D4D0951F 		.ascii	"\324\320\225\037\031n\307gj\346\344\246Af\230\260Y\305"
  74      196EC767 
  74      6AE6E4A6 
  74      416698B0 
  74      59C5
  75 0115 2EBCD893 		.ascii	".\274\330\223\021\330\027\256\202\225$\372\374\005\252"
  75      11D817AE 
  75      829524FA 
  75      FC05AA
  76 0124 E8CABFE8 		.ascii	"\350\312\277\350\265\254\007\177\263\036:\254\362\357"
  76      B5AC077F 
  76      B31E3AAC 
  76      F2EF
  77 0132 90AA617D 		.ascii	"\220\252a}*e^\331\001[\374d\035\317\257\237\253\337"
  77      2A655ED9 
  77      015BFC64 
  77      1DCFAF9F 
  77      ABDF
  78 0144 70E92FB8 		.ascii	"p\351/\270#\007N\241k\030\326U\2674\220\317/\012c\361"
  78      23074EA1 
  78      6B18D655 
  78      B73490CF 
  78      2F0A63F1 
  79 0158 DB82A8A5 		.ascii	"\333\202\250\245#\324\243\015jC\375\303\332@8\030\035"
  79      23D4A30D 
  79      6A43FDC3 
  79      DA403818 
  79      1D
  80 0169 198A68A1 		.ascii	"\031\212h\241@0\332\325\031\012\370\303\376p\240\267"
  80      4030DAD5 
  80      190AF8C3 
  80      FE70A0B7 
  81 0179 23421F19 		.ascii	"#B\037\031\277\261\250"
  81      BFB1A8
  82              		.text
  83              		.section	.gnu.lto_P1_1_Sleep.bb5cef7a,"",%progbits
  84 0000 789C9552 		.ascii	"x\234\225RKh\023Q\024\275\347M\376\251 \256J\027\272"
  84      4B681351 
  84      14BDE74D 
  84      FEA920AE 
  84      4A17BA
  85 0013 10A99B16 		.ascii	"\020\251\233\026\272\020\227.\\t%\004\272\015\004\251"
  85      BA10972E 
  85      5C742504 
  85      BA0D04A9 
  86 0023 5909168A 		.ascii	"Y\011\026\212.Cg\222\210\305\372\251\241\024E#n\324"
  86      2E436792 
  86      88C5FAA9 
  86      A1144523 
  86      6ED4
  87 0035 6A6A5B53 		.ascii	"jj[S\255\237\264v(B@\361\207\013%H\244R!.,M\203\321"
  87      AD9FB476 
  87      284240F1 
ARM GAS  C:\Users\Thomas\AppData\Local\Temp\ccnHp0PJ.s 			page 6


  87      870B2548 
  87      A452212E 
  88 004d 416BBDF7 		.ascii	"Ak\275\367\215\225\232R\301\201y\337s\3579\367\334g"
  88      8D959A52 
  88      C18179DF 
  88      73EF39F7 
  88      DC67
  89 005f D0C6AF85 		.ascii	"\320\306\257\205\377\303\006\321.\236a\020\324\340s"
  89      FFC306D1 
  89      2E9E6110 
  89      D4E073
  90 006e 222BA000 		.ascii	"\"+\240\000Y\020\250O\241\017\237TUa\320\316\235\017"
  90      5910A84F 
  90      A10F9F54 
  90      5561D0CE 
  90      9D0F
  91 0080 B75E354D 		.ascii	"\267^5Ms)Sh>\336\354(\242\232r\323\340:Z\2111\325\364"
  91      73295368 
  91      3EDEEC28 
  91      A29A72D3 
  91      E03A5A89 
  92 0097 CA9BB02F 		.ascii	"\312\233\260/\315\230\255\356\035F\340\003\317\343\333"
  92      CD98ADEE 
  92      1D46E003 
  92      CFE3DB
  93 00a6 6C737575 		.ascii	"lsuu\362\363\271\312^4\201\034\305d<xxP^Y\005y0B2\020"
  93      F2F3B9CA 
  93      5E34811C 
  93      C5643C78 
  93      78505E59 
  94 00c0 2D70A4D0 		.ascii	"-p\244\320\177TJf\243\204\271\372\311rv\002\222\355"
  94      7F544A66 
  94      A384B9FA 
  94      C9727602 
  94      92ED
  95 00d2 AB329828 		.ascii	"\2532\230(\365vzYU\224\243<_\236X\246G\270\337/\274"
  95      F5767A59 
  95      5594A33C 
  95      5F9E58A6 
  95      47B8DF2F 
  96 00e7 7815D047 		.ascii	"x\025\320G$\333\017\317\312I\177\026\027\2554\034\345"
  96      24DB0FCF 
  96      CA497F16 
  96      17AD341C 
  96      E5
  97 00f8 C50DB4E0 		.ascii	"\305\015\264\340&\270\\\344\220\005\225\220\372\346"
  97      26B85CE4 
  97      90059590 
  97      FAE6
  98 0106 73D3C1CD 		.ascii	"s\323\301\315X\314V\362\036\011\007\010\243\214dH\376"
  98      58CC56F2 
  98      1E090708 
  98      A38C6448 
  98      FE
  99 0117 C4638F0B 		.ascii	"\304c\217\013\3620\216A\326\265\302)\277\006q\242[\032"
  99      F2308E41 
  99      D6B5C229 
ARM GAS  C:\Users\Thomas\AppData\Local\Temp\ccnHp0PJ.s 			page 7


  99      BF0671A2 
  99      5B1A
 100 0129 942CFB5D 		.ascii	"\224,\373]\210\227Q\262\317\314o\227\003F_~}fL%\276"
 100      889751B2 
 100      CFCC6F97 
 100      03465F7E 
 100      7D664C25 
 101 013e 9BFD66C0 		.ascii	"\233\375f\300Q\276\025\361c\275N\237\336\216X\351K\020"
 101      51BE15F1 
 101      63BD4E9F 
 101      DE8E58E9 
 101      4B10
 102 0150 9DA6A0FC 		.ascii	"\235\246\240\374\030C\002\343\"\224\357~\216\236\315"
 102      184302E3 
 102      2294EF7E 
 102      8E9ECD
 103 015f FBDA726C 		.ascii	"\373\332rl\247\275\333Q\001L0pY[\216\333hcJz\207\224"
 103      A7BDDB51 
 103      014C3070 
 103      595B8EDB 
 103      68634A7A 
 104 0175 5D282A21 		.ascii	"](*!\244F\306`M\313\314#\301\266\206H\273\2708\034\374"
 104      A446C660 
 104      4DCBCC23 
 104      C1B68648 
 104      BBB8381C 
 105 018a AB4DF64C 		.ascii	"\253M\366LQ\351&\325\330\353\206\006b\222\223\022\356"
 105      51E926D5 
 105      D8EB8606 
 105      62929312 
 105      EE
 106 019b 48711235 		.ascii	"Hq\0225\320o\277\324\305\207\323\033<\017k\275\003\345"
 106      D06FBFD4 
 106      C587D31B 
 106      3C0F6BBD 
 106      03E5
 107 01ad 0B8E21B5 		.ascii	"\013\216!\265\014Y\314\337\204\273l\372\2246\375\236"
 107      0C59CCDF 
 107      84BB6CFA 
 107      9436FD9E 
 108 01bd 6B7A3253 		.ascii	"kz2S\235\332'\0317u\247\321\216\373\233\332\261\005"
 108      9DDA2719 
 108      3775A7D1 
 108      8EFB9BDA 
 108      B105
 109 01cf 0FB41D70 		.ascii	"\017\264\035p\205\342\2418\022t\313\254\017\007]\335"
 109      85E2A138 
 109      1274CBAC 
 109      0F075DDD 
 110 01df 210EAB2F 		.ascii	"!\016\253/\315\375\320o%<\264\246\273t\345\351i\265"
 110      CDFDD06F 
 110      253CB4A6 
 110      BB74E5E9 
 110      69B5
 111 01f1 4E68E18F 		.ascii	"Nh\341\217\320\3515\241\363;\376K\347\314?t>\322:\325"
 111      D0E935A1 
 111      F33BFE4B 
ARM GAS  C:\Users\Thomas\AppData\Local\Temp\ccnHp0PJ.s 			page 8


 111      E7CC3F74 
 111      3ED23AD5 
 112 0205 6F9DB3A2 		.ascii	"o\235\263\2423DeX\366l\247n\034\311\223\207<uN\276\263"
 112      33446558 
 112      F66CA76E 
 112      1CC99387 
 112      3C754EBE 
 113 021a 3DDA193F 		.ascii	"=\332\031?\022\357=x4~(\326\325s\254\267;\036\215t\365"
 113      12EF3D78 
 113      347E28D6 
 113      D573ACB7 
 113      3B1E8D74 
 114 022f ECDF138D 		.ascii	"\354\337\023\215t\304:b\221\003\355\335\364\013\307"
 114      74C43A62 
 114      9103EDDD 
 114      F40BC7
 115 023e 39420A   		.ascii	"9B\012"
 116              		.text
 117              		.section	.gnu.lto_P1_1_Wakeup.bb5cef7a,"",%progbits
 118 0000 789C8D92 		.ascii	"x\234\215\222\317KTQ\024\307\317\367\334\347{\343\350"
 118      CF4B5451 
 118      14C7CFF7 
 118      DCE77BE3 
 118      E8
 119 0011 225A898B 		.ascii	"\"Z\211\213\331D\271\010\015\211\376\202\026A\020L\270"
 119      D944B908 
 119      0D89FE82 
 119      1641104C 
 119      B8
 120 0022 1D18C266 		.ascii	"\035\030\302f\233 \265\034\274O_0`?l\230Ea\226\233\312"
 120      9B20B51C 
 120      BC4F5F30 
 120      603F6C98 
 120      4561969B 
 121 0037 1AD3C6CA 		.ascii	"\032\323\306\312j\334<$Z\030d\322/\032\3026\006\265"
 121      6ADC3C24 
 121      5A1864D2 
 121      2F1AC236 
 121      06B5
 122 0049 731A481E 		.ascii	"s\032H\036ev\356\235\254\034\013zp\357y\367\334s\277"
 122      6576EE9D 
 122      AC1C0B7A 
 122      70EF79F7 
 122      DC73BF
 123 005c DFCF7DEF 		.ascii	"\337\317}\357(\332\376\354\227Qa\242\335\022\321D\340"
 123      28DAFEEC 
 123      975161A2 
 123      DD12D144 
 123      E0
 124 006d 9167447E 		.ascii	"\221gD~\214Y\225\023\244\343\316\353}\244[\025\234z"
 124      8C599513 
 124      A4E3CEEB 
 124      7DA45B15 
 124      9C7A
 125 007f DA01CC0B 		.ascii	"\332\001\314\013\201\006X9\030\300'\2562F\302\342\305"
 125      81065839 
 125      18C027AE 
ARM GAS  C:\Users\Thomas\AppData\Local\Temp\ccnHp0PJ.s 			page 9


 125      3246C2E2 
 125      C5
 126 0090 968E6B5A 		.ascii	"\226\216kZ\353\325\301\245\266\323m\221\350\325\270"
 126      EBD5C1A5 
 126      B6D36D91 
 126      E8D5B8
 127 009f AE8F1BE8 		.ascii	"\256\217\033\350 \251\251\006\353oZ\334@jv\324\3670"
 127      20A9A906 
 127      EB6F5ADC 
 127      406A76D4 
 127      F730
 128 00b1 011712A7 		.ascii	"\001\027\022\247w\206zc\243\3668\237\333\303\315\016"
 128      77867A63 
 128      A3F6389F 
 128      DBC3CD0E 
 129 00c1 450C5726 		.ascii	"E\014W&\366\314D\264\"\3038~\220\205DU\301\340lu\361"
 129      F6CC44B4 
 129      22C3387E 
 129      90854455 
 129      C1E06C75 
 130 00d6 E816C1B0 		.ascii	"\350\026\301\260\020\267j5F\243\023n\212\032\341\026"
 130      10B76A35 
 130      46A3136E 
 130      8A1AE116 
 131 00e6 DC357665 		.ascii	"\3345ve\357\312\213sS\234\375\252s:\026\261Z7\034\222"
 131      EFCA8B73 
 131      539CFDAA 
 131      733A16B1 
 131      5A371C92 
 132 00fa 7DBFB2B8 		.ascii	"}\277\262\270\024\373\310\222\261\313\011?\270\2141"
 132      14FBC892 
 132      B1CB093F 
 132      B88C31
 133 0109 8CFADA54 		.ascii	"\214\372\332T9(\"\213I\264\333\275\357\223\347g\334"
 133      3928228B 
 133      49B4DBBD 
 133      EF93E767 
 133      DC
 134 011a CEA2888F 		.ascii	"\316\242\210\217_U\0217\341\266T~\026\035\353\204)t"
 134      5F551137 
 134      E1B6547E 
 134      161DEB84 
 134      2974
 135 012c 5205F379 		.ascii	"R\005\363y\030K)\037\316\205\317=\243\354\006\013\276"
 135      184B291F 
 135      CE85CF3D 
 135      A3EC060B 
 135      BE
 136 013d 76B698B9 		.ascii	"v\266\230\271Vpx\371R\244\214Y\301\0273\017\323h\307"
 136      567078F9 
 136      52A48C59 
 136      C117330F 
 136      D368C7
 137 0150 1D638692 		.ascii	"\035c\206\222(\0135\231+_x\211\372%\274\177^\242\221"
 137      280B3599 
 137      2B5F7889 
 137      FA25BC7F 
ARM GAS  C:\Users\Thomas\AppData\Local\Temp\ccnHp0PJ.s 			page 10


 137      5EA291
 138 0163 7A661BF5 		.ascii	"zf\033\365^\303{\327\362\342'\357\275\006\336/\253\363"
 138      5EC37BD7 
 138      F2E227EF 
 138      BD06DE2F 
 138      ABF3
 139 0175 DFD8C215 		.ascii	"\337\330\302\0256y+\343O\317\362\037\200\367\177\001"
 139      36792BE3 
 139      4FCFF21F 
 139      80F77F01 
 140 0185 CE5A40CF 		.ascii	"\316Z@\317\002\226\236\344=\363\017\326\330\371o\302"
 140      02969EE4 
 140      3DF30FD6 
 140      D8F96FC2 
 141 0195 077F238C 		.ascii	"\007\177#\214\341\241%\264-\362H\360^!x;\224\370\255"
 141      E1A125B4 
 141      2DF248F0 
 141      5E21783B 
 141      94F8AD
 142 01a8 ED5F9F3B 		.ascii	"\355_\237;c?\2514\017\312\3468\231\366PTN\250w\030\012"
 142      633FA934 
 142      0FCAE638 
 142      99F65054 
 142      4EA87718 
 143 01bd C7165A4D 		.ascii	"\307\026ZM15b4\327\214&\346\220\225\316\212\3333\216"
 143      31356234 
 143      D78C26E6 
 143      9095CE8A 
 143      DB338E
 144 01d0 6DA965F8 		.ascii	"m\251e\370a\351\260=C\246\341`\262R\272\253+u(s\"\323"
 144      61E9B03D 
 144      43A6E160 
 144      B252BAAB 
 144      2B752873 
 145 01e6 7FEC64E6 		.ascii	"\177\354d\346x\272\247\357T\177o&\225\354\351;x \225"
 145      78BAA7EF 
 145      547F6F26 
 145      95ECE93B 
 145      782095
 146 01f9 EC4E77A7 		.ascii	"\354Nw\247\223G\272z\351\007\265\"\013\341"
 146      9347BA7A 
 146      E907B522 
 146      0BE1
 147              		.text
 148              		.section	.gnu.lto_.symbol_nodes.bb5cef7a,"",%progbits
 149 0000 789C55C8 		.ascii	"x\234U\310A\015\2000\020\005\321\351n\267A\020\332\270"
 149      410D8030 
 149      1005D1E9 
 149      6EB74110 
 149      DAB8
 150 0012 FE4A4001 		.ascii	"\376J@\001\251\011\034p\306\003\011:\010$p(s{\343\300"
 150      A9091C70 
 150      C603093A 
 150      08247028 
 150      737BE3C0 
 151 0026 C49725C1 		.ascii	"\304\227%\301\274\203\304\322\006\002\232\311\315\224"
 151      BC83C4D2 
ARM GAS  C:\Users\Thomas\AppData\Local\Temp\ccnHp0PJ.s 			page 11


 151      06029AC9 
 151      CD94
 152 0034 FA6D2EFB 		.ascii	"\372m.\3739\313{\247P~M\255\017\213\242\243{\260\035"
 152      39CB7BA7 
 152      507E4DAD 
 152      0F8BA2A3 
 152      7BB01D
 153 0047 57F25C38 		.ascii	"W\362\\8\327\221\033\317\310\035\246"
 153      D7911BCF 
 153      C81DA6
 154              		.text
 155              		.section	.gnu.lto_.refs.bb5cef7a,"",%progbits
 156 0000 789C25C8 		.ascii	"x\234%\310\321\011\000 \014\304\320\244WA\\\304\375"
 156      D1090020 
 156      0CC4D0A4 
 156      57415CC4 
 156      FD
 157 0011 371469BE 		.ascii	"7\024i\276\036\011p\231\012-\355\372\300$\272t\353I"
 157      1E097099 
 157      0A2DEDFA 
 157      C024BA74 
 157      EB49
 158 0023 CFC2C503 		.ascii	"\317\302\305\003\015{\000w"
 158      0D7B0077 
 159              		.text
 160              		.section	.gnu.lto_.decls.bb5cef7a,"",%progbits
 161 0000 789C8D54 		.ascii	"x\234\215TmL\223W\024~Oo[\372\005\232\231\250\341W\203"
 161      6D4C9357 
 161      147E4F6F 
 161      5BFA059A 
 161      99A8E157 
 162 0015 09D91643 		.ascii	"\011\331\026Cd\311\210\177\314T\262\370\303liD\263\037"
 162      64C9887F 
 162      CC54B2F8 
 162      C36C6944 
 162      B31F
 163 0027 923064AF 		.ascii	"\2220d\257\314h(CX\342\277+\335\264c\272(q\243CF\352"
 163      CC682843 
 163      58E2BF2B 
 163      DDB463BA 
 163      2871A343 
 164 003d 5051840A 		.ascii	"PQ\204\012\010\010\370A\375\346c\240S\206\024\005\261"
 164      0808F841 
 164      FDE663A0 
 164      53861405 
 164      B1
 165 004e C2A6736A 		.ascii	"\302\246sj\335Tt\022\273s\317\373\326\2765\340\274\311"
 165      DD547412 
 165      BB73CFFB 
 165      D6BE35E0 
 165      BCC9
 166 0060 69EFBDEF 		.ascii	"i\357\275\357s\236\363\334s\317=L\222\244&\220\2440"
 166      739EF3DC 
 166      73CF3D4C 
 166      92A42690 
 166      A430
 167 0072 8ECB7192 		.ascii	"\216\313q\222\224\204s\003\3569\244\3500\242\325\242"
ARM GAS  C:\Users\Thomas\AppData\Local\Temp\ccnHp0PJ.s 			page 12


 167      94847303 
 167      EE39A4E8 
 167      30A2D5A2 
 168 0082 F9D0EAD1 		.ascii	"\371\320\352\321\032\205\017Z\013\032\302\245\313R\354"
 168      1A850F5A 
 168      0B1AC2A5 
 168      CB52EC
 169 0091 10D83895 		.ascii	"\020\3308\225\303\2166\210v\025-\200v\021\355<\232\016"
 169      C38E3688 
 169      76152D80 
 169      7611ED3C 
 169      9A0E
 170 00a3 AD0BAD57 		.ascii	"\255\013\255W\345\250\235\206\313\367\012\227\226c\010"
 170      E5A89D86 
 170      CBF70A97 
 170      966308
 171 00b2 6D600A2E 		.ascii	"m`\012.\3374\\B{\202\3125\033mX\345\034C\013j\270O\240"
 171      DF345C42 
 171      7B82CA35 
 171      1B6D58E5 
 171      1C430B6A 
 172 00c9 8DA31DD4 		.ascii	"\215\243\035\324h\027\361\030Z\267&\026S9\233^\243_"
 172      6817F118 
 172      5AB72616 
 172      53399B5E 
 172      A35F
 173 00db E4CAAA89 		.ascii	"\344\312\252\2119\335\031\2641\231&F\267\272nT\3175"
 173      39DD19B4 
 173      31992646 
 173      B7BA6E54 
 173      CF35
 174 00ed 5DCE1FEA 		.ascii	"]\316\037\352\240\315\367\250\327z[\007\011\026\273"
 174      A0CDF7A8 
 174      D77A5B07 
 174      0916BB
 175 00fc 58B69776 		.ascii	"X\266\227vz\214\270\264Y\364by\354y\260_?\347{\216c"
 175      7A8CB8B4 
 175      59F46279 
 175      EC79B05F 
 175      3FE77B8E 
 176 0111 878BCFD4 		.ascii	"\207\213\317\324\203c6TC\"\034\200Dd<\010s\360w\265"
 176      83633654 
 176      43221C80 
 176      44643C08 
 176      73F077B5 
 177 0125 5E619A18 		.ascii	"^a\232\030\254z\310\230\016\304\274\312s\263\3372\277"
 177      AC7AC898 
 177      0EC4BCCA 
 177      73B3DF32 
 177      BF
 178 0136 06DDDCDC 		.ascii	"\006\335\334\334\177I\027\0157\331\356]d\257\344\243"
 178      7F49170D 
 178      37D9EE5D 
 178      64AFE4A3 
 179 0146 F5A1B6FE 		.ascii	"\365\241\266\376\200\215wr\1778\334\301\201\270\240"
 179      808D7772 
 179      7F38DCC1 
ARM GAS  C:\Users\Thomas\AppData\Local\Temp\ccnHp0PJ.s 			page 13


 179      81B8A0
 180 0155 06181C82 		.ascii	"\006\030\034\202\371\002*\346\344\003\265`G\277\361"
 180      F9022AE6 
 180      E403B560 
 180      47BFF1
 181 0164 4063B785 		.ascii	"@c\267\205-\"\362\211\003'w\331\210\304[Qe\214P\020"
 181      2D22F289 
 181      032777D9 
 181      88C45B51 
 181      658C5010 
 182 0178 439D86A1 		.ascii	"C\235\206\241.\302\340#\006W]e\327\014\346 \206\341"
 182      2EC2E023 
 182      06575D65 
 182      D70CE620 
 182      86E1
 183 018a 4317F61B 		.ascii	"C\027\366\033\220\301[\357\015\250\014\037\220\377a"
 183      90C15BEF 
 183      0DA80C1F 
 183      90FF61
 184 0199 8DFFE188 		.ascii	"\215\377\341\210\177=\371\377\376\244\346\214\211\255"
 184      7F3DF9FF 
 184      FEA4E68C 
 184      89AD
 185 01a7 26FFBEBA 		.ascii	"&\377\276\272\332\372\031\212\277{\237\326\277A\343"
 185      DAFA198A 
 185      BF7B9FD6 
 185      BF41E3
 186 01b6 DF10F16F 		.ascii	"\337\020\361o$\377\243'\352\256\307\263\\\305\277\303"
 186      24FFA327 
 186      EAAEC7B3 
 186      5CC5BFC3 
 187 01c6 734FF88F 		.ascii	"sO\370\217\362\320\235[\301\205?\362=\305\374E8\254"
 187      F2D09D5B 
 187      C1853FF2 
 187      3DC5FC45 
 187      38AC
 188 01d8 A6E18886 		.ascii	"\246\341\210\206\344H\204\244\211H~>y\301ef\245@,g\312"
 188      E44884A4 
 188      89487E3E 
 188      79C16566 
 188      A5402C67 
 189 01ed 274B4DC4 		.ascii	"'KM\304\342\335^\265\305\256\221\321\254ah\2160\264"
 189      E2DD5EB5 
 189      C5AE91D1 
 189      AC61688E 
 189      30B4
 190 01ff 10C38D89 		.ascii	"\020\303\215\211\033\247\343\350\276\027\010\216\322"
 190      1BA7E3E8 
 190      BE17088E 
 190      D2
 191 020c AF5B5B13 		.ascii	"\257[[\023\350\276\215bY\021.\331\035\317*\025\376\201"
 191      E8BE8D62 
 191      59112ED9 
 191      1DCF2A15 
 191      FE81
 192 021e 8EAD5B4D 		.ascii	"\216\255[M\254AYl\336\177l\233\360\233m\241{\374\256"
 192      AC41596C 
ARM GAS  C:\Users\Thomas\AppData\Local\Temp\ccnHp0PJ.s 			page 14


 192      DE7F6C9B 
 192      F09B6DA1 
 192      7BFCAE
 193 0231 A7FC14A3 		.ascii	"\247\374\024\243eX|\326\005\002\273\2361\260$\2739/"
 193      65587CD6 
 193      0502BB9E 
 193      31B024BB 
 193      392F
 194 0243 E6A152CE 		.ascii	"\346\241R\316\346J0?\021\336I\224\340$$#\214\364\300"
 194      E64A303F 
 194      11DE4994 
 194      E0242423 
 194      8CF4C0
 195 0256 31AC9DE3 		.ascii	"1\254\235\343X;{\2612B\017\316\325,w\361\305p\002,\320"
 195      583B7BB1 
 195      32420FCE 
 195      D52C77F1 
 195      C570022C 
 196 026b FE523145 		.ascii	"\376R1EP\253\245\303w\305cb\327\024\005=\301\247\377"
 196      50ABA5C3 
 196      77C56362 
 196      D714053D 
 196      C1A7FF
 197 027e D848F94C 		.ascii	"\330H\371L\261,\277:\376\210\221r\235X\376\364\367\375"
 197      B12CBF3A 
 197      FE889172 
 197      9D58FEF4 
 197      F7FD
 198 0290 E366F647 		.ascii	"\343f\366G\254X\273\"\266\354\356\323&\023-\303a&\324"
 198      AC58BB22 
 198      B6ECEED3 
 198      26132DC3 
 198      6126D4
 199 02a3 3EBFE5AB 		.ascii	">\277\345\2536B\262E\310\360\036\212\0078\217\022NG"
 199      3642B245 
 199      C8F01E8A 
 199      07388F12 
 199      4E47
 200 02b5 25D85509 		.ascii	"%\330U\011t\032\356\342\206\003\011\022\370Q\373)\324"
 200      741AEEE2 
 200      86030912 
 200      F851FB29 
 200      D4
 201 02c6 0EE7F040 		.ascii	"\016\347\360@v\365@gp\363,nb\224\343\335\235\017\343"
 201      76F54067 
 201      70F32C6E 
 201      6294E3DD 
 201      9D0FE3
 202 02d9 D87D45C1 		.ascii	"\330}E\301d\253\313\245c\377\322\302p\366b\363v=$%\315"
 202      64ABCBA5 
 202      63FFD2C2 
 202      70F662F3 
 202      763D2425 
 203 02ee 4A4EF222 		.ascii	"JN\362\"c\350\216kw\202\207{O)q/`\334\036\230\025\345"
 203      63E88E6B 
 203      7782877B 
 203      4F29712F 
ARM GAS  C:\Users\Thomas\AppData\Local\Temp\ccnHp0PJ.s 			page 15


 203      60DC1E98 
 204 0304 7F5BBC2D 		.ascii	"\177[\274-\277xa\222\200\217\376\331\222\351\337\314"
 204      BF786192 
 204      808FFED9 
 204      92E9DFCC 
 205 0314 284D1D2A 		.ascii	"(M\035*VM-!\337\025\300\235\364D9_\\ \301Q$j\245\007"
 205      564D2D21 
 205      DF15C09D 
 205      F444395F 
 205      5C20C151 
 206 032c 2AA02813 		.ascii	"*\240(\023~A\305\335\220\004]h\275\220Dg\023g\037\275"
 206      7E41C5DD 
 206      90045D68 
 206      BD904467 
 206      13671FBD 
 207 0340 FD9E4980 		.ascii	"\375\236I\200\244H\265(\203\242\336k\375\324_\314Ha"
 207      A448B528 
 207      83A2DE6B 
 207      FDD45FCC 
 207      4861
 208 0352 E7940AAB 		.ascii	"\347\224\012\253I!f\263\352\311W\355&H\236E\214\317"
 208      492166B3 
 208      EAC957ED 
 208      26489E45 
 208      8CCF
 209 0364 8D001711 		.ascii	"\215\000\027\021\333\026\315\246\010@c*\221\320\207"
 209      DB16CDA6 
 209      0840632A 
 209      91D087
 210 0373 DA5EA713 		.ascii	"\332^\247\023\223\331\322\357o\325\263-Jki\350\353\035"
 210      93D9D2EF 
 210      6FD5B32D 
 210      4A6B69E8 
 210      EB1D
 211 0385 B2A63571 		.ascii	"\262\2465q\267w.\005\022xQV\302G\334F\257\362/\240W"
 211      B7772E05 
 211      12785156 
 211      C247DC46 
 211      AFF22FA0 
 212 039a 5E3CAE35 		.ascii	"^<\2565\314\333\203w\034j\033\374\0136s/\336\246x#\344"
 212      CCDB8377 
 212      1C6A1BFC 
 212      0B36732F 
 212      DEA67823 
 213 03af 784951A8 		.ascii	"xIQ\250I\327%\361T\340WH\223\3402\314\023\315\261\357"
 213      49D725F1 
 213      54E05748 
 213      93E032CC 
 213      13CDB1EF 
 214 03c3 DA0863A5 		.ascii	"\332\010c\245J\340\220{\373]\275\305-\352\341\015KB"
 214      4AE0907B 
 214      FB5DBDC5 
 214      2DEAE10D 
 214      4B42
 215 03d5 5756375C 		.ascii	"WV7\\\016j\235\205\036\354\353\260uqn\202\001L\351\225"
 215      0E6A9D85 
 215      1EECEBB0 
ARM GAS  C:\Users\Thomas\AppData\Local\Temp\ccnHp0PJ.s 			page 16


 215      75716E82 
 215      014CE995 
 216 03e9 687AFA21 		.ascii	"hz\372!ZmSP\3776u\265m\273\375\270\312\032Q\343~#\227"
 216      5A6D5350 
 216      FF3675B5 
 216      6DBBFDB8 
 216      CA1A51E3 
 217 0400 83A7DB2A 		.ascii	"\203\247\333*\254\266\022Q\323\330\314\315\235\011p"
 217      ACB61251 
 217      D3D8CCCD 
 217      9D0970
 218 040f 159544DB 		.ascii	"\025\225D\333\371 \330\250Q\340?\242\237\235\253\276"
 218      F920D8A8 
 218      51E03FA2 
 218      9F9DABBE 
 219 041f 6F88418B 		.ascii	"o\210A\213\244E\321\001\025\035 \364\276\235\347Y\014"
 219      A445D101 
 219      151D20F4 
 219      BE9DE759 
 219      0C
 220 0430 7820867A 		.ascii	"x \206zH\005\017\021\270\354\207\236\2128\346\241\264"
 220      48050F11 
 220      B8EC879E 
 220      8A38E6A1 
 220      B4
 221 0441 EAC79E8D 		.ascii	"\352\307\236\215L\304A\24299\321\203\271\031\006\263"
 221      4CC441A2 
 221      3939D183 
 221      B91906B3 
 222 0451 B4957A48 		.ascii	"\264\225zH\361\216\231_\274\354!#x\"\361I\202\353\310"
 222      F18E995F 
 222      BCEC2123 
 222      7822F149 
 222      82EBC8
 223 0464 7943ED20 		.ascii	"yC\355 nl\036\270\013\327\324\026\247\014\017\356+D"
 223      6E6C1EB8 
 223      0BD7D416 
 223      A70C0FEE 
 223      2B44
 224 0476 E207C3F1 		.ascii	"\342\007\303\361\262o\367\232X\245r\213\315OJ\332\342"
 224      B26FF79A 
 224      58A5728B 
 224      CD4F4ADA 
 224      E2
 225 0487 95BCFD7F 		.ascii	"\225\274\375\177\233\302+\354\357+\0310+\215\355U\217"
 225      9BC22BEC 
 225      EF2B1930 
 225      2B8DED55 
 225      8F
 226 0498 5BD33436 		.ascii	"[\32346\357d\252\011\202x\376\321\350%\337\204hW\373"
 226      EF64AA09 
 226      8278FED1 
 226      E825DF84 
 226      6857FB
 227 04ab 2658DE6B 		.ascii	"&X\336k\213IV0&Ycj\262\306(Y#\036\177\211>\006-:|\024"
 227      8B495630 
 227      2659636A 
ARM GAS  C:\Users\Thomas\AppData\Local\Temp\ccnHp0PJ.s 			page 17


 227      B2C62859 
 227      231E7F89 
 228 04c5 3D0EB648 		.ascii	"=\016\266H\020\234J3\034\251Y\251Y\031\331_\312\351"
 228      109C4A33 
 228      1CA959A9 
 228      5919D95F 
 228      CAE9
 229 04d7 CEBCB5EB 		.ascii	"\316\274\265\353r\215\313>^eO\227\346\245d.\223\363"
 229      728DCB3E 
 229      5E654F97 
 229      E6A5642E 
 229      93F3
 230 04e9 E482EC42 		.ascii	"\344\202\354B\371\263\254\014gQA\216\234\351\310p\246"
 230      F9B3AC0C 
 230      6751418E 
 230      9CE9C870 
 230      A6
 231 04fa BF9F4978 		.ascii	"\277\237Ix\307G)9\322[4]!o,t\026\250\336\026\205m\203"
 231      C7472939 
 231      D25B345D 
 231      216F2C74 
 231      16A8DE16 
 232 0511 2CE75B69 		.ascii	",\347[i\372I\366z\271(\337\254l\027:\363\355\257\345"
 232      FA49F67A 
 232      B928DFAC 
 232      6C173AF3 
 232      EDAFE5
 233 0524 4DF95C52 		.ascii	"M\371\\R\334>\314\313^\263AV\002,]\222\276|\225#+c\345"
 233      DC3ECCCB 
 233      5EB34156 
 233      022C5D92 
 233      BE7C9523 
 234 053b 8A55E92B 		.ascii	"\212U\351+\015E\353\362\012\027N\257.gS\341\246|y\243"
 234      0D45EBF2 
 234      0A174EAF 
 234      2E6753E1 
 234      A67C79A3 
 235 054f 20928923 		.ascii	" \222\211#\243\020AF\341\225\232f\335\210\307\314(X"
 235      A3104146 
 235      E1959A66 
 235      DD88C7CC 
 235      2858
 236 0561 B260859C 		.ascii	"\262`\205\234\033\231\247\2129\305Y\223\235\263\276"
 236      1B99A78A 
 236      39C55993 
 236      9DB3BE
 237 0570 28DF5020 		.ascii	"(\337P \347\246\246\031\262\226:\235\033\3648_\370\037"
 237      E7A6A619 
 237      B2963A9D 
 237      1BF4385F 
 237      F81F
 238 0582 11DCE646 		.ascii	"\021\334\346F"
 239              		.text
 240              		.section	.gnu.lto_.symtab.bb5cef7a,"",%progbits
 241 0000 50315F31 		.ascii	"P1_1_SaveConfig\000\000\000\000\000\000\000\000\000"
 241      5F536176 
 241      65436F6E 
ARM GAS  C:\Users\Thomas\AppData\Local\Temp\ccnHp0PJ.s 			page 18


 241      66696700 
 241      00000000 
 242 0018 000000AC 		.ascii	"\000\000\000\254\000\000\000P1_1_RestoreConfig\000\000"
 242      00000050 
 242      315F315F 
 242      52657374 
 242      6F726543 
 243 0033 00000000 		.ascii	"\000\000\000\000\000\000\000\000\000\000\256\000\000"
 243      00000000 
 243      0000AE00 
 243      00
 244 0040 0050315F 		.ascii	"\000P1_1_Sleep\000\000\000\000\000\000\000\000\000\000"
 244      315F536C 
 244      65657000 
 244      00000000 
 244      00000000 
 245 0055 0000B000 		.ascii	"\000\000\260\000\000\000P1_1_Wakeup\000\000\000\000"
 245      00005031 
 245      5F315F57 
 245      616B6575 
 245      70000000 
 246 006a 00000000 		.ascii	"\000\000\000\000\000\000\000\000\262\000\000\000P1_"
 246      00000000 
 246      B2000000 
 246      50315F
 247 0079 315F5374 		.ascii	"1_Stop\000\000\002\000\000\000\000\000\000\000\000\000"
 247      6F700000 
 247      02000000 
 247      00000000 
 247      0000
 248 008b B4000000 		.ascii	"\264\000\000\000P1_1_Enable\000\000\002\000\000\000"
 248      50315F31 
 248      5F456E61 
 248      626C6500 
 248      00020000 
 249 00a0 00000000 		.ascii	"\000\000\000\000\000\000\266\000\000\000"
 249      0000B600 
 249      0000
 250              		.text
 251              		.section	.gnu.lto_.opts,"",%progbits
 252 0000 272D666E 		.ascii	"'-fno-trapv' '-mcpu=cortex-m3' '-mthumb' '-g' '-O3'"
 252      6F2D7472 
 252      61707627 
 252      20272D6D 
 252      6370753D 
 253 0033 20272D66 		.ascii	" '-ffunction-sections' '-finline-functions' '-flto'"
 253      66756E63 
 253      74696F6E 
 253      2D736563 
 253      74696F6E 
 254 0066 20272D66 		.ascii	" '-ffat-lto-objects'\000"
 254      6661742D 
 254      6C746F2D 
 254      6F626A65 
 254      63747327 
 255              		.text
 256              		.cfi_sections	.debug_frame
ARM GAS  C:\Users\Thomas\AppData\Local\Temp\ccnHp0PJ.s 			page 19


 257              		.section	.text.P1_1_SaveConfig,"ax",%progbits
 258              		.align	2
 259              		.global	P1_1_SaveConfig
 260              		.thumb
 261              		.thumb_func
 262              		.type	P1_1_SaveConfig, %function
 263              	P1_1_SaveConfig:
 264              	.LFB0:
 265              		.file 1 ".\\Generated_Source\\PSoC5\\P1_1_PM.c"
   1:.\Generated_Source\PSoC5/P1_1_PM.c **** /*******************************************************************************
   2:.\Generated_Source\PSoC5/P1_1_PM.c **** * File Name: P1_1_PM.c
   3:.\Generated_Source\PSoC5/P1_1_PM.c **** * Version 2.30
   4:.\Generated_Source\PSoC5/P1_1_PM.c **** *
   5:.\Generated_Source\PSoC5/P1_1_PM.c **** * Description:
   6:.\Generated_Source\PSoC5/P1_1_PM.c **** *  This file provides the API source code for sleep mode support for Shift
   7:.\Generated_Source\PSoC5/P1_1_PM.c **** *  Register component.
   8:.\Generated_Source\PSoC5/P1_1_PM.c **** *
   9:.\Generated_Source\PSoC5/P1_1_PM.c **** * Note:
  10:.\Generated_Source\PSoC5/P1_1_PM.c **** *
  11:.\Generated_Source\PSoC5/P1_1_PM.c **** ********************************************************************************
  12:.\Generated_Source\PSoC5/P1_1_PM.c **** * Copyright 2008-2013, Cypress Semiconductor Corporation.  All rights reserved.
  13:.\Generated_Source\PSoC5/P1_1_PM.c **** * You may use this file only in accordance with the license, terms, conditions,
  14:.\Generated_Source\PSoC5/P1_1_PM.c **** * disclaimers, and limitations in the end user license agreement accompanying
  15:.\Generated_Source\PSoC5/P1_1_PM.c **** * the software package with which this file was provided.
  16:.\Generated_Source\PSoC5/P1_1_PM.c **** *******************************************************************************/
  17:.\Generated_Source\PSoC5/P1_1_PM.c **** 
  18:.\Generated_Source\PSoC5/P1_1_PM.c **** #include "P1_1.h"
  19:.\Generated_Source\PSoC5/P1_1_PM.c **** 
  20:.\Generated_Source\PSoC5/P1_1_PM.c **** static P1_1_BACKUP_STRUCT P1_1_backup =
  21:.\Generated_Source\PSoC5/P1_1_PM.c **** {
  22:.\Generated_Source\PSoC5/P1_1_PM.c ****     P1_1_DISABLED,
  23:.\Generated_Source\PSoC5/P1_1_PM.c **** 
  24:.\Generated_Source\PSoC5/P1_1_PM.c ****     ((uint16) P1_1_DEFAULT_A0),
  25:.\Generated_Source\PSoC5/P1_1_PM.c ****     ((uint16) P1_1_DEFAULT_A1),
  26:.\Generated_Source\PSoC5/P1_1_PM.c **** 
  27:.\Generated_Source\PSoC5/P1_1_PM.c ****     #if(CY_UDB_V0)
  28:.\Generated_Source\PSoC5/P1_1_PM.c ****         ((uint16) P1_1_INT_SRC),
  29:.\Generated_Source\PSoC5/P1_1_PM.c ****     #endif /* (CY_UDB_V0) */
  30:.\Generated_Source\PSoC5/P1_1_PM.c **** };
  31:.\Generated_Source\PSoC5/P1_1_PM.c **** 
  32:.\Generated_Source\PSoC5/P1_1_PM.c **** 
  33:.\Generated_Source\PSoC5/P1_1_PM.c **** /*******************************************************************************
  34:.\Generated_Source\PSoC5/P1_1_PM.c **** * Function Name: P1_1_SaveConfig
  35:.\Generated_Source\PSoC5/P1_1_PM.c **** ********************************************************************************
  36:.\Generated_Source\PSoC5/P1_1_PM.c **** *
  37:.\Generated_Source\PSoC5/P1_1_PM.c **** * Summary:
  38:.\Generated_Source\PSoC5/P1_1_PM.c **** *  Saves Shift Register configuration.
  39:.\Generated_Source\PSoC5/P1_1_PM.c **** *
  40:.\Generated_Source\PSoC5/P1_1_PM.c **** * Parameters:
  41:.\Generated_Source\PSoC5/P1_1_PM.c **** *  None.
  42:.\Generated_Source\PSoC5/P1_1_PM.c **** *
  43:.\Generated_Source\PSoC5/P1_1_PM.c **** * Return:
  44:.\Generated_Source\PSoC5/P1_1_PM.c **** *  None.
  45:.\Generated_Source\PSoC5/P1_1_PM.c **** *
  46:.\Generated_Source\PSoC5/P1_1_PM.c **** * Reentrant:
  47:.\Generated_Source\PSoC5/P1_1_PM.c **** *  No.
  48:.\Generated_Source\PSoC5/P1_1_PM.c **** *
ARM GAS  C:\Users\Thomas\AppData\Local\Temp\ccnHp0PJ.s 			page 20


  49:.\Generated_Source\PSoC5/P1_1_PM.c **** *******************************************************************************/
  50:.\Generated_Source\PSoC5/P1_1_PM.c **** void P1_1_SaveConfig(void) 
  51:.\Generated_Source\PSoC5/P1_1_PM.c **** {
 266              		.loc 1 51 0
 267              		.cfi_startproc
 268              		@ args = 0, pretend = 0, frame = 0
 269              		@ frame_needed = 0, uses_anonymous_args = 0
 270              		@ link register save eliminated.
  52:.\Generated_Source\PSoC5/P1_1_PM.c ****     /* Store working registers A0 and A1 */
  53:.\Generated_Source\PSoC5/P1_1_PM.c ****     P1_1_backup.saveSrA0Reg   = CY_GET_REG16(P1_1_SHIFT_REG_LSB_PTR);
 271              		.loc 1 53 0
 272 0000 034B     		ldr	r3, .L2
  54:.\Generated_Source\PSoC5/P1_1_PM.c ****     P1_1_backup.saveSrA1Reg   = CY_GET_REG16(P1_1_SHIFT_REG_VALUE_LSB_PTR);
 273              		.loc 1 54 0
 274 0002 044A     		ldr	r2, .L2+4
  53:.\Generated_Source\PSoC5/P1_1_PM.c ****     P1_1_backup.saveSrA1Reg   = CY_GET_REG16(P1_1_SHIFT_REG_VALUE_LSB_PTR);
 275              		.loc 1 53 0
 276 0004 1988     		ldrh	r1, [r3]
 277 0006 044B     		ldr	r3, .L2+8
 278              		.loc 1 54 0
 279 0008 1288     		ldrh	r2, [r2]
  53:.\Generated_Source\PSoC5/P1_1_PM.c ****     P1_1_backup.saveSrA1Reg   = CY_GET_REG16(P1_1_SHIFT_REG_VALUE_LSB_PTR);
 280              		.loc 1 53 0
 281 000a 5980     		strh	r1, [r3, #2]	@ movhi
 282              		.loc 1 54 0
 283 000c 9A80     		strh	r2, [r3, #4]	@ movhi
 284 000e 7047     		bx	lr
 285              	.L3:
 286              		.align	2
 287              	.L2:
 288 0010 04650040 		.word	1073767684
 289 0014 14650040 		.word	1073767700
 290 0018 00000000 		.word	.LANCHOR0
 291              		.cfi_endproc
 292              	.LFE0:
 293              		.size	P1_1_SaveConfig, .-P1_1_SaveConfig
 294              		.section	.text.P1_1_RestoreConfig,"ax",%progbits
 295              		.align	2
 296              		.global	P1_1_RestoreConfig
 297              		.thumb
 298              		.thumb_func
 299              		.type	P1_1_RestoreConfig, %function
 300              	P1_1_RestoreConfig:
 301              	.LFB1:
  55:.\Generated_Source\PSoC5/P1_1_PM.c **** 
  56:.\Generated_Source\PSoC5/P1_1_PM.c ****     #if(CY_UDB_V0)
  57:.\Generated_Source\PSoC5/P1_1_PM.c ****         P1_1_backup.saveSrIntMask = P1_1_SR_STATUS_MASK;
  58:.\Generated_Source\PSoC5/P1_1_PM.c ****     #endif /* (CY_UDB_V0) */
  59:.\Generated_Source\PSoC5/P1_1_PM.c **** }
  60:.\Generated_Source\PSoC5/P1_1_PM.c **** 
  61:.\Generated_Source\PSoC5/P1_1_PM.c **** 
  62:.\Generated_Source\PSoC5/P1_1_PM.c **** /*******************************************************************************
  63:.\Generated_Source\PSoC5/P1_1_PM.c **** * Function Name: P1_1_RestoreConfig
  64:.\Generated_Source\PSoC5/P1_1_PM.c **** ********************************************************************************
  65:.\Generated_Source\PSoC5/P1_1_PM.c **** *
  66:.\Generated_Source\PSoC5/P1_1_PM.c **** * Summary:
  67:.\Generated_Source\PSoC5/P1_1_PM.c **** *  Restores Shift Register configuration.
ARM GAS  C:\Users\Thomas\AppData\Local\Temp\ccnHp0PJ.s 			page 21


  68:.\Generated_Source\PSoC5/P1_1_PM.c **** *
  69:.\Generated_Source\PSoC5/P1_1_PM.c **** * Parameters:
  70:.\Generated_Source\PSoC5/P1_1_PM.c **** *  None.
  71:.\Generated_Source\PSoC5/P1_1_PM.c **** *
  72:.\Generated_Source\PSoC5/P1_1_PM.c **** * Return:
  73:.\Generated_Source\PSoC5/P1_1_PM.c **** *  None.
  74:.\Generated_Source\PSoC5/P1_1_PM.c **** *
  75:.\Generated_Source\PSoC5/P1_1_PM.c **** *******************************************************************************/
  76:.\Generated_Source\PSoC5/P1_1_PM.c **** void P1_1_RestoreConfig(void) 
  77:.\Generated_Source\PSoC5/P1_1_PM.c **** {
 302              		.loc 1 77 0
 303              		.cfi_startproc
 304              		@ args = 0, pretend = 0, frame = 0
 305              		@ frame_needed = 0, uses_anonymous_args = 0
 306              		@ link register save eliminated.
  78:.\Generated_Source\PSoC5/P1_1_PM.c ****     /* Restore working registers A0 and A1 */
  79:.\Generated_Source\PSoC5/P1_1_PM.c ****     CY_SET_REG16(P1_1_SHIFT_REG_LSB_PTR, P1_1_backup.saveSrA0Reg);
 307              		.loc 1 79 0
 308 0000 034B     		ldr	r3, .L5
 309 0002 0449     		ldr	r1, .L5+4
  80:.\Generated_Source\PSoC5/P1_1_PM.c ****     CY_SET_REG16(P1_1_SHIFT_REG_VALUE_LSB_PTR, P1_1_backup.saveSrA1Reg);
 310              		.loc 1 80 0
 311 0004 9A88     		ldrh	r2, [r3, #4]
  79:.\Generated_Source\PSoC5/P1_1_PM.c ****     CY_SET_REG16(P1_1_SHIFT_REG_VALUE_LSB_PTR, P1_1_backup.saveSrA1Reg);
 312              		.loc 1 79 0
 313 0006 5888     		ldrh	r0, [r3, #2]
 314              		.loc 1 80 0
 315 0008 034B     		ldr	r3, .L5+8
  79:.\Generated_Source\PSoC5/P1_1_PM.c ****     CY_SET_REG16(P1_1_SHIFT_REG_VALUE_LSB_PTR, P1_1_backup.saveSrA1Reg);
 316              		.loc 1 79 0
 317 000a 0880     		strh	r0, [r1]	@ movhi
 318              		.loc 1 80 0
 319 000c 1A80     		strh	r2, [r3]	@ movhi
 320 000e 7047     		bx	lr
 321              	.L6:
 322              		.align	2
 323              	.L5:
 324 0010 00000000 		.word	.LANCHOR0
 325 0014 04650040 		.word	1073767684
 326 0018 14650040 		.word	1073767700
 327              		.cfi_endproc
 328              	.LFE1:
 329              		.size	P1_1_RestoreConfig, .-P1_1_RestoreConfig
 330              		.section	.text.P1_1_Sleep,"ax",%progbits
 331              		.align	2
 332              		.global	P1_1_Sleep
 333              		.thumb
 334              		.thumb_func
 335              		.type	P1_1_Sleep, %function
 336              	P1_1_Sleep:
 337              	.LFB2:
  81:.\Generated_Source\PSoC5/P1_1_PM.c **** 
  82:.\Generated_Source\PSoC5/P1_1_PM.c ****     #if(CY_UDB_V0)
  83:.\Generated_Source\PSoC5/P1_1_PM.c ****         P1_1_SR_STATUS_MASK = ((uint8) P1_1_backup.saveSrIntMask);
  84:.\Generated_Source\PSoC5/P1_1_PM.c ****     #endif /* (CY_UDB_V0) */
  85:.\Generated_Source\PSoC5/P1_1_PM.c **** }
  86:.\Generated_Source\PSoC5/P1_1_PM.c **** 
ARM GAS  C:\Users\Thomas\AppData\Local\Temp\ccnHp0PJ.s 			page 22


  87:.\Generated_Source\PSoC5/P1_1_PM.c **** 
  88:.\Generated_Source\PSoC5/P1_1_PM.c **** /*******************************************************************************
  89:.\Generated_Source\PSoC5/P1_1_PM.c **** * Function Name: P1_1_Sleep
  90:.\Generated_Source\PSoC5/P1_1_PM.c **** ********************************************************************************
  91:.\Generated_Source\PSoC5/P1_1_PM.c **** *
  92:.\Generated_Source\PSoC5/P1_1_PM.c **** * Summary:
  93:.\Generated_Source\PSoC5/P1_1_PM.c **** *  Prepare the component to enter a Sleep mode.
  94:.\Generated_Source\PSoC5/P1_1_PM.c **** *
  95:.\Generated_Source\PSoC5/P1_1_PM.c **** * Parameters:
  96:.\Generated_Source\PSoC5/P1_1_PM.c **** *  None.
  97:.\Generated_Source\PSoC5/P1_1_PM.c **** *
  98:.\Generated_Source\PSoC5/P1_1_PM.c **** * Return:
  99:.\Generated_Source\PSoC5/P1_1_PM.c **** *  None.
 100:.\Generated_Source\PSoC5/P1_1_PM.c **** *
 101:.\Generated_Source\PSoC5/P1_1_PM.c **** * Reentrant:
 102:.\Generated_Source\PSoC5/P1_1_PM.c **** *  No.
 103:.\Generated_Source\PSoC5/P1_1_PM.c **** *
 104:.\Generated_Source\PSoC5/P1_1_PM.c **** *******************************************************************************/
 105:.\Generated_Source\PSoC5/P1_1_PM.c **** void P1_1_Sleep(void) 
 106:.\Generated_Source\PSoC5/P1_1_PM.c **** {
 338              		.loc 1 106 0
 339              		.cfi_startproc
 340              		@ args = 0, pretend = 0, frame = 0
 341              		@ frame_needed = 0, uses_anonymous_args = 0
 342 0000 10B5     		push	{r4, lr}
 343              		.cfi_def_cfa_offset 8
 344              		.cfi_offset 4, -8
 345              		.cfi_offset 14, -4
 107:.\Generated_Source\PSoC5/P1_1_PM.c ****     P1_1_backup.enableState = ((uint8) P1_1_IS_ENABLED);
 346              		.loc 1 107 0
 347 0002 074B     		ldr	r3, .L9
 348 0004 074C     		ldr	r4, .L9+4
 349 0006 1B78     		ldrb	r3, [r3]	@ zero_extendqisi2
 350 0008 03F00103 		and	r3, r3, #1
 351 000c 2370     		strb	r3, [r4]
 108:.\Generated_Source\PSoC5/P1_1_PM.c **** 
 109:.\Generated_Source\PSoC5/P1_1_PM.c ****     P1_1_Stop();
 352              		.loc 1 109 0
 353 000e FFF7FEFF 		bl	P1_1_Stop
 354              	.LVL0:
 355              	.LBB6:
 356              	.LBB7:
  53:.\Generated_Source\PSoC5/P1_1_PM.c ****     P1_1_backup.saveSrA1Reg   = CY_GET_REG16(P1_1_SHIFT_REG_VALUE_LSB_PTR);
 357              		.loc 1 53 0
 358 0012 054A     		ldr	r2, .L9+8
  54:.\Generated_Source\PSoC5/P1_1_PM.c **** 
 359              		.loc 1 54 0
 360 0014 054B     		ldr	r3, .L9+12
  53:.\Generated_Source\PSoC5/P1_1_PM.c ****     P1_1_backup.saveSrA1Reg   = CY_GET_REG16(P1_1_SHIFT_REG_VALUE_LSB_PTR);
 361              		.loc 1 53 0
 362 0016 1288     		ldrh	r2, [r2]
  54:.\Generated_Source\PSoC5/P1_1_PM.c **** 
 363              		.loc 1 54 0
 364 0018 1B88     		ldrh	r3, [r3]
  53:.\Generated_Source\PSoC5/P1_1_PM.c ****     P1_1_backup.saveSrA1Reg   = CY_GET_REG16(P1_1_SHIFT_REG_VALUE_LSB_PTR);
 365              		.loc 1 53 0
 366 001a 6280     		strh	r2, [r4, #2]	@ movhi
ARM GAS  C:\Users\Thomas\AppData\Local\Temp\ccnHp0PJ.s 			page 23


  54:.\Generated_Source\PSoC5/P1_1_PM.c **** 
 367              		.loc 1 54 0
 368 001c A380     		strh	r3, [r4, #4]	@ movhi
 369 001e 10BD     		pop	{r4, pc}
 370              	.L10:
 371              		.align	2
 372              	.L9:
 373 0020 75650040 		.word	1073767797
 374 0024 00000000 		.word	.LANCHOR0
 375 0028 04650040 		.word	1073767684
 376 002c 14650040 		.word	1073767700
 377              	.LBE7:
 378              	.LBE6:
 379              		.cfi_endproc
 380              	.LFE2:
 381              		.size	P1_1_Sleep, .-P1_1_Sleep
 382              		.section	.text.P1_1_Wakeup,"ax",%progbits
 383              		.align	2
 384              		.global	P1_1_Wakeup
 385              		.thumb
 386              		.thumb_func
 387              		.type	P1_1_Wakeup, %function
 388              	P1_1_Wakeup:
 389              	.LFB3:
 110:.\Generated_Source\PSoC5/P1_1_PM.c ****     P1_1_SaveConfig();
 111:.\Generated_Source\PSoC5/P1_1_PM.c **** }
 112:.\Generated_Source\PSoC5/P1_1_PM.c **** 
 113:.\Generated_Source\PSoC5/P1_1_PM.c **** 
 114:.\Generated_Source\PSoC5/P1_1_PM.c **** /*******************************************************************************
 115:.\Generated_Source\PSoC5/P1_1_PM.c **** * Function Name: P1_1_Wakeup
 116:.\Generated_Source\PSoC5/P1_1_PM.c **** ********************************************************************************
 117:.\Generated_Source\PSoC5/P1_1_PM.c **** *
 118:.\Generated_Source\PSoC5/P1_1_PM.c **** * Summary:
 119:.\Generated_Source\PSoC5/P1_1_PM.c **** *  Restores and enables the user configuration.
 120:.\Generated_Source\PSoC5/P1_1_PM.c **** *
 121:.\Generated_Source\PSoC5/P1_1_PM.c **** * Parameters:
 122:.\Generated_Source\PSoC5/P1_1_PM.c **** *  None.
 123:.\Generated_Source\PSoC5/P1_1_PM.c **** *
 124:.\Generated_Source\PSoC5/P1_1_PM.c **** * Return:
 125:.\Generated_Source\PSoC5/P1_1_PM.c **** *  None.
 126:.\Generated_Source\PSoC5/P1_1_PM.c **** *
 127:.\Generated_Source\PSoC5/P1_1_PM.c **** *******************************************************************************/
 128:.\Generated_Source\PSoC5/P1_1_PM.c **** void P1_1_Wakeup(void) 
 129:.\Generated_Source\PSoC5/P1_1_PM.c **** {
 390              		.loc 1 129 0
 391              		.cfi_startproc
 392              		@ args = 0, pretend = 0, frame = 0
 393              		@ frame_needed = 0, uses_anonymous_args = 0
 394              		@ link register save eliminated.
 395 0000 10B4     		push	{r4}
 396              		.cfi_def_cfa_offset 4
 397              		.cfi_offset 4, -4
 398              	.LBB8:
 399              	.LBB9:
  79:.\Generated_Source\PSoC5/P1_1_PM.c ****     CY_SET_REG16(P1_1_SHIFT_REG_VALUE_LSB_PTR, P1_1_backup.saveSrA1Reg);
 400              		.loc 1 79 0
 401 0002 084B     		ldr	r3, .L16
ARM GAS  C:\Users\Thomas\AppData\Local\Temp\ccnHp0PJ.s 			page 24


 402 0004 0848     		ldr	r0, .L16+4
 403 0006 5C88     		ldrh	r4, [r3, #2]
  80:.\Generated_Source\PSoC5/P1_1_PM.c **** 
 404              		.loc 1 80 0
 405 0008 9988     		ldrh	r1, [r3, #4]
 406 000a 084A     		ldr	r2, .L16+8
  79:.\Generated_Source\PSoC5/P1_1_PM.c ****     CY_SET_REG16(P1_1_SHIFT_REG_VALUE_LSB_PTR, P1_1_backup.saveSrA1Reg);
 407              		.loc 1 79 0
 408 000c 0480     		strh	r4, [r0]	@ movhi
  80:.\Generated_Source\PSoC5/P1_1_PM.c **** 
 409              		.loc 1 80 0
 410 000e 1180     		strh	r1, [r2]	@ movhi
 411              	.LBE9:
 412              	.LBE8:
 130:.\Generated_Source\PSoC5/P1_1_PM.c ****     P1_1_RestoreConfig();
 131:.\Generated_Source\PSoC5/P1_1_PM.c **** 
 132:.\Generated_Source\PSoC5/P1_1_PM.c ****     if(0u != P1_1_backup.enableState)
 413              		.loc 1 132 0
 414 0010 1B78     		ldrb	r3, [r3]	@ zero_extendqisi2
 415 0012 13B9     		cbnz	r3, .L15
 133:.\Generated_Source\PSoC5/P1_1_PM.c ****     {
 134:.\Generated_Source\PSoC5/P1_1_PM.c ****         P1_1_Enable();
 135:.\Generated_Source\PSoC5/P1_1_PM.c ****     }
 136:.\Generated_Source\PSoC5/P1_1_PM.c **** }
 416              		.loc 1 136 0
 417 0014 5DF8044B 		ldr	r4, [sp], #4
 418              		.cfi_remember_state
 419              		.cfi_restore 4
 420              		.cfi_def_cfa_offset 0
 421 0018 7047     		bx	lr
 422              	.L15:
 423              		.cfi_restore_state
 424 001a 5DF8044B 		ldr	r4, [sp], #4
 425              		.cfi_restore 4
 426              		.cfi_def_cfa_offset 0
 134:.\Generated_Source\PSoC5/P1_1_PM.c ****     }
 427              		.loc 1 134 0
 428 001e FFF7FEBF 		b	P1_1_Enable
 429              	.LVL1:
 430              	.L17:
 431 0022 00BF     		.align	2
 432              	.L16:
 433 0024 00000000 		.word	.LANCHOR0
 434 0028 04650040 		.word	1073767684
 435 002c 14650040 		.word	1073767700
 436              		.cfi_endproc
 437              	.LFE3:
 438              		.size	P1_1_Wakeup, .-P1_1_Wakeup
 439              		.bss
 440              		.align	2
 441              		.set	.LANCHOR0,. + 0
 442              		.type	P1_1_backup, %object
 443              		.size	P1_1_backup, 6
 444              	P1_1_backup:
 445 0000 00000000 		.space	6
 445      0000
 446 0006 0000     		.text
ARM GAS  C:\Users\Thomas\AppData\Local\Temp\ccnHp0PJ.s 			page 25


 447              	.Letext0:
 448              		.file 2 ".\\Generated_Source\\PSoC5\\cytypes.h"
 449              		.file 3 ".\\Generated_Source\\PSoC5\\P1_1.h"
 450              		.section	.debug_info,"",%progbits
 451              	.Ldebug_info0:
 452 0000 9F010000 		.4byte	0x19f
 453 0004 0400     		.2byte	0x4
 454 0006 00000000 		.4byte	.Ldebug_abbrev0
 455 000a 04       		.byte	0x4
 456 000b 01       		.uleb128 0x1
 457 000c BB000000 		.4byte	.LASF27
 458 0010 01       		.byte	0x1
 459 0011 89010000 		.4byte	.LASF28
 460 0015 80000000 		.4byte	.LASF29
 461 0019 00000000 		.4byte	.Ldebug_ranges0+0
 462 001d 00000000 		.4byte	0
 463 0021 00000000 		.4byte	.Ldebug_line0
 464 0025 02       		.uleb128 0x2
 465 0026 01       		.byte	0x1
 466 0027 06       		.byte	0x6
 467 0028 24020000 		.4byte	.LASF0
 468 002c 02       		.uleb128 0x2
 469 002d 01       		.byte	0x1
 470 002e 08       		.byte	0x8
 471 002f 4E000000 		.4byte	.LASF1
 472 0033 02       		.uleb128 0x2
 473 0034 02       		.byte	0x2
 474 0035 05       		.byte	0x5
 475 0036 FB010000 		.4byte	.LASF2
 476 003a 02       		.uleb128 0x2
 477 003b 02       		.byte	0x2
 478 003c 07       		.byte	0x7
 479 003d 12000000 		.4byte	.LASF3
 480 0041 02       		.uleb128 0x2
 481 0042 04       		.byte	0x4
 482 0043 05       		.byte	0x5
 483 0044 0F020000 		.4byte	.LASF4
 484 0048 02       		.uleb128 0x2
 485 0049 04       		.byte	0x4
 486 004a 07       		.byte	0x7
 487 004b 61000000 		.4byte	.LASF5
 488 004f 02       		.uleb128 0x2
 489 0050 08       		.byte	0x8
 490 0051 05       		.byte	0x5
 491 0052 CC010000 		.4byte	.LASF6
 492 0056 02       		.uleb128 0x2
 493 0057 08       		.byte	0x8
 494 0058 07       		.byte	0x7
 495 0059 AC010000 		.4byte	.LASF7
 496 005d 03       		.uleb128 0x3
 497 005e 04       		.byte	0x4
 498 005f 05       		.byte	0x5
 499 0060 696E7400 		.ascii	"int\000"
 500 0064 02       		.uleb128 0x2
 501 0065 04       		.byte	0x4
 502 0066 07       		.byte	0x7
 503 0067 7C010000 		.4byte	.LASF8
ARM GAS  C:\Users\Thomas\AppData\Local\Temp\ccnHp0PJ.s 			page 26


 504 006b 04       		.uleb128 0x4
 505 006c 73000000 		.4byte	.LASF9
 506 0070 02       		.byte	0x2
 507 0071 9201     		.2byte	0x192
 508 0073 2C000000 		.4byte	0x2c
 509 0077 04       		.uleb128 0x4
 510 0078 62010000 		.4byte	.LASF10
 511 007c 02       		.byte	0x2
 512 007d 9301     		.2byte	0x193
 513 007f 3A000000 		.4byte	0x3a
 514 0083 02       		.uleb128 0x2
 515 0084 04       		.byte	0x4
 516 0085 04       		.byte	0x4
 517 0086 48000000 		.4byte	.LASF11
 518 008a 02       		.uleb128 0x2
 519 008b 08       		.byte	0x8
 520 008c 04       		.byte	0x4
 521 008d 79000000 		.4byte	.LASF12
 522 0091 02       		.uleb128 0x2
 523 0092 01       		.byte	0x1
 524 0093 08       		.byte	0x8
 525 0094 E6010000 		.4byte	.LASF13
 526 0098 04       		.uleb128 0x4
 527 0099 5C000000 		.4byte	.LASF14
 528 009d 02       		.byte	0x2
 529 009e 3C02     		.2byte	0x23c
 530 00a0 A4000000 		.4byte	0xa4
 531 00a4 05       		.uleb128 0x5
 532 00a5 6B000000 		.4byte	0x6b
 533 00a9 04       		.uleb128 0x4
 534 00aa 00000000 		.4byte	.LASF15
 535 00ae 02       		.byte	0x2
 536 00af 3D02     		.2byte	0x23d
 537 00b1 B5000000 		.4byte	0xb5
 538 00b5 05       		.uleb128 0x5
 539 00b6 77000000 		.4byte	0x77
 540 00ba 02       		.uleb128 0x2
 541 00bb 04       		.byte	0x4
 542 00bc 07       		.byte	0x7
 543 00bd C3010000 		.4byte	.LASF16
 544 00c1 06       		.uleb128 0x6
 545 00c2 06       		.byte	0x6
 546 00c3 03       		.byte	0x3
 547 00c4 30       		.byte	0x30
 548 00c5 EE000000 		.4byte	0xee
 549 00c9 07       		.uleb128 0x7
 550 00ca 18020000 		.4byte	.LASF17
 551 00ce 03       		.byte	0x3
 552 00cf 32       		.byte	0x32
 553 00d0 6B000000 		.4byte	0x6b
 554 00d4 00       		.byte	0
 555 00d5 07       		.uleb128 0x7
 556 00d6 43020000 		.4byte	.LASF18
 557 00da 03       		.byte	0x3
 558 00db 34       		.byte	0x34
 559 00dc 77000000 		.4byte	0x77
 560 00e0 02       		.byte	0x2
ARM GAS  C:\Users\Thomas\AppData\Local\Temp\ccnHp0PJ.s 			page 27


 561 00e1 07       		.uleb128 0x7
 562 00e2 25000000 		.4byte	.LASF19
 563 00e6 03       		.byte	0x3
 564 00e7 35       		.byte	0x35
 565 00e8 77000000 		.4byte	0x77
 566 00ec 04       		.byte	0x4
 567 00ed 00       		.byte	0
 568 00ee 08       		.uleb128 0x8
 569 00ef 30020000 		.4byte	.LASF20
 570 00f3 03       		.byte	0x3
 571 00f4 3B       		.byte	0x3b
 572 00f5 C1000000 		.4byte	0xc1
 573 00f9 09       		.uleb128 0x9
 574 00fa EB010000 		.4byte	.LASF21
 575 00fe 01       		.byte	0x1
 576 00ff 32       		.byte	0x32
 577 0100 01       		.byte	0x1
 578 0101 09       		.uleb128 0x9
 579 0102 69010000 		.4byte	.LASF22
 580 0106 01       		.byte	0x1
 581 0107 4C       		.byte	0x4c
 582 0108 01       		.byte	0x1
 583 0109 0A       		.uleb128 0xa
 584 010a F9000000 		.4byte	0xf9
 585 010e 00000000 		.4byte	.LFB0
 586 0112 1C000000 		.4byte	.LFE0-.LFB0
 587 0116 01       		.uleb128 0x1
 588 0117 9C       		.byte	0x9c
 589 0118 0A       		.uleb128 0xa
 590 0119 01010000 		.4byte	0x101
 591 011d 00000000 		.4byte	.LFB1
 592 0121 1C000000 		.4byte	.LFE1-.LFB1
 593 0125 01       		.uleb128 0x1
 594 0126 9C       		.byte	0x9c
 595 0127 0B       		.uleb128 0xb
 596 0128 3D000000 		.4byte	.LASF23
 597 012c 01       		.byte	0x1
 598 012d 69       		.byte	0x69
 599 012e 00000000 		.4byte	.LFB2
 600 0132 30000000 		.4byte	.LFE2-.LFB2
 601 0136 01       		.uleb128 0x1
 602 0137 9C       		.byte	0x9c
 603 0138 55010000 		.4byte	0x155
 604 013c 0C       		.uleb128 0xc
 605 013d F9000000 		.4byte	0xf9
 606 0141 12000000 		.4byte	.LBB6
 607 0145 1E000000 		.4byte	.LBE6-.LBB6
 608 0149 01       		.byte	0x1
 609 014a 6E       		.byte	0x6e
 610 014b 0D       		.uleb128 0xd
 611 014c 12000000 		.4byte	.LVL0
 612 0150 94010000 		.4byte	0x194
 613 0154 00       		.byte	0
 614 0155 0B       		.uleb128 0xb
 615 0156 31000000 		.4byte	.LASF24
 616 015a 01       		.byte	0x1
 617 015b 80       		.byte	0x80
ARM GAS  C:\Users\Thomas\AppData\Local\Temp\ccnHp0PJ.s 			page 28


 618 015c 00000000 		.4byte	.LFB3
 619 0160 30000000 		.4byte	.LFE3-.LFB3
 620 0164 01       		.uleb128 0x1
 621 0165 9C       		.byte	0x9c
 622 0166 83010000 		.4byte	0x183
 623 016a 0C       		.uleb128 0xc
 624 016b 01010000 		.4byte	0x101
 625 016f 02000000 		.4byte	.LBB8
 626 0173 0E000000 		.4byte	.LBE8-.LBB8
 627 0177 01       		.byte	0x1
 628 0178 82       		.byte	0x82
 629 0179 0E       		.uleb128 0xe
 630 017a 22000000 		.4byte	.LVL1
 631 017e 9B010000 		.4byte	0x19b
 632 0182 00       		.byte	0
 633 0183 0F       		.uleb128 0xf
 634 0184 06000000 		.4byte	.LASF30
 635 0188 01       		.byte	0x1
 636 0189 14       		.byte	0x14
 637 018a EE000000 		.4byte	0xee
 638 018e 05       		.uleb128 0x5
 639 018f 03       		.byte	0x3
 640 0190 00000000 		.4byte	P1_1_backup
 641 0194 10       		.uleb128 0x10
 642 0195 05020000 		.4byte	.LASF25
 643 0199 03       		.byte	0x3
 644 019a 43       		.byte	0x43
 645 019b 10       		.uleb128 0x10
 646 019c DA010000 		.4byte	.LASF26
 647 01a0 03       		.byte	0x3
 648 01a1 45       		.byte	0x45
 649 01a2 00       		.byte	0
 650              		.section	.debug_abbrev,"",%progbits
 651              	.Ldebug_abbrev0:
 652 0000 01       		.uleb128 0x1
 653 0001 11       		.uleb128 0x11
 654 0002 01       		.byte	0x1
 655 0003 25       		.uleb128 0x25
 656 0004 0E       		.uleb128 0xe
 657 0005 13       		.uleb128 0x13
 658 0006 0B       		.uleb128 0xb
 659 0007 03       		.uleb128 0x3
 660 0008 0E       		.uleb128 0xe
 661 0009 1B       		.uleb128 0x1b
 662 000a 0E       		.uleb128 0xe
 663 000b 55       		.uleb128 0x55
 664 000c 17       		.uleb128 0x17
 665 000d 11       		.uleb128 0x11
 666 000e 01       		.uleb128 0x1
 667 000f 10       		.uleb128 0x10
 668 0010 17       		.uleb128 0x17
 669 0011 00       		.byte	0
 670 0012 00       		.byte	0
 671 0013 02       		.uleb128 0x2
 672 0014 24       		.uleb128 0x24
 673 0015 00       		.byte	0
 674 0016 0B       		.uleb128 0xb
ARM GAS  C:\Users\Thomas\AppData\Local\Temp\ccnHp0PJ.s 			page 29


 675 0017 0B       		.uleb128 0xb
 676 0018 3E       		.uleb128 0x3e
 677 0019 0B       		.uleb128 0xb
 678 001a 03       		.uleb128 0x3
 679 001b 0E       		.uleb128 0xe
 680 001c 00       		.byte	0
 681 001d 00       		.byte	0
 682 001e 03       		.uleb128 0x3
 683 001f 24       		.uleb128 0x24
 684 0020 00       		.byte	0
 685 0021 0B       		.uleb128 0xb
 686 0022 0B       		.uleb128 0xb
 687 0023 3E       		.uleb128 0x3e
 688 0024 0B       		.uleb128 0xb
 689 0025 03       		.uleb128 0x3
 690 0026 08       		.uleb128 0x8
 691 0027 00       		.byte	0
 692 0028 00       		.byte	0
 693 0029 04       		.uleb128 0x4
 694 002a 16       		.uleb128 0x16
 695 002b 00       		.byte	0
 696 002c 03       		.uleb128 0x3
 697 002d 0E       		.uleb128 0xe
 698 002e 3A       		.uleb128 0x3a
 699 002f 0B       		.uleb128 0xb
 700 0030 3B       		.uleb128 0x3b
 701 0031 05       		.uleb128 0x5
 702 0032 49       		.uleb128 0x49
 703 0033 13       		.uleb128 0x13
 704 0034 00       		.byte	0
 705 0035 00       		.byte	0
 706 0036 05       		.uleb128 0x5
 707 0037 35       		.uleb128 0x35
 708 0038 00       		.byte	0
 709 0039 49       		.uleb128 0x49
 710 003a 13       		.uleb128 0x13
 711 003b 00       		.byte	0
 712 003c 00       		.byte	0
 713 003d 06       		.uleb128 0x6
 714 003e 13       		.uleb128 0x13
 715 003f 01       		.byte	0x1
 716 0040 0B       		.uleb128 0xb
 717 0041 0B       		.uleb128 0xb
 718 0042 3A       		.uleb128 0x3a
 719 0043 0B       		.uleb128 0xb
 720 0044 3B       		.uleb128 0x3b
 721 0045 0B       		.uleb128 0xb
 722 0046 01       		.uleb128 0x1
 723 0047 13       		.uleb128 0x13
 724 0048 00       		.byte	0
 725 0049 00       		.byte	0
 726 004a 07       		.uleb128 0x7
 727 004b 0D       		.uleb128 0xd
 728 004c 00       		.byte	0
 729 004d 03       		.uleb128 0x3
 730 004e 0E       		.uleb128 0xe
 731 004f 3A       		.uleb128 0x3a
ARM GAS  C:\Users\Thomas\AppData\Local\Temp\ccnHp0PJ.s 			page 30


 732 0050 0B       		.uleb128 0xb
 733 0051 3B       		.uleb128 0x3b
 734 0052 0B       		.uleb128 0xb
 735 0053 49       		.uleb128 0x49
 736 0054 13       		.uleb128 0x13
 737 0055 38       		.uleb128 0x38
 738 0056 0B       		.uleb128 0xb
 739 0057 00       		.byte	0
 740 0058 00       		.byte	0
 741 0059 08       		.uleb128 0x8
 742 005a 16       		.uleb128 0x16
 743 005b 00       		.byte	0
 744 005c 03       		.uleb128 0x3
 745 005d 0E       		.uleb128 0xe
 746 005e 3A       		.uleb128 0x3a
 747 005f 0B       		.uleb128 0xb
 748 0060 3B       		.uleb128 0x3b
 749 0061 0B       		.uleb128 0xb
 750 0062 49       		.uleb128 0x49
 751 0063 13       		.uleb128 0x13
 752 0064 00       		.byte	0
 753 0065 00       		.byte	0
 754 0066 09       		.uleb128 0x9
 755 0067 2E       		.uleb128 0x2e
 756 0068 00       		.byte	0
 757 0069 3F       		.uleb128 0x3f
 758 006a 19       		.uleb128 0x19
 759 006b 03       		.uleb128 0x3
 760 006c 0E       		.uleb128 0xe
 761 006d 3A       		.uleb128 0x3a
 762 006e 0B       		.uleb128 0xb
 763 006f 3B       		.uleb128 0x3b
 764 0070 0B       		.uleb128 0xb
 765 0071 27       		.uleb128 0x27
 766 0072 19       		.uleb128 0x19
 767 0073 20       		.uleb128 0x20
 768 0074 0B       		.uleb128 0xb
 769 0075 00       		.byte	0
 770 0076 00       		.byte	0
 771 0077 0A       		.uleb128 0xa
 772 0078 2E       		.uleb128 0x2e
 773 0079 00       		.byte	0
 774 007a 31       		.uleb128 0x31
 775 007b 13       		.uleb128 0x13
 776 007c 11       		.uleb128 0x11
 777 007d 01       		.uleb128 0x1
 778 007e 12       		.uleb128 0x12
 779 007f 06       		.uleb128 0x6
 780 0080 40       		.uleb128 0x40
 781 0081 18       		.uleb128 0x18
 782 0082 9742     		.uleb128 0x2117
 783 0084 19       		.uleb128 0x19
 784 0085 00       		.byte	0
 785 0086 00       		.byte	0
 786 0087 0B       		.uleb128 0xb
 787 0088 2E       		.uleb128 0x2e
 788 0089 01       		.byte	0x1
ARM GAS  C:\Users\Thomas\AppData\Local\Temp\ccnHp0PJ.s 			page 31


 789 008a 3F       		.uleb128 0x3f
 790 008b 19       		.uleb128 0x19
 791 008c 03       		.uleb128 0x3
 792 008d 0E       		.uleb128 0xe
 793 008e 3A       		.uleb128 0x3a
 794 008f 0B       		.uleb128 0xb
 795 0090 3B       		.uleb128 0x3b
 796 0091 0B       		.uleb128 0xb
 797 0092 27       		.uleb128 0x27
 798 0093 19       		.uleb128 0x19
 799 0094 11       		.uleb128 0x11
 800 0095 01       		.uleb128 0x1
 801 0096 12       		.uleb128 0x12
 802 0097 06       		.uleb128 0x6
 803 0098 40       		.uleb128 0x40
 804 0099 18       		.uleb128 0x18
 805 009a 9742     		.uleb128 0x2117
 806 009c 19       		.uleb128 0x19
 807 009d 01       		.uleb128 0x1
 808 009e 13       		.uleb128 0x13
 809 009f 00       		.byte	0
 810 00a0 00       		.byte	0
 811 00a1 0C       		.uleb128 0xc
 812 00a2 1D       		.uleb128 0x1d
 813 00a3 00       		.byte	0
 814 00a4 31       		.uleb128 0x31
 815 00a5 13       		.uleb128 0x13
 816 00a6 11       		.uleb128 0x11
 817 00a7 01       		.uleb128 0x1
 818 00a8 12       		.uleb128 0x12
 819 00a9 06       		.uleb128 0x6
 820 00aa 58       		.uleb128 0x58
 821 00ab 0B       		.uleb128 0xb
 822 00ac 59       		.uleb128 0x59
 823 00ad 0B       		.uleb128 0xb
 824 00ae 00       		.byte	0
 825 00af 00       		.byte	0
 826 00b0 0D       		.uleb128 0xd
 827 00b1 898201   		.uleb128 0x4109
 828 00b4 00       		.byte	0
 829 00b5 11       		.uleb128 0x11
 830 00b6 01       		.uleb128 0x1
 831 00b7 31       		.uleb128 0x31
 832 00b8 13       		.uleb128 0x13
 833 00b9 00       		.byte	0
 834 00ba 00       		.byte	0
 835 00bb 0E       		.uleb128 0xe
 836 00bc 898201   		.uleb128 0x4109
 837 00bf 00       		.byte	0
 838 00c0 11       		.uleb128 0x11
 839 00c1 01       		.uleb128 0x1
 840 00c2 9542     		.uleb128 0x2115
 841 00c4 19       		.uleb128 0x19
 842 00c5 31       		.uleb128 0x31
 843 00c6 13       		.uleb128 0x13
 844 00c7 00       		.byte	0
 845 00c8 00       		.byte	0
ARM GAS  C:\Users\Thomas\AppData\Local\Temp\ccnHp0PJ.s 			page 32


 846 00c9 0F       		.uleb128 0xf
 847 00ca 34       		.uleb128 0x34
 848 00cb 00       		.byte	0
 849 00cc 03       		.uleb128 0x3
 850 00cd 0E       		.uleb128 0xe
 851 00ce 3A       		.uleb128 0x3a
 852 00cf 0B       		.uleb128 0xb
 853 00d0 3B       		.uleb128 0x3b
 854 00d1 0B       		.uleb128 0xb
 855 00d2 49       		.uleb128 0x49
 856 00d3 13       		.uleb128 0x13
 857 00d4 02       		.uleb128 0x2
 858 00d5 18       		.uleb128 0x18
 859 00d6 00       		.byte	0
 860 00d7 00       		.byte	0
 861 00d8 10       		.uleb128 0x10
 862 00d9 2E       		.uleb128 0x2e
 863 00da 00       		.byte	0
 864 00db 3F       		.uleb128 0x3f
 865 00dc 19       		.uleb128 0x19
 866 00dd 03       		.uleb128 0x3
 867 00de 0E       		.uleb128 0xe
 868 00df 3A       		.uleb128 0x3a
 869 00e0 0B       		.uleb128 0xb
 870 00e1 3B       		.uleb128 0x3b
 871 00e2 0B       		.uleb128 0xb
 872 00e3 27       		.uleb128 0x27
 873 00e4 19       		.uleb128 0x19
 874 00e5 3C       		.uleb128 0x3c
 875 00e6 19       		.uleb128 0x19
 876 00e7 00       		.byte	0
 877 00e8 00       		.byte	0
 878 00e9 00       		.byte	0
 879              		.section	.debug_aranges,"",%progbits
 880 0000 34000000 		.4byte	0x34
 881 0004 0200     		.2byte	0x2
 882 0006 00000000 		.4byte	.Ldebug_info0
 883 000a 04       		.byte	0x4
 884 000b 00       		.byte	0
 885 000c 0000     		.2byte	0
 886 000e 0000     		.2byte	0
 887 0010 00000000 		.4byte	.LFB0
 888 0014 1C000000 		.4byte	.LFE0-.LFB0
 889 0018 00000000 		.4byte	.LFB1
 890 001c 1C000000 		.4byte	.LFE1-.LFB1
 891 0020 00000000 		.4byte	.LFB2
 892 0024 30000000 		.4byte	.LFE2-.LFB2
 893 0028 00000000 		.4byte	.LFB3
 894 002c 30000000 		.4byte	.LFE3-.LFB3
 895 0030 00000000 		.4byte	0
 896 0034 00000000 		.4byte	0
 897              		.section	.debug_ranges,"",%progbits
 898              	.Ldebug_ranges0:
 899 0000 00000000 		.4byte	.LFB0
 900 0004 1C000000 		.4byte	.LFE0
 901 0008 00000000 		.4byte	.LFB1
 902 000c 1C000000 		.4byte	.LFE1
ARM GAS  C:\Users\Thomas\AppData\Local\Temp\ccnHp0PJ.s 			page 33


 903 0010 00000000 		.4byte	.LFB2
 904 0014 30000000 		.4byte	.LFE2
 905 0018 00000000 		.4byte	.LFB3
 906 001c 30000000 		.4byte	.LFE3
 907 0020 00000000 		.4byte	0
 908 0024 00000000 		.4byte	0
 909              		.section	.debug_line,"",%progbits
 910              	.Ldebug_line0:
 911 0000 B6000000 		.section	.debug_str,"MS",%progbits,1
 911      02005000 
 911      00000201 
 911      FB0E0D00 
 911      01010101 
 912              	.LASF15:
 913 0000 72656731 		.ascii	"reg16\000"
 913      3600
 914              	.LASF30:
 915 0006 50315F31 		.ascii	"P1_1_backup\000"
 915      5F626163 
 915      6B757000 
 916              	.LASF3:
 917 0012 73686F72 		.ascii	"short unsigned int\000"
 917      7420756E 
 917      7369676E 
 917      65642069 
 917      6E7400
 918              	.LASF19:
 919 0025 73617665 		.ascii	"saveSrA1Reg\000"
 919      53724131 
 919      52656700 
 920              	.LASF24:
 921 0031 50315F31 		.ascii	"P1_1_Wakeup\000"
 921      5F57616B 
 921      65757000 
 922              	.LASF23:
 923 003d 50315F31 		.ascii	"P1_1_Sleep\000"
 923      5F536C65 
 923      657000
 924              	.LASF11:
 925 0048 666C6F61 		.ascii	"float\000"
 925      7400
 926              	.LASF1:
 927 004e 756E7369 		.ascii	"unsigned char\000"
 927      676E6564 
 927      20636861 
 927      7200
 928              	.LASF14:
 929 005c 72656738 		.ascii	"reg8\000"
 929      00
 930              	.LASF5:
 931 0061 6C6F6E67 		.ascii	"long unsigned int\000"
 931      20756E73 
 931      69676E65 
 931      6420696E 
 931      7400
 932              	.LASF9:
 933 0073 75696E74 		.ascii	"uint8\000"
ARM GAS  C:\Users\Thomas\AppData\Local\Temp\ccnHp0PJ.s 			page 34


 933      3800
 934              	.LASF12:
 935 0079 646F7562 		.ascii	"double\000"
 935      6C6500
 936              	.LASF29:
 937 0080 433A5C55 		.ascii	"C:\\Users\\Thomas\\Documents\\PSoC Creator\\TASBot\\"
 937      73657273 
 937      5C54686F 
 937      6D61735C 
 937      446F6375 
 938 00ae 54415342 		.ascii	"TASBot.cydsn\000"
 938      6F742E63 
 938      7964736E 
 938      00
 939              	.LASF27:
 940 00bb 474E5520 		.ascii	"GNU C 4.9.3 20150303 (release) [ARM/embedded-4_9-br"
 940      4320342E 
 940      392E3320 
 940      32303135 
 940      30333033 
 941 00ee 616E6368 		.ascii	"anch revision 221220] -mcpu=cortex-m3 -mthumb -g -O"
 941      20726576 
 941      6973696F 
 941      6E203232 
 941      31323230 
 942 0121 33202D66 		.ascii	"3 -ffunction-sections -finline-functions -flto -ffa"
 942      66756E63 
 942      74696F6E 
 942      2D736563 
 942      74696F6E 
 943 0154 742D6C74 		.ascii	"t-lto-objects\000"
 943      6F2D6F62 
 943      6A656374 
 943      7300
 944              	.LASF10:
 945 0162 75696E74 		.ascii	"uint16\000"
 945      313600
 946              	.LASF22:
 947 0169 50315F31 		.ascii	"P1_1_RestoreConfig\000"
 947      5F526573 
 947      746F7265 
 947      436F6E66 
 947      696700
 948              	.LASF8:
 949 017c 756E7369 		.ascii	"unsigned int\000"
 949      676E6564 
 949      20696E74 
 949      00
 950              	.LASF28:
 951 0189 2E5C4765 		.ascii	".\\Generated_Source\\PSoC5\\P1_1_PM.c\000"
 951      6E657261 
 951      7465645F 
 951      536F7572 
 951      63655C50 
 952              	.LASF7:
 953 01ac 6C6F6E67 		.ascii	"long long unsigned int\000"
 953      206C6F6E 
ARM GAS  C:\Users\Thomas\AppData\Local\Temp\ccnHp0PJ.s 			page 35


 953      6720756E 
 953      7369676E 
 953      65642069 
 954              	.LASF16:
 955 01c3 73697A65 		.ascii	"sizetype\000"
 955      74797065 
 955      00
 956              	.LASF6:
 957 01cc 6C6F6E67 		.ascii	"long long int\000"
 957      206C6F6E 
 957      6720696E 
 957      7400
 958              	.LASF26:
 959 01da 50315F31 		.ascii	"P1_1_Enable\000"
 959      5F456E61 
 959      626C6500 
 960              	.LASF13:
 961 01e6 63686172 		.ascii	"char\000"
 961      00
 962              	.LASF21:
 963 01eb 50315F31 		.ascii	"P1_1_SaveConfig\000"
 963      5F536176 
 963      65436F6E 
 963      66696700 
 964              	.LASF2:
 965 01fb 73686F72 		.ascii	"short int\000"
 965      7420696E 
 965      7400
 966              	.LASF25:
 967 0205 50315F31 		.ascii	"P1_1_Stop\000"
 967      5F53746F 
 967      7000
 968              	.LASF4:
 969 020f 6C6F6E67 		.ascii	"long int\000"
 969      20696E74 
 969      00
 970              	.LASF17:
 971 0218 656E6162 		.ascii	"enableState\000"
 971      6C655374 
 971      61746500 
 972              	.LASF0:
 973 0224 7369676E 		.ascii	"signed char\000"
 973      65642063 
 973      68617200 
 974              	.LASF20:
 975 0230 50315F31 		.ascii	"P1_1_BACKUP_STRUCT\000"
 975      5F424143 
 975      4B55505F 
 975      53545255 
 975      435400
 976              	.LASF18:
 977 0243 73617665 		.ascii	"saveSrA0Reg\000"
 977      53724130 
 977      52656700 
 978              		.comm	__gnu_lto_v1,1,1
 979              		.ident	"GCC: (GNU Tools for ARM Embedded Processors) 4.9.3 20150303 (release) [ARM/embedded-4_9-br
