ARM GAS  C:\Users\Thomas\AppData\Local\Temp\ccLd0mlZ.s 			page 1


   1              		.syntax unified
   2              		.cpu cortex-m3
   3              		.fpu softvfp
   4              		.eabi_attribute 20, 1
   5              		.eabi_attribute 21, 1
   6              		.eabi_attribute 23, 3
   7              		.eabi_attribute 24, 1
   8              		.eabi_attribute 25, 1
   9              		.eabi_attribute 26, 1
  10              		.eabi_attribute 30, 2
  11              		.eabi_attribute 34, 1
  12              		.eabi_attribute 18, 4
  13              		.thumb
  14              		.file	"P1_2_PM.c"
  15              		.text
  16              	.Ltext0:
  17              		.section	.gnu.lto_.profile.bb5cc887,"",%progbits
  18 0000 789C6366 		.ascii	"x\234cf```a\200\000F\006cY\000\000\367\000Y"
  18      60606061 
  18      80004606 
  18      63590000 
  18      F70059
  19              		.text
  20              		.section	.gnu.lto_.jmpfuncs.bb5cc887,"",%progbits
  21 0000 789C6366 		.ascii	"x\234cf\300\016\004\2404\013\0203100C\231\014\000\002"
  21      C00E04A0 
  21      340B1033 
  21      31303043 
  21      990C0002 
  22 0014 C70021   		.ascii	"\307\000!"
  23              		.text
  24              		.section	.gnu.lto_.inline.bb5cc887,"",%progbits
  25 0000 789C6366 		.ascii	"x\234cf\300\016\"\2404\013\003\003;\033#\003\023\307"
  25      C00E22A0 
  25      340B0303 
  25      3B1B2303 
  25      13C7
  26 0012 013B06B6 		.ascii	"\001;\006\266\005\362L 1&L!f\006\036\021\240\220@C-"
  26      05F24C20 
  26      31264C21 
  26      66061E11 
  26      A0904043 
  27 0027 5C88910B 		.ascii	"\\\210\221\013\254\235\233\027(\316\267!\027U\234\001"
  27      AC9D9B17 
  27      28CEB721 
  27      17559C01 
  28 0037 00917408 		.ascii	"\000\221t\010="
  28      3D
  29              		.text
  30              		.section	.gnu.lto_.pureconst.bb5cc887,"",%progbits
  31 0000 789C6366 		.ascii	"x\234cf``\340d\200\000\026\006)&)f)\026)\000\002\321"
  31      6060E064 
  31      80001606 
  31      29262966 
  31      29162900 
  32 0016 0082     		.ascii	"\000\202"
  33              		.text
ARM GAS  C:\Users\Thomas\AppData\Local\Temp\ccLd0mlZ.s 			page 2


  34              		.section	.gnu.lto_P1_2_SaveConfig.bb5cc887,"",%progbits
  35 0000 789C8D91 		.ascii	"x\234\215\221\315+Da\024\306\317s\356u\033\315F\226"
  35      CD2B4461 
  35      14C6CF73 
  35      EE751BCD 
  35      4696
  36 0012 3616D2D8 		.ascii	"6\026\322\330P\224\277\300\302JM\331NM\032\263\245\204"
  36      5094BFC0 
  36      C24A4DD9 
  36      4E4D1AB3 
  36      A584
  37 0024 9DE65E4D 		.ascii	"\235\346^M\310\002YH\371X\210|\314\370fa\241.K\205d"
  37      C8025948 
  37      F958887C 
  37      CCF86661 
  37      A12E4B85 
  38 0039 A12C4C6A 		.ascii	"\241,Lj4ld\250\321M>\316\271\362\021%\267\336\373\336"
  38      346C64A8 
  38      D14D3ECE 
  38      B9F21125 
  38      B7DEFBDE 
  39 004d F73DCFFB 		.ascii	"\367=\317\373\234\337\363^\203~?e2r \252\224\031\006"
  39      9CDFF35E 
  39      837E3F65 
  39      327220AA 
  39      941906
  40 0060 81478E88 		.ascii	"\201G\216\210\234\000\003\372A\240\004#\201\033\316"
  40      9C0003FA 
  40      41A00423 
  40      811BCE
  41 006f 3346DCD4 		.ascii	"3F\334\324x04g\333\366\335\314\241\023v\3411\321\003"
  41      78303467 
  41      DBF6DDCC 
  41      A11376E1 
  41      31D103
  42 0082 BFFB601E 		.ascii	"\277\373`\036!\022Q>\371|\026\264\222\"*y\257a\001\226"
  42      2112513E 
  42      F97C16B4 
  42      92222A79 
  42      AF610196 
  43 0096 F8D36AA9 		.ascii	"\370\323j\251k\277\276>l\357\025`1y\014S_DY\021i\253"
  43      6BBFBE3E 
  43      6CEF1560 
  43      31790C53 
  43      5F445911 
  44 00ac 2B669D8D 		.ascii	"+f\235\215s\354\027\006o\307\212\365\334#k\337\314\316"
  44      73EC1706 
  44      6FC78AF5 
  44      DC236BDF 
  44      CCCE
  45 00be C4A271CD 		.ascii	"\304\242q\315\036s\337\201c\233\332%\223=>\011\370["
  45      1E73DF81 
  45      639BDA25 
  45      933D3E09 
  45      F85B
  46 00d0 A4CB6CFF 		.ascii	"\244\313l\377\226gNa\302I\012\223\201E\224a\011\222"
  46      96674E61 
ARM GAS  C:\Users\Thomas\AppData\Local\Temp\ccLd0mlZ.s 			page 3


  46      C2490A93 
  46      81459461 
  46      0992
  47 00e2 0C294C81 		.ascii	"\014)L\201\316\321;zY\256~\"\235>\035Z\341\236'{\300"
  47      CED13B7A 
  47      59AE7E22 
  47      9D3E1D5A 
  47      E19E277B 
  48 00f7 0E786C3E 		.ascii	"\016xl>+\341w?\323_.8\311I\250\237\255\252\"\244\321"
  48      2BE1773F 
  48      D35F2E38 
  48      C949A89F 
  48      ADAA22A4 
  49 010c 83653594 		.ascii	"\203e5\224\332Kzx\303\252NI@\267\312c\013+\"\274\367"
  49      DA4B7A78 
  49      C3AA4E49 
  49      40B7CA63 
  49      0B2B22BC 
  50 0121 2F01ABA8 		.ascii	"/\001\253\250\026b\362\023\024>\022\230r\346dw\266\333"
  50      1662F213 
  50      143E1298 
  50      72E66477 
  50      B6DB
  51 0133 A71DFB08 		.ascii	"\247\035\373\010\220\333\235\311\030_\304k\237\304\353"
  51      90DB9DC9 
  51      185FC46B 
  51      9FC4EB
  52 0142 FF24FE89 		.ascii	"\377$\376\211\270\361\007\342\246\217\250?\001[\212"
  52      B8F107E2 
  52      A68FA83F 
  52      015B8A
  53 0151 68D2051C 		.ascii	"h\322\005\034\367\261H\033(xVjr\365\342\\Q\023i\214"
  53      F7B1481B 
  53      2878566A 
  53      72F5E25C 
  53      5113698C 
  54 0165 B7C53B5A 		.ascii	"\267\305;Z:\343\255\321\346\366\256\216X<\022nno\250"
  54      3AE3ADD1 
  54      E6F6AE8E 
  54      583C126E 
  54      6E6FA8
  55 0178 8F846BA3 		.ascii	"\217\204k\243u\321pSM\214\336\000f\240\273\226"
  55      75D17053 
  55      4D8CDE00 
  55      66A0BB96 
  56              		.text
  57              		.section	.gnu.lto_P1_2_RestoreConfig.bb5cc887,"",%progbits
  58 0000 789C7590 		.ascii	"x\234u\2209K\003Q\024\205\357\2713\016\2014b%iER\204"
  58      394B0351 
  58      1485EFB9 
  58      330E8134 
  58      62256945 
  59 0016 080AFE02 		.ascii	"\010\012\376\002A+!b\033\010\022\2475 j\0272#q\2514"
  59      412B2162 
  59      1B0812A7 
  59      35206A17 
  59      322371A9 
ARM GAS  C:\Users\Thomas\AppData\Local\Temp\ccLd0mlZ.s 			page 4


  60 002b 5A88E052 		.ascii	"Z\210\340R\210b\342\256\021\301B\010\226\026\011\242"
  60      8862E2AE 
  60      11C14208 
  60      961609A2 
  61 003b 202A6813 		.ascii	" *h\023Q;c\012\031\304\345\335\011*n\017\336z\317;\347"
  61      513B630A 
  61      19C4E5DD 
  61      092A6E0F 
  61      DE7ACF3B 
  62 0050 7B4FA3DF 		.ascii	"{O\243\337\315\247\3729\210\352\325\014\215\300\251"
  62      CDA7FA39 
  62      88EAD50C 
  62      8DC0A9
  63 005f 3C91ED61 		.ascii	"<\221\355a@\026\004J0\022\270\347\022#\225[\235\366"
  63      4016044A 
  63      3012B8E7 
  63      1223955B 
  63      9DF6
  64 0071 FA972CCB 		.ascii	"\372\227,\313z8\314\326\016\325:LT\346\212\015\226\341"
  64      7A38CCD6 
  64      0ED53A4C 
  64      54E68A0D 
  64      96E1
  65 0083 27A52925 		.ascii	"'\245)%_\316\274FRi\252+5\244a({\332\254\311Yoo\345"
  65      5FCEBC46 
  65      5269AA2B 
  65      35A46128 
  65      7BDAACC9 
  66 009b FC443A00 		.ascii	"\374D:\000\203\311a\3502\020\025\225J\242n\230e\326"
  66      83C961E8 
  66      32101595 
  66      4AA26E98 
  66      65D6
  67 00ad 2E30B857 		.ascii	".0\270W*t\310\275'\226\330\371\223\261\015\216?[\243"
  67      2A74C8BD 
  67      2796D8F9 
  67      93B10D8E 
  67      3F5BA3
  68 00c0 96C7617E 		.ascii	"\226\307a~\021Suz],\034{\356X\235\270\333\264\235\234"
  68      1153757A 
  68      5D2C1C7B 
  68      EE589DB8 
  68      DBB49D9C 
  69 00d4 C51C666C 		.ascii	"\305\034flKT\0322\210c\005>\267\366\2726\276c\004\003"
  69      4B541A32 
  69      8863053E 
  69      B7F6BA36 
  69      BE630403 
  70 00e8 0EEB5855 		.ascii	"\016\353XU\232G\027\031k\010\322\005\016'!Ib\270?\223"
  70      9A471719 
  70      6B08D205 
  70      0E272149 
  70      62B83F93 
  71 00fc D1C4B06A 		.ascii	"\321\304\260j\370\310\266\364o\031U\256Oqd\327\321%"
  71      F8C8B6F4 
  71      6F1955AE 
  71      4F7164D7 
ARM GAS  C:\Users\Thomas\AppData\Local\Temp\ccLd0mlZ.s 			page 5


  71      D125
  72 010e 2309870D 		.ascii	"#\011\207\015\254\303\207\015\211\300\246rU\254$\350"
  72      ACC3870D 
  72      89C0A672 
  72      55AC24E8 
  73 011e 13A7A8A0 		.ascii	"\023\247\250\240\353\377\242\377d\335\372\233u\333e"
  73      EBFFA2FF 
  73      64DDFA9B 
  73      75DB65
  74 012d 95BFC3CE 		.ascii	"\225\277\303\316\017\326\343\203\305\001\227k\352\003"
  74      0FD6E383 
  74      C501976B 
  74      EA03
  75 013b F5F660E1 		.ascii	"\365\366`\341Z\373b\313~\262\355\272l:]\301\316]\266"
  75      5AFB62CB 
  75      7EB2EDBA 
  75      6C3A5DC1 
  75      CE5DB6
  76 014e CA7D797D 		.ascii	"\312}y}Q\371\252\317V@u\015\3416\263\307\354\355\352"
  76      51F9AACF 
  76      5640750D 
  76      E136B3C7 
  76      ECEDEA
  77 0161 33BB239D 		.ascii	"3\273#\235\261\376\336\250\031\016u\306Z\232\303\241"
  77      B1FEDEA8 
  77      190E75C6 
  77      5A9AC3A1 
  78 0171 C6485324 		.ascii	"\306HS$\324\336\020\245w\314S\261\221"
  78      D4DE10A5 
  78      77CC53B1 
  78      91
  79              		.text
  80              		.section	.gnu.lto_P1_2_Sleep.bb5cc887,"",%progbits
  81 0000 789C9592 		.ascii	"x\234\225\222MHTQ\024\307\317\377\276\371\236\011\242"
  81      4D485451 
  81      14C7CFFF 
  81      BEF99E09 
  81      A2
  82 0011 95B8A845 		.ascii	"\225\270\250E\204m\024\012\242e\213\026\256\202\001"
  82      846D140A 
  82      A2658B16 
  82      AE8201
  83 0020 B70343D8 		.ascii	"\267\003C\330lZ$H\265\033|O\247\017$\312\206\030\002"
  83      6C5A2448 
  83      B51B7C4F 
  83      A70F24CA 
  83      861802
  84 0033 9B567D68 		.ascii	"\233V}hcjci6M\276$\030hQHD 16`4-\212\246\241\261W\231"
  84      636A6369 
  84      364DBE24 
  84      18685148 
  84      44203136 
  85 0050 9D735F86 		.ascii	"\235s_\206)\006=x\367\363\177\316\371\335\377\275\006"
  85      29063D78 
  85      F7F37FCE 
  85      F9DDFFBD 
  85      06
ARM GAS  C:\Users\Thomas\AppData\Local\Temp\ccLd0mlZ.s 			page 6


  86 0061 6DFC9AF9 		.ascii	"m\374\232\371?j\020\355\342\036\006A\015<#\262\002\012"
  86      3F6A10ED 
  86      E21E0641 
  86      0D3C23B2 
  86      020A
  87 0073 9001817A 		.ascii	"\220\001\201z\024z\360^\325\024\006\354\334\345p\313"
  87      147AF05E 
  87      D51406EC 
  87      DCE570CB 
  88 0083 75D3343F 		.ascii	"u\3234?\245\013M\247\232\034ETWn\032\334D\013\261\246"
  88      A50B4DA7 
  88      9A1C4554 
  88      576E1ADC 
  88      440BB1A6 
  89 0097 965A7E15 		.ascii	"\226Z~\025\366\245X\263\325\335\303\020|\340~l\233m"
  89      F6A558B3 
  89      D5DDC310 
  89      7CE07E6C 
  89      9B6D
  90 00a9 AEAC4C7C 		.ascii	"\256\254L|\270X\335\217\010\310Q\\\214\033\0177\312"
  90      B858DD8F 
  90      08C8515C 
  90      8C1B0F37 
  90      CA
  91 00ba 2BA32037 		.ascii	"+\243 7FH\032\242E\216\224\362o\225\222\336\230\307"
  91      46481AA2 
  91      458E94F2 
  91      6F9592DE 
  91      98C7
  92 00cc 6CA3BF9C 		.ascii	"l\243\277\234\035\207d[R\006\027z\363\2702\025\256*"
  92      1D87645B 
  92      5206177A 
  92      F3B83215 
  92      AE2A
  93 00de 4779969E 		.ascii	"Gy\226\236Z\246Gj/,>\237\013\350%\222\351\220\335_\366"
  93      5AA6476A 
  93      2F2C3E9F 
  93      0BE82592 
  93      E990DD5F 
  94 00f3 673168A5 		.ascii	"g1h\245\340(/\206\321\214[\340\343\"\207,h\036}_}n:"
  94      E0282F86 
  94      D18C5BE0 
  94      E322872C 
  94      681E7D5F 
  95 010a B8194BD9 		.ascii	"\270\031K\331j\336#\341\000a\204\225,\311\237y\342q"
  95      6ADE23E1 
  95      00618495 
  95      2CC99F79 
  95      E271
  96 011c 451ED6B1 		.ascii	"E\036\326\261\310\272Q8\347\327\"Nt[\213z\313~W\342"
  96      C8BA5138 
  96      E7D7224E 
  96      745B8B7A 
  96      CB7E57E2 
  97 0130 6595CCD3 		.ascii	"e\225\314\323\225\355\262\300\352\253/\316\217\252\344"
  97      95EDB2C0 
  97      EAAB2FCE 
ARM GAS  C:\Users\Thomas\AppData\Local\Temp\ccLd0mlZ.s 			page 7


  97      8FAAE4
  98 013f 77F3AC19 		.ascii	"w\363\254\031p\224oY\374X\313\351s9\255\324\025\010"
  98      70946F59 
  98      FC58CBE9 
  98      7339ADD4 
  98      1508
  99 0151 A7292A3F 		.ascii	"\247)*?F\221\304\230\200\362\336\317\221\013y_k\216"
  99      4691C498 
  99      80F2DECF 
  99      910B795F 
  99      6B8E
 100 0163 EDB4773B 		.ascii	"\355\264w;*\200q\026~\326\226\343\016Z\271$\275F\237"
 100      2A807116 
 100      7ED696E3 
 100      0E5AB924 
 100      BD469F
 101 0176 5D282929 		.ascii	"]())H\353+\006\353\0323\217$\333\032\"\355\342\307L"
 101      48EB2B06 
 101      EB1A338F 
 101      24DB1A22 
 101      EDE2C74C 
 102 018a F0AF6BB2 		.ascii	"\360\257k\262\213%\245/\251\316^\257\273@LpR\302]9\234"
 102      8B25A52F 
 102      A9CE5EAF 
 102      BB404C70 
 102      52C25D39 
 103 019f 442D4C0F 		.ascii	"D-L\017\016\033\002\036>\275\301\363\260\346\375\361"
 103      0E1B021E 
 103      3EBDC1F3 
 103      B0E6FDF1 
 104 01af 72B61E96 		.ascii	"r\266\036\226\263\\\262\270~\004\367\330\364Im\372\224"
 104      B35CB2B8 
 104      7E04F7D8 
 104      F4496DFA 
 104      94
 105 01c0 6B7A6FBA 		.ascii	"kzo\2726y@2n\352\316z;\356oj\307\026Lk;\340\202\342"
 105      36794032 
 105      6EEACE7A 
 105      3BEE6F6A 
 105      C7164C6B 
 106 01d8 81381274 		.ascii	"\2018\022t\217\331\310\004]\356\020\207\315\025\257"
 106      8FD9C804 
 106      5DEE1087 
 106      CD15AF
 107 01e7 9DD48C99 		.ascii	"\235\324\214\231U\354w_\032\337\"k8\013\1778\037\256"
 107      55EC775F 
 107      1ADF226B 
 107      380B7F38 
 107      1FAE
 108 01f9 725676FC 		.ascii	"rVv\374\027f\361\037\230\2174\246\372\2159#\230!*\303"
 108      1766F11F 
 108      988F34A6 
 108      FA8D3923 
 108      98212AC3 
 109 020d B267DAF5 		.ascii	"\262g\332\365\275\221\274x\310K\347\344;\333b\355\211"
 109      BD91BC78 
 109      C84BE7E4 
ARM GAS  C:\Users\Thomas\AppData\Local\Temp\ccLd0mlZ.s 			page 8


 109      3BDB62ED 
 109      89
 110 021e 6389EEC3 		.ascii	"c\211\356\303\307\023G\342\035]'\272;\023\261hG\327"
 110      C71347E2 
 110      1D5D27BA 
 110      3B13B168 
 110      47D7
 111 0230 C17DB1E8 		.ascii	"\301}\261\350\236\370\336x\364P['\375\002\330\\B\330"
 111      9EF8DE78 
 111      F4505B27 
 111      FD02D85C 
 111      42D8
 112              		.text
 113              		.section	.gnu.lto_P1_2_Wakeup.bb5cc887,"",%progbits
 114 0000 789C8D92 		.ascii	"x\234\215\222\317KTQ\024\307\317\367\336\347{\343\314"
 114      CF4B5451 
 114      14C7CFF7 
 114      DEE77BE3 
 114      CC
 115 0011 2CA295B8 		.ascii	",\242\225\270\230M\224\213\320\250\350/h\021\010\301"
 115      984D948B 
 115      D0A8E82F 
 115      681108C1 
 116 0021 84DB8121 		.ascii	"\204\333\201!l\266\011R\355\006\357\323)\\D\331 !\230"
 116      6CB60952 
 116      ED06EFD3 
 116      295C44D9 
 116      202198
 117 0034 D5A21FDA 		.ascii	"\325\242\037\332\2306V\226#\301C\242\205\213d(\013%"
 117      98365696 
 117      23C143A2 
 117      858B6428 
 117      0B25
 118 0046 6A6354BB 		.ascii	"jcT\273\246G\311Tf\347\334\351\227cA\017\356\257s\316"
 118      A647C954 
 118      66E7DCE9 
 118      9763410F 
 118      EEAF73CE 
 119 005a FD7E3F97 		.ascii	"\375~?\227w4m\376\366\362XRD\333yE\003A\015<&\362#J"
 119      77346DFE 
 119      F6F25852 
 119      44DB7945 
 119      03410D3C 
 120 0072 E952824C 		.ascii	"\351R\202L\324y\266\213L\\\303\251\205\035@6\004\352"
 120      D479B68B 
 120      4C5CC3A9 
 120      851D4036 
 120      04EA
 121 0084 51DA410F 		.ascii	"Q\332A\017\336\251\212\302@P\030\212\265\\5\306\274"
 121      DEA98AC2 
 121      4050188A 
 121      B55C35C6 
 121      BC
 122 0095 EF2D379D 		.ascii	"\357-7\235l\252\262^\250j\372\270\216\026\342\232Jn"
 122      6CAAB25E 
 122      A86AFAB8 
 122      8E16E29A 
ARM GAS  C:\Users\Thomas\AppData\Local\Temp\ccLd0mlZ.s 			page 9


 122      4A6E
 123 00a7 ED79CCCD 		.ascii	"\355y\314\315q\315\226Z\016\243p\301\353\344\326\300"
 123      71CD965A 
 123      0EA370C1 
 123      EBE4D6C0 
 124 00b7 ACAF870F 		.ascii	"\254\257\207\017\363\375;T\243CU\005\227'\345\311D\264"
 124      F3FD3B54 
 124      A3435505 
 124      9727E5C9 
 124      44B4
 125 00c9 C2431C5F 		.ascii	"\302C\034_\363\201W\275\214\336\351\312\302\241\015"
 125      F38157BD 
 125      8CDEE9CA 
 125      C2A10D
 126 00d8 82C160D4 		.ascii	"\202\301`\324\252\205\012\365N\030c5\302\015\270\253"
 126      AA850AF5 
 126      4E186335 
 126      C20DB8AB 
 127 00e8 CAE5DCC5 		.ascii	"\312\345\334\305'g&T\366\213\3517\221\252\322k\302\301"
 127      27672654 
 127      F68BE937 
 127      91AAD26B 
 127      C2C1
 128 00fa D1572B0B 		.ascii	"\321W+\013\345\310[\305\021{\034\365s\0270\202a\337"
 128      E5C85BC5 
 128      117B1CF5 
 128      73173082 
 128      61DF
 129 010c 48958302 		.ascii	"H\225\203\002\262\030G\263\315}\033?;\345\266\026X\374"
 129      B21847B3 
 129      CD7D1B3F 
 129      3BE5B616 
 129      58FC
 130 011e F2255D55 		.ascii	"\362%]U\015\270\311\225\037X\307:a\002\255\264\214\271"
 130      0DB8C995 
 130      1F58C73A 
 130      6102ADB4 
 130      8CB9
 131 0130 3CC45294 		.ascii	"<\304R\224g\206\307\264(\273\247\346}\343l0s\255\340"
 131      6786C7B4 
 131      28BBA7E6 
 131      7DE36C30 
 131      73ADE0
 132 0143 D7C5B930 		.ascii	"\327\305\2710&f\203>\233y\230D3n\211\031\212\254\314"
 132      2666833E 
 132      9B799844 
 132      336E8919 
 132      8AACCC
 133 0156 D4244F3E 		.ascii	"\324$O>\367\024\265Gx\377|D=\365\324&\352\235\302{\333"
 133      F714B547 
 133      78FF7C44 
 133      3DF5D426 
 133      EA9DC27B 
 134 016b F2E207EF 		.ascii	"\362\342\007\357\235:\336\362\203+',\333\371\237\270"
 134      9D3ADEF2 
 134      832B272C 
 134      DBF99FB8 
ARM GAS  C:\Users\Thomas\AppData\Local\Temp\ccLd0mlZ.s 			page 10


 135 017b 6F3E7EFA 		.ascii	"o>~\372\034\377\203\357\356/\276i\313\347Y\276\342\243"
 135      1CFF83EF 
 135      EE2FBE69 
 135      CBE759BE 
 135      E2A3
 136 018d BC27BF60 		.ascii	"\274'\277`U9\377\015x\357o\200\021\334\267\200\266C"
 136      5539FF0D 
 136      78EF6F80 
 136      11DCB780 
 136      B643
 137 019f 66986E11 		.ascii	"f\230n\021\271\245\276\304om\377\332\354iO\020\271w"
 137      B9A5BEC4 
 137      6F6DFFDA 
 137      EC694F10 
 137      B977
 138 01b1 5092EB24 		.ascii	"P\222\353$\335\241\251\224\320/\320\027\214\314\307"
 138      DDA1A994 
 138      D02FD017 
 138      8CCCC7
 139 01c0 A598EA31 		.ascii	"\245\230\3521\032C\321\304,\262\334XQ{\307\261\035\365"
 139      1A43D1C4 
 139      2CB2DC58 
 139      517BC7B1 
 139      1DF5
 140 01d2 127E506C 		.ascii	"\022~Pl\267wH\372\015\022\345\322mm\251\003\231\243"
 140      B77748FA 
 140      0D12E5D2 
 140      6D6DA903 
 140      99A3
 141 01e4 99EEC3C7 		.ascii	"\231\356\303\3072G\322\035]\307\273;3\251dG\327\376"
 141      3247D21D 
 141      5DC7BB3B 
 141      33A96447 
 141      D7FE
 142 01f6 7DA9E4EE 		.ascii	"}\251\344\356\364\236t\362`['}\007c\207\014\263"
 142      F49E74F2 
 142      605B277D 
 142      0763870C 
 142      B3
 143              		.text
 144              		.section	.gnu.lto_.symbol_nodes.bb5cc887,"",%progbits
 145 0000 789C55C8 		.ascii	"x\234U\310A\015\2000\020\005\321\351n\267A\020\332\270"
 145      410D8030 
 145      1005D1E9 
 145      6EB74110 
 145      DAB8
 146 0012 FE4A4001 		.ascii	"\376J@\001\251\011\034p\306\003\011:\010$p(s{\343\300"
 146      A9091C70 
 146      C603093A 
 146      08247028 
 146      737BE3C0 
 147 0026 C49725C1 		.ascii	"\304\227%\301\274\203\304\322\006\002\232\311\315\224"
 147      BC83C4D2 
 147      06029AC9 
 147      CD94
 148 0034 FA6D2EFB 		.ascii	"\372m.\3739\313{\247P~M\255\017\213\242\243{\260\035"
 148      39CB7BA7 
ARM GAS  C:\Users\Thomas\AppData\Local\Temp\ccLd0mlZ.s 			page 11


 148      507E4DAD 
 148      0F8BA2A3 
 148      7BB01D
 149 0047 57F25C38 		.ascii	"W\362\\8\327\221\033\317\310\035\246"
 149      D7911BCF 
 149      C81DA6
 150              		.text
 151              		.section	.gnu.lto_.refs.bb5cc887,"",%progbits
 152 0000 789C25C8 		.ascii	"x\234%\310\321\011\000 \014\304\320\244WA\\\304\375"
 152      D1090020 
 152      0CC4D0A4 
 152      57415CC4 
 152      FD
 153 0011 371469BE 		.ascii	"7\024i\276\036\011p\231\012-\355\372\300$\272t\353I"
 153      1E097099 
 153      0A2DEDFA 
 153      C024BA74 
 153      EB49
 154 0023 CFC2C503 		.ascii	"\317\302\305\003\015{\000w"
 154      0D7B0077 
 155              		.text
 156              		.section	.gnu.lto_.decls.bb5cc887,"",%progbits
 157 0000 789C8D54 		.ascii	"x\234\215TmL\223W\024~Oo\277[;3\0225\374j0!\333b\214"
 157      6D4C9357 
 157      147E4F6F 
 157      BF5B3B33 
 157      1235FC6A 
 158 0019 B88CB81F 		.ascii	"\270\214\270\037\313T\262\370\303liD\263\037\2220\304"
 158      CB54B2F8 
 158      C36C6944 
 158      B31F9230 
 158      C4
 159 002a 77CC4828 		.ascii	"w\314H(\343c\211\377.\260I\307\320!\231\322\241#u\340"
 159      E36389FF 
 159      2EB049C7 
 159      D02199D2 
 159      A12375E0 
 160 003e C40F2A60 		.ascii	"\304\017*`a\324\217Q@\031\037\202\210\014,L\204\002"
 160      61D48F51 
 160      40191F82 
 160      880C2C4C 
 160      8402
 161 0050 51A793EA 		.ascii	"Q\247\223\352\334T4\353\316\275\357[\373\326\200\363"
 161      DC5434EB 
 161      CEBDEF5B 
 161      FBD680F3 
 162 0060 26A7BDF7 		.ascii	"&\247\275\367\276\317y\316s\317=\367\020A\020< \010"
 162      BECF79CE 
 162      73CF3DF7 
 162      1041103C 
 162      2008
 163 0072 211C5774 		.ascii	"!\034Wt\202\020\207s\015\356\331\204\310\320\242\235"
 163      82108773 
 163      0DEED984 
 163      C8D0A29D 
 164 0082 4473A3D5 		.ascii	"Ds\243\325\24352\037\264f4\204\013\203B\364`X\235\314"
 164      A335321F 
ARM GAS  C:\Users\Thomas\AppData\Local\Temp\ccLd0mlZ.s 			page 12


 164      B4663484 
 164      0B8342F4 
 164      60589DCC 
 165 0096 6145BB86 		.ascii	"aE\273\2066\202\346G\273\214\326\211\246B\353F\353\223"
 165      3682E647 
 165      BB8CD689 
 165      A642EB46 
 165      EB93
 166 00a8 394E2EC0 		.ascii	"9N.\300\345~\201K\3111\2126<\017\227{\001.\246\335\""
 166      E57E814B 
 166      C9318A36 
 166      3C0F977B 
 166      012EA6DD 
 167 00bd 732D41BB 		.ascii	"s-A\273.sN\243\005\024\334\347\321f\320\216)\264\263"
 167      2E734EA3 
 167      0514DCE7 
 167      D166D08E 
 167      29B4B3
 168 00d0 7804AD47 		.ascii	"x\004\255G\021\213\310\234\236\227\350g\2712)b.t\006"
 168      118BC89C 
 168      9E97E867 
 168      B9322962 
 168      2E7406
 169 00e3 654CA288 		.ascii	"eL\242\210\321#\257\033\345s-\224\363\373*\360\272\037"
 169      D123AF1B 
 169      E5732D94 
 169      F3FB2AF0 
 169      BA1F
 170 00f5 F6996EA9 		.ascii	"\366\231n\251\300b\264\262\345\231\362.\247\026\227"
 170      C062B4B2 
 170      E599F22E 
 170      A71697
 171 0104 66A39A2D 		.ascii	"f\243\232-\317>\015\014\251\227\356\2478\312\212\350"
 171      CF3E0D0C 
 171      A997EEA7 
 171      38CA8AE8 
 172 0114 6235D896 		.ascii	"b5\330\226\300Q\210\205Z\210E\306c\260\024\177\267\252"
 172      C0518885 
 172      5A8845C6 
 172      63B0147F 
 172      B7AA
 173 0126 25A6C39E 		.ascii	"%\246\303\236\241\007*\242\0026\257vN\016\031W\034G"
 173      A1072AA2 
 173      0236AF76 
 173      4E0E1957 
 173      1C47
 174 0138 3707F50D 		.ascii	"7\007\365\015\250\"\341\312\372\357U\351\254Ut\242>"
 174      A822E1CA 
 174      FAEF55E9 
 174      AC5574A2 
 174      3E
 175 0149 E81DF29B 		.ascii	"\350\035\362\233i\027\365\205B\255\0248\031\034\007"
 175      6917F585 
 175      42AD1438 
 175      191C07
 176 0158 02276005 		.ascii	"\002'`\005\303\2629w\202\223`e\214\235w\275j\362\036"
 176      C3B23977 
ARM GAS  C:\Users\Thomas\AppData\Local\Temp\ccLd0mlZ.s 			page 13


 176      82936065 
 176      8C9D77BD 
 176      6AF21E
 177 016b 672F2998 		.ascii	"g/)\230=`\340$\256C\325\3320\005g\250S0\324\205\031"
 177      3D60E024 
 177      AE43D5DA 
 177      300567A8 
 177      5330D485 
 178 0180 DC9CA1AE 		.ascii	"\334\234\241\256v\340mb\343\004s\241oK,H\340\252w\371"
 178      76E06D62 
 178      E30473A1 
 178      6F4B2C48 
 178      E0AA77F9 
 179 0194 6582F7B9 		.ascii	"e\202\367\271\373)\205\373\251\260{=w\237*m\251\325"
 179      FB2985FB 
 179      A9B07B3D 
 179      779F2A6D 
 179      A9D5
 180 01a6 93ADDCBF 		.ascii	"\223\255\334\277\373KZ\247\221\374\035G\224\376\015"
 180      FB4B5AA7 
 180      91FC1D47 
 180      94FE0D
 181 01b5 0AFF86B0 		.ascii	"\012\377\206\260\177#\367\357\356\235\353\320\220\014"
 181      7F23F7EF 
 181      EE9DEBD0 
 181      900C
 182 01c3 EE5FDA51 		.ascii	"\356_\332Q\266\177\021;\000\015\336\236\012\254\371"
 182      B67F113B 
 182      000DDE9E 
 182      0AACF9
 183 01d2 9E1E2EA4 		.ascii	"\236\036.\244\377\206Br\026N+HN\207I<\234\244\246\271"
 183      FF864272 
 183      164E2B48 
 183      4E87493C 
 183      9CA4A6B9 
 184 01e6 E25D520E 		.ascii	"\342]R\016\234d\3223\270\227p\022\327\236\352\335V\205"
 184      9C64D233 
 184      B8977012 
 184      D79EEADD 
 184      5685
 185 01f8 8A260541 		.ascii	"\212&\005AS\230\240\231\023\334xt\243]\307\257{\025"
 185      5398A099 
 185      13DC7874 
 185      A35DC7AF 
 185      7B15
 186 020a E328FFAA 		.ascii	"\343(\377\252\245\305\302\257[\313\2265\356\326f\035"
 186      A5C5C2AF 
 186      5BCB9635 
 186      EED6661D 
 187 021a A992F887 		.ascii	"\251\222\370\207[\213\213\365\244AZ\024\374t\266\224"
 187      5B8B8BF5 
 187      A4415A14 
 187      FC74B694 
 188 022a F92D31F2 		.ascii	"\371-1\362k\334\333[\331F\3702\304>\253\374\376\357"
 188      6BDCDB5B 
 188      D946F832 
 188      C43EABFC 
ARM GAS  C:\Users\Thomas\AppData\Local\Temp\ccLd0mlZ.s 			page 14


 188      FEEF
 189 023c 9E1030C6 		.ascii	"\236\0200\306;(-\244\301rJ\226\011\260\"\026\336\214"
 189      3B282DA4 
 189      C1724A96 
 189      09B02216 
 189      DE8C
 190 024e 15E01788 		.ascii	"\025\340\027\210G\030\327\003g\261t\316a\351\324`a\004"
 190      4718D703 
 190      67B174CE 
 190      61E9D460 
 190      6104
 191 0260 672F1EDF 		.ascii	"g/\036\337XD\327\302y0\302\231\347\212y\004\271XZ\335"
 191      5844D7C2 
 191      7930C299 
 191      E78A7904 
 191      B9585ADD 
 192 0274 579D7A32 		.ascii	"W\235z2&)\350\015<\376\313\314\225/f\313\312\221\231"
 192      2629E80D 
 192      3CFECBCC 
 192      952F66CB 
 192      CA9199
 193 0287 87842B57 		.ascii	"\207\204+W\261\345\017\017\356\2353\220\233\321b\255"
 193      B1E50F0F 
 193      EE9D3390 
 193      9BD162AD 
 194 0297 92D88A3B 		.ascii	"\222\330\212;\217=z\276\014\205\010S\373t\312}T\013"
 194      8F3D7ABE 
 194      0C850853 
 194      FB74CA7D 
 194      540B
 195 02a9 F14626C3 		.ascii	"\361F&\303ub\021@'Jh\217H\260\312\022\370ih\021\325"
 195      75621140 
 195      274A688F 
 195      48B0CA12 
 195      F8696811 
 196 02be D45A04F0 		.ascii	"\324Z\004\360\241\3666\324\016\027\361@V\371@\035\270"
 196      A1F636D4 
 196      0E17F140 
 196      56F9401D 
 196      B8
 197 02cf 79013731 		.ascii	"y\00171\312\271\236\256\373:rOR\360\254\245\250HE\346"
 197      CAB99EAE 
 197      FB3A724F 
 197      52F0ACA5 
 197      A84845E6 
 198 02e3 F84273E1 		.ascii	"\370Bs\341r\323\0365\304\305\305\304\307\271\2201x\273"
 198      72D31E35 
 198      C4C5C5C4 
 198      C7B99031 
 198      78BB
 199 02f5 E8A0C549 		.ascii	"\350\240\305I]mR\334_1n/\304D\370\337`O\313\307\036"
 199      5D6D52DC 
 199      5F316E2F 
 199      C444F8DF 
 199      604FCBC7 
 200 030a 98C0E013 		.ascii	"\230\300\340\023\1774\247\370\012\010OS\253\214\225"
 200      7F34A7F8 
ARM GAS  C:\Users\Thomas\AppData\Local\Temp\ccLd0mlZ.s 			page 15


 200      0A084F53 
 200      AB8C95
 201 0319 53CB916F 		.ascii	"S\313\221o1\340>\376B)]\233#\300\317H\324\302\337'\203"
 201      31E03EFE 
 201      42295D9B 
 201      23C0CF48 
 201      D4C2DF27 
 202 032e A24CB884 		.ascii	"\242L\270\204\212{ \016\272\321\372 \216\237\215\235"
 202      8A7B200E 
 202      BAD1FA20 
 202      8E9F8D9D 
 203 033e 7DE2D66A 		.ascii	"}\342\326j=\003\011\341j\221\006\217\372g\313'\276B"
 203      3D0309E1 
 203      6A91068F 
 203      FA67CB27 
 203      BE42
 204 0350 C21576CD 		.ascii	"\302\025v\315\253\360(W\210\331<\370\3207h\206\370\030"
 204      ABF02857 
 204      88D93CF8 
 204      D0376886 
 204      F818
 205 0362 CEF8540B 		.ascii	"\316\370T\013p\031\261\336H6Y\000>\346\023\011\375\250"
 205      7019B1DE 
 205      48365900 
 205      3EE61309 
 205      FDA8
 206 0374 ED653A31 		.ascii	"\355e:1\231\365\015\3453&\262[\352,\2637\357\366\350"
 206      99F50DE5 
 206      3326B25B 
 206      EA2CB337 
 206      EFF6E8
 207 0387 123DD4E1 		.ascii	"\022=\324\341Z\306\0031<++\346\303n\243O\372gP\307\334"
 207      5AC60331 
 207      3C2B2BE6 
 207      C36EA34F 
 207      FA6750C7 
 208 039c 8F978CCB 		.ascii	"\217\227\214\313\017\343\035\007\275\327\356B\001u\341"
 208      0FE31D07 
 208      BDD7EE42 
 208      0175E1
 209 03ab 6DB237C2 		.ascii	"m\2627\302\035\007$\205\212t\015\260\247\002W Q\200"
 209      1D072485 
 209      8A740DB0 
 209      A7025720 
 209      5180
 210 03bd 4158CE7A 		.ascii	"AX\316zc\377\3308!\345R\340\240c\317\035\265\321\301"
 210      63FFD838 
 210      21E552E0 
 210      A063CF1D 
 210      B5D1C1
 211 03d0 EAE1154B 		.ascii	"\352\341\025KBUQw\275\022\344:\013\316\036i5wS\252\207"
 211      42555177 
 211      BD12E43A 
 211      0BCE1E69 
 211      357753AA 
 212 03e5 614CE9D5 		.ascii	"aL\351\325Hz\206 Rm\363P\3776\177\265\225\336\372\273"
 212      487A8620 
ARM GAS  C:\Users\Thomas\AppData\Local\Temp\ccLd0mlZ.s 			page 16


 212      526DF350 
 212      FF367FB5 
 212      95DEFABB 
 213 03f9 DA1456E3 		.ascii	"\332\024V\343x%\227c\355\336C&s\011\253i\354\345\206"
 213      78259763 
 213      EDDE4326 
 213      7309AB69 
 213      ECE586
 214 040c 2E0B8CA0 		.ascii	".\013\214\240\222H7\277\006f\336(\360\037\321#\365\007"
 214      924837BF 
 214      0666DE28 
 214      F01FD123 
 214      F507
 215 041e C7555168 		.ascii	"\307UQh\226\264\010\332/\243\375\034}d_'\211\002\017"
 215      96B408DA 
 215      2FA3FD1C 
 215      7D645F27 
 215      89020F
 216 0431 47518FCA 		.ascii	"GQ\217\312\340Q\016\2568\320{HG\234<\255\352\351'\343"
 216      E0510EAE 
 216      38D07B48 
 216      479C3CAD 
 216      EAE927E3 
 217 0445 8F74106B 		.ascii	"\217t\020k\210\217ubn\256\203A(\346=\244\260l\361\347"
 217      888F7562 
 217      6EAE8341 
 217      28E63DA4 
 217      B06CF1E7 
 218 0459 CF7BC838 		.ascii	"\317{\3108\236\210}\022\340w\344\274!w\020\0076\017"
 218      9E887D12 
 218      E077E4BC 
 218      21771007 
 218      360F
 219 046b DC8531B9 		.ascii	"\334\2051\271\305I\303\211\373\022\021\373\301p\264"
 219      C549C389 
 219      FB1211FB 
 219      C170B4
 220 047a E29B1A3D 		.ascii	"\342\233\032=\251\222n\261\351\237\022\357\")o\377\337"
 220      A9926EB1 
 220      E99F12EF 
 220      22296FFF 
 220      DF
 221 048b A6F00A87 		.ascii	"\246\360\012\207\372K\206\015Rc{\321cj\201\306\346z"
 221      FA4B860D 
 221      52637BD1 
 221      636A81C6 
 221      E67A
 222 049d 96A08700 		.ascii	"\226\240\207\000\236\177\"r\311\223\020\351j_\007*\373"
 222      9E7F2272 
 222      C99310E9 
 222      6A5F072A 
 222      FB
 223 04ae CC51C90A 		.ascii	"\314Q\311\012D%kZN\3264O\326\270\323W\242\216B\263\016"
 223      44256B5A 
 223      4ED6344F 
 223      D6B8D357 
 223      A28E42B3 
ARM GAS  C:\Users\Thomas\AppData\Local\Temp\ccLd0mlZ.s 			page 17


 224 04c3 1F41CF80 		.ascii	"\037A\317\2009\034\004\247\302k\266\204\324\325\251"
 224      391C04A7 
 224      C26BB684 
 224      D4D5A9
 225 04d2 C9695F88 		.ascii	"\311i_\210I\366\254Owdh7|\264\305\232$,_\231\262A\314"
 225      49F6AC4F 
 225      77646837 
 225      7CB4C59A 
 225      242C5F99 
 226 04e9 1273D2F2 		.ascii	"\022s\322\362\304\355\251\311\366\374\234t1\305\226"
 226      C4EDA9C9 
 226      F6FC9C74 
 226      31C596
 227 04f8 6C4F7A27 		.ascii	"lOz'\205\343m\037\256L\027^\347\323Mbn\236=G\3666Jl"
 227      85E36D1F 
 227      AE4C175E 
 227      E7D34D62 
 227      6E9E3D47 
 228 0510 99A2986D 		.ascii	"\231\242\230m\342\323\217\323v\212\371\331\006i;\317"
 228      E2D38FD3 
 228      768AF9D9 
 228      06693BCF 
 229 0520 9E6D7D29 		.ascii	"\236m})\357\312\317\004\311\355\203\254\264m\231\242"
 229      EFCACF04 
 229      C9ED83AC 
 229      B46D99A2 
 230 0530 1460FDBA 		.ascii	"\024`\375\272\244\215[l\251\311\2337mI\332\254\311\337"
 230      A48D5B6C 
 230      A9C99B37 
 230      6D49DAAC 
 230      C9DF
 231 0542 9195B766 		.ascii	"\221\225\267fau\351\273\362ve\213\271\214H\344\034\311"
 231      6175E9BB 
 231      F276658B 
 231      B98C48E4 
 231      1CC9
 232 0554 7908D232 		.ascii	"y\010\3222\257\204DS.\03639g\335\252MbFx\236\300\346"
 232      AF844453 
 232      2E1E3339 
 232      67DDAA4D 
 232      6246789E 
 233 056a 3CCEB6B4 		.ascii	"<\316\266\264\364\235\371\331\232\0341#!Q\223\272\336"
 233      F49DF9D9 
 233      9A1C3123 
 233      215193BA 
 233      DE
 234 057b 6ECF54E3 		.ascii	"n\317T\343|\315\1776d\343\250"
 234      7CCD7F36 
 234      64E3A8
 235              		.text
 236              		.section	.gnu.lto_.symtab.bb5cc887,"",%progbits
 237 0000 50315F32 		.ascii	"P1_2_SaveConfig\000\000\000\000\000\000\000\000\000"
 237      5F536176 
 237      65436F6E 
 237      66696700 
 237      00000000 
 238 0018 000000AC 		.ascii	"\000\000\000\254\000\000\000P1_2_RestoreConfig\000\000"
ARM GAS  C:\Users\Thomas\AppData\Local\Temp\ccLd0mlZ.s 			page 18


 238      00000050 
 238      315F325F 
 238      52657374 
 238      6F726543 
 239 0033 00000000 		.ascii	"\000\000\000\000\000\000\000\000\000\000\256\000\000"
 239      00000000 
 239      0000AE00 
 239      00
 240 0040 0050315F 		.ascii	"\000P1_2_Sleep\000\000\000\000\000\000\000\000\000\000"
 240      325F536C 
 240      65657000 
 240      00000000 
 240      00000000 
 241 0055 0000B000 		.ascii	"\000\000\260\000\000\000P1_2_Wakeup\000\000\000\000"
 241      00005031 
 241      5F325F57 
 241      616B6575 
 241      70000000 
 242 006a 00000000 		.ascii	"\000\000\000\000\000\000\000\000\262\000\000\000P1_"
 242      00000000 
 242      B2000000 
 242      50315F
 243 0079 325F5374 		.ascii	"2_Stop\000\000\002\000\000\000\000\000\000\000\000\000"
 243      6F700000 
 243      02000000 
 243      00000000 
 243      0000
 244 008b B4000000 		.ascii	"\264\000\000\000P1_2_Enable\000\000\002\000\000\000"
 244      50315F32 
 244      5F456E61 
 244      626C6500 
 244      00020000 
 245 00a0 00000000 		.ascii	"\000\000\000\000\000\000\266\000\000\000"
 245      0000B600 
 245      0000
 246              		.text
 247              		.section	.gnu.lto_.opts,"",%progbits
 248 0000 272D666E 		.ascii	"'-fno-trapv' '-mcpu=cortex-m3' '-mthumb' '-g' '-O3'"
 248      6F2D7472 
 248      61707627 
 248      20272D6D 
 248      6370753D 
 249 0033 20272D66 		.ascii	" '-ffunction-sections' '-finline-functions' '-flto'"
 249      66756E63 
 249      74696F6E 
 249      2D736563 
 249      74696F6E 
 250 0066 20272D66 		.ascii	" '-ffat-lto-objects'\000"
 250      6661742D 
 250      6C746F2D 
 250      6F626A65 
 250      63747327 
 251              		.text
 252              		.cfi_sections	.debug_frame
 253              		.section	.text.P1_2_SaveConfig,"ax",%progbits
 254              		.align	2
 255              		.global	P1_2_SaveConfig
ARM GAS  C:\Users\Thomas\AppData\Local\Temp\ccLd0mlZ.s 			page 19


 256              		.thumb
 257              		.thumb_func
 258              		.type	P1_2_SaveConfig, %function
 259              	P1_2_SaveConfig:
 260              	.LFB0:
 261              		.file 1 ".\\Generated_Source\\PSoC5\\P1_2_PM.c"
   1:.\Generated_Source\PSoC5/P1_2_PM.c **** /*******************************************************************************
   2:.\Generated_Source\PSoC5/P1_2_PM.c **** * File Name: P1_2_PM.c
   3:.\Generated_Source\PSoC5/P1_2_PM.c **** * Version 2.30
   4:.\Generated_Source\PSoC5/P1_2_PM.c **** *
   5:.\Generated_Source\PSoC5/P1_2_PM.c **** * Description:
   6:.\Generated_Source\PSoC5/P1_2_PM.c **** *  This file provides the API source code for sleep mode support for Shift
   7:.\Generated_Source\PSoC5/P1_2_PM.c **** *  Register component.
   8:.\Generated_Source\PSoC5/P1_2_PM.c **** *
   9:.\Generated_Source\PSoC5/P1_2_PM.c **** * Note:
  10:.\Generated_Source\PSoC5/P1_2_PM.c **** *
  11:.\Generated_Source\PSoC5/P1_2_PM.c **** ********************************************************************************
  12:.\Generated_Source\PSoC5/P1_2_PM.c **** * Copyright 2008-2013, Cypress Semiconductor Corporation.  All rights reserved.
  13:.\Generated_Source\PSoC5/P1_2_PM.c **** * You may use this file only in accordance with the license, terms, conditions,
  14:.\Generated_Source\PSoC5/P1_2_PM.c **** * disclaimers, and limitations in the end user license agreement accompanying
  15:.\Generated_Source\PSoC5/P1_2_PM.c **** * the software package with which this file was provided.
  16:.\Generated_Source\PSoC5/P1_2_PM.c **** *******************************************************************************/
  17:.\Generated_Source\PSoC5/P1_2_PM.c **** 
  18:.\Generated_Source\PSoC5/P1_2_PM.c **** #include "P1_2.h"
  19:.\Generated_Source\PSoC5/P1_2_PM.c **** 
  20:.\Generated_Source\PSoC5/P1_2_PM.c **** static P1_2_BACKUP_STRUCT P1_2_backup =
  21:.\Generated_Source\PSoC5/P1_2_PM.c **** {
  22:.\Generated_Source\PSoC5/P1_2_PM.c ****     P1_2_DISABLED,
  23:.\Generated_Source\PSoC5/P1_2_PM.c **** 
  24:.\Generated_Source\PSoC5/P1_2_PM.c ****     ((uint16) P1_2_DEFAULT_A0),
  25:.\Generated_Source\PSoC5/P1_2_PM.c ****     ((uint16) P1_2_DEFAULT_A1),
  26:.\Generated_Source\PSoC5/P1_2_PM.c **** 
  27:.\Generated_Source\PSoC5/P1_2_PM.c ****     #if(CY_UDB_V0)
  28:.\Generated_Source\PSoC5/P1_2_PM.c ****         ((uint16) P1_2_INT_SRC),
  29:.\Generated_Source\PSoC5/P1_2_PM.c ****     #endif /* (CY_UDB_V0) */
  30:.\Generated_Source\PSoC5/P1_2_PM.c **** };
  31:.\Generated_Source\PSoC5/P1_2_PM.c **** 
  32:.\Generated_Source\PSoC5/P1_2_PM.c **** 
  33:.\Generated_Source\PSoC5/P1_2_PM.c **** /*******************************************************************************
  34:.\Generated_Source\PSoC5/P1_2_PM.c **** * Function Name: P1_2_SaveConfig
  35:.\Generated_Source\PSoC5/P1_2_PM.c **** ********************************************************************************
  36:.\Generated_Source\PSoC5/P1_2_PM.c **** *
  37:.\Generated_Source\PSoC5/P1_2_PM.c **** * Summary:
  38:.\Generated_Source\PSoC5/P1_2_PM.c **** *  Saves Shift Register configuration.
  39:.\Generated_Source\PSoC5/P1_2_PM.c **** *
  40:.\Generated_Source\PSoC5/P1_2_PM.c **** * Parameters:
  41:.\Generated_Source\PSoC5/P1_2_PM.c **** *  None.
  42:.\Generated_Source\PSoC5/P1_2_PM.c **** *
  43:.\Generated_Source\PSoC5/P1_2_PM.c **** * Return:
  44:.\Generated_Source\PSoC5/P1_2_PM.c **** *  None.
  45:.\Generated_Source\PSoC5/P1_2_PM.c **** *
  46:.\Generated_Source\PSoC5/P1_2_PM.c **** * Reentrant:
  47:.\Generated_Source\PSoC5/P1_2_PM.c **** *  No.
  48:.\Generated_Source\PSoC5/P1_2_PM.c **** *
  49:.\Generated_Source\PSoC5/P1_2_PM.c **** *******************************************************************************/
  50:.\Generated_Source\PSoC5/P1_2_PM.c **** void P1_2_SaveConfig(void) 
  51:.\Generated_Source\PSoC5/P1_2_PM.c **** {
ARM GAS  C:\Users\Thomas\AppData\Local\Temp\ccLd0mlZ.s 			page 20


 262              		.loc 1 51 0
 263              		.cfi_startproc
 264              		@ args = 0, pretend = 0, frame = 0
 265              		@ frame_needed = 0, uses_anonymous_args = 0
 266              		@ link register save eliminated.
  52:.\Generated_Source\PSoC5/P1_2_PM.c ****     /* Store working registers A0 and A1 */
  53:.\Generated_Source\PSoC5/P1_2_PM.c ****     P1_2_backup.saveSrA0Reg   = CY_GET_REG16(P1_2_SHIFT_REG_LSB_PTR);
 267              		.loc 1 53 0
 268 0000 034B     		ldr	r3, .L2
  54:.\Generated_Source\PSoC5/P1_2_PM.c ****     P1_2_backup.saveSrA1Reg   = CY_GET_REG16(P1_2_SHIFT_REG_VALUE_LSB_PTR);
 269              		.loc 1 54 0
 270 0002 044A     		ldr	r2, .L2+4
  53:.\Generated_Source\PSoC5/P1_2_PM.c ****     P1_2_backup.saveSrA1Reg   = CY_GET_REG16(P1_2_SHIFT_REG_VALUE_LSB_PTR);
 271              		.loc 1 53 0
 272 0004 1988     		ldrh	r1, [r3]
 273 0006 044B     		ldr	r3, .L2+8
 274              		.loc 1 54 0
 275 0008 1288     		ldrh	r2, [r2]
  53:.\Generated_Source\PSoC5/P1_2_PM.c ****     P1_2_backup.saveSrA1Reg   = CY_GET_REG16(P1_2_SHIFT_REG_VALUE_LSB_PTR);
 276              		.loc 1 53 0
 277 000a 5980     		strh	r1, [r3, #2]	@ movhi
 278              		.loc 1 54 0
 279 000c 9A80     		strh	r2, [r3, #4]	@ movhi
 280 000e 7047     		bx	lr
 281              	.L3:
 282              		.align	2
 283              	.L2:
 284 0010 06650040 		.word	1073767686
 285 0014 16650040 		.word	1073767702
 286 0018 00000000 		.word	.LANCHOR0
 287              		.cfi_endproc
 288              	.LFE0:
 289              		.size	P1_2_SaveConfig, .-P1_2_SaveConfig
 290              		.section	.text.P1_2_RestoreConfig,"ax",%progbits
 291              		.align	2
 292              		.global	P1_2_RestoreConfig
 293              		.thumb
 294              		.thumb_func
 295              		.type	P1_2_RestoreConfig, %function
 296              	P1_2_RestoreConfig:
 297              	.LFB1:
  55:.\Generated_Source\PSoC5/P1_2_PM.c **** 
  56:.\Generated_Source\PSoC5/P1_2_PM.c ****     #if(CY_UDB_V0)
  57:.\Generated_Source\PSoC5/P1_2_PM.c ****         P1_2_backup.saveSrIntMask = P1_2_SR_STATUS_MASK;
  58:.\Generated_Source\PSoC5/P1_2_PM.c ****     #endif /* (CY_UDB_V0) */
  59:.\Generated_Source\PSoC5/P1_2_PM.c **** }
  60:.\Generated_Source\PSoC5/P1_2_PM.c **** 
  61:.\Generated_Source\PSoC5/P1_2_PM.c **** 
  62:.\Generated_Source\PSoC5/P1_2_PM.c **** /*******************************************************************************
  63:.\Generated_Source\PSoC5/P1_2_PM.c **** * Function Name: P1_2_RestoreConfig
  64:.\Generated_Source\PSoC5/P1_2_PM.c **** ********************************************************************************
  65:.\Generated_Source\PSoC5/P1_2_PM.c **** *
  66:.\Generated_Source\PSoC5/P1_2_PM.c **** * Summary:
  67:.\Generated_Source\PSoC5/P1_2_PM.c **** *  Restores Shift Register configuration.
  68:.\Generated_Source\PSoC5/P1_2_PM.c **** *
  69:.\Generated_Source\PSoC5/P1_2_PM.c **** * Parameters:
  70:.\Generated_Source\PSoC5/P1_2_PM.c **** *  None.
ARM GAS  C:\Users\Thomas\AppData\Local\Temp\ccLd0mlZ.s 			page 21


  71:.\Generated_Source\PSoC5/P1_2_PM.c **** *
  72:.\Generated_Source\PSoC5/P1_2_PM.c **** * Return:
  73:.\Generated_Source\PSoC5/P1_2_PM.c **** *  None.
  74:.\Generated_Source\PSoC5/P1_2_PM.c **** *
  75:.\Generated_Source\PSoC5/P1_2_PM.c **** *******************************************************************************/
  76:.\Generated_Source\PSoC5/P1_2_PM.c **** void P1_2_RestoreConfig(void) 
  77:.\Generated_Source\PSoC5/P1_2_PM.c **** {
 298              		.loc 1 77 0
 299              		.cfi_startproc
 300              		@ args = 0, pretend = 0, frame = 0
 301              		@ frame_needed = 0, uses_anonymous_args = 0
 302              		@ link register save eliminated.
  78:.\Generated_Source\PSoC5/P1_2_PM.c ****     /* Restore working registers A0 and A1 */
  79:.\Generated_Source\PSoC5/P1_2_PM.c ****     CY_SET_REG16(P1_2_SHIFT_REG_LSB_PTR, P1_2_backup.saveSrA0Reg);
 303              		.loc 1 79 0
 304 0000 034B     		ldr	r3, .L5
 305 0002 0449     		ldr	r1, .L5+4
  80:.\Generated_Source\PSoC5/P1_2_PM.c ****     CY_SET_REG16(P1_2_SHIFT_REG_VALUE_LSB_PTR, P1_2_backup.saveSrA1Reg);
 306              		.loc 1 80 0
 307 0004 9A88     		ldrh	r2, [r3, #4]
  79:.\Generated_Source\PSoC5/P1_2_PM.c ****     CY_SET_REG16(P1_2_SHIFT_REG_VALUE_LSB_PTR, P1_2_backup.saveSrA1Reg);
 308              		.loc 1 79 0
 309 0006 5888     		ldrh	r0, [r3, #2]
 310              		.loc 1 80 0
 311 0008 034B     		ldr	r3, .L5+8
  79:.\Generated_Source\PSoC5/P1_2_PM.c ****     CY_SET_REG16(P1_2_SHIFT_REG_VALUE_LSB_PTR, P1_2_backup.saveSrA1Reg);
 312              		.loc 1 79 0
 313 000a 0880     		strh	r0, [r1]	@ movhi
 314              		.loc 1 80 0
 315 000c 1A80     		strh	r2, [r3]	@ movhi
 316 000e 7047     		bx	lr
 317              	.L6:
 318              		.align	2
 319              	.L5:
 320 0010 00000000 		.word	.LANCHOR0
 321 0014 06650040 		.word	1073767686
 322 0018 16650040 		.word	1073767702
 323              		.cfi_endproc
 324              	.LFE1:
 325              		.size	P1_2_RestoreConfig, .-P1_2_RestoreConfig
 326              		.section	.text.P1_2_Sleep,"ax",%progbits
 327              		.align	2
 328              		.global	P1_2_Sleep
 329              		.thumb
 330              		.thumb_func
 331              		.type	P1_2_Sleep, %function
 332              	P1_2_Sleep:
 333              	.LFB2:
  81:.\Generated_Source\PSoC5/P1_2_PM.c **** 
  82:.\Generated_Source\PSoC5/P1_2_PM.c ****     #if(CY_UDB_V0)
  83:.\Generated_Source\PSoC5/P1_2_PM.c ****         P1_2_SR_STATUS_MASK = ((uint8) P1_2_backup.saveSrIntMask);
  84:.\Generated_Source\PSoC5/P1_2_PM.c ****     #endif /* (CY_UDB_V0) */
  85:.\Generated_Source\PSoC5/P1_2_PM.c **** }
  86:.\Generated_Source\PSoC5/P1_2_PM.c **** 
  87:.\Generated_Source\PSoC5/P1_2_PM.c **** 
  88:.\Generated_Source\PSoC5/P1_2_PM.c **** /*******************************************************************************
  89:.\Generated_Source\PSoC5/P1_2_PM.c **** * Function Name: P1_2_Sleep
ARM GAS  C:\Users\Thomas\AppData\Local\Temp\ccLd0mlZ.s 			page 22


  90:.\Generated_Source\PSoC5/P1_2_PM.c **** ********************************************************************************
  91:.\Generated_Source\PSoC5/P1_2_PM.c **** *
  92:.\Generated_Source\PSoC5/P1_2_PM.c **** * Summary:
  93:.\Generated_Source\PSoC5/P1_2_PM.c **** *  Prepare the component to enter a Sleep mode.
  94:.\Generated_Source\PSoC5/P1_2_PM.c **** *
  95:.\Generated_Source\PSoC5/P1_2_PM.c **** * Parameters:
  96:.\Generated_Source\PSoC5/P1_2_PM.c **** *  None.
  97:.\Generated_Source\PSoC5/P1_2_PM.c **** *
  98:.\Generated_Source\PSoC5/P1_2_PM.c **** * Return:
  99:.\Generated_Source\PSoC5/P1_2_PM.c **** *  None.
 100:.\Generated_Source\PSoC5/P1_2_PM.c **** *
 101:.\Generated_Source\PSoC5/P1_2_PM.c **** * Reentrant:
 102:.\Generated_Source\PSoC5/P1_2_PM.c **** *  No.
 103:.\Generated_Source\PSoC5/P1_2_PM.c **** *
 104:.\Generated_Source\PSoC5/P1_2_PM.c **** *******************************************************************************/
 105:.\Generated_Source\PSoC5/P1_2_PM.c **** void P1_2_Sleep(void) 
 106:.\Generated_Source\PSoC5/P1_2_PM.c **** {
 334              		.loc 1 106 0
 335              		.cfi_startproc
 336              		@ args = 0, pretend = 0, frame = 0
 337              		@ frame_needed = 0, uses_anonymous_args = 0
 338 0000 10B5     		push	{r4, lr}
 339              		.cfi_def_cfa_offset 8
 340              		.cfi_offset 4, -8
 341              		.cfi_offset 14, -4
 107:.\Generated_Source\PSoC5/P1_2_PM.c ****     P1_2_backup.enableState = ((uint8) P1_2_IS_ENABLED);
 342              		.loc 1 107 0
 343 0002 074B     		ldr	r3, .L9
 344 0004 074C     		ldr	r4, .L9+4
 345 0006 1B78     		ldrb	r3, [r3]	@ zero_extendqisi2
 346 0008 03F00103 		and	r3, r3, #1
 347 000c 2370     		strb	r3, [r4]
 108:.\Generated_Source\PSoC5/P1_2_PM.c **** 
 109:.\Generated_Source\PSoC5/P1_2_PM.c ****     P1_2_Stop();
 348              		.loc 1 109 0
 349 000e FFF7FEFF 		bl	P1_2_Stop
 350              	.LVL0:
 351              	.LBB6:
 352              	.LBB7:
  53:.\Generated_Source\PSoC5/P1_2_PM.c ****     P1_2_backup.saveSrA1Reg   = CY_GET_REG16(P1_2_SHIFT_REG_VALUE_LSB_PTR);
 353              		.loc 1 53 0
 354 0012 054A     		ldr	r2, .L9+8
  54:.\Generated_Source\PSoC5/P1_2_PM.c **** 
 355              		.loc 1 54 0
 356 0014 054B     		ldr	r3, .L9+12
  53:.\Generated_Source\PSoC5/P1_2_PM.c ****     P1_2_backup.saveSrA1Reg   = CY_GET_REG16(P1_2_SHIFT_REG_VALUE_LSB_PTR);
 357              		.loc 1 53 0
 358 0016 1288     		ldrh	r2, [r2]
  54:.\Generated_Source\PSoC5/P1_2_PM.c **** 
 359              		.loc 1 54 0
 360 0018 1B88     		ldrh	r3, [r3]
  53:.\Generated_Source\PSoC5/P1_2_PM.c ****     P1_2_backup.saveSrA1Reg   = CY_GET_REG16(P1_2_SHIFT_REG_VALUE_LSB_PTR);
 361              		.loc 1 53 0
 362 001a 6280     		strh	r2, [r4, #2]	@ movhi
  54:.\Generated_Source\PSoC5/P1_2_PM.c **** 
 363              		.loc 1 54 0
 364 001c A380     		strh	r3, [r4, #4]	@ movhi
ARM GAS  C:\Users\Thomas\AppData\Local\Temp\ccLd0mlZ.s 			page 23


 365 001e 10BD     		pop	{r4, pc}
 366              	.L10:
 367              		.align	2
 368              	.L9:
 369 0020 77650040 		.word	1073767799
 370 0024 00000000 		.word	.LANCHOR0
 371 0028 06650040 		.word	1073767686
 372 002c 16650040 		.word	1073767702
 373              	.LBE7:
 374              	.LBE6:
 375              		.cfi_endproc
 376              	.LFE2:
 377              		.size	P1_2_Sleep, .-P1_2_Sleep
 378              		.section	.text.P1_2_Wakeup,"ax",%progbits
 379              		.align	2
 380              		.global	P1_2_Wakeup
 381              		.thumb
 382              		.thumb_func
 383              		.type	P1_2_Wakeup, %function
 384              	P1_2_Wakeup:
 385              	.LFB3:
 110:.\Generated_Source\PSoC5/P1_2_PM.c ****     P1_2_SaveConfig();
 111:.\Generated_Source\PSoC5/P1_2_PM.c **** }
 112:.\Generated_Source\PSoC5/P1_2_PM.c **** 
 113:.\Generated_Source\PSoC5/P1_2_PM.c **** 
 114:.\Generated_Source\PSoC5/P1_2_PM.c **** /*******************************************************************************
 115:.\Generated_Source\PSoC5/P1_2_PM.c **** * Function Name: P1_2_Wakeup
 116:.\Generated_Source\PSoC5/P1_2_PM.c **** ********************************************************************************
 117:.\Generated_Source\PSoC5/P1_2_PM.c **** *
 118:.\Generated_Source\PSoC5/P1_2_PM.c **** * Summary:
 119:.\Generated_Source\PSoC5/P1_2_PM.c **** *  Restores and enables the user configuration.
 120:.\Generated_Source\PSoC5/P1_2_PM.c **** *
 121:.\Generated_Source\PSoC5/P1_2_PM.c **** * Parameters:
 122:.\Generated_Source\PSoC5/P1_2_PM.c **** *  None.
 123:.\Generated_Source\PSoC5/P1_2_PM.c **** *
 124:.\Generated_Source\PSoC5/P1_2_PM.c **** * Return:
 125:.\Generated_Source\PSoC5/P1_2_PM.c **** *  None.
 126:.\Generated_Source\PSoC5/P1_2_PM.c **** *
 127:.\Generated_Source\PSoC5/P1_2_PM.c **** *******************************************************************************/
 128:.\Generated_Source\PSoC5/P1_2_PM.c **** void P1_2_Wakeup(void) 
 129:.\Generated_Source\PSoC5/P1_2_PM.c **** {
 386              		.loc 1 129 0
 387              		.cfi_startproc
 388              		@ args = 0, pretend = 0, frame = 0
 389              		@ frame_needed = 0, uses_anonymous_args = 0
 390              		@ link register save eliminated.
 391 0000 10B4     		push	{r4}
 392              		.cfi_def_cfa_offset 4
 393              		.cfi_offset 4, -4
 394              	.LBB8:
 395              	.LBB9:
  79:.\Generated_Source\PSoC5/P1_2_PM.c ****     CY_SET_REG16(P1_2_SHIFT_REG_VALUE_LSB_PTR, P1_2_backup.saveSrA1Reg);
 396              		.loc 1 79 0
 397 0002 084B     		ldr	r3, .L16
 398 0004 0848     		ldr	r0, .L16+4
 399 0006 5C88     		ldrh	r4, [r3, #2]
  80:.\Generated_Source\PSoC5/P1_2_PM.c **** 
ARM GAS  C:\Users\Thomas\AppData\Local\Temp\ccLd0mlZ.s 			page 24


 400              		.loc 1 80 0
 401 0008 9988     		ldrh	r1, [r3, #4]
 402 000a 084A     		ldr	r2, .L16+8
  79:.\Generated_Source\PSoC5/P1_2_PM.c ****     CY_SET_REG16(P1_2_SHIFT_REG_VALUE_LSB_PTR, P1_2_backup.saveSrA1Reg);
 403              		.loc 1 79 0
 404 000c 0480     		strh	r4, [r0]	@ movhi
  80:.\Generated_Source\PSoC5/P1_2_PM.c **** 
 405              		.loc 1 80 0
 406 000e 1180     		strh	r1, [r2]	@ movhi
 407              	.LBE9:
 408              	.LBE8:
 130:.\Generated_Source\PSoC5/P1_2_PM.c ****     P1_2_RestoreConfig();
 131:.\Generated_Source\PSoC5/P1_2_PM.c **** 
 132:.\Generated_Source\PSoC5/P1_2_PM.c ****     if(0u != P1_2_backup.enableState)
 409              		.loc 1 132 0
 410 0010 1B78     		ldrb	r3, [r3]	@ zero_extendqisi2
 411 0012 13B9     		cbnz	r3, .L15
 133:.\Generated_Source\PSoC5/P1_2_PM.c ****     {
 134:.\Generated_Source\PSoC5/P1_2_PM.c ****         P1_2_Enable();
 135:.\Generated_Source\PSoC5/P1_2_PM.c ****     }
 136:.\Generated_Source\PSoC5/P1_2_PM.c **** }
 412              		.loc 1 136 0
 413 0014 5DF8044B 		ldr	r4, [sp], #4
 414              		.cfi_remember_state
 415              		.cfi_restore 4
 416              		.cfi_def_cfa_offset 0
 417 0018 7047     		bx	lr
 418              	.L15:
 419              		.cfi_restore_state
 420 001a 5DF8044B 		ldr	r4, [sp], #4
 421              		.cfi_restore 4
 422              		.cfi_def_cfa_offset 0
 134:.\Generated_Source\PSoC5/P1_2_PM.c ****     }
 423              		.loc 1 134 0
 424 001e FFF7FEBF 		b	P1_2_Enable
 425              	.LVL1:
 426              	.L17:
 427 0022 00BF     		.align	2
 428              	.L16:
 429 0024 00000000 		.word	.LANCHOR0
 430 0028 06650040 		.word	1073767686
 431 002c 16650040 		.word	1073767702
 432              		.cfi_endproc
 433              	.LFE3:
 434              		.size	P1_2_Wakeup, .-P1_2_Wakeup
 435              		.bss
 436              		.align	2
 437              		.set	.LANCHOR0,. + 0
 438              		.type	P1_2_backup, %object
 439              		.size	P1_2_backup, 6
 440              	P1_2_backup:
 441 0000 00000000 		.space	6
 441      0000
 442 0006 0000     		.text
 443              	.Letext0:
 444              		.file 2 ".\\Generated_Source\\PSoC5\\cytypes.h"
 445              		.file 3 ".\\Generated_Source\\PSoC5\\P1_2.h"
ARM GAS  C:\Users\Thomas\AppData\Local\Temp\ccLd0mlZ.s 			page 25


 446              		.section	.debug_info,"",%progbits
 447              	.Ldebug_info0:
 448 0000 9F010000 		.4byte	0x19f
 449 0004 0400     		.2byte	0x4
 450 0006 00000000 		.4byte	.Ldebug_abbrev0
 451 000a 04       		.byte	0x4
 452 000b 01       		.uleb128 0x1
 453 000c 60010000 		.4byte	.LASF27
 454 0010 01       		.byte	0x1
 455 0011 06000000 		.4byte	.LASF28
 456 0015 C4000000 		.4byte	.LASF29
 457 0019 00000000 		.4byte	.Ldebug_ranges0+0
 458 001d 00000000 		.4byte	0
 459 0021 00000000 		.4byte	.Ldebug_line0
 460 0025 02       		.uleb128 0x2
 461 0026 01       		.byte	0x1
 462 0027 06       		.byte	0x6
 463 0028 37020000 		.4byte	.LASF0
 464 002c 02       		.uleb128 0x2
 465 002d 01       		.byte	0x1
 466 002e 08       		.byte	0x8
 467 002f 7F000000 		.4byte	.LASF1
 468 0033 02       		.uleb128 0x2
 469 0034 02       		.byte	0x2
 470 0035 05       		.byte	0x5
 471 0036 0C020000 		.4byte	.LASF2
 472 003a 02       		.uleb128 0x2
 473 003b 02       		.byte	0x2
 474 003c 07       		.byte	0x7
 475 003d 35000000 		.4byte	.LASF3
 476 0041 02       		.uleb128 0x2
 477 0042 04       		.byte	0x4
 478 0043 05       		.byte	0x5
 479 0044 16020000 		.4byte	.LASF4
 480 0048 02       		.uleb128 0x2
 481 0049 04       		.byte	0x4
 482 004a 07       		.byte	0x7
 483 004b 92000000 		.4byte	.LASF5
 484 004f 02       		.uleb128 0x2
 485 0050 08       		.byte	0x8
 486 0051 05       		.byte	0x5
 487 0052 52010000 		.4byte	.LASF6
 488 0056 02       		.uleb128 0x2
 489 0057 08       		.byte	0x8
 490 0058 07       		.byte	0x7
 491 0059 32010000 		.4byte	.LASF7
 492 005d 03       		.uleb128 0x3
 493 005e 04       		.byte	0x4
 494 005f 05       		.byte	0x5
 495 0060 696E7400 		.ascii	"int\000"
 496 0064 02       		.uleb128 0x2
 497 0065 04       		.byte	0x4
 498 0066 07       		.byte	0x7
 499 0067 12010000 		.4byte	.LASF8
 500 006b 04       		.uleb128 0x4
 501 006c A4000000 		.4byte	.LASF9
 502 0070 02       		.byte	0x2
ARM GAS  C:\Users\Thomas\AppData\Local\Temp\ccLd0mlZ.s 			page 26


 503 0071 9201     		.2byte	0x192
 504 0073 2C000000 		.4byte	0x2c
 505 0077 04       		.uleb128 0x4
 506 0078 FF000000 		.4byte	.LASF10
 507 007c 02       		.byte	0x2
 508 007d 9301     		.2byte	0x193
 509 007f 3A000000 		.4byte	0x3a
 510 0083 02       		.uleb128 0x2
 511 0084 04       		.byte	0x4
 512 0085 04       		.byte	0x4
 513 0086 6E000000 		.4byte	.LASF11
 514 008a 02       		.uleb128 0x2
 515 008b 08       		.byte	0x8
 516 008c 04       		.byte	0x4
 517 008d BD000000 		.4byte	.LASF12
 518 0091 02       		.uleb128 0x2
 519 0092 01       		.byte	0x1
 520 0093 08       		.byte	0x8
 521 0094 07020000 		.4byte	.LASF13
 522 0098 04       		.uleb128 0x4
 523 0099 8D000000 		.4byte	.LASF14
 524 009d 02       		.byte	0x2
 525 009e 3C02     		.2byte	0x23c
 526 00a0 A4000000 		.4byte	0xa4
 527 00a4 05       		.uleb128 0x5
 528 00a5 6B000000 		.4byte	0x6b
 529 00a9 04       		.uleb128 0x4
 530 00aa 00000000 		.4byte	.LASF15
 531 00ae 02       		.byte	0x2
 532 00af 3D02     		.2byte	0x23d
 533 00b1 B5000000 		.4byte	0xb5
 534 00b5 05       		.uleb128 0x5
 535 00b6 77000000 		.4byte	0x77
 536 00ba 02       		.uleb128 0x2
 537 00bb 04       		.byte	0x4
 538 00bc 07       		.byte	0x7
 539 00bd 49010000 		.4byte	.LASF16
 540 00c1 06       		.uleb128 0x6
 541 00c2 06       		.byte	0x6
 542 00c3 03       		.byte	0x3
 543 00c4 30       		.byte	0x30
 544 00c5 EE000000 		.4byte	0xee
 545 00c9 07       		.uleb128 0x7
 546 00ca 1F020000 		.4byte	.LASF17
 547 00ce 03       		.byte	0x3
 548 00cf 32       		.byte	0x32
 549 00d0 6B000000 		.4byte	0x6b
 550 00d4 00       		.byte	0
 551 00d5 07       		.uleb128 0x7
 552 00d6 43020000 		.4byte	.LASF18
 553 00da 03       		.byte	0x3
 554 00db 34       		.byte	0x34
 555 00dc 77000000 		.4byte	0x77
 556 00e0 02       		.byte	0x2
 557 00e1 07       		.uleb128 0x7
 558 00e2 48000000 		.4byte	.LASF19
 559 00e6 03       		.byte	0x3
ARM GAS  C:\Users\Thomas\AppData\Local\Temp\ccLd0mlZ.s 			page 27


 560 00e7 35       		.byte	0x35
 561 00e8 77000000 		.4byte	0x77
 562 00ec 04       		.byte	0x4
 563 00ed 00       		.byte	0
 564 00ee 08       		.uleb128 0x8
 565 00ef AA000000 		.4byte	.LASF20
 566 00f3 03       		.byte	0x3
 567 00f4 3B       		.byte	0x3b
 568 00f5 C1000000 		.4byte	0xc1
 569 00f9 09       		.uleb128 0x9
 570 00fa 5E000000 		.4byte	.LASF21
 571 00fe 01       		.byte	0x1
 572 00ff 32       		.byte	0x32
 573 0100 01       		.byte	0x1
 574 0101 09       		.uleb128 0x9
 575 0102 1F010000 		.4byte	.LASF22
 576 0106 01       		.byte	0x1
 577 0107 4C       		.byte	0x4c
 578 0108 01       		.byte	0x1
 579 0109 0A       		.uleb128 0xa
 580 010a F9000000 		.4byte	0xf9
 581 010e 00000000 		.4byte	.LFB0
 582 0112 1C000000 		.4byte	.LFE0-.LFB0
 583 0116 01       		.uleb128 0x1
 584 0117 9C       		.byte	0x9c
 585 0118 0A       		.uleb128 0xa
 586 0119 01010000 		.4byte	0x101
 587 011d 00000000 		.4byte	.LFB1
 588 0121 1C000000 		.4byte	.LFE1-.LFB1
 589 0125 01       		.uleb128 0x1
 590 0126 9C       		.byte	0x9c
 591 0127 0B       		.uleb128 0xb
 592 0128 74000000 		.4byte	.LASF23
 593 012c 01       		.byte	0x1
 594 012d 69       		.byte	0x69
 595 012e 00000000 		.4byte	.LFB2
 596 0132 30000000 		.4byte	.LFE2-.LFB2
 597 0136 01       		.uleb128 0x1
 598 0137 9C       		.byte	0x9c
 599 0138 55010000 		.4byte	0x155
 600 013c 0C       		.uleb128 0xc
 601 013d F9000000 		.4byte	0xf9
 602 0141 12000000 		.4byte	.LBB6
 603 0145 1E000000 		.4byte	.LBE6-.LBB6
 604 0149 01       		.byte	0x1
 605 014a 6E       		.byte	0x6e
 606 014b 0D       		.uleb128 0xd
 607 014c 12000000 		.4byte	.LVL0
 608 0150 94010000 		.4byte	0x194
 609 0154 00       		.byte	0
 610 0155 0B       		.uleb128 0xb
 611 0156 29000000 		.4byte	.LASF24
 612 015a 01       		.byte	0x1
 613 015b 80       		.byte	0x80
 614 015c 00000000 		.4byte	.LFB3
 615 0160 30000000 		.4byte	.LFE3-.LFB3
 616 0164 01       		.uleb128 0x1
ARM GAS  C:\Users\Thomas\AppData\Local\Temp\ccLd0mlZ.s 			page 28


 617 0165 9C       		.byte	0x9c
 618 0166 83010000 		.4byte	0x183
 619 016a 0C       		.uleb128 0xc
 620 016b 01010000 		.4byte	0x101
 621 016f 02000000 		.4byte	.LBB8
 622 0173 0E000000 		.4byte	.LBE8-.LBB8
 623 0177 01       		.byte	0x1
 624 0178 82       		.byte	0x82
 625 0179 0E       		.uleb128 0xe
 626 017a 22000000 		.4byte	.LVL1
 627 017e 9B010000 		.4byte	0x19b
 628 0182 00       		.byte	0
 629 0183 0F       		.uleb128 0xf
 630 0184 2B020000 		.4byte	.LASF30
 631 0188 01       		.byte	0x1
 632 0189 14       		.byte	0x14
 633 018a EE000000 		.4byte	0xee
 634 018e 05       		.uleb128 0x5
 635 018f 03       		.byte	0x3
 636 0190 00000000 		.4byte	P1_2_backup
 637 0194 10       		.uleb128 0x10
 638 0195 54000000 		.4byte	.LASF25
 639 0199 03       		.byte	0x3
 640 019a 43       		.byte	0x43
 641 019b 10       		.uleb128 0x10
 642 019c 06010000 		.4byte	.LASF26
 643 01a0 03       		.byte	0x3
 644 01a1 45       		.byte	0x45
 645 01a2 00       		.byte	0
 646              		.section	.debug_abbrev,"",%progbits
 647              	.Ldebug_abbrev0:
 648 0000 01       		.uleb128 0x1
 649 0001 11       		.uleb128 0x11
 650 0002 01       		.byte	0x1
 651 0003 25       		.uleb128 0x25
 652 0004 0E       		.uleb128 0xe
 653 0005 13       		.uleb128 0x13
 654 0006 0B       		.uleb128 0xb
 655 0007 03       		.uleb128 0x3
 656 0008 0E       		.uleb128 0xe
 657 0009 1B       		.uleb128 0x1b
 658 000a 0E       		.uleb128 0xe
 659 000b 55       		.uleb128 0x55
 660 000c 17       		.uleb128 0x17
 661 000d 11       		.uleb128 0x11
 662 000e 01       		.uleb128 0x1
 663 000f 10       		.uleb128 0x10
 664 0010 17       		.uleb128 0x17
 665 0011 00       		.byte	0
 666 0012 00       		.byte	0
 667 0013 02       		.uleb128 0x2
 668 0014 24       		.uleb128 0x24
 669 0015 00       		.byte	0
 670 0016 0B       		.uleb128 0xb
 671 0017 0B       		.uleb128 0xb
 672 0018 3E       		.uleb128 0x3e
 673 0019 0B       		.uleb128 0xb
ARM GAS  C:\Users\Thomas\AppData\Local\Temp\ccLd0mlZ.s 			page 29


 674 001a 03       		.uleb128 0x3
 675 001b 0E       		.uleb128 0xe
 676 001c 00       		.byte	0
 677 001d 00       		.byte	0
 678 001e 03       		.uleb128 0x3
 679 001f 24       		.uleb128 0x24
 680 0020 00       		.byte	0
 681 0021 0B       		.uleb128 0xb
 682 0022 0B       		.uleb128 0xb
 683 0023 3E       		.uleb128 0x3e
 684 0024 0B       		.uleb128 0xb
 685 0025 03       		.uleb128 0x3
 686 0026 08       		.uleb128 0x8
 687 0027 00       		.byte	0
 688 0028 00       		.byte	0
 689 0029 04       		.uleb128 0x4
 690 002a 16       		.uleb128 0x16
 691 002b 00       		.byte	0
 692 002c 03       		.uleb128 0x3
 693 002d 0E       		.uleb128 0xe
 694 002e 3A       		.uleb128 0x3a
 695 002f 0B       		.uleb128 0xb
 696 0030 3B       		.uleb128 0x3b
 697 0031 05       		.uleb128 0x5
 698 0032 49       		.uleb128 0x49
 699 0033 13       		.uleb128 0x13
 700 0034 00       		.byte	0
 701 0035 00       		.byte	0
 702 0036 05       		.uleb128 0x5
 703 0037 35       		.uleb128 0x35
 704 0038 00       		.byte	0
 705 0039 49       		.uleb128 0x49
 706 003a 13       		.uleb128 0x13
 707 003b 00       		.byte	0
 708 003c 00       		.byte	0
 709 003d 06       		.uleb128 0x6
 710 003e 13       		.uleb128 0x13
 711 003f 01       		.byte	0x1
 712 0040 0B       		.uleb128 0xb
 713 0041 0B       		.uleb128 0xb
 714 0042 3A       		.uleb128 0x3a
 715 0043 0B       		.uleb128 0xb
 716 0044 3B       		.uleb128 0x3b
 717 0045 0B       		.uleb128 0xb
 718 0046 01       		.uleb128 0x1
 719 0047 13       		.uleb128 0x13
 720 0048 00       		.byte	0
 721 0049 00       		.byte	0
 722 004a 07       		.uleb128 0x7
 723 004b 0D       		.uleb128 0xd
 724 004c 00       		.byte	0
 725 004d 03       		.uleb128 0x3
 726 004e 0E       		.uleb128 0xe
 727 004f 3A       		.uleb128 0x3a
 728 0050 0B       		.uleb128 0xb
 729 0051 3B       		.uleb128 0x3b
 730 0052 0B       		.uleb128 0xb
ARM GAS  C:\Users\Thomas\AppData\Local\Temp\ccLd0mlZ.s 			page 30


 731 0053 49       		.uleb128 0x49
 732 0054 13       		.uleb128 0x13
 733 0055 38       		.uleb128 0x38
 734 0056 0B       		.uleb128 0xb
 735 0057 00       		.byte	0
 736 0058 00       		.byte	0
 737 0059 08       		.uleb128 0x8
 738 005a 16       		.uleb128 0x16
 739 005b 00       		.byte	0
 740 005c 03       		.uleb128 0x3
 741 005d 0E       		.uleb128 0xe
 742 005e 3A       		.uleb128 0x3a
 743 005f 0B       		.uleb128 0xb
 744 0060 3B       		.uleb128 0x3b
 745 0061 0B       		.uleb128 0xb
 746 0062 49       		.uleb128 0x49
 747 0063 13       		.uleb128 0x13
 748 0064 00       		.byte	0
 749 0065 00       		.byte	0
 750 0066 09       		.uleb128 0x9
 751 0067 2E       		.uleb128 0x2e
 752 0068 00       		.byte	0
 753 0069 3F       		.uleb128 0x3f
 754 006a 19       		.uleb128 0x19
 755 006b 03       		.uleb128 0x3
 756 006c 0E       		.uleb128 0xe
 757 006d 3A       		.uleb128 0x3a
 758 006e 0B       		.uleb128 0xb
 759 006f 3B       		.uleb128 0x3b
 760 0070 0B       		.uleb128 0xb
 761 0071 27       		.uleb128 0x27
 762 0072 19       		.uleb128 0x19
 763 0073 20       		.uleb128 0x20
 764 0074 0B       		.uleb128 0xb
 765 0075 00       		.byte	0
 766 0076 00       		.byte	0
 767 0077 0A       		.uleb128 0xa
 768 0078 2E       		.uleb128 0x2e
 769 0079 00       		.byte	0
 770 007a 31       		.uleb128 0x31
 771 007b 13       		.uleb128 0x13
 772 007c 11       		.uleb128 0x11
 773 007d 01       		.uleb128 0x1
 774 007e 12       		.uleb128 0x12
 775 007f 06       		.uleb128 0x6
 776 0080 40       		.uleb128 0x40
 777 0081 18       		.uleb128 0x18
 778 0082 9742     		.uleb128 0x2117
 779 0084 19       		.uleb128 0x19
 780 0085 00       		.byte	0
 781 0086 00       		.byte	0
 782 0087 0B       		.uleb128 0xb
 783 0088 2E       		.uleb128 0x2e
 784 0089 01       		.byte	0x1
 785 008a 3F       		.uleb128 0x3f
 786 008b 19       		.uleb128 0x19
 787 008c 03       		.uleb128 0x3
ARM GAS  C:\Users\Thomas\AppData\Local\Temp\ccLd0mlZ.s 			page 31


 788 008d 0E       		.uleb128 0xe
 789 008e 3A       		.uleb128 0x3a
 790 008f 0B       		.uleb128 0xb
 791 0090 3B       		.uleb128 0x3b
 792 0091 0B       		.uleb128 0xb
 793 0092 27       		.uleb128 0x27
 794 0093 19       		.uleb128 0x19
 795 0094 11       		.uleb128 0x11
 796 0095 01       		.uleb128 0x1
 797 0096 12       		.uleb128 0x12
 798 0097 06       		.uleb128 0x6
 799 0098 40       		.uleb128 0x40
 800 0099 18       		.uleb128 0x18
 801 009a 9742     		.uleb128 0x2117
 802 009c 19       		.uleb128 0x19
 803 009d 01       		.uleb128 0x1
 804 009e 13       		.uleb128 0x13
 805 009f 00       		.byte	0
 806 00a0 00       		.byte	0
 807 00a1 0C       		.uleb128 0xc
 808 00a2 1D       		.uleb128 0x1d
 809 00a3 00       		.byte	0
 810 00a4 31       		.uleb128 0x31
 811 00a5 13       		.uleb128 0x13
 812 00a6 11       		.uleb128 0x11
 813 00a7 01       		.uleb128 0x1
 814 00a8 12       		.uleb128 0x12
 815 00a9 06       		.uleb128 0x6
 816 00aa 58       		.uleb128 0x58
 817 00ab 0B       		.uleb128 0xb
 818 00ac 59       		.uleb128 0x59
 819 00ad 0B       		.uleb128 0xb
 820 00ae 00       		.byte	0
 821 00af 00       		.byte	0
 822 00b0 0D       		.uleb128 0xd
 823 00b1 898201   		.uleb128 0x4109
 824 00b4 00       		.byte	0
 825 00b5 11       		.uleb128 0x11
 826 00b6 01       		.uleb128 0x1
 827 00b7 31       		.uleb128 0x31
 828 00b8 13       		.uleb128 0x13
 829 00b9 00       		.byte	0
 830 00ba 00       		.byte	0
 831 00bb 0E       		.uleb128 0xe
 832 00bc 898201   		.uleb128 0x4109
 833 00bf 00       		.byte	0
 834 00c0 11       		.uleb128 0x11
 835 00c1 01       		.uleb128 0x1
 836 00c2 9542     		.uleb128 0x2115
 837 00c4 19       		.uleb128 0x19
 838 00c5 31       		.uleb128 0x31
 839 00c6 13       		.uleb128 0x13
 840 00c7 00       		.byte	0
 841 00c8 00       		.byte	0
 842 00c9 0F       		.uleb128 0xf
 843 00ca 34       		.uleb128 0x34
 844 00cb 00       		.byte	0
ARM GAS  C:\Users\Thomas\AppData\Local\Temp\ccLd0mlZ.s 			page 32


 845 00cc 03       		.uleb128 0x3
 846 00cd 0E       		.uleb128 0xe
 847 00ce 3A       		.uleb128 0x3a
 848 00cf 0B       		.uleb128 0xb
 849 00d0 3B       		.uleb128 0x3b
 850 00d1 0B       		.uleb128 0xb
 851 00d2 49       		.uleb128 0x49
 852 00d3 13       		.uleb128 0x13
 853 00d4 02       		.uleb128 0x2
 854 00d5 18       		.uleb128 0x18
 855 00d6 00       		.byte	0
 856 00d7 00       		.byte	0
 857 00d8 10       		.uleb128 0x10
 858 00d9 2E       		.uleb128 0x2e
 859 00da 00       		.byte	0
 860 00db 3F       		.uleb128 0x3f
 861 00dc 19       		.uleb128 0x19
 862 00dd 03       		.uleb128 0x3
 863 00de 0E       		.uleb128 0xe
 864 00df 3A       		.uleb128 0x3a
 865 00e0 0B       		.uleb128 0xb
 866 00e1 3B       		.uleb128 0x3b
 867 00e2 0B       		.uleb128 0xb
 868 00e3 27       		.uleb128 0x27
 869 00e4 19       		.uleb128 0x19
 870 00e5 3C       		.uleb128 0x3c
 871 00e6 19       		.uleb128 0x19
 872 00e7 00       		.byte	0
 873 00e8 00       		.byte	0
 874 00e9 00       		.byte	0
 875              		.section	.debug_aranges,"",%progbits
 876 0000 34000000 		.4byte	0x34
 877 0004 0200     		.2byte	0x2
 878 0006 00000000 		.4byte	.Ldebug_info0
 879 000a 04       		.byte	0x4
 880 000b 00       		.byte	0
 881 000c 0000     		.2byte	0
 882 000e 0000     		.2byte	0
 883 0010 00000000 		.4byte	.LFB0
 884 0014 1C000000 		.4byte	.LFE0-.LFB0
 885 0018 00000000 		.4byte	.LFB1
 886 001c 1C000000 		.4byte	.LFE1-.LFB1
 887 0020 00000000 		.4byte	.LFB2
 888 0024 30000000 		.4byte	.LFE2-.LFB2
 889 0028 00000000 		.4byte	.LFB3
 890 002c 30000000 		.4byte	.LFE3-.LFB3
 891 0030 00000000 		.4byte	0
 892 0034 00000000 		.4byte	0
 893              		.section	.debug_ranges,"",%progbits
 894              	.Ldebug_ranges0:
 895 0000 00000000 		.4byte	.LFB0
 896 0004 1C000000 		.4byte	.LFE0
 897 0008 00000000 		.4byte	.LFB1
 898 000c 1C000000 		.4byte	.LFE1
 899 0010 00000000 		.4byte	.LFB2
 900 0014 30000000 		.4byte	.LFE2
 901 0018 00000000 		.4byte	.LFB3
ARM GAS  C:\Users\Thomas\AppData\Local\Temp\ccLd0mlZ.s 			page 33


 902 001c 30000000 		.4byte	.LFE3
 903 0020 00000000 		.4byte	0
 904 0024 00000000 		.4byte	0
 905              		.section	.debug_line,"",%progbits
 906              	.Ldebug_line0:
 907 0000 B6000000 		.section	.debug_str,"MS",%progbits,1
 907      02005000 
 907      00000201 
 907      FB0E0D00 
 907      01010101 
 908              	.LASF15:
 909 0000 72656731 		.ascii	"reg16\000"
 909      3600
 910              	.LASF28:
 911 0006 2E5C4765 		.ascii	".\\Generated_Source\\PSoC5\\P1_2_PM.c\000"
 911      6E657261 
 911      7465645F 
 911      536F7572 
 911      63655C50 
 912              	.LASF24:
 913 0029 50315F32 		.ascii	"P1_2_Wakeup\000"
 913      5F57616B 
 913      65757000 
 914              	.LASF3:
 915 0035 73686F72 		.ascii	"short unsigned int\000"
 915      7420756E 
 915      7369676E 
 915      65642069 
 915      6E7400
 916              	.LASF19:
 917 0048 73617665 		.ascii	"saveSrA1Reg\000"
 917      53724131 
 917      52656700 
 918              	.LASF25:
 919 0054 50315F32 		.ascii	"P1_2_Stop\000"
 919      5F53746F 
 919      7000
 920              	.LASF21:
 921 005e 50315F32 		.ascii	"P1_2_SaveConfig\000"
 921      5F536176 
 921      65436F6E 
 921      66696700 
 922              	.LASF11:
 923 006e 666C6F61 		.ascii	"float\000"
 923      7400
 924              	.LASF23:
 925 0074 50315F32 		.ascii	"P1_2_Sleep\000"
 925      5F536C65 
 925      657000
 926              	.LASF1:
 927 007f 756E7369 		.ascii	"unsigned char\000"
 927      676E6564 
 927      20636861 
 927      7200
 928              	.LASF14:
 929 008d 72656738 		.ascii	"reg8\000"
 929      00
ARM GAS  C:\Users\Thomas\AppData\Local\Temp\ccLd0mlZ.s 			page 34


 930              	.LASF5:
 931 0092 6C6F6E67 		.ascii	"long unsigned int\000"
 931      20756E73 
 931      69676E65 
 931      6420696E 
 931      7400
 932              	.LASF9:
 933 00a4 75696E74 		.ascii	"uint8\000"
 933      3800
 934              	.LASF20:
 935 00aa 50315F32 		.ascii	"P1_2_BACKUP_STRUCT\000"
 935      5F424143 
 935      4B55505F 
 935      53545255 
 935      435400
 936              	.LASF12:
 937 00bd 646F7562 		.ascii	"double\000"
 937      6C6500
 938              	.LASF29:
 939 00c4 433A5C55 		.ascii	"C:\\Users\\Thomas\\Documents\\PSoC Creator\\TASBot\\"
 939      73657273 
 939      5C54686F 
 939      6D61735C 
 939      446F6375 
 940 00f2 54415342 		.ascii	"TASBot.cydsn\000"
 940      6F742E63 
 940      7964736E 
 940      00
 941              	.LASF10:
 942 00ff 75696E74 		.ascii	"uint16\000"
 942      313600
 943              	.LASF26:
 944 0106 50315F32 		.ascii	"P1_2_Enable\000"
 944      5F456E61 
 944      626C6500 
 945              	.LASF8:
 946 0112 756E7369 		.ascii	"unsigned int\000"
 946      676E6564 
 946      20696E74 
 946      00
 947              	.LASF22:
 948 011f 50315F32 		.ascii	"P1_2_RestoreConfig\000"
 948      5F526573 
 948      746F7265 
 948      436F6E66 
 948      696700
 949              	.LASF7:
 950 0132 6C6F6E67 		.ascii	"long long unsigned int\000"
 950      206C6F6E 
 950      6720756E 
 950      7369676E 
 950      65642069 
 951              	.LASF16:
 952 0149 73697A65 		.ascii	"sizetype\000"
 952      74797065 
 952      00
 953              	.LASF6:
ARM GAS  C:\Users\Thomas\AppData\Local\Temp\ccLd0mlZ.s 			page 35


 954 0152 6C6F6E67 		.ascii	"long long int\000"
 954      206C6F6E 
 954      6720696E 
 954      7400
 955              	.LASF27:
 956 0160 474E5520 		.ascii	"GNU C 4.9.3 20150303 (release) [ARM/embedded-4_9-br"
 956      4320342E 
 956      392E3320 
 956      32303135 
 956      30333033 
 957 0193 616E6368 		.ascii	"anch revision 221220] -mcpu=cortex-m3 -mthumb -g -O"
 957      20726576 
 957      6973696F 
 957      6E203232 
 957      31323230 
 958 01c6 33202D66 		.ascii	"3 -ffunction-sections -finline-functions -flto -ffa"
 958      66756E63 
 958      74696F6E 
 958      2D736563 
 958      74696F6E 
 959 01f9 742D6C74 		.ascii	"t-lto-objects\000"
 959      6F2D6F62 
 959      6A656374 
 959      7300
 960              	.LASF13:
 961 0207 63686172 		.ascii	"char\000"
 961      00
 962              	.LASF2:
 963 020c 73686F72 		.ascii	"short int\000"
 963      7420696E 
 963      7400
 964              	.LASF4:
 965 0216 6C6F6E67 		.ascii	"long int\000"
 965      20696E74 
 965      00
 966              	.LASF17:
 967 021f 656E6162 		.ascii	"enableState\000"
 967      6C655374 
 967      61746500 
 968              	.LASF30:
 969 022b 50315F32 		.ascii	"P1_2_backup\000"
 969      5F626163 
 969      6B757000 
 970              	.LASF0:
 971 0237 7369676E 		.ascii	"signed char\000"
 971      65642063 
 971      68617200 
 972              	.LASF18:
 973 0243 73617665 		.ascii	"saveSrA0Reg\000"
 973      53724130 
 973      52656700 
 974              		.comm	__gnu_lto_v1,1,1
 975              		.ident	"GCC: (GNU Tools for ARM Embedded Processors) 4.9.3 20150303 (release) [ARM/embedded-4_9-br
