ARM GAS  C:\Users\Thomas\AppData\Local\Temp\ccWdqZQs.s 			page 1


   1              		.syntax unified
   2              		.cpu cortex-m3
   3              		.fpu softvfp
   4              		.eabi_attribute 20, 1
   5              		.eabi_attribute 21, 1
   6              		.eabi_attribute 23, 3
   7              		.eabi_attribute 24, 1
   8              		.eabi_attribute 25, 1
   9              		.eabi_attribute 26, 1
  10              		.eabi_attribute 30, 2
  11              		.eabi_attribute 34, 1
  12              		.eabi_attribute 18, 4
  13              		.thumb
  14              		.file	"P1_D0.c"
  15              		.text
  16              	.Ltext0:
  17              		.section	.gnu.lto_.profile.be9c7fff,"",%progbits
  18 0000 789C6366 		.ascii	"x\234cf```a\200\000F\0061!\000\000\262\0001"
  18      60606061 
  18      80004606 
  18      31210000 
  18      B20031
  19              		.text
  20              		.section	.gnu.lto_.jmpfuncs.be9c7fff,"",%progbits
  21 0000 789C6366 		.ascii	"x\234cf\300\016\204\2404\013\003##c=#\210`b``\006\212"
  21      C00E84A0 
  21      340B0323 
  21      23633D23 
  21      88606260 
  22 0017 00000DC0 		.ascii	"\000\000\015\300\001$"
  22      0124
  23              		.text
  24              		.section	.gnu.lto_.inline.be9c7fff,"",%progbits
  25 0000 789C6366 		.ascii	"x\234cf\300\016\022\2404\013\003\003\007;##\003#\003"
  25      C00E12A0 
  25      340B0303 
  25      073B2323 
  25      032303
  26 0013 0333C701 		.ascii	"\0033\307\001;\006\266\005\362L\014L\027\370Y@\222\214"
  26      3B06B605 
  26      F24C0C4C 
  26      17F85940 
  26      928C
  27 0025 78E49818 		.ascii	"x\344\230\030XY\030\031\230X\026\310C\304\201\200\031"
  27      58591819 
  27      985816C8 
  27      43C48180 
  27      19
  28 0036 53880100 		.ascii	"S\210\001\000\322\320\011("
  28      D2D00928 
  29              		.text
  30              		.section	.gnu.lto_.pureconst.be9c7fff,"",%progbits
  31 0000 789C6366 		.ascii	"x\234cf``\340d\200\000\026\006)F)&)f)\000\002\305\000"
  31      6060E064 
  31      80001606 
  31      29462926 
  31      29662900 
ARM GAS  C:\Users\Thomas\AppData\Local\Temp\ccWdqZQs.s 			page 2


  32 0017 7F       		.ascii	"\177"
  33              		.text
  34              		.section	.gnu.lto_P1_D0_Write.be9c7fff,"",%progbits
  35 0000 789C6591 		.ascii	"x\234e\221MH\033A\024\307\337\177f7\011Zj\361\230\233"
  35      4D481B41 
  35      14C7DF7F 
  35      6637095A 
  35      6AF1989B 
  36 0014 58911691 		.ascii	"X\221\026\221\026\364^T\360\032\360\032\220\020\367"
  36      16F45E54 
  36      F01AF01A 
  36      9010F7
  37 0023 2048058D 		.ascii	" H\005\215^\235\325\340\241 \250\024\024\305\242\210"
  37      5E9DD5E0 
  37      A120A814 
  37      14C5A288 
  38 0033 9FB17E23 		.ascii	"\237\261~#\275\010[\221^J\225\\*X\261-\244\255\336\014"
  38      BD085B91 
  38      5E4A955C 
  38      2A58B12D 
  38      A4ADDE0C 
  39 0047 297ED6C4 		.ascii	")~\326\3047;\027\245\003\2633\373\370\377\336\373\277"
  39      373B17A5 
  39      03B333FB 
  39      F8FFDEFB 
  39      BF
  40 0058 3792FE5F 		.ascii	"7\222\376_a\336y\020\325\360\011I\020\203{DnH\000\372"
  40      61DE7910 
  40      D5F00949 
  40      10837B44 
  40      6E4800FA 
  41 006c 42A01E81 		.ascii	"B\240\036\201\036\234\212\254\300\240\227\032-\256\234"
  41      1E9C8AAC 
  41      C0A0971A 
  41      2DAE9C
  42 007b 514A9D0D 		.ascii	"QJ\235\015\357\273\021\017W\202('L\036\314\241\2225"
  42      EFBB110F 
  42      57822827 
  42      4C1ECCA1 
  42      9235
  43 008d B9947A2B 		.ascii	"\271\224z+\345S\020\337W\323_\362\301\212i\245z\275"
  43      E55310DF 
  43      57D35FF2 
  43      C18A69A5 
  43      7ABD
  44 009f 0FCBEA15 		.ascii	"\017\313\352\025\313\201yH&P\025\306\2630q\200\260\200"
  44      CB817948 
  44      265015C6 
  44      B3307180 
  44      B080
  45 00b1 0A2D5E1F 		.ascii	"\012-^\037\330\335\022\362\271\017N}\376\271\373\250"
  45      D8DD12F2 
  45      B90F4E7D 
  45      FEB9FBA8 
  46 00c1 7C8AC11F 		.ascii	"|\212\301\0377[Q\317\235T\371B\301\307\027\357\343f"
  46      375B51CF 
  46      9D54F942 
ARM GAS  C:\Users\Thomas\AppData\Local\Temp\ccWdqZQs.s 			page 3


  46      C1C717EF 
  46      E366
  47 00d3 B13E9BBC 		.ascii	"\261>\233\274=(\016$\331\330\023\244Pn<a\011\001\356"
  47      3D280E24 
  47      D9D813A4 
  47      506E3C61 
  47      0901EE
  48 00e6 0B3AB252 		.ascii	"\013:\262R\352\251Bac\373\3435B\202\313\012n\224\303"
  48      EAA94261 
  48      63FBE335 
  48      4282CB0A 
  48      6E94C3
  49 00f9 1674755B 		.ascii	"\026tu[\007\002\372C\224\341\255\373\376\305?|\312C"
  49      0702FA43 
  49      94E1ADFB 
  49      FEC53F7C 
  49      CA43
  50 010b EC9CBF39 		.ascii	"\354\234\2779\036\011\352d\027B\017!\333\377i[\236\210"
  50      1E09EA64 
  50      17420F21 
  50      DBFF695B 
  50      9E88
  51 011d 2B21BD69 		.ascii	"+!\275iWY\272\374\367\314~:\344\207|7\271oG\377\202"
  51      5759BAFC 
  51      F7CC7E3A 
  51      E4877C37 
  51      B96F47FF 
  52 0132 13187793 		.ascii	"\023\030w\223l\331\302{\204\261\014v\213\025L\200\016"
  52      6CD9C27B 
  52      84B10C76 
  52      8B154C80 
  52      0E
  53 0143 D177D97F 		.ascii	"\321w\331\177\004\223P\232\234CC\233\357\036\353\004"
  53      0493509A 
  53      9C43439B 
  53      EF1EEB04 
  54 0153 E097C02A 		.ascii	"\340\227\300*\213\277B\370\376\331$\253\014\364\373"
  54      8BBF42F8 
  54      FED924AB 
  54      0CF4FB
  55 0162 8F34947D 		.ascii	"\2174\224}!,\246\322c\263}%\232\262\030Zc\210U\177\003"
  55      212CA6D2 
  55      63B37D25 
  55      9AB2185A 
  55      6388557F 
  56 0177 4662541A 		.ascii	"FbT\032\334\031\366k=\360\345z\366Cg\353\354\214!:\206"
  56      DC19F66B 
  56      3DF0E57A 
  56      F64367EB 
  56      EC8C213A 
  57 018c EBDDD85A 		.ascii	"\353\335\330Z\257'\233\341\347\341!\360H\312\252\243"
  57      AF279BE1 
  57      E7E121F0 
  57      48CAAAA3 
  58 019c 8DCE6BA7 		.ascii	"\215\316k\247#\226pZ\232\233\332\273:\342N4\322\324"
  58      2396705A 
  58      9A9BDABB 
ARM GAS  C:\Users\Thomas\AppData\Local\Temp\ccWdqZQs.s 			page 4


  58      3AE24E34 
  58      D2D4
  59 01ae 5E5F1B8D 		.ascii	"^_\033\215\274lnxQ\035'\273;\326\326\345\024u&b\211"
  59      BC6C6E78 
  59      511D27BB 
  59      3BD6D6E5 
  59      14752662 
  60 01c3 D6785D6B 		.ascii	"\326x]k\242\363\016\363\375\300\263"
  60      A2F30EF3 
  60      FDC0B3
  61              		.text
  62              		.section	.gnu.lto_P1_D0_SetDriveMode.be9c7fff,"",%progbits
  63 0000 789C7D51 		.ascii	"x\234}QKHBA\024\275g\346\3513\244\210V\342.(,\010\253"
  63      4B484241 
  63      14BD67E6 
  63      E933A488 
  63      56E22E28 
  64 0017 45FBA0A8 		.ascii	"E\373\240\250m\340V\220\250\267,!j\335\230\266i\225"
  64      6DE05690 
  64      A8B72C21 
  64      6ADD98B6 
  64      6995
  65 0029 AD8208A2 		.ascii	"\255\202\010\242\210\376\032D\264L\242\235P\330\306"
  65      88FE1A44 
  65      B44CA29D 
  65      50D8C6
  66 0038 0AFA2CEC 		.ascii	"\012\372,\354cP$E%!v\347\331B\010\032\336\334\271\347"
  66      63502445 
  66      252176E7 
  66      D942081A 
  66      DEDCB9E7 
  67 004c 72CE7977 		.ascii	"r\316yw\356H\372\273\274\274\237@\324\302'$A\314\236"
  67      EE48FABB 
  67      BCBC9F40 
  67      D4C22724 
  67      41CC9E
  68 005f 10455C02 		.ascii	"\020E\\\002\320\011\201&\005&\221\027\005\201\331\324"
  68      D0098126 
  68      05269117 
  68      0581D9D4 
  69 006f D6BCDBB7 		.ascii	"\326\274\333\267\252\224z]>\360L{\212\202\350MTl\260"
  69      AA947A5D 
  69      3EF04C7B 
  69      8A82E84D 
  69      546CB0
  70 0082 061F531E 		.ascii	"\006\037S\036\212\371\265Z\331\004\342\274\024\317\236"
  70      8AF9B55A 
  70      D904E2BC 
  70      14CF9E
  71 0091 89E615A5 		.ascii	"\211\346\025\245\246R\207\011\325\215\"{\256C\262\002"
  71      A6528709 
  71      D58D227B 
  71      AE43B202 
  72 00a1 6D5EB47A 		.ascii	"m^\264z\211\013\204\0154kr!V\312\272\2351\366\256\257"
  72      890B840D 
  72      346B7221 
  72      56CABA9D 
ARM GAS  C:\Users\Thomas\AppData\Local\Temp\ccWdqZQs.s 			page 5


  72      31F6AEAF 
  73 00b5 7862134E 		.ascii	"xb\023Nn\213\222\015)U.\277]\305\327\333\341\026\254"
  73      6E8B920D 
  73      29552EBF 
  73      5DC5D7DB 
  73      E116AC
  74 00c8 11928334 		.ascii	"\021\222\2034tp@\313\235:5up\351P\2439D9\336\372\006"
  74      747040CB 
  74      9D3A3575 
  74      70E950A3 
  74      394439DE 
  75 00de 770CF894 		.ascii	"w\014\370\224\2278\372\230\271_0\264\357\247\320\327"
  75      9738FA98 
  75      B95F30B4 
  75      EFA7D0D7 
  76 00ee 51E96CA6 		.ascii	"Q\351l\246\366Q\024\205q\273\024Q\206\356\342&w\232"
  76      F6511485 
  76      71BB1451 
  76      86EEE226 
  76      779A
  77 0100 71D925D2 		.ascii	"q\331%\3220\027=\3377\027\261\020\211q\363\016l\301"
  77      30173DDF 
  77      3717B110 
  77      8971F30E 
  77      6CC1
  78 0112 8B6DF0C0 		.ascii	"\213m\360\300\260\203E\320%\246\256\315\212\235dG\306"
  78      B08345D0 
  78      25A6AECD 
  78      8A9D6447 
  78      C6
  79 0123 D12F6705 		.ascii	"\321/g\005\033\\b\375\305\313k\332\266\223\205\362\357"
  79      1B5C62FD 
  79      C5CB6BDA 
  79      B69385F2 
  79      EF
  80 0134 E25926D8 		.ascii	"\342Y&\330\242J\313\237\243Zkr\211\265\231\275\347c"
  80      A24ACB9F 
  80      A35A6B72 
  80      89B599BD 
  80      E763
  81 0146 87ADAD23 		.ascii	"\207\255\255#$mI\364\375\227\342\262\377`V\273\324p"
  81      246D49F4 
  81      FD97E2B2 
  81      FF6056BB 
  81      D470
  82 0158 95F1D11C 		.ascii	"\225\361\321\0344\376\257\367]\356\235\371t\215H\352"
  82      34FEAFF7 
  82      5DEE9DF9 
  82      748D48EA 
  83 0168 BB4FB3F5 		.ascii	"\273O\263\365\373\345\370-xL<\264F\177\260\337\032\265"
  83      FBE5F82D 
  83      784C3CB4 
  83      467FB0DF 
  83      1AB5
  84 017a C606C7AD 		.ascii	"\306\006\307\255\341P <16d\005\007\002\341\236\256\340"
  84      E150203C 
  84      31366405 
ARM GAS  C:\Users\Thomas\AppData\Local\Temp\ccWdqZQs.s 			page 6


  84      0702E19E 
  84      AEE0
  85 018c 4067A8B7 		.ascii	"@g\250\267\303?D\306Hx\330\372\001\011\003\267e"
  85      C33F44C6 
  85      4878D8FA 
  85      010903B7 
  85      65
  86              		.text
  87              		.section	.gnu.lto_P1_D0_Read.be9c7fff,"",%progbits
  88 0000 789C6366 		.ascii	"x\234cf\300\004R@\374\007\210\225\201\230\221\231\201"
  88      C0045240 
  88      FC078895 
  88      81989199 
  88      81
  89 0011 9169C239 		.ascii	"\221i\3029\006\206F\016&FF\020\203\201\221\241\236\211"
  89      0686460E 
  89      26464610 
  89      838191A1 
  89      9E89
  90 0023 B19EF125 		.ascii	"\261\236\361%\323G&\3063;\377]fT_\332\320\320\364a\322"
  90      D34726C6 
  90      333BFF5D 
  90      66545FDA 
  90      D0D0F461 
  91 0038 DE3BDCAD 		.ascii	"\336;\334\255\022?\231\030\030>310\352H1j\202\314a\\"
  91      123F9918 
  91      183E3331 
  91      30EA4831 
  91      6A82CC61 
  92 004d CEA8CE00 		.ascii	"\316\250\316\000T\370\261\345\357un\266\226\206\206"
  92      54F8B1E5 
  92      EF756EB6 
  92      968686
  93 005c 0601903C 		.ascii	"\006\001\220<Pb\005#\033#\220^/t\240\341\377\377\315"
  93      50620523 
  93      1B23905E 
  93      2F74A0E1 
  93      FFFFCD
  94 006f 5F277658 		.ascii	"_'vX3\26201\374d\002\332\0102\204\341\011\220\000\331"
  94      33B23031 
  94      FC6402DA 
  94      083284E1 
  94      099000D9 
  95 0083 F7948909 		.ascii	"\367\224\211\011D3\337b<\364\255\353\336<+\220\306\357"
  95      4433DF62 
  95      3CF4ADEB 
  95      DE3C2B90 
  95      C6EF
  96 0095 4C20CB7F 		.ascii	"L \313\177>\336\373\207\365\005\323O&\246\203\213\033"
  96      3EDEFB87 
  96      F505D34F 
  96      26A6838B 
  96      1B
  97 00a6 1B5840D6 		.ascii	"\033X@\326\334\177r\376\"\007X\210\001\304\235\326\365"
  97      DC7F72FE 
  97      22075888 
  97      01C49DD6 
ARM GAS  C:\Users\Thomas\AppData\Local\Temp\ccWdqZQs.s 			page 7


  97      F5
  98 00b7 F930C75C 		.ascii	"\3710\307\\\306\331\215-\214?\231\230\031W2J1\256b\004"
  98      C6D98D2D 
  98      8C3F9998 
  98      1957324A 
  98      31AE6204 
  99 00cb 3A8B7135 		.ascii	":\213q5\343\\F\206[\214\315?\332t \3461C\214\2748kY"
  99      E35C4686 
  99      5B8CCD3F 
  99      DA7420E6 
  99      31438CBC 
 100 00e2 333F483F 		.ascii	"3?H?\320\227\214k\200J\35712B\025\200\235\304\010r\012"
 100      D0978C6B 
 100      804AEF31 
 100      32421580 
 100      9DC40872 
 101 00f7 D06C45BD 		.ascii	"\320lE\275\030\367\324\274\324\242\304\222\324\224\370"
 101      18F7D4BC 
 101      D4A2C492 
 101      D494F8
 102 0106 E0FCD2A2 		.ascii	"\340\374\322\242\344\324\230\200\340|g\323\230\000\303"
 102      E4D49880 
 102      E07C67D3 
 102      9800C3
 103 0115 781703BD 		.ascii	"x\027\003\275d\006\000\315\034e3"
 103      640600CD 
 103      1C6533
 104              		.text
 105              		.section	.gnu.lto_P1_D0_ReadDataReg.be9c7fff,"",%progbits
 106 0000 789C6366 		.ascii	"x\234cf\300\004R@\374\007\210\225\201\230\221\231\201"
 106      C0045240 
 106      FC078895 
 106      81989199 
 106      81
 107 0011 9169C239 		.ascii	"\221i\3029\006\206F\016&FF\020\203\201\221\241\236\211"
 107      0686460E 
 107      26464610 
 107      838191A1 
 107      9E89
 108 0023 B19EF125 		.ascii	"\261\236\361%\323G&\3063;\377]fT_\332\320\320\364\341"
 108      D34726C6 
 108      333BFF5D 
 108      66545FDA 
 108      D0D0F4E1 
 109 0037 D2E53BDC 		.ascii	"\322\345;\334\255\022?\231\030\030>310\352H1j\202\314"
 109      AD123F99 
 109      18183E33 
 109      3130EA48 
 109      316A82CC 
 110 004b 615CCEA8 		.ascii	"a\\\316\250\316\000T\370\261\345\357un\266\226\206\206"
 110      CE0054F8 
 110      B1E5EF75 
 110      6EB69686 
 110      86
 111 005c 0601903C 		.ascii	"\006\001\220<Pb\005#\033#\220^/t\240\341\377\377\315"
 111      50620523 
 111      1B23905E 
ARM GAS  C:\Users\Thomas\AppData\Local\Temp\ccWdqZQs.s 			page 8


 111      2F74A0E1 
 111      FFFFCD
 112 006f E7277568 		.ascii	"\347'uh1\26101\374d\002\332\0102\204\341\011\220\000"
 112      31B13031 
 112      FC6402DA 
 112      083284E1 
 112      099000
 113 0082 D9F79489 		.ascii	"\331\367\224\211\011D3\337b<\364\255\353\337J+\220\306"
 113      094433DF 
 113      623CF4AD 
 113      EBDF4A2B 
 113      90C6
 114 0094 EF4C20CB 		.ascii	"\357L \313?\266\035\333\313\374\202\351'\023\323\201"
 114      3FB61DDB 
 114      CBFC82E9 
 114      2713D381 
 115 00a4 C58D0D2C 		.ascii	"\305\215\015, k\356?9\177\221\003,\304\000\342~\276"
 115      206BEE3F 
 115      397F9103 
 115      2CC400E2 
 115      7EBE
 116 00b6 7DE70FFB 		.ascii	"}\347\017\373\\\306\331\215-\214?\231\230\031W2J1\256"
 116      5CC6D98D 
 116      2D8C3F99 
 116      98195732 
 116      4A31AE
 117 00c9 62043A8B 		.ascii	"b\004:\213q5\343\\F\206[\214\315?\332t \3461C\214\274"
 117      7135E35C 
 117      46865B8C 
 117      CD3FDA74 
 117      20E63143 
 118 00df 386B5933 		.ascii	"8kY3?H?\320\227\214k\200J\35712B\025\200\235\304\010"
 118      3F483FD0 
 118      978C6B80 
 118      4AEF3132 
 118      4215809D 
 119 00f5 720AD06C 		.ascii	"r\012\320lE\275\030\367\324\274\324\242\304\222\324"
 119      45BD18F7 
 119      D4BCD4A2 
 119      C492D4
 120 0104 94F8E0FC 		.ascii	"\224\370\340\374\322\242\344\324\230\200\340|g\323\230"
 120      D2A2E4D4 
 120      9880E07C 
 120      67D398
 121 0113 00C37817 		.ascii	"\000\303x\027\003\275d\006\000\034je\260"
 121      03BD6406 
 121      001C6A65 
 121      B0
 122              		.text
 123              		.section	.gnu.lto_.symbol_nodes.be9c7fff,"",%progbits
 124 0000 789C6366 		.ascii	"x\234cf``pb\200\002&\206z\006\206\011\347\030\030\352"
 124      60607062 
 124      80022686 
 124      7A068609 
 124      E71818EA 
 125 0014 EB19E62D 		.ascii	"\353\031\346-\340``b\254gD\3413\3253\241\360\231\353"
 125      E0606062 
ARM GAS  C:\Users\Thomas\AppData\Local\Temp\ccWdqZQs.s 			page 9


 125      AC6744E1 
 125      33D533A1 
 125      F099EB
 126 0027 9991F90C 		.ascii	"\231\221\371\014\0003\356\020\336"
 126      0033EE10 
 126      DE
 127              		.text
 128              		.section	.gnu.lto_.refs.be9c7fff,"",%progbits
 129 0000 789C6366 		.ascii	"x\234cf```d\200\002\000\000=\000\005"
 129      60606064 
 129      80020000 
 129      3D0005
 130              		.text
 131              		.section	.gnu.lto_.decls.be9c7fff,"",%progbits
 132 0000 789C8D52 		.ascii	"x\234\215R]H\024Q\024\276g\356\270\352\270.\326\303"
 132      5D481451 
 132      14BE67EE 
 132      B8EAB82E 
 132      D6C3
 133 0012 1A4BD046 		.ascii	"\032K\320F \004\"E\004\276U(\330K\261(\321\203\202,"
 133      20042245 
 133      04BE5528 
 133      D84BB128 
 133      D183822C 
 134 0026 3A982F1A 		.ascii	":\230/\032\333\030\370\344M\015u\2132IZ\204R\360/\255"
 134      DB18F8E4 
 134      4D0D758B 
 134      32495A84 
 134      52F02FAD 
 135 003a 35FFD7F5 		.ascii	"5\377\327\365w\026_$3\"DPz\320\204\260\227Z\363\007"
 135      77165F24 
 135      33224450 
 135      7AD084B0 
 135      975AF307 
 136 004e 83603A73 		.ascii	"\203`:sg\267Yl\245\016\234\231{f\276\357;?\367PBH\032"
 136      67B7596C 
 136      A50E9C99 
 136      7B66BEEF 
 136      3B3FF750 
 137 0065 10A2A15D 		.ascii	"\020\242\241]\241\204\264b\234\200\356\"\246\211\350"
 137      A184B462 
 137      9C80EE22 
 137      A689E8
 138 0074 C3E8A3E8 		.ascii	"\303\350\243\350\001\364 \371\333\206cx~t;\372,\372"
 138      01F420F9 
 138      DB866378 
 138      7E743BFA 
 138      2CFA
 139 0086 74E43F44 		.ascii	"t\344?D0\207M\327\264\034\342\251q\270\243q\270\201"
 139      30874DD7 
 139      B41CE2A9 
 139      71B8A371 
 139      B881
 140 0098 486D47E5 		.ascii	"HmG\345\013\304\341\004\377\301\211\327\333\266\000"
 140      0BC4E104 
 140      FFC189D7 
 140      DBB600
ARM GAS  C:\Users\Thomas\AppData\Local\Temp\ccWdqZQs.s 			page 10


 141 00a7 C181DDA5 		.ascii	"\301\201\335\245\224-\001l\222S\017'[\026|\026\014\255"
 141      942D016C 
 141      92530F27 
 141      5B167C16 
 141      0CAD
 142 00b9 92A8872B 		.ascii	"\222\250\207+s\015\015IT\000\375\334\351\333X\2262\373"
 142      730D0D49 
 142      5400FDDC 
 142      E9DB5896 
 142      32FB
 143 00cb 19638D4C 		.ascii	"\031c\215LU\301\224\270\3273\3650\0219v\211\207\217"
 143      55C194B8 
 143      D733F530 
 143      11397689 
 143      878F
 144 00dd 16DB4294 		.ascii	"\026\333B\224\207\232\316\023VW\237\376\244 e42V\313"
 144      879ACE13 
 144      56579FFE 
 144      A4206534 
 144      3256CB
 145 00f0 C22D8C9E 		.ascii	"\302-\214\236 \220\351\200\263\016\002\003\220\2010"
 145      2090E980 
 145      B30E0203 
 145      908130
 146 00ff E8874C02 		.ascii	"\350\207L\002\257\300\001\257\301A\2720A\270}y\355$"
 146      AFC001AF 
 146      C141BA30 
 146      41B87D79 
 146      ED24
 147 0111 6322F841 		.ascii	"c\"\370A\202>\240\034\201m\350\031\"I\233\357\207\232"
 147      823EA01C 
 147      816DE819 
 147      22499BEF 
 147      879A
 148 0123 4551C08F 		.ascii	"EQ\300\217:\246\220W\273\247mt\013\351\255(\300\232"
 148      3AA69057 
 148      BBA76D74 
 148      0BE9AD28 
 148      C09A
 149 0135 EB589A08 		.ascii	"\353X\232\010.;\364\242\354K\224%0\010\351\370|\003"
 149      2E3BF4A2 
 149      EC4B9425 
 149      3008E9F8 
 149      7C03
 150 0147 A221F0A9 		.ascii	"\242!\360\251o\367\203H/\360\326\326\277\373w,\316\027"
 150      6FF78348 
 150      2FF0D6D6 
 150      BFFB772C 
 150      CE17
 151 0159 AC6330AC 		.ascii	"\254c0\254\375X\265\262\005\246j\332%N\201\241?\351"
 151      FD58B5B2 
 151      05A66ADA 
 151      254E81A1 
 151      3FE9
 152 016b 897E36E6 		.ascii	"\211~6\3469\014N\244\251o\333\367R\251\333\220X\334"
 152      390C4EA4 
 152      A96FDBF7 
ARM GAS  C:\Users\Thomas\AppData\Local\Temp\ccWdqZQs.s 			page 11


 152      52A9DB90 
 152      58DC
 153 017d F7D9B844 		.ascii	"\367\331\270D\307d\247\305\020\340\374\221\030\376H"
 153      C764A7C5 
 153      10E0FC91 
 153      18FE48
 154 018c 943FCAF9 		.ascii	"\224?\312\371M\365\2034\266\\\275\023\263\3361^oa\244"
 154      4DF58334 
 154      B65CBD13 
 154      B3DE315E 
 154      6F61A4
 155 019f DC79D5BF 		.ascii	"\334y\325\277\223H\025\236\353\335\314\227Y#\327\372"
 155      9348159E 
 155      EBDDCC97 
 155      5923D7FA 
 156 01af D74D59AD 		.ascii	"\327MY\255g\2774\215r\002\214\307d\033\217f\013\360"
 156      67BF348D 
 156      72028CC7 
 156      641B8F66 
 156      0BF0
 157 01c1 6C1F3B27 		.ascii	"l\037;'Zl\264\206+\014}\353\331N5\252}\336\035\255V"
 157      5A6CB486 
 157      2B0C7DEB 
 157      D94E35AA 
 157      7DDE1DAD 
 158 01d6 E74FC4F0 		.ascii	"\347O\304\360'\242\374 \347\263g\017\272\222\350\023"
 158      27A2FC20 
 158      E7B3670F 
 158      BA92E813 
 159 01e6 E00263FB 		.ascii	"\340\002c\373\336`\252\204WZ\367\037W\212K\260\374\336"
 159      DE60AA84 
 159      575AF71F 
 159      578A4BB0 
 159      FCDE
 160 01f8 BB926C2C 		.ascii	"\273\222l,\301a\306\314\221Kp\260y\265\236]\206i\034"
 160      C161C6CC 
 160      914B70B0 
 160      79B59E5D 
 160      86691C
 161 020b CBA4B904 		.ascii	"\313\244\271\004S`nA\323\347\266%\253\325\253o\026\216"
 161      53606E41 
 161      D3E7B625 
 161      ABD5AB6F 
 161      168E
 162 021d 3079C1C6 		.ascii	"0y\301\306\301\346\014g\301\312;\300\367\266@C\275\241"
 162      C1E60C67 
 162      C1CA3BC0 
 162      F7B64043 
 162      BDA1
 163 022f 35091C92 		.ascii	"5\011\034\222\303\207+|p\012TTj\324\307\037\256e\324"
 163      C3872B7C 
 163      700A5454 
 163      6AD4C71F 
 163      AE65D4
 164 0242 678B5644 		.ascii	"g\213VD\370\017\002!\224\231C\031\035\255niZ\215f\330"
 164      F80F0221 
 164      94994319 
ARM GAS  C:\Users\Thomas\AppData\Local\Temp\ccWdqZQs.s 			page 12


 164      1DAD6E69 
 164      5A8D66D8 
 165 0256 E3440EE0 		.ascii	"\343D\016\340\217\204\252\362\012%\333\222w\375\206"
 165      8F84AAF2 
 165      0A25DB92 
 165      77FD86
 166 0265 33879CC9 		.ascii	"3\207\234\311*\312\223+d\217[\221K\213\013*\253<%r\221"
 166      2ACA932B 
 166      648F5B91 
 166      4B8B0B2A 
 166      AB3C2572 
 167 027a ABA032E7 		.ascii	"\253\2402\347bQI\265R}[\276\223u\213\244\270\316\027"
 167      625149B5 
 167      527D5BBE 
 167      93758BA4 
 167      B8CE17
 168 028d E79E2BBE 		.ascii	"\347\236+\276\351)W\344\323G\3429(\253\204\0347\320"
 168      E92957E4 
 168      D347E239 
 168      28AB841C 
 168      37D0
 169 029f 05B292EB 		.ascii	"\005\262\222\353)\277+_\253,\225%\343S\276\354.=f\036"
 169      29BF2B5F 
 169      AB2C9525 
 169      E353BEEC 
 169      2E3D661E 
 170 02b3 73DD8A3B 		.ascii	"s\335\212;_.\023=rY\366o\"\357G\277"
 170      5F2E133D 
 170      7259F66F 
 170      22EF47BF 
 171              		.text
 172              		.section	.gnu.lto_.symtab.be9c7fff,"",%progbits
 173 0000 50315F44 		.ascii	"P1_D0_Write\000\000\000\000\000\000\000\000\000\000"
 173      305F5772 
 173      69746500 
 173      00000000 
 173      00000000 
 174 0015 0000B200 		.ascii	"\000\000\262\000\000\000P1_D0_SetDriveMode\000\000\000"
 174      00005031 
 174      5F44305F 
 174      53657444 
 174      72697665 
 175 0030 00000000 		.ascii	"\000\000\000\000\000\000\000\000\000\264\000\000\000"
 175      00000000 
 175      00B40000 
 175      00
 176 003d 50315F44 		.ascii	"P1_D0_Read\000\000\000\000\000\000\000\000\000\000\000"
 176      305F5265 
 176      61640000 
 176      00000000 
 176      00000000 
 177 0052 00B70000 		.ascii	"\000\267\000\000\000P1_D0_ReadDataReg\000\000\000\000"
 177      0050315F 
 177      44305F52 
 177      65616444 
 177      61746152 
 178 006c 00000000 		.ascii	"\000\000\000\000\000\000\000\000\271\000\000\000"
ARM GAS  C:\Users\Thomas\AppData\Local\Temp\ccWdqZQs.s 			page 13


 178      00000000 
 178      B9000000 
 179              		.text
 180              		.section	.gnu.lto_.opts,"",%progbits
 181 0000 272D666E 		.ascii	"'-fno-trapv' '-mcpu=cortex-m3' '-mthumb' '-g' '-O3'"
 181      6F2D7472 
 181      61707627 
 181      20272D6D 
 181      6370753D 
 182 0033 20272D66 		.ascii	" '-ffunction-sections' '-finline-functions' '-flto'"
 182      66756E63 
 182      74696F6E 
 182      2D736563 
 182      74696F6E 
 183 0066 20272D66 		.ascii	" '-ffat-lto-objects'\000"
 183      6661742D 
 183      6C746F2D 
 183      6F626A65 
 183      63747327 
 184              		.text
 185              		.cfi_sections	.debug_frame
 186              		.section	.text.P1_D0_Write,"ax",%progbits
 187              		.align	2
 188              		.global	P1_D0_Write
 189              		.thumb
 190              		.thumb_func
 191              		.type	P1_D0_Write, %function
 192              	P1_D0_Write:
 193              	.LFB0:
 194              		.file 1 ".\\Generated_Source\\PSoC5\\P1_D0.c"
   1:.\Generated_Source\PSoC5/P1_D0.c **** /*******************************************************************************
   2:.\Generated_Source\PSoC5/P1_D0.c **** * File Name: P1_D0.c  
   3:.\Generated_Source\PSoC5/P1_D0.c **** * Version 2.20
   4:.\Generated_Source\PSoC5/P1_D0.c **** *
   5:.\Generated_Source\PSoC5/P1_D0.c **** * Description:
   6:.\Generated_Source\PSoC5/P1_D0.c **** *  This file contains API to enable firmware control of a Pins component.
   7:.\Generated_Source\PSoC5/P1_D0.c **** *
   8:.\Generated_Source\PSoC5/P1_D0.c **** * Note:
   9:.\Generated_Source\PSoC5/P1_D0.c **** *
  10:.\Generated_Source\PSoC5/P1_D0.c **** ********************************************************************************
  11:.\Generated_Source\PSoC5/P1_D0.c **** * Copyright 2008-2015, Cypress Semiconductor Corporation.  All rights reserved.
  12:.\Generated_Source\PSoC5/P1_D0.c **** * You may use this file only in accordance with the license, terms, conditions, 
  13:.\Generated_Source\PSoC5/P1_D0.c **** * disclaimers, and limitations in the end user license agreement accompanying 
  14:.\Generated_Source\PSoC5/P1_D0.c **** * the software package with which this file was provided.
  15:.\Generated_Source\PSoC5/P1_D0.c **** *******************************************************************************/
  16:.\Generated_Source\PSoC5/P1_D0.c **** 
  17:.\Generated_Source\PSoC5/P1_D0.c **** #include "cytypes.h"
  18:.\Generated_Source\PSoC5/P1_D0.c **** #include "P1_D0.h"
  19:.\Generated_Source\PSoC5/P1_D0.c **** 
  20:.\Generated_Source\PSoC5/P1_D0.c **** /* APIs are not generated for P15[7:6] on PSoC 5 */
  21:.\Generated_Source\PSoC5/P1_D0.c **** #if !(CY_PSOC5A &&\
  22:.\Generated_Source\PSoC5/P1_D0.c **** 	 P1_D0__PORT == 15 && ((P1_D0__MASK & 0xC0) != 0))
  23:.\Generated_Source\PSoC5/P1_D0.c **** 
  24:.\Generated_Source\PSoC5/P1_D0.c **** 
  25:.\Generated_Source\PSoC5/P1_D0.c **** /*******************************************************************************
  26:.\Generated_Source\PSoC5/P1_D0.c **** * Function Name: P1_D0_Write
  27:.\Generated_Source\PSoC5/P1_D0.c **** ****************************************************************************//**
ARM GAS  C:\Users\Thomas\AppData\Local\Temp\ccWdqZQs.s 			page 14


  28:.\Generated_Source\PSoC5/P1_D0.c **** *
  29:.\Generated_Source\PSoC5/P1_D0.c **** * \brief Writes the value to the physical port (data output register), masking
  30:.\Generated_Source\PSoC5/P1_D0.c **** *  and shifting the bits appropriately. 
  31:.\Generated_Source\PSoC5/P1_D0.c **** *
  32:.\Generated_Source\PSoC5/P1_D0.c **** * The data output register controls the signal applied to the physical pin in 
  33:.\Generated_Source\PSoC5/P1_D0.c **** * conjunction with the drive mode parameter. This function avoids changing 
  34:.\Generated_Source\PSoC5/P1_D0.c **** * other bits in the port by using the appropriate method (read-modify-write or
  35:.\Generated_Source\PSoC5/P1_D0.c **** * bit banding).
  36:.\Generated_Source\PSoC5/P1_D0.c **** *
  37:.\Generated_Source\PSoC5/P1_D0.c **** * <b>Note</b> This function should not be used on a hardware digital output pin 
  38:.\Generated_Source\PSoC5/P1_D0.c **** * as it is driven by the hardware signal attached to it.
  39:.\Generated_Source\PSoC5/P1_D0.c **** *
  40:.\Generated_Source\PSoC5/P1_D0.c **** * \param value
  41:.\Generated_Source\PSoC5/P1_D0.c **** *  Value to write to the component instance.
  42:.\Generated_Source\PSoC5/P1_D0.c **** *
  43:.\Generated_Source\PSoC5/P1_D0.c **** * \return 
  44:.\Generated_Source\PSoC5/P1_D0.c **** *  None 
  45:.\Generated_Source\PSoC5/P1_D0.c **** *
  46:.\Generated_Source\PSoC5/P1_D0.c **** * \sideeffect
  47:.\Generated_Source\PSoC5/P1_D0.c **** *  If you use read-modify-write operations that are not atomic; the Interrupt 
  48:.\Generated_Source\PSoC5/P1_D0.c **** *  Service Routines (ISR) can cause corruption of this function. An ISR that 
  49:.\Generated_Source\PSoC5/P1_D0.c **** *  interrupts this function and performs writes to the Pins component data 
  50:.\Generated_Source\PSoC5/P1_D0.c **** *  register can cause corrupted port data. To avoid this issue, you should 
  51:.\Generated_Source\PSoC5/P1_D0.c **** *  either use the Per-Pin APIs (primary method) or disable interrupts around 
  52:.\Generated_Source\PSoC5/P1_D0.c **** *  this function.
  53:.\Generated_Source\PSoC5/P1_D0.c **** *
  54:.\Generated_Source\PSoC5/P1_D0.c **** * \funcusage
  55:.\Generated_Source\PSoC5/P1_D0.c **** *  \snippet P1_D0_SUT.c usage_P1_D0_Write
  56:.\Generated_Source\PSoC5/P1_D0.c **** *******************************************************************************/
  57:.\Generated_Source\PSoC5/P1_D0.c **** void P1_D0_Write(uint8 value)
  58:.\Generated_Source\PSoC5/P1_D0.c **** {
 195              		.loc 1 58 0
 196              		.cfi_startproc
 197              		@ args = 0, pretend = 0, frame = 0
 198              		@ frame_needed = 0, uses_anonymous_args = 0
 199              		@ link register save eliminated.
 200              	.LVL0:
  59:.\Generated_Source\PSoC5/P1_D0.c ****     uint8 staticBits = (P1_D0_DR & (uint8)(~P1_D0_MASK));
 201              		.loc 1 59 0
 202 0000 044A     		ldr	r2, .L2
  60:.\Generated_Source\PSoC5/P1_D0.c ****     P1_D0_DR = staticBits | ((uint8)(value << P1_D0_SHIFT) & P1_D0_MASK);
 203              		.loc 1 60 0
 204 0002 00F00100 		and	r0, r0, #1
 205              	.LVL1:
  59:.\Generated_Source\PSoC5/P1_D0.c ****     uint8 staticBits = (P1_D0_DR & (uint8)(~P1_D0_MASK));
 206              		.loc 1 59 0
 207 0006 1378     		ldrb	r3, [r2]	@ zero_extendqisi2
 208              	.LVL2:
 209 0008 03F0FE03 		and	r3, r3, #254
 210              	.LVL3:
 211              		.loc 1 60 0
 212 000c 1843     		orrs	r0, r0, r3
 213 000e 1070     		strb	r0, [r2]
 214 0010 7047     		bx	lr
 215              	.L3:
 216 0012 00BF     		.align	2
 217              	.L2:
ARM GAS  C:\Users\Thomas\AppData\Local\Temp\ccWdqZQs.s 			page 15


 218 0014 C0510040 		.word	1073762752
 219              		.cfi_endproc
 220              	.LFE0:
 221              		.size	P1_D0_Write, .-P1_D0_Write
 222              		.section	.text.P1_D0_SetDriveMode,"ax",%progbits
 223              		.align	2
 224              		.global	P1_D0_SetDriveMode
 225              		.thumb
 226              		.thumb_func
 227              		.type	P1_D0_SetDriveMode, %function
 228              	P1_D0_SetDriveMode:
 229              	.LFB1:
  61:.\Generated_Source\PSoC5/P1_D0.c **** }
  62:.\Generated_Source\PSoC5/P1_D0.c **** 
  63:.\Generated_Source\PSoC5/P1_D0.c **** 
  64:.\Generated_Source\PSoC5/P1_D0.c **** /*******************************************************************************
  65:.\Generated_Source\PSoC5/P1_D0.c **** * Function Name: P1_D0_SetDriveMode
  66:.\Generated_Source\PSoC5/P1_D0.c **** ****************************************************************************//**
  67:.\Generated_Source\PSoC5/P1_D0.c **** *
  68:.\Generated_Source\PSoC5/P1_D0.c **** * \brief Sets the drive mode for each of the Pins component's pins.
  69:.\Generated_Source\PSoC5/P1_D0.c **** * 
  70:.\Generated_Source\PSoC5/P1_D0.c **** * <b>Note</b> This affects all pins in the Pins component instance. Use the
  71:.\Generated_Source\PSoC5/P1_D0.c **** * Per-Pin APIs if you wish to control individual pin's drive modes.
  72:.\Generated_Source\PSoC5/P1_D0.c **** *
  73:.\Generated_Source\PSoC5/P1_D0.c **** * \param mode
  74:.\Generated_Source\PSoC5/P1_D0.c **** *  Mode for the selected signals. Valid options are documented in 
  75:.\Generated_Source\PSoC5/P1_D0.c **** *  \ref driveMode.
  76:.\Generated_Source\PSoC5/P1_D0.c **** *
  77:.\Generated_Source\PSoC5/P1_D0.c **** * \return
  78:.\Generated_Source\PSoC5/P1_D0.c **** *  None
  79:.\Generated_Source\PSoC5/P1_D0.c **** *
  80:.\Generated_Source\PSoC5/P1_D0.c **** * \sideeffect
  81:.\Generated_Source\PSoC5/P1_D0.c **** *  If you use read-modify-write operations that are not atomic, the ISR can
  82:.\Generated_Source\PSoC5/P1_D0.c **** *  cause corruption of this function. An ISR that interrupts this function 
  83:.\Generated_Source\PSoC5/P1_D0.c **** *  and performs writes to the Pins component Drive Mode registers can cause 
  84:.\Generated_Source\PSoC5/P1_D0.c **** *  corrupted port data. To avoid this issue, you should either use the Per-Pin
  85:.\Generated_Source\PSoC5/P1_D0.c **** *  APIs (primary method) or disable interrupts around this function.
  86:.\Generated_Source\PSoC5/P1_D0.c **** *
  87:.\Generated_Source\PSoC5/P1_D0.c **** * \funcusage
  88:.\Generated_Source\PSoC5/P1_D0.c **** *  \snippet P1_D0_SUT.c usage_P1_D0_SetDriveMode
  89:.\Generated_Source\PSoC5/P1_D0.c **** *******************************************************************************/
  90:.\Generated_Source\PSoC5/P1_D0.c **** void P1_D0_SetDriveMode(uint8 mode)
  91:.\Generated_Source\PSoC5/P1_D0.c **** {
 230              		.loc 1 91 0
 231              		.cfi_startproc
 232              		@ args = 0, pretend = 0, frame = 0
 233              		@ frame_needed = 0, uses_anonymous_args = 0
 234              		@ link register save eliminated.
 235              	.LVL4:
  92:.\Generated_Source\PSoC5/P1_D0.c **** 	CyPins_SetPinDriveMode(P1_D0_0, mode);
 236              		.loc 1 92 0
 237 0000 044A     		ldr	r2, .L5
 238 0002 00F00E00 		and	r0, r0, #14
 239              	.LVL5:
 240 0006 1378     		ldrb	r3, [r2]	@ zero_extendqisi2
 241 0008 03F0F103 		and	r3, r3, #241
 242 000c 1843     		orrs	r0, r0, r3
ARM GAS  C:\Users\Thomas\AppData\Local\Temp\ccWdqZQs.s 			page 16


 243 000e 1070     		strb	r0, [r2]
 244 0010 7047     		bx	lr
 245              	.L6:
 246 0012 00BF     		.align	2
 247              	.L5:
 248 0014 60500040 		.word	1073762400
 249              		.cfi_endproc
 250              	.LFE1:
 251              		.size	P1_D0_SetDriveMode, .-P1_D0_SetDriveMode
 252              		.section	.text.P1_D0_Read,"ax",%progbits
 253              		.align	2
 254              		.global	P1_D0_Read
 255              		.thumb
 256              		.thumb_func
 257              		.type	P1_D0_Read, %function
 258              	P1_D0_Read:
 259              	.LFB2:
  93:.\Generated_Source\PSoC5/P1_D0.c **** }
  94:.\Generated_Source\PSoC5/P1_D0.c **** 
  95:.\Generated_Source\PSoC5/P1_D0.c **** 
  96:.\Generated_Source\PSoC5/P1_D0.c **** /*******************************************************************************
  97:.\Generated_Source\PSoC5/P1_D0.c **** * Function Name: P1_D0_Read
  98:.\Generated_Source\PSoC5/P1_D0.c **** ****************************************************************************//**
  99:.\Generated_Source\PSoC5/P1_D0.c **** *
 100:.\Generated_Source\PSoC5/P1_D0.c **** * \brief Reads the associated physical port (pin status register) and masks 
 101:.\Generated_Source\PSoC5/P1_D0.c **** *  the required bits according to the width and bit position of the component
 102:.\Generated_Source\PSoC5/P1_D0.c **** *  instance. 
 103:.\Generated_Source\PSoC5/P1_D0.c **** *
 104:.\Generated_Source\PSoC5/P1_D0.c **** * The pin's status register returns the current logic level present on the 
 105:.\Generated_Source\PSoC5/P1_D0.c **** * physical pin.
 106:.\Generated_Source\PSoC5/P1_D0.c **** *
 107:.\Generated_Source\PSoC5/P1_D0.c **** * \return 
 108:.\Generated_Source\PSoC5/P1_D0.c **** *  The current value for the pins in the component as a right justified number.
 109:.\Generated_Source\PSoC5/P1_D0.c **** *
 110:.\Generated_Source\PSoC5/P1_D0.c **** * \funcusage
 111:.\Generated_Source\PSoC5/P1_D0.c **** *  \snippet P1_D0_SUT.c usage_P1_D0_Read  
 112:.\Generated_Source\PSoC5/P1_D0.c **** *******************************************************************************/
 113:.\Generated_Source\PSoC5/P1_D0.c **** uint8 P1_D0_Read(void)
 114:.\Generated_Source\PSoC5/P1_D0.c **** {
 260              		.loc 1 114 0
 261              		.cfi_startproc
 262              		@ args = 0, pretend = 0, frame = 0
 263              		@ frame_needed = 0, uses_anonymous_args = 0
 264              		@ link register save eliminated.
 115:.\Generated_Source\PSoC5/P1_D0.c ****     return (P1_D0_PS & P1_D0_MASK) >> P1_D0_SHIFT;
 265              		.loc 1 115 0
 266 0000 024B     		ldr	r3, .L8
 267 0002 1878     		ldrb	r0, [r3]	@ zero_extendqisi2
 116:.\Generated_Source\PSoC5/P1_D0.c **** }
 268              		.loc 1 116 0
 269 0004 00F00100 		and	r0, r0, #1
 270 0008 7047     		bx	lr
 271              	.L9:
 272 000a 00BF     		.align	2
 273              	.L8:
 274 000c C1510040 		.word	1073762753
 275              		.cfi_endproc
ARM GAS  C:\Users\Thomas\AppData\Local\Temp\ccWdqZQs.s 			page 17


 276              	.LFE2:
 277              		.size	P1_D0_Read, .-P1_D0_Read
 278              		.section	.text.P1_D0_ReadDataReg,"ax",%progbits
 279              		.align	2
 280              		.global	P1_D0_ReadDataReg
 281              		.thumb
 282              		.thumb_func
 283              		.type	P1_D0_ReadDataReg, %function
 284              	P1_D0_ReadDataReg:
 285              	.LFB3:
 117:.\Generated_Source\PSoC5/P1_D0.c **** 
 118:.\Generated_Source\PSoC5/P1_D0.c **** 
 119:.\Generated_Source\PSoC5/P1_D0.c **** /*******************************************************************************
 120:.\Generated_Source\PSoC5/P1_D0.c **** * Function Name: P1_D0_ReadDataReg
 121:.\Generated_Source\PSoC5/P1_D0.c **** ****************************************************************************//**
 122:.\Generated_Source\PSoC5/P1_D0.c **** *
 123:.\Generated_Source\PSoC5/P1_D0.c **** * \brief Reads the associated physical port's data output register and masks 
 124:.\Generated_Source\PSoC5/P1_D0.c **** *  the correct bits according to the width and bit position of the component 
 125:.\Generated_Source\PSoC5/P1_D0.c **** *  instance. 
 126:.\Generated_Source\PSoC5/P1_D0.c **** *
 127:.\Generated_Source\PSoC5/P1_D0.c **** * The data output register controls the signal applied to the physical pin in 
 128:.\Generated_Source\PSoC5/P1_D0.c **** * conjunction with the drive mode parameter. This is not the same as the 
 129:.\Generated_Source\PSoC5/P1_D0.c **** * preferred P1_D0_Read() API because the 
 130:.\Generated_Source\PSoC5/P1_D0.c **** * P1_D0_ReadDataReg() reads the data register instead of the status 
 131:.\Generated_Source\PSoC5/P1_D0.c **** * register. For output pins this is a useful function to determine the value 
 132:.\Generated_Source\PSoC5/P1_D0.c **** * just written to the pin.
 133:.\Generated_Source\PSoC5/P1_D0.c **** *
 134:.\Generated_Source\PSoC5/P1_D0.c **** * \return 
 135:.\Generated_Source\PSoC5/P1_D0.c **** *  The current value of the data register masked and shifted into a right 
 136:.\Generated_Source\PSoC5/P1_D0.c **** *  justified number for the component instance.
 137:.\Generated_Source\PSoC5/P1_D0.c **** *
 138:.\Generated_Source\PSoC5/P1_D0.c **** * \funcusage
 139:.\Generated_Source\PSoC5/P1_D0.c **** *  \snippet P1_D0_SUT.c usage_P1_D0_ReadDataReg 
 140:.\Generated_Source\PSoC5/P1_D0.c **** *******************************************************************************/
 141:.\Generated_Source\PSoC5/P1_D0.c **** uint8 P1_D0_ReadDataReg(void)
 142:.\Generated_Source\PSoC5/P1_D0.c **** {
 286              		.loc 1 142 0
 287              		.cfi_startproc
 288              		@ args = 0, pretend = 0, frame = 0
 289              		@ frame_needed = 0, uses_anonymous_args = 0
 290              		@ link register save eliminated.
 143:.\Generated_Source\PSoC5/P1_D0.c ****     return (P1_D0_DR & P1_D0_MASK) >> P1_D0_SHIFT;
 291              		.loc 1 143 0
 292 0000 024B     		ldr	r3, .L11
 293 0002 1878     		ldrb	r0, [r3]	@ zero_extendqisi2
 144:.\Generated_Source\PSoC5/P1_D0.c **** }
 294              		.loc 1 144 0
 295 0004 00F00100 		and	r0, r0, #1
 296 0008 7047     		bx	lr
 297              	.L12:
 298 000a 00BF     		.align	2
 299              	.L11:
 300 000c C0510040 		.word	1073762752
 301              		.cfi_endproc
 302              	.LFE3:
 303              		.size	P1_D0_ReadDataReg, .-P1_D0_ReadDataReg
 304              		.text
ARM GAS  C:\Users\Thomas\AppData\Local\Temp\ccWdqZQs.s 			page 18


 305              	.Letext0:
 306              		.file 2 ".\\Generated_Source\\PSoC5\\cytypes.h"
 307              		.section	.debug_info,"",%progbits
 308              	.Ldebug_info0:
 309 0000 1D010000 		.4byte	0x11d
 310 0004 0400     		.2byte	0x4
 311 0006 00000000 		.4byte	.Ldebug_abbrev0
 312 000a 04       		.byte	0x4
 313 000b 01       		.uleb128 0x1
 314 000c 06010000 		.4byte	.LASF20
 315 0010 01       		.byte	0x1
 316 0011 5A000000 		.4byte	.LASF21
 317 0015 82000000 		.4byte	.LASF22
 318 0019 00000000 		.4byte	.Ldebug_ranges0+0
 319 001d 00000000 		.4byte	0
 320 0021 00000000 		.4byte	.Ldebug_line0
 321 0025 02       		.uleb128 0x2
 322 0026 01       		.byte	0x1
 323 0027 06       		.byte	0x6
 324 0028 D7010000 		.4byte	.LASF0
 325 002c 02       		.uleb128 0x2
 326 002d 01       		.byte	0x1
 327 002e 08       		.byte	0x8
 328 002f 22000000 		.4byte	.LASF1
 329 0033 02       		.uleb128 0x2
 330 0034 02       		.byte	0x2
 331 0035 05       		.byte	0x5
 332 0036 B2010000 		.4byte	.LASF2
 333 003a 02       		.uleb128 0x2
 334 003b 02       		.byte	0x2
 335 003c 07       		.byte	0x7
 336 003d 47000000 		.4byte	.LASF3
 337 0041 02       		.uleb128 0x2
 338 0042 04       		.byte	0x4
 339 0043 05       		.byte	0x5
 340 0044 CE010000 		.4byte	.LASF4
 341 0048 02       		.uleb128 0x2
 342 0049 04       		.byte	0x4
 343 004a 07       		.byte	0x7
 344 004b 35000000 		.4byte	.LASF5
 345 004f 02       		.uleb128 0x2
 346 0050 08       		.byte	0x8
 347 0051 05       		.byte	0x5
 348 0052 F8000000 		.4byte	.LASF6
 349 0056 02       		.uleb128 0x2
 350 0057 08       		.byte	0x8
 351 0058 07       		.byte	0x7
 352 0059 DC000000 		.4byte	.LASF7
 353 005d 03       		.uleb128 0x3
 354 005e 04       		.byte	0x4
 355 005f 05       		.byte	0x5
 356 0060 696E7400 		.ascii	"int\000"
 357 0064 02       		.uleb128 0x2
 358 0065 04       		.byte	0x4
 359 0066 07       		.byte	0x7
 360 0067 BD000000 		.4byte	.LASF8
 361 006b 04       		.uleb128 0x4
ARM GAS  C:\Users\Thomas\AppData\Local\Temp\ccWdqZQs.s 			page 19


 362 006c BC010000 		.4byte	.LASF12
 363 0070 02       		.byte	0x2
 364 0071 9201     		.2byte	0x192
 365 0073 2C000000 		.4byte	0x2c
 366 0077 02       		.uleb128 0x2
 367 0078 04       		.byte	0x4
 368 0079 04       		.byte	0x4
 369 007a 11000000 		.4byte	.LASF9
 370 007e 02       		.uleb128 0x2
 371 007f 08       		.byte	0x8
 372 0080 04       		.byte	0x4
 373 0081 7B000000 		.4byte	.LASF10
 374 0085 02       		.uleb128 0x2
 375 0086 01       		.byte	0x1
 376 0087 08       		.byte	0x8
 377 0088 AD010000 		.4byte	.LASF11
 378 008c 04       		.uleb128 0x4
 379 008d 30000000 		.4byte	.LASF13
 380 0091 02       		.byte	0x2
 381 0092 3C02     		.2byte	0x23c
 382 0094 98000000 		.4byte	0x98
 383 0098 05       		.uleb128 0x5
 384 0099 6B000000 		.4byte	0x6b
 385 009d 06       		.uleb128 0x6
 386 009e C2010000 		.4byte	.LASF14
 387 00a2 01       		.byte	0x1
 388 00a3 39       		.byte	0x39
 389 00a4 00000000 		.4byte	.LFB0
 390 00a8 18000000 		.4byte	.LFE0-.LFB0
 391 00ac 01       		.uleb128 0x1
 392 00ad 9C       		.byte	0x9c
 393 00ae D1000000 		.4byte	0xd1
 394 00b2 07       		.uleb128 0x7
 395 00b3 00000000 		.4byte	.LASF16
 396 00b7 01       		.byte	0x1
 397 00b8 39       		.byte	0x39
 398 00b9 6B000000 		.4byte	0x6b
 399 00bd 00000000 		.4byte	.LLST0
 400 00c1 08       		.uleb128 0x8
 401 00c2 06000000 		.4byte	.LASF23
 402 00c6 01       		.byte	0x1
 403 00c7 3B       		.byte	0x3b
 404 00c8 6B000000 		.4byte	0x6b
 405 00cc 21000000 		.4byte	.LLST1
 406 00d0 00       		.byte	0
 407 00d1 06       		.uleb128 0x6
 408 00d2 E3010000 		.4byte	.LASF15
 409 00d6 01       		.byte	0x1
 410 00d7 5A       		.byte	0x5a
 411 00d8 00000000 		.4byte	.LFB1
 412 00dc 18000000 		.4byte	.LFE1-.LFB1
 413 00e0 01       		.uleb128 0x1
 414 00e1 9C       		.byte	0x9c
 415 00e2 F6000000 		.4byte	0xf6
 416 00e6 07       		.uleb128 0x7
 417 00e7 F3000000 		.4byte	.LASF17
 418 00eb 01       		.byte	0x1
ARM GAS  C:\Users\Thomas\AppData\Local\Temp\ccWdqZQs.s 			page 20


 419 00ec 5A       		.byte	0x5a
 420 00ed 6B000000 		.4byte	0x6b
 421 00f1 39000000 		.4byte	.LLST2
 422 00f5 00       		.byte	0
 423 00f6 09       		.uleb128 0x9
 424 00f7 17000000 		.4byte	.LASF18
 425 00fb 01       		.byte	0x1
 426 00fc 71       		.byte	0x71
 427 00fd 6B000000 		.4byte	0x6b
 428 0101 00000000 		.4byte	.LFB2
 429 0105 10000000 		.4byte	.LFE2-.LFB2
 430 0109 01       		.uleb128 0x1
 431 010a 9C       		.byte	0x9c
 432 010b 09       		.uleb128 0x9
 433 010c CA000000 		.4byte	.LASF19
 434 0110 01       		.byte	0x1
 435 0111 8D       		.byte	0x8d
 436 0112 6B000000 		.4byte	0x6b
 437 0116 00000000 		.4byte	.LFB3
 438 011a 10000000 		.4byte	.LFE3-.LFB3
 439 011e 01       		.uleb128 0x1
 440 011f 9C       		.byte	0x9c
 441 0120 00       		.byte	0
 442              		.section	.debug_abbrev,"",%progbits
 443              	.Ldebug_abbrev0:
 444 0000 01       		.uleb128 0x1
 445 0001 11       		.uleb128 0x11
 446 0002 01       		.byte	0x1
 447 0003 25       		.uleb128 0x25
 448 0004 0E       		.uleb128 0xe
 449 0005 13       		.uleb128 0x13
 450 0006 0B       		.uleb128 0xb
 451 0007 03       		.uleb128 0x3
 452 0008 0E       		.uleb128 0xe
 453 0009 1B       		.uleb128 0x1b
 454 000a 0E       		.uleb128 0xe
 455 000b 55       		.uleb128 0x55
 456 000c 17       		.uleb128 0x17
 457 000d 11       		.uleb128 0x11
 458 000e 01       		.uleb128 0x1
 459 000f 10       		.uleb128 0x10
 460 0010 17       		.uleb128 0x17
 461 0011 00       		.byte	0
 462 0012 00       		.byte	0
 463 0013 02       		.uleb128 0x2
 464 0014 24       		.uleb128 0x24
 465 0015 00       		.byte	0
 466 0016 0B       		.uleb128 0xb
 467 0017 0B       		.uleb128 0xb
 468 0018 3E       		.uleb128 0x3e
 469 0019 0B       		.uleb128 0xb
 470 001a 03       		.uleb128 0x3
 471 001b 0E       		.uleb128 0xe
 472 001c 00       		.byte	0
 473 001d 00       		.byte	0
 474 001e 03       		.uleb128 0x3
 475 001f 24       		.uleb128 0x24
ARM GAS  C:\Users\Thomas\AppData\Local\Temp\ccWdqZQs.s 			page 21


 476 0020 00       		.byte	0
 477 0021 0B       		.uleb128 0xb
 478 0022 0B       		.uleb128 0xb
 479 0023 3E       		.uleb128 0x3e
 480 0024 0B       		.uleb128 0xb
 481 0025 03       		.uleb128 0x3
 482 0026 08       		.uleb128 0x8
 483 0027 00       		.byte	0
 484 0028 00       		.byte	0
 485 0029 04       		.uleb128 0x4
 486 002a 16       		.uleb128 0x16
 487 002b 00       		.byte	0
 488 002c 03       		.uleb128 0x3
 489 002d 0E       		.uleb128 0xe
 490 002e 3A       		.uleb128 0x3a
 491 002f 0B       		.uleb128 0xb
 492 0030 3B       		.uleb128 0x3b
 493 0031 05       		.uleb128 0x5
 494 0032 49       		.uleb128 0x49
 495 0033 13       		.uleb128 0x13
 496 0034 00       		.byte	0
 497 0035 00       		.byte	0
 498 0036 05       		.uleb128 0x5
 499 0037 35       		.uleb128 0x35
 500 0038 00       		.byte	0
 501 0039 49       		.uleb128 0x49
 502 003a 13       		.uleb128 0x13
 503 003b 00       		.byte	0
 504 003c 00       		.byte	0
 505 003d 06       		.uleb128 0x6
 506 003e 2E       		.uleb128 0x2e
 507 003f 01       		.byte	0x1
 508 0040 3F       		.uleb128 0x3f
 509 0041 19       		.uleb128 0x19
 510 0042 03       		.uleb128 0x3
 511 0043 0E       		.uleb128 0xe
 512 0044 3A       		.uleb128 0x3a
 513 0045 0B       		.uleb128 0xb
 514 0046 3B       		.uleb128 0x3b
 515 0047 0B       		.uleb128 0xb
 516 0048 27       		.uleb128 0x27
 517 0049 19       		.uleb128 0x19
 518 004a 11       		.uleb128 0x11
 519 004b 01       		.uleb128 0x1
 520 004c 12       		.uleb128 0x12
 521 004d 06       		.uleb128 0x6
 522 004e 40       		.uleb128 0x40
 523 004f 18       		.uleb128 0x18
 524 0050 9742     		.uleb128 0x2117
 525 0052 19       		.uleb128 0x19
 526 0053 01       		.uleb128 0x1
 527 0054 13       		.uleb128 0x13
 528 0055 00       		.byte	0
 529 0056 00       		.byte	0
 530 0057 07       		.uleb128 0x7
 531 0058 05       		.uleb128 0x5
 532 0059 00       		.byte	0
ARM GAS  C:\Users\Thomas\AppData\Local\Temp\ccWdqZQs.s 			page 22


 533 005a 03       		.uleb128 0x3
 534 005b 0E       		.uleb128 0xe
 535 005c 3A       		.uleb128 0x3a
 536 005d 0B       		.uleb128 0xb
 537 005e 3B       		.uleb128 0x3b
 538 005f 0B       		.uleb128 0xb
 539 0060 49       		.uleb128 0x49
 540 0061 13       		.uleb128 0x13
 541 0062 02       		.uleb128 0x2
 542 0063 17       		.uleb128 0x17
 543 0064 00       		.byte	0
 544 0065 00       		.byte	0
 545 0066 08       		.uleb128 0x8
 546 0067 34       		.uleb128 0x34
 547 0068 00       		.byte	0
 548 0069 03       		.uleb128 0x3
 549 006a 0E       		.uleb128 0xe
 550 006b 3A       		.uleb128 0x3a
 551 006c 0B       		.uleb128 0xb
 552 006d 3B       		.uleb128 0x3b
 553 006e 0B       		.uleb128 0xb
 554 006f 49       		.uleb128 0x49
 555 0070 13       		.uleb128 0x13
 556 0071 02       		.uleb128 0x2
 557 0072 17       		.uleb128 0x17
 558 0073 00       		.byte	0
 559 0074 00       		.byte	0
 560 0075 09       		.uleb128 0x9
 561 0076 2E       		.uleb128 0x2e
 562 0077 00       		.byte	0
 563 0078 3F       		.uleb128 0x3f
 564 0079 19       		.uleb128 0x19
 565 007a 03       		.uleb128 0x3
 566 007b 0E       		.uleb128 0xe
 567 007c 3A       		.uleb128 0x3a
 568 007d 0B       		.uleb128 0xb
 569 007e 3B       		.uleb128 0x3b
 570 007f 0B       		.uleb128 0xb
 571 0080 27       		.uleb128 0x27
 572 0081 19       		.uleb128 0x19
 573 0082 49       		.uleb128 0x49
 574 0083 13       		.uleb128 0x13
 575 0084 11       		.uleb128 0x11
 576 0085 01       		.uleb128 0x1
 577 0086 12       		.uleb128 0x12
 578 0087 06       		.uleb128 0x6
 579 0088 40       		.uleb128 0x40
 580 0089 18       		.uleb128 0x18
 581 008a 9742     		.uleb128 0x2117
 582 008c 19       		.uleb128 0x19
 583 008d 00       		.byte	0
 584 008e 00       		.byte	0
 585 008f 00       		.byte	0
 586              		.section	.debug_loc,"",%progbits
 587              	.Ldebug_loc0:
 588              	.LLST0:
 589 0000 00000000 		.4byte	.LVL0
ARM GAS  C:\Users\Thomas\AppData\Local\Temp\ccWdqZQs.s 			page 23


 590 0004 06000000 		.4byte	.LVL1
 591 0008 0100     		.2byte	0x1
 592 000a 50       		.byte	0x50
 593 000b 06000000 		.4byte	.LVL1
 594 000f 18000000 		.4byte	.LFE0
 595 0013 0400     		.2byte	0x4
 596 0015 F3       		.byte	0xf3
 597 0016 01       		.uleb128 0x1
 598 0017 50       		.byte	0x50
 599 0018 9F       		.byte	0x9f
 600 0019 00000000 		.4byte	0
 601 001d 00000000 		.4byte	0
 602              	.LLST1:
 603 0021 08000000 		.4byte	.LVL2
 604 0025 0C000000 		.4byte	.LVL3
 605 0029 0600     		.2byte	0x6
 606 002b 73       		.byte	0x73
 607 002c 00       		.sleb128 0
 608 002d 09       		.byte	0x9
 609 002e FE       		.byte	0xfe
 610 002f 1A       		.byte	0x1a
 611 0030 9F       		.byte	0x9f
 612 0031 00000000 		.4byte	0
 613 0035 00000000 		.4byte	0
 614              	.LLST2:
 615 0039 00000000 		.4byte	.LVL4
 616 003d 06000000 		.4byte	.LVL5
 617 0041 0100     		.2byte	0x1
 618 0043 50       		.byte	0x50
 619 0044 06000000 		.4byte	.LVL5
 620 0048 18000000 		.4byte	.LFE1
 621 004c 0400     		.2byte	0x4
 622 004e F3       		.byte	0xf3
 623 004f 01       		.uleb128 0x1
 624 0050 50       		.byte	0x50
 625 0051 9F       		.byte	0x9f
 626 0052 00000000 		.4byte	0
 627 0056 00000000 		.4byte	0
 628              		.section	.debug_aranges,"",%progbits
 629 0000 34000000 		.4byte	0x34
 630 0004 0200     		.2byte	0x2
 631 0006 00000000 		.4byte	.Ldebug_info0
 632 000a 04       		.byte	0x4
 633 000b 00       		.byte	0
 634 000c 0000     		.2byte	0
 635 000e 0000     		.2byte	0
 636 0010 00000000 		.4byte	.LFB0
 637 0014 18000000 		.4byte	.LFE0-.LFB0
 638 0018 00000000 		.4byte	.LFB1
 639 001c 18000000 		.4byte	.LFE1-.LFB1
 640 0020 00000000 		.4byte	.LFB2
 641 0024 10000000 		.4byte	.LFE2-.LFB2
 642 0028 00000000 		.4byte	.LFB3
 643 002c 10000000 		.4byte	.LFE3-.LFB3
 644 0030 00000000 		.4byte	0
 645 0034 00000000 		.4byte	0
 646              		.section	.debug_ranges,"",%progbits
ARM GAS  C:\Users\Thomas\AppData\Local\Temp\ccWdqZQs.s 			page 24


 647              	.Ldebug_ranges0:
 648 0000 00000000 		.4byte	.LFB0
 649 0004 18000000 		.4byte	.LFE0
 650 0008 00000000 		.4byte	.LFB1
 651 000c 18000000 		.4byte	.LFE1
 652 0010 00000000 		.4byte	.LFB2
 653 0014 10000000 		.4byte	.LFE2
 654 0018 00000000 		.4byte	.LFB3
 655 001c 10000000 		.4byte	.LFE3
 656 0020 00000000 		.4byte	0
 657 0024 00000000 		.4byte	0
 658              		.section	.debug_line,"",%progbits
 659              	.Ldebug_line0:
 660 0000 92000000 		.section	.debug_str,"MS",%progbits,1
 660      02004400 
 660      00000201 
 660      FB0E0D00 
 660      01010101 
 661              	.LASF16:
 662 0000 76616C75 		.ascii	"value\000"
 662      6500
 663              	.LASF23:
 664 0006 73746174 		.ascii	"staticBits\000"
 664      69634269 
 664      747300
 665              	.LASF9:
 666 0011 666C6F61 		.ascii	"float\000"
 666      7400
 667              	.LASF18:
 668 0017 50315F44 		.ascii	"P1_D0_Read\000"
 668      305F5265 
 668      616400
 669              	.LASF1:
 670 0022 756E7369 		.ascii	"unsigned char\000"
 670      676E6564 
 670      20636861 
 670      7200
 671              	.LASF13:
 672 0030 72656738 		.ascii	"reg8\000"
 672      00
 673              	.LASF5:
 674 0035 6C6F6E67 		.ascii	"long unsigned int\000"
 674      20756E73 
 674      69676E65 
 674      6420696E 
 674      7400
 675              	.LASF3:
 676 0047 73686F72 		.ascii	"short unsigned int\000"
 676      7420756E 
 676      7369676E 
 676      65642069 
 676      6E7400
 677              	.LASF21:
 678 005a 2E5C4765 		.ascii	".\\Generated_Source\\PSoC5\\P1_D0.c\000"
 678      6E657261 
 678      7465645F 
 678      536F7572 
ARM GAS  C:\Users\Thomas\AppData\Local\Temp\ccWdqZQs.s 			page 25


 678      63655C50 
 679              	.LASF10:
 680 007b 646F7562 		.ascii	"double\000"
 680      6C6500
 681              	.LASF22:
 682 0082 433A5C55 		.ascii	"C:\\Users\\Thomas\\Documents\\PSoC Creator\\TASBot\\"
 682      73657273 
 682      5C54686F 
 682      6D61735C 
 682      446F6375 
 683 00b0 54415342 		.ascii	"TASBot.cydsn\000"
 683      6F742E63 
 683      7964736E 
 683      00
 684              	.LASF8:
 685 00bd 756E7369 		.ascii	"unsigned int\000"
 685      676E6564 
 685      20696E74 
 685      00
 686              	.LASF19:
 687 00ca 50315F44 		.ascii	"P1_D0_ReadDataReg\000"
 687      305F5265 
 687      61644461 
 687      74615265 
 687      6700
 688              	.LASF7:
 689 00dc 6C6F6E67 		.ascii	"long long unsigned int\000"
 689      206C6F6E 
 689      6720756E 
 689      7369676E 
 689      65642069 
 690              	.LASF17:
 691 00f3 6D6F6465 		.ascii	"mode\000"
 691      00
 692              	.LASF6:
 693 00f8 6C6F6E67 		.ascii	"long long int\000"
 693      206C6F6E 
 693      6720696E 
 693      7400
 694              	.LASF20:
 695 0106 474E5520 		.ascii	"GNU C 4.9.3 20150303 (release) [ARM/embedded-4_9-br"
 695      4320342E 
 695      392E3320 
 695      32303135 
 695      30333033 
 696 0139 616E6368 		.ascii	"anch revision 221220] -mcpu=cortex-m3 -mthumb -g -O"
 696      20726576 
 696      6973696F 
 696      6E203232 
 696      31323230 
 697 016c 33202D66 		.ascii	"3 -ffunction-sections -finline-functions -flto -ffa"
 697      66756E63 
 697      74696F6E 
 697      2D736563 
 697      74696F6E 
 698 019f 742D6C74 		.ascii	"t-lto-objects\000"
 698      6F2D6F62 
ARM GAS  C:\Users\Thomas\AppData\Local\Temp\ccWdqZQs.s 			page 26


 698      6A656374 
 698      7300
 699              	.LASF11:
 700 01ad 63686172 		.ascii	"char\000"
 700      00
 701              	.LASF2:
 702 01b2 73686F72 		.ascii	"short int\000"
 702      7420696E 
 702      7400
 703              	.LASF12:
 704 01bc 75696E74 		.ascii	"uint8\000"
 704      3800
 705              	.LASF14:
 706 01c2 50315F44 		.ascii	"P1_D0_Write\000"
 706      305F5772 
 706      69746500 
 707              	.LASF4:
 708 01ce 6C6F6E67 		.ascii	"long int\000"
 708      20696E74 
 708      00
 709              	.LASF0:
 710 01d7 7369676E 		.ascii	"signed char\000"
 710      65642063 
 710      68617200 
 711              	.LASF15:
 712 01e3 50315F44 		.ascii	"P1_D0_SetDriveMode\000"
 712      305F5365 
 712      74447269 
 712      76654D6F 
 712      646500
 713              		.comm	__gnu_lto_v1,1,1
 714              		.ident	"GCC: (GNU Tools for ARM Embedded Processors) 4.9.3 20150303 (release) [ARM/embedded-4_9-br
