ARM GAS  C:\Users\Thomas\AppData\Local\Temp\ccZBlraU.s 			page 1


   1              		.syntax unified
   2              		.cpu cortex-m3
   3              		.fpu softvfp
   4              		.eabi_attribute 20, 1
   5              		.eabi_attribute 21, 1
   6              		.eabi_attribute 23, 3
   7              		.eabi_attribute 24, 1
   8              		.eabi_attribute 25, 1
   9              		.eabi_attribute 26, 1
  10              		.eabi_attribute 30, 2
  11              		.eabi_attribute 34, 1
  12              		.eabi_attribute 18, 4
  13              		.thumb
  14              		.file	"P1_D2.c"
  15              		.text
  16              	.Ltext0:
  17              		.section	.gnu.lto_.profile.c0d6938f,"",%progbits
  18 0000 789C6366 		.ascii	"x\234cf```a\200\000F\006IQ\000\000\273\0007"
  18      60606061 
  18      80004606 
  18      49510000 
  18      BB0037
  19              		.text
  20              		.section	.gnu.lto_.jmpfuncs.c0d6938f,"",%progbits
  21 0000 789C6366 		.ascii	"x\234cf\300\016\204\2404\013\003##c=#\210`b``\006\212"
  21      C00E84A0 
  21      340B0323 
  21      23633D23 
  21      88606260 
  22 0017 00000DC0 		.ascii	"\000\000\015\300\001$"
  22      0124
  23              		.text
  24              		.section	.gnu.lto_.inline.c0d6938f,"",%progbits
  25 0000 789C6366 		.ascii	"x\234cf\300\016\022\2404\013\003\003'\007##\003#\003"
  25      C00E12A0 
  25      340B0303 
  25      27072323 
  25      032303
  26 0013 0333C701 		.ascii	"\0033\307\001;\006\266\005\362L\014,\013\344Y@\222\214"
  26      3B06B605 
  26      F24C0C2C 
  26      0BE45940 
  26      928C
  27 0025 0C1CECE8 		.ascii	"\014\034\354\350rL\027\370\301rL\014l\254\214\014Ll"
  27      724C17F8 
  27      C1724C0C 
  27      6CAC8C0C 
  27      4C6C
  28 0037 1FF420E2 		.ascii	"\037\364 \342@\300\214)\304\000\000\333l\011\322"
  28      40C08C29 
  28      C40000DB 
  28      6C09D2
  29              		.text
  30              		.section	.gnu.lto_.pureconst.c0d6938f,"",%progbits
  31 0000 789C6366 		.ascii	"x\234cf``\340d\200\000\026\006)F)&)f)\000\002\305\000"
  31      6060E064 
  31      80001606 
ARM GAS  C:\Users\Thomas\AppData\Local\Temp\ccZBlraU.s 			page 2


  31      29462926 
  31      29662900 
  32 0017 7F       		.ascii	"\177"
  33              		.text
  34              		.section	.gnu.lto_P1_D2_Write.c0d6938f,"",%progbits
  35 0000 789C6591 		.ascii	"x\234e\221OHTQ\024\306\317w\357{\363,\013\242\345\354"
  35      4F485451 
  35      14C6CF77 
  35      EF7BF32C 
  35      0BA2E5EC 
  36 0014 C2C48A10 		.ascii	"\302\304\212\020\212\332G\005m\007\334\016\3100\276"
  36      8ADA4705 
  36      6D07DC0E 
  36      C830BE
  37 0023 8510093A 		.ascii	"\205\020\011:\266\365\276\032f\021\004\"A\241\010\211"
  37      B6F5BE1A 
  37      66110422 
  37      41A10889 
  38 0033 85E5987F 		.ascii	"\205\345\230\177A\332\010OQ7Q2\233\004\033\374\003c"
  38      41DA084F 
  38      51375132 
  38      9B041BFC 
  38      0363
  39 0045 D6AE6186 		.ascii	"\326\256a\206\314&\235\316\271\317E\322\203\373\347"
  39      CC269DCE 
  39      B9CF45D2 
  39      83FBE7
  40 0054 1D7EDF77 		.ascii	"\035~\337w\277{\256\246\377\2778\217K\212\350\006\257"
  40      BF7BAEA6 
  40      FFBF388F 
  40      4B8AE806 
  40      AF
  41 0065 D004D5FF 		.ascii	"\320\004\325\377\211(hP\200l\010\324\247\320\207\357"
  41      89286850 
  41      806C08D4 
  41      A7D087EF 
  42 0075 AAACD01F 		.ascii	"\252\254\320\037\346_4\266\2746\306\374\030X\013\022"
  42      E65F34B6 
  42      BC36C6FC 
  42      18580B12 
  43 0085 210E5857 		.ascii	"!\016XWQ\221\017\306\320\302L%o\236i}\021\304\373\351"
  43      51910FC6 
  43      D0C24C25 
  43      6F9E697D 
  43      11C4FBE9 
  44 0099 C2C723AF 		.ascii	"\302\307#\257y\324\230G\341\373Is\213q\340\0154+p5\216"
  44      79D49847 
  44      E1FB4973 
  44      8B71E00D 
  44      342B7035 
  45 00ae CB71E202 		.ascii	"\313q\342\002\341-\232\005\236}\272<\257\364\025+\034"
  45      E12D9A05 
  45      9E7DBA3C 
  45      AFF4152B 
  45      1C
  46 00bf F9B0B37C 		.ascii	"\371\260\263|\246i\204\205\333\265\371d\030\2744G\365"
  46      A6698485 
ARM GAS  C:\Users\Thomas\AppData\Local\Temp\ccZBlraU.s 			page 3


  46      DBB5F964 
  46      18BC3447 
  46      F5
  47 00d0 BA958FFF 		.ascii	"\272\225\217\377+\217>\346\313\331\303\365\306X\226"
  47      2B8F3EE6 
  47      CBD9C3F5 
  47      C65896
  48 00df 839D431E 		.ascii	"\203\235C\036MQ&L \006^\2442u>4\365\372\334\302\342"
  48      4D51264C 
  48      20065EA4 
  48      32753E34 
  48      F5FADCC2 
  49 00f4 6F9C527C 		.ascii	"o\234R|\254\342\213r\331\201\234\356J!&\223'\023Q\211"
  49      ACE28B72 
  49      D9819CEE 
  49      4A212693 
  49      27135189 
  50 0108 875C7E97 		.ascii	"\207\\~\227\177x\325\033X\372\371d\363\271'\216\373"
  50      7F78D51B 
  50      58FAF964 
  50      F3B9278E 
  50      FB
  51 0119 4A3A51CE 		.ascii	"J:Q\316\255.\350o\352@\351p40\216d\330*\255\025\032"
  51      AD2EE86F 
  51      EA40E970 
  51      34308E64 
  51      D82AAD15 
  52 012e 6CC946AA 		.ascii	"l\311F\252|)\376\361\2061\024d9\267\203w\210c\022\034"
  52      7C29FEF1 
  52      86311464 
  52      39B78377 
  52      8863121C 
  53 0142 19531806 		.ascii	"\031S\030\006m\340\361\257\\\021\221\241\216<\307V\366"
  53      6DE0F1AF 
  53      5C1191A1 
  53      8E3CC756 
  53      F6
  54 0153 16CF8A01 		.ascii	"\026\317\212\001j\334\225i\206?C\331KpR\246DT\314}\335"
  54      6ADC9569 
  54      863F43D9 
  54      4B7052A6 
  54      4454CC7D 
  55 0168 3B8EE1EE 		.ascii	";\216\341\356+\207U\203\353\273U\233\204\263b\206E\326"
  55      2B875583 
  55      EBBB559B 
  55      84B36286 
  55      45D6
  56 017a BA7A6C2D 		.ascii	"\272zl-\034C\257\012[\005\0139\016a6\202\252\261\010"
  56      1C43AF0A 
  56      5B050B39 
  56      0E613682 
  56      AAB108
  57 018d F12C25EE 		.ascii	"\361,%\356K\003Vu\"|\020\272'\343\317q|\026\321&\202"
  57      4B035675 
  57      227C10BA 
  57      27E3CF71 
  57      7C16D126 
ARM GAS  C:\Users\Thomas\AppData\Local\Temp\ccZBlraU.s 			page 4


  58 01a2 B0E60A2F 		.ascii	"\260\346\012/oP\342\207\344Nq\337.\264&\357\371\017"
  58      6F50E287 
  58      E44E71DF 
  58      2EB426EF 
  58      F90F
  59 01b4 FCEE54C6 		.ascii	"\374\356T\306\357ho\353\352\355N\373\311D[\327\235\233"
  59      EF686FEB 
  59      EAED4EFB 
  59      C9445BD7 
  59      9D9B
  60 01c6 C9C4B5F6 		.ascii	"\311\304\265\366\273\327[\323\344>L\335\357\365O\367"
  60      BBD75BD3 
  60      E43E4CDD 
  60      EFF54FF7 
  61 01d6 645299CE 		.ascii	"dR\231\316\364\355\316L\317_\267~\317o"
  61      F4EDCE4C 
  61      CF5FB77E 
  61      CF6F
  62              		.text
  63              		.section	.gnu.lto_P1_D2_SetDriveMode.c0d6938f,"",%progbits
  64 0000 789C7D51 		.ascii	"x\234}Q](\203Q\030~\237s\276\355\233\026\311\325\332"
  64      5D288351 
  64      187E9F73 
  64      BEED9B16 
  64      C9D5DA
  65 0013 9D229488 		.ascii	"\235\"\224\210r\257\210[\265\333\325\022\337%\253\305"
  65      72AF885B 
  65      B5DBD512 
  65      DF25ABC5 
  66 0023 F5BE3129 		.ascii	"\365\2761)7~\256\324Z\211\22616\345\302\245%w\212(\311"
  66      377EAED4 
  66      5A899631 
  66      36E5C2A5 
  66      25778A28 
  67 0038 CA14F333 		.ascii	"\312\024\3633E\026aI\363\236o\273X)\247\357\274\347"
  67      45166149 
  67      F39E6FBB 
  67      5829A7EF 
  67      BCE7
  68 004a 7DDE9EE7 		.ascii	"}\336\236\347\371\336\363\036I\177\227\233\367\023\210"
  68      F9DEF31E 
  68      497F979B 
  68      F71388
  69 0059 5AF98424 		.ascii	"Z\371\204$\210\205c\242\220C\000*!PP \210\274(\010,"
  69      888563A2 
  69      9043002A 
  69      21505020 
  69      88BC2808 
  70 006e A413CBCE 		.ascii	"\244\023\313\316\226\230i\232\257\253{\256\031WQ\020"
  70      9698699A 
  70      AFAB7BAE 
  70      19575110 
  71 007e BD89B20D 		.ascii	"\275\211\262\015\326\321\302\224\207b~\275V6\2018\377"
  71      D6D1C294 
  71      87627EBD 
  71      56368138 
  71      FF
ARM GAS  C:\Users\Thomas\AppData\Local\Temp\ccZBlraU.s 			page 5


  72 008f 59BC3813 		.ascii	"Y\2748\023\315k\2469\225\336O\232\275(\262g\034\222"
  72      CD6BA639 
  72      95DE4F9A 
  72      BD28B267 
  72      1C92
  73 00a1 156877A3 		.ascii	"\025hw\243\315M\\ l\240Y\221\013\341\237\013\247=\314"
  73      CD4D5C20 
  73      6CA05991 
  73      0BE19F0B 
  73      A73DCC
  74 00b4 DEF5654F 		.ascii	"\336\365eOl\302\316mQ\252!m\226JoW\213\361N8\005k\204"
  74      6CC2CE6D 
  74      51AA216D 
  74      964A6F57 
  74      8BF14E38 
  75 00cb E4203515 		.ascii	"\344 5\025lPr\273Ju\025\034*\324(\016Q\216\267\272\301"
  75      6C5072BB 
  75      4A75151C 
  75      2AD4280E 
  75      518EB7BA 
  76 00e0 1D033E65 		.ascii	"\035\003>e\006\007\037s\367\021M\371~\012u\235X\374"
  76      06071F73 
  76      F7114DF9 
  76      7E0A759D 
  76      58FC
  77 00f2 36854751 		.ascii	"6\205GQ\024\332\315J\310\324T\027\327\271\223S\207U"
  77      14DACD4A 
  77      C8D45417 
  77      D7B99353 
  77      8755
  78 0104 2205CFF3 		.ascii	"\"\005\317\363\263\363z\024\221P\230\233\267!\0017\266"
  78      B3F37A14 
  78      9150989B 
  78      B7210137 
  78      B6
  79 0115 C003C336 		.ascii	"\300\003\3036\242\240\014\246\262z\331N\262#\343\351"
  79      A2A00CA6 
  79      B27AD94E 
  79      B223E3E9 
  80 0125 2F7B196B 		.ascii	"/{\031k\\b\375\345\313\353\221e'\013\245\312\342Y&\331"
  80      5C62FDE5 
  80      CBEB9165 
  80      270BA5CA 
  80      E25926D9 
  81 0139 A24ACB9F 		.ascii	"\242J\313\237\255Z\253s\211\265\247\273\317\2076K[G"
  81      AD5AAB73 
  81      89B5A7BB 
  81      CF87364B 
  81      5B47
  82 014b 485992E9 		.ascii	"HY\222\351\367\012\305a\375A\257v\251\341*\343\203%"
  82      F70AC561 
  82      FD41AF76 
  82      A9E12AE3 
  82      8325
  83 015d 28FC5FEF 		.ascii	"(\374_\357;\334;\363)\213P\372{@\261\325\373\345\370"
  83      3BDC3BF3 
  83      298B50FA 
ARM GAS  C:\Users\Thomas\AppData\Local\Temp\ccZBlraU.s 			page 6


  83      7B40B1D5 
  83      FBE5F8
  84 0170 2D784C3C 		.ascii	"-xL<\264\306\016\357\2401n\004\206'\214Q\237\307?\031"
  84      B4C60EEF 
  84      A0316E04 
  84      86278C51 
  84      9FC73F19 
  85 0184 1831BC43 		.ascii	"\0301\274C\036\177_\217w\250\313\327\337\3351B\332\230"
  85      1E7F5F8F 
  85      77A8CBD7 
  85      DFDD3142 
  85      DA98
  86 0196 7FD4F805 		.ascii	"\177\324\370\005\266+\267\011"
  86      B62BB709 
  87              		.text
  88              		.section	.gnu.lto_P1_D2_Read.c0d6938f,"",%progbits
  89 0000 789C6550 		.ascii	"x\234eP=HBQ\024>\337y\357\251\340\022M\341\026\015\022"
  89      3D484251 
  89      143EDF79 
  89      EFA9E012 
  89      4DE1160D 
  90 0015 8850D052 		.ascii	"\210P\320RcA\253\324*H\330[\023\244f\237f\026N\345\020"
  90      6341ABD4 
  90      2A48D85B 
  90      13A4669F 
  90      66164EE5 
  91 002a 51D812D1 		.ascii	"Q\330\022\321?\015M\005B?KC\024\321`H\274\206\024jK"
  91      3F0D4D05 
  91      423F4B43 
  91      14D16048 
  91      BC86146A 
  92 003f B49F0795 		.ascii	"\264\237\007\225\235\353k\353\302=\347\236s\276\363"
  92      9DEB6BEB 
  92      C23DE79E 
  92      73BEF3
  93 004e 7DE75C8D 		.ascii	"}\347\\\215\376\237\200\3341\020\365\210\207F\340\305"
  93      FE9F80DC 
  93      3110F588 
  93      8746E0C5 
  94 005e 6BA2B48F 		.ascii	"k\242\264\217\001\365 P\212\221\302\013\327\031W\307"
  94      01F52050 
  94      8A91C20B 
  94      D71957C7 
  95 006e 3F77086E 		.ascii	"?w\010nZV\346\265Pz\360\317u9L\324`B(\200^\305\203-"
  95      5A56E6B5 
  95      507AF0CF 
  95      75394CD4 
  95      60422880 
  96 0086 044980F5 		.ascii	"\004I\200\365\354w\331\357\311Z\226\325\241\352R\330"
  96      EC77D9EF 
  96      C95A96D5 
  96      A1EA52D8 
  97 0096 864734E8 		.ascii	"\206G4\350\260\363\324j\265\216\336\226\026\206\340"
  97      B0F3D46A 
  97      B58EDE96 
  97      1686E0
  98 00a5 05392C8A 		.ascii	"\0059,\212bt1l(\343!\305IU1J\276\306\254\274V\301\371"
ARM GAS  C:\Users\Thomas\AppData\Local\Temp\ccZBlraU.s 			page 7


  98      6274316C 
  98      28E321C5 
  98      4955314A 
  98      BEC6ACBC 
  99 00bc 7BDE5E1F 		.ascii	"{\336^\037T<\037\254\211\204\363T\3722\236\331a\355"
  99      543C1FAC 
  99      8984F354 
  99      FA329ED9 
  99      61ED
 100 00ce 6C236DE9 		.ascii	"l#m\351J\365\261zs\353k\247H\205\313\371\306\205\257"
 100      4AF5B17A 
 100      73EB6BA7 
 100      4885CBF9 
 100      C685AF
 101 00e1 88B57416 		.ascii	"\210\265t\026\016\353\330A\000\273\220)\261\207\"\250"
 101      0EEBD841 
 101      00BB9029 
 101      B18722A8 
 102 00f1 82D9CF5C 		.ascii	"\202\331\317\\\223]B\270\234'\205\313\025\217\"\220"
 102      935D42B8 
 102      9C2785CB 
 102      158F2290 
 103 0101 81B02FD8 		.ascii	"\201\260/\330\0122\266\327\205\350\202RMv\256\252\273"
 103      0A32B6D7 
 103      85E88252 
 103      4D76AEAA 
 103      BB
 104 0112 194392D2 		.ascii	"\031C\222\322\264Z\25655\325d\310G\034\270M\367\363"
 104      B45AAE35 
 104      35D564C8 
 104      471CB84D 
 104      F7F3
 105 0124 2117A360 		.ascii	"!\027\243`d\003\177Q{3\250\215d\277\356pt\324\2342\223"
 105      64037F51 
 105      7B33A88D 
 105      64BFEE70 
 105      74D49C32 
 106 0139 13D3E664 		.ascii	"\023\323\346dl<1\223\214\233\321\310xbx \032\351\213"
 106      6C3C3193 
 106      8C9BD1C8 
 106      78627820 
 106      1AE98B
 107 014c 8DF487E3 		.ascii	"\215\364\207\343\364\013\016&\200?"
 107      F40B0E26 
 107      803F
 108              		.text
 109              		.section	.gnu.lto_P1_D2_ReadDataReg.c0d6938f,"",%progbits
 110 0000 789C6550 		.ascii	"x\234eP1HBa\020\276\357\336\363)\270DS\270E\203\024"
 110      31484261 
 110      10BEEFDE 
 110      F329B844 
 110      53B84583 
 111 0015 2214B4B4 		.ascii	"\"\024\264\264\026\264J\256\202\204\2755Aj\366if\321"
 111      16B44AAE 
 111      8284BD35 
 111      416AF669 
 111      66D1
ARM GAS  C:\Users\Thomas\AppData\Local\Temp\ccZBlraU.s 			page 8


 112 0027 144E5138 		.ascii	"\024NQ8E\224V44\025\004\322\020\015\221\224\203ab\213"
 112      45945634 
 112      341504D2 
 112      100D9194 
 112      8361628B 
 113 003b 426D8952 		.ascii	"Bm\211R=(\355~_[?\374w\377\335}\367}w\277F\377\217O"
 113      3D28ED7E 
 113      5F5B3FFC 
 113      77FFDD7D 
 113      F77D77BF 
 114 0053 EE0288C6 		.ascii	"\356\002\210\306\304C#\360\366=Q\312\303\200z\020(\311"
 114      C44323F0 
 114      F63D51CA 
 114      C3807A10 
 114      28C9
 115 0065 48E28DDB 		.ascii	"H\342\215\333\214\273\213^\005\376\003\313J\277?V\352"
 115      8CBB8B5E 
 115      05FE03CB 
 115      4ABF3F56 
 115      EA
 116 0076 DEF5119B 		.ascii	"\336\365\021\233\211:L\010\3700\256xp\010?\011\260\235"
 116      893A4C08 
 116      F830AE78 
 116      70083F09 
 116      B09D
 117 0088 F9A97A8D 		.ascii	"\371\251z\215\214eYC\252.\205#\030\242Ag\303%\253\337"
 117      8C655943 
 117      AA2E8523 
 117      18A24167 
 117      C325ABDF 
 118 009c 3F2FE736 		.ascii	"?/\3476'\330\015\262Y\024\305\350b\330\245\214A\212"
 118      27D80DB2 
 118      5914C5E8 
 118      62D8A58C 
 118      418A
 119 00ae 939A6294 		.ascii	"\223\232b\224|\213Yy\255\206\353\217\255^aF\361|\262"
 119      7C8B5979 
 119      AD86EB8F 
 119      AD5E6146 
 119      F17CB2
 120 00c1 A624B237 		.ascii	"\246$\2627W\332+\333\254\225\366S\226\256T_\232\345"
 120      57DA2BDB 
 120      AC95F653 
 120      96AE545F 
 120      9AE5
 121 00d3 07CF2045 		.ascii	"\007\317 E*\354<\327\277\335y\354\2452\260YG\001>\024"
 121      2AEC3CD7 
 121      BFDD79EC 
 121      A532B059 
 121      47013E14 
 122 00e7 2153E218 		.ascii	"!S\342\030yP\015k_\331.;\204p8/s\267;\206\"\220\201"
 122      79500D6B 
 122      5FD92E3B 
 122      8470382F 
 122      73B73B86 
 123 00fe 7022D81A 		.ascii	"p\"\330\032\322\015\267\003\321\005\245\232\032\331"
 123      D20DB703 
ARM GAS  C:\Users\Thomas\AppData\Local\Temp\ccZBlraU.s 			page 9


 123      D105A59A 
 123      1AD9
 124 010c A6EE645C 		.ascii	"\246\356d\\\222\224\246\335j\253;\030\304%\037q\352"
 124      9294A6DD 
 124      6AAB3B18 
 124      C4251F71 
 124      EA
 125 011d 343D6D04 		.ascii	"4=m\004\034\214\202Q\003\370\213\006\233Am$\373\215"
 125      1C8C8251 
 125      03F88B06 
 125      9B416D24 
 125      FB8D
 126 012f 0623F3E6 		.ascii	"\006#\363\346\262\231X\\1\227\242\341\370j\"fFB\341"
 126      B299585C 
 126      3197A2E1 
 126      F86A2266 
 126      4642E1
 127 0142 F8EC7424 		.ascii	"\370\354t$4\031\235\233\012\306\350\027\201\377\200"
 127      34199D9B 
 127      0AC6E817 
 127      81FF80
 128 0151 BC       		.ascii	"\274"
 129              		.text
 130              		.section	.gnu.lto_.symbol_nodes.c0d6938f,"",%progbits
 131 0000 789C6366 		.ascii	"x\234cf``pb\200\002&\206z\006\206\011\347\030\030\352"
 131      60607062 
 131      80022686 
 131      7A068609 
 131      E71818EA 
 132 0014 EB19E62D 		.ascii	"\353\031\346-\340``b\254gD\3413\3253\241\360\231\353"
 132      E0606062 
 132      AC6744E1 
 132      33D533A1 
 132      F099EB
 133 0027 9991F90C 		.ascii	"\231\221\371\014\0003\356\020\336"
 133      0033EE10 
 133      DE
 134              		.text
 135              		.section	.gnu.lto_.refs.c0d6938f,"",%progbits
 136 0000 789C6366 		.ascii	"x\234cf```d\200\002\000\000=\000\005"
 136      60606064 
 136      80020000 
 136      3D0005
 137              		.text
 138              		.section	.gnu.lto_.decls.c0d6938f,"",%progbits
 139 0000 789C8D92 		.ascii	"x\234\215\222]H\024Q\024\307\357\231;\256:\256\366\361"
 139      5D481451 
 139      14C7EF99 
 139      3BAE3AAE 
 139      F6F1
 140 0012 A0B1046D 		.ascii	"\240\261\004m\004B BE\340[\202\202\022\024\213\022="
 140      04422042 
 140      45E05B82 
 140      8212148B 
 140      123D
 141 0024 28C8A283 		.ascii	"(\310\242\203\371\242\261\215\201O\336\374\300\217\242"
 141      F9A2B18D 
ARM GAS  C:\Users\Thomas\AppData\Local\Temp\ccZBlraU.s 			page 10


 141      814FDEFC 
 141      C08FA2
 142 0033 4C1437E9 		.ascii	"L\0247\351CP\263\374\312tu]?g\353\305J\243\007\021\264"
 142      4350B3FC 
 142      CA74755D 
 142      3F67EBC5 
 142      4AA30711 
 143 0048 97542A7D 		.ascii	"\227T*}[\243\302\240\230\316\334\331m\006[\301\013g"
 143      5BA3C2A0 
 143      98CEDCD9 
 143      6D065BC1 
 143      0B67
 144 005a 66CECCFF 		.ascii	"f\316\314\377\367?\347\3369\224\020\342\004B4\\\231"
 144      F73FE7DE 
 144      399410E2 
 144      0442345C 
 144      99
 145 006b 949076CC 		.ascii	"\224\220v\314c0\\\304\\\"\306(\206\017\303\217\021 "
 145      63305CC4 
 145      5C22C628 
 145      860FC38F 
 145      1120
 146 007d FFAF510B 		.ascii	"\377\257Q\0137\204\221\2141\2071\023\376\016a\315\336"
 146      3784918C 
 146      31873113 
 146      FE0E61CD 
 146      DE
 147 008e A57BDAF6 		.ascii	"\245{\332\366pj\024\326\027\205\365\207\331\010\227"
 147      706A14D6 
 147      1785F587 
 147      D90897
 148 009d 6BE12E5A 		.ascii	"k\341.ZX\177\0246p@6\332^w\004\010\014\177_J\330\022"
 148      587F1436 
 148      704036DA 
 148      5E770408 
 148      0C7F5F4A 
 149 00b3 204972EA 		.ascii	" Ir\352\351T\353\202\327\206\251]\022\365te\276\241"
 149      E954EB82 
 149      D786A95D 
 149      12F57465 
 149      BEA1
 150 00c5 218E0AA0 		.ascii	"!\216\012\240?w{\327\227\245\264~\306X#SU0-n=\235\276"
 150      3F777BD7 
 150      97A5B47E 
 150      C6582353 
 150      55302D6E 
 151 00dc 138B4CB2 		.ascii	"\023\213L\262\304\323\273\357:\203\224\247\232\316\011"
 151      C4D3BBEF 
 151      3A8394A7 
 151      9ACE09
 152 00eb ABAB6DBF 		.ascii	"\253\253m\277(H\251\215\214\325\260P+\243\307\010\244"
 152      2848A98D 
 152      8CD5B050 
 152      2BA3C708 
 152      A4
 153 00fc 39E0B483 		.ascii	"9\340\264\203\3000\244\242\014\372!\215\300\0008`\020"
 153      C030A4A2 
ARM GAS  C:\Users\Thomas\AppData\Local\Temp\ccZBlraU.s 			page 11


 153      0CFA218D 
 153      C0003860 
 153      10
 154 010d 1CA4070B 		.ascii	"\034\244\007\013\204\236,\257\035gL\204!\220\3409P\256"
 154      849E2CAF 
 154      1D674C84 
 154      2190E039 
 154      50AE
 155 011f C06DE815 		.ascii	"\300m\350\025\302E[\352\203-\242(\340K]S\300\273\375"
 155      C2455BEA 
 155      832DA228 
 155      E04B5D53 
 155      C0BBFD
 156 0132 A1ADF70A 		.ascii	"\241\255\367\012)\355h\300Zj\331a\021\\\311\320\207"
 156      29ED68C0 
 156      5A6AD961 
 156      115CC9D0 
 156      87
 157 0143 B6CFD096 		.ascii	"\266\317\320\226\300\010\244\340\365\005\210\206\301"
 157      C008A4E0 
 157      F5058886 
 157      C1
 158 0150 C3C5C536 		.ascii	"\303\305\3056\033=\307\267\366\346\355\340|\202\363"
 158      1B3DC7B7 
 158      F6E6EDE0 
 158      7C82F3
 159 015f 31EB1A09 		.ascii	"1\353\032\011i\337V\355l\201\251\232v\201#\360\362_"
 159      69DF56ED 
 159      6C81A99A 
 159      768123F0 
 159      F25F
 160 0171 79A23F1B 		.ascii	"y\242?\033\3479\012N\304f\277>\230M\244nn\261=\360\361"
 160      E7390A4E 
 160      C466BF3E 
 160      984DA46E 
 160      6EB13DF0 
 161 0186 8FC42DBA 		.ascii	"\217\304-\272\246\272m\206\001\347\307,\374X\204\367"
 161      A6BA6D86 
 161      01E7C72C 
 161      FC5884F7 
 162 0196 71BEA96E 		.ascii	"q\276\251n\204Z\333\325wb\366;\316\373-\010\267[\257"
 162      845ADBD5 
 162      7762F63B 
 162      CEFB2D08 
 162      B75BAF
 163 01a9 35F9E2A8 		.ascii	"5\371\342\250\302kmM\1771\272\375\264\275)\253u\354"
 163      C26B6D4D 
 163      7F31BAFD 
 163      B4BD29AB 
 163      75EC
 164 01bb B7A651AE 		.ascii	"\267\246Q\256\207\011K\261\211H1?/\366zc\275\343\020"
 164      87094BB1 
 164      8948313F 
 164      2FF67A63 
 164      BDE310
 165 01ce ADE6061F 		.ascii	"\255\346\006\037^}\366\205\233}\324\033iV\347'-\374"
 165      5E7DF685 
ARM GAS  C:\Users\Thomas\AppData\Local\Temp\ccZBlraU.s 			page 12


 165      9B7DD41B 
 165      6956E727 
 165      2DFC
 166 01e0 64840F70 		.ascii	"d\204\017p\236u\334\356\211\243\367\201\033\214\377"
 166      9E75DCEE 
 166      89A3F781 
 166      1B8CFF
 167 01ef 6C0E244A 		.ascii	"l\016$J\370Gk\017\360Gq\006\226\3377\257\304\0333\260"
 167      F8476B0F 
 167      F0477106 
 167      96DF37AF 
 167      C41B33B0 
 168 0203 9798DD77 		.ascii	"\227\230\335w\006v7s\353X&\314\340\251L\23130\015\346"
 168      06763773 
 168      EB5826CC 
 168      E0A94C99 
 168      33300DE6 
 169 0217 10346D74 		.ascii	"\0204mt.\331\355\315\372`\341\011\306/$q\261y\204s`"
 169      2ED9EDCD 
 169      FA60E109 
 169      C62F2471 
 169      B1798473 
 170 022c E73BC0FB 		.ascii	"\347;\300\373\216@\203}\3015\011\034\222\303\213\023"
 170      8E40837D 
 170      C135091C 
 170      92C38B13 
 171 023c BC7B0254 		.ascii	"\274{\002Ttj\324O?T\303\2507)\322\021\341\037\010\004"
 171      746AD44F 
 171      3F54C3A8 
 171      3729D211 
 171      E11F0804 
 172 0250 D1661E6D 		.ascii	"\321f\036mt\265\272\245i\325\232\261\356\305r\001\277"
 172      74B5BAA5 
 172      69D59AB1 
 172      EEC57201 
 172      BF
 173 0261 C4549695 		.ascii	"\304T\226\225+\031\266\234\313W\234Y\344Tza\216\\.{"
 173      2B19B69C 
 173      CB579C59 
 173      E4547A61 
 173      8E5C2E7B 
 174 0275 DC8A5C52 		.ascii	"\334\212\\R\224_Q\351)\226\013]\371\025Y\347\013\213"
 174      945F51E9 
 174      29960B5D 
 174      F91559E7 
 174      0B8B
 175 0287 AB94AAEB 		.ascii	"\253\224\252\353\362\215\364k$\301u\246(\373l\321UO"
 175      F28DF46B 
 175      24C175A6 
 175      28FB6CD1 
 175      554F
 176 0299 99229FDC 		.ascii	"\231\"\237\334W\317E\351\305\344\250\241\316\227\225"
 176      57CF45E9 
 176      C5E4A8A1 
 176      CE9795
 177 02a8 6C4FD94D 		.ascii	"lO\331M\371RE\211,\031\257\362dw\311\021\3631\333\255"
 177      F9524589 
ARM GAS  C:\Users\Thomas\AppData\Local\Temp\ccZBlraU.s 			page 13


 177      2C19AFF2 
 177      6477C911 
 177      F331DBAD 
 178 02bc B8F3E452 		.ascii	"\270\363\344R\321#\227f\374\005\311\266Gi"
 178      D1239766 
 178      FC05C9B6 
 178      4769
 179              		.text
 180              		.section	.gnu.lto_.symtab.c0d6938f,"",%progbits
 181 0000 50315F44 		.ascii	"P1_D2_Write\000\000\000\000\000\000\000\000\000\000"
 181      325F5772 
 181      69746500 
 181      00000000 
 181      00000000 
 182 0015 0000B200 		.ascii	"\000\000\262\000\000\000P1_D2_SetDriveMode\000\000\000"
 182      00005031 
 182      5F44325F 
 182      53657444 
 182      72697665 
 183 0030 00000000 		.ascii	"\000\000\000\000\000\000\000\000\000\264\000\000\000"
 183      00000000 
 183      00B40000 
 183      00
 184 003d 50315F44 		.ascii	"P1_D2_Read\000\000\000\000\000\000\000\000\000\000\000"
 184      325F5265 
 184      61640000 
 184      00000000 
 184      00000000 
 185 0052 00B70000 		.ascii	"\000\267\000\000\000P1_D2_ReadDataReg\000\000\000\000"
 185      0050315F 
 185      44325F52 
 185      65616444 
 185      61746152 
 186 006c 00000000 		.ascii	"\000\000\000\000\000\000\000\000\271\000\000\000"
 186      00000000 
 186      B9000000 
 187              		.text
 188              		.section	.gnu.lto_.opts,"",%progbits
 189 0000 272D666E 		.ascii	"'-fno-trapv' '-mcpu=cortex-m3' '-mthumb' '-g' '-O3'"
 189      6F2D7472 
 189      61707627 
 189      20272D6D 
 189      6370753D 
 190 0033 20272D66 		.ascii	" '-ffunction-sections' '-finline-functions' '-flto'"
 190      66756E63 
 190      74696F6E 
 190      2D736563 
 190      74696F6E 
 191 0066 20272D66 		.ascii	" '-ffat-lto-objects'\000"
 191      6661742D 
 191      6C746F2D 
 191      6F626A65 
 191      63747327 
 192              		.text
 193              		.cfi_sections	.debug_frame
 194              		.section	.text.P1_D2_Write,"ax",%progbits
 195              		.align	2
ARM GAS  C:\Users\Thomas\AppData\Local\Temp\ccZBlraU.s 			page 14


 196              		.global	P1_D2_Write
 197              		.thumb
 198              		.thumb_func
 199              		.type	P1_D2_Write, %function
 200              	P1_D2_Write:
 201              	.LFB0:
 202              		.file 1 ".\\Generated_Source\\PSoC5\\P1_D2.c"
   1:.\Generated_Source\PSoC5/P1_D2.c **** /*******************************************************************************
   2:.\Generated_Source\PSoC5/P1_D2.c **** * File Name: P1_D2.c  
   3:.\Generated_Source\PSoC5/P1_D2.c **** * Version 2.20
   4:.\Generated_Source\PSoC5/P1_D2.c **** *
   5:.\Generated_Source\PSoC5/P1_D2.c **** * Description:
   6:.\Generated_Source\PSoC5/P1_D2.c **** *  This file contains API to enable firmware control of a Pins component.
   7:.\Generated_Source\PSoC5/P1_D2.c **** *
   8:.\Generated_Source\PSoC5/P1_D2.c **** * Note:
   9:.\Generated_Source\PSoC5/P1_D2.c **** *
  10:.\Generated_Source\PSoC5/P1_D2.c **** ********************************************************************************
  11:.\Generated_Source\PSoC5/P1_D2.c **** * Copyright 2008-2015, Cypress Semiconductor Corporation.  All rights reserved.
  12:.\Generated_Source\PSoC5/P1_D2.c **** * You may use this file only in accordance with the license, terms, conditions, 
  13:.\Generated_Source\PSoC5/P1_D2.c **** * disclaimers, and limitations in the end user license agreement accompanying 
  14:.\Generated_Source\PSoC5/P1_D2.c **** * the software package with which this file was provided.
  15:.\Generated_Source\PSoC5/P1_D2.c **** *******************************************************************************/
  16:.\Generated_Source\PSoC5/P1_D2.c **** 
  17:.\Generated_Source\PSoC5/P1_D2.c **** #include "cytypes.h"
  18:.\Generated_Source\PSoC5/P1_D2.c **** #include "P1_D2.h"
  19:.\Generated_Source\PSoC5/P1_D2.c **** 
  20:.\Generated_Source\PSoC5/P1_D2.c **** /* APIs are not generated for P15[7:6] on PSoC 5 */
  21:.\Generated_Source\PSoC5/P1_D2.c **** #if !(CY_PSOC5A &&\
  22:.\Generated_Source\PSoC5/P1_D2.c **** 	 P1_D2__PORT == 15 && ((P1_D2__MASK & 0xC0) != 0))
  23:.\Generated_Source\PSoC5/P1_D2.c **** 
  24:.\Generated_Source\PSoC5/P1_D2.c **** 
  25:.\Generated_Source\PSoC5/P1_D2.c **** /*******************************************************************************
  26:.\Generated_Source\PSoC5/P1_D2.c **** * Function Name: P1_D2_Write
  27:.\Generated_Source\PSoC5/P1_D2.c **** ****************************************************************************//**
  28:.\Generated_Source\PSoC5/P1_D2.c **** *
  29:.\Generated_Source\PSoC5/P1_D2.c **** * \brief Writes the value to the physical port (data output register), masking
  30:.\Generated_Source\PSoC5/P1_D2.c **** *  and shifting the bits appropriately. 
  31:.\Generated_Source\PSoC5/P1_D2.c **** *
  32:.\Generated_Source\PSoC5/P1_D2.c **** * The data output register controls the signal applied to the physical pin in 
  33:.\Generated_Source\PSoC5/P1_D2.c **** * conjunction with the drive mode parameter. This function avoids changing 
  34:.\Generated_Source\PSoC5/P1_D2.c **** * other bits in the port by using the appropriate method (read-modify-write or
  35:.\Generated_Source\PSoC5/P1_D2.c **** * bit banding).
  36:.\Generated_Source\PSoC5/P1_D2.c **** *
  37:.\Generated_Source\PSoC5/P1_D2.c **** * <b>Note</b> This function should not be used on a hardware digital output pin 
  38:.\Generated_Source\PSoC5/P1_D2.c **** * as it is driven by the hardware signal attached to it.
  39:.\Generated_Source\PSoC5/P1_D2.c **** *
  40:.\Generated_Source\PSoC5/P1_D2.c **** * \param value
  41:.\Generated_Source\PSoC5/P1_D2.c **** *  Value to write to the component instance.
  42:.\Generated_Source\PSoC5/P1_D2.c **** *
  43:.\Generated_Source\PSoC5/P1_D2.c **** * \return 
  44:.\Generated_Source\PSoC5/P1_D2.c **** *  None 
  45:.\Generated_Source\PSoC5/P1_D2.c **** *
  46:.\Generated_Source\PSoC5/P1_D2.c **** * \sideeffect
  47:.\Generated_Source\PSoC5/P1_D2.c **** *  If you use read-modify-write operations that are not atomic; the Interrupt 
  48:.\Generated_Source\PSoC5/P1_D2.c **** *  Service Routines (ISR) can cause corruption of this function. An ISR that 
  49:.\Generated_Source\PSoC5/P1_D2.c **** *  interrupts this function and performs writes to the Pins component data 
  50:.\Generated_Source\PSoC5/P1_D2.c **** *  register can cause corrupted port data. To avoid this issue, you should 
ARM GAS  C:\Users\Thomas\AppData\Local\Temp\ccZBlraU.s 			page 15


  51:.\Generated_Source\PSoC5/P1_D2.c **** *  either use the Per-Pin APIs (primary method) or disable interrupts around 
  52:.\Generated_Source\PSoC5/P1_D2.c **** *  this function.
  53:.\Generated_Source\PSoC5/P1_D2.c **** *
  54:.\Generated_Source\PSoC5/P1_D2.c **** * \funcusage
  55:.\Generated_Source\PSoC5/P1_D2.c **** *  \snippet P1_D2_SUT.c usage_P1_D2_Write
  56:.\Generated_Source\PSoC5/P1_D2.c **** *******************************************************************************/
  57:.\Generated_Source\PSoC5/P1_D2.c **** void P1_D2_Write(uint8 value)
  58:.\Generated_Source\PSoC5/P1_D2.c **** {
 203              		.loc 1 58 0
 204              		.cfi_startproc
 205              		@ args = 0, pretend = 0, frame = 0
 206              		@ frame_needed = 0, uses_anonymous_args = 0
 207              		@ link register save eliminated.
 208              	.LVL0:
  59:.\Generated_Source\PSoC5/P1_D2.c ****     uint8 staticBits = (P1_D2_DR & (uint8)(~P1_D2_MASK));
 209              		.loc 1 59 0
 210 0000 044A     		ldr	r2, .L2
  60:.\Generated_Source\PSoC5/P1_D2.c ****     P1_D2_DR = staticBits | ((uint8)(value << P1_D2_SHIFT) & P1_D2_MASK);
 211              		.loc 1 60 0
 212 0002 8000     		lsls	r0, r0, #2
 213              	.LVL1:
  59:.\Generated_Source\PSoC5/P1_D2.c ****     uint8 staticBits = (P1_D2_DR & (uint8)(~P1_D2_MASK));
 214              		.loc 1 59 0
 215 0004 1378     		ldrb	r3, [r2]	@ zero_extendqisi2
 216              	.LVL2:
 217              		.loc 1 60 0
 218 0006 00F00400 		and	r0, r0, #4
  59:.\Generated_Source\PSoC5/P1_D2.c ****     uint8 staticBits = (P1_D2_DR & (uint8)(~P1_D2_MASK));
 219              		.loc 1 59 0
 220 000a 03F0FB03 		and	r3, r3, #251
 221              	.LVL3:
 222              		.loc 1 60 0
 223 000e 1843     		orrs	r0, r0, r3
 224 0010 1070     		strb	r0, [r2]
 225 0012 7047     		bx	lr
 226              	.L3:
 227              		.align	2
 228              	.L2:
 229 0014 C0510040 		.word	1073762752
 230              		.cfi_endproc
 231              	.LFE0:
 232              		.size	P1_D2_Write, .-P1_D2_Write
 233              		.section	.text.P1_D2_SetDriveMode,"ax",%progbits
 234              		.align	2
 235              		.global	P1_D2_SetDriveMode
 236              		.thumb
 237              		.thumb_func
 238              		.type	P1_D2_SetDriveMode, %function
 239              	P1_D2_SetDriveMode:
 240              	.LFB1:
  61:.\Generated_Source\PSoC5/P1_D2.c **** }
  62:.\Generated_Source\PSoC5/P1_D2.c **** 
  63:.\Generated_Source\PSoC5/P1_D2.c **** 
  64:.\Generated_Source\PSoC5/P1_D2.c **** /*******************************************************************************
  65:.\Generated_Source\PSoC5/P1_D2.c **** * Function Name: P1_D2_SetDriveMode
  66:.\Generated_Source\PSoC5/P1_D2.c **** ****************************************************************************//**
  67:.\Generated_Source\PSoC5/P1_D2.c **** *
ARM GAS  C:\Users\Thomas\AppData\Local\Temp\ccZBlraU.s 			page 16


  68:.\Generated_Source\PSoC5/P1_D2.c **** * \brief Sets the drive mode for each of the Pins component's pins.
  69:.\Generated_Source\PSoC5/P1_D2.c **** * 
  70:.\Generated_Source\PSoC5/P1_D2.c **** * <b>Note</b> This affects all pins in the Pins component instance. Use the
  71:.\Generated_Source\PSoC5/P1_D2.c **** * Per-Pin APIs if you wish to control individual pin's drive modes.
  72:.\Generated_Source\PSoC5/P1_D2.c **** *
  73:.\Generated_Source\PSoC5/P1_D2.c **** * \param mode
  74:.\Generated_Source\PSoC5/P1_D2.c **** *  Mode for the selected signals. Valid options are documented in 
  75:.\Generated_Source\PSoC5/P1_D2.c **** *  \ref driveMode.
  76:.\Generated_Source\PSoC5/P1_D2.c **** *
  77:.\Generated_Source\PSoC5/P1_D2.c **** * \return
  78:.\Generated_Source\PSoC5/P1_D2.c **** *  None
  79:.\Generated_Source\PSoC5/P1_D2.c **** *
  80:.\Generated_Source\PSoC5/P1_D2.c **** * \sideeffect
  81:.\Generated_Source\PSoC5/P1_D2.c **** *  If you use read-modify-write operations that are not atomic, the ISR can
  82:.\Generated_Source\PSoC5/P1_D2.c **** *  cause corruption of this function. An ISR that interrupts this function 
  83:.\Generated_Source\PSoC5/P1_D2.c **** *  and performs writes to the Pins component Drive Mode registers can cause 
  84:.\Generated_Source\PSoC5/P1_D2.c **** *  corrupted port data. To avoid this issue, you should either use the Per-Pin
  85:.\Generated_Source\PSoC5/P1_D2.c **** *  APIs (primary method) or disable interrupts around this function.
  86:.\Generated_Source\PSoC5/P1_D2.c **** *
  87:.\Generated_Source\PSoC5/P1_D2.c **** * \funcusage
  88:.\Generated_Source\PSoC5/P1_D2.c **** *  \snippet P1_D2_SUT.c usage_P1_D2_SetDriveMode
  89:.\Generated_Source\PSoC5/P1_D2.c **** *******************************************************************************/
  90:.\Generated_Source\PSoC5/P1_D2.c **** void P1_D2_SetDriveMode(uint8 mode)
  91:.\Generated_Source\PSoC5/P1_D2.c **** {
 241              		.loc 1 91 0
 242              		.cfi_startproc
 243              		@ args = 0, pretend = 0, frame = 0
 244              		@ frame_needed = 0, uses_anonymous_args = 0
 245              		@ link register save eliminated.
 246              	.LVL4:
  92:.\Generated_Source\PSoC5/P1_D2.c **** 	CyPins_SetPinDriveMode(P1_D2_0, mode);
 247              		.loc 1 92 0
 248 0000 044A     		ldr	r2, .L5
 249 0002 00F00E00 		and	r0, r0, #14
 250              	.LVL5:
 251 0006 1378     		ldrb	r3, [r2]	@ zero_extendqisi2
 252 0008 03F0F103 		and	r3, r3, #241
 253 000c 1843     		orrs	r0, r0, r3
 254 000e 1070     		strb	r0, [r2]
 255 0010 7047     		bx	lr
 256              	.L6:
 257 0012 00BF     		.align	2
 258              	.L5:
 259 0014 62500040 		.word	1073762402
 260              		.cfi_endproc
 261              	.LFE1:
 262              		.size	P1_D2_SetDriveMode, .-P1_D2_SetDriveMode
 263              		.section	.text.P1_D2_Read,"ax",%progbits
 264              		.align	2
 265              		.global	P1_D2_Read
 266              		.thumb
 267              		.thumb_func
 268              		.type	P1_D2_Read, %function
 269              	P1_D2_Read:
 270              	.LFB2:
  93:.\Generated_Source\PSoC5/P1_D2.c **** }
  94:.\Generated_Source\PSoC5/P1_D2.c **** 
ARM GAS  C:\Users\Thomas\AppData\Local\Temp\ccZBlraU.s 			page 17


  95:.\Generated_Source\PSoC5/P1_D2.c **** 
  96:.\Generated_Source\PSoC5/P1_D2.c **** /*******************************************************************************
  97:.\Generated_Source\PSoC5/P1_D2.c **** * Function Name: P1_D2_Read
  98:.\Generated_Source\PSoC5/P1_D2.c **** ****************************************************************************//**
  99:.\Generated_Source\PSoC5/P1_D2.c **** *
 100:.\Generated_Source\PSoC5/P1_D2.c **** * \brief Reads the associated physical port (pin status register) and masks 
 101:.\Generated_Source\PSoC5/P1_D2.c **** *  the required bits according to the width and bit position of the component
 102:.\Generated_Source\PSoC5/P1_D2.c **** *  instance. 
 103:.\Generated_Source\PSoC5/P1_D2.c **** *
 104:.\Generated_Source\PSoC5/P1_D2.c **** * The pin's status register returns the current logic level present on the 
 105:.\Generated_Source\PSoC5/P1_D2.c **** * physical pin.
 106:.\Generated_Source\PSoC5/P1_D2.c **** *
 107:.\Generated_Source\PSoC5/P1_D2.c **** * \return 
 108:.\Generated_Source\PSoC5/P1_D2.c **** *  The current value for the pins in the component as a right justified number.
 109:.\Generated_Source\PSoC5/P1_D2.c **** *
 110:.\Generated_Source\PSoC5/P1_D2.c **** * \funcusage
 111:.\Generated_Source\PSoC5/P1_D2.c **** *  \snippet P1_D2_SUT.c usage_P1_D2_Read  
 112:.\Generated_Source\PSoC5/P1_D2.c **** *******************************************************************************/
 113:.\Generated_Source\PSoC5/P1_D2.c **** uint8 P1_D2_Read(void)
 114:.\Generated_Source\PSoC5/P1_D2.c **** {
 271              		.loc 1 114 0
 272              		.cfi_startproc
 273              		@ args = 0, pretend = 0, frame = 0
 274              		@ frame_needed = 0, uses_anonymous_args = 0
 275              		@ link register save eliminated.
 115:.\Generated_Source\PSoC5/P1_D2.c ****     return (P1_D2_PS & P1_D2_MASK) >> P1_D2_SHIFT;
 276              		.loc 1 115 0
 277 0000 024B     		ldr	r3, .L8
 278 0002 1878     		ldrb	r0, [r3]	@ zero_extendqisi2
 116:.\Generated_Source\PSoC5/P1_D2.c **** }
 279              		.loc 1 116 0
 280 0004 C0F38000 		ubfx	r0, r0, #2, #1
 281 0008 7047     		bx	lr
 282              	.L9:
 283 000a 00BF     		.align	2
 284              	.L8:
 285 000c C1510040 		.word	1073762753
 286              		.cfi_endproc
 287              	.LFE2:
 288              		.size	P1_D2_Read, .-P1_D2_Read
 289              		.section	.text.P1_D2_ReadDataReg,"ax",%progbits
 290              		.align	2
 291              		.global	P1_D2_ReadDataReg
 292              		.thumb
 293              		.thumb_func
 294              		.type	P1_D2_ReadDataReg, %function
 295              	P1_D2_ReadDataReg:
 296              	.LFB3:
 117:.\Generated_Source\PSoC5/P1_D2.c **** 
 118:.\Generated_Source\PSoC5/P1_D2.c **** 
 119:.\Generated_Source\PSoC5/P1_D2.c **** /*******************************************************************************
 120:.\Generated_Source\PSoC5/P1_D2.c **** * Function Name: P1_D2_ReadDataReg
 121:.\Generated_Source\PSoC5/P1_D2.c **** ****************************************************************************//**
 122:.\Generated_Source\PSoC5/P1_D2.c **** *
 123:.\Generated_Source\PSoC5/P1_D2.c **** * \brief Reads the associated physical port's data output register and masks 
 124:.\Generated_Source\PSoC5/P1_D2.c **** *  the correct bits according to the width and bit position of the component 
 125:.\Generated_Source\PSoC5/P1_D2.c **** *  instance. 
ARM GAS  C:\Users\Thomas\AppData\Local\Temp\ccZBlraU.s 			page 18


 126:.\Generated_Source\PSoC5/P1_D2.c **** *
 127:.\Generated_Source\PSoC5/P1_D2.c **** * The data output register controls the signal applied to the physical pin in 
 128:.\Generated_Source\PSoC5/P1_D2.c **** * conjunction with the drive mode parameter. This is not the same as the 
 129:.\Generated_Source\PSoC5/P1_D2.c **** * preferred P1_D2_Read() API because the 
 130:.\Generated_Source\PSoC5/P1_D2.c **** * P1_D2_ReadDataReg() reads the data register instead of the status 
 131:.\Generated_Source\PSoC5/P1_D2.c **** * register. For output pins this is a useful function to determine the value 
 132:.\Generated_Source\PSoC5/P1_D2.c **** * just written to the pin.
 133:.\Generated_Source\PSoC5/P1_D2.c **** *
 134:.\Generated_Source\PSoC5/P1_D2.c **** * \return 
 135:.\Generated_Source\PSoC5/P1_D2.c **** *  The current value of the data register masked and shifted into a right 
 136:.\Generated_Source\PSoC5/P1_D2.c **** *  justified number for the component instance.
 137:.\Generated_Source\PSoC5/P1_D2.c **** *
 138:.\Generated_Source\PSoC5/P1_D2.c **** * \funcusage
 139:.\Generated_Source\PSoC5/P1_D2.c **** *  \snippet P1_D2_SUT.c usage_P1_D2_ReadDataReg 
 140:.\Generated_Source\PSoC5/P1_D2.c **** *******************************************************************************/
 141:.\Generated_Source\PSoC5/P1_D2.c **** uint8 P1_D2_ReadDataReg(void)
 142:.\Generated_Source\PSoC5/P1_D2.c **** {
 297              		.loc 1 142 0
 298              		.cfi_startproc
 299              		@ args = 0, pretend = 0, frame = 0
 300              		@ frame_needed = 0, uses_anonymous_args = 0
 301              		@ link register save eliminated.
 143:.\Generated_Source\PSoC5/P1_D2.c ****     return (P1_D2_DR & P1_D2_MASK) >> P1_D2_SHIFT;
 302              		.loc 1 143 0
 303 0000 024B     		ldr	r3, .L11
 304 0002 1878     		ldrb	r0, [r3]	@ zero_extendqisi2
 144:.\Generated_Source\PSoC5/P1_D2.c **** }
 305              		.loc 1 144 0
 306 0004 C0F38000 		ubfx	r0, r0, #2, #1
 307 0008 7047     		bx	lr
 308              	.L12:
 309 000a 00BF     		.align	2
 310              	.L11:
 311 000c C0510040 		.word	1073762752
 312              		.cfi_endproc
 313              	.LFE3:
 314              		.size	P1_D2_ReadDataReg, .-P1_D2_ReadDataReg
 315              		.text
 316              	.Letext0:
 317              		.file 2 ".\\Generated_Source\\PSoC5\\cytypes.h"
 318              		.section	.debug_info,"",%progbits
 319              	.Ldebug_info0:
 320 0000 1D010000 		.4byte	0x11d
 321 0004 0400     		.2byte	0x4
 322 0006 00000000 		.4byte	.Ldebug_abbrev0
 323 000a 04       		.byte	0x4
 324 000b 01       		.uleb128 0x1
 325 000c 13010000 		.4byte	.LASF20
 326 0010 01       		.byte	0x1
 327 0011 0C000000 		.4byte	.LASF21
 328 0015 A1000000 		.4byte	.LASF22
 329 0019 00000000 		.4byte	.Ldebug_ranges0+0
 330 001d 00000000 		.4byte	0
 331 0021 00000000 		.4byte	.Ldebug_line0
 332 0025 02       		.uleb128 0x2
 333 0026 01       		.byte	0x1
 334 0027 06       		.byte	0x6
ARM GAS  C:\Users\Thomas\AppData\Local\Temp\ccZBlraU.s 			page 19


 335 0028 EA010000 		.4byte	.LASF0
 336 002c 02       		.uleb128 0x2
 337 002d 01       		.byte	0x1
 338 002e 08       		.byte	0x8
 339 002f 44000000 		.4byte	.LASF1
 340 0033 02       		.uleb128 0x2
 341 0034 02       		.byte	0x2
 342 0035 05       		.byte	0x5
 343 0036 BF010000 		.4byte	.LASF2
 344 003a 02       		.uleb128 0x2
 345 003b 02       		.byte	0x2
 346 003c 07       		.byte	0x7
 347 003d 69000000 		.4byte	.LASF3
 348 0041 02       		.uleb128 0x2
 349 0042 04       		.byte	0x4
 350 0043 05       		.byte	0x5
 351 0044 CF010000 		.4byte	.LASF4
 352 0048 02       		.uleb128 0x2
 353 0049 04       		.byte	0x4
 354 004a 07       		.byte	0x7
 355 004b 57000000 		.4byte	.LASF5
 356 004f 02       		.uleb128 0x2
 357 0050 08       		.byte	0x8
 358 0051 05       		.byte	0x5
 359 0052 05010000 		.4byte	.LASF6
 360 0056 02       		.uleb128 0x2
 361 0057 08       		.byte	0x8
 362 0058 07       		.byte	0x7
 363 0059 E9000000 		.4byte	.LASF7
 364 005d 03       		.uleb128 0x3
 365 005e 04       		.byte	0x4
 366 005f 05       		.byte	0x5
 367 0060 696E7400 		.ascii	"int\000"
 368 0064 02       		.uleb128 0x2
 369 0065 04       		.byte	0x4
 370 0066 07       		.byte	0x7
 371 0067 DC000000 		.4byte	.LASF8
 372 006b 04       		.uleb128 0x4
 373 006c C9010000 		.4byte	.LASF12
 374 0070 02       		.byte	0x2
 375 0071 9201     		.2byte	0x192
 376 0073 2C000000 		.4byte	0x2c
 377 0077 02       		.uleb128 0x2
 378 0078 04       		.byte	0x4
 379 0079 04       		.byte	0x4
 380 007a 3E000000 		.4byte	.LASF9
 381 007e 02       		.uleb128 0x2
 382 007f 08       		.byte	0x8
 383 0080 04       		.byte	0x4
 384 0081 9A000000 		.4byte	.LASF10
 385 0085 02       		.uleb128 0x2
 386 0086 01       		.byte	0x1
 387 0087 08       		.byte	0x8
 388 0088 BA010000 		.4byte	.LASF11
 389 008c 04       		.uleb128 0x4
 390 008d 52000000 		.4byte	.LASF13
 391 0091 02       		.byte	0x2
ARM GAS  C:\Users\Thomas\AppData\Local\Temp\ccZBlraU.s 			page 20


 392 0092 3C02     		.2byte	0x23c
 393 0094 98000000 		.4byte	0x98
 394 0098 05       		.uleb128 0x5
 395 0099 6B000000 		.4byte	0x6b
 396 009d 06       		.uleb128 0x6
 397 009e 00000000 		.4byte	.LASF14
 398 00a2 01       		.byte	0x1
 399 00a3 39       		.byte	0x39
 400 00a4 00000000 		.4byte	.LFB0
 401 00a8 18000000 		.4byte	.LFE0-.LFB0
 402 00ac 01       		.uleb128 0x1
 403 00ad 9C       		.byte	0x9c
 404 00ae D1000000 		.4byte	0xd1
 405 00b2 07       		.uleb128 0x7
 406 00b3 2D000000 		.4byte	.LASF16
 407 00b7 01       		.byte	0x1
 408 00b8 39       		.byte	0x39
 409 00b9 6B000000 		.4byte	0x6b
 410 00bd 00000000 		.4byte	.LLST0
 411 00c1 08       		.uleb128 0x8
 412 00c2 33000000 		.4byte	.LASF23
 413 00c6 01       		.byte	0x1
 414 00c7 3B       		.byte	0x3b
 415 00c8 6B000000 		.4byte	0x6b
 416 00cc 21000000 		.4byte	.LLST1
 417 00d0 00       		.byte	0
 418 00d1 06       		.uleb128 0x6
 419 00d2 7C000000 		.4byte	.LASF15
 420 00d6 01       		.byte	0x1
 421 00d7 5A       		.byte	0x5a
 422 00d8 00000000 		.4byte	.LFB1
 423 00dc 18000000 		.4byte	.LFE1-.LFB1
 424 00e0 01       		.uleb128 0x1
 425 00e1 9C       		.byte	0x9c
 426 00e2 F6000000 		.4byte	0xf6
 427 00e6 07       		.uleb128 0x7
 428 00e7 00010000 		.4byte	.LASF17
 429 00eb 01       		.byte	0x1
 430 00ec 5A       		.byte	0x5a
 431 00ed 6B000000 		.4byte	0x6b
 432 00f1 39000000 		.4byte	.LLST2
 433 00f5 00       		.byte	0
 434 00f6 09       		.uleb128 0x9
 435 00f7 8F000000 		.4byte	.LASF18
 436 00fb 01       		.byte	0x1
 437 00fc 71       		.byte	0x71
 438 00fd 6B000000 		.4byte	0x6b
 439 0101 00000000 		.4byte	.LFB2
 440 0105 10000000 		.4byte	.LFE2-.LFB2
 441 0109 01       		.uleb128 0x1
 442 010a 9C       		.byte	0x9c
 443 010b 09       		.uleb128 0x9
 444 010c D8010000 		.4byte	.LASF19
 445 0110 01       		.byte	0x1
 446 0111 8D       		.byte	0x8d
 447 0112 6B000000 		.4byte	0x6b
 448 0116 00000000 		.4byte	.LFB3
ARM GAS  C:\Users\Thomas\AppData\Local\Temp\ccZBlraU.s 			page 21


 449 011a 10000000 		.4byte	.LFE3-.LFB3
 450 011e 01       		.uleb128 0x1
 451 011f 9C       		.byte	0x9c
 452 0120 00       		.byte	0
 453              		.section	.debug_abbrev,"",%progbits
 454              	.Ldebug_abbrev0:
 455 0000 01       		.uleb128 0x1
 456 0001 11       		.uleb128 0x11
 457 0002 01       		.byte	0x1
 458 0003 25       		.uleb128 0x25
 459 0004 0E       		.uleb128 0xe
 460 0005 13       		.uleb128 0x13
 461 0006 0B       		.uleb128 0xb
 462 0007 03       		.uleb128 0x3
 463 0008 0E       		.uleb128 0xe
 464 0009 1B       		.uleb128 0x1b
 465 000a 0E       		.uleb128 0xe
 466 000b 55       		.uleb128 0x55
 467 000c 17       		.uleb128 0x17
 468 000d 11       		.uleb128 0x11
 469 000e 01       		.uleb128 0x1
 470 000f 10       		.uleb128 0x10
 471 0010 17       		.uleb128 0x17
 472 0011 00       		.byte	0
 473 0012 00       		.byte	0
 474 0013 02       		.uleb128 0x2
 475 0014 24       		.uleb128 0x24
 476 0015 00       		.byte	0
 477 0016 0B       		.uleb128 0xb
 478 0017 0B       		.uleb128 0xb
 479 0018 3E       		.uleb128 0x3e
 480 0019 0B       		.uleb128 0xb
 481 001a 03       		.uleb128 0x3
 482 001b 0E       		.uleb128 0xe
 483 001c 00       		.byte	0
 484 001d 00       		.byte	0
 485 001e 03       		.uleb128 0x3
 486 001f 24       		.uleb128 0x24
 487 0020 00       		.byte	0
 488 0021 0B       		.uleb128 0xb
 489 0022 0B       		.uleb128 0xb
 490 0023 3E       		.uleb128 0x3e
 491 0024 0B       		.uleb128 0xb
 492 0025 03       		.uleb128 0x3
 493 0026 08       		.uleb128 0x8
 494 0027 00       		.byte	0
 495 0028 00       		.byte	0
 496 0029 04       		.uleb128 0x4
 497 002a 16       		.uleb128 0x16
 498 002b 00       		.byte	0
 499 002c 03       		.uleb128 0x3
 500 002d 0E       		.uleb128 0xe
 501 002e 3A       		.uleb128 0x3a
 502 002f 0B       		.uleb128 0xb
 503 0030 3B       		.uleb128 0x3b
 504 0031 05       		.uleb128 0x5
 505 0032 49       		.uleb128 0x49
ARM GAS  C:\Users\Thomas\AppData\Local\Temp\ccZBlraU.s 			page 22


 506 0033 13       		.uleb128 0x13
 507 0034 00       		.byte	0
 508 0035 00       		.byte	0
 509 0036 05       		.uleb128 0x5
 510 0037 35       		.uleb128 0x35
 511 0038 00       		.byte	0
 512 0039 49       		.uleb128 0x49
 513 003a 13       		.uleb128 0x13
 514 003b 00       		.byte	0
 515 003c 00       		.byte	0
 516 003d 06       		.uleb128 0x6
 517 003e 2E       		.uleb128 0x2e
 518 003f 01       		.byte	0x1
 519 0040 3F       		.uleb128 0x3f
 520 0041 19       		.uleb128 0x19
 521 0042 03       		.uleb128 0x3
 522 0043 0E       		.uleb128 0xe
 523 0044 3A       		.uleb128 0x3a
 524 0045 0B       		.uleb128 0xb
 525 0046 3B       		.uleb128 0x3b
 526 0047 0B       		.uleb128 0xb
 527 0048 27       		.uleb128 0x27
 528 0049 19       		.uleb128 0x19
 529 004a 11       		.uleb128 0x11
 530 004b 01       		.uleb128 0x1
 531 004c 12       		.uleb128 0x12
 532 004d 06       		.uleb128 0x6
 533 004e 40       		.uleb128 0x40
 534 004f 18       		.uleb128 0x18
 535 0050 9742     		.uleb128 0x2117
 536 0052 19       		.uleb128 0x19
 537 0053 01       		.uleb128 0x1
 538 0054 13       		.uleb128 0x13
 539 0055 00       		.byte	0
 540 0056 00       		.byte	0
 541 0057 07       		.uleb128 0x7
 542 0058 05       		.uleb128 0x5
 543 0059 00       		.byte	0
 544 005a 03       		.uleb128 0x3
 545 005b 0E       		.uleb128 0xe
 546 005c 3A       		.uleb128 0x3a
 547 005d 0B       		.uleb128 0xb
 548 005e 3B       		.uleb128 0x3b
 549 005f 0B       		.uleb128 0xb
 550 0060 49       		.uleb128 0x49
 551 0061 13       		.uleb128 0x13
 552 0062 02       		.uleb128 0x2
 553 0063 17       		.uleb128 0x17
 554 0064 00       		.byte	0
 555 0065 00       		.byte	0
 556 0066 08       		.uleb128 0x8
 557 0067 34       		.uleb128 0x34
 558 0068 00       		.byte	0
 559 0069 03       		.uleb128 0x3
 560 006a 0E       		.uleb128 0xe
 561 006b 3A       		.uleb128 0x3a
 562 006c 0B       		.uleb128 0xb
ARM GAS  C:\Users\Thomas\AppData\Local\Temp\ccZBlraU.s 			page 23


 563 006d 3B       		.uleb128 0x3b
 564 006e 0B       		.uleb128 0xb
 565 006f 49       		.uleb128 0x49
 566 0070 13       		.uleb128 0x13
 567 0071 02       		.uleb128 0x2
 568 0072 17       		.uleb128 0x17
 569 0073 00       		.byte	0
 570 0074 00       		.byte	0
 571 0075 09       		.uleb128 0x9
 572 0076 2E       		.uleb128 0x2e
 573 0077 00       		.byte	0
 574 0078 3F       		.uleb128 0x3f
 575 0079 19       		.uleb128 0x19
 576 007a 03       		.uleb128 0x3
 577 007b 0E       		.uleb128 0xe
 578 007c 3A       		.uleb128 0x3a
 579 007d 0B       		.uleb128 0xb
 580 007e 3B       		.uleb128 0x3b
 581 007f 0B       		.uleb128 0xb
 582 0080 27       		.uleb128 0x27
 583 0081 19       		.uleb128 0x19
 584 0082 49       		.uleb128 0x49
 585 0083 13       		.uleb128 0x13
 586 0084 11       		.uleb128 0x11
 587 0085 01       		.uleb128 0x1
 588 0086 12       		.uleb128 0x12
 589 0087 06       		.uleb128 0x6
 590 0088 40       		.uleb128 0x40
 591 0089 18       		.uleb128 0x18
 592 008a 9742     		.uleb128 0x2117
 593 008c 19       		.uleb128 0x19
 594 008d 00       		.byte	0
 595 008e 00       		.byte	0
 596 008f 00       		.byte	0
 597              		.section	.debug_loc,"",%progbits
 598              	.Ldebug_loc0:
 599              	.LLST0:
 600 0000 00000000 		.4byte	.LVL0
 601 0004 04000000 		.4byte	.LVL1
 602 0008 0100     		.2byte	0x1
 603 000a 50       		.byte	0x50
 604 000b 04000000 		.4byte	.LVL1
 605 000f 18000000 		.4byte	.LFE0
 606 0013 0400     		.2byte	0x4
 607 0015 F3       		.byte	0xf3
 608 0016 01       		.uleb128 0x1
 609 0017 50       		.byte	0x50
 610 0018 9F       		.byte	0x9f
 611 0019 00000000 		.4byte	0
 612 001d 00000000 		.4byte	0
 613              	.LLST1:
 614 0021 06000000 		.4byte	.LVL2
 615 0025 0E000000 		.4byte	.LVL3
 616 0029 0600     		.2byte	0x6
 617 002b 73       		.byte	0x73
 618 002c 00       		.sleb128 0
 619 002d 09       		.byte	0x9
ARM GAS  C:\Users\Thomas\AppData\Local\Temp\ccZBlraU.s 			page 24


 620 002e FB       		.byte	0xfb
 621 002f 1A       		.byte	0x1a
 622 0030 9F       		.byte	0x9f
 623 0031 00000000 		.4byte	0
 624 0035 00000000 		.4byte	0
 625              	.LLST2:
 626 0039 00000000 		.4byte	.LVL4
 627 003d 06000000 		.4byte	.LVL5
 628 0041 0100     		.2byte	0x1
 629 0043 50       		.byte	0x50
 630 0044 06000000 		.4byte	.LVL5
 631 0048 18000000 		.4byte	.LFE1
 632 004c 0400     		.2byte	0x4
 633 004e F3       		.byte	0xf3
 634 004f 01       		.uleb128 0x1
 635 0050 50       		.byte	0x50
 636 0051 9F       		.byte	0x9f
 637 0052 00000000 		.4byte	0
 638 0056 00000000 		.4byte	0
 639              		.section	.debug_aranges,"",%progbits
 640 0000 34000000 		.4byte	0x34
 641 0004 0200     		.2byte	0x2
 642 0006 00000000 		.4byte	.Ldebug_info0
 643 000a 04       		.byte	0x4
 644 000b 00       		.byte	0
 645 000c 0000     		.2byte	0
 646 000e 0000     		.2byte	0
 647 0010 00000000 		.4byte	.LFB0
 648 0014 18000000 		.4byte	.LFE0-.LFB0
 649 0018 00000000 		.4byte	.LFB1
 650 001c 18000000 		.4byte	.LFE1-.LFB1
 651 0020 00000000 		.4byte	.LFB2
 652 0024 10000000 		.4byte	.LFE2-.LFB2
 653 0028 00000000 		.4byte	.LFB3
 654 002c 10000000 		.4byte	.LFE3-.LFB3
 655 0030 00000000 		.4byte	0
 656 0034 00000000 		.4byte	0
 657              		.section	.debug_ranges,"",%progbits
 658              	.Ldebug_ranges0:
 659 0000 00000000 		.4byte	.LFB0
 660 0004 18000000 		.4byte	.LFE0
 661 0008 00000000 		.4byte	.LFB1
 662 000c 18000000 		.4byte	.LFE1
 663 0010 00000000 		.4byte	.LFB2
 664 0014 10000000 		.4byte	.LFE2
 665 0018 00000000 		.4byte	.LFB3
 666 001c 10000000 		.4byte	.LFE3
 667 0020 00000000 		.4byte	0
 668 0024 00000000 		.4byte	0
 669              		.section	.debug_line,"",%progbits
 670              	.Ldebug_line0:
 671 0000 94000000 		.section	.debug_str,"MS",%progbits,1
 671      02004400 
 671      00000201 
 671      FB0E0D00 
 671      01010101 
 672              	.LASF14:
ARM GAS  C:\Users\Thomas\AppData\Local\Temp\ccZBlraU.s 			page 25


 673 0000 50315F44 		.ascii	"P1_D2_Write\000"
 673      325F5772 
 673      69746500 
 674              	.LASF21:
 675 000c 2E5C4765 		.ascii	".\\Generated_Source\\PSoC5\\P1_D2.c\000"
 675      6E657261 
 675      7465645F 
 675      536F7572 
 675      63655C50 
 676              	.LASF16:
 677 002d 76616C75 		.ascii	"value\000"
 677      6500
 678              	.LASF23:
 679 0033 73746174 		.ascii	"staticBits\000"
 679      69634269 
 679      747300
 680              	.LASF9:
 681 003e 666C6F61 		.ascii	"float\000"
 681      7400
 682              	.LASF1:
 683 0044 756E7369 		.ascii	"unsigned char\000"
 683      676E6564 
 683      20636861 
 683      7200
 684              	.LASF13:
 685 0052 72656738 		.ascii	"reg8\000"
 685      00
 686              	.LASF5:
 687 0057 6C6F6E67 		.ascii	"long unsigned int\000"
 687      20756E73 
 687      69676E65 
 687      6420696E 
 687      7400
 688              	.LASF3:
 689 0069 73686F72 		.ascii	"short unsigned int\000"
 689      7420756E 
 689      7369676E 
 689      65642069 
 689      6E7400
 690              	.LASF15:
 691 007c 50315F44 		.ascii	"P1_D2_SetDriveMode\000"
 691      325F5365 
 691      74447269 
 691      76654D6F 
 691      646500
 692              	.LASF18:
 693 008f 50315F44 		.ascii	"P1_D2_Read\000"
 693      325F5265 
 693      616400
 694              	.LASF10:
 695 009a 646F7562 		.ascii	"double\000"
 695      6C6500
 696              	.LASF22:
 697 00a1 433A5C55 		.ascii	"C:\\Users\\Thomas\\Documents\\PSoC Creator\\TASBot\\"
 697      73657273 
 697      5C54686F 
 697      6D61735C 
ARM GAS  C:\Users\Thomas\AppData\Local\Temp\ccZBlraU.s 			page 26


 697      446F6375 
 698 00cf 54415342 		.ascii	"TASBot.cydsn\000"
 698      6F742E63 
 698      7964736E 
 698      00
 699              	.LASF8:
 700 00dc 756E7369 		.ascii	"unsigned int\000"
 700      676E6564 
 700      20696E74 
 700      00
 701              	.LASF7:
 702 00e9 6C6F6E67 		.ascii	"long long unsigned int\000"
 702      206C6F6E 
 702      6720756E 
 702      7369676E 
 702      65642069 
 703              	.LASF17:
 704 0100 6D6F6465 		.ascii	"mode\000"
 704      00
 705              	.LASF6:
 706 0105 6C6F6E67 		.ascii	"long long int\000"
 706      206C6F6E 
 706      6720696E 
 706      7400
 707              	.LASF20:
 708 0113 474E5520 		.ascii	"GNU C 4.9.3 20150303 (release) [ARM/embedded-4_9-br"
 708      4320342E 
 708      392E3320 
 708      32303135 
 708      30333033 
 709 0146 616E6368 		.ascii	"anch revision 221220] -mcpu=cortex-m3 -mthumb -g -O"
 709      20726576 
 709      6973696F 
 709      6E203232 
 709      31323230 
 710 0179 33202D66 		.ascii	"3 -ffunction-sections -finline-functions -flto -ffa"
 710      66756E63 
 710      74696F6E 
 710      2D736563 
 710      74696F6E 
 711 01ac 742D6C74 		.ascii	"t-lto-objects\000"
 711      6F2D6F62 
 711      6A656374 
 711      7300
 712              	.LASF11:
 713 01ba 63686172 		.ascii	"char\000"
 713      00
 714              	.LASF2:
 715 01bf 73686F72 		.ascii	"short int\000"
 715      7420696E 
 715      7400
 716              	.LASF12:
 717 01c9 75696E74 		.ascii	"uint8\000"
 717      3800
 718              	.LASF4:
 719 01cf 6C6F6E67 		.ascii	"long int\000"
 719      20696E74 
ARM GAS  C:\Users\Thomas\AppData\Local\Temp\ccZBlraU.s 			page 27


 719      00
 720              	.LASF19:
 721 01d8 50315F44 		.ascii	"P1_D2_ReadDataReg\000"
 721      325F5265 
 721      61644461 
 721      74615265 
 721      6700
 722              	.LASF0:
 723 01ea 7369676E 		.ascii	"signed char\000"
 723      65642063 
 723      68617200 
 724              		.comm	__gnu_lto_v1,1,1
 725              		.ident	"GCC: (GNU Tools for ARM Embedded Processors) 4.9.3 20150303 (release) [ARM/embedded-4_9-br
