ARM GAS  C:\Users\Thomas\AppData\Local\Temp\ccqPFj4w.s 			page 1


   1              		.syntax unified
   2              		.cpu cortex-m3
   3              		.fpu softvfp
   4              		.eabi_attribute 20, 1
   5              		.eabi_attribute 21, 1
   6              		.eabi_attribute 23, 3
   7              		.eabi_attribute 24, 1
   8              		.eabi_attribute 25, 1
   9              		.eabi_attribute 26, 1
  10              		.eabi_attribute 30, 2
  11              		.eabi_attribute 34, 1
  12              		.eabi_attribute 18, 4
  13              		.thumb
  14              		.file	"P1_D1.c"
  15              		.text
  16              	.Ltext0:
  17              		.section	.gnu.lto_.profile.be9c78c0,"",%progbits
  18 0000 789C6366 		.ascii	"x\234cf```a\200\000F\006IQ\000\000\273\0007"
  18      60606061 
  18      80004606 
  18      49510000 
  18      BB0037
  19              		.text
  20              		.section	.gnu.lto_.jmpfuncs.be9c78c0,"",%progbits
  21 0000 789C6366 		.ascii	"x\234cf\300\016\204\2404\013\003##c=#\210`b``\006\212"
  21      C00E84A0 
  21      340B0323 
  21      23633D23 
  21      88606260 
  22 0017 00000DC0 		.ascii	"\000\000\015\300\001$"
  22      0124
  23              		.text
  24              		.section	.gnu.lto_.inline.be9c78c0,"",%progbits
  25 0000 789C6366 		.ascii	"x\234cf\300\016\022\2404\013\003\003'\007##\003#\003"
  25      C00E12A0 
  25      340B0303 
  25      27072323 
  25      032303
  26 0013 0333C701 		.ascii	"\0033\307\001;\006\266\005\362L\014,\013\344Y@\222\214"
  26      3B06B605 
  26      F24C0C2C 
  26      0BE45940 
  26      928C
  27 0025 0C1CECE8 		.ascii	"\014\034\354\350rL\027\370\301rL\014l\254\214\014Ll"
  27      724C17F8 
  27      C1724C0C 
  27      6CAC8C0C 
  27      4C6C
  28 0037 1FF420E2 		.ascii	"\037\364 \342@\300\214)\304\000\000\333l\011\322"
  28      40C08C29 
  28      C40000DB 
  28      6C09D2
  29              		.text
  30              		.section	.gnu.lto_.pureconst.be9c78c0,"",%progbits
  31 0000 789C6366 		.ascii	"x\234cf``\340d\200\000\026\006)F)&)f)\000\002\305\000"
  31      6060E064 
  31      80001606 
ARM GAS  C:\Users\Thomas\AppData\Local\Temp\ccqPFj4w.s 			page 2


  31      29462926 
  31      29662900 
  32 0017 7F       		.ascii	"\177"
  33              		.text
  34              		.section	.gnu.lto_P1_D1_Write.be9c78c0,"",%progbits
  35 0000 789C6591 		.ascii	"x\234e\221OHTQ\024\306\317w\356{3\226.\242\345\254\012"
  35      4F485451 
  35      14C6CF77 
  35      EE7B3396 
  35      2EA2E5AC 
  36 0015 132B4210 		.ascii	"\023+B\020j\037\025\264\035p; \303\364\026B$\350\330"
  36      6A1F15B4 
  36      1D703B20 
  36      C3F41642 
  36      24E8D8
  37 0028 D6FB6A30 		.ascii	"\326\373j0\010\204A\002\203\301H%\3723\345\230\003\022"
  37      08844102 
  37      83C14825 
  37      FA33E598 
  37      0312
  38 003a 62F01217 		.ascii	"b\360\022\027A\324 B\201\210&L\377\240\205\242e:\344"
  38      41D42042 
  38      8188264C 
  38      FFA085A2 
  38      653AE4
  39 004d 78CE7B2E 		.ascii	"x\316{.\222\036\334?\357\360\373\276\373\335s\015\375"
  39      921EDC3F 
  39      EFF0FBBE 
  39      FBDD730D 
  39      FD
  40 005e FF25649C 		.ascii	"\377%d\234f\242\363\262\302\0208\377\201\310o`@7\004"
  40      66A2F3B2 
  40      C21038FF 
  40      81C86F60 
  40      403704
  41 0071 EA67F4E3 		.ascii	"\352g\364\343\007o0\362A\361~c\353#k\355\372P\305O\006"
  41      076F30F2 
  41      41F17E63 
  41      EB236BED 
  41      FA50C54F 
  42 0086 D811DD26 		.ascii	"\330\021\335&G>x\214Va6\213\366\2361\247@\262\237\\"
  42      473E788C 
  42      5661368B 
  42      F69E31A7 
  42      40B29F5C 
  43 009a 78BF176F 		.ascii	"x\277\027o\031\267\366V\360j\302^\024\034x\002#\012"
  43      19B7F656 
  43      F06AC25E 
  43      141C7802 
  43      230A
  44 00ac 9C4BE04C 		.ascii	"\234K\340L\202\244@x\212\026\205\247\006\347\247\331"
  44      82A44078 
  44      8A1685A7 
  44      06E7A7D9 
  45 00bc 9C0D85A3 		.ascii	"\234\015\205\243\357\326\346\233\232GE\370\2716\235"
  45      EFD6E69B 
  45      9A4745F8 
ARM GAS  C:\Users\Thomas\AppData\Local\Temp\ccqPFj4w.s 			page 3


  45      B9369D
  46 00cb 0AFC8776 		.ascii	"\012\374\207v\257^\017\345\317\376\225G\237\360\033"
  46      AF5E0FE5 
  46      CFFE9547 
  46      9FF01B
  47 00da B9BF9F1A 		.ascii	"\271\277\237\032c9\011v\014E4G\231\360\0341\310\242"
  47      63390976 
  47      0C453447 
  47      99F01C31 
  47      C8A2
  48 00ec 95D2F1C0 		.ascii	"\225\322\361\300\326\353\345\327ovq\204\345X\226\213"
  48      D6EBE5D7 
  48      6F767184 
  48      E558968B 
  49 00fc 4AD9819E 		.ascii	"J\331\201\236\356j!\246S\\'\242\252\014\275\374\027"
  49      EE6A21A6 
  49      535C27A2 
  49      AA0CBDFC 
  49      17
  50 010d F991D52C 		.ascii	"\371\221\325,a\356\367\335\225\341\270:n\263v\242p\347"
  50      61EEF7DD 
  50      95E1B83A 
  50      6EB376A2 
  50      70E7
  51 011f 6D8DBFF3 		.ascii	"m\215\277\363\016\233\374\230o\035\315\260Z\255,4\204"
  51      0E9BFC98 
  51      6F1DCDB0 
  51      5AAD2C34 
  51      84
  52 0130 A530D27A 		.ascii	"\2450\322zi\366\2013\202\202\237\223\334\016^ \201\011"
  52      69F68133 
  52      82829F93 
  52      DC0E5E20 
  52      8109
  53 0142 48649430 		.ascii	"Hd\2240\002Z\302\355?\003\313\210\014M\34493\273X1j"
  53      025AC2ED 
  53      3F03CB88 
  53      0C4DE439 
  53      33BB5831 
  54 0157 8055E9CA 		.ascii	"\200U\351\312\244\300\037\301\341%$\251P*Z\036\370\372"
  54      A4C01FC1 
  54      E12524A9 
  54      502A5A1E 
  54      F8FA
  55 0169 ED2086BB 		.ascii	"\355 \206\273\315\216\250~.\026f\232T\305.\341\245\210"
  55      CD8EA87E 
  55      2E16669A 
  55      54C52EE1 
  55      A588
  56 017b 42EBAD03 		.ascii	"B\353\255\003k\345\004Z\033\374U\206B\316\011\302T\004"
  56      6BE5045A 
  56      1BFC5586 
  56      42CE09C2 
  56      5404
  57 018d 6DC52224 		.ascii	"m\305\"$\036R\352>7\024\252\016\205\367\003\367p\374"
  57      1E52EA3E 
  57      3714AA0E 
ARM GAS  C:\Users\Thomas\AppData\Local\Temp\ccqPFj4w.s 			page 4


  57      85F703F7 
  57      70FC
  58 019f B2C41711 		.ascii	"\262\304\027\021\255\300\017j\256\362\372\006UyH\351"
  58      ADC00F6A 
  58      AEF2FA06 
  58      557948E9 
  59 01af 94F4ED64 		.ascii	"\224\364\355d[\352\252w\303\353Ig\275k\235\035\335}"
  59      5BEAAA77 
  59      C3EB4967 
  59      BD6B9D1D 
  59      DD7D
  60 01c1 3D192F95 		.ascii	"=\031/\225\354\350\276|!\225l\357\274\322\336\226!\367"
  60      ECE8BE7C 
  60      21956CEF 
  60      BCD2DE96 
  60      21F7
  61 01d3 66FA7A9F 		.ascii	"f\372z\237w\2647\233\316ve.ue{\367\001\015\212\315\206"
  61      77B4379B 
  61      CE76652E 
  61      75657BF7 
  61      010D8ACD 
  62              		.text
  63              		.section	.gnu.lto_P1_D1_SetDriveMode.be9c78c0,"",%progbits
  64 0000 789C7D51 		.ascii	"x\234}Q=HBQ\024>\337\275O\237%E4\205[PX\020EC{P\324"
  64      3D484251 
  64      143EDFBD 
  64      4F9F2545 
  64      34855B50 
  65 001b 1AB40A11 		.ascii	"\032\264\012\021\371\306\022\242f\237fK\020dS\020\201"
  65      F9C612A2 
  65      669F664B 
  65      10645310 
  65      81
  66 002c 14A6FD07 		.ascii	"\024\246\375\007\015\321R\"ACP\330\022\005\325b\277"
  66      0DD15222 
  66      414350D8 
  66      1205D562 
  66      BF
  67 003d 50284625 		.ascii	"P(F%av\356\323A\010\272\274{\356\371\016\337\367\275"
  67      6176EED3 
  67      4108BABC 
  67      7BEEF90E 
  67      DFF7BD
  68 0050 73CF95F4 		.ascii	"s\317\225\364w\271x\277\200\250\205OH\202\230;#\012"
  68      77B978BF 
  68      80A8854F 
  68      4882983B 
  68      230A
  69 0062 3804A012 		.ascii	"8\004\240\022\002\371\005\374x\026Y\201\271\304\306"
  69      02F905FC 
  69      78165981 
  69      B9C4C6
  70 0071 82D31D35 		.ascii	"\202\323\0355M3\263\274\3370\335\220\027D9Q\262A\014"
  70      4D33B3BC 
  70      DF30DD90 
  70      17443951 
  70      B2410C
ARM GAS  C:\Users\Thomas\AppData\Local\Temp\ccqPFj4w.s 			page 5


  71 0084 6EA63CE6 		.ascii	"n\246<\346\237c5\262\011\304y!|y!\232WL3\2308\3326\273"
  71      9F6335B2 
  71      09C47921 
  71      7C79219A 
  71      574C3398 
  72 009c 9167CF38 		.ascii	"\221g\3178$+\320\346B\253\213\270@XC\263\"gC\205K\247"
  72      242BD0E6 
  72      42AB8BB8 
  72      405843B3 
  72      22674385 
  73 00b2 3DC4DE75 		.ascii	"=\304\336u%O\254\303\316m\321N}\302,\026s7\341x\007"
  73      254FACC3 
  73      CE6DD14E 
  73      7DC22C16 
  73      7337E178 
  74 00c7 9C823542 		.ascii	"\234\2025Br\220\232\0126(\271]\245\272\012\016\025\252"
  74      72909A0A 
  74      3628B95D 
  74      A5BA0A0E 
  74      15AA
  75 00d9 148728CD 		.ascii	"\024\207(\315[\335\340\236\001\237\362\032\311\217\231"
  75      5BDDE09E 
  75      019FF21A 
  75      C98F99
  76 00e8 87454DF9 		.ascii	"\207EM\371~\012u\235\227\303\223\210\376$\362B\233\215"
  76      7E0A759D 
  76      97C39388 
  76      FE24F242 
  76      9B8D
  77 00fa 044C4D75 		.ascii	"\004LMuq\227>O9\254\022)\030]=\370\251^\302b \304\315"
  77      71973E4F 
  77      39AC1229 
  77      185D3DF8 
  77      A95EC262 
  78 0111 DBB00117 		.ascii	"\333\260\001\0276\301\003\303\026\226@\327\010\336\352"
  78      36C103C3 
  78      169640D7 
  78      08DEEA
  79 0120 253BC98E 		.ascii	"%;\311\216\214\247\276\354%\254q\211\365Wo\231S\313"
  79      8CA7BEEC 
  79      25AC7189 
  79      F5576F99 
  79      53CB
  80 0132 4E668BE5 		.ascii	"Nf\213\345\305\263\334f\213\012-\177\266J\255\316%\326"
  80      C5B3DC66 
  80      8B0A2D7F 
  80      B64AADCE 
  80      25D6
  81 0144 A6F65E8F 		.ascii	"\246\366^\217m\226\266\226\260cI\246\336\313\024\207"
  81      6D96B696 
  81      B06349A6 
  81      DECB1487 
  82 0154 F507BDD2 		.ascii	"\365\007\275\322\245\212\253\214\223\363P\370\277\336"
  82      A58AAB8C 
  82      93F350F8 
  82      BFDE
  83 0162 77B977E6 		.ascii	"w\271w\346\323-\002\211\357>\305V\357\227\346\267\340"
ARM GAS  C:\Users\Thomas\AppData\Local\Temp\ccqPFj4w.s 			page 6


  83      D32D0289 
  83      EF3EC556 
  83      EF97E6B7 
  83      E0
  84 0173 31F1D01A 		.ascii	"1\361\320\032\333=\375\306\2301><ax\207\006}\223\343"
  84      DB3DFDC6 
  84      98313E3C 
  84      61788706 
  84      7D93E3
  85 0186 23866760 		.ascii	"#\206g`\320\327\323\345\031\350\034\352\355l\037!m\324"
  85      D0D7D3E5 
  85      19E81CEA 
  85      ED6C1F21 
  85      6DD4
  86 0198 E7357E01 		.ascii	"\3475~\001\330\361\267K"
  86      D8F1B74B 
  87              		.text
  88              		.section	.gnu.lto_P1_D1_Read.be9c78c0,"",%progbits
  89 0000 789C654F 		.ascii	"x\234eO=HBQ\024>\337y\317\0370\"\232\302\251h\220@\004"
  89      3D484251 
  89      143EDF79 
  89      CF1F3022 
  89      9AC2A968 
  90 0017 87961A0B 		.ascii	"\207\226\032\013Z#WA\302\\\023\244f\237f\026M\331j:"
  90      5A235741 
  90      C25C13A4 
  90      669F6616 
  90      4DD96A3A 
  91 002b 0451693F 		.ascii	"\004Qi?C\020\030\004\341\324PF8\024\022\257\305\240"
  91      43101804 
  91      E1D45046 
  91      381412AF 
  91      C5A0
  92 003d A021C97E 		.ascii	"\240!\311~\336Pv\256\257\255\013\367;\367\234\363\235"
  92      DE5076AE 
  92      AFAD0BF7 
  92      3BF79CF3 
  92      9D
  93 004e EFBB47A3 		.ascii	"\357\273G\243\377\307+w\006D\303\022\241\021x\275F\224"
  93      FFC72B77 
  93      0644C312 
  93      A11178BD 
  93      4694
  94 0060 7233A01E 		.ascii	"r3\240\036\004J2\222x\346\026\343\262\362S\207o\333"
  94      044A3292 
  94      78E616E3 
  94      B2F25387 
  94      6FDB
  95 0072 30D2AF1B 		.ascii	"0\322\257\033g\367\236\345\001\213\211\336\230\340\367"
  95      67F79EE5 
  95      018B89DE 
  95      98E0F7
  96 0081 6244E960 		.ascii	"bD\351`\007>\022b+\363}\353qf\014\303\350S}i\354\302"
  96      073E1262 
  96      2BF37DEB 
  96      71660CC3 
  96      E8537D69 
ARM GAS  C:\Users\Thomas\AppData\Local\Temp\ccqPFj4w.s 			page 7


  97 0097 291E74D4 		.ascii	")\036t\324\177nt:\307\357\271\325q\270@\026\213\243"
  97      7F6E743A 
  97      C7EFB9D5 
  97      71B84016 
  97      8BA3
  98 00a9 802EC00E 		.ascii	"\200.\300\016\005NR\232\324\024P\366\217\314*j\015T"
  98      054E529A 
  98      D41450F6 
  98      8FCC2A6A 
  98      0D54
  99 00bb 3FD6CCE2 		.ascii	"?\326\314\342\230\322\371dM,\252\265rQ\177b\213\265"
  99      98D2F964 
  99      4D2CAAB5 
  99      72517F62 
  99      8BB5
 100 00cd DC56CAD0 		.ascii	"\334V\312\320\225\353C\363\372\306\335-\221J7OJ\027"
 100      95EB43F3 
 100      FAC6DD2D 
 100      914A374F 
 100      4A17
 101 00df BD05E453 		.ascii	"\275\005\344S\031X\254c\017^\224 \277D\031\005P\003"
 101      1958AC63 
 101      0F5E9420 
 101      BF441905 
 101      5003
 102 00f1 4B5FD936 		.ascii	"K_\3316\333\202\2605+\207\355+\217\022\300 a_\270\015"
 102      DB82B035 
 102      2B87ED2B 
 102      8F12C020 
 102      615FB80D 
 103 0105 A44D974D 		.ascii	"\244M\227M\321\205\245\206\314lS\267+\016)\312\320K"
 103      D185A586 
 103      CC6C53B7 
 103      2B0E29CA 
 103      D04B
 104 0117 3D7FDAA3 		.ascii	"=\177\332\243\206\034\016\302\201=t\267\342\2679\212"
 104      861C0EC2 
 104      813D74B7 
 104      E2B7398A 
 105 0127 4626F097 		.ascii	"F&\360\227u7\203\332H\366\033\012\204\247b\363\261\304"
 105      753783DA 
 105      48F61B0A 
 105      84A762F3 
 105      B1C4
 106 0139 EC426C2E 		.ascii	"\354Bl.\022\212/&\242\261\360t(>1\032\236\016F&\203"
 106      128A2F26 
 106      A2B1F074 
 106      283E311A 
 106      9E0E4626 
 107 014e 8128FD02 		.ascii	"\201(\375\002|\253\177\267"
 107      7CAB7FB7 
 108              		.text
 109              		.section	.gnu.lto_P1_D1_ReadDataReg.be9c78c0,"",%progbits
 110 0000 789C654F 		.ascii	"x\234eO=HBQ\024>\337y\357\251`C4\205S\321 \205\010\016"
 110      3D484251 
 110      143EDF79 
 110      EFA96043 
ARM GAS  C:\Users\Thomas\AppData\Local\Temp\ccqPFj4w.s 			page 8


 110      348553D1 
 111 0018 2DAD05AD 		.ascii	"-\255\005\255\221\253 aoM\220\232}\232i4I\253\330\020"
 111      91AB2061 
 111      6F4D909A 
 111      7D9A6934 
 111      49ABD810 
 112 002c 44D99F43 		.ascii	"D\331\237C\223\321\020M\015\225\224C!a\213AA\203\222"
 112      93D1104D 
 112      0D959443 
 112      21618B41 
 112      418392
 113 003f 548F483B 		.ascii	"T\217H;\327\327\326\205\373\235{\316\371\316\367\335"
 113      D7D7D685 
 113      FB9D7BCE 
 113      F9CEF7DD 
 114 004f A3D1FFE3 		.ascii	"\243\321\377\343\223;\017\2421\211\320\010\234\277!"
 114      933B0FA2 
 114      3189D008 
 114      9CBF21
 115 005e 4A791850 		.ascii	"Jy\030P\017\002%\031I\274r\233qU\351\326\340\337\261"
 115      0F022519 
 115      49BC729B 
 115      7155E9D6 
 115      E0DFB1
 116 0071 AC74EBAE 		.ascii	"\254t\353\256\366\350]\033\266\231\350\235\011\001\037"
 116      F6E85D1B 
 116      B699E89D 
 116      09011F
 117 0080 C6950E76 		.ascii	"\306\225\016v\341'!\2663?\367^W\306\262\254A\325\227"
 117      E12721B6 
 117      333FF75E 
 117      57C6B2AC 
 117      41D597
 118 0093 C61E5CE2 		.ascii	"\306\036\\\342A\345\241s\253\327;\251n\256O\260\033"
 118      41E5A173 
 118      ABD73BA9 
 118      6EAE4FB0 
 118      1B
 119 00a4 64B3380A 		.ascii	"d\2638\012\350\002l(p\221\322\244\246\200\262\177fV"
 119      E8026C28 
 119      7091D2A4 
 119      A680B27F 
 119      6656
 120 00b6 51ABE3E2 		.ascii	"Q\253\343\342c\243[\232R:\237\254\211E!w\371\315/l\263"
 120      63A35B9A 
 120      523A9FAC 
 120      89452177 
 120      F9CD2F6C 
 121 00cb 96DF4E59 		.ascii	"\226\337NY\272r}jVo=\375\022\251\264U>\333\322\213("
 121      BA727D6A 
 121      566F3DFD 
 121      12A9B455 
 121      3EDBD28B 
 122 00e0 A432B059 		.ascii	"\2442\260YG\011>\354C~\211\003\024Au\254~e;\354\010"
 122      47093EEC 
 122      437E8903 
 122      144175AC 
ARM GAS  C:\Users\Thomas\AppData\Local\Temp\ccqPFj4w.s 			page 9


 122      7E653BEC 
 123 00f5 C2D1AC1C 		.ascii	"\302\321\254\034w\256\275J\000#\204C\341\326\221n\270"
 123      77AEBD4A 
 123      00238443 
 123      E1D6916E 
 123      B8
 124 0106 1D8A2E2C 		.ascii	"\035\212.,5\324\3106u\247bHQ\206\336j\205\323\0015d"
 124      35D4C836 
 124      75A76248 
 124      5186DE6A 
 124      85D30135 
 125 011b 18842367 		.ascii	"\030\204#g\350!\027p8\212F\015\340/\353o\006\265\221"
 125      E8211770 
 125      388A460D 
 125      E02FEB6F 
 125      06B591
 126 012e EC371A8C 		.ascii	"\3547\032\214\314\232Kfba\331\\\214\206\343+\211\230"
 126      CC9A4B66 
 126      6261D95C 
 126      8C86E32B 
 126      8998
 127 0140 19990BC7 		.ascii	"\031\231\013\307\247'#s\241\350L(\030\243_\010H\200"
 127      A7272373 
 127      A1E84C28 
 127      18A35F08 
 127      4880
 128 0152 37       		.ascii	"7"
 129              		.text
 130              		.section	.gnu.lto_.symbol_nodes.be9c78c0,"",%progbits
 131 0000 789C6366 		.ascii	"x\234cf``pb\200\002&\206z\006\206\011\347\030\030\352"
 131      60607062 
 131      80022686 
 131      7A068609 
 131      E71818EA 
 132 0014 EB19E62D 		.ascii	"\353\031\346-\340``b\254gD\3413\3253\241\360\231\353"
 132      E0606062 
 132      AC6744E1 
 132      33D533A1 
 132      F099EB
 133 0027 9991F90C 		.ascii	"\231\221\371\014\0003\356\020\336"
 133      0033EE10 
 133      DE
 134              		.text
 135              		.section	.gnu.lto_.refs.be9c78c0,"",%progbits
 136 0000 789C6366 		.ascii	"x\234cf```d\200\002\000\000=\000\005"
 136      60606064 
 136      80020000 
 136      3D0005
 137              		.text
 138              		.section	.gnu.lto_.decls.be9c78c0,"",%progbits
 139 0000 789C8D92 		.ascii	"x\234\215\222]H\024Q\024\307\357\231;\356\352\270-\325"
 139      5D481451 
 139      14C7EF99 
 139      3BEEEAB8 
 139      2DD5
 140 0012 83C612B4 		.ascii	"\203\306\022\264\021\010\201\010\026\201o\011\012JP"
 140      11088108 
ARM GAS  C:\Users\Thomas\AppData\Local\Temp\ccqPFj4w.s 			page 10


 140      16816F09 
 140      0A4A50
 141 0021 2C4AF4A0 		.ascii	",J\364\240 \213\016\346\213\3066\006>y\375\010?\262"
 141      208B0EE6 
 141      8BC63606 
 141      3E79FD08 
 141      3FB2
 142 0033 32495A8C 		.ascii	"2IZ\214RP\363\2434S\327u\325t\026\221\204\260^dA!\310"
 142      5250F3A3 
 142      3453D775 
 142      D5741691 
 142      84B05E64 
 143 004a B6077B5B 		.ascii	"\266\007{[#c\213`:sg\267Yl\005\017\234\231{f\316\357"
 143      23638B60 
 143      3A7367B7 
 143      596C050F 
 143      9C997B66 
 144 0060 7FCEBDF7 		.ascii	"\177\316\275\367PB\210\023\010\321\320\362)!\275\030"
 144      50428813 
 144      08D1D0F2 
 144      2921BD18 
 145 0070 A7A0BB88 		.ascii	"\247\240\273\210i\"\3724\372,\272\037=@\376\267\351"
 145      6922FA34 
 145      FA2CBA1F 
 145      3D40FEB7 
 145      E9
 146 0081 046E023D 		.ascii	"\004n\002=\003}\031})\366\037b9\007M\327\264\034\340"
 146      037D197D 
 146      29F61F62 
 146      39074DD7 
 146      B41CE0
 147 0094 D424EC6C 		.ascii	"\324$\354l\022\326\037c\343\\q\002w%\201\365'a\003G"
 147      12D61F63 
 147      E35C7102 
 147      772581F5 
 147      27610347 
 148 00a8 6493ED75 		.ascii	"d\223\355uO\200\300\344\217\215\364]\001\354\222S\017"
 148      4F80C0E4 
 148      8F8DF45D 
 148      01EC9253 
 148      0F
 149 00b9 177AD6BD 		.ascii	"\027z\326\275\026\014m\222\250\207\241\225\266\266T"
 149      160C6D92 
 149      A887A195 
 149      B6B654
 150 00c8 2A80BE1E 		.ascii	"*\200\276\036\364\356lJ\331\343\214\261v\246\252`J4"
 150      F4EE6C4A 
 150      D9E38CB1 
 150      76A6AA60 
 150      4A34
 151 00da BD58ECB2 		.ascii	"\275X\354\262\"\223!\361\360\301\373\276 \345\241\246"
 151      229321F1 
 151      F0C1FBBE 
 151      20E5A1A6 
 152 00ea 73C2D6D6 		.ascii	"s\302\326\326\343_\024\244\254v\306\232Y\244\207\321"
 152      E35F14A4 
 152      AC76C69A 
ARM GAS  C:\Users\Thomas\AppData\Local\Temp\ccqPFj4w.s 			page 11


 152      59A487D1 
 153 00fa 5304B21D 		.ascii	"S\004\262\035p\336A`\022\2620\015\306!\233\300Kp\300"
 153      70DE4160 
 153      12B2300D 
 153      C6219BC0 
 153      4B70C0
 154 010d 2B709021 		.ascii	"+p\220!,\020\351\337\334>\315\230\010\023 \301\030P"
 154      2C10E9DF 
 154      DC3ECD98 
 154      081320C1 
 154      1850
 155 011f 9E81DBD0 		.ascii	"\236\201\333\320+\304\212v\337\015v\213\242\200\037"
 155      2BC48A76 
 155      DF0D768B 
 155      A2801F
 156 012e F59C32DE 		.ascii	"\365\2342\336\355\276\2663,d\366\242\000\353na\307E"
 156      EDBEB633 
 156      2C64F6A2 
 156      00EB6E61 
 156      C745
 157 0140 7065C008 		.ascii	"pe\300\010\312\216\242,\201)\310\304\347k\020\015\201"
 157      CA8EA22C 
 157      8129C8C4 
 157      E76B100D 
 157      81
 158 0151 68E8FE5A 		.ascii	"h\350\376Z*\275\310\2676\334\037\012\213\316\347l`*"
 158      2ABDC8B7 
 158      36DC1F0A 
 158      8BCEE76C 
 158      602A
 159 0163 A27DDFB2 		.ascii	"\242}\337\262\261u\246j\332e\216\300\233\177\345\211"
 159      B175A66A 
 159      DA658EC0 
 159      9B7FE589 
 160 0173 BE36CE73 		.ascii	"\2766\316s\032\234\210\215}\352\372m\245n.\021\365\371"
 160      1A9C888D 
 160      7DEAFA6D 
 160      A56E2E11 
 160      F5F9
 161 0185 36EC5C62 		.ascii	"6\354\\b`a\320b\010p~&\201\237\211\363\263\234\357h"
 161      6061D062 
 161      08707E26 
 161      819F89F3 
 161      B39CEF68 
 162 0199 9DA289ED 		.ascii	"\235\242\211\355\352;1\373\365\361~\313b\355\276k{\272"
 162      EA3B31FB 
 162      F5F17ECB 
 162      62EDBE6B 
 162      7BBA
 163 01ab 2F5085D7 		.ascii	"/P\205\327\362\256\2157Yy\255\317\337\302\262\332\312"
 163      F2AE8D37 
 163      5979ADCF 
 163      DFC2B2DA 
 163      CA
 164 01bc FE681AE5 		.ascii	"\376h\032\345\000\314%T\233\213W\363\363j\341\257\341"
 164      00CC2554 
 164      9B8B57F3 
ARM GAS  C:\Users\Thomas\AppData\Local\Temp\ccqPFj4w.s 			page 12


 164      F36AE1AF 
 164      E1
 165 01cd D574DAC8 		.ascii	"\325t\332\310\025>\366\215^0\232}6\034oV\307\347\023"
 165      153EF68D 
 165      5E309A7D 
 165      361C6F56 
 165      C7E713
 166 01e0 F0F9381E 		.ascii	"\360\3718\036\3408{ro(\225>\002\316\373~v\006\216Ix"
 166      E0387B72 
 166      6F28953E 
 166      02CEFB7E 
 166      76068E49 
 167 01f5 A32D47B8 		.ascii	"\243-G\270Q\234\201\315\017\235\2414c\006\016\022o\017"
 167      519C81CD 
 167      0F9DA134 
 167      63060E12 
 167      6F0F
 168 0207 9D8168B8 		.ascii	"\235\201h\270\270\225\345\303\022\236\312\2029\003\213"
 168      B895E5C3 
 168      129ECA82 
 168      39038B
 169 0216 600E41C7 		.ascii	"`\016A\307\227\276\015\233\255S\037,<\301\264u;O6\217"
 169      97BE0D9B 
 169      AD531F2C 
 169      3CC1B475 
 169      3B4F368F 
 170 022a 70196C7C 		.ascii	"p\031l|\007\370\336\023hp$\270-\201Crxq\202\243g@E\245"
 170      07F8DE13 
 170      687024B8 
 170      2D814372 
 170      787182A3 
 171 0242 76FDF423 		.ascii	"v\375\364#\315\214z\355\361\216\010\377A \2102+(\243"
 171      CD8C7AED 
 171      F18E08FF 
 171      41208832 
 171      2B28A3
 172 0255 67ABBB9A 		.ascii	"g\253\273\232\326\250\031\366\320\312\023\370#\245\276"
 172      D6A819F6 
 172      D0CA13F8 
 172      23A5BE
 173 0264 A656C9B3 		.ascii	"\246V\311\263\024]\273\356, \347r\312\213\344Z\331\343"
 173      145DBBEE 
 173      2C20E772 
 173      CA8BE45A 
 173      D9E3
 174 0276 56E4AA8A 		.ascii	"V\344\252\212\322\272zO\245\\\356*\255+\270T^\331\240"
 174      D2BA7A4F 
 174      A55CEE2A 
 174      AD2BB854 
 174      5ED9A0
 175 0289 34DC926F 		.ascii	"4\334\222o\347\334$\351\256\334\212\302\334\212\033"
 175      E7DC24E9 
 175      AEDC8AC2 
 175      DC8A1B
 176 0298 9E1A453E 		.ascii	"\236\032E>{h>O\312\251$'\215\354RY)\364\324\334\221"
 176      7B683E4F 
 176      CAA92427 
ARM GAS  C:\Users\Thomas\AppData\Local\Temp\ccqPFj4w.s 			page 13


 176      8DEC5259 
 176      29F4D4DC 
 177 02ad AFD655C9 		.ascii	"\257\326U\311\222\361\251DvW\2350\227\205n\305]\"W\213"
 177      92F1A944 
 177      76579D30 
 177      97856EC5 
 177      5D22578B 
 178 02c1 1EB93AEF 		.ascii	"\036\271:\357/\037\375F\365"
 178      2F1FFD46 
 178      F5
 179              		.text
 180              		.section	.gnu.lto_.symtab.be9c78c0,"",%progbits
 181 0000 50315F44 		.ascii	"P1_D1_Write\000\000\000\000\000\000\000\000\000\000"
 181      315F5772 
 181      69746500 
 181      00000000 
 181      00000000 
 182 0015 0000B200 		.ascii	"\000\000\262\000\000\000P1_D1_SetDriveMode\000\000\000"
 182      00005031 
 182      5F44315F 
 182      53657444 
 182      72697665 
 183 0030 00000000 		.ascii	"\000\000\000\000\000\000\000\000\000\264\000\000\000"
 183      00000000 
 183      00B40000 
 183      00
 184 003d 50315F44 		.ascii	"P1_D1_Read\000\000\000\000\000\000\000\000\000\000\000"
 184      315F5265 
 184      61640000 
 184      00000000 
 184      00000000 
 185 0052 00B70000 		.ascii	"\000\267\000\000\000P1_D1_ReadDataReg\000\000\000\000"
 185      0050315F 
 185      44315F52 
 185      65616444 
 185      61746152 
 186 006c 00000000 		.ascii	"\000\000\000\000\000\000\000\000\271\000\000\000"
 186      00000000 
 186      B9000000 
 187              		.text
 188              		.section	.gnu.lto_.opts,"",%progbits
 189 0000 272D666E 		.ascii	"'-fno-trapv' '-mcpu=cortex-m3' '-mthumb' '-g' '-O3'"
 189      6F2D7472 
 189      61707627 
 189      20272D6D 
 189      6370753D 
 190 0033 20272D66 		.ascii	" '-ffunction-sections' '-finline-functions' '-flto'"
 190      66756E63 
 190      74696F6E 
 190      2D736563 
 190      74696F6E 
 191 0066 20272D66 		.ascii	" '-ffat-lto-objects'\000"
 191      6661742D 
 191      6C746F2D 
 191      6F626A65 
 191      63747327 
 192              		.text
ARM GAS  C:\Users\Thomas\AppData\Local\Temp\ccqPFj4w.s 			page 14


 193              		.cfi_sections	.debug_frame
 194              		.section	.text.P1_D1_Write,"ax",%progbits
 195              		.align	2
 196              		.global	P1_D1_Write
 197              		.thumb
 198              		.thumb_func
 199              		.type	P1_D1_Write, %function
 200              	P1_D1_Write:
 201              	.LFB0:
 202              		.file 1 ".\\Generated_Source\\PSoC5\\P1_D1.c"
   1:.\Generated_Source\PSoC5/P1_D1.c **** /*******************************************************************************
   2:.\Generated_Source\PSoC5/P1_D1.c **** * File Name: P1_D1.c  
   3:.\Generated_Source\PSoC5/P1_D1.c **** * Version 2.20
   4:.\Generated_Source\PSoC5/P1_D1.c **** *
   5:.\Generated_Source\PSoC5/P1_D1.c **** * Description:
   6:.\Generated_Source\PSoC5/P1_D1.c **** *  This file contains API to enable firmware control of a Pins component.
   7:.\Generated_Source\PSoC5/P1_D1.c **** *
   8:.\Generated_Source\PSoC5/P1_D1.c **** * Note:
   9:.\Generated_Source\PSoC5/P1_D1.c **** *
  10:.\Generated_Source\PSoC5/P1_D1.c **** ********************************************************************************
  11:.\Generated_Source\PSoC5/P1_D1.c **** * Copyright 2008-2015, Cypress Semiconductor Corporation.  All rights reserved.
  12:.\Generated_Source\PSoC5/P1_D1.c **** * You may use this file only in accordance with the license, terms, conditions, 
  13:.\Generated_Source\PSoC5/P1_D1.c **** * disclaimers, and limitations in the end user license agreement accompanying 
  14:.\Generated_Source\PSoC5/P1_D1.c **** * the software package with which this file was provided.
  15:.\Generated_Source\PSoC5/P1_D1.c **** *******************************************************************************/
  16:.\Generated_Source\PSoC5/P1_D1.c **** 
  17:.\Generated_Source\PSoC5/P1_D1.c **** #include "cytypes.h"
  18:.\Generated_Source\PSoC5/P1_D1.c **** #include "P1_D1.h"
  19:.\Generated_Source\PSoC5/P1_D1.c **** 
  20:.\Generated_Source\PSoC5/P1_D1.c **** /* APIs are not generated for P15[7:6] on PSoC 5 */
  21:.\Generated_Source\PSoC5/P1_D1.c **** #if !(CY_PSOC5A &&\
  22:.\Generated_Source\PSoC5/P1_D1.c **** 	 P1_D1__PORT == 15 && ((P1_D1__MASK & 0xC0) != 0))
  23:.\Generated_Source\PSoC5/P1_D1.c **** 
  24:.\Generated_Source\PSoC5/P1_D1.c **** 
  25:.\Generated_Source\PSoC5/P1_D1.c **** /*******************************************************************************
  26:.\Generated_Source\PSoC5/P1_D1.c **** * Function Name: P1_D1_Write
  27:.\Generated_Source\PSoC5/P1_D1.c **** ****************************************************************************//**
  28:.\Generated_Source\PSoC5/P1_D1.c **** *
  29:.\Generated_Source\PSoC5/P1_D1.c **** * \brief Writes the value to the physical port (data output register), masking
  30:.\Generated_Source\PSoC5/P1_D1.c **** *  and shifting the bits appropriately. 
  31:.\Generated_Source\PSoC5/P1_D1.c **** *
  32:.\Generated_Source\PSoC5/P1_D1.c **** * The data output register controls the signal applied to the physical pin in 
  33:.\Generated_Source\PSoC5/P1_D1.c **** * conjunction with the drive mode parameter. This function avoids changing 
  34:.\Generated_Source\PSoC5/P1_D1.c **** * other bits in the port by using the appropriate method (read-modify-write or
  35:.\Generated_Source\PSoC5/P1_D1.c **** * bit banding).
  36:.\Generated_Source\PSoC5/P1_D1.c **** *
  37:.\Generated_Source\PSoC5/P1_D1.c **** * <b>Note</b> This function should not be used on a hardware digital output pin 
  38:.\Generated_Source\PSoC5/P1_D1.c **** * as it is driven by the hardware signal attached to it.
  39:.\Generated_Source\PSoC5/P1_D1.c **** *
  40:.\Generated_Source\PSoC5/P1_D1.c **** * \param value
  41:.\Generated_Source\PSoC5/P1_D1.c **** *  Value to write to the component instance.
  42:.\Generated_Source\PSoC5/P1_D1.c **** *
  43:.\Generated_Source\PSoC5/P1_D1.c **** * \return 
  44:.\Generated_Source\PSoC5/P1_D1.c **** *  None 
  45:.\Generated_Source\PSoC5/P1_D1.c **** *
  46:.\Generated_Source\PSoC5/P1_D1.c **** * \sideeffect
  47:.\Generated_Source\PSoC5/P1_D1.c **** *  If you use read-modify-write operations that are not atomic; the Interrupt 
ARM GAS  C:\Users\Thomas\AppData\Local\Temp\ccqPFj4w.s 			page 15


  48:.\Generated_Source\PSoC5/P1_D1.c **** *  Service Routines (ISR) can cause corruption of this function. An ISR that 
  49:.\Generated_Source\PSoC5/P1_D1.c **** *  interrupts this function and performs writes to the Pins component data 
  50:.\Generated_Source\PSoC5/P1_D1.c **** *  register can cause corrupted port data. To avoid this issue, you should 
  51:.\Generated_Source\PSoC5/P1_D1.c **** *  either use the Per-Pin APIs (primary method) or disable interrupts around 
  52:.\Generated_Source\PSoC5/P1_D1.c **** *  this function.
  53:.\Generated_Source\PSoC5/P1_D1.c **** *
  54:.\Generated_Source\PSoC5/P1_D1.c **** * \funcusage
  55:.\Generated_Source\PSoC5/P1_D1.c **** *  \snippet P1_D1_SUT.c usage_P1_D1_Write
  56:.\Generated_Source\PSoC5/P1_D1.c **** *******************************************************************************/
  57:.\Generated_Source\PSoC5/P1_D1.c **** void P1_D1_Write(uint8 value)
  58:.\Generated_Source\PSoC5/P1_D1.c **** {
 203              		.loc 1 58 0
 204              		.cfi_startproc
 205              		@ args = 0, pretend = 0, frame = 0
 206              		@ frame_needed = 0, uses_anonymous_args = 0
 207              		@ link register save eliminated.
 208              	.LVL0:
  59:.\Generated_Source\PSoC5/P1_D1.c ****     uint8 staticBits = (P1_D1_DR & (uint8)(~P1_D1_MASK));
 209              		.loc 1 59 0
 210 0000 044A     		ldr	r2, .L2
  60:.\Generated_Source\PSoC5/P1_D1.c ****     P1_D1_DR = staticBits | ((uint8)(value << P1_D1_SHIFT) & P1_D1_MASK);
 211              		.loc 1 60 0
 212 0002 4001     		lsls	r0, r0, #5
 213              	.LVL1:
  59:.\Generated_Source\PSoC5/P1_D1.c ****     uint8 staticBits = (P1_D1_DR & (uint8)(~P1_D1_MASK));
 214              		.loc 1 59 0
 215 0004 1378     		ldrb	r3, [r2]	@ zero_extendqisi2
 216              	.LVL2:
 217              		.loc 1 60 0
 218 0006 00F02000 		and	r0, r0, #32
  59:.\Generated_Source\PSoC5/P1_D1.c ****     uint8 staticBits = (P1_D1_DR & (uint8)(~P1_D1_MASK));
 219              		.loc 1 59 0
 220 000a 03F0DF03 		and	r3, r3, #223
 221              	.LVL3:
 222              		.loc 1 60 0
 223 000e 1843     		orrs	r0, r0, r3
 224 0010 1070     		strb	r0, [r2]
 225 0012 7047     		bx	lr
 226              	.L3:
 227              		.align	2
 228              	.L2:
 229 0014 10510040 		.word	1073762576
 230              		.cfi_endproc
 231              	.LFE0:
 232              		.size	P1_D1_Write, .-P1_D1_Write
 233              		.section	.text.P1_D1_SetDriveMode,"ax",%progbits
 234              		.align	2
 235              		.global	P1_D1_SetDriveMode
 236              		.thumb
 237              		.thumb_func
 238              		.type	P1_D1_SetDriveMode, %function
 239              	P1_D1_SetDriveMode:
 240              	.LFB1:
  61:.\Generated_Source\PSoC5/P1_D1.c **** }
  62:.\Generated_Source\PSoC5/P1_D1.c **** 
  63:.\Generated_Source\PSoC5/P1_D1.c **** 
  64:.\Generated_Source\PSoC5/P1_D1.c **** /*******************************************************************************
ARM GAS  C:\Users\Thomas\AppData\Local\Temp\ccqPFj4w.s 			page 16


  65:.\Generated_Source\PSoC5/P1_D1.c **** * Function Name: P1_D1_SetDriveMode
  66:.\Generated_Source\PSoC5/P1_D1.c **** ****************************************************************************//**
  67:.\Generated_Source\PSoC5/P1_D1.c **** *
  68:.\Generated_Source\PSoC5/P1_D1.c **** * \brief Sets the drive mode for each of the Pins component's pins.
  69:.\Generated_Source\PSoC5/P1_D1.c **** * 
  70:.\Generated_Source\PSoC5/P1_D1.c **** * <b>Note</b> This affects all pins in the Pins component instance. Use the
  71:.\Generated_Source\PSoC5/P1_D1.c **** * Per-Pin APIs if you wish to control individual pin's drive modes.
  72:.\Generated_Source\PSoC5/P1_D1.c **** *
  73:.\Generated_Source\PSoC5/P1_D1.c **** * \param mode
  74:.\Generated_Source\PSoC5/P1_D1.c **** *  Mode for the selected signals. Valid options are documented in 
  75:.\Generated_Source\PSoC5/P1_D1.c **** *  \ref driveMode.
  76:.\Generated_Source\PSoC5/P1_D1.c **** *
  77:.\Generated_Source\PSoC5/P1_D1.c **** * \return
  78:.\Generated_Source\PSoC5/P1_D1.c **** *  None
  79:.\Generated_Source\PSoC5/P1_D1.c **** *
  80:.\Generated_Source\PSoC5/P1_D1.c **** * \sideeffect
  81:.\Generated_Source\PSoC5/P1_D1.c **** *  If you use read-modify-write operations that are not atomic, the ISR can
  82:.\Generated_Source\PSoC5/P1_D1.c **** *  cause corruption of this function. An ISR that interrupts this function 
  83:.\Generated_Source\PSoC5/P1_D1.c **** *  and performs writes to the Pins component Drive Mode registers can cause 
  84:.\Generated_Source\PSoC5/P1_D1.c **** *  corrupted port data. To avoid this issue, you should either use the Per-Pin
  85:.\Generated_Source\PSoC5/P1_D1.c **** *  APIs (primary method) or disable interrupts around this function.
  86:.\Generated_Source\PSoC5/P1_D1.c **** *
  87:.\Generated_Source\PSoC5/P1_D1.c **** * \funcusage
  88:.\Generated_Source\PSoC5/P1_D1.c **** *  \snippet P1_D1_SUT.c usage_P1_D1_SetDriveMode
  89:.\Generated_Source\PSoC5/P1_D1.c **** *******************************************************************************/
  90:.\Generated_Source\PSoC5/P1_D1.c **** void P1_D1_SetDriveMode(uint8 mode)
  91:.\Generated_Source\PSoC5/P1_D1.c **** {
 241              		.loc 1 91 0
 242              		.cfi_startproc
 243              		@ args = 0, pretend = 0, frame = 0
 244              		@ frame_needed = 0, uses_anonymous_args = 0
 245              		@ link register save eliminated.
 246              	.LVL4:
  92:.\Generated_Source\PSoC5/P1_D1.c **** 	CyPins_SetPinDriveMode(P1_D1_0, mode);
 247              		.loc 1 92 0
 248 0000 044A     		ldr	r2, .L5
 249 0002 00F00E00 		and	r0, r0, #14
 250              	.LVL5:
 251 0006 1378     		ldrb	r3, [r2]	@ zero_extendqisi2
 252 0008 03F0F103 		and	r3, r3, #241
 253 000c 1843     		orrs	r0, r0, r3
 254 000e 1070     		strb	r0, [r2]
 255 0010 7047     		bx	lr
 256              	.L6:
 257 0012 00BF     		.align	2
 258              	.L5:
 259 0014 0D500040 		.word	1073762317
 260              		.cfi_endproc
 261              	.LFE1:
 262              		.size	P1_D1_SetDriveMode, .-P1_D1_SetDriveMode
 263              		.section	.text.P1_D1_Read,"ax",%progbits
 264              		.align	2
 265              		.global	P1_D1_Read
 266              		.thumb
 267              		.thumb_func
 268              		.type	P1_D1_Read, %function
 269              	P1_D1_Read:
ARM GAS  C:\Users\Thomas\AppData\Local\Temp\ccqPFj4w.s 			page 17


 270              	.LFB2:
  93:.\Generated_Source\PSoC5/P1_D1.c **** }
  94:.\Generated_Source\PSoC5/P1_D1.c **** 
  95:.\Generated_Source\PSoC5/P1_D1.c **** 
  96:.\Generated_Source\PSoC5/P1_D1.c **** /*******************************************************************************
  97:.\Generated_Source\PSoC5/P1_D1.c **** * Function Name: P1_D1_Read
  98:.\Generated_Source\PSoC5/P1_D1.c **** ****************************************************************************//**
  99:.\Generated_Source\PSoC5/P1_D1.c **** *
 100:.\Generated_Source\PSoC5/P1_D1.c **** * \brief Reads the associated physical port (pin status register) and masks 
 101:.\Generated_Source\PSoC5/P1_D1.c **** *  the required bits according to the width and bit position of the component
 102:.\Generated_Source\PSoC5/P1_D1.c **** *  instance. 
 103:.\Generated_Source\PSoC5/P1_D1.c **** *
 104:.\Generated_Source\PSoC5/P1_D1.c **** * The pin's status register returns the current logic level present on the 
 105:.\Generated_Source\PSoC5/P1_D1.c **** * physical pin.
 106:.\Generated_Source\PSoC5/P1_D1.c **** *
 107:.\Generated_Source\PSoC5/P1_D1.c **** * \return 
 108:.\Generated_Source\PSoC5/P1_D1.c **** *  The current value for the pins in the component as a right justified number.
 109:.\Generated_Source\PSoC5/P1_D1.c **** *
 110:.\Generated_Source\PSoC5/P1_D1.c **** * \funcusage
 111:.\Generated_Source\PSoC5/P1_D1.c **** *  \snippet P1_D1_SUT.c usage_P1_D1_Read  
 112:.\Generated_Source\PSoC5/P1_D1.c **** *******************************************************************************/
 113:.\Generated_Source\PSoC5/P1_D1.c **** uint8 P1_D1_Read(void)
 114:.\Generated_Source\PSoC5/P1_D1.c **** {
 271              		.loc 1 114 0
 272              		.cfi_startproc
 273              		@ args = 0, pretend = 0, frame = 0
 274              		@ frame_needed = 0, uses_anonymous_args = 0
 275              		@ link register save eliminated.
 115:.\Generated_Source\PSoC5/P1_D1.c ****     return (P1_D1_PS & P1_D1_MASK) >> P1_D1_SHIFT;
 276              		.loc 1 115 0
 277 0000 024B     		ldr	r3, .L8
 278 0002 1878     		ldrb	r0, [r3]	@ zero_extendqisi2
 116:.\Generated_Source\PSoC5/P1_D1.c **** }
 279              		.loc 1 116 0
 280 0004 C0F34010 		ubfx	r0, r0, #5, #1
 281 0008 7047     		bx	lr
 282              	.L9:
 283 000a 00BF     		.align	2
 284              	.L8:
 285 000c 11510040 		.word	1073762577
 286              		.cfi_endproc
 287              	.LFE2:
 288              		.size	P1_D1_Read, .-P1_D1_Read
 289              		.section	.text.P1_D1_ReadDataReg,"ax",%progbits
 290              		.align	2
 291              		.global	P1_D1_ReadDataReg
 292              		.thumb
 293              		.thumb_func
 294              		.type	P1_D1_ReadDataReg, %function
 295              	P1_D1_ReadDataReg:
 296              	.LFB3:
 117:.\Generated_Source\PSoC5/P1_D1.c **** 
 118:.\Generated_Source\PSoC5/P1_D1.c **** 
 119:.\Generated_Source\PSoC5/P1_D1.c **** /*******************************************************************************
 120:.\Generated_Source\PSoC5/P1_D1.c **** * Function Name: P1_D1_ReadDataReg
 121:.\Generated_Source\PSoC5/P1_D1.c **** ****************************************************************************//**
 122:.\Generated_Source\PSoC5/P1_D1.c **** *
ARM GAS  C:\Users\Thomas\AppData\Local\Temp\ccqPFj4w.s 			page 18


 123:.\Generated_Source\PSoC5/P1_D1.c **** * \brief Reads the associated physical port's data output register and masks 
 124:.\Generated_Source\PSoC5/P1_D1.c **** *  the correct bits according to the width and bit position of the component 
 125:.\Generated_Source\PSoC5/P1_D1.c **** *  instance. 
 126:.\Generated_Source\PSoC5/P1_D1.c **** *
 127:.\Generated_Source\PSoC5/P1_D1.c **** * The data output register controls the signal applied to the physical pin in 
 128:.\Generated_Source\PSoC5/P1_D1.c **** * conjunction with the drive mode parameter. This is not the same as the 
 129:.\Generated_Source\PSoC5/P1_D1.c **** * preferred P1_D1_Read() API because the 
 130:.\Generated_Source\PSoC5/P1_D1.c **** * P1_D1_ReadDataReg() reads the data register instead of the status 
 131:.\Generated_Source\PSoC5/P1_D1.c **** * register. For output pins this is a useful function to determine the value 
 132:.\Generated_Source\PSoC5/P1_D1.c **** * just written to the pin.
 133:.\Generated_Source\PSoC5/P1_D1.c **** *
 134:.\Generated_Source\PSoC5/P1_D1.c **** * \return 
 135:.\Generated_Source\PSoC5/P1_D1.c **** *  The current value of the data register masked and shifted into a right 
 136:.\Generated_Source\PSoC5/P1_D1.c **** *  justified number for the component instance.
 137:.\Generated_Source\PSoC5/P1_D1.c **** *
 138:.\Generated_Source\PSoC5/P1_D1.c **** * \funcusage
 139:.\Generated_Source\PSoC5/P1_D1.c **** *  \snippet P1_D1_SUT.c usage_P1_D1_ReadDataReg 
 140:.\Generated_Source\PSoC5/P1_D1.c **** *******************************************************************************/
 141:.\Generated_Source\PSoC5/P1_D1.c **** uint8 P1_D1_ReadDataReg(void)
 142:.\Generated_Source\PSoC5/P1_D1.c **** {
 297              		.loc 1 142 0
 298              		.cfi_startproc
 299              		@ args = 0, pretend = 0, frame = 0
 300              		@ frame_needed = 0, uses_anonymous_args = 0
 301              		@ link register save eliminated.
 143:.\Generated_Source\PSoC5/P1_D1.c ****     return (P1_D1_DR & P1_D1_MASK) >> P1_D1_SHIFT;
 302              		.loc 1 143 0
 303 0000 024B     		ldr	r3, .L11
 304 0002 1878     		ldrb	r0, [r3]	@ zero_extendqisi2
 144:.\Generated_Source\PSoC5/P1_D1.c **** }
 305              		.loc 1 144 0
 306 0004 C0F34010 		ubfx	r0, r0, #5, #1
 307 0008 7047     		bx	lr
 308              	.L12:
 309 000a 00BF     		.align	2
 310              	.L11:
 311 000c 10510040 		.word	1073762576
 312              		.cfi_endproc
 313              	.LFE3:
 314              		.size	P1_D1_ReadDataReg, .-P1_D1_ReadDataReg
 315              		.text
 316              	.Letext0:
 317              		.file 2 ".\\Generated_Source\\PSoC5\\cytypes.h"
 318              		.section	.debug_info,"",%progbits
 319              	.Ldebug_info0:
 320 0000 1D010000 		.4byte	0x11d
 321 0004 0400     		.2byte	0x4
 322 0006 00000000 		.4byte	.Ldebug_abbrev0
 323 000a 04       		.byte	0x4
 324 000b 01       		.uleb128 0x1
 325 000c E5000000 		.4byte	.LASF20
 326 0010 01       		.byte	0x1
 327 0011 8C010000 		.4byte	.LASF21
 328 0015 68000000 		.4byte	.LASF22
 329 0019 00000000 		.4byte	.Ldebug_ranges0+0
 330 001d 00000000 		.4byte	0
 331 0021 00000000 		.4byte	.Ldebug_line0
ARM GAS  C:\Users\Thomas\AppData\Local\Temp\ccqPFj4w.s 			page 19


 332 0025 02       		.uleb128 0x2
 333 0026 01       		.byte	0x1
 334 0027 06       		.byte	0x6
 335 0028 DE010000 		.4byte	.LASF0
 336 002c 02       		.uleb128 0x2
 337 002d 01       		.byte	0x1
 338 002e 08       		.byte	0x8
 339 002f 29000000 		.4byte	.LASF1
 340 0033 02       		.uleb128 0x2
 341 0034 02       		.byte	0x2
 342 0035 05       		.byte	0x5
 343 0036 B2010000 		.4byte	.LASF2
 344 003a 02       		.uleb128 0x2
 345 003b 02       		.byte	0x2
 346 003c 07       		.byte	0x7
 347 003d 4E000000 		.4byte	.LASF3
 348 0041 02       		.uleb128 0x2
 349 0042 04       		.byte	0x4
 350 0043 05       		.byte	0x5
 351 0044 C2010000 		.4byte	.LASF4
 352 0048 02       		.uleb128 0x2
 353 0049 04       		.byte	0x4
 354 004a 07       		.byte	0x7
 355 004b 3C000000 		.4byte	.LASF5
 356 004f 02       		.uleb128 0x2
 357 0050 08       		.byte	0x8
 358 0051 05       		.byte	0x5
 359 0052 D7000000 		.4byte	.LASF6
 360 0056 02       		.uleb128 0x2
 361 0057 08       		.byte	0x8
 362 0058 07       		.byte	0x7
 363 0059 B0000000 		.4byte	.LASF7
 364 005d 03       		.uleb128 0x3
 365 005e 04       		.byte	0x4
 366 005f 05       		.byte	0x5
 367 0060 696E7400 		.ascii	"int\000"
 368 0064 02       		.uleb128 0x2
 369 0065 04       		.byte	0x4
 370 0066 07       		.byte	0x7
 371 0067 A3000000 		.4byte	.LASF8
 372 006b 04       		.uleb128 0x4
 373 006c BC010000 		.4byte	.LASF12
 374 0070 02       		.byte	0x2
 375 0071 9201     		.2byte	0x192
 376 0073 2C000000 		.4byte	0x2c
 377 0077 02       		.uleb128 0x2
 378 0078 04       		.byte	0x4
 379 0079 04       		.byte	0x4
 380 007a 23000000 		.4byte	.LASF9
 381 007e 02       		.uleb128 0x2
 382 007f 08       		.byte	0x8
 383 0080 04       		.byte	0x4
 384 0081 61000000 		.4byte	.LASF10
 385 0085 02       		.uleb128 0x2
 386 0086 01       		.byte	0x1
 387 0087 08       		.byte	0x8
 388 0088 AD010000 		.4byte	.LASF11
ARM GAS  C:\Users\Thomas\AppData\Local\Temp\ccqPFj4w.s 			page 20


 389 008c 04       		.uleb128 0x4
 390 008d 37000000 		.4byte	.LASF13
 391 0091 02       		.byte	0x2
 392 0092 3C02     		.2byte	0x23c
 393 0094 98000000 		.4byte	0x98
 394 0098 05       		.uleb128 0x5
 395 0099 6B000000 		.4byte	0x6b
 396 009d 06       		.uleb128 0x6
 397 009e EA010000 		.4byte	.LASF14
 398 00a2 01       		.byte	0x1
 399 00a3 39       		.byte	0x39
 400 00a4 00000000 		.4byte	.LFB0
 401 00a8 18000000 		.4byte	.LFE0-.LFB0
 402 00ac 01       		.uleb128 0x1
 403 00ad 9C       		.byte	0x9c
 404 00ae D1000000 		.4byte	0xd1
 405 00b2 07       		.uleb128 0x7
 406 00b3 00000000 		.4byte	.LASF16
 407 00b7 01       		.byte	0x1
 408 00b8 39       		.byte	0x39
 409 00b9 6B000000 		.4byte	0x6b
 410 00bd 00000000 		.4byte	.LLST0
 411 00c1 08       		.uleb128 0x8
 412 00c2 06000000 		.4byte	.LASF23
 413 00c6 01       		.byte	0x1
 414 00c7 3B       		.byte	0x3b
 415 00c8 6B000000 		.4byte	0x6b
 416 00cc 21000000 		.4byte	.LLST1
 417 00d0 00       		.byte	0
 418 00d1 06       		.uleb128 0x6
 419 00d2 CB010000 		.4byte	.LASF15
 420 00d6 01       		.byte	0x1
 421 00d7 5A       		.byte	0x5a
 422 00d8 00000000 		.4byte	.LFB1
 423 00dc 18000000 		.4byte	.LFE1-.LFB1
 424 00e0 01       		.uleb128 0x1
 425 00e1 9C       		.byte	0x9c
 426 00e2 F6000000 		.4byte	0xf6
 427 00e6 07       		.uleb128 0x7
 428 00e7 C7000000 		.4byte	.LASF17
 429 00eb 01       		.byte	0x1
 430 00ec 5A       		.byte	0x5a
 431 00ed 6B000000 		.4byte	0x6b
 432 00f1 39000000 		.4byte	.LLST2
 433 00f5 00       		.byte	0
 434 00f6 09       		.uleb128 0x9
 435 00f7 CC000000 		.4byte	.LASF18
 436 00fb 01       		.byte	0x1
 437 00fc 71       		.byte	0x71
 438 00fd 6B000000 		.4byte	0x6b
 439 0101 00000000 		.4byte	.LFB2
 440 0105 10000000 		.4byte	.LFE2-.LFB2
 441 0109 01       		.uleb128 0x1
 442 010a 9C       		.byte	0x9c
 443 010b 09       		.uleb128 0x9
 444 010c 11000000 		.4byte	.LASF19
 445 0110 01       		.byte	0x1
ARM GAS  C:\Users\Thomas\AppData\Local\Temp\ccqPFj4w.s 			page 21


 446 0111 8D       		.byte	0x8d
 447 0112 6B000000 		.4byte	0x6b
 448 0116 00000000 		.4byte	.LFB3
 449 011a 10000000 		.4byte	.LFE3-.LFB3
 450 011e 01       		.uleb128 0x1
 451 011f 9C       		.byte	0x9c
 452 0120 00       		.byte	0
 453              		.section	.debug_abbrev,"",%progbits
 454              	.Ldebug_abbrev0:
 455 0000 01       		.uleb128 0x1
 456 0001 11       		.uleb128 0x11
 457 0002 01       		.byte	0x1
 458 0003 25       		.uleb128 0x25
 459 0004 0E       		.uleb128 0xe
 460 0005 13       		.uleb128 0x13
 461 0006 0B       		.uleb128 0xb
 462 0007 03       		.uleb128 0x3
 463 0008 0E       		.uleb128 0xe
 464 0009 1B       		.uleb128 0x1b
 465 000a 0E       		.uleb128 0xe
 466 000b 55       		.uleb128 0x55
 467 000c 17       		.uleb128 0x17
 468 000d 11       		.uleb128 0x11
 469 000e 01       		.uleb128 0x1
 470 000f 10       		.uleb128 0x10
 471 0010 17       		.uleb128 0x17
 472 0011 00       		.byte	0
 473 0012 00       		.byte	0
 474 0013 02       		.uleb128 0x2
 475 0014 24       		.uleb128 0x24
 476 0015 00       		.byte	0
 477 0016 0B       		.uleb128 0xb
 478 0017 0B       		.uleb128 0xb
 479 0018 3E       		.uleb128 0x3e
 480 0019 0B       		.uleb128 0xb
 481 001a 03       		.uleb128 0x3
 482 001b 0E       		.uleb128 0xe
 483 001c 00       		.byte	0
 484 001d 00       		.byte	0
 485 001e 03       		.uleb128 0x3
 486 001f 24       		.uleb128 0x24
 487 0020 00       		.byte	0
 488 0021 0B       		.uleb128 0xb
 489 0022 0B       		.uleb128 0xb
 490 0023 3E       		.uleb128 0x3e
 491 0024 0B       		.uleb128 0xb
 492 0025 03       		.uleb128 0x3
 493 0026 08       		.uleb128 0x8
 494 0027 00       		.byte	0
 495 0028 00       		.byte	0
 496 0029 04       		.uleb128 0x4
 497 002a 16       		.uleb128 0x16
 498 002b 00       		.byte	0
 499 002c 03       		.uleb128 0x3
 500 002d 0E       		.uleb128 0xe
 501 002e 3A       		.uleb128 0x3a
 502 002f 0B       		.uleb128 0xb
ARM GAS  C:\Users\Thomas\AppData\Local\Temp\ccqPFj4w.s 			page 22


 503 0030 3B       		.uleb128 0x3b
 504 0031 05       		.uleb128 0x5
 505 0032 49       		.uleb128 0x49
 506 0033 13       		.uleb128 0x13
 507 0034 00       		.byte	0
 508 0035 00       		.byte	0
 509 0036 05       		.uleb128 0x5
 510 0037 35       		.uleb128 0x35
 511 0038 00       		.byte	0
 512 0039 49       		.uleb128 0x49
 513 003a 13       		.uleb128 0x13
 514 003b 00       		.byte	0
 515 003c 00       		.byte	0
 516 003d 06       		.uleb128 0x6
 517 003e 2E       		.uleb128 0x2e
 518 003f 01       		.byte	0x1
 519 0040 3F       		.uleb128 0x3f
 520 0041 19       		.uleb128 0x19
 521 0042 03       		.uleb128 0x3
 522 0043 0E       		.uleb128 0xe
 523 0044 3A       		.uleb128 0x3a
 524 0045 0B       		.uleb128 0xb
 525 0046 3B       		.uleb128 0x3b
 526 0047 0B       		.uleb128 0xb
 527 0048 27       		.uleb128 0x27
 528 0049 19       		.uleb128 0x19
 529 004a 11       		.uleb128 0x11
 530 004b 01       		.uleb128 0x1
 531 004c 12       		.uleb128 0x12
 532 004d 06       		.uleb128 0x6
 533 004e 40       		.uleb128 0x40
 534 004f 18       		.uleb128 0x18
 535 0050 9742     		.uleb128 0x2117
 536 0052 19       		.uleb128 0x19
 537 0053 01       		.uleb128 0x1
 538 0054 13       		.uleb128 0x13
 539 0055 00       		.byte	0
 540 0056 00       		.byte	0
 541 0057 07       		.uleb128 0x7
 542 0058 05       		.uleb128 0x5
 543 0059 00       		.byte	0
 544 005a 03       		.uleb128 0x3
 545 005b 0E       		.uleb128 0xe
 546 005c 3A       		.uleb128 0x3a
 547 005d 0B       		.uleb128 0xb
 548 005e 3B       		.uleb128 0x3b
 549 005f 0B       		.uleb128 0xb
 550 0060 49       		.uleb128 0x49
 551 0061 13       		.uleb128 0x13
 552 0062 02       		.uleb128 0x2
 553 0063 17       		.uleb128 0x17
 554 0064 00       		.byte	0
 555 0065 00       		.byte	0
 556 0066 08       		.uleb128 0x8
 557 0067 34       		.uleb128 0x34
 558 0068 00       		.byte	0
 559 0069 03       		.uleb128 0x3
ARM GAS  C:\Users\Thomas\AppData\Local\Temp\ccqPFj4w.s 			page 23


 560 006a 0E       		.uleb128 0xe
 561 006b 3A       		.uleb128 0x3a
 562 006c 0B       		.uleb128 0xb
 563 006d 3B       		.uleb128 0x3b
 564 006e 0B       		.uleb128 0xb
 565 006f 49       		.uleb128 0x49
 566 0070 13       		.uleb128 0x13
 567 0071 02       		.uleb128 0x2
 568 0072 17       		.uleb128 0x17
 569 0073 00       		.byte	0
 570 0074 00       		.byte	0
 571 0075 09       		.uleb128 0x9
 572 0076 2E       		.uleb128 0x2e
 573 0077 00       		.byte	0
 574 0078 3F       		.uleb128 0x3f
 575 0079 19       		.uleb128 0x19
 576 007a 03       		.uleb128 0x3
 577 007b 0E       		.uleb128 0xe
 578 007c 3A       		.uleb128 0x3a
 579 007d 0B       		.uleb128 0xb
 580 007e 3B       		.uleb128 0x3b
 581 007f 0B       		.uleb128 0xb
 582 0080 27       		.uleb128 0x27
 583 0081 19       		.uleb128 0x19
 584 0082 49       		.uleb128 0x49
 585 0083 13       		.uleb128 0x13
 586 0084 11       		.uleb128 0x11
 587 0085 01       		.uleb128 0x1
 588 0086 12       		.uleb128 0x12
 589 0087 06       		.uleb128 0x6
 590 0088 40       		.uleb128 0x40
 591 0089 18       		.uleb128 0x18
 592 008a 9742     		.uleb128 0x2117
 593 008c 19       		.uleb128 0x19
 594 008d 00       		.byte	0
 595 008e 00       		.byte	0
 596 008f 00       		.byte	0
 597              		.section	.debug_loc,"",%progbits
 598              	.Ldebug_loc0:
 599              	.LLST0:
 600 0000 00000000 		.4byte	.LVL0
 601 0004 04000000 		.4byte	.LVL1
 602 0008 0100     		.2byte	0x1
 603 000a 50       		.byte	0x50
 604 000b 04000000 		.4byte	.LVL1
 605 000f 18000000 		.4byte	.LFE0
 606 0013 0400     		.2byte	0x4
 607 0015 F3       		.byte	0xf3
 608 0016 01       		.uleb128 0x1
 609 0017 50       		.byte	0x50
 610 0018 9F       		.byte	0x9f
 611 0019 00000000 		.4byte	0
 612 001d 00000000 		.4byte	0
 613              	.LLST1:
 614 0021 06000000 		.4byte	.LVL2
 615 0025 0E000000 		.4byte	.LVL3
 616 0029 0600     		.2byte	0x6
ARM GAS  C:\Users\Thomas\AppData\Local\Temp\ccqPFj4w.s 			page 24


 617 002b 73       		.byte	0x73
 618 002c 00       		.sleb128 0
 619 002d 09       		.byte	0x9
 620 002e DF       		.byte	0xdf
 621 002f 1A       		.byte	0x1a
 622 0030 9F       		.byte	0x9f
 623 0031 00000000 		.4byte	0
 624 0035 00000000 		.4byte	0
 625              	.LLST2:
 626 0039 00000000 		.4byte	.LVL4
 627 003d 06000000 		.4byte	.LVL5
 628 0041 0100     		.2byte	0x1
 629 0043 50       		.byte	0x50
 630 0044 06000000 		.4byte	.LVL5
 631 0048 18000000 		.4byte	.LFE1
 632 004c 0400     		.2byte	0x4
 633 004e F3       		.byte	0xf3
 634 004f 01       		.uleb128 0x1
 635 0050 50       		.byte	0x50
 636 0051 9F       		.byte	0x9f
 637 0052 00000000 		.4byte	0
 638 0056 00000000 		.4byte	0
 639              		.section	.debug_aranges,"",%progbits
 640 0000 34000000 		.4byte	0x34
 641 0004 0200     		.2byte	0x2
 642 0006 00000000 		.4byte	.Ldebug_info0
 643 000a 04       		.byte	0x4
 644 000b 00       		.byte	0
 645 000c 0000     		.2byte	0
 646 000e 0000     		.2byte	0
 647 0010 00000000 		.4byte	.LFB0
 648 0014 18000000 		.4byte	.LFE0-.LFB0
 649 0018 00000000 		.4byte	.LFB1
 650 001c 18000000 		.4byte	.LFE1-.LFB1
 651 0020 00000000 		.4byte	.LFB2
 652 0024 10000000 		.4byte	.LFE2-.LFB2
 653 0028 00000000 		.4byte	.LFB3
 654 002c 10000000 		.4byte	.LFE3-.LFB3
 655 0030 00000000 		.4byte	0
 656 0034 00000000 		.4byte	0
 657              		.section	.debug_ranges,"",%progbits
 658              	.Ldebug_ranges0:
 659 0000 00000000 		.4byte	.LFB0
 660 0004 18000000 		.4byte	.LFE0
 661 0008 00000000 		.4byte	.LFB1
 662 000c 18000000 		.4byte	.LFE1
 663 0010 00000000 		.4byte	.LFB2
 664 0014 10000000 		.4byte	.LFE2
 665 0018 00000000 		.4byte	.LFB3
 666 001c 10000000 		.4byte	.LFE3
 667 0020 00000000 		.4byte	0
 668 0024 00000000 		.4byte	0
 669              		.section	.debug_line,"",%progbits
 670              	.Ldebug_line0:
 671 0000 94000000 		.section	.debug_str,"MS",%progbits,1
 671      02004400 
 671      00000201 
ARM GAS  C:\Users\Thomas\AppData\Local\Temp\ccqPFj4w.s 			page 25


 671      FB0E0D00 
 671      01010101 
 672              	.LASF16:
 673 0000 76616C75 		.ascii	"value\000"
 673      6500
 674              	.LASF23:
 675 0006 73746174 		.ascii	"staticBits\000"
 675      69634269 
 675      747300
 676              	.LASF19:
 677 0011 50315F44 		.ascii	"P1_D1_ReadDataReg\000"
 677      315F5265 
 677      61644461 
 677      74615265 
 677      6700
 678              	.LASF9:
 679 0023 666C6F61 		.ascii	"float\000"
 679      7400
 680              	.LASF1:
 681 0029 756E7369 		.ascii	"unsigned char\000"
 681      676E6564 
 681      20636861 
 681      7200
 682              	.LASF13:
 683 0037 72656738 		.ascii	"reg8\000"
 683      00
 684              	.LASF5:
 685 003c 6C6F6E67 		.ascii	"long unsigned int\000"
 685      20756E73 
 685      69676E65 
 685      6420696E 
 685      7400
 686              	.LASF3:
 687 004e 73686F72 		.ascii	"short unsigned int\000"
 687      7420756E 
 687      7369676E 
 687      65642069 
 687      6E7400
 688              	.LASF10:
 689 0061 646F7562 		.ascii	"double\000"
 689      6C6500
 690              	.LASF22:
 691 0068 433A5C55 		.ascii	"C:\\Users\\Thomas\\Documents\\PSoC Creator\\TASBot\\"
 691      73657273 
 691      5C54686F 
 691      6D61735C 
 691      446F6375 
 692 0096 54415342 		.ascii	"TASBot.cydsn\000"
 692      6F742E63 
 692      7964736E 
 692      00
 693              	.LASF8:
 694 00a3 756E7369 		.ascii	"unsigned int\000"
 694      676E6564 
 694      20696E74 
 694      00
 695              	.LASF7:
ARM GAS  C:\Users\Thomas\AppData\Local\Temp\ccqPFj4w.s 			page 26


 696 00b0 6C6F6E67 		.ascii	"long long unsigned int\000"
 696      206C6F6E 
 696      6720756E 
 696      7369676E 
 696      65642069 
 697              	.LASF17:
 698 00c7 6D6F6465 		.ascii	"mode\000"
 698      00
 699              	.LASF18:
 700 00cc 50315F44 		.ascii	"P1_D1_Read\000"
 700      315F5265 
 700      616400
 701              	.LASF6:
 702 00d7 6C6F6E67 		.ascii	"long long int\000"
 702      206C6F6E 
 702      6720696E 
 702      7400
 703              	.LASF20:
 704 00e5 474E5520 		.ascii	"GNU C 4.9.3 20150303 (release) [ARM/embedded-4_9-br"
 704      4320342E 
 704      392E3320 
 704      32303135 
 704      30333033 
 705 0118 616E6368 		.ascii	"anch revision 221220] -mcpu=cortex-m3 -mthumb -g -O"
 705      20726576 
 705      6973696F 
 705      6E203232 
 705      31323230 
 706 014b 33202D66 		.ascii	"3 -ffunction-sections -finline-functions -flto -ffa"
 706      66756E63 
 706      74696F6E 
 706      2D736563 
 706      74696F6E 
 707 017e 742D6C74 		.ascii	"t-lto-objects\000"
 707      6F2D6F62 
 707      6A656374 
 707      7300
 708              	.LASF21:
 709 018c 2E5C4765 		.ascii	".\\Generated_Source\\PSoC5\\P1_D1.c\000"
 709      6E657261 
 709      7465645F 
 709      536F7572 
 709      63655C50 
 710              	.LASF11:
 711 01ad 63686172 		.ascii	"char\000"
 711      00
 712              	.LASF2:
 713 01b2 73686F72 		.ascii	"short int\000"
 713      7420696E 
 713      7400
 714              	.LASF12:
 715 01bc 75696E74 		.ascii	"uint8\000"
 715      3800
 716              	.LASF4:
 717 01c2 6C6F6E67 		.ascii	"long int\000"
 717      20696E74 
 717      00
ARM GAS  C:\Users\Thomas\AppData\Local\Temp\ccqPFj4w.s 			page 27


 718              	.LASF15:
 719 01cb 50315F44 		.ascii	"P1_D1_SetDriveMode\000"
 719      315F5365 
 719      74447269 
 719      76654D6F 
 719      646500
 720              	.LASF0:
 721 01de 7369676E 		.ascii	"signed char\000"
 721      65642063 
 721      68617200 
 722              	.LASF14:
 723 01ea 50315F44 		.ascii	"P1_D1_Write\000"
 723      315F5772 
 723      69746500 
 724              		.comm	__gnu_lto_v1,1,1
 725              		.ident	"GCC: (GNU Tools for ARM Embedded Processors) 4.9.3 20150303 (release) [ARM/embedded-4_9-br
