ARM GAS  C:\Users\Thomas\AppData\Local\Temp\ccQ5q8Bu.s 			page 1


   1              		.syntax unified
   2              		.cpu cortex-m3
   3              		.fpu softvfp
   4              		.eabi_attribute 20, 1
   5              		.eabi_attribute 21, 1
   6              		.eabi_attribute 23, 3
   7              		.eabi_attribute 24, 1
   8              		.eabi_attribute 25, 1
   9              		.eabi_attribute 26, 1
  10              		.eabi_attribute 30, 2
  11              		.eabi_attribute 34, 1
  12              		.eabi_attribute 18, 4
  13              		.thumb
  14              		.file	"P1_Data.c"
  15              		.text
  16              	.Ltext0:
  17              		.section	.gnu.lto_.profile.bdb9f1d9,"",%progbits
  18 0000 789C6366 		.ascii	"x\234cf```a\200\000F\0061!\000\000\262\0001"
  18      60606061 
  18      80004606 
  18      31210000 
  18      B20031
  19              		.text
  20              		.section	.gnu.lto_.jmpfuncs.bdb9f1d9,"",%progbits
  21 0000 789C6366 		.ascii	"x\234cf\300\016\204\2404\013\003##c=#\210`b``\006\212"
  21      C00E84A0 
  21      340B0323 
  21      23633D23 
  21      88606260 
  22 0017 00000DC0 		.ascii	"\000\000\015\300\001$"
  22      0124
  23              		.text
  24              		.section	.gnu.lto_.inline.bdb9f1d9,"",%progbits
  25 0000 789C6366 		.ascii	"x\234cf\300\016\022\2404\013\003\003\007;##\003#\003"
  25      C00E12A0 
  25      340B0303 
  25      073B2323 
  25      032303
  26 0013 0333C701 		.ascii	"\0033\307\001;\006\266\005\362L\014L\027\370Y@\222\214"
  26      3B06B605 
  26      F24C0C4C 
  26      17F85940 
  26      928C
  27 0025 78E49818 		.ascii	"x\344\230\030XY\030\031\230X\026\310C\304\201\200\031"
  27      58591819 
  27      985816C8 
  27      43C48180 
  27      19
  28 0036 53880100 		.ascii	"S\210\001\000\322\320\011("
  28      D2D00928 
  29              		.text
  30              		.section	.gnu.lto_.pureconst.bdb9f1d9,"",%progbits
  31 0000 789C6366 		.ascii	"x\234cf``\340d\200\000\026\006)F)&)f)\000\002\305\000"
  31      6060E064 
  31      80001606 
  31      29462926 
  31      29662900 
ARM GAS  C:\Users\Thomas\AppData\Local\Temp\ccQ5q8Bu.s 			page 2


  32 0017 7F       		.ascii	"\177"
  33              		.text
  34              		.section	.gnu.lto_P1_Data_Write.bdb9f1d9,"",%progbits
  35 0000 789C6591 		.ascii	"x\234e\221OHTQ\024\306\317w\357{\343\224f\321r\266\203"
  35      4F485451 
  35      14C6CF77 
  35      EF7BE394 
  35      66D172B6 
  36 0015 8920828B 		.ascii	"\211 \202\213\\\213\005m\007\334\016\310cz\013!\022"
  36      5C8B056D 
  36      07DC0EC8 
  36      637A0B21 
  36      12
  37 0026 669E6DBD 		.ascii	"f\236m\275O'\005!P\011\022\303\320\242\277S:M\341\""
  37      4F270521 
  37      500912C3 
  37      D0A2BF53 
  37      3A4DE122 
  38 003a 289E830B 		.ascii	"(\236\203\013ARf\243(2*LQ;E\311T\232\351\334w7I\027"
  38      415266A3 
  38      28322A4C 
  38      513B45C9 
  38      549AE9DC 
  39 0052 EEBBF71D 		.ascii	"\356\273\367\035\276\3379\3379W\322\377+\306\273\012"
  39      BEDF39DF 
  39      3957D2FF 
  39      2BC6BB0A 
  40 0062 A20E3E21 		.ascii	"\242\016>!\011bl\225\310\217\012@_\0104 0\200\237\342"
  40      09626C95 
  40      C88F0A40 
  40      5F083420 
  40      30809FE2 
  41 0076 40602CC8 		.ascii	"@`,\310M\3267?WJ\355O\254\371\211\000'\202\350P\230"
  41      4DD6373F 
  41      574AED4F 
  41      ACF98900 
  41      2782E850 
  42 008b 3C788966 		.ascii	"<x\211f\326\034\346\324C)\257\201\370\236/}\255\326"
  42      D61CE6D4 
  42      4329AF81 
  42      F89E2F7D 
  42      ADD6
  43 009d 353D536A 		.ascii	"5=Sj0\3704\247:Y\016\274\202d\002\2551\264\304\210\003"
  43      30F834A7 
  43      3A590EBC 
  43      826402AD 
  43      31B4C488 
  44 00b2 84D768D2 		.ascii	"\204\327h\322\342\302\203\245\005![Cpveo\251!>\313\340"
  44      E2C283A5 
  44      05215B43 
  44      7076656F 
  44      A9213ECB 
  45 00c7 EED94232 		.ascii	"\356\331B2\360gT\265V\013\3617\377\342f\261\376 \373"
  45      F06754B5 
  45      560BF137 
  45      FFE266B1 
  45      FE20FB
ARM GAS  C:\Users\Thomas\AppData\Local\Temp\ccQ5q8Bu.s 			page 3


  46 00da 67A33E92 		.ascii	"g\243>\222ecW\220C\334x\302[D\270/\350\310\374\325@"
  46      65635790 
  46      43DC78C2 
  46      5B44B82F 
  46      E8C8FCD5 
  47 00ef D56A1F3E 		.ascii	"\325j\037>/\236\"*\270\254\340F9lAW\267u \242?D\025"
  47      2F9E222A 
  47      B8ACE046 
  47      396C4157 
  47      B77520A2 
  48 0106 DEBAEF6F 		.ascii	"\336\272\357o\374\303\247\334B\361\327h\371Q\235Nv,"
  48      FCC3A7DC 
  48      42F1D768 
  48      F9519D4E 
  48      762C
  49 0118 F410EE2F 		.ascii	"\364\020\356/\027\007/\375\020'B\316<\365\225\245\313"
  49      17072FFD 
  49      102742CE 
  49      3CF595A5 
  49      CB
  50 0129 EF54D64A 		.ascii	"\357T\326J\3210\024\272\331\034-\177\2710\215\307~\226"
  50      D13014BA 
  50      D91C2D7F 
  50      B9308DC7 
  50      7E96
  51 013b 2D5B7887 		.ascii	"-[x\207\030\346\300n1\217i\320\026\206~\017o\303$\224"
  51      18E6C06E 
  51      318F69D0 
  51      16867E0F 
  51      6FC32494 
  52 014f 26E7F8F8 		.ascii	"&\347\370\370\307'\215:\001\370%\220g\361:D\350\237"
  52      C7278D3A 
  52      01F82590 
  52      67F13A44 
  52      E89F
  53 0161 4DB2CA40 		.ascii	"M\262\312@\337GlC\331\307\302b\2524\365b\350\262\246"
  53      DF476C43 
  53      D9C7C262 
  53      AA34F562 
  53      E8B2A6
  54 0174 2C86DE33 		.ascii	",\206\3363\304\252\243\210\221\030\225\006\213\023a"
  54      C4AAA388 
  54      91189506 
  54      8B1361
  55 0183 AD73BEFC 		.ascii	"\255s\276\374\300>\357\254\300\316\030\2422\374\340"
  55      C03EEFAC 
  55      C0CE18A2 
  55      32FCE0
  56 0192 2CACA227 		.ascii	",\254\242'[\341\347\341!\360H\342m\311[\356]7\355x\356"
  56      5BE1E7E1 
  56      21F048E2 
  56      6DC95BEE 
  56      5D37ED78 
  57 01a7 ED9EEEBE 		.ascii	"\355\236\356\276\376t\312M&\272\373n\\O&\332{n:\236"
  57      FE74CA4D 
  57      26BAFB6E 
  57      5C4F26DA 
ARM GAS  C:\Users\Thomas\AppData\Local\Temp\ccQ5q8Bu.s 			page 4


  57      7B6E3A9E 
  58 01bb D39622FB 		.ascii	"\323\226\"\373\236s\247\337\275\230\361\034\2577\325"
  58      9E73A7DF 
  58      BD98F11C 
  58      AF37D5
  59 01ca D5EB65FE 		.ascii	"\325\353e\376\002\312\235\277\233"
  59      02CA9DBF 
  59      9B
  60              		.text
  61              		.section	.gnu.lto_P1_Data_SetDriveMode.bdb9f1d9,"",%progbits
  62 0000 789C7D51 		.ascii	"x\234}Q;H\003A\020\235\267{\311E\202\"V\222VbPD\261"
  62      3B480341 
  62      109DB77B 
  62      C9458222 
  62      56925662 
  63 0017 B017146D 		.ascii	"\260\027\024m\005\333@\010z\245\006\202\326\336\231"
  63      05DB4008 
  63      7AA50682 
  63      D6DE99
  64 0026 886015AD 		.ascii	"\210`\025\255\004\021\304\017\376\023A\3016\212\215"
  64      0411C40F 
  64      FE1341C1 
  64      368A8D
  65 0035 084A6C82 		.ascii	"\010Jl\202\202\012\032?\021\224\204\210\032D\342l\316"
  65      820A1A3F 
  65      11948488 
  65      1A44E26C 
  65      CE
  66 0046 2220B8DC 		.ascii	"\" \270\334\316\316\033\336{7;+\351\357\362\360~\006"
  66      CECE1BDE 
  66      7B373B2B 
  66      E9EFF2F0 
  66      7E06
  67 0058 51339F90 		.ascii	"Q3\237\220\004\021;%\262\\\002P\011\201\306\004\306"
  67      04113B25 
  67      B25C0250 
  67      0981C604 
  67      C6
  68 0069 90157981 		.ascii	"\220\025y\201Xrs\326\355[1M3\267\270_?Q_\024D\005a\333"
  68      587273D6 
  68      ED5B314D 
  68      33B7B85F 
  68      3F515F14 
  69 0081 60153EA6 		.ascii	"`\025>\246<\026\263\253\325\262\021\304\371\367t\372"
  69      3C16B3AB 
  69      D5B211C4 
  69      F9F774FA 
  70 0091 5C78974C 		.ascii	"\\x\227Ls<y\0347;Qd\3175HV\240\305\203&\017q\201\260"
  70      733C791C 
  70      373B5164 
  70      CF354856 
  70      A0C58326 
  71 00a9 0EAF22E7 		.ascii	"\016\257\"\347\243\337i\2673\312\336\265\266'6\340\344"
  71      A3DF69B7 
  71      33CADEB5 
  71      B62736E0 
  71      E4
ARM GAS  C:\Users\Thomas\AppData\Local\Temp\ccQ5q8Bu.s 			page 5


  72 00ba B6285197 		.ascii	"\266(Q\2274K\245\302\325\364Z\033\334\2025Br\220\232"
  72      344BA5C2 
  72      D5F45A1B 
  72      DC823542 
  72      72909A
  73 00cd 0A0E28B9 		.ascii	"\012\016(\271S\245\272\012.\025\252\024\207(\303[\335"
  73      53A5BA0A 
  73      2E15AA14 
  73      8728C35B 
  73      DD
  74 00de E09E019F 		.ascii	"\340\236\001\237\362\022\207\357S\017s\232\362\375\020"
  74      F21287EF 
  74      530F739A 
  74      F2FD10
  75 00ed EA3A077B 		.ascii	"\352:\007{\2233\256'Q\024Zl\30125\325\305M\346,e\227"
  75      9333AE27 
  75      51145A6C 
  75      C13235D5 
  75      C54DE62C 
  76 0103 48C1DB3B 		.ascii	"H\301\333;kY\237\307\234\025\345\346\035\330\204\007"
  76      6B599FC7 
  76      9C15E5E6 
  76      1DD88407 
  77 0113 5BE08161 		.ascii	"[\340\201a\033\363\240K\214_\353\266\235dG\306\221O"
  77      1BF3A04B 
  77      8C5FEBB6 
  77      9D6447C6 
  77      914F
  78 0125 A78D352E 		.ascii	"\247\2155.\261\376\3425wR\266\223\371\322\357\342Y\306"
  78      B1FEE235 
  78      7752B693 
  78      F9D2EFE2 
  78      59C6
  79 0137 D9A242CB 		.ascii	"\331\242B\313\237\243R\253s\211\265\251\335\227#GY["
  79      9FA352AB 
  79      7389B5A9 
  79      DD972347 
  79      595B
  80 0149 43489425 		.ascii	"CH\224%\221\267_\212\253\374\007\275\322\245\212\253"
  80      91B75F8A 
  80      ABFC07BD 
  80      D2A58AAB 
  81 0159 8C0F67A0 		.ascii	"\214\017g\240\360\177\275\357p\357\314\247kX\311\257"
  81      F07FBDEF 
  81      70EFCCA7 
  81      6B58C9AF 
  82 0169 1EC556EF 		.ascii	"\036\305V\357\227\341\267\3401\361\320\032Z\375\275"
  82      97E1B7E0 
  82      31F1D01A 
  82      5AFDBD
  83 0178 C6B0110E 		.ascii	"\306\260\021\016\216\030\203\201\376\320hx\300\360\367"
  83      8E188381 
  83      FED06878 
  83      C0F0F7
  84 0187 F587BA3A 		.ascii	"\365\207\272:\374}\355\201\356\340H\260u\200\264\241"
  84      FC7DED81 
  84      EEE048B0 
ARM GAS  C:\Users\Thomas\AppData\Local\Temp\ccQ5q8Bu.s 			page 6


  84      7580B4A1 
  85 0197 D0A0F103 		.ascii	"\320\240\361\003\246c\267\255"
  85      A663B7AD 
  86              		.text
  87              		.section	.gnu.lto_P1_Data_Read.bdb9f1d9,"",%progbits
  88 0000 789C6366 		.ascii	"x\234cf\300\004R@\374\007\210U\201\230\221\231\201\221"
  88      C0045240 
  88      FC078855 
  88      81989199 
  88      8191
  89 0012 69C23906 		.ascii	"i\3029\006\206F\016&FF\020\203\201\221\241\236\211\261"
  89      86460E26 
  89      46461083 
  89      8191A19E 
  89      89B1
  90 0024 9EF125D3 		.ascii	"\236\361%\323G&\3063;\377]fT_\332\320\320\364a\322\336"
  90      4726C633 
  90      3BFF5D66 
  90      545FDAD0 
  90      D0F461D2 
  91 0039 3BDCAD12 		.ascii	";\334\255\022?\231\030\030>310\352H1j\202\314a\\\316"
  91      3F991818 
  91      3E333130 
  91      EA48316A 
  91      82CC615C 
  92 004e A8CE0054 		.ascii	"\250\316\000T\370\261\345\357un\266\226\206\206\006"
  92      F8B1E5EF 
  92      756EB696 
  92      868606
  93 005d 01903C50 		.ascii	"\001\220<Pb\005#\033#\220^/t\240\341\377\377\315_'v"
  93      6205231B 
  93      23905E2F 
  93      74A0E1FF 
  93      FFCD5F27 
  94 0072 5833B230 		.ascii	"X3\26201\374d\002\332\0102\204\341\011\220\000\331\367"
  94      31FC6402 
  94      DA083284 
  94      E1099000 
  94      D9F7
  95 0084 94890944 		.ascii	"\224\211\011D3\337b<\364\255\353\336<+\220\306\357L"
  95      33DF623C 
  95      F4ADEBDE 
  95      3C2B90C6 
  95      EF4C
  96 0096 20CB1F5F 		.ascii	" \313\037_Z\364\201\363\005\323O&\246\205\213\032\033"
  96      5AF481F3 
  96      05D34F26 
  96      A6858B1A 
  96      1B
  97 00a7 5840D6DC 		.ascii	"X@\326\334\177r\376\"\007X\210\001\304=\370q\375\026"
  97      7F72FE22 
  97      07588801 
  97      C43DF871 
  97      FD16
  98 00b9 8EB98CB3 		.ascii	"\216\271\214\263\033[\030\177213\256d\224b\\\305\010"
  98      1B5B187F 
  98      323133AE 
ARM GAS  C:\Users\Thomas\AppData\Local\Temp\ccQ5q8Bu.s 			page 7


  98      6494625C 
  98      C508
  99 00cb 7416E36A 		.ascii	"t\026\343j\306\271\214\014\267\030\233\177\264\351@"
  99      C6B98C0C 
  99      B7189B7F 
  99      B4E940
 100 00da CC638618 		.ascii	"\314c\206\030yq\326\262f~\220~\240/\031\327\000\225"
 100      7971D6B2 
 100      667E907E 
 100      A02F19D7 
 100      0095
 101 00ec DE636484 		.ascii	"\336cd\204*\000;\211\021\344\024\240\331\312z1\356\251"
 101      2A003B89 
 101      11E414A0 
 101      D9CA7A31 
 101      EEA9
 102 00fe 79A94589 		.ascii	"y\251E\211%\251)\361\301\371\245E\311\2511\001\301\371"
 102      25A929F1 
 102      C1F9A545 
 102      C9A93101 
 102      C1F9
 103 0110 CEA63101 		.ascii	"\316\2461\001\206\361.\211%\211z\311\014\000|ef\021"
 103      86F12E89 
 103      25897AC9 
 103      0C007C65 
 103      6611
 104              		.text
 105              		.section	.gnu.lto_P1_Data_ReadDataReg.bdb9f1d9,"",%progbits
 106 0000 789C6366 		.ascii	"x\234cf\300\004R@\374\007\210U\201\230\221\231\201\221"
 106      C0045240 
 106      FC078855 
 106      81989199 
 106      8191
 107 0012 69C23906 		.ascii	"i\3029\006\206F\016&FF\020\203\201\221\241\236\211\261"
 107      86460E26 
 107      46461083 
 107      8191A19E 
 107      89B1
 108 0024 9EF125D3 		.ascii	"\236\361%\323G&\3063;\377]fT_\332\320\320\364\341\322"
 108      4726C633 
 108      3BFF5D66 
 108      545FDAD0 
 108      D0F4E1D2 
 109 0038 E53BDCAD 		.ascii	"\345;\334\255\022?\231\030\030>310\352H1j\202\314a\\"
 109      123F9918 
 109      183E3331 
 109      30EA4831 
 109      6A82CC61 
 110 004d CEA8CE00 		.ascii	"\316\250\316\000T\370\261\345\357un\266\226\206\206"
 110      54F8B1E5 
 110      EF756EB6 
 110      968686
 111 005c 0601903C 		.ascii	"\006\001\220<Pb\005#\033#\220^/t\240\341\377\377\315"
 111      50620523 
 111      1B23905E 
 111      2F74A0E1 
 111      FFFFCD
ARM GAS  C:\Users\Thomas\AppData\Local\Temp\ccQ5q8Bu.s 			page 8


 112 006f E7277568 		.ascii	"\347'uh1\26101\374d\002\332\0102\204\341\011\220\000"
 112      31B13031 
 112      FC6402DA 
 112      083284E1 
 112      099000
 113 0082 D9F79489 		.ascii	"\331\367\224\211\011D3\337b<\364\255\353\337J+\220\306"
 113      094433DF 
 113      623CF4AD 
 113      EBDF4A2B 
 113      90C6
 114 0094 EF4C20CB 		.ascii	"\357L \313[O\034j\342}\301\364\223\211i\301\242\306"
 114      5B4F1C6A 
 114      E27DC1F4 
 114      938969C1 
 114      A2C6
 115 00a6 06169035 		.ascii	"\006\026\2205\367\237\234\277\310\001\026b\000qov\335"
 115      F79F9CBF 
 115      C8011662 
 115      00716F76 
 115      DD
 116 00b7 DBC73997 		.ascii	"\333\3079\227qvc\013\343O&f\306\225\214R\214\253\030"
 116      7176630B 
 116      E34F2666 
 116      C6958C52 
 116      8CAB18
 117 00ca 81CE625C 		.ascii	"\201\316b\\\3158\227\221\341\026c\363\2176\035\210y"
 117      CD389791 
 117      E11663F3 
 117      8F361D88 
 117      79
 118 00db CC10232F 		.ascii	"\314\020#/\316Z\326\314\017\322\017\364%\343\032\240"
 118      CE5AD6CC 
 118      0FD20FF4 
 118      25E31AA0 
 119 00eb D27B8C8C 		.ascii	"\322{\214\214P\005`'1\202\234\0024[Y/\306=5/\265(\261"
 119      50056027 
 119      31829C02 
 119      345B592F 
 119      C63D352F 
 120 0102 2435253E 		.ascii	"$5%>8\277\264(95& 8\337\3314&\3000\336%\261$Q/\231\001"
 120      38BFB428 
 120      39352620 
 120      38DFD934 
 120      26C030DE 
 121 011d 0050E465 		.ascii	"\000P\344e\225"
 121      95
 122              		.text
 123              		.section	.gnu.lto_.symbol_nodes.bdb9f1d9,"",%progbits
 124 0000 789C6366 		.ascii	"x\234cf``pb\200\002&\206z\006\206\011\347\030\030\352"
 124      60607062 
 124      80022686 
 124      7A068609 
 124      E71818EA 
 125 0014 EB19E62D 		.ascii	"\353\031\346-\340``b\254gD\3413\3253\241\360\231\353"
 125      E0606062 
 125      AC6744E1 
 125      33D533A1 
ARM GAS  C:\Users\Thomas\AppData\Local\Temp\ccQ5q8Bu.s 			page 9


 125      F099EB
 126 0027 9991F90C 		.ascii	"\231\221\371\014\0003\356\020\336"
 126      0033EE10 
 126      DE
 127              		.text
 128              		.section	.gnu.lto_.refs.bdb9f1d9,"",%progbits
 129 0000 789C6366 		.ascii	"x\234cf```d\200\002\000\000=\000\005"
 129      60606064 
 129      80020000 
 129      3D0005
 130              		.text
 131              		.section	.gnu.lto_.decls.bdb9f1d9,"",%progbits
 132 0000 789C8D52 		.ascii	"x\234\215R]H\024Q\024\276g\356\270\256\323*B\241\261"
 132      5D481451 
 132      14BE67EE 
 132      B8AED32A 
 132      42A1B1
 133 0013 042D0442 		.ascii	"\004-\004B BD\340[\201\202\275\024\213\022=(\310\242"
 133      204244E0 
 133      5B8182BD 
 133      148B123D 
 133      28C8A2
 134 0026 83F9A2B1 		.ascii	"\203\371\242\261\255\201\275tS\303\325BM\212V#]Xm\313"
 134      AD81BD74 
 134      53C3D542 
 134      4D8A5623 
 134      5D586DCB 
 135 003a D2CCBF75 		.ascii	"\322\314\277u\325t\366\241X\020\373\001\021\365I\363"
 135      D574F6A1 
 135      5810FB01 
 135      11F549F3 
 136 004a 417B5BFB 		.ascii	"A{[\373\021\245h:\367\356N\273\330J\03583\367\314\234"
 136      11A5683A 
 136      F7EE4EBB 
 136      D84A1D38 
 136      33F7CC9C 
 137 005e EF3BDF39 		.ascii	"\357;\3379\367PBH&\020\242\243\025RBz1NA\267\223\270"
 137      F7504248 
 137      2610A2A3 
 137      1552427A 
 137      314E41B7 
 138 0074 C9E823E8 		.ascii	"\311\350#\350c\350\001\364 \371\333F\022p\203\350Y\350"
 138      63E801F4 
 138      20F9DB46 
 138      127083E8 
 138      59E8
 139 0086 B3E833B1 		.ascii	"\263\3503\261\377\020\313\331o\234\323\264\017\247%"
 139      FF10CBD9 
 139      6F9CD3B4 
 139      0FA725
 140 0095 C18E25C1 		.ascii	"\301\216%\301\006b\332\016\252\027H\202\011\376\003"
 140      0662DA0E 
 140      AA174882 
 140      09FE03
 141 00a4 93ACB76D 		.ascii	"\223\254\267m\011\202C\337\026\016mI\220\241\330x8\325"
 141      098243DF 
 141      160E6D49 
ARM GAS  C:\Users\Thomas\AppData\Local\Temp\ccQ5q8Bu.s 			page 10


 141      90A1D878 
 141      38D5
 142 00b6 19F69830 		.ascii	"\031\366\2300\264(2\017\227\346\232\233\315T\002~\366"
 142      B428320F 
 142      97E69A9B 
 142      CD54027E 
 142      F6
 143 00c7 79D61795 		.ascii	"y\326\027\225\334\001\306\230\233i\032\304)n=\231\276"
 143      DC01C698 
 143      9B691AC4 
 143      296E3D99 
 143      BE
 144 00d8 9B8A982C 		.ascii	"\233\212\230,E\204m\363\335!*B\235\343\244\225\225\373"
 144      45846DF3 
 144      DD212A42 
 144      9DE3A495 
 144      95FB
 145 00ea 7B14941C 		.ascii	"{\024\224\0347c\015,\322\311\350Q\002\271V8i%0\0049"
 145      37630D2C 
 145      D2C9E851 
 145      02B95638 
 145      69253004 
 146 00ff 98060390 		.ascii	"\230\006\003\220K\3409X\341\005XI\037\026\210\364.\256"
 146      4BE03958 
 146      E1055849 
 146      1F1688F4 
 146      2EAE
 147 0111 1E634C86 		.ascii	"\036cL\206AP\340\031P\221\201m\360\012\261\242\035\267"
 147      4150E019 
 147      5091816D 
 147      F00AB1A2 
 147      1DB7
 148 0123 431DB22C 		.ascii	"C\035\262,\341G\236S*\324~\327\327\373\245\354\007H"
 148      E1479E53 
 148      2AD47ED7 
 148      D7FBA5EC 
 148      0748
 149 0135 C03A1A59 		.ascii	"\300:\032Y\246\014\366,\360#\355S\244%0\014\331\370"
 149      A60CF62C 
 149      F023ED53 
 149      A425300C 
 149      D9F8
 150 0147 7C097294 		.ascii	"|\011r\224\240m\363\215_\246\247Ek\223{\341e\263\255"
 150      A06DF38D 
 150      5FA6A745 
 150      6B937BE1 
 150      65B3AD
 151 015a 87798723 		.ascii	"\207y\207#-\276\036\332\305\274\015\354\227\216\362"
 151      2DBE1EDA 
 151      C5BC0DEC 
 151      978EF2
 152 0169 39085EFD 		.ascii	"9\010^\375\021@\3709:\321\021\260!\320\335\355\377b"
 152      1140F839 
 152      3AD111B0 
 152      21D0DDED 
 152      FF62
 153 017b A6AA20F9 		.ascii	"\246\252 \371\372a\355^\224\304;\3453\205\231\246\353"
ARM GAS  C:\Users\Thomas\AppData\Local\Temp\ccQ5q8Bu.s 			page 11


 153      FA61ED5E 
 153      94C43BE5 
 153      338599A6 
 153      EB
 154 018c 67057E34 		.ascii	"g\005~4\001?j\340\307\004\276\245i\230&\012\346\275"
 154      013F6AE0 
 154      C704BEA5 
 154      6998260A 
 154      E6BD
 155 019e C4158F0B 		.ascii	"\304\025\217\013\305\2451\301\372n[W*\275!j\315\357"
 155      C5A531C1 
 155      FA6E5B57 
 155      2ABD216A 
 155      CDEF
 156 01b0 7C5C9644 		.ascii	"|\\\226D\255\265\317\033\252\326\304~\352:\025\000\230"
 156      ADB5CF1B 
 156      AAD6C47E 
 156      EA3A1500 
 156      98
 157 01c1 48A83661 		.ascii	"H\2506aT\013\210j\233\357\177\264S\332\014\202\342\255"
 157      540B886A 
 157      9BEF7FB4 
 157      53DA0C82 
 157      E2AD
 158 01d3 D7E787A8 		.ascii	"\327\347\207\250\334\307\375\206\\N0\231@0i\020\004"
 158      DCC7FD86 
 158      5C4E3099 
 158      40306910 
 158      04
 159 01e4 05017B78 		.ascii	"\005\001{x\247\317L\037E\011\306wZ\203\351\012\336j"
 159      A7CF4C1F 
 159      4509C677 
 159      5A83E90A 
 159      DE6A
 160 01f6 E37FDC2A 		.ascii	"\343\177\334*\356\301\342\273\326\245\264\350\036\354"
 160      EEC1E2BB 
 160      D6A5B4E8 
 160      1EEC
 161 0204 47BC3E70 		.ascii	"G\274>p\017v7\3167\261s0\203s\231\212\357\3014\304\027"
 161      0F7637CE 
 161      37B17330 
 161      8373998A 
 161      EFC134C4 
 162 0219 A1E553F7 		.ascii	"\241\345S\367\202\305\322\312\227\013g\230\026\316\020"
 162      82C5D2CA 
 162      970B6798 
 162      16CE10
 163 0228 C9F121CE 		.ascii	"\311\361!\316\202Et\200\357m\211\206\374\241U\005\254"
 163      82457480 
 163      EF6D8986 
 163      FCA15505 
 163      AC
 164 0239 8AD5835B 		.ascii	"\212\325\203[\274{\0344dr\363\371G\032\030\365d\030"
 164      BC7B1C34 
 164      6472F3F9 
 164      471A18F5 
 164      6418
ARM GAS  C:\Users\Thomas\AppData\Local\Temp\ccQ5q8Bu.s 			page 12


 165 024b 8A88F841 		.ascii	"\212\210\370A \2044sH\303\263\265-]\277\251G\255=U$"
 165      20843473 
 165      48C3B3B5 
 165      2D5DBFA9 
 165      47AD3D55 
 166 0260 88474A5D 		.ascii	"\210GJ]u\215+\337Tt\361\222\255\200\234\310++RkT\247"
 166      758D2BDF 
 166      5474F192 
 166      AD809CC8 
 166      2B2B526B 
 167 0276 C3A55696 		.ascii	"\303\245V\226\227\324\3269+\3242{Im\301\231\262\212"
 167      97D4D639 
 167      2BD4327B 
 167      496DC199 
 167      B28A
 168 0288 7A57FD55 		.ascii	"zW\375U\365Z\336\025\222n?U^\350p9\312/;\253]\352\301"
 168      F55ADE15 
 168      926E3F55 
 168      5EE87039 
 168      CA2F3BAB 
 169 029f 88585A5E 		.ascii	"\210XZ^\0059b JTW\241\263\372\272z\241\266R\265\030"
 169      05396220 
 169      4A5457A1 
 169      B3FABA7A 
 169      A1B652B5 
 170 02b4 1F8B5547 		.ascii	"\037\213UG\345\341\304\200\037\212\325*\331\251V\345"
 170      E5E1C480 
 170      1F8AD52A 
 170      D9A956E5 
 171 02c4 FF06BA2B 		.ascii	"\377\006\272+L\024"
 171      4C14
 172              		.text
 173              		.section	.gnu.lto_.symtab.bdb9f1d9,"",%progbits
 174 0000 50315F44 		.ascii	"P1_Data_Write\000\000\000\000\000\000\000\000\000\000"
 174      6174615F 
 174      57726974 
 174      65000000 
 174      00000000 
 175 0017 0000B200 		.ascii	"\000\000\262\000\000\000P1_Data_SetDriveMode\000\000"
 175      00005031 
 175      5F446174 
 175      615F5365 
 175      74447269 
 176 0033 00000000 		.ascii	"\000\000\000\000\000\000\000\000\000\000\264\000\000"
 176      00000000 
 176      0000B400 
 176      00
 177 0040 0050315F 		.ascii	"\000P1_Data_Read\000\000\000\000\000\000\000\000\000"
 177      44617461 
 177      5F526561 
 177      64000000 
 177      00000000 
 178 0056 000000B7 		.ascii	"\000\000\000\267\000\000\000P1_Data_ReadDataReg\000"
 178      00000050 
 178      315F4461 
 178      74615F52 
 178      65616444 
ARM GAS  C:\Users\Thomas\AppData\Local\Temp\ccQ5q8Bu.s 			page 13


 179 0071 00000000 		.ascii	"\000\000\000\000\000\000\000\000\000\000\000\271\000"
 179      00000000 
 179      000000B9 
 179      00
 180 007e 0000     		.ascii	"\000\000"
 181              		.text
 182              		.section	.gnu.lto_.opts,"",%progbits
 183 0000 272D666E 		.ascii	"'-fno-trapv' '-mcpu=cortex-m3' '-mthumb' '-g' '-O3'"
 183      6F2D7472 
 183      61707627 
 183      20272D6D 
 183      6370753D 
 184 0033 20272D66 		.ascii	" '-ffunction-sections' '-finline-functions' '-flto'"
 184      66756E63 
 184      74696F6E 
 184      2D736563 
 184      74696F6E 
 185 0066 20272D66 		.ascii	" '-ffat-lto-objects'\000"
 185      6661742D 
 185      6C746F2D 
 185      6F626A65 
 185      63747327 
 186              		.text
 187              		.cfi_sections	.debug_frame
 188              		.section	.text.P1_Data_Write,"ax",%progbits
 189              		.align	2
 190              		.global	P1_Data_Write
 191              		.thumb
 192              		.thumb_func
 193              		.type	P1_Data_Write, %function
 194              	P1_Data_Write:
 195              	.LFB0:
 196              		.file 1 ".\\Generated_Source\\PSoC5\\P1_Data.c"
   1:.\Generated_Source\PSoC5/P1_Data.c **** /*******************************************************************************
   2:.\Generated_Source\PSoC5/P1_Data.c **** * File Name: P1_Data.c  
   3:.\Generated_Source\PSoC5/P1_Data.c **** * Version 2.20
   4:.\Generated_Source\PSoC5/P1_Data.c **** *
   5:.\Generated_Source\PSoC5/P1_Data.c **** * Description:
   6:.\Generated_Source\PSoC5/P1_Data.c **** *  This file contains API to enable firmware control of a Pins component.
   7:.\Generated_Source\PSoC5/P1_Data.c **** *
   8:.\Generated_Source\PSoC5/P1_Data.c **** * Note:
   9:.\Generated_Source\PSoC5/P1_Data.c **** *
  10:.\Generated_Source\PSoC5/P1_Data.c **** ********************************************************************************
  11:.\Generated_Source\PSoC5/P1_Data.c **** * Copyright 2008-2015, Cypress Semiconductor Corporation.  All rights reserved.
  12:.\Generated_Source\PSoC5/P1_Data.c **** * You may use this file only in accordance with the license, terms, conditions, 
  13:.\Generated_Source\PSoC5/P1_Data.c **** * disclaimers, and limitations in the end user license agreement accompanying 
  14:.\Generated_Source\PSoC5/P1_Data.c **** * the software package with which this file was provided.
  15:.\Generated_Source\PSoC5/P1_Data.c **** *******************************************************************************/
  16:.\Generated_Source\PSoC5/P1_Data.c **** 
  17:.\Generated_Source\PSoC5/P1_Data.c **** #include "cytypes.h"
  18:.\Generated_Source\PSoC5/P1_Data.c **** #include "P1_Data.h"
  19:.\Generated_Source\PSoC5/P1_Data.c **** 
  20:.\Generated_Source\PSoC5/P1_Data.c **** /* APIs are not generated for P15[7:6] on PSoC 5 */
  21:.\Generated_Source\PSoC5/P1_Data.c **** #if !(CY_PSOC5A &&\
  22:.\Generated_Source\PSoC5/P1_Data.c **** 	 P1_Data__PORT == 15 && ((P1_Data__MASK & 0xC0) != 0))
  23:.\Generated_Source\PSoC5/P1_Data.c **** 
  24:.\Generated_Source\PSoC5/P1_Data.c **** 
ARM GAS  C:\Users\Thomas\AppData\Local\Temp\ccQ5q8Bu.s 			page 14


  25:.\Generated_Source\PSoC5/P1_Data.c **** /*******************************************************************************
  26:.\Generated_Source\PSoC5/P1_Data.c **** * Function Name: P1_Data_Write
  27:.\Generated_Source\PSoC5/P1_Data.c **** ****************************************************************************//**
  28:.\Generated_Source\PSoC5/P1_Data.c **** *
  29:.\Generated_Source\PSoC5/P1_Data.c **** * \brief Writes the value to the physical port (data output register), masking
  30:.\Generated_Source\PSoC5/P1_Data.c **** *  and shifting the bits appropriately. 
  31:.\Generated_Source\PSoC5/P1_Data.c **** *
  32:.\Generated_Source\PSoC5/P1_Data.c **** * The data output register controls the signal applied to the physical pin in 
  33:.\Generated_Source\PSoC5/P1_Data.c **** * conjunction with the drive mode parameter. This function avoids changing 
  34:.\Generated_Source\PSoC5/P1_Data.c **** * other bits in the port by using the appropriate method (read-modify-write or
  35:.\Generated_Source\PSoC5/P1_Data.c **** * bit banding).
  36:.\Generated_Source\PSoC5/P1_Data.c **** *
  37:.\Generated_Source\PSoC5/P1_Data.c **** * <b>Note</b> This function should not be used on a hardware digital output pin 
  38:.\Generated_Source\PSoC5/P1_Data.c **** * as it is driven by the hardware signal attached to it.
  39:.\Generated_Source\PSoC5/P1_Data.c **** *
  40:.\Generated_Source\PSoC5/P1_Data.c **** * \param value
  41:.\Generated_Source\PSoC5/P1_Data.c **** *  Value to write to the component instance.
  42:.\Generated_Source\PSoC5/P1_Data.c **** *
  43:.\Generated_Source\PSoC5/P1_Data.c **** * \return 
  44:.\Generated_Source\PSoC5/P1_Data.c **** *  None 
  45:.\Generated_Source\PSoC5/P1_Data.c **** *
  46:.\Generated_Source\PSoC5/P1_Data.c **** * \sideeffect
  47:.\Generated_Source\PSoC5/P1_Data.c **** *  If you use read-modify-write operations that are not atomic; the Interrupt 
  48:.\Generated_Source\PSoC5/P1_Data.c **** *  Service Routines (ISR) can cause corruption of this function. An ISR that 
  49:.\Generated_Source\PSoC5/P1_Data.c **** *  interrupts this function and performs writes to the Pins component data 
  50:.\Generated_Source\PSoC5/P1_Data.c **** *  register can cause corrupted port data. To avoid this issue, you should 
  51:.\Generated_Source\PSoC5/P1_Data.c **** *  either use the Per-Pin APIs (primary method) or disable interrupts around 
  52:.\Generated_Source\PSoC5/P1_Data.c **** *  this function.
  53:.\Generated_Source\PSoC5/P1_Data.c **** *
  54:.\Generated_Source\PSoC5/P1_Data.c **** * \funcusage
  55:.\Generated_Source\PSoC5/P1_Data.c **** *  \snippet P1_Data_SUT.c usage_P1_Data_Write
  56:.\Generated_Source\PSoC5/P1_Data.c **** *******************************************************************************/
  57:.\Generated_Source\PSoC5/P1_Data.c **** void P1_Data_Write(uint8 value)
  58:.\Generated_Source\PSoC5/P1_Data.c **** {
 197              		.loc 1 58 0
 198              		.cfi_startproc
 199              		@ args = 0, pretend = 0, frame = 0
 200              		@ frame_needed = 0, uses_anonymous_args = 0
 201              		@ link register save eliminated.
 202              	.LVL0:
  59:.\Generated_Source\PSoC5/P1_Data.c ****     uint8 staticBits = (P1_Data_DR & (uint8)(~P1_Data_MASK));
 203              		.loc 1 59 0
 204 0000 044A     		ldr	r2, .L2
  60:.\Generated_Source\PSoC5/P1_Data.c ****     P1_Data_DR = staticBits | ((uint8)(value << P1_Data_SHIFT) & P1_Data_MASK);
 205              		.loc 1 60 0
 206 0002 00F00100 		and	r0, r0, #1
 207              	.LVL1:
  59:.\Generated_Source\PSoC5/P1_Data.c ****     uint8 staticBits = (P1_Data_DR & (uint8)(~P1_Data_MASK));
 208              		.loc 1 59 0
 209 0006 1378     		ldrb	r3, [r2]	@ zero_extendqisi2
 210              	.LVL2:
 211 0008 03F0FE03 		and	r3, r3, #254
 212              	.LVL3:
 213              		.loc 1 60 0
 214 000c 1843     		orrs	r0, r0, r3
 215 000e 1070     		strb	r0, [r2]
 216 0010 7047     		bx	lr
ARM GAS  C:\Users\Thomas\AppData\Local\Temp\ccQ5q8Bu.s 			page 15


 217              	.L3:
 218 0012 00BF     		.align	2
 219              	.L2:
 220 0014 20510040 		.word	1073762592
 221              		.cfi_endproc
 222              	.LFE0:
 223              		.size	P1_Data_Write, .-P1_Data_Write
 224              		.section	.text.P1_Data_SetDriveMode,"ax",%progbits
 225              		.align	2
 226              		.global	P1_Data_SetDriveMode
 227              		.thumb
 228              		.thumb_func
 229              		.type	P1_Data_SetDriveMode, %function
 230              	P1_Data_SetDriveMode:
 231              	.LFB1:
  61:.\Generated_Source\PSoC5/P1_Data.c **** }
  62:.\Generated_Source\PSoC5/P1_Data.c **** 
  63:.\Generated_Source\PSoC5/P1_Data.c **** 
  64:.\Generated_Source\PSoC5/P1_Data.c **** /*******************************************************************************
  65:.\Generated_Source\PSoC5/P1_Data.c **** * Function Name: P1_Data_SetDriveMode
  66:.\Generated_Source\PSoC5/P1_Data.c **** ****************************************************************************//**
  67:.\Generated_Source\PSoC5/P1_Data.c **** *
  68:.\Generated_Source\PSoC5/P1_Data.c **** * \brief Sets the drive mode for each of the Pins component's pins.
  69:.\Generated_Source\PSoC5/P1_Data.c **** * 
  70:.\Generated_Source\PSoC5/P1_Data.c **** * <b>Note</b> This affects all pins in the Pins component instance. Use the
  71:.\Generated_Source\PSoC5/P1_Data.c **** * Per-Pin APIs if you wish to control individual pin's drive modes.
  72:.\Generated_Source\PSoC5/P1_Data.c **** *
  73:.\Generated_Source\PSoC5/P1_Data.c **** * \param mode
  74:.\Generated_Source\PSoC5/P1_Data.c **** *  Mode for the selected signals. Valid options are documented in 
  75:.\Generated_Source\PSoC5/P1_Data.c **** *  \ref driveMode.
  76:.\Generated_Source\PSoC5/P1_Data.c **** *
  77:.\Generated_Source\PSoC5/P1_Data.c **** * \return
  78:.\Generated_Source\PSoC5/P1_Data.c **** *  None
  79:.\Generated_Source\PSoC5/P1_Data.c **** *
  80:.\Generated_Source\PSoC5/P1_Data.c **** * \sideeffect
  81:.\Generated_Source\PSoC5/P1_Data.c **** *  If you use read-modify-write operations that are not atomic, the ISR can
  82:.\Generated_Source\PSoC5/P1_Data.c **** *  cause corruption of this function. An ISR that interrupts this function 
  83:.\Generated_Source\PSoC5/P1_Data.c **** *  and performs writes to the Pins component Drive Mode registers can cause 
  84:.\Generated_Source\PSoC5/P1_Data.c **** *  corrupted port data. To avoid this issue, you should either use the Per-Pin
  85:.\Generated_Source\PSoC5/P1_Data.c **** *  APIs (primary method) or disable interrupts around this function.
  86:.\Generated_Source\PSoC5/P1_Data.c **** *
  87:.\Generated_Source\PSoC5/P1_Data.c **** * \funcusage
  88:.\Generated_Source\PSoC5/P1_Data.c **** *  \snippet P1_Data_SUT.c usage_P1_Data_SetDriveMode
  89:.\Generated_Source\PSoC5/P1_Data.c **** *******************************************************************************/
  90:.\Generated_Source\PSoC5/P1_Data.c **** void P1_Data_SetDriveMode(uint8 mode)
  91:.\Generated_Source\PSoC5/P1_Data.c **** {
 232              		.loc 1 91 0
 233              		.cfi_startproc
 234              		@ args = 0, pretend = 0, frame = 0
 235              		@ frame_needed = 0, uses_anonymous_args = 0
 236              		@ link register save eliminated.
 237              	.LVL4:
  92:.\Generated_Source\PSoC5/P1_Data.c **** 	CyPins_SetPinDriveMode(P1_Data_0, mode);
 238              		.loc 1 92 0
 239 0000 044A     		ldr	r2, .L5
 240 0002 00F00E00 		and	r0, r0, #14
 241              	.LVL5:
ARM GAS  C:\Users\Thomas\AppData\Local\Temp\ccQ5q8Bu.s 			page 16


 242 0006 1378     		ldrb	r3, [r2]	@ zero_extendqisi2
 243 0008 03F0F103 		and	r3, r3, #241
 244 000c 1843     		orrs	r0, r0, r3
 245 000e 1070     		strb	r0, [r2]
 246 0010 7047     		bx	lr
 247              	.L6:
 248 0012 00BF     		.align	2
 249              	.L5:
 250 0014 10500040 		.word	1073762320
 251              		.cfi_endproc
 252              	.LFE1:
 253              		.size	P1_Data_SetDriveMode, .-P1_Data_SetDriveMode
 254              		.section	.text.P1_Data_Read,"ax",%progbits
 255              		.align	2
 256              		.global	P1_Data_Read
 257              		.thumb
 258              		.thumb_func
 259              		.type	P1_Data_Read, %function
 260              	P1_Data_Read:
 261              	.LFB2:
  93:.\Generated_Source\PSoC5/P1_Data.c **** }
  94:.\Generated_Source\PSoC5/P1_Data.c **** 
  95:.\Generated_Source\PSoC5/P1_Data.c **** 
  96:.\Generated_Source\PSoC5/P1_Data.c **** /*******************************************************************************
  97:.\Generated_Source\PSoC5/P1_Data.c **** * Function Name: P1_Data_Read
  98:.\Generated_Source\PSoC5/P1_Data.c **** ****************************************************************************//**
  99:.\Generated_Source\PSoC5/P1_Data.c **** *
 100:.\Generated_Source\PSoC5/P1_Data.c **** * \brief Reads the associated physical port (pin status register) and masks 
 101:.\Generated_Source\PSoC5/P1_Data.c **** *  the required bits according to the width and bit position of the component
 102:.\Generated_Source\PSoC5/P1_Data.c **** *  instance. 
 103:.\Generated_Source\PSoC5/P1_Data.c **** *
 104:.\Generated_Source\PSoC5/P1_Data.c **** * The pin's status register returns the current logic level present on the 
 105:.\Generated_Source\PSoC5/P1_Data.c **** * physical pin.
 106:.\Generated_Source\PSoC5/P1_Data.c **** *
 107:.\Generated_Source\PSoC5/P1_Data.c **** * \return 
 108:.\Generated_Source\PSoC5/P1_Data.c **** *  The current value for the pins in the component as a right justified number.
 109:.\Generated_Source\PSoC5/P1_Data.c **** *
 110:.\Generated_Source\PSoC5/P1_Data.c **** * \funcusage
 111:.\Generated_Source\PSoC5/P1_Data.c **** *  \snippet P1_Data_SUT.c usage_P1_Data_Read  
 112:.\Generated_Source\PSoC5/P1_Data.c **** *******************************************************************************/
 113:.\Generated_Source\PSoC5/P1_Data.c **** uint8 P1_Data_Read(void)
 114:.\Generated_Source\PSoC5/P1_Data.c **** {
 262              		.loc 1 114 0
 263              		.cfi_startproc
 264              		@ args = 0, pretend = 0, frame = 0
 265              		@ frame_needed = 0, uses_anonymous_args = 0
 266              		@ link register save eliminated.
 115:.\Generated_Source\PSoC5/P1_Data.c ****     return (P1_Data_PS & P1_Data_MASK) >> P1_Data_SHIFT;
 267              		.loc 1 115 0
 268 0000 024B     		ldr	r3, .L8
 269 0002 1878     		ldrb	r0, [r3]	@ zero_extendqisi2
 116:.\Generated_Source\PSoC5/P1_Data.c **** }
 270              		.loc 1 116 0
 271 0004 00F00100 		and	r0, r0, #1
 272 0008 7047     		bx	lr
 273              	.L9:
 274 000a 00BF     		.align	2
ARM GAS  C:\Users\Thomas\AppData\Local\Temp\ccQ5q8Bu.s 			page 17


 275              	.L8:
 276 000c 21510040 		.word	1073762593
 277              		.cfi_endproc
 278              	.LFE2:
 279              		.size	P1_Data_Read, .-P1_Data_Read
 280              		.section	.text.P1_Data_ReadDataReg,"ax",%progbits
 281              		.align	2
 282              		.global	P1_Data_ReadDataReg
 283              		.thumb
 284              		.thumb_func
 285              		.type	P1_Data_ReadDataReg, %function
 286              	P1_Data_ReadDataReg:
 287              	.LFB3:
 117:.\Generated_Source\PSoC5/P1_Data.c **** 
 118:.\Generated_Source\PSoC5/P1_Data.c **** 
 119:.\Generated_Source\PSoC5/P1_Data.c **** /*******************************************************************************
 120:.\Generated_Source\PSoC5/P1_Data.c **** * Function Name: P1_Data_ReadDataReg
 121:.\Generated_Source\PSoC5/P1_Data.c **** ****************************************************************************//**
 122:.\Generated_Source\PSoC5/P1_Data.c **** *
 123:.\Generated_Source\PSoC5/P1_Data.c **** * \brief Reads the associated physical port's data output register and masks 
 124:.\Generated_Source\PSoC5/P1_Data.c **** *  the correct bits according to the width and bit position of the component 
 125:.\Generated_Source\PSoC5/P1_Data.c **** *  instance. 
 126:.\Generated_Source\PSoC5/P1_Data.c **** *
 127:.\Generated_Source\PSoC5/P1_Data.c **** * The data output register controls the signal applied to the physical pin in 
 128:.\Generated_Source\PSoC5/P1_Data.c **** * conjunction with the drive mode parameter. This is not the same as the 
 129:.\Generated_Source\PSoC5/P1_Data.c **** * preferred P1_Data_Read() API because the 
 130:.\Generated_Source\PSoC5/P1_Data.c **** * P1_Data_ReadDataReg() reads the data register instead of the status 
 131:.\Generated_Source\PSoC5/P1_Data.c **** * register. For output pins this is a useful function to determine the value 
 132:.\Generated_Source\PSoC5/P1_Data.c **** * just written to the pin.
 133:.\Generated_Source\PSoC5/P1_Data.c **** *
 134:.\Generated_Source\PSoC5/P1_Data.c **** * \return 
 135:.\Generated_Source\PSoC5/P1_Data.c **** *  The current value of the data register masked and shifted into a right 
 136:.\Generated_Source\PSoC5/P1_Data.c **** *  justified number for the component instance.
 137:.\Generated_Source\PSoC5/P1_Data.c **** *
 138:.\Generated_Source\PSoC5/P1_Data.c **** * \funcusage
 139:.\Generated_Source\PSoC5/P1_Data.c **** *  \snippet P1_Data_SUT.c usage_P1_Data_ReadDataReg 
 140:.\Generated_Source\PSoC5/P1_Data.c **** *******************************************************************************/
 141:.\Generated_Source\PSoC5/P1_Data.c **** uint8 P1_Data_ReadDataReg(void)
 142:.\Generated_Source\PSoC5/P1_Data.c **** {
 288              		.loc 1 142 0
 289              		.cfi_startproc
 290              		@ args = 0, pretend = 0, frame = 0
 291              		@ frame_needed = 0, uses_anonymous_args = 0
 292              		@ link register save eliminated.
 143:.\Generated_Source\PSoC5/P1_Data.c ****     return (P1_Data_DR & P1_Data_MASK) >> P1_Data_SHIFT;
 293              		.loc 1 143 0
 294 0000 024B     		ldr	r3, .L11
 295 0002 1878     		ldrb	r0, [r3]	@ zero_extendqisi2
 144:.\Generated_Source\PSoC5/P1_Data.c **** }
 296              		.loc 1 144 0
 297 0004 00F00100 		and	r0, r0, #1
 298 0008 7047     		bx	lr
 299              	.L12:
 300 000a 00BF     		.align	2
 301              	.L11:
 302 000c 20510040 		.word	1073762592
 303              		.cfi_endproc
ARM GAS  C:\Users\Thomas\AppData\Local\Temp\ccQ5q8Bu.s 			page 18


 304              	.LFE3:
 305              		.size	P1_Data_ReadDataReg, .-P1_Data_ReadDataReg
 306              		.text
 307              	.Letext0:
 308              		.file 2 ".\\Generated_Source\\PSoC5\\cytypes.h"
 309              		.section	.debug_info,"",%progbits
 310              	.Ldebug_info0:
 311 0000 1D010000 		.4byte	0x11d
 312 0004 0400     		.2byte	0x4
 313 0006 00000000 		.4byte	.Ldebug_abbrev0
 314 000a 04       		.byte	0x4
 315 000b 01       		.uleb128 0x1
 316 000c DC000000 		.4byte	.LASF20
 317 0010 01       		.byte	0x1
 318 0011 B3010000 		.4byte	.LASF21
 319 0015 6A000000 		.4byte	.LASF22
 320 0019 00000000 		.4byte	.Ldebug_ranges0+0
 321 001d 00000000 		.4byte	0
 322 0021 00000000 		.4byte	.Ldebug_line0
 323 0025 02       		.uleb128 0x2
 324 0026 01       		.byte	0x1
 325 0027 06       		.byte	0x6
 326 0028 DF010000 		.4byte	.LASF0
 327 002c 02       		.uleb128 0x2
 328 002d 01       		.byte	0x1
 329 002e 08       		.byte	0x8
 330 002f 2B000000 		.4byte	.LASF1
 331 0033 02       		.uleb128 0x2
 332 0034 02       		.byte	0x2
 333 0035 05       		.byte	0x5
 334 0036 95010000 		.4byte	.LASF2
 335 003a 02       		.uleb128 0x2
 336 003b 02       		.byte	0x2
 337 003c 07       		.byte	0x7
 338 003d 50000000 		.4byte	.LASF3
 339 0041 02       		.uleb128 0x2
 340 0042 04       		.byte	0x4
 341 0043 05       		.byte	0x5
 342 0044 D6010000 		.4byte	.LASF4
 343 0048 02       		.uleb128 0x2
 344 0049 04       		.byte	0x4
 345 004a 07       		.byte	0x7
 346 004b 3E000000 		.4byte	.LASF5
 347 004f 02       		.uleb128 0x2
 348 0050 08       		.byte	0x8
 349 0051 05       		.byte	0x5
 350 0052 CE000000 		.4byte	.LASF6
 351 0056 02       		.uleb128 0x2
 352 0057 08       		.byte	0x8
 353 0058 07       		.byte	0x7
 354 0059 B2000000 		.4byte	.LASF7
 355 005d 03       		.uleb128 0x3
 356 005e 04       		.byte	0x4
 357 005f 05       		.byte	0x5
 358 0060 696E7400 		.ascii	"int\000"
 359 0064 02       		.uleb128 0x2
 360 0065 04       		.byte	0x4
ARM GAS  C:\Users\Thomas\AppData\Local\Temp\ccQ5q8Bu.s 			page 19


 361 0066 07       		.byte	0x7
 362 0067 A5000000 		.4byte	.LASF8
 363 006b 04       		.uleb128 0x4
 364 006c AD010000 		.4byte	.LASF12
 365 0070 02       		.byte	0x2
 366 0071 9201     		.2byte	0x192
 367 0073 2C000000 		.4byte	0x2c
 368 0077 02       		.uleb128 0x2
 369 0078 04       		.byte	0x4
 370 0079 04       		.byte	0x4
 371 007a 25000000 		.4byte	.LASF9
 372 007e 02       		.uleb128 0x2
 373 007f 08       		.byte	0x8
 374 0080 04       		.byte	0x4
 375 0081 63000000 		.4byte	.LASF10
 376 0085 02       		.uleb128 0x2
 377 0086 01       		.byte	0x1
 378 0087 08       		.byte	0x8
 379 0088 83010000 		.4byte	.LASF11
 380 008c 04       		.uleb128 0x4
 381 008d 39000000 		.4byte	.LASF13
 382 0091 02       		.byte	0x2
 383 0092 3C02     		.2byte	0x23c
 384 0094 98000000 		.4byte	0x98
 385 0098 05       		.uleb128 0x5
 386 0099 6B000000 		.4byte	0x6b
 387 009d 06       		.uleb128 0x6
 388 009e 9F010000 		.4byte	.LASF14
 389 00a2 01       		.byte	0x1
 390 00a3 39       		.byte	0x39
 391 00a4 00000000 		.4byte	.LFB0
 392 00a8 18000000 		.4byte	.LFE0-.LFB0
 393 00ac 01       		.uleb128 0x1
 394 00ad 9C       		.byte	0x9c
 395 00ae D1000000 		.4byte	0xd1
 396 00b2 07       		.uleb128 0x7
 397 00b3 14000000 		.4byte	.LASF16
 398 00b7 01       		.byte	0x1
 399 00b8 39       		.byte	0x39
 400 00b9 6B000000 		.4byte	0x6b
 401 00bd 00000000 		.4byte	.LLST0
 402 00c1 08       		.uleb128 0x8
 403 00c2 1A000000 		.4byte	.LASF23
 404 00c6 01       		.byte	0x1
 405 00c7 3B       		.byte	0x3b
 406 00c8 6B000000 		.4byte	0x6b
 407 00cc 21000000 		.4byte	.LLST1
 408 00d0 00       		.byte	0
 409 00d1 06       		.uleb128 0x6
 410 00d2 EB010000 		.4byte	.LASF15
 411 00d6 01       		.byte	0x1
 412 00d7 5A       		.byte	0x5a
 413 00d8 00000000 		.4byte	.LFB1
 414 00dc 18000000 		.4byte	.LFE1-.LFB1
 415 00e0 01       		.uleb128 0x1
 416 00e1 9C       		.byte	0x9c
 417 00e2 F6000000 		.4byte	0xf6
ARM GAS  C:\Users\Thomas\AppData\Local\Temp\ccQ5q8Bu.s 			page 20


 418 00e6 07       		.uleb128 0x7
 419 00e7 C9000000 		.4byte	.LASF17
 420 00eb 01       		.byte	0x1
 421 00ec 5A       		.byte	0x5a
 422 00ed 6B000000 		.4byte	0x6b
 423 00f1 39000000 		.4byte	.LLST2
 424 00f5 00       		.byte	0
 425 00f6 09       		.uleb128 0x9
 426 00f7 88010000 		.4byte	.LASF18
 427 00fb 01       		.byte	0x1
 428 00fc 71       		.byte	0x71
 429 00fd 6B000000 		.4byte	0x6b
 430 0101 00000000 		.4byte	.LFB2
 431 0105 10000000 		.4byte	.LFE2-.LFB2
 432 0109 01       		.uleb128 0x1
 433 010a 9C       		.byte	0x9c
 434 010b 09       		.uleb128 0x9
 435 010c 00000000 		.4byte	.LASF19
 436 0110 01       		.byte	0x1
 437 0111 8D       		.byte	0x8d
 438 0112 6B000000 		.4byte	0x6b
 439 0116 00000000 		.4byte	.LFB3
 440 011a 10000000 		.4byte	.LFE3-.LFB3
 441 011e 01       		.uleb128 0x1
 442 011f 9C       		.byte	0x9c
 443 0120 00       		.byte	0
 444              		.section	.debug_abbrev,"",%progbits
 445              	.Ldebug_abbrev0:
 446 0000 01       		.uleb128 0x1
 447 0001 11       		.uleb128 0x11
 448 0002 01       		.byte	0x1
 449 0003 25       		.uleb128 0x25
 450 0004 0E       		.uleb128 0xe
 451 0005 13       		.uleb128 0x13
 452 0006 0B       		.uleb128 0xb
 453 0007 03       		.uleb128 0x3
 454 0008 0E       		.uleb128 0xe
 455 0009 1B       		.uleb128 0x1b
 456 000a 0E       		.uleb128 0xe
 457 000b 55       		.uleb128 0x55
 458 000c 17       		.uleb128 0x17
 459 000d 11       		.uleb128 0x11
 460 000e 01       		.uleb128 0x1
 461 000f 10       		.uleb128 0x10
 462 0010 17       		.uleb128 0x17
 463 0011 00       		.byte	0
 464 0012 00       		.byte	0
 465 0013 02       		.uleb128 0x2
 466 0014 24       		.uleb128 0x24
 467 0015 00       		.byte	0
 468 0016 0B       		.uleb128 0xb
 469 0017 0B       		.uleb128 0xb
 470 0018 3E       		.uleb128 0x3e
 471 0019 0B       		.uleb128 0xb
 472 001a 03       		.uleb128 0x3
 473 001b 0E       		.uleb128 0xe
 474 001c 00       		.byte	0
ARM GAS  C:\Users\Thomas\AppData\Local\Temp\ccQ5q8Bu.s 			page 21


 475 001d 00       		.byte	0
 476 001e 03       		.uleb128 0x3
 477 001f 24       		.uleb128 0x24
 478 0020 00       		.byte	0
 479 0021 0B       		.uleb128 0xb
 480 0022 0B       		.uleb128 0xb
 481 0023 3E       		.uleb128 0x3e
 482 0024 0B       		.uleb128 0xb
 483 0025 03       		.uleb128 0x3
 484 0026 08       		.uleb128 0x8
 485 0027 00       		.byte	0
 486 0028 00       		.byte	0
 487 0029 04       		.uleb128 0x4
 488 002a 16       		.uleb128 0x16
 489 002b 00       		.byte	0
 490 002c 03       		.uleb128 0x3
 491 002d 0E       		.uleb128 0xe
 492 002e 3A       		.uleb128 0x3a
 493 002f 0B       		.uleb128 0xb
 494 0030 3B       		.uleb128 0x3b
 495 0031 05       		.uleb128 0x5
 496 0032 49       		.uleb128 0x49
 497 0033 13       		.uleb128 0x13
 498 0034 00       		.byte	0
 499 0035 00       		.byte	0
 500 0036 05       		.uleb128 0x5
 501 0037 35       		.uleb128 0x35
 502 0038 00       		.byte	0
 503 0039 49       		.uleb128 0x49
 504 003a 13       		.uleb128 0x13
 505 003b 00       		.byte	0
 506 003c 00       		.byte	0
 507 003d 06       		.uleb128 0x6
 508 003e 2E       		.uleb128 0x2e
 509 003f 01       		.byte	0x1
 510 0040 3F       		.uleb128 0x3f
 511 0041 19       		.uleb128 0x19
 512 0042 03       		.uleb128 0x3
 513 0043 0E       		.uleb128 0xe
 514 0044 3A       		.uleb128 0x3a
 515 0045 0B       		.uleb128 0xb
 516 0046 3B       		.uleb128 0x3b
 517 0047 0B       		.uleb128 0xb
 518 0048 27       		.uleb128 0x27
 519 0049 19       		.uleb128 0x19
 520 004a 11       		.uleb128 0x11
 521 004b 01       		.uleb128 0x1
 522 004c 12       		.uleb128 0x12
 523 004d 06       		.uleb128 0x6
 524 004e 40       		.uleb128 0x40
 525 004f 18       		.uleb128 0x18
 526 0050 9742     		.uleb128 0x2117
 527 0052 19       		.uleb128 0x19
 528 0053 01       		.uleb128 0x1
 529 0054 13       		.uleb128 0x13
 530 0055 00       		.byte	0
 531 0056 00       		.byte	0
ARM GAS  C:\Users\Thomas\AppData\Local\Temp\ccQ5q8Bu.s 			page 22


 532 0057 07       		.uleb128 0x7
 533 0058 05       		.uleb128 0x5
 534 0059 00       		.byte	0
 535 005a 03       		.uleb128 0x3
 536 005b 0E       		.uleb128 0xe
 537 005c 3A       		.uleb128 0x3a
 538 005d 0B       		.uleb128 0xb
 539 005e 3B       		.uleb128 0x3b
 540 005f 0B       		.uleb128 0xb
 541 0060 49       		.uleb128 0x49
 542 0061 13       		.uleb128 0x13
 543 0062 02       		.uleb128 0x2
 544 0063 17       		.uleb128 0x17
 545 0064 00       		.byte	0
 546 0065 00       		.byte	0
 547 0066 08       		.uleb128 0x8
 548 0067 34       		.uleb128 0x34
 549 0068 00       		.byte	0
 550 0069 03       		.uleb128 0x3
 551 006a 0E       		.uleb128 0xe
 552 006b 3A       		.uleb128 0x3a
 553 006c 0B       		.uleb128 0xb
 554 006d 3B       		.uleb128 0x3b
 555 006e 0B       		.uleb128 0xb
 556 006f 49       		.uleb128 0x49
 557 0070 13       		.uleb128 0x13
 558 0071 02       		.uleb128 0x2
 559 0072 17       		.uleb128 0x17
 560 0073 00       		.byte	0
 561 0074 00       		.byte	0
 562 0075 09       		.uleb128 0x9
 563 0076 2E       		.uleb128 0x2e
 564 0077 00       		.byte	0
 565 0078 3F       		.uleb128 0x3f
 566 0079 19       		.uleb128 0x19
 567 007a 03       		.uleb128 0x3
 568 007b 0E       		.uleb128 0xe
 569 007c 3A       		.uleb128 0x3a
 570 007d 0B       		.uleb128 0xb
 571 007e 3B       		.uleb128 0x3b
 572 007f 0B       		.uleb128 0xb
 573 0080 27       		.uleb128 0x27
 574 0081 19       		.uleb128 0x19
 575 0082 49       		.uleb128 0x49
 576 0083 13       		.uleb128 0x13
 577 0084 11       		.uleb128 0x11
 578 0085 01       		.uleb128 0x1
 579 0086 12       		.uleb128 0x12
 580 0087 06       		.uleb128 0x6
 581 0088 40       		.uleb128 0x40
 582 0089 18       		.uleb128 0x18
 583 008a 9742     		.uleb128 0x2117
 584 008c 19       		.uleb128 0x19
 585 008d 00       		.byte	0
 586 008e 00       		.byte	0
 587 008f 00       		.byte	0
 588              		.section	.debug_loc,"",%progbits
ARM GAS  C:\Users\Thomas\AppData\Local\Temp\ccQ5q8Bu.s 			page 23


 589              	.Ldebug_loc0:
 590              	.LLST0:
 591 0000 00000000 		.4byte	.LVL0
 592 0004 06000000 		.4byte	.LVL1
 593 0008 0100     		.2byte	0x1
 594 000a 50       		.byte	0x50
 595 000b 06000000 		.4byte	.LVL1
 596 000f 18000000 		.4byte	.LFE0
 597 0013 0400     		.2byte	0x4
 598 0015 F3       		.byte	0xf3
 599 0016 01       		.uleb128 0x1
 600 0017 50       		.byte	0x50
 601 0018 9F       		.byte	0x9f
 602 0019 00000000 		.4byte	0
 603 001d 00000000 		.4byte	0
 604              	.LLST1:
 605 0021 08000000 		.4byte	.LVL2
 606 0025 0C000000 		.4byte	.LVL3
 607 0029 0600     		.2byte	0x6
 608 002b 73       		.byte	0x73
 609 002c 00       		.sleb128 0
 610 002d 09       		.byte	0x9
 611 002e FE       		.byte	0xfe
 612 002f 1A       		.byte	0x1a
 613 0030 9F       		.byte	0x9f
 614 0031 00000000 		.4byte	0
 615 0035 00000000 		.4byte	0
 616              	.LLST2:
 617 0039 00000000 		.4byte	.LVL4
 618 003d 06000000 		.4byte	.LVL5
 619 0041 0100     		.2byte	0x1
 620 0043 50       		.byte	0x50
 621 0044 06000000 		.4byte	.LVL5
 622 0048 18000000 		.4byte	.LFE1
 623 004c 0400     		.2byte	0x4
 624 004e F3       		.byte	0xf3
 625 004f 01       		.uleb128 0x1
 626 0050 50       		.byte	0x50
 627 0051 9F       		.byte	0x9f
 628 0052 00000000 		.4byte	0
 629 0056 00000000 		.4byte	0
 630              		.section	.debug_aranges,"",%progbits
 631 0000 34000000 		.4byte	0x34
 632 0004 0200     		.2byte	0x2
 633 0006 00000000 		.4byte	.Ldebug_info0
 634 000a 04       		.byte	0x4
 635 000b 00       		.byte	0
 636 000c 0000     		.2byte	0
 637 000e 0000     		.2byte	0
 638 0010 00000000 		.4byte	.LFB0
 639 0014 18000000 		.4byte	.LFE0-.LFB0
 640 0018 00000000 		.4byte	.LFB1
 641 001c 18000000 		.4byte	.LFE1-.LFB1
 642 0020 00000000 		.4byte	.LFB2
 643 0024 10000000 		.4byte	.LFE2-.LFB2
 644 0028 00000000 		.4byte	.LFB3
 645 002c 10000000 		.4byte	.LFE3-.LFB3
ARM GAS  C:\Users\Thomas\AppData\Local\Temp\ccQ5q8Bu.s 			page 24


 646 0030 00000000 		.4byte	0
 647 0034 00000000 		.4byte	0
 648              		.section	.debug_ranges,"",%progbits
 649              	.Ldebug_ranges0:
 650 0000 00000000 		.4byte	.LFB0
 651 0004 18000000 		.4byte	.LFE0
 652 0008 00000000 		.4byte	.LFB1
 653 000c 18000000 		.4byte	.LFE1
 654 0010 00000000 		.4byte	.LFB2
 655 0014 10000000 		.4byte	.LFE2
 656 0018 00000000 		.4byte	.LFB3
 657 001c 10000000 		.4byte	.LFE3
 658 0020 00000000 		.4byte	0
 659 0024 00000000 		.4byte	0
 660              		.section	.debug_line,"",%progbits
 661              	.Ldebug_line0:
 662 0000 94000000 		.section	.debug_str,"MS",%progbits,1
 662      02004600 
 662      00000201 
 662      FB0E0D00 
 662      01010101 
 663              	.LASF19:
 664 0000 50315F44 		.ascii	"P1_Data_ReadDataReg\000"
 664      6174615F 
 664      52656164 
 664      44617461 
 664      52656700 
 665              	.LASF16:
 666 0014 76616C75 		.ascii	"value\000"
 666      6500
 667              	.LASF23:
 668 001a 73746174 		.ascii	"staticBits\000"
 668      69634269 
 668      747300
 669              	.LASF9:
 670 0025 666C6F61 		.ascii	"float\000"
 670      7400
 671              	.LASF1:
 672 002b 756E7369 		.ascii	"unsigned char\000"
 672      676E6564 
 672      20636861 
 672      7200
 673              	.LASF13:
 674 0039 72656738 		.ascii	"reg8\000"
 674      00
 675              	.LASF5:
 676 003e 6C6F6E67 		.ascii	"long unsigned int\000"
 676      20756E73 
 676      69676E65 
 676      6420696E 
 676      7400
 677              	.LASF3:
 678 0050 73686F72 		.ascii	"short unsigned int\000"
 678      7420756E 
 678      7369676E 
 678      65642069 
 678      6E7400
ARM GAS  C:\Users\Thomas\AppData\Local\Temp\ccQ5q8Bu.s 			page 25


 679              	.LASF10:
 680 0063 646F7562 		.ascii	"double\000"
 680      6C6500
 681              	.LASF22:
 682 006a 433A5C55 		.ascii	"C:\\Users\\Thomas\\Documents\\PSoC Creator\\TASBot\\"
 682      73657273 
 682      5C54686F 
 682      6D61735C 
 682      446F6375 
 683 0098 54415342 		.ascii	"TASBot.cydsn\000"
 683      6F742E63 
 683      7964736E 
 683      00
 684              	.LASF8:
 685 00a5 756E7369 		.ascii	"unsigned int\000"
 685      676E6564 
 685      20696E74 
 685      00
 686              	.LASF7:
 687 00b2 6C6F6E67 		.ascii	"long long unsigned int\000"
 687      206C6F6E 
 687      6720756E 
 687      7369676E 
 687      65642069 
 688              	.LASF17:
 689 00c9 6D6F6465 		.ascii	"mode\000"
 689      00
 690              	.LASF6:
 691 00ce 6C6F6E67 		.ascii	"long long int\000"
 691      206C6F6E 
 691      6720696E 
 691      7400
 692              	.LASF20:
 693 00dc 474E5520 		.ascii	"GNU C 4.9.3 20150303 (release) [ARM/embedded-4_9-br"
 693      4320342E 
 693      392E3320 
 693      32303135 
 693      30333033 
 694 010f 616E6368 		.ascii	"anch revision 221220] -mcpu=cortex-m3 -mthumb -g -O"
 694      20726576 
 694      6973696F 
 694      6E203232 
 694      31323230 
 695 0142 33202D66 		.ascii	"3 -ffunction-sections -finline-functions -flto -ffa"
 695      66756E63 
 695      74696F6E 
 695      2D736563 
 695      74696F6E 
 696 0175 742D6C74 		.ascii	"t-lto-objects\000"
 696      6F2D6F62 
 696      6A656374 
 696      7300
 697              	.LASF11:
 698 0183 63686172 		.ascii	"char\000"
 698      00
 699              	.LASF18:
 700 0188 50315F44 		.ascii	"P1_Data_Read\000"
ARM GAS  C:\Users\Thomas\AppData\Local\Temp\ccQ5q8Bu.s 			page 26


 700      6174615F 
 700      52656164 
 700      00
 701              	.LASF2:
 702 0195 73686F72 		.ascii	"short int\000"
 702      7420696E 
 702      7400
 703              	.LASF14:
 704 019f 50315F44 		.ascii	"P1_Data_Write\000"
 704      6174615F 
 704      57726974 
 704      6500
 705              	.LASF12:
 706 01ad 75696E74 		.ascii	"uint8\000"
 706      3800
 707              	.LASF21:
 708 01b3 2E5C4765 		.ascii	".\\Generated_Source\\PSoC5\\P1_Data.c\000"
 708      6E657261 
 708      7465645F 
 708      536F7572 
 708      63655C50 
 709              	.LASF4:
 710 01d6 6C6F6E67 		.ascii	"long int\000"
 710      20696E74 
 710      00
 711              	.LASF0:
 712 01df 7369676E 		.ascii	"signed char\000"
 712      65642063 
 712      68617200 
 713              	.LASF15:
 714 01eb 50315F44 		.ascii	"P1_Data_SetDriveMode\000"
 714      6174615F 
 714      53657444 
 714      72697665 
 714      4D6F6465 
 715              		.comm	__gnu_lto_v1,1,1
 716              		.ident	"GCC: (GNU Tools for ARM Embedded Processors) 4.9.3 20150303 (release) [ARM/embedded-4_9-br
