ARM GAS  C:\Users\Thomas\AppData\Local\Temp\ccD9ZdZB.s 			page 1


   1              		.syntax unified
   2              		.cpu cortex-m3
   3              		.fpu softvfp
   4              		.eabi_attribute 20, 1
   5              		.eabi_attribute 21, 1
   6              		.eabi_attribute 23, 3
   7              		.eabi_attribute 24, 1
   8              		.eabi_attribute 25, 1
   9              		.eabi_attribute 26, 1
  10              		.eabi_attribute 30, 2
  11              		.eabi_attribute 34, 1
  12              		.eabi_attribute 18, 4
  13              		.thumb
  14              		.file	"P1_Data_1.c"
  15              		.text
  16              	.Ltext0:
  17              		.section	.gnu.lto_.profile.bb682f42,"",%progbits
  18 0000 789C6366 		.ascii	"x\234cf```a\200\000F\006IQ\000\000\273\0007"
  18      60606061 
  18      80004606 
  18      49510000 
  18      BB0037
  19              		.text
  20              		.section	.gnu.lto_.jmpfuncs.bb682f42,"",%progbits
  21 0000 789C6366 		.ascii	"x\234cf\300\016\204\2404\013\003##c=#\210`b``\006\212"
  21      C00E84A0 
  21      340B0323 
  21      23633D23 
  21      88606260 
  22 0017 00000DC0 		.ascii	"\000\000\015\300\001$"
  22      0124
  23              		.text
  24              		.section	.gnu.lto_.inline.bb682f42,"",%progbits
  25 0000 789C6366 		.ascii	"x\234cf\300\016\022\2404\013\003\003'\007##\003#\003"
  25      C00E12A0 
  25      340B0303 
  25      27072323 
  25      032303
  26 0013 0333C701 		.ascii	"\0033\307\001;\006\266\005\362L\014,\013\344Y@\222\214"
  26      3B06B605 
  26      F24C0C2C 
  26      0BE45940 
  26      928C
  27 0025 0C1CECE8 		.ascii	"\014\034\354\350rL\027\370\301rL\014l\254\214\014Ll"
  27      724C17F8 
  27      C1724C0C 
  27      6CAC8C0C 
  27      4C6C
  28 0037 1FF420E2 		.ascii	"\037\364 \342@\300\214)\304\000\000\333l\011\322"
  28      40C08C29 
  28      C40000DB 
  28      6C09D2
  29              		.text
  30              		.section	.gnu.lto_.pureconst.bb682f42,"",%progbits
  31 0000 789C6366 		.ascii	"x\234cf``\340d\200\000\026\006)F)&)f)\000\002\305\000"
  31      6060E064 
  31      80001606 
ARM GAS  C:\Users\Thomas\AppData\Local\Temp\ccD9ZdZB.s 			page 2


  31      29462926 
  31      29662900 
  32 0017 7F       		.ascii	"\177"
  33              		.text
  34              		.section	.gnu.lto_P1_Data_1_Write.bb682f42,"",%progbits
  35 0000 789C6591 		.ascii	"x\234e\221OHTQ\024\306\357w\357{3N\032D\313\331\312"
  35      4F485451 
  35      14C6EF77 
  35      EF7B334E 
  35      1A44CBD9 
  36 0015 A0410CB8 		.ascii	"\240A\014\270\010ZF\005n\007\334\016\014\217\351-\204"
  36      085A4605 
  36      6E07DC0E 
  36      0C8FE92D 
  36      84
  37 0026 48D0675B 		.ascii	"H\320g[\357\263\321\205 \211\004\01210\026\2425\245"
  37      EFB3D185 
  37      2089040A 
  37      313016A2 
  37      35A5
  38 0038 36822B8B 		.ascii	"6\202+\213\327(\030D\015B\024\211L\006c\330.12\023\235"
  38      D7281844 
  38      0D421489 
  38      4C0663D8 
  38      2E313213 
  39 004d CEB97793 		.ascii	"\316\271w\223t\341\376y\207\337\367\335\357\236\247"
  39      74E1FE79 
  39      87DFF7DD 
  39      EF9EA7
  40 005c C4FF2349 		.ascii	"\304\377#I\263S\012q\225v(\0019\361^\210\260E\002|\020"
  40      B3530A71 
  40      95762801 
  40      39F15E88 
  40      B045027C 
  41 0071 10431243 		.ascii	"\020C\022C\370.\367%&\242\362tk\307\254\326\372\307"
  41      F82EF725 
  41      26A2F274 
  41      6BC7ACD6 
  41      FAC7
  42 0083 642DCC44 		.ascii	"d-\314D8\"\335\201\264>\230C\0071\007e\375@\251N\010"
  42      3822DD81 
  42      B43E9843 
  42      07310765 
  42      FD40A94E 
  43 0098 3A2F6DBE 		.ascii	":/m\276;\215\247\036k=\034\255.\350k\204\003\363P\244"
  43      3B8DA71E 
  43      6B3D1CAD 
  43      2EE86B84 
  43      03F350A4 
  44 00ac C0E5242E 		.ascii	"\300\345$.%\005\025\004\236 \305pe|}E\252\264\021\316"
  44      25051504 
  44      9E20C570 
  44      657C7D45 
  44      AAB411CE 
  45 00c0 BCFDBADE 		.ascii	"\274\375\272\336\326>C\302\235\343\225l\024\226\364"
  45      D63E43C2 
  45      9DE3956C 
ARM GAS  C:\Users\Thomas\AppData\Local\Temp\ccD9ZdZB.s 			page 3


  45      1496F4
  46 00cf 69B369E4 		.ascii	"i\263i\344O\377\225\333A\374~\341\344Sk\254@\301.\240"
  46      4FFF95DB 
  46      41FC7EE1 
  46      E4536BAC 
  46      40C12EA0 
  47 00e3 8C769B09 		.ascii	"\214v\233\011\317\020\003m\\Y\274\030\351fs\371\345"
  47      CF10036D 
  47      5C59BC18 
  47      E96673F9 
  47      E5
  48 00f4 EB3F4848 		.ascii	"\353?HH\272V\322C\251\354\200ow\271\020\343%\316\213"
  48      BA56D243 
  48      A9EC806F 
  48      77B910E3 
  48      25CE8B
  49 0107 100D9AFC 		.ascii	"\020\015\232\374\370]\372\240]m\241\372k\254>\025g\307"
  49      F85DFAA0 
  49      5D6DA1FA 
  49      6BAC3E15 
  49      67C7
  50 0119 43C99D18 		.ascii	"C\311\235\030yS\035>\277'\217\244*=\012\265\303\031"
  50      79531D3E 
  50      BF278FA4 
  50      2A3D0AB5 
  50      C319
  51 012b BE346A9B 		.ascii	"\2764j\233-\246d\"}\036\253\277J\024\3610,Pn\007\317"
  51      2DA66422 
  51      7D1EABBF 
  51      4A14F130 
  51      2C506E07 
  52 0140 91C40228 		.ascii	"\221\304\002(2\026Q\204\330\302\275\337\243\333\260"
  52      32165184 
  52      D8C2BDDF 
  52      A3DBB0
  53 014f 86CA7A96 		.ascii	"\206\312z\226V\353\343ml\200\023\352\312\022\301\037"
  53      56EBE36D 
  53      6C8013EA 
  53      CA12C11F 
  54 015f 21CD2328 		.ascii	"!\315#()Q,\332\036\3756\227\260*\367P:\244\332(\356"
  54      29512CDA 
  54      1EFD3697 
  54      B02AF750 
  54      3AA4DA28 
  55 0174 551C5671 		.ascii	"U\034Vq+_\220\310X\177\220\026b\216\240\332\316\332"
  55      2B5F90C8 
  55      587F9016 
  55      628EA0DA 
  55      CEDA
  56 0186 7D63ED50 		.ascii	"}c\355P\357*\026\372\031\263H\334P\354^\2354\201\316"
  56      EF2A16FA 
  56      19B348DC 
  56      50EC5E9D 
  56      3481CE
  57 0199 840F23F7 		.ascii	"\204\017#\367l\374e\212O\"QG\030\035\273\314\363?h\320"
  57      6CFC658A 
  57      4F225147 
ARM GAS  C:\Users\Thomas\AppData\Local\Temp\ccD9ZdZB.s 			page 4


  57      181DBBCC 
  57      F33F68D0 
  58 01ad EDD429EA 		.ascii	"\355\324)\352[*\235\355\366\357\370\375^\340\337\312"
  58      5B2A9DED 
  58      F6EFF8FD 
  58      5EE0DFCA 
  59 01bd F5F40DF6 		.ascii	"\365\364\015\366\347\375l\246\247\357\306\225l\246+"
  59      E7FD6CA6 
  59      A7EFC695 
  59      6CA62B
  60 01cc 77D30BBC 		.ascii	"w\323\013\274\\W:/\334\273\336\355A\377\334@\340\005"
  60      5C573A2F 
  60      DCBBDEED 
  60      41FFDC40 
  60      E005
  61 01de BDF9EBBD 		.ascii	"\275\371\353\275\301\300_\221K\316;"
  61      C1C05F91 
  61      4BCE3B
  62              		.text
  63              		.section	.gnu.lto_P1_Data_1_SetDriveMode.bb682f42,"",%progbits
  64 0000 789C7D51 		.ascii	"x\234}Q=HBQ\024>\337\275\317\237\220\"\232\304],\220"
  64      3D484251 
  64      143EDFBD 
  64      CF9F9022 
  64      9AC45D2C 
  65 0015 C2A13D28 		.ascii	"\302\241=(j\025\\\005\021{c\011bs\317\262\245I[\012"
  65      6A155C05 
  65      117B6309 
  65      6273CFB2 
  65      A5495B0A 
  66 0029 228822B4 		.ascii	"\"\210\"\264\354\217\032Z%\242E\260l\211\204l\261_("
  66      EC8F1A5A 
  66      25A245B0 
  66      6C89846C 
  66      B15F28
  67 003c 12A39208 		.ascii	"\022\243\222\010;\367\331 \004]\336=\367|\207\357\373"
  67      3BF7D920 
  67      045DDE3D 
  67      F77C87EF 
  67      FB
  68 004d DEB9E74A 		.ascii	"\336\271\347J\372\273\\\274\237@\344\345\023\222 RE"
  68      FABB5CBC 
  68      9F40E4E5 
  68      13922052 
  68      45
  69 005e A2845D00 		.ascii	"\242\204]\000*!\320\264\3004\036EM \225\317-9<\033\206"
  69      2A21D0B4 
  69      C0341E45 
  69      4D2095CF 
  69      2D393C1B 
  70 0073 61BCAE1D 		.ascii	"a\274\256\0359\347\234\015AT\027-\033d\340a\312}\343"
  70      39E79C0D 
  70      4154172D 
  70      1B64E061 
  70      CA7DE3
  71 0086 31D3297B 		.ascii	"1\323){A\234\177\247//\204{\3350f\362\205]c\010\015"
  71      419C7FA7 
ARM GAS  C:\Users\Thomas\AppData\Local\Temp\ccD9ZdZB.s 			page 5


  71      2F2F847B 
  71      DD3066F2 
  71      855D6308 
  72 009b F6CC42B2 		.ascii	"\366\314B\262\002^\027\372\\\304\005\302&\334\212\\"
  72      025E17FA 
  72      5CC405C2 
  72      26DC8A5C 
  73 00ab 4B7E5F3A 		.ascii	"K~_:\254I\366\356nyb\013Vn\213\366z\362F\263Y\277Ng"
  73      AC49F6EE 
  73      6E79620B 
  73      566E8BF6 
  73      7AF246B3 
  74 00c3 07E010AC 		.ascii	"\007\340\020\254\021\222\203\324T\260@\311\255*\265"
  74      119283D4 
  74      54B040C9 
  74      AD2AB5
  75 00d2 A96057A1 		.ascii	"\251`W\241Cq\210\252\274\325\015n\031\360)\3138~\237"
  75      437188AA 
  75      BCD50D6E 
  75      19F029CB 
  75      387E9F
  76 00e5 BF5BD694 		.ascii	"\277[\326\224\357\207P\3279m\326s\362A4\204\226^M\030"
  76      EF8750D7 
  76      396DD673 
  76      F2413484 
  76      965E4D18 
  77 00f9 9AEAE2A6 		.ascii	"\232\352\342\246zV\262\233%R\360`\361\274\250\255`9"
  77      7A56B29B 
  77      2552F060 
  77      F1BCA8AD 
  77      6039
  78 010b 91E4E62D 		.ascii	"\221\344\346-\310\301\205m\360\300\260\203\025P\031"
  78      C8C1856D 
  78      F0C0B083 
  78      155019
  79 011a 33155BCB 		.ascii	"3\025[\313N\262#\343\331Ok\013k\\b\375\325\313k\301"
  79      4EB223E3 
  79      D94F6B0B 
  79      6B5C62FD 
  79      D5CB6BC1 
  80 012e B493B5E6 		.ascii	"\264\223\265\346\357\342Y\356\262E\233\226?K\273\326"
  80      EFE259EE 
  80      B2459B96 
  80      3F4BBBD6 
  81 013e C625D696 		.ascii	"\306%\326\226\016\237O,\246\266\213\260gJf\337~)v\363"
  81      0E9F4F2C 
  81      A6B68BB0 
  81      674A66DF 
  81      7E2976F3 
  82 0152 0FB67697 		.ascii	"\017\266v\227\016\2562>^\200\302\377\365\276\317\275"
  82      0EAE323E 
  82      5E80C2FF 
  82      F5BECFBD 
  83 0162 339F2A48 		.ascii	"3\237*H\344\277F\025[\275_\225\337\202\307\304Cs\367"
  83      E4BF4615 
  83      5BBD5F95 
  83      DF82C7C4 
ARM GAS  C:\Users\Thomas\AppData\Local\Temp\ccD9ZdZB.s 			page 6


  83      4373F7
  84 0175 07C7F449 		.ascii	"\007\307\364I=\026\216\353\343\241@t*\026\321\203\376"
  84      3D168EEB 
  84      E3A14074 
  84      2A16D183 
  84      FE
  85 0186 40747830 		.ascii	"@tx0\350\367\205F\302\361p\310\327\037!m\":\256\377"
  85      E8F78546 
  85      C2F170C8 
  85      D71F216D 
  85      223AAEFF 
  86 019a 001DFFB9 		.ascii	"\000\035\377\271\012"
  86      0A
  87              		.text
  88              		.section	.gnu.lto_P1_Data_1_Read.bb682f42,"",%progbits
  89 0000 789C654F 		.ascii	"x\234eO=HBQ\030\375\316w\237?\341\022M\341\\H \202C"
  89      3D484251 
  89      18FDCE77 
  89      9F3FE112 
  89      4DE15C48 
  90 0017 4B6D15B4 		.ascii	"Km\025\264\012\255\202\210\2755Al\366if\321T\215\205"
  90      0AAD8288 
  90      BD35416C 
  90      F66966D1 
  90      548D85
  91 002a 4142F40B 		.ascii	"AB\364\013\016\2654\004\325\034E?`H\274\206\024jS\372"
  91      0EB53404 
  91      D51C453F 
  91      6048BC86 
  91      146A53FA 
  92 003e 7D43D977 		.ascii	"}C\331w}m]\270\347\273\367|\347\236s?E\377WP\366\030"
  92      7D6D5DB8 
  92      E7BBF77C 
  92      E79E733F 
  92      45FF5750 
  93 0054 884252A1 		.ascii	"\210BR\241\010\274|I\224\3673\240\017\004\3121rx\341"
  93      08BC7C49 
  93      94F733A0 
  93      0F04CA31 
  93      7278E1
  94 0067 36E3E2F8 		.ascii	"6\343\342\370\347\026\241-\313*\264VO\036\002\363\375"
  94      E716A12D 
  94      CB2AB456 
  94      4F1E02F3 
  94      FD
  95 0078 0E13BD32 		.ascii	"\016\023\2752!\034\304\220\366\3016B$\302v\361\273\026"
  95      211CC490 
  95      F6C13642 
  95      24C276F1 
  95      BB16
  96 008a F0162DCB 		.ascii	"\360\026-\313\352\325}i\354\300+\031T\355;\265:\235"
  96      EAD57D69 
  96      ECC02B19 
  96      54ED3BB5 
  96      3A9D
  97 009c C3F795C5 		.ascii	"\303\367\225\305Q\370@\016K\242\200!\300\036\015^\322"
  97      51F8400E 
ARM GAS  C:\Users\Thomas\AppData\Local\Temp\ccD9ZdZB.s 			page 7


  97      4BA28021 
  97      C01E0D5E 
  97      D2
  98 00ad 9ED410D0 		.ascii	"\236\324\020\320\361Mf]U\035\347\037K\366\306\210\366"
  98      F14D665D 
  98      551DE71F 
  98      4BF6C688 
  98      F6
  99 00be F9642511 		.ascii	"\371d%\021O7\225V\3173;\2546+y\313\320\251\217\215\253"
  99      4F379556 
  99      CF333BAC 
  99      362B79CB 
  99      D0A98F8D 
 100 00d3 6B7F9722 		.ascii	"k\177\227\"}=kW\217\374e\254\347\213p\330\300.\202\330"
 100      7D3D6B57 
 100      8FFC65AC 
 100      E78B70D8 
 100      C02E82D8 
 101 00e7 83FC12FB 		.ascii	"\203\374\022\373(\203\352\230\373*\335)\327\020\256"
 101      2883EA98 
 101      FB2ADD29 
 101      D710AE
 102 00f6 E75AADF9 		.ascii	"\347Z\255\371\246\264\001d\246\003\321\326Q\260}\256"
 102      A6B40164 
 102      A603D1D6 
 102      51B07DAE 
 103 0106 C410957E 		.ascii	"\304\020\225~d\227\032\036\227\361\010\211\201\256\350"
 103      64971A1E 
 103      97F10889 
 103      81AEE8
 104 0115 7E21EC72 		.ascii	"~!\354r\232&\033\370\273u'\201\236@\346\031\214\304"
 104      9A261BF8 
 104      BB752781 
 104      9E40E619 
 104      8CC4
 105 0127 27CD1933 		.ascii	"'\315\0313\223\314\232\323\211\251\364l&e\306cS\351"
 105      93CC9AD3 
 105      89A9F46C 
 105      2665C663 
 105      53E9
 106 0139 F1E1782C 		.ascii	"\361\341x,\232\230Hf\223\211h$E\277q\"{c"
 106      9A984866 
 106      93896824 
 106      45BF7122 
 106      7B63
 107              		.text
 108              		.section	.gnu.lto_P1_Data_1_ReadDataReg.bb682f42,"",%progbits
 109 0000 789C654F 		.ascii	"x\234eO=HBQ\030\375\316\367\236?!A4\205s!\205\010\016"
 109      3D484251 
 109      18FDCEF7 
 109      9E3F2141 
 109      34857321 
 110 0017 2D8D15B4 		.ascii	"-\215\025\264\012\256\017D\354\255\011b\263OS\013\247"
 110      0AAE0F44 
 110      ECAD0962 
 110      B34F530B 
 110      A7
ARM GAS  C:\Users\Thomas\AppData\Local\Temp\ccD9ZdZB.s 			page 8


 111 0028 682C8408 		.ascii	"h,\204\010\242\254\240\241\251%\302\251!\2222\260$^"
 111      A2ACA0A1 
 111      A925C2A9 
 111      219232B0 
 111      245E
 112 003a 8B426D49 		.ascii	"\213BmIQ\275!\355\273\276\266.\334\363\335{\276s\317"
 112      51BD21ED 
 112      BBBEB62E 
 112      DCF3DD7B 
 112      BE73CF
 113 004d B99F46FF 		.ascii	"\271\237F\377WP\366<\210BR\241\021x\363\206(\357g@\035"
 113      5750F63C 
 113      884252A1 
 113      1178F386 
 113      28EF6740 
 114 0062 089463E4 		.ascii	"\010\224c\344\360\312=\306\365y\277\211\320\276e\025"
 114      F0CA3DC6 
 114      F579BF89 
 114      D0BE6515 
 115 0072 DEEE9A4F 		.ascii	"\336\356\232O\201\322\204\303D\357L\010\0071\255|p\200"
 115      81D284C3 
 115      44EF4C08 
 115      0731AD7C 
 115      7080
 116 0084 1089B057 		.ascii	"\020\211\260W\374i\005\274E\313\262\306T_\032\207\360"
 116      FC6905BC 
 116      45CBB2C6 
 116      545F1A87 
 116      F0
 117 0095 4A069D8E 		.ascii	"J\006\235\216_Z\203\301Yckc\206} \207%Q@\027`\217\002"
 117      5F5A83C1 
 117      59636B63 
 117      867D2087 
 117      25514017 
 118 00ac 2F294FEA 		.ascii	"/)O\352\010\250\370.\263\252Z\033\365\317J\2776\247"
 118      08A8F82E 
 118      B3AA5A1B 
 118      F5CF4ABF 
 118      36A7
 119 00be 7CBE5893 		.ascii	"|\276X\223\210\322U\2750\372\302\016k\273{yKW\251\317"
 119      88D255BD 
 119      30FAC20E 
 119      6BBB7B79 
 119      4B57A9CF 
 120 00d2 9DC6AD7F 		.ascii	"\235\306\255\177H\221\272>V\354\213\221*v\362E8\254"
 120      4891BA3E 
 120      56EC8B91 
 120      2A76F245 
 120      38AC
 121 00e4 A386208E 		.ascii	"\243\206 \216 \277\3041\252\2406\326\276\313\367\232"
 121      20BFC431 
 121      AAA036D6 
 121      BECBF79A 
 122 00f4 6B08D773 		.ascii	"k\010\327s\273\325\375\320\224\001d\246\023\321\266"
 122      BBD5FDD0 
 122      940164A6 
 122      13D1B6
ARM GAS  C:\Users\Thomas\AppData\Local\Temp\ccD9ZdZB.s 			page 9


 123 0103 51B07DAE 		.ascii	"Q\260}\256D\027\225zd\227;\036\227\361\010\211\311\241"
 123      4417957A 
 123      64973B1E 
 123      97F10889 
 123      C9A1
 124 0115 E8613DEC 		.ascii	"\350a=\354r\212&\033\370\273\015'\201\232@\346\231\212"
 124      728A261B 
 124      F8BB0D27 
 124      819A40E6 
 124      998A
 125 0127 184BE68A 		.ascii	"\030K\346\212\231If\315\345D<\275\232I\231F,\236^\230"
 125      994966CD 
 125      E5443CBD 
 125      9A499946 
 125      2C9E5E98 
 126 013b 3562D1C4 		.ascii	"5b\321\304b2\233LD#)\372\005+\364z\347"
 126      62329B4C 
 126      442329FA 
 126      052BF47A 
 126      E7
 127              		.text
 128              		.section	.gnu.lto_.symbol_nodes.bb682f42,"",%progbits
 129 0000 789C6366 		.ascii	"x\234cf``pb\200\002&\206z\006\206\011\347\030\030\352"
 129      60607062 
 129      80022686 
 129      7A068609 
 129      E71818EA 
 130 0014 EB19E62D 		.ascii	"\353\031\346-\340``b\254gD\3413\3253\241\360\231\353"
 130      E0606062 
 130      AC6744E1 
 130      33D533A1 
 130      F099EB
 131 0027 9991F90C 		.ascii	"\231\221\371\014\0003\356\020\336"
 131      0033EE10 
 131      DE
 132              		.text
 133              		.section	.gnu.lto_.refs.bb682f42,"",%progbits
 134 0000 789C6366 		.ascii	"x\234cf```d\200\002\000\000=\000\005"
 134      60606064 
 134      80020000 
 134      3D0005
 135              		.text
 136              		.section	.gnu.lto_.decls.bb682f42,"",%progbits
 137 0000 789C8D92 		.ascii	"x\234\215\222_H\323Q\024\307\357\331\3759\365\347\232"
 137      5F48D351 
 137      14C7EFD9 
 137      FD39F5E7 
 137      9A
 138 0011 BD346504 		.ascii	"\2754e\004\015\"!\260\201D\340[\201\202\276\024C\211"
 138      0D2221B0 
 138      8144E05B 
 138      8182BE14 
 138      4389
 139 0023 1E14C6D0 		.ascii	"\036\024\306\320\037\266\027\2155\003\237\272\351\302"
 139      1FB6178D 
 139      35039FBA 
 139      E9C2
ARM GAS  C:\Users\Thomas\AppData\Local\Temp\ccD9ZdZB.s 			page 10


 140 0031 A9912285 		.ascii	"\251\221\"\205KH%\377\245\245\231\377\346\246\351\006"
 140      4B4825FF 
 140      A5A599FF 
 140      E6A6E906 
 141 0041 0542DA43 		.ascii	"\005B\332C\211\240/e\026\030\275L\2610\210~\235{\267"
 141      89A02F65 
 141      1618BD4C 
 141      B130887E 
 141      9D7BB7
 142 0054 F95B36C1 		.ascii	"\371[6\301\003\347\367\273\347\367;\237\3579\367\336"
 142      03E7F7BB 
 142      E7F73B9F 
 142      EF39F7DE 
 143 0064 430921D9 		.ascii	"C\011!\331@\210\212VH\011\031\3028\005\335F4\223\320"
 143      40888A56 
 143      480919C2 
 143      3805DD46 
 143      3493D0
 144 0077 C7D127D1 		.ascii	"\307\321'\321\375\350\001\362\277\215'p#\350&\364y\364"
 144      FDE801F2 
 144      BF8D2770 
 144      23E826F4 
 144      79F4
 145 0089 B9D87F88 		.ascii	"\271\330\177\210\345\0344\256\251?\300\205\222\260\223"
 145      E51C34AE 
 145      A93FC085 
 145      92B093
 146 0098 49587FAC 		.ascii	"IX\177\254f\234+N\302\371\223p\201#p\311\366\270\255"
 146      669C2B4E 
 146      C2F99370 
 146      812370C9 
 146      F6B8AD
 147 00ab 83C0E8EE 		.ascii	"\203\300\350\356r\306\226\016\214\262\205\207\301\366"
 147      72C6960E 
 147      8CB28587 
 147      C1F6
 148 00b9 459F1E43 		.ascii	"E\237\036C\203,\361pu\241\2611\215\352\200\257{}\033"
 148      832CF170 
 148      75A1B131 
 148      8DEA80AF 
 148      7B7D1B
 149 00cc 2B72EE30 		.ascii	"+r\3560c\314\313B!\320$\356\014\314\336KE\306$\213\360"
 149      63CCCB42 
 149      21D024EE 
 149      0CCCDE4B 
 149      45C6248B 
 150 00e1 FEDBCE30 		.ascii	"\376\333\3160\025\241\3129\335\332\332\203_\024\344"
 150      15A1CA39 
 150      DDDADA83 
 150      5F14E4
 151 00f0 1C2F63F5 		.ascii	"\034/c\365,\322\316h6\201\\3\2345\023\030\205\034L\203"
 151      2CD2CE68 
 151      36815C33 
 151      9C351318 
 151      851C4C83 
 152 0104 61C825F0 		.ascii	"a\310%\360\014\314\360\034\314\244\017\013D\272W\326"
 152      0CCCF01C 
ARM GAS  C:\Users\Thomas\AppData\Local\Temp\ccD9ZdZB.s 			page 11


 152      CCA40F0B 
 152      44BA57D6 
 153 0114 4F3226C1 		.ascii	"O2&\301\010\3100\004Td\3406x\205X\321\266\273\3416I"
 153      08C83004 
 153      5464E036 
 153      788558D1 
 153      B6BBE136 
 154 0129 D2E1479E 		.ascii	"\322\341G\236S&\272\375\241n\364\353\262\036\242\000"
 154      5326BAFD 
 154      A16EF4EB 
 154      B21EA200 
 155 0139 6B6B60C7 		.ascii	"kk`\307%\260\231`\020e\237\242,\2011\310\302\347\013"
 155      25B09960 
 155      10659FA2 
 155      2C8131C8 
 155      C2E70B
 156 014c 90A202C1 		.ascii	"\220\242\002\301\005\317\227tz^lmjwm'\303\322\305z\306"
 156      05CF9774 
 156      7A5E6C6D 
 156      6A776D27 
 156      C3D2C57A 
 157 0161 222DBD5D 		.ascii	"\"-\275]\364\021\353\251g\177Tl\237C\360r\277\001\302"
 157      F411EBA9 
 157      677F546C 
 157      9F43F072 
 157      BF01C2
 158 0174 D7D1131D 		.ascii	"\327\321\023\035\007\013\202O>\356\234\243N\241\321"
 158      070B824F 
 158      3EEE9CA3 
 158      4EA1D1
 159 0183 FAFEEBAE 		.ascii	"\372\376\353\256,4z\202\275\372E\026R\325\213\002\237"
 159      2C347A82 
 159      BDFA4516 
 159      52D58B02 
 159      9F
 160 0194 48C027E2 		.ascii	"H\300'\342\370\244\300\233<c4\261_\276\025\255\341)"
 160      F8A4C09B 
 160      3C6334B1 
 160      5FBE15AD 
 160      E129
 161 01a6 D17059AC 		.ascii	"\321pY\254\337\2457\336i=e\000\321[[\032\000Q\354\323"
 161      DFA537DE 
 161      693D6500 
 161      D15B5B1A 
 161      0051ECD3 
 162 01ba B74D25E4 		.ascii	"\267M%\344a\277U\225\012\002\246\023\312M\307\313\371"
 162      61BF5595 
 162      0A02A613 
 162      CA4DC7CB 
 162      F9
 163 01cb 45B9EFDD 		.ascii	"E\271\357\335\037^g\322\326\250\304N\244\261#\326\357"
 163      1F5E67D2 
 163      D6A8C44E 
 163      A4B123D6 
 163      EF
 164 01dc E3FE78BF 		.ascii	"\343\376x\277\\`&A`&.\020\020\002\254\243\245/\215\366"
 164      5C602641 
ARM GAS  C:\Users\Thomas\AppData\Local\Temp\ccD9ZdZB.s 			page 12


 164      60262E10 
 164      1002ACA3 
 164      A52F8DF6 
 165 01f0 4705A67E 		.ascii	"G\005\246~6\007\216\311x\253\015G\270U\234\203\225w"
 165      36078EC9 
 165      78AB0D47 
 165      B8559C83 
 165      9577
 166 0202 CDABE9D1 		.ascii	"\315\253\351\32198H\274:t\016\3666\213=\354\022\314"
 166      393848BC 
 166      3A740EF6 
 166      368B3DEC 
 166      12CC
 167 0214 E1C104B5 		.ascii	"\341\301\004\2659\230\005m\020\232>w.\033\014\315|\270"
 167      3998056D 
 167      109A3E77 
 167      2E1B0CCD 
 167      7CB8
 168 0226 F010D317 		.ascii	"\360\020\323\027\215\"Y;\305y0\210\035\340{[G\303\203"
 168      8D22593B 
 168      C5793088 
 168      1DE07B5B 
 168      47C383
 169 0239 E17519CC 		.ascii	"\341u\031\314\262\331\207S\274w\012B\250\344\345\027"
 169      B2D98753 
 169      BC770A42 
 169      A8E4E517 
 170 0249 10A967D4 		.ascii	"\020\251g\324g\214wD\304\017\002a\224Y@\031\236\035"
 170      678C7744 
 170      C40F0261 
 170      94594019 
 170      9E1D
 171 025b DA52D5DB 		.ascii	"\332R\325\333j\324ZSE\202x\244\324:\253\335\371\372"
 171      6AD45A53 
 171      458278A4 
 171      D43AABDD 
 171      F9FA
 172 026d A22B572D 		.ascii	"\242+W-\005\344\264\265\274H\251V\\\016\267Ri/\255\251"
 172      05E4B4B5 
 172      BC48A956 
 172      5C0EB752 
 172      692FADA9 
 173 0281 755528E5 		.ascii	"uU(\345\266\322\232\202\013\345\025u\356\272\033\312"
 173      B6D29A82 
 173      0BE51575 
 173      EEBA1BCA 
 174 0291 4DEB7592 		.ascii	"M\353u\222i\313\263\027:\334\016{\236\375\232\313\351"
 174      69CBB317 
 174      3ADC0E7B 
 174      9EFD9ACB 
 174      E9
 175 02a2 56CE1CCA 		.ascii	"V\316\034\312\354'Z+\210I\243J\025w\241\313yK\271\\"
 175      EC275A2B 
 175      8849A34A 
 175      1577A1CB 
 175      794BB95C 
 176 02b6 53A918B5 		.ascii	"S\251\030\265\317%\212\243\362\304\277!_\226(U\222K"
ARM GAS  C:\Users\Thomas\AppData\Local\Temp\ccD9ZdZB.s 			page 13


 176      CF258AA3 
 176      F2C4BF21 
 176      5F962855 
 176      924B
 177 02c8 A9CAFF0B 		.ascii	"\251\312\377\013-\267O%"
 177      2DB74F25 
 178              		.text
 179              		.section	.gnu.lto_.symtab.bb682f42,"",%progbits
 180 0000 50315F44 		.ascii	"P1_Data_1_Write\000\000\000\000\000\000\000\000\000"
 180      6174615F 
 180      315F5772 
 180      69746500 
 180      00000000 
 181 0018 000000B2 		.ascii	"\000\000\000\262\000\000\000P1_Data_1_SetDriveMode\000"
 181      00000050 
 181      315F4461 
 181      74615F31 
 181      5F536574 
 182 0036 00000000 		.ascii	"\000\000\000\000\000\000\000\000\000\000\000\264\000"
 182      00000000 
 182      000000B4 
 182      00
 183 0043 00005031 		.ascii	"\000\000P1_Data_1_Read\000\000\000\000\000\000\000\000"
 183      5F446174 
 183      615F315F 
 183      52656164 
 183      00000000 
 184 005b 00000000 		.ascii	"\000\000\000\000\267\000\000\000P1_Data_1_ReadDataR"
 184      B7000000 
 184      50315F44 
 184      6174615F 
 184      315F5265 
 185 0076 65670000 		.ascii	"eg\000\000\000\000\000\000\000\000\000\000\000\000\271"
 185      00000000 
 185      00000000 
 185      0000B9
 186 0085 000000   		.ascii	"\000\000\000"
 187              		.text
 188              		.section	.gnu.lto_.opts,"",%progbits
 189 0000 272D666E 		.ascii	"'-fno-trapv' '-mcpu=cortex-m3' '-mthumb' '-g' '-O3'"
 189      6F2D7472 
 189      61707627 
 189      20272D6D 
 189      6370753D 
 190 0033 20272D66 		.ascii	" '-ffunction-sections' '-finline-functions' '-flto'"
 190      66756E63 
 190      74696F6E 
 190      2D736563 
 190      74696F6E 
 191 0066 20272D66 		.ascii	" '-ffat-lto-objects'\000"
 191      6661742D 
 191      6C746F2D 
 191      6F626A65 
 191      63747327 
 192              		.text
 193              		.cfi_sections	.debug_frame
 194              		.section	.text.P1_Data_1_Write,"ax",%progbits
ARM GAS  C:\Users\Thomas\AppData\Local\Temp\ccD9ZdZB.s 			page 14


 195              		.align	2
 196              		.global	P1_Data_1_Write
 197              		.thumb
 198              		.thumb_func
 199              		.type	P1_Data_1_Write, %function
 200              	P1_Data_1_Write:
 201              	.LFB0:
 202              		.file 1 ".\\Generated_Source\\PSoC5\\P1_Data_1.c"
   1:.\Generated_Source\PSoC5/P1_Data_1.c **** /*******************************************************************************
   2:.\Generated_Source\PSoC5/P1_Data_1.c **** * File Name: P1_Data_1.c  
   3:.\Generated_Source\PSoC5/P1_Data_1.c **** * Version 2.20
   4:.\Generated_Source\PSoC5/P1_Data_1.c **** *
   5:.\Generated_Source\PSoC5/P1_Data_1.c **** * Description:
   6:.\Generated_Source\PSoC5/P1_Data_1.c **** *  This file contains API to enable firmware control of a Pins component.
   7:.\Generated_Source\PSoC5/P1_Data_1.c **** *
   8:.\Generated_Source\PSoC5/P1_Data_1.c **** * Note:
   9:.\Generated_Source\PSoC5/P1_Data_1.c **** *
  10:.\Generated_Source\PSoC5/P1_Data_1.c **** ********************************************************************************
  11:.\Generated_Source\PSoC5/P1_Data_1.c **** * Copyright 2008-2015, Cypress Semiconductor Corporation.  All rights reserved.
  12:.\Generated_Source\PSoC5/P1_Data_1.c **** * You may use this file only in accordance with the license, terms, conditions, 
  13:.\Generated_Source\PSoC5/P1_Data_1.c **** * disclaimers, and limitations in the end user license agreement accompanying 
  14:.\Generated_Source\PSoC5/P1_Data_1.c **** * the software package with which this file was provided.
  15:.\Generated_Source\PSoC5/P1_Data_1.c **** *******************************************************************************/
  16:.\Generated_Source\PSoC5/P1_Data_1.c **** 
  17:.\Generated_Source\PSoC5/P1_Data_1.c **** #include "cytypes.h"
  18:.\Generated_Source\PSoC5/P1_Data_1.c **** #include "P1_Data_1.h"
  19:.\Generated_Source\PSoC5/P1_Data_1.c **** 
  20:.\Generated_Source\PSoC5/P1_Data_1.c **** /* APIs are not generated for P15[7:6] on PSoC 5 */
  21:.\Generated_Source\PSoC5/P1_Data_1.c **** #if !(CY_PSOC5A &&\
  22:.\Generated_Source\PSoC5/P1_Data_1.c **** 	 P1_Data_1__PORT == 15 && ((P1_Data_1__MASK & 0xC0) != 0))
  23:.\Generated_Source\PSoC5/P1_Data_1.c **** 
  24:.\Generated_Source\PSoC5/P1_Data_1.c **** 
  25:.\Generated_Source\PSoC5/P1_Data_1.c **** /*******************************************************************************
  26:.\Generated_Source\PSoC5/P1_Data_1.c **** * Function Name: P1_Data_1_Write
  27:.\Generated_Source\PSoC5/P1_Data_1.c **** ****************************************************************************//**
  28:.\Generated_Source\PSoC5/P1_Data_1.c **** *
  29:.\Generated_Source\PSoC5/P1_Data_1.c **** * \brief Writes the value to the physical port (data output register), masking
  30:.\Generated_Source\PSoC5/P1_Data_1.c **** *  and shifting the bits appropriately. 
  31:.\Generated_Source\PSoC5/P1_Data_1.c **** *
  32:.\Generated_Source\PSoC5/P1_Data_1.c **** * The data output register controls the signal applied to the physical pin in 
  33:.\Generated_Source\PSoC5/P1_Data_1.c **** * conjunction with the drive mode parameter. This function avoids changing 
  34:.\Generated_Source\PSoC5/P1_Data_1.c **** * other bits in the port by using the appropriate method (read-modify-write or
  35:.\Generated_Source\PSoC5/P1_Data_1.c **** * bit banding).
  36:.\Generated_Source\PSoC5/P1_Data_1.c **** *
  37:.\Generated_Source\PSoC5/P1_Data_1.c **** * <b>Note</b> This function should not be used on a hardware digital output pin 
  38:.\Generated_Source\PSoC5/P1_Data_1.c **** * as it is driven by the hardware signal attached to it.
  39:.\Generated_Source\PSoC5/P1_Data_1.c **** *
  40:.\Generated_Source\PSoC5/P1_Data_1.c **** * \param value
  41:.\Generated_Source\PSoC5/P1_Data_1.c **** *  Value to write to the component instance.
  42:.\Generated_Source\PSoC5/P1_Data_1.c **** *
  43:.\Generated_Source\PSoC5/P1_Data_1.c **** * \return 
  44:.\Generated_Source\PSoC5/P1_Data_1.c **** *  None 
  45:.\Generated_Source\PSoC5/P1_Data_1.c **** *
  46:.\Generated_Source\PSoC5/P1_Data_1.c **** * \sideeffect
  47:.\Generated_Source\PSoC5/P1_Data_1.c **** *  If you use read-modify-write operations that are not atomic; the Interrupt 
  48:.\Generated_Source\PSoC5/P1_Data_1.c **** *  Service Routines (ISR) can cause corruption of this function. An ISR that 
  49:.\Generated_Source\PSoC5/P1_Data_1.c **** *  interrupts this function and performs writes to the Pins component data 
ARM GAS  C:\Users\Thomas\AppData\Local\Temp\ccD9ZdZB.s 			page 15


  50:.\Generated_Source\PSoC5/P1_Data_1.c **** *  register can cause corrupted port data. To avoid this issue, you should 
  51:.\Generated_Source\PSoC5/P1_Data_1.c **** *  either use the Per-Pin APIs (primary method) or disable interrupts around 
  52:.\Generated_Source\PSoC5/P1_Data_1.c **** *  this function.
  53:.\Generated_Source\PSoC5/P1_Data_1.c **** *
  54:.\Generated_Source\PSoC5/P1_Data_1.c **** * \funcusage
  55:.\Generated_Source\PSoC5/P1_Data_1.c **** *  \snippet P1_Data_1_SUT.c usage_P1_Data_1_Write
  56:.\Generated_Source\PSoC5/P1_Data_1.c **** *******************************************************************************/
  57:.\Generated_Source\PSoC5/P1_Data_1.c **** void P1_Data_1_Write(uint8 value)
  58:.\Generated_Source\PSoC5/P1_Data_1.c **** {
 203              		.loc 1 58 0
 204              		.cfi_startproc
 205              		@ args = 0, pretend = 0, frame = 0
 206              		@ frame_needed = 0, uses_anonymous_args = 0
 207              		@ link register save eliminated.
 208              	.LVL0:
  59:.\Generated_Source\PSoC5/P1_Data_1.c ****     uint8 staticBits = (P1_Data_1_DR & (uint8)(~P1_Data_1_MASK));
 209              		.loc 1 59 0
 210 0000 044A     		ldr	r2, .L2
  60:.\Generated_Source\PSoC5/P1_Data_1.c ****     P1_Data_1_DR = staticBits | ((uint8)(value << P1_Data_1_SHIFT) & P1_Data_1_MASK);
 211              		.loc 1 60 0
 212 0002 4000     		lsls	r0, r0, #1
 213              	.LVL1:
  59:.\Generated_Source\PSoC5/P1_Data_1.c ****     uint8 staticBits = (P1_Data_1_DR & (uint8)(~P1_Data_1_MASK));
 214              		.loc 1 59 0
 215 0004 1378     		ldrb	r3, [r2]	@ zero_extendqisi2
 216              	.LVL2:
 217              		.loc 1 60 0
 218 0006 00F00200 		and	r0, r0, #2
  59:.\Generated_Source\PSoC5/P1_Data_1.c ****     uint8 staticBits = (P1_Data_1_DR & (uint8)(~P1_Data_1_MASK));
 219              		.loc 1 59 0
 220 000a 03F0FD03 		and	r3, r3, #253
 221              	.LVL3:
 222              		.loc 1 60 0
 223 000e 1843     		orrs	r0, r0, r3
 224 0010 1070     		strb	r0, [r2]
 225 0012 7047     		bx	lr
 226              	.L3:
 227              		.align	2
 228              	.L2:
 229 0014 20510040 		.word	1073762592
 230              		.cfi_endproc
 231              	.LFE0:
 232              		.size	P1_Data_1_Write, .-P1_Data_1_Write
 233              		.section	.text.P1_Data_1_SetDriveMode,"ax",%progbits
 234              		.align	2
 235              		.global	P1_Data_1_SetDriveMode
 236              		.thumb
 237              		.thumb_func
 238              		.type	P1_Data_1_SetDriveMode, %function
 239              	P1_Data_1_SetDriveMode:
 240              	.LFB1:
  61:.\Generated_Source\PSoC5/P1_Data_1.c **** }
  62:.\Generated_Source\PSoC5/P1_Data_1.c **** 
  63:.\Generated_Source\PSoC5/P1_Data_1.c **** 
  64:.\Generated_Source\PSoC5/P1_Data_1.c **** /*******************************************************************************
  65:.\Generated_Source\PSoC5/P1_Data_1.c **** * Function Name: P1_Data_1_SetDriveMode
  66:.\Generated_Source\PSoC5/P1_Data_1.c **** ****************************************************************************//**
ARM GAS  C:\Users\Thomas\AppData\Local\Temp\ccD9ZdZB.s 			page 16


  67:.\Generated_Source\PSoC5/P1_Data_1.c **** *
  68:.\Generated_Source\PSoC5/P1_Data_1.c **** * \brief Sets the drive mode for each of the Pins component's pins.
  69:.\Generated_Source\PSoC5/P1_Data_1.c **** * 
  70:.\Generated_Source\PSoC5/P1_Data_1.c **** * <b>Note</b> This affects all pins in the Pins component instance. Use the
  71:.\Generated_Source\PSoC5/P1_Data_1.c **** * Per-Pin APIs if you wish to control individual pin's drive modes.
  72:.\Generated_Source\PSoC5/P1_Data_1.c **** *
  73:.\Generated_Source\PSoC5/P1_Data_1.c **** * \param mode
  74:.\Generated_Source\PSoC5/P1_Data_1.c **** *  Mode for the selected signals. Valid options are documented in 
  75:.\Generated_Source\PSoC5/P1_Data_1.c **** *  \ref driveMode.
  76:.\Generated_Source\PSoC5/P1_Data_1.c **** *
  77:.\Generated_Source\PSoC5/P1_Data_1.c **** * \return
  78:.\Generated_Source\PSoC5/P1_Data_1.c **** *  None
  79:.\Generated_Source\PSoC5/P1_Data_1.c **** *
  80:.\Generated_Source\PSoC5/P1_Data_1.c **** * \sideeffect
  81:.\Generated_Source\PSoC5/P1_Data_1.c **** *  If you use read-modify-write operations that are not atomic, the ISR can
  82:.\Generated_Source\PSoC5/P1_Data_1.c **** *  cause corruption of this function. An ISR that interrupts this function 
  83:.\Generated_Source\PSoC5/P1_Data_1.c **** *  and performs writes to the Pins component Drive Mode registers can cause 
  84:.\Generated_Source\PSoC5/P1_Data_1.c **** *  corrupted port data. To avoid this issue, you should either use the Per-Pin
  85:.\Generated_Source\PSoC5/P1_Data_1.c **** *  APIs (primary method) or disable interrupts around this function.
  86:.\Generated_Source\PSoC5/P1_Data_1.c **** *
  87:.\Generated_Source\PSoC5/P1_Data_1.c **** * \funcusage
  88:.\Generated_Source\PSoC5/P1_Data_1.c **** *  \snippet P1_Data_1_SUT.c usage_P1_Data_1_SetDriveMode
  89:.\Generated_Source\PSoC5/P1_Data_1.c **** *******************************************************************************/
  90:.\Generated_Source\PSoC5/P1_Data_1.c **** void P1_Data_1_SetDriveMode(uint8 mode)
  91:.\Generated_Source\PSoC5/P1_Data_1.c **** {
 241              		.loc 1 91 0
 242              		.cfi_startproc
 243              		@ args = 0, pretend = 0, frame = 0
 244              		@ frame_needed = 0, uses_anonymous_args = 0
 245              		@ link register save eliminated.
 246              	.LVL4:
  92:.\Generated_Source\PSoC5/P1_Data_1.c **** 	CyPins_SetPinDriveMode(P1_Data_1_0, mode);
 247              		.loc 1 92 0
 248 0000 044A     		ldr	r2, .L5
 249 0002 00F00E00 		and	r0, r0, #14
 250              	.LVL5:
 251 0006 1378     		ldrb	r3, [r2]	@ zero_extendqisi2
 252 0008 03F0F103 		and	r3, r3, #241
 253 000c 1843     		orrs	r0, r0, r3
 254 000e 1070     		strb	r0, [r2]
 255 0010 7047     		bx	lr
 256              	.L6:
 257 0012 00BF     		.align	2
 258              	.L5:
 259 0014 11500040 		.word	1073762321
 260              		.cfi_endproc
 261              	.LFE1:
 262              		.size	P1_Data_1_SetDriveMode, .-P1_Data_1_SetDriveMode
 263              		.section	.text.P1_Data_1_Read,"ax",%progbits
 264              		.align	2
 265              		.global	P1_Data_1_Read
 266              		.thumb
 267              		.thumb_func
 268              		.type	P1_Data_1_Read, %function
 269              	P1_Data_1_Read:
 270              	.LFB2:
  93:.\Generated_Source\PSoC5/P1_Data_1.c **** }
ARM GAS  C:\Users\Thomas\AppData\Local\Temp\ccD9ZdZB.s 			page 17


  94:.\Generated_Source\PSoC5/P1_Data_1.c **** 
  95:.\Generated_Source\PSoC5/P1_Data_1.c **** 
  96:.\Generated_Source\PSoC5/P1_Data_1.c **** /*******************************************************************************
  97:.\Generated_Source\PSoC5/P1_Data_1.c **** * Function Name: P1_Data_1_Read
  98:.\Generated_Source\PSoC5/P1_Data_1.c **** ****************************************************************************//**
  99:.\Generated_Source\PSoC5/P1_Data_1.c **** *
 100:.\Generated_Source\PSoC5/P1_Data_1.c **** * \brief Reads the associated physical port (pin status register) and masks 
 101:.\Generated_Source\PSoC5/P1_Data_1.c **** *  the required bits according to the width and bit position of the component
 102:.\Generated_Source\PSoC5/P1_Data_1.c **** *  instance. 
 103:.\Generated_Source\PSoC5/P1_Data_1.c **** *
 104:.\Generated_Source\PSoC5/P1_Data_1.c **** * The pin's status register returns the current logic level present on the 
 105:.\Generated_Source\PSoC5/P1_Data_1.c **** * physical pin.
 106:.\Generated_Source\PSoC5/P1_Data_1.c **** *
 107:.\Generated_Source\PSoC5/P1_Data_1.c **** * \return 
 108:.\Generated_Source\PSoC5/P1_Data_1.c **** *  The current value for the pins in the component as a right justified number.
 109:.\Generated_Source\PSoC5/P1_Data_1.c **** *
 110:.\Generated_Source\PSoC5/P1_Data_1.c **** * \funcusage
 111:.\Generated_Source\PSoC5/P1_Data_1.c **** *  \snippet P1_Data_1_SUT.c usage_P1_Data_1_Read  
 112:.\Generated_Source\PSoC5/P1_Data_1.c **** *******************************************************************************/
 113:.\Generated_Source\PSoC5/P1_Data_1.c **** uint8 P1_Data_1_Read(void)
 114:.\Generated_Source\PSoC5/P1_Data_1.c **** {
 271              		.loc 1 114 0
 272              		.cfi_startproc
 273              		@ args = 0, pretend = 0, frame = 0
 274              		@ frame_needed = 0, uses_anonymous_args = 0
 275              		@ link register save eliminated.
 115:.\Generated_Source\PSoC5/P1_Data_1.c ****     return (P1_Data_1_PS & P1_Data_1_MASK) >> P1_Data_1_SHIFT;
 276              		.loc 1 115 0
 277 0000 024B     		ldr	r3, .L8
 278 0002 1878     		ldrb	r0, [r3]	@ zero_extendqisi2
 116:.\Generated_Source\PSoC5/P1_Data_1.c **** }
 279              		.loc 1 116 0
 280 0004 C0F34000 		ubfx	r0, r0, #1, #1
 281 0008 7047     		bx	lr
 282              	.L9:
 283 000a 00BF     		.align	2
 284              	.L8:
 285 000c 21510040 		.word	1073762593
 286              		.cfi_endproc
 287              	.LFE2:
 288              		.size	P1_Data_1_Read, .-P1_Data_1_Read
 289              		.section	.text.P1_Data_1_ReadDataReg,"ax",%progbits
 290              		.align	2
 291              		.global	P1_Data_1_ReadDataReg
 292              		.thumb
 293              		.thumb_func
 294              		.type	P1_Data_1_ReadDataReg, %function
 295              	P1_Data_1_ReadDataReg:
 296              	.LFB3:
 117:.\Generated_Source\PSoC5/P1_Data_1.c **** 
 118:.\Generated_Source\PSoC5/P1_Data_1.c **** 
 119:.\Generated_Source\PSoC5/P1_Data_1.c **** /*******************************************************************************
 120:.\Generated_Source\PSoC5/P1_Data_1.c **** * Function Name: P1_Data_1_ReadDataReg
 121:.\Generated_Source\PSoC5/P1_Data_1.c **** ****************************************************************************//**
 122:.\Generated_Source\PSoC5/P1_Data_1.c **** *
 123:.\Generated_Source\PSoC5/P1_Data_1.c **** * \brief Reads the associated physical port's data output register and masks 
 124:.\Generated_Source\PSoC5/P1_Data_1.c **** *  the correct bits according to the width and bit position of the component 
ARM GAS  C:\Users\Thomas\AppData\Local\Temp\ccD9ZdZB.s 			page 18


 125:.\Generated_Source\PSoC5/P1_Data_1.c **** *  instance. 
 126:.\Generated_Source\PSoC5/P1_Data_1.c **** *
 127:.\Generated_Source\PSoC5/P1_Data_1.c **** * The data output register controls the signal applied to the physical pin in 
 128:.\Generated_Source\PSoC5/P1_Data_1.c **** * conjunction with the drive mode parameter. This is not the same as the 
 129:.\Generated_Source\PSoC5/P1_Data_1.c **** * preferred P1_Data_1_Read() API because the 
 130:.\Generated_Source\PSoC5/P1_Data_1.c **** * P1_Data_1_ReadDataReg() reads the data register instead of the status 
 131:.\Generated_Source\PSoC5/P1_Data_1.c **** * register. For output pins this is a useful function to determine the value 
 132:.\Generated_Source\PSoC5/P1_Data_1.c **** * just written to the pin.
 133:.\Generated_Source\PSoC5/P1_Data_1.c **** *
 134:.\Generated_Source\PSoC5/P1_Data_1.c **** * \return 
 135:.\Generated_Source\PSoC5/P1_Data_1.c **** *  The current value of the data register masked and shifted into a right 
 136:.\Generated_Source\PSoC5/P1_Data_1.c **** *  justified number for the component instance.
 137:.\Generated_Source\PSoC5/P1_Data_1.c **** *
 138:.\Generated_Source\PSoC5/P1_Data_1.c **** * \funcusage
 139:.\Generated_Source\PSoC5/P1_Data_1.c **** *  \snippet P1_Data_1_SUT.c usage_P1_Data_1_ReadDataReg 
 140:.\Generated_Source\PSoC5/P1_Data_1.c **** *******************************************************************************/
 141:.\Generated_Source\PSoC5/P1_Data_1.c **** uint8 P1_Data_1_ReadDataReg(void)
 142:.\Generated_Source\PSoC5/P1_Data_1.c **** {
 297              		.loc 1 142 0
 298              		.cfi_startproc
 299              		@ args = 0, pretend = 0, frame = 0
 300              		@ frame_needed = 0, uses_anonymous_args = 0
 301              		@ link register save eliminated.
 143:.\Generated_Source\PSoC5/P1_Data_1.c ****     return (P1_Data_1_DR & P1_Data_1_MASK) >> P1_Data_1_SHIFT;
 302              		.loc 1 143 0
 303 0000 024B     		ldr	r3, .L11
 304 0002 1878     		ldrb	r0, [r3]	@ zero_extendqisi2
 144:.\Generated_Source\PSoC5/P1_Data_1.c **** }
 305              		.loc 1 144 0
 306 0004 C0F34000 		ubfx	r0, r0, #1, #1
 307 0008 7047     		bx	lr
 308              	.L12:
 309 000a 00BF     		.align	2
 310              	.L11:
 311 000c 20510040 		.word	1073762592
 312              		.cfi_endproc
 313              	.LFE3:
 314              		.size	P1_Data_1_ReadDataReg, .-P1_Data_1_ReadDataReg
 315              		.text
 316              	.Letext0:
 317              		.file 2 ".\\Generated_Source\\PSoC5\\cytypes.h"
 318              		.section	.debug_info,"",%progbits
 319              	.Ldebug_info0:
 320 0000 1D010000 		.4byte	0x11d
 321 0004 0400     		.2byte	0x4
 322 0006 00000000 		.4byte	.Ldebug_abbrev0
 323 000a 04       		.byte	0x4
 324 000b 01       		.uleb128 0x1
 325 000c 22010000 		.4byte	.LASF20
 326 0010 01       		.byte	0x1
 327 0011 8B000000 		.4byte	.LASF21
 328 0015 B0000000 		.4byte	.LASF22
 329 0019 00000000 		.4byte	.Ldebug_ranges0+0
 330 001d 00000000 		.4byte	0
 331 0021 00000000 		.4byte	.Ldebug_line0
 332 0025 02       		.uleb128 0x2
 333 0026 01       		.byte	0x1
ARM GAS  C:\Users\Thomas\AppData\Local\Temp\ccD9ZdZB.s 			page 19


 334 0027 06       		.byte	0x6
 335 0028 FE010000 		.4byte	.LASF0
 336 002c 02       		.uleb128 0x2
 337 002d 01       		.byte	0x1
 338 002e 08       		.byte	0x8
 339 002f 43000000 		.4byte	.LASF1
 340 0033 02       		.uleb128 0x2
 341 0034 02       		.byte	0x2
 342 0035 05       		.byte	0x5
 343 0036 CE010000 		.4byte	.LASF2
 344 003a 02       		.uleb128 0x2
 345 003b 02       		.byte	0x2
 346 003c 07       		.byte	0x7
 347 003d 68000000 		.4byte	.LASF3
 348 0041 02       		.uleb128 0x2
 349 0042 04       		.byte	0x4
 350 0043 05       		.byte	0x5
 351 0044 DE010000 		.4byte	.LASF4
 352 0048 02       		.uleb128 0x2
 353 0049 04       		.byte	0x4
 354 004a 07       		.byte	0x7
 355 004b 56000000 		.4byte	.LASF5
 356 004f 02       		.uleb128 0x2
 357 0050 08       		.byte	0x8
 358 0051 05       		.byte	0x5
 359 0052 14010000 		.4byte	.LASF6
 360 0056 02       		.uleb128 0x2
 361 0057 08       		.byte	0x8
 362 0058 07       		.byte	0x7
 363 0059 F8000000 		.4byte	.LASF7
 364 005d 03       		.uleb128 0x3
 365 005e 04       		.byte	0x4
 366 005f 05       		.byte	0x5
 367 0060 696E7400 		.ascii	"int\000"
 368 0064 02       		.uleb128 0x2
 369 0065 04       		.byte	0x4
 370 0066 07       		.byte	0x7
 371 0067 EB000000 		.4byte	.LASF8
 372 006b 04       		.uleb128 0x4
 373 006c D8010000 		.4byte	.LASF12
 374 0070 02       		.byte	0x2
 375 0071 9201     		.2byte	0x192
 376 0073 2C000000 		.4byte	0x2c
 377 0077 02       		.uleb128 0x2
 378 0078 04       		.byte	0x4
 379 0079 04       		.byte	0x4
 380 007a 3D000000 		.4byte	.LASF9
 381 007e 02       		.uleb128 0x2
 382 007f 08       		.byte	0x8
 383 0080 04       		.byte	0x4
 384 0081 36000000 		.4byte	.LASF10
 385 0085 02       		.uleb128 0x2
 386 0086 01       		.byte	0x1
 387 0087 08       		.byte	0x8
 388 0088 C9010000 		.4byte	.LASF11
 389 008c 04       		.uleb128 0x4
 390 008d 51000000 		.4byte	.LASF13
ARM GAS  C:\Users\Thomas\AppData\Local\Temp\ccD9ZdZB.s 			page 20


 391 0091 02       		.byte	0x2
 392 0092 3C02     		.2byte	0x23c
 393 0094 98000000 		.4byte	0x98
 394 0098 05       		.uleb128 0x5
 395 0099 6B000000 		.4byte	0x6b
 396 009d 06       		.uleb128 0x6
 397 009e 7B000000 		.4byte	.LASF14
 398 00a2 01       		.byte	0x1
 399 00a3 39       		.byte	0x39
 400 00a4 00000000 		.4byte	.LFB0
 401 00a8 18000000 		.4byte	.LFE0-.LFB0
 402 00ac 01       		.uleb128 0x1
 403 00ad 9C       		.byte	0x9c
 404 00ae D1000000 		.4byte	0xd1
 405 00b2 07       		.uleb128 0x7
 406 00b3 25000000 		.4byte	.LASF16
 407 00b7 01       		.byte	0x1
 408 00b8 39       		.byte	0x39
 409 00b9 6B000000 		.4byte	0x6b
 410 00bd 00000000 		.4byte	.LLST0
 411 00c1 08       		.uleb128 0x8
 412 00c2 2B000000 		.4byte	.LASF23
 413 00c6 01       		.byte	0x1
 414 00c7 3B       		.byte	0x3b
 415 00c8 6B000000 		.4byte	0x6b
 416 00cc 21000000 		.4byte	.LLST1
 417 00d0 00       		.byte	0
 418 00d1 06       		.uleb128 0x6
 419 00d2 E7010000 		.4byte	.LASF15
 420 00d6 01       		.byte	0x1
 421 00d7 5A       		.byte	0x5a
 422 00d8 00000000 		.4byte	.LFB1
 423 00dc 18000000 		.4byte	.LFE1-.LFB1
 424 00e0 01       		.uleb128 0x1
 425 00e1 9C       		.byte	0x9c
 426 00e2 F6000000 		.4byte	0xf6
 427 00e6 07       		.uleb128 0x7
 428 00e7 0F010000 		.4byte	.LASF17
 429 00eb 01       		.byte	0x1
 430 00ec 5A       		.byte	0x5a
 431 00ed 6B000000 		.4byte	0x6b
 432 00f1 39000000 		.4byte	.LLST2
 433 00f5 00       		.byte	0
 434 00f6 09       		.uleb128 0x9
 435 00f7 16000000 		.4byte	.LASF18
 436 00fb 01       		.byte	0x1
 437 00fc 71       		.byte	0x71
 438 00fd 6B000000 		.4byte	0x6b
 439 0101 00000000 		.4byte	.LFB2
 440 0105 10000000 		.4byte	.LFE2-.LFB2
 441 0109 01       		.uleb128 0x1
 442 010a 9C       		.byte	0x9c
 443 010b 09       		.uleb128 0x9
 444 010c 00000000 		.4byte	.LASF19
 445 0110 01       		.byte	0x1
 446 0111 8D       		.byte	0x8d
 447 0112 6B000000 		.4byte	0x6b
ARM GAS  C:\Users\Thomas\AppData\Local\Temp\ccD9ZdZB.s 			page 21


 448 0116 00000000 		.4byte	.LFB3
 449 011a 10000000 		.4byte	.LFE3-.LFB3
 450 011e 01       		.uleb128 0x1
 451 011f 9C       		.byte	0x9c
 452 0120 00       		.byte	0
 453              		.section	.debug_abbrev,"",%progbits
 454              	.Ldebug_abbrev0:
 455 0000 01       		.uleb128 0x1
 456 0001 11       		.uleb128 0x11
 457 0002 01       		.byte	0x1
 458 0003 25       		.uleb128 0x25
 459 0004 0E       		.uleb128 0xe
 460 0005 13       		.uleb128 0x13
 461 0006 0B       		.uleb128 0xb
 462 0007 03       		.uleb128 0x3
 463 0008 0E       		.uleb128 0xe
 464 0009 1B       		.uleb128 0x1b
 465 000a 0E       		.uleb128 0xe
 466 000b 55       		.uleb128 0x55
 467 000c 17       		.uleb128 0x17
 468 000d 11       		.uleb128 0x11
 469 000e 01       		.uleb128 0x1
 470 000f 10       		.uleb128 0x10
 471 0010 17       		.uleb128 0x17
 472 0011 00       		.byte	0
 473 0012 00       		.byte	0
 474 0013 02       		.uleb128 0x2
 475 0014 24       		.uleb128 0x24
 476 0015 00       		.byte	0
 477 0016 0B       		.uleb128 0xb
 478 0017 0B       		.uleb128 0xb
 479 0018 3E       		.uleb128 0x3e
 480 0019 0B       		.uleb128 0xb
 481 001a 03       		.uleb128 0x3
 482 001b 0E       		.uleb128 0xe
 483 001c 00       		.byte	0
 484 001d 00       		.byte	0
 485 001e 03       		.uleb128 0x3
 486 001f 24       		.uleb128 0x24
 487 0020 00       		.byte	0
 488 0021 0B       		.uleb128 0xb
 489 0022 0B       		.uleb128 0xb
 490 0023 3E       		.uleb128 0x3e
 491 0024 0B       		.uleb128 0xb
 492 0025 03       		.uleb128 0x3
 493 0026 08       		.uleb128 0x8
 494 0027 00       		.byte	0
 495 0028 00       		.byte	0
 496 0029 04       		.uleb128 0x4
 497 002a 16       		.uleb128 0x16
 498 002b 00       		.byte	0
 499 002c 03       		.uleb128 0x3
 500 002d 0E       		.uleb128 0xe
 501 002e 3A       		.uleb128 0x3a
 502 002f 0B       		.uleb128 0xb
 503 0030 3B       		.uleb128 0x3b
 504 0031 05       		.uleb128 0x5
ARM GAS  C:\Users\Thomas\AppData\Local\Temp\ccD9ZdZB.s 			page 22


 505 0032 49       		.uleb128 0x49
 506 0033 13       		.uleb128 0x13
 507 0034 00       		.byte	0
 508 0035 00       		.byte	0
 509 0036 05       		.uleb128 0x5
 510 0037 35       		.uleb128 0x35
 511 0038 00       		.byte	0
 512 0039 49       		.uleb128 0x49
 513 003a 13       		.uleb128 0x13
 514 003b 00       		.byte	0
 515 003c 00       		.byte	0
 516 003d 06       		.uleb128 0x6
 517 003e 2E       		.uleb128 0x2e
 518 003f 01       		.byte	0x1
 519 0040 3F       		.uleb128 0x3f
 520 0041 19       		.uleb128 0x19
 521 0042 03       		.uleb128 0x3
 522 0043 0E       		.uleb128 0xe
 523 0044 3A       		.uleb128 0x3a
 524 0045 0B       		.uleb128 0xb
 525 0046 3B       		.uleb128 0x3b
 526 0047 0B       		.uleb128 0xb
 527 0048 27       		.uleb128 0x27
 528 0049 19       		.uleb128 0x19
 529 004a 11       		.uleb128 0x11
 530 004b 01       		.uleb128 0x1
 531 004c 12       		.uleb128 0x12
 532 004d 06       		.uleb128 0x6
 533 004e 40       		.uleb128 0x40
 534 004f 18       		.uleb128 0x18
 535 0050 9742     		.uleb128 0x2117
 536 0052 19       		.uleb128 0x19
 537 0053 01       		.uleb128 0x1
 538 0054 13       		.uleb128 0x13
 539 0055 00       		.byte	0
 540 0056 00       		.byte	0
 541 0057 07       		.uleb128 0x7
 542 0058 05       		.uleb128 0x5
 543 0059 00       		.byte	0
 544 005a 03       		.uleb128 0x3
 545 005b 0E       		.uleb128 0xe
 546 005c 3A       		.uleb128 0x3a
 547 005d 0B       		.uleb128 0xb
 548 005e 3B       		.uleb128 0x3b
 549 005f 0B       		.uleb128 0xb
 550 0060 49       		.uleb128 0x49
 551 0061 13       		.uleb128 0x13
 552 0062 02       		.uleb128 0x2
 553 0063 17       		.uleb128 0x17
 554 0064 00       		.byte	0
 555 0065 00       		.byte	0
 556 0066 08       		.uleb128 0x8
 557 0067 34       		.uleb128 0x34
 558 0068 00       		.byte	0
 559 0069 03       		.uleb128 0x3
 560 006a 0E       		.uleb128 0xe
 561 006b 3A       		.uleb128 0x3a
ARM GAS  C:\Users\Thomas\AppData\Local\Temp\ccD9ZdZB.s 			page 23


 562 006c 0B       		.uleb128 0xb
 563 006d 3B       		.uleb128 0x3b
 564 006e 0B       		.uleb128 0xb
 565 006f 49       		.uleb128 0x49
 566 0070 13       		.uleb128 0x13
 567 0071 02       		.uleb128 0x2
 568 0072 17       		.uleb128 0x17
 569 0073 00       		.byte	0
 570 0074 00       		.byte	0
 571 0075 09       		.uleb128 0x9
 572 0076 2E       		.uleb128 0x2e
 573 0077 00       		.byte	0
 574 0078 3F       		.uleb128 0x3f
 575 0079 19       		.uleb128 0x19
 576 007a 03       		.uleb128 0x3
 577 007b 0E       		.uleb128 0xe
 578 007c 3A       		.uleb128 0x3a
 579 007d 0B       		.uleb128 0xb
 580 007e 3B       		.uleb128 0x3b
 581 007f 0B       		.uleb128 0xb
 582 0080 27       		.uleb128 0x27
 583 0081 19       		.uleb128 0x19
 584 0082 49       		.uleb128 0x49
 585 0083 13       		.uleb128 0x13
 586 0084 11       		.uleb128 0x11
 587 0085 01       		.uleb128 0x1
 588 0086 12       		.uleb128 0x12
 589 0087 06       		.uleb128 0x6
 590 0088 40       		.uleb128 0x40
 591 0089 18       		.uleb128 0x18
 592 008a 9742     		.uleb128 0x2117
 593 008c 19       		.uleb128 0x19
 594 008d 00       		.byte	0
 595 008e 00       		.byte	0
 596 008f 00       		.byte	0
 597              		.section	.debug_loc,"",%progbits
 598              	.Ldebug_loc0:
 599              	.LLST0:
 600 0000 00000000 		.4byte	.LVL0
 601 0004 04000000 		.4byte	.LVL1
 602 0008 0100     		.2byte	0x1
 603 000a 50       		.byte	0x50
 604 000b 04000000 		.4byte	.LVL1
 605 000f 18000000 		.4byte	.LFE0
 606 0013 0400     		.2byte	0x4
 607 0015 F3       		.byte	0xf3
 608 0016 01       		.uleb128 0x1
 609 0017 50       		.byte	0x50
 610 0018 9F       		.byte	0x9f
 611 0019 00000000 		.4byte	0
 612 001d 00000000 		.4byte	0
 613              	.LLST1:
 614 0021 06000000 		.4byte	.LVL2
 615 0025 0E000000 		.4byte	.LVL3
 616 0029 0600     		.2byte	0x6
 617 002b 73       		.byte	0x73
 618 002c 00       		.sleb128 0
ARM GAS  C:\Users\Thomas\AppData\Local\Temp\ccD9ZdZB.s 			page 24


 619 002d 09       		.byte	0x9
 620 002e FD       		.byte	0xfd
 621 002f 1A       		.byte	0x1a
 622 0030 9F       		.byte	0x9f
 623 0031 00000000 		.4byte	0
 624 0035 00000000 		.4byte	0
 625              	.LLST2:
 626 0039 00000000 		.4byte	.LVL4
 627 003d 06000000 		.4byte	.LVL5
 628 0041 0100     		.2byte	0x1
 629 0043 50       		.byte	0x50
 630 0044 06000000 		.4byte	.LVL5
 631 0048 18000000 		.4byte	.LFE1
 632 004c 0400     		.2byte	0x4
 633 004e F3       		.byte	0xf3
 634 004f 01       		.uleb128 0x1
 635 0050 50       		.byte	0x50
 636 0051 9F       		.byte	0x9f
 637 0052 00000000 		.4byte	0
 638 0056 00000000 		.4byte	0
 639              		.section	.debug_aranges,"",%progbits
 640 0000 34000000 		.4byte	0x34
 641 0004 0200     		.2byte	0x2
 642 0006 00000000 		.4byte	.Ldebug_info0
 643 000a 04       		.byte	0x4
 644 000b 00       		.byte	0
 645 000c 0000     		.2byte	0
 646 000e 0000     		.2byte	0
 647 0010 00000000 		.4byte	.LFB0
 648 0014 18000000 		.4byte	.LFE0-.LFB0
 649 0018 00000000 		.4byte	.LFB1
 650 001c 18000000 		.4byte	.LFE1-.LFB1
 651 0020 00000000 		.4byte	.LFB2
 652 0024 10000000 		.4byte	.LFE2-.LFB2
 653 0028 00000000 		.4byte	.LFB3
 654 002c 10000000 		.4byte	.LFE3-.LFB3
 655 0030 00000000 		.4byte	0
 656 0034 00000000 		.4byte	0
 657              		.section	.debug_ranges,"",%progbits
 658              	.Ldebug_ranges0:
 659 0000 00000000 		.4byte	.LFB0
 660 0004 18000000 		.4byte	.LFE0
 661 0008 00000000 		.4byte	.LFB1
 662 000c 18000000 		.4byte	.LFE1
 663 0010 00000000 		.4byte	.LFB2
 664 0014 10000000 		.4byte	.LFE2
 665 0018 00000000 		.4byte	.LFB3
 666 001c 10000000 		.4byte	.LFE3
 667 0020 00000000 		.4byte	0
 668 0024 00000000 		.4byte	0
 669              		.section	.debug_line,"",%progbits
 670              	.Ldebug_line0:
 671 0000 98000000 		.section	.debug_str,"MS",%progbits,1
 671      02004800 
 671      00000201 
 671      FB0E0D00 
 671      01010101 
ARM GAS  C:\Users\Thomas\AppData\Local\Temp\ccD9ZdZB.s 			page 25


 672              	.LASF19:
 673 0000 50315F44 		.ascii	"P1_Data_1_ReadDataReg\000"
 673      6174615F 
 673      315F5265 
 673      61644461 
 673      74615265 
 674              	.LASF18:
 675 0016 50315F44 		.ascii	"P1_Data_1_Read\000"
 675      6174615F 
 675      315F5265 
 675      616400
 676              	.LASF16:
 677 0025 76616C75 		.ascii	"value\000"
 677      6500
 678              	.LASF23:
 679 002b 73746174 		.ascii	"staticBits\000"
 679      69634269 
 679      747300
 680              	.LASF10:
 681 0036 646F7562 		.ascii	"double\000"
 681      6C6500
 682              	.LASF9:
 683 003d 666C6F61 		.ascii	"float\000"
 683      7400
 684              	.LASF1:
 685 0043 756E7369 		.ascii	"unsigned char\000"
 685      676E6564 
 685      20636861 
 685      7200
 686              	.LASF13:
 687 0051 72656738 		.ascii	"reg8\000"
 687      00
 688              	.LASF5:
 689 0056 6C6F6E67 		.ascii	"long unsigned int\000"
 689      20756E73 
 689      69676E65 
 689      6420696E 
 689      7400
 690              	.LASF3:
 691 0068 73686F72 		.ascii	"short unsigned int\000"
 691      7420756E 
 691      7369676E 
 691      65642069 
 691      6E7400
 692              	.LASF14:
 693 007b 50315F44 		.ascii	"P1_Data_1_Write\000"
 693      6174615F 
 693      315F5772 
 693      69746500 
 694              	.LASF21:
 695 008b 2E5C4765 		.ascii	".\\Generated_Source\\PSoC5\\P1_Data_1.c\000"
 695      6E657261 
 695      7465645F 
 695      536F7572 
 695      63655C50 
 696              	.LASF22:
 697 00b0 433A5C55 		.ascii	"C:\\Users\\Thomas\\Documents\\PSoC Creator\\TASBot\\"
ARM GAS  C:\Users\Thomas\AppData\Local\Temp\ccD9ZdZB.s 			page 26


 697      73657273 
 697      5C54686F 
 697      6D61735C 
 697      446F6375 
 698 00de 54415342 		.ascii	"TASBot.cydsn\000"
 698      6F742E63 
 698      7964736E 
 698      00
 699              	.LASF8:
 700 00eb 756E7369 		.ascii	"unsigned int\000"
 700      676E6564 
 700      20696E74 
 700      00
 701              	.LASF7:
 702 00f8 6C6F6E67 		.ascii	"long long unsigned int\000"
 702      206C6F6E 
 702      6720756E 
 702      7369676E 
 702      65642069 
 703              	.LASF17:
 704 010f 6D6F6465 		.ascii	"mode\000"
 704      00
 705              	.LASF6:
 706 0114 6C6F6E67 		.ascii	"long long int\000"
 706      206C6F6E 
 706      6720696E 
 706      7400
 707              	.LASF20:
 708 0122 474E5520 		.ascii	"GNU C 4.9.3 20150303 (release) [ARM/embedded-4_9-br"
 708      4320342E 
 708      392E3320 
 708      32303135 
 708      30333033 
 709 0155 616E6368 		.ascii	"anch revision 221220] -mcpu=cortex-m3 -mthumb -g -O"
 709      20726576 
 709      6973696F 
 709      6E203232 
 709      31323230 
 710 0188 33202D66 		.ascii	"3 -ffunction-sections -finline-functions -flto -ffa"
 710      66756E63 
 710      74696F6E 
 710      2D736563 
 710      74696F6E 
 711 01bb 742D6C74 		.ascii	"t-lto-objects\000"
 711      6F2D6F62 
 711      6A656374 
 711      7300
 712              	.LASF11:
 713 01c9 63686172 		.ascii	"char\000"
 713      00
 714              	.LASF2:
 715 01ce 73686F72 		.ascii	"short int\000"
 715      7420696E 
 715      7400
 716              	.LASF12:
 717 01d8 75696E74 		.ascii	"uint8\000"
 717      3800
ARM GAS  C:\Users\Thomas\AppData\Local\Temp\ccD9ZdZB.s 			page 27


 718              	.LASF4:
 719 01de 6C6F6E67 		.ascii	"long int\000"
 719      20696E74 
 719      00
 720              	.LASF15:
 721 01e7 50315F44 		.ascii	"P1_Data_1_SetDriveMode\000"
 721      6174615F 
 721      315F5365 
 721      74447269 
 721      76654D6F 
 722              	.LASF0:
 723 01fe 7369676E 		.ascii	"signed char\000"
 723      65642063 
 723      68617200 
 724              		.comm	__gnu_lto_v1,1,1
 725              		.ident	"GCC: (GNU Tools for ARM Embedded Processors) 4.9.3 20150303 (release) [ARM/embedded-4_9-br
