ARM GAS  C:\Users\Thomas\AppData\Local\Temp\ccYlvByK.s 			page 1


   1              		.syntax unified
   2              		.cpu cortex-m3
   3              		.fpu softvfp
   4              		.eabi_attribute 20, 1
   5              		.eabi_attribute 21, 1
   6              		.eabi_attribute 23, 3
   7              		.eabi_attribute 24, 1
   8              		.eabi_attribute 25, 1
   9              		.eabi_attribute 26, 1
  10              		.eabi_attribute 30, 2
  11              		.eabi_attribute 34, 1
  12              		.eabi_attribute 18, 4
  13              		.thumb
  14              		.file	"P1_PM.c"
  15              		.text
  16              	.Ltext0:
  17              		.section	.gnu.lto_.profile.bdb9d81f,"",%progbits
  18 0000 789C6366 		.ascii	"x\234cf```a\200\000F\006cY\000\000\367\000Y"
  18      60606061 
  18      80004606 
  18      63590000 
  18      F70059
  19              		.text
  20              		.section	.gnu.lto_.jmpfuncs.bdb9d81f,"",%progbits
  21 0000 789C6366 		.ascii	"x\234cf\300\016\004\2404\013\0203100C\231\014\000\002"
  21      C00E04A0 
  21      340B1033 
  21      31303043 
  21      990C0002 
  22 0014 C70021   		.ascii	"\307\000!"
  23              		.text
  24              		.section	.gnu.lto_.inline.bdb9d81f,"",%progbits
  25 0000 789C6366 		.ascii	"x\234cf\300\016\"\2404\013\003\003;\033#\003\023\307"
  25      C00E22A0 
  25      340B0303 
  25      3B1B2303 
  25      13C7
  26 0012 013B06B6 		.ascii	"\001;\006\266\005\362L 1&L!f\006\036\021\240\220@C-"
  26      05F24C20 
  26      31264C21 
  26      66061E11 
  26      A0904043 
  27 0027 5C88910B 		.ascii	"\\\210\221\013\254\235\233\027(\316\267!\027U\234\001"
  27      AC9D9B17 
  27      28CEB721 
  27      17559C01 
  28 0037 00917408 		.ascii	"\000\221t\010="
  28      3D
  29              		.text
  30              		.section	.gnu.lto_.pureconst.bdb9d81f,"",%progbits
  31 0000 789C6366 		.ascii	"x\234cf``\340d\200\000\026\006)&)f)\026)\000\002\321"
  31      6060E064 
  31      80001606 
  31      29262966 
  31      29162900 
  32 0016 0082     		.ascii	"\000\202"
  33              		.text
ARM GAS  C:\Users\Thomas\AppData\Local\Temp\ccYlvByK.s 			page 2


  34              		.section	.gnu.lto_P1_SaveConfig.bdb9d81f,"",%progbits
  35 0000 789C8D91 		.ascii	"x\234\215\221\315+Da\024\306\317s\346\3165\232\215,"
  35      CD2B4461 
  35      14C6CF73 
  35      E6CE359A 
  35      8D2C
  36 0012 2D942CAC 		.ascii	"-\224,\254(\013\177\201\205\225\232\262\235\222\230"
  36      280B7F81 
  36      85959AB2 
  36      9D9298
  37 0021 2D35B194 		.ascii	"-5\261\224{5\213Ibb\243|\225\3629c0X\331\\j\312\006"
  37      7B358B49 
  37      6262A37C 
  37      95F23963 
  37      3058D95C 
  38 0038 89A85990 		.ascii	"\211\250Y\220\032a#\0375\272\311\3079w\362\021%\267"
  38      1A61231F 
  38      35BAC9C7 
  38      3977F211 
  38      25B7
  39 004a DEFBDEF7 		.ascii	"\336\373\336\367=\317\373\234\337\363^\037\375~*d\\"
  39      3DCFFB9C 
  39      DFF35E1F 
  39      FD7E2A64 
  39      5C
  40 005b 81A85A66 		.ascii	"\201\250Zf\370\010\234\330'\262\003\014\350\007\201"
  40      F8089CD8 
  40      27B2030C 
  40      E80781
  41 006a FA187DB8 		.ascii	"\372\030}\270\341{F\302I\216\005kf-\313\272\233\331"
  41      E17B46C2 
  41      498E056B 
  41      662DCBBA 
  41      9BD9
  42 007c B3430E5C 		.ascii	"\263C\016\\&z\344\242\017\346QC\"\272\217\275\234\006"
  42      267AE4A2 
  42      0FE65143 
  42      22BA8FBD 
  42      9C06
  43 008e CD9888CA 		.ascii	"\315\230\210\312\2125,\300\024\177Z)w\254\267\267\307"
  43      8A352CC0 
  43      147F5A29 
  43      77ACB7B7 
  43      C7
  44 009f CDED024C 		.ascii	"\315\355\002L&\227a\350\213(/\"mu\311\254\263/\207\235"
  44      269761E8 
  44      8B282F22 
  44      6D75C9AC 
  44      B32F879D 
  45 00b3 C2C06DA1 		.ascii	"\302\300m\241D\317=\261\366\315fO\006\371\232]\346\370"
  45      44CF3DB1 
  45      F6CD664F 
  45      06F99A5D 
  45      E6F8
  46 00c5 AE6D19DA 		.ascii	"\256m\031\332\345<\177p\030\360\266H\227s\233\331\224"
  46      E53C7F70 
  46      18F0B648 
ARM GAS  C:\Users\Thomas\AppData\Local\Temp\ccYlvByK.s 			page 3


  46      97739BD9 
  46      94
  47 00d6 7F12E376 		.ascii	"\177\022\343vL\230|XD\005\226 \311\220\304$(\207\376"
  47      4C987C58 
  47      44059620 
  47      C990C424 
  47      2887FE
  48 00e9 918B4AF5 		.ascii	"\221\213J\365\023\351\324\321P\232{\237\255\270\025"
  48      13E9D4D1 
  48      509A7B9F 
  48      ADB815
  49 00f8 70D97851 		.ascii	"p\331xQ\302\357~\206\267\\\260c\023P?KU~\244\320\213"
  49      C2EF7E86 
  49      B75CB063 
  49      13503F4B 
  49      557EA4D0 
  50 010d 653594DA 		.ascii	"e5\224\332kj8c\326&%\240S\351\262\211\264\010\037\274"
  50      6B6A3863 
  50      D62625A0 
  50      53E9B289 
  50      B4081FBC 
  51 0121 4BC00A6A 		.ascii	"K\300\012j\205\230\274\004\205\217\004\206\234\231\236"
  51      8598BC04 
  51      858F0486 
  51      9C999E
  52 0130 7F2E0618 		.ascii	"\177.\006\030\373\0100\267u<Z\372E\274\372I\274\366"
  52      FB0830B7 
  52      753C5AFA 
  52      45BCFA49 
  52      BCF6
  53 0142 4FE29F88 		.ascii	"O\342\237\210\231?\020\327=D\375\011\330PD\203\316`"
  53      993F10D7 
  53      3D44FD09 
  53      D8504483 
  53      CE60
  54 0154 3B4F7E6D 		.ascii	";O~m\240\340y\251\311\325\213sU]\270)\322\031\211\266"
  54      A0E079A9 
  54      C9D58B73 
  54      555DB829 
  54      D21989B6 
  55 0168 75473A5A 		.ascii	"uG:Z[\272z\242\355\221p\250\245\253\261!\034\252o\015"
  55      5BBA7AA2 
  55      ED9170A8 
  55      A5ABB121 
  55      1CAA6F0D 
  56 017c 35D7B5D3 		.ascii	"5\327\265\323;\340\316\272\257"
  56      3BE0CEBA 
  56      AF
  57              		.text
  58              		.section	.gnu.lto_P1_RestoreConfig.bdb9d81f,"",%progbits
  59 0000 789C7590 		.ascii	"x\234u\220\275KBQ\030\306\337\347\365z1\\\242I\334\242"
  59      BD4B4251 
  59      18C6DFE7 
  59      F57A315C 
  59      A249DCA2 
  60 0014 A141141A 		.ascii	"\241A\024\032\372\013\202\232\002\243U\220(\327\002"
  60      FA0B829A 
ARM GAS  C:\Users\Thomas\AppData\Local\Temp\ccYlvByK.s 			page 4


  60      02A35590 
  60      28D702
  61 0023 A951BC37 		.ascii	"\251Q\2747\014\034\242\264\226\240\257\251\264\262/"
  61      0C1CA2B4 
  61      96A0AFA9 
  61      B4B22F
  62 0032 AD961611 		.ascii	"\255\226\026\021\204&%\222\"\203Z\014j\313\034\342\""
  62      84262592 
  62      22835A0C 
  62      6ACB1CE2 
  62      22
  63 0043 66E75CA9 		.ascii	"f\347\\\251\310\352\300\371|\237\363<\277s,\364\273"
  63      C8EAC0F9 
  63      7C9FF33C 
  63      BF732CF4 
  63      BB
  64 0054 3945BF05 		.ascii	"9E\277\005Q\217\230a!p\254@\244\333\030\220\013\002"
  64      518F9861 
  64      2170AC40 
  64      A4DB1890 
  64      0B02
  65 0066 8519613C 		.ascii	"\205\031a<s\225\021\313\356\255\330{\2674M{\311e\034"
  65      739511CB 
  65      EEADD87B 
  65      B7344D7B 
  65      C9651C
  66 0079 730E8389 		.ascii	"s\016\203\211j\334\262A\002\275$4\325H\343\306\256F"
  66      6ADCB241 
  66      02BD2434 
  66      D548E3C6 
  66      AE46
  67 008b 84A6B355 		.ascii	"\204\246\263UC\022\252\260\247\303\256\254\326l\326"
  67      4312AAB0 
  67      A7C3AEAC 
  67      D66CD6
  68 009a 0AF1A40B 		.ascii	"\012\361\244\013*\223\301P\344@T\021*\031\365\310,g"
  68      2A93C150 
  68      E4405411 
  68      2A19F5C8 
  68      2C67
  69 00ac 4B19B367 		.ascii	"K\031\263g\325\342\210\274\367\3062v\343j\341\200Cu"
  69      D5E288BC 
  69      F7C63276 
  69      E36AE180 
  69      4375
  70 00be 2DAAD90C 		.ascii	"-\252\331\014\346\2064\025\247\017\225\342\245\355\211"
  70      E6863415 
  70      A70F95E2 
  70      A5ED89
  71 00cd C589B94D 		.ascii	"\305\211\271M\352\2215\254cU\327\244\312\202\035\204"
  71      EA9135AC 
  71      6355D7A4 
  71      CA821D84 
  72 00dd B00BA759 		.ascii	"\260\013\247Y{O-\246U\267\313`\005{B\363j\"#\0057\225"
  72      7B4F2DA6 
  72      55B7CB60 
  72      057B42F3 
ARM GAS  C:\Users\Thomas\AppData\Local\Temp\ccYlvByK.s 			page 5


  72      6A222305 
  73 00f3 915B824C 		.ascii	"\221[\202L\022\252|\376z\236\245\2415z\241k\312\217"
  73      12AA7CFE 
  73      7A9EA5A1 
  73      357AA16B 
  73      CA8F
  74 0105 0CABE9B3 		.ascii	"\014\253\351\263}\232OYeF\004\006\253\330\207\023\007"
  74      7D9A4F59 
  74      65460406 
  74      ABD88713 
  74      07
  75 0116 320287C2 		.ascii	"2\002\207\302U\260\222D\217\227\320BW\376Eog=\372\233"
  75      55B09244 
  75      8F97D042 
  75      57FE456F 
  75      673DFA9B 
  76 012a F5D86495 		.ascii	"\365\330d\225\177\207t\033\353f\242\336B]\371D\335>"
  76      7F87741B 
  76      EB66A2DE 
  76      425DF944 
  76      DD3E
  77 013c 2F2D777C 		.ascii	"/-w|\263e\276\330NL6\205\356\241g\357\006\345}\371\372"
  77      B365BED8 
  77      4E4C3685 
  77      EEA167EF 
  77      06E57DF9 
  78 0151 8AF0159F 		.ascii	"\212\360\025\237-\200\272=\276\241\300d 86\035\230\360"
  78      2D80BA3D 
  78      BEA1C064 
  78      2038361D 
  78      98F0
  79 0163 8F4ECD04 		.ascii	"\217N\315\004\307\003>\357\350\324@\277\317\333\347"
  79      C7033EEF 
  79      E8D440BF 
  79      CFDBE7
  80 0172 F70E7BC6 		.ascii	"\367\016{\306\351\003\344K\260\004"
  80      E903E44B 
  80      B004
  81              		.text
  82              		.section	.gnu.lto_P1_Sleep.bdb9d81f,"",%progbits
  83 0000 789C9592 		.ascii	"x\234\225\222MHTQ\024\307\317\377\276\2317_\012\321"
  83      4D485451 
  83      14C7CFFF 
  83      BE99375F 
  83      0AD1
  84 0012 4A848468 		.ascii	"J\204\204h\341J\241E\264j\325\302U0\340v@\302f\323\""
  84      E14AA145 
  84      B46AD5C2 
  84      5530E076 
  84      40C266D3 
  85 0027 416A39F8 		.ascii	"Aj9\370\2363\221\204\225\015EC9\271\362\243\306\264"
  85      9E339184 
  85      950D4543 
  85      39B9F2A3 
  85      C6B4
  86 0039 C6B28FC9 		.ascii	"\306\262\217\311|\0042\255\214\012\012D&\004\203)(\232"
  86      7C0432AD 
ARM GAS  C:\Users\Thomas\AppData\Local\Temp\ccYlvByK.s 			page 6


  86      8C0A0A44 
  86      26048329 
  86      289A
  87 004b 26A61EA2 		.ascii	"&\246\036\242v\316}\0316b\320\203w?\377\367\234\337"
  87      76CE7D19 
  87      3662D083 
  87      773FFFF7 
  87      9CDF
  88 005d FD9F6BD0 		.ascii	"\375\237k\320\316\257\231\377\223\006\321\001\356a\020"
  88      CEAF99FF 
  88      9306D101 
  88      EE6110
  89 006c D4D02291 		.ascii	"\324\320\"\221\035T\200\014\010\324\247\320\207\217"
  89      1D54800C 
  89      08D4A7D0 
  89      878F
  90 007a AAA230E4 		.ascii	"\252\2420\344\3442\221\326Q\313\262\276\246\013Mg\233"
  90      E43291D6 
  90      51CBB2BE 
  90      A60B4D67 
  90      9B
  91 008b 5C455455 		.ascii	"\\ETU^\030\214\243\225XSI\255\277\213\230)\326\354\361"
  91      5E188CA3 
  91      95585349 
  91      ADBF8B98 
  91      29D6ECF1 
  92 009f F6300113 		.ascii	"\3660\001\023\334O\357u\254\315\315\231\317\227\313"
  92      DC4FEF75 
  92      ACCDCD99 
  92      CF97CB
  93 00ae 87D10072 		.ascii	"\207\321\000r\025'\343\306\307\215\362\313(\304\215"
  93      1527E3C6 
  93      C78DF2CB 
  93      28C48D
  94 00bd 11968668 		.ascii	"\021\226\206h\225OJ\372\017JIo,\341y\355|);\014\211"
  94      954F4AFA 
  94      0F4A496F 
  94      2CE179ED 
  94      7C293B0C 
  95 00d2 F643199C 		.ascii	"\366C\031\234\350zet\254\261\254\\\345s_\330\226Or\277"
  95      E87A6574 
  95      ACB1AC5C 
  95      E5735FD8 
  95      964F72BF 
  96 00e6 5F7DF92A 		.ascii	"_}\371*\250\227H\246\313\231\253\027T\0267\354\024\\"
  96      A89748A6 
  96      CB99AB17 
  96      541637EC 
  96      145C
  97 00f8 E5C72D34 		.ascii	"\345\307-4\3436\370\272\310!\013ZB\362\247\351\205\203"
  97      E336F8BA 
  97      C8210B5A 
  97      42F2A7E9 
  97      8583
  98 010a 17B1982D 		.ascii	"\027\261\230-\347}r\034 L\262\222%\371s\337\015O\344"
  98      E77D721C 
  98      204CB292 
ARM GAS  C:\Users\Thomas\AppData\Local\Temp\ccYlvByK.s 			page 7


  98      25F973DF 
  98      0D4FE4
  99 011d 631D8BEC 		.ascii	"c\035\213\354\261\302`@\2138\320\035-\352/\005<\211"
  99      B1C26040 
  99      8B38D01D 
  99      2DEA2F05 
  99      3C89
 100 012f 9F55324F 		.ascii	"\237U2O\257\354\223\005V\337|sqJ%\326\254\001+\350*"
 100      AFEC9305 
 100      56DF7C73 
 100      714A25D6 
 100      AC012BE8 
 101 0144 735DFCD8 		.ascii	"s]\374\330\316i\352\351\204\235\032\206pZ\242\012`\012"
 101      CE69EAE9 
 101      849D1A86 
 101      705AA20A 
 101      600A
 102 0156 094C0B28 		.ascii	"\011L\013(\357mL^\312\233m9\266\323iqU\020wY\370M[\216"
 102      EF6D4C5E 
 102      CA9B6D39 
 102      B6D36971 
 102      55107759 
 103 016e 7B68E394 		.ascii	"{h\343\224\264\214\244S(*IH\365\031CU\215\231G\202m"
 103      B48CA453 
 103      282A4948 
 103      F5194355 
 103      8D994782 
 104 0183 0D9376F1 		.ascii	"\015\223v\361K-\360W\231\234\271\242\322E\252\262\327"
 104      4B2DF057 
 104      999CB9A2 
 104      D245AAB2 
 104      D7
 105 0194 7505C40C 		.ascii	"u\005\304\014\007%\334\227\313\205xoa\341\355\240\022"
 105      0725DC97 
 105      CB85786F 
 105      61E1EDA0 
 105      12
 106 01a5 F0C8C00E 		.ascii	"\360\310\300\016\317#\232\2676\262x-\"w\271bs\376\006"
 106      CF239AB7 
 106      36B2782D 
 106      2277B962 
 106      73FE06
 107 01b8 3C60D367 		.ascii	"<`\323g\265\351\017=\323\373\323\225\331#\022qWw\352"
 107      B5E90F3D 
 107      D3FBD395 
 107      D9231271 
 107      5777EA
 108 01cb ED78B4AB 		.ascii	"\355x\264\253\035\215x\254\355\200\007\212'\342H\310"
 108      1D8D78AC 
 108      ED80078A 
 108      27E248C8 
 109 01db BB66AD16 		.ascii	"\273f\255\026\360\270\303|ld|\315\303\316la'_\177\332"
 109      F0B8C37C 
 109      6C647CCD 
 109      C3CE6C61 
 109      275F7FDA 
 110 01ef F06DE32C 		.ascii	"\360m\343,\374\341|\272\305\271\322\362_\230s\377\300"
ARM GAS  C:\Users\Thomas\AppData\Local\Temp\ccYlvByK.s 			page 8


 110      FCE17CBA 
 110      C5B9D2F2 
 110      5F9873FF 
 110      C0
 111 0200 7CA631D5 		.ascii	"|\2461\325o\314y\301\014S\011\2663\337\241\353F\362"
 111      6FCC79C1 
 111      0C5309B6 
 111      33DFA1EB 
 111      46F2
 112 0212 E2212F9D 		.ascii	"\342!/\235\203\357o\217u\304O\305{\217\237\216\237\350"
 112      83EF6F8F 
 112      75C44FC5 
 112      7B8F9F8E 
 112      9FE8
 113 0224 EAEC39D3 		.ascii	"\352\3549\323\333\035\217E;{\216\036\212E\017vE\217"
 113      DB1D8F45 
 113      3B7B8E1E 
 113      8A450F76 
 113      458F
 114 0236 B577D32F 		.ascii	"\265w\323/\027\272@\337"
 114      17BA40DF 
 115              		.text
 116              		.section	.gnu.lto_P1_Wakeup.bdb9d81f,"",%progbits
 117 0000 789C8D92 		.ascii	"x\234\215\222\317KTQ\024\307\317\367\276;\357\2153."
 117      CF4B5451 
 117      14C7CFF7 
 117      BE3BEF8D 
 117      332E
 118 0012 A495B818 		.ascii	"\244\225\270\030\210 \027\241\021\341_\320\"\010\202"
 118      882017A1 
 118      11E15FD0 
 118      220882
 119 0021 09B70312 		.ascii	"\011\267\003\0226\333\004\251\345\340}\316\004\263\220"
 119      36DB04A9 
 119      E5E07DCE 
 119      04B390
 120 0030 321114CA 		.ascii	"2\021\024\312\246Mi\215ice5n\036\221\021-\024\373a("
 120      A64D698D 
 120      69636535 
 120      6E1E9111 
 120      2D14FB61 
 121 0045 511B836A 		.ascii	"Q\033\203j\3258\220\014\242v\316}\375r,\350\301}\367"
 121      D538900C 
 121      A276CE7D 
 121      FD722CE8 
 121      C17DF7
 122 0058 DD73BFF7 		.ascii	"\335s\277\367\373\375\\\336qh\357s\224\307\212\":\300"
 122      FBFD5CDE 
 122      7168EF73 
 122      94C78A22 
 122      3AC0
 123 006a 33220435 		.ascii	"3\"\0045\270@\344G\225r\312\01121\275|\230L\243\003"
 123      B840E447 
 123      9572CA09 
 123      3231BD7C 
 123      984CA303 
 124 007e 1D963520 		.ascii	"\035\2265 \037\004\352S\216F\037>\253\212\302`P\034"
ARM GAS  C:\Users\Thomas\AppData\Local\Temp\ccYlvByK.s 			page 9


 124      1F04EA53 
 124      8E461F3E 
 124      AB8AC260 
 124      501C
 125 0090 8DB7DE30 		.ascii	"\215\267\3360\306|\355_j\276\320\\c\277\252\012\375"
 125      C67CED5F 
 125      6ABED05C 
 125      63BFAA0A 
 125      FD
 126 00a1 318E5662 		.ascii	"1\216VbM%\267\3656\356\346X\323\024\356a\002.x\236\336"
 126      4D25B7F5 
 126      36EEE658 
 126      D314EE61 
 126      022E789E 
 127 00b6 17989D9D 		.ascii	"\027\230\235\235\352\323\241\374A\325\240\251\246\340"
 127      EAD3A1FC 
 127      41D5A0A9 
 127      A6E0
 128 00c4 F24B79F2 		.ascii	"\362Ky\362\"Z\343!\211\037y\301\263\263\212\376\331"
 128      225AE321 
 128      891F79C1 
 128      B3B38AFE 
 128      D9
 129 00d5 CAE2A95D 		.ascii	"\312\342\251]\206\301p\314\272U\025\352\223p\213\335"
 129      86C170CC 
 129      BA5515EA 
 129      93708BDD 
 130 00e5 08B7E16E 		.ascii	"\010\267\341n(\227\367\256\275\2728\2452\233&o\2425"
 130      2897F7AE 
 130      BDBA38A5 
 130      329B266F 
 130      A235
 131 00f7 E56C0907 		.ascii	"\345l\011\007W?\254-.E?)\256\330\345\204\237\273\212"
 131      573FAC2D 
 131      2E453F29 
 131      AED8E584 
 131      9FBB8A
 132 010a 315CF18D 		.ascii	"1\\\361\215\2504\212\310`\022-vo{\362\322\214\333Vd"
 132      A8348AC8 
 132      60122D76 
 132      6F7BF2D2 
 132      8CDB5664 
 133 011e F3EB05A7 		.ascii	"\363\353\005\247\246\"\270\303\312u\366\261I\230B\033"
 133      A622B8C3 
 133      CA75F6B1 
 133      4998421B 
 134 012e ADE2C910 		.ascii	"\255\342\311\020$\222\345\363\363\313\003J\234\335\374"
 134      2492E5F3 
 134      F3CB034A 
 134      9CDDFC
 135 013d 73DFE85D 		.ascii	"s\337\350]a\2565\374VX\030\211K\330\260\317a\036\246"
 135      61AE35FC 
 135      56581889 
 135      4BD8B0CF 
 135      611EA6
 136 0150 D182BB12 		.ascii	"\321\202\273\022\206\022;35\311\225/\277Fx\011\357\237"
 136      86123B33 
ARM GAS  C:\Users\Thomas\AppData\Local\Temp\ccYlvByK.s 			page 10


 136      35C9952F 
 136      BF467809 
 136      EF9F
 137 0162 97A8A79E 		.ascii	"\227\250\247\236\331C}Hx\357Y^\374\340\275_\307[\030"
 137      D9437D48 
 137      78EF595E 
 137      FCE0BD5F 
 137      C75B18
 138 0175 DF0C7147 		.ascii	"\337\014qG\177\342f_~\331\326\177\360=\370\3057k\371"
 138      7FE2665F 
 138      7ED9D67F 
 138      F03DF8C5 
 138      376BF9
 139 0188 3CCB577A 		.ascii	"<\313Wz\266\036\221_\260\241\364\177\003>\374\033`\024"
 139      B61E915F 
 139      B0A1F47F 
 139      033EFC1B 
 139      6014
 140 019a 8F2CA0ED 		.ascii	"\217,\240\355\220\307L\367\006\271\225l\342\267\267"
 140      90C74CF7 
 140      06B9956C 
 140      E2B7B7
 141 01a9 7F736EC0 		.ascii	"\177sn\300\023D\356\035\224\3458Iw8TN8\357\220\015\306"
 141      1344EE1D 
 141      94E53849 
 141      7738544E 
 141      38EF900D 
 142 01be 5E348A98 		.ascii	"^4\212\230\3521\032\252\342\2119d\270\261b\366\214\266"
 142      EA311AAA 
 142      E2893964 
 142      B8B162F6 
 142      8CB6
 143 01d0 1DF51E7E 		.ascii	"\035\365\036~P:a\317\220\364\033\244\312\322\375\355"
 143      503A61CF 
 143      90F41BA4 
 143      CAD2FDED 
 144 01e0 A9E3E9B3 		.ascii	"\251\343\351\263\351\336\323\347\322g\272:{\316\367"
 144      E9DED3E7 
 144      D267BA3A 
 144      7BCEF7
 145 01ef 76A753C9 		.ascii	"v\247S\311\316\236c\035\251\344\221\256\344\311\366"
 145      CE9E631D 
 145      A9E491AE 
 145      E4C9F6
 146 01fe 6EFA0EAA 		.ascii	"n\372\016\252\236\013\003"
 146      9E0B03
 147              		.text
 148              		.section	.gnu.lto_.symbol_nodes.bdb9d81f,"",%progbits
 149 0000 789C55C8 		.ascii	"x\234U\310A\015\2000\020\005\321\351n\267A\020\332\270"
 149      410D8030 
 149      1005D1E9 
 149      6EB74110 
 149      DAB8
 150 0012 FE4A4001 		.ascii	"\376J@\001\251\011\034p\306\003\011:\010$p(s{\343\300"
 150      A9091C70 
 150      C603093A 
 150      08247028 
ARM GAS  C:\Users\Thomas\AppData\Local\Temp\ccYlvByK.s 			page 11


 150      737BE3C0 
 151 0026 C49725C1 		.ascii	"\304\227%\301\274\203\304\322\006\002\232\311\315\224"
 151      BC83C4D2 
 151      06029AC9 
 151      CD94
 152 0034 FA6D2EFB 		.ascii	"\372m.\3739\313{\247P~M\255\017\213\242\243{\260\035"
 152      39CB7BA7 
 152      507E4DAD 
 152      0F8BA2A3 
 152      7BB01D
 153 0047 57F25C38 		.ascii	"W\362\\8\327\221\033\317\310\035\246"
 153      D7911BCF 
 153      C81DA6
 154              		.text
 155              		.section	.gnu.lto_.refs.bdb9d81f,"",%progbits
 156 0000 789C25C8 		.ascii	"x\234%\310\321\011\000 \014\304\320\244WA\\\304\375"
 156      D1090020 
 156      0CC4D0A4 
 156      57415CC4 
 156      FD
 157 0011 371469BE 		.ascii	"7\024i\276\036\011p\231\012-\355\372\300$\272t\353I"
 157      1E097099 
 157      0A2DEDFA 
 157      C024BA74 
 157      EB49
 158 0023 CFC2C503 		.ascii	"\317\302\305\003\015{\000w"
 158      0D7B0077 
 159              		.text
 160              		.section	.gnu.lto_.decls.bdb9d81f,"",%progbits
 161 0000 789C8D55 		.ascii	"x\234\215UmL\223W\024~Oo\351\267\015\211\211\032~,\035"
 161      6D4C9357 
 161      147E4F6F 
 161      E9B70D89 
 161      891A7E2C 
 162 0015 24645B88 		.ascii	"$d[\210\221%#\356\327T\262\230\314l!T\263\037ca\210"
 162      912523EE 
 162      D754B298 
 162      CC6C2154 
 162      B31F6361 
 163 002a EF9CD150 		.ascii	"\357\234\321P\306\307\022\377](j\207\037Q\367A\307\234"
 163      C6C712FF 
 163      5D286A87 
 163      1F51F741 
 163      C79C
 164 003c D6204351 		.ascii	"\326 CQ\012\3625\360\213\352\004\013\254\200\312W\253"
 164      0AF235F0 
 164      8BEA040B 
 164      AC80CA57 
 164      AB
 165 004d 20164C98 		.ascii	" \026L\230n\24627d\032\272s\357\373\326\2765\340\274"
 165      6EA63237 
 165      641ABA73 
 165      EFFBD6BE 
 165      35E0BC
 166 0060 C969EFBD 		.ascii	"\311i\357\275}\316s\236{\356\271\247D\020\204f\020\204"
 166      7DCE739E 
 166      7BEEB9A7 
ARM GAS  C:\Users\Thomas\AppData\Local\Temp\ccYlvByK.s 			page 12


 166      44108466 
 166      1084
 167 0072 308E1B5A 		.ascii	"0\216\033ZA0\343<\016\3672\204\350\320\240\235As\243"
 167      4130E33C 
 167      0EF73284 
 167      E8D0A09D 
 167      4173A3
 168 0085 35A03532 		.ascii	"5\24052\037\264V4\204\0137\204\330\301\260Z\231\303"
 168      1FB45634 
 168      840B3784 
 168      D8C1B05A 
 168      99C3
 169 0097 82368A36 		.ascii	"\2026\2126\202\346G\353G\353BS\241u\243\371d\2163\213"
 169      82E647EB 
 169      47EB4253 
 169      A175A3F9 
 169      648E338B 
 170 00ab 70B95FE0 		.ascii	"p\271_\340Rr\004\320\206\027\340r/\302\305\264\233e"
 170      527204D0 
 170      8617E072 
 170      2FC2C5B4 
 170      9B65
 171 00bd AE656863 		.ascii	"\256ehc2\347\024ZP\301}\021\355\036\332)\205v\026\217"
 171      32E7145A 
 171      50C17D11 
 171      ED1EDA29 
 171      8576168F 
 172 00d1 A0F52862 		.ascii	"\240\365(b\021\231\263\371%\372Y\256\214\212\230\213"
 172      1199B3F9 
 172      25FA59AE 
 172      8C8A988B 
 173 00e1 9D411993 		.ascii	"\235A\031\223(b\364\310\353F\371\\\213\345\374\221\012"
 173      2862F4C8 
 173      EB46F95C 
 173      8BE5FC91 
 173      0A
 174 00f2 DADD8F7D 		.ascii	"\332\335\217}\306i\025\230\015\026\266<w\330\353\324"
 174      C6691598 
 174      0D16B63C 
 174      77D8EBD4 
 175 0102 E0D26450 		.ascii	"\340\322dP\263\345\371\247\301A\365\362\357(\216\203"
 175      B3E5F9A7 
 175      C141F5F2 
 175      EF288E83 
 176 0112 761AAF86 		.ascii	"v\032\257\206\214eP\003\011p\022\022\220\361\024,\307"
 176      8C655003 
 176      09701212 
 176      90F1142C 
 176      C7
 177 0123 CF4FD412 		.ascii	"\317O\324\022\323\037\3374Nj\211\012\330\274\312yw\320"
 177      D31FDF34 
 177      4E6A890A 
 177      D8BCCA79 
 177      77D0
 178 0135 90528B6E 		.ascii	"\220R\213n\016\352\361\250\242\341\312\346\177\017\200"
 178      0EEAF1A8 
 178      A2E1CAE6 
ARM GAS  C:\Users\Thomas\AppData\Local\Temp\ccYlvByK.s 			page 13


 178      7F0F80
 179 0144 E5289D68 		.ascii	"\345(\235h\010\325\017\372M\324K=\341p\007\005N\006"
 179      08D50FFA 
 179      4DD44B3D 
 179      E1700705 
 179      4E06
 180 0156 B540E034 		.ascii	"\265@\3404\2440,\233s'8\003\026t\034\232\260\217\231"
 180      A4302C9B 
 180      73273803 
 180      16741C9A 
 180      B08F99
 181 0169 C8BB9C7D 		.ascii	"\310\273\234}\266\366\337y3'q\035\251\322D(8C\235\202"
 181      B6F6DF79 
 181      3327711D 
 181      A9D24428 
 181      38439D82 
 182 017d A12EC2E0 		.ascii	"\241.\302\340\346\014\327g\356?4\221\0178\20370\267"
 182      E60CD767 
 182      EE3F3491 
 182      0F388337 
 182      30B7
 183 018f DB840CAE 		.ascii	"\333\204\014\256\006\227_fx\217\373\327+\374\353#\376"
 183      06975F66 
 183      788FFBD7 
 183      2BFCEB23 
 183      FE
 184 01a0 0DDCFFDA 		.ascii	"\015\334\377\332\334\203Tb\345\356\201\373\336\022\""
 184      DC835462 
 184      E5EE81FB 
 184      DE1222
 185 01af B93BAA95 		.ascii	"\271;\252\225\356g\025\356g#\356\215\334}\262\313~@"
 185      EE6715EE 
 185      6723EE8D 
 185      DC7DB2CB 
 185      7E40
 186 01c1 4B3EE5FE 		.ascii	"K>\345\376\243\341CC\314\177\202\206|\223\301\325?\320"
 186      A3E14343 
 186      CC7F8286 
 186      7C93C1D5 
 186      3FD0
 187 01d3 E3A5743E 		.ascii	"\343\245t>\034\226\263\320\244 i\212\2204s\222\206\231"
 187      1C96B3D0 
 187      A420698A 
 187      90347392 
 187      8699
 188 01e5 EE809E94 		.ascii	"\356\200\236\224\001g\271\336\264k\257\221\263\270\366"
 188      0167B9DE 
 188      B46BAF91 
 188      B3B8F6
 189 01f4 57EDB628 		.ascii	"W\355\266(d\264(\030Z\"\014\255\234\341\316\354\235"
 189      64B42818 
 189      5A220CAD 
 189      9CE1CEEC 
 189      9D
 190 0205 2B5A7EDF 		.ascii	"+Z~\337\253\030\307\341]mmf~\337\032\266\2548\326y\325"
 190      AB18C7E1 
 190      5D6D6D66 
ARM GAS  C:\Users\Thomas\AppData\Local\Temp\ccYlvByK.s 			page 14


 190      7EDF1AB6 
 190      AC38D679 
 191 021a 440E48FC 		.ascii	"D\016H\374\303\035{\366\350\3101iQ\362\363\371}\314"
 191      C31D7BF6 
 191      E8C83169 
 191      51F2F3F9 
 191      7DCC
 192 022c 6F9981DF 		.ascii	"o\231\201\337\343\201\336\312\313\204/\303\354g\225"
 192      E381DECA 
 192      CB842FC3 
 192      EC6795
 193 023b DFFFED1C 		.ascii	"\337\377\355\034\001C\262\203\322R\032:L\311\012\001"
 193      0143B283 
 193      D2521A3A 
 193      4CC90A01 
 194 024b 5212E0CD 		.ascii	"R\022\340\315\004\001.A2\302\270\0368\217\265s\001k"
 194      04012E41 
 194      32C2B81E 
 194      388FB573 
 194      016B
 195 025d E7045646 		.ascii	"\347\004VF\310\327Y\273\301N\327\300E0\300\271\347\212"
 195      C8D759BB 
 195      C14ED7C0 
 195      4530C0B9 
 195      E78A
 196 026f 7904B95A 		.ascii	"y\004\271Z:\3347\235:\322-)\350\015>\371\313\304\225"
 196      3ADC379D 
 196      3AD22D29 
 196      E80D3EF9 
 196      CBC495
 197 0282 C7B365E5 		.ascii	"\307\263e\345\310\275\307\204+W\261\345O3\017/\350\311"
 197      C8BDC784 
 197      2B57B1E5 
 197      4F330F2F 
 197      E8C9
 198 0294 50AC588B 		.ascii	"P\254X\213$\266\342\301\223f\035_\206\303\204\251}:"
 198      24B6E2C1 
 198      93661D5F 
 198      86C384A9 
 198      7D3A
 199 02a6 E9AED140 		.ascii	"\351\256\321@\262\201\311p\235^\002\320\205\022\256"
 199      B281C970 
 199      9D5E02D0 
 199      8512AE
 200 02b5 44255864 		.ascii	"D%Xd\011\3744\324N\343N\232\005\360\240\366\313\250"
 200      09FC34D4 
 200      4EE34E9A 
 200      05F0A0F6 
 200      CBA8
 201 02c7 1D3AF140 		.ascii	"\035:\361@\026\371@\277\342\346U\334\304(\027z\274\217"
 201      16F940BF 
 201      E2E655DC 
 201      C428177A 
 201      BC8F
 202 02d9 B4E4B6A4 		.ascii	"\264\344\266\244\340Y\233\335\256\"\323|\021w\265\277"
 202      E0599BDD 
 202      AE22D37C 
ARM GAS  C:\Users\Thomas\AppData\Local\Temp\ccYlvByK.s 			page 15


 202      1177B5BF 
 203 02e9 65BF1A12 		.ascii	"e\277\032\022\023\227&'\272\2201\344\263\377hvR\327"
 203      13972627 
 203      BA9031E4 
 203      B3FF6876 
 203      52D7
 204 02fb 6529EE35 		.ascii	"e)\3565\214\333\013K\243\374o\260\267\345a/L`\360\211"
 204      8CDB0B4B 
 204      A3FC6FB0 
 204      B7E5612F 
 204      4C60F089 
 205 030f FBAD599E 		.ascii	"\373\255Y\236\022\302\323\324!c\345\324r\344[\014x\210"
 205      12C2D3D4 
 205      2163E5D4 
 205      72E45B0C 
 205      7888
 206 0321 3F514AD7 		.ascii	"?QJ\327\024\010\360\013\022\265\361\007\312\240(\023"
 206      1408F00B 
 206      12B5F107 
 206      CAA02813 
 207 0331 7E43C53D 		.ascii	"~C\305=\220\010\335h>H\344gcg\237\230~[\307@B\244Z\244"
 207      9008DD68 
 207      3E48E467 
 207      63679F98 
 207      7E5BC740 
 208 0349 C1A3FED9 		.ascii	"\301\243\376\331\366\231\247\224p\205\336\005\025\326"
 208      F699A794 
 208      7085DE05 
 208      15D6
 209 0357 708598CD 		.ascii	"p\205\230\315\316KS\327t\220\274\2243>\325\000\364#"
 209      CE4B53D7 
 209      7490BC94 
 209      333ED500 
 209      F423
 210 0369 B63D9A4D 		.ascii	"\266=\232M\026\200\217\205DB\037j{\231NL\346\314\271"
 210      16808F85 
 210      44421F6A 
 210      7B994E4C 
 210      E6CCB9
 211 037c 013B90C7 		.ascii	"\001;\220\307r\325\237\365T\033\322\232\251\303\265"
 211      72D59FF5 
 211      541BD29A 
 211      A9C3B5
 212 038b 82076278 		.ascii	"\202\007bxVV\314\207\335\206O\372f\3201\337\321Ym\322"
 212      5656CC87 
 212      DD864FFA 
 212      66D031DF 
 212      D1596DD2 
 213 039f 71BCE350 		.ascii	"q\274\343P\375\350\024\224P\027\336&{#\334q@R\250H\327"
 213      FDE81494 
 213      5017DE26 
 213      7B23DC71 
 213      4052A848 
 214 03b4 007B2A70 		.ascii	"\000{*p\035\322\004\270\001I\2549\366\335\032'd^\012"
 214      1DD204B8 
 214      0149AC39 
 214      F6DD1A27 
ARM GAS  C:\Users\Thomas\AppData\Local\Temp\ccYlvByK.s 			page 16


 214      645E0A
 215 03c7 1C72EC7F 		.ascii	"\034r\354\177\24068X=\274bI\250*\352\306*A\256\263\220"
 215      A0363858 
 215      3DBC6249 
 215      A82AEAC6 
 215      2A41AEB3 
 216 03dc AFBAC3D4 		.ascii	"\257\272\303\324M\251\016\2061\2457\243\351\031\204"
 216      4DA90E86 
 216      31A537A3 
 216      E91984
 217 03eb 68B52D40 		.ascii	"h\265-@=\264p\265\355\233\376\273\312\030Q\343x%\227"
 217      3DB470B5 
 217      ED9BFEBB 
 217      CA1851E3 
 217      782597
 218 03fe 5357DA8F 		.ascii	"SW\332\217\030M\345\254\246\261\231\353\275f\030A%\321"
 218      184DE5AC 
 218      A6B199EB 
 218      BD661841 
 218      25D1
 219 0410 763E0A26 		.ascii	"v>\012&\336(\360\033\3215\275U\363\372\0304KZ\024\355"
 219      DE28F01B 
 219      D135BD55 
 219      F3FA1834 
 219      4B5A14ED 
 220 0424 97D17E8E 		.ascii	"\227\321~\216\256>\324Eb\300\3031\324\001\031\034\340"
 220      AE3ED445 
 220      62C0C331 
 220      D401191C 
 220      E0
 221 0435 E08AEF7B 		.ascii	"\340\212\357{\217hI\031\377\253PO\315\215\317j!A\237"
 221      8F684919 
 221      FFAB504F 
 221      CD8DCF6A 
 221      21419F
 222 0448 9CE0C4DC 		.ascii	"\234\340\304\334\214\201^\330\303{H\351\301\370/\237"
 222      8C815ED8 
 222      C37B48E9 
 222      C1F82F9F 
 223 0458 F790713C 		.ascii	"\367\220q<\021\373I\200\333\310yG\356 \016l\036\270"
 223      11FB4980 
 223      DBC87947 
 223      EE200E6C 
 223      1EB8
 224 046a 0BB7E416 		.ascii	"\013\267\344\026'\015'\356KD\354\003\303\321\212\275"
 224      270D27EE 
 224      4B44EC03 
 224      C3D18ABD 
 225 047a 2774A45C 		.ascii	"'t\244\\\372gj\371\247\274}\211\224\267\377oSx\205\203"
 225      FA676AF9 
 225      A7BC7D89 
 225      94B7FF6F 
 225      53788583 
 226 048e 7DE5C37A 		.ascii	"}\345\303z\251\261\275\3501\271Hcs=K\325A\020\317?\021"
 226      A9B1BDE8 
 226      31B94863 
 226      733D4BD5 
ARM GAS  C:\Users\Thomas\AppData\Local\Temp\ccYlvByK.s 			page 17


 226      4110CF3F 
 227 04a3 BDE4BB10 		.ascii	"\275\344\273\020\355j_\007+}\246\230d\005c\2225%'k\212"
 227      ED6A5F07 
 227      2B7DA698 
 227      64056392 
 227      3525276B 
 228 04b8 276BDCE9 		.ascii	"'k\334\351)W\307\240Y\207\217\242\357\201)\022\004\247"
 228      2957C7A0 
 228      59878FA2 
 228      EF812912 
 228      04A7
 229 04ca C2928CD4 		.ascii	"\302\222\214\324lk\316Wb\272-\357\363m[5\353?\332dI"
 229      6C6BCE57 
 229      62BA2DEF 
 229      F36D5B35 
 229      EB3FDA64 
 230 04df 175E5F99 		.ascii	"\027^_\231\265^\314\023\013r\212\304-\331V[qA\256\230"
 230      B55ECC13 
 230      0B728AC4 
 230      2DD9565B 
 230      7141AE98 
 231 04f3 9561B5A5 		.ascii	"\225a\265\245\277\223\205\350\214\017W\346\012\3618"
 231      BF9385E8 
 231      8C0F57E6 
 231      0AF138
 232 0502 C9140B8B 		.ascii	"\311\024\013\213l\005\262\247\216\361\354\020\305|="
 232      6C05B2A7 
 232      8EF1EC10 
 232      C57C3D
 233 0511 4E3ECED9 		.ascii	"N>\316\331.\026\347k\331V\221-\377\265\227\260\255\374"
 233      2E16E76B 
 233      D956912D 
 233      FFB597B0 
 233      ADFC
 234 0523 42600EEF 		.ascii	"B`\016\357\347\345l\336!2\322uk\3237l\312\310\266n\314"
 234      E7E56CDE 
 234      2132D275 
 234      6BD3376C 
 234      CAC8B66E 
 235 0538 DC94BE31 		.ascii	"\334\224\2761\256x[^\321\352\244E\375sw\026\355\314"
 235      AE785B5E 
 235      D1EAA445 
 235      FD737716 
 235      EDCC
 236 054a 170B91C4 		.ascii	"\027\013\221\304(r\006k\021\2024\314+5\315X\210\307"
 236      2872066B 
 236      118234CC 
 236      2B35CD58 
 236      88C7
 237 055c B216AC5D 		.ascii	"\262\026\254]\225)n\215\314Sq\316\342m\316\311\335^"
 237      95296E8D 
 237      CC5371CE 
 237      E26DCEC9 
 237      DD5E
 238 056e 9C1F5720 		.ascii	"\234\037W nMM\213\313^g\263\355P\343|\365\177\360\230"
 238      6E4D4D8B 
 238      CB5E67B3 
ARM GAS  C:\Users\Thomas\AppData\Local\Temp\ccYlvByK.s 			page 18


 238      ED50E37C 
 238      F57FF098 
 239 0582 E189     		.ascii	"\341\211"
 240              		.text
 241              		.section	.gnu.lto_.symtab.bdb9d81f,"",%progbits
 242 0000 50315F53 		.ascii	"P1_SaveConfig\000\000\000\000\000\000\000\000\000\000"
 242      61766543 
 242      6F6E6669 
 242      67000000 
 242      00000000 
 243 0017 0000AC00 		.ascii	"\000\000\254\000\000\000P1_RestoreConfig\000\000\000"
 243      00005031 
 243      5F526573 
 243      746F7265 
 243      436F6E66 
 244 0030 00000000 		.ascii	"\000\000\000\000\000\000\000\000\000\256\000\000\000"
 244      00000000 
 244      00AE0000 
 244      00
 245 003d 50315F53 		.ascii	"P1_Sleep\000\000\000\000\000\000\000\000\000\000\000"
 245      6C656570 
 245      00000000 
 245      00000000 
 245      000000
 246 0050 00B00000 		.ascii	"\000\260\000\000\000P1_Wakeup\000\000\000\000\000\000"
 246      0050315F 
 246      57616B65 
 246      75700000 
 246      00000000 
 247 0064 00000000 		.ascii	"\000\000\000\000\000\000\262\000\000\000P1_Stop\000"
 247      0000B200 
 247      00005031 
 247      5F53746F 
 247      7000
 248 0076 00020000 		.ascii	"\000\002\000\000\000\000\000\000\000\000\000\264\000"
 248      00000000 
 248      000000B4 
 248      00
 249 0083 00005031 		.ascii	"\000\000P1_Enable\000\000\002\000\000\000\000\000\000"
 249      5F456E61 
 249      626C6500 
 249      00020000 
 249      00000000 
 250 0097 000000B6 		.ascii	"\000\000\000\266\000\000\000"
 250      000000
 251              		.text
 252              		.section	.gnu.lto_.opts,"",%progbits
 253 0000 272D666E 		.ascii	"'-fno-trapv' '-mcpu=cortex-m3' '-mthumb' '-g' '-O3'"
 253      6F2D7472 
 253      61707627 
 253      20272D6D 
 253      6370753D 
 254 0033 20272D66 		.ascii	" '-ffunction-sections' '-finline-functions' '-flto'"
 254      66756E63 
 254      74696F6E 
 254      2D736563 
 254      74696F6E 
ARM GAS  C:\Users\Thomas\AppData\Local\Temp\ccYlvByK.s 			page 19


 255 0066 20272D66 		.ascii	" '-ffat-lto-objects'\000"
 255      6661742D 
 255      6C746F2D 
 255      6F626A65 
 255      63747327 
 256              		.text
 257              		.cfi_sections	.debug_frame
 258              		.section	.text.P1_SaveConfig,"ax",%progbits
 259              		.align	2
 260              		.global	P1_SaveConfig
 261              		.thumb
 262              		.thumb_func
 263              		.type	P1_SaveConfig, %function
 264              	P1_SaveConfig:
 265              	.LFB0:
 266              		.file 1 ".\\Generated_Source\\PSoC5\\P1_PM.c"
   1:.\Generated_Source\PSoC5/P1_PM.c **** /*******************************************************************************
   2:.\Generated_Source\PSoC5/P1_PM.c **** * File Name: P1_PM.c
   3:.\Generated_Source\PSoC5/P1_PM.c **** * Version 2.30
   4:.\Generated_Source\PSoC5/P1_PM.c **** *
   5:.\Generated_Source\PSoC5/P1_PM.c **** * Description:
   6:.\Generated_Source\PSoC5/P1_PM.c **** *  This file provides the API source code for sleep mode support for Shift
   7:.\Generated_Source\PSoC5/P1_PM.c **** *  Register component.
   8:.\Generated_Source\PSoC5/P1_PM.c **** *
   9:.\Generated_Source\PSoC5/P1_PM.c **** * Note:
  10:.\Generated_Source\PSoC5/P1_PM.c **** *
  11:.\Generated_Source\PSoC5/P1_PM.c **** ********************************************************************************
  12:.\Generated_Source\PSoC5/P1_PM.c **** * Copyright 2008-2013, Cypress Semiconductor Corporation.  All rights reserved.
  13:.\Generated_Source\PSoC5/P1_PM.c **** * You may use this file only in accordance with the license, terms, conditions,
  14:.\Generated_Source\PSoC5/P1_PM.c **** * disclaimers, and limitations in the end user license agreement accompanying
  15:.\Generated_Source\PSoC5/P1_PM.c **** * the software package with which this file was provided.
  16:.\Generated_Source\PSoC5/P1_PM.c **** *******************************************************************************/
  17:.\Generated_Source\PSoC5/P1_PM.c **** 
  18:.\Generated_Source\PSoC5/P1_PM.c **** #include "P1.h"
  19:.\Generated_Source\PSoC5/P1_PM.c **** 
  20:.\Generated_Source\PSoC5/P1_PM.c **** static P1_BACKUP_STRUCT P1_backup =
  21:.\Generated_Source\PSoC5/P1_PM.c **** {
  22:.\Generated_Source\PSoC5/P1_PM.c ****     P1_DISABLED,
  23:.\Generated_Source\PSoC5/P1_PM.c **** 
  24:.\Generated_Source\PSoC5/P1_PM.c ****     ((uint16) P1_DEFAULT_A0),
  25:.\Generated_Source\PSoC5/P1_PM.c ****     ((uint16) P1_DEFAULT_A1),
  26:.\Generated_Source\PSoC5/P1_PM.c **** 
  27:.\Generated_Source\PSoC5/P1_PM.c ****     #if(CY_UDB_V0)
  28:.\Generated_Source\PSoC5/P1_PM.c ****         ((uint16) P1_INT_SRC),
  29:.\Generated_Source\PSoC5/P1_PM.c ****     #endif /* (CY_UDB_V0) */
  30:.\Generated_Source\PSoC5/P1_PM.c **** };
  31:.\Generated_Source\PSoC5/P1_PM.c **** 
  32:.\Generated_Source\PSoC5/P1_PM.c **** 
  33:.\Generated_Source\PSoC5/P1_PM.c **** /*******************************************************************************
  34:.\Generated_Source\PSoC5/P1_PM.c **** * Function Name: P1_SaveConfig
  35:.\Generated_Source\PSoC5/P1_PM.c **** ********************************************************************************
  36:.\Generated_Source\PSoC5/P1_PM.c **** *
  37:.\Generated_Source\PSoC5/P1_PM.c **** * Summary:
  38:.\Generated_Source\PSoC5/P1_PM.c **** *  Saves Shift Register configuration.
  39:.\Generated_Source\PSoC5/P1_PM.c **** *
  40:.\Generated_Source\PSoC5/P1_PM.c **** * Parameters:
  41:.\Generated_Source\PSoC5/P1_PM.c **** *  None.
ARM GAS  C:\Users\Thomas\AppData\Local\Temp\ccYlvByK.s 			page 20


  42:.\Generated_Source\PSoC5/P1_PM.c **** *
  43:.\Generated_Source\PSoC5/P1_PM.c **** * Return:
  44:.\Generated_Source\PSoC5/P1_PM.c **** *  None.
  45:.\Generated_Source\PSoC5/P1_PM.c **** *
  46:.\Generated_Source\PSoC5/P1_PM.c **** * Reentrant:
  47:.\Generated_Source\PSoC5/P1_PM.c **** *  No.
  48:.\Generated_Source\PSoC5/P1_PM.c **** *
  49:.\Generated_Source\PSoC5/P1_PM.c **** *******************************************************************************/
  50:.\Generated_Source\PSoC5/P1_PM.c **** void P1_SaveConfig(void) 
  51:.\Generated_Source\PSoC5/P1_PM.c **** {
 267              		.loc 1 51 0
 268              		.cfi_startproc
 269              		@ args = 0, pretend = 0, frame = 0
 270              		@ frame_needed = 0, uses_anonymous_args = 0
 271              		@ link register save eliminated.
  52:.\Generated_Source\PSoC5/P1_PM.c ****     /* Store working registers A0 and A1 */
  53:.\Generated_Source\PSoC5/P1_PM.c ****     P1_backup.saveSrA0Reg   = CY_GET_REG16(P1_SHIFT_REG_LSB_PTR);
 272              		.loc 1 53 0
 273 0000 034B     		ldr	r3, .L2
  54:.\Generated_Source\PSoC5/P1_PM.c ****     P1_backup.saveSrA1Reg   = CY_GET_REG16(P1_SHIFT_REG_VALUE_LSB_PTR);
 274              		.loc 1 54 0
 275 0002 044A     		ldr	r2, .L2+4
  53:.\Generated_Source\PSoC5/P1_PM.c ****     P1_backup.saveSrA1Reg   = CY_GET_REG16(P1_SHIFT_REG_VALUE_LSB_PTR);
 276              		.loc 1 53 0
 277 0004 1988     		ldrh	r1, [r3]
 278 0006 044B     		ldr	r3, .L2+8
 279              		.loc 1 54 0
 280 0008 1288     		ldrh	r2, [r2]
  53:.\Generated_Source\PSoC5/P1_PM.c ****     P1_backup.saveSrA1Reg   = CY_GET_REG16(P1_SHIFT_REG_VALUE_LSB_PTR);
 281              		.loc 1 53 0
 282 000a 5980     		strh	r1, [r3, #2]	@ movhi
 283              		.loc 1 54 0
 284 000c 9A80     		strh	r2, [r3, #4]	@ movhi
 285 000e 7047     		bx	lr
 286              	.L3:
 287              		.align	2
 288              	.L2:
 289 0010 08640040 		.word	1073767432
 290 0014 18640040 		.word	1073767448
 291 0018 00000000 		.word	.LANCHOR0
 292              		.cfi_endproc
 293              	.LFE0:
 294              		.size	P1_SaveConfig, .-P1_SaveConfig
 295              		.section	.text.P1_RestoreConfig,"ax",%progbits
 296              		.align	2
 297              		.global	P1_RestoreConfig
 298              		.thumb
 299              		.thumb_func
 300              		.type	P1_RestoreConfig, %function
 301              	P1_RestoreConfig:
 302              	.LFB1:
  55:.\Generated_Source\PSoC5/P1_PM.c **** 
  56:.\Generated_Source\PSoC5/P1_PM.c ****     #if(CY_UDB_V0)
  57:.\Generated_Source\PSoC5/P1_PM.c ****         P1_backup.saveSrIntMask = P1_SR_STATUS_MASK;
  58:.\Generated_Source\PSoC5/P1_PM.c ****     #endif /* (CY_UDB_V0) */
  59:.\Generated_Source\PSoC5/P1_PM.c **** }
  60:.\Generated_Source\PSoC5/P1_PM.c **** 
ARM GAS  C:\Users\Thomas\AppData\Local\Temp\ccYlvByK.s 			page 21


  61:.\Generated_Source\PSoC5/P1_PM.c **** 
  62:.\Generated_Source\PSoC5/P1_PM.c **** /*******************************************************************************
  63:.\Generated_Source\PSoC5/P1_PM.c **** * Function Name: P1_RestoreConfig
  64:.\Generated_Source\PSoC5/P1_PM.c **** ********************************************************************************
  65:.\Generated_Source\PSoC5/P1_PM.c **** *
  66:.\Generated_Source\PSoC5/P1_PM.c **** * Summary:
  67:.\Generated_Source\PSoC5/P1_PM.c **** *  Restores Shift Register configuration.
  68:.\Generated_Source\PSoC5/P1_PM.c **** *
  69:.\Generated_Source\PSoC5/P1_PM.c **** * Parameters:
  70:.\Generated_Source\PSoC5/P1_PM.c **** *  None.
  71:.\Generated_Source\PSoC5/P1_PM.c **** *
  72:.\Generated_Source\PSoC5/P1_PM.c **** * Return:
  73:.\Generated_Source\PSoC5/P1_PM.c **** *  None.
  74:.\Generated_Source\PSoC5/P1_PM.c **** *
  75:.\Generated_Source\PSoC5/P1_PM.c **** *******************************************************************************/
  76:.\Generated_Source\PSoC5/P1_PM.c **** void P1_RestoreConfig(void) 
  77:.\Generated_Source\PSoC5/P1_PM.c **** {
 303              		.loc 1 77 0
 304              		.cfi_startproc
 305              		@ args = 0, pretend = 0, frame = 0
 306              		@ frame_needed = 0, uses_anonymous_args = 0
 307              		@ link register save eliminated.
  78:.\Generated_Source\PSoC5/P1_PM.c ****     /* Restore working registers A0 and A1 */
  79:.\Generated_Source\PSoC5/P1_PM.c ****     CY_SET_REG16(P1_SHIFT_REG_LSB_PTR, P1_backup.saveSrA0Reg);
 308              		.loc 1 79 0
 309 0000 034B     		ldr	r3, .L5
 310 0002 0449     		ldr	r1, .L5+4
  80:.\Generated_Source\PSoC5/P1_PM.c ****     CY_SET_REG16(P1_SHIFT_REG_VALUE_LSB_PTR, P1_backup.saveSrA1Reg);
 311              		.loc 1 80 0
 312 0004 9A88     		ldrh	r2, [r3, #4]
  79:.\Generated_Source\PSoC5/P1_PM.c ****     CY_SET_REG16(P1_SHIFT_REG_VALUE_LSB_PTR, P1_backup.saveSrA1Reg);
 313              		.loc 1 79 0
 314 0006 5888     		ldrh	r0, [r3, #2]
 315              		.loc 1 80 0
 316 0008 034B     		ldr	r3, .L5+8
  79:.\Generated_Source\PSoC5/P1_PM.c ****     CY_SET_REG16(P1_SHIFT_REG_VALUE_LSB_PTR, P1_backup.saveSrA1Reg);
 317              		.loc 1 79 0
 318 000a 0880     		strh	r0, [r1]	@ movhi
 319              		.loc 1 80 0
 320 000c 1A80     		strh	r2, [r3]	@ movhi
 321 000e 7047     		bx	lr
 322              	.L6:
 323              		.align	2
 324              	.L5:
 325 0010 00000000 		.word	.LANCHOR0
 326 0014 08640040 		.word	1073767432
 327 0018 18640040 		.word	1073767448
 328              		.cfi_endproc
 329              	.LFE1:
 330              		.size	P1_RestoreConfig, .-P1_RestoreConfig
 331              		.section	.text.P1_Sleep,"ax",%progbits
 332              		.align	2
 333              		.global	P1_Sleep
 334              		.thumb
 335              		.thumb_func
 336              		.type	P1_Sleep, %function
 337              	P1_Sleep:
ARM GAS  C:\Users\Thomas\AppData\Local\Temp\ccYlvByK.s 			page 22


 338              	.LFB2:
  81:.\Generated_Source\PSoC5/P1_PM.c **** 
  82:.\Generated_Source\PSoC5/P1_PM.c ****     #if(CY_UDB_V0)
  83:.\Generated_Source\PSoC5/P1_PM.c ****         P1_SR_STATUS_MASK = ((uint8) P1_backup.saveSrIntMask);
  84:.\Generated_Source\PSoC5/P1_PM.c ****     #endif /* (CY_UDB_V0) */
  85:.\Generated_Source\PSoC5/P1_PM.c **** }
  86:.\Generated_Source\PSoC5/P1_PM.c **** 
  87:.\Generated_Source\PSoC5/P1_PM.c **** 
  88:.\Generated_Source\PSoC5/P1_PM.c **** /*******************************************************************************
  89:.\Generated_Source\PSoC5/P1_PM.c **** * Function Name: P1_Sleep
  90:.\Generated_Source\PSoC5/P1_PM.c **** ********************************************************************************
  91:.\Generated_Source\PSoC5/P1_PM.c **** *
  92:.\Generated_Source\PSoC5/P1_PM.c **** * Summary:
  93:.\Generated_Source\PSoC5/P1_PM.c **** *  Prepare the component to enter a Sleep mode.
  94:.\Generated_Source\PSoC5/P1_PM.c **** *
  95:.\Generated_Source\PSoC5/P1_PM.c **** * Parameters:
  96:.\Generated_Source\PSoC5/P1_PM.c **** *  None.
  97:.\Generated_Source\PSoC5/P1_PM.c **** *
  98:.\Generated_Source\PSoC5/P1_PM.c **** * Return:
  99:.\Generated_Source\PSoC5/P1_PM.c **** *  None.
 100:.\Generated_Source\PSoC5/P1_PM.c **** *
 101:.\Generated_Source\PSoC5/P1_PM.c **** * Reentrant:
 102:.\Generated_Source\PSoC5/P1_PM.c **** *  No.
 103:.\Generated_Source\PSoC5/P1_PM.c **** *
 104:.\Generated_Source\PSoC5/P1_PM.c **** *******************************************************************************/
 105:.\Generated_Source\PSoC5/P1_PM.c **** void P1_Sleep(void) 
 106:.\Generated_Source\PSoC5/P1_PM.c **** {
 339              		.loc 1 106 0
 340              		.cfi_startproc
 341              		@ args = 0, pretend = 0, frame = 0
 342              		@ frame_needed = 0, uses_anonymous_args = 0
 343 0000 10B5     		push	{r4, lr}
 344              		.cfi_def_cfa_offset 8
 345              		.cfi_offset 4, -8
 346              		.cfi_offset 14, -4
 107:.\Generated_Source\PSoC5/P1_PM.c ****     P1_backup.enableState = ((uint8) P1_IS_ENABLED);
 347              		.loc 1 107 0
 348 0002 074B     		ldr	r3, .L9
 349 0004 074C     		ldr	r4, .L9+4
 350 0006 1B78     		ldrb	r3, [r3]	@ zero_extendqisi2
 351 0008 03F00103 		and	r3, r3, #1
 352 000c 2370     		strb	r3, [r4]
 108:.\Generated_Source\PSoC5/P1_PM.c **** 
 109:.\Generated_Source\PSoC5/P1_PM.c ****     P1_Stop();
 353              		.loc 1 109 0
 354 000e FFF7FEFF 		bl	P1_Stop
 355              	.LVL0:
 356              	.LBB6:
 357              	.LBB7:
  53:.\Generated_Source\PSoC5/P1_PM.c ****     P1_backup.saveSrA1Reg   = CY_GET_REG16(P1_SHIFT_REG_VALUE_LSB_PTR);
 358              		.loc 1 53 0
 359 0012 054A     		ldr	r2, .L9+8
  54:.\Generated_Source\PSoC5/P1_PM.c **** 
 360              		.loc 1 54 0
 361 0014 054B     		ldr	r3, .L9+12
  53:.\Generated_Source\PSoC5/P1_PM.c ****     P1_backup.saveSrA1Reg   = CY_GET_REG16(P1_SHIFT_REG_VALUE_LSB_PTR);
 362              		.loc 1 53 0
ARM GAS  C:\Users\Thomas\AppData\Local\Temp\ccYlvByK.s 			page 23


 363 0016 1288     		ldrh	r2, [r2]
  54:.\Generated_Source\PSoC5/P1_PM.c **** 
 364              		.loc 1 54 0
 365 0018 1B88     		ldrh	r3, [r3]
  53:.\Generated_Source\PSoC5/P1_PM.c ****     P1_backup.saveSrA1Reg   = CY_GET_REG16(P1_SHIFT_REG_VALUE_LSB_PTR);
 366              		.loc 1 53 0
 367 001a 6280     		strh	r2, [r4, #2]	@ movhi
  54:.\Generated_Source\PSoC5/P1_PM.c **** 
 368              		.loc 1 54 0
 369 001c A380     		strh	r3, [r4, #4]	@ movhi
 370 001e 10BD     		pop	{r4, pc}
 371              	.L10:
 372              		.align	2
 373              	.L9:
 374 0020 79640040 		.word	1073767545
 375 0024 00000000 		.word	.LANCHOR0
 376 0028 08640040 		.word	1073767432
 377 002c 18640040 		.word	1073767448
 378              	.LBE7:
 379              	.LBE6:
 380              		.cfi_endproc
 381              	.LFE2:
 382              		.size	P1_Sleep, .-P1_Sleep
 383              		.section	.text.P1_Wakeup,"ax",%progbits
 384              		.align	2
 385              		.global	P1_Wakeup
 386              		.thumb
 387              		.thumb_func
 388              		.type	P1_Wakeup, %function
 389              	P1_Wakeup:
 390              	.LFB3:
 110:.\Generated_Source\PSoC5/P1_PM.c ****     P1_SaveConfig();
 111:.\Generated_Source\PSoC5/P1_PM.c **** }
 112:.\Generated_Source\PSoC5/P1_PM.c **** 
 113:.\Generated_Source\PSoC5/P1_PM.c **** 
 114:.\Generated_Source\PSoC5/P1_PM.c **** /*******************************************************************************
 115:.\Generated_Source\PSoC5/P1_PM.c **** * Function Name: P1_Wakeup
 116:.\Generated_Source\PSoC5/P1_PM.c **** ********************************************************************************
 117:.\Generated_Source\PSoC5/P1_PM.c **** *
 118:.\Generated_Source\PSoC5/P1_PM.c **** * Summary:
 119:.\Generated_Source\PSoC5/P1_PM.c **** *  Restores and enables the user configuration.
 120:.\Generated_Source\PSoC5/P1_PM.c **** *
 121:.\Generated_Source\PSoC5/P1_PM.c **** * Parameters:
 122:.\Generated_Source\PSoC5/P1_PM.c **** *  None.
 123:.\Generated_Source\PSoC5/P1_PM.c **** *
 124:.\Generated_Source\PSoC5/P1_PM.c **** * Return:
 125:.\Generated_Source\PSoC5/P1_PM.c **** *  None.
 126:.\Generated_Source\PSoC5/P1_PM.c **** *
 127:.\Generated_Source\PSoC5/P1_PM.c **** *******************************************************************************/
 128:.\Generated_Source\PSoC5/P1_PM.c **** void P1_Wakeup(void) 
 129:.\Generated_Source\PSoC5/P1_PM.c **** {
 391              		.loc 1 129 0
 392              		.cfi_startproc
 393              		@ args = 0, pretend = 0, frame = 0
 394              		@ frame_needed = 0, uses_anonymous_args = 0
 395              		@ link register save eliminated.
 396 0000 10B4     		push	{r4}
ARM GAS  C:\Users\Thomas\AppData\Local\Temp\ccYlvByK.s 			page 24


 397              		.cfi_def_cfa_offset 4
 398              		.cfi_offset 4, -4
 399              	.LBB8:
 400              	.LBB9:
  79:.\Generated_Source\PSoC5/P1_PM.c ****     CY_SET_REG16(P1_SHIFT_REG_VALUE_LSB_PTR, P1_backup.saveSrA1Reg);
 401              		.loc 1 79 0
 402 0002 084B     		ldr	r3, .L16
 403 0004 0848     		ldr	r0, .L16+4
 404 0006 5C88     		ldrh	r4, [r3, #2]
  80:.\Generated_Source\PSoC5/P1_PM.c **** 
 405              		.loc 1 80 0
 406 0008 9988     		ldrh	r1, [r3, #4]
 407 000a 084A     		ldr	r2, .L16+8
  79:.\Generated_Source\PSoC5/P1_PM.c ****     CY_SET_REG16(P1_SHIFT_REG_VALUE_LSB_PTR, P1_backup.saveSrA1Reg);
 408              		.loc 1 79 0
 409 000c 0480     		strh	r4, [r0]	@ movhi
  80:.\Generated_Source\PSoC5/P1_PM.c **** 
 410              		.loc 1 80 0
 411 000e 1180     		strh	r1, [r2]	@ movhi
 412              	.LBE9:
 413              	.LBE8:
 130:.\Generated_Source\PSoC5/P1_PM.c ****     P1_RestoreConfig();
 131:.\Generated_Source\PSoC5/P1_PM.c **** 
 132:.\Generated_Source\PSoC5/P1_PM.c ****     if(0u != P1_backup.enableState)
 414              		.loc 1 132 0
 415 0010 1B78     		ldrb	r3, [r3]	@ zero_extendqisi2
 416 0012 13B9     		cbnz	r3, .L15
 133:.\Generated_Source\PSoC5/P1_PM.c ****     {
 134:.\Generated_Source\PSoC5/P1_PM.c ****         P1_Enable();
 135:.\Generated_Source\PSoC5/P1_PM.c ****     }
 136:.\Generated_Source\PSoC5/P1_PM.c **** }
 417              		.loc 1 136 0
 418 0014 5DF8044B 		ldr	r4, [sp], #4
 419              		.cfi_remember_state
 420              		.cfi_restore 4
 421              		.cfi_def_cfa_offset 0
 422 0018 7047     		bx	lr
 423              	.L15:
 424              		.cfi_restore_state
 425 001a 5DF8044B 		ldr	r4, [sp], #4
 426              		.cfi_restore 4
 427              		.cfi_def_cfa_offset 0
 134:.\Generated_Source\PSoC5/P1_PM.c ****     }
 428              		.loc 1 134 0
 429 001e FFF7FEBF 		b	P1_Enable
 430              	.LVL1:
 431              	.L17:
 432 0022 00BF     		.align	2
 433              	.L16:
 434 0024 00000000 		.word	.LANCHOR0
 435 0028 08640040 		.word	1073767432
 436 002c 18640040 		.word	1073767448
 437              		.cfi_endproc
 438              	.LFE3:
 439              		.size	P1_Wakeup, .-P1_Wakeup
 440              		.bss
 441              		.align	2
ARM GAS  C:\Users\Thomas\AppData\Local\Temp\ccYlvByK.s 			page 25


 442              		.set	.LANCHOR0,. + 0
 443              		.type	P1_backup, %object
 444              		.size	P1_backup, 6
 445              	P1_backup:
 446 0000 00000000 		.space	6
 446      0000
 447 0006 0000     		.text
 448              	.Letext0:
 449              		.file 2 ".\\Generated_Source\\PSoC5\\cytypes.h"
 450              		.file 3 ".\\Generated_Source\\PSoC5\\P1.h"
 451              		.section	.debug_info,"",%progbits
 452              	.Ldebug_info0:
 453 0000 9F010000 		.4byte	0x19f
 454 0004 0400     		.2byte	0x4
 455 0006 00000000 		.4byte	.Ldebug_abbrev0
 456 000a 04       		.byte	0x4
 457 000b 01       		.uleb128 0x1
 458 000c 2F010000 		.4byte	.LASF27
 459 0010 01       		.byte	0x1
 460 0011 1C020000 		.4byte	.LASF28
 461 0015 B2000000 		.4byte	.LASF29
 462 0019 00000000 		.4byte	.Ldebug_ranges0+0
 463 001d 00000000 		.4byte	0
 464 0021 00000000 		.4byte	.Ldebug_line0
 465 0025 02       		.uleb128 0x2
 466 0026 01       		.byte	0x1
 467 0027 06       		.byte	0x6
 468 0028 04020000 		.4byte	.LASF0
 469 002c 02       		.uleb128 0x2
 470 002d 01       		.byte	0x1
 471 002e 08       		.byte	0x8
 472 002f 9D000000 		.4byte	.LASF1
 473 0033 02       		.uleb128 0x2
 474 0034 02       		.byte	0x2
 475 0035 05       		.byte	0x5
 476 0036 DB010000 		.4byte	.LASF2
 477 003a 02       		.uleb128 0x2
 478 003b 02       		.byte	0x2
 479 003c 07       		.byte	0x7
 480 003d 1A000000 		.4byte	.LASF3
 481 0041 02       		.uleb128 0x2
 482 0042 04       		.byte	0x4
 483 0043 05       		.byte	0x5
 484 0044 E5010000 		.4byte	.LASF4
 485 0048 02       		.uleb128 0x2
 486 0049 04       		.byte	0x4
 487 004a 07       		.byte	0x7
 488 004b 85000000 		.4byte	.LASF5
 489 004f 02       		.uleb128 0x2
 490 0050 08       		.byte	0x8
 491 0051 05       		.byte	0x5
 492 0052 21010000 		.4byte	.LASF6
 493 0056 02       		.uleb128 0x2
 494 0057 08       		.byte	0x8
 495 0058 07       		.byte	0x7
 496 0059 01010000 		.4byte	.LASF7
 497 005d 03       		.uleb128 0x3
ARM GAS  C:\Users\Thomas\AppData\Local\Temp\ccYlvByK.s 			page 26


 498 005e 04       		.byte	0x4
 499 005f 05       		.byte	0x5
 500 0060 696E7400 		.ascii	"int\000"
 501 0064 02       		.uleb128 0x2
 502 0065 04       		.byte	0x4
 503 0066 07       		.byte	0x7
 504 0067 F4000000 		.4byte	.LASF8
 505 006b 04       		.uleb128 0x4
 506 006c 97000000 		.4byte	.LASF9
 507 0070 02       		.byte	0x2
 508 0071 9201     		.2byte	0x192
 509 0073 2C000000 		.4byte	0x2c
 510 0077 04       		.uleb128 0x4
 511 0078 ED000000 		.4byte	.LASF10
 512 007c 02       		.byte	0x2
 513 007d 9301     		.2byte	0x193
 514 007f 3A000000 		.4byte	0x3a
 515 0083 02       		.uleb128 0x2
 516 0084 04       		.byte	0x4
 517 0085 04       		.byte	0x4
 518 0086 06000000 		.4byte	.LASF11
 519 008a 02       		.uleb128 0x2
 520 008b 08       		.byte	0x8
 521 008c 04       		.byte	0x4
 522 008d AB000000 		.4byte	.LASF12
 523 0091 02       		.uleb128 0x2
 524 0092 01       		.byte	0x1
 525 0093 08       		.byte	0x8
 526 0094 D6010000 		.4byte	.LASF13
 527 0098 04       		.uleb128 0x4
 528 0099 76000000 		.4byte	.LASF14
 529 009d 02       		.byte	0x2
 530 009e 3C02     		.2byte	0x23c
 531 00a0 A4000000 		.4byte	0xa4
 532 00a4 05       		.uleb128 0x5
 533 00a5 6B000000 		.4byte	0x6b
 534 00a9 04       		.uleb128 0x4
 535 00aa 00000000 		.4byte	.LASF15
 536 00ae 02       		.byte	0x2
 537 00af 3D02     		.2byte	0x23d
 538 00b1 B5000000 		.4byte	0xb5
 539 00b5 05       		.uleb128 0x5
 540 00b6 77000000 		.4byte	0x77
 541 00ba 02       		.uleb128 0x2
 542 00bb 04       		.byte	0x4
 543 00bc 07       		.byte	0x7
 544 00bd 18010000 		.4byte	.LASF16
 545 00c1 06       		.uleb128 0x6
 546 00c2 06       		.byte	0x6
 547 00c3 03       		.byte	0x3
 548 00c4 30       		.byte	0x30
 549 00c5 EE000000 		.4byte	0xee
 550 00c9 07       		.uleb128 0x7
 551 00ca EE010000 		.4byte	.LASF17
 552 00ce 03       		.byte	0x3
 553 00cf 32       		.byte	0x32
 554 00d0 6B000000 		.4byte	0x6b
ARM GAS  C:\Users\Thomas\AppData\Local\Temp\ccYlvByK.s 			page 27


 555 00d4 00       		.byte	0
 556 00d5 07       		.uleb128 0x7
 557 00d6 10020000 		.4byte	.LASF18
 558 00da 03       		.byte	0x3
 559 00db 34       		.byte	0x34
 560 00dc 77000000 		.4byte	0x77
 561 00e0 02       		.byte	0x2
 562 00e1 07       		.uleb128 0x7
 563 00e2 2D000000 		.4byte	.LASF19
 564 00e6 03       		.byte	0x3
 565 00e7 35       		.byte	0x35
 566 00e8 77000000 		.4byte	0x77
 567 00ec 04       		.byte	0x4
 568 00ed 00       		.byte	0
 569 00ee 08       		.uleb128 0x8
 570 00ef 42000000 		.4byte	.LASF20
 571 00f3 03       		.byte	0x3
 572 00f4 3B       		.byte	0x3b
 573 00f5 C1000000 		.4byte	0xc1
 574 00f9 09       		.uleb128 0x9
 575 00fa 0C000000 		.4byte	.LASF21
 576 00fe 01       		.byte	0x1
 577 00ff 32       		.byte	0x32
 578 0100 01       		.byte	0x1
 579 0101 09       		.uleb128 0x9
 580 0102 5D000000 		.4byte	.LASF22
 581 0106 01       		.byte	0x1
 582 0107 4C       		.byte	0x4c
 583 0108 01       		.byte	0x1
 584 0109 0A       		.uleb128 0xa
 585 010a F9000000 		.4byte	0xf9
 586 010e 00000000 		.4byte	.LFB0
 587 0112 1C000000 		.4byte	.LFE0-.LFB0
 588 0116 01       		.uleb128 0x1
 589 0117 9C       		.byte	0x9c
 590 0118 0A       		.uleb128 0xa
 591 0119 01010000 		.4byte	0x101
 592 011d 00000000 		.4byte	.LFB1
 593 0121 1C000000 		.4byte	.LFE1-.LFB1
 594 0125 01       		.uleb128 0x1
 595 0126 9C       		.byte	0x9c
 596 0127 0B       		.uleb128 0xb
 597 0128 39000000 		.4byte	.LASF23
 598 012c 01       		.byte	0x1
 599 012d 69       		.byte	0x69
 600 012e 00000000 		.4byte	.LFB2
 601 0132 30000000 		.4byte	.LFE2-.LFB2
 602 0136 01       		.uleb128 0x1
 603 0137 9C       		.byte	0x9c
 604 0138 55010000 		.4byte	0x155
 605 013c 0C       		.uleb128 0xc
 606 013d F9000000 		.4byte	0xf9
 607 0141 12000000 		.4byte	.LBB6
 608 0145 1E000000 		.4byte	.LBE6-.LBB6
 609 0149 01       		.byte	0x1
 610 014a 6E       		.byte	0x6e
 611 014b 0D       		.uleb128 0xd
ARM GAS  C:\Users\Thomas\AppData\Local\Temp\ccYlvByK.s 			page 28


 612 014c 12000000 		.4byte	.LVL0
 613 0150 94010000 		.4byte	0x194
 614 0154 00       		.byte	0
 615 0155 0B       		.uleb128 0xb
 616 0156 7B000000 		.4byte	.LASF24
 617 015a 01       		.byte	0x1
 618 015b 80       		.byte	0x80
 619 015c 00000000 		.4byte	.LFB3
 620 0160 30000000 		.4byte	.LFE3-.LFB3
 621 0164 01       		.uleb128 0x1
 622 0165 9C       		.byte	0x9c
 623 0166 83010000 		.4byte	0x183
 624 016a 0C       		.uleb128 0xc
 625 016b 01010000 		.4byte	0x101
 626 016f 02000000 		.4byte	.LBB8
 627 0173 0E000000 		.4byte	.LBE8-.LBB8
 628 0177 01       		.byte	0x1
 629 0178 82       		.byte	0x82
 630 0179 0E       		.uleb128 0xe
 631 017a 22000000 		.4byte	.LVL1
 632 017e 9B010000 		.4byte	0x19b
 633 0182 00       		.byte	0
 634 0183 0F       		.uleb128 0xf
 635 0184 53000000 		.4byte	.LASF30
 636 0188 01       		.byte	0x1
 637 0189 14       		.byte	0x14
 638 018a EE000000 		.4byte	0xee
 639 018e 05       		.uleb128 0x5
 640 018f 03       		.byte	0x3
 641 0190 00000000 		.4byte	P1_backup
 642 0194 10       		.uleb128 0x10
 643 0195 6E000000 		.4byte	.LASF25
 644 0199 03       		.byte	0x3
 645 019a 43       		.byte	0x43
 646 019b 10       		.uleb128 0x10
 647 019c FA010000 		.4byte	.LASF26
 648 01a0 03       		.byte	0x3
 649 01a1 45       		.byte	0x45
 650 01a2 00       		.byte	0
 651              		.section	.debug_abbrev,"",%progbits
 652              	.Ldebug_abbrev0:
 653 0000 01       		.uleb128 0x1
 654 0001 11       		.uleb128 0x11
 655 0002 01       		.byte	0x1
 656 0003 25       		.uleb128 0x25
 657 0004 0E       		.uleb128 0xe
 658 0005 13       		.uleb128 0x13
 659 0006 0B       		.uleb128 0xb
 660 0007 03       		.uleb128 0x3
 661 0008 0E       		.uleb128 0xe
 662 0009 1B       		.uleb128 0x1b
 663 000a 0E       		.uleb128 0xe
 664 000b 55       		.uleb128 0x55
 665 000c 17       		.uleb128 0x17
 666 000d 11       		.uleb128 0x11
 667 000e 01       		.uleb128 0x1
 668 000f 10       		.uleb128 0x10
ARM GAS  C:\Users\Thomas\AppData\Local\Temp\ccYlvByK.s 			page 29


 669 0010 17       		.uleb128 0x17
 670 0011 00       		.byte	0
 671 0012 00       		.byte	0
 672 0013 02       		.uleb128 0x2
 673 0014 24       		.uleb128 0x24
 674 0015 00       		.byte	0
 675 0016 0B       		.uleb128 0xb
 676 0017 0B       		.uleb128 0xb
 677 0018 3E       		.uleb128 0x3e
 678 0019 0B       		.uleb128 0xb
 679 001a 03       		.uleb128 0x3
 680 001b 0E       		.uleb128 0xe
 681 001c 00       		.byte	0
 682 001d 00       		.byte	0
 683 001e 03       		.uleb128 0x3
 684 001f 24       		.uleb128 0x24
 685 0020 00       		.byte	0
 686 0021 0B       		.uleb128 0xb
 687 0022 0B       		.uleb128 0xb
 688 0023 3E       		.uleb128 0x3e
 689 0024 0B       		.uleb128 0xb
 690 0025 03       		.uleb128 0x3
 691 0026 08       		.uleb128 0x8
 692 0027 00       		.byte	0
 693 0028 00       		.byte	0
 694 0029 04       		.uleb128 0x4
 695 002a 16       		.uleb128 0x16
 696 002b 00       		.byte	0
 697 002c 03       		.uleb128 0x3
 698 002d 0E       		.uleb128 0xe
 699 002e 3A       		.uleb128 0x3a
 700 002f 0B       		.uleb128 0xb
 701 0030 3B       		.uleb128 0x3b
 702 0031 05       		.uleb128 0x5
 703 0032 49       		.uleb128 0x49
 704 0033 13       		.uleb128 0x13
 705 0034 00       		.byte	0
 706 0035 00       		.byte	0
 707 0036 05       		.uleb128 0x5
 708 0037 35       		.uleb128 0x35
 709 0038 00       		.byte	0
 710 0039 49       		.uleb128 0x49
 711 003a 13       		.uleb128 0x13
 712 003b 00       		.byte	0
 713 003c 00       		.byte	0
 714 003d 06       		.uleb128 0x6
 715 003e 13       		.uleb128 0x13
 716 003f 01       		.byte	0x1
 717 0040 0B       		.uleb128 0xb
 718 0041 0B       		.uleb128 0xb
 719 0042 3A       		.uleb128 0x3a
 720 0043 0B       		.uleb128 0xb
 721 0044 3B       		.uleb128 0x3b
 722 0045 0B       		.uleb128 0xb
 723 0046 01       		.uleb128 0x1
 724 0047 13       		.uleb128 0x13
 725 0048 00       		.byte	0
ARM GAS  C:\Users\Thomas\AppData\Local\Temp\ccYlvByK.s 			page 30


 726 0049 00       		.byte	0
 727 004a 07       		.uleb128 0x7
 728 004b 0D       		.uleb128 0xd
 729 004c 00       		.byte	0
 730 004d 03       		.uleb128 0x3
 731 004e 0E       		.uleb128 0xe
 732 004f 3A       		.uleb128 0x3a
 733 0050 0B       		.uleb128 0xb
 734 0051 3B       		.uleb128 0x3b
 735 0052 0B       		.uleb128 0xb
 736 0053 49       		.uleb128 0x49
 737 0054 13       		.uleb128 0x13
 738 0055 38       		.uleb128 0x38
 739 0056 0B       		.uleb128 0xb
 740 0057 00       		.byte	0
 741 0058 00       		.byte	0
 742 0059 08       		.uleb128 0x8
 743 005a 16       		.uleb128 0x16
 744 005b 00       		.byte	0
 745 005c 03       		.uleb128 0x3
 746 005d 0E       		.uleb128 0xe
 747 005e 3A       		.uleb128 0x3a
 748 005f 0B       		.uleb128 0xb
 749 0060 3B       		.uleb128 0x3b
 750 0061 0B       		.uleb128 0xb
 751 0062 49       		.uleb128 0x49
 752 0063 13       		.uleb128 0x13
 753 0064 00       		.byte	0
 754 0065 00       		.byte	0
 755 0066 09       		.uleb128 0x9
 756 0067 2E       		.uleb128 0x2e
 757 0068 00       		.byte	0
 758 0069 3F       		.uleb128 0x3f
 759 006a 19       		.uleb128 0x19
 760 006b 03       		.uleb128 0x3
 761 006c 0E       		.uleb128 0xe
 762 006d 3A       		.uleb128 0x3a
 763 006e 0B       		.uleb128 0xb
 764 006f 3B       		.uleb128 0x3b
 765 0070 0B       		.uleb128 0xb
 766 0071 27       		.uleb128 0x27
 767 0072 19       		.uleb128 0x19
 768 0073 20       		.uleb128 0x20
 769 0074 0B       		.uleb128 0xb
 770 0075 00       		.byte	0
 771 0076 00       		.byte	0
 772 0077 0A       		.uleb128 0xa
 773 0078 2E       		.uleb128 0x2e
 774 0079 00       		.byte	0
 775 007a 31       		.uleb128 0x31
 776 007b 13       		.uleb128 0x13
 777 007c 11       		.uleb128 0x11
 778 007d 01       		.uleb128 0x1
 779 007e 12       		.uleb128 0x12
 780 007f 06       		.uleb128 0x6
 781 0080 40       		.uleb128 0x40
 782 0081 18       		.uleb128 0x18
ARM GAS  C:\Users\Thomas\AppData\Local\Temp\ccYlvByK.s 			page 31


 783 0082 9742     		.uleb128 0x2117
 784 0084 19       		.uleb128 0x19
 785 0085 00       		.byte	0
 786 0086 00       		.byte	0
 787 0087 0B       		.uleb128 0xb
 788 0088 2E       		.uleb128 0x2e
 789 0089 01       		.byte	0x1
 790 008a 3F       		.uleb128 0x3f
 791 008b 19       		.uleb128 0x19
 792 008c 03       		.uleb128 0x3
 793 008d 0E       		.uleb128 0xe
 794 008e 3A       		.uleb128 0x3a
 795 008f 0B       		.uleb128 0xb
 796 0090 3B       		.uleb128 0x3b
 797 0091 0B       		.uleb128 0xb
 798 0092 27       		.uleb128 0x27
 799 0093 19       		.uleb128 0x19
 800 0094 11       		.uleb128 0x11
 801 0095 01       		.uleb128 0x1
 802 0096 12       		.uleb128 0x12
 803 0097 06       		.uleb128 0x6
 804 0098 40       		.uleb128 0x40
 805 0099 18       		.uleb128 0x18
 806 009a 9742     		.uleb128 0x2117
 807 009c 19       		.uleb128 0x19
 808 009d 01       		.uleb128 0x1
 809 009e 13       		.uleb128 0x13
 810 009f 00       		.byte	0
 811 00a0 00       		.byte	0
 812 00a1 0C       		.uleb128 0xc
 813 00a2 1D       		.uleb128 0x1d
 814 00a3 00       		.byte	0
 815 00a4 31       		.uleb128 0x31
 816 00a5 13       		.uleb128 0x13
 817 00a6 11       		.uleb128 0x11
 818 00a7 01       		.uleb128 0x1
 819 00a8 12       		.uleb128 0x12
 820 00a9 06       		.uleb128 0x6
 821 00aa 58       		.uleb128 0x58
 822 00ab 0B       		.uleb128 0xb
 823 00ac 59       		.uleb128 0x59
 824 00ad 0B       		.uleb128 0xb
 825 00ae 00       		.byte	0
 826 00af 00       		.byte	0
 827 00b0 0D       		.uleb128 0xd
 828 00b1 898201   		.uleb128 0x4109
 829 00b4 00       		.byte	0
 830 00b5 11       		.uleb128 0x11
 831 00b6 01       		.uleb128 0x1
 832 00b7 31       		.uleb128 0x31
 833 00b8 13       		.uleb128 0x13
 834 00b9 00       		.byte	0
 835 00ba 00       		.byte	0
 836 00bb 0E       		.uleb128 0xe
 837 00bc 898201   		.uleb128 0x4109
 838 00bf 00       		.byte	0
 839 00c0 11       		.uleb128 0x11
ARM GAS  C:\Users\Thomas\AppData\Local\Temp\ccYlvByK.s 			page 32


 840 00c1 01       		.uleb128 0x1
 841 00c2 9542     		.uleb128 0x2115
 842 00c4 19       		.uleb128 0x19
 843 00c5 31       		.uleb128 0x31
 844 00c6 13       		.uleb128 0x13
 845 00c7 00       		.byte	0
 846 00c8 00       		.byte	0
 847 00c9 0F       		.uleb128 0xf
 848 00ca 34       		.uleb128 0x34
 849 00cb 00       		.byte	0
 850 00cc 03       		.uleb128 0x3
 851 00cd 0E       		.uleb128 0xe
 852 00ce 3A       		.uleb128 0x3a
 853 00cf 0B       		.uleb128 0xb
 854 00d0 3B       		.uleb128 0x3b
 855 00d1 0B       		.uleb128 0xb
 856 00d2 49       		.uleb128 0x49
 857 00d3 13       		.uleb128 0x13
 858 00d4 02       		.uleb128 0x2
 859 00d5 18       		.uleb128 0x18
 860 00d6 00       		.byte	0
 861 00d7 00       		.byte	0
 862 00d8 10       		.uleb128 0x10
 863 00d9 2E       		.uleb128 0x2e
 864 00da 00       		.byte	0
 865 00db 3F       		.uleb128 0x3f
 866 00dc 19       		.uleb128 0x19
 867 00dd 03       		.uleb128 0x3
 868 00de 0E       		.uleb128 0xe
 869 00df 3A       		.uleb128 0x3a
 870 00e0 0B       		.uleb128 0xb
 871 00e1 3B       		.uleb128 0x3b
 872 00e2 0B       		.uleb128 0xb
 873 00e3 27       		.uleb128 0x27
 874 00e4 19       		.uleb128 0x19
 875 00e5 3C       		.uleb128 0x3c
 876 00e6 19       		.uleb128 0x19
 877 00e7 00       		.byte	0
 878 00e8 00       		.byte	0
 879 00e9 00       		.byte	0
 880              		.section	.debug_aranges,"",%progbits
 881 0000 34000000 		.4byte	0x34
 882 0004 0200     		.2byte	0x2
 883 0006 00000000 		.4byte	.Ldebug_info0
 884 000a 04       		.byte	0x4
 885 000b 00       		.byte	0
 886 000c 0000     		.2byte	0
 887 000e 0000     		.2byte	0
 888 0010 00000000 		.4byte	.LFB0
 889 0014 1C000000 		.4byte	.LFE0-.LFB0
 890 0018 00000000 		.4byte	.LFB1
 891 001c 1C000000 		.4byte	.LFE1-.LFB1
 892 0020 00000000 		.4byte	.LFB2
 893 0024 30000000 		.4byte	.LFE2-.LFB2
 894 0028 00000000 		.4byte	.LFB3
 895 002c 30000000 		.4byte	.LFE3-.LFB3
 896 0030 00000000 		.4byte	0
ARM GAS  C:\Users\Thomas\AppData\Local\Temp\ccYlvByK.s 			page 33


 897 0034 00000000 		.4byte	0
 898              		.section	.debug_ranges,"",%progbits
 899              	.Ldebug_ranges0:
 900 0000 00000000 		.4byte	.LFB0
 901 0004 1C000000 		.4byte	.LFE0
 902 0008 00000000 		.4byte	.LFB1
 903 000c 1C000000 		.4byte	.LFE1
 904 0010 00000000 		.4byte	.LFB2
 905 0014 30000000 		.4byte	.LFE2
 906 0018 00000000 		.4byte	.LFB3
 907 001c 30000000 		.4byte	.LFE3
 908 0020 00000000 		.4byte	0
 909 0024 00000000 		.4byte	0
 910              		.section	.debug_line,"",%progbits
 911              	.Ldebug_line0:
 912 0000 B2000000 		.section	.debug_str,"MS",%progbits,1
 912      02004C00 
 912      00000201 
 912      FB0E0D00 
 912      01010101 
 913              	.LASF15:
 914 0000 72656731 		.ascii	"reg16\000"
 914      3600
 915              	.LASF11:
 916 0006 666C6F61 		.ascii	"float\000"
 916      7400
 917              	.LASF21:
 918 000c 50315F53 		.ascii	"P1_SaveConfig\000"
 918      61766543 
 918      6F6E6669 
 918      6700
 919              	.LASF3:
 920 001a 73686F72 		.ascii	"short unsigned int\000"
 920      7420756E 
 920      7369676E 
 920      65642069 
 920      6E7400
 921              	.LASF19:
 922 002d 73617665 		.ascii	"saveSrA1Reg\000"
 922      53724131 
 922      52656700 
 923              	.LASF23:
 924 0039 50315F53 		.ascii	"P1_Sleep\000"
 924      6C656570 
 924      00
 925              	.LASF20:
 926 0042 50315F42 		.ascii	"P1_BACKUP_STRUCT\000"
 926      41434B55 
 926      505F5354 
 926      52554354 
 926      00
 927              	.LASF30:
 928 0053 50315F62 		.ascii	"P1_backup\000"
 928      61636B75 
 928      7000
 929              	.LASF22:
 930 005d 50315F52 		.ascii	"P1_RestoreConfig\000"
ARM GAS  C:\Users\Thomas\AppData\Local\Temp\ccYlvByK.s 			page 34


 930      6573746F 
 930      7265436F 
 930      6E666967 
 930      00
 931              	.LASF25:
 932 006e 50315F53 		.ascii	"P1_Stop\000"
 932      746F7000 
 933              	.LASF14:
 934 0076 72656738 		.ascii	"reg8\000"
 934      00
 935              	.LASF24:
 936 007b 50315F57 		.ascii	"P1_Wakeup\000"
 936      616B6575 
 936      7000
 937              	.LASF5:
 938 0085 6C6F6E67 		.ascii	"long unsigned int\000"
 938      20756E73 
 938      69676E65 
 938      6420696E 
 938      7400
 939              	.LASF9:
 940 0097 75696E74 		.ascii	"uint8\000"
 940      3800
 941              	.LASF1:
 942 009d 756E7369 		.ascii	"unsigned char\000"
 942      676E6564 
 942      20636861 
 942      7200
 943              	.LASF12:
 944 00ab 646F7562 		.ascii	"double\000"
 944      6C6500
 945              	.LASF29:
 946 00b2 433A5C55 		.ascii	"C:\\Users\\Thomas\\Documents\\PSoC Creator\\TASBot\\"
 946      73657273 
 946      5C54686F 
 946      6D61735C 
 946      446F6375 
 947 00e0 54415342 		.ascii	"TASBot.cydsn\000"
 947      6F742E63 
 947      7964736E 
 947      00
 948              	.LASF10:
 949 00ed 75696E74 		.ascii	"uint16\000"
 949      313600
 950              	.LASF8:
 951 00f4 756E7369 		.ascii	"unsigned int\000"
 951      676E6564 
 951      20696E74 
 951      00
 952              	.LASF7:
 953 0101 6C6F6E67 		.ascii	"long long unsigned int\000"
 953      206C6F6E 
 953      6720756E 
 953      7369676E 
 953      65642069 
 954              	.LASF16:
 955 0118 73697A65 		.ascii	"sizetype\000"
ARM GAS  C:\Users\Thomas\AppData\Local\Temp\ccYlvByK.s 			page 35


 955      74797065 
 955      00
 956              	.LASF6:
 957 0121 6C6F6E67 		.ascii	"long long int\000"
 957      206C6F6E 
 957      6720696E 
 957      7400
 958              	.LASF27:
 959 012f 474E5520 		.ascii	"GNU C 4.9.3 20150303 (release) [ARM/embedded-4_9-br"
 959      4320342E 
 959      392E3320 
 959      32303135 
 959      30333033 
 960 0162 616E6368 		.ascii	"anch revision 221220] -mcpu=cortex-m3 -mthumb -g -O"
 960      20726576 
 960      6973696F 
 960      6E203232 
 960      31323230 
 961 0195 33202D66 		.ascii	"3 -ffunction-sections -finline-functions -flto -ffa"
 961      66756E63 
 961      74696F6E 
 961      2D736563 
 961      74696F6E 
 962 01c8 742D6C74 		.ascii	"t-lto-objects\000"
 962      6F2D6F62 
 962      6A656374 
 962      7300
 963              	.LASF13:
 964 01d6 63686172 		.ascii	"char\000"
 964      00
 965              	.LASF2:
 966 01db 73686F72 		.ascii	"short int\000"
 966      7420696E 
 966      7400
 967              	.LASF4:
 968 01e5 6C6F6E67 		.ascii	"long int\000"
 968      20696E74 
 968      00
 969              	.LASF17:
 970 01ee 656E6162 		.ascii	"enableState\000"
 970      6C655374 
 970      61746500 
 971              	.LASF26:
 972 01fa 50315F45 		.ascii	"P1_Enable\000"
 972      6E61626C 
 972      6500
 973              	.LASF0:
 974 0204 7369676E 		.ascii	"signed char\000"
 974      65642063 
 974      68617200 
 975              	.LASF18:
 976 0210 73617665 		.ascii	"saveSrA0Reg\000"
 976      53724130 
 976      52656700 
 977              	.LASF28:
 978 021c 2E5C4765 		.ascii	".\\Generated_Source\\PSoC5\\P1_PM.c\000"
 978      6E657261 
ARM GAS  C:\Users\Thomas\AppData\Local\Temp\ccYlvByK.s 			page 36


 978      7465645F 
 978      536F7572 
 978      63655C50 
 979              		.comm	__gnu_lto_v1,1,1
 980              		.ident	"GCC: (GNU Tools for ARM Embedded Processors) 4.9.3 20150303 (release) [ARM/embedded-4_9-br
