ARM GAS  C:\Users\Thomas\AppData\Local\Temp\ccazhs35.s 			page 1


   1              		.syntax unified
   2              		.cpu cortex-m3
   3              		.fpu softvfp
   4              		.eabi_attribute 20, 1
   5              		.eabi_attribute 21, 1
   6              		.eabi_attribute 23, 3
   7              		.eabi_attribute 24, 1
   8              		.eabi_attribute 25, 1
   9              		.eabi_attribute 26, 1
  10              		.eabi_attribute 30, 2
  11              		.eabi_attribute 34, 1
  12              		.eabi_attribute 18, 4
  13              		.thumb
  14              		.file	"P1_RegD2_PM.c"
  15              		.text
  16              	.Ltext0:
  17              		.section	.gnu.lto_.profile.c0d68332,"",%progbits
  18 0000 789C6366 		.ascii	"x\234cf```a\200\000F\006cY\000\000\367\000Y"
  18      60606061 
  18      80004606 
  18      63590000 
  18      F70059
  19              		.text
  20              		.section	.gnu.lto_.jmpfuncs.c0d68332,"",%progbits
  21 0000 789C6366 		.ascii	"x\234cf\300\016\004\2404\013\0203100C\231\014\000\002"
  21      C00E04A0 
  21      340B1033 
  21      31303043 
  21      990C0002 
  22 0014 C70021   		.ascii	"\307\000!"
  23              		.text
  24              		.section	.gnu.lto_.inline.c0d68332,"",%progbits
  25 0000 789C6366 		.ascii	"x\234cf\300\016\"\2404\013\003\003;\033#\003\023\307"
  25      C00E22A0 
  25      340B0303 
  25      3B1B2303 
  25      13C7
  26 0012 013B06B6 		.ascii	"\001;\006\266\005\362L 1&L!f\006\036\021\240\220@C-"
  26      05F24C20 
  26      31264C21 
  26      66061E11 
  26      A0904043 
  27 0027 5C88910B 		.ascii	"\\\210\221\013\254\235\233\027(\316\267!\027U\234\001"
  27      AC9D9B17 
  27      28CEB721 
  27      17559C01 
  28 0037 00917408 		.ascii	"\000\221t\010="
  28      3D
  29              		.text
  30              		.section	.gnu.lto_.pureconst.c0d68332,"",%progbits
  31 0000 789C6366 		.ascii	"x\234cf``\340d\200\000\026\006)&)f)\026)\000\002\321"
  31      6060E064 
  31      80001606 
  31      29262966 
  31      29162900 
  32 0016 0082     		.ascii	"\000\202"
  33              		.text
ARM GAS  C:\Users\Thomas\AppData\Local\Temp\ccazhs35.s 			page 2


  34              		.section	.gnu.lto_P1_RegD2_SaveConfig.c0d68332,"",%progbits
  35 0000 789C8D91 		.ascii	"x\234\215\221\313+EQ\024\306\327\267\356q\272\022\311"
  35      CB2B4551 
  35      14C6D7B7 
  35      EE71BA12 
  35      C9
  36 0011 D05C3785 		.ascii	"\320\\7\205\242\374\005\224\221\2721\275u\023'3J\014"
  36      A2FC0594 
  36      91BA31BD 
  36      75132733 
  36      4A0C
  37 0023 E51CDD24 		.ascii	"\345\034\335$\012\011\011\327@\344q\275\037\003\003"
  37      0A0909D7 
  37      40E471BD 
  37      1F0303
  38 0032 75182A24 		.ascii	"u\030*$E\031\220\272\212\211<\352\352$\217\265\216<"
  38      451990BA 
  38      8A893CEA 
  38      EA248FB5 
  38      8E3C
  39 0044 A2E4D43E 		.ascii	"\242\344\324>\373\354\275\276\375\255\337\267O\200~"
  39      FBECBDBE 
  39      FDADDFB7 
  39      4F807E
  40 0053 3FB932AE 		.ascii	"?\2712\256@\224/3\002\004\356\333'r\202\014\350\007"
  40      40942F33 
  40      0204EEDB 
  40      2772820C 
  40      E807
  41 0065 81DA186D 		.ascii	"\201\332\030m\270\346;F\237\233\030\316\010M\331\266"
  41      B8E63B46 
  41      9F9B18CE 
  41      084DD9B6 
  42 0075 7D3BB1E7 		.ascii	"};\261\347\204]xL\364\300\357>\230F\210Dt\027{>\311"
  42      845D784C 
  42      F4C0EF3E 
  42      98468844 
  42      74177B3E 
  43 008a 306322CA 		.ascii	"0c\"\312~\257a\006\246\370\323R\216k\277\276>ll\247"
  43      7EAF6106 
  43      A6F8D352 
  43      8E6BBFBE 
  43      3E6C6CA7 
  44 009e 6032790C 		.ascii	"`2y\014C_DI\021i\253Kf\235\003\247\330Iu\335\034\247"
  44      435F4449 
  44      1169AB4B 
  44      669D03A7 
  44      D84975DD 
  45 00b4 EBB947D6 		.ascii	"\353\271G\326\276C\335\367\233\231W\3541w\356:\266\241"
  45      BE43DDF7 
  45      9B9957EC 
  45      3177EE3A 
  45      B6A1
  46 00c6 5DCE9307 		.ascii	"]\316\223\007\207A\177\213t9p1\331\221\025\307\250\023"
  46      87417F8B 
  46      74397031 
  46      D99115C7 
ARM GAS  C:\Users\Thomas\AppData\Local\Temp\ccazhs35.s 			page 3


  46      A813
  47 00d8 13A60066 		.ascii	"\023\246\000f\221\2139H2$\020\007\235\242\275\377\""
  47      918B3948 
  47      32241007 
  47      9DA2BDFF 
  47      22
  48 00e9 4FFD443A 		.ascii	"O\375D:~\324\263\310\255Ov\247\035\364\330xV\302\357"
  48      7ED4B3C8 
  48      AD4F76A7 
  48      1DF4D878 
  48      56C2EF
  49 00fc 7E86BF9C 		.ascii	"~\206\277\234qbcP?[Ui\230G+\026\324Pj/\363\275\253f"
  49      71626350 
  49      3F5B5569 
  49      98472B16 
  49      D4506A2F 
  50 0114 614202BA 		.ascii	"aB\002\272\005\036\233X\024\341\275\177\011XB\241\020"
  50      051E9B58 
  50      14E1BD7F 
  50      095842A1 
  50      10
  51 0125 939F20F5 		.ascii	"\223\237 \365\221\300\2203\361\221\361=\303\307\035"
  51      91C09033 
  51      F191F13D 
  51      C3C71D
  52 0134 FE48D0DB 		.ascii	"\376H\320\333\2615h~!/\177\"\257\374\023\371'\343\352"
  52      B135687E 
  52      212F7F22 
  52      AFFC13F9 
  52      27E3EA
  53 0147 1F8C6B3E 		.ascii	"\037\214k>\243\376\005\254+\243Agp\334\3074m\240\344"
  53      A3FE05AC 
  53      2BA34167 
  53      70DCC734 
  53      6DA0E4
  54 015a 49A9C9DD 		.ascii	"I\251\311\335\213s\250(Ra5XM5\315V]\264\272\261\245"
  54      8B73A828 
  54      52613558 
  54      4D35CD56 
  54      5DB4BAB1 
  55 016f A9D68A84 		.ascii	"\251\326\212\204\253\033\313J#\341\342h\225U_^\022\015"
  55      AB1BCB4A 
  55      23E1E268 
  55      95555F5E 
  55      120D
  56 0181 5716D5D2 		.ascii	"W\026\325\322\033^X\274g"
  56      1B5E58BC 
  56      67
  57              		.text
  58              		.section	.gnu.lto_P1_RegD2_RestoreConfig.c0d68332,"",%progbits
  59 0000 789C7590 		.ascii	"x\234u\220\335+\203Q\034\307\177\337\337\036O+\221\\"
  59      DD2B8351 
  59      1CC77FDF 
  59      DF1E4F2B 
  59      915C
  60 0012 69FFC0D2 		.ascii	"i\377\300\322\242(\177\001q\245\206\333\325\322<\271"
  60      A2287F01 
ARM GAS  C:\Users\Thomas\AppData\Local\Temp\ccazhs35.s 			page 4


  60      71A586DB 
  60      D5D23CB9 
  61 0022 A3C4A5F6 		.ascii	"\243\304\245\366<\232\265RlB\362\262+2\346u\223r\241"
  61      3C9AB552 
  61      6C42F2B2 
  61      2B32E675 
  61      9372A1
  62 0035 964B654B 		.ascii	"\226KeK\224\232\"5\305\235m\027z\322\3149\317B\336N"
  62      949A2235 
  62      C59D6D17 
  62      7AD2CC39 
  62      CF42DE4E 
  63 0049 9DD7DFF7 		.ascii	"\235\327\337\367|\277\237sl\364\2739D\317\202\250Q\314"
  63      7CBF9F73 
  63      6CF4BB39 
  63      44CF82A8 
  63      51CC
  64 005b B011389C 		.ascii	"\260\0218\234&2\354\014\310\005\201\374\014?\2368\317"
  64      2632EC0C 
  64      C80581FC 
  64      0C3F9E38 
  64      CF
  65 006c 08A7E28B 		.ascii	"\010\247\342\213\325\316u]\327\237O\223\015\223\015"
  65      D5CE755D 
  65      D79F4F93 
  65      0D930D
  66 007b 261315B9 		.ascii	"&\023\025\271b\203\0158Ih\362\201\322u\265\032\020\232"
  66      62830D38 
  66      4968F281 
  66      D275B51A 
  66      109A
  67 008d BA4A0D31 		.ascii	"\272J\0151\250\302\236\366\352Sz\271\\LGb.\250L&C\221"
  67      A8C29EF6 
  67      EA537AB9 
  67      5C4C4762 
  67      2EA84C26 
  68 00a3 03514EA8 		.ascii	"\003QN\250d\324\003\263\234mYL\034\3453=\362\336\013"
  68      64D403B3 
  68      9C6D594C 
  68      1CE5333D 
  68      F2DE0B
  69 00b6 CBD8E8E5 		.ascii	"\313\330\350\345\364.\217\277\352!\335n2\227\244\251"
  69      F42E8FBF 
  69      EA21DD6E 
  69      3297A4A9 
  70 00c6 38BDCB65 		.ascii	"8\275\313e.\354\217,N\254m\314\010\254`\025\313\206"
  70      2EEC8F2C 
  70      4EAC6DCC 
  70      08AC6015 
  70      CB86
  71 00d8 2E55366C 		.ascii	".U6lb\034[pX\265\267\355\231\204\332\3442YA\\h\012\026"
  71      621C5B70 
  71      58B5B7ED 
  71      9984DAE4 
  71      3259415C 
  72 00ef 32B6D124 		.ascii	"2\266\321$\036~:\013\231$T\013S\205\343\032iX\025:3"
  72      1E7E3A0B 
ARM GAS  C:\Users\Thomas\AppData\Local\Temp\ccazhs35.s 			page 5


  72      9924540B 
  72      5385E31A 
  72      6958153A 
  73 0104 74E55B46 		.ascii	"t\345[F\225\3453w\277\026\254\225\031\001\230\254b\007"
  73      95E53377 
  73      BF16AC95 
  73      190198AC 
  73      6207
  74 0116 0EECCA08 		.ascii	"\016\354\312\010\354\011W\301J\022=r\205\012\272\362"
  74      EC0957C1 
  74      4A123D72 
  74      850ABAF2 
  75 0126 2FFA4FD6 		.ascii	"/\372O\326\375\277Y\017,V\371wH\374`]]\212\236+\026"
  75      FDBF590F 
  75      2C56F977 
  75      48FC605D 
  75      5D8A9E2B 
  76 013b D8E207EB 		.ascii	"\330\342\007\353L\360d^\375\202K~\302\035Zp\012\335"
  76      4CF0645E 
  76      FD824B7E 
  76      C21D5A70 
  76      0ADD
  77 014d C248DD74 		.ascii	"\302H\335tJ\003\371\374\2340\026\277-\210\234\315\236"
  77      4A03F9FC 
  77      9C3016BF 
  77      2D889CCD 
  77      9E
  78 015e 2E6D481B 		.ascii	".mH\033\351\037\325\006\274}\303c#>\315\343\356\033"
  78      E91FD506 
  78      BC7DC363 
  78      233ECDE3 
  78      EE1B
  79 0170 6E6FF3B8 		.ascii	"no\363\270[\274\275\332`G\253\327\335\335\354\243wz"
  79      5BBCBDDA 
  79      6047ABD7 
  79      DDDDECA3 
  79      777A
  80 0182 86B1CE   		.ascii	"\206\261\316"
  81              		.text
  82              		.section	.gnu.lto_P1_RegD2_Sleep.c0d68332,"",%progbits
  83 0000 789C9592 		.ascii	"x\234\225\222\337KSa\030\307\337\357\273\263\263\235"
  83      DF4B5361 
  83      18C7DFEF 
  83      BBB3B39D 
  84 0010 4D29BA12 		.ascii	"M)\272\022\257\213\021\244P\020\375\001\005^D0\362v"
  84      AF8B11A4 
  84      5010FD01 
  84      055E4430 
  84      F276
  85 0022 30C24617 		.ascii	"0\302F\027A\202\324\345\360\034]$\025e+de\023\272\250"
  85      4182D4E5 
  85      F01C5D24 
  85      15652B64 
  85      6513BAA8 
  86 0036 B499D666 		.ascii	"\264\231\326fK[\346\241\233A`\021\201\205\304\302X\260"
  86      4B5BE6A1 
  86      9B416011 
ARM GAS  C:\Users\Thomas\AppData\Local\Temp\ccazhs35.s 			page 6


  86      8185C4C2 
  86      58B0
  87 0048 2E8AB681 		.ascii	".\212\266\201u\020\263\347yO\206M\014:p\336\237\337"
  87      7510B3E7 
  87      794F864D 
  87      0C3A70DE 
  87      9FDF
  88 005a F7793EEF 		.ascii	"\367y>\357\367y=b\363\327J\377I\217\020\273\251\207"
  88      F7793D62 
  88      F3D74AFF 
  88      498F10BB 
  88      A987
  89 006c 47400EBE 		.ascii	"G@\016\276\024\302\362K\200\007\002\242W\242\027\237"
  89      14C2F24B 
  89      800702A2 
  89      57A2179F 
  90 007c 655562D0 		.ascii	"eUb\320\316\244\202\241\333\246i~K\026Z\316\2668R\210"
  90      CEA482A1 
  90      DBA6697E 
  90      4B165ACE 
  90      B6385288 
  91 0090 BA74C3E0 		.ascii	"\272t\303\340.B\2024\325\304\352\333\240\236 \315vw"
  91      2E428234 
  91      D5C4EADB 
  91      A09E20CD 
  91      7677
  92 00a2 0FA3D041 		.ascii	"\017\243\320A\375\344\016\333\\[\313}\271R9\200&\010"
  92      FDE40EDB 
  92      5C5BCB7D 
  92      B9523980 
  92      2608
  93 00b4 4752326A 		.ascii	"GR2j4j\244\227G\0065\236\0007B\224\351$\247\377$%\367"
  93      346AA497 
  93      4706359E 
  93      00374294 
  93      E924A7FF 
  94 00cb 9E453C5F 		.ascii	"\236E<_>_JO\203\243}\227\036Jt+\265r\335[\221\216\324"
  94      3E5F4A4F 
  94      83A37D97 
  94      1E4A742B 
  94      B572DD5B 
  95 00e2 9C1796A9 		.ascii	"\234\027\226\251q\356\017\345W\257\375jI\360\264X\313"
  95      71EE0FE5 
  95      57AFFD6A 
  95      49F0B458 
  95      CB
  96 00f3 E7641AC3 		.ascii	"\347d\032\303V\002\216\364b\014\255\270\007\272.2HC"
  96      56028EF4 
  96      620CADB8 
  96      07BA2E32 
  96      4843
  97 0105 2CA2FF87 		.ascii	",\242\377\207\356\206\203\033\261\230\256d5>\016\010"
  97      EE86831B 
  97      B198AE64 
  97      353E0E08 
  98 0115 8C939224 		.ascii	"\214\223\222$\331se\315\025i\244#\221u\247p\321\247"
  98      D97365CD 
ARM GAS  C:\Users\Thomas\AppData\Local\Temp\ccazhs35.s 			page 7


  98      1569A423 
  98      9175A770 
  98      D1A7
  99 0127 4414E8BE 		.ascii	"D\024\350\276\022\365\225|\256\304K*\236'\227v\362\002"
  99      12F5957C 
  99      AEC44B2A 
  99      9E279776 
  99      F202
 100 0139 A947DE5C 		.ascii	"\251G\336\\\232\220\361\025s\300\364;R_e?6r\352j:j%"
 100      9A90F115 
 100      73C0F43B 
 100      525F653F 
 100      3672EA6A 
 101 0150 6E82394D 		.ascii	"n\2029MV\3710\2018&\031\224\366~\216_\316\352m\031\262"
 101      56F93081 
 101      38261994 
 101      F67E8E5F 
 101      CEEA6D19 
 102 0165 D3DEE348 		.ascii	"\323\336\343H?\036\220\260\246,\307C\264QJ\361\036\375"
 102      3F1E90B0 
 102      A62CC743 
 102      B4514AF1 
 102      1EFD
 103 0177 76A12839 		.ascii	"v\241(9\241h\314h\324\025f\026q\2625 \224\213_\027\214"
 103      A168CC68 
 103      D4156616 
 103      71B23520 
 103      948B5F17 
 104 018c BFCA64CF 		.ascii	"\277\312d\317\026\245*R\235\274n( r\024T`\212/\307\247"
 104      16A52A52 
 104      9DBC6E28 
 104      20721454 
 104      608A2FC7 
 105 01a1 862ED466 		.ascii	"\206.\324f\232\031<8\260\311\363\240\342\275:<6d\360"
 105      9A193C38 
 105      B0C9F3A0 
 105      E2BD3A3C 
 105      3664F0
 106 01b4 5DAE5994 		.ascii	"]\256Y\224\277\011\217\310\364\2742\375\261kz_\262\232"
 106      BF098FC8 
 106      F4BC32FD 
 106      B16B7A5F 
 106      B29A
 107 01c6 3FCC11B7 		.ascii	"?\314\021\267t\247\321\216\351-\355h\306\214\262\003"
 107      74A7D18E 
 107      E92DED68 
 107      C68CB203 
 108 01d6 2E289EB0 		.ascii	".(\236\260#\206{\315\345\005\303\345\016\320\261\364"
 108      23867BCD 
 108      E505C3E5 
 108      0ED0B1F4 
 109 01e6 8D917955 		.ascii	"\215\221yU\331`j\235{\376\343\273\251m\033@\013\177"
 109      D9606A9D 
 109      7BFEE3BB 
 109      A96D1B40 
 109      0B7F
 110 01f8 409FAE83 		.ascii	"@\237\256\203.\355\372/\316\331\177p>S\234\3627\347"
ARM GAS  C:\Users\Thomas\AppData\Local\Temp\ccazhs35.s 			page 8


 110      2EEDFA2F 
 110      CED97F70 
 110      3E539CF2 
 110      37E7
 111 020a 1C730644 		.ascii	"\034s\006D\011\226=\327\241\012'\370\311\203\237:\005"
 111      09963DD7 
 111      A10A27F8 
 111      C9839F3A 
 111      05
 112 021b 0FB5473A 		.ascii	"\017\265G:b\247b=\307N\307\216G;\273\317\364t\305\""
 112      62A7623D 
 112      C74EC78E 
 112      473BBBCF 
 112      F474C522 
 113 022f E1CEEE83 		.ascii	"\341\316\356\203\373#\341\275\321\243\261\023\207\366"
 113      FB23E1BD 
 113      D1A3B113 
 113      87F6
 114 023d 45C347DA 		.ascii	"E\303G\332\273\304/\311\265C?"
 114      BBC42FC9 
 114      B5433F
 115              		.text
 116              		.section	.gnu.lto_P1_RegD2_Wakeup.c0d68332,"",%progbits
 117 0000 789C8D92 		.ascii	"x\234\215\222\335KTA\030\306\337gf<gw5\212\256\304\213"
 117      DD4B5441 
 117      18C6DF67 
 117      663C6777 
 117      358AAEC4 
 118 0015 BD6C89D0 		.ascii	"\275l\211\320\250\350/(\020\202`\313\333\205%\354\320"
 118      A8E82F28 
 118      108260CB 
 118      DB8525EC 
 118      D0
 119 0026 5D82D4E5 		.ascii	"]\202\324\345\342\034\335`\2410S\021\311\326\272\251"
 119      E21CDD60 
 119      A1305311 
 119      C9D6BAA9 
 120 0036 B4356DCD 		.ascii	"\2645m\315,\327\233CD\027\202\211}\267DA\030\324]\353"
 120      2CD79B43 
 120      44178289 
 120      7DB74441 
 120      18D45DEB 
 121 004a 5EC81266 		.ascii	"^\310\022f\357\314\366\345Z\320\2019s\346\235g\236\347"
 121      EFCCF6E5 
 121      5AD08139 
 121      73E69D67 
 121      9EE7
 122 005c 379C57D2 		.ascii	"7\234W\322\326\347\000\217\242 \332\3153\352\010\242"
 122      D6E7008F 
 122      A220DACD 
 122      33EA08A2 
 123 006c EF09911F 		.ascii	"\357\011\221\037\022B\026\242\244#\352\345^\322\015"
 123      124216A2 
 123      A423EAE5 
 123      5ED20D
 124 007b 12AA5A56 		.ascii	"\022\252ZV\200\371 P\227\220\012]\370,J\002}An\270>"
 124      80F92050 
ARM GAS  C:\Users\Thomas\AppData\Local\Temp\ccazhs35.s 			page 9


 124      97900A5D 
 124      F82C4A02 
 124      7D416EB8 
 125 0090 765D6BFD 		.ascii	"v]k\375\245{\271\361\\c\205\375\312\242\352\217\233"
 125      A57BB9F1 
 125      5C6385FD 
 125      CAA2EA8F 
 125      9B
 126 00a1 88116B4A 		.ascii	"\210\021kJ\351\365W\365N\2325;\252{\030\203\003\236"
 126      E9F557F5 
 126      4E9A353B 
 126      AA7B1883 
 126      039E
 127 00b3 A776067A 		.ascii	"\247v\006zc\243\374\250?\263K\204\025U\004\034~\011"
 127      63A3FCA8 
 127      3FB34B84 
 127      1555041C 
 127      7E09
 128 00c5 D7BC8856 		.ascii	"\327\274\210Vx\230\304\217\274\340Y\026\321=[Z:\266"
 128      7898C48F 
 128      BCE05916 
 128      D13D5B5A 
 128      3AB6
 129 00d7 C930188C 		.ascii	"\3110\030\214X\267\262@m\022\306\331\215p\013\316\232"
 129      58B7B240 
 129      6D12C6D9 
 129      8D700BCE 
 129      9A
 130 00e8 70786FF4 		.ascii	"pxo\364Y\357\244H}\325\031\035\252\010\271n8\270\372"
 130      59EFA448 
 130      7DD5191D 
 130      AA08B96E 
 130      38B8FA
 131 00fb 7E656939 		.ascii	"~ei9\364Ip\305.\307\374\364\025d1\342k\243R\310!\205"
 131      F44970C5 
 131      2EC7FCF4 
 131      156431E2 
 131      6BA352C8 
 132 0111 0934D9BD 		.ascii	"\0114\331\275o\023\027\247\235\346\034\233_\273*+\242"
 132      6F1317A7 
 132      9DE61C9B 
 132      5FBB2A2B 
 132      A2
 133 0122 0EB759B9 		.ascii	"\016\267Y\271\312>6\011\223h\246\"\036\366\303D\262"
 133      CA3E3609 
 133      9368A622 
 133      1EF6C344 
 133      B2
 134 0133 7CE8FCEA 		.ascii	"|\350\374\352\3346\343\354d\026|\2556\2059\326p`d|("
 134      DC36E3EC 
 134      64167CAD 
 134      368539D6 
 134      7060647C 
 135 0148 6CC2067D 		.ascii	"l\302\006}\016s1\205&\3341a\310\2633S\223\271\362\245"
 135      0E733185 
 135      26DC3161 
 135      C8B33353 
ARM GAS  C:\Users\Thomas\AppData\Local\Temp\ccazhs35.s 			page 10


 135      93B9F2A5 
 136 015c E7A85EC2 		.ascii	"\347\250^\302\375\347%j\251\247\267P\3571\274w-/~\360"
 136      FDE7256A 
 136      A9A7B750 
 136      EF31BC77 
 136      2D2F7EF0 
 137 0170 CED4F066 		.ascii	"\316\324\360f/\217.*\0137\374\223w\361\303\353\231\355"
 137      2F8F2E2A 
 137      0B37FC93 
 137      77F1C3EB 
 137      99ED
 138 0182 7F00DEFB 		.ascii	"\177\000\336\373\0058k\001]\013\230\177\374\3245\377"
 138      05386B01 
 138      5D0B987F 
 138      FCD435FF 
 139 0192 604DA8FF 		.ascii	"`M\250\377&\274\3777\302\020\036XB\333\"s\214\367\002"
 139      26BCFF37 
 139      C2101E58 
 139      42DB2273 
 139      8CF702
 140 01a5 E9373DD1 		.ascii	"\3517=\321\337\336\376\215\371\013\256A\344\346A\301"
 140      DFDEFE8D 
 140      F90BAE41 
 140      E4E641C1 
 141 01b5 1C27D31E 		.ascii	"\034'\323\036\222\012Q\371\026=Av\241\301\210\251\026"
 141      920A51F9 
 141      163D4176 
 141      A1C188A9 
 141      16
 142 01c6 235C369E 		.ascii	"#\\6\236\230G\212;+b\317(\333R\357\340\007\371#\366"
 142      98478A3B 
 142      2B62CF28 
 142      DB52EFE0 
 142      07F923F6 
 143 01da 0C998683 		.ascii	"\014\231\206\203\251\2624\326\222h\365N{\235'\316x'"
 143      A9B234D6 
 143      9268F54E 
 143      7B9D27CE 
 143      7827
 144 01ec 936D1D67 		.ascii	"\223m\035g;\333\275D\274\255\343\320\301D|_\362\270"
 144      3BDBBD44 
 144      BCADE3D0 
 144      C1447C5F 
 144      F2B8
 145 01fe 77EAF0FE 		.ascii	"w\352\360\376d\374hK;}\007\376\317\014\261"
 145      64FC684B 
 145      3B7D07FE 
 145      CF0CB1
 146              		.text
 147              		.section	.gnu.lto_.symbol_nodes.c0d68332,"",%progbits
 148 0000 789C55C8 		.ascii	"x\234U\310A\015\2000\020\005\321\351n\267A\020\332\270"
 148      410D8030 
 148      1005D1E9 
 148      6EB74110 
 148      DAB8
 149 0012 FE4A4001 		.ascii	"\376J@\001\251\011\034p\306\003\011:\010$p(s{\343\300"
 149      A9091C70 
ARM GAS  C:\Users\Thomas\AppData\Local\Temp\ccazhs35.s 			page 11


 149      C603093A 
 149      08247028 
 149      737BE3C0 
 150 0026 C49725C1 		.ascii	"\304\227%\301\274\203\304\322\006\002\232\311\315\224"
 150      BC83C4D2 
 150      06029AC9 
 150      CD94
 151 0034 FA6D2EFB 		.ascii	"\372m.\3739\313{\247P~M\255\017\213\242\243{\260\035"
 151      39CB7BA7 
 151      507E4DAD 
 151      0F8BA2A3 
 151      7BB01D
 152 0047 57F25C38 		.ascii	"W\362\\8\327\221\033\317\310\035\246"
 152      D7911BCF 
 152      C81DA6
 153              		.text
 154              		.section	.gnu.lto_.refs.c0d68332,"",%progbits
 155 0000 789C25C8 		.ascii	"x\234%\310\321\011\000 \014\304\320\244WA\\\304\375"
 155      D1090020 
 155      0CC4D0A4 
 155      57415CC4 
 155      FD
 156 0011 371469BE 		.ascii	"7\024i\276\036\011p\231\012-\355\372\300$\272t\353I"
 156      1E097099 
 156      0A2DEDFA 
 156      C024BA74 
 156      EB49
 157 0023 CFC2C503 		.ascii	"\317\302\305\003\015{\000w"
 157      0D7B0077 
 158              		.text
 159              		.section	.gnu.lto_.decls.c0d68332,"",%progbits
 160 0000 789C8D94 		.ascii	"x\234\215\224kLTG\024\307\357\271\263/\226eKB\202\206"
 160      6B4C5447 
 160      14C7EFB9 
 160      B32F9665 
 160      4B428286 
 161 0014 4F1B6CE8 		.ascii	"O\033l\350#\306\210I\211\337\252RcR\323\206\210\266"
 161      23C68849 
 161      89DFAA52 
 161      6352D386 
 161      88B6
 162 0026 1F4A4291 		.ascii	"\037JB\221\336R\243a)B\023\323/\003DY\021\033%\265\273"
 162      DE52A361 
 162      294213D3 
 162      2F034459 
 162      111B25B5 
 163 003b 526BD6A0 		.ascii	"Rk\326\240 \250\013*P\020\220\005\025y\210\017D`\261"
 163      20A80B2A 
 163      50109005 
 163      1579880F 
 163      4460B1
 164 004e 20AED098 		.ascii	" \256\320\230\032\333\265\305*\205\270=3\367.\367\256"
 164      1ADBB5C5 
 164      2A85B83D 
 164      33F72EF7 
 164      AE
 165 005f 017592B3 		.ascii	"\001u\222\263;s\3579\277\363\2373s\017\021\004\241\036"
ARM GAS  C:\Users\Thomas\AppData\Local\Temp\ccazhs35.s 			page 12


 165      3B73EF39 
 165      BFF39F33 
 165      730F1104 
 165      A11E
 166 0071 04218863 		.ascii	"\004!\210c\300(\010\037\343\\\217\317R\004u\030\320"
 166      C028081F 
 166      E35C8FCF 
 166      52047518 
 166      D0
 167 0082 4EA379D0 		.ascii	"N\243y\320\352\320\316\261\030\264F4t\027\006\204\360"
 167      EAD0CEB1 
 167      18B44634 
 167      74170684 
 167      F0
 168 0093 C17C8D0A 		.ascii	"\301|\215\012\303\2066\2026\214\346C\273\201\326\205"
 168      C3863682 
 168      368CE643 
 168      BB81D685 
 169 00a3 26A2F5A0 		.ascii	"&\242\365\240\365+\214\323\213\260</\261\264\214Q\264"
 169      F52B8CD3 
 169      8BB03C2F 
 169      B1B48C51 
 169      B4
 170 00b4 A105589E 		.ascii	"\241\005X\236EXL\273Ua\305\242\215)\314I4\277\206\335"
 170      45584CBB 
 170      5561C5A2 
 170      8D29CC49 
 170      34BF86DD 
 171 00c8 86368556 		.ascii	"\2066\205V\255\321\316\362\021\264^M.\2420\353_\241"
 171      ADD1CEF2 
 171      11B45E4D 
 171      2EA230EB 
 171      5FA1
 172 00da 9FD52A52 		.ascii	"\237\325*R\223s\261=hs\022M\216^e}N\331\327b5\177\""
 172      9373B13D 
 172      6873124D 
 172      8E5E657D 
 172      4ED9D762 
 173 00f1 42B367BA 		.ascii	"B\263g\272?\362\241\010V\263\215-/\224u\273\014\270"
 173      3FF2A108 
 173      56B38D2D 
 173      2F9475BB 
 173      0CB8
 174 0103 B498756C 		.ascii	"\264\230ul\3312\353\037\324-9Dq\034(\242\321:H\211\205"
 174      D932EB1F 
 174      D42D3944 
 174      711C28A2 
 174      D13A4889 
 175 0118 2A888393 		.ascii	"*\210\203\223\020\207\304jX\202\277_\350dR\317\321\342"
 175      1087C46A 
 175      5882BF5F 
 175      E86452CF 
 175      D1E2
 176 012a 7E9188C0 		.ascii	"~\221\210\300\346\025\256\373\203\346\3455\030\346\240"
 176      E615AEFB 
 176      83E6E535 
 176      18E6A0
ARM GAS  C:\Users\Thomas\AppData\Local\Temp\ccazhs35.s 			page 13


 177 0139 DE80A8A6 		.ascii	"\336\200\250\246\253\237\351\010\030mG\351D]\240m\320"
 177      AB9FE908 
 177      186D47E9 
 177      445DA06D 
 177      D0
 178 014a 67A1DDD4 		.ascii	"g\241\335\324\033\014\266S\3400\250\001\002\247`9\363"
 178      1B0CB653 
 178      E030A801 
 178      02A76039 
 178      F3
 179 015b 65731E04 		.ascii	"es\036\004\247\301\206\201{\367L\337\022\311zNw\316"
 179      A7C18681 
 179      7BF74CDF 
 179      12C97A4E 
 179      77CE
 180 016d 365E231C 		.ascii	"6^#\034\342>Ra\010!8\341\214\206p&D\360p\302\210\363"
 180      E23E5261 
 180      082138E1 
 180      8C867026 
 180      44F070C2 
 181 0183 C10B3D49 		.ascii	"\301\013=I\343\204+\177\035z\312d\270\353\334>\205\360"
 181      E3842B7F 
 181      1D7ACA64 
 181      B8EBDC3E 
 181      85F0
 182 0195 218FAFD5 		.ascii	"!\217\257\325\304\327\206\342\353x\274\357~Q\243H\266"
 182      C4D786E2 
 182      EB78BCEF 
 182      7E51A348 
 182      B6
 183 01a6 F3F8BB55 		.ascii	"\363\370\273U\015\225V9\336qB\033\177V\023\1776\024"
 183      0D955639 
 183      DE71421B 
 183      7F56137F 
 183      3614
 184 01b8 7F8EC73B 		.ascii	"\177\216\307;\376\253}L\310\367<\276n,8l`;\240\201\303"
 184      FEAB7D4C 
 184      C8F73CBE 
 184      6E2C386C 
 184      603BA081 
 185 01cd 53FED587 		.ascii	"S\376\325\207\351\261B\372\"\030T\312p^\0039\037\202"
 185      E9B142FA 
 185      221854CA 
 185      705E0339 
 185      1F82
 186 01df D47348E7 		.ascii	"\324sH\347\250o\300H<\300)\373\012\234\207,\234\342"
 186      A86FC048 
 186      3CC029FB 
 186      0A9C872C 
 186      9CE2
 187 01f1 DE5FB1C7 		.ascii	"\336_\261\307\246\221\321\240!4\204\010\215\234p\357"
 187      A691D1A0 
 187      21348408 
 187      8D9C70EF 
 188 0201 D9BD4E23 		.ascii	"\331\275N#?\360\225\214Q\266\273\251\311\312\017\334"
 188      3FF0958C 
 188      51B6BBA9 
ARM GAS  C:\Users\Thomas\AppData\Local\Temp\ccazhs35.s 			page 14


 188      C9CA0FDC 
 189 0211 C0969706 		.ascii	"\300\226\227\006k[u\344\242\314\037j/.6\221;\362\242"
 189      6B5B75E4 
 189      A2CC1F6A 
 189      2F2E3691 
 189      3BF2A2
 190 0224 A0B2A594 		.ascii	"\240\262\245\224\305\305\232\371A\376\320W\336A\370"
 190      C5C59AF9 
 190      41FED057 
 190      DE41F8
 191 0233 32C85E8B 		.ascii	"2\310^\213>\337\2173\004\314\011\016J\013i\240\214\222"
 191      3EDF8F33 
 191      04CC090E 
 191      4A0B69A0 
 191      8C92
 192 0245 A5022C8F 		.ascii	"\245\002,\217\203\367\342\004\270\010\011\350\306\365"
 192      83F7E204 
 192      B80809E8 
 192      C6F5
 193 0253 400B5E9E 		.ascii	"@\013^\236V\274<\307\361j\004Z\256\326l,\242k\240\015"
 193      56BC3CC7 
 193      F16A045A 
 193      AED66C2C 
 193      A26BA00D 
 194 0267 CC70615E 		.ascii	"\314pa^1\317\240\\\227v\317m\227\211\004e\005}\376\347"
 194      31CFA05C 
 194      9776CF6D 
 194      97890465 
 194      057DFEE7 
 195 027b FF58B8F2 		.ascii	"\377X\270\362h\266,\037\236\232&\\\271\310\226\277\374"
 195      68B62C1F 
 195      9E9A265C 
 195      B9C896BF 
 195      FC
 196 028c FD676B04 		.ascii	"\375gk\004\331'\206\211\265\311b\235\217\236\327\233"
 196      D9278689 
 196      B5C9629D 
 196      8F9ED79B 
 197 029c F8321824 		.ascii	"\3702\030$L\355\354\003O\225\001\022\314L\206\373T\024"
 197      4CEDEC03 
 197      4F950112 
 197      CC4C86FB 
 197      5414
 198 02ae 40174AE8 		.ascii	"@\027J\350T%\330\024\011|7\264\210\352OZ\005\360\242"
 198      5425D814 
 198      097C37B4 
 198      88EA4F5A 
 198      05F0A2
 199 02c1 F60ED40E 		.ascii	"\366\016\324\016WpC6eC\227\360\341e|\210YZ{\273\237"
 199      57704336 
 199      654397F0 
 199      E1657C88 
 199      595A7BBB 
 200 02d6 184999AC 		.ascii	"\030I\231\254`\256\251\250H$G\371B\177\371F\303~\035"
 200      60AEA9A8 
 200      482447F9 
 200      427FF946 
ARM GAS  C:\Users\Thomas\AppData\Local\Temp\ccazhs35.s 			page 15


 200      C37E1D
 201 02e9 C4C7C724 		.ascii	"\304\307\307$\304\273\221\0308\274\373g\253\213\272"
 201      C4BB9118 
 201      38BCFB67 
 201      AB8BBA
 202 02f8 3BE4BC57 		.ascii	";\344\274W1o\037\304\250\374w\331\307\345e\237\230\300"
 202      316F1FC4 
 202      A8FC77D9 
 202      C7E5659F 
 202      98C0
 203 030a DC27FE68 		.ascii	"\334'\376hL\363\026\020^\246v\305W)-\367|\2379\036\344"
 203      4CF31610 
 203      5EA676C5 
 203      57292DF7 
 203      7C9F391E 
 204 031f DF28A56B 		.ascii	"\337(\245kr\005\370\025AM\374\013e\256(\023\256\241"
 204      7205F815 
 204      414DFC0B 
 204      65AE2813 
 204      AEA1
 205 0331 E25E8887 		.ascii	"\342^\210\207\036\264~\210\347{c{\237x\270\312\304\234"
 205      1EB47E88 
 205      E77B637B 
 205      9F78B8CA 
 205      C49C
 206 0343 84D06D91 		.ascii	"\204\320m\221\007\317\372\270\351Ko!\341\012\273\027"
 206      07CFFAB8 
 206      E94B6F21 
 206      E10ABB17 
 207 0353 5458C515 		.ascii	"TX\305\025b5;f~\377\014\022b8p\326\000p\003]\233\325"
 207      62353B66 
 207      7EFF0C12 
 207      623870D6 
 207      0070035D 
 208 0369 62323E1F 		.ascii	"b2>\037\013i\204\353(\355U2\261\226\275\223\317\306"
 208      0B6984EB 
 208      28ED5532 
 208      B196BD93 
 208      CFC6
 209 037b 4CA4462E 		.ascii	"L\244F.\354\315\335\315\325QI\365\324\341^\312\0231"
 209      ECCDDDCD 
 209      D55149F5 
 209      D4E15ECA 
 209      1331
 210 038d 7F76AB58 		.ascii	"\177v\253X\014;\214~\371\237\271v\215\225\216\230\226"
 210      0C3B8C7E 
 210      F99FB976 
 210      8D958E98 
 210      96
 211 039e 1DC3230E 		.ascii	"\035\303#\016\264\215\314A\001u\343a\262O\204\007\336"
 211      B48DCC41 
 211      0175E361 
 211      B24F8407 
 211      DE
 212 03af 94156AAA 		.ascii	"\224\025j\252u\223})p\013\222\004\030\200e\2549^\277"
 212      75937D29 
 212      700B9204 
ARM GAS  C:\Users\Thomas\AppData\Local\Temp\ccazhs35.s 			page 16


 212      188065AC 
 212      395EBF
 213 03c2 3B4EC805 		.ascii	";N\310\0059q\300\261\377\221\316\354`\327\341\015o\204"
 213      3971C0B1 
 213      FF91CEEC 
 213      60D7E10D 
 213      6F84
 214 03d4 E83C3356 		.ascii	"\350<3V\016\3125\013\264T\265[z(5\301\020V\364\266Z"
 214      0ECA350B 
 214      B454B55B 
 214      7A2835C1 
 214      1056F4B6 
 215 03e9 9E41502F 		.ascii	"\236AP/\333\002\350;\013_\266\322\207O+\"Cj\034o\024"
 215      DB02E83B 
 215      0B5FB6D2 
 215      874F2B22 
 215      436A1C6F 
 216 03fe 52DDD97C 		.ascii	"R\335\331|$\322R\302\25646\363\210n+\014\243\022\265"
 216      24D252C2 
 216      AE3436F3 
 216      886E2B0C 
 216      A312B5
 217 0411 9D8F8085 		.ascii	"\235\217\200\205\367\011\374g\355j\340y\2459\314\233"
 217      F709FC67 
 217      ED6AE079 
 217      A539CC9B 
 218 0421 154DF5F6 		.ascii	"\025M\365\366)\336>\356}\342`\027\011s\036\012C\217"
 218      29DE3EEE 
 218      7DE26017 
 218      09731E0A 
 218      438F
 219 0433 2ACEA3DC 		.ascii	"*\316\243\334\331\371S\337\021#\361\362\262\352&g\306"
 219      D9F953DF 
 219      1123F1F2 
 219      B2EA2667 
 219      C6
 220 0444 9F19212E 		.ascii	"\237\031!.\"!\316\205\265\031\203\010\241\230\267\220"
 220      2221CE85 
 220      B5198308 
 220      A198B790 
 221 0454 C203D1DF 		.ascii	"\302\003\321\337\316\267\220q\334\021{%\300o\310\274"
 221      CEB79071 
 221      DC117B25 
 221      C06FC8BC 
 222 0464 A7341007 		.ascii	"\2474\020\007\366\016|\012w\225\016'\017\027>\227A\354"
 222      F60E7C0A 
 222      77950E27 
 222      0F173E97 
 222      41EC
 223 0476 07D351E7 		.ascii	"\007\323Q\347\276\343&\322%\237b\303\277%\315Qr\335"
 223      BEE326D2 
 223      259F62C3 
 223      BF25CD51 
 223      72DD
 224 0488 5EDFA5F0 		.ascii	"^\337\245\360\010\007\257\227\014E\310}\355\345\210"
 224      0807AF97 
 224      0C45C87D 
ARM GAS  C:\Users\Thomas\AppData\Local\Temp\ccazhs35.s 			page 17


 224      EDE588
 225 0497 078BF435 		.ascii	"\007\213\3645\367\\\242\011\374\270\377\011\365\220"
 225      F75CA209 
 225      FCB8FF09 
 225      F590
 226 04a5 EF83DAD4 		.ascii	"\357\203\332\324\366\372\313\373-a\305\362\207\025k"
 226      F6FACBFB 
 226      2D61C5F2 
 226      87156B
 227 04b4 5229D624 		.ascii	"R)\326$/\326\270\313[\242\013\363f\015^\365\236\002"
 227      2FD6B8CB 
 227      5BA20BF3 
 227      660D5EF5 
 227      9E02
 228 04c6 4B28094E 		.ascii	"K(\011N\205\230\224\304\364MR\326G\253\322S3\276\223"
 228      859894C4 
 228      F44D52D6 
 228      47ABD253 
 228      33BE93
 229 04d9 92EDD95F 		.ascii	"\222\355\331_o\3132l\370t\213-YxgE\332\006)[\312\315"
 229      6FCB326C 
 229      F8748B2D 
 229      59786745 
 229      DA06295B 
 230 04ef C893BE4A 		.ascii	"\310\223\276JO\265\347\347fJi)\251\366\344\017\322\346"
 230      4FB5E7E7 
 230      664A6929 
 230      A9F6E40F 
 230      D2E6
 231 0501 63523E59 		.ascii	"cR>Y\221)\304\316/7I;\363\354\271\012\305\252\222wH"
 231      9129C4CE 
 231      2F37493B 
 231      F3ECB90A 
 231      C5AA9277 
 232 0516 52CE5BF3 		.ascii	"R\316[\363\313\3173\266K\3719Q\352\353<{\316\333\257"
 232      CBCF33B6 
 232      4BF93951 
 232      EAEB3C7B 
 232      CEDBAF
 233 0529 CDB5E21B 		.ascii	"\315\265\342\033AE\254\317\316\330\272CR\023\257[\233"
 233      4145ACCF 
 233      CED8BA43 
 233      5213AF5B 
 233      9B
 234 053a BC714B4A 		.ascii	"\274qKJz\352\346M[\2227\353\363\267e\347\255^\266(1"
 234      7AEAE64D 
 234      5B9237EB 
 234      F3B765E7 
 234      AD5EB628 
 235 054f 7357DEAE 		.ascii	"sW\336\256\034i'\002#%\316I\315C'\003\213JL\212\334"
 235      1C692702 
 235      2325CE49 
 235      CD432703 
 235      8B4A4C8A 
 236 0564 896548CD 		.ascii	"\211eH\315]\273\022\301\241y\"\316\325\334[32\267\347"
 236      5DBB12C1 
 236      A17922CE 
ARM GAS  C:\Users\Thomas\AppData\Local\Temp\ccazhs35.s 			page 18


 236      D5DC5B33 
 236      32B7E7
 237 0577 E7E873A5 		.ascii	"\347\350s\245\254\304$}\372:\273}\207\016\347\253\377"
 237      ACC4247D 
 237      FA3ABB7D 
 237      870EE7AB 
 237      FF
 238 0588 078345F4 		.ascii	"\007\203E\364_"
 238      5F
 239              		.text
 240              		.section	.gnu.lto_.symtab.c0d68332,"",%progbits
 241 0000 50315F52 		.ascii	"P1_RegD2_SaveConfig\000\000\000\000\000\000\000\000"
 241      65674432 
 241      5F536176 
 241      65436F6E 
 241      66696700 
 242 001b 00000000 		.ascii	"\000\000\000\000\254\000\000\000P1_RegD2_RestoreCon"
 242      AC000000 
 242      50315F52 
 242      65674432 
 242      5F526573 
 243 0036 66696700 		.ascii	"fig\000\000\000\000\000\000\000\000\000\000\000\000"
 243      00000000 
 243      00000000 
 243      000000
 244 0045 AE000000 		.ascii	"\256\000\000\000P1_RegD2_Sleep\000\000\000\000\000\000"
 244      50315F52 
 244      65674432 
 244      5F536C65 
 244      65700000 
 245 005d 00000000 		.ascii	"\000\000\000\000\000\000\260\000\000\000P1_RegD2_Wa"
 245      0000B000 
 245      00005031 
 245      5F526567 
 245      44325F57 
 246 0072 6B657570 		.ascii	"keup\000\000\000\000\000\000\000\000\000\000\000\000"
 246      00000000 
 246      00000000 
 246      00000000 
 247 0082 B2000000 		.ascii	"\262\000\000\000P1_RegD2_Stop\000\000\002\000\000\000"
 247      50315F52 
 247      65674432 
 247      5F53746F 
 247      70000002 
 248 0099 00000000 		.ascii	"\000\000\000\000\000\000\264\000\000\000P1_RegD2_En"
 248      0000B400 
 248      00005031 
 248      5F526567 
 248      44325F45 
 249 00ae 61626C65 		.ascii	"able\000\000\002\000\000\000\000\000\000\000\000\000"
 249      00000200 
 249      00000000 
 249      00000000 
 250 00be B6000000 		.ascii	"\266\000\000\000"
 251              		.text
 252              		.section	.gnu.lto_.opts,"",%progbits
 253 0000 272D666E 		.ascii	"'-fno-trapv' '-mcpu=cortex-m3' '-mthumb' '-g' '-O3'"
ARM GAS  C:\Users\Thomas\AppData\Local\Temp\ccazhs35.s 			page 19


 253      6F2D7472 
 253      61707627 
 253      20272D6D 
 253      6370753D 
 254 0033 20272D66 		.ascii	" '-ffunction-sections' '-finline-functions' '-flto'"
 254      66756E63 
 254      74696F6E 
 254      2D736563 
 254      74696F6E 
 255 0066 20272D66 		.ascii	" '-ffat-lto-objects'\000"
 255      6661742D 
 255      6C746F2D 
 255      6F626A65 
 255      63747327 
 256              		.text
 257              		.cfi_sections	.debug_frame
 258              		.section	.text.P1_RegD2_SaveConfig,"ax",%progbits
 259              		.align	2
 260              		.global	P1_RegD2_SaveConfig
 261              		.thumb
 262              		.thumb_func
 263              		.type	P1_RegD2_SaveConfig, %function
 264              	P1_RegD2_SaveConfig:
 265              	.LFB0:
 266              		.file 1 ".\\Generated_Source\\PSoC5\\P1_RegD2_PM.c"
   1:.\Generated_Source\PSoC5/P1_RegD2_PM.c **** /*******************************************************************************
   2:.\Generated_Source\PSoC5/P1_RegD2_PM.c **** * File Name: P1_RegD2_PM.c
   3:.\Generated_Source\PSoC5/P1_RegD2_PM.c **** * Version 2.30
   4:.\Generated_Source\PSoC5/P1_RegD2_PM.c **** *
   5:.\Generated_Source\PSoC5/P1_RegD2_PM.c **** * Description:
   6:.\Generated_Source\PSoC5/P1_RegD2_PM.c **** *  This file provides the API source code for sleep mode support for Shift
   7:.\Generated_Source\PSoC5/P1_RegD2_PM.c **** *  Register component.
   8:.\Generated_Source\PSoC5/P1_RegD2_PM.c **** *
   9:.\Generated_Source\PSoC5/P1_RegD2_PM.c **** * Note:
  10:.\Generated_Source\PSoC5/P1_RegD2_PM.c **** *
  11:.\Generated_Source\PSoC5/P1_RegD2_PM.c **** ********************************************************************************
  12:.\Generated_Source\PSoC5/P1_RegD2_PM.c **** * Copyright 2008-2013, Cypress Semiconductor Corporation.  All rights reserved.
  13:.\Generated_Source\PSoC5/P1_RegD2_PM.c **** * You may use this file only in accordance with the license, terms, conditions,
  14:.\Generated_Source\PSoC5/P1_RegD2_PM.c **** * disclaimers, and limitations in the end user license agreement accompanying
  15:.\Generated_Source\PSoC5/P1_RegD2_PM.c **** * the software package with which this file was provided.
  16:.\Generated_Source\PSoC5/P1_RegD2_PM.c **** *******************************************************************************/
  17:.\Generated_Source\PSoC5/P1_RegD2_PM.c **** 
  18:.\Generated_Source\PSoC5/P1_RegD2_PM.c **** #include "P1_RegD2.h"
  19:.\Generated_Source\PSoC5/P1_RegD2_PM.c **** 
  20:.\Generated_Source\PSoC5/P1_RegD2_PM.c **** static P1_RegD2_BACKUP_STRUCT P1_RegD2_backup =
  21:.\Generated_Source\PSoC5/P1_RegD2_PM.c **** {
  22:.\Generated_Source\PSoC5/P1_RegD2_PM.c ****     P1_RegD2_DISABLED,
  23:.\Generated_Source\PSoC5/P1_RegD2_PM.c **** 
  24:.\Generated_Source\PSoC5/P1_RegD2_PM.c ****     ((uint16) P1_RegD2_DEFAULT_A0),
  25:.\Generated_Source\PSoC5/P1_RegD2_PM.c ****     ((uint16) P1_RegD2_DEFAULT_A1),
  26:.\Generated_Source\PSoC5/P1_RegD2_PM.c **** 
  27:.\Generated_Source\PSoC5/P1_RegD2_PM.c ****     #if(CY_UDB_V0)
  28:.\Generated_Source\PSoC5/P1_RegD2_PM.c ****         ((uint16) P1_RegD2_INT_SRC),
  29:.\Generated_Source\PSoC5/P1_RegD2_PM.c ****     #endif /* (CY_UDB_V0) */
  30:.\Generated_Source\PSoC5/P1_RegD2_PM.c **** };
  31:.\Generated_Source\PSoC5/P1_RegD2_PM.c **** 
  32:.\Generated_Source\PSoC5/P1_RegD2_PM.c **** 
ARM GAS  C:\Users\Thomas\AppData\Local\Temp\ccazhs35.s 			page 20


  33:.\Generated_Source\PSoC5/P1_RegD2_PM.c **** /*******************************************************************************
  34:.\Generated_Source\PSoC5/P1_RegD2_PM.c **** * Function Name: P1_RegD2_SaveConfig
  35:.\Generated_Source\PSoC5/P1_RegD2_PM.c **** ********************************************************************************
  36:.\Generated_Source\PSoC5/P1_RegD2_PM.c **** *
  37:.\Generated_Source\PSoC5/P1_RegD2_PM.c **** * Summary:
  38:.\Generated_Source\PSoC5/P1_RegD2_PM.c **** *  Saves Shift Register configuration.
  39:.\Generated_Source\PSoC5/P1_RegD2_PM.c **** *
  40:.\Generated_Source\PSoC5/P1_RegD2_PM.c **** * Parameters:
  41:.\Generated_Source\PSoC5/P1_RegD2_PM.c **** *  None.
  42:.\Generated_Source\PSoC5/P1_RegD2_PM.c **** *
  43:.\Generated_Source\PSoC5/P1_RegD2_PM.c **** * Return:
  44:.\Generated_Source\PSoC5/P1_RegD2_PM.c **** *  None.
  45:.\Generated_Source\PSoC5/P1_RegD2_PM.c **** *
  46:.\Generated_Source\PSoC5/P1_RegD2_PM.c **** * Reentrant:
  47:.\Generated_Source\PSoC5/P1_RegD2_PM.c **** *  No.
  48:.\Generated_Source\PSoC5/P1_RegD2_PM.c **** *
  49:.\Generated_Source\PSoC5/P1_RegD2_PM.c **** *******************************************************************************/
  50:.\Generated_Source\PSoC5/P1_RegD2_PM.c **** void P1_RegD2_SaveConfig(void) 
  51:.\Generated_Source\PSoC5/P1_RegD2_PM.c **** {
 267              		.loc 1 51 0
 268              		.cfi_startproc
 269              		@ args = 0, pretend = 0, frame = 0
 270              		@ frame_needed = 0, uses_anonymous_args = 0
 271              		@ link register save eliminated.
  52:.\Generated_Source\PSoC5/P1_RegD2_PM.c ****     /* Store working registers A0 and A1 */
  53:.\Generated_Source\PSoC5/P1_RegD2_PM.c ****     P1_RegD2_backup.saveSrA0Reg   = CY_GET_REG16(P1_RegD2_SHIFT_REG_LSB_PTR);
 272              		.loc 1 53 0
 273 0000 034B     		ldr	r3, .L2
  54:.\Generated_Source\PSoC5/P1_RegD2_PM.c ****     P1_RegD2_backup.saveSrA1Reg   = CY_GET_REG16(P1_RegD2_SHIFT_REG_VALUE_LSB_PTR);
 274              		.loc 1 54 0
 275 0002 044A     		ldr	r2, .L2+4
  53:.\Generated_Source\PSoC5/P1_RegD2_PM.c ****     P1_RegD2_backup.saveSrA1Reg   = CY_GET_REG16(P1_RegD2_SHIFT_REG_VALUE_LSB_PTR);
 276              		.loc 1 53 0
 277 0004 1988     		ldrh	r1, [r3]
 278 0006 044B     		ldr	r3, .L2+8
 279              		.loc 1 54 0
 280 0008 1288     		ldrh	r2, [r2]
  53:.\Generated_Source\PSoC5/P1_RegD2_PM.c ****     P1_RegD2_backup.saveSrA1Reg   = CY_GET_REG16(P1_RegD2_SHIFT_REG_VALUE_LSB_PTR);
 281              		.loc 1 53 0
 282 000a 5980     		strh	r1, [r3, #2]	@ movhi
 283              		.loc 1 54 0
 284 000c 9A80     		strh	r2, [r3, #4]	@ movhi
 285 000e 7047     		bx	lr
 286              	.L3:
 287              		.align	2
 288              	.L2:
 289 0010 08650040 		.word	1073767688
 290 0014 18650040 		.word	1073767704
 291 0018 00000000 		.word	.LANCHOR0
 292              		.cfi_endproc
 293              	.LFE0:
 294              		.size	P1_RegD2_SaveConfig, .-P1_RegD2_SaveConfig
 295              		.section	.text.P1_RegD2_RestoreConfig,"ax",%progbits
 296              		.align	2
 297              		.global	P1_RegD2_RestoreConfig
 298              		.thumb
 299              		.thumb_func
ARM GAS  C:\Users\Thomas\AppData\Local\Temp\ccazhs35.s 			page 21


 300              		.type	P1_RegD2_RestoreConfig, %function
 301              	P1_RegD2_RestoreConfig:
 302              	.LFB1:
  55:.\Generated_Source\PSoC5/P1_RegD2_PM.c **** 
  56:.\Generated_Source\PSoC5/P1_RegD2_PM.c ****     #if(CY_UDB_V0)
  57:.\Generated_Source\PSoC5/P1_RegD2_PM.c ****         P1_RegD2_backup.saveSrIntMask = P1_RegD2_SR_STATUS_MASK;
  58:.\Generated_Source\PSoC5/P1_RegD2_PM.c ****     #endif /* (CY_UDB_V0) */
  59:.\Generated_Source\PSoC5/P1_RegD2_PM.c **** }
  60:.\Generated_Source\PSoC5/P1_RegD2_PM.c **** 
  61:.\Generated_Source\PSoC5/P1_RegD2_PM.c **** 
  62:.\Generated_Source\PSoC5/P1_RegD2_PM.c **** /*******************************************************************************
  63:.\Generated_Source\PSoC5/P1_RegD2_PM.c **** * Function Name: P1_RegD2_RestoreConfig
  64:.\Generated_Source\PSoC5/P1_RegD2_PM.c **** ********************************************************************************
  65:.\Generated_Source\PSoC5/P1_RegD2_PM.c **** *
  66:.\Generated_Source\PSoC5/P1_RegD2_PM.c **** * Summary:
  67:.\Generated_Source\PSoC5/P1_RegD2_PM.c **** *  Restores Shift Register configuration.
  68:.\Generated_Source\PSoC5/P1_RegD2_PM.c **** *
  69:.\Generated_Source\PSoC5/P1_RegD2_PM.c **** * Parameters:
  70:.\Generated_Source\PSoC5/P1_RegD2_PM.c **** *  None.
  71:.\Generated_Source\PSoC5/P1_RegD2_PM.c **** *
  72:.\Generated_Source\PSoC5/P1_RegD2_PM.c **** * Return:
  73:.\Generated_Source\PSoC5/P1_RegD2_PM.c **** *  None.
  74:.\Generated_Source\PSoC5/P1_RegD2_PM.c **** *
  75:.\Generated_Source\PSoC5/P1_RegD2_PM.c **** *******************************************************************************/
  76:.\Generated_Source\PSoC5/P1_RegD2_PM.c **** void P1_RegD2_RestoreConfig(void) 
  77:.\Generated_Source\PSoC5/P1_RegD2_PM.c **** {
 303              		.loc 1 77 0
 304              		.cfi_startproc
 305              		@ args = 0, pretend = 0, frame = 0
 306              		@ frame_needed = 0, uses_anonymous_args = 0
 307              		@ link register save eliminated.
  78:.\Generated_Source\PSoC5/P1_RegD2_PM.c ****     /* Restore working registers A0 and A1 */
  79:.\Generated_Source\PSoC5/P1_RegD2_PM.c ****     CY_SET_REG16(P1_RegD2_SHIFT_REG_LSB_PTR, P1_RegD2_backup.saveSrA0Reg);
 308              		.loc 1 79 0
 309 0000 034B     		ldr	r3, .L5
 310 0002 0449     		ldr	r1, .L5+4
  80:.\Generated_Source\PSoC5/P1_RegD2_PM.c ****     CY_SET_REG16(P1_RegD2_SHIFT_REG_VALUE_LSB_PTR, P1_RegD2_backup.saveSrA1Reg);
 311              		.loc 1 80 0
 312 0004 9A88     		ldrh	r2, [r3, #4]
  79:.\Generated_Source\PSoC5/P1_RegD2_PM.c ****     CY_SET_REG16(P1_RegD2_SHIFT_REG_VALUE_LSB_PTR, P1_RegD2_backup.saveSrA1Reg);
 313              		.loc 1 79 0
 314 0006 5888     		ldrh	r0, [r3, #2]
 315              		.loc 1 80 0
 316 0008 034B     		ldr	r3, .L5+8
  79:.\Generated_Source\PSoC5/P1_RegD2_PM.c ****     CY_SET_REG16(P1_RegD2_SHIFT_REG_VALUE_LSB_PTR, P1_RegD2_backup.saveSrA1Reg);
 317              		.loc 1 79 0
 318 000a 0880     		strh	r0, [r1]	@ movhi
 319              		.loc 1 80 0
 320 000c 1A80     		strh	r2, [r3]	@ movhi
 321 000e 7047     		bx	lr
 322              	.L6:
 323              		.align	2
 324              	.L5:
 325 0010 00000000 		.word	.LANCHOR0
 326 0014 08650040 		.word	1073767688
 327 0018 18650040 		.word	1073767704
 328              		.cfi_endproc
ARM GAS  C:\Users\Thomas\AppData\Local\Temp\ccazhs35.s 			page 22


 329              	.LFE1:
 330              		.size	P1_RegD2_RestoreConfig, .-P1_RegD2_RestoreConfig
 331              		.section	.text.P1_RegD2_Sleep,"ax",%progbits
 332              		.align	2
 333              		.global	P1_RegD2_Sleep
 334              		.thumb
 335              		.thumb_func
 336              		.type	P1_RegD2_Sleep, %function
 337              	P1_RegD2_Sleep:
 338              	.LFB2:
  81:.\Generated_Source\PSoC5/P1_RegD2_PM.c **** 
  82:.\Generated_Source\PSoC5/P1_RegD2_PM.c ****     #if(CY_UDB_V0)
  83:.\Generated_Source\PSoC5/P1_RegD2_PM.c ****         P1_RegD2_SR_STATUS_MASK = ((uint8) P1_RegD2_backup.saveSrIntMask);
  84:.\Generated_Source\PSoC5/P1_RegD2_PM.c ****     #endif /* (CY_UDB_V0) */
  85:.\Generated_Source\PSoC5/P1_RegD2_PM.c **** }
  86:.\Generated_Source\PSoC5/P1_RegD2_PM.c **** 
  87:.\Generated_Source\PSoC5/P1_RegD2_PM.c **** 
  88:.\Generated_Source\PSoC5/P1_RegD2_PM.c **** /*******************************************************************************
  89:.\Generated_Source\PSoC5/P1_RegD2_PM.c **** * Function Name: P1_RegD2_Sleep
  90:.\Generated_Source\PSoC5/P1_RegD2_PM.c **** ********************************************************************************
  91:.\Generated_Source\PSoC5/P1_RegD2_PM.c **** *
  92:.\Generated_Source\PSoC5/P1_RegD2_PM.c **** * Summary:
  93:.\Generated_Source\PSoC5/P1_RegD2_PM.c **** *  Prepare the component to enter a Sleep mode.
  94:.\Generated_Source\PSoC5/P1_RegD2_PM.c **** *
  95:.\Generated_Source\PSoC5/P1_RegD2_PM.c **** * Parameters:
  96:.\Generated_Source\PSoC5/P1_RegD2_PM.c **** *  None.
  97:.\Generated_Source\PSoC5/P1_RegD2_PM.c **** *
  98:.\Generated_Source\PSoC5/P1_RegD2_PM.c **** * Return:
  99:.\Generated_Source\PSoC5/P1_RegD2_PM.c **** *  None.
 100:.\Generated_Source\PSoC5/P1_RegD2_PM.c **** *
 101:.\Generated_Source\PSoC5/P1_RegD2_PM.c **** * Reentrant:
 102:.\Generated_Source\PSoC5/P1_RegD2_PM.c **** *  No.
 103:.\Generated_Source\PSoC5/P1_RegD2_PM.c **** *
 104:.\Generated_Source\PSoC5/P1_RegD2_PM.c **** *******************************************************************************/
 105:.\Generated_Source\PSoC5/P1_RegD2_PM.c **** void P1_RegD2_Sleep(void) 
 106:.\Generated_Source\PSoC5/P1_RegD2_PM.c **** {
 339              		.loc 1 106 0
 340              		.cfi_startproc
 341              		@ args = 0, pretend = 0, frame = 0
 342              		@ frame_needed = 0, uses_anonymous_args = 0
 343 0000 10B5     		push	{r4, lr}
 344              		.cfi_def_cfa_offset 8
 345              		.cfi_offset 4, -8
 346              		.cfi_offset 14, -4
 107:.\Generated_Source\PSoC5/P1_RegD2_PM.c ****     P1_RegD2_backup.enableState = ((uint8) P1_RegD2_IS_ENABLED);
 347              		.loc 1 107 0
 348 0002 074B     		ldr	r3, .L9
 349 0004 074C     		ldr	r4, .L9+4
 350 0006 1B78     		ldrb	r3, [r3]	@ zero_extendqisi2
 351 0008 03F00103 		and	r3, r3, #1
 352 000c 2370     		strb	r3, [r4]
 108:.\Generated_Source\PSoC5/P1_RegD2_PM.c **** 
 109:.\Generated_Source\PSoC5/P1_RegD2_PM.c ****     P1_RegD2_Stop();
 353              		.loc 1 109 0
 354 000e FFF7FEFF 		bl	P1_RegD2_Stop
 355              	.LVL0:
 356              	.LBB6:
ARM GAS  C:\Users\Thomas\AppData\Local\Temp\ccazhs35.s 			page 23


 357              	.LBB7:
  53:.\Generated_Source\PSoC5/P1_RegD2_PM.c ****     P1_RegD2_backup.saveSrA1Reg   = CY_GET_REG16(P1_RegD2_SHIFT_REG_VALUE_LSB_PTR);
 358              		.loc 1 53 0
 359 0012 054A     		ldr	r2, .L9+8
  54:.\Generated_Source\PSoC5/P1_RegD2_PM.c **** 
 360              		.loc 1 54 0
 361 0014 054B     		ldr	r3, .L9+12
  53:.\Generated_Source\PSoC5/P1_RegD2_PM.c ****     P1_RegD2_backup.saveSrA1Reg   = CY_GET_REG16(P1_RegD2_SHIFT_REG_VALUE_LSB_PTR);
 362              		.loc 1 53 0
 363 0016 1288     		ldrh	r2, [r2]
  54:.\Generated_Source\PSoC5/P1_RegD2_PM.c **** 
 364              		.loc 1 54 0
 365 0018 1B88     		ldrh	r3, [r3]
  53:.\Generated_Source\PSoC5/P1_RegD2_PM.c ****     P1_RegD2_backup.saveSrA1Reg   = CY_GET_REG16(P1_RegD2_SHIFT_REG_VALUE_LSB_PTR);
 366              		.loc 1 53 0
 367 001a 6280     		strh	r2, [r4, #2]	@ movhi
  54:.\Generated_Source\PSoC5/P1_RegD2_PM.c **** 
 368              		.loc 1 54 0
 369 001c A380     		strh	r3, [r4, #4]	@ movhi
 370 001e 10BD     		pop	{r4, pc}
 371              	.L10:
 372              		.align	2
 373              	.L9:
 374 0020 79650040 		.word	1073767801
 375 0024 00000000 		.word	.LANCHOR0
 376 0028 08650040 		.word	1073767688
 377 002c 18650040 		.word	1073767704
 378              	.LBE7:
 379              	.LBE6:
 380              		.cfi_endproc
 381              	.LFE2:
 382              		.size	P1_RegD2_Sleep, .-P1_RegD2_Sleep
 383              		.section	.text.P1_RegD2_Wakeup,"ax",%progbits
 384              		.align	2
 385              		.global	P1_RegD2_Wakeup
 386              		.thumb
 387              		.thumb_func
 388              		.type	P1_RegD2_Wakeup, %function
 389              	P1_RegD2_Wakeup:
 390              	.LFB3:
 110:.\Generated_Source\PSoC5/P1_RegD2_PM.c ****     P1_RegD2_SaveConfig();
 111:.\Generated_Source\PSoC5/P1_RegD2_PM.c **** }
 112:.\Generated_Source\PSoC5/P1_RegD2_PM.c **** 
 113:.\Generated_Source\PSoC5/P1_RegD2_PM.c **** 
 114:.\Generated_Source\PSoC5/P1_RegD2_PM.c **** /*******************************************************************************
 115:.\Generated_Source\PSoC5/P1_RegD2_PM.c **** * Function Name: P1_RegD2_Wakeup
 116:.\Generated_Source\PSoC5/P1_RegD2_PM.c **** ********************************************************************************
 117:.\Generated_Source\PSoC5/P1_RegD2_PM.c **** *
 118:.\Generated_Source\PSoC5/P1_RegD2_PM.c **** * Summary:
 119:.\Generated_Source\PSoC5/P1_RegD2_PM.c **** *  Restores and enables the user configuration.
 120:.\Generated_Source\PSoC5/P1_RegD2_PM.c **** *
 121:.\Generated_Source\PSoC5/P1_RegD2_PM.c **** * Parameters:
 122:.\Generated_Source\PSoC5/P1_RegD2_PM.c **** *  None.
 123:.\Generated_Source\PSoC5/P1_RegD2_PM.c **** *
 124:.\Generated_Source\PSoC5/P1_RegD2_PM.c **** * Return:
 125:.\Generated_Source\PSoC5/P1_RegD2_PM.c **** *  None.
 126:.\Generated_Source\PSoC5/P1_RegD2_PM.c **** *
ARM GAS  C:\Users\Thomas\AppData\Local\Temp\ccazhs35.s 			page 24


 127:.\Generated_Source\PSoC5/P1_RegD2_PM.c **** *******************************************************************************/
 128:.\Generated_Source\PSoC5/P1_RegD2_PM.c **** void P1_RegD2_Wakeup(void) 
 129:.\Generated_Source\PSoC5/P1_RegD2_PM.c **** {
 391              		.loc 1 129 0
 392              		.cfi_startproc
 393              		@ args = 0, pretend = 0, frame = 0
 394              		@ frame_needed = 0, uses_anonymous_args = 0
 395              		@ link register save eliminated.
 396 0000 10B4     		push	{r4}
 397              		.cfi_def_cfa_offset 4
 398              		.cfi_offset 4, -4
 399              	.LBB8:
 400              	.LBB9:
  79:.\Generated_Source\PSoC5/P1_RegD2_PM.c ****     CY_SET_REG16(P1_RegD2_SHIFT_REG_VALUE_LSB_PTR, P1_RegD2_backup.saveSrA1Reg);
 401              		.loc 1 79 0
 402 0002 084B     		ldr	r3, .L16
 403 0004 0848     		ldr	r0, .L16+4
 404 0006 5C88     		ldrh	r4, [r3, #2]
  80:.\Generated_Source\PSoC5/P1_RegD2_PM.c **** 
 405              		.loc 1 80 0
 406 0008 9988     		ldrh	r1, [r3, #4]
 407 000a 084A     		ldr	r2, .L16+8
  79:.\Generated_Source\PSoC5/P1_RegD2_PM.c ****     CY_SET_REG16(P1_RegD2_SHIFT_REG_VALUE_LSB_PTR, P1_RegD2_backup.saveSrA1Reg);
 408              		.loc 1 79 0
 409 000c 0480     		strh	r4, [r0]	@ movhi
  80:.\Generated_Source\PSoC5/P1_RegD2_PM.c **** 
 410              		.loc 1 80 0
 411 000e 1180     		strh	r1, [r2]	@ movhi
 412              	.LBE9:
 413              	.LBE8:
 130:.\Generated_Source\PSoC5/P1_RegD2_PM.c ****     P1_RegD2_RestoreConfig();
 131:.\Generated_Source\PSoC5/P1_RegD2_PM.c **** 
 132:.\Generated_Source\PSoC5/P1_RegD2_PM.c ****     if(0u != P1_RegD2_backup.enableState)
 414              		.loc 1 132 0
 415 0010 1B78     		ldrb	r3, [r3]	@ zero_extendqisi2
 416 0012 13B9     		cbnz	r3, .L15
 133:.\Generated_Source\PSoC5/P1_RegD2_PM.c ****     {
 134:.\Generated_Source\PSoC5/P1_RegD2_PM.c ****         P1_RegD2_Enable();
 135:.\Generated_Source\PSoC5/P1_RegD2_PM.c ****     }
 136:.\Generated_Source\PSoC5/P1_RegD2_PM.c **** }
 417              		.loc 1 136 0
 418 0014 5DF8044B 		ldr	r4, [sp], #4
 419              		.cfi_remember_state
 420              		.cfi_restore 4
 421              		.cfi_def_cfa_offset 0
 422 0018 7047     		bx	lr
 423              	.L15:
 424              		.cfi_restore_state
 425 001a 5DF8044B 		ldr	r4, [sp], #4
 426              		.cfi_restore 4
 427              		.cfi_def_cfa_offset 0
 134:.\Generated_Source\PSoC5/P1_RegD2_PM.c ****     }
 428              		.loc 1 134 0
 429 001e FFF7FEBF 		b	P1_RegD2_Enable
 430              	.LVL1:
 431              	.L17:
 432 0022 00BF     		.align	2
ARM GAS  C:\Users\Thomas\AppData\Local\Temp\ccazhs35.s 			page 25


 433              	.L16:
 434 0024 00000000 		.word	.LANCHOR0
 435 0028 08650040 		.word	1073767688
 436 002c 18650040 		.word	1073767704
 437              		.cfi_endproc
 438              	.LFE3:
 439              		.size	P1_RegD2_Wakeup, .-P1_RegD2_Wakeup
 440              		.bss
 441              		.align	2
 442              		.set	.LANCHOR0,. + 0
 443              		.type	P1_RegD2_backup, %object
 444              		.size	P1_RegD2_backup, 6
 445              	P1_RegD2_backup:
 446 0000 00000000 		.space	6
 446      0000
 447 0006 0000     		.text
 448              	.Letext0:
 449              		.file 2 ".\\Generated_Source\\PSoC5\\cytypes.h"
 450              		.file 3 ".\\Generated_Source\\PSoC5\\P1_RegD2.h"
 451              		.section	.debug_info,"",%progbits
 452              	.Ldebug_info0:
 453 0000 9F010000 		.4byte	0x19f
 454 0004 0400     		.2byte	0x4
 455 0006 00000000 		.4byte	.Ldebug_abbrev0
 456 000a 04       		.byte	0x4
 457 000b 01       		.uleb128 0x1
 458 000c 38010000 		.4byte	.LASF27
 459 0010 01       		.byte	0x1
 460 0011 EA000000 		.4byte	.LASF28
 461 0015 6D000000 		.4byte	.LASF29
 462 0019 00000000 		.4byte	.Ldebug_ranges0+0
 463 001d 00000000 		.4byte	0
 464 0021 00000000 		.4byte	.Ldebug_line0
 465 0025 02       		.uleb128 0x2
 466 0026 01       		.byte	0x1
 467 0027 06       		.byte	0x6
 468 0028 3C020000 		.4byte	.LASF0
 469 002c 02       		.uleb128 0x2
 470 002d 01       		.byte	0x1
 471 002e 08       		.byte	0x8
 472 002f 3B000000 		.4byte	.LASF1
 473 0033 02       		.uleb128 0x2
 474 0034 02       		.byte	0x2
 475 0035 05       		.byte	0x5
 476 0036 FB010000 		.4byte	.LASF2
 477 003a 02       		.uleb128 0x2
 478 003b 02       		.byte	0x2
 479 003c 07       		.byte	0x7
 480 003d 06000000 		.4byte	.LASF3
 481 0041 02       		.uleb128 0x2
 482 0042 04       		.byte	0x4
 483 0043 05       		.byte	0x5
 484 0044 27020000 		.4byte	.LASF4
 485 0048 02       		.uleb128 0x2
 486 0049 04       		.byte	0x4
 487 004a 07       		.byte	0x7
 488 004b 4E000000 		.4byte	.LASF5
ARM GAS  C:\Users\Thomas\AppData\Local\Temp\ccazhs35.s 			page 26


 489 004f 02       		.uleb128 0x2
 490 0050 08       		.byte	0x8
 491 0051 05       		.byte	0x5
 492 0052 2A010000 		.4byte	.LASF6
 493 0056 02       		.uleb128 0x2
 494 0057 08       		.byte	0x8
 495 0058 07       		.byte	0x7
 496 0059 D3000000 		.4byte	.LASF7
 497 005d 03       		.uleb128 0x3
 498 005e 04       		.byte	0x4
 499 005f 05       		.byte	0x5
 500 0060 696E7400 		.ascii	"int\000"
 501 0064 02       		.uleb128 0x2
 502 0065 04       		.byte	0x4
 503 0066 07       		.byte	0x7
 504 0067 AF000000 		.4byte	.LASF8
 505 006b 04       		.uleb128 0x4
 506 006c 60000000 		.4byte	.LASF9
 507 0070 02       		.byte	0x2
 508 0071 9201     		.2byte	0x192
 509 0073 2C000000 		.4byte	0x2c
 510 0077 04       		.uleb128 0x4
 511 0078 A8000000 		.4byte	.LASF10
 512 007c 02       		.byte	0x2
 513 007d 9301     		.2byte	0x193
 514 007f 3A000000 		.4byte	0x3a
 515 0083 02       		.uleb128 0x2
 516 0084 04       		.byte	0x4
 517 0085 04       		.byte	0x4
 518 0086 35000000 		.4byte	.LASF11
 519 008a 02       		.uleb128 0x2
 520 008b 08       		.byte	0x8
 521 008c 04       		.byte	0x4
 522 008d 66000000 		.4byte	.LASF12
 523 0091 02       		.uleb128 0x2
 524 0092 01       		.byte	0x1
 525 0093 08       		.byte	0x8
 526 0094 DF010000 		.4byte	.LASF13
 527 0098 04       		.uleb128 0x4
 528 0099 49000000 		.4byte	.LASF14
 529 009d 02       		.byte	0x2
 530 009e 3C02     		.2byte	0x23c
 531 00a0 A4000000 		.4byte	0xa4
 532 00a4 05       		.uleb128 0x5
 533 00a5 6B000000 		.4byte	0x6b
 534 00a9 04       		.uleb128 0x4
 535 00aa 00000000 		.4byte	.LASF15
 536 00ae 02       		.byte	0x2
 537 00af 3D02     		.2byte	0x23d
 538 00b1 B5000000 		.4byte	0xb5
 539 00b5 05       		.uleb128 0x5
 540 00b6 77000000 		.4byte	0x77
 541 00ba 02       		.uleb128 0x2
 542 00bb 04       		.byte	0x4
 543 00bc 07       		.byte	0x7
 544 00bd 21010000 		.4byte	.LASF16
 545 00c1 06       		.uleb128 0x6
ARM GAS  C:\Users\Thomas\AppData\Local\Temp\ccazhs35.s 			page 27


 546 00c2 06       		.byte	0x6
 547 00c3 03       		.byte	0x3
 548 00c4 30       		.byte	0x30
 549 00c5 EE000000 		.4byte	0xee
 550 00c9 07       		.uleb128 0x7
 551 00ca 30020000 		.4byte	.LASF17
 552 00ce 03       		.byte	0x3
 553 00cf 32       		.byte	0x32
 554 00d0 6B000000 		.4byte	0x6b
 555 00d4 00       		.byte	0
 556 00d5 07       		.uleb128 0x7
 557 00d6 48020000 		.4byte	.LASF18
 558 00da 03       		.byte	0x3
 559 00db 34       		.byte	0x34
 560 00dc 77000000 		.4byte	0x77
 561 00e0 02       		.byte	0x2
 562 00e1 07       		.uleb128 0x7
 563 00e2 19000000 		.4byte	.LASF19
 564 00e6 03       		.byte	0x3
 565 00e7 35       		.byte	0x35
 566 00e8 77000000 		.4byte	0x77
 567 00ec 04       		.byte	0x4
 568 00ed 00       		.byte	0
 569 00ee 08       		.uleb128 0x8
 570 00ef BC000000 		.4byte	.LASF20
 571 00f3 03       		.byte	0x3
 572 00f4 3B       		.byte	0x3b
 573 00f5 C1000000 		.4byte	0xc1
 574 00f9 09       		.uleb128 0x9
 575 00fa 05020000 		.4byte	.LASF21
 576 00fe 01       		.byte	0x1
 577 00ff 32       		.byte	0x32
 578 0100 01       		.byte	0x1
 579 0101 09       		.uleb128 0x9
 580 0102 E4010000 		.4byte	.LASF22
 581 0106 01       		.byte	0x1
 582 0107 4C       		.byte	0x4c
 583 0108 01       		.byte	0x1
 584 0109 0A       		.uleb128 0xa
 585 010a F9000000 		.4byte	0xf9
 586 010e 00000000 		.4byte	.LFB0
 587 0112 1C000000 		.4byte	.LFE0-.LFB0
 588 0116 01       		.uleb128 0x1
 589 0117 9C       		.byte	0x9c
 590 0118 0A       		.uleb128 0xa
 591 0119 01010000 		.4byte	0x101
 592 011d 00000000 		.4byte	.LFB1
 593 0121 1C000000 		.4byte	.LFE1-.LFB1
 594 0125 01       		.uleb128 0x1
 595 0126 9C       		.byte	0x9c
 596 0127 0B       		.uleb128 0xb
 597 0128 54020000 		.4byte	.LASF23
 598 012c 01       		.byte	0x1
 599 012d 69       		.byte	0x69
 600 012e 00000000 		.4byte	.LFB2
 601 0132 30000000 		.4byte	.LFE2-.LFB2
 602 0136 01       		.uleb128 0x1
ARM GAS  C:\Users\Thomas\AppData\Local\Temp\ccazhs35.s 			page 28


 603 0137 9C       		.byte	0x9c
 604 0138 55010000 		.4byte	0x155
 605 013c 0C       		.uleb128 0xc
 606 013d F9000000 		.4byte	0xf9
 607 0141 12000000 		.4byte	.LBB6
 608 0145 1E000000 		.4byte	.LBE6-.LBB6
 609 0149 01       		.byte	0x1
 610 014a 6E       		.byte	0x6e
 611 014b 0D       		.uleb128 0xd
 612 014c 12000000 		.4byte	.LVL0
 613 0150 94010000 		.4byte	0x194
 614 0154 00       		.byte	0
 615 0155 0B       		.uleb128 0xb
 616 0156 25000000 		.4byte	.LASF24
 617 015a 01       		.byte	0x1
 618 015b 80       		.byte	0x80
 619 015c 00000000 		.4byte	.LFB3
 620 0160 30000000 		.4byte	.LFE3-.LFB3
 621 0164 01       		.uleb128 0x1
 622 0165 9C       		.byte	0x9c
 623 0166 83010000 		.4byte	0x183
 624 016a 0C       		.uleb128 0xc
 625 016b 01010000 		.4byte	0x101
 626 016f 02000000 		.4byte	.LBB8
 627 0173 0E000000 		.4byte	.LBE8-.LBB8
 628 0177 01       		.byte	0x1
 629 0178 82       		.byte	0x82
 630 0179 0E       		.uleb128 0xe
 631 017a 22000000 		.4byte	.LVL1
 632 017e 9B010000 		.4byte	0x19b
 633 0182 00       		.byte	0
 634 0183 0F       		.uleb128 0xf
 635 0184 63020000 		.4byte	.LASF30
 636 0188 01       		.byte	0x1
 637 0189 14       		.byte	0x14
 638 018a EE000000 		.4byte	0xee
 639 018e 05       		.uleb128 0x5
 640 018f 03       		.byte	0x3
 641 0190 00000000 		.4byte	P1_RegD2_backup
 642 0194 10       		.uleb128 0x10
 643 0195 19020000 		.4byte	.LASF25
 644 0199 03       		.byte	0x3
 645 019a 43       		.byte	0x43
 646 019b 10       		.uleb128 0x10
 647 019c 11010000 		.4byte	.LASF26
 648 01a0 03       		.byte	0x3
 649 01a1 45       		.byte	0x45
 650 01a2 00       		.byte	0
 651              		.section	.debug_abbrev,"",%progbits
 652              	.Ldebug_abbrev0:
 653 0000 01       		.uleb128 0x1
 654 0001 11       		.uleb128 0x11
 655 0002 01       		.byte	0x1
 656 0003 25       		.uleb128 0x25
 657 0004 0E       		.uleb128 0xe
 658 0005 13       		.uleb128 0x13
 659 0006 0B       		.uleb128 0xb
ARM GAS  C:\Users\Thomas\AppData\Local\Temp\ccazhs35.s 			page 29


 660 0007 03       		.uleb128 0x3
 661 0008 0E       		.uleb128 0xe
 662 0009 1B       		.uleb128 0x1b
 663 000a 0E       		.uleb128 0xe
 664 000b 55       		.uleb128 0x55
 665 000c 17       		.uleb128 0x17
 666 000d 11       		.uleb128 0x11
 667 000e 01       		.uleb128 0x1
 668 000f 10       		.uleb128 0x10
 669 0010 17       		.uleb128 0x17
 670 0011 00       		.byte	0
 671 0012 00       		.byte	0
 672 0013 02       		.uleb128 0x2
 673 0014 24       		.uleb128 0x24
 674 0015 00       		.byte	0
 675 0016 0B       		.uleb128 0xb
 676 0017 0B       		.uleb128 0xb
 677 0018 3E       		.uleb128 0x3e
 678 0019 0B       		.uleb128 0xb
 679 001a 03       		.uleb128 0x3
 680 001b 0E       		.uleb128 0xe
 681 001c 00       		.byte	0
 682 001d 00       		.byte	0
 683 001e 03       		.uleb128 0x3
 684 001f 24       		.uleb128 0x24
 685 0020 00       		.byte	0
 686 0021 0B       		.uleb128 0xb
 687 0022 0B       		.uleb128 0xb
 688 0023 3E       		.uleb128 0x3e
 689 0024 0B       		.uleb128 0xb
 690 0025 03       		.uleb128 0x3
 691 0026 08       		.uleb128 0x8
 692 0027 00       		.byte	0
 693 0028 00       		.byte	0
 694 0029 04       		.uleb128 0x4
 695 002a 16       		.uleb128 0x16
 696 002b 00       		.byte	0
 697 002c 03       		.uleb128 0x3
 698 002d 0E       		.uleb128 0xe
 699 002e 3A       		.uleb128 0x3a
 700 002f 0B       		.uleb128 0xb
 701 0030 3B       		.uleb128 0x3b
 702 0031 05       		.uleb128 0x5
 703 0032 49       		.uleb128 0x49
 704 0033 13       		.uleb128 0x13
 705 0034 00       		.byte	0
 706 0035 00       		.byte	0
 707 0036 05       		.uleb128 0x5
 708 0037 35       		.uleb128 0x35
 709 0038 00       		.byte	0
 710 0039 49       		.uleb128 0x49
 711 003a 13       		.uleb128 0x13
 712 003b 00       		.byte	0
 713 003c 00       		.byte	0
 714 003d 06       		.uleb128 0x6
 715 003e 13       		.uleb128 0x13
 716 003f 01       		.byte	0x1
ARM GAS  C:\Users\Thomas\AppData\Local\Temp\ccazhs35.s 			page 30


 717 0040 0B       		.uleb128 0xb
 718 0041 0B       		.uleb128 0xb
 719 0042 3A       		.uleb128 0x3a
 720 0043 0B       		.uleb128 0xb
 721 0044 3B       		.uleb128 0x3b
 722 0045 0B       		.uleb128 0xb
 723 0046 01       		.uleb128 0x1
 724 0047 13       		.uleb128 0x13
 725 0048 00       		.byte	0
 726 0049 00       		.byte	0
 727 004a 07       		.uleb128 0x7
 728 004b 0D       		.uleb128 0xd
 729 004c 00       		.byte	0
 730 004d 03       		.uleb128 0x3
 731 004e 0E       		.uleb128 0xe
 732 004f 3A       		.uleb128 0x3a
 733 0050 0B       		.uleb128 0xb
 734 0051 3B       		.uleb128 0x3b
 735 0052 0B       		.uleb128 0xb
 736 0053 49       		.uleb128 0x49
 737 0054 13       		.uleb128 0x13
 738 0055 38       		.uleb128 0x38
 739 0056 0B       		.uleb128 0xb
 740 0057 00       		.byte	0
 741 0058 00       		.byte	0
 742 0059 08       		.uleb128 0x8
 743 005a 16       		.uleb128 0x16
 744 005b 00       		.byte	0
 745 005c 03       		.uleb128 0x3
 746 005d 0E       		.uleb128 0xe
 747 005e 3A       		.uleb128 0x3a
 748 005f 0B       		.uleb128 0xb
 749 0060 3B       		.uleb128 0x3b
 750 0061 0B       		.uleb128 0xb
 751 0062 49       		.uleb128 0x49
 752 0063 13       		.uleb128 0x13
 753 0064 00       		.byte	0
 754 0065 00       		.byte	0
 755 0066 09       		.uleb128 0x9
 756 0067 2E       		.uleb128 0x2e
 757 0068 00       		.byte	0
 758 0069 3F       		.uleb128 0x3f
 759 006a 19       		.uleb128 0x19
 760 006b 03       		.uleb128 0x3
 761 006c 0E       		.uleb128 0xe
 762 006d 3A       		.uleb128 0x3a
 763 006e 0B       		.uleb128 0xb
 764 006f 3B       		.uleb128 0x3b
 765 0070 0B       		.uleb128 0xb
 766 0071 27       		.uleb128 0x27
 767 0072 19       		.uleb128 0x19
 768 0073 20       		.uleb128 0x20
 769 0074 0B       		.uleb128 0xb
 770 0075 00       		.byte	0
 771 0076 00       		.byte	0
 772 0077 0A       		.uleb128 0xa
 773 0078 2E       		.uleb128 0x2e
ARM GAS  C:\Users\Thomas\AppData\Local\Temp\ccazhs35.s 			page 31


 774 0079 00       		.byte	0
 775 007a 31       		.uleb128 0x31
 776 007b 13       		.uleb128 0x13
 777 007c 11       		.uleb128 0x11
 778 007d 01       		.uleb128 0x1
 779 007e 12       		.uleb128 0x12
 780 007f 06       		.uleb128 0x6
 781 0080 40       		.uleb128 0x40
 782 0081 18       		.uleb128 0x18
 783 0082 9742     		.uleb128 0x2117
 784 0084 19       		.uleb128 0x19
 785 0085 00       		.byte	0
 786 0086 00       		.byte	0
 787 0087 0B       		.uleb128 0xb
 788 0088 2E       		.uleb128 0x2e
 789 0089 01       		.byte	0x1
 790 008a 3F       		.uleb128 0x3f
 791 008b 19       		.uleb128 0x19
 792 008c 03       		.uleb128 0x3
 793 008d 0E       		.uleb128 0xe
 794 008e 3A       		.uleb128 0x3a
 795 008f 0B       		.uleb128 0xb
 796 0090 3B       		.uleb128 0x3b
 797 0091 0B       		.uleb128 0xb
 798 0092 27       		.uleb128 0x27
 799 0093 19       		.uleb128 0x19
 800 0094 11       		.uleb128 0x11
 801 0095 01       		.uleb128 0x1
 802 0096 12       		.uleb128 0x12
 803 0097 06       		.uleb128 0x6
 804 0098 40       		.uleb128 0x40
 805 0099 18       		.uleb128 0x18
 806 009a 9742     		.uleb128 0x2117
 807 009c 19       		.uleb128 0x19
 808 009d 01       		.uleb128 0x1
 809 009e 13       		.uleb128 0x13
 810 009f 00       		.byte	0
 811 00a0 00       		.byte	0
 812 00a1 0C       		.uleb128 0xc
 813 00a2 1D       		.uleb128 0x1d
 814 00a3 00       		.byte	0
 815 00a4 31       		.uleb128 0x31
 816 00a5 13       		.uleb128 0x13
 817 00a6 11       		.uleb128 0x11
 818 00a7 01       		.uleb128 0x1
 819 00a8 12       		.uleb128 0x12
 820 00a9 06       		.uleb128 0x6
 821 00aa 58       		.uleb128 0x58
 822 00ab 0B       		.uleb128 0xb
 823 00ac 59       		.uleb128 0x59
 824 00ad 0B       		.uleb128 0xb
 825 00ae 00       		.byte	0
 826 00af 00       		.byte	0
 827 00b0 0D       		.uleb128 0xd
 828 00b1 898201   		.uleb128 0x4109
 829 00b4 00       		.byte	0
 830 00b5 11       		.uleb128 0x11
ARM GAS  C:\Users\Thomas\AppData\Local\Temp\ccazhs35.s 			page 32


 831 00b6 01       		.uleb128 0x1
 832 00b7 31       		.uleb128 0x31
 833 00b8 13       		.uleb128 0x13
 834 00b9 00       		.byte	0
 835 00ba 00       		.byte	0
 836 00bb 0E       		.uleb128 0xe
 837 00bc 898201   		.uleb128 0x4109
 838 00bf 00       		.byte	0
 839 00c0 11       		.uleb128 0x11
 840 00c1 01       		.uleb128 0x1
 841 00c2 9542     		.uleb128 0x2115
 842 00c4 19       		.uleb128 0x19
 843 00c5 31       		.uleb128 0x31
 844 00c6 13       		.uleb128 0x13
 845 00c7 00       		.byte	0
 846 00c8 00       		.byte	0
 847 00c9 0F       		.uleb128 0xf
 848 00ca 34       		.uleb128 0x34
 849 00cb 00       		.byte	0
 850 00cc 03       		.uleb128 0x3
 851 00cd 0E       		.uleb128 0xe
 852 00ce 3A       		.uleb128 0x3a
 853 00cf 0B       		.uleb128 0xb
 854 00d0 3B       		.uleb128 0x3b
 855 00d1 0B       		.uleb128 0xb
 856 00d2 49       		.uleb128 0x49
 857 00d3 13       		.uleb128 0x13
 858 00d4 02       		.uleb128 0x2
 859 00d5 18       		.uleb128 0x18
 860 00d6 00       		.byte	0
 861 00d7 00       		.byte	0
 862 00d8 10       		.uleb128 0x10
 863 00d9 2E       		.uleb128 0x2e
 864 00da 00       		.byte	0
 865 00db 3F       		.uleb128 0x3f
 866 00dc 19       		.uleb128 0x19
 867 00dd 03       		.uleb128 0x3
 868 00de 0E       		.uleb128 0xe
 869 00df 3A       		.uleb128 0x3a
 870 00e0 0B       		.uleb128 0xb
 871 00e1 3B       		.uleb128 0x3b
 872 00e2 0B       		.uleb128 0xb
 873 00e3 27       		.uleb128 0x27
 874 00e4 19       		.uleb128 0x19
 875 00e5 3C       		.uleb128 0x3c
 876 00e6 19       		.uleb128 0x19
 877 00e7 00       		.byte	0
 878 00e8 00       		.byte	0
 879 00e9 00       		.byte	0
 880              		.section	.debug_aranges,"",%progbits
 881 0000 34000000 		.4byte	0x34
 882 0004 0200     		.2byte	0x2
 883 0006 00000000 		.4byte	.Ldebug_info0
 884 000a 04       		.byte	0x4
 885 000b 00       		.byte	0
 886 000c 0000     		.2byte	0
 887 000e 0000     		.2byte	0
ARM GAS  C:\Users\Thomas\AppData\Local\Temp\ccazhs35.s 			page 33


 888 0010 00000000 		.4byte	.LFB0
 889 0014 1C000000 		.4byte	.LFE0-.LFB0
 890 0018 00000000 		.4byte	.LFB1
 891 001c 1C000000 		.4byte	.LFE1-.LFB1
 892 0020 00000000 		.4byte	.LFB2
 893 0024 30000000 		.4byte	.LFE2-.LFB2
 894 0028 00000000 		.4byte	.LFB3
 895 002c 30000000 		.4byte	.LFE3-.LFB3
 896 0030 00000000 		.4byte	0
 897 0034 00000000 		.4byte	0
 898              		.section	.debug_ranges,"",%progbits
 899              	.Ldebug_ranges0:
 900 0000 00000000 		.4byte	.LFB0
 901 0004 1C000000 		.4byte	.LFE0
 902 0008 00000000 		.4byte	.LFB1
 903 000c 1C000000 		.4byte	.LFE1
 904 0010 00000000 		.4byte	.LFB2
 905 0014 30000000 		.4byte	.LFE2
 906 0018 00000000 		.4byte	.LFB3
 907 001c 30000000 		.4byte	.LFE3
 908 0020 00000000 		.4byte	0
 909 0024 00000000 		.4byte	0
 910              		.section	.debug_line,"",%progbits
 911              	.Ldebug_line0:
 912 0000 BE000000 		.section	.debug_str,"MS",%progbits,1
 912      02005800 
 912      00000201 
 912      FB0E0D00 
 912      01010101 
 913              	.LASF15:
 914 0000 72656731 		.ascii	"reg16\000"
 914      3600
 915              	.LASF3:
 916 0006 73686F72 		.ascii	"short unsigned int\000"
 916      7420756E 
 916      7369676E 
 916      65642069 
 916      6E7400
 917              	.LASF19:
 918 0019 73617665 		.ascii	"saveSrA1Reg\000"
 918      53724131 
 918      52656700 
 919              	.LASF24:
 920 0025 50315F52 		.ascii	"P1_RegD2_Wakeup\000"
 920      65674432 
 920      5F57616B 
 920      65757000 
 921              	.LASF11:
 922 0035 666C6F61 		.ascii	"float\000"
 922      7400
 923              	.LASF1:
 924 003b 756E7369 		.ascii	"unsigned char\000"
 924      676E6564 
 924      20636861 
 924      7200
 925              	.LASF14:
 926 0049 72656738 		.ascii	"reg8\000"
ARM GAS  C:\Users\Thomas\AppData\Local\Temp\ccazhs35.s 			page 34


 926      00
 927              	.LASF5:
 928 004e 6C6F6E67 		.ascii	"long unsigned int\000"
 928      20756E73 
 928      69676E65 
 928      6420696E 
 928      7400
 929              	.LASF9:
 930 0060 75696E74 		.ascii	"uint8\000"
 930      3800
 931              	.LASF12:
 932 0066 646F7562 		.ascii	"double\000"
 932      6C6500
 933              	.LASF29:
 934 006d 433A5C55 		.ascii	"C:\\Users\\Thomas\\Documents\\PSoC Creator\\TASBot\\"
 934      73657273 
 934      5C54686F 
 934      6D61735C 
 934      446F6375 
 935 009b 54415342 		.ascii	"TASBot.cydsn\000"
 935      6F742E63 
 935      7964736E 
 935      00
 936              	.LASF10:
 937 00a8 75696E74 		.ascii	"uint16\000"
 937      313600
 938              	.LASF8:
 939 00af 756E7369 		.ascii	"unsigned int\000"
 939      676E6564 
 939      20696E74 
 939      00
 940              	.LASF20:
 941 00bc 50315F52 		.ascii	"P1_RegD2_BACKUP_STRUCT\000"
 941      65674432 
 941      5F424143 
 941      4B55505F 
 941      53545255 
 942              	.LASF7:
 943 00d3 6C6F6E67 		.ascii	"long long unsigned int\000"
 943      206C6F6E 
 943      6720756E 
 943      7369676E 
 943      65642069 
 944              	.LASF28:
 945 00ea 2E5C4765 		.ascii	".\\Generated_Source\\PSoC5\\P1_RegD2_PM.c\000"
 945      6E657261 
 945      7465645F 
 945      536F7572 
 945      63655C50 
 946              	.LASF26:
 947 0111 50315F52 		.ascii	"P1_RegD2_Enable\000"
 947      65674432 
 947      5F456E61 
 947      626C6500 
 948              	.LASF16:
 949 0121 73697A65 		.ascii	"sizetype\000"
 949      74797065 
ARM GAS  C:\Users\Thomas\AppData\Local\Temp\ccazhs35.s 			page 35


 949      00
 950              	.LASF6:
 951 012a 6C6F6E67 		.ascii	"long long int\000"
 951      206C6F6E 
 951      6720696E 
 951      7400
 952              	.LASF27:
 953 0138 474E5520 		.ascii	"GNU C 4.9.3 20150303 (release) [ARM/embedded-4_9-br"
 953      4320342E 
 953      392E3320 
 953      32303135 
 953      30333033 
 954 016b 616E6368 		.ascii	"anch revision 221220] -mcpu=cortex-m3 -mthumb -g -O"
 954      20726576 
 954      6973696F 
 954      6E203232 
 954      31323230 
 955 019e 33202D66 		.ascii	"3 -ffunction-sections -finline-functions -flto -ffa"
 955      66756E63 
 955      74696F6E 
 955      2D736563 
 955      74696F6E 
 956 01d1 742D6C74 		.ascii	"t-lto-objects\000"
 956      6F2D6F62 
 956      6A656374 
 956      7300
 957              	.LASF13:
 958 01df 63686172 		.ascii	"char\000"
 958      00
 959              	.LASF22:
 960 01e4 50315F52 		.ascii	"P1_RegD2_RestoreConfig\000"
 960      65674432 
 960      5F526573 
 960      746F7265 
 960      436F6E66 
 961              	.LASF2:
 962 01fb 73686F72 		.ascii	"short int\000"
 962      7420696E 
 962      7400
 963              	.LASF21:
 964 0205 50315F52 		.ascii	"P1_RegD2_SaveConfig\000"
 964      65674432 
 964      5F536176 
 964      65436F6E 
 964      66696700 
 965              	.LASF25:
 966 0219 50315F52 		.ascii	"P1_RegD2_Stop\000"
 966      65674432 
 966      5F53746F 
 966      7000
 967              	.LASF4:
 968 0227 6C6F6E67 		.ascii	"long int\000"
 968      20696E74 
 968      00
 969              	.LASF17:
 970 0230 656E6162 		.ascii	"enableState\000"
 970      6C655374 
ARM GAS  C:\Users\Thomas\AppData\Local\Temp\ccazhs35.s 			page 36


 970      61746500 
 971              	.LASF0:
 972 023c 7369676E 		.ascii	"signed char\000"
 972      65642063 
 972      68617200 
 973              	.LASF18:
 974 0248 73617665 		.ascii	"saveSrA0Reg\000"
 974      53724130 
 974      52656700 
 975              	.LASF23:
 976 0254 50315F52 		.ascii	"P1_RegD2_Sleep\000"
 976      65674432 
 976      5F536C65 
 976      657000
 977              	.LASF30:
 978 0263 50315F52 		.ascii	"P1_RegD2_backup\000"
 978      65674432 
 978      5F626163 
 978      6B757000 
 979              		.comm	__gnu_lto_v1,1,1
 980              		.ident	"GCC: (GNU Tools for ARM Embedded Processors) 4.9.3 20150303 (release) [ARM/embedded-4_9-br
