ARM GAS  C:\Users\Thomas\AppData\Local\Temp\ccYCNWbk.s 			page 1


   1              		.syntax unified
   2              		.cpu cortex-m3
   3              		.fpu softvfp
   4              		.eabi_attribute 20, 1
   5              		.eabi_attribute 21, 1
   6              		.eabi_attribute 23, 3
   7              		.eabi_attribute 24, 1
   8              		.eabi_attribute 25, 1
   9              		.eabi_attribute 26, 1
  10              		.eabi_attribute 30, 2
  11              		.eabi_attribute 34, 1
  12              		.eabi_attribute 18, 4
  13              		.thumb
  14              		.file	"P1_RegD0_PM.c"
  15              		.text
  16              	.Ltext0:
  17              		.section	.gnu.lto_.profile.c0d69440,"",%progbits
  18 0000 789C6366 		.ascii	"x\234cf```a\200\000F\006cY\000\000\367\000Y"
  18      60606061 
  18      80004606 
  18      63590000 
  18      F70059
  19              		.text
  20              		.section	.gnu.lto_.jmpfuncs.c0d69440,"",%progbits
  21 0000 789C6366 		.ascii	"x\234cf\300\016\004\2404\013\0203100C\231\014\000\002"
  21      C00E04A0 
  21      340B1033 
  21      31303043 
  21      990C0002 
  22 0014 C70021   		.ascii	"\307\000!"
  23              		.text
  24              		.section	.gnu.lto_.inline.c0d69440,"",%progbits
  25 0000 789C6366 		.ascii	"x\234cf\300\016\"\2404\013\003\003;\033#\003\023\307"
  25      C00E22A0 
  25      340B0303 
  25      3B1B2303 
  25      13C7
  26 0012 013B06B6 		.ascii	"\001;\006\266\005\362L 1&L!f\006\036\021\240\220@C-"
  26      05F24C20 
  26      31264C21 
  26      66061E11 
  26      A0904043 
  27 0027 5C88910B 		.ascii	"\\\210\221\013\254\235\233\027(\316\267!\027U\234\001"
  27      AC9D9B17 
  27      28CEB721 
  27      17559C01 
  28 0037 00917408 		.ascii	"\000\221t\010="
  28      3D
  29              		.text
  30              		.section	.gnu.lto_.pureconst.c0d69440,"",%progbits
  31 0000 789C6366 		.ascii	"x\234cf``\340d\200\000\026\006)&)f)\026)\000\002\321"
  31      6060E064 
  31      80001606 
  31      29262966 
  31      29162900 
  32 0016 0082     		.ascii	"\000\202"
  33              		.text
ARM GAS  C:\Users\Thomas\AppData\Local\Temp\ccYCNWbk.s 			page 2


  34              		.section	.gnu.lto_P1_RegD0_SaveConfig.c0d69440,"",%progbits
  35 0000 789C8D91 		.ascii	"x\234\215\221\313+\005a\030\306\337\347\2351\035\331"
  35      CB2B0561 
  35      18C6DFE7 
  35      9D311DD9 
  36 0010 C8D25E27 		.ascii	"\310\322^'\205X\370\013(+ub{\352\244c\262\243\204\235"
  36      8558F80B 
  36      282B7562 
  36      7BEAA463 
  36      B2A3849D 
  37 0024 CCE8842C 		.ascii	"\314\350\204,\220\205\224\313B\344r\334/\013\0135,\025"
  37      908594CB 
  37      42E472DC 
  37      2F0B0B35 
  37      2C15
  38 0036 92A22C9C 		.ascii	"\222\242,\234\324\0216r\251\243I.\357;r\211\222\251"
  38      D4113672 
  38      A9A3492E 
  38      EF3B7289 
  38      92A9
  39 0048 6FBEF9BE 		.ascii	"o\276\371\276\367\371\236\367\367|c\320\357'_\306%\210"
  39      F7F99EF7 
  39      F77C63D0 
  39      EF275FC6 
  39      2588
  40 005a 0A658641 		.ascii	"\012e\206A\340\201}\"7\304\200~\020\250\203\321\201"
  40      E0817D22 
  40      37C4807E 
  40      10A883D1 
  40      81
  41 006b 6BBE630C 		.ascii	"k\276c\014x\311\341\234\360\224\3438\267\023{n\304\203"
  41      78C9E19C 
  41      F094E338 
  41      B7137B6E 
  41      C483
  42 007d CF440FFC 		.ascii	"\317D\017\374\356\203i\204IDw\211\347\223\034+!\242"
  42      EE836984 
  42      49447789 
  42      E7931C2B 
  42      21A2
  43 008f DCF71A66 		.ascii	"\334\367\032f`\211?-\345y\316\353\353\303\306v\006\026"
  43      60893F2D 
  43      E579CEEB 
  43      EBC3C676 
  43      0616
  44 00a1 93CF30F5 		.ascii	"\223\3170\365E\224\026\221\266\272`\326\3318\305N\246"
  44      45941691 
  44      B6BA60D6 
  44      D938C54E 
  44      A6
  45 00b2 F7E6385B 		.ascii	"\367\3468[\317=\262\366Mm\216\314\032W\3543w\355\272"
  45      CF3DB2F6 
  45      4D6D8ECC 
  45      1A57EC33 
  45      77EDBA
  46 00c5 8EA95D52 		.ascii	"\216\251]R\351\203\303P\260E\272Lw\257\373\346\030F"
  46      E983C350 
ARM GAS  C:\Users\Thomas\AppData\Local\Temp\ccYCNWbk.s 			page 3


  46      B045BA4C 
  46      77AFFBE6 
  46      1846
  47 00d7 DC843019 		.ascii	"\334\2040\031\230E>\346 \311\220\304\030\350\024\235"
  47      98453EE6 
  47      20C990C4 
  47      18E8149D 
  48 00e7 83E705EA 		.ascii	"\203\347\005\352'\322\361\243\276En\177rz\234\220\317"
  48      27D2F1A3 
  48      BE456E7F 
  48      727A9C90 
  48      CF
  49 00f8 E6B3127E 		.ascii	"\346\263\022~\3673\203\345\214\233\030\205\3729\252"
  49      F73383E5 
  49      8C9B1885 
  49      FA39AA
  50 0107 CAC23CDA 		.ascii	"\312\302<\332\261\240\206R{\231\357_\265\212\223\022"
  50      B1A08652 
  50      7B99EF5F 
  50      B58A9312 
  51 0117 D02BF2D9 		.ascii	"\320+\362\331\302\242\010\357\203K\300\022\212\205\230"
  51      C2A208EF 
  51      834BC012 
  51      8A8598
  52 0126 8204998F 		.ascii	"\202\004\231\217\004\246\2349\334\232l\013h\207>\002"
  52      04A69C39 
  52      DC9A6C0B 
  52      68873E02 
  53 0136 5C6E4DA4 		.ascii	"\\nM\244\214/\342\345O\342\225\177\022\377D\\\375\003"
  53      8C2FE2E5 
  53      4FE2957F 
  53      12FF445C 
  53      FD03
  54 0148 712D40D4 		.ascii	"q-@\324\237\200uE4\351\014\256\367\230\245\015\024<"
  54      9F807545 
  54      34E90CAE 
  54      F798A50D 
  54      143C
  55 015a 2D35B97A 		.ascii	"-5\271zq\016\227D\253\354F\273\271\256\305\256\217\325"
  55      710E9744 
  55      ABEC46BB 
  55      B9AEC5AE 
  55      8FD5
  56 016c 36B536C7 		.ascii	"6\2656\307\355h\244\266\251\242<\032)\213\325\330\015"
  56      ED68A4B6 
  56      A9A23C1A 
  56      298BD5D8 
  56      0D
  57 017d 95A5B148 		.ascii	"\225\245\261HuI\234\336\000\024y\275\222"
  57      75499CDE 
  57      001479BD 
  57      92
  58              		.text
  59              		.section	.gnu.lto_P1_RegD0_RestoreConfig.c0d69440,"",%progbits
  60 0000 789C7590 		.ascii	"x\234u\220\315+DQ\030\306\337\347\275\327m\312FV\232"
  60      CD2B4451 
  60      18C6DFE7 
ARM GAS  C:\Users\Thomas\AppData\Local\Temp\ccYCNWbk.s 			page 4


  60      BDD76DCA 
  60      46569A
  61 0013 7F60D234 		.ascii	"\177`\3224\023\013\177\001\261R\203\355\324$nv\246\204"
  61      130B7F01 
  61      B15283ED 
  61      D4246E76 
  61      A684
  62 0025 DDE45E8D 		.ascii	"\335\344^\215\217\025\303B\312\307Bd\230\3615\244,\324"
  62      8F15C342 
  62      CAC74264 
  62      98F135A4 
  62      2CD4
  63 0037 64696112 		.ascii	"dia\022%\024\233\021v\206\205n\032\234\367N\310\327"
  63      25149B11 
  63      7686856E 
  63      1A9CF74E 
  63      C8D7
  64 0049 A9F3F93E 		.ascii	"\251\363\371>\347y~\347h\364\273yU?\007Q\265\232\241"
  64      E7797EE7 
  64      68F4BB79 
  64      553F0751 
  64      B59AA1
  65 005c 11387144 		.ascii	"\0218qDd{\030\220\005\201\006\030\003\270\347\002#\221"
  65      647B1890 
  65      05810618 
  65      03B8E702 
  65      2391
  66 006e 4D4D97FB 		.ascii	"MM\227\373\226,\313z8\330\256\032\252r\230\350\211K"
  66      962CCB7A 
  66      38D8AE1A 
  66      AA7298E8 
  66      894B
  67 0080 3658868F 		.ascii	"6X\206\217\224\246\020/\236\225\033q\245\251(\325\220"
  67      94A6102F 
  67      9E951B71 
  67      A5A928D5 
  67      90
  68 0091 84A1EC69 		.ascii	"\204\241\354i\2432k\275\275=\035M$\3750\230\034\206"
  68      A3326BBD 
  68      BD3D1D4D 
  68      24FD3098 
  68      1C86
  69 00a3 2E03515E 		.ascii	".\003Q^\251$\352\206Yf\355\002\203\273\205\\\213\334"
  69      A924EA86 
  69      5966ED02 
  69      83BB855C 
  69      8BDC
  70 00b5 7B66899D 		.ascii	"{f\211\235?\031[\347\330\2135jy\034\346\242\230\252"
  70      3F195BE7 
  70      D88B356A 
  70      791CE6A2 
  70      98AA
  71 00c7 D3EB7CEE 		.ascii	"\323\353|\356\330s\307\352\304\335&\355\370,\3460c["
  71      D873C7EA 
  71      C4DD26ED 
  71      F82CE630 
  71      635B
ARM GAS  C:\Users\Thomas\AppData\Local\Temp\ccYCNWbk.s 			page 5


  72 00d9 A2D2B082 		.ascii	"\242\322\260\202\030V\341uk\257\351\361\214\021\360"
  72      1856E175 
  72      6BAFE9F1 
  72      8C11F0
  73 00e8 3BAC23A5 		.ascii	";\254#\2454\217.2\322\010\320\005\016&!Ib\2707\263\242"
  73      348F2E32 
  73      D208D005 
  73      0E262149 
  73      62B837B3 
  74 00fd 8961D9F0 		.ascii	"\211a\331\360\241m\351\3372\312\\\237\374\310\216\243"
  74      A16DE9DF 
  74      32CA5C9F 
  74      FCC88EA3 
  75 010d 4B461C0E 		.ascii	"KF\034\016\033X\203\027\353\022\201\015\345\252XI\320"
  75      1B588317 
  75      EB12810D 
  75      E5AA5849 
  75      D0
  76 011e 274E5142 		.ascii	"'NQB\327\377E\377\311\272\3717\353\226\313*\177\207"
  76      D7FF45FF 
  76      C9BAF937 
  76      EB96CB2A 
  76      7F87
  77 0130 CC0FD6E3 		.ascii	"\314\017\326\343\375\305~\227k\352\003\365v\177\341"
  77      FDC57E97 
  77      6BEA03F5 
  77      767FE1
  78 013f 5AFB62DB 		.ascii	"Z\373b\333\376d\333q\331t\272\202\235\275l\224\373\362"
  78      FE64DB71 
  78      D974BA82 
  78      9DBD6C94 
  78      FBF2
  79 0151 FABCF255 		.ascii	"\372\274\362U\237\255\200|\301p\223\331m\366\264\367"
  79      9FAD807C 
  79      C17093D9 
  79      6DF6B4F7 
  80 0161 9A9D91B6 		.ascii	"\232\235\221\266h_O\207\031\016\265E\353\353\302\241"
  80      685F4F87 
  80      190EB545 
  80      EBEBC2A1 
  81 0171 DA48ABD9 		.ascii	"\332H\253\331\325P\023\0115\007;\350\035\242\021\262"
  81      D5501309 
  81      35073BE8 
  81      1DA211B2 
  82 0181 F9       		.ascii	"\371"
  83              		.text
  84              		.section	.gnu.lto_P1_RegD0_Sleep.c0d69440,"",%progbits
  85 0000 789C9592 		.ascii	"x\234\225\222\313k\023Q\024\306\357wg2yL\004qU\272V"
  85      CB6B1351 
  85      14C6EF77 
  85      6732794C 
  85      047155BA 
  86 0015 82608B2E 		.ascii	"\202`\213.\304?@\241\013\021\202\335\006\202\324 \270"
  86      C43F40A1 
  86      0B1182DD 
  86      0682D420 
  86      B8
ARM GAS  C:\Users\Thomas\AppData\Local\Temp\ccYCNWbk.s 			page 6


  87 0026 B050D45D 		.ascii	"\260P\324]\350L\033\037\024\321\032D\204\032W>ZS[M\265"
  87      E84C1B1F 
  87      14D11A44 
  87      841A573E 
  87      5A535B4D 
  88 003b 0F63ECD8 		.ascii	"\017c\354\330M\300\205R\304\012ER\003\025\343B1\006"
  88      4DC08552 
  88      C40A4552 
  88      0315E342 
  88      3106
  89 004d 5347ADF5 		.ascii	"SG\255\365\234;VjJ\005\007\346>\277s\316\357~\367jb"
  89      9C3B566A 
  89      4A0507E6 
  89      3EBF73CE 
  89      EF7EF76A 
  90 0062 FDD74CFF 		.ascii	"\375\327L\377QM\210\355\324C\023\220\375\317\204\260"
  90      514D88ED 
  90      D4431390 
  90      FDCF84B0 
  91 0072 0312E081 		.ascii	"\003\022\340\201\200\350\226\350\306{Y\225\350w\262"
  91      80E896E8 
  91      C67B5995 
  91      E877B2
  92 0081 57CCC80D 		.ascii	"W\314\310\015\313\262>\245\363M\247\232\\)DMzip\013"
  92      CBB23EA5 
  92      F34DA79A 
  92      5C29444D 
  92      7A69700B 
  93 0095 11419A6A 		.ascii	"\021A\232jj\371\225i\244H\263\331\333\303 \014P?\272"
  93      6AF99569 
  93      A448B3D9 
  93      DBC3200C 
  93      503FBA
  94 00a8 C5B15656 		.ascii	"\305\261VV\306>\\\254\354A\030\302\225T\214\032\235"
  94      C63E5CAC 
  94      EC4118C2 
  94      95548C1A 
  94      9D
  95 00b9 1AE9E351 		.ascii	"\032\351\343Q\220\032-\304\215\020\213\024\311\345\337"
  95      901A2DC4 
  95      8D108B14 
  95      C9E5DF
  96 00c8 4AC9BD36 		.ascii	"J\311\2756\217\231z_)3\011\316\266$5*\364\346Iy\302"
  96      8F997A5F 
  96      293309CE 
  96      B624352A 
  96      F4E64979 
  97 00dd AC4857EA 		.ascii	"\254HW\352KOmK\347\332\013\213\317g\003jI\360t\320\351"
  97      4B4F6D4B 
  97      E7DA0B8B 
  97      CF67036A 
  97      49F074D0 
  98 00f2 2BF93318 		.ascii	"+\3713\030\260Sp\245\017Ch\306m\320q\221E\006b\036\275"
  98      B05370A5 
  98      0F4368C6 
  98      6DD07191 
  98      4506621E 
ARM GAS  C:\Users\Thomas\AppData\Local\Temp\ccYCNWbk.s 			page 7


  99 0107 5F0D2F1D 		.ascii	"_\015/\035\274\214\305L%\247s8 0LJ\222\344\316,\352"
  99      BC8CC54C 
  99      25A77338 
  99      20304C4A 
  99      92E4CE2C 
 100 011c 9E48271D 		.ascii	"\236H'\035\211\354\233\371s~%\242Dw\224\250\247\344"
 100      89EC9BF9 
 100      737E25A2 
 100      447794A8 
 100      A7E4
 101 012e F7243E52 		.ascii	"\367$>R\361<]\336\312\013\244\276\366\342\374\210L~"
 101      F13C5DDE 
 101      CA0BA4BE 
 101      F6E2FC88 
 101      4C7E
 102 0140 B7CE5A01 		.ascii	"\267\316Z\001W\032\313\354\307ZN\303\343\264SW\301\234"
 102      571ACBEC 
 102      C75A4EC3 
 102      E3B45357 
 102      C19C
 103 0152 16ABFC18 		.ascii	"\026\253\374\030A\022\243\014J{?\207/\344\214\226,\331"
 103      4112A30C 
 103      4A7B3F87 
 103      2FE48C96 
 103      2CD9
 104 0164 E9EC7065 		.ascii	"\351\354pe\000wI\370YY\216{h\241\222\3425z\235|QrA\321"
 104      007749F8 
 104      59598E7B 
 104      68A192E2 
 104      357A9D7C 
 105 017c 58315853 		.ascii	"X1XS\2309$\311\326\220P.~\234\013\376uMN\241(\325%\325"
 105      983924C9 
 105      D690502E 
 105      7E9C0BFE 
 105      754D4EA1 
 106 0194 C8EB860B 		.ascii	"\310\353\206\013\304\030%\025\270\317\207\343\250\205"
 106      C4182515 
 106      B8CF87E3 
 106      A885
 107 01a2 A981218D 		.ascii	"\251\201!\215\301\315\323\353<7\025\357\217\22735\223"
 107      C1CDD3EB 
 107      3C3715EF 
 107      8F973335 
 107      93
 108 01b3 CF72C9A6 		.ascii	"\317r\311\246\372a< \323\307\225\351\023\236\351=\351"
 108      FA613C20 
 108      D3C795E9 
 108      139EE93D 
 108      E9
 109 01c4 EAF87ECE 		.ascii	"\352\370~\316\270\241;\215vLnh\307&L);\340\201\342!"
 109      B8A13B8D 
 109      764C6E68 
 109      C7264C29 
 109      3BE081E2 
 110 01d9 3B12F48E 		.ascii	";\022\364\216Y\237\013z\334!\012\233-\\?\251\030/\257"
 110      599F0B7A 
 110      DC210A9B 
ARM GAS  C:\Users\Thomas\AppData\Local\Temp\ccYCNWbk.s 			page 8


 110      2D5C3FA9 
 110      182FAF
 111 01ec 62BFFB52 		.ascii	"b\277\373R\377\026^\303\231\377\303\371h\225\263\274"
 111      FF165EC3 
 111      99FFC3F9 
 111      6895B3BC 
 112 01fc EDBF300B 		.ascii	"\355\2770\013\377\300|\2540\345o\314i\306\014\211\022"
 112      FFC07CAC 
 112      30E56FCC 
 112      69C60C89 
 112      12
 113 020d 6C67BA4D 		.ascii	"lg\272M\335\233\340\027\017~\351\224<\322\032kK\034"
 113      DD9BE017 
 113      0F7EE994 
 113      3CD21A6B 
 113      4B1C
 114 021f 4B741D3A 		.ascii	"Kt\035:\2368\034o\357<\321\325\221\210E\333;\367\356"
 114      9E381C6F 
 114      EF3CD1D5 
 114      918845DB 
 114      3BF7EE
 115 0232 8E4577C5 		.ascii	"\216Ew\305\017&\216\354\333\031\217\036h\355\020\277"
 115      0F268EEC 
 115      DB198F1E 
 115      68ED10BF 
 116 0242 003E4845 		.ascii	"\000>HE\014"
 116      0C
 117              		.text
 118              		.section	.gnu.lto_P1_RegD0_Wakeup.c0d69440,"",%progbits
 119 0000 789C8D92 		.ascii	"x\234\215\222\317KTQ\024\307\317\367\276\347{\343\314"
 119      CF4B5451 
 119      14C7CFF7 
 119      BEE77BE3 
 119      CC
 120 0011 2CA295B8 		.ascii	",\242\225\270\230eC\204VD\177AA\020\004Sn\007\206\260"
 120      98654384 
 120      56447F41 
 120      41100453 
 120      6E0786B0 
 121 0025 47BB04A9 		.ascii	"G\273\004\251v\203\367\351$.\"M$\002\263Z\364C\033\323"
 121      7683F7E9 
 121      242E224D 
 121      2402B35A 
 121      F4431BD3 
 122 0039 C6CA7224 		.ascii	"\306\312r$xH\264p\221Le\241Dm\214j\327\364(\231\312"
 122      7848B470 
 122      914C65A1 
 122      446D8C6A 
 122      D7F42899 
 123 004e EC9C3BFD 		.ascii	"\354\234;\375\320\261\240\007\367\3279\347~\277\237"
 123      D0B1A007 
 123      F7D739E7 
 123      7EBF9F
 124 005d CB3B166D 		.ascii	"\313;\026m\374v\361XPD[yE\035A\365=&\362#JY\305\004"
 124      FC76F158 
 124      50445B79 
 124      451D41F5 
ARM GAS  C:\Users\Thomas\AppData\Local\Temp\ccYCNWbk.s 			page 9


 124      3D26F223 
 125 0075 E9A8FD7C 		.ascii	"\351\250\375|;\351\270\005\273\032\266\001\331\020\250"
 125      3BE9B805 
 125      BB1AB601 
 125      D910A8
 126 0084 4359363A 		.ascii	"CY6:\360^\225\025\372\202\374\371X\362\252\326\372C"
 126      F05E9515 
 126      FA82FCF9 
 126      58F2AAD6 
 126      FA43
 127 0096 67A9E154 		.ascii	"g\251\341TC\205\365BU\325\307u$\211k\312\271\225\027"
 127      4385F542 
 127      55D5C775 
 127      24896BCA 
 127      B99517
 128 00a9 3127C735 		.ascii	"1'\3075\233\2529\014\303\001\257\343\233\003\275\272"
 128      9BAA390C 
 128      C301AFE3 
 128      9B03BDBA 
 129 00b9 1A3EECEF 		.ascii	"\032>\354\357\331\242\352m\252(8<)W&\242%\036\342\370"
 129      D9A2EA6D 
 129      AA28383C 
 129      295726A2 
 129      251EE2F8 
 130 00cd 860FBC5A 		.ascii	"\206\017\274Z\213\350\234,\317\035\\'\030\014D\215Z"
 130      8BE89C2C 
 130      CF1D5C27 
 130      180C448D 
 130      5A
 131 00de A850EB84 		.ascii	"\250P\353\204\021V#\334\200\263\254\034\316]|zfLe\277"
 131      115623DC 
 131      80B3AC1C 
 131      CE5D7C7A 
 131      664C65BF 
 132 00f2 EA1E1DA9 		.ascii	"\352\036\035\251(kE88\372zi\256\024y\2478b\216\303~"
 132      286B4538 
 132      38FA7A69 
 132      AE1479A7 
 132      38628EC3 
 133 0107 EE028630 		.ascii	"\356\002\2060\350k\251\262\221G\026\243h4\271\357\243"
 133      E86BA9B2 
 133      914716A3 
 133      6834B9EF 
 133      A3
 134 0118 BD134E53 		.ascii	"\275\023NS\236\305/_\262*\252\0167\271\362#\353\030"
 134      9EC52F5F 
 134      B22AAA0E 
 134      37B9F223 
 134      EB18
 135 012a 278CA189 		.ascii	"'\214\241\211\0261\323\017\261\024\345\251\301\021K"
 135      1631D30F 
 135      B114E5A9 
 135      C1114B
 136 0139 949DEE59 		.ascii	"\224\235\356Y_\333\353\314\034#\370m~&\214\211\331\200"
 136      5FDBEBCC 
 136      1C23F86D 
 136      7E268C89 
ARM GAS  C:\Users\Thomas\AppData\Local\Temp\ccYCNWbk.s 			page 10


 136      D980
 137 014b CF662EC6 		.ascii	"\317f.\306\321\210[b\206\002+35\311\223\317>C\365\021"
 137      D1885B62 
 137      86022B33 
 137      35C993CF 
 137      3E43F511 
 138 015f EE3F1F51 		.ascii	"\356?\037QK=\261\201z\233\360\3366\274\370\311{\247"
 138      4B3DB181 
 138      7A9BF0DE 
 138      36BCF8C9 
 138      7BA7
 139 0171 86B7F4E0 		.ascii	"\206\267\364\340\312I\303v\356\027\356\333O\237\277"
 139      CA49C376 
 139      EE17EEDB 
 139      4F9FBF
 140 0180 C4D7F0DD 		.ascii	"\304\327\360\335\375\3157i\370\\\303Wx\364\304\225_"
 140      FDCD3769 
 140      F85CC357 
 140      78F4C495 
 140      5F
 141 0191 B0ACECFF 		.ascii	"\260\254\354\377\006\274\3677\300\010\356\033@\323!"
 141      06BCF737 
 141      C008EE1B 
 141      40D321
 142 01a0 534C378F 		.ascii	"SL7\217\334BW\342\217\266\177m\372\264+\210\334;(\312"
 142      DC4257E2 
 142      8FB67F6D 
 142      FAB42B88 
 142      DC3B28CA 
 143 01b4 7592EEB0 		.ascii	"u\222\356\260\250\230\260^\242+\030\232\215K1\325b\324"
 143      A898B05E 
 143      A22B189A 
 143      8D4B31D5 
 143      62D4
 144 01c6 87A28969 		.ascii	"\207\242\211id\271\261\242\346\216m:\352\025\374\240"
 144      64B9B1A2 
 144      E68E6D3A 
 144      EA15FCA0 
 145 01d6 B0DFDC21 		.ascii	"\260\337\334!\3517H\224K\223\315\351}\3361\257\375\360"
 145      E9374894 
 145      4B93CDE9 
 145      7DDE31AF 
 145      FDF0
 146 01e8 71EF48A6 		.ascii	"q\357H\246\245\355D{\253\227N\265\264\355\331\235N\355"
 146      A5ED447B 
 146      AB974EB5 
 146      B4EDD99D 
 146      4EED
 147 01fa CC1CF28E 		.ascii	"\314\034\362\216\356\335\221I\035hn\245\037\350D\016"
 147      EEDD9149 
 147      1D686EA5 
 147      1FE8440E 
 148 020a 5B       		.ascii	"["
 149              		.text
 150              		.section	.gnu.lto_.symbol_nodes.c0d69440,"",%progbits
 151 0000 789C55C8 		.ascii	"x\234U\310A\015\2000\020\005\321\351n\267A\020\332\270"
 151      410D8030 
ARM GAS  C:\Users\Thomas\AppData\Local\Temp\ccYCNWbk.s 			page 11


 151      1005D1E9 
 151      6EB74110 
 151      DAB8
 152 0012 FE4A4001 		.ascii	"\376J@\001\251\011\034p\306\003\011:\010$p(s{\343\300"
 152      A9091C70 
 152      C603093A 
 152      08247028 
 152      737BE3C0 
 153 0026 C49725C1 		.ascii	"\304\227%\301\274\203\304\322\006\002\232\311\315\224"
 153      BC83C4D2 
 153      06029AC9 
 153      CD94
 154 0034 FA6D2EFB 		.ascii	"\372m.\3739\313{\247P~M\255\017\213\242\243{\260\035"
 154      39CB7BA7 
 154      507E4DAD 
 154      0F8BA2A3 
 154      7BB01D
 155 0047 57F25C38 		.ascii	"W\362\\8\327\221\033\317\310\035\246"
 155      D7911BCF 
 155      C81DA6
 156              		.text
 157              		.section	.gnu.lto_.refs.c0d69440,"",%progbits
 158 0000 789C25C8 		.ascii	"x\234%\310\321\011\000 \014\304\320\244WA\\\304\375"
 158      D1090020 
 158      0CC4D0A4 
 158      57415CC4 
 158      FD
 159 0011 371469BE 		.ascii	"7\024i\276\036\011p\231\012-\355\372\300$\272t\353I"
 159      1E097099 
 159      0A2DEDFA 
 159      C024BA74 
 159      EB49
 160 0023 CFC2C503 		.ascii	"\317\302\305\003\015{\000w"
 160      0D7B0077 
 161              		.text
 162              		.section	.gnu.lto_.decls.c0d69440,"",%progbits
 163 0000 789C8D54 		.ascii	"x\234\215TkL\024W\024\236\263w_,\353\326\204\004\015"
 163      6B4C1457 
 163      149EB377 
 163      5F2CEBD6 
 163      84040D
 164 0013 BF36D8D0 		.ascii	"\2776\330\320G\254\201&%$\375Q\225\032\223\2326D4\375"
 164      47AC8126 
 164      2524FD51 
 164      951A939A 
 164      364434FD 
 165 0027 51128A74 		.ascii	"Q\022\212tJ\215\204\245<\232\230\376\271\200\326->\242"
 165      4A8D84A5 
 165      3C9A98FE 
 165      B980D62D 
 165      3EA2
 166 0039 58CB42A9 		.ascii	"X\313B\251YE\212 \256\310\303\362\020Y\251\"\217\002"
 166      59458A20 
 166      AEC8C3F2 
 166      1059A922 
 166      8F02
 167 004b 56115928 		.ascii	"V\021Y(\017\027h\254\246v}\241\006\322\355\271wf\231"
ARM GAS  C:\Users\Thomas\AppData\Local\Temp\ccYCNWbk.s 			page 12


 167      0F1768AC 
 167      A6767DA1 
 167      06D2EDB9 
 167      776699
 168 005e 5903EA4D 		.ascii	"Y\003\352M\316\356=3\337\371\316w\317=s\210 \010\015"
 168      CEEE3D33 
 168      DFF9CE77 
 168      CF3D7388 
 168      20080D
 169 0071 20087E5C 		.ascii	" \010~\\\003\006A\370\010\367:|\226 (K\217V\203\346"
 169      030641F8 
 169      08F73A7C 
 169      9620284B 
 169      8F5683E6 
 170 0085 42AB45AB 		.ascii	"B\253E\253c1h\347\320\020.\\\023\202\027\303\032d\016"
 170      633168E7 
 170      D0102E5C 
 170      138217C3 
 170      1A640E
 171 0098 2BDA30DA 		.ascii	"+\3320\332M4\017\332\000Z'\232\006\255\033\255O\346"
 171      4D340FDA 
 171      005A279A 
 171      06AD1BAD 
 171      4FE6
 172 00aa A85982CB 		.ascii	"\250Y\202\313\365\034\227\232c\004mh\021.\327\022\\"
 172      F51C979A 
 172      63046D68 
 172      112ED712 
 172      5C
 173 00bb 4CBB45E6 		.ascii	"L\273E\346\012G\033\2239\247\321\274*\3566\264\031\264"
 173      0A471B93 
 173      39A7D1BC 
 173      2AEE36B4 
 173      19B4
 174 00cd 2A957696 		.ascii	"*\225v\226\217\240\365\250r\021\231\263\341\005\372"
 174      8FA0F5A8 
 174      721199B3 
 174      E105FA
 175 00dc 59AD4255 		.ascii	"Y\255BU9\227:\203:'Q\345\350\221\375:\371\\K\325\374"
 175      39973A83 
 175      3A2751E5 
 175      E891FD3A 
 175      F95C4BD5 
 176 00f1 BE069A5D 		.ascii	"\276\006\232]\217\372Bok\300b\2622\267\245\250\313\241"
 176      8FFA426F 
 176      6BC062B2 
 176      32B7A5A8 
 176      CBA1
 177 0103 47D76CD2 		.ascii	"G\327l\3222\267u\316;\250]q\204\342:X@\227k!!\034*!"
 177      32B775CE 
 177      3BA85D71 
 177      84E23A58 
 177      40976B21 
 178 011b 024E4204 		.ascii	"\002NB\0042V\301\012\374\375L+1U\224\370\206\201h\200"
 178      3256C10A 
 178      FCFD4C2B 
 178      315594F8 
ARM GAS  C:\Users\Thomas\AppData\Local\Temp\ccYCNWbk.s 			page 13


 178      86816880 
 179 012f EDCB1DB7 		.ascii	"\355\313\035\267\006M\253\2531\314N\335>\215\222\356"
 179      064DABAB 
 179      31CC4EDD 
 179      3E8D92EE 
 180 013f C87CCB03 		.ascii	"\310|\313\003\223\365(\235\254\365\265\015z\314\264"
 180      93F5289D 
 180      ACF5B50D 
 180      7ACCB4
 181 014e 8BBAFDFE 		.ascii	"\213\272\375\376v\012\234\014\252\201\300)X\315\260"
 181      760A9C0C 
 181      AA81C029 
 181      58CDB0
 182 015d 6CCF83A0 		.ascii	"l\317\203\240\006\254\030X\331^\276WC6p\366\302{\215"
 182      06AC1858 
 182      D95EBE57 
 182      433670F6 
 182      C27B8D
 183 0170 B3C0499C 		.ascii	"\263\300I\234e\345\372\000\005g8\255b8\035`pq\206\274"
 183      65E5FA00 
 183      056738AD 
 183      62381D60 
 183      707186BC 
 184 0184 FEF97748 		.ascii	"\376\371wH\022'h8^?\256C\002g\255\323#\023|\300\303"
 184      12276838 
 184      5E3FAE43 
 184      0267ADD3 
 184      23137CC0 
 185 0199 CFA8C2CF 		.ascii	"\317\250\302\317\004\302ky\370\256\277n\204\220\035"
 185      04C26B79 
 185      F8AEBF6E 
 185      84901D
 186 01a8 3CFCF081 		.ascii	"<\374\360\201N\263\024m\257PG\237UE\237\015D\327\361"
 186      4EB3146D 
 186      AF50479F 
 186      55459F0D 
 186      44D7F1
 187 01bb E8B1CBCD 		.ascii	"\350\261\313\315v\035\371\226\207;\217W\355\343\362"
 187      761DF996 
 187      873B8F57 
 187      EDE3F2
 188 01ca A9AF64C6 		.ascii	"\251\257d\306\033WB\217\345\323\377\374~\271\006\365"
 188      1B57428F 
 188      E5D3FFFC 
 188      7EB906F5 
 189 01da 2A92FA00 		.ascii	"*\222\372\000I\003'\251\030-x\254%.\340,tv\312g\344"
 189      490327A9 
 189      182D78AC 
 189      252EE02C 
 189      7476CA67 
 190 01ef 2CCEFDE5 		.ascii	",\316\375\345\337YU2\032U\014\215\001\206s\234a\342"
 190      DF595532 
 190      1A550C8D 
 190      0186739C 
 190      61E2
 191 0201 C9448781 		.ascii	"\311D\207\201\337v4\343(\332\335\324d\341\267\255gn"
 191      DF7634E3 
ARM GAS  C:\Users\Thomas\AppData\Local\Temp\ccYCNWbk.s 			page 14


 191      28DADDD4 
 191      64E1B7AD 
 191      676E
 192 0213 C790E77D 		.ascii	"\307\220\347}rA\242\037j\337\263\307HnHN\336/\255\373"
 192      7241A21F 
 192      6ADFB3C7 
 192      486E484E 
 192      DE2FADFB 
 193 0227 5858B889 		.ascii	"XX\270\211_\342\201\336\322\213\204\273~\366Z\343\361"
 193      5FE281DE 
 193      D28B84BB 
 193      7EF65AE3 
 193      F1
 194 0238 FCF08C80 		.ascii	"\374\360\214\200)\312Ni>\365\025Q\262R\200\325\021\360"
 194      29CA4E69 
 194      3EF51551 
 194      B25280D5 
 194      11F0
 195 024a 56840017 		.ascii	"V\204\000\027 \012a\\\016\264b\343\234\307\3069\201"
 195      200A615C 
 195      0EB462E3 
 195      9CC7C639 
 195      81
 196 025b 6DE16BBD 		.ascii	"m\341k\275R\275\251\200\256\20560A\313\202`\236An\225"
 196      52BDA980 
 196      AE853630 
 196      41CB8260 
 196      9E416E95 
 197 026f 76D77587 		.ascii	"v\327u\207\221\370%\005\275\336\247\017\315\\\370r\346"
 197      91F82505 
 197      BDDEA70F 
 197      CD5CF872 
 197      E6
 198 0280 96DE9C79 		.ascii	"\226\336\234yD\270p\015s\177~p\357|\010\331\253\011"
 198      44B8700D 
 198      737F7E70 
 198      EF7C08D9 
 198      AB09
 199 0292 126B95C4 		.ascii	"\022k\225\304\026\337}\332`\344\256\337O\230\332\271"
 199      16DF7DDA 
 199      60E4AEDF 
 199      4F98DAB9 
 200 02a2 2957A51E 		.ascii	")W\245\036\242LL\206\363\3242\200N\224\320\241H\260"
 200      A24C4C86 
 200      F3D43280 
 200      4E94D0A1 
 200      48B0
 201 02b4 CA12F869 		.ascii	"\312\022\370ih\001\325\235\264\010\340F\355\027Q;\\"
 201      6801D59D 
 201      B408E046 
 201      ED17513B 
 201      5C
 202 02c5 C60359E5 		.ascii	"\306\003Y\345\003\375\206\017/\341C\314r\276\247\353"
 202      03FD860F 
 202      2FE143CC 
 202      72BEA7EB 
 203 02d5 BE811449 		.ascii	"\276\201\024I\012\346\233\012\0124\344(wt\227\006\032"
ARM GAS  C:\Users\Thomas\AppData\Local\Temp\ccYCNWbk.s 			page 15


 203      0AE69B0A 
 203      0A34E428 
 203      77749706 
 203      1A
 204 02e6 F76B2132 		.ascii	"\367k!22,*\322\211\214\276\222\335?Y\034\324yQ\312{"
 204      322C2AD2 
 204      898CBE92 
 204      DD3F591C 
 204      D47951CA 
 205 02fb 05F3F642 		.ascii	"\005\363\366B\230\302\377&\373\260\334\354\363\022\030"
 205      98C2FF26 
 205      FBB0DCEC 
 205      F31218
 206 030a 7CF2CEB9 		.ascii	"|\362\316\271$w\036\341ej\227\261ri9\362m\006<\304\277"
 206      24771EE1 
 206      656A97B1 
 206      726939F2 
 206      6D063CC4 
 207 031f 4F4AD766 		.ascii	"OJ\327f\011\360+\0225\361\257\223AQ&\374\216\212{ \022"
 207      09F02B12 
 207      35F1AF93 
 207      415126FC 
 207      8E8A7B20 
 208 0334 BAD1FA20 		.ascii	"\272\321\372 \222\237\215\235}\362\366\273F\006\022"
 208      929F8D9D 
 208      7DF2F6BB 
 208      460612
 209 0343 02CD222D 		.ascii	"\002\315\"-\236\365\237\246\317\335\371\204+\354ZTa"
 209      9EF59FA6 
 209      CFDDF984 
 209      2BEC5A54 
 209      61
 210 0354 255788D5 		.ascii	"%W\210\325\244\377>\334m\200\2500\3168\247\007\030@"
 210      A4FF3EDC 
 210      6D80A830 
 210      CE38A707 
 210      1840
 211 0366 6CB3524D 		.ascii	"l\263RM\226\200\257\305DB?j{\221Nv\235w<#fR-U\326]Q"
 211      9680AFC5 
 211      44423F6A 
 211      7B914E76 
 211      9D773C23 
 212 0381 3CAB896D 		.ascii	"<\253\211m\240v\347J\236\210\341Y[\261\030v\033}\322"
 212      A076E74A 
 212      9E88E159 
 212      5BB11876 
 212      1B7DD2
 213 0394 3F83FEDD 		.ascii	"?\203\376\335|\270\306\260\352\030\336\261\257mx\036"
 213      7CB8C6B0 
 213      EA18DEB1 
 213      AF6D781E 
 214 03a4 F2A8136F 		.ascii	"\362\250\023o\223}\"<\360\252\244PU\256\253\354K\201"
 214      937D223C 
 214      F0AAA450 
 214      55AEABEC 
 214      4B81
 215 03b6 3F205680 		.ascii	"? V\200k\260\212M\306\376\321qBZ\244\304>\373\376\273"
ARM GAS  C:\Users\Thomas\AppData\Local\Temp\ccYCNWbk.s 			page 16


 215      6BB08A4D 
 215      C6FED171 
 215      425AA4C4 
 215      3EFBFEBB 
 216 03ca 5A939DF5 		.ascii	"Z\223\235\365\303+\266\204\246\370\364X)\310}\346k\255"
 216      C32BB684 
 216      A6F8F458 
 216      29C87DE6 
 216      6BAD
 217 03dc 6C377753 		.ascii	"l7wSj\204!,\351u\245<\203\240t\333\"\3247\026\357\266"
 217      6A84212C 
 217      E975A53C 
 217      83A074DB 
 217      22D43716 
 218 03f2 7DB71F97 		.ascii	"}\267\037\227\207\006\324\330_)\244\252\243\271,\324"
 218      8706D4D8 
 218      5F29A4AA 
 218      A3B92CD4 
 219 0402 5CC87A1A 		.ascii	"\\\310z\032'yH\227\005n\242\022e\226\017\203\231\317"
 219      27794897 
 219      056EA212 
 219      65960F83 
 219      99CF
 220 0414 09FC4774 		.ascii	"\011\374Gt\331\211\371]\226 4+\232\202\366\310h\017"
 220      D989F95D 
 220      9620342B 
 220      9A82F6C8 
 220      680F
 221 0426 47571CEA 		.ascii	"GW\034\352$A\340\241 \352\021\031<\302\301\305?\366"
 221      2441E0A1 
 221      20EA1119 
 221      3CC2C1C5 
 221      3FF6
 222 0438 9619889B 		.ascii	"\226\031\210\233\227U;\375l\374\211\001\"B\242\"\034"
 222      97553BFD 
 222      6CFC8901 
 222      2242A222 
 222      1C
 223 0449 589B3108 		.ascii	"X\2331\010\021\366\360\031\222\177p\371\327\0133d\034"
 223      11F6F019 
 223      927F70F9 
 223      D70B3364 
 223      1C
 224 045a 4FC45E09 		.ascii	"O\304^\011\360'rN\310\023\304\216\303\003\237\302\250"
 224      F027724E 
 224      C813C48E 
 224      C3039FC2 
 224      A8
 225 046b 3CE1A4E5 		.ascii	"<\341\244\345\300\347\022\021\373ac\262x\357\011#\351"
 225      C0E71211 
 225      FB6163B2 
 225      78EF0923 
 225      E9
 226 047c 946EB171 		.ascii	"\224n\261q\266\260y\231T\267\227\217)\274\302\301\376"
 226      B6B07999 
 226      54B7978F 
 226      29BCC2C1 
ARM GAS  C:\Users\Thomas\AppData\Local\Temp\ccYCNWbk.s 			page 17


 226      FE
 227 048d C2A11069 		.ascii	"\302\241\020i\260=\0371\265\304`s\316\307\030\301\213"
 227      B03D1F31 
 227      B5C46073 
 227      CEC718C1 
 227      8B
 228 049e E79F542E 		.ascii	"\347\237T.\371\026(S\355{oi\2379\250X\336\240bM\313"
 228      F9162853 
 228      ED7B6F69 
 228      9F39A858 
 228      DEA0624D 
 229 04b3 C59AE6C5 		.ascii	"\305\232\346\305\032w\270\013\265Ah6\340\025\364\014"
 229      1A77B80B 
 229      B5416836 
 229      E015F40C 
 230 04c3 98034970 		.ascii	"\230\003Ip+\204%\304$o\026\323>\214NNL\371F\214\267"
 230      2B8425C4 
 230      246F16D3 
 230      3E8C4E4E 
 230      4CF9468C 
 231 04d8 657CB93D 		.ascii	"e|\271=M\277\361\223\255\326x\341\2155I\033\305\014"
 231      4DBFF193 
 231      ADD678E1 
 231      8D35491B 
 231      C50C
 232 04ea 312B2547 		.ascii	"1+%G\374\"9\321\226\233\225*&%$\332\342\337KZ\210I\370"
 232      FC2239D1 
 232      969B952A 
 232      262524DA 
 232      E2DF4B5A 
 233 0501 784DAA10 		.ascii	"xM\252\020\276\340n\026\263slY2\213EaN\027\305\314\327"
 233      BEE06E16 
 233      B3736C59 
 233      328B4561 
 233      4E17C5CC 
 234 0516 16DC4F53 		.ascii	"\026\334OSv\210\271\231\313\224\3279\266\314\327_\232"
 234      7688B999 
 234      CB94D739 
 234      B6CCD75F 
 234      9A
 235 0527 6BCD5782 		.ascii	"k\315W\202B\261!#e[\272\250$^\277.~\323\326\204\344"
 235      42B12123 
 235      655BBAA8 
 235      245EBF2E 
 235      7ED3D684 
 236 053c C42D9BB7 		.ascii	"\304-\233\267\306o\321\345n\317\310\211[\265$c\352\316"
 236      C66FD1E5 
 236      6ECFC889 
 236      5BB52463 
 236      EACE
 237 054e 9C9D9962 		.ascii	"\234\235\231b6\022\206\212\234'1\007Az\026\025\023\033"
 237      3612868A 
 237      9C273107 
 237      417A1615 
 237      131B
 238 0560 9A8D6548 		.ascii	"\232\215eH\314Z\027\215\304\201}\014\356\225\334\333"
 238      CC5A178D 
ARM GAS  C:\Users\Thomas\AppData\Local\Temp\ccYCNWbk.s 			page 18


 238      C4817D0C 
 238      EE95DCDB 
 239 0570 525277E4 		.ascii	"RRw\344f\352\262\304\264\230X]\362z\233-]\213\373\270"
 239      66EAB2C4 
 239      B498585D 
 239      F27A9B2D 
 239      5D8BFBB8 
 240 0584 FF01E55E 		.ascii	"\377\001\345^\360\012"
 240      F00A
 241              		.text
 242              		.section	.gnu.lto_.symtab.c0d69440,"",%progbits
 243 0000 50315F52 		.ascii	"P1_RegD0_SaveConfig\000\000\000\000\000\000\000\000"
 243      65674430 
 243      5F536176 
 243      65436F6E 
 243      66696700 
 244 001b 00000000 		.ascii	"\000\000\000\000\254\000\000\000P1_RegD0_RestoreCon"
 244      AC000000 
 244      50315F52 
 244      65674430 
 244      5F526573 
 245 0036 66696700 		.ascii	"fig\000\000\000\000\000\000\000\000\000\000\000\000"
 245      00000000 
 245      00000000 
 245      000000
 246 0045 AE000000 		.ascii	"\256\000\000\000P1_RegD0_Sleep\000\000\000\000\000\000"
 246      50315F52 
 246      65674430 
 246      5F536C65 
 246      65700000 
 247 005d 00000000 		.ascii	"\000\000\000\000\000\000\260\000\000\000P1_RegD0_Wa"
 247      0000B000 
 247      00005031 
 247      5F526567 
 247      44305F57 
 248 0072 6B657570 		.ascii	"keup\000\000\000\000\000\000\000\000\000\000\000\000"
 248      00000000 
 248      00000000 
 248      00000000 
 249 0082 B2000000 		.ascii	"\262\000\000\000P1_RegD0_Stop\000\000\002\000\000\000"
 249      50315F52 
 249      65674430 
 249      5F53746F 
 249      70000002 
 250 0099 00000000 		.ascii	"\000\000\000\000\000\000\264\000\000\000P1_RegD0_En"
 250      0000B400 
 250      00005031 
 250      5F526567 
 250      44305F45 
 251 00ae 61626C65 		.ascii	"able\000\000\002\000\000\000\000\000\000\000\000\000"
 251      00000200 
 251      00000000 
 251      00000000 
 252 00be B6000000 		.ascii	"\266\000\000\000"
 253              		.text
 254              		.section	.gnu.lto_.opts,"",%progbits
 255 0000 272D666E 		.ascii	"'-fno-trapv' '-mcpu=cortex-m3' '-mthumb' '-g' '-O3'"
ARM GAS  C:\Users\Thomas\AppData\Local\Temp\ccYCNWbk.s 			page 19


 255      6F2D7472 
 255      61707627 
 255      20272D6D 
 255      6370753D 
 256 0033 20272D66 		.ascii	" '-ffunction-sections' '-finline-functions' '-flto'"
 256      66756E63 
 256      74696F6E 
 256      2D736563 
 256      74696F6E 
 257 0066 20272D66 		.ascii	" '-ffat-lto-objects'\000"
 257      6661742D 
 257      6C746F2D 
 257      6F626A65 
 257      63747327 
 258              		.text
 259              		.cfi_sections	.debug_frame
 260              		.section	.text.P1_RegD0_SaveConfig,"ax",%progbits
 261              		.align	2
 262              		.global	P1_RegD0_SaveConfig
 263              		.thumb
 264              		.thumb_func
 265              		.type	P1_RegD0_SaveConfig, %function
 266              	P1_RegD0_SaveConfig:
 267              	.LFB0:
 268              		.file 1 ".\\Generated_Source\\PSoC5\\P1_RegD0_PM.c"
   1:.\Generated_Source\PSoC5/P1_RegD0_PM.c **** /*******************************************************************************
   2:.\Generated_Source\PSoC5/P1_RegD0_PM.c **** * File Name: P1_RegD0_PM.c
   3:.\Generated_Source\PSoC5/P1_RegD0_PM.c **** * Version 2.30
   4:.\Generated_Source\PSoC5/P1_RegD0_PM.c **** *
   5:.\Generated_Source\PSoC5/P1_RegD0_PM.c **** * Description:
   6:.\Generated_Source\PSoC5/P1_RegD0_PM.c **** *  This file provides the API source code for sleep mode support for Shift
   7:.\Generated_Source\PSoC5/P1_RegD0_PM.c **** *  Register component.
   8:.\Generated_Source\PSoC5/P1_RegD0_PM.c **** *
   9:.\Generated_Source\PSoC5/P1_RegD0_PM.c **** * Note:
  10:.\Generated_Source\PSoC5/P1_RegD0_PM.c **** *
  11:.\Generated_Source\PSoC5/P1_RegD0_PM.c **** ********************************************************************************
  12:.\Generated_Source\PSoC5/P1_RegD0_PM.c **** * Copyright 2008-2013, Cypress Semiconductor Corporation.  All rights reserved.
  13:.\Generated_Source\PSoC5/P1_RegD0_PM.c **** * You may use this file only in accordance with the license, terms, conditions,
  14:.\Generated_Source\PSoC5/P1_RegD0_PM.c **** * disclaimers, and limitations in the end user license agreement accompanying
  15:.\Generated_Source\PSoC5/P1_RegD0_PM.c **** * the software package with which this file was provided.
  16:.\Generated_Source\PSoC5/P1_RegD0_PM.c **** *******************************************************************************/
  17:.\Generated_Source\PSoC5/P1_RegD0_PM.c **** 
  18:.\Generated_Source\PSoC5/P1_RegD0_PM.c **** #include "P1_RegD0.h"
  19:.\Generated_Source\PSoC5/P1_RegD0_PM.c **** 
  20:.\Generated_Source\PSoC5/P1_RegD0_PM.c **** static P1_RegD0_BACKUP_STRUCT P1_RegD0_backup =
  21:.\Generated_Source\PSoC5/P1_RegD0_PM.c **** {
  22:.\Generated_Source\PSoC5/P1_RegD0_PM.c ****     P1_RegD0_DISABLED,
  23:.\Generated_Source\PSoC5/P1_RegD0_PM.c **** 
  24:.\Generated_Source\PSoC5/P1_RegD0_PM.c ****     ((uint16) P1_RegD0_DEFAULT_A0),
  25:.\Generated_Source\PSoC5/P1_RegD0_PM.c ****     ((uint16) P1_RegD0_DEFAULT_A1),
  26:.\Generated_Source\PSoC5/P1_RegD0_PM.c **** 
  27:.\Generated_Source\PSoC5/P1_RegD0_PM.c ****     #if(CY_UDB_V0)
  28:.\Generated_Source\PSoC5/P1_RegD0_PM.c ****         ((uint16) P1_RegD0_INT_SRC),
  29:.\Generated_Source\PSoC5/P1_RegD0_PM.c ****     #endif /* (CY_UDB_V0) */
  30:.\Generated_Source\PSoC5/P1_RegD0_PM.c **** };
  31:.\Generated_Source\PSoC5/P1_RegD0_PM.c **** 
  32:.\Generated_Source\PSoC5/P1_RegD0_PM.c **** 
ARM GAS  C:\Users\Thomas\AppData\Local\Temp\ccYCNWbk.s 			page 20


  33:.\Generated_Source\PSoC5/P1_RegD0_PM.c **** /*******************************************************************************
  34:.\Generated_Source\PSoC5/P1_RegD0_PM.c **** * Function Name: P1_RegD0_SaveConfig
  35:.\Generated_Source\PSoC5/P1_RegD0_PM.c **** ********************************************************************************
  36:.\Generated_Source\PSoC5/P1_RegD0_PM.c **** *
  37:.\Generated_Source\PSoC5/P1_RegD0_PM.c **** * Summary:
  38:.\Generated_Source\PSoC5/P1_RegD0_PM.c **** *  Saves Shift Register configuration.
  39:.\Generated_Source\PSoC5/P1_RegD0_PM.c **** *
  40:.\Generated_Source\PSoC5/P1_RegD0_PM.c **** * Parameters:
  41:.\Generated_Source\PSoC5/P1_RegD0_PM.c **** *  None.
  42:.\Generated_Source\PSoC5/P1_RegD0_PM.c **** *
  43:.\Generated_Source\PSoC5/P1_RegD0_PM.c **** * Return:
  44:.\Generated_Source\PSoC5/P1_RegD0_PM.c **** *  None.
  45:.\Generated_Source\PSoC5/P1_RegD0_PM.c **** *
  46:.\Generated_Source\PSoC5/P1_RegD0_PM.c **** * Reentrant:
  47:.\Generated_Source\PSoC5/P1_RegD0_PM.c **** *  No.
  48:.\Generated_Source\PSoC5/P1_RegD0_PM.c **** *
  49:.\Generated_Source\PSoC5/P1_RegD0_PM.c **** *******************************************************************************/
  50:.\Generated_Source\PSoC5/P1_RegD0_PM.c **** void P1_RegD0_SaveConfig(void) 
  51:.\Generated_Source\PSoC5/P1_RegD0_PM.c **** {
 269              		.loc 1 51 0
 270              		.cfi_startproc
 271              		@ args = 0, pretend = 0, frame = 0
 272              		@ frame_needed = 0, uses_anonymous_args = 0
 273              		@ link register save eliminated.
  52:.\Generated_Source\PSoC5/P1_RegD0_PM.c ****     /* Store working registers A0 and A1 */
  53:.\Generated_Source\PSoC5/P1_RegD0_PM.c ****     P1_RegD0_backup.saveSrA0Reg   = CY_GET_REG16(P1_RegD0_SHIFT_REG_LSB_PTR);
 274              		.loc 1 53 0
 275 0000 034B     		ldr	r3, .L2
  54:.\Generated_Source\PSoC5/P1_RegD0_PM.c ****     P1_RegD0_backup.saveSrA1Reg   = CY_GET_REG16(P1_RegD0_SHIFT_REG_VALUE_LSB_PTR);
 276              		.loc 1 54 0
 277 0002 044A     		ldr	r2, .L2+4
  53:.\Generated_Source\PSoC5/P1_RegD0_PM.c ****     P1_RegD0_backup.saveSrA1Reg   = CY_GET_REG16(P1_RegD0_SHIFT_REG_VALUE_LSB_PTR);
 278              		.loc 1 53 0
 279 0004 1988     		ldrh	r1, [r3]
 280 0006 044B     		ldr	r3, .L2+8
 281              		.loc 1 54 0
 282 0008 1288     		ldrh	r2, [r2]
  53:.\Generated_Source\PSoC5/P1_RegD0_PM.c ****     P1_RegD0_backup.saveSrA1Reg   = CY_GET_REG16(P1_RegD0_SHIFT_REG_VALUE_LSB_PTR);
 283              		.loc 1 53 0
 284 000a 5980     		strh	r1, [r3, #2]	@ movhi
 285              		.loc 1 54 0
 286 000c 9A80     		strh	r2, [r3, #4]	@ movhi
 287 000e 7047     		bx	lr
 288              	.L3:
 289              		.align	2
 290              	.L2:
 291 0010 06650040 		.word	1073767686
 292 0014 16650040 		.word	1073767702
 293 0018 00000000 		.word	.LANCHOR0
 294              		.cfi_endproc
 295              	.LFE0:
 296              		.size	P1_RegD0_SaveConfig, .-P1_RegD0_SaveConfig
 297              		.section	.text.P1_RegD0_RestoreConfig,"ax",%progbits
 298              		.align	2
 299              		.global	P1_RegD0_RestoreConfig
 300              		.thumb
 301              		.thumb_func
ARM GAS  C:\Users\Thomas\AppData\Local\Temp\ccYCNWbk.s 			page 21


 302              		.type	P1_RegD0_RestoreConfig, %function
 303              	P1_RegD0_RestoreConfig:
 304              	.LFB1:
  55:.\Generated_Source\PSoC5/P1_RegD0_PM.c **** 
  56:.\Generated_Source\PSoC5/P1_RegD0_PM.c ****     #if(CY_UDB_V0)
  57:.\Generated_Source\PSoC5/P1_RegD0_PM.c ****         P1_RegD0_backup.saveSrIntMask = P1_RegD0_SR_STATUS_MASK;
  58:.\Generated_Source\PSoC5/P1_RegD0_PM.c ****     #endif /* (CY_UDB_V0) */
  59:.\Generated_Source\PSoC5/P1_RegD0_PM.c **** }
  60:.\Generated_Source\PSoC5/P1_RegD0_PM.c **** 
  61:.\Generated_Source\PSoC5/P1_RegD0_PM.c **** 
  62:.\Generated_Source\PSoC5/P1_RegD0_PM.c **** /*******************************************************************************
  63:.\Generated_Source\PSoC5/P1_RegD0_PM.c **** * Function Name: P1_RegD0_RestoreConfig
  64:.\Generated_Source\PSoC5/P1_RegD0_PM.c **** ********************************************************************************
  65:.\Generated_Source\PSoC5/P1_RegD0_PM.c **** *
  66:.\Generated_Source\PSoC5/P1_RegD0_PM.c **** * Summary:
  67:.\Generated_Source\PSoC5/P1_RegD0_PM.c **** *  Restores Shift Register configuration.
  68:.\Generated_Source\PSoC5/P1_RegD0_PM.c **** *
  69:.\Generated_Source\PSoC5/P1_RegD0_PM.c **** * Parameters:
  70:.\Generated_Source\PSoC5/P1_RegD0_PM.c **** *  None.
  71:.\Generated_Source\PSoC5/P1_RegD0_PM.c **** *
  72:.\Generated_Source\PSoC5/P1_RegD0_PM.c **** * Return:
  73:.\Generated_Source\PSoC5/P1_RegD0_PM.c **** *  None.
  74:.\Generated_Source\PSoC5/P1_RegD0_PM.c **** *
  75:.\Generated_Source\PSoC5/P1_RegD0_PM.c **** *******************************************************************************/
  76:.\Generated_Source\PSoC5/P1_RegD0_PM.c **** void P1_RegD0_RestoreConfig(void) 
  77:.\Generated_Source\PSoC5/P1_RegD0_PM.c **** {
 305              		.loc 1 77 0
 306              		.cfi_startproc
 307              		@ args = 0, pretend = 0, frame = 0
 308              		@ frame_needed = 0, uses_anonymous_args = 0
 309              		@ link register save eliminated.
  78:.\Generated_Source\PSoC5/P1_RegD0_PM.c ****     /* Restore working registers A0 and A1 */
  79:.\Generated_Source\PSoC5/P1_RegD0_PM.c ****     CY_SET_REG16(P1_RegD0_SHIFT_REG_LSB_PTR, P1_RegD0_backup.saveSrA0Reg);
 310              		.loc 1 79 0
 311 0000 034B     		ldr	r3, .L5
 312 0002 0449     		ldr	r1, .L5+4
  80:.\Generated_Source\PSoC5/P1_RegD0_PM.c ****     CY_SET_REG16(P1_RegD0_SHIFT_REG_VALUE_LSB_PTR, P1_RegD0_backup.saveSrA1Reg);
 313              		.loc 1 80 0
 314 0004 9A88     		ldrh	r2, [r3, #4]
  79:.\Generated_Source\PSoC5/P1_RegD0_PM.c ****     CY_SET_REG16(P1_RegD0_SHIFT_REG_VALUE_LSB_PTR, P1_RegD0_backup.saveSrA1Reg);
 315              		.loc 1 79 0
 316 0006 5888     		ldrh	r0, [r3, #2]
 317              		.loc 1 80 0
 318 0008 034B     		ldr	r3, .L5+8
  79:.\Generated_Source\PSoC5/P1_RegD0_PM.c ****     CY_SET_REG16(P1_RegD0_SHIFT_REG_VALUE_LSB_PTR, P1_RegD0_backup.saveSrA1Reg);
 319              		.loc 1 79 0
 320 000a 0880     		strh	r0, [r1]	@ movhi
 321              		.loc 1 80 0
 322 000c 1A80     		strh	r2, [r3]	@ movhi
 323 000e 7047     		bx	lr
 324              	.L6:
 325              		.align	2
 326              	.L5:
 327 0010 00000000 		.word	.LANCHOR0
 328 0014 06650040 		.word	1073767686
 329 0018 16650040 		.word	1073767702
 330              		.cfi_endproc
ARM GAS  C:\Users\Thomas\AppData\Local\Temp\ccYCNWbk.s 			page 22


 331              	.LFE1:
 332              		.size	P1_RegD0_RestoreConfig, .-P1_RegD0_RestoreConfig
 333              		.section	.text.P1_RegD0_Sleep,"ax",%progbits
 334              		.align	2
 335              		.global	P1_RegD0_Sleep
 336              		.thumb
 337              		.thumb_func
 338              		.type	P1_RegD0_Sleep, %function
 339              	P1_RegD0_Sleep:
 340              	.LFB2:
  81:.\Generated_Source\PSoC5/P1_RegD0_PM.c **** 
  82:.\Generated_Source\PSoC5/P1_RegD0_PM.c ****     #if(CY_UDB_V0)
  83:.\Generated_Source\PSoC5/P1_RegD0_PM.c ****         P1_RegD0_SR_STATUS_MASK = ((uint8) P1_RegD0_backup.saveSrIntMask);
  84:.\Generated_Source\PSoC5/P1_RegD0_PM.c ****     #endif /* (CY_UDB_V0) */
  85:.\Generated_Source\PSoC5/P1_RegD0_PM.c **** }
  86:.\Generated_Source\PSoC5/P1_RegD0_PM.c **** 
  87:.\Generated_Source\PSoC5/P1_RegD0_PM.c **** 
  88:.\Generated_Source\PSoC5/P1_RegD0_PM.c **** /*******************************************************************************
  89:.\Generated_Source\PSoC5/P1_RegD0_PM.c **** * Function Name: P1_RegD0_Sleep
  90:.\Generated_Source\PSoC5/P1_RegD0_PM.c **** ********************************************************************************
  91:.\Generated_Source\PSoC5/P1_RegD0_PM.c **** *
  92:.\Generated_Source\PSoC5/P1_RegD0_PM.c **** * Summary:
  93:.\Generated_Source\PSoC5/P1_RegD0_PM.c **** *  Prepare the component to enter a Sleep mode.
  94:.\Generated_Source\PSoC5/P1_RegD0_PM.c **** *
  95:.\Generated_Source\PSoC5/P1_RegD0_PM.c **** * Parameters:
  96:.\Generated_Source\PSoC5/P1_RegD0_PM.c **** *  None.
  97:.\Generated_Source\PSoC5/P1_RegD0_PM.c **** *
  98:.\Generated_Source\PSoC5/P1_RegD0_PM.c **** * Return:
  99:.\Generated_Source\PSoC5/P1_RegD0_PM.c **** *  None.
 100:.\Generated_Source\PSoC5/P1_RegD0_PM.c **** *
 101:.\Generated_Source\PSoC5/P1_RegD0_PM.c **** * Reentrant:
 102:.\Generated_Source\PSoC5/P1_RegD0_PM.c **** *  No.
 103:.\Generated_Source\PSoC5/P1_RegD0_PM.c **** *
 104:.\Generated_Source\PSoC5/P1_RegD0_PM.c **** *******************************************************************************/
 105:.\Generated_Source\PSoC5/P1_RegD0_PM.c **** void P1_RegD0_Sleep(void) 
 106:.\Generated_Source\PSoC5/P1_RegD0_PM.c **** {
 341              		.loc 1 106 0
 342              		.cfi_startproc
 343              		@ args = 0, pretend = 0, frame = 0
 344              		@ frame_needed = 0, uses_anonymous_args = 0
 345 0000 10B5     		push	{r4, lr}
 346              		.cfi_def_cfa_offset 8
 347              		.cfi_offset 4, -8
 348              		.cfi_offset 14, -4
 107:.\Generated_Source\PSoC5/P1_RegD0_PM.c ****     P1_RegD0_backup.enableState = ((uint8) P1_RegD0_IS_ENABLED);
 349              		.loc 1 107 0
 350 0002 074B     		ldr	r3, .L9
 351 0004 074C     		ldr	r4, .L9+4
 352 0006 1B78     		ldrb	r3, [r3]	@ zero_extendqisi2
 353 0008 03F00103 		and	r3, r3, #1
 354 000c 2370     		strb	r3, [r4]
 108:.\Generated_Source\PSoC5/P1_RegD0_PM.c **** 
 109:.\Generated_Source\PSoC5/P1_RegD0_PM.c ****     P1_RegD0_Stop();
 355              		.loc 1 109 0
 356 000e FFF7FEFF 		bl	P1_RegD0_Stop
 357              	.LVL0:
 358              	.LBB6:
ARM GAS  C:\Users\Thomas\AppData\Local\Temp\ccYCNWbk.s 			page 23


 359              	.LBB7:
  53:.\Generated_Source\PSoC5/P1_RegD0_PM.c ****     P1_RegD0_backup.saveSrA1Reg   = CY_GET_REG16(P1_RegD0_SHIFT_REG_VALUE_LSB_PTR);
 360              		.loc 1 53 0
 361 0012 054A     		ldr	r2, .L9+8
  54:.\Generated_Source\PSoC5/P1_RegD0_PM.c **** 
 362              		.loc 1 54 0
 363 0014 054B     		ldr	r3, .L9+12
  53:.\Generated_Source\PSoC5/P1_RegD0_PM.c ****     P1_RegD0_backup.saveSrA1Reg   = CY_GET_REG16(P1_RegD0_SHIFT_REG_VALUE_LSB_PTR);
 364              		.loc 1 53 0
 365 0016 1288     		ldrh	r2, [r2]
  54:.\Generated_Source\PSoC5/P1_RegD0_PM.c **** 
 366              		.loc 1 54 0
 367 0018 1B88     		ldrh	r3, [r3]
  53:.\Generated_Source\PSoC5/P1_RegD0_PM.c ****     P1_RegD0_backup.saveSrA1Reg   = CY_GET_REG16(P1_RegD0_SHIFT_REG_VALUE_LSB_PTR);
 368              		.loc 1 53 0
 369 001a 6280     		strh	r2, [r4, #2]	@ movhi
  54:.\Generated_Source\PSoC5/P1_RegD0_PM.c **** 
 370              		.loc 1 54 0
 371 001c A380     		strh	r3, [r4, #4]	@ movhi
 372 001e 10BD     		pop	{r4, pc}
 373              	.L10:
 374              		.align	2
 375              	.L9:
 376 0020 77650040 		.word	1073767799
 377 0024 00000000 		.word	.LANCHOR0
 378 0028 06650040 		.word	1073767686
 379 002c 16650040 		.word	1073767702
 380              	.LBE7:
 381              	.LBE6:
 382              		.cfi_endproc
 383              	.LFE2:
 384              		.size	P1_RegD0_Sleep, .-P1_RegD0_Sleep
 385              		.section	.text.P1_RegD0_Wakeup,"ax",%progbits
 386              		.align	2
 387              		.global	P1_RegD0_Wakeup
 388              		.thumb
 389              		.thumb_func
 390              		.type	P1_RegD0_Wakeup, %function
 391              	P1_RegD0_Wakeup:
 392              	.LFB3:
 110:.\Generated_Source\PSoC5/P1_RegD0_PM.c ****     P1_RegD0_SaveConfig();
 111:.\Generated_Source\PSoC5/P1_RegD0_PM.c **** }
 112:.\Generated_Source\PSoC5/P1_RegD0_PM.c **** 
 113:.\Generated_Source\PSoC5/P1_RegD0_PM.c **** 
 114:.\Generated_Source\PSoC5/P1_RegD0_PM.c **** /*******************************************************************************
 115:.\Generated_Source\PSoC5/P1_RegD0_PM.c **** * Function Name: P1_RegD0_Wakeup
 116:.\Generated_Source\PSoC5/P1_RegD0_PM.c **** ********************************************************************************
 117:.\Generated_Source\PSoC5/P1_RegD0_PM.c **** *
 118:.\Generated_Source\PSoC5/P1_RegD0_PM.c **** * Summary:
 119:.\Generated_Source\PSoC5/P1_RegD0_PM.c **** *  Restores and enables the user configuration.
 120:.\Generated_Source\PSoC5/P1_RegD0_PM.c **** *
 121:.\Generated_Source\PSoC5/P1_RegD0_PM.c **** * Parameters:
 122:.\Generated_Source\PSoC5/P1_RegD0_PM.c **** *  None.
 123:.\Generated_Source\PSoC5/P1_RegD0_PM.c **** *
 124:.\Generated_Source\PSoC5/P1_RegD0_PM.c **** * Return:
 125:.\Generated_Source\PSoC5/P1_RegD0_PM.c **** *  None.
 126:.\Generated_Source\PSoC5/P1_RegD0_PM.c **** *
ARM GAS  C:\Users\Thomas\AppData\Local\Temp\ccYCNWbk.s 			page 24


 127:.\Generated_Source\PSoC5/P1_RegD0_PM.c **** *******************************************************************************/
 128:.\Generated_Source\PSoC5/P1_RegD0_PM.c **** void P1_RegD0_Wakeup(void) 
 129:.\Generated_Source\PSoC5/P1_RegD0_PM.c **** {
 393              		.loc 1 129 0
 394              		.cfi_startproc
 395              		@ args = 0, pretend = 0, frame = 0
 396              		@ frame_needed = 0, uses_anonymous_args = 0
 397              		@ link register save eliminated.
 398 0000 10B4     		push	{r4}
 399              		.cfi_def_cfa_offset 4
 400              		.cfi_offset 4, -4
 401              	.LBB8:
 402              	.LBB9:
  79:.\Generated_Source\PSoC5/P1_RegD0_PM.c ****     CY_SET_REG16(P1_RegD0_SHIFT_REG_VALUE_LSB_PTR, P1_RegD0_backup.saveSrA1Reg);
 403              		.loc 1 79 0
 404 0002 084B     		ldr	r3, .L16
 405 0004 0848     		ldr	r0, .L16+4
 406 0006 5C88     		ldrh	r4, [r3, #2]
  80:.\Generated_Source\PSoC5/P1_RegD0_PM.c **** 
 407              		.loc 1 80 0
 408 0008 9988     		ldrh	r1, [r3, #4]
 409 000a 084A     		ldr	r2, .L16+8
  79:.\Generated_Source\PSoC5/P1_RegD0_PM.c ****     CY_SET_REG16(P1_RegD0_SHIFT_REG_VALUE_LSB_PTR, P1_RegD0_backup.saveSrA1Reg);
 410              		.loc 1 79 0
 411 000c 0480     		strh	r4, [r0]	@ movhi
  80:.\Generated_Source\PSoC5/P1_RegD0_PM.c **** 
 412              		.loc 1 80 0
 413 000e 1180     		strh	r1, [r2]	@ movhi
 414              	.LBE9:
 415              	.LBE8:
 130:.\Generated_Source\PSoC5/P1_RegD0_PM.c ****     P1_RegD0_RestoreConfig();
 131:.\Generated_Source\PSoC5/P1_RegD0_PM.c **** 
 132:.\Generated_Source\PSoC5/P1_RegD0_PM.c ****     if(0u != P1_RegD0_backup.enableState)
 416              		.loc 1 132 0
 417 0010 1B78     		ldrb	r3, [r3]	@ zero_extendqisi2
 418 0012 13B9     		cbnz	r3, .L15
 133:.\Generated_Source\PSoC5/P1_RegD0_PM.c ****     {
 134:.\Generated_Source\PSoC5/P1_RegD0_PM.c ****         P1_RegD0_Enable();
 135:.\Generated_Source\PSoC5/P1_RegD0_PM.c ****     }
 136:.\Generated_Source\PSoC5/P1_RegD0_PM.c **** }
 419              		.loc 1 136 0
 420 0014 5DF8044B 		ldr	r4, [sp], #4
 421              		.cfi_remember_state
 422              		.cfi_restore 4
 423              		.cfi_def_cfa_offset 0
 424 0018 7047     		bx	lr
 425              	.L15:
 426              		.cfi_restore_state
 427 001a 5DF8044B 		ldr	r4, [sp], #4
 428              		.cfi_restore 4
 429              		.cfi_def_cfa_offset 0
 134:.\Generated_Source\PSoC5/P1_RegD0_PM.c ****     }
 430              		.loc 1 134 0
 431 001e FFF7FEBF 		b	P1_RegD0_Enable
 432              	.LVL1:
 433              	.L17:
 434 0022 00BF     		.align	2
ARM GAS  C:\Users\Thomas\AppData\Local\Temp\ccYCNWbk.s 			page 25


 435              	.L16:
 436 0024 00000000 		.word	.LANCHOR0
 437 0028 06650040 		.word	1073767686
 438 002c 16650040 		.word	1073767702
 439              		.cfi_endproc
 440              	.LFE3:
 441              		.size	P1_RegD0_Wakeup, .-P1_RegD0_Wakeup
 442              		.bss
 443              		.align	2
 444              		.set	.LANCHOR0,. + 0
 445              		.type	P1_RegD0_backup, %object
 446              		.size	P1_RegD0_backup, 6
 447              	P1_RegD0_backup:
 448 0000 00000000 		.space	6
 448      0000
 449 0006 0000     		.text
 450              	.Letext0:
 451              		.file 2 ".\\Generated_Source\\PSoC5\\cytypes.h"
 452              		.file 3 ".\\Generated_Source\\PSoC5\\P1_RegD0.h"
 453              		.section	.debug_info,"",%progbits
 454              	.Ldebug_info0:
 455 0000 9F010000 		.4byte	0x19f
 456 0004 0400     		.2byte	0x4
 457 0006 00000000 		.4byte	.Ldebug_abbrev0
 458 000a 04       		.byte	0x4
 459 000b 01       		.uleb128 0x1
 460 000c 62010000 		.4byte	.LASF27
 461 0010 01       		.byte	0x1
 462 0011 1A000000 		.4byte	.LASF28
 463 0015 C6000000 		.4byte	.LASF29
 464 0019 00000000 		.4byte	.Ldebug_ranges0+0
 465 001d 00000000 		.4byte	0
 466 0021 00000000 		.4byte	.Ldebug_line0
 467 0025 02       		.uleb128 0x2
 468 0026 01       		.byte	0x1
 469 0027 06       		.byte	0x6
 470 0028 44020000 		.4byte	.LASF0
 471 002c 02       		.uleb128 0x2
 472 002d 01       		.byte	0x1
 473 002e 08       		.byte	0x8
 474 002f 84000000 		.4byte	.LASF1
 475 0033 02       		.uleb128 0x2
 476 0034 02       		.byte	0x2
 477 0035 05       		.byte	0x5
 478 0036 25020000 		.4byte	.LASF2
 479 003a 02       		.uleb128 0x2
 480 003b 02       		.byte	0x2
 481 003c 07       		.byte	0x7
 482 003d 57000000 		.4byte	.LASF3
 483 0041 02       		.uleb128 0x2
 484 0042 04       		.byte	0x4
 485 0043 05       		.byte	0x5
 486 0044 2F020000 		.4byte	.LASF4
 487 0048 02       		.uleb128 0x2
 488 0049 04       		.byte	0x4
 489 004a 07       		.byte	0x7
 490 004b 97000000 		.4byte	.LASF5
ARM GAS  C:\Users\Thomas\AppData\Local\Temp\ccYCNWbk.s 			page 26


 491 004f 02       		.uleb128 0x2
 492 0050 08       		.byte	0x8
 493 0051 05       		.byte	0x5
 494 0052 54010000 		.4byte	.LASF6
 495 0056 02       		.uleb128 0x2
 496 0057 08       		.byte	0x8
 497 0058 07       		.byte	0x7
 498 0059 34010000 		.4byte	.LASF7
 499 005d 03       		.uleb128 0x3
 500 005e 04       		.byte	0x4
 501 005f 05       		.byte	0x5
 502 0060 696E7400 		.ascii	"int\000"
 503 0064 02       		.uleb128 0x2
 504 0065 04       		.byte	0x4
 505 0066 07       		.byte	0x7
 506 0067 27010000 		.4byte	.LASF8
 507 006b 04       		.uleb128 0x4
 508 006c A9000000 		.4byte	.LASF9
 509 0070 02       		.byte	0x2
 510 0071 9201     		.2byte	0x192
 511 0073 2C000000 		.4byte	0x2c
 512 0077 04       		.uleb128 0x4
 513 0078 01010000 		.4byte	.LASF10
 514 007c 02       		.byte	0x2
 515 007d 9301     		.2byte	0x193
 516 007f 3A000000 		.4byte	0x3a
 517 0083 02       		.uleb128 0x2
 518 0084 04       		.byte	0x4
 519 0085 04       		.byte	0x4
 520 0086 41000000 		.4byte	.LASF11
 521 008a 02       		.uleb128 0x2
 522 008b 08       		.byte	0x8
 523 008c 04       		.byte	0x4
 524 008d BF000000 		.4byte	.LASF12
 525 0091 02       		.uleb128 0x2
 526 0092 01       		.byte	0x1
 527 0093 08       		.byte	0x8
 528 0094 09020000 		.4byte	.LASF13
 529 0098 04       		.uleb128 0x4
 530 0099 92000000 		.4byte	.LASF14
 531 009d 02       		.byte	0x2
 532 009e 3C02     		.2byte	0x23c
 533 00a0 A4000000 		.4byte	0xa4
 534 00a4 05       		.uleb128 0x5
 535 00a5 6B000000 		.4byte	0x6b
 536 00a9 04       		.uleb128 0x4
 537 00aa 00000000 		.4byte	.LASF15
 538 00ae 02       		.byte	0x2
 539 00af 3D02     		.2byte	0x23d
 540 00b1 B5000000 		.4byte	0xb5
 541 00b5 05       		.uleb128 0x5
 542 00b6 77000000 		.4byte	0x77
 543 00ba 02       		.uleb128 0x2
 544 00bb 04       		.byte	0x4
 545 00bc 07       		.byte	0x7
 546 00bd 4B010000 		.4byte	.LASF16
 547 00c1 06       		.uleb128 0x6
ARM GAS  C:\Users\Thomas\AppData\Local\Temp\ccYCNWbk.s 			page 27


 548 00c2 06       		.byte	0x6
 549 00c3 03       		.byte	0x3
 550 00c4 30       		.byte	0x30
 551 00c5 EE000000 		.4byte	0xee
 552 00c9 07       		.uleb128 0x7
 553 00ca 38020000 		.4byte	.LASF17
 554 00ce 03       		.byte	0x3
 555 00cf 32       		.byte	0x32
 556 00d0 6B000000 		.4byte	0x6b
 557 00d4 00       		.byte	0
 558 00d5 07       		.uleb128 0x7
 559 00d6 67020000 		.4byte	.LASF18
 560 00da 03       		.byte	0x3
 561 00db 34       		.byte	0x34
 562 00dc 77000000 		.4byte	0x77
 563 00e0 02       		.byte	0x2
 564 00e1 07       		.uleb128 0x7
 565 00e2 6A000000 		.4byte	.LASF19
 566 00e6 03       		.byte	0x3
 567 00e7 35       		.byte	0x35
 568 00e8 77000000 		.4byte	0x77
 569 00ec 04       		.byte	0x4
 570 00ed 00       		.byte	0
 571 00ee 08       		.uleb128 0x8
 572 00ef 50020000 		.4byte	.LASF20
 573 00f3 03       		.byte	0x3
 574 00f4 3B       		.byte	0x3b
 575 00f5 C1000000 		.4byte	0xc1
 576 00f9 09       		.uleb128 0x9
 577 00fa 06000000 		.4byte	.LASF21
 578 00fe 01       		.byte	0x1
 579 00ff 32       		.byte	0x32
 580 0100 01       		.byte	0x1
 581 0101 09       		.uleb128 0x9
 582 0102 0E020000 		.4byte	.LASF22
 583 0106 01       		.byte	0x1
 584 0107 4C       		.byte	0x4c
 585 0108 01       		.byte	0x1
 586 0109 0A       		.uleb128 0xa
 587 010a F9000000 		.4byte	0xf9
 588 010e 00000000 		.4byte	.LFB0
 589 0112 1C000000 		.4byte	.LFE0-.LFB0
 590 0116 01       		.uleb128 0x1
 591 0117 9C       		.byte	0x9c
 592 0118 0A       		.uleb128 0xa
 593 0119 01010000 		.4byte	0x101
 594 011d 00000000 		.4byte	.LFB1
 595 0121 1C000000 		.4byte	.LFE1-.LFB1
 596 0125 01       		.uleb128 0x1
 597 0126 9C       		.byte	0x9c
 598 0127 0B       		.uleb128 0xb
 599 0128 08010000 		.4byte	.LASF23
 600 012c 01       		.byte	0x1
 601 012d 69       		.byte	0x69
 602 012e 00000000 		.4byte	.LFB2
 603 0132 30000000 		.4byte	.LFE2-.LFB2
 604 0136 01       		.uleb128 0x1
ARM GAS  C:\Users\Thomas\AppData\Local\Temp\ccYCNWbk.s 			page 28


 605 0137 9C       		.byte	0x9c
 606 0138 55010000 		.4byte	0x155
 607 013c 0C       		.uleb128 0xc
 608 013d F9000000 		.4byte	0xf9
 609 0141 12000000 		.4byte	.LBB6
 610 0145 1E000000 		.4byte	.LBE6-.LBB6
 611 0149 01       		.byte	0x1
 612 014a 6E       		.byte	0x6e
 613 014b 0D       		.uleb128 0xd
 614 014c 12000000 		.4byte	.LVL0
 615 0150 94010000 		.4byte	0x194
 616 0154 00       		.byte	0
 617 0155 0B       		.uleb128 0xb
 618 0156 17010000 		.4byte	.LASF24
 619 015a 01       		.byte	0x1
 620 015b 80       		.byte	0x80
 621 015c 00000000 		.4byte	.LFB3
 622 0160 30000000 		.4byte	.LFE3-.LFB3
 623 0164 01       		.uleb128 0x1
 624 0165 9C       		.byte	0x9c
 625 0166 83010000 		.4byte	0x183
 626 016a 0C       		.uleb128 0xc
 627 016b 01010000 		.4byte	0x101
 628 016f 02000000 		.4byte	.LBB8
 629 0173 0E000000 		.4byte	.LBE8-.LBB8
 630 0177 01       		.byte	0x1
 631 0178 82       		.byte	0x82
 632 0179 0E       		.uleb128 0xe
 633 017a 22000000 		.4byte	.LVL1
 634 017e 9B010000 		.4byte	0x19b
 635 0182 00       		.byte	0
 636 0183 0F       		.uleb128 0xf
 637 0184 AF000000 		.4byte	.LASF30
 638 0188 01       		.byte	0x1
 639 0189 14       		.byte	0x14
 640 018a EE000000 		.4byte	0xee
 641 018e 05       		.uleb128 0x5
 642 018f 03       		.byte	0x3
 643 0190 00000000 		.4byte	P1_RegD0_backup
 644 0194 10       		.uleb128 0x10
 645 0195 76000000 		.4byte	.LASF25
 646 0199 03       		.byte	0x3
 647 019a 43       		.byte	0x43
 648 019b 10       		.uleb128 0x10
 649 019c 47000000 		.4byte	.LASF26
 650 01a0 03       		.byte	0x3
 651 01a1 45       		.byte	0x45
 652 01a2 00       		.byte	0
 653              		.section	.debug_abbrev,"",%progbits
 654              	.Ldebug_abbrev0:
 655 0000 01       		.uleb128 0x1
 656 0001 11       		.uleb128 0x11
 657 0002 01       		.byte	0x1
 658 0003 25       		.uleb128 0x25
 659 0004 0E       		.uleb128 0xe
 660 0005 13       		.uleb128 0x13
 661 0006 0B       		.uleb128 0xb
ARM GAS  C:\Users\Thomas\AppData\Local\Temp\ccYCNWbk.s 			page 29


 662 0007 03       		.uleb128 0x3
 663 0008 0E       		.uleb128 0xe
 664 0009 1B       		.uleb128 0x1b
 665 000a 0E       		.uleb128 0xe
 666 000b 55       		.uleb128 0x55
 667 000c 17       		.uleb128 0x17
 668 000d 11       		.uleb128 0x11
 669 000e 01       		.uleb128 0x1
 670 000f 10       		.uleb128 0x10
 671 0010 17       		.uleb128 0x17
 672 0011 00       		.byte	0
 673 0012 00       		.byte	0
 674 0013 02       		.uleb128 0x2
 675 0014 24       		.uleb128 0x24
 676 0015 00       		.byte	0
 677 0016 0B       		.uleb128 0xb
 678 0017 0B       		.uleb128 0xb
 679 0018 3E       		.uleb128 0x3e
 680 0019 0B       		.uleb128 0xb
 681 001a 03       		.uleb128 0x3
 682 001b 0E       		.uleb128 0xe
 683 001c 00       		.byte	0
 684 001d 00       		.byte	0
 685 001e 03       		.uleb128 0x3
 686 001f 24       		.uleb128 0x24
 687 0020 00       		.byte	0
 688 0021 0B       		.uleb128 0xb
 689 0022 0B       		.uleb128 0xb
 690 0023 3E       		.uleb128 0x3e
 691 0024 0B       		.uleb128 0xb
 692 0025 03       		.uleb128 0x3
 693 0026 08       		.uleb128 0x8
 694 0027 00       		.byte	0
 695 0028 00       		.byte	0
 696 0029 04       		.uleb128 0x4
 697 002a 16       		.uleb128 0x16
 698 002b 00       		.byte	0
 699 002c 03       		.uleb128 0x3
 700 002d 0E       		.uleb128 0xe
 701 002e 3A       		.uleb128 0x3a
 702 002f 0B       		.uleb128 0xb
 703 0030 3B       		.uleb128 0x3b
 704 0031 05       		.uleb128 0x5
 705 0032 49       		.uleb128 0x49
 706 0033 13       		.uleb128 0x13
 707 0034 00       		.byte	0
 708 0035 00       		.byte	0
 709 0036 05       		.uleb128 0x5
 710 0037 35       		.uleb128 0x35
 711 0038 00       		.byte	0
 712 0039 49       		.uleb128 0x49
 713 003a 13       		.uleb128 0x13
 714 003b 00       		.byte	0
 715 003c 00       		.byte	0
 716 003d 06       		.uleb128 0x6
 717 003e 13       		.uleb128 0x13
 718 003f 01       		.byte	0x1
ARM GAS  C:\Users\Thomas\AppData\Local\Temp\ccYCNWbk.s 			page 30


 719 0040 0B       		.uleb128 0xb
 720 0041 0B       		.uleb128 0xb
 721 0042 3A       		.uleb128 0x3a
 722 0043 0B       		.uleb128 0xb
 723 0044 3B       		.uleb128 0x3b
 724 0045 0B       		.uleb128 0xb
 725 0046 01       		.uleb128 0x1
 726 0047 13       		.uleb128 0x13
 727 0048 00       		.byte	0
 728 0049 00       		.byte	0
 729 004a 07       		.uleb128 0x7
 730 004b 0D       		.uleb128 0xd
 731 004c 00       		.byte	0
 732 004d 03       		.uleb128 0x3
 733 004e 0E       		.uleb128 0xe
 734 004f 3A       		.uleb128 0x3a
 735 0050 0B       		.uleb128 0xb
 736 0051 3B       		.uleb128 0x3b
 737 0052 0B       		.uleb128 0xb
 738 0053 49       		.uleb128 0x49
 739 0054 13       		.uleb128 0x13
 740 0055 38       		.uleb128 0x38
 741 0056 0B       		.uleb128 0xb
 742 0057 00       		.byte	0
 743 0058 00       		.byte	0
 744 0059 08       		.uleb128 0x8
 745 005a 16       		.uleb128 0x16
 746 005b 00       		.byte	0
 747 005c 03       		.uleb128 0x3
 748 005d 0E       		.uleb128 0xe
 749 005e 3A       		.uleb128 0x3a
 750 005f 0B       		.uleb128 0xb
 751 0060 3B       		.uleb128 0x3b
 752 0061 0B       		.uleb128 0xb
 753 0062 49       		.uleb128 0x49
 754 0063 13       		.uleb128 0x13
 755 0064 00       		.byte	0
 756 0065 00       		.byte	0
 757 0066 09       		.uleb128 0x9
 758 0067 2E       		.uleb128 0x2e
 759 0068 00       		.byte	0
 760 0069 3F       		.uleb128 0x3f
 761 006a 19       		.uleb128 0x19
 762 006b 03       		.uleb128 0x3
 763 006c 0E       		.uleb128 0xe
 764 006d 3A       		.uleb128 0x3a
 765 006e 0B       		.uleb128 0xb
 766 006f 3B       		.uleb128 0x3b
 767 0070 0B       		.uleb128 0xb
 768 0071 27       		.uleb128 0x27
 769 0072 19       		.uleb128 0x19
 770 0073 20       		.uleb128 0x20
 771 0074 0B       		.uleb128 0xb
 772 0075 00       		.byte	0
 773 0076 00       		.byte	0
 774 0077 0A       		.uleb128 0xa
 775 0078 2E       		.uleb128 0x2e
ARM GAS  C:\Users\Thomas\AppData\Local\Temp\ccYCNWbk.s 			page 31


 776 0079 00       		.byte	0
 777 007a 31       		.uleb128 0x31
 778 007b 13       		.uleb128 0x13
 779 007c 11       		.uleb128 0x11
 780 007d 01       		.uleb128 0x1
 781 007e 12       		.uleb128 0x12
 782 007f 06       		.uleb128 0x6
 783 0080 40       		.uleb128 0x40
 784 0081 18       		.uleb128 0x18
 785 0082 9742     		.uleb128 0x2117
 786 0084 19       		.uleb128 0x19
 787 0085 00       		.byte	0
 788 0086 00       		.byte	0
 789 0087 0B       		.uleb128 0xb
 790 0088 2E       		.uleb128 0x2e
 791 0089 01       		.byte	0x1
 792 008a 3F       		.uleb128 0x3f
 793 008b 19       		.uleb128 0x19
 794 008c 03       		.uleb128 0x3
 795 008d 0E       		.uleb128 0xe
 796 008e 3A       		.uleb128 0x3a
 797 008f 0B       		.uleb128 0xb
 798 0090 3B       		.uleb128 0x3b
 799 0091 0B       		.uleb128 0xb
 800 0092 27       		.uleb128 0x27
 801 0093 19       		.uleb128 0x19
 802 0094 11       		.uleb128 0x11
 803 0095 01       		.uleb128 0x1
 804 0096 12       		.uleb128 0x12
 805 0097 06       		.uleb128 0x6
 806 0098 40       		.uleb128 0x40
 807 0099 18       		.uleb128 0x18
 808 009a 9742     		.uleb128 0x2117
 809 009c 19       		.uleb128 0x19
 810 009d 01       		.uleb128 0x1
 811 009e 13       		.uleb128 0x13
 812 009f 00       		.byte	0
 813 00a0 00       		.byte	0
 814 00a1 0C       		.uleb128 0xc
 815 00a2 1D       		.uleb128 0x1d
 816 00a3 00       		.byte	0
 817 00a4 31       		.uleb128 0x31
 818 00a5 13       		.uleb128 0x13
 819 00a6 11       		.uleb128 0x11
 820 00a7 01       		.uleb128 0x1
 821 00a8 12       		.uleb128 0x12
 822 00a9 06       		.uleb128 0x6
 823 00aa 58       		.uleb128 0x58
 824 00ab 0B       		.uleb128 0xb
 825 00ac 59       		.uleb128 0x59
 826 00ad 0B       		.uleb128 0xb
 827 00ae 00       		.byte	0
 828 00af 00       		.byte	0
 829 00b0 0D       		.uleb128 0xd
 830 00b1 898201   		.uleb128 0x4109
 831 00b4 00       		.byte	0
 832 00b5 11       		.uleb128 0x11
ARM GAS  C:\Users\Thomas\AppData\Local\Temp\ccYCNWbk.s 			page 32


 833 00b6 01       		.uleb128 0x1
 834 00b7 31       		.uleb128 0x31
 835 00b8 13       		.uleb128 0x13
 836 00b9 00       		.byte	0
 837 00ba 00       		.byte	0
 838 00bb 0E       		.uleb128 0xe
 839 00bc 898201   		.uleb128 0x4109
 840 00bf 00       		.byte	0
 841 00c0 11       		.uleb128 0x11
 842 00c1 01       		.uleb128 0x1
 843 00c2 9542     		.uleb128 0x2115
 844 00c4 19       		.uleb128 0x19
 845 00c5 31       		.uleb128 0x31
 846 00c6 13       		.uleb128 0x13
 847 00c7 00       		.byte	0
 848 00c8 00       		.byte	0
 849 00c9 0F       		.uleb128 0xf
 850 00ca 34       		.uleb128 0x34
 851 00cb 00       		.byte	0
 852 00cc 03       		.uleb128 0x3
 853 00cd 0E       		.uleb128 0xe
 854 00ce 3A       		.uleb128 0x3a
 855 00cf 0B       		.uleb128 0xb
 856 00d0 3B       		.uleb128 0x3b
 857 00d1 0B       		.uleb128 0xb
 858 00d2 49       		.uleb128 0x49
 859 00d3 13       		.uleb128 0x13
 860 00d4 02       		.uleb128 0x2
 861 00d5 18       		.uleb128 0x18
 862 00d6 00       		.byte	0
 863 00d7 00       		.byte	0
 864 00d8 10       		.uleb128 0x10
 865 00d9 2E       		.uleb128 0x2e
 866 00da 00       		.byte	0
 867 00db 3F       		.uleb128 0x3f
 868 00dc 19       		.uleb128 0x19
 869 00dd 03       		.uleb128 0x3
 870 00de 0E       		.uleb128 0xe
 871 00df 3A       		.uleb128 0x3a
 872 00e0 0B       		.uleb128 0xb
 873 00e1 3B       		.uleb128 0x3b
 874 00e2 0B       		.uleb128 0xb
 875 00e3 27       		.uleb128 0x27
 876 00e4 19       		.uleb128 0x19
 877 00e5 3C       		.uleb128 0x3c
 878 00e6 19       		.uleb128 0x19
 879 00e7 00       		.byte	0
 880 00e8 00       		.byte	0
 881 00e9 00       		.byte	0
 882              		.section	.debug_aranges,"",%progbits
 883 0000 34000000 		.4byte	0x34
 884 0004 0200     		.2byte	0x2
 885 0006 00000000 		.4byte	.Ldebug_info0
 886 000a 04       		.byte	0x4
 887 000b 00       		.byte	0
 888 000c 0000     		.2byte	0
 889 000e 0000     		.2byte	0
ARM GAS  C:\Users\Thomas\AppData\Local\Temp\ccYCNWbk.s 			page 33


 890 0010 00000000 		.4byte	.LFB0
 891 0014 1C000000 		.4byte	.LFE0-.LFB0
 892 0018 00000000 		.4byte	.LFB1
 893 001c 1C000000 		.4byte	.LFE1-.LFB1
 894 0020 00000000 		.4byte	.LFB2
 895 0024 30000000 		.4byte	.LFE2-.LFB2
 896 0028 00000000 		.4byte	.LFB3
 897 002c 30000000 		.4byte	.LFE3-.LFB3
 898 0030 00000000 		.4byte	0
 899 0034 00000000 		.4byte	0
 900              		.section	.debug_ranges,"",%progbits
 901              	.Ldebug_ranges0:
 902 0000 00000000 		.4byte	.LFB0
 903 0004 1C000000 		.4byte	.LFE0
 904 0008 00000000 		.4byte	.LFB1
 905 000c 1C000000 		.4byte	.LFE1
 906 0010 00000000 		.4byte	.LFB2
 907 0014 30000000 		.4byte	.LFE2
 908 0018 00000000 		.4byte	.LFB3
 909 001c 30000000 		.4byte	.LFE3
 910 0020 00000000 		.4byte	0
 911 0024 00000000 		.4byte	0
 912              		.section	.debug_line,"",%progbits
 913              	.Ldebug_line0:
 914 0000 BE000000 		.section	.debug_str,"MS",%progbits,1
 914      02005800 
 914      00000201 
 914      FB0E0D00 
 914      01010101 
 915              	.LASF15:
 916 0000 72656731 		.ascii	"reg16\000"
 916      3600
 917              	.LASF21:
 918 0006 50315F52 		.ascii	"P1_RegD0_SaveConfig\000"
 918      65674430 
 918      5F536176 
 918      65436F6E 
 918      66696700 
 919              	.LASF28:
 920 001a 2E5C4765 		.ascii	".\\Generated_Source\\PSoC5\\P1_RegD0_PM.c\000"
 920      6E657261 
 920      7465645F 
 920      536F7572 
 920      63655C50 
 921              	.LASF11:
 922 0041 666C6F61 		.ascii	"float\000"
 922      7400
 923              	.LASF26:
 924 0047 50315F52 		.ascii	"P1_RegD0_Enable\000"
 924      65674430 
 924      5F456E61 
 924      626C6500 
 925              	.LASF3:
 926 0057 73686F72 		.ascii	"short unsigned int\000"
 926      7420756E 
 926      7369676E 
 926      65642069 
ARM GAS  C:\Users\Thomas\AppData\Local\Temp\ccYCNWbk.s 			page 34


 926      6E7400
 927              	.LASF19:
 928 006a 73617665 		.ascii	"saveSrA1Reg\000"
 928      53724131 
 928      52656700 
 929              	.LASF25:
 930 0076 50315F52 		.ascii	"P1_RegD0_Stop\000"
 930      65674430 
 930      5F53746F 
 930      7000
 931              	.LASF1:
 932 0084 756E7369 		.ascii	"unsigned char\000"
 932      676E6564 
 932      20636861 
 932      7200
 933              	.LASF14:
 934 0092 72656738 		.ascii	"reg8\000"
 934      00
 935              	.LASF5:
 936 0097 6C6F6E67 		.ascii	"long unsigned int\000"
 936      20756E73 
 936      69676E65 
 936      6420696E 
 936      7400
 937              	.LASF9:
 938 00a9 75696E74 		.ascii	"uint8\000"
 938      3800
 939              	.LASF30:
 940 00af 50315F52 		.ascii	"P1_RegD0_backup\000"
 940      65674430 
 940      5F626163 
 940      6B757000 
 941              	.LASF12:
 942 00bf 646F7562 		.ascii	"double\000"
 942      6C6500
 943              	.LASF29:
 944 00c6 433A5C55 		.ascii	"C:\\Users\\Thomas\\Documents\\PSoC Creator\\TASBot\\"
 944      73657273 
 944      5C54686F 
 944      6D61735C 
 944      446F6375 
 945 00f4 54415342 		.ascii	"TASBot.cydsn\000"
 945      6F742E63 
 945      7964736E 
 945      00
 946              	.LASF10:
 947 0101 75696E74 		.ascii	"uint16\000"
 947      313600
 948              	.LASF23:
 949 0108 50315F52 		.ascii	"P1_RegD0_Sleep\000"
 949      65674430 
 949      5F536C65 
 949      657000
 950              	.LASF24:
 951 0117 50315F52 		.ascii	"P1_RegD0_Wakeup\000"
 951      65674430 
 951      5F57616B 
ARM GAS  C:\Users\Thomas\AppData\Local\Temp\ccYCNWbk.s 			page 35


 951      65757000 
 952              	.LASF8:
 953 0127 756E7369 		.ascii	"unsigned int\000"
 953      676E6564 
 953      20696E74 
 953      00
 954              	.LASF7:
 955 0134 6C6F6E67 		.ascii	"long long unsigned int\000"
 955      206C6F6E 
 955      6720756E 
 955      7369676E 
 955      65642069 
 956              	.LASF16:
 957 014b 73697A65 		.ascii	"sizetype\000"
 957      74797065 
 957      00
 958              	.LASF6:
 959 0154 6C6F6E67 		.ascii	"long long int\000"
 959      206C6F6E 
 959      6720696E 
 959      7400
 960              	.LASF27:
 961 0162 474E5520 		.ascii	"GNU C 4.9.3 20150303 (release) [ARM/embedded-4_9-br"
 961      4320342E 
 961      392E3320 
 961      32303135 
 961      30333033 
 962 0195 616E6368 		.ascii	"anch revision 221220] -mcpu=cortex-m3 -mthumb -g -O"
 962      20726576 
 962      6973696F 
 962      6E203232 
 962      31323230 
 963 01c8 33202D66 		.ascii	"3 -ffunction-sections -finline-functions -flto -ffa"
 963      66756E63 
 963      74696F6E 
 963      2D736563 
 963      74696F6E 
 964 01fb 742D6C74 		.ascii	"t-lto-objects\000"
 964      6F2D6F62 
 964      6A656374 
 964      7300
 965              	.LASF13:
 966 0209 63686172 		.ascii	"char\000"
 966      00
 967              	.LASF22:
 968 020e 50315F52 		.ascii	"P1_RegD0_RestoreConfig\000"
 968      65674430 
 968      5F526573 
 968      746F7265 
 968      436F6E66 
 969              	.LASF2:
 970 0225 73686F72 		.ascii	"short int\000"
 970      7420696E 
 970      7400
 971              	.LASF4:
 972 022f 6C6F6E67 		.ascii	"long int\000"
 972      20696E74 
ARM GAS  C:\Users\Thomas\AppData\Local\Temp\ccYCNWbk.s 			page 36


 972      00
 973              	.LASF17:
 974 0238 656E6162 		.ascii	"enableState\000"
 974      6C655374 
 974      61746500 
 975              	.LASF0:
 976 0244 7369676E 		.ascii	"signed char\000"
 976      65642063 
 976      68617200 
 977              	.LASF20:
 978 0250 50315F52 		.ascii	"P1_RegD0_BACKUP_STRUCT\000"
 978      65674430 
 978      5F424143 
 978      4B55505F 
 978      53545255 
 979              	.LASF18:
 980 0267 73617665 		.ascii	"saveSrA0Reg\000"
 980      53724130 
 980      52656700 
 981              		.comm	__gnu_lto_v1,1,1
 982              		.ident	"GCC: (GNU Tools for ARM Embedded Processors) 4.9.3 20150303 (release) [ARM/embedded-4_9-br
