ARM GAS  C:\Users\Thomas\AppData\Local\Temp\ccjuoWfW.s 			page 1


   1              		.syntax unified
   2              		.cpu cortex-m3
   3              		.fpu softvfp
   4              		.eabi_attribute 20, 1
   5              		.eabi_attribute 21, 1
   6              		.eabi_attribute 23, 3
   7              		.eabi_attribute 24, 1
   8              		.eabi_attribute 25, 1
   9              		.eabi_attribute 26, 1
  10              		.eabi_attribute 30, 2
  11              		.eabi_attribute 34, 1
  12              		.eabi_attribute 18, 4
  13              		.thumb
  14              		.file	"P2_1_PM.c"
  15              		.text
  16              	.Ltext0:
  17              		.section	.gnu.lto_.profile.b949bcf7,"",%progbits
  18 0000 789C6366 		.ascii	"x\234cf```a\200\000F\006cY\000\000\367\000Y"
  18      60606061 
  18      80004606 
  18      63590000 
  18      F70059
  19              		.text
  20              		.section	.gnu.lto_.jmpfuncs.b949bcf7,"",%progbits
  21 0000 789C6366 		.ascii	"x\234cf\300\016\004\2404\013\0203100C\231\014\000\002"
  21      C00E04A0 
  21      340B1033 
  21      31303043 
  21      990C0002 
  22 0014 C70021   		.ascii	"\307\000!"
  23              		.text
  24              		.section	.gnu.lto_.inline.b949bcf7,"",%progbits
  25 0000 789C6366 		.ascii	"x\234cf\300\016\"\2404\013\003\003;\033#\003\023\307"
  25      C00E22A0 
  25      340B0303 
  25      3B1B2303 
  25      13C7
  26 0012 013B06B6 		.ascii	"\001;\006\266\005\362L 1&L!f\006\036\021\240\220@C-"
  26      05F24C20 
  26      31264C21 
  26      66061E11 
  26      A0904043 
  27 0027 5C88910B 		.ascii	"\\\210\221\013\254\235\233\027(\316\267!\027U\234\001"
  27      AC9D9B17 
  27      28CEB721 
  27      17559C01 
  28 0037 00917408 		.ascii	"\000\221t\010="
  28      3D
  29              		.text
  30              		.section	.gnu.lto_.pureconst.b949bcf7,"",%progbits
  31 0000 789C6366 		.ascii	"x\234cf``\340d\200\000\026\006)&)f)\026)\000\002\321"
  31      6060E064 
  31      80001606 
  31      29262966 
  31      29162900 
  32 0016 0082     		.ascii	"\000\202"
  33              		.text
ARM GAS  C:\Users\Thomas\AppData\Local\Temp\ccjuoWfW.s 			page 2


  34              		.section	.gnu.lto_P2_1_SaveConfig.b949bcf7,"",%progbits
  35 0000 789C8D91 		.ascii	"x\234\215\221\313+Da\030\306\337\347\2353\247\221\215"
  35      CB2B4461 
  35      18C6DFE7 
  35      9D33A791 
  35      8D
  36 0011 2C6D2C24 		.ascii	",m,$6\024\345/\260\260RS\266S\223\230-%\226r\216f1I"
  36      3614E52F 
  36      B0B05253 
  36      B6539398 
  36      2D259672 
  37 0029 8892722B 		.ascii	"\210\222r+\345:c\306ues\250)\033$\242fAj\204\215\\j"
  37      E53A63C6 
  37      756573A8 
  37      291B24A2 
  37      66416A84 
  38 0040 7492CBFB 		.ascii	"t\222\313\373\236\311%JN}\347;\337\367>\337\363\376"
  38      9EC9254A 
  38      4E7DE73B 
  38      DFF73EDF 
  38      F3FE
  39 0052 9EEFF8E8 		.ascii	"\236\357\370\350\367S\"\343\012D\3452\303G\340\241}"
  39      F75322E3 
  39      0A44E532 
  39      C347E0A1 
  39      7D
  40 0063 223BC080 		.ascii	"\";\300\200~\020\250\207\321\203\033\276g\0149\361\261"
  40      7E10A887 
  40      D1831BBE 
  40      670C39F1 
  40      B1
  41 0074 C28A59CB 		.ascii	"\302\212Y\313\262\356f\366\354\240\003\227\211\0369"
  41      B2EE66F6 
  41      ECA00397 
  41      891E39
  42 0083 EF837954 		.ascii	"\357\203yT\220\210\356\243/\247\205fTDE\371\032\026"
  42      9088EEA3 
  42      2FA78566 
  42      544445F9 
  42      1A16
  43 0095 608A3FA5 		.ascii	"`\212?\245\212\035\353\355\355qs;\007\223\311e\030\372"
  43      8A1DEBED 
  43      ED71733B 
  43      0793C965 
  43      18FA
  44 00a7 22CA8A48 		.ascii	"\"\312\212H[]2\353\354\313`'\327w;Z\240\347\236X\373"
  44      5B5D32EB 
  44      ECCB6027 
  44      D7773B5A 
  44      A0E79E58 
  45 00bc A6D327FD 		.ascii	"\246\323'\375|\315.sl\327\266\014\355r\236=8\014x[\244"
  45      7CCD2E73 
  45      6CD7B60C 
  45      ED729E3D 
  45      380C785B 
  46 00d1 CBB9CD74 		.ascii	"\313\271\315t\302?\211q;*L>,\242\004K\220d\210c\022"
  46      C23F8971 
ARM GAS  C:\Users\Thomas\AppData\Local\Temp\ccjuoWfW.s 			page 3


  46      3B2A4C3E 
  46      2CA2044B 
  46      90648863 
  47 00e6 9441EFF0 		.ascii	"\224A\357\360E\251\372\211t\352h \311\335\317V\314\012"
  47      45A9FA89 
  47      74EA6820 
  47      C9DDCF56 
  47      CC0A
  48 00f8 B86CBC28 		.ascii	"\270l\274(\341w?\303[.\330\321\011\250\237\245*?\022"
  48      E1773FC3 
  48      5B2ED8D1 
  48      09A89FA5 
  48      2A3F12
  49 010b E8C6B21A 		.ascii	"\350\306\262\032J\35551\270fV\305%\240S\351\262\211"
  49      4AED3531 
  49      B86656C5 
  49      25A053E9 
  49      B289
  50 011d A4081FBC 		.ascii	"\244\010\037\274K@\012UBL^\202\334G\002C\316L\317?\347"
  50      4B400A55 
  50      424C5E82 
  50      DC470243 
  50      CE4CCF3F 
  51 0132 038C7D04 		.ascii	"\003\214}\004\230\333:\036)\370\"^\371$^\375'\361O\304"
  51      98DB3A1E 
  51      29F8225E 
  51      F9245EFD 
  51      27F14FC4 
  52 0146 B53F10D7 		.ascii	"\265?\020\327=D\375\011\330PD\203\316`;O~m\240\340Y"
  52      3D44FD09 
  52      D8504483 
  52      CE603B4F 
  52      7E6DA0E0 
  53 015b A9C9D58B 		.ascii	"\251\311\325\213sYu\250!\322\026\351h\356\214\264\206"
  53      735975A8 
  53      21D216E9 
  53      68EE8CB4 
  53      86
  54 016c 9BDABB3A 		.ascii	"\233\332\273:Z\"\241`S{}](X\033\256\011\007\033\253"
  54      5A22A160 
  54      537B7D5D 
  54      28581BAE 
  54      09071BAB 
  55 0180 5BE81D84 		.ascii	"[\350\035\2045\272\236"
  55      35BA9E
  56              		.text
  57              		.section	.gnu.lto_P2_1_RestoreConfig.b949bcf7,"",%progbits
  58 0000 789C7590 		.ascii	"x\234u\220\313K\002Q\030\305\277\363\3158\030m\242U"
  58      CB4B0251 
  58      18C5BFF3 
  58      CD38186D 
  58      A255
  59 0012 B88D7011 		.ascii	"\270\215p\021\011\005\375\005A\255\002\243\255 a\263"
  59      0905FD05 
  59      41AD02A3 
  59      AD2061B3 
  60 0022 2D885A86 		.ascii	"-\210Z\20631\201\213(\253M\320k\225Z\232\366\336\264"
ARM GAS  C:\Users\Thomas\AppData\Local\Temp\ccjuoWfW.s 			page 4


  60      3331818B 
  60      28AB4DD0 
  60      6B955A9A 
  60      F6DEB4
  61 0035 114168A5 		.ascii	"\021Ah\245DRTP\033\203\332e.b\220\036\367\216T\364\272"
  61      44525450 
  61      1B83DA65 
  61      2E62901E 
  61      F78E54F4 
  62 004a 709FDFB9 		.ascii	"p\237\337\271\347\374\356U\350w\363\210~\011\24261C"
  62      E7FCEE55 
  62      E877F388 
  62      7E09A236 
  62      3143
  63 005c 2170B440 		.ascii	"!p\264@d\272\031\220\013\002\205\031a<p\205\021\315"
  63      64BA1990 
  63      0B028519 
  63      613C7085 
  63      11CD
  64 006e 26971ABD 		.ascii	"&\227\032\275\033\206a<\346\366[\246[l&\252r\335\006"
  64      1B86613C 
  64      E6F65BA6 
  64      5B6C26AA 
  64      72DD06
  65 0081 71784968 		.ascii	"qxIh*\326\313E\243f\011MS\275\206\0044aO\231\346\254"
  65      2AD6CB45 
  65      A366094D 
  65      53BD8604 
  65      34614F99 
  66 0097 F1F6562D 		.ascii	"\361\366V-\314'\332\2411\331\014U\016De\241\222Qw\314"
  66      CC27DAA1 
  66      31D90C55 
  66      0E4465A1 
  66      925177CC 
  67 00ab 7256AE30 		.ascii	"rV\2560uT)\016\310{\317,c\327\316f\323<Y3\"\206\333"
  67      7554290E 
  67      C87BCF2C 
  67      63D7CE66 
  67      D33C5933 
  68 00c2 667E91A6 		.ascii	"f~\221\246\342\364\266\\<u\337\2638q\266\011\323Z\301"
  68      E2F4B65C 
  68      3C75DFB3 
  68      3871B609 
  68      D35AC1
  69 00d5 2A964D43 		.ascii	"*\226MC\252\024lb\022[\3608\265\327\324\334\236\326"
  69      AA146C62 
  69      125BF038 
  69      B5D7D4DC 
  69      9ED6
  70 00e7 D16EB38A 		.ascii	"\321n\263\212\244\320<9\310H\241\203\256\220[\200L\022"
  70      A4D03C39 
  70      C848A183 
  70      AE905B80 
  70      4C12
  71 00f9 AA7CFE7C 		.ascii	"\252|\376|\206\245\241+rb\032\352\267\014\227\343\023"
  71      86A5A12B 
  71      72621AEA 
ARM GAS  C:\Users\Thomas\AppData\Local\Temp\ccjuoWfW.s 			page 5


  71      B70C97E3 
  71      13
  72 010a 3BCCA75C 		.ascii	";\314\247\\2\303\202\315\032\266\341AZF #\\\005+I\364"
  72      32C382CD 
  72      1AB6E141 
  72      5A462023 
  72      5C052B49 
  73 011f F912EAE8 		.ascii	"\371\022\352\350\352\277\350?Yw\376f\335uX\345\337a"
  73      EABFE83F 
  73      5977FE66 
  73      DD7558E5 
  73      DF61
  74 0131 EF07EB7A 		.ascii	"\357\007\353z\274VG]\372@\215\035\227\026\033\276\330"
  74      BC56475D 
  74      FA408D1D 
  74      97161BBE 
  74      D8
  75 0142 F63FD90E 		.ascii	"\366?\331\016\0346\225n`f\257{\345}\371\372\262\360"
  75      1C36956E 
  75      6066AF7B 
  75      E57DF9FA 
  75      B2F0
  76 0154 159F2D80 		.ascii	"\025\237-\200Z}\201>}D\037\033\032\327\207\203\203\243"
  76      5A7D813E 
  76      7D441F1B 
  76      1AD78783 
  76      83A3
  77 0166 1363213D 		.ascii	"\023c!=\340\037\034\355\351\016\370\273\202\235A\177"
  77      E01F1CED 
  77      E90EF8BB 
  77      829D417F 
  78 0176 BF2F44EF 		.ascii	"\277/D\357J/\260\231"
  78      4A2FB099 
  79              		.text
  80              		.section	.gnu.lto_P2_1_Sleep.b949bcf7,"",%progbits
  81 0000 789C9592 		.ascii	"x\234\225\222MHTQ\024\307\317\377\316\2337_\012\321"
  81      4D485451 
  81      14C7CFFF 
  81      CE9B375F 
  81      0AD1
  82 0012 4A5CD422 		.ascii	"J\\\324\"\3026\012\005\321\262E\013W\301\200\333\001"
  82      C2360A05 
  82      D1B2450B 
  82      57C180DB 
  82      01
  83 0023 099B4D8B 		.ascii	"\011\233M\213\004\251\345\340{\316D\022V6\224\015\325"
  83      04A9E5E0 
  83      7BCE4412 
  83      5636940D 
  83      D5
  84 0034 E4CA8F1A 		.ascii	"\344\312\217\032S\033\313>&s\210dZ\031\025\024\210L"
  84      531BCB3E 
  84      26738864 
  84      5A191514 
  84      884C
  85 0046 08065390 		.ascii	"\010\006S\2204\015L=D\355\234\3732l\304\240\007\357"
  85      340D4C3D 
ARM GAS  C:\Users\Thomas\AppData\Local\Temp\ccjuoWfW.s 			page 6


  85      44ED9CFB 
  85      326CC4A0 
  85      07EF
  86 0058 7EFEEF39 		.ascii	"~\376\3579\277\373?\327C\333\277F\376Oy\210\366s\017"
  86      BFFB3FD7 
  86      43DBBF46 
  86      FE4F7988 
  86      F6730F
  87 006b 0F41F5CF 		.ascii	"\017A\365\317\023\331~\005\310\200@\335\012\335\370"
  87      13D97E05 
  87      C88040DD 
  87      0ADDF8
  88 007a ACCA0AFD 		.ascii	"\254\312\012\375\371L*\3244dY\326\267d\256\341\\\203"
  88      F94C2AD4 
  88      346459D6 
  88      B764AEE1 
  88      5C83
  89 008c A3882ACA 		.ascii	"\243\210*\312\015\203\0214\021k\312\211\265\017!3\301"
  89      0D831134 
  89      116BCA89 
  89      B50F2133 
  89      C1
  90 009d 9A5DEE1E 		.ascii	"\232]\356\036Fa\202\373\211\335ykcc\352\353\225\322"
  90      466182FB 
  90      89DD796B 
  90      6363EAEB 
  90      95D2
  91 00af 11D4811C 		.ascii	"\021\324\201\034\305\311\2701\270Q^\031\005\270\361"
  91      C5C9B831 
  91      B8515E19 
  91      05B8F1
  92 00be 04A5215A 		.ascii	"\004\245!Z\346\223\222\376\223R\322{\026\360\242z\241"
  92      E69392FE 
  92      9352D27B 
  92      16F0A27A 
  92      A1
  93 00cf 989E8444 		.ascii	"\230\236\204D\373\241<\234\350Fyh\270\276\244\034e8"
  93      FBA13C9C 
  93      E8467968 
  93      B8BEA41C 
  93      6538
  94 00e1 AF6CCB90 		.ascii	"\257l\313\220\334\037\227_\277\361\353%\222\351b\352"
  94      DC1F975F 
  94      BFF1EB25 
  94      92E962EA 
  95 00f1 DA4595C6 		.ascii	"\332E\225\306M;\001Gyq\007\215\270\013\276.2H\203\026"
  95      4D3B0147 
  95      7971078D 
  95      B80BBE2E 
  95      32488316 
  96 0105 10FF69BA 		.ascii	"\020\377i\272\341\340F,\244KYC\216\003\2041V\262${\376"
  96      E1E0462C 
  96      A44B5943 
  96      8E038431 
  96      56B2247B 
  97 011a A5E18A0C 		.ascii	"\245\341\212\014\326\261\310\036\316\365\371\264\210"
  97      D6B1C81E 
ARM GAS  C:\Users\Thomas\AppData\Local\Temp\ccjuoWfW.s 			page 7


  97      CEF5F9B4 
  97      88
  98 0127 03DDD3A2 		.ascii	"\003\335\323\242\236\242\317\225xY%\363\344\322\036"
  98      9EA2CF95 
  98      785925F3 
  98      E4D21E
  99 0136 5960F5ED 		.ascii	"Y`\365\355w\227\306Ul\325\352\265\374\2162\327\304\217"
  99      7797C655 
  99      6CD5EAB5 
  99      FC8E32D7 
  99      C48F
 100 0148 AD9CA69E 		.ascii	"\255\234\246\236\216\332\211[\020NKT>\214#\206\011\001"
 100      8EDA895B 
 100      104E4B54 
 100      3E8C2386 
 100      0901
 101 015a E5BDF5B1 		.ascii	"\345\275\365\261\313Y\2639\303v\346\0178\312\217I\026"
 101      CB59B339 
 101      C376E60F 
 101      38CA8F49 
 101      16
 102 016b 7ED796E3 		.ascii	"~\327\226\343>\2329%-\"\236\317\025\224$\244\332\214"
 102      3E9A3925 
 102      2D229ECF 
 102      159424A4 
 102      DA8C
 103 017d 818AC6CC 		.ascii	"\201\212\306\314\"\306\266\006I\273\2702\020\370\253"
 103      22C6B606 
 103      49BBB832 
 103      10F8AB
 104 018c 4CF99982 		.ascii	"L\371\231\202\322E\252\260\3275\005\304\024\007%<\220"
 104      D245AAB0 
 104      D73505C4 
 104      1407253C 
 104      90
 105 019d CBC9A9B9 		.ascii	"\313\311\251\271\271\367}J\300C\275\333<\017i\336\352"
 105      B9F77D4A 
 105      C043BDDB 
 105      3C0F69DE 
 105      EA
 106 01ae E0FCF590 		.ascii	"\340\374\365\220\334\345\252\315\371\353\360\220M\237"
 106      DCE5AACD 
 106      F9EBF090 
 106      4D9F
 107 01bc D6A63F72 		.ascii	"\326\246?rM\357I\226\247\217J\304\035\335\251\265\343"
 107      4DEF4996 
 107      A78F4AC4 
 107      1DDDA9B5 
 107      E3
 108 01cd F18E76D4 		.ascii	"\361\216v\324\343\211\266\003.(\236\212#\001\367\232"
 108      E389B603 
 108      2E289E8A 
 108      2301F79A 
 109 01dd D58180CB 		.ascii	"\325\201\200\313\035\344c\203#\253.vj\023;\376\366\313"
 109      1DE46383 
 109      23AB2E76 
 109      6A133BFE 
ARM GAS  C:\Users\Thomas\AppData\Local\Temp\ccjuoWfW.s 			page 8


 109      F6CB
 110 01ef BAB18533 		.ascii	"\272\261\2053\367\207\363\331&\347\322\336\377\302\234"
 110      F787F3D9 
 110      26E7D2DE 
 110      FFC29C
 111 01fe F907E673 		.ascii	"\371\007\346s\215\251~c\316\012f\220\212\260\363\263"
 111      8DA97E63 
 111      CE0A6690 
 111      8AB0F3B3 
 112 020e ADBA6E24 		.ascii	"\255\272n$/\036\362\3229\370\276\226Hk\364t\264\353"
 112      2F1EF2D2 
 112      39F8BE96 
 112      486BF474 
 112      B4EB
 113 0220 C499E8C9 		.ascii	"\304\231\350\311\366\266\316\263]\035\321H\270\255\363"
 113      F6B6CEB3 
 113      5D1DD148 
 113      B8ADF3
 114 022f D8E148F8 		.ascii	"\330\341H\370P\373\301\366\360\361\226\016\372\005\225"
 114      50FBC1F6 
 114      F0F1960E 
 114      FA0595
 115 023e B440BF   		.ascii	"\264@\277"
 116              		.text
 117              		.section	.gnu.lto_P2_1_Wakeup.b949bcf7,"",%progbits
 118 0000 789C8D92 		.ascii	"x\234\215\222\317KTQ\024\307\317\367\276\353{\343\214"
 118      CF4B5451 
 118      14C7CFF7 
 118      BEEB7BE3 
 118      8C
 119 0011 8B68252E 		.ascii	"\213h%.f\023\345\"4*\372\013Z\004A0\341v`\010\233m\202"
 119      6613E522 
 119      342AFA0B 
 119      5A044130 
 119      E1766008 
 120 0028 D472F03E 		.ascii	"\324r\360>g\202YH\331 (\224M\233\322\032\323\306\312"
 120      67825948 
 120      D9202894 
 120      4D9BD21A 
 120      D3C6CA
 121 003b 6ADC3C22 		.ascii	"j\334<\"#Z(\366\303P\2426\006\325\252i \031D\355\234"
 121      235A28F6 
 121      C350A236 
 121      06D5AA69 
 121      201944ED 
 122 0050 FBFAE558 		.ascii	"\373\372\345X\320\203\373\356\273\347~\357\367\373\271"
 122      D083FBEE 
 122      BBE77EEF 
 122      F7FBB9
 123 005f BCE3D0CE 		.ascii	"\274\343\320\316\3470\217eE\264\227g4\021\324\340<\221"
 123      E7308F65 
 123      45B49767 
 123      3411D4E0 
 123      3C91
 124 0071 1F51CAA9 		.ascii	"\037Q\312\251\304\311D\365\322\0012-\016tX\326\200|"
 124      C4C944F5 
 124      D201322D 
ARM GAS  C:\Users\Thomas\AppData\Local\Temp\ccjuoWfW.s 			page 9


 124      0E7458D6 
 124      807C
 125 0083 10A84F39 		.ascii	"\020\250O9\032}\370\244\252\012\203Ai$\326~\335\030"
 125      1A7DF8A4 
 125      AA0A8341 
 125      6924D67E 
 125      DD18
 126 0095 F3A57FB1 		.ascii	"\363\245\177\261\365|k\235\375j*\364\307\030\332\211"
 126      F57C6B9D 
 126      FD6A2AF4 
 126      C718DA89 
 127 00a5 35D5DCC6 		.ascii	"5\325\334\306\233\230\233c\315\256p\017\343p\301\363"
 127      9B989B63 
 127      CDAE700F 
 127      E370C1F3 
 128 00b5 D4EEC06C 		.ascii	"\324\356\300lm\325\236\024\362\373T\263\246\272\202"
 128      6DD59E14 
 128      F2FB54B3 
 128      A6BA82
 129 00c4 CB2FE5C9 		.ascii	"\313/\345\311\213h\225\207$~\340\005\317\316\012\372"
 129      8B689587 
 129      247EE005 
 129      CFCE0AFA 
 130 00d4 67AA0B27 		.ascii	"g\252\013'\267\031\006CQ\353VShL\302Mv#\334\202\273"
 130      B7190643 
 130      51EB5653 
 130      684CC24D 
 130      7623DC82 
 131 00e9 A65CDEBB 		.ascii	"\246\\\336\273\372\362\302\244\312\254\233\274\211\324"
 131      FAF2C2A4 
 131      CAAC9BBC 
 131      89D4
 132 00f7 95B3211C 		.ascii	"\225\263!\034\\}\277\272\260\030\371\250\270b\227\343"
 132      5C7DBFBA 
 132      B018F9A8 
 132      B86297E3 
 133 0107 7EEE0A46 		.ascii	"~\356\012Fq\3317\242\322(!\203\011\264\331\275\315\211"
 133      71D937A2 
 133      D2282183 
 133      09B4D9BD 
 133      CD89
 134 0119 8BD36E47 		.ascii	"\213\323nG\211\315\257\025\235\272j\302mV~e\037\233"
 134      89CDAF15 
 134      9DBA6AC2 
 134      6D567E65 
 134      1F9B
 135 012b 844974D0 		.ascii	"\204It\320\012\036\027 \221,\237\233[\032P\342\354\346"
 135      0A1E1720 
 135      912C9F9B 
 135      5B1A50E2 
 135      ECE6
 136 013d 9FF9466F 		.ascii	"\237\371Fo\013s\255\341\267\342\374pL\302\206|\016\363"
 136      0B73ADE1 
 136      B7E2FC70 
 136      4CC2867C 
 136      0EF3
 137 014f 308536DC 		.ascii	"0\2056\334\2210\224\331\231\251I\256|\351\025\302Kx"
ARM GAS  C:\Users\Thomas\AppData\Local\Temp\ccjuoWfW.s 			page 10


 137      913094D9 
 137      99A949AE 
 137      7CE915C2 
 137      4B78
 138 0161 FFBC4423 		.ascii	"\377\274D#\365\364\016\352\375\302{\327\362\342\007"
 138      F5F40EEA 
 138      FDC27BD7 
 138      F2E207
 139 0170 EFBD06DE 		.ascii	"\357\275\006\336\342\330z\210;\362\0237\373\342\363"
 139      E2D87A88 
 139      3BF21337 
 139      FBE2F3
 140 017f A6FE83EF 		.ascii	"\246\376\203\357\376/\276\031\313\347Y\276\362\323\202"
 140      FE2FBE19 
 140      CBE759BE 
 140      F2D382
 141 018e 27BF604D 		.ascii	"'\277`M\351\377\006|\3607\300\010\036Z@\333!\217\230"
 141      E9FF067C 
 141      F037C008 
 141      1E5A40DB 
 141      218F98
 142 01a1 EE3572CB 		.ascii	"\3565r\313\331\370oo\377\306\354\200'\210\334;\250\310"
 142      D9F86F6F 
 142      FFC6EC80 
 142      2788DC3B 
 142      A8C8
 143 01b3 7192EE70 		.ascii	"q\222\356p\250\022w\336\"\033\214>o\02115b4\327\304"
 143      A81277DE 
 143      221B8C3E 
 143      6F113135 
 143      6234D7C4 
 144 01c7 13B3C870 		.ascii	"\023\263\310pcE\355\031m;\352\035\374\240|\334\236!"
 144      6345ED19 
 144      6D3BEA1D 
 144      FCA07CDC 
 144      9E21
 145 01d9 E9374895 		.ascii	"\3517H\225\245{:\223\307\322g\322\275\247\316\246O\247"
 145      A57B3A93 
 145      C7D267D2 
 145      BDA7CEA6 
 145      4FA7
 146 01eb BA7ACEF5 		.ascii	"\272z\316\365v\247\223\211\256\236\243G\222\211C\251"
 146      76A79389 
 146      AE9EA347 
 146      928943A9 
 147 01fb 83A9C489 		.ascii	"\203\251\304\211\316n\372\016n\234\013:"
 147      CE6EFA0E 
 147      6E9C0B3A 
 148              		.text
 149              		.section	.gnu.lto_.symbol_nodes.b949bcf7,"",%progbits
 150 0000 789C55C8 		.ascii	"x\234U\310A\015\2000\020\005\321\351n\267A\020\332\270"
 150      410D8030 
 150      1005D1E9 
 150      6EB74110 
 150      DAB8
 151 0012 FE4A4001 		.ascii	"\376J@\001\251\011\034p\306\003\011:\010$p(s{\343\300"
 151      A9091C70 
ARM GAS  C:\Users\Thomas\AppData\Local\Temp\ccjuoWfW.s 			page 11


 151      C603093A 
 151      08247028 
 151      737BE3C0 
 152 0026 C49725C1 		.ascii	"\304\227%\301\274\203\304\322\006\002\232\311\315\224"
 152      BC83C4D2 
 152      06029AC9 
 152      CD94
 153 0034 FA6D2EFB 		.ascii	"\372m.\3739\313{\247P~M\255\017\213\242\243{\260\035"
 153      39CB7BA7 
 153      507E4DAD 
 153      0F8BA2A3 
 153      7BB01D
 154 0047 57F25C38 		.ascii	"W\362\\8\327\221\033\317\310\035\246"
 154      D7911BCF 
 154      C81DA6
 155              		.text
 156              		.section	.gnu.lto_.refs.b949bcf7,"",%progbits
 157 0000 789C25C8 		.ascii	"x\234%\310\321\011\000 \014\304\320\244WA\\\304\375"
 157      D1090020 
 157      0CC4D0A4 
 157      57415CC4 
 157      FD
 158 0011 371469BE 		.ascii	"7\024i\276\036\011p\231\012-\355\372\300$\272t\353I"
 158      1E097099 
 158      0A2DEDFA 
 158      C024BA74 
 158      EB49
 159 0023 CFC2C503 		.ascii	"\317\302\305\003\015{\000w"
 159      0D7B0077 
 160              		.text
 161              		.section	.gnu.lto_.decls.b949bcf7,"",%progbits
 162 0000 789C8D54 		.ascii	"x\234\215TmL\223W\024~Oo\277[\321\314D\015\277\032L"
 162      6D4C9357 
 162      147E4F6F 
 162      BF5BD1CC 
 162      440DBF1A 
 163 0015 C8B61823 		.ascii	"\310\266\030#&#\376Y\246\222\305\037fK#\232\375\220"
 163      2623FE59 
 163      A692C51F 
 163      664B239A 
 163      FD90
 164 0027 84217BC7 		.ascii	"\204!{\307\214\2062\204%\376\273\002\223\2120\205\350"
 164      8C863284 
 164      25FEBB02 
 164      938A3085 
 164      E8
 165 0038 A84C4D0D 		.ascii	"\250LM\015\"~v\250T\251\037\243:E\204\361\2412\264\210"
 165      227E76A8 
 165      54A91FA3 
 165      3A4584F1 
 165      A132B488 
 166 004c 8805339C 		.ascii	"\210\0053\234_usS\247\263;\367\274o\355[\003\316\233"
 166      5F757353 
 166      A7B33BF7 
 166      BC6FED5B 
 166      03CE9B
 167 005f 9CF6DEFB 		.ascii	"\234\366\336\373>\3479\317=\367\334\303$Ij\006I\212"
ARM GAS  C:\Users\Thomas\AppData\Local\Temp\ccjuoWfW.s 			page 12


 167      3EE739CF 
 167      3DF7DCC3 
 167      24496A06 
 167      498A
 168 0071 E2B86292 		.ascii	"\342\270b\222\244\024\234\033p\317)\305\207\021\355"
 168      A4149C1B 
 168      70CF29C5 
 168      8711ED
 169 0080 209A0FAD 		.ascii	" \232\017\255\011\355\210\360A;\206\206p\351\262\224"
 169      09ED88F0 
 169      413B8686 
 169      70E9B294 
 170 0090 3804D6A4 		.ascii	"8\004\326\244r8\320\256\241]E\013\241\365\240\265\241"
 170      7238D0AE 
 170      A15D450B 
 170      A1F5A0B5 
 170      A1
 171 00a1 E9D02EA2 		.ascii	"\351\320.\242u\251\034\007'\340\362\275\306\245\345"
 171      75A91C07 
 171      27E0F2BD 
 171      C6A5E5
 172 00b0 1840EB1F 		.ascii	"\030@\353\037\207\3137\001\227\320\236\244rMC\273\241"
 172      87CB3701 
 172      97D09EA4 
 172      724D43BB 
 172      A1
 173 00c1 728EA285 		.ascii	"r\216\242\2055\334\247\321n\243\355\323h\027\361\030"
 173      35DCA7D1 
 173      6EA3EDD3 
 173      6817F118 
 174 00d1 5A872616 		.ascii	"Z\207&\026S9\233\337\240_\344\312\246\2119\321\031\264"
 174      53399BDF 
 174      A05FE4CA 
 174      A68939D1 
 174      19B4
 175 00e3 31992646 		.ascii	"1\231&F\207\272>\242\236k\242\234?\322A\300\367\270"
 175      87BA3EA2 
 175      9E6BA29C 
 175      3FD241C0 
 175      F7B8
 176 00f5 CB36A683 		.ascii	"\3136\246\203$\253C,O\324\264{\214\270\264[\365by\362"
 176      24AB432C 
 176      4FD4B47B 
 176      8CB8B45B 
 176      F56279F2 
 177 0109 79B84F3F 		.ascii	"y\270O?}+\307\261\271\224O\321\203s\0324B2\354\205d"
 177      7D2BC7B1 
 177      B9944FD1 
 177      83731A34 
 177      4232EC85 
 178 011e 64DC07D3 		.ascii	"d\334\007\323\361w\271^a\332\341\257\334\004L\007b^"
 178      F177B95E 
 178      61DAE1AF 
 178      DC044C07 
 178      625E
 179 0130 EFB9D567 		.ascii	"\357\271\325g\235\265\037\335\334<\330\253\213\207\253"
 179      9DB51FDD 
ARM GAS  C:\Users\Thomas\AppData\Local\Temp\ccjuoWfW.s 			page 13


 179      DC3CD8AB 
 179      8B87AB
 180 013f EAEE2CD3 		.ascii	"\352\356,\3239v\362\341\246H\240/d\347\355<\030\215"
 180      3976F2E1 
 180      A648A02F 
 180      64E7ED3C 
 180      188D
 181 0151 B6722032 		.ascii	"\266r 2\330\017\014\016\300,\201\025sr\202\203\340@"
 181      D80F0C0E 
 181      C02C8115 
 181      73728283 
 181      E040
 182 0163 477FD5D6 		.ascii	"G\177\325\326'v\366!\261\357\250\374\267\304@$\336\355"
 182      2776F621 
 182      B1EFA8FC 
 182      B7C44024 
 182      DEED
 183 0175 F5C61805 		.ascii	"\365\306\030\0051\034\3220\034\2121\370\210\341~\347"
 183      311CD230 
 183      1C8A31F8 
 183      88E17EE7 
 184 0185 F12D26E6 		.ascii	"\361-&\346$\206\216=\033\333\255\310\340m\362\206T\206"
 184      24868E3D 
 184      1BDBADC8 
 184      E06DF286 
 184      5486
 185 0197 8FC8FF47 		.ascii	"\217\310\377G\215\377\2171\377&\362\257~\332\323d`\313"
 185      8DFF8F31 
 185      FF26F2AF 
 185      7EDAD364 
 185      60CB
 186 01a9 C9FF65B9 		.ascii	"\311\377e\271?bW\374\335\015Z\377\303\032\377\3031\377"
 186      3F6257FC 
 186      DD0D5AFF 
 186      C31AFFC3 
 186      31FF
 187 01bb 23E43FF0 		.ascii	"#\344?\360p\3039\013\313#\377;\275\203\003\224\006\036"
 187      70C3390B 
 187      CB23FF3B 
 187      BD830394 
 187      061E
 188 01cd B933129E 		.ascii	"\2713\022\236\267\215\357*\341/\243Q5\015G5$Gc$\315"
 188      B78DEF2A 
 188      E12FA351 
 188      350D4735 
 188      24476324 
 189 01e2 44B2A92E 		.ascii	"D\262\251.28\231\325\000\2614T\324U\350\211\305[U\277"
 189      323899D5 
 189      00B13454 
 189      D455E889 
 189      C55B55BF 
 190 01f6 DEA191E1 		.ascii	"\336\241\221\341\3270\370c\014\307\210\341\346\223\233"
 190      D730F863 
 190      0CC788E1 
 190      E6939B
 191 0205 674D74E1 		.ascii	"gMt\341s\004G\315\267--It\341F\261l\015\225m3\261\235"
 191      730447CD 
ARM GAS  C:\Users\Thomas\AppData\Local\Temp\ccjuoWfW.s 			page 14


 191      B72D2D49 
 191      74E146B1 
 191      6C0D956D 
 192 021c 0A7F7F6B 		.ascii	"\012\177\177ky\271\231\035V\026\353\366\234\254\024"
 192      79B9991D 
 192      5616EBF6 
 192      9CAC14
 193 022b 7ED3AC74 		.ascii	"~\323\254t\221\337u\326\235a\264\214\212\317\272Ph\313"
 193      91DF75D6 
 193      9D61B48C 
 193      8ACFBA50 
 193      68CB
 194 023d 3306D654 		.ascii	"3\006\326T7\347%<R\303\331\014\011f%\303{\311\022\374"
 194      37E7253C 
 194      52C3D90C 
 194      096625C3 
 194      7BC912FC 
 195 0251 04A90823 		.ascii	"\004\251\010#=p\022\213\347\024\026\317n,\215\310\303"
 195      3D70128B 
 195      E71416CF 
 195      6E2C8DC8 
 195      C3
 196 0262 F3FB1797 		.ascii	"\363\373\027\227\362\371p\032\254p\342\225b\212\240"
 196      F2F9701A 
 196      AC70E295 
 196      628AA0
 197 0271 964BABEF 		.ascii	"\226K\253\357\212\307\314\256+\012:\303O\377\264\223"
 197      8AC7CCAE 
 197      2B0A3AC3 
 197      4FFFB493 
 198 0281 F2296259 		.ascii	"\362)bYw\365\366cF\312uT\024\177<8ea\277%\212u(bk\357"
 198      77F5F663 
 198      46CA7554 
 198      147F3C38 
 198      6561BF25 
 199 029b 3E6D36D3 		.ascii	">m6\3232\032eB\355\363\021_\243\021R\255B\206\367\300"
 199      321A6542 
 199      EDF3115F 
 199      A31152AD 
 199      4286F7C0 
 200 02af 24803694 		.ascii	"$\2006\224p6.\301\241J\240\323\360Rn\330\233$A\020\265"
 200      70362EC1 
 200      A14AA0D3 
 200      F0526ED8 
 200      9B244110 
 201 02c4 9F41ED70 		.ascii	"\237A\355p\036\017\344P\017\3643n\236\303M\214r\252"
 201      1E0FE450 
 201      0FF4336E 
 201      9EC34D8C 
 201      72AA
 202 02d6 A3FD9189 		.ascii	"\243\375\221\211=P\024\274h)-\325\261\177ha8\327\343"
 202      3D5014BC 
 202      68292DD5 
 202      B17F6861 
 202      38D7E3
 203 02e9 AFD2434A 		.ascii	"\257\322CJ\312\324\324\024/2F\356\224\376\220\344\341"
 203      CAD4D414 
ARM GAS  C:\Users\Thomas\AppData\Local\Temp\ccjuoWfW.s 			page 15


 203      2F3246EE 
 203      94FE90E4 
 203      E1
 204 02fa DE334ADC 		.ascii	"\3363J\334\013\030\267\023\246\306\371\337\025\217+"
 204      0B18B713 
 204      A6C6F9DF 
 204      158F2B
 205 0309 289E9824 		.ascii	"(\236\230$\340\303\277\037\313\012\256c\224\246V\025"
 205      E0C3BF1F 
 205      CB0AAE63 
 205      94A65615 
 206 0319 ABA69690 		.ascii	"\253\246\226\220\357\013`5\275Q\316\347\027Jp\034\211"
 206      EF0B6035 
 206      BD51CEE7 
 206      174A701C 
 206      89
 207 032a 5AE8850A 		.ascii	"Z\350\205\012(\312\204_Pq\007\244\300E\264.H\241\263"
 207      28CA845F 
 207      507107A4 
 207      C045B42E 
 207      48A1B3
 208 033d 89B30F8F 		.ascii	"\211\263\017\217\3155\013\220\024\253\026eP\324\373"
 208      CD350B90 
 208      14AB1665 
 208      50D4FB
 209 034c 2D9F074B 		.ascii	"-\237\007K\030)l\037Wa#)\304l\226\224\215\015\332 u"
 209      18296C1F 
 209      57612329 
 209      C46C9694 
 209      8D0DDA20 
 210 0361 2A313E37 		.ascii	"*1>7\002\364 6\020\317\246\010@c<\221\320\215\332\336"
 210      02F42036 
 210      10CFA608 
 210      40633C91 
 210      D08DDADE 
 211 0375 A453B4A1 		.ascii	"\244S\264\241\266\262\3736\266^\351-\027v\\\012\330"
 211      B6B2FB36 
 211      B65EE92D 
 211      17765C0A 
 211      D8
 212 0386 D39BB9DB 		.ascii	"\323\233\271\333;\203\002\011\274(+\341#n\243K\371\027"
 212      3B830209 
 212      BC282BE1 
 212      236EA34B 
 212      F917
 213 0398 D0EE6A77 		.ascii	"\320\356jw\220\315\334\205w\034\011\\\273\007\353\270"
 213      90CDDC85 
 213      771C095C 
 213      BB07EBB8 
 214 03a8 176F53BC 		.ascii	"\027oS\274\021r\354U\024j\322\325+\236\012\\\202t\011"
 214      1172EC55 
 214      146AD2D5 
 214      2B9E0A5C 
 214      827409
 215 03bb 2EC34CD1 		.ascii	".\303L\321\035\273\257\0171V\243\004\216\270\253\356"
 215      1DBBAF0F 
 215      3156A304 
ARM GAS  C:\Users\Thomas\AppData\Local\Temp\ccjuoWfW.s 			page 16


 215      8EB8ABEE 
 216 03cb EAAD6E51 		.ascii	"\352\255nQ\017oY\022\272\332C7\352@\255\263\310\303"
 216      0F6F5912 
 216      BADA4337 
 216      EA40ADB3 
 216      C8C3
 217 03dd 8656FB45 		.ascii	"\206V\373E\316\315\320\217)\275\022OO\037\304\253m\034"
 217      CECDD08F 
 217      29BD124F 
 217      4F1FC4AB 
 217      6D1C
 218 03ef EA5FC7AF 		.ascii	"\352_\307\257\266\312\261\277\352m15\356\267r\331w6"
 218      B6CAB1BF 
 218      EA6D3135 
 218      EEB772D9 
 218      7736
 219 0401 B0DD66AF 		.ascii	"\260\335f\257\0205\215\335\334\322\236\004WQI\274\237"
 219      10358DDD 
 219      DCD29E04 
 219      575149BC 
 219      9F
 220 0412 5F033B35 		.ascii	"_\003;5\012\374G\364\275\306\252\021C\002Z$-\216\016"
 220      0AFC47F4 
 220      BDC6AA11 
 220      43025A24 
 220      2D8E0E
 221 0425 A9E810A1 		.ascii	"\251\350\020\241\033\252\333X\002\270?\201z@\005\017"
 221      1BAADB58 
 221      02B83F81 
 221      7A40050F 
 222 0435 10B8F6FB 		.ascii	"\020\270\366\373\316\355&\346\241\264\352G\237\015="
 222      CEED26E6 
 222      A1B4EA47 
 222      9F0D3D
 223 0444 3141B225 		.ascii	"1A\262%5\331\203\271\271\001\026\251\234zH\311\346)"
 223      35D983B9 
 223      B90116A9 
 223      9C7A48C9 
 223      E629
 224 0456 5FBFEA21 		.ascii	"_\277\352!Cx\"\361I\202A\344\274\251v\02076\017\334"
 224      437822F1 
 224      498241E4 
 224      BCA97610 
 224      37360FDC 
 225 046a 85EB6A8B 		.ascii	"\205\353j\213S\206\007\367\025\"\361\203\341x\355\306"
 225      538607F7 
 225      1522F183 
 225      E178EDC6 
 226 047a DD66B653 		.ascii	"\335f\266S\271E\377\337\025\201IJ\336\376\277M\341\025"
 226      B945FFDF 
 226      1581494A 
 226      DEFEBF4D 
 226      E115
 227 048c F67557F4 		.ascii	"\366uW\364[\224\306\366\272\307\310\004\215\315\373"
 227      5B94C6F6 
 227      BAC7C804 
 227      8DCDFB
ARM GAS  C:\Users\Thomas\AppData\Local\Temp\ccjuoWfW.s 			page 17


 228 049b 22CD0C61 		.ascii	"\"\315\014a<\377p\374\222oA\274\253m\010\327u\331\023"
 228      3CFF70FC 
 228      926F41BC 
 228      AB6D08D7 
 228      75D913
 229 04ae 92154E48 		.ascii	"\222\025NH\326\250\232\254QJ\326\220'X\241O@\213\016"
 229      D6A89AAC 
 229      514AD690 
 229      2758A14F 
 229      408B0E
 230 04c1 1F47DF06 		.ascii	"\037G\337\006{,\010N\245\311\316\271\331i\331\2319\337"
 230      7B2C084E 
 230      A5C9CEB9 
 230      D969D999 
 230      39DF
 231 04d3 C819AEFC 		.ascii	"\310\031\256\374/W\346\031\027}\272\314\221!\315\234"
 231      2F57E619 
 231      177DBACC 
 231      9121CD9C 
 232 04e3 9DB548CE 		.ascii	"\235\265H\316\227\013s\212\344/\2623]\305\205\271r\226"
 232      970B738A 
 232      E42FB233 
 232      5DC585B9 
 232      7296
 233 04f5 33D395F1 		.ascii	"3\323\225\361A\026\341\235\237\314\316\225\336\241\351"
 233      4116E19D 
 233      9FCCCE95 
 233      DEA1E9
 234 0504 12794D91 		.ascii	"\022yM\221\253P\365\266*l\253e\271\300F\323\317rV\311"
 234      AB50F5B6 
 234      2A6CAB65 
 234      B9C046D3 
 234      CF7256C9 
 235 0518 C5051665 		.ascii	"\305\005\026e\273\310U\340x#\357\354\257$\305\355\343"
 235      BBC855E0 
 235      7823EFEC 
 235      AF24C5ED 
 235      E3
 236 0529 FC9C15AB 		.ascii	"\374\234\025\253e%\300\302\005\031\213\2279\2633\227"
 236      6525C0C2 
 236      05198B97 
 236      39B33397 
 237 0539 2E5996B1 		.ascii	".Y\226\261\324P\2742\277h\336\304\352r\327\026\255-"
 237      D450BC32 
 237      BF68DEC4 
 237      EA72D716 
 237      AD2D
 238 054b 90D70822 		.ascii	"\220\327\010\"\23182\213\020d\024^i\351\2665x\314\314"
 238      9938328B 
 238      1064145E 
 238      69E9B635 
 238      78CCCC
 239 055e C2057396 		.ascii	"\302\005s\226\310y\261y\232\230S\234\0259\271\253\212"
 239      C879B179 
 239      9A98539C 
 239      1539B9AB 
 239      8A
ARM GAS  C:\Users\Thomas\AppData\Local\Temp\ccjuoWfW.s 			page 18


 240 056f 0B0C8572 		.ascii	"\013\014\205r^Z\272!{\241\313\265Z\217\363y\377\001"
 240      5E5ABA21 
 240      7BA1CBB5 
 240      5A8FF379 
 240      FF01
 241 0581 07B3E39D 		.ascii	"\007\263\343\235"
 242              		.text
 243              		.section	.gnu.lto_.symtab.b949bcf7,"",%progbits
 244 0000 50325F31 		.ascii	"P2_1_SaveConfig\000\000\000\000\000\000\000\000\000"
 244      5F536176 
 244      65436F6E 
 244      66696700 
 244      00000000 
 245 0018 000000AC 		.ascii	"\000\000\000\254\000\000\000P2_1_RestoreConfig\000\000"
 245      00000050 
 245      325F315F 
 245      52657374 
 245      6F726543 
 246 0033 00000000 		.ascii	"\000\000\000\000\000\000\000\000\000\000\256\000\000"
 246      00000000 
 246      0000AE00 
 246      00
 247 0040 0050325F 		.ascii	"\000P2_1_Sleep\000\000\000\000\000\000\000\000\000\000"
 247      315F536C 
 247      65657000 
 247      00000000 
 247      00000000 
 248 0055 0000B000 		.ascii	"\000\000\260\000\000\000P2_1_Wakeup\000\000\000\000"
 248      00005032 
 248      5F315F57 
 248      616B6575 
 248      70000000 
 249 006a 00000000 		.ascii	"\000\000\000\000\000\000\000\000\262\000\000\000P2_"
 249      00000000 
 249      B2000000 
 249      50325F
 250 0079 315F5374 		.ascii	"1_Stop\000\000\002\000\000\000\000\000\000\000\000\000"
 250      6F700000 
 250      02000000 
 250      00000000 
 250      0000
 251 008b B4000000 		.ascii	"\264\000\000\000P2_1_Enable\000\000\002\000\000\000"
 251      50325F31 
 251      5F456E61 
 251      626C6500 
 251      00020000 
 252 00a0 00000000 		.ascii	"\000\000\000\000\000\000\266\000\000\000"
 252      0000B600 
 252      0000
 253              		.text
 254              		.section	.gnu.lto_.opts,"",%progbits
 255 0000 272D666E 		.ascii	"'-fno-trapv' '-mcpu=cortex-m3' '-mthumb' '-g' '-O3'"
 255      6F2D7472 
 255      61707627 
 255      20272D6D 
 255      6370753D 
 256 0033 20272D66 		.ascii	" '-ffunction-sections' '-finline-functions' '-flto'"
ARM GAS  C:\Users\Thomas\AppData\Local\Temp\ccjuoWfW.s 			page 19


 256      66756E63 
 256      74696F6E 
 256      2D736563 
 256      74696F6E 
 257 0066 20272D66 		.ascii	" '-ffat-lto-objects'\000"
 257      6661742D 
 257      6C746F2D 
 257      6F626A65 
 257      63747327 
 258              		.text
 259              		.cfi_sections	.debug_frame
 260              		.section	.text.P2_1_SaveConfig,"ax",%progbits
 261              		.align	2
 262              		.global	P2_1_SaveConfig
 263              		.thumb
 264              		.thumb_func
 265              		.type	P2_1_SaveConfig, %function
 266              	P2_1_SaveConfig:
 267              	.LFB0:
 268              		.file 1 ".\\Generated_Source\\PSoC5\\P2_1_PM.c"
   1:.\Generated_Source\PSoC5/P2_1_PM.c **** /*******************************************************************************
   2:.\Generated_Source\PSoC5/P2_1_PM.c **** * File Name: P2_1_PM.c
   3:.\Generated_Source\PSoC5/P2_1_PM.c **** * Version 2.30
   4:.\Generated_Source\PSoC5/P2_1_PM.c **** *
   5:.\Generated_Source\PSoC5/P2_1_PM.c **** * Description:
   6:.\Generated_Source\PSoC5/P2_1_PM.c **** *  This file provides the API source code for sleep mode support for Shift
   7:.\Generated_Source\PSoC5/P2_1_PM.c **** *  Register component.
   8:.\Generated_Source\PSoC5/P2_1_PM.c **** *
   9:.\Generated_Source\PSoC5/P2_1_PM.c **** * Note:
  10:.\Generated_Source\PSoC5/P2_1_PM.c **** *
  11:.\Generated_Source\PSoC5/P2_1_PM.c **** ********************************************************************************
  12:.\Generated_Source\PSoC5/P2_1_PM.c **** * Copyright 2008-2013, Cypress Semiconductor Corporation.  All rights reserved.
  13:.\Generated_Source\PSoC5/P2_1_PM.c **** * You may use this file only in accordance with the license, terms, conditions,
  14:.\Generated_Source\PSoC5/P2_1_PM.c **** * disclaimers, and limitations in the end user license agreement accompanying
  15:.\Generated_Source\PSoC5/P2_1_PM.c **** * the software package with which this file was provided.
  16:.\Generated_Source\PSoC5/P2_1_PM.c **** *******************************************************************************/
  17:.\Generated_Source\PSoC5/P2_1_PM.c **** 
  18:.\Generated_Source\PSoC5/P2_1_PM.c **** #include "P2_1.h"
  19:.\Generated_Source\PSoC5/P2_1_PM.c **** 
  20:.\Generated_Source\PSoC5/P2_1_PM.c **** static P2_1_BACKUP_STRUCT P2_1_backup =
  21:.\Generated_Source\PSoC5/P2_1_PM.c **** {
  22:.\Generated_Source\PSoC5/P2_1_PM.c ****     P2_1_DISABLED,
  23:.\Generated_Source\PSoC5/P2_1_PM.c **** 
  24:.\Generated_Source\PSoC5/P2_1_PM.c ****     ((uint16) P2_1_DEFAULT_A0),
  25:.\Generated_Source\PSoC5/P2_1_PM.c ****     ((uint16) P2_1_DEFAULT_A1),
  26:.\Generated_Source\PSoC5/P2_1_PM.c **** 
  27:.\Generated_Source\PSoC5/P2_1_PM.c ****     #if(CY_UDB_V0)
  28:.\Generated_Source\PSoC5/P2_1_PM.c ****         ((uint16) P2_1_INT_SRC),
  29:.\Generated_Source\PSoC5/P2_1_PM.c ****     #endif /* (CY_UDB_V0) */
  30:.\Generated_Source\PSoC5/P2_1_PM.c **** };
  31:.\Generated_Source\PSoC5/P2_1_PM.c **** 
  32:.\Generated_Source\PSoC5/P2_1_PM.c **** 
  33:.\Generated_Source\PSoC5/P2_1_PM.c **** /*******************************************************************************
  34:.\Generated_Source\PSoC5/P2_1_PM.c **** * Function Name: P2_1_SaveConfig
  35:.\Generated_Source\PSoC5/P2_1_PM.c **** ********************************************************************************
  36:.\Generated_Source\PSoC5/P2_1_PM.c **** *
  37:.\Generated_Source\PSoC5/P2_1_PM.c **** * Summary:
ARM GAS  C:\Users\Thomas\AppData\Local\Temp\ccjuoWfW.s 			page 20


  38:.\Generated_Source\PSoC5/P2_1_PM.c **** *  Saves Shift Register configuration.
  39:.\Generated_Source\PSoC5/P2_1_PM.c **** *
  40:.\Generated_Source\PSoC5/P2_1_PM.c **** * Parameters:
  41:.\Generated_Source\PSoC5/P2_1_PM.c **** *  None.
  42:.\Generated_Source\PSoC5/P2_1_PM.c **** *
  43:.\Generated_Source\PSoC5/P2_1_PM.c **** * Return:
  44:.\Generated_Source\PSoC5/P2_1_PM.c **** *  None.
  45:.\Generated_Source\PSoC5/P2_1_PM.c **** *
  46:.\Generated_Source\PSoC5/P2_1_PM.c **** * Reentrant:
  47:.\Generated_Source\PSoC5/P2_1_PM.c **** *  No.
  48:.\Generated_Source\PSoC5/P2_1_PM.c **** *
  49:.\Generated_Source\PSoC5/P2_1_PM.c **** *******************************************************************************/
  50:.\Generated_Source\PSoC5/P2_1_PM.c **** void P2_1_SaveConfig(void) 
  51:.\Generated_Source\PSoC5/P2_1_PM.c **** {
 269              		.loc 1 51 0
 270              		.cfi_startproc
 271              		@ args = 0, pretend = 0, frame = 0
 272              		@ frame_needed = 0, uses_anonymous_args = 0
 273              		@ link register save eliminated.
  52:.\Generated_Source\PSoC5/P2_1_PM.c ****     /* Store working registers A0 and A1 */
  53:.\Generated_Source\PSoC5/P2_1_PM.c ****     P2_1_backup.saveSrA0Reg   = CY_GET_REG16(P2_1_SHIFT_REG_LSB_PTR);
 274              		.loc 1 53 0
 275 0000 034B     		ldr	r3, .L2
  54:.\Generated_Source\PSoC5/P2_1_PM.c ****     P2_1_backup.saveSrA1Reg   = CY_GET_REG16(P2_1_SHIFT_REG_VALUE_LSB_PTR);
 276              		.loc 1 54 0
 277 0002 044A     		ldr	r2, .L2+4
  53:.\Generated_Source\PSoC5/P2_1_PM.c ****     P2_1_backup.saveSrA1Reg   = CY_GET_REG16(P2_1_SHIFT_REG_VALUE_LSB_PTR);
 278              		.loc 1 53 0
 279 0004 1988     		ldrh	r1, [r3]
 280 0006 044B     		ldr	r3, .L2+8
 281              		.loc 1 54 0
 282 0008 1288     		ldrh	r2, [r2]
  53:.\Generated_Source\PSoC5/P2_1_PM.c ****     P2_1_backup.saveSrA1Reg   = CY_GET_REG16(P2_1_SHIFT_REG_VALUE_LSB_PTR);
 283              		.loc 1 53 0
 284 000a 5980     		strh	r1, [r3, #2]	@ movhi
 285              		.loc 1 54 0
 286 000c 9A80     		strh	r2, [r3, #4]	@ movhi
 287 000e 7047     		bx	lr
 288              	.L3:
 289              		.align	2
 290              	.L2:
 291 0010 08640040 		.word	1073767432
 292 0014 18640040 		.word	1073767448
 293 0018 00000000 		.word	.LANCHOR0
 294              		.cfi_endproc
 295              	.LFE0:
 296              		.size	P2_1_SaveConfig, .-P2_1_SaveConfig
 297              		.section	.text.P2_1_RestoreConfig,"ax",%progbits
 298              		.align	2
 299              		.global	P2_1_RestoreConfig
 300              		.thumb
 301              		.thumb_func
 302              		.type	P2_1_RestoreConfig, %function
 303              	P2_1_RestoreConfig:
 304              	.LFB1:
  55:.\Generated_Source\PSoC5/P2_1_PM.c **** 
  56:.\Generated_Source\PSoC5/P2_1_PM.c ****     #if(CY_UDB_V0)
ARM GAS  C:\Users\Thomas\AppData\Local\Temp\ccjuoWfW.s 			page 21


  57:.\Generated_Source\PSoC5/P2_1_PM.c ****         P2_1_backup.saveSrIntMask = P2_1_SR_STATUS_MASK;
  58:.\Generated_Source\PSoC5/P2_1_PM.c ****     #endif /* (CY_UDB_V0) */
  59:.\Generated_Source\PSoC5/P2_1_PM.c **** }
  60:.\Generated_Source\PSoC5/P2_1_PM.c **** 
  61:.\Generated_Source\PSoC5/P2_1_PM.c **** 
  62:.\Generated_Source\PSoC5/P2_1_PM.c **** /*******************************************************************************
  63:.\Generated_Source\PSoC5/P2_1_PM.c **** * Function Name: P2_1_RestoreConfig
  64:.\Generated_Source\PSoC5/P2_1_PM.c **** ********************************************************************************
  65:.\Generated_Source\PSoC5/P2_1_PM.c **** *
  66:.\Generated_Source\PSoC5/P2_1_PM.c **** * Summary:
  67:.\Generated_Source\PSoC5/P2_1_PM.c **** *  Restores Shift Register configuration.
  68:.\Generated_Source\PSoC5/P2_1_PM.c **** *
  69:.\Generated_Source\PSoC5/P2_1_PM.c **** * Parameters:
  70:.\Generated_Source\PSoC5/P2_1_PM.c **** *  None.
  71:.\Generated_Source\PSoC5/P2_1_PM.c **** *
  72:.\Generated_Source\PSoC5/P2_1_PM.c **** * Return:
  73:.\Generated_Source\PSoC5/P2_1_PM.c **** *  None.
  74:.\Generated_Source\PSoC5/P2_1_PM.c **** *
  75:.\Generated_Source\PSoC5/P2_1_PM.c **** *******************************************************************************/
  76:.\Generated_Source\PSoC5/P2_1_PM.c **** void P2_1_RestoreConfig(void) 
  77:.\Generated_Source\PSoC5/P2_1_PM.c **** {
 305              		.loc 1 77 0
 306              		.cfi_startproc
 307              		@ args = 0, pretend = 0, frame = 0
 308              		@ frame_needed = 0, uses_anonymous_args = 0
 309              		@ link register save eliminated.
  78:.\Generated_Source\PSoC5/P2_1_PM.c ****     /* Restore working registers A0 and A1 */
  79:.\Generated_Source\PSoC5/P2_1_PM.c ****     CY_SET_REG16(P2_1_SHIFT_REG_LSB_PTR, P2_1_backup.saveSrA0Reg);
 310              		.loc 1 79 0
 311 0000 034B     		ldr	r3, .L5
 312 0002 0449     		ldr	r1, .L5+4
  80:.\Generated_Source\PSoC5/P2_1_PM.c ****     CY_SET_REG16(P2_1_SHIFT_REG_VALUE_LSB_PTR, P2_1_backup.saveSrA1Reg);
 313              		.loc 1 80 0
 314 0004 9A88     		ldrh	r2, [r3, #4]
  79:.\Generated_Source\PSoC5/P2_1_PM.c ****     CY_SET_REG16(P2_1_SHIFT_REG_VALUE_LSB_PTR, P2_1_backup.saveSrA1Reg);
 315              		.loc 1 79 0
 316 0006 5888     		ldrh	r0, [r3, #2]
 317              		.loc 1 80 0
 318 0008 034B     		ldr	r3, .L5+8
  79:.\Generated_Source\PSoC5/P2_1_PM.c ****     CY_SET_REG16(P2_1_SHIFT_REG_VALUE_LSB_PTR, P2_1_backup.saveSrA1Reg);
 319              		.loc 1 79 0
 320 000a 0880     		strh	r0, [r1]	@ movhi
 321              		.loc 1 80 0
 322 000c 1A80     		strh	r2, [r3]	@ movhi
 323 000e 7047     		bx	lr
 324              	.L6:
 325              		.align	2
 326              	.L5:
 327 0010 00000000 		.word	.LANCHOR0
 328 0014 08640040 		.word	1073767432
 329 0018 18640040 		.word	1073767448
 330              		.cfi_endproc
 331              	.LFE1:
 332              		.size	P2_1_RestoreConfig, .-P2_1_RestoreConfig
 333              		.section	.text.P2_1_Sleep,"ax",%progbits
 334              		.align	2
 335              		.global	P2_1_Sleep
ARM GAS  C:\Users\Thomas\AppData\Local\Temp\ccjuoWfW.s 			page 22


 336              		.thumb
 337              		.thumb_func
 338              		.type	P2_1_Sleep, %function
 339              	P2_1_Sleep:
 340              	.LFB2:
  81:.\Generated_Source\PSoC5/P2_1_PM.c **** 
  82:.\Generated_Source\PSoC5/P2_1_PM.c ****     #if(CY_UDB_V0)
  83:.\Generated_Source\PSoC5/P2_1_PM.c ****         P2_1_SR_STATUS_MASK = ((uint8) P2_1_backup.saveSrIntMask);
  84:.\Generated_Source\PSoC5/P2_1_PM.c ****     #endif /* (CY_UDB_V0) */
  85:.\Generated_Source\PSoC5/P2_1_PM.c **** }
  86:.\Generated_Source\PSoC5/P2_1_PM.c **** 
  87:.\Generated_Source\PSoC5/P2_1_PM.c **** 
  88:.\Generated_Source\PSoC5/P2_1_PM.c **** /*******************************************************************************
  89:.\Generated_Source\PSoC5/P2_1_PM.c **** * Function Name: P2_1_Sleep
  90:.\Generated_Source\PSoC5/P2_1_PM.c **** ********************************************************************************
  91:.\Generated_Source\PSoC5/P2_1_PM.c **** *
  92:.\Generated_Source\PSoC5/P2_1_PM.c **** * Summary:
  93:.\Generated_Source\PSoC5/P2_1_PM.c **** *  Prepare the component to enter a Sleep mode.
  94:.\Generated_Source\PSoC5/P2_1_PM.c **** *
  95:.\Generated_Source\PSoC5/P2_1_PM.c **** * Parameters:
  96:.\Generated_Source\PSoC5/P2_1_PM.c **** *  None.
  97:.\Generated_Source\PSoC5/P2_1_PM.c **** *
  98:.\Generated_Source\PSoC5/P2_1_PM.c **** * Return:
  99:.\Generated_Source\PSoC5/P2_1_PM.c **** *  None.
 100:.\Generated_Source\PSoC5/P2_1_PM.c **** *
 101:.\Generated_Source\PSoC5/P2_1_PM.c **** * Reentrant:
 102:.\Generated_Source\PSoC5/P2_1_PM.c **** *  No.
 103:.\Generated_Source\PSoC5/P2_1_PM.c **** *
 104:.\Generated_Source\PSoC5/P2_1_PM.c **** *******************************************************************************/
 105:.\Generated_Source\PSoC5/P2_1_PM.c **** void P2_1_Sleep(void) 
 106:.\Generated_Source\PSoC5/P2_1_PM.c **** {
 341              		.loc 1 106 0
 342              		.cfi_startproc
 343              		@ args = 0, pretend = 0, frame = 0
 344              		@ frame_needed = 0, uses_anonymous_args = 0
 345 0000 10B5     		push	{r4, lr}
 346              		.cfi_def_cfa_offset 8
 347              		.cfi_offset 4, -8
 348              		.cfi_offset 14, -4
 107:.\Generated_Source\PSoC5/P2_1_PM.c ****     P2_1_backup.enableState = ((uint8) P2_1_IS_ENABLED);
 349              		.loc 1 107 0
 350 0002 074B     		ldr	r3, .L9
 351 0004 074C     		ldr	r4, .L9+4
 352 0006 1B78     		ldrb	r3, [r3]	@ zero_extendqisi2
 353 0008 03F00103 		and	r3, r3, #1
 354 000c 2370     		strb	r3, [r4]
 108:.\Generated_Source\PSoC5/P2_1_PM.c **** 
 109:.\Generated_Source\PSoC5/P2_1_PM.c ****     P2_1_Stop();
 355              		.loc 1 109 0
 356 000e FFF7FEFF 		bl	P2_1_Stop
 357              	.LVL0:
 358              	.LBB6:
 359              	.LBB7:
  53:.\Generated_Source\PSoC5/P2_1_PM.c ****     P2_1_backup.saveSrA1Reg   = CY_GET_REG16(P2_1_SHIFT_REG_VALUE_LSB_PTR);
 360              		.loc 1 53 0
 361 0012 054A     		ldr	r2, .L9+8
  54:.\Generated_Source\PSoC5/P2_1_PM.c **** 
ARM GAS  C:\Users\Thomas\AppData\Local\Temp\ccjuoWfW.s 			page 23


 362              		.loc 1 54 0
 363 0014 054B     		ldr	r3, .L9+12
  53:.\Generated_Source\PSoC5/P2_1_PM.c ****     P2_1_backup.saveSrA1Reg   = CY_GET_REG16(P2_1_SHIFT_REG_VALUE_LSB_PTR);
 364              		.loc 1 53 0
 365 0016 1288     		ldrh	r2, [r2]
  54:.\Generated_Source\PSoC5/P2_1_PM.c **** 
 366              		.loc 1 54 0
 367 0018 1B88     		ldrh	r3, [r3]
  53:.\Generated_Source\PSoC5/P2_1_PM.c ****     P2_1_backup.saveSrA1Reg   = CY_GET_REG16(P2_1_SHIFT_REG_VALUE_LSB_PTR);
 368              		.loc 1 53 0
 369 001a 6280     		strh	r2, [r4, #2]	@ movhi
  54:.\Generated_Source\PSoC5/P2_1_PM.c **** 
 370              		.loc 1 54 0
 371 001c A380     		strh	r3, [r4, #4]	@ movhi
 372 001e 10BD     		pop	{r4, pc}
 373              	.L10:
 374              		.align	2
 375              	.L9:
 376 0020 79640040 		.word	1073767545
 377 0024 00000000 		.word	.LANCHOR0
 378 0028 08640040 		.word	1073767432
 379 002c 18640040 		.word	1073767448
 380              	.LBE7:
 381              	.LBE6:
 382              		.cfi_endproc
 383              	.LFE2:
 384              		.size	P2_1_Sleep, .-P2_1_Sleep
 385              		.section	.text.P2_1_Wakeup,"ax",%progbits
 386              		.align	2
 387              		.global	P2_1_Wakeup
 388              		.thumb
 389              		.thumb_func
 390              		.type	P2_1_Wakeup, %function
 391              	P2_1_Wakeup:
 392              	.LFB3:
 110:.\Generated_Source\PSoC5/P2_1_PM.c ****     P2_1_SaveConfig();
 111:.\Generated_Source\PSoC5/P2_1_PM.c **** }
 112:.\Generated_Source\PSoC5/P2_1_PM.c **** 
 113:.\Generated_Source\PSoC5/P2_1_PM.c **** 
 114:.\Generated_Source\PSoC5/P2_1_PM.c **** /*******************************************************************************
 115:.\Generated_Source\PSoC5/P2_1_PM.c **** * Function Name: P2_1_Wakeup
 116:.\Generated_Source\PSoC5/P2_1_PM.c **** ********************************************************************************
 117:.\Generated_Source\PSoC5/P2_1_PM.c **** *
 118:.\Generated_Source\PSoC5/P2_1_PM.c **** * Summary:
 119:.\Generated_Source\PSoC5/P2_1_PM.c **** *  Restores and enables the user configuration.
 120:.\Generated_Source\PSoC5/P2_1_PM.c **** *
 121:.\Generated_Source\PSoC5/P2_1_PM.c **** * Parameters:
 122:.\Generated_Source\PSoC5/P2_1_PM.c **** *  None.
 123:.\Generated_Source\PSoC5/P2_1_PM.c **** *
 124:.\Generated_Source\PSoC5/P2_1_PM.c **** * Return:
 125:.\Generated_Source\PSoC5/P2_1_PM.c **** *  None.
 126:.\Generated_Source\PSoC5/P2_1_PM.c **** *
 127:.\Generated_Source\PSoC5/P2_1_PM.c **** *******************************************************************************/
 128:.\Generated_Source\PSoC5/P2_1_PM.c **** void P2_1_Wakeup(void) 
 129:.\Generated_Source\PSoC5/P2_1_PM.c **** {
 393              		.loc 1 129 0
 394              		.cfi_startproc
ARM GAS  C:\Users\Thomas\AppData\Local\Temp\ccjuoWfW.s 			page 24


 395              		@ args = 0, pretend = 0, frame = 0
 396              		@ frame_needed = 0, uses_anonymous_args = 0
 397              		@ link register save eliminated.
 398 0000 10B4     		push	{r4}
 399              		.cfi_def_cfa_offset 4
 400              		.cfi_offset 4, -4
 401              	.LBB8:
 402              	.LBB9:
  79:.\Generated_Source\PSoC5/P2_1_PM.c ****     CY_SET_REG16(P2_1_SHIFT_REG_VALUE_LSB_PTR, P2_1_backup.saveSrA1Reg);
 403              		.loc 1 79 0
 404 0002 084B     		ldr	r3, .L16
 405 0004 0848     		ldr	r0, .L16+4
 406 0006 5C88     		ldrh	r4, [r3, #2]
  80:.\Generated_Source\PSoC5/P2_1_PM.c **** 
 407              		.loc 1 80 0
 408 0008 9988     		ldrh	r1, [r3, #4]
 409 000a 084A     		ldr	r2, .L16+8
  79:.\Generated_Source\PSoC5/P2_1_PM.c ****     CY_SET_REG16(P2_1_SHIFT_REG_VALUE_LSB_PTR, P2_1_backup.saveSrA1Reg);
 410              		.loc 1 79 0
 411 000c 0480     		strh	r4, [r0]	@ movhi
  80:.\Generated_Source\PSoC5/P2_1_PM.c **** 
 412              		.loc 1 80 0
 413 000e 1180     		strh	r1, [r2]	@ movhi
 414              	.LBE9:
 415              	.LBE8:
 130:.\Generated_Source\PSoC5/P2_1_PM.c ****     P2_1_RestoreConfig();
 131:.\Generated_Source\PSoC5/P2_1_PM.c **** 
 132:.\Generated_Source\PSoC5/P2_1_PM.c ****     if(0u != P2_1_backup.enableState)
 416              		.loc 1 132 0
 417 0010 1B78     		ldrb	r3, [r3]	@ zero_extendqisi2
 418 0012 13B9     		cbnz	r3, .L15
 133:.\Generated_Source\PSoC5/P2_1_PM.c ****     {
 134:.\Generated_Source\PSoC5/P2_1_PM.c ****         P2_1_Enable();
 135:.\Generated_Source\PSoC5/P2_1_PM.c ****     }
 136:.\Generated_Source\PSoC5/P2_1_PM.c **** }
 419              		.loc 1 136 0
 420 0014 5DF8044B 		ldr	r4, [sp], #4
 421              		.cfi_remember_state
 422              		.cfi_restore 4
 423              		.cfi_def_cfa_offset 0
 424 0018 7047     		bx	lr
 425              	.L15:
 426              		.cfi_restore_state
 427 001a 5DF8044B 		ldr	r4, [sp], #4
 428              		.cfi_restore 4
 429              		.cfi_def_cfa_offset 0
 134:.\Generated_Source\PSoC5/P2_1_PM.c ****     }
 430              		.loc 1 134 0
 431 001e FFF7FEBF 		b	P2_1_Enable
 432              	.LVL1:
 433              	.L17:
 434 0022 00BF     		.align	2
 435              	.L16:
 436 0024 00000000 		.word	.LANCHOR0
 437 0028 08640040 		.word	1073767432
 438 002c 18640040 		.word	1073767448
 439              		.cfi_endproc
ARM GAS  C:\Users\Thomas\AppData\Local\Temp\ccjuoWfW.s 			page 25


 440              	.LFE3:
 441              		.size	P2_1_Wakeup, .-P2_1_Wakeup
 442              		.bss
 443              		.align	2
 444              		.set	.LANCHOR0,. + 0
 445              		.type	P2_1_backup, %object
 446              		.size	P2_1_backup, 6
 447              	P2_1_backup:
 448 0000 00000000 		.space	6
 448      0000
 449 0006 0000     		.text
 450              	.Letext0:
 451              		.file 2 ".\\Generated_Source\\PSoC5\\cytypes.h"
 452              		.file 3 ".\\Generated_Source\\PSoC5\\P2_1.h"
 453              		.section	.debug_info,"",%progbits
 454              	.Ldebug_info0:
 455 0000 9F010000 		.4byte	0x19f
 456 0004 0400     		.2byte	0x4
 457 0006 00000000 		.4byte	.Ldebug_abbrev0
 458 000a 04       		.byte	0x4
 459 000b 01       		.uleb128 0x1
 460 000c 60010000 		.4byte	.LASF27
 461 0010 01       		.byte	0x1
 462 0011 9F000000 		.4byte	.LASF28
 463 0015 F9000000 		.4byte	.LASF29
 464 0019 00000000 		.4byte	.Ldebug_ranges0+0
 465 001d 00000000 		.4byte	0
 466 0021 00000000 		.4byte	.Ldebug_line0
 467 0025 02       		.uleb128 0x2
 468 0026 01       		.byte	0x1
 469 0027 06       		.byte	0x6
 470 0028 2B020000 		.4byte	.LASF0
 471 002c 02       		.uleb128 0x2
 472 002d 01       		.byte	0x1
 473 002e 08       		.byte	0x8
 474 002f 6D000000 		.4byte	.LASF1
 475 0033 02       		.uleb128 0x2
 476 0034 02       		.byte	0x2
 477 0035 05       		.byte	0x5
 478 0036 0C020000 		.4byte	.LASF2
 479 003a 02       		.uleb128 0x2
 480 003b 02       		.byte	0x2
 481 003c 07       		.byte	0x7
 482 003d 25000000 		.4byte	.LASF3
 483 0041 02       		.uleb128 0x2
 484 0042 04       		.byte	0x4
 485 0043 05       		.byte	0x5
 486 0044 16020000 		.4byte	.LASF4
 487 0048 02       		.uleb128 0x2
 488 0049 04       		.byte	0x4
 489 004a 07       		.byte	0x7
 490 004b 80000000 		.4byte	.LASF5
 491 004f 02       		.uleb128 0x2
 492 0050 08       		.byte	0x8
 493 0051 05       		.byte	0x5
 494 0052 52010000 		.4byte	.LASF6
 495 0056 02       		.uleb128 0x2
ARM GAS  C:\Users\Thomas\AppData\Local\Temp\ccjuoWfW.s 			page 26


 496 0057 08       		.byte	0x8
 497 0058 07       		.byte	0x7
 498 0059 E2000000 		.4byte	.LASF7
 499 005d 03       		.uleb128 0x3
 500 005e 04       		.byte	0x4
 501 005f 05       		.byte	0x5
 502 0060 696E7400 		.ascii	"int\000"
 503 0064 02       		.uleb128 0x2
 504 0065 04       		.byte	0x4
 505 0066 07       		.byte	0x7
 506 0067 C9000000 		.4byte	.LASF8
 507 006b 04       		.uleb128 0x4
 508 006c 92000000 		.4byte	.LASF9
 509 0070 02       		.byte	0x2
 510 0071 9201     		.2byte	0x192
 511 0073 2C000000 		.4byte	0x2c
 512 0077 04       		.uleb128 0x4
 513 0078 C2000000 		.4byte	.LASF10
 514 007c 02       		.byte	0x2
 515 007d 9301     		.2byte	0x193
 516 007f 3A000000 		.4byte	0x3a
 517 0083 02       		.uleb128 0x2
 518 0084 04       		.byte	0x4
 519 0085 04       		.byte	0x4
 520 0086 44000000 		.4byte	.LASF11
 521 008a 02       		.uleb128 0x2
 522 008b 08       		.byte	0x8
 523 008c 04       		.byte	0x4
 524 008d 98000000 		.4byte	.LASF12
 525 0091 02       		.uleb128 0x2
 526 0092 01       		.byte	0x1
 527 0093 08       		.byte	0x8
 528 0094 07020000 		.4byte	.LASF13
 529 0098 04       		.uleb128 0x4
 530 0099 7B000000 		.4byte	.LASF14
 531 009d 02       		.byte	0x2
 532 009e 3C02     		.2byte	0x23c
 533 00a0 A4000000 		.4byte	0xa4
 534 00a4 05       		.uleb128 0x5
 535 00a5 6B000000 		.4byte	0x6b
 536 00a9 04       		.uleb128 0x4
 537 00aa 00000000 		.4byte	.LASF15
 538 00ae 02       		.byte	0x2
 539 00af 3D02     		.2byte	0x23d
 540 00b1 B5000000 		.4byte	0xb5
 541 00b5 05       		.uleb128 0x5
 542 00b6 77000000 		.4byte	0x77
 543 00ba 02       		.uleb128 0x2
 544 00bb 04       		.byte	0x4
 545 00bc 07       		.byte	0x7
 546 00bd 3E010000 		.4byte	.LASF16
 547 00c1 06       		.uleb128 0x6
 548 00c2 06       		.byte	0x6
 549 00c3 03       		.byte	0x3
 550 00c4 30       		.byte	0x30
 551 00c5 EE000000 		.4byte	0xee
 552 00c9 07       		.uleb128 0x7
ARM GAS  C:\Users\Thomas\AppData\Local\Temp\ccjuoWfW.s 			page 27


 553 00ca 1F020000 		.4byte	.LASF17
 554 00ce 03       		.byte	0x3
 555 00cf 32       		.byte	0x32
 556 00d0 6B000000 		.4byte	0x6b
 557 00d4 00       		.byte	0
 558 00d5 07       		.uleb128 0x7
 559 00d6 43020000 		.4byte	.LASF18
 560 00da 03       		.byte	0x3
 561 00db 34       		.byte	0x34
 562 00dc 77000000 		.4byte	0x77
 563 00e0 02       		.byte	0x2
 564 00e1 07       		.uleb128 0x7
 565 00e2 38000000 		.4byte	.LASF19
 566 00e6 03       		.byte	0x3
 567 00e7 35       		.byte	0x35
 568 00e8 77000000 		.4byte	0x77
 569 00ec 04       		.byte	0x4
 570 00ed 00       		.byte	0
 571 00ee 08       		.uleb128 0x8
 572 00ef 12000000 		.4byte	.LASF20
 573 00f3 03       		.byte	0x3
 574 00f4 3B       		.byte	0x3b
 575 00f5 C1000000 		.4byte	0xc1
 576 00f9 09       		.uleb128 0x9
 577 00fa 5D000000 		.4byte	.LASF21
 578 00fe 01       		.byte	0x1
 579 00ff 32       		.byte	0x32
 580 0100 01       		.byte	0x1
 581 0101 09       		.uleb128 0x9
 582 0102 4A000000 		.4byte	.LASF22
 583 0106 01       		.byte	0x1
 584 0107 4C       		.byte	0x4c
 585 0108 01       		.byte	0x1
 586 0109 0A       		.uleb128 0xa
 587 010a F9000000 		.4byte	0xf9
 588 010e 00000000 		.4byte	.LFB0
 589 0112 1C000000 		.4byte	.LFE0-.LFB0
 590 0116 01       		.uleb128 0x1
 591 0117 9C       		.byte	0x9c
 592 0118 0A       		.uleb128 0xa
 593 0119 01010000 		.4byte	0x101
 594 011d 00000000 		.4byte	.LFB1
 595 0121 1C000000 		.4byte	.LFE1-.LFB1
 596 0125 01       		.uleb128 0x1
 597 0126 9C       		.byte	0x9c
 598 0127 0B       		.uleb128 0xb
 599 0128 47010000 		.4byte	.LASF23
 600 012c 01       		.byte	0x1
 601 012d 69       		.byte	0x69
 602 012e 00000000 		.4byte	.LFB2
 603 0132 30000000 		.4byte	.LFE2-.LFB2
 604 0136 01       		.uleb128 0x1
 605 0137 9C       		.byte	0x9c
 606 0138 55010000 		.4byte	0x155
 607 013c 0C       		.uleb128 0xc
 608 013d F9000000 		.4byte	0xf9
 609 0141 12000000 		.4byte	.LBB6
ARM GAS  C:\Users\Thomas\AppData\Local\Temp\ccjuoWfW.s 			page 28


 610 0145 1E000000 		.4byte	.LBE6-.LBB6
 611 0149 01       		.byte	0x1
 612 014a 6E       		.byte	0x6e
 613 014b 0D       		.uleb128 0xd
 614 014c 12000000 		.4byte	.LVL0
 615 0150 94010000 		.4byte	0x194
 616 0154 00       		.byte	0
 617 0155 0B       		.uleb128 0xb
 618 0156 06000000 		.4byte	.LASF24
 619 015a 01       		.byte	0x1
 620 015b 80       		.byte	0x80
 621 015c 00000000 		.4byte	.LFB3
 622 0160 30000000 		.4byte	.LFE3-.LFB3
 623 0164 01       		.uleb128 0x1
 624 0165 9C       		.byte	0x9c
 625 0166 83010000 		.4byte	0x183
 626 016a 0C       		.uleb128 0xc
 627 016b 01010000 		.4byte	0x101
 628 016f 02000000 		.4byte	.LBB8
 629 0173 0E000000 		.4byte	.LBE8-.LBB8
 630 0177 01       		.byte	0x1
 631 0178 82       		.byte	0x82
 632 0179 0E       		.uleb128 0xe
 633 017a 22000000 		.4byte	.LVL1
 634 017e 9B010000 		.4byte	0x19b
 635 0182 00       		.byte	0
 636 0183 0F       		.uleb128 0xf
 637 0184 37020000 		.4byte	.LASF30
 638 0188 01       		.byte	0x1
 639 0189 14       		.byte	0x14
 640 018a EE000000 		.4byte	0xee
 641 018e 05       		.uleb128 0x5
 642 018f 03       		.byte	0x3
 643 0190 00000000 		.4byte	P2_1_backup
 644 0194 10       		.uleb128 0x10
 645 0195 34010000 		.4byte	.LASF25
 646 0199 03       		.byte	0x3
 647 019a 43       		.byte	0x43
 648 019b 10       		.uleb128 0x10
 649 019c D6000000 		.4byte	.LASF26
 650 01a0 03       		.byte	0x3
 651 01a1 45       		.byte	0x45
 652 01a2 00       		.byte	0
 653              		.section	.debug_abbrev,"",%progbits
 654              	.Ldebug_abbrev0:
 655 0000 01       		.uleb128 0x1
 656 0001 11       		.uleb128 0x11
 657 0002 01       		.byte	0x1
 658 0003 25       		.uleb128 0x25
 659 0004 0E       		.uleb128 0xe
 660 0005 13       		.uleb128 0x13
 661 0006 0B       		.uleb128 0xb
 662 0007 03       		.uleb128 0x3
 663 0008 0E       		.uleb128 0xe
 664 0009 1B       		.uleb128 0x1b
 665 000a 0E       		.uleb128 0xe
 666 000b 55       		.uleb128 0x55
ARM GAS  C:\Users\Thomas\AppData\Local\Temp\ccjuoWfW.s 			page 29


 667 000c 17       		.uleb128 0x17
 668 000d 11       		.uleb128 0x11
 669 000e 01       		.uleb128 0x1
 670 000f 10       		.uleb128 0x10
 671 0010 17       		.uleb128 0x17
 672 0011 00       		.byte	0
 673 0012 00       		.byte	0
 674 0013 02       		.uleb128 0x2
 675 0014 24       		.uleb128 0x24
 676 0015 00       		.byte	0
 677 0016 0B       		.uleb128 0xb
 678 0017 0B       		.uleb128 0xb
 679 0018 3E       		.uleb128 0x3e
 680 0019 0B       		.uleb128 0xb
 681 001a 03       		.uleb128 0x3
 682 001b 0E       		.uleb128 0xe
 683 001c 00       		.byte	0
 684 001d 00       		.byte	0
 685 001e 03       		.uleb128 0x3
 686 001f 24       		.uleb128 0x24
 687 0020 00       		.byte	0
 688 0021 0B       		.uleb128 0xb
 689 0022 0B       		.uleb128 0xb
 690 0023 3E       		.uleb128 0x3e
 691 0024 0B       		.uleb128 0xb
 692 0025 03       		.uleb128 0x3
 693 0026 08       		.uleb128 0x8
 694 0027 00       		.byte	0
 695 0028 00       		.byte	0
 696 0029 04       		.uleb128 0x4
 697 002a 16       		.uleb128 0x16
 698 002b 00       		.byte	0
 699 002c 03       		.uleb128 0x3
 700 002d 0E       		.uleb128 0xe
 701 002e 3A       		.uleb128 0x3a
 702 002f 0B       		.uleb128 0xb
 703 0030 3B       		.uleb128 0x3b
 704 0031 05       		.uleb128 0x5
 705 0032 49       		.uleb128 0x49
 706 0033 13       		.uleb128 0x13
 707 0034 00       		.byte	0
 708 0035 00       		.byte	0
 709 0036 05       		.uleb128 0x5
 710 0037 35       		.uleb128 0x35
 711 0038 00       		.byte	0
 712 0039 49       		.uleb128 0x49
 713 003a 13       		.uleb128 0x13
 714 003b 00       		.byte	0
 715 003c 00       		.byte	0
 716 003d 06       		.uleb128 0x6
 717 003e 13       		.uleb128 0x13
 718 003f 01       		.byte	0x1
 719 0040 0B       		.uleb128 0xb
 720 0041 0B       		.uleb128 0xb
 721 0042 3A       		.uleb128 0x3a
 722 0043 0B       		.uleb128 0xb
 723 0044 3B       		.uleb128 0x3b
ARM GAS  C:\Users\Thomas\AppData\Local\Temp\ccjuoWfW.s 			page 30


 724 0045 0B       		.uleb128 0xb
 725 0046 01       		.uleb128 0x1
 726 0047 13       		.uleb128 0x13
 727 0048 00       		.byte	0
 728 0049 00       		.byte	0
 729 004a 07       		.uleb128 0x7
 730 004b 0D       		.uleb128 0xd
 731 004c 00       		.byte	0
 732 004d 03       		.uleb128 0x3
 733 004e 0E       		.uleb128 0xe
 734 004f 3A       		.uleb128 0x3a
 735 0050 0B       		.uleb128 0xb
 736 0051 3B       		.uleb128 0x3b
 737 0052 0B       		.uleb128 0xb
 738 0053 49       		.uleb128 0x49
 739 0054 13       		.uleb128 0x13
 740 0055 38       		.uleb128 0x38
 741 0056 0B       		.uleb128 0xb
 742 0057 00       		.byte	0
 743 0058 00       		.byte	0
 744 0059 08       		.uleb128 0x8
 745 005a 16       		.uleb128 0x16
 746 005b 00       		.byte	0
 747 005c 03       		.uleb128 0x3
 748 005d 0E       		.uleb128 0xe
 749 005e 3A       		.uleb128 0x3a
 750 005f 0B       		.uleb128 0xb
 751 0060 3B       		.uleb128 0x3b
 752 0061 0B       		.uleb128 0xb
 753 0062 49       		.uleb128 0x49
 754 0063 13       		.uleb128 0x13
 755 0064 00       		.byte	0
 756 0065 00       		.byte	0
 757 0066 09       		.uleb128 0x9
 758 0067 2E       		.uleb128 0x2e
 759 0068 00       		.byte	0
 760 0069 3F       		.uleb128 0x3f
 761 006a 19       		.uleb128 0x19
 762 006b 03       		.uleb128 0x3
 763 006c 0E       		.uleb128 0xe
 764 006d 3A       		.uleb128 0x3a
 765 006e 0B       		.uleb128 0xb
 766 006f 3B       		.uleb128 0x3b
 767 0070 0B       		.uleb128 0xb
 768 0071 27       		.uleb128 0x27
 769 0072 19       		.uleb128 0x19
 770 0073 20       		.uleb128 0x20
 771 0074 0B       		.uleb128 0xb
 772 0075 00       		.byte	0
 773 0076 00       		.byte	0
 774 0077 0A       		.uleb128 0xa
 775 0078 2E       		.uleb128 0x2e
 776 0079 00       		.byte	0
 777 007a 31       		.uleb128 0x31
 778 007b 13       		.uleb128 0x13
 779 007c 11       		.uleb128 0x11
 780 007d 01       		.uleb128 0x1
ARM GAS  C:\Users\Thomas\AppData\Local\Temp\ccjuoWfW.s 			page 31


 781 007e 12       		.uleb128 0x12
 782 007f 06       		.uleb128 0x6
 783 0080 40       		.uleb128 0x40
 784 0081 18       		.uleb128 0x18
 785 0082 9742     		.uleb128 0x2117
 786 0084 19       		.uleb128 0x19
 787 0085 00       		.byte	0
 788 0086 00       		.byte	0
 789 0087 0B       		.uleb128 0xb
 790 0088 2E       		.uleb128 0x2e
 791 0089 01       		.byte	0x1
 792 008a 3F       		.uleb128 0x3f
 793 008b 19       		.uleb128 0x19
 794 008c 03       		.uleb128 0x3
 795 008d 0E       		.uleb128 0xe
 796 008e 3A       		.uleb128 0x3a
 797 008f 0B       		.uleb128 0xb
 798 0090 3B       		.uleb128 0x3b
 799 0091 0B       		.uleb128 0xb
 800 0092 27       		.uleb128 0x27
 801 0093 19       		.uleb128 0x19
 802 0094 11       		.uleb128 0x11
 803 0095 01       		.uleb128 0x1
 804 0096 12       		.uleb128 0x12
 805 0097 06       		.uleb128 0x6
 806 0098 40       		.uleb128 0x40
 807 0099 18       		.uleb128 0x18
 808 009a 9742     		.uleb128 0x2117
 809 009c 19       		.uleb128 0x19
 810 009d 01       		.uleb128 0x1
 811 009e 13       		.uleb128 0x13
 812 009f 00       		.byte	0
 813 00a0 00       		.byte	0
 814 00a1 0C       		.uleb128 0xc
 815 00a2 1D       		.uleb128 0x1d
 816 00a3 00       		.byte	0
 817 00a4 31       		.uleb128 0x31
 818 00a5 13       		.uleb128 0x13
 819 00a6 11       		.uleb128 0x11
 820 00a7 01       		.uleb128 0x1
 821 00a8 12       		.uleb128 0x12
 822 00a9 06       		.uleb128 0x6
 823 00aa 58       		.uleb128 0x58
 824 00ab 0B       		.uleb128 0xb
 825 00ac 59       		.uleb128 0x59
 826 00ad 0B       		.uleb128 0xb
 827 00ae 00       		.byte	0
 828 00af 00       		.byte	0
 829 00b0 0D       		.uleb128 0xd
 830 00b1 898201   		.uleb128 0x4109
 831 00b4 00       		.byte	0
 832 00b5 11       		.uleb128 0x11
 833 00b6 01       		.uleb128 0x1
 834 00b7 31       		.uleb128 0x31
 835 00b8 13       		.uleb128 0x13
 836 00b9 00       		.byte	0
 837 00ba 00       		.byte	0
ARM GAS  C:\Users\Thomas\AppData\Local\Temp\ccjuoWfW.s 			page 32


 838 00bb 0E       		.uleb128 0xe
 839 00bc 898201   		.uleb128 0x4109
 840 00bf 00       		.byte	0
 841 00c0 11       		.uleb128 0x11
 842 00c1 01       		.uleb128 0x1
 843 00c2 9542     		.uleb128 0x2115
 844 00c4 19       		.uleb128 0x19
 845 00c5 31       		.uleb128 0x31
 846 00c6 13       		.uleb128 0x13
 847 00c7 00       		.byte	0
 848 00c8 00       		.byte	0
 849 00c9 0F       		.uleb128 0xf
 850 00ca 34       		.uleb128 0x34
 851 00cb 00       		.byte	0
 852 00cc 03       		.uleb128 0x3
 853 00cd 0E       		.uleb128 0xe
 854 00ce 3A       		.uleb128 0x3a
 855 00cf 0B       		.uleb128 0xb
 856 00d0 3B       		.uleb128 0x3b
 857 00d1 0B       		.uleb128 0xb
 858 00d2 49       		.uleb128 0x49
 859 00d3 13       		.uleb128 0x13
 860 00d4 02       		.uleb128 0x2
 861 00d5 18       		.uleb128 0x18
 862 00d6 00       		.byte	0
 863 00d7 00       		.byte	0
 864 00d8 10       		.uleb128 0x10
 865 00d9 2E       		.uleb128 0x2e
 866 00da 00       		.byte	0
 867 00db 3F       		.uleb128 0x3f
 868 00dc 19       		.uleb128 0x19
 869 00dd 03       		.uleb128 0x3
 870 00de 0E       		.uleb128 0xe
 871 00df 3A       		.uleb128 0x3a
 872 00e0 0B       		.uleb128 0xb
 873 00e1 3B       		.uleb128 0x3b
 874 00e2 0B       		.uleb128 0xb
 875 00e3 27       		.uleb128 0x27
 876 00e4 19       		.uleb128 0x19
 877 00e5 3C       		.uleb128 0x3c
 878 00e6 19       		.uleb128 0x19
 879 00e7 00       		.byte	0
 880 00e8 00       		.byte	0
 881 00e9 00       		.byte	0
 882              		.section	.debug_aranges,"",%progbits
 883 0000 34000000 		.4byte	0x34
 884 0004 0200     		.2byte	0x2
 885 0006 00000000 		.4byte	.Ldebug_info0
 886 000a 04       		.byte	0x4
 887 000b 00       		.byte	0
 888 000c 0000     		.2byte	0
 889 000e 0000     		.2byte	0
 890 0010 00000000 		.4byte	.LFB0
 891 0014 1C000000 		.4byte	.LFE0-.LFB0
 892 0018 00000000 		.4byte	.LFB1
 893 001c 1C000000 		.4byte	.LFE1-.LFB1
 894 0020 00000000 		.4byte	.LFB2
ARM GAS  C:\Users\Thomas\AppData\Local\Temp\ccjuoWfW.s 			page 33


 895 0024 30000000 		.4byte	.LFE2-.LFB2
 896 0028 00000000 		.4byte	.LFB3
 897 002c 30000000 		.4byte	.LFE3-.LFB3
 898 0030 00000000 		.4byte	0
 899 0034 00000000 		.4byte	0
 900              		.section	.debug_ranges,"",%progbits
 901              	.Ldebug_ranges0:
 902 0000 00000000 		.4byte	.LFB0
 903 0004 1C000000 		.4byte	.LFE0
 904 0008 00000000 		.4byte	.LFB1
 905 000c 1C000000 		.4byte	.LFE1
 906 0010 00000000 		.4byte	.LFB2
 907 0014 30000000 		.4byte	.LFE2
 908 0018 00000000 		.4byte	.LFB3
 909 001c 30000000 		.4byte	.LFE3
 910 0020 00000000 		.4byte	0
 911 0024 00000000 		.4byte	0
 912              		.section	.debug_line,"",%progbits
 913              	.Ldebug_line0:
 914 0000 B6000000 		.section	.debug_str,"MS",%progbits,1
 914      02005000 
 914      00000201 
 914      FB0E0D00 
 914      01010101 
 915              	.LASF15:
 916 0000 72656731 		.ascii	"reg16\000"
 916      3600
 917              	.LASF24:
 918 0006 50325F31 		.ascii	"P2_1_Wakeup\000"
 918      5F57616B 
 918      65757000 
 919              	.LASF20:
 920 0012 50325F31 		.ascii	"P2_1_BACKUP_STRUCT\000"
 920      5F424143 
 920      4B55505F 
 920      53545255 
 920      435400
 921              	.LASF3:
 922 0025 73686F72 		.ascii	"short unsigned int\000"
 922      7420756E 
 922      7369676E 
 922      65642069 
 922      6E7400
 923              	.LASF19:
 924 0038 73617665 		.ascii	"saveSrA1Reg\000"
 924      53724131 
 924      52656700 
 925              	.LASF11:
 926 0044 666C6F61 		.ascii	"float\000"
 926      7400
 927              	.LASF22:
 928 004a 50325F31 		.ascii	"P2_1_RestoreConfig\000"
 928      5F526573 
 928      746F7265 
 928      436F6E66 
 928      696700
 929              	.LASF21:
ARM GAS  C:\Users\Thomas\AppData\Local\Temp\ccjuoWfW.s 			page 34


 930 005d 50325F31 		.ascii	"P2_1_SaveConfig\000"
 930      5F536176 
 930      65436F6E 
 930      66696700 
 931              	.LASF1:
 932 006d 756E7369 		.ascii	"unsigned char\000"
 932      676E6564 
 932      20636861 
 932      7200
 933              	.LASF14:
 934 007b 72656738 		.ascii	"reg8\000"
 934      00
 935              	.LASF5:
 936 0080 6C6F6E67 		.ascii	"long unsigned int\000"
 936      20756E73 
 936      69676E65 
 936      6420696E 
 936      7400
 937              	.LASF9:
 938 0092 75696E74 		.ascii	"uint8\000"
 938      3800
 939              	.LASF12:
 940 0098 646F7562 		.ascii	"double\000"
 940      6C6500
 941              	.LASF28:
 942 009f 2E5C4765 		.ascii	".\\Generated_Source\\PSoC5\\P2_1_PM.c\000"
 942      6E657261 
 942      7465645F 
 942      536F7572 
 942      63655C50 
 943              	.LASF10:
 944 00c2 75696E74 		.ascii	"uint16\000"
 944      313600
 945              	.LASF8:
 946 00c9 756E7369 		.ascii	"unsigned int\000"
 946      676E6564 
 946      20696E74 
 946      00
 947              	.LASF26:
 948 00d6 50325F31 		.ascii	"P2_1_Enable\000"
 948      5F456E61 
 948      626C6500 
 949              	.LASF7:
 950 00e2 6C6F6E67 		.ascii	"long long unsigned int\000"
 950      206C6F6E 
 950      6720756E 
 950      7369676E 
 950      65642069 
 951              	.LASF29:
 952 00f9 433A5C55 		.ascii	"C:\\Users\\Thomas\\Documents\\PSoC Creator\\TASBot\\"
 952      73657273 
 952      5C54686F 
 952      6D61735C 
 952      446F6375 
 953 0127 54415342 		.ascii	"TASBot.cydsn\000"
 953      6F742E63 
 953      7964736E 
ARM GAS  C:\Users\Thomas\AppData\Local\Temp\ccjuoWfW.s 			page 35


 953      00
 954              	.LASF25:
 955 0134 50325F31 		.ascii	"P2_1_Stop\000"
 955      5F53746F 
 955      7000
 956              	.LASF16:
 957 013e 73697A65 		.ascii	"sizetype\000"
 957      74797065 
 957      00
 958              	.LASF23:
 959 0147 50325F31 		.ascii	"P2_1_Sleep\000"
 959      5F536C65 
 959      657000
 960              	.LASF6:
 961 0152 6C6F6E67 		.ascii	"long long int\000"
 961      206C6F6E 
 961      6720696E 
 961      7400
 962              	.LASF27:
 963 0160 474E5520 		.ascii	"GNU C 4.9.3 20150303 (release) [ARM/embedded-4_9-br"
 963      4320342E 
 963      392E3320 
 963      32303135 
 963      30333033 
 964 0193 616E6368 		.ascii	"anch revision 221220] -mcpu=cortex-m3 -mthumb -g -O"
 964      20726576 
 964      6973696F 
 964      6E203232 
 964      31323230 
 965 01c6 33202D66 		.ascii	"3 -ffunction-sections -finline-functions -flto -ffa"
 965      66756E63 
 965      74696F6E 
 965      2D736563 
 965      74696F6E 
 966 01f9 742D6C74 		.ascii	"t-lto-objects\000"
 966      6F2D6F62 
 966      6A656374 
 966      7300
 967              	.LASF13:
 968 0207 63686172 		.ascii	"char\000"
 968      00
 969              	.LASF2:
 970 020c 73686F72 		.ascii	"short int\000"
 970      7420696E 
 970      7400
 971              	.LASF4:
 972 0216 6C6F6E67 		.ascii	"long int\000"
 972      20696E74 
 972      00
 973              	.LASF17:
 974 021f 656E6162 		.ascii	"enableState\000"
 974      6C655374 
 974      61746500 
 975              	.LASF0:
 976 022b 7369676E 		.ascii	"signed char\000"
 976      65642063 
 976      68617200 
ARM GAS  C:\Users\Thomas\AppData\Local\Temp\ccjuoWfW.s 			page 36


 977              	.LASF30:
 978 0237 50325F31 		.ascii	"P2_1_backup\000"
 978      5F626163 
 978      6B757000 
 979              	.LASF18:
 980 0243 73617665 		.ascii	"saveSrA0Reg\000"
 980      53724130 
 980      52656700 
 981              		.comm	__gnu_lto_v1,1,1
 982              		.ident	"GCC: (GNU Tools for ARM Embedded Processors) 4.9.3 20150303 (release) [ARM/embedded-4_9-br
