ARM GAS  C:\Users\Thomas\AppData\Local\Temp\ccnSuyJj.s 			page 1


   1              		.syntax unified
   2              		.cpu cortex-m3
   3              		.fpu softvfp
   4              		.eabi_attribute 20, 1
   5              		.eabi_attribute 21, 1
   6              		.eabi_attribute 23, 3
   7              		.eabi_attribute 24, 1
   8              		.eabi_attribute 25, 1
   9              		.eabi_attribute 26, 1
  10              		.eabi_attribute 30, 2
  11              		.eabi_attribute 34, 1
  12              		.eabi_attribute 18, 4
  13              		.thumb
  14              		.file	"P2_2_PM.c"
  15              		.text
  16              	.Ltext0:
  17              		.section	.gnu.lto_.profile.b949adc8,"",%progbits
  18 0000 789C6366 		.ascii	"x\234cf```a\200\000F\006cY\000\000\367\000Y"
  18      60606061 
  18      80004606 
  18      63590000 
  18      F70059
  19              		.text
  20              		.section	.gnu.lto_.jmpfuncs.b949adc8,"",%progbits
  21 0000 789C6366 		.ascii	"x\234cf\300\016\004\2404\013\0203100C\231\014\000\002"
  21      C00E04A0 
  21      340B1033 
  21      31303043 
  21      990C0002 
  22 0014 C70021   		.ascii	"\307\000!"
  23              		.text
  24              		.section	.gnu.lto_.inline.b949adc8,"",%progbits
  25 0000 789C6366 		.ascii	"x\234cf\300\016\"\2404\013\003\003;\033#\003\023\307"
  25      C00E22A0 
  25      340B0303 
  25      3B1B2303 
  25      13C7
  26 0012 013B06B6 		.ascii	"\001;\006\266\005\362L 1&L!f\006\036\021\240\220@C-"
  26      05F24C20 
  26      31264C21 
  26      66061E11 
  26      A0904043 
  27 0027 5C88910B 		.ascii	"\\\210\221\013\254\235\233\027(\316\267!\027U\234\001"
  27      AC9D9B17 
  27      28CEB721 
  27      17559C01 
  28 0037 00917408 		.ascii	"\000\221t\010="
  28      3D
  29              		.text
  30              		.section	.gnu.lto_.pureconst.b949adc8,"",%progbits
  31 0000 789C6366 		.ascii	"x\234cf``\340d\200\000\026\006)&)f)\026)\000\002\321"
  31      6060E064 
  31      80001606 
  31      29262966 
  31      29162900 
  32 0016 0082     		.ascii	"\000\202"
  33              		.text
ARM GAS  C:\Users\Thomas\AppData\Local\Temp\ccnSuyJj.s 			page 2


  34              		.section	.gnu.lto_P2_2_SaveConfig.b949adc8,"",%progbits
  35 0000 789C8D91 		.ascii	"x\234\215\221;K\003A\024\205\357\271\331,\021\033\261"
  35      3B4B0341 
  35      1485EFB9 
  35      D92C111B 
  35      B1
  36 0011 4C6321A2 		.ascii	"Lc!\242MR\004\374\005\026VB\3006\020$\246U\010Z\212"
  36      4D5204FC 
  36      05165642 
  36      C0361024 
  36      A655085A 
  37 0026 BB123088 		.ascii	"\273\0220\210\250X\210`\264\020\304G\324\304W\277\012"
  37      A8588860 
  37      B410C447 
  37      D4C457BF 
  37      0A
  38 0037 82A05124 		.ascii	"\202\240Q$\205\220\302\027\021\264\0215\222\260\210"
  38      8590C217 
  38      11B41135 
  38      92B088
  39 0046 C63B1B7C 		.ascii	"\306;\033|\240 .\354\316\316\3343\347~g\306E\277\037"
  39      A0202EEC 
  39      CECEDC33 
  39      E77E67C6 
  39      45BF1F
  40 0059 AFBCB720 		.ascii	"\257\274\267 j\222\021.\002O\034\023\231\036\006\324"
  40      6A92112E 
  40      024F1C13 
  40      991E06D4 
  41 0069 0F810619 		.ascii	"\017\201\006\031\203\270\343G\306\204\225\232\256m^"
  41      83B8E347 
  41      C684959A 
  41      AE6D5E
  42 0078 300CE361 		.ascii	"0\014\343a>k\006-\330LT\344\252\017\026\321L\"z\214"
  42      3E6B062D 
  42      D84C54E4 
  42      AA0F16D1 
  42      4C227A8C 
  43 008c BF9ED5EA 		.ascii	"\277\236\325\352q\021\325UkX\202.\376\224\256\267\214"
  43      7111D555 
  43      6B58822E 
  43      FE94AEB7 
  43      8C
  44 009d 4AA5B8B3 		.ascii	"J\245\270\263[\202\316d34\365!*\210H\265\272aV\243+"
  44      5B82CE64 
  44      3334F521 
  44      2A8848B5 
  44      BA6156A3 
  45 00b2 8FBDD2C8 		.ascii	"\217\275\322\310\375T\215\332Wf\325\3670\263\177\304"
  45      FD548DDA 
  45      5766D5F7 
  45      30B37FC4 
  46 00c2 B76C338F 		.ascii	"\267l3\217\036\230\206\246\272\\\024NN=\316\022\251"
  46      1E9886A6 
  46      BA5C144E 
  46      4E3DCE12 
  46      A9
ARM GAS  C:\Users\Thomas\AppData\Local\Temp\ccnSuyJj.s 			page 3


  47 00d3 E9F3FD69 		.ascii	"\351\363\375i\026\263\2301\343\302\344\3022\274X\201"
  47      16B39831 
  47      E3C2E4C2 
  47      32BC5881 
  48 00e3 24434A56 		.ascii	"$CJV)\217\241\311\253\006\345'\322\271\334\330:\017"
  48      298FA1C9 
  48      AB06E527 
  48      D2B9DCD8 
  48      3A0F
  49 00f5 BC1809C3 		.ascii	"\274\030\011\303c\263\366\252\010\277\373i\316t\311"
  49      63B3F6AA 
  49      08BFFB69 
  49      CE74C9
  50 0104 8C271D3F 		.ascii	"\214'\035?C\251\334X\305\000\326\224\241\324\336V\307"
  50      43A9DC58 
  50      C500D694 
  50      A1D4DE56 
  50      C7
  51 0115 37755F4A 		.ascii	"7u_J\002Z-6\353X\027\341\223s\010H\303'\304\344$(}$"
  51      025A2D36 
  51      EB5817E1 
  51      93730848 
  51      C327C4E4 
  52 012d D064CFE5 		.ascii	"\320d\317\345u&\255;\270\311\217\004\303\271\255\204"
  52      7526AD3B 
  52      B8C98F04 
  52      C3B9AD84 
  53 013d FE859CF9 		.ascii	"\376\205\234\371D\336\370'\362O\306\315?\030\267\034"
  53      44DEF827 
  53      F24FC6CD 
  53      3F18B71C 
  54 014d 46750BD8 		.ascii	"Fu\013\330V\214\032\235\303\264\312n\325@\221\027\244"
  54      568C1A9D 
  54      C3B4CA6E 
  54      D5409117 
  54      A4
  55 015e 26672FCE 		.ascii	"&g/\316\215\376P{\264'\032\353\352\213v\207;{\373c\221"
  55      8DFE507B 
  55      B4271AEB 
  55      EA8B7687 
  55      3B7BFB63 
  56 0173 6828D8D9 		.ascii	"h(\330\331\333\326\032\012\006\302\201p\260\303\037"
  56      DBD61A0A 
  56      06C28170 
  56      B0C31F
  57 0182 A177C39A 		.ascii	"\241w\303\232\274&"
  57      BC26
  58              		.text
  59              		.section	.gnu.lto_P2_2_RestoreConfig.b949adc8,"",%progbits
  60 0000 789C7590 		.ascii	"x\234u\220\315KBA\024\305\357\271>\037\202\233h%n#\\"
  60      CD4B4241 
  60      14C5EFB9 
  60      3E1F829B 
  60      68256E23 
  61 0015 482E84FE 		.ascii	"H.\204\376\202\240V\201\341V\220(\267\011QK\361\275"
  61      82A05681 
  61      E1569028 
ARM GAS  C:\Users\Thomas\AppData\Local\Temp\ccnSuyJj.s 			page 4


  61      B709514B 
  61      F1BD
  62 0027 3072117D 		.ascii	"0r\021}\255\202\254]dej\032\255E\010\202J\211\202\300"
  62      AD82AC5D 
  62      64656A1A 
  62      AD450882 
  62      4A8982C0 
  63 003b A0220C6A 		.ascii	"\240\"\014j\023\231A<\302l\346IEV\003\363u\347\3149"
  63      1399413C 
  63      C26CE649 
  63      455603F3 
  63      75E7CC39 
  64 004f BF190BFD 		.ascii	"\277\031\013\375nN\321+ \352\0263,\004^(\021\3516\006"
  64      6E4ED12B 
  64      20EA1633 
  64      2C045E28 
  64      11E93606 
  65 0063 E4824051 		.ascii	"\344\202@QF\024\017\\c,\024\266\227\355\256uM\323\236"
  65      46140F5C 
  65      632C14B6 
  65      97EDAE75 
  65      4DD39E
  66 0076 8A79C7B4 		.ascii	"\212y\307\264\303`\242:\267l\260\001\027\011M-\326\270"
  66      C360A23A 
  66      B76CB001 
  66      17094D2D 
  66      D6B8
  67 0088 B0AB31A1 		.ascii	"\260\2531\241\351h\235!\011U\330S\246\263\2405\233\365"
  67      E9689D21 
  67      0955D853 
  67      A6B3A035 
  67      9BF5
  68 009a D262D20D 		.ascii	"\322b\322\015\225\311`(r \252\012\225\214\272c\226\263"
  68      95C96028 
  68      7220AA0A 
  68      958CBA63 
  68      96B3
  69 00ac A582A9FD 		.ascii	"\245\202\251\375ZyH\336{e\031\273v6\227\346\310\233"
  69      5A7948DE 
  69      7B6519BB 
  69      763697E6 
  69      C89B
  70 00be 16D76C06 		.ascii	"\026\327l\006sC\232\212\352u\265|j\273gQ1\267I=\226"
  70      73439A8A 
  70      EA75B57C 
  70      6ABB6751 
  70      31B7493D 
  71 00d3 C02A5674 		.ascii	"\300*VtM\252,\330D\004[p\232g\357\251\371\234\332\343"
  71      4DAA2CD8 
  71      44045B70 
  71      9A67EFA9 
  71      F99CDAE3 
  72 00e7 3658C1B6 		.ascii	"6X\301\266\320<\233\310H\241G<\274\270\004\231$TG\331"
  72      D03C9BC8 
  72      48A1473C 
  72      BCB80499 
  72      245447D9 
ARM GAS  C:\Users\Thomas\AppData\Local\Temp\ccnSuyJj.s 			page 5


  73 00fb 83639686 		.ascii	"\203c\226\206\326\331C]S~dXM\237\227\307\323\0233#\006"
  73      D6D9435D 
  73      537E6458 
  73      4D9F97C7 
  73      D3133323 
  74 0110 8355ECC0 		.ascii	"\203U\354\300\211\264\214@FT\005+I\364\305s\264\320"
  74      89B48C40 
  74      4654052B 
  74      49F4C573 
  74      B4D0
  75 0122 957FD1DB 		.ascii	"\225\177\321\333Y\263\177\263\356\232\254\362\357\220"
  75      59B37FB3 
  75      EE9AACF2 
  75      EF90
  76 0130 6B63BDB9 		.ascii	"kc\275\271\315fT\023,\361\311:s\226\217\253\337p\371"
  76      CD665413 
  76      2CF1C93A 
  76      73968FAB 
  76      DF70F9
  77 0143 2FB83D13 		.ascii	"/\270=\023N\241+\350\205\313~i \237_\025\306\342\267"
  77      4EA12BE8 
  77      85CB7E69 
  77      209F5F15 
  77      C6E2B7
  78 0156 05519727 		.ascii	"\005Q\227'0\020\032\013\215\017O\204F\203\376\360\344"
  78      30101A0B 
  78      8D0F4F84 
  78      4683FEF0 
  78      E4
  79 0167 F84828E0 		.ascii	"\370H(\340\363\207\373z\003>o\320\033\364\015zF\350"
  79      F387FB7A 
  79      033E6FD0 
  79      1BF40D7A 
  79      46E8
  80 0179 03FE64B2 		.ascii	"\003\376d\262!"
  80      21
  81              		.text
  82              		.section	.gnu.lto_P2_2_Sleep.b949adc8,"",%progbits
  83 0000 789C9592 		.ascii	"x\234\225\222Oh\023Q\020\306gf7\233lRA<\225\036\364"
  83      4F681351 
  83      10C66766 
  83      379B6C52 
  83      413C951E 
  84 0015 20522FED 		.ascii	" R/\355\241 \036=x\350I\010\364\032\010Rs\022,\024="
  84      A1201E3D 
  84      78E84908 
  84      F41A0852 
  84      73122C14 
  85 002a 86EE3611 		.ascii	"\206\3566\021E\212\326\240U0\361\244m5\265\211\251m"
  85      458AD6A0 
  85      5530F1A4 
  85      6D35B589 
  85      A96D
  86 003c D558B388 		.ascii	"\325X\263\210%\202\242\210\242P$Z\251P\221\026c\244"
  86      2582A288 
  86      A250245A 
  86      A9509116 
ARM GAS  C:\Users\Thomas\AppData\Local\Temp\ccnSuyJj.s 			page 6


  86      63A4
  87 004e BA48AC33 		.ascii	"\272H\2543o\255\324\224\012.\354\373\373\275\231\337"
  87      6FADD494 
  87      0A2EECFB 
  87      FBBD99DF 
  88 005e FBE669B0 		.ascii	"\373\346i\260\361k\341\377\260\006\260\213{\324\000"
  88      F16BE1FF 
  88      B006B08B 
  88      7BD400
  89 006d 69F02980 		.ascii	"i\360)\200\035 D\031\000B\037a\037~\244*\341\240\223"
  89      1D204419 
  89      00421F61 
  89      1F7EA42A 
  89      E1A093
  90 0080 BD186ABD 		.ascii	"\275\030j\275jY\326\347T\261\371x\263K\0005\362\302"
  90      6A59D6E7 
  90      54B1F978 
  90      B34B0035 
  90      F2C2
  91 0092 E008B602 		.ascii	"\340\010\266\002k\252\311\372\353\220\221d\315Vo\017"
  91      6BAAC9FA 
  91      EB909164 
  91      CD566F0F 
  92 00a2 47D140EE 		.ascii	"G\321@\356s\333\034kuub\351\354\342^lBp\211\223q\243"
  92      73DB1C6B 
  92      757562E9 
  92      ECE25E6C 
  92      42708993 
  93 00b8 73433E19 		.ascii	"sC>\031\231\334hAi\000\026\370\244\244\377@$\2756\207"
  93      99DC6841 
  93      690016F8 
  93      A4A4FF40 
  93      24BD3687 
  94 00cc 0F564E55 		.ascii	"\017VNU2y\224h\337H\343D/\317\227^\005\026\311%\275"
  94      32799468 
  94      DF48E344 
  94      2FCF975E 
  94      0516C925 
  95 00e1 FEC8B674 		.ascii	"\376\310\266t\311\375v\341\331so\011d:ye$\201\031\274"
  95      C9FD76E1 
  95      D9736F09 
  95      643A7965 
  95      248119BC 
  96 00f5 6427D125 		.ascii	"d'\321%\037^\303\026\274\216|]\314\362*\314a\342\273"
  96      1F5EC316 
  96      BC8E7C5D 
  96      CCF22ACC 
  96      61E2BB
  97 0108 E185432F 		.ascii	"\341\205C/b9\263X\320\3458\"\340\030+YR8\361P\367D:"
  97      6239B358 
  97      D0E53822 
  97      E0182B59 
  97      5238F150 
  98 011f EB58640F 		.ascii	"\353Xd\017\027\007\374J\304\201n(Q\177\305\357I|\254"
  98      1707FC4A 
  98      C4816E28 
  98      517FC5EF 
ARM GAS  C:\Users\Thomas\AppData\Local\Temp\ccnSuyJj.s 			page 7


  98      497CAC
  99 0132 92796A7E 		.ascii	"\222yj~\273,\260\372\362\213\323\343\024\377a\235\264"
  99      BB2CB0FA 
  99      F28BD3E3 
  99      14FF619D 
  99      B4
 100 0143 022E1975 		.ascii	"\002.\031u\361c=\247\241\246\243v2\2558-Q\371q\034\343"
 100      F1633DA7 
 100      A1A6A376 
 100      32AD382D 
 100      51F9711C 
 101 0158 981350DE 		.ascii	"\230\023P\336\3739v\246`\264e\331Ng\267K\001\314\263"
 101      FB3976A6 
 101      60B465D9 
 101      4E67B74B 
 101      01CCB3
 102 016b F08BB21C 		.ascii	"\360\213\262\034ob\033\247\2047\230p\212e\222\204\320"
 102      6F621BA7 
 102      84379870 
 102      8A659284 
 102      D0
 103 017c 98D1AC29 		.ascii	"\230\321\254)\314\002\306\331\326 (\027\227\207\314"
 103      CC02C6D9 
 103      D6202817 
 103      9787CC
 104 018b BFCAE4CC 		.ascii	"\277\312\344\314\224I\025\251\306^7\024\020'8(\340-"
 104      944915A9 
 104      C65E3714 
 104      10273828 
 104      E02D
 105 019d B99C9C7A 		.ascii	"\271\234\234z\234\237}B\002\036\032\330\340yH\361~\035"
 105      9C9F7D42 
 105      021E1AD8 
 105      E07948F1 
 105      7E1D
 106 01af 9E9D36E5 		.ascii	"\236\2356\345.\347l\316\337\204\223l\372\2242}\3323"
 106      2EE76CCE 
 106      DF84936C 
 106      FA94327D 
 106      DA33
 107 01c1 BD3F559D 		.ascii	"\275?U\235\332'\0217u\247\321\216\333\233\332\261\005"
 107      DA271137 
 107      75A7D18E 
 107      DB9BDAB1 
 107      05
 108 01d2 EF283BD0 		.ascii	"\357(;\320\003\305\273\342\210\351]se\310\364\270\203"
 108      03C5BBE2 
 108      88E95D73 
 108      65C8F4B8 
 108      83
 109 01e3 7CECDDFB 		.ascii	"|\354\335\373|\316P\220\3515\356O\027\226\323\301u\240"
 109      7CCE5090 
 109      E935EE4F 
 109      1796D3C1 
 109      75A0
 110 01f5 C53FA0F7 		.ascii	"\305?\240\367\326@\347w\374\027\347\314?8\357+N\372"
 110      D640E777 
ARM GAS  C:\Users\Thomas\AppData\Local\Temp\ccnSuyJj.s 			page 8


 110      FC17E7CC 
 110      3F38EF2B 
 110      4EFA
 111 0207 CD5912CE 		.ascii	"\315Y\022\316 T\320vJ\235\252p O\036\345\251s\360\235"
 111      2054D076 
 111      4A9DAA70 
 111      204F1EE5 
 111      A973F09D 
 112 021b ED91CED8 		.ascii	"\355\221\316\330\221X\357\301\243\261C\321\256\236c"
 112      9158EFC1 
 112      A3B143D1 
 112      AE9E63
 113 022a BDDDB148 		.ascii	"\275\335\261H\270\253g\377\236H\270#\332\021\015\037"
 113      B8AB67FF 
 113      9E48B823 
 113      DA110D1F 
 114 023a 68EF865F 		.ascii	"h\357\206_\311\272A\317"
 114      C9BA41CF 
 115              		.text
 116              		.section	.gnu.lto_P2_2_Wakeup.b949adc8,"",%progbits
 117 0000 789C8D92 		.ascii	"x\234\215\222\317k\023A\024\307\337\367\355v6I{(\236"
 117      CF6B1341 
 117      14C7DFF7 
 117      ED763649 
 117      7B289E
 118 0013 4A0FB988 		.ascii	"J\017\271\210\366 \255P\351_\340A\020\204H\257\201 "
 118      F620AD50 
 118      E95FE041 
 118      108448AF 
 118      8120
 119 0025 35570B45 		.ascii	"5W\013E\217\241\263m\204\036\212\326P\250`\252^\254"
 119      8FA1B36D 
 119      841E8AD6 
 119      50A860AA 
 119      5EAC
 120 0037 D5D426A9 		.ascii	"\325\324&\251\332jzY\304\212\250X\212\2770\210\212T"
 120      DA6A7A59 
 120      C48AA858 
 120      8ABF3088 
 120      8A54
 121 0049 50043146 		.ascii	"P\0041F(Aj}3\361WS\005\027fg\347\315w\276\337\317\260"
 121      28416A7D 
 121      33F15753 
 121      05176667 
 121      E7CD77BE 
 122 0060 CFA1ADCF 		.ascii	"\317\241\255\317\036\031e&\332!3\232\010<\366\220\310"
 122      1E196526 
 122      DA21339A 
 122      083CF690 
 122      C8
 123 0071 0F313BA5 		.ascii	"\0171;\245(\351\210\373t7\351\026\007n\275\354\002\346"
 123      28E988FB 
 123      7437E916 
 123      076EBDEC 
 123      02E6
 124 0083 834083EC 		.ascii	"\203@\203\354\270\030\304{\2560\306\202\334\351\346"
 124      B818C47B 
ARM GAS  C:\Users\Thomas\AppData\Local\Temp\ccnSuyJj.s 			page 9


 124      AE30C682 
 124      DCE9E6
 125 0092 8E0B5AEB 		.ascii	"\216\013Z\353OC+m\307\333j\342W\345\272?.\242\203DS"
 125      4F432B6D 
 125      C7DB6AE2 
 125      57E5BA3F 
 125      2EA28344 
 126 00a7 49AF3F6B 		.ascii	"I\257?kVi\321\264\326\3670\015\005\231\363\333\002\275"
 126      5669D1B4 
 126      D6F7300D 
 126      0599F3DB 
 126      02BD
 127 00b9 B151BD9D 		.ascii	"\261Q\275\235\031\331\311a\227j\014%/\366\314\213hU"
 127      19D9C961 
 127      976A0C25 
 127      2FF6CC8B 
 127      6855
 128 00cb 86497C2B 		.ascii	"\206I|+\013\231\2352\206\346+\313\0077\031\006\343\021"
 128      0B999D32 
 128      86E62BCB 
 128      07371906 
 128      E311
 129 00dd EB566534 		.ascii	"\353Ve4&\341\222\270\021.C\255\261\222\275\263\217N"
 129      26E192B8 
 129      112E43AD 
 129      B192BDB3 
 129      8F4E
 130 00ef CC72EAAB 		.ascii	"\314r\352\253\036\321\241\032;\353\206C\252\257V\227"
 130      1ED1A11A 
 130      3BEB8643 
 130      AAAF5697 
 131 00ff 5742EF58 		.ascii	"WB\357X*v9\355\247\263\230\304\031_\033\225\213\034"
 131      2A7639ED 
 131      A7B398C4 
 131      195F1B95 
 131      8B1C
 132 0111 529841BB 		.ascii	"R\230A\273\335\3736srNu\346\304\374\3749\247\306M\270"
 132      DDFB3673 
 132      724E75E6 
 132      C4FCFC39 
 132      A7C64DB8 
 133 0125 22CACFE2 		.ascii	"\"\312\317\342c\2230\213N*\343V\006&R\344\367\013K\017"
 133      6393308B 
 133      4E2AE356 
 133      062652E4 
 133      F70B4B0F 
 134 0139 D838ABD1 		.ascii	"\3308\253\321\273\276v7\205)k\370eji!l\302\306}\011"
 134      BBBE7637 
 134      85296BF8 
 134      656A6921 
 134      6CC2C67D 
 135 014e F390473B 		.ascii	"\363\220G;\012&\014Eq\026j2W>\365\030\365Kx\377\274"
 135      0A260C45 
 135      71166A32 
 135      573EF518 
 135      F54B78FF 
 136 0163 4423F5DC 		.ascii	"D#\365\334\026\352]\206\367\252\345\305\017\336k\015"
ARM GAS  C:\Users\Thomas\AppData\Local\Temp\ccnSuyJj.s 			page 10


 136      16EA5D86 
 136      F7AAE5C5 
 136      0FDE6B0D 
 137 0173 BCAFDF14 		.ascii	"\274\257\337\024\362\312\302e\177\362~\230\370\230\215"
 137      F2CAC265 
 137      7FF27E98 
 137      F8988D
 138 0182 FC0178FD 		.ascii	"\374\001x\375\027\340\274\005\364,`\361N\3063\377`\215"
 138      17E0BC05 
 138      F42C60F1 
 138      4EC633FF 
 138      608D
 139 0194 DDFF265C 		.ascii	"\335\377&\\\370\033a\0107,\241m\221\233\202\367\004"
 139      F81B6108 
 139      372CA16D 
 139      919B82F7 
 139      04
 140 01a5 E9E7C3D1 		.ascii	"\351\347\303\321\337\336\376\324\342\250g\020\245yP"
 140      DFDEFED4 
 140      E2A86710 
 140      A57950
 141 01b4 32C7C9B4 		.ascii	"2\307\311\264\207C\245\250\363\002\303\301\344\275\026"
 141      8743A5A8 
 141      F302C3C1 
 141      E4BD16
 142 01c3 23A6468C 		.ascii	"#\246F\214p\325xb\021)\351\254\210=\343\332\226z\011"
 142      70D57862 
 142      1129E9AC 
 142      883DE3DA 
 142      967A09
 143 01d6 3F28EEB7 		.ascii	"?(\356\267g\3104\034LU\244\333\273\342\373\222G\222"
 143      67C8341C 
 143      4C55A4DB 
 143      BBE2FB92 
 143      4792
 144 01e8 03878E26 		.ascii	"\003\207\216&\017'z\373\217\015\364%\343\261\336\376"
 144      0F277AFB 
 144      8F0DF425 
 144      E3B1DEFE 
 145 01f8 BD3DF158 		.ascii	"\275=\361Xw\242;\021;\320\325G\337\001o\320\0147"
 145      77A23B11 
 145      3BD0D547 
 145      DF016FD0 
 145      0C37
 146              		.text
 147              		.section	.gnu.lto_.symbol_nodes.b949adc8,"",%progbits
 148 0000 789C55C8 		.ascii	"x\234U\310A\015\2000\020\005\321\351n\267A\020\332\270"
 148      410D8030 
 148      1005D1E9 
 148      6EB74110 
 148      DAB8
 149 0012 FE4A4001 		.ascii	"\376J@\001\251\011\034p\306\003\011:\010$p(s{\343\300"
 149      A9091C70 
 149      C603093A 
 149      08247028 
 149      737BE3C0 
 150 0026 C49725C1 		.ascii	"\304\227%\301\274\203\304\322\006\002\232\311\315\224"
ARM GAS  C:\Users\Thomas\AppData\Local\Temp\ccnSuyJj.s 			page 11


 150      BC83C4D2 
 150      06029AC9 
 150      CD94
 151 0034 FA6D2EFB 		.ascii	"\372m.\3739\313{\247P~M\255\017\213\242\243{\260\035"
 151      39CB7BA7 
 151      507E4DAD 
 151      0F8BA2A3 
 151      7BB01D
 152 0047 57F25C38 		.ascii	"W\362\\8\327\221\033\317\310\035\246"
 152      D7911BCF 
 152      C81DA6
 153              		.text
 154              		.section	.gnu.lto_.refs.b949adc8,"",%progbits
 155 0000 789C25C8 		.ascii	"x\234%\310\321\011\000 \014\304\320\244WA\\\304\375"
 155      D1090020 
 155      0CC4D0A4 
 155      57415CC4 
 155      FD
 156 0011 371469BE 		.ascii	"7\024i\276\036\011p\231\012-\355\372\300$\272t\353I"
 156      1E097099 
 156      0A2DEDFA 
 156      C024BA74 
 156      EB49
 157 0023 CFC2C503 		.ascii	"\317\302\305\003\015{\000w"
 157      0D7B0077 
 158              		.text
 159              		.section	.gnu.lto_.decls.b949adc8,"",%progbits
 160 0000 789C8D54 		.ascii	"x\234\215TmL\223W\024~Oo\277[;3\0235\374j0!\333b\214"
 160      6D4C9357 
 160      147E4F6F 
 160      BF5B3B33 
 160      1335FC6A 
 161 0019 988CF867 		.ascii	"\230\214\370g\231J\026\177\230-\215h\366C\022\206\354"
 161      994A167F 
 161      982D8D68 
 161      F6431286 
 161      EC
 162 002a 95190D65 		.ascii	"\225\031\015e\010K\374w\201L;&\213\340&\025\235\251"
 162      084BFC77 
 162      814C3B26 
 162      8BE02615 
 162      9DA9
 163 003c 0144142B 		.ascii	"\001D\024+jA\352\307\250L\035\037\253\237\210\026'B"
 163      6A41EAC7 
 163      A84C1D1F 
 163      AB9F8816 
 163      2742
 164 004e C1A873D3 		.ascii	"\301\250s\323\272\271\251\323\331\235{\336\267\366\255"
 164      BAB9A9D3 
 164      D99D7BDE 
 164      B7F6AD
 165 005d 01E74D4E 		.ascii	"\001\347MN{\357}\237\363\234\347\236{\356a\222$\005"
 165      7BEF7D9F 
 165      F39CE79E 
 165      7BEE6192 
 165      2405
 166 006f 4092E238 		.ascii	"@\222\3428.\231$)\035\347\006\334sI\311aDkE\363\243"
ARM GAS  C:\Users\Thomas\AppData\Local\Temp\ccnSuyJj.s 			page 12


 166      2E992429 
 166      1DE706DC 
 166      7349C961 
 166      446B45F3 
 167 0084 B5A11D12 		.ascii	"\265\241\035\022>h\035h\010\227.J\251C`M*\207\023\355"
 167      3E681D68 
 167      08972E4A 
 167      A943604D 
 167      2A8713ED 
 168 0098 2ADA15B4 		.ascii	"*\332\025\264\010\3329\2643h:\264^\264\260\312\321:"
 168      08DA39B4 
 168      33683AB4 
 168      5EB4B0CA 
 168      D13A
 169 00aa 0997FF25 		.ascii	"\011\227\377%.-\307\020\332\340\004\\\376I\270\204v"
 169      2E2DC710 
 169      DAE0045C 
 169      FE49B884 
 169      76
 170 00bb 87CA351D 		.ascii	"\207\3125\035\355\272\3129\216\026\325p\237@\273\211"
 170      EDBACA39 
 170      8E16D570 
 170      9F40BB89 
 171 00cb D6A2D12E 		.ascii	"\326\242\321.\3421\264>M,\246r\006^\241_\344\312\246"
 171      E231B43E 
 171      4D2CA672 
 171      065EA15F 
 171      E4CAA6
 172 00de 8939D919 		.ascii	"\2119\331\031\2641\231&F\237\272>\244\236k\262\234?"
 172      B4319926 
 172      469FBA3E 
 172      A49E6BB2 
 172      9C3F
 173 00f0 D041D0FF 		.ascii	"\320A\320\3770l\273\255\003\207\325)\226Gk{\274F\\\332"
 173      306CBBAD 
 173      0387D529 
 173      96476B7B 
 173      BC465CDA 
 174 0104 AD7AB13C 		.ascii	"\255z\261<\3664:\240\237\361\035\307\261\271\222O\325"
 174      F6343AA0 
 174      9FF11DC7 
 174      B1B9924F 
 174      D5
 175 0115 836B3A34 		.ascii	"\203k:4C\032\354\2014dl\201\031\370\273B\2570\205\333"
 175      431AEC81 
 175      34646C81 
 175      19F8BB42 
 175      AF3085DB 
 176 0129 3AE256A6 		.ascii	":\342V\246\0031o\360\216\016Xg\357E7\017\017\235\327"
 176      03316FF0 
 176      8E0E5867 
 176      EF45370F 
 176      0F9DD7
 177 013c 25C37DB3 		.ascii	"%\303}\263=\322\017\316\235|\244-\026\034\210\330y\017"
 177      3DD20FCE 
 177      9D7CA42D 
 177      161C88D8 
ARM GAS  C:\Users\Thomas\AppData\Local\Temp\ccnSuyJj.s 			page 13


 177      790F
 178 014e 0FC5E35D 		.ascii	"\017\305\343]\034\210\014\366\002\203}0[`\305\234\234"
 178      1C880CF6 
 178      02837D30 
 178      5B60C59C 
 178      9C
 179 015f A0159CE8 		.ascii	"\240\025\234\350xk\313\351Z\013{\217\330kzj\232LD\342"
 179      786BCBE9 
 179      5A0B7B8F 
 179      D86B7A6A 
 179      9A4C44E2 
 180 0173 DBD1604C 		.ascii	"\333\321`LP\020\303~\015\303\376\004\203\237\030vGG"
 180      5010C37E 
 180      0DC3FE04 
 180      839F1876 
 180      4747
 181 0185 3DC05CC4 		.ascii	"=\300\\\304\320\354\011l\0232|m\276\210\312\360>\371"
 181      D0EC096C 
 181      13327C6D 
 181      BE88CAF0 
 181      3EF9
 182 0197 1FD0F81F 		.ascii	"\037\320\370\037H\370\267\221\377P\235/ng+\310\377\356"
 182      48F8B791 
 182      FF509D2F 
 182      6E672BC8 
 182      FFEE
 183 01a9 F32D5BCD 		.ascii	"\363-[\315\212\277\247I\353\177P\343\1770\341\177\210"
 183      8ABFA749 
 183      EB7F50E3 
 183      7F30E17F 
 183      88
 184 01ba FCC747AB 		.ascii	"\374\307G\253\233m\254\220\374[6m\356\263\211\023\360"
 184      9B6DAC90 
 184      FC5B366D 
 184      EEB38913 
 184      F0
 185 01cb D89DB1E8 		.ascii	"\330\235\261\350\374m|W\005\177\036\217\253i8\254!9"
 185      FC6D7C57 
 185      057F1E8F 
 185      AB6938AC 
 185      2139
 186 01dd 9C200910 		.ascii	"\234 \011\020\311\343\336\313\247\034\254\026\210%\370"
 186      C9E3DECB 
 186      A71CAC16 
 186      8825F8
 187 01ec BCBBD14C 		.ascii	"\274\273\321L,\276\352\206\015N\215\214v\015C{\202\241"
 187      2CBEEA86 
 187      0D4E8D8C 
 187      760D437B 
 187      82A1
 188 01fe 83186E3C 		.ascii	"\203\030n<\272\321m\242\013\237+8j\277\354\354t\320"
 188      BAD16DA2 
 188      0B9F2B38 
 188      6ABFECEC 
 188      74D0
 189 0210 851BC5F2 		.ascii	"\205\033\305\362\321\277\235\207-l\247\302?\330\265"
 189      D1BF9D87 
ARM GAS  C:\Users\Thomas\AppData\Local\Temp\ccnSuyJj.s 			page 14


 189      2D6CA7C2 
 189      3FD8B5
 190 021f 71A3991D 		.ascii	"q\243\231\035T\026\345\273\217m\022~\323\255\312E\366"
 190      5416E5BB 
 190      8F6D127E 
 190      D3ADCA45 
 190      F6
 191 0230 D79F64B4 		.ascii	"\327\237d\264\214\213\317\272H\344\333'\014\254\031"
 191      8C8BCFBA 
 191      48E4DB27 
 191      0CAC19
 192 023f 1ECE2B78 		.ascii	"\036\316+x\254\226\263\231\022\314N\203\267\323$\370"
 192      AC96B399 
 192      12CC4E83 
 192      B7D324F8 
 193 024f 01321046 		.ascii	"\0012\020Fz\340\030\026\317q,\236F,\215\330\375\323"
 193      7AE01816 
 193      CF712C9E 
 193      462C8DD8 
 193      FDD3
 194 0261 7B9754F2 		.ascii	"{\227T\362\005p\002\254p\364\205b\212\240\226K\227\377"
 194      057002AC 
 194      70F48562 
 194      8AA0964B 
 194      97FF
 195 0273 92D7CCAE 		.ascii	"\222\327\314\256)\012\372\243\217\377\264\223\362\251"
 195      290AFAA3 
 195      8FFFB493 
 195      F2A9
 196 0281 62597FE5 		.ascii	"bY\177\345\346CF\312ub\371\375\037\367\216[\330\255"
 196      E64346CA 
 196      7562F9FD 
 196      1FF78E5B 
 196      D8AD
 197 0293 54B14E45 		.ascii	"T\261NEl\335\335\307\0013-\343q&\324>\035\3637\033!"
 197      6CDDDDC7 
 197      01332DE3 
 197      7126D43E 
 197      1DF3371B 
 198 02a8 C32A64F8 		.ascii	"\303*d\370\366M\0018\203\022\272\223\022\234\252\004"
 198      F64D0138 
 198      8312BA93 
 198      129CAA04 
 199 02b8 3A0DAFE4 		.ascii	":\015\257\344\206=\016\011B\250\375$j\207\323x \247"
 199      863D0E09 
 199      42A8FD24 
 199      6A87D378 
 199      20A7
 200 02ca 7AA01F71 		.ascii	"z\240\037q\363\024nb\224\343}=\017L\354\236\242\340"
 200      F3146E62 
 200      94E37D3D 
 200      0F4CEC9E 
 200      A2E0
 201 02dc 596765A5 		.ascii	"Yge\245\216\375C\013\303\251s\355\325zHO\237\226\221"
 201      8EFD430B 
 201      C3A973ED 
 201      D57A484F 
ARM GAS  C:\Users\Thomas\AppData\Local\Temp\ccnSuyJj.s 			page 15


 201      9F9691
 202 02ef EE43C6D8 		.ascii	"\356C\306\330\235\312\355\016/\367\235T\342\376\204"
 202      9DCAED0E 
 202      2FF79D54 
 202      E2FE84
 203 02fe 71FB615A 		.ascii	"q\373aZ\222\377-\361\270B\342\211I\002>\362kGn\250\234"
 203      92FF2DF1 
 203      B842E289 
 203      49023EF2 
 203      6B476EA8 
 204 0313 519ABA54 		.ascii	"Q\232\272T\254\232ZB\276#\2005\364F9_P\"\301\021$\352"
 204      AC9A5A42 
 204      BE238035 
 204      F446395F 
 204      5022C111 
 205 0329 A4172AA0 		.ascii	"\244\027*\240(\023~F\305}\220\016\275haH\247\263\211"
 205      28137E46 
 205      C57D900E 
 205      BD686148 
 205      A7B389
 206 033c B38FDC9E 		.ascii	"\263\217\334\236g\026 )Q-\312\240\250\277w~\022\252"
 206      67162029 
 206      512DCAA0 
 206      A8BF777E 
 206      12AA
 207 034e 60A4B067 		.ascii	"`\244\260gB\205\315\244\020\26396rd\203\0252\246\021"
 207      4285CDA4 
 207      10B33936 
 207      72648315 
 207      32A611
 208 0361 E35323C0 		.ascii	"\343S#\3009\304\006\223\331\024\001hL$\022\316\242\266"
 208      39C40693 
 208      D9140168 
 208      4C2412CE 
 208      A2B6
 209 0373 57E9C464 		.ascii	"W\351\304dv\264\266\006\014l\203\322[Z\037\236\270`"
 209      76B4B606 
 209      0C6C83D2 
 209      5B5A1F9E 
 209      B860
 210 0385 C80A708F 		.ascii	"\310\012p\217o&\005\022xQV\302G\334FX\371\247\0229\032"
 210      6F260512 
 210      785156C2 
 210      47DC4658 
 210      F9A71239 
 211 039a 189B326B 		.ascii	"\030\2332k\027\336q,x\3657(\347>\274M\361F\310\361\274"
 211      17DE712C 
 211      78F53728 
 211      E73EBC4D 
 211      F146C8F1 
 212 03af A25093AE 		.ascii	"\242P\223\256\363\342\251\300\005\310\222\340\"\314"
 212      F3E2A9C0 
 212      05C892E0 
 212      22CC
 213 03bd 122FECEC 		.ascii	"\022/\354\354\265a\306j\225\3001O\365]\275\325#\352"
 213      B561C66A 
 213      95C0314F 
ARM GAS  C:\Users\Thomas\AppData\Local\Temp\ccnSuyJj.s 			page 16


 213      F55DBDD5 
 213      23EA
 214 03cf E1354B42 		.ascii	"\3415KBW\267\377z=\250u\026\273\337\324e\357\345\334"
 214      57B7FF7A 
 214      3DA87516 
 214      BBDFD465 
 214      EFE5DC
 215 03e2 0C8398D2 		.ascii	"\014\203\230\322K\311\364\014@\262\332&\240\276<q\265"
 215      4BC9F40C 
 215      40B2DA26 
 215      A0BE3C71 
 215      B5
 216 03f3 6DBAFD57 		.ascii	"m\272\375W\203-\241\306\363Z.-\335\301\0356{\225\250"
 216      832DA1C6 
 216      F35A2E2D 
 216      DDC11D36 
 216      7B95A8
 217 0406 69ECE696 		.ascii	"i\354\346\226\036\007\\A%\311~~\025\354\324(\360\037"
 217      1E075C41 
 217      25C97E7E 
 217      15ECD428 
 217      F01F
 218 0418 D1158DE1 		.ascii	"\321\025\215\341rs\012Z$-\211\216\250\350\010\241\233"
 218      72730A5A 
 218      242D898E 
 218      A8E808A1 
 218      9B
 219 0429 6ACEB014 		.ascii	"j\316\260\024\360`\012\365\220\012\036\"p\335\326\376"
 219      F0600AF5 
 219      900A1E22 
 219      70DDD6FE 
 220 0439 1D26E6A5 		.ascii	"\035&\346\245\264\352\307\237\014?2A\232%#\315\213\271"
 220      B4EAC79F 
 220      0C3F3241 
 220      9A2523CD 
 220      8BB9
 221 044b B90E1669 		.ascii	"\271\016\026i#\365\220\212\315S?\177\321C\206\361D\342"
 221      23F5908A 
 221      CD533F7F 
 221      D14386F1 
 221      44E2
 222 045d 9304BF20 		.ascii	"\223\004\277 \347\015\265\203x\260y\340.\\S[\2342\274"
 222      E70DB583 
 222      78B079E0 
 222      2E5C535B 
 222      9C32BC
 223 0470 B8AF1089 		.ascii	"\270\257\020\211\037\014\307\353\276n4\263\235\312-"
 223      1F0CC7EB 
 223      BE6E34B3 
 223      9DCA2D
 224 047f B6FF5D15 		.ascii	"\266\377]\025\234\242\344\355\377\333\024^\341\300\331"
 224      9CA2E4ED 
 224      FFDB145E 
 224      E1C0D9
 225 048e AA418BD2 		.ascii	"\252A\213\322\330^\366\030\233\244\261\371\236e\232"
 225      D85EF618 
 225      9BA4B1F9 
ARM GAS  C:\Users\Thomas\AppData\Local\Temp\ccnSuyJj.s 			page 17


 225      9E659A
 226 049d 218AE71F 		.ascii	"!\212\347\037I^\362($\273\332W\321\372\260=%Y\321\224"
 226      495EF228 
 226      24BBDA57 
 226      D1FAB03D 
 226      2559D194 
 227 04b1 648DABC9 		.ascii	"d\215\253\311\032\247d\015{CU\372\024\264\350\360I\364"
 227      1AA7640D 
 227      7B4355FA 
 227      14B4E8F0 
 227      49F4
 228 04c3 4DB02782 		.ascii	"M\260'\202\340Tz\3035/o^^N\376\027r\266\273h\325\352"
 228      E0547AC3 
 228      352F6F5E 
 228      5E4EFE17 
 228      72B6BB68 
 229 04d9 42E3E28F 		.ascii	"B\343\342\217\226;\263\245Ysr\027\313ErI~\251\374i^"
 229      963BB3A5 
 229      59737217 
 229      CB457249 
 229      7EA9FC69 
 230 04ee 8EBBACA4 		.ascii	"\216\273\254\244@\316u\345\270\263\337\315%\274\353"
 230      40CE75E5 
 230      B8B3DFCD 
 230      25BCEB
 231 04fd C33905D2 		.ascii	"\3039\005\322\2334]*\257+u\227\250\336V\205m\255,\027"
 231      9B345D2A 
 231      AF2B7597 
 231      A8DE5685 
 231      6DAD2C17 
 232 0511 DB68FA71 		.ascii	"\333h\372q\376\032\271\254\330\242l\227\272\213\235"
 232      FE1AB9AC 
 232      D8A26C97 
 232      BA8B9D
 233 0520 AFE49DF3 		.ascii	"\257\344\235\363\231\244\270}P\224\277r\255\254\004"
 233      99A4B87D 
 233      5094BF72 
 233      ADAC04
 234 052f 58B4307B 		.ascii	"X\2640{\311rW^\316\262\245\313\263\227\031\312V\027"
 234      C972575E 
 234      CEB2A5CB 
 234      B39719CA 
 234      5617
 235 0541 95CE9F5C 		.ascii	"\225\316\237\\]\301\372\322\365\305\362:A$\023GN)\202"
 235      5DC1FAD2 
 235      F5C5F23A 
 235      41241347 
 235      4E2982
 236 0554 8CC22B33 		.ascii	"\214\302+3\313\266\016\217\231S\262p\356R\27101\317"
 236      CBB60E8F 
 236      9953B270 
 236      EE52B930 
 236      31CF
 237 0566 14738AB3 		.ascii	"\024s\212\2632\277`MY\261\241D.\314\3142\344-r\273\327"
 237      32BF604D 
 237      59B1A144 
 237      2ECCCC32 
ARM GAS  C:\Users\Thomas\AppData\Local\Temp\ccnSuyJj.s 			page 18


 237      E42D72BB 
 238 057b EA713EFF 		.ascii	"\352q>\377?\250\245\344\361"
 238      3FA8A5E4 
 238      F1
 239              		.text
 240              		.section	.gnu.lto_.symtab.b949adc8,"",%progbits
 241 0000 50325F32 		.ascii	"P2_2_SaveConfig\000\000\000\000\000\000\000\000\000"
 241      5F536176 
 241      65436F6E 
 241      66696700 
 241      00000000 
 242 0018 000000AC 		.ascii	"\000\000\000\254\000\000\000P2_2_RestoreConfig\000\000"
 242      00000050 
 242      325F325F 
 242      52657374 
 242      6F726543 
 243 0033 00000000 		.ascii	"\000\000\000\000\000\000\000\000\000\000\256\000\000"
 243      00000000 
 243      0000AE00 
 243      00
 244 0040 0050325F 		.ascii	"\000P2_2_Sleep\000\000\000\000\000\000\000\000\000\000"
 244      325F536C 
 244      65657000 
 244      00000000 
 244      00000000 
 245 0055 0000B000 		.ascii	"\000\000\260\000\000\000P2_2_Wakeup\000\000\000\000"
 245      00005032 
 245      5F325F57 
 245      616B6575 
 245      70000000 
 246 006a 00000000 		.ascii	"\000\000\000\000\000\000\000\000\262\000\000\000P2_"
 246      00000000 
 246      B2000000 
 246      50325F
 247 0079 325F5374 		.ascii	"2_Stop\000\000\002\000\000\000\000\000\000\000\000\000"
 247      6F700000 
 247      02000000 
 247      00000000 
 247      0000
 248 008b B4000000 		.ascii	"\264\000\000\000P2_2_Enable\000\000\002\000\000\000"
 248      50325F32 
 248      5F456E61 
 248      626C6500 
 248      00020000 
 249 00a0 00000000 		.ascii	"\000\000\000\000\000\000\266\000\000\000"
 249      0000B600 
 249      0000
 250              		.text
 251              		.section	.gnu.lto_.opts,"",%progbits
 252 0000 272D666E 		.ascii	"'-fno-trapv' '-mcpu=cortex-m3' '-mthumb' '-g' '-O3'"
 252      6F2D7472 
 252      61707627 
 252      20272D6D 
 252      6370753D 
 253 0033 20272D66 		.ascii	" '-ffunction-sections' '-finline-functions' '-flto'"
 253      66756E63 
 253      74696F6E 
ARM GAS  C:\Users\Thomas\AppData\Local\Temp\ccnSuyJj.s 			page 19


 253      2D736563 
 253      74696F6E 
 254 0066 20272D66 		.ascii	" '-ffat-lto-objects'\000"
 254      6661742D 
 254      6C746F2D 
 254      6F626A65 
 254      63747327 
 255              		.text
 256              		.cfi_sections	.debug_frame
 257              		.section	.text.P2_2_SaveConfig,"ax",%progbits
 258              		.align	2
 259              		.global	P2_2_SaveConfig
 260              		.thumb
 261              		.thumb_func
 262              		.type	P2_2_SaveConfig, %function
 263              	P2_2_SaveConfig:
 264              	.LFB0:
 265              		.file 1 ".\\Generated_Source\\PSoC5\\P2_2_PM.c"
   1:.\Generated_Source\PSoC5/P2_2_PM.c **** /*******************************************************************************
   2:.\Generated_Source\PSoC5/P2_2_PM.c **** * File Name: P2_2_PM.c
   3:.\Generated_Source\PSoC5/P2_2_PM.c **** * Version 2.30
   4:.\Generated_Source\PSoC5/P2_2_PM.c **** *
   5:.\Generated_Source\PSoC5/P2_2_PM.c **** * Description:
   6:.\Generated_Source\PSoC5/P2_2_PM.c **** *  This file provides the API source code for sleep mode support for Shift
   7:.\Generated_Source\PSoC5/P2_2_PM.c **** *  Register component.
   8:.\Generated_Source\PSoC5/P2_2_PM.c **** *
   9:.\Generated_Source\PSoC5/P2_2_PM.c **** * Note:
  10:.\Generated_Source\PSoC5/P2_2_PM.c **** *
  11:.\Generated_Source\PSoC5/P2_2_PM.c **** ********************************************************************************
  12:.\Generated_Source\PSoC5/P2_2_PM.c **** * Copyright 2008-2013, Cypress Semiconductor Corporation.  All rights reserved.
  13:.\Generated_Source\PSoC5/P2_2_PM.c **** * You may use this file only in accordance with the license, terms, conditions,
  14:.\Generated_Source\PSoC5/P2_2_PM.c **** * disclaimers, and limitations in the end user license agreement accompanying
  15:.\Generated_Source\PSoC5/P2_2_PM.c **** * the software package with which this file was provided.
  16:.\Generated_Source\PSoC5/P2_2_PM.c **** *******************************************************************************/
  17:.\Generated_Source\PSoC5/P2_2_PM.c **** 
  18:.\Generated_Source\PSoC5/P2_2_PM.c **** #include "P2_2.h"
  19:.\Generated_Source\PSoC5/P2_2_PM.c **** 
  20:.\Generated_Source\PSoC5/P2_2_PM.c **** static P2_2_BACKUP_STRUCT P2_2_backup =
  21:.\Generated_Source\PSoC5/P2_2_PM.c **** {
  22:.\Generated_Source\PSoC5/P2_2_PM.c ****     P2_2_DISABLED,
  23:.\Generated_Source\PSoC5/P2_2_PM.c **** 
  24:.\Generated_Source\PSoC5/P2_2_PM.c ****     ((uint16) P2_2_DEFAULT_A0),
  25:.\Generated_Source\PSoC5/P2_2_PM.c ****     ((uint16) P2_2_DEFAULT_A1),
  26:.\Generated_Source\PSoC5/P2_2_PM.c **** 
  27:.\Generated_Source\PSoC5/P2_2_PM.c ****     #if(CY_UDB_V0)
  28:.\Generated_Source\PSoC5/P2_2_PM.c ****         ((uint16) P2_2_INT_SRC),
  29:.\Generated_Source\PSoC5/P2_2_PM.c ****     #endif /* (CY_UDB_V0) */
  30:.\Generated_Source\PSoC5/P2_2_PM.c **** };
  31:.\Generated_Source\PSoC5/P2_2_PM.c **** 
  32:.\Generated_Source\PSoC5/P2_2_PM.c **** 
  33:.\Generated_Source\PSoC5/P2_2_PM.c **** /*******************************************************************************
  34:.\Generated_Source\PSoC5/P2_2_PM.c **** * Function Name: P2_2_SaveConfig
  35:.\Generated_Source\PSoC5/P2_2_PM.c **** ********************************************************************************
  36:.\Generated_Source\PSoC5/P2_2_PM.c **** *
  37:.\Generated_Source\PSoC5/P2_2_PM.c **** * Summary:
  38:.\Generated_Source\PSoC5/P2_2_PM.c **** *  Saves Shift Register configuration.
  39:.\Generated_Source\PSoC5/P2_2_PM.c **** *
ARM GAS  C:\Users\Thomas\AppData\Local\Temp\ccnSuyJj.s 			page 20


  40:.\Generated_Source\PSoC5/P2_2_PM.c **** * Parameters:
  41:.\Generated_Source\PSoC5/P2_2_PM.c **** *  None.
  42:.\Generated_Source\PSoC5/P2_2_PM.c **** *
  43:.\Generated_Source\PSoC5/P2_2_PM.c **** * Return:
  44:.\Generated_Source\PSoC5/P2_2_PM.c **** *  None.
  45:.\Generated_Source\PSoC5/P2_2_PM.c **** *
  46:.\Generated_Source\PSoC5/P2_2_PM.c **** * Reentrant:
  47:.\Generated_Source\PSoC5/P2_2_PM.c **** *  No.
  48:.\Generated_Source\PSoC5/P2_2_PM.c **** *
  49:.\Generated_Source\PSoC5/P2_2_PM.c **** *******************************************************************************/
  50:.\Generated_Source\PSoC5/P2_2_PM.c **** void P2_2_SaveConfig(void) 
  51:.\Generated_Source\PSoC5/P2_2_PM.c **** {
 266              		.loc 1 51 0
 267              		.cfi_startproc
 268              		@ args = 0, pretend = 0, frame = 0
 269              		@ frame_needed = 0, uses_anonymous_args = 0
 270              		@ link register save eliminated.
  52:.\Generated_Source\PSoC5/P2_2_PM.c ****     /* Store working registers A0 and A1 */
  53:.\Generated_Source\PSoC5/P2_2_PM.c ****     P2_2_backup.saveSrA0Reg   = CY_GET_REG16(P2_2_SHIFT_REG_LSB_PTR);
 271              		.loc 1 53 0
 272 0000 034B     		ldr	r3, .L2
  54:.\Generated_Source\PSoC5/P2_2_PM.c ****     P2_2_backup.saveSrA1Reg   = CY_GET_REG16(P2_2_SHIFT_REG_VALUE_LSB_PTR);
 273              		.loc 1 54 0
 274 0002 044A     		ldr	r2, .L2+4
  53:.\Generated_Source\PSoC5/P2_2_PM.c ****     P2_2_backup.saveSrA1Reg   = CY_GET_REG16(P2_2_SHIFT_REG_VALUE_LSB_PTR);
 275              		.loc 1 53 0
 276 0004 1988     		ldrh	r1, [r3]
 277 0006 044B     		ldr	r3, .L2+8
 278              		.loc 1 54 0
 279 0008 1288     		ldrh	r2, [r2]
  53:.\Generated_Source\PSoC5/P2_2_PM.c ****     P2_2_backup.saveSrA1Reg   = CY_GET_REG16(P2_2_SHIFT_REG_VALUE_LSB_PTR);
 280              		.loc 1 53 0
 281 000a 5980     		strh	r1, [r3, #2]	@ movhi
 282              		.loc 1 54 0
 283 000c 9A80     		strh	r2, [r3, #4]	@ movhi
 284 000e 7047     		bx	lr
 285              	.L3:
 286              		.align	2
 287              	.L2:
 288 0010 0C640040 		.word	1073767436
 289 0014 1C640040 		.word	1073767452
 290 0018 00000000 		.word	.LANCHOR0
 291              		.cfi_endproc
 292              	.LFE0:
 293              		.size	P2_2_SaveConfig, .-P2_2_SaveConfig
 294              		.section	.text.P2_2_RestoreConfig,"ax",%progbits
 295              		.align	2
 296              		.global	P2_2_RestoreConfig
 297              		.thumb
 298              		.thumb_func
 299              		.type	P2_2_RestoreConfig, %function
 300              	P2_2_RestoreConfig:
 301              	.LFB1:
  55:.\Generated_Source\PSoC5/P2_2_PM.c **** 
  56:.\Generated_Source\PSoC5/P2_2_PM.c ****     #if(CY_UDB_V0)
  57:.\Generated_Source\PSoC5/P2_2_PM.c ****         P2_2_backup.saveSrIntMask = P2_2_SR_STATUS_MASK;
  58:.\Generated_Source\PSoC5/P2_2_PM.c ****     #endif /* (CY_UDB_V0) */
ARM GAS  C:\Users\Thomas\AppData\Local\Temp\ccnSuyJj.s 			page 21


  59:.\Generated_Source\PSoC5/P2_2_PM.c **** }
  60:.\Generated_Source\PSoC5/P2_2_PM.c **** 
  61:.\Generated_Source\PSoC5/P2_2_PM.c **** 
  62:.\Generated_Source\PSoC5/P2_2_PM.c **** /*******************************************************************************
  63:.\Generated_Source\PSoC5/P2_2_PM.c **** * Function Name: P2_2_RestoreConfig
  64:.\Generated_Source\PSoC5/P2_2_PM.c **** ********************************************************************************
  65:.\Generated_Source\PSoC5/P2_2_PM.c **** *
  66:.\Generated_Source\PSoC5/P2_2_PM.c **** * Summary:
  67:.\Generated_Source\PSoC5/P2_2_PM.c **** *  Restores Shift Register configuration.
  68:.\Generated_Source\PSoC5/P2_2_PM.c **** *
  69:.\Generated_Source\PSoC5/P2_2_PM.c **** * Parameters:
  70:.\Generated_Source\PSoC5/P2_2_PM.c **** *  None.
  71:.\Generated_Source\PSoC5/P2_2_PM.c **** *
  72:.\Generated_Source\PSoC5/P2_2_PM.c **** * Return:
  73:.\Generated_Source\PSoC5/P2_2_PM.c **** *  None.
  74:.\Generated_Source\PSoC5/P2_2_PM.c **** *
  75:.\Generated_Source\PSoC5/P2_2_PM.c **** *******************************************************************************/
  76:.\Generated_Source\PSoC5/P2_2_PM.c **** void P2_2_RestoreConfig(void) 
  77:.\Generated_Source\PSoC5/P2_2_PM.c **** {
 302              		.loc 1 77 0
 303              		.cfi_startproc
 304              		@ args = 0, pretend = 0, frame = 0
 305              		@ frame_needed = 0, uses_anonymous_args = 0
 306              		@ link register save eliminated.
  78:.\Generated_Source\PSoC5/P2_2_PM.c ****     /* Restore working registers A0 and A1 */
  79:.\Generated_Source\PSoC5/P2_2_PM.c ****     CY_SET_REG16(P2_2_SHIFT_REG_LSB_PTR, P2_2_backup.saveSrA0Reg);
 307              		.loc 1 79 0
 308 0000 034B     		ldr	r3, .L5
 309 0002 0449     		ldr	r1, .L5+4
  80:.\Generated_Source\PSoC5/P2_2_PM.c ****     CY_SET_REG16(P2_2_SHIFT_REG_VALUE_LSB_PTR, P2_2_backup.saveSrA1Reg);
 310              		.loc 1 80 0
 311 0004 9A88     		ldrh	r2, [r3, #4]
  79:.\Generated_Source\PSoC5/P2_2_PM.c ****     CY_SET_REG16(P2_2_SHIFT_REG_VALUE_LSB_PTR, P2_2_backup.saveSrA1Reg);
 312              		.loc 1 79 0
 313 0006 5888     		ldrh	r0, [r3, #2]
 314              		.loc 1 80 0
 315 0008 034B     		ldr	r3, .L5+8
  79:.\Generated_Source\PSoC5/P2_2_PM.c ****     CY_SET_REG16(P2_2_SHIFT_REG_VALUE_LSB_PTR, P2_2_backup.saveSrA1Reg);
 316              		.loc 1 79 0
 317 000a 0880     		strh	r0, [r1]	@ movhi
 318              		.loc 1 80 0
 319 000c 1A80     		strh	r2, [r3]	@ movhi
 320 000e 7047     		bx	lr
 321              	.L6:
 322              		.align	2
 323              	.L5:
 324 0010 00000000 		.word	.LANCHOR0
 325 0014 0C640040 		.word	1073767436
 326 0018 1C640040 		.word	1073767452
 327              		.cfi_endproc
 328              	.LFE1:
 329              		.size	P2_2_RestoreConfig, .-P2_2_RestoreConfig
 330              		.section	.text.P2_2_Sleep,"ax",%progbits
 331              		.align	2
 332              		.global	P2_2_Sleep
 333              		.thumb
 334              		.thumb_func
ARM GAS  C:\Users\Thomas\AppData\Local\Temp\ccnSuyJj.s 			page 22


 335              		.type	P2_2_Sleep, %function
 336              	P2_2_Sleep:
 337              	.LFB2:
  81:.\Generated_Source\PSoC5/P2_2_PM.c **** 
  82:.\Generated_Source\PSoC5/P2_2_PM.c ****     #if(CY_UDB_V0)
  83:.\Generated_Source\PSoC5/P2_2_PM.c ****         P2_2_SR_STATUS_MASK = ((uint8) P2_2_backup.saveSrIntMask);
  84:.\Generated_Source\PSoC5/P2_2_PM.c ****     #endif /* (CY_UDB_V0) */
  85:.\Generated_Source\PSoC5/P2_2_PM.c **** }
  86:.\Generated_Source\PSoC5/P2_2_PM.c **** 
  87:.\Generated_Source\PSoC5/P2_2_PM.c **** 
  88:.\Generated_Source\PSoC5/P2_2_PM.c **** /*******************************************************************************
  89:.\Generated_Source\PSoC5/P2_2_PM.c **** * Function Name: P2_2_Sleep
  90:.\Generated_Source\PSoC5/P2_2_PM.c **** ********************************************************************************
  91:.\Generated_Source\PSoC5/P2_2_PM.c **** *
  92:.\Generated_Source\PSoC5/P2_2_PM.c **** * Summary:
  93:.\Generated_Source\PSoC5/P2_2_PM.c **** *  Prepare the component to enter a Sleep mode.
  94:.\Generated_Source\PSoC5/P2_2_PM.c **** *
  95:.\Generated_Source\PSoC5/P2_2_PM.c **** * Parameters:
  96:.\Generated_Source\PSoC5/P2_2_PM.c **** *  None.
  97:.\Generated_Source\PSoC5/P2_2_PM.c **** *
  98:.\Generated_Source\PSoC5/P2_2_PM.c **** * Return:
  99:.\Generated_Source\PSoC5/P2_2_PM.c **** *  None.
 100:.\Generated_Source\PSoC5/P2_2_PM.c **** *
 101:.\Generated_Source\PSoC5/P2_2_PM.c **** * Reentrant:
 102:.\Generated_Source\PSoC5/P2_2_PM.c **** *  No.
 103:.\Generated_Source\PSoC5/P2_2_PM.c **** *
 104:.\Generated_Source\PSoC5/P2_2_PM.c **** *******************************************************************************/
 105:.\Generated_Source\PSoC5/P2_2_PM.c **** void P2_2_Sleep(void) 
 106:.\Generated_Source\PSoC5/P2_2_PM.c **** {
 338              		.loc 1 106 0
 339              		.cfi_startproc
 340              		@ args = 0, pretend = 0, frame = 0
 341              		@ frame_needed = 0, uses_anonymous_args = 0
 342 0000 10B5     		push	{r4, lr}
 343              		.cfi_def_cfa_offset 8
 344              		.cfi_offset 4, -8
 345              		.cfi_offset 14, -4
 107:.\Generated_Source\PSoC5/P2_2_PM.c ****     P2_2_backup.enableState = ((uint8) P2_2_IS_ENABLED);
 346              		.loc 1 107 0
 347 0002 074B     		ldr	r3, .L9
 348 0004 074C     		ldr	r4, .L9+4
 349 0006 1B78     		ldrb	r3, [r3]	@ zero_extendqisi2
 350 0008 03F00103 		and	r3, r3, #1
 351 000c 2370     		strb	r3, [r4]
 108:.\Generated_Source\PSoC5/P2_2_PM.c **** 
 109:.\Generated_Source\PSoC5/P2_2_PM.c ****     P2_2_Stop();
 352              		.loc 1 109 0
 353 000e FFF7FEFF 		bl	P2_2_Stop
 354              	.LVL0:
 355              	.LBB6:
 356              	.LBB7:
  53:.\Generated_Source\PSoC5/P2_2_PM.c ****     P2_2_backup.saveSrA1Reg   = CY_GET_REG16(P2_2_SHIFT_REG_VALUE_LSB_PTR);
 357              		.loc 1 53 0
 358 0012 054A     		ldr	r2, .L9+8
  54:.\Generated_Source\PSoC5/P2_2_PM.c **** 
 359              		.loc 1 54 0
 360 0014 054B     		ldr	r3, .L9+12
ARM GAS  C:\Users\Thomas\AppData\Local\Temp\ccnSuyJj.s 			page 23


  53:.\Generated_Source\PSoC5/P2_2_PM.c ****     P2_2_backup.saveSrA1Reg   = CY_GET_REG16(P2_2_SHIFT_REG_VALUE_LSB_PTR);
 361              		.loc 1 53 0
 362 0016 1288     		ldrh	r2, [r2]
  54:.\Generated_Source\PSoC5/P2_2_PM.c **** 
 363              		.loc 1 54 0
 364 0018 1B88     		ldrh	r3, [r3]
  53:.\Generated_Source\PSoC5/P2_2_PM.c ****     P2_2_backup.saveSrA1Reg   = CY_GET_REG16(P2_2_SHIFT_REG_VALUE_LSB_PTR);
 365              		.loc 1 53 0
 366 001a 6280     		strh	r2, [r4, #2]	@ movhi
  54:.\Generated_Source\PSoC5/P2_2_PM.c **** 
 367              		.loc 1 54 0
 368 001c A380     		strh	r3, [r4, #4]	@ movhi
 369 001e 10BD     		pop	{r4, pc}
 370              	.L10:
 371              		.align	2
 372              	.L9:
 373 0020 7D640040 		.word	1073767549
 374 0024 00000000 		.word	.LANCHOR0
 375 0028 0C640040 		.word	1073767436
 376 002c 1C640040 		.word	1073767452
 377              	.LBE7:
 378              	.LBE6:
 379              		.cfi_endproc
 380              	.LFE2:
 381              		.size	P2_2_Sleep, .-P2_2_Sleep
 382              		.section	.text.P2_2_Wakeup,"ax",%progbits
 383              		.align	2
 384              		.global	P2_2_Wakeup
 385              		.thumb
 386              		.thumb_func
 387              		.type	P2_2_Wakeup, %function
 388              	P2_2_Wakeup:
 389              	.LFB3:
 110:.\Generated_Source\PSoC5/P2_2_PM.c ****     P2_2_SaveConfig();
 111:.\Generated_Source\PSoC5/P2_2_PM.c **** }
 112:.\Generated_Source\PSoC5/P2_2_PM.c **** 
 113:.\Generated_Source\PSoC5/P2_2_PM.c **** 
 114:.\Generated_Source\PSoC5/P2_2_PM.c **** /*******************************************************************************
 115:.\Generated_Source\PSoC5/P2_2_PM.c **** * Function Name: P2_2_Wakeup
 116:.\Generated_Source\PSoC5/P2_2_PM.c **** ********************************************************************************
 117:.\Generated_Source\PSoC5/P2_2_PM.c **** *
 118:.\Generated_Source\PSoC5/P2_2_PM.c **** * Summary:
 119:.\Generated_Source\PSoC5/P2_2_PM.c **** *  Restores and enables the user configuration.
 120:.\Generated_Source\PSoC5/P2_2_PM.c **** *
 121:.\Generated_Source\PSoC5/P2_2_PM.c **** * Parameters:
 122:.\Generated_Source\PSoC5/P2_2_PM.c **** *  None.
 123:.\Generated_Source\PSoC5/P2_2_PM.c **** *
 124:.\Generated_Source\PSoC5/P2_2_PM.c **** * Return:
 125:.\Generated_Source\PSoC5/P2_2_PM.c **** *  None.
 126:.\Generated_Source\PSoC5/P2_2_PM.c **** *
 127:.\Generated_Source\PSoC5/P2_2_PM.c **** *******************************************************************************/
 128:.\Generated_Source\PSoC5/P2_2_PM.c **** void P2_2_Wakeup(void) 
 129:.\Generated_Source\PSoC5/P2_2_PM.c **** {
 390              		.loc 1 129 0
 391              		.cfi_startproc
 392              		@ args = 0, pretend = 0, frame = 0
 393              		@ frame_needed = 0, uses_anonymous_args = 0
ARM GAS  C:\Users\Thomas\AppData\Local\Temp\ccnSuyJj.s 			page 24


 394              		@ link register save eliminated.
 395 0000 10B4     		push	{r4}
 396              		.cfi_def_cfa_offset 4
 397              		.cfi_offset 4, -4
 398              	.LBB8:
 399              	.LBB9:
  79:.\Generated_Source\PSoC5/P2_2_PM.c ****     CY_SET_REG16(P2_2_SHIFT_REG_VALUE_LSB_PTR, P2_2_backup.saveSrA1Reg);
 400              		.loc 1 79 0
 401 0002 084B     		ldr	r3, .L16
 402 0004 0848     		ldr	r0, .L16+4
 403 0006 5C88     		ldrh	r4, [r3, #2]
  80:.\Generated_Source\PSoC5/P2_2_PM.c **** 
 404              		.loc 1 80 0
 405 0008 9988     		ldrh	r1, [r3, #4]
 406 000a 084A     		ldr	r2, .L16+8
  79:.\Generated_Source\PSoC5/P2_2_PM.c ****     CY_SET_REG16(P2_2_SHIFT_REG_VALUE_LSB_PTR, P2_2_backup.saveSrA1Reg);
 407              		.loc 1 79 0
 408 000c 0480     		strh	r4, [r0]	@ movhi
  80:.\Generated_Source\PSoC5/P2_2_PM.c **** 
 409              		.loc 1 80 0
 410 000e 1180     		strh	r1, [r2]	@ movhi
 411              	.LBE9:
 412              	.LBE8:
 130:.\Generated_Source\PSoC5/P2_2_PM.c ****     P2_2_RestoreConfig();
 131:.\Generated_Source\PSoC5/P2_2_PM.c **** 
 132:.\Generated_Source\PSoC5/P2_2_PM.c ****     if(0u != P2_2_backup.enableState)
 413              		.loc 1 132 0
 414 0010 1B78     		ldrb	r3, [r3]	@ zero_extendqisi2
 415 0012 13B9     		cbnz	r3, .L15
 133:.\Generated_Source\PSoC5/P2_2_PM.c ****     {
 134:.\Generated_Source\PSoC5/P2_2_PM.c ****         P2_2_Enable();
 135:.\Generated_Source\PSoC5/P2_2_PM.c ****     }
 136:.\Generated_Source\PSoC5/P2_2_PM.c **** }
 416              		.loc 1 136 0
 417 0014 5DF8044B 		ldr	r4, [sp], #4
 418              		.cfi_remember_state
 419              		.cfi_restore 4
 420              		.cfi_def_cfa_offset 0
 421 0018 7047     		bx	lr
 422              	.L15:
 423              		.cfi_restore_state
 424 001a 5DF8044B 		ldr	r4, [sp], #4
 425              		.cfi_restore 4
 426              		.cfi_def_cfa_offset 0
 134:.\Generated_Source\PSoC5/P2_2_PM.c ****     }
 427              		.loc 1 134 0
 428 001e FFF7FEBF 		b	P2_2_Enable
 429              	.LVL1:
 430              	.L17:
 431 0022 00BF     		.align	2
 432              	.L16:
 433 0024 00000000 		.word	.LANCHOR0
 434 0028 0C640040 		.word	1073767436
 435 002c 1C640040 		.word	1073767452
 436              		.cfi_endproc
 437              	.LFE3:
 438              		.size	P2_2_Wakeup, .-P2_2_Wakeup
ARM GAS  C:\Users\Thomas\AppData\Local\Temp\ccnSuyJj.s 			page 25


 439              		.bss
 440              		.align	2
 441              		.set	.LANCHOR0,. + 0
 442              		.type	P2_2_backup, %object
 443              		.size	P2_2_backup, 6
 444              	P2_2_backup:
 445 0000 00000000 		.space	6
 445      0000
 446 0006 0000     		.text
 447              	.Letext0:
 448              		.file 2 ".\\Generated_Source\\PSoC5\\cytypes.h"
 449              		.file 3 ".\\Generated_Source\\PSoC5\\P2_2.h"
 450              		.section	.debug_info,"",%progbits
 451              	.Ldebug_info0:
 452 0000 9F010000 		.4byte	0x19f
 453 0004 0400     		.2byte	0x4
 454 0006 00000000 		.4byte	.Ldebug_abbrev0
 455 000a 04       		.byte	0x4
 456 000b 01       		.uleb128 0x1
 457 000c 31010000 		.4byte	.LASF27
 458 0010 01       		.byte	0x1
 459 0011 F3010000 		.4byte	.LASF28
 460 0015 A9000000 		.4byte	.LASF29
 461 0019 00000000 		.4byte	.Ldebug_ranges0+0
 462 001d 00000000 		.4byte	0
 463 0021 00000000 		.4byte	.Ldebug_line0
 464 0025 02       		.uleb128 0x2
 465 0026 01       		.byte	0x1
 466 0027 06       		.byte	0x6
 467 0028 37020000 		.4byte	.LASF0
 468 002c 02       		.uleb128 0x2
 469 002d 01       		.byte	0x1
 470 002e 08       		.byte	0x8
 471 002f 6B000000 		.4byte	.LASF1
 472 0033 02       		.uleb128 0x2
 473 0034 02       		.byte	0x2
 474 0035 05       		.byte	0x5
 475 0036 E9010000 		.4byte	.LASF2
 476 003a 02       		.uleb128 0x2
 477 003b 02       		.byte	0x2
 478 003c 07       		.byte	0x7
 479 003d 20000000 		.4byte	.LASF3
 480 0041 02       		.uleb128 0x2
 481 0042 04       		.byte	0x4
 482 0043 05       		.byte	0x5
 483 0044 22020000 		.4byte	.LASF4
 484 0048 02       		.uleb128 0x2
 485 0049 04       		.byte	0x4
 486 004a 07       		.byte	0x7
 487 004b 7E000000 		.4byte	.LASF5
 488 004f 02       		.uleb128 0x2
 489 0050 08       		.byte	0x8
 490 0051 05       		.byte	0x5
 491 0052 23010000 		.4byte	.LASF6
 492 0056 02       		.uleb128 0x2
 493 0057 08       		.byte	0x8
 494 0058 07       		.byte	0x7
ARM GAS  C:\Users\Thomas\AppData\Local\Temp\ccnSuyJj.s 			page 26


 495 0059 F8000000 		.4byte	.LASF7
 496 005d 03       		.uleb128 0x3
 497 005e 04       		.byte	0x4
 498 005f 05       		.byte	0x5
 499 0060 696E7400 		.ascii	"int\000"
 500 0064 02       		.uleb128 0x2
 501 0065 04       		.byte	0x4
 502 0066 07       		.byte	0x7
 503 0067 EB000000 		.4byte	.LASF8
 504 006b 04       		.uleb128 0x4
 505 006c 90000000 		.4byte	.LASF9
 506 0070 02       		.byte	0x2
 507 0071 9201     		.2byte	0x192
 508 0073 2C000000 		.4byte	0x2c
 509 0077 04       		.uleb128 0x4
 510 0078 E4000000 		.4byte	.LASF10
 511 007c 02       		.byte	0x2
 512 007d 9301     		.2byte	0x193
 513 007f 3A000000 		.4byte	0x3a
 514 0083 02       		.uleb128 0x2
 515 0084 04       		.byte	0x4
 516 0085 04       		.byte	0x4
 517 0086 65000000 		.4byte	.LASF11
 518 008a 02       		.uleb128 0x2
 519 008b 08       		.byte	0x8
 520 008c 04       		.byte	0x4
 521 008d A2000000 		.4byte	.LASF12
 522 0091 02       		.uleb128 0x2
 523 0092 01       		.byte	0x1
 524 0093 08       		.byte	0x8
 525 0094 D8010000 		.4byte	.LASF13
 526 0098 04       		.uleb128 0x4
 527 0099 79000000 		.4byte	.LASF14
 528 009d 02       		.byte	0x2
 529 009e 3C02     		.2byte	0x23c
 530 00a0 A4000000 		.4byte	0xa4
 531 00a4 05       		.uleb128 0x5
 532 00a5 6B000000 		.4byte	0x6b
 533 00a9 04       		.uleb128 0x4
 534 00aa 00000000 		.4byte	.LASF15
 535 00ae 02       		.byte	0x2
 536 00af 3D02     		.2byte	0x23d
 537 00b1 B5000000 		.4byte	0xb5
 538 00b5 05       		.uleb128 0x5
 539 00b6 77000000 		.4byte	0x77
 540 00ba 02       		.uleb128 0x2
 541 00bb 04       		.byte	0x4
 542 00bc 07       		.byte	0x7
 543 00bd 1A010000 		.4byte	.LASF16
 544 00c1 06       		.uleb128 0x6
 545 00c2 06       		.byte	0x6
 546 00c3 03       		.byte	0x3
 547 00c4 30       		.byte	0x30
 548 00c5 EE000000 		.4byte	0xee
 549 00c9 07       		.uleb128 0x7
 550 00ca 2B020000 		.4byte	.LASF17
 551 00ce 03       		.byte	0x3
ARM GAS  C:\Users\Thomas\AppData\Local\Temp\ccnSuyJj.s 			page 27


 552 00cf 32       		.byte	0x32
 553 00d0 6B000000 		.4byte	0x6b
 554 00d4 00       		.byte	0
 555 00d5 07       		.uleb128 0x7
 556 00d6 43020000 		.4byte	.LASF18
 557 00da 03       		.byte	0x3
 558 00db 34       		.byte	0x34
 559 00dc 77000000 		.4byte	0x77
 560 00e0 02       		.byte	0x2
 561 00e1 07       		.uleb128 0x7
 562 00e2 33000000 		.4byte	.LASF19
 563 00e6 03       		.byte	0x3
 564 00e7 35       		.byte	0x35
 565 00e8 77000000 		.4byte	0x77
 566 00ec 04       		.byte	0x4
 567 00ed 00       		.byte	0
 568 00ee 08       		.uleb128 0x8
 569 00ef 3F000000 		.4byte	.LASF20
 570 00f3 03       		.byte	0x3
 571 00f4 3B       		.byte	0x3b
 572 00f5 C1000000 		.4byte	0xc1
 573 00f9 09       		.uleb128 0x9
 574 00fa 10000000 		.4byte	.LASF21
 575 00fe 01       		.byte	0x1
 576 00ff 32       		.byte	0x32
 577 0100 01       		.byte	0x1
 578 0101 09       		.uleb128 0x9
 579 0102 52000000 		.4byte	.LASF22
 580 0106 01       		.byte	0x1
 581 0107 4C       		.byte	0x4c
 582 0108 01       		.byte	0x1
 583 0109 0A       		.uleb128 0xa
 584 010a F9000000 		.4byte	0xf9
 585 010e 00000000 		.4byte	.LFB0
 586 0112 1C000000 		.4byte	.LFE0-.LFB0
 587 0116 01       		.uleb128 0x1
 588 0117 9C       		.byte	0x9c
 589 0118 0A       		.uleb128 0xa
 590 0119 01010000 		.4byte	0x101
 591 011d 00000000 		.4byte	.LFB1
 592 0121 1C000000 		.4byte	.LFE1-.LFB1
 593 0125 01       		.uleb128 0x1
 594 0126 9C       		.byte	0x9c
 595 0127 0B       		.uleb128 0xb
 596 0128 0F010000 		.4byte	.LASF23
 597 012c 01       		.byte	0x1
 598 012d 69       		.byte	0x69
 599 012e 00000000 		.4byte	.LFB2
 600 0132 30000000 		.4byte	.LFE2-.LFB2
 601 0136 01       		.uleb128 0x1
 602 0137 9C       		.byte	0x9c
 603 0138 55010000 		.4byte	0x155
 604 013c 0C       		.uleb128 0xc
 605 013d F9000000 		.4byte	0xf9
 606 0141 12000000 		.4byte	.LBB6
 607 0145 1E000000 		.4byte	.LBE6-.LBB6
 608 0149 01       		.byte	0x1
ARM GAS  C:\Users\Thomas\AppData\Local\Temp\ccnSuyJj.s 			page 28


 609 014a 6E       		.byte	0x6e
 610 014b 0D       		.uleb128 0xd
 611 014c 12000000 		.4byte	.LVL0
 612 0150 94010000 		.4byte	0x194
 613 0154 00       		.byte	0
 614 0155 0B       		.uleb128 0xb
 615 0156 16020000 		.4byte	.LASF24
 616 015a 01       		.byte	0x1
 617 015b 80       		.byte	0x80
 618 015c 00000000 		.4byte	.LFB3
 619 0160 30000000 		.4byte	.LFE3-.LFB3
 620 0164 01       		.uleb128 0x1
 621 0165 9C       		.byte	0x9c
 622 0166 83010000 		.4byte	0x183
 623 016a 0C       		.uleb128 0xc
 624 016b 01010000 		.4byte	0x101
 625 016f 02000000 		.4byte	.LBB8
 626 0173 0E000000 		.4byte	.LBE8-.LBB8
 627 0177 01       		.byte	0x1
 628 0178 82       		.byte	0x82
 629 0179 0E       		.uleb128 0xe
 630 017a 22000000 		.4byte	.LVL1
 631 017e 9B010000 		.4byte	0x19b
 632 0182 00       		.byte	0
 633 0183 0F       		.uleb128 0xf
 634 0184 DD010000 		.4byte	.LASF30
 635 0188 01       		.byte	0x1
 636 0189 14       		.byte	0x14
 637 018a EE000000 		.4byte	0xee
 638 018e 05       		.uleb128 0x5
 639 018f 03       		.byte	0x3
 640 0190 00000000 		.4byte	P2_2_backup
 641 0194 10       		.uleb128 0x10
 642 0195 06000000 		.4byte	.LASF25
 643 0199 03       		.byte	0x3
 644 019a 43       		.byte	0x43
 645 019b 10       		.uleb128 0x10
 646 019c 96000000 		.4byte	.LASF26
 647 01a0 03       		.byte	0x3
 648 01a1 45       		.byte	0x45
 649 01a2 00       		.byte	0
 650              		.section	.debug_abbrev,"",%progbits
 651              	.Ldebug_abbrev0:
 652 0000 01       		.uleb128 0x1
 653 0001 11       		.uleb128 0x11
 654 0002 01       		.byte	0x1
 655 0003 25       		.uleb128 0x25
 656 0004 0E       		.uleb128 0xe
 657 0005 13       		.uleb128 0x13
 658 0006 0B       		.uleb128 0xb
 659 0007 03       		.uleb128 0x3
 660 0008 0E       		.uleb128 0xe
 661 0009 1B       		.uleb128 0x1b
 662 000a 0E       		.uleb128 0xe
 663 000b 55       		.uleb128 0x55
 664 000c 17       		.uleb128 0x17
 665 000d 11       		.uleb128 0x11
ARM GAS  C:\Users\Thomas\AppData\Local\Temp\ccnSuyJj.s 			page 29


 666 000e 01       		.uleb128 0x1
 667 000f 10       		.uleb128 0x10
 668 0010 17       		.uleb128 0x17
 669 0011 00       		.byte	0
 670 0012 00       		.byte	0
 671 0013 02       		.uleb128 0x2
 672 0014 24       		.uleb128 0x24
 673 0015 00       		.byte	0
 674 0016 0B       		.uleb128 0xb
 675 0017 0B       		.uleb128 0xb
 676 0018 3E       		.uleb128 0x3e
 677 0019 0B       		.uleb128 0xb
 678 001a 03       		.uleb128 0x3
 679 001b 0E       		.uleb128 0xe
 680 001c 00       		.byte	0
 681 001d 00       		.byte	0
 682 001e 03       		.uleb128 0x3
 683 001f 24       		.uleb128 0x24
 684 0020 00       		.byte	0
 685 0021 0B       		.uleb128 0xb
 686 0022 0B       		.uleb128 0xb
 687 0023 3E       		.uleb128 0x3e
 688 0024 0B       		.uleb128 0xb
 689 0025 03       		.uleb128 0x3
 690 0026 08       		.uleb128 0x8
 691 0027 00       		.byte	0
 692 0028 00       		.byte	0
 693 0029 04       		.uleb128 0x4
 694 002a 16       		.uleb128 0x16
 695 002b 00       		.byte	0
 696 002c 03       		.uleb128 0x3
 697 002d 0E       		.uleb128 0xe
 698 002e 3A       		.uleb128 0x3a
 699 002f 0B       		.uleb128 0xb
 700 0030 3B       		.uleb128 0x3b
 701 0031 05       		.uleb128 0x5
 702 0032 49       		.uleb128 0x49
 703 0033 13       		.uleb128 0x13
 704 0034 00       		.byte	0
 705 0035 00       		.byte	0
 706 0036 05       		.uleb128 0x5
 707 0037 35       		.uleb128 0x35
 708 0038 00       		.byte	0
 709 0039 49       		.uleb128 0x49
 710 003a 13       		.uleb128 0x13
 711 003b 00       		.byte	0
 712 003c 00       		.byte	0
 713 003d 06       		.uleb128 0x6
 714 003e 13       		.uleb128 0x13
 715 003f 01       		.byte	0x1
 716 0040 0B       		.uleb128 0xb
 717 0041 0B       		.uleb128 0xb
 718 0042 3A       		.uleb128 0x3a
 719 0043 0B       		.uleb128 0xb
 720 0044 3B       		.uleb128 0x3b
 721 0045 0B       		.uleb128 0xb
 722 0046 01       		.uleb128 0x1
ARM GAS  C:\Users\Thomas\AppData\Local\Temp\ccnSuyJj.s 			page 30


 723 0047 13       		.uleb128 0x13
 724 0048 00       		.byte	0
 725 0049 00       		.byte	0
 726 004a 07       		.uleb128 0x7
 727 004b 0D       		.uleb128 0xd
 728 004c 00       		.byte	0
 729 004d 03       		.uleb128 0x3
 730 004e 0E       		.uleb128 0xe
 731 004f 3A       		.uleb128 0x3a
 732 0050 0B       		.uleb128 0xb
 733 0051 3B       		.uleb128 0x3b
 734 0052 0B       		.uleb128 0xb
 735 0053 49       		.uleb128 0x49
 736 0054 13       		.uleb128 0x13
 737 0055 38       		.uleb128 0x38
 738 0056 0B       		.uleb128 0xb
 739 0057 00       		.byte	0
 740 0058 00       		.byte	0
 741 0059 08       		.uleb128 0x8
 742 005a 16       		.uleb128 0x16
 743 005b 00       		.byte	0
 744 005c 03       		.uleb128 0x3
 745 005d 0E       		.uleb128 0xe
 746 005e 3A       		.uleb128 0x3a
 747 005f 0B       		.uleb128 0xb
 748 0060 3B       		.uleb128 0x3b
 749 0061 0B       		.uleb128 0xb
 750 0062 49       		.uleb128 0x49
 751 0063 13       		.uleb128 0x13
 752 0064 00       		.byte	0
 753 0065 00       		.byte	0
 754 0066 09       		.uleb128 0x9
 755 0067 2E       		.uleb128 0x2e
 756 0068 00       		.byte	0
 757 0069 3F       		.uleb128 0x3f
 758 006a 19       		.uleb128 0x19
 759 006b 03       		.uleb128 0x3
 760 006c 0E       		.uleb128 0xe
 761 006d 3A       		.uleb128 0x3a
 762 006e 0B       		.uleb128 0xb
 763 006f 3B       		.uleb128 0x3b
 764 0070 0B       		.uleb128 0xb
 765 0071 27       		.uleb128 0x27
 766 0072 19       		.uleb128 0x19
 767 0073 20       		.uleb128 0x20
 768 0074 0B       		.uleb128 0xb
 769 0075 00       		.byte	0
 770 0076 00       		.byte	0
 771 0077 0A       		.uleb128 0xa
 772 0078 2E       		.uleb128 0x2e
 773 0079 00       		.byte	0
 774 007a 31       		.uleb128 0x31
 775 007b 13       		.uleb128 0x13
 776 007c 11       		.uleb128 0x11
 777 007d 01       		.uleb128 0x1
 778 007e 12       		.uleb128 0x12
 779 007f 06       		.uleb128 0x6
ARM GAS  C:\Users\Thomas\AppData\Local\Temp\ccnSuyJj.s 			page 31


 780 0080 40       		.uleb128 0x40
 781 0081 18       		.uleb128 0x18
 782 0082 9742     		.uleb128 0x2117
 783 0084 19       		.uleb128 0x19
 784 0085 00       		.byte	0
 785 0086 00       		.byte	0
 786 0087 0B       		.uleb128 0xb
 787 0088 2E       		.uleb128 0x2e
 788 0089 01       		.byte	0x1
 789 008a 3F       		.uleb128 0x3f
 790 008b 19       		.uleb128 0x19
 791 008c 03       		.uleb128 0x3
 792 008d 0E       		.uleb128 0xe
 793 008e 3A       		.uleb128 0x3a
 794 008f 0B       		.uleb128 0xb
 795 0090 3B       		.uleb128 0x3b
 796 0091 0B       		.uleb128 0xb
 797 0092 27       		.uleb128 0x27
 798 0093 19       		.uleb128 0x19
 799 0094 11       		.uleb128 0x11
 800 0095 01       		.uleb128 0x1
 801 0096 12       		.uleb128 0x12
 802 0097 06       		.uleb128 0x6
 803 0098 40       		.uleb128 0x40
 804 0099 18       		.uleb128 0x18
 805 009a 9742     		.uleb128 0x2117
 806 009c 19       		.uleb128 0x19
 807 009d 01       		.uleb128 0x1
 808 009e 13       		.uleb128 0x13
 809 009f 00       		.byte	0
 810 00a0 00       		.byte	0
 811 00a1 0C       		.uleb128 0xc
 812 00a2 1D       		.uleb128 0x1d
 813 00a3 00       		.byte	0
 814 00a4 31       		.uleb128 0x31
 815 00a5 13       		.uleb128 0x13
 816 00a6 11       		.uleb128 0x11
 817 00a7 01       		.uleb128 0x1
 818 00a8 12       		.uleb128 0x12
 819 00a9 06       		.uleb128 0x6
 820 00aa 58       		.uleb128 0x58
 821 00ab 0B       		.uleb128 0xb
 822 00ac 59       		.uleb128 0x59
 823 00ad 0B       		.uleb128 0xb
 824 00ae 00       		.byte	0
 825 00af 00       		.byte	0
 826 00b0 0D       		.uleb128 0xd
 827 00b1 898201   		.uleb128 0x4109
 828 00b4 00       		.byte	0
 829 00b5 11       		.uleb128 0x11
 830 00b6 01       		.uleb128 0x1
 831 00b7 31       		.uleb128 0x31
 832 00b8 13       		.uleb128 0x13
 833 00b9 00       		.byte	0
 834 00ba 00       		.byte	0
 835 00bb 0E       		.uleb128 0xe
 836 00bc 898201   		.uleb128 0x4109
ARM GAS  C:\Users\Thomas\AppData\Local\Temp\ccnSuyJj.s 			page 32


 837 00bf 00       		.byte	0
 838 00c0 11       		.uleb128 0x11
 839 00c1 01       		.uleb128 0x1
 840 00c2 9542     		.uleb128 0x2115
 841 00c4 19       		.uleb128 0x19
 842 00c5 31       		.uleb128 0x31
 843 00c6 13       		.uleb128 0x13
 844 00c7 00       		.byte	0
 845 00c8 00       		.byte	0
 846 00c9 0F       		.uleb128 0xf
 847 00ca 34       		.uleb128 0x34
 848 00cb 00       		.byte	0
 849 00cc 03       		.uleb128 0x3
 850 00cd 0E       		.uleb128 0xe
 851 00ce 3A       		.uleb128 0x3a
 852 00cf 0B       		.uleb128 0xb
 853 00d0 3B       		.uleb128 0x3b
 854 00d1 0B       		.uleb128 0xb
 855 00d2 49       		.uleb128 0x49
 856 00d3 13       		.uleb128 0x13
 857 00d4 02       		.uleb128 0x2
 858 00d5 18       		.uleb128 0x18
 859 00d6 00       		.byte	0
 860 00d7 00       		.byte	0
 861 00d8 10       		.uleb128 0x10
 862 00d9 2E       		.uleb128 0x2e
 863 00da 00       		.byte	0
 864 00db 3F       		.uleb128 0x3f
 865 00dc 19       		.uleb128 0x19
 866 00dd 03       		.uleb128 0x3
 867 00de 0E       		.uleb128 0xe
 868 00df 3A       		.uleb128 0x3a
 869 00e0 0B       		.uleb128 0xb
 870 00e1 3B       		.uleb128 0x3b
 871 00e2 0B       		.uleb128 0xb
 872 00e3 27       		.uleb128 0x27
 873 00e4 19       		.uleb128 0x19
 874 00e5 3C       		.uleb128 0x3c
 875 00e6 19       		.uleb128 0x19
 876 00e7 00       		.byte	0
 877 00e8 00       		.byte	0
 878 00e9 00       		.byte	0
 879              		.section	.debug_aranges,"",%progbits
 880 0000 34000000 		.4byte	0x34
 881 0004 0200     		.2byte	0x2
 882 0006 00000000 		.4byte	.Ldebug_info0
 883 000a 04       		.byte	0x4
 884 000b 00       		.byte	0
 885 000c 0000     		.2byte	0
 886 000e 0000     		.2byte	0
 887 0010 00000000 		.4byte	.LFB0
 888 0014 1C000000 		.4byte	.LFE0-.LFB0
 889 0018 00000000 		.4byte	.LFB1
 890 001c 1C000000 		.4byte	.LFE1-.LFB1
 891 0020 00000000 		.4byte	.LFB2
 892 0024 30000000 		.4byte	.LFE2-.LFB2
 893 0028 00000000 		.4byte	.LFB3
ARM GAS  C:\Users\Thomas\AppData\Local\Temp\ccnSuyJj.s 			page 33


 894 002c 30000000 		.4byte	.LFE3-.LFB3
 895 0030 00000000 		.4byte	0
 896 0034 00000000 		.4byte	0
 897              		.section	.debug_ranges,"",%progbits
 898              	.Ldebug_ranges0:
 899 0000 00000000 		.4byte	.LFB0
 900 0004 1C000000 		.4byte	.LFE0
 901 0008 00000000 		.4byte	.LFB1
 902 000c 1C000000 		.4byte	.LFE1
 903 0010 00000000 		.4byte	.LFB2
 904 0014 30000000 		.4byte	.LFE2
 905 0018 00000000 		.4byte	.LFB3
 906 001c 30000000 		.4byte	.LFE3
 907 0020 00000000 		.4byte	0
 908 0024 00000000 		.4byte	0
 909              		.section	.debug_line,"",%progbits
 910              	.Ldebug_line0:
 911 0000 B6000000 		.section	.debug_str,"MS",%progbits,1
 911      02005000 
 911      00000201 
 911      FB0E0D00 
 911      01010101 
 912              	.LASF15:
 913 0000 72656731 		.ascii	"reg16\000"
 913      3600
 914              	.LASF25:
 915 0006 50325F32 		.ascii	"P2_2_Stop\000"
 915      5F53746F 
 915      7000
 916              	.LASF21:
 917 0010 50325F32 		.ascii	"P2_2_SaveConfig\000"
 917      5F536176 
 917      65436F6E 
 917      66696700 
 918              	.LASF3:
 919 0020 73686F72 		.ascii	"short unsigned int\000"
 919      7420756E 
 919      7369676E 
 919      65642069 
 919      6E7400
 920              	.LASF19:
 921 0033 73617665 		.ascii	"saveSrA1Reg\000"
 921      53724131 
 921      52656700 
 922              	.LASF20:
 923 003f 50325F32 		.ascii	"P2_2_BACKUP_STRUCT\000"
 923      5F424143 
 923      4B55505F 
 923      53545255 
 923      435400
 924              	.LASF22:
 925 0052 50325F32 		.ascii	"P2_2_RestoreConfig\000"
 925      5F526573 
 925      746F7265 
 925      436F6E66 
 925      696700
 926              	.LASF11:
ARM GAS  C:\Users\Thomas\AppData\Local\Temp\ccnSuyJj.s 			page 34


 927 0065 666C6F61 		.ascii	"float\000"
 927      7400
 928              	.LASF1:
 929 006b 756E7369 		.ascii	"unsigned char\000"
 929      676E6564 
 929      20636861 
 929      7200
 930              	.LASF14:
 931 0079 72656738 		.ascii	"reg8\000"
 931      00
 932              	.LASF5:
 933 007e 6C6F6E67 		.ascii	"long unsigned int\000"
 933      20756E73 
 933      69676E65 
 933      6420696E 
 933      7400
 934              	.LASF9:
 935 0090 75696E74 		.ascii	"uint8\000"
 935      3800
 936              	.LASF26:
 937 0096 50325F32 		.ascii	"P2_2_Enable\000"
 937      5F456E61 
 937      626C6500 
 938              	.LASF12:
 939 00a2 646F7562 		.ascii	"double\000"
 939      6C6500
 940              	.LASF29:
 941 00a9 433A5C55 		.ascii	"C:\\Users\\Thomas\\Documents\\PSoC Creator\\TASBot\\"
 941      73657273 
 941      5C54686F 
 941      6D61735C 
 941      446F6375 
 942 00d7 54415342 		.ascii	"TASBot.cydsn\000"
 942      6F742E63 
 942      7964736E 
 942      00
 943              	.LASF10:
 944 00e4 75696E74 		.ascii	"uint16\000"
 944      313600
 945              	.LASF8:
 946 00eb 756E7369 		.ascii	"unsigned int\000"
 946      676E6564 
 946      20696E74 
 946      00
 947              	.LASF7:
 948 00f8 6C6F6E67 		.ascii	"long long unsigned int\000"
 948      206C6F6E 
 948      6720756E 
 948      7369676E 
 948      65642069 
 949              	.LASF23:
 950 010f 50325F32 		.ascii	"P2_2_Sleep\000"
 950      5F536C65 
 950      657000
 951              	.LASF16:
 952 011a 73697A65 		.ascii	"sizetype\000"
 952      74797065 
ARM GAS  C:\Users\Thomas\AppData\Local\Temp\ccnSuyJj.s 			page 35


 952      00
 953              	.LASF6:
 954 0123 6C6F6E67 		.ascii	"long long int\000"
 954      206C6F6E 
 954      6720696E 
 954      7400
 955              	.LASF27:
 956 0131 474E5520 		.ascii	"GNU C 4.9.3 20150303 (release) [ARM/embedded-4_9-br"
 956      4320342E 
 956      392E3320 
 956      32303135 
 956      30333033 
 957 0164 616E6368 		.ascii	"anch revision 221220] -mcpu=cortex-m3 -mthumb -g -O"
 957      20726576 
 957      6973696F 
 957      6E203232 
 957      31323230 
 958 0197 33202D66 		.ascii	"3 -ffunction-sections -finline-functions -flto -ffa"
 958      66756E63 
 958      74696F6E 
 958      2D736563 
 958      74696F6E 
 959 01ca 742D6C74 		.ascii	"t-lto-objects\000"
 959      6F2D6F62 
 959      6A656374 
 959      7300
 960              	.LASF13:
 961 01d8 63686172 		.ascii	"char\000"
 961      00
 962              	.LASF30:
 963 01dd 50325F32 		.ascii	"P2_2_backup\000"
 963      5F626163 
 963      6B757000 
 964              	.LASF2:
 965 01e9 73686F72 		.ascii	"short int\000"
 965      7420696E 
 965      7400
 966              	.LASF28:
 967 01f3 2E5C4765 		.ascii	".\\Generated_Source\\PSoC5\\P2_2_PM.c\000"
 967      6E657261 
 967      7465645F 
 967      536F7572 
 967      63655C50 
 968              	.LASF24:
 969 0216 50325F32 		.ascii	"P2_2_Wakeup\000"
 969      5F57616B 
 969      65757000 
 970              	.LASF4:
 971 0222 6C6F6E67 		.ascii	"long int\000"
 971      20696E74 
 971      00
 972              	.LASF17:
 973 022b 656E6162 		.ascii	"enableState\000"
 973      6C655374 
 973      61746500 
 974              	.LASF0:
 975 0237 7369676E 		.ascii	"signed char\000"
ARM GAS  C:\Users\Thomas\AppData\Local\Temp\ccnSuyJj.s 			page 36


 975      65642063 
 975      68617200 
 976              	.LASF18:
 977 0243 73617665 		.ascii	"saveSrA0Reg\000"
 977      53724130 
 977      52656700 
 978              		.comm	__gnu_lto_v1,1,1
 979              		.ident	"GCC: (GNU Tools for ARM Embedded Processors) 4.9.3 20150303 (release) [ARM/embedded-4_9-br
