ARM GAS  C:\Users\Thomas\AppData\Local\Temp\ccQC6uKS.s 			page 1


   1              		.syntax unified
   2              		.cpu cortex-m3
   3              		.fpu softvfp
   4              		.eabi_attribute 20, 1
   5              		.eabi_attribute 21, 1
   6              		.eabi_attribute 23, 3
   7              		.eabi_attribute 24, 1
   8              		.eabi_attribute 25, 1
   9              		.eabi_attribute 26, 1
  10              		.eabi_attribute 30, 2
  11              		.eabi_attribute 34, 1
  12              		.eabi_attribute 18, 4
  13              		.thumb
  14              		.file	"P2_4_PM.c"
  15              		.text
  16              	.Ltext0:
  17              		.section	.gnu.lto_.profile.b949cb23,"",%progbits
  18 0000 789C6366 		.ascii	"x\234cf```a\200\000F\006cY\000\000\367\000Y"
  18      60606061 
  18      80004606 
  18      63590000 
  18      F70059
  19              		.text
  20              		.section	.gnu.lto_.jmpfuncs.b949cb23,"",%progbits
  21 0000 789C6366 		.ascii	"x\234cf\300\016\004\2404\013\0203100C\231\014\000\002"
  21      C00E04A0 
  21      340B1033 
  21      31303043 
  21      990C0002 
  22 0014 C70021   		.ascii	"\307\000!"
  23              		.text
  24              		.section	.gnu.lto_.inline.b949cb23,"",%progbits
  25 0000 789C6366 		.ascii	"x\234cf\300\016\"\2404\013\003\003;\033#\003\023\307"
  25      C00E22A0 
  25      340B0303 
  25      3B1B2303 
  25      13C7
  26 0012 013B06B6 		.ascii	"\001;\006\266\005\362L 1&L!f\006\036\021\240\220@C-"
  26      05F24C20 
  26      31264C21 
  26      66061E11 
  26      A0904043 
  27 0027 5C88910B 		.ascii	"\\\210\221\013\254\235\233\027(\316\267!\027U\234\001"
  27      AC9D9B17 
  27      28CEB721 
  27      17559C01 
  28 0037 00917408 		.ascii	"\000\221t\010="
  28      3D
  29              		.text
  30              		.section	.gnu.lto_.pureconst.b949cb23,"",%progbits
  31 0000 789C6366 		.ascii	"x\234cf``\340d\200\000\026\006)&)f)\026)\000\002\321"
  31      6060E064 
  31      80001606 
  31      29262966 
  31      29162900 
  32 0016 0082     		.ascii	"\000\202"
  33              		.text
ARM GAS  C:\Users\Thomas\AppData\Local\Temp\ccQC6uKS.s 			page 2


  34              		.section	.gnu.lto_P2_4_SaveConfig.b949cb23,"",%progbits
  35 0000 789C8D91 		.ascii	"x\234\215\221\315+DQ\030\306\337\347\275\327m4%Y\332"
  35      CD2B4451 
  35      18C6DFE7 
  35      BDD76D34 
  35      2559DA
  36 0013 58486CCC 		.ascii	"XHl\314B\374\005\026Vj\312vj\322\270[J,'\367j\026\242"
  36      42FC0516 
  36      566ACA76 
  36      6AD2B85B 
  36      4A2C27F7 
  37 002a 982CA47C 		.ascii	"\230,\244|,\024\206\361=,\325eC\311W\026j\026\244F\215"
  37      2C1486F1 
  37      3D2CD565 
  37      43C95716 
  37      6A16A446 
  38 003f 927CD44C 		.ascii	"\222|\324L71\336s\247A\224\334\272\367\334s\336\347"
  38      3731DE73 
  38      A74194DC 
  38      BAF7DC73 
  38      DEE7
  39 0051 3CEFEF39 		.ascii	"<\357\3579G\243\337O\265\274Y\020\325\311\010\215\300"
  39      47A3DF4F 
  39      B5BC5910 
  39      D5C9088D 
  39      C0
  40 0062 F11322DB 		.ascii	"\361\023\"\333\307\200\372!\320\000c\000w\374\304\210"
  40      C780FA21 
  40      D0006300 
  40      77FCC488 
  41 0072 3BC9497F 		.ascii	";\311I\177\375\274eY\217s\307v\320\201\313D/\\\364\301"
  41      FDBC6559 
  41      8F73C776 
  41      D081CB44 
  41      2F5CF4C1 
  42 0086 22EA4944 		.ascii	"\"\352IDO\261\267K\277\021\023Qe\261\206\004\014\361"
  42      4FB1B74B 
  42      BF111351 
  42      65B18604 
  42      0CF1
  43 0098 A7F52AC7 		.ascii	"\247\365*\307*\024^v\366r0\230\\\206\256>D\031\021\251"
  43      2A145E76 
  43      F6723098 
  43      5C86AE3E 
  43      441911A9 
  44 00ac 56B7CC6A 		.ascii	"V\267\314j\324\322\330\317\015?L\224\253}yV}\307F\016"
  44      D4D2D8CF 
  44      0D3F4C94 
  44      AB7D7956 
  44      7DC7460E 
  45 00c0 167C5976 		.ascii	"\026|Yv\231\007\017mKW]\2563\247\347\305%R\323E\373"
  45      99070F6D 
  45      4B575DAE 
  45      33A7E7C5 
  45      2552D345 
  46 00d5 3E87194C 		.ascii	">\207\031L\3311a\322\260\204j,C\222!)\253\224\306\340"
  46      D93161D2 
ARM GAS  C:\Users\Thomas\AppData\Local\Temp\ccQC6uKS.s 			page 3


  46      B0846A2C 
  46      43922129 
  46      AB94C6E0 
  47 00e9 F84D8DF2 		.ascii	"\370M\215\362\023\351\354\305\350\032G_\255!\313\347"
  47      13E9ECC5 
  47      E81A475F 
  47      AD21CBE7 
  48 00f9 B2FEA608 		.ascii	"\262\376\246\010\277\373\351\3364a\307\246=?K\251\312"
  48      BFFBE9DE 
  48      3461C7A6 
  48      3D3F4BA9 
  48      CA
  49 010a B0822856 		.ascii	"\260\202(V\225\241\324\336W\306\266\214\306\244\004"
  49      95A1D4DE 
  49      57C6B68C 
  49      C6A404
  50 0119 741A5C36 		.ascii	"t\032\\6\260&\302g\357\020\260\216F!&/A\256\224@\227"
  50      B026C267 
  50      EF10B08E 
  50      4621262F 
  50      41AE9440 
  51 012e 3DBBA9D7 		.ascii	"=\273\251\327\013\315\303\035/%8;J\345+\276\2207>\221"
  51      0BCDC31D 
  51      2F25383B 
  51      4AE52BBE 
  51      90373E91 
  52 0142 37FF89FC 		.ascii	"7\377\211\374\223q\353\017\306\224\307\250n\001\333"
  52      9371EB0F 
  52      C694C7A8 
  52      6E01DB
  53 0151 8A51A72B 		.ascii	"\212Q\247+\330N\276L5P\344\031\251\311\331\213sm \324"
  53      D84EBE4C 
  53      3550E419 
  53      A9C9D98B 
  53      736D20D4 
  54 0165 66769BBD 		.ascii	"fv\233\275\235}fW\270\243\247\2777b\206\202\035=\255"
  54      9D7D6657 
  54      B8A3A7BF 
  54      37628682 
  54      1D3DAD
  55 0178 2DA16053 		.ascii	"-\241`S\2709\034l\017D\350\003\326\360\273\361"
  55      B8391C6C 
  55      0F44E803 
  55      D6F0BBF1 
  56              		.text
  57              		.section	.gnu.lto_P2_4_RestoreConfig.b949cb23,"",%progbits
  58 0000 789C7590 		.ascii	"x\234u\220\313KBA\030\305\277\363\335\333E\020\"Z\211"
  58      CB4B4241 
  58      18C5BFF3 
  58      DDDB4510 
  58      225A89
  59 0013 DB8816A2 		.ascii	"\333\210\026\242\213\250\277 \250U`\264\025$\314m\202"
  59      8BA8BF20 
  59      A85560B4 
  59      1524CC6D 
  59      82
  60 0024 D432BA37 		.ascii	"\3242\2727\014\202\240\322U\320cWY\232\225F\273@\334"
ARM GAS  C:\Users\Thomas\AppData\Local\Temp\ccQC6uKS.s 			page 4


  60      0C82A0D2 
  60      55D06357 
  60      599A9546 
  60      BB40DC
  61 0037 14045A18 		.ascii	"\024\004Z\030\004\006\2651(h\221\011\305%z\314\214T"
  61      0406B531 
  61      28689109 
  61      C5257ACC 
  61      8C54
  62 0049 F41A98D7 		.ascii	"\364\032\230\3277g\316\371\315h\364\273\271E\257\200"
  62      3767CEF9 
  62      CD68F4BB 
  62      B945AF80 
  63 0059 A85DCCD0 		.ascii	"\250]\314\320\010<_$\262\034\014\310\005\201&\030\023"
  63      083C5F24 
  63      B21C0CC8 
  63      05812618 
  63      13
  64 006a B8E51A63 		.ascii	"\270\345\032c>\237Zpv\254\232\246y_\310\271\246\\6\023"
  64      3E9F5A70 
  64      76AC9AA6 
  64      795FC8B9 
  64      A65C3613 
  65 007e D5B96183 		.ascii	"\325\271a\203ut\220\320\324b/\347N#&4-\2153$a\010{\332"
  65      757490D0 
  65      D4622FE7 
  65      4E232634 
  65      2D8D3324 
  66 0096 6ECD9B6F 		.ascii	"n\315\233oo\365b<\351\201\301d3t9\020U\205JF]3\313Y"
  66      6FF5623C 
  66      E981C164 
  66      33743910 
  66      55854A46 
  67 00ae AB6072BF 		.ascii	"\253`r\277V\032\220\367\236X\306\256\224g3<\376lN\233"
  67      561A90F7 
  67      9E58C6AE 
  67      9467333C 
  67      FE6C4E9B 
  68 00c2 0E9BF945 		.ascii	"\016\233\371E\232\212\352U\265t\352\270aQQ\333\244\025"
  68      9A8AEA55 
  68      B574EAB8 
  68      615151DB 
  68      A415
  69 00d4 5BC23216 		.ascii	"[\3022\026-S\2524l`\034\233p\253\263\327\364\\\326\360"
  69      2D53AA34 
  69      6C601C9B 
  69      70ABB3D7 
  69      F45CD6F0 
  70 00e8 7A6CD691 		.ascii	"zl\326\221\022\232\007\205\2144\274\342\341\205\004"
  70      129A0785 
  70      8C34BCE2 
  70      E18504
  71 00f7 649250CD 		.ascii	"d\222P\315\315\034\256)\303\246\311#\313\324\277e4)"
  71      CD1CAE29 
  71      C3A6C923 
  71      CBD4BF65 
  71      3429
ARM GAS  C:\Users\Thomas\AppData\Local\Temp\ccQC6uKS.s 			page 5


  72 0109 9F75EBEE 		.ascii	"\237u\353\356Qe\304`\263\201-\270\221\221\021\330\026"
  72      5165C460 
  72      B3812DB8 
  72      919111D8 
  72      16
  73 011a 55C14A12 		.ascii	"U\301J\022=~\206\006\272\376/\372O\326\235\277Yw\025"
  73      3D7E8606 
  73      BAFE2FFA 
  73      4FD69DBF 
  73      597715
  74 012d ABFC3B64 		.ascii	"\253\374;d\177\260\036\344\236\313\232\002K|\260\236"
  74      7FB01EE4 
  74      9ECB9A02 
  74      4B7CB09E 
  75 013d 1CE79E9A 		.ascii	"\034\347\236\232\277\340r\237p{\012N\247KX\371\213^"
  75      BFE0729F 
  75      707B0A4E 
  75      A74B58F9 
  75      8B5E
  76 014f 69209F5F 		.ascii	"i \237_\025\306\342\267\005Q\233/\320\027\036\011G\207"
  76      15C6E2B7 
  76      05519B2F 
  76      D0171E09 
  76      4787
  77 0161 46C3C3C1 		.ascii	"F\303\303\301\301\310X4\024\016\370\007#=\335\001\177"
  77      C1C85834 
  77      140EF807 
  77      233DDD01 
  77      7F
  78 0172 67B02BE8 		.ascii	"g\260+\350\357\367\205\350\035;\345\261\354"
  78      EFF785E8 
  78      1D3BE5B1 
  78      EC
  79              		.text
  80              		.section	.gnu.lto_P2_4_Sleep.b949cb23,"",%progbits
  81 0000 789C9592 		.ascii	"x\234\225\222Mh\023Q\024\205\357y3\371\257 \256J\027"
  81      4D681351 
  81      1485EF79 
  81      33F9AF20 
  81      AE4A17
  82 0013 BA10A99B 		.ascii	"\272\020\251\233v!\212K\027.\272\022\002\335\006\202"
  82      76218A4B 
  82      172EBA12 
  82      02DD0682 
  83 0023 D4AC040B 		.ascii	"\324\254\004\013E\227\2413I\212\242bj\220\"h\334YcS"
  83      4597A133 
  83      498AA262 
  83      6A902268 
  83      DC596353 
  84 0037 9B9A68FC 		.ascii	"\233\232h\374Ic\203\010\321\215\"]\010E\242\205\212"
  84      49638308 
  84      D18D225D 
  84      0845A285 
  84      8A
  85 0048 7161350D 		.ascii	"qa5\015Tc\251\365\3367VjJ\005\007\346\275y3\347\335"
  85      5463A9F5 
  85      DE37566A 
ARM GAS  C:\Users\Thomas\AppData\Local\Temp\ccQC6uKS.s 			page 6


  85      4A0507E6 
  85      BD7933E7 
  86 005d F3DDF3C6 		.ascii	"\363\335\363\306\240\255W\027\337'\015\242}<\303 \250"
  86      A0AD5717 
  86      DF270DA2 
  86      7D3CC320 
  86      A8
  87 006e D19744B6 		.ascii	"\321\227D\266W\001\362@\240a\205a|R\015\205\321J\366"
  87      5701F240 
  87      A0618561 
  87      7C520D85 
  87      D14AF6
  88 0081 6AA0FBA6 		.ascii	"j\240\373\246eY_S\245\316\221\316\226\"j*\247\014n\241"
  88      65595F53 
  88      A5CE91CE 
  88      96226A2A 
  88      A70C6EA1 
  89 0095 9B58D348 		.ascii	"\233X\323H\254\275\011\270\023\254\331\351|C\006n\360"
  89      ACBD09B8 
  89      13ACD9E9 
  89      7C43066E 
  89      F0
  90 00a6 9CDB55B1 		.ascii	"\234\333U\261\326\327\013\237/\327\017\243\003\324R"
  90      D6D70B9F 
  90      2FD70FA3 
  90      03D452
  91 00b5 6CC683C9 		.ascii	"l\306\203\311\203r\311\223\217\007\303/\003\321\"\357"
  91      8372C993 
  91      8F07C32F 
  91      03D122EF 
  92 00c5 14FB0F4A 		.ascii	"\024\373\017J\311l\314\343\351\312\371Zz\032R\355\233"
  92      C96CCCE3 
  92      E9CAF95A 
  92      7A1A52ED 
  92      9B
  93 00d6 32D828FE 		.ascii	"2\330(\376\276\370\302SW-e6\237\333\226)\336\357\026"
  93      BEF8C253 
  93      572D6536 
  93      9FDB9629 
  93      DEEF16
  94 00e9 5FBDF6EA 		.ascii	"_\275\366\352W$\313\211\037\325\217\2364\256\331\011"
  94      5724CB89 
  94      1FD58F9E 
  94      34AED909 
  95 00f9 B4940BB7 		.ascii	"\264\224\013\267\321\205\011p\273\310\"\015\232G\374"
  95      D1850970 
  95      BBC8220D 
  95      9A47FC
  96 0108 BBDB2907 		.ascii	"\273\333)\007\247b5]\317\233\262\035 L\262\222%\371"
  96      A762355D 
  96      CF9BB21D 
  96      204CB292 
  96      25F9
  97 011a B3CF4C47 		.ascii	"\263\317LGd\262\216E\366x\351\242\266\345\236pG\213"
  97      64B28E45 
  97      F678E9A2 
  97      B6E59E70 
ARM GAS  C:\Users\Thomas\AppData\Local\Temp\ccQC6uKS.s 			page 7


  97      478B
  98 012c 62358F23 		.ascii	"b5\217#q\261J\326\251\205\335\362\202\3257\346.M\251"
  98      71B14AD6 
  98      A985DDF2 
  98      82D537E6 
  98      2E4DA9
  99 013f E8AA75CE 		.ascii	"\350\252u\316\362\266\224{M\362\330\314\351\326\313"
  99      F2B6947B 
  99      4DF2D8CC 
  99      E9D6CB
 100 014e 8C9DB80E 		.ascii	"\214\235\270\016\341\264D\345\301\024\242\310\011(\177"
 100      E1B444E5 
 100      C114A2C8 
 100      09287F
 101 015d FB3999CC 		.ascii	"\3739\231\314\273{\262\034ge\177Ky1\315\302e\0359\356"
 101      BB7BB21C 
 101      67657F4B 
 101      7931CDC2 
 101      651D39EE 
 102 0171 A2872DE9 		.ascii	"\242\207-\351-\342\225RU\211!\265;\372\232\0323\217"
 102      2DE29552 
 102      558921B5 
 102      3BFA9A1A 
 102      338F
 103 0183 28C7EA27 		.ascii	"(\307\352'\235\342\322\230\357\257c\252\224\253J\037"
 103      9DE2D298 
 103      EFAF63AA 
 103      94AB4A1F 
 104 0193 5293B36E 		.ascii	"R\223\263n;@\024\270(\341\2364'\273\222\027\252\343"
 104      3B4014B8 
 104      28E19E34 
 104      27BB9217 
 104      AAE3
 105 01a5 1A3C10DB 		.ascii	"\032<\020\333\222y@\363.eF\312\246\364r\305f\377\016"
 105      927940F3 
 105      2E6546CA 
 105      A6F472C5 
 105      66FF0E
 106 01b8 DCE7D08B 		.ascii	"\334\347\320\213:\364\007N\350\261T\243xD*n\233N{\034"
 106      3AF4074E 
 106      E8B154A3 
 106      78442A6E 
 106      9B4E7B1C 
 107 01cc 0FB78D63 		.ascii	"\017\267\215c\007\036\3518\340\200\342\261$\342s\332"
 107      071EE938 
 107      E080E2B1 
 107      24E273DA 
 108 01dc 5C19F339 		.ascii	"\\\031\3639\334~\336V.\254\316\031\0322\265\301=\223"
 108      DC7EDE56 
 108      2EACCE19 
 108      1A32B5C1 
 108      3D93
 109 01ee FC923336 		.ascii	"\374\22236\201\226\376\200\316l\200.\354\371/\316\362"
 109      8196FE80 
 109      CE6C802E 
 109      ECF92FCE 
 109      F2
ARM GAS  C:\Users\Thomas\AppData\Local\Temp\ccQC6uKS.s 			page 8


 110 01ff 3F389F68 		.ascii	"?8\237hN\365\233sV8\375T\203]\231\355\323\007G\362\313"
 110      4EF59B73 
 110      5638FD54 
 110      835D99ED 
 110      D30747F2 
 111 0214 437E752E 		.ascii	"C~u.\276\2677\324\0279\025\031:~:r\"\334?xfh \022\012"
 111      BEB737D4 
 111      17391519 
 111      3A7E3A72 
 111      22DC3F78 
 112 022d F60F1E3D 		.ascii	"\366\017\036=\024\012\036\010\037\014\007\217\365\016"
 112      140A1E08 
 112      1F0C078F 
 112      F50E
 113 023b D02F724A 		.ascii	"\320/rJA\231"
 113      4199
 114              		.text
 115              		.section	.gnu.lto_P2_4_Wakeup.b949cb23,"",%progbits
 116 0000 789C8D92 		.ascii	"x\234\215\222\315kSA\024\305\357\231\231\276\227\246"
 116      CD6B5341 
 116      14C5EF99 
 116      99BE97A6 
 117 0010 5D88ABD2 		.ascii	"]\210\253\322E6\242]H+\370\361\027\270(\010B\244\333"
 117      4536A25D 
 117      482BF8F1 
 117      17B82808 
 117      42A4DB
 118 0023 40909AAD 		.ascii	"@\220\232\255\205\242\313\320yi\012\005\305\324\320"
 118      85A2CBD0 
 118      79690A05 
 118      C5D4D0
 119 0032 85A05537 		.ascii	"\205\240U7\326hjcZ\255\232Z\010\"*.,\245~`\020\335T"
 119      D6686A63 
 119      5AAD9A5A 
 119      08222A2E 
 119      2CA57E60 
 120 0049 D08D1AB3 		.ascii	"\320\215\032\263(\241\324z\357\304\257\246\012>\230"
 120      28A1D47A 
 120      EFC4AFA6 
 120      0A3E98
 121 0058 376FEE9C 		.ascii	"7o\356\2349\3477\274\253i\353\263\217GE\021\355\344"
 121      39E737BC 
 121      AB69EBB3 
 121      8F474511 
 121      EDE4
 122 006a 192D0435 		.ascii	"\031-\0045\366\214(\010)\245K\021\262a\363r\017\331"
 122      F68C2808 
 122      29A54B11 
 122      B261F372 
 122      0FD9
 123 007c 760DD328 		.ascii	"v\015\323(\033@>\0104\244\264\301\020>\252\252\302X"
 123      1B403E08 
 123      34A4B4C1 
 123      103EAAAA 
 123      C258
 124 008e 397FAEAD 		.ascii	"9\177\256\255\353\212\265\366Kj\251c\244\243\316~5\325"
 124      EB8AB5F6 
ARM GAS  C:\Users\Thomas\AppData\Local\Temp\ccQC6uKS.s 			page 9


 124      4B6AA963 
 124      A4A3CE7E 
 124      35D5
 125 00a0 F0C75574 		.ascii	"\360\307Ut\021k\252\351\365Wm^\2325\333\032{\310\301"
 125      116BAAE9 
 125      F5576D5E 
 125      9A35DB1A 
 125      7BC8C1
 126 00b3 03CF85ED 		.ascii	"\003\317\205\355e\273\261Q{\230\035\335\245Z\015\325"
 126      65BBB151 
 126      7B981DDD 
 126      A55A0DD5 
 127 00c3 153C7E29 		.ascii	"\025<~)_^D+<$\361=/x\326\025\244\346\252\213G6\031\226"
 127      5F5E442B 
 127      3C24F13D 
 127      2F78D615 
 127      A4E6AA8B 
 128 00db C7C3CEAD 		.ascii	"\307\303\316\255\246\320\234\204k\354F\270\016oUy\274"
 128      A6D09C84 
 128      6BEC46B8 
 128      0E6F5579 
 128      BC
 129 00ec 7771F9CC 		.ascii	"wq\371\314\264J\256\331Q\033\252+\275.\034\\}\267\262"
 129      B44AAED9 
 129      511BAA2B 
 129      BD2E1C5C 
 129      7DB7B2
 130 00ff B814FAA0 		.ascii	"\270\024\372\240\270\342\226\271 }\001\0238\037XQ\031"
 130      B8E296B9 
 130      207D0113 
 130      381F5851 
 130      19
 131 0110 E491C414 		.ascii	"\344\221\304\024:\335\336\267\251\314\214\327\235g\363"
 131      3ADDDEB7 
 131      A9CC8CD7 
 131      9D67F3
 132 011f CB97745D 		.ascii	"\313\227t]\265\340\006+\277\262\217K\3024\272\251\202"
 132      B5E0062B 
 132      BFB28F4B 
 132      C234BAA9 
 132      82
 133 0130 07594824 		.ascii	"\007YH$\3133\247\036O:g/\365$\260fS\230\347\014?\345"
 133      CB33A71E 
 133      4F3A672F 
 133      F524B066 
 133      5398E70C 
 134 0146 46168C84 		.ascii	"F\026\214\204\215\007\034\346\243\200N\334\2240\024"
 134      8D071CE6 
 134      A3804EDC 
 134      943014
 135 0155 D999A949 		.ascii	"\331\231\251I\256|\3669\032\227\360\377y\211f\352\231"
 135      AE7CF639 
 135      1A97F0FF 
 135      798966EA 
 135      99
 136 0166 2DD4BB85 		.ascii	"-\324\273\205w\326\361\342\007\357\255&\336\205\331"
 136      77D6F1E2 
ARM GAS  C:\Users\Thomas\AppData\Local\Temp\ccQC6uKS.s 			page 10


 136      07EFAD26 
 136      DE85D9
 137 0175 B565EDE0 		.ascii	"\265e\355\340\262?y\357g>\027\364\037\200\267\177\001"
 137      B23F79EF 
 137      673E17F4 
 137      1F80B77F 
 137      01
 138 0186 CE3940DF 		.ascii	"\3169@\337\001\026\037e}\371\007\253\312\3747\341\235"
 138      01161F65 
 138      7DF907AB 
 138      CAFC37E1 
 138      9D
 139 0197 BF118670 		.ascii	"\277\021\206p\327\021\272\026\271\307x/\220~=\034\371"
 139      D711BA16 
 139      B9C7782F 
 139      907E3D1C 
 139      F9
 140 01a8 ED1D4CCE 		.ascii	"\355\035L\316\237\366\005\221\233\007%9N\322\036\232"
 140      9FF60591 
 140      9B072539 
 140      4ED21E9A 
 141 01b8 4A11FD06 		.ascii	"J\021\375\006\303\345\211\247\355\"\246f\214\326\232"
 141      C3E589A7 
 141      ED22A666 
 141      8CD69A
 142 01c7 78621E49 		.ascii	"xb\036I\356\254\260;c\\K\275EP.\036rgH\032\016Re\351"
 142      EEACB03B 
 142      635C4BBD 
 142      45502E1E 
 142      7267481A 
 143 01df 8E9E586F 		.ascii	"\216\236Xo\342xb\360\350\211\304\261x\337\300\311\301"
 143      E27862F0 
 143      E889C4B1 
 143      78DFC0C9 
 143      C1
 144 01f0 FE442CDA 		.ascii	"\376D,\3327p\360@,\2727\276?\036=\334\323O\337\001\337"
 144      3770F040 
 144      2CBA37BE 
 144      3F1E3DDC 
 144      D34FDF01 
 145 0205 490B53   		.ascii	"I\013S"
 146              		.text
 147              		.section	.gnu.lto_.symbol_nodes.b949cb23,"",%progbits
 148 0000 789C55C8 		.ascii	"x\234U\310A\015\2000\020\005\321\351n\267A\020\332\270"
 148      410D8030 
 148      1005D1E9 
 148      6EB74110 
 148      DAB8
 149 0012 FE4A4001 		.ascii	"\376J@\001\251\011\034p\306\003\011:\010$p(s{\343\300"
 149      A9091C70 
 149      C603093A 
 149      08247028 
 149      737BE3C0 
 150 0026 C49725C1 		.ascii	"\304\227%\301\274\203\304\322\006\002\232\311\315\224"
 150      BC83C4D2 
 150      06029AC9 
 150      CD94
ARM GAS  C:\Users\Thomas\AppData\Local\Temp\ccQC6uKS.s 			page 11


 151 0034 FA6D2EFB 		.ascii	"\372m.\3739\313{\247P~M\255\017\213\242\243{\260\035"
 151      39CB7BA7 
 151      507E4DAD 
 151      0F8BA2A3 
 151      7BB01D
 152 0047 57F25C38 		.ascii	"W\362\\8\327\221\033\317\310\035\246"
 152      D7911BCF 
 152      C81DA6
 153              		.text
 154              		.section	.gnu.lto_.refs.b949cb23,"",%progbits
 155 0000 789C25C8 		.ascii	"x\234%\310\321\011\000 \014\304\320\244WA\\\304\375"
 155      D1090020 
 155      0CC4D0A4 
 155      57415CC4 
 155      FD
 156 0011 371469BE 		.ascii	"7\024i\276\036\011p\231\012-\355\372\300$\272t\353I"
 156      1E097099 
 156      0A2DEDFA 
 156      C024BA74 
 156      EB49
 157 0023 CFC2C503 		.ascii	"\317\302\305\003\015{\000w"
 157      0D7B0077 
 158              		.text
 159              		.section	.gnu.lto_.decls.b949cb23,"",%progbits
 160 0000 789C8D54 		.ascii	"x\234\215TkLTG\024\276gg\331\027\353jj\202\206_\033"
 160      6B4C5447 
 160      14BE6767 
 160      D917EB6A 
 160      6A82865F 
 161 0015 4C48DB18 		.ascii	"LH\333\030#\246%\376i\252\222\306\037\246\315F4\375"
 161      23A625FE 
 161      69AA92C6 
 161      1FA6CD46 
 161      34FD
 162 0027 2109457A 		.ascii	"!\011EzK\215\204\245<\232\370o\200\010\013U\243\244"
 162      4B8D84A5 
 162      3C9AF86F 
 162      80080B55 
 162      A3A4
 163 0039 952DA564 		.ascii	"\225-\245d-R\004q\345-\370(\013*\345!B\205\"\013\345"
 163      2D520471 
 163      E52DF828 
 163      0B2AE521 
 163      4285220B 
 164 004e B5408A58 		.ascii	"\265@\212Xem\361M\335\236\231{\327\275k\300:\311\331"
 164      656DF14D 
 164      DD9E997B 
 164      D7BD6BC0 
 164      3AC9D9
 165 0061 9D99FB9D 		.ascii	"\235\231\373\235\357|s\346\314!\202 4\200 \370p\014"
 165      EF7C73E6 
 165      CC218220 
 165      348020F8 
 165      700C
 166 0073 68052102 		.ascii	"h\005!\002\347!\270g\021\002C\203V\215\346D\253A\253"
 166      E721B867 
 166      11024383 
ARM GAS  C:\Users\Thomas\AppData\Local\Temp\ccQC6uKS.s 			page 12


 166      568DE644 
 166      AB41AB
 167 0086 633E684D 		.ascii	"c>hMh\010\027n\011\301\203a\2652\207\031m\030\3556\232"
 167      6808176E 
 167      09C18361 
 167      B5328719 
 167      6D18ED36 
 168 009b 1BAD0FAD 		.ascii	"\033\255\017\255\003M\205\326\205\326+sT\257\300\345"
 168      034D85D6 
 168      85D62B73 
 168      54AFC0E5 
 169 00ab 7C854BC9 		.ascii	"|\205K\3111\2026\264\014\227s\005.\246\335$s\205\241"
 169      318236B4 
 169      0C977305 
 169      2EA6DD24 
 169      7385A1
 170 00be 8DC99C33 		.ascii	"\215\311\2343h\036\005\367\025\264Y\264J\205v\026\217"
 170      681E05F7 
 170      15B459B4 
 170      4A857616 
 170      8F
 171 00cf A0752B62 		.ascii	"\240u+b\021\231\263\3415\372Y\256B\0251W:\2032&Q\304"
 171      1199B3E1 
 171      35FA59AE 
 171      42153157 
 171      3A833226 
 172 00e5 E896D775 		.ascii	"\350\226\327u\362\271V\312\371\003\025\2648\027{C\347"
 172      F2B956CA 
 172      F90315B4 
 172      38177B43 
 172      E7
 173 00f6 54603298 		.ascii	"T`2\230\331\362ba\247]\203K\243A\315\226\227\236{\006"
 173      D9F26261 
 173      A75D834B 
 173      A341CD96 
 173      979E7B06 
 174 010a D5EBBEA3 		.ascii	"\325\353\276\2438\216\347\3205j\260\204A\005\204\303"
 174      388EE7D0 
 174      356AB084 
 174      410584C3 
 175 011a 190847C6 		.ascii	"\031\010G\306JX\207\277\373\324\022\223\247\362\364"
 175      4A5887BF 
 175      FBD41293 
 175      A7F2F4
 176 0129 71135101 		.ascii	"q\023Q\001\233\227\331\247\006\015\033\253\320\315F"
 176      9B97D9A7 
 176      060D1BAB 
 176      D0CD46
 177 0138 5DFDAA40 		.ascii	"]\375\252@\270\212\256\216)\203\271\224N\326x[\006\335"
 177      B88AAE8E 
 177      2983B994 
 177      4ED6785B 
 177      06DD
 178 014a 46DA495D 		.ascii	"F\332I]>_+\005N\006U@\340,ldX6\347NP\015ft\234\250\354"
 178      3E5F2B05 
 178      4E065540 
 178      E02C6C64 
ARM GAS  C:\Users\Thomas\AppData\Local\Temp\ccQC6uKS.s 			page 13


 178      5836E74E 
 179 0165 7FBC8A7C 		.ascii	"\177\274\212|\300\331g\036\225>Pq\022GI\231\306O\301"
 179      C0D9671E 
 179      953E5071 
 179      12474999 
 179      C64FC1
 180 0178 19CE2918 		.ascii	"\031\316)\030\316\371\031\234\234\341\247\206\177\353"
 180      CEF9199C 
 180      9CE1A786 
 180      7FEB
 181 0186 55C4C219 		.ascii	"U\304\302\031\316,\315\326\252\221\301Q\343p\313\014"
 181      CE2CCDD6 
 181      AA91C151 
 181      E370CB0C 
 182 0196 1F72FFF3 		.ascii	"\037r\377\363\012\377\363~\377\032\356\177\370B\376"
 182      0AFFF37E 
 182      FF1AEE7F 
 182      F842FE
 183 01a5 7D3DD9C7 		.ascii	"}=\331\307\375K\312\007\216\255\226\374m\345J\377Z\205"
 183      FD4BCA07 
 183      8EAD96FC 
 183      6DE54AFF 
 183      5A85
 184 01b7 7FADDFBF 		.ascii	"\177\255\337\277N:\301\325\211\033\204$q\377\005\327"
 184      4E3AC1D5 
 184      891B8424 
 184      71FF05D7 
 185 01c7 622EB013 		.ascii	"b.\260\023P\357\235i\317\326\357\351\251l\372\302\347"
 185      50EF9D69 
 185      CFD6EFE9 
 185      A96CFAC2 
 185      E7
 186 01d8 93D350AF 		.ascii	"\223\323P\257 \251\367\2234p\222\276gS\367\324\244\020"
 186      20A9F793 
 186      347092BE 
 186      6753F7D4 
 186      A410
 187 01ea 38CB585D 		.ascii	"8\313X]\366\023\023gq\034-\3135+d4*\030\032\375\014"
 187      F6131367 
 187      711C2DCB 
 187      352B6434 
 187      2A181AFD 
 188 01ff 4D928CC7 		.ascii	"M\222\214\307\023\355Z~\341\233\031G\341\341\346f\023"
 188      13ED5A7E 
 188      E19B1947 
 188      E1E1E666 
 188      13
 189 0210 BF700D5B 		.ascii	"\277p\015[V-\366TjI\251\304?\324\232\227\247#\265\322"
 189      562DF654 
 189      6A49A9C4 
 189      3FD49A97 
 189      A723B5D2 
 190 0224 22EBE74B 		.ascii	"\"\353\347KG\230_\230\201_\344\261\236\3426\302\227"
 190      47985F98 
 190      815FE4B1 
 190      9EE236C2 
 190      97
ARM GAS  C:\Users\Thomas\AppData\Local\Temp\ccQC6uKS.s 			page 14


 191 0235 3EF659E5 		.ascii	">\366Y\345v\177\373\224\200!\322Fi6\365\026R\262^\200"
 191      767FFB94 
 191      8021D246 
 191      6936F516 
 191      52B25E80 
 192 0249 8DE1F04E 		.ascii	"\215\341\360N\270\000\277@$\302\270\036\270\204\305"
 192      B800BF40 
 192      24C2B81E 
 192      B884C5
 193 0258 73198BE7 		.ascii	"s\031\213\3474\226\206w\341z\325\256\034\272\015\256"
 193      34968677 
 193      E17AD5AE 
 193      1CBA0DAE 
 194 0268 80012EBE 		.ascii	"\200\001.\276T\314#\310\345\322\352\034\260\353\310"
 194      54CC23C8 
 194      E5D2EA1C 
 194      B0EBC8
 195 0277 A8A4A0C7 		.ascii	"\250\244\240\307\363\344\037#W\276\206-\213o\317.\022"
 195      F3E41F23 
 195      57BE862D 
 195      8B6FCF2E 
 195      12
 196 0288 AE5CC596 		.ascii	"\256\\\305\226?\376}\377\262\236\374\031,\326,\211-"
 196      3FFE7DFF 
 196      B29EFC19 
 196      2CD62C89 
 196      2D
 197 0299 BAFBA441 		.ascii	"\272\373\244A\307\227>\037aj\237O;+4\020i`2\034gW\001"
 197      C7973E1F 
 197      616A9F4F 
 197      3B2B3410 
 197      6960321C 
 198 02b0 74A084F6 		.ascii	"t\240\204\366\200\004\263,\201\237\206\346\320\2203"
 198      8004B32C 
 198      819F86E6 
 198      D09033
 199 02bf 26015CA8 		.ascii	"&\001\\\250\275\015\265\303u<\220Y>\320U\334\274\206"
 199      BD0DB5C3 
 199      753C9059 
 199      3ED055DC 
 199      BC86
 200 02d1 9B18E572 		.ascii	"\233\030\345rw\347\003-\271/)Xj\316\311Q\221g|\021r"
 200      77E7032D 
 200      B92F2958 
 200      6ACEC951 
 200      91677C11 
 201 02e6 ADAFF1A8 		.ascii	"\255\257\361\250\032\"\"\326FF8\220\321{'\347\007\223"
 201      1A2222D6 
 201      46463890 
 201      D17B27E7 
 201      0793
 202 02f8 9D3ADAA4 		.ascii	"\235:\332\244\270\277b\334\036X\033\340\177\233=.\027"
 202      B8BF62DC 
 202      1E581BE0 
 202      7F9B3D2E 
 202      17
 203 0309 7B620283 		.ascii	"{b\002\203O\3167\305\271\262\010OS\253\214\225S\313"
ARM GAS  C:\Users\Thomas\AppData\Local\Temp\ccQC6uKS.s 			page 15


 203      4FCE37C5 
 203      B9B2084F 
 203      53AB8C95 
 203      53CB
 204 031b 91EF32E0 		.ascii	"\221\3572\340\011\376F)\335\226&\300\005$j\346/\224"
 204      09FE4629 
 204      DD9626C0 
 204      05246AE6 
 204      2F94
 205 032d 415126DC 		.ascii	"AQ&\334@\305\335\020\001]h\275\020\301\317\306\316>"
 205      40C5DD10 
 205      015D68BD 
 205      10C1CFC6 
 205      CE3E
 206 033f 39B745C7 		.ascii	"9\267E\307@\202\277Z\244\301\243\336k\376\314\225M\270"
 206      4082BF5A 
 206      A4C1A3DE 
 206      6BFECC95 
 206      4DB8
 207 0351 C2CE6515 		.ascii	"\302\316e\025Vp\205\230\315\251\223\343\375\004\"\327"
 207      56708598 
 207      CDA993E3 
 207      FD0422D7 
 208 0361 72C6E71A 		.ascii	"r\306\347\032\200>\304\266\004\262\311\002\360\261\234"
 208      803EC4B6 
 208      04B2C902 
 208      F0B19C
 209 0370 48B889DA 		.ascii	"H\270\211\332^\247\223\265\223\342\374\027Z\222+\367"
 209      5EA793B5 
 209      93E2FC17 
 209      5A922BF7 
 210 0380 165F7B13 		.ascii	"\026_{\023\211n\2406\307z\036\210\341YY1\037v\033\275"
 210      896EA036 
 210      C77A1E88 
 210      E1595931 
 210      1F761BBD 
 211 0394 D23F83FA 		.ascii	"\322?\203\372\236=\2347n8\205w\354m\031\376\013\262"
 211      9E3D9C37 
 211      6E388577 
 211      EC6D19FE 
 211      0BB2
 212 03a6 A8036F93 		.ascii	"\250\003o\223\275\021\356\330/)T\244\253\237=\025\370"
 212      BD11EED8 
 212      2F2954A4 
 212      AB9F3D15 
 212      F8
 213 03b7 0DA205B8 		.ascii	"\015\242\005\270\005\033Xw\2749:NH\241\024\330k;zWm"
 213      051B5877 
 213      BC393A4E 
 213      48A114D8 
 213      6B3B7A57 
 214 03cc B0B17A78 		.ascii	"\260\261zx\303\222P\025\235\033+\006\271\316\274\013"
 214      C3925015 
 214      9D1B2B06 
 214      B9CEBC0B 
 215 03dc E5ADC62E 		.ascii	"\345\255\306.Ju0\204)\035\010\244g\020\002\325\266\014"
 215      4A753084 
ARM GAS  C:\Users\Thomas\AppData\Local\Temp\ccQC6uKS.s 			page 16


 215      291D08A4 
 215      671002D5 
 215      B60C
 216 03ee F5EFCB57 		.ascii	"\365\357\313W\333\221\271\207e\241~5\2667r\251lo)\011"
 216      DB91B987 
 216      65A17E35 
 216      B63772A9 
 216      6C6F2909 
 217 0402 3516B09A 		.ascii	"5\026\260\232\306n\256\3574\301mT\022\350\347\303`\344"
 217      C66EAEEF 
 217      34C16D54 
 217      12E8E7C3 
 217      60E4
 218 0414 8D02FF11 		.ascii	"\215\002\377\021=\277T=\255\011B\263\244\005\320n\031"
 218      3DBF543D 
 218      AD0942B3 
 218      A405D06E 
 218      19
 219 0425 EDE6E8F2 		.ascii	"\355\346\350\362\023\035$\010<\024D=\"\203G8\270\350"
 219      131D2408 
 219      3C14443D 
 219      22834738 
 219      B8E8
 220 0437 644F8996 		.ascii	"dO\211\226\330yZ\3253O\307\037k!\\\037\031n\307\334"
 220      D8795AD5 
 220      334FC71F 
 220      6B215C1F 
 220      196EC7DC 
 221 044b 8C815EC8 		.ascii	"\214\201^\310\343=$\373\370\232\257^\366\220q<\021\373"
 221      E33D24FB 
 221      F89AAF5E 
 221      F690713C 
 221      11FB
 222 045d 24C01FC8 		.ascii	"$\300\037\3109!w\020\0336\017\334\205Q\271\305I\303"
 222      39217710 
 222      1B360FDC 
 222      8551B9C5 
 222      49C3
 223 046f 8EFB1211 		.ascii	"\216\373\022\021\373\301p\264\350\233\323:R*\335b\343"
 223      FBC170B4 
 223      E89BD33A 
 223      522ADD62 
 223      E3
 224 0480 A3829655 		.ascii	"\243\202\226UR\336\376\277M\341\025\016\336,\030\322"
 224      52DEFEBF 
 224      4DE1150E 
 224      DE2C18D2 
 225 0490 4B8DED55 		.ascii	"K\215\355U\217\351\025\032\233c)J\007\036<\377d\340"
 225      8FE9151A 
 225      9B63294A 
 225      071E3CFF 
 225      64E0
 226 04a2 92A720D0 		.ascii	"\222\247 \320\325\362=\305\275\306\240dy\202\2225#'"
 226      D5F23DC5 
 226      BDC6A064 
 226      79829235 
 226      2327
ARM GAS  C:\Users\Thomas\AppData\Local\Temp\ccQC6uKS.s 			page 17


 227 04b4 6B86276B 		.ascii	"k\206'k\334\356*P\007\241Y\207\017\240g\301\350\017"
 227      DCEE2A50 
 227      07A15987 
 227      0FA067C1 
 227      E80F
 228 04c6 825361B5 		.ascii	"\202Sa\265eK\374{\361\261\011_\2131\326\224/\016$iv"
 228      654BFC7B 
 228      F1B1095F 
 228      8B31D694 
 228      2F0E2469 
 229 04db 7EB2D71C 		.ascii	"~\262\327\034#l\330\024\267SL\021\323\0222\304\317\343"
 229      236CD814 
 229      B7534C11 
 229      D31232C4 
 229      CFE3
 230 04ed 63AD9969 		.ascii	"c\255\231i\211b\234%\326\032\363~\034\307[>\336\224"
 230      89629C25 
 230      D61AF37E 
 230      1CC75B3E 
 230      DE94
 231 04ff 28BCC5A7 		.ascii	"(\274\305\247\273\305\364\014k\232\354m\220\330\222"
 231      BBC5F40C 
 231      6B9AEC6D 
 231      90D892
 232 050e 45313594 		.ascii	"E15\224O?M8(f\246\352\245\355\014k\252\371\265\274\233"
 232      4F3F4D38 
 232      2866A6EA 
 232      A5ED0C6B 
 232      AAF9B5BC 
 233 0523 BE1424B7 		.ascii	"\276\024$\267\217R\022\366'\213R\200\035\333cv\355\265"
 233      8F5212F6 
 233      278B5280 
 233      1DDB6376 
 233      EDB5
 234 0535 C4C7EED9 		.ascii	"\304\307\356\331\2757fOH\346\201\224\214\255+\253K<"
 234      BD37664F 
 234      48E68194 
 234      8CAD2BAB 
 234      4B3C
 235 0547 94712855 		.ascii	"\224q(ULgD\"\347\210\315@\220\206yEE\207\246\3431c\323"
 235      4C674422 
 235      E788CD40 
 235      90867945 
 235      4587A6E3 
 236 055e B66FDE2D 		.ascii	"\266o\336-&\371\347Ql\316\343\354OH<\230\231\032\222"
 236      26F9E751 
 236      6CCEE3EC 
 236      4F483C98 
 236      991A92
 237 0571 26264545 		.ascii	"&&EE\207\304\357\260Z\223\3258\337\372\037\231d\350"
 237      87C4EFB0 
 237      5A93D538 
 237      DFFA1F99 
 237      64E8
 238 0583 F7       		.ascii	"\367"
 239              		.text
 240              		.section	.gnu.lto_.symtab.b949cb23,"",%progbits
ARM GAS  C:\Users\Thomas\AppData\Local\Temp\ccQC6uKS.s 			page 18


 241 0000 50325F34 		.ascii	"P2_4_SaveConfig\000\000\000\000\000\000\000\000\000"
 241      5F536176 
 241      65436F6E 
 241      66696700 
 241      00000000 
 242 0018 000000AC 		.ascii	"\000\000\000\254\000\000\000P2_4_RestoreConfig\000\000"
 242      00000050 
 242      325F345F 
 242      52657374 
 242      6F726543 
 243 0033 00000000 		.ascii	"\000\000\000\000\000\000\000\000\000\000\256\000\000"
 243      00000000 
 243      0000AE00 
 243      00
 244 0040 0050325F 		.ascii	"\000P2_4_Sleep\000\000\000\000\000\000\000\000\000\000"
 244      345F536C 
 244      65657000 
 244      00000000 
 244      00000000 
 245 0055 0000B000 		.ascii	"\000\000\260\000\000\000P2_4_Wakeup\000\000\000\000"
 245      00005032 
 245      5F345F57 
 245      616B6575 
 245      70000000 
 246 006a 00000000 		.ascii	"\000\000\000\000\000\000\000\000\262\000\000\000P2_"
 246      00000000 
 246      B2000000 
 246      50325F
 247 0079 345F5374 		.ascii	"4_Stop\000\000\002\000\000\000\000\000\000\000\000\000"
 247      6F700000 
 247      02000000 
 247      00000000 
 247      0000
 248 008b B4000000 		.ascii	"\264\000\000\000P2_4_Enable\000\000\002\000\000\000"
 248      50325F34 
 248      5F456E61 
 248      626C6500 
 248      00020000 
 249 00a0 00000000 		.ascii	"\000\000\000\000\000\000\266\000\000\000"
 249      0000B600 
 249      0000
 250              		.text
 251              		.section	.gnu.lto_.opts,"",%progbits
 252 0000 272D666E 		.ascii	"'-fno-trapv' '-mcpu=cortex-m3' '-mthumb' '-g' '-O3'"
 252      6F2D7472 
 252      61707627 
 252      20272D6D 
 252      6370753D 
 253 0033 20272D66 		.ascii	" '-ffunction-sections' '-finline-functions' '-flto'"
 253      66756E63 
 253      74696F6E 
 253      2D736563 
 253      74696F6E 
 254 0066 20272D66 		.ascii	" '-ffat-lto-objects'\000"
 254      6661742D 
 254      6C746F2D 
 254      6F626A65 
ARM GAS  C:\Users\Thomas\AppData\Local\Temp\ccQC6uKS.s 			page 19


 254      63747327 
 255              		.text
 256              		.cfi_sections	.debug_frame
 257              		.section	.text.P2_4_SaveConfig,"ax",%progbits
 258              		.align	2
 259              		.global	P2_4_SaveConfig
 260              		.thumb
 261              		.thumb_func
 262              		.type	P2_4_SaveConfig, %function
 263              	P2_4_SaveConfig:
 264              	.LFB0:
 265              		.file 1 ".\\Generated_Source\\PSoC5\\P2_4_PM.c"
   1:.\Generated_Source\PSoC5/P2_4_PM.c **** /*******************************************************************************
   2:.\Generated_Source\PSoC5/P2_4_PM.c **** * File Name: P2_4_PM.c
   3:.\Generated_Source\PSoC5/P2_4_PM.c **** * Version 2.30
   4:.\Generated_Source\PSoC5/P2_4_PM.c **** *
   5:.\Generated_Source\PSoC5/P2_4_PM.c **** * Description:
   6:.\Generated_Source\PSoC5/P2_4_PM.c **** *  This file provides the API source code for sleep mode support for Shift
   7:.\Generated_Source\PSoC5/P2_4_PM.c **** *  Register component.
   8:.\Generated_Source\PSoC5/P2_4_PM.c **** *
   9:.\Generated_Source\PSoC5/P2_4_PM.c **** * Note:
  10:.\Generated_Source\PSoC5/P2_4_PM.c **** *
  11:.\Generated_Source\PSoC5/P2_4_PM.c **** ********************************************************************************
  12:.\Generated_Source\PSoC5/P2_4_PM.c **** * Copyright 2008-2013, Cypress Semiconductor Corporation.  All rights reserved.
  13:.\Generated_Source\PSoC5/P2_4_PM.c **** * You may use this file only in accordance with the license, terms, conditions,
  14:.\Generated_Source\PSoC5/P2_4_PM.c **** * disclaimers, and limitations in the end user license agreement accompanying
  15:.\Generated_Source\PSoC5/P2_4_PM.c **** * the software package with which this file was provided.
  16:.\Generated_Source\PSoC5/P2_4_PM.c **** *******************************************************************************/
  17:.\Generated_Source\PSoC5/P2_4_PM.c **** 
  18:.\Generated_Source\PSoC5/P2_4_PM.c **** #include "P2_4.h"
  19:.\Generated_Source\PSoC5/P2_4_PM.c **** 
  20:.\Generated_Source\PSoC5/P2_4_PM.c **** static P2_4_BACKUP_STRUCT P2_4_backup =
  21:.\Generated_Source\PSoC5/P2_4_PM.c **** {
  22:.\Generated_Source\PSoC5/P2_4_PM.c ****     P2_4_DISABLED,
  23:.\Generated_Source\PSoC5/P2_4_PM.c **** 
  24:.\Generated_Source\PSoC5/P2_4_PM.c ****     ((uint16) P2_4_DEFAULT_A0),
  25:.\Generated_Source\PSoC5/P2_4_PM.c ****     ((uint16) P2_4_DEFAULT_A1),
  26:.\Generated_Source\PSoC5/P2_4_PM.c **** 
  27:.\Generated_Source\PSoC5/P2_4_PM.c ****     #if(CY_UDB_V0)
  28:.\Generated_Source\PSoC5/P2_4_PM.c ****         ((uint16) P2_4_INT_SRC),
  29:.\Generated_Source\PSoC5/P2_4_PM.c ****     #endif /* (CY_UDB_V0) */
  30:.\Generated_Source\PSoC5/P2_4_PM.c **** };
  31:.\Generated_Source\PSoC5/P2_4_PM.c **** 
  32:.\Generated_Source\PSoC5/P2_4_PM.c **** 
  33:.\Generated_Source\PSoC5/P2_4_PM.c **** /*******************************************************************************
  34:.\Generated_Source\PSoC5/P2_4_PM.c **** * Function Name: P2_4_SaveConfig
  35:.\Generated_Source\PSoC5/P2_4_PM.c **** ********************************************************************************
  36:.\Generated_Source\PSoC5/P2_4_PM.c **** *
  37:.\Generated_Source\PSoC5/P2_4_PM.c **** * Summary:
  38:.\Generated_Source\PSoC5/P2_4_PM.c **** *  Saves Shift Register configuration.
  39:.\Generated_Source\PSoC5/P2_4_PM.c **** *
  40:.\Generated_Source\PSoC5/P2_4_PM.c **** * Parameters:
  41:.\Generated_Source\PSoC5/P2_4_PM.c **** *  None.
  42:.\Generated_Source\PSoC5/P2_4_PM.c **** *
  43:.\Generated_Source\PSoC5/P2_4_PM.c **** * Return:
  44:.\Generated_Source\PSoC5/P2_4_PM.c **** *  None.
  45:.\Generated_Source\PSoC5/P2_4_PM.c **** *
ARM GAS  C:\Users\Thomas\AppData\Local\Temp\ccQC6uKS.s 			page 20


  46:.\Generated_Source\PSoC5/P2_4_PM.c **** * Reentrant:
  47:.\Generated_Source\PSoC5/P2_4_PM.c **** *  No.
  48:.\Generated_Source\PSoC5/P2_4_PM.c **** *
  49:.\Generated_Source\PSoC5/P2_4_PM.c **** *******************************************************************************/
  50:.\Generated_Source\PSoC5/P2_4_PM.c **** void P2_4_SaveConfig(void) 
  51:.\Generated_Source\PSoC5/P2_4_PM.c **** {
 266              		.loc 1 51 0
 267              		.cfi_startproc
 268              		@ args = 0, pretend = 0, frame = 0
 269              		@ frame_needed = 0, uses_anonymous_args = 0
 270              		@ link register save eliminated.
  52:.\Generated_Source\PSoC5/P2_4_PM.c ****     /* Store working registers A0 and A1 */
  53:.\Generated_Source\PSoC5/P2_4_PM.c ****     P2_4_backup.saveSrA0Reg   = CY_GET_REG16(P2_4_SHIFT_REG_LSB_PTR);
 271              		.loc 1 53 0
 272 0000 034B     		ldr	r3, .L2
  54:.\Generated_Source\PSoC5/P2_4_PM.c ****     P2_4_backup.saveSrA1Reg   = CY_GET_REG16(P2_4_SHIFT_REG_VALUE_LSB_PTR);
 273              		.loc 1 54 0
 274 0002 044A     		ldr	r2, .L2+4
  53:.\Generated_Source\PSoC5/P2_4_PM.c ****     P2_4_backup.saveSrA1Reg   = CY_GET_REG16(P2_4_SHIFT_REG_VALUE_LSB_PTR);
 275              		.loc 1 53 0
 276 0004 1988     		ldrh	r1, [r3]
 277 0006 044B     		ldr	r3, .L2+8
 278              		.loc 1 54 0
 279 0008 1288     		ldrh	r2, [r2]
  53:.\Generated_Source\PSoC5/P2_4_PM.c ****     P2_4_backup.saveSrA1Reg   = CY_GET_REG16(P2_4_SHIFT_REG_VALUE_LSB_PTR);
 280              		.loc 1 53 0
 281 000a 5980     		strh	r1, [r3, #2]	@ movhi
 282              		.loc 1 54 0
 283 000c 9A80     		strh	r2, [r3, #4]	@ movhi
 284 000e 7047     		bx	lr
 285              	.L3:
 286              		.align	2
 287              	.L2:
 288 0010 02640040 		.word	1073767426
 289 0014 12640040 		.word	1073767442
 290 0018 00000000 		.word	.LANCHOR0
 291              		.cfi_endproc
 292              	.LFE0:
 293              		.size	P2_4_SaveConfig, .-P2_4_SaveConfig
 294              		.section	.text.P2_4_RestoreConfig,"ax",%progbits
 295              		.align	2
 296              		.global	P2_4_RestoreConfig
 297              		.thumb
 298              		.thumb_func
 299              		.type	P2_4_RestoreConfig, %function
 300              	P2_4_RestoreConfig:
 301              	.LFB1:
  55:.\Generated_Source\PSoC5/P2_4_PM.c **** 
  56:.\Generated_Source\PSoC5/P2_4_PM.c ****     #if(CY_UDB_V0)
  57:.\Generated_Source\PSoC5/P2_4_PM.c ****         P2_4_backup.saveSrIntMask = P2_4_SR_STATUS_MASK;
  58:.\Generated_Source\PSoC5/P2_4_PM.c ****     #endif /* (CY_UDB_V0) */
  59:.\Generated_Source\PSoC5/P2_4_PM.c **** }
  60:.\Generated_Source\PSoC5/P2_4_PM.c **** 
  61:.\Generated_Source\PSoC5/P2_4_PM.c **** 
  62:.\Generated_Source\PSoC5/P2_4_PM.c **** /*******************************************************************************
  63:.\Generated_Source\PSoC5/P2_4_PM.c **** * Function Name: P2_4_RestoreConfig
  64:.\Generated_Source\PSoC5/P2_4_PM.c **** ********************************************************************************
ARM GAS  C:\Users\Thomas\AppData\Local\Temp\ccQC6uKS.s 			page 21


  65:.\Generated_Source\PSoC5/P2_4_PM.c **** *
  66:.\Generated_Source\PSoC5/P2_4_PM.c **** * Summary:
  67:.\Generated_Source\PSoC5/P2_4_PM.c **** *  Restores Shift Register configuration.
  68:.\Generated_Source\PSoC5/P2_4_PM.c **** *
  69:.\Generated_Source\PSoC5/P2_4_PM.c **** * Parameters:
  70:.\Generated_Source\PSoC5/P2_4_PM.c **** *  None.
  71:.\Generated_Source\PSoC5/P2_4_PM.c **** *
  72:.\Generated_Source\PSoC5/P2_4_PM.c **** * Return:
  73:.\Generated_Source\PSoC5/P2_4_PM.c **** *  None.
  74:.\Generated_Source\PSoC5/P2_4_PM.c **** *
  75:.\Generated_Source\PSoC5/P2_4_PM.c **** *******************************************************************************/
  76:.\Generated_Source\PSoC5/P2_4_PM.c **** void P2_4_RestoreConfig(void) 
  77:.\Generated_Source\PSoC5/P2_4_PM.c **** {
 302              		.loc 1 77 0
 303              		.cfi_startproc
 304              		@ args = 0, pretend = 0, frame = 0
 305              		@ frame_needed = 0, uses_anonymous_args = 0
 306              		@ link register save eliminated.
  78:.\Generated_Source\PSoC5/P2_4_PM.c ****     /* Restore working registers A0 and A1 */
  79:.\Generated_Source\PSoC5/P2_4_PM.c ****     CY_SET_REG16(P2_4_SHIFT_REG_LSB_PTR, P2_4_backup.saveSrA0Reg);
 307              		.loc 1 79 0
 308 0000 034B     		ldr	r3, .L5
 309 0002 0449     		ldr	r1, .L5+4
  80:.\Generated_Source\PSoC5/P2_4_PM.c ****     CY_SET_REG16(P2_4_SHIFT_REG_VALUE_LSB_PTR, P2_4_backup.saveSrA1Reg);
 310              		.loc 1 80 0
 311 0004 9A88     		ldrh	r2, [r3, #4]
  79:.\Generated_Source\PSoC5/P2_4_PM.c ****     CY_SET_REG16(P2_4_SHIFT_REG_VALUE_LSB_PTR, P2_4_backup.saveSrA1Reg);
 312              		.loc 1 79 0
 313 0006 5888     		ldrh	r0, [r3, #2]
 314              		.loc 1 80 0
 315 0008 034B     		ldr	r3, .L5+8
  79:.\Generated_Source\PSoC5/P2_4_PM.c ****     CY_SET_REG16(P2_4_SHIFT_REG_VALUE_LSB_PTR, P2_4_backup.saveSrA1Reg);
 316              		.loc 1 79 0
 317 000a 0880     		strh	r0, [r1]	@ movhi
 318              		.loc 1 80 0
 319 000c 1A80     		strh	r2, [r3]	@ movhi
 320 000e 7047     		bx	lr
 321              	.L6:
 322              		.align	2
 323              	.L5:
 324 0010 00000000 		.word	.LANCHOR0
 325 0014 02640040 		.word	1073767426
 326 0018 12640040 		.word	1073767442
 327              		.cfi_endproc
 328              	.LFE1:
 329              		.size	P2_4_RestoreConfig, .-P2_4_RestoreConfig
 330              		.section	.text.P2_4_Sleep,"ax",%progbits
 331              		.align	2
 332              		.global	P2_4_Sleep
 333              		.thumb
 334              		.thumb_func
 335              		.type	P2_4_Sleep, %function
 336              	P2_4_Sleep:
 337              	.LFB2:
  81:.\Generated_Source\PSoC5/P2_4_PM.c **** 
  82:.\Generated_Source\PSoC5/P2_4_PM.c ****     #if(CY_UDB_V0)
  83:.\Generated_Source\PSoC5/P2_4_PM.c ****         P2_4_SR_STATUS_MASK = ((uint8) P2_4_backup.saveSrIntMask);
ARM GAS  C:\Users\Thomas\AppData\Local\Temp\ccQC6uKS.s 			page 22


  84:.\Generated_Source\PSoC5/P2_4_PM.c ****     #endif /* (CY_UDB_V0) */
  85:.\Generated_Source\PSoC5/P2_4_PM.c **** }
  86:.\Generated_Source\PSoC5/P2_4_PM.c **** 
  87:.\Generated_Source\PSoC5/P2_4_PM.c **** 
  88:.\Generated_Source\PSoC5/P2_4_PM.c **** /*******************************************************************************
  89:.\Generated_Source\PSoC5/P2_4_PM.c **** * Function Name: P2_4_Sleep
  90:.\Generated_Source\PSoC5/P2_4_PM.c **** ********************************************************************************
  91:.\Generated_Source\PSoC5/P2_4_PM.c **** *
  92:.\Generated_Source\PSoC5/P2_4_PM.c **** * Summary:
  93:.\Generated_Source\PSoC5/P2_4_PM.c **** *  Prepare the component to enter a Sleep mode.
  94:.\Generated_Source\PSoC5/P2_4_PM.c **** *
  95:.\Generated_Source\PSoC5/P2_4_PM.c **** * Parameters:
  96:.\Generated_Source\PSoC5/P2_4_PM.c **** *  None.
  97:.\Generated_Source\PSoC5/P2_4_PM.c **** *
  98:.\Generated_Source\PSoC5/P2_4_PM.c **** * Return:
  99:.\Generated_Source\PSoC5/P2_4_PM.c **** *  None.
 100:.\Generated_Source\PSoC5/P2_4_PM.c **** *
 101:.\Generated_Source\PSoC5/P2_4_PM.c **** * Reentrant:
 102:.\Generated_Source\PSoC5/P2_4_PM.c **** *  No.
 103:.\Generated_Source\PSoC5/P2_4_PM.c **** *
 104:.\Generated_Source\PSoC5/P2_4_PM.c **** *******************************************************************************/
 105:.\Generated_Source\PSoC5/P2_4_PM.c **** void P2_4_Sleep(void) 
 106:.\Generated_Source\PSoC5/P2_4_PM.c **** {
 338              		.loc 1 106 0
 339              		.cfi_startproc
 340              		@ args = 0, pretend = 0, frame = 0
 341              		@ frame_needed = 0, uses_anonymous_args = 0
 342 0000 10B5     		push	{r4, lr}
 343              		.cfi_def_cfa_offset 8
 344              		.cfi_offset 4, -8
 345              		.cfi_offset 14, -4
 107:.\Generated_Source\PSoC5/P2_4_PM.c ****     P2_4_backup.enableState = ((uint8) P2_4_IS_ENABLED);
 346              		.loc 1 107 0
 347 0002 074B     		ldr	r3, .L9
 348 0004 074C     		ldr	r4, .L9+4
 349 0006 1B78     		ldrb	r3, [r3]	@ zero_extendqisi2
 350 0008 03F00103 		and	r3, r3, #1
 351 000c 2370     		strb	r3, [r4]
 108:.\Generated_Source\PSoC5/P2_4_PM.c **** 
 109:.\Generated_Source\PSoC5/P2_4_PM.c ****     P2_4_Stop();
 352              		.loc 1 109 0
 353 000e FFF7FEFF 		bl	P2_4_Stop
 354              	.LVL0:
 355              	.LBB6:
 356              	.LBB7:
  53:.\Generated_Source\PSoC5/P2_4_PM.c ****     P2_4_backup.saveSrA1Reg   = CY_GET_REG16(P2_4_SHIFT_REG_VALUE_LSB_PTR);
 357              		.loc 1 53 0
 358 0012 054A     		ldr	r2, .L9+8
  54:.\Generated_Source\PSoC5/P2_4_PM.c **** 
 359              		.loc 1 54 0
 360 0014 054B     		ldr	r3, .L9+12
  53:.\Generated_Source\PSoC5/P2_4_PM.c ****     P2_4_backup.saveSrA1Reg   = CY_GET_REG16(P2_4_SHIFT_REG_VALUE_LSB_PTR);
 361              		.loc 1 53 0
 362 0016 1288     		ldrh	r2, [r2]
  54:.\Generated_Source\PSoC5/P2_4_PM.c **** 
 363              		.loc 1 54 0
 364 0018 1B88     		ldrh	r3, [r3]
ARM GAS  C:\Users\Thomas\AppData\Local\Temp\ccQC6uKS.s 			page 23


  53:.\Generated_Source\PSoC5/P2_4_PM.c ****     P2_4_backup.saveSrA1Reg   = CY_GET_REG16(P2_4_SHIFT_REG_VALUE_LSB_PTR);
 365              		.loc 1 53 0
 366 001a 6280     		strh	r2, [r4, #2]	@ movhi
  54:.\Generated_Source\PSoC5/P2_4_PM.c **** 
 367              		.loc 1 54 0
 368 001c A380     		strh	r3, [r4, #4]	@ movhi
 369 001e 10BD     		pop	{r4, pc}
 370              	.L10:
 371              		.align	2
 372              	.L9:
 373 0020 73640040 		.word	1073767539
 374 0024 00000000 		.word	.LANCHOR0
 375 0028 02640040 		.word	1073767426
 376 002c 12640040 		.word	1073767442
 377              	.LBE7:
 378              	.LBE6:
 379              		.cfi_endproc
 380              	.LFE2:
 381              		.size	P2_4_Sleep, .-P2_4_Sleep
 382              		.section	.text.P2_4_Wakeup,"ax",%progbits
 383              		.align	2
 384              		.global	P2_4_Wakeup
 385              		.thumb
 386              		.thumb_func
 387              		.type	P2_4_Wakeup, %function
 388              	P2_4_Wakeup:
 389              	.LFB3:
 110:.\Generated_Source\PSoC5/P2_4_PM.c ****     P2_4_SaveConfig();
 111:.\Generated_Source\PSoC5/P2_4_PM.c **** }
 112:.\Generated_Source\PSoC5/P2_4_PM.c **** 
 113:.\Generated_Source\PSoC5/P2_4_PM.c **** 
 114:.\Generated_Source\PSoC5/P2_4_PM.c **** /*******************************************************************************
 115:.\Generated_Source\PSoC5/P2_4_PM.c **** * Function Name: P2_4_Wakeup
 116:.\Generated_Source\PSoC5/P2_4_PM.c **** ********************************************************************************
 117:.\Generated_Source\PSoC5/P2_4_PM.c **** *
 118:.\Generated_Source\PSoC5/P2_4_PM.c **** * Summary:
 119:.\Generated_Source\PSoC5/P2_4_PM.c **** *  Restores and enables the user configuration.
 120:.\Generated_Source\PSoC5/P2_4_PM.c **** *
 121:.\Generated_Source\PSoC5/P2_4_PM.c **** * Parameters:
 122:.\Generated_Source\PSoC5/P2_4_PM.c **** *  None.
 123:.\Generated_Source\PSoC5/P2_4_PM.c **** *
 124:.\Generated_Source\PSoC5/P2_4_PM.c **** * Return:
 125:.\Generated_Source\PSoC5/P2_4_PM.c **** *  None.
 126:.\Generated_Source\PSoC5/P2_4_PM.c **** *
 127:.\Generated_Source\PSoC5/P2_4_PM.c **** *******************************************************************************/
 128:.\Generated_Source\PSoC5/P2_4_PM.c **** void P2_4_Wakeup(void) 
 129:.\Generated_Source\PSoC5/P2_4_PM.c **** {
 390              		.loc 1 129 0
 391              		.cfi_startproc
 392              		@ args = 0, pretend = 0, frame = 0
 393              		@ frame_needed = 0, uses_anonymous_args = 0
 394              		@ link register save eliminated.
 395 0000 10B4     		push	{r4}
 396              		.cfi_def_cfa_offset 4
 397              		.cfi_offset 4, -4
 398              	.LBB8:
 399              	.LBB9:
ARM GAS  C:\Users\Thomas\AppData\Local\Temp\ccQC6uKS.s 			page 24


  79:.\Generated_Source\PSoC5/P2_4_PM.c ****     CY_SET_REG16(P2_4_SHIFT_REG_VALUE_LSB_PTR, P2_4_backup.saveSrA1Reg);
 400              		.loc 1 79 0
 401 0002 084B     		ldr	r3, .L16
 402 0004 0848     		ldr	r0, .L16+4
 403 0006 5C88     		ldrh	r4, [r3, #2]
  80:.\Generated_Source\PSoC5/P2_4_PM.c **** 
 404              		.loc 1 80 0
 405 0008 9988     		ldrh	r1, [r3, #4]
 406 000a 084A     		ldr	r2, .L16+8
  79:.\Generated_Source\PSoC5/P2_4_PM.c ****     CY_SET_REG16(P2_4_SHIFT_REG_VALUE_LSB_PTR, P2_4_backup.saveSrA1Reg);
 407              		.loc 1 79 0
 408 000c 0480     		strh	r4, [r0]	@ movhi
  80:.\Generated_Source\PSoC5/P2_4_PM.c **** 
 409              		.loc 1 80 0
 410 000e 1180     		strh	r1, [r2]	@ movhi
 411              	.LBE9:
 412              	.LBE8:
 130:.\Generated_Source\PSoC5/P2_4_PM.c ****     P2_4_RestoreConfig();
 131:.\Generated_Source\PSoC5/P2_4_PM.c **** 
 132:.\Generated_Source\PSoC5/P2_4_PM.c ****     if(0u != P2_4_backup.enableState)
 413              		.loc 1 132 0
 414 0010 1B78     		ldrb	r3, [r3]	@ zero_extendqisi2
 415 0012 13B9     		cbnz	r3, .L15
 133:.\Generated_Source\PSoC5/P2_4_PM.c ****     {
 134:.\Generated_Source\PSoC5/P2_4_PM.c ****         P2_4_Enable();
 135:.\Generated_Source\PSoC5/P2_4_PM.c ****     }
 136:.\Generated_Source\PSoC5/P2_4_PM.c **** }
 416              		.loc 1 136 0
 417 0014 5DF8044B 		ldr	r4, [sp], #4
 418              		.cfi_remember_state
 419              		.cfi_restore 4
 420              		.cfi_def_cfa_offset 0
 421 0018 7047     		bx	lr
 422              	.L15:
 423              		.cfi_restore_state
 424 001a 5DF8044B 		ldr	r4, [sp], #4
 425              		.cfi_restore 4
 426              		.cfi_def_cfa_offset 0
 134:.\Generated_Source\PSoC5/P2_4_PM.c ****     }
 427              		.loc 1 134 0
 428 001e FFF7FEBF 		b	P2_4_Enable
 429              	.LVL1:
 430              	.L17:
 431 0022 00BF     		.align	2
 432              	.L16:
 433 0024 00000000 		.word	.LANCHOR0
 434 0028 02640040 		.word	1073767426
 435 002c 12640040 		.word	1073767442
 436              		.cfi_endproc
 437              	.LFE3:
 438              		.size	P2_4_Wakeup, .-P2_4_Wakeup
 439              		.bss
 440              		.align	2
 441              		.set	.LANCHOR0,. + 0
 442              		.type	P2_4_backup, %object
 443              		.size	P2_4_backup, 6
 444              	P2_4_backup:
ARM GAS  C:\Users\Thomas\AppData\Local\Temp\ccQC6uKS.s 			page 25


 445 0000 00000000 		.space	6
 445      0000
 446 0006 0000     		.text
 447              	.Letext0:
 448              		.file 2 ".\\Generated_Source\\PSoC5\\cytypes.h"
 449              		.file 3 ".\\Generated_Source\\PSoC5\\P2_4.h"
 450              		.section	.debug_info,"",%progbits
 451              	.Ldebug_info0:
 452 0000 9F010000 		.4byte	0x19f
 453 0004 0400     		.2byte	0x4
 454 0006 00000000 		.4byte	.Ldebug_abbrev0
 455 000a 04       		.byte	0x4
 456 000b 01       		.uleb128 0x1
 457 000c 61010000 		.4byte	.LASF27
 458 0010 01       		.byte	0x1
 459 0011 D6000000 		.4byte	.LASF28
 460 0015 88000000 		.4byte	.LASF29
 461 0019 00000000 		.4byte	.Ldebug_ranges0+0
 462 001d 00000000 		.4byte	0
 463 0021 00000000 		.4byte	.Ldebug_line0
 464 0025 02       		.uleb128 0x2
 465 0026 01       		.byte	0x1
 466 0027 06       		.byte	0x6
 467 0028 37020000 		.4byte	.LASF0
 468 002c 02       		.uleb128 0x2
 469 002d 01       		.byte	0x1
 470 002e 08       		.byte	0x8
 471 002f 37000000 		.4byte	.LASF1
 472 0033 02       		.uleb128 0x2
 473 0034 02       		.byte	0x2
 474 0035 05       		.byte	0x5
 475 0036 0D020000 		.4byte	.LASF2
 476 003a 02       		.uleb128 0x2
 477 003b 02       		.byte	0x2
 478 003c 07       		.byte	0x7
 479 003d 12000000 		.4byte	.LASF3
 480 0041 02       		.uleb128 0x2
 481 0042 04       		.byte	0x4
 482 0043 05       		.byte	0x5
 483 0044 22020000 		.4byte	.LASF4
 484 0048 02       		.uleb128 0x2
 485 0049 04       		.byte	0x4
 486 004a 07       		.byte	0x7
 487 004b 5D000000 		.4byte	.LASF5
 488 004f 02       		.uleb128 0x2
 489 0050 08       		.byte	0x8
 490 0051 05       		.byte	0x5
 491 0052 53010000 		.4byte	.LASF6
 492 0056 02       		.uleb128 0x2
 493 0057 08       		.byte	0x8
 494 0058 07       		.byte	0x7
 495 0059 06010000 		.4byte	.LASF7
 496 005d 03       		.uleb128 0x3
 497 005e 04       		.byte	0x4
 498 005f 05       		.byte	0x5
 499 0060 696E7400 		.ascii	"int\000"
 500 0064 02       		.uleb128 0x2
ARM GAS  C:\Users\Thomas\AppData\Local\Temp\ccQC6uKS.s 			page 26


 501 0065 04       		.byte	0x4
 502 0066 07       		.byte	0x7
 503 0067 F9000000 		.4byte	.LASF8
 504 006b 04       		.uleb128 0x4
 505 006c 6F000000 		.4byte	.LASF9
 506 0070 02       		.byte	0x2
 507 0071 9201     		.2byte	0x192
 508 0073 2C000000 		.4byte	0x2c
 509 0077 04       		.uleb128 0x4
 510 0078 CF000000 		.4byte	.LASF10
 511 007c 02       		.byte	0x2
 512 007d 9301     		.2byte	0x193
 513 007f 3A000000 		.4byte	0x3a
 514 0083 02       		.uleb128 0x2
 515 0084 04       		.byte	0x4
 516 0085 04       		.byte	0x4
 517 0086 31000000 		.4byte	.LASF11
 518 008a 02       		.uleb128 0x2
 519 008b 08       		.byte	0x8
 520 008c 04       		.byte	0x4
 521 008d 81000000 		.4byte	.LASF12
 522 0091 02       		.uleb128 0x2
 523 0092 01       		.byte	0x1
 524 0093 08       		.byte	0x8
 525 0094 08020000 		.4byte	.LASF13
 526 0098 04       		.uleb128 0x4
 527 0099 58000000 		.4byte	.LASF14
 528 009d 02       		.byte	0x2
 529 009e 3C02     		.2byte	0x23c
 530 00a0 A4000000 		.4byte	0xa4
 531 00a4 05       		.uleb128 0x5
 532 00a5 6B000000 		.4byte	0x6b
 533 00a9 04       		.uleb128 0x4
 534 00aa 00000000 		.4byte	.LASF15
 535 00ae 02       		.byte	0x2
 536 00af 3D02     		.2byte	0x23d
 537 00b1 B5000000 		.4byte	0xb5
 538 00b5 05       		.uleb128 0x5
 539 00b6 77000000 		.4byte	0x77
 540 00ba 02       		.uleb128 0x2
 541 00bb 04       		.byte	0x4
 542 00bc 07       		.byte	0x7
 543 00bd 4A010000 		.4byte	.LASF16
 544 00c1 06       		.uleb128 0x6
 545 00c2 06       		.byte	0x6
 546 00c3 03       		.byte	0x3
 547 00c4 30       		.byte	0x30
 548 00c5 EE000000 		.4byte	0xee
 549 00c9 07       		.uleb128 0x7
 550 00ca 2B020000 		.4byte	.LASF17
 551 00ce 03       		.byte	0x3
 552 00cf 32       		.byte	0x32
 553 00d0 6B000000 		.4byte	0x6b
 554 00d4 00       		.byte	0
 555 00d5 07       		.uleb128 0x7
 556 00d6 43020000 		.4byte	.LASF18
 557 00da 03       		.byte	0x3
ARM GAS  C:\Users\Thomas\AppData\Local\Temp\ccQC6uKS.s 			page 27


 558 00db 34       		.byte	0x34
 559 00dc 77000000 		.4byte	0x77
 560 00e0 02       		.byte	0x2
 561 00e1 07       		.uleb128 0x7
 562 00e2 25000000 		.4byte	.LASF19
 563 00e6 03       		.byte	0x3
 564 00e7 35       		.byte	0x35
 565 00e8 77000000 		.4byte	0x77
 566 00ec 04       		.byte	0x4
 567 00ed 00       		.byte	0
 568 00ee 08       		.uleb128 0x8
 569 00ef 1D010000 		.4byte	.LASF20
 570 00f3 03       		.byte	0x3
 571 00f4 3B       		.byte	0x3b
 572 00f5 C1000000 		.4byte	0xc1
 573 00f9 09       		.uleb128 0x9
 574 00fa 3A010000 		.4byte	.LASF21
 575 00fe 01       		.byte	0x1
 576 00ff 32       		.byte	0x32
 577 0100 01       		.byte	0x1
 578 0101 09       		.uleb128 0x9
 579 0102 45000000 		.4byte	.LASF22
 580 0106 01       		.byte	0x1
 581 0107 4C       		.byte	0x4c
 582 0108 01       		.byte	0x1
 583 0109 0A       		.uleb128 0xa
 584 010a F9000000 		.4byte	0xf9
 585 010e 00000000 		.4byte	.LFB0
 586 0112 1C000000 		.4byte	.LFE0-.LFB0
 587 0116 01       		.uleb128 0x1
 588 0117 9C       		.byte	0x9c
 589 0118 0A       		.uleb128 0xa
 590 0119 01010000 		.4byte	0x101
 591 011d 00000000 		.4byte	.LFB1
 592 0121 1C000000 		.4byte	.LFE1-.LFB1
 593 0125 01       		.uleb128 0x1
 594 0126 9C       		.byte	0x9c
 595 0127 0B       		.uleb128 0xb
 596 0128 17020000 		.4byte	.LASF23
 597 012c 01       		.byte	0x1
 598 012d 69       		.byte	0x69
 599 012e 00000000 		.4byte	.LFB2
 600 0132 30000000 		.4byte	.LFE2-.LFB2
 601 0136 01       		.uleb128 0x1
 602 0137 9C       		.byte	0x9c
 603 0138 55010000 		.4byte	0x155
 604 013c 0C       		.uleb128 0xc
 605 013d F9000000 		.4byte	0xf9
 606 0141 12000000 		.4byte	.LBB6
 607 0145 1E000000 		.4byte	.LBE6-.LBB6
 608 0149 01       		.byte	0x1
 609 014a 6E       		.byte	0x6e
 610 014b 0D       		.uleb128 0xd
 611 014c 12000000 		.4byte	.LVL0
 612 0150 94010000 		.4byte	0x194
 613 0154 00       		.byte	0
 614 0155 0B       		.uleb128 0xb
ARM GAS  C:\Users\Thomas\AppData\Local\Temp\ccQC6uKS.s 			page 28


 615 0156 C3000000 		.4byte	.LASF24
 616 015a 01       		.byte	0x1
 617 015b 80       		.byte	0x80
 618 015c 00000000 		.4byte	.LFB3
 619 0160 30000000 		.4byte	.LFE3-.LFB3
 620 0164 01       		.uleb128 0x1
 621 0165 9C       		.byte	0x9c
 622 0166 83010000 		.4byte	0x183
 623 016a 0C       		.uleb128 0xc
 624 016b 01010000 		.4byte	0x101
 625 016f 02000000 		.4byte	.LBB8
 626 0173 0E000000 		.4byte	.LBE8-.LBB8
 627 0177 01       		.byte	0x1
 628 0178 82       		.byte	0x82
 629 0179 0E       		.uleb128 0xe
 630 017a 22000000 		.4byte	.LVL1
 631 017e 9B010000 		.4byte	0x19b
 632 0182 00       		.byte	0
 633 0183 0F       		.uleb128 0xf
 634 0184 75000000 		.4byte	.LASF30
 635 0188 01       		.byte	0x1
 636 0189 14       		.byte	0x14
 637 018a EE000000 		.4byte	0xee
 638 018e 05       		.uleb128 0x5
 639 018f 03       		.byte	0x3
 640 0190 00000000 		.4byte	P2_4_backup
 641 0194 10       		.uleb128 0x10
 642 0195 30010000 		.4byte	.LASF25
 643 0199 03       		.byte	0x3
 644 019a 43       		.byte	0x43
 645 019b 10       		.uleb128 0x10
 646 019c 06000000 		.4byte	.LASF26
 647 01a0 03       		.byte	0x3
 648 01a1 45       		.byte	0x45
 649 01a2 00       		.byte	0
 650              		.section	.debug_abbrev,"",%progbits
 651              	.Ldebug_abbrev0:
 652 0000 01       		.uleb128 0x1
 653 0001 11       		.uleb128 0x11
 654 0002 01       		.byte	0x1
 655 0003 25       		.uleb128 0x25
 656 0004 0E       		.uleb128 0xe
 657 0005 13       		.uleb128 0x13
 658 0006 0B       		.uleb128 0xb
 659 0007 03       		.uleb128 0x3
 660 0008 0E       		.uleb128 0xe
 661 0009 1B       		.uleb128 0x1b
 662 000a 0E       		.uleb128 0xe
 663 000b 55       		.uleb128 0x55
 664 000c 17       		.uleb128 0x17
 665 000d 11       		.uleb128 0x11
 666 000e 01       		.uleb128 0x1
 667 000f 10       		.uleb128 0x10
 668 0010 17       		.uleb128 0x17
 669 0011 00       		.byte	0
 670 0012 00       		.byte	0
 671 0013 02       		.uleb128 0x2
ARM GAS  C:\Users\Thomas\AppData\Local\Temp\ccQC6uKS.s 			page 29


 672 0014 24       		.uleb128 0x24
 673 0015 00       		.byte	0
 674 0016 0B       		.uleb128 0xb
 675 0017 0B       		.uleb128 0xb
 676 0018 3E       		.uleb128 0x3e
 677 0019 0B       		.uleb128 0xb
 678 001a 03       		.uleb128 0x3
 679 001b 0E       		.uleb128 0xe
 680 001c 00       		.byte	0
 681 001d 00       		.byte	0
 682 001e 03       		.uleb128 0x3
 683 001f 24       		.uleb128 0x24
 684 0020 00       		.byte	0
 685 0021 0B       		.uleb128 0xb
 686 0022 0B       		.uleb128 0xb
 687 0023 3E       		.uleb128 0x3e
 688 0024 0B       		.uleb128 0xb
 689 0025 03       		.uleb128 0x3
 690 0026 08       		.uleb128 0x8
 691 0027 00       		.byte	0
 692 0028 00       		.byte	0
 693 0029 04       		.uleb128 0x4
 694 002a 16       		.uleb128 0x16
 695 002b 00       		.byte	0
 696 002c 03       		.uleb128 0x3
 697 002d 0E       		.uleb128 0xe
 698 002e 3A       		.uleb128 0x3a
 699 002f 0B       		.uleb128 0xb
 700 0030 3B       		.uleb128 0x3b
 701 0031 05       		.uleb128 0x5
 702 0032 49       		.uleb128 0x49
 703 0033 13       		.uleb128 0x13
 704 0034 00       		.byte	0
 705 0035 00       		.byte	0
 706 0036 05       		.uleb128 0x5
 707 0037 35       		.uleb128 0x35
 708 0038 00       		.byte	0
 709 0039 49       		.uleb128 0x49
 710 003a 13       		.uleb128 0x13
 711 003b 00       		.byte	0
 712 003c 00       		.byte	0
 713 003d 06       		.uleb128 0x6
 714 003e 13       		.uleb128 0x13
 715 003f 01       		.byte	0x1
 716 0040 0B       		.uleb128 0xb
 717 0041 0B       		.uleb128 0xb
 718 0042 3A       		.uleb128 0x3a
 719 0043 0B       		.uleb128 0xb
 720 0044 3B       		.uleb128 0x3b
 721 0045 0B       		.uleb128 0xb
 722 0046 01       		.uleb128 0x1
 723 0047 13       		.uleb128 0x13
 724 0048 00       		.byte	0
 725 0049 00       		.byte	0
 726 004a 07       		.uleb128 0x7
 727 004b 0D       		.uleb128 0xd
 728 004c 00       		.byte	0
ARM GAS  C:\Users\Thomas\AppData\Local\Temp\ccQC6uKS.s 			page 30


 729 004d 03       		.uleb128 0x3
 730 004e 0E       		.uleb128 0xe
 731 004f 3A       		.uleb128 0x3a
 732 0050 0B       		.uleb128 0xb
 733 0051 3B       		.uleb128 0x3b
 734 0052 0B       		.uleb128 0xb
 735 0053 49       		.uleb128 0x49
 736 0054 13       		.uleb128 0x13
 737 0055 38       		.uleb128 0x38
 738 0056 0B       		.uleb128 0xb
 739 0057 00       		.byte	0
 740 0058 00       		.byte	0
 741 0059 08       		.uleb128 0x8
 742 005a 16       		.uleb128 0x16
 743 005b 00       		.byte	0
 744 005c 03       		.uleb128 0x3
 745 005d 0E       		.uleb128 0xe
 746 005e 3A       		.uleb128 0x3a
 747 005f 0B       		.uleb128 0xb
 748 0060 3B       		.uleb128 0x3b
 749 0061 0B       		.uleb128 0xb
 750 0062 49       		.uleb128 0x49
 751 0063 13       		.uleb128 0x13
 752 0064 00       		.byte	0
 753 0065 00       		.byte	0
 754 0066 09       		.uleb128 0x9
 755 0067 2E       		.uleb128 0x2e
 756 0068 00       		.byte	0
 757 0069 3F       		.uleb128 0x3f
 758 006a 19       		.uleb128 0x19
 759 006b 03       		.uleb128 0x3
 760 006c 0E       		.uleb128 0xe
 761 006d 3A       		.uleb128 0x3a
 762 006e 0B       		.uleb128 0xb
 763 006f 3B       		.uleb128 0x3b
 764 0070 0B       		.uleb128 0xb
 765 0071 27       		.uleb128 0x27
 766 0072 19       		.uleb128 0x19
 767 0073 20       		.uleb128 0x20
 768 0074 0B       		.uleb128 0xb
 769 0075 00       		.byte	0
 770 0076 00       		.byte	0
 771 0077 0A       		.uleb128 0xa
 772 0078 2E       		.uleb128 0x2e
 773 0079 00       		.byte	0
 774 007a 31       		.uleb128 0x31
 775 007b 13       		.uleb128 0x13
 776 007c 11       		.uleb128 0x11
 777 007d 01       		.uleb128 0x1
 778 007e 12       		.uleb128 0x12
 779 007f 06       		.uleb128 0x6
 780 0080 40       		.uleb128 0x40
 781 0081 18       		.uleb128 0x18
 782 0082 9742     		.uleb128 0x2117
 783 0084 19       		.uleb128 0x19
 784 0085 00       		.byte	0
 785 0086 00       		.byte	0
ARM GAS  C:\Users\Thomas\AppData\Local\Temp\ccQC6uKS.s 			page 31


 786 0087 0B       		.uleb128 0xb
 787 0088 2E       		.uleb128 0x2e
 788 0089 01       		.byte	0x1
 789 008a 3F       		.uleb128 0x3f
 790 008b 19       		.uleb128 0x19
 791 008c 03       		.uleb128 0x3
 792 008d 0E       		.uleb128 0xe
 793 008e 3A       		.uleb128 0x3a
 794 008f 0B       		.uleb128 0xb
 795 0090 3B       		.uleb128 0x3b
 796 0091 0B       		.uleb128 0xb
 797 0092 27       		.uleb128 0x27
 798 0093 19       		.uleb128 0x19
 799 0094 11       		.uleb128 0x11
 800 0095 01       		.uleb128 0x1
 801 0096 12       		.uleb128 0x12
 802 0097 06       		.uleb128 0x6
 803 0098 40       		.uleb128 0x40
 804 0099 18       		.uleb128 0x18
 805 009a 9742     		.uleb128 0x2117
 806 009c 19       		.uleb128 0x19
 807 009d 01       		.uleb128 0x1
 808 009e 13       		.uleb128 0x13
 809 009f 00       		.byte	0
 810 00a0 00       		.byte	0
 811 00a1 0C       		.uleb128 0xc
 812 00a2 1D       		.uleb128 0x1d
 813 00a3 00       		.byte	0
 814 00a4 31       		.uleb128 0x31
 815 00a5 13       		.uleb128 0x13
 816 00a6 11       		.uleb128 0x11
 817 00a7 01       		.uleb128 0x1
 818 00a8 12       		.uleb128 0x12
 819 00a9 06       		.uleb128 0x6
 820 00aa 58       		.uleb128 0x58
 821 00ab 0B       		.uleb128 0xb
 822 00ac 59       		.uleb128 0x59
 823 00ad 0B       		.uleb128 0xb
 824 00ae 00       		.byte	0
 825 00af 00       		.byte	0
 826 00b0 0D       		.uleb128 0xd
 827 00b1 898201   		.uleb128 0x4109
 828 00b4 00       		.byte	0
 829 00b5 11       		.uleb128 0x11
 830 00b6 01       		.uleb128 0x1
 831 00b7 31       		.uleb128 0x31
 832 00b8 13       		.uleb128 0x13
 833 00b9 00       		.byte	0
 834 00ba 00       		.byte	0
 835 00bb 0E       		.uleb128 0xe
 836 00bc 898201   		.uleb128 0x4109
 837 00bf 00       		.byte	0
 838 00c0 11       		.uleb128 0x11
 839 00c1 01       		.uleb128 0x1
 840 00c2 9542     		.uleb128 0x2115
 841 00c4 19       		.uleb128 0x19
 842 00c5 31       		.uleb128 0x31
ARM GAS  C:\Users\Thomas\AppData\Local\Temp\ccQC6uKS.s 			page 32


 843 00c6 13       		.uleb128 0x13
 844 00c7 00       		.byte	0
 845 00c8 00       		.byte	0
 846 00c9 0F       		.uleb128 0xf
 847 00ca 34       		.uleb128 0x34
 848 00cb 00       		.byte	0
 849 00cc 03       		.uleb128 0x3
 850 00cd 0E       		.uleb128 0xe
 851 00ce 3A       		.uleb128 0x3a
 852 00cf 0B       		.uleb128 0xb
 853 00d0 3B       		.uleb128 0x3b
 854 00d1 0B       		.uleb128 0xb
 855 00d2 49       		.uleb128 0x49
 856 00d3 13       		.uleb128 0x13
 857 00d4 02       		.uleb128 0x2
 858 00d5 18       		.uleb128 0x18
 859 00d6 00       		.byte	0
 860 00d7 00       		.byte	0
 861 00d8 10       		.uleb128 0x10
 862 00d9 2E       		.uleb128 0x2e
 863 00da 00       		.byte	0
 864 00db 3F       		.uleb128 0x3f
 865 00dc 19       		.uleb128 0x19
 866 00dd 03       		.uleb128 0x3
 867 00de 0E       		.uleb128 0xe
 868 00df 3A       		.uleb128 0x3a
 869 00e0 0B       		.uleb128 0xb
 870 00e1 3B       		.uleb128 0x3b
 871 00e2 0B       		.uleb128 0xb
 872 00e3 27       		.uleb128 0x27
 873 00e4 19       		.uleb128 0x19
 874 00e5 3C       		.uleb128 0x3c
 875 00e6 19       		.uleb128 0x19
 876 00e7 00       		.byte	0
 877 00e8 00       		.byte	0
 878 00e9 00       		.byte	0
 879              		.section	.debug_aranges,"",%progbits
 880 0000 34000000 		.4byte	0x34
 881 0004 0200     		.2byte	0x2
 882 0006 00000000 		.4byte	.Ldebug_info0
 883 000a 04       		.byte	0x4
 884 000b 00       		.byte	0
 885 000c 0000     		.2byte	0
 886 000e 0000     		.2byte	0
 887 0010 00000000 		.4byte	.LFB0
 888 0014 1C000000 		.4byte	.LFE0-.LFB0
 889 0018 00000000 		.4byte	.LFB1
 890 001c 1C000000 		.4byte	.LFE1-.LFB1
 891 0020 00000000 		.4byte	.LFB2
 892 0024 30000000 		.4byte	.LFE2-.LFB2
 893 0028 00000000 		.4byte	.LFB3
 894 002c 30000000 		.4byte	.LFE3-.LFB3
 895 0030 00000000 		.4byte	0
 896 0034 00000000 		.4byte	0
 897              		.section	.debug_ranges,"",%progbits
 898              	.Ldebug_ranges0:
 899 0000 00000000 		.4byte	.LFB0
ARM GAS  C:\Users\Thomas\AppData\Local\Temp\ccQC6uKS.s 			page 33


 900 0004 1C000000 		.4byte	.LFE0
 901 0008 00000000 		.4byte	.LFB1
 902 000c 1C000000 		.4byte	.LFE1
 903 0010 00000000 		.4byte	.LFB2
 904 0014 30000000 		.4byte	.LFE2
 905 0018 00000000 		.4byte	.LFB3
 906 001c 30000000 		.4byte	.LFE3
 907 0020 00000000 		.4byte	0
 908 0024 00000000 		.4byte	0
 909              		.section	.debug_line,"",%progbits
 910              	.Ldebug_line0:
 911 0000 B6000000 		.section	.debug_str,"MS",%progbits,1
 911      02005000 
 911      00000201 
 911      FB0E0D00 
 911      01010101 
 912              	.LASF15:
 913 0000 72656731 		.ascii	"reg16\000"
 913      3600
 914              	.LASF26:
 915 0006 50325F34 		.ascii	"P2_4_Enable\000"
 915      5F456E61 
 915      626C6500 
 916              	.LASF3:
 917 0012 73686F72 		.ascii	"short unsigned int\000"
 917      7420756E 
 917      7369676E 
 917      65642069 
 917      6E7400
 918              	.LASF19:
 919 0025 73617665 		.ascii	"saveSrA1Reg\000"
 919      53724131 
 919      52656700 
 920              	.LASF11:
 921 0031 666C6F61 		.ascii	"float\000"
 921      7400
 922              	.LASF1:
 923 0037 756E7369 		.ascii	"unsigned char\000"
 923      676E6564 
 923      20636861 
 923      7200
 924              	.LASF22:
 925 0045 50325F34 		.ascii	"P2_4_RestoreConfig\000"
 925      5F526573 
 925      746F7265 
 925      436F6E66 
 925      696700
 926              	.LASF14:
 927 0058 72656738 		.ascii	"reg8\000"
 927      00
 928              	.LASF5:
 929 005d 6C6F6E67 		.ascii	"long unsigned int\000"
 929      20756E73 
 929      69676E65 
 929      6420696E 
 929      7400
 930              	.LASF9:
ARM GAS  C:\Users\Thomas\AppData\Local\Temp\ccQC6uKS.s 			page 34


 931 006f 75696E74 		.ascii	"uint8\000"
 931      3800
 932              	.LASF30:
 933 0075 50325F34 		.ascii	"P2_4_backup\000"
 933      5F626163 
 933      6B757000 
 934              	.LASF12:
 935 0081 646F7562 		.ascii	"double\000"
 935      6C6500
 936              	.LASF29:
 937 0088 433A5C55 		.ascii	"C:\\Users\\Thomas\\Documents\\PSoC Creator\\TASBot\\"
 937      73657273 
 937      5C54686F 
 937      6D61735C 
 937      446F6375 
 938 00b6 54415342 		.ascii	"TASBot.cydsn\000"
 938      6F742E63 
 938      7964736E 
 938      00
 939              	.LASF24:
 940 00c3 50325F34 		.ascii	"P2_4_Wakeup\000"
 940      5F57616B 
 940      65757000 
 941              	.LASF10:
 942 00cf 75696E74 		.ascii	"uint16\000"
 942      313600
 943              	.LASF28:
 944 00d6 2E5C4765 		.ascii	".\\Generated_Source\\PSoC5\\P2_4_PM.c\000"
 944      6E657261 
 944      7465645F 
 944      536F7572 
 944      63655C50 
 945              	.LASF8:
 946 00f9 756E7369 		.ascii	"unsigned int\000"
 946      676E6564 
 946      20696E74 
 946      00
 947              	.LASF7:
 948 0106 6C6F6E67 		.ascii	"long long unsigned int\000"
 948      206C6F6E 
 948      6720756E 
 948      7369676E 
 948      65642069 
 949              	.LASF20:
 950 011d 50325F34 		.ascii	"P2_4_BACKUP_STRUCT\000"
 950      5F424143 
 950      4B55505F 
 950      53545255 
 950      435400
 951              	.LASF25:
 952 0130 50325F34 		.ascii	"P2_4_Stop\000"
 952      5F53746F 
 952      7000
 953              	.LASF21:
 954 013a 50325F34 		.ascii	"P2_4_SaveConfig\000"
 954      5F536176 
 954      65436F6E 
ARM GAS  C:\Users\Thomas\AppData\Local\Temp\ccQC6uKS.s 			page 35


 954      66696700 
 955              	.LASF16:
 956 014a 73697A65 		.ascii	"sizetype\000"
 956      74797065 
 956      00
 957              	.LASF6:
 958 0153 6C6F6E67 		.ascii	"long long int\000"
 958      206C6F6E 
 958      6720696E 
 958      7400
 959              	.LASF27:
 960 0161 474E5520 		.ascii	"GNU C 4.9.3 20150303 (release) [ARM/embedded-4_9-br"
 960      4320342E 
 960      392E3320 
 960      32303135 
 960      30333033 
 961 0194 616E6368 		.ascii	"anch revision 221220] -mcpu=cortex-m3 -mthumb -g -O"
 961      20726576 
 961      6973696F 
 961      6E203232 
 961      31323230 
 962 01c7 33202D66 		.ascii	"3 -ffunction-sections -finline-functions -flto -ffa"
 962      66756E63 
 962      74696F6E 
 962      2D736563 
 962      74696F6E 
 963 01fa 742D6C74 		.ascii	"t-lto-objects\000"
 963      6F2D6F62 
 963      6A656374 
 963      7300
 964              	.LASF13:
 965 0208 63686172 		.ascii	"char\000"
 965      00
 966              	.LASF2:
 967 020d 73686F72 		.ascii	"short int\000"
 967      7420696E 
 967      7400
 968              	.LASF23:
 969 0217 50325F34 		.ascii	"P2_4_Sleep\000"
 969      5F536C65 
 969      657000
 970              	.LASF4:
 971 0222 6C6F6E67 		.ascii	"long int\000"
 971      20696E74 
 971      00
 972              	.LASF17:
 973 022b 656E6162 		.ascii	"enableState\000"
 973      6C655374 
 973      61746500 
 974              	.LASF0:
 975 0237 7369676E 		.ascii	"signed char\000"
 975      65642063 
 975      68617200 
 976              	.LASF18:
 977 0243 73617665 		.ascii	"saveSrA0Reg\000"
 977      53724130 
 977      52656700 
ARM GAS  C:\Users\Thomas\AppData\Local\Temp\ccQC6uKS.s 			page 36


 978              		.comm	__gnu_lto_v1,1,1
 979              		.ident	"GCC: (GNU Tools for ARM Embedded Processors) 4.9.3 20150303 (release) [ARM/embedded-4_9-br
