ARM GAS  C:\Users\Thomas\AppData\Local\Temp\ccPPOMAv.s 			page 1


   1              		.syntax unified
   2              		.cpu cortex-m3
   3              		.fpu softvfp
   4              		.eabi_attribute 20, 1
   5              		.eabi_attribute 21, 1
   6              		.eabi_attribute 23, 3
   7              		.eabi_attribute 24, 1
   8              		.eabi_attribute 25, 1
   9              		.eabi_attribute 26, 1
  10              		.eabi_attribute 30, 2
  11              		.eabi_attribute 34, 1
  12              		.eabi_attribute 18, 4
  13              		.thumb
  14              		.file	"P2_6_PM.c"
  15              		.text
  16              	.Ltext0:
  17              		.section	.gnu.lto_.profile.b949a027,"",%progbits
  18 0000 789C6366 		.ascii	"x\234cf```a\200\000F\006cY\000\000\367\000Y"
  18      60606061 
  18      80004606 
  18      63590000 
  18      F70059
  19              		.text
  20              		.section	.gnu.lto_.jmpfuncs.b949a027,"",%progbits
  21 0000 789C6366 		.ascii	"x\234cf\300\016\004\2404\013\0203100C\231\014\000\002"
  21      C00E04A0 
  21      340B1033 
  21      31303043 
  21      990C0002 
  22 0014 C70021   		.ascii	"\307\000!"
  23              		.text
  24              		.section	.gnu.lto_.inline.b949a027,"",%progbits
  25 0000 789C6366 		.ascii	"x\234cf\300\016\"\2404\013\003\003;\033#\003\023\307"
  25      C00E22A0 
  25      340B0303 
  25      3B1B2303 
  25      13C7
  26 0012 013B06B6 		.ascii	"\001;\006\266\005\362L 1&L!f\006\036\021\240\220@C-"
  26      05F24C20 
  26      31264C21 
  26      66061E11 
  26      A0904043 
  27 0027 5C88910B 		.ascii	"\\\210\221\013\254\235\233\027(\316\267!\027U\234\001"
  27      AC9D9B17 
  27      28CEB721 
  27      17559C01 
  28 0037 00917408 		.ascii	"\000\221t\010="
  28      3D
  29              		.text
  30              		.section	.gnu.lto_.pureconst.b949a027,"",%progbits
  31 0000 789C6366 		.ascii	"x\234cf``\340d\200\000\026\006)&)f)\026)\000\002\321"
  31      6060E064 
  31      80001606 
  31      29262966 
  31      29162900 
  32 0016 0082     		.ascii	"\000\202"
  33              		.text
ARM GAS  C:\Users\Thomas\AppData\Local\Temp\ccPPOMAv.s 			page 2


  34              		.section	.gnu.lto_P2_6_SaveConfig.b949a027,"",%progbits
  35 0000 789C8D91 		.ascii	"x\234\215\221\315+Da\024\306\317s\346\272\215D\262\264"
  35      CD2B4461 
  35      14C6CF73 
  35      E6BA8D44 
  35      B2B4
  36 0012 B190D898 		.ascii	"\261\220\330\230\205\342\037\260\260RS\266S\223\230"
  36      85E21FB0 
  36      B05253B6 
  36      539398
  37 0021 2D259672 		.ascii	"-%\226r\257&\211BB\302X\210\0143f|.,\324e\251\220,\324"
  37      AF268942 
  37      42C25888 
  37      0C33667C 
  37      2E2CD465 
  38 0039 2C488D62 		.ascii	",H\215b#\0375\272\311\3079W>\242\344\326{\337\373\276"
  38      231F35BA 
  38      C9C73957 
  38      3EA2E4D6 
  38      7BDFFBBE 
  39 004d E7799FF3 		.ascii	"\347y\237\363{\336\353\243\337O\251\214+\020U\310\014"
  39      7BDEEBA3 
  39      DF4FA98C 
  39      2B1055C8 
  39      0C
  40 005e 1F81470E 		.ascii	"\037\201G\016\211l?\003\372A\240\036F\017\256\371\216"
  40      896C3F03 
  40      FA41A01E 
  40      460FAEF9 
  40      8E
  41 006f 31E22426 		.ascii	"1\342$&\013*\027,\313\272\235;\260\203\016\\&z\340w"
  41      0B2A172C 
  41      CBBA9D3B 
  41      B0830E5C 
  41      267AE077 
  42 0083 1F2CA292 		.ascii	"\037,\242\222Dt\027}>-0\243\"*~\257!\016S\374)]\342"
  42      4474177D 
  42      3E2D30A3 
  42      222A7EAF 
  42      210E53FC 
  43 009a 58AFAF0F 		.ascii	"X\257\257\017[\2739\230L.\303\320\027QVD\332\352\222"
  43      5BBB3998 
  43      4C2EC3D0 
  43      17515644 
  43      DAEA92
  44 00ad 59675F06 		.ascii	"Yg_\006{\271\201\233\211|=\367\310\332wb\360~\273\360"
  44      7BB9819B 
  44      897C3DF7 
  44      C8DA7762 
  44      F07EBBF0 
  45 00c1 8A5DE6FE 		.ascii	"\212]\346\376}\3332\264\313y\366\350\330\357m\221.\307"
  45      7DDB32B4 
  45      CB79F6E8 
  45      D8EF6D91 
  45      2EC7
  46 00d3 2EE6FB8A 		.ascii	".\346\373\212b\230\266\243\302\344\303\022J\261\014"
  46      6298B6A3 
ARM GAS  C:\Users\Thomas\AppData\Local\Temp\ccPPOMAv.s 			page 3


  46      C2E4C312 
  46      4AB10C
  47 00e2 49860462 		.ascii	"I\206\004b\240\014zG/\312\324O\244\263'C)\356~\262\372"
  47      A00C7A47 
  47      2FCAD44F 
  47      A4B32743 
  47      29EE7EB2 
  48 00f7 2DBFCBC6 		.ascii	"-\277\313\306\263\022~\3673\274e\334\216\316@\375,U"
  48      B3127EF7 
  48      33BC65DC 
  48      8ECE40FD 
  48      2C55
  49 0109 E521896E 		.ascii	"\345!\211n\254\250\241\324^\222\303\353fuB\002:U.\233"
  49      ACA8A1D4 
  49      5E92C3EB 
  49      66754202 
  49      3A552E9B 
  50 011d 4889F0DE 		.ascii	"H\211\360\336\273\004\244Q-\304\344%\310}$0\344Llj\366"
  50      BB04A451 
  50      2DC4E425 
  50      C87D2430 
  50      E44C6C6A 
  51 0132 C0F07027 		.ascii	"\300\360p'?\022\014\367\355\214\233_\310\253\237\310"
  51      3F120CF7 
  51      ED8C9B5F 
  51      C8AB9FC8 
  52 0142 6BFF44FE 		.ascii	"k\377D\376\311\270\376\007\343\206\307\250\177\001\233"
  52      C9B8FE07 
  52      E386C7A8 
  52      7F019B
  53 0151 CA68D019 		.ascii	"\312h\320\031l\3471O\033(yVjr\367\342\\\036\0105D\332"
  53      6CE7314F 
  53      1B287956 
  53      6A72F7E2 
  53      5C1E0835 
  54 0167 221DCD9D 		.ascii	"\"\035\315\235\221\326pS{WGK$\024lj\257\257\015\005"
  54      91D67053 
  54      7B57474B 
  54      24146C6A 
  54      AFAF0D05 
  55 017b 6BC275E1 		.ascii	"k\302u\341`c\240\205\336\000\264\274\272n"
  55      6063A085 
  55      DE00B4BC 
  55      BA6E
  56              		.text
  57              		.section	.gnu.lto_P2_6_RestoreConfig.b949a027,"",%progbits
  58 0000 789C7590 		.ascii	"x\234u\220\337+Ca\034\306\277\317\367\234\235V\"\271"
  58      DF2B4361 
  58      1CC6BFCF 
  58      F79C9D56 
  58      22B9
  59 0012 5ABB955C 		.ascii	"Z\273\225\\\254\271P\374\003\212+5\271]-\315\271\245"
  59      ACB950FC 
  59      038A2B35 
  59      B95D2DCD 
  59      B9A5
  60 0024 1697728E 		.ascii	"\026\227r\216FJ\331&$lWd~\216M\312\205Z.\225-Qj\212"
ARM GAS  C:\Users\Thomas\AppData\Local\Temp\ccPPOMAv.s 			page 4


  60      464AD926 
  60      246C5764 
  60      7E8E4DCA 
  60      855A2E95 
  61 003c D41477C6 		.ascii	"\324\024w\306\205N\232y\337\263\220_o\275?\277\317\373"
  61      854E9A79 
  61      DFB3905F 
  61      6FBD3FBF 
  61      CFFB
  62 004e 3C9FF755 		.ascii	"<\237\367U\350ws\213^\000Q\223\230\241\0208\232#2\235"
  62      E877738B 
  62      5E005193 
  62      98A11038 
  62      9A23329D 
  63 0062 0CC80581 		.ascii	"\014\310\005\201F\031\243x\340\022#\232\335\\\250i^"
  63      4619A378 
  63      E012239A 
  63      DD5CA869 
  63      5E
  64 0073 350CE3F1 		.ascii	"5\014\343\3618\343\032wYL\364\314U\033\254\241\231\204"
  64      38E31A77 
  64      594CF4CC 
  64      551BACA1 
  64      9984
  65 0085 A6142E5F 		.ascii	"\246\024._\326ha\241\251\257\326\220\204&\354)\325\220"
  65      D66861A1 
  65      A9AFD690 
  65      8426EC29 
  65      D590
  66 0097 352A95E7 		.ascii	"5*\225\347\\,\351\201\306d1T9\020\025\205JF\3351\313"
  66      5C2CE981 
  66      C6643154 
  66      39101585 
  66      4A46DD31 
  67 00ac 592960EC 		.ascii	"Y)`\354\240\224\357\221\367^X\306&\316\247wx\344\325"
  67      A094EF91 
  67      F75E58C6 
  67      26CEA777 
  67      78E4D5
  68 00bf 98349C16 		.ascii	"\2304\234\026sY\232\212\323\233b\376\314y\317\342\304"
  68      73599A8A 
  68      D39B62FE 
  68      CC79CFE2 
  68      C4
  69 00d0 DE26CDF0 		.ascii	"\336&\315\3602\342X2\015\251R\260\216\021l\300m\327"
  69      32E25832 
  69      0DA952B0 
  69      8E116CC0 
  69      6DD7
  70 00e2 DEB62269 		.ascii	"\336\266\"i\315\353\261X\305\246\320<\331\310\330\202"
  70      CDEBB158 
  70      C5A6D03C 
  70      D9C8D882 
  71 00f2 573CFC78 		.ascii	"W<\374x\0062I\250\346\247\236\016k\245\241c\362\304"
  71      063249A8 
  71      E6A79E0E 
  71      6BA5A163 
ARM GAS  C:\Users\Thomas\AppData\Local\Temp\ccPPOMAv.s 			page 5


  71      F2C4
  72 0104 34D46F19 		.ascii	"4\324o\031\016\333g\366ve\242Nf\204a\261\206m\270\261"
  72      0EDB67F6 
  72      7665A24E 
  72      668461B1 
  72      866DB8B1 
  73 0118 23239012 		.ascii	"##\220\022\256\202\225$z\354\002Ut\365_\364\237\254"
  73      AE829524 
  73      7AEC0255 
  73      74F55FF4 
  73      9FAC
  74 012a BB7FB3EE 		.ascii	"\273\177\263\356\331\254\362\357\220\376\301\032_L\234"
  74      D9ACF2EF 
  74      90FEC11A 
  74      5F4C9C
  75 0139 AA36D8C2 		.ascii	"\2526\330\302\007kd\342hN\373\202\313|\302\355\333p"
  75      076B64E2 
  75      684EFB82 
  75      CB7CC2ED 
  75      DB70
  76 014b 2A5DC3CC 		.ascii	"*]\303\314^uJ\003\371\374\2420\026\277-\210\032[\374"
  76      5E754A03 
  76      F9FCA230 
  76      16BF2D88 
  76      1A5BFC
  77 015e 5DFA801E 		.ascii	"]\372\200\036\352\033\322\373\003\275\203\303\241\240"
  77      EA1BD2FB 
  77      03BD83C3 
  77      A1A0
  78 016c EEF7F50E 		.ascii	"\356\367\365\016v\264\371}\255\201\366\200\257\273%"
  78      76B4F97D 
  78      AD81F680 
  78      AFBB25
  79 017b 48EFA98F 		.ascii	"H\357\251\217\260i"
  79      B069
  80              		.text
  81              		.section	.gnu.lto_P2_6_Sleep.b949a027,"",%progbits
  82 0000 789C9592 		.ascii	"x\234\225\222Oh\023A\024\306\347\233\335l\262I\213\342"
  82      4F681341 
  82      14C6E79B 
  82      DD6CB249 
  82      8BE2
  83 0012 A9F4A007 		.ascii	"\251\364\240\007\221zi\017\202z\364\340\241'!\320k "
  83      917A690F 
  83      827AF4E0 
  83      A12721D0 
  83      6B20
  84 0024 48CD49B0 		.ascii	"H\315I\260P\364\030\272\333F,*\266F\011\321\232\202"
  84      50F418BA 
  84      DB462C2A 
  84      B64609D1 
  84      9A82
  85 0036 07B535B5 		.ascii	"\007\2655\265\255I\215\326X\273\210\020\020\252\210"
  85      AD498DD6 
  85      58BB8810 
  85      10AA88
  86 0045 07A548A4 		.ascii	"\007\245H\244R!\036\024\223@u)\265\2767k\245\246Tpa"
ARM GAS  C:\Users\Thomas\AppData\Local\Temp\ccPPOMAv.s 			page 6


  86      52211E14 
  86      93407529 
  86      B5BE376B 
  86      A5A65470 
  87 005a E7EF37EF 		.ascii	"\347\3577\357\375\346{\243\211\255_+\375'5!\366Q\017"
  87      FDE67BA3 
  87      89AD5F2B 
  87      FD273521 
  87      F6510F
  88 006d 4D400EBF 		.ascii	"M@\016\277\024\302\016H\200\007\002\242O\242\017\237"
  88      14C20E48 
  88      800702A2 
  88      4FA20F9F 
  89 007d 655562D8 		.ascii	"eUb\330\311\246Cm\267,\313\372\226,\266\234mq\245\020"
  89      C9A6436D 
  89      B72CCBFA 
  89      962CB69C 
  89      6D71A510 
  90 0091 75E985C1 		.ascii	"u\351\205\301\035\264\011\322T\023koCF\2024;\275=\214"
  90      1DB409D2 
  90      54136B6F 
  90      43468234 
  90      3BBD3D8C 
  91 00a5 C100F553 		.ascii	"\301\000\365S\273\034k}=\377\345r\3450\232 \\I\311\250"
  91      BB1C6B7D 
  91      3DFFE572 
  91      E5309A20 
  91      5C49C9A8 
  92 00b9 D1A9913E 		.ascii	"\321\251\221>\036\231\324hAn\204X\246\223\234\376\223"
  92      1E99D468 
  92      416E8458 
  92      A6939CFE 
  92      93
  93 00ca 94DC6B8B 		.ascii	"\224\334k\213x\266r\276\234\231\006G\373.5Jt3\275z\315"
  93      78B672BE 
  93      9C990647 
  93      FB2E354A 
  93      7433BD7A 
  94 00df 5791AED4 		.ascii	"W\221\256\324\335\027\266\245s\356\017\313\257^\007"
  94      DD17B6A5 
  94      73EE0FCB 
  94      AF5E07
  95 00ee D492E069 		.ascii	"\324\222\340i\251V\310\313\014F\354\004\\\351\3038Z"
  95      A956C8CB 
  95      0C46EC04 
  95      5CE9C338 
  95      5A
  96 00ff 7117745D 		.ascii	"q\027t]d\221\201X\304\300\017\303\013\007/b)S\311\351"
  96      64918158 
  96      C4C00FC3 
  96      0B072F62 
  96      2953C9E9 
  97 0113 7C1C1098 		.ascii	"|\034\020\230 %Ir\347\236\353\236H'\035\211\354\333"
  97      20254972 
  97      E79EEB9E 
  97      48271D89 
  97      ECDB
ARM GAS  C:\Users\Thomas\AppData\Local\Temp\ccPPOMAv.s 			page 7


  98 0125 C58B7E25 		.ascii	"\305\213~%\242@\367\224\250\277\354\367$>R\361<\271"
  98      A240F794 
  98      A8BFECF7 
  98      243E52F1 
  98      3CB9
  99 0137 B49B1748 		.ascii	"\264\233\027H=\372\346\322\244\214\257Z\203V\300\225"
  99      3DFAE6D2 
  99      A48CAF5A 
  99      8356C095 
 100 0147 C61AFBB1 		.ascii	"\306\032\373\261\231\323P\3231;q\003\314i\261\312\217"
 100      99D350D3 
 100      313B7103 
 100      CC69B1CA 
 100      8F
 101 0158 49C431C5 		.ascii	"I\3041\305\240\264\367sb(g\264g\311Ng\277+\003\230&"
 101      A0B4F773 
 101      622867B4 
 101      67C94E67 
 101      BF2B0398 
 102 016d 614D598E 		.ascii	"aMY\216\373h\247\224\342=\006\234bIrB\321\230\321\254"
 102      FB68A794 
 102      E23D069C 
 102      62497242 
 102      D198D1AC 
 103 0181 2BCC1CE2 		.ascii	"+\314\034\342dkP(\027\277\246\314\277\312\344\314\225"
 103      646B5028 
 103      17BFA6CC 
 103      BFCAE4CC 
 103      95
 104 0192 A42A529D 		.ascii	"\244*R\235\274n( \362\024T`\206/\307\247R\027j\263\315"
 104      BC6E2820 
 104      F2145460 
 104      862FC7A7 
 104      52176AB3 
 105 01a7 0C1E1ADC 		.ascii	"\014\036\032\334\342yH\361^\031\031O\231|\227\2536\345"
 105      E27948F1 
 105      5E19194F 
 105      997C97AB 
 105      36E5
 106 01b9 6FC20332 		.ascii	"o\302\0032\275\240L\177\350\231\336\237\254\026\216"
 106      BDA04C7F 
 106      E899DE9F 
 106      AC168E
 107 01c8 70C46DDD 		.ascii	"p\304m\335i\264\343\321\266v4cV\331\001\017\024\217"
 107      69B4E3D1 
 107      B6763463 
 107      56D9010F 
 107      148F
 108 01da D911D3BB 		.ascii	"\331\021\323\273\346J\312\364\270\203t,s}tAU6\224\336"
 108      E64ACAF4 
 108      B883742C 
 108      737D7441 
 108      553694DE 
 109 01ee E05EF8F8 		.ascii	"\340^\370\370nf\307&\320\342\037\320'\033\240K{\376"
 109      6E66C726 
 109      D0E21FD0 
 109      271BA04B 
ARM GAS  C:\Users\Thomas\AppData\Local\Temp\ccPPOMAv.s 			page 8


 109      7BFE
 110 0200 8B73EE1F 		.ascii	"\213s\356\037\234O\025\247\374\3159\317\234AQ\206\355"
 110      9C4F15A7 
 110      FCCD39CF 
 110      9C415186 
 110      ED
 111 0211 CC77AAC2 		.ascii	"\314w\252\302\011~\362\340\247N\301\367vD:c\247b\275"
 111      097EF2E0 
 111      A74EC1F7 
 111      76443A63 
 111      A762BD
 112 0224 C74FC74E 		.ascii	"\307O\307ND\273z\316\364v\307\"\341\256\236\243\007"
 112      44BB7ACE 
 112      F476C722 
 112      E1AE9EA3 
 112      07
 113 0235 23E103D1 		.ascii	"#\341\003\321C\321\360\261\216n\361\013jeA\016"
 113      43D1F0B1 
 113      8E6EF10B 
 113      6A65410E 
 114              		.text
 115              		.section	.gnu.lto_P2_6_Wakeup.b949a027,"",%progbits
 116 0000 789C8D92 		.ascii	"x\234\215\222\317KTQ\024\307\317\367\276\353{3\243Q"
 116      CF4B5451 
 116      14C7CFF7 
 116      BEEB7B33 
 116      A351
 117 0012 B41217B3 		.ascii	"\264\022\027\263\211r\021\032\024\365\017\264\020\202"
 117      8972111A 
 117      14F50FB4 
 117      1082
 118 0020 60C2EDC0 		.ascii	"`\302\355\300\0206\333\004\251\345\340}:\301@Q6\211"
 118      1036DB04 
 118      A9E5E07D 
 118      3AC14051 
 118      3689
 119 0032 4836D6A6 		.ascii	"H6\326\246\322\306\2641\263\0347\217\210\026\202\211"
 119      D2C6B431 
 119      B31C378F 
 119      88168289 
 120 0042 F47B8882 		.ascii	"\364{\210\2020\250]\343,d\010\323s\356\364\313\261\240"
 120      30A85DE3 
 120      2C6408D3 
 120      73EEF4CB 
 120      B1A0
 121 0054 07F7DD77 		.ascii	"\007\367\335w\317\375\336\357\367sy\307\241\355\317"
 121      CFFDDEEF 
 121      F77379C7 
 121      A1EDCF
 122 0063 211E2545 		.ascii	"!\036%E\264\227g4\020\324\3003\"?\244\224S\214\222\211"
 122      B4976734 
 122      10D4C033 
 122      223FA494 
 122      538C9289 
 123 0077 E85707C8 		.ascii	"\350W\007\31049\320\265\262\006\344\203@\275\312\321"
 123      3439D0B5 
 123      B206E483 
ARM GAS  C:\Users\Thomas\AppData\Local\Temp\ccPPOMAv.s 			page 9


 123      40BDCAD1 
 124 0087 E8C51755 		.ascii	"\350\305\027UV\030\010\362\303\215\2557\2151_\373\226"
 124      561808F2 
 124      C38DAD37 
 124      8D315FFB 
 124      96
 125 0098 9BCF3557 		.ascii	"\233\3175W\331\257\242j\376\270\215VbM9\275\376\272"
 125      D9AFA26A 
 125      FEB88D56 
 125      624D39BD 
 125      FEBA
 126 00aa D14DB366 		.ascii	"\321M\263fWm\017cp\301\363\324\356\300llT\236d3\373"
 126      576D0F63 
 126      70C1F3D4 
 126      EEC06C6C 
 126      549E6433 
 127 00bf 54585355 		.ascii	"TXSU\301\345\227\362\344E\264\302C\022?\361\202g\247"
 127      C1E597F2 
 127      E445B4C2 
 127      43123FF1 
 127      8267A7
 128 00d2 84BED9F2 		.ascii	"\204\276\331\362\322\211-\206\301`\304\272U\024\352"
 128      D2892D86 
 128      C160C4BA 
 128      5514EA
 129 00e1 9330CE6E 		.ascii	"\2230\316n\204;p\327\224\313{\243\317/N\252\3247\223"
 129      843B70D7 
 129      94CB7BA3 
 129      CF2F4EAA 
 129      D43793
 130 00f4 31A1AA72 		.ascii	"1\241\252r\326\205\203\253\037V\226\226C\237\025W\354"
 130      D68583AB 
 130      1F569696 
 130      439F1557 
 130      EC
 131 0105 72CC4F5F 		.ascii	"r\314O_C\016#\276\021\225F\036)L\240\305\356}\237\270"
 131      430E23BE 
 131      1195461E 
 131      294CA0C5 
 131      EE7D9FB8 
 132 0119 34EDB6E5 		.ascii	"4\355\266\345\331\374\306u\247\252\032p\227\225\253"
 132      D9FCC675 
 132      A7AA1A70 
 132      9795AB
 133 0128 EC639330 		.ascii	"\354c\2230\2116*\341q\026\022\311\362\241\363\253s;"
 133      89362AE1 
 133      711612C9 
 133      F2A1F3AB 
 133      733B
 134 013a C4D9CD2C 		.ascii	"\304\331\315,\370Fo\011s\255\341\225\221\361\241\260"
 134      F8466F09 
 134      73ADE195 
 134      91F1A1B0 
 135 014a 840DFA1C 		.ascii	"\204\015\372\034\346a\012-\270'a(\2603S\223\\\371\362"
 135      E6610A2D 
 135      B8276128 
 135      B0335393 
ARM GAS  C:\Users\Thomas\AppData\Local\Temp\ccPPOMAv.s 			page 10


 135      5CF9F2
 136 015d 0BD42EE1 		.ascii	"\013\324.\341\375\363\022\365\324\323\333\250\367\013"
 136      FDF312F5 
 136      D4D3DBA8 
 136      F70B
 137 016b EF7DCB8B 		.ascii	"\357}\313\213\037\2743u\274\271\253\243\213\332\302"
 137      1FBC3375 
 137      BCB9ABA3 
 137      8BDAC2
 138 017a 0DFFE45D 		.ascii	"\015\377\344]\374\370ff\347\037\200\017~\001\316Z@\317"
 138      FCF86666 
 138      E71F800F 
 138      7E01CE5A 
 138      40CF
 139 018c 02169E66 		.ascii	"\002\026\236f=\371\007kJ\3777\341\303\277\021\206\360"
 139      3DF9076B 
 139      4AFF37E1 
 139      C3BF1186 
 139      F0
 140 019d C812DA16 		.ascii	"\310\022\332\026\231c\274\227H\277\355\217\376\366\366"
 140      9963BC97 
 140      48BFED8F 
 140      FEF6F6
 141 01ac 6FCD5FF0 		.ascii	"o\315_\360\004\221\233\007E9N\322\036\016\025\243\316"
 141      04919B07 
 141      45394ED2 
 141      1E0E15A3 
 141      CE
 142 01bd 3BF407B9 		.ascii	";\364\007\271\205&\021S=F\270\"\236\230G\212;+b\317"
 142      85261153 
 142      3D46B822 
 142      9E98478A 
 142      3B2B62CF 
 143 01d1 68DB52EF 		.ascii	"h\333R\357\341\007\205c\366\014I\303A\252,\335\323\036"
 143      E1078563 
 143      F60C49C3 
 143      41AA2CDD 
 143      D31E
 144 01e3 EF489E4E 		.ascii	"\357H\236N\366\234<\223<\225\350\354>\333\323\225\214"
 144      F69C3C93 
 144      3C95E8EC 
 144      3EDBD395 
 144      8C
 145 01f4 C73ABB8F 		.ascii	"\307:\273\217\036\216\307\016&\216$b\307\333\273h\023"
 145      1E8EC70E 
 145      268E2462 
 145      C7DBBB68 
 145      13
 146 0205 80D50B0C 		.ascii	"\200\325\013\014"
 147              		.text
 148              		.section	.gnu.lto_.symbol_nodes.b949a027,"",%progbits
 149 0000 789C55C8 		.ascii	"x\234U\310A\015\2000\020\005\321\351n\267A\020\332\270"
 149      410D8030 
 149      1005D1E9 
 149      6EB74110 
 149      DAB8
 150 0012 FE4A4001 		.ascii	"\376J@\001\251\011\034p\306\003\011:\010$p(s{\343\300"
ARM GAS  C:\Users\Thomas\AppData\Local\Temp\ccPPOMAv.s 			page 11


 150      A9091C70 
 150      C603093A 
 150      08247028 
 150      737BE3C0 
 151 0026 C49725C1 		.ascii	"\304\227%\301\274\203\304\322\006\002\232\311\315\224"
 151      BC83C4D2 
 151      06029AC9 
 151      CD94
 152 0034 FA6D2EFB 		.ascii	"\372m.\3739\313{\247P~M\255\017\213\242\243{\260\035"
 152      39CB7BA7 
 152      507E4DAD 
 152      0F8BA2A3 
 152      7BB01D
 153 0047 57F25C38 		.ascii	"W\362\\8\327\221\033\317\310\035\246"
 153      D7911BCF 
 153      C81DA6
 154              		.text
 155              		.section	.gnu.lto_.refs.b949a027,"",%progbits
 156 0000 789C25C8 		.ascii	"x\234%\310\321\011\000 \014\304\320\244WA\\\304\375"
 156      D1090020 
 156      0CC4D0A4 
 156      57415CC4 
 156      FD
 157 0011 371469BE 		.ascii	"7\024i\276\036\011p\231\012-\355\372\300$\272t\353I"
 157      1E097099 
 157      0A2DEDFA 
 157      C024BA74 
 157      EB49
 158 0023 CFC2C503 		.ascii	"\317\302\305\003\015{\000w"
 158      0D7B0077 
 159              		.text
 160              		.section	.gnu.lto_.decls.b949a027,"",%progbits
 161 0000 789C8D54 		.ascii	"x\234\215ToLSW\024\177\247\267-\245\224Jf\242\206O\015"
 161      6F4C5357 
 161      147FA7B7 
 161      2DA5944A 
 161      66A2864F 
 162 0015 26645B8C 		.ascii	"&d[\214\021\223\021\277,S\311\342\007\263\245\021\315"
 162      119311BF 
 162      2C53C9E2 
 162      07B3A511 
 162      CD
 163 0026 3E48C290 		.ascii	">H\302\220=\321H(CX\342\267+\335\244c\272(\231R\230"
 163      3DD14828 
 163      4358E2B7 
 163      2BDDA463 
 163      BA289952 
 164 003b 3375C050 		.ascii	"3u\300P\304\212H\031\370g\024\247\014a \"C\013\003\261"
 164      C48A4819 
 164      F86714A7 
 164      0C612022 
 164      430B03B1 
 165 004f E0C439B5 		.ascii	"\340\3049\265nn\3524v\347\236\367j_\0158or\332{\357"
 165      6E6EEA34 
 165      76E79EF7 
 165      6A5F0D38 
 165      6F72DA7B 
ARM GAS  C:\Users\Thomas\AppData\Local\Temp\ccPPOMAv.s 			page 12


 166 0064 FB9DDFF9 		.ascii	"\373\235\337\371\335s\317=L\222\244\026\220\2440\216"
 166      DD73CF3D 
 166      4C92A416 
 166      90A4308E 
 167 0074 4B719294 		.ascii	"Kq\222\224\202s\003\356\331\245\3500\2425\242y\321\232"
 167      827303EE 
 167      D9A5E830 
 167      A235A279 
 167      D19A
 168 0086 D09A850F 		.ascii	"\320\232\205\017Z+\032\302\245A)v\010l\234\312aC\273"
 168      5A2B1AC2 
 168      A5412976 
 168      086C9CCA 
 168      6143BB
 169 0099 8A76052D 		.ascii	"\212v\005-\200v\021\255\013M\207v\001\255O\345h\234"
 169      807611AD 
 169      0B4D8776 
 169      01AD4FE5 
 169      689C
 170 00ab 85CBFB02 		.ascii	"\205\313\373\002\227\226c\004mx\006.\357,\\B\273U\345"
 170      97966304 
 170      6D78062E 
 170      EF2C5C42 
 170      BB55E5
 171 00be 9A8736A6 		.ascii	"\232\2076\246rN\241\0055\334g\320n\240\035\326h\027"
 171      724EA105 
 171      35DC67D0 
 171      6EA01DD6 
 171      6817
 172 00d0 F1185A8F 		.ascii	"\361\030Z\217&\026S9[^\242_\344*A\023s\2663hc2M\214"
 172      26165339 
 172      5B5EA25F 
 172      E42A4113 
 172      73B63368 
 173 00e8 1E75DDAC 		.ascii	"\036u\335\254\236k\266\234\337\327A\273\367A_\302\264"
 173      9E6BB69C 
 173      DFD741BB 
 173      F7415FC2 
 173      B4
 174 00f9 0EAC669B 		.ascii	"\016\254f\233X\236\254\350v\033qi1\353\305\362\324\223"
 174      589EACE8 
 174      761B7169 
 174      31EBC5F2 
 174      D493
 175 010b E0907EFE 		.ascii	"\340\220~\376^\216c\267\223'\351\301>\017\352!\031\016"
 175      5E8E63B7 
 175      9327E9C1 
 175      3E0FEA21 
 175      190E
 176 011d 4132321E 		.ascii	"A22\036\206\371\370\273^\25709\237\361\223&\246\003"
 176      86F9F8BB 
 176      5EAF3039 
 176      9FF19326 
 176      A603
 177 012f 31AF715F 		.ascii	"1\257q_\0372/j@7\027\367\017\350\242\341j\317\217n\262"
 177      1F322F6A 
 177      403717F7 
ARM GAS  C:\Users\Thomas\AppData\Local\Temp\ccPPOMAv.s 			page 13


 177      0FE8A2E1 
 177      6ACF8F6E 
 178 0144 1DE0134D 		.ascii	"\035\340\023M\241\366\241\200\205ws\1778\334\301\201"
 178      A1F6A180 
 178      8577737F 
 178      38DCC181 
 179 0154 B8A00118 		.ascii	"\270\240\001\030\034\201E\002*\346\344\003\215`C\277"
 179      1C814502 
 179      2AE6E403 
 179      8D6043BF 
 180 0164 AAC13B23 		.ascii	"\252\301;#\211\354m\"\037\350\2559\224H$\236\3755\306"
 180      89EC6D22 
 180      1FE8AD39 
 180      9448249E 
 180      FD35C6
 181 0177 0805311C 		.ascii	"\010\0051\034\3250\034\2150x\211\241\261w\302gevb\230"
 181      D5301C8D 
 181      307889A1 
 181      B177C267 
 181      65766298 
 182 018b ACF53518 		.ascii	"\254\3655\030\220\301\323\344\011\250\014\357\220\377"
 182      90C1D3E4 
 182      09A80CEF 
 182      90FF
 183 0199 318DFFB1 		.ascii	"1\215\377\261\210\177\023\371\227M\335\014&\262\365"
 183      887F13F9 
 183      974DDD0C 
 183      26B2F5
 184 01a8 E45F5D77 		.ascii	"\344_]w\242~\216\342\357\252\323\372\037\327\370\037"
 184      A27E8EE2 
 184      EFAAD3FA 
 184      1FD7F81F 
 185 01b8 8FF83793 		.ascii	"\217\3707\223\177\240\376\333J\306\362\310\337\025\372"
 185      7FA0FEDB 
 185      4AC6F2C8 
 185      DF15FA
 186 01c7 6D9FF09F 		.ascii	"m\237\360\237\340\241[\223\301eU\374`)\177\026\016\253"
 186      E0A15B93 
 186      C16555FC 
 186      60297F16 
 186      0EAB
 187 01d9 6938A121 		.ascii	"i8\241!9\021!i!\022\357\276#U\211\254\002\210\245\223"
 187      39112169 
 187      2112EFBE 
 187      235589AC 
 187      0288A593 
 188 01ed 7F1A3612 		.ascii	"\177\0326\022\213gW\315\016\233F\206O\303\340\2130\264"
 188      8B6757CD 
 188      0E9B4686 
 188      4FC3E08B 
 188      30B4
 189 01ff 12C3B587 		.ascii	"\022\303\265\207\327\316\306\321}/\021\034\025\237\265"
 189      D7CEC6D1 
 189      7D2F111C 
 189      159FB5
 190 020e B559E9BE 		.ascii	"\265Y\351\276\215b9\3355\266\201\035P\350\207;\312\312"
 190      8D6239DD 
ARM GAS  C:\Users\Thomas\AppData\Local\Temp\ccPPOMAv.s 			page 14


 190      35B6811D 
 190      50E8873B 
 190      CACA
 191 0220 4CECB8B2 		.ascii	"L\354\270\262\330\376\335\251\235\302m\236\231\256\361"
 191      D8FEDDA9 
 191      9DC26D9E 
 191      99AEF1
 192 022f CBDEEA4E 		.ascii	"\313\336\352NF\313\260\370\254\013\004\276z\314\300"
 192      46CBB0F8 
 192      AC0B04BE 
 192      7ACCC0
 193 023e 9CEAE2BC 		.ascii	"\234\352\342\274\224\207*8[ \301\242dx#Y\202\037 \025"
 193      94872A38 
 193      5B20C1A2 
 193      64782359 
 193      821F2015 
 194 0252 6124074E 		.ascii	"a$\007Na\351\234\306\322\251\305\302\010\335;\337\260"
 194      61E99CC6 
 194      D2A9C5C2 
 194      08DD3BDF 
 194      B0
 195 0263 DAC997C3 		.ascii	"\332\311\227\303\0310\303\311\347\202)\202Z,\035\336"
 195      1930C3C9 
 195      E7822982 
 195      5A2C1DDE 
 196 0273 CB6E131B 		.ascii	"\313n\023\033U\024\364\006\037\375e!\341It\005Wn<`$"
 196      5514F406 
 196      1FFD6521 
 196      E1497405 
 196      576E3C60 
 197 0288 5C2796DF 		.ascii	"\\'\226\337\374y\367t<\273\031+\326\246\210\255\274"
 197      FC79F774 
 197      3CBB192B 
 197      D6A688AD 
 197      BC
 198 0299 FDA8C544 		.ascii	"\375\250\305D\313p\230\011\265O&\275\365FH5\013\031"
 198      CB709809 
 198      B54F26BD 
 198      F5464835 
 198      0B19
 199 02ab 9E238900 		.ascii	"\236#\211\000](\341lT\202M\225@\247\341Nn8d\225\300"
 199      5D28E16C 
 199      54824D95 
 199      40A7E14E 
 199      6E386495 
 200 02c0 8FDA3B51 		.ascii	"\217\332;Q;\234\307\003\331\324\003\375\210\233\347"
 200      3B9CC703 
 200      D9D403FD 
 200      889BE7
 201 02cf 7013A39C 		.ascii	"p\023\243\234\356\351\276\037\307\356*\012\236\2669"
 201      EEE9BE1F 
 201      C7EE2A0A 
 201      9EB639
 202 02de 9D3AF62F 		.ascii	"\235:\366/-\014\347.\372v\351!%enj\212\007\031C\267"
 202      2D0CE72E 
 202      FA76E921 
 202      25656E6A 
ARM GAS  C:\Users\Thomas\AppData\Local\Temp\ccPPOMAv.s 			page 15


 202      8A071943 
 203 02f3 9C5F5BDD 		.ascii	"\234_[\335\334\323\251\304\375\011\343\366\302\334("
 203      DCD3A9C4 
 203      FD09E3F6 
 203      C2DC28
 204 0302 FFEBE269 		.ascii	"\377\353\342i\371\305\003\223\004|\342\367\326,\377"
 204      F9C50393 
 204      047CE2F7 
 204      D62CFF
 205 0311 764669EA 		.ascii	"vFi\352P\261jj\011\371\246\000\356\241\027\312\371\362"
 205      50B16A6A 
 205      09F9A600 
 205      EEA117CA 
 205      F9F2
 206 0323 2209BE47 		.ascii	"\"\011\276G\2426z\237\002\2122\341gT\334\003)p\001\255"
 206      A2367A9F 
 206      028A32E1 
 206      6754DC03 
 206      297001AD 
 207 0337 0F52E86C 		.ascii	"\017R\350l\342\354\023\323KM\002$E\212E\031\024\365"
 207      E2EC13D3 
 207      4B4D0224 
 207      458A4519 
 207      14F5
 208 0349 4EDB87FE 		.ascii	"N\333\207\376RF\012\273gTXO\0121\233{G\006|VH\235K\214"
 208      52460ABB 
 208      6754584F 
 208      0A319B7B 
 208      47067C56 
 209 0361 4F8C0017 		.ascii	"O\214\000\027\021\333\036\315\246\010@c&\221\320\217"
 209      11DB1ECD 
 209      A6084063 
 209      2691D08F 
 210 0371 DA5EA613 		.ascii	"\332^\246\023\223y\3179x\223\261\035Jg\031\252h\353"
 210      9379CF39 
 210      7893B11D 
 210      4A6719AA 
 210      68EB
 211 0383 9A93DEC2 		.ascii	"\232\223\336\302]\236\005\024H\340EY\011\037q\033}\312"
 211      5D9E0514 
 211      48E04559 
 211      091F711B 
 211      7DCA
 212 0395 BF8036B5 		.ascii	"\277\2006\265\326WY\027\036\304;\016\265_\375\003\266"
 212      D6575917 
 212      1EC43B0E 
 212      B55FFD03 
 212      B6
 213 03a6 730FDEA6 		.ascii	"s\017\336\246x\"\3448\240(\324\244k@\274\024\270\004"
 213      7822E438 
 213      A028D4A4 
 213      6B40BC14 
 213      B804
 214 03b8 E9120CC2 		.ascii	"\351\022\014\302B\321\033\373G\307\031\253P\002\207"
 214      42D11BFB 
 214      47C719AB 
 214      500287
ARM GAS  C:\Users\Thomas\AppData\Local\Temp\ccPPOMAv.s 			page 16


 215 03c7 5CBB6EEB 		.ascii	"\\\273n\353\315.Q\017\257X\022\272\312\243c\325\240"
 215      CD2E510F 
 215      AF5812BA 
 215      CAA363D5 
 215      A0
 216 03d8 D659E85E 		.ascii	"\326Y\350^]\207\345\002\347&\030\306\224^\216\246g\010"
 216      5D87E502 
 216      E72618C6 
 216      945E8EA6 
 216      6708
 217 03ea A2D53603 		.ascii	"\242\3256\003\365/3W\333\316\351\277k\022\"j\\\257\344"
 217      F52F3357 
 217      DBCEE9BF 
 217      6B12226A 
 217      5CAFE4
 218 03fd 72F86CFB 		.ascii	"r\370l\373\376\004K\271\250i\354\345\361\335V\270\202"
 218      FE044BB9 
 218      A869ECE5 
 218      F1DD56B8 
 218      82
 219 040e 4AA2DDFC 		.ascii	"J\242\335\374*X\250O\340?\242{\372\367\236c1h\221\264"
 219      2A58A84F 
 219      E03FA27B 
 219      FAF79E63 
 219      316891B4 
 220 0422 283AA0A2 		.ascii	"(:\240\242\003\204\256\333\323\025\013\036\216\241\036"
 220      0384AEDB 
 220      D3150B1E 
 220      8EA11E
 221 0431 51C12304 		.ascii	"Q\301#\004\256\334\327\273?\216\271)\255\372\251\307"
 221      AEDCD7BB 
 221      3F8EB929 
 221      ADFAA9C7 
 222 0441 E30FE320 		.ascii	"\343\017\343 9>5\331\215\271\031\203x\251\214zH\351"
 222      393E35D9 
 222      8DB91983 
 222      78A98C7A 
 222      48E9
 223 0453 EEA48F9F 		.ascii	"\356\244\217\237\367\220q<\221\370$\301\257\310yM\355"
 223      F790713C 
 223      91F824C1 
 223      AFC8794D 
 223      ED
 224 0464 202E6C1E 		.ascii	" .l\036\270\013\243j\207S\206\033\367\025\"\361\203"
 224      B80BA36A 
 224      8753861B 
 224      F71522F1 
 224      83
 225 0475 E178E517 		.ascii	"\341x\345\027\265&v@\271E\337?\345\355\211J\336\376"
 225      B5267640 
 225      B945DF3F 
 225      E5ED894A 
 225      DEFE
 226 0487 BF4DE115 		.ascii	"\277M\341\025\016\365\227\017\307+\215\355E\217\311"
 226      0EF5970F 
 226      C72B8DED 
 226      458FC9
ARM GAS  C:\Users\Thomas\AppData\Local\Temp\ccPPOMAv.s 			page 17


 227 0496 591A9BE7 		.ascii	"Y\032\233\347i\232\011\202x\376\211\350%_\207hW\373"
 227      699A0982 
 227      78FE89E8 
 227      255F8768 
 227      57FB
 228 04a8 3C58DD67 		.ascii	"<X\335g\211IV0&YSj\262\246(Y\343n\177\271>\006-\032"
 228      89495630 
 228      2659536A 
 228      B2A62859 
 228      E36E7FB9 
 229 04c0 7C147D03 		.ascii	"|\024}\003,\221 8\225\346\330\227f\247gg\346|\"g8\012"
 229      2C912038 
 229      95E6D897 
 229      66A76767 
 229      E67C2267 
 230 04d6 366ECE33 		.ascii	"6n\3163\256z\177\235-CZ\2708k\225\\ \027\345\024\313"
 230      AE7A7F9D 
 230      2D435AB8 
 230      386B955C 
 230      2017E514 
 231 04eb 1F65673A 		.ascii	"\037eg:J\212r\345,{\246#\343\255,\302\333\337[\234+"
 231      4A8A72E5 
 231      2C7BA623 
 231      E3AD2CC2 
 231      DBDF5B9C 
 232 0500 BD46D335 		.ascii	"\275F\3235\362\326bG\221\352mV\330\362e\2710\201\246"
 232      F2D66247 
 232      91EA6D56 
 232      D8F265B9 
 232      3081A6
 233 0513 1FE46C91 		.ascii	"\037\344l\221K\012\343\225\355bG\241\355\245\274\213"
 233      4B0AE395 
 233      ED6247A1 
 233      EDA5BC8B 
 234 0523 37498ADB 		.ascii	"7I\212\333\273\0059\033\362e%\300\312\025\031\253\327"
 234      BB05391B 
 234      F26525C0 
 234      CA1519AB 
 234      D7
 235 0534 D9B333D7 		.ascii	"\331\2633\327\256Y\227\261\326P\262\271\240x\331\354"
 235      AE5997B1 
 235      D650B2B9 
 235      A078D9EC 
 236 0544 EA72B715 		.ascii	"\352r\267\025o+\224\267\012\"\23182\213\021d\024^i\351"
 236      6F2B94B7 
 236      0A229938 
 236      328B1164 
 236      145E69E9 
 237 0558 095BF198 		.ascii	"\011[\361\230\231E+\226\254\221\363\"\36341\2478\033"
 237      99452B96 
 237      AC91F322 
 237      F33431A7 
 237      381B
 238 056a 7272B794 		.ascii	"rr\267\224\024\032\212\344\274\264tC\366J\207#_\217"
 238      141A8AE4 
 238      BCB47443 
 238      F64A8723 
ARM GAS  C:\Users\Thomas\AppData\Local\Temp\ccPPOMAv.s 			page 18


 238      5F8F
 239 057c F365FF01 		.ascii	"\363e\377\001\254\334\344R"
 239      ACDCE452 
 240              		.text
 241              		.section	.gnu.lto_.symtab.b949a027,"",%progbits
 242 0000 50325F36 		.ascii	"P2_6_SaveConfig\000\000\000\000\000\000\000\000\000"
 242      5F536176 
 242      65436F6E 
 242      66696700 
 242      00000000 
 243 0018 000000AC 		.ascii	"\000\000\000\254\000\000\000P2_6_RestoreConfig\000\000"
 243      00000050 
 243      325F365F 
 243      52657374 
 243      6F726543 
 244 0033 00000000 		.ascii	"\000\000\000\000\000\000\000\000\000\000\256\000\000"
 244      00000000 
 244      0000AE00 
 244      00
 245 0040 0050325F 		.ascii	"\000P2_6_Sleep\000\000\000\000\000\000\000\000\000\000"
 245      365F536C 
 245      65657000 
 245      00000000 
 245      00000000 
 246 0055 0000B000 		.ascii	"\000\000\260\000\000\000P2_6_Wakeup\000\000\000\000"
 246      00005032 
 246      5F365F57 
 246      616B6575 
 246      70000000 
 247 006a 00000000 		.ascii	"\000\000\000\000\000\000\000\000\262\000\000\000P2_"
 247      00000000 
 247      B2000000 
 247      50325F
 248 0079 365F5374 		.ascii	"6_Stop\000\000\002\000\000\000\000\000\000\000\000\000"
 248      6F700000 
 248      02000000 
 248      00000000 
 248      0000
 249 008b B4000000 		.ascii	"\264\000\000\000P2_6_Enable\000\000\002\000\000\000"
 249      50325F36 
 249      5F456E61 
 249      626C6500 
 249      00020000 
 250 00a0 00000000 		.ascii	"\000\000\000\000\000\000\266\000\000\000"
 250      0000B600 
 250      0000
 251              		.text
 252              		.section	.gnu.lto_.opts,"",%progbits
 253 0000 272D666E 		.ascii	"'-fno-trapv' '-mcpu=cortex-m3' '-mthumb' '-g' '-O3'"
 253      6F2D7472 
 253      61707627 
 253      20272D6D 
 253      6370753D 
 254 0033 20272D66 		.ascii	" '-ffunction-sections' '-finline-functions' '-flto'"
 254      66756E63 
 254      74696F6E 
 254      2D736563 
ARM GAS  C:\Users\Thomas\AppData\Local\Temp\ccPPOMAv.s 			page 19


 254      74696F6E 
 255 0066 20272D66 		.ascii	" '-ffat-lto-objects'\000"
 255      6661742D 
 255      6C746F2D 
 255      6F626A65 
 255      63747327 
 256              		.text
 257              		.cfi_sections	.debug_frame
 258              		.section	.text.P2_6_SaveConfig,"ax",%progbits
 259              		.align	2
 260              		.global	P2_6_SaveConfig
 261              		.thumb
 262              		.thumb_func
 263              		.type	P2_6_SaveConfig, %function
 264              	P2_6_SaveConfig:
 265              	.LFB0:
 266              		.file 1 ".\\Generated_Source\\PSoC5\\P2_6_PM.c"
   1:.\Generated_Source\PSoC5/P2_6_PM.c **** /*******************************************************************************
   2:.\Generated_Source\PSoC5/P2_6_PM.c **** * File Name: P2_6_PM.c
   3:.\Generated_Source\PSoC5/P2_6_PM.c **** * Version 2.30
   4:.\Generated_Source\PSoC5/P2_6_PM.c **** *
   5:.\Generated_Source\PSoC5/P2_6_PM.c **** * Description:
   6:.\Generated_Source\PSoC5/P2_6_PM.c **** *  This file provides the API source code for sleep mode support for Shift
   7:.\Generated_Source\PSoC5/P2_6_PM.c **** *  Register component.
   8:.\Generated_Source\PSoC5/P2_6_PM.c **** *
   9:.\Generated_Source\PSoC5/P2_6_PM.c **** * Note:
  10:.\Generated_Source\PSoC5/P2_6_PM.c **** *
  11:.\Generated_Source\PSoC5/P2_6_PM.c **** ********************************************************************************
  12:.\Generated_Source\PSoC5/P2_6_PM.c **** * Copyright 2008-2013, Cypress Semiconductor Corporation.  All rights reserved.
  13:.\Generated_Source\PSoC5/P2_6_PM.c **** * You may use this file only in accordance with the license, terms, conditions,
  14:.\Generated_Source\PSoC5/P2_6_PM.c **** * disclaimers, and limitations in the end user license agreement accompanying
  15:.\Generated_Source\PSoC5/P2_6_PM.c **** * the software package with which this file was provided.
  16:.\Generated_Source\PSoC5/P2_6_PM.c **** *******************************************************************************/
  17:.\Generated_Source\PSoC5/P2_6_PM.c **** 
  18:.\Generated_Source\PSoC5/P2_6_PM.c **** #include "P2_6.h"
  19:.\Generated_Source\PSoC5/P2_6_PM.c **** 
  20:.\Generated_Source\PSoC5/P2_6_PM.c **** static P2_6_BACKUP_STRUCT P2_6_backup =
  21:.\Generated_Source\PSoC5/P2_6_PM.c **** {
  22:.\Generated_Source\PSoC5/P2_6_PM.c ****     P2_6_DISABLED,
  23:.\Generated_Source\PSoC5/P2_6_PM.c **** 
  24:.\Generated_Source\PSoC5/P2_6_PM.c ****     ((uint16) P2_6_DEFAULT_A0),
  25:.\Generated_Source\PSoC5/P2_6_PM.c ****     ((uint16) P2_6_DEFAULT_A1),
  26:.\Generated_Source\PSoC5/P2_6_PM.c **** 
  27:.\Generated_Source\PSoC5/P2_6_PM.c ****     #if(CY_UDB_V0)
  28:.\Generated_Source\PSoC5/P2_6_PM.c ****         ((uint16) P2_6_INT_SRC),
  29:.\Generated_Source\PSoC5/P2_6_PM.c ****     #endif /* (CY_UDB_V0) */
  30:.\Generated_Source\PSoC5/P2_6_PM.c **** };
  31:.\Generated_Source\PSoC5/P2_6_PM.c **** 
  32:.\Generated_Source\PSoC5/P2_6_PM.c **** 
  33:.\Generated_Source\PSoC5/P2_6_PM.c **** /*******************************************************************************
  34:.\Generated_Source\PSoC5/P2_6_PM.c **** * Function Name: P2_6_SaveConfig
  35:.\Generated_Source\PSoC5/P2_6_PM.c **** ********************************************************************************
  36:.\Generated_Source\PSoC5/P2_6_PM.c **** *
  37:.\Generated_Source\PSoC5/P2_6_PM.c **** * Summary:
  38:.\Generated_Source\PSoC5/P2_6_PM.c **** *  Saves Shift Register configuration.
  39:.\Generated_Source\PSoC5/P2_6_PM.c **** *
  40:.\Generated_Source\PSoC5/P2_6_PM.c **** * Parameters:
ARM GAS  C:\Users\Thomas\AppData\Local\Temp\ccPPOMAv.s 			page 20


  41:.\Generated_Source\PSoC5/P2_6_PM.c **** *  None.
  42:.\Generated_Source\PSoC5/P2_6_PM.c **** *
  43:.\Generated_Source\PSoC5/P2_6_PM.c **** * Return:
  44:.\Generated_Source\PSoC5/P2_6_PM.c **** *  None.
  45:.\Generated_Source\PSoC5/P2_6_PM.c **** *
  46:.\Generated_Source\PSoC5/P2_6_PM.c **** * Reentrant:
  47:.\Generated_Source\PSoC5/P2_6_PM.c **** *  No.
  48:.\Generated_Source\PSoC5/P2_6_PM.c **** *
  49:.\Generated_Source\PSoC5/P2_6_PM.c **** *******************************************************************************/
  50:.\Generated_Source\PSoC5/P2_6_PM.c **** void P2_6_SaveConfig(void) 
  51:.\Generated_Source\PSoC5/P2_6_PM.c **** {
 267              		.loc 1 51 0
 268              		.cfi_startproc
 269              		@ args = 0, pretend = 0, frame = 0
 270              		@ frame_needed = 0, uses_anonymous_args = 0
 271              		@ link register save eliminated.
  52:.\Generated_Source\PSoC5/P2_6_PM.c ****     /* Store working registers A0 and A1 */
  53:.\Generated_Source\PSoC5/P2_6_PM.c ****     P2_6_backup.saveSrA0Reg   = CY_GET_REG16(P2_6_SHIFT_REG_LSB_PTR);
 272              		.loc 1 53 0
 273 0000 034B     		ldr	r3, .L2
  54:.\Generated_Source\PSoC5/P2_6_PM.c ****     P2_6_backup.saveSrA1Reg   = CY_GET_REG16(P2_6_SHIFT_REG_VALUE_LSB_PTR);
 274              		.loc 1 54 0
 275 0002 044A     		ldr	r2, .L2+4
  53:.\Generated_Source\PSoC5/P2_6_PM.c ****     P2_6_backup.saveSrA1Reg   = CY_GET_REG16(P2_6_SHIFT_REG_VALUE_LSB_PTR);
 276              		.loc 1 53 0
 277 0004 1988     		ldrh	r1, [r3]
 278 0006 044B     		ldr	r3, .L2+8
 279              		.loc 1 54 0
 280 0008 1288     		ldrh	r2, [r2]
  53:.\Generated_Source\PSoC5/P2_6_PM.c ****     P2_6_backup.saveSrA1Reg   = CY_GET_REG16(P2_6_SHIFT_REG_VALUE_LSB_PTR);
 281              		.loc 1 53 0
 282 000a 5980     		strh	r1, [r3, #2]	@ movhi
 283              		.loc 1 54 0
 284 000c 9A80     		strh	r2, [r3, #4]	@ movhi
 285 000e 7047     		bx	lr
 286              	.L3:
 287              		.align	2
 288              	.L2:
 289 0010 08650040 		.word	1073767688
 290 0014 18650040 		.word	1073767704
 291 0018 00000000 		.word	.LANCHOR0
 292              		.cfi_endproc
 293              	.LFE0:
 294              		.size	P2_6_SaveConfig, .-P2_6_SaveConfig
 295              		.section	.text.P2_6_RestoreConfig,"ax",%progbits
 296              		.align	2
 297              		.global	P2_6_RestoreConfig
 298              		.thumb
 299              		.thumb_func
 300              		.type	P2_6_RestoreConfig, %function
 301              	P2_6_RestoreConfig:
 302              	.LFB1:
  55:.\Generated_Source\PSoC5/P2_6_PM.c **** 
  56:.\Generated_Source\PSoC5/P2_6_PM.c ****     #if(CY_UDB_V0)
  57:.\Generated_Source\PSoC5/P2_6_PM.c ****         P2_6_backup.saveSrIntMask = P2_6_SR_STATUS_MASK;
  58:.\Generated_Source\PSoC5/P2_6_PM.c ****     #endif /* (CY_UDB_V0) */
  59:.\Generated_Source\PSoC5/P2_6_PM.c **** }
ARM GAS  C:\Users\Thomas\AppData\Local\Temp\ccPPOMAv.s 			page 21


  60:.\Generated_Source\PSoC5/P2_6_PM.c **** 
  61:.\Generated_Source\PSoC5/P2_6_PM.c **** 
  62:.\Generated_Source\PSoC5/P2_6_PM.c **** /*******************************************************************************
  63:.\Generated_Source\PSoC5/P2_6_PM.c **** * Function Name: P2_6_RestoreConfig
  64:.\Generated_Source\PSoC5/P2_6_PM.c **** ********************************************************************************
  65:.\Generated_Source\PSoC5/P2_6_PM.c **** *
  66:.\Generated_Source\PSoC5/P2_6_PM.c **** * Summary:
  67:.\Generated_Source\PSoC5/P2_6_PM.c **** *  Restores Shift Register configuration.
  68:.\Generated_Source\PSoC5/P2_6_PM.c **** *
  69:.\Generated_Source\PSoC5/P2_6_PM.c **** * Parameters:
  70:.\Generated_Source\PSoC5/P2_6_PM.c **** *  None.
  71:.\Generated_Source\PSoC5/P2_6_PM.c **** *
  72:.\Generated_Source\PSoC5/P2_6_PM.c **** * Return:
  73:.\Generated_Source\PSoC5/P2_6_PM.c **** *  None.
  74:.\Generated_Source\PSoC5/P2_6_PM.c **** *
  75:.\Generated_Source\PSoC5/P2_6_PM.c **** *******************************************************************************/
  76:.\Generated_Source\PSoC5/P2_6_PM.c **** void P2_6_RestoreConfig(void) 
  77:.\Generated_Source\PSoC5/P2_6_PM.c **** {
 303              		.loc 1 77 0
 304              		.cfi_startproc
 305              		@ args = 0, pretend = 0, frame = 0
 306              		@ frame_needed = 0, uses_anonymous_args = 0
 307              		@ link register save eliminated.
  78:.\Generated_Source\PSoC5/P2_6_PM.c ****     /* Restore working registers A0 and A1 */
  79:.\Generated_Source\PSoC5/P2_6_PM.c ****     CY_SET_REG16(P2_6_SHIFT_REG_LSB_PTR, P2_6_backup.saveSrA0Reg);
 308              		.loc 1 79 0
 309 0000 034B     		ldr	r3, .L5
 310 0002 0449     		ldr	r1, .L5+4
  80:.\Generated_Source\PSoC5/P2_6_PM.c ****     CY_SET_REG16(P2_6_SHIFT_REG_VALUE_LSB_PTR, P2_6_backup.saveSrA1Reg);
 311              		.loc 1 80 0
 312 0004 9A88     		ldrh	r2, [r3, #4]
  79:.\Generated_Source\PSoC5/P2_6_PM.c ****     CY_SET_REG16(P2_6_SHIFT_REG_VALUE_LSB_PTR, P2_6_backup.saveSrA1Reg);
 313              		.loc 1 79 0
 314 0006 5888     		ldrh	r0, [r3, #2]
 315              		.loc 1 80 0
 316 0008 034B     		ldr	r3, .L5+8
  79:.\Generated_Source\PSoC5/P2_6_PM.c ****     CY_SET_REG16(P2_6_SHIFT_REG_VALUE_LSB_PTR, P2_6_backup.saveSrA1Reg);
 317              		.loc 1 79 0
 318 000a 0880     		strh	r0, [r1]	@ movhi
 319              		.loc 1 80 0
 320 000c 1A80     		strh	r2, [r3]	@ movhi
 321 000e 7047     		bx	lr
 322              	.L6:
 323              		.align	2
 324              	.L5:
 325 0010 00000000 		.word	.LANCHOR0
 326 0014 08650040 		.word	1073767688
 327 0018 18650040 		.word	1073767704
 328              		.cfi_endproc
 329              	.LFE1:
 330              		.size	P2_6_RestoreConfig, .-P2_6_RestoreConfig
 331              		.section	.text.P2_6_Sleep,"ax",%progbits
 332              		.align	2
 333              		.global	P2_6_Sleep
 334              		.thumb
 335              		.thumb_func
 336              		.type	P2_6_Sleep, %function
ARM GAS  C:\Users\Thomas\AppData\Local\Temp\ccPPOMAv.s 			page 22


 337              	P2_6_Sleep:
 338              	.LFB2:
  81:.\Generated_Source\PSoC5/P2_6_PM.c **** 
  82:.\Generated_Source\PSoC5/P2_6_PM.c ****     #if(CY_UDB_V0)
  83:.\Generated_Source\PSoC5/P2_6_PM.c ****         P2_6_SR_STATUS_MASK = ((uint8) P2_6_backup.saveSrIntMask);
  84:.\Generated_Source\PSoC5/P2_6_PM.c ****     #endif /* (CY_UDB_V0) */
  85:.\Generated_Source\PSoC5/P2_6_PM.c **** }
  86:.\Generated_Source\PSoC5/P2_6_PM.c **** 
  87:.\Generated_Source\PSoC5/P2_6_PM.c **** 
  88:.\Generated_Source\PSoC5/P2_6_PM.c **** /*******************************************************************************
  89:.\Generated_Source\PSoC5/P2_6_PM.c **** * Function Name: P2_6_Sleep
  90:.\Generated_Source\PSoC5/P2_6_PM.c **** ********************************************************************************
  91:.\Generated_Source\PSoC5/P2_6_PM.c **** *
  92:.\Generated_Source\PSoC5/P2_6_PM.c **** * Summary:
  93:.\Generated_Source\PSoC5/P2_6_PM.c **** *  Prepare the component to enter a Sleep mode.
  94:.\Generated_Source\PSoC5/P2_6_PM.c **** *
  95:.\Generated_Source\PSoC5/P2_6_PM.c **** * Parameters:
  96:.\Generated_Source\PSoC5/P2_6_PM.c **** *  None.
  97:.\Generated_Source\PSoC5/P2_6_PM.c **** *
  98:.\Generated_Source\PSoC5/P2_6_PM.c **** * Return:
  99:.\Generated_Source\PSoC5/P2_6_PM.c **** *  None.
 100:.\Generated_Source\PSoC5/P2_6_PM.c **** *
 101:.\Generated_Source\PSoC5/P2_6_PM.c **** * Reentrant:
 102:.\Generated_Source\PSoC5/P2_6_PM.c **** *  No.
 103:.\Generated_Source\PSoC5/P2_6_PM.c **** *
 104:.\Generated_Source\PSoC5/P2_6_PM.c **** *******************************************************************************/
 105:.\Generated_Source\PSoC5/P2_6_PM.c **** void P2_6_Sleep(void) 
 106:.\Generated_Source\PSoC5/P2_6_PM.c **** {
 339              		.loc 1 106 0
 340              		.cfi_startproc
 341              		@ args = 0, pretend = 0, frame = 0
 342              		@ frame_needed = 0, uses_anonymous_args = 0
 343 0000 10B5     		push	{r4, lr}
 344              		.cfi_def_cfa_offset 8
 345              		.cfi_offset 4, -8
 346              		.cfi_offset 14, -4
 107:.\Generated_Source\PSoC5/P2_6_PM.c ****     P2_6_backup.enableState = ((uint8) P2_6_IS_ENABLED);
 347              		.loc 1 107 0
 348 0002 074B     		ldr	r3, .L9
 349 0004 074C     		ldr	r4, .L9+4
 350 0006 1B78     		ldrb	r3, [r3]	@ zero_extendqisi2
 351 0008 03F00103 		and	r3, r3, #1
 352 000c 2370     		strb	r3, [r4]
 108:.\Generated_Source\PSoC5/P2_6_PM.c **** 
 109:.\Generated_Source\PSoC5/P2_6_PM.c ****     P2_6_Stop();
 353              		.loc 1 109 0
 354 000e FFF7FEFF 		bl	P2_6_Stop
 355              	.LVL0:
 356              	.LBB6:
 357              	.LBB7:
  53:.\Generated_Source\PSoC5/P2_6_PM.c ****     P2_6_backup.saveSrA1Reg   = CY_GET_REG16(P2_6_SHIFT_REG_VALUE_LSB_PTR);
 358              		.loc 1 53 0
 359 0012 054A     		ldr	r2, .L9+8
  54:.\Generated_Source\PSoC5/P2_6_PM.c **** 
 360              		.loc 1 54 0
 361 0014 054B     		ldr	r3, .L9+12
  53:.\Generated_Source\PSoC5/P2_6_PM.c ****     P2_6_backup.saveSrA1Reg   = CY_GET_REG16(P2_6_SHIFT_REG_VALUE_LSB_PTR);
ARM GAS  C:\Users\Thomas\AppData\Local\Temp\ccPPOMAv.s 			page 23


 362              		.loc 1 53 0
 363 0016 1288     		ldrh	r2, [r2]
  54:.\Generated_Source\PSoC5/P2_6_PM.c **** 
 364              		.loc 1 54 0
 365 0018 1B88     		ldrh	r3, [r3]
  53:.\Generated_Source\PSoC5/P2_6_PM.c ****     P2_6_backup.saveSrA1Reg   = CY_GET_REG16(P2_6_SHIFT_REG_VALUE_LSB_PTR);
 366              		.loc 1 53 0
 367 001a 6280     		strh	r2, [r4, #2]	@ movhi
  54:.\Generated_Source\PSoC5/P2_6_PM.c **** 
 368              		.loc 1 54 0
 369 001c A380     		strh	r3, [r4, #4]	@ movhi
 370 001e 10BD     		pop	{r4, pc}
 371              	.L10:
 372              		.align	2
 373              	.L9:
 374 0020 79650040 		.word	1073767801
 375 0024 00000000 		.word	.LANCHOR0
 376 0028 08650040 		.word	1073767688
 377 002c 18650040 		.word	1073767704
 378              	.LBE7:
 379              	.LBE6:
 380              		.cfi_endproc
 381              	.LFE2:
 382              		.size	P2_6_Sleep, .-P2_6_Sleep
 383              		.section	.text.P2_6_Wakeup,"ax",%progbits
 384              		.align	2
 385              		.global	P2_6_Wakeup
 386              		.thumb
 387              		.thumb_func
 388              		.type	P2_6_Wakeup, %function
 389              	P2_6_Wakeup:
 390              	.LFB3:
 110:.\Generated_Source\PSoC5/P2_6_PM.c ****     P2_6_SaveConfig();
 111:.\Generated_Source\PSoC5/P2_6_PM.c **** }
 112:.\Generated_Source\PSoC5/P2_6_PM.c **** 
 113:.\Generated_Source\PSoC5/P2_6_PM.c **** 
 114:.\Generated_Source\PSoC5/P2_6_PM.c **** /*******************************************************************************
 115:.\Generated_Source\PSoC5/P2_6_PM.c **** * Function Name: P2_6_Wakeup
 116:.\Generated_Source\PSoC5/P2_6_PM.c **** ********************************************************************************
 117:.\Generated_Source\PSoC5/P2_6_PM.c **** *
 118:.\Generated_Source\PSoC5/P2_6_PM.c **** * Summary:
 119:.\Generated_Source\PSoC5/P2_6_PM.c **** *  Restores and enables the user configuration.
 120:.\Generated_Source\PSoC5/P2_6_PM.c **** *
 121:.\Generated_Source\PSoC5/P2_6_PM.c **** * Parameters:
 122:.\Generated_Source\PSoC5/P2_6_PM.c **** *  None.
 123:.\Generated_Source\PSoC5/P2_6_PM.c **** *
 124:.\Generated_Source\PSoC5/P2_6_PM.c **** * Return:
 125:.\Generated_Source\PSoC5/P2_6_PM.c **** *  None.
 126:.\Generated_Source\PSoC5/P2_6_PM.c **** *
 127:.\Generated_Source\PSoC5/P2_6_PM.c **** *******************************************************************************/
 128:.\Generated_Source\PSoC5/P2_6_PM.c **** void P2_6_Wakeup(void) 
 129:.\Generated_Source\PSoC5/P2_6_PM.c **** {
 391              		.loc 1 129 0
 392              		.cfi_startproc
 393              		@ args = 0, pretend = 0, frame = 0
 394              		@ frame_needed = 0, uses_anonymous_args = 0
 395              		@ link register save eliminated.
ARM GAS  C:\Users\Thomas\AppData\Local\Temp\ccPPOMAv.s 			page 24


 396 0000 10B4     		push	{r4}
 397              		.cfi_def_cfa_offset 4
 398              		.cfi_offset 4, -4
 399              	.LBB8:
 400              	.LBB9:
  79:.\Generated_Source\PSoC5/P2_6_PM.c ****     CY_SET_REG16(P2_6_SHIFT_REG_VALUE_LSB_PTR, P2_6_backup.saveSrA1Reg);
 401              		.loc 1 79 0
 402 0002 084B     		ldr	r3, .L16
 403 0004 0848     		ldr	r0, .L16+4
 404 0006 5C88     		ldrh	r4, [r3, #2]
  80:.\Generated_Source\PSoC5/P2_6_PM.c **** 
 405              		.loc 1 80 0
 406 0008 9988     		ldrh	r1, [r3, #4]
 407 000a 084A     		ldr	r2, .L16+8
  79:.\Generated_Source\PSoC5/P2_6_PM.c ****     CY_SET_REG16(P2_6_SHIFT_REG_VALUE_LSB_PTR, P2_6_backup.saveSrA1Reg);
 408              		.loc 1 79 0
 409 000c 0480     		strh	r4, [r0]	@ movhi
  80:.\Generated_Source\PSoC5/P2_6_PM.c **** 
 410              		.loc 1 80 0
 411 000e 1180     		strh	r1, [r2]	@ movhi
 412              	.LBE9:
 413              	.LBE8:
 130:.\Generated_Source\PSoC5/P2_6_PM.c ****     P2_6_RestoreConfig();
 131:.\Generated_Source\PSoC5/P2_6_PM.c **** 
 132:.\Generated_Source\PSoC5/P2_6_PM.c ****     if(0u != P2_6_backup.enableState)
 414              		.loc 1 132 0
 415 0010 1B78     		ldrb	r3, [r3]	@ zero_extendqisi2
 416 0012 13B9     		cbnz	r3, .L15
 133:.\Generated_Source\PSoC5/P2_6_PM.c ****     {
 134:.\Generated_Source\PSoC5/P2_6_PM.c ****         P2_6_Enable();
 135:.\Generated_Source\PSoC5/P2_6_PM.c ****     }
 136:.\Generated_Source\PSoC5/P2_6_PM.c **** }
 417              		.loc 1 136 0
 418 0014 5DF8044B 		ldr	r4, [sp], #4
 419              		.cfi_remember_state
 420              		.cfi_restore 4
 421              		.cfi_def_cfa_offset 0
 422 0018 7047     		bx	lr
 423              	.L15:
 424              		.cfi_restore_state
 425 001a 5DF8044B 		ldr	r4, [sp], #4
 426              		.cfi_restore 4
 427              		.cfi_def_cfa_offset 0
 134:.\Generated_Source\PSoC5/P2_6_PM.c ****     }
 428              		.loc 1 134 0
 429 001e FFF7FEBF 		b	P2_6_Enable
 430              	.LVL1:
 431              	.L17:
 432 0022 00BF     		.align	2
 433              	.L16:
 434 0024 00000000 		.word	.LANCHOR0
 435 0028 08650040 		.word	1073767688
 436 002c 18650040 		.word	1073767704
 437              		.cfi_endproc
 438              	.LFE3:
 439              		.size	P2_6_Wakeup, .-P2_6_Wakeup
 440              		.bss
ARM GAS  C:\Users\Thomas\AppData\Local\Temp\ccPPOMAv.s 			page 25


 441              		.align	2
 442              		.set	.LANCHOR0,. + 0
 443              		.type	P2_6_backup, %object
 444              		.size	P2_6_backup, 6
 445              	P2_6_backup:
 446 0000 00000000 		.space	6
 446      0000
 447 0006 0000     		.text
 448              	.Letext0:
 449              		.file 2 ".\\Generated_Source\\PSoC5\\cytypes.h"
 450              		.file 3 ".\\Generated_Source\\PSoC5\\P2_6.h"
 451              		.section	.debug_info,"",%progbits
 452              	.Ldebug_info0:
 453 0000 9F010000 		.4byte	0x19f
 454 0004 0400     		.2byte	0x4
 455 0006 00000000 		.4byte	.Ldebug_abbrev0
 456 000a 04       		.byte	0x4
 457 000b 01       		.uleb128 0x1
 458 000c 60010000 		.4byte	.LASF27
 459 0010 01       		.byte	0x1
 460 0011 24000000 		.4byte	.LASF28
 461 0015 C7000000 		.4byte	.LASF29
 462 0019 00000000 		.4byte	.Ldebug_ranges0+0
 463 001d 00000000 		.4byte	0
 464 0021 00000000 		.4byte	.Ldebug_line0
 465 0025 02       		.uleb128 0x2
 466 0026 01       		.byte	0x1
 467 0027 06       		.byte	0x6
 468 0028 2B020000 		.4byte	.LASF0
 469 002c 02       		.uleb128 0x2
 470 002d 01       		.byte	0x1
 471 002e 08       		.byte	0x8
 472 002f B2000000 		.4byte	.LASF1
 473 0033 02       		.uleb128 0x2
 474 0034 02       		.byte	0x2
 475 0035 05       		.byte	0x5
 476 0036 0C020000 		.4byte	.LASF2
 477 003a 02       		.uleb128 0x2
 478 003b 02       		.byte	0x2
 479 003c 07       		.byte	0x7
 480 003d 47000000 		.4byte	.LASF3
 481 0041 02       		.uleb128 0x2
 482 0042 04       		.byte	0x4
 483 0043 05       		.byte	0x5
 484 0044 16020000 		.4byte	.LASF4
 485 0048 02       		.uleb128 0x2
 486 0049 04       		.byte	0x4
 487 004a 07       		.byte	0x7
 488 004b 9A000000 		.4byte	.LASF5
 489 004f 02       		.uleb128 0x2
 490 0050 08       		.byte	0x8
 491 0051 05       		.byte	0x5
 492 0052 52010000 		.4byte	.LASF6
 493 0056 02       		.uleb128 0x2
 494 0057 08       		.byte	0x8
 495 0058 07       		.byte	0x7
 496 0059 22010000 		.4byte	.LASF7
ARM GAS  C:\Users\Thomas\AppData\Local\Temp\ccPPOMAv.s 			page 26


 497 005d 03       		.uleb128 0x3
 498 005e 04       		.byte	0x4
 499 005f 05       		.byte	0x5
 500 0060 696E7400 		.ascii	"int\000"
 501 0064 02       		.uleb128 0x2
 502 0065 04       		.byte	0x4
 503 0066 07       		.byte	0x7
 504 0067 09010000 		.4byte	.LASF8
 505 006b 04       		.uleb128 0x4
 506 006c AC000000 		.4byte	.LASF9
 507 0070 02       		.byte	0x2
 508 0071 9201     		.2byte	0x192
 509 0073 2C000000 		.4byte	0x2c
 510 0077 04       		.uleb128 0x4
 511 0078 02010000 		.4byte	.LASF10
 512 007c 02       		.byte	0x2
 513 007d 9301     		.2byte	0x193
 514 007f 3A000000 		.4byte	0x3a
 515 0083 02       		.uleb128 0x2
 516 0084 04       		.byte	0x4
 517 0085 04       		.byte	0x4
 518 0086 72000000 		.4byte	.LASF11
 519 008a 02       		.uleb128 0x2
 520 008b 08       		.byte	0x8
 521 008c 04       		.byte	0x4
 522 008d C0000000 		.4byte	.LASF12
 523 0091 02       		.uleb128 0x2
 524 0092 01       		.byte	0x1
 525 0093 08       		.byte	0x8
 526 0094 07020000 		.4byte	.LASF13
 527 0098 04       		.uleb128 0x4
 528 0099 95000000 		.4byte	.LASF14
 529 009d 02       		.byte	0x2
 530 009e 3C02     		.2byte	0x23c
 531 00a0 A4000000 		.4byte	0xa4
 532 00a4 05       		.uleb128 0x5
 533 00a5 6B000000 		.4byte	0x6b
 534 00a9 04       		.uleb128 0x4
 535 00aa 00000000 		.4byte	.LASF15
 536 00ae 02       		.byte	0x2
 537 00af 3D02     		.2byte	0x23d
 538 00b1 B5000000 		.4byte	0xb5
 539 00b5 05       		.uleb128 0x5
 540 00b6 77000000 		.4byte	0x77
 541 00ba 02       		.uleb128 0x2
 542 00bb 04       		.byte	0x4
 543 00bc 07       		.byte	0x7
 544 00bd 49010000 		.4byte	.LASF16
 545 00c1 06       		.uleb128 0x6
 546 00c2 06       		.byte	0x6
 547 00c3 03       		.byte	0x3
 548 00c4 30       		.byte	0x30
 549 00c5 EE000000 		.4byte	0xee
 550 00c9 07       		.uleb128 0x7
 551 00ca 1F020000 		.4byte	.LASF17
 552 00ce 03       		.byte	0x3
 553 00cf 32       		.byte	0x32
ARM GAS  C:\Users\Thomas\AppData\Local\Temp\ccPPOMAv.s 			page 27


 554 00d0 6B000000 		.4byte	0x6b
 555 00d4 00       		.byte	0
 556 00d5 07       		.uleb128 0x7
 557 00d6 43020000 		.4byte	.LASF18
 558 00da 03       		.byte	0x3
 559 00db 34       		.byte	0x34
 560 00dc 77000000 		.4byte	0x77
 561 00e0 02       		.byte	0x2
 562 00e1 07       		.uleb128 0x7
 563 00e2 66000000 		.4byte	.LASF19
 564 00e6 03       		.byte	0x3
 565 00e7 35       		.byte	0x35
 566 00e8 77000000 		.4byte	0x77
 567 00ec 04       		.byte	0x4
 568 00ed 00       		.byte	0
 569 00ee 08       		.uleb128 0x8
 570 00ef 11000000 		.4byte	.LASF20
 571 00f3 03       		.byte	0x3
 572 00f4 3B       		.byte	0x3b
 573 00f5 C1000000 		.4byte	0xc1
 574 00f9 09       		.uleb128 0x9
 575 00fa 39010000 		.4byte	.LASF21
 576 00fe 01       		.byte	0x1
 577 00ff 32       		.byte	0x32
 578 0100 01       		.byte	0x1
 579 0101 09       		.uleb128 0x9
 580 0102 78000000 		.4byte	.LASF22
 581 0106 01       		.byte	0x1
 582 0107 4C       		.byte	0x4c
 583 0108 01       		.byte	0x1
 584 0109 0A       		.uleb128 0xa
 585 010a F9000000 		.4byte	0xf9
 586 010e 00000000 		.4byte	.LFB0
 587 0112 1C000000 		.4byte	.LFE0-.LFB0
 588 0116 01       		.uleb128 0x1
 589 0117 9C       		.byte	0x9c
 590 0118 0A       		.uleb128 0xa
 591 0119 01010000 		.4byte	0x101
 592 011d 00000000 		.4byte	.LFB1
 593 0121 1C000000 		.4byte	.LFE1-.LFB1
 594 0125 01       		.uleb128 0x1
 595 0126 9C       		.byte	0x9c
 596 0127 0B       		.uleb128 0xb
 597 0128 06000000 		.4byte	.LASF23
 598 012c 01       		.byte	0x1
 599 012d 69       		.byte	0x69
 600 012e 00000000 		.4byte	.LFB2
 601 0132 30000000 		.4byte	.LFE2-.LFB2
 602 0136 01       		.uleb128 0x1
 603 0137 9C       		.byte	0x9c
 604 0138 55010000 		.4byte	0x155
 605 013c 0C       		.uleb128 0xc
 606 013d F9000000 		.4byte	0xf9
 607 0141 12000000 		.4byte	.LBB6
 608 0145 1E000000 		.4byte	.LBE6-.LBB6
 609 0149 01       		.byte	0x1
 610 014a 6E       		.byte	0x6e
ARM GAS  C:\Users\Thomas\AppData\Local\Temp\ccPPOMAv.s 			page 28


 611 014b 0D       		.uleb128 0xd
 612 014c 12000000 		.4byte	.LVL0
 613 0150 94010000 		.4byte	0x194
 614 0154 00       		.byte	0
 615 0155 0B       		.uleb128 0xb
 616 0156 5A000000 		.4byte	.LASF24
 617 015a 01       		.byte	0x1
 618 015b 80       		.byte	0x80
 619 015c 00000000 		.4byte	.LFB3
 620 0160 30000000 		.4byte	.LFE3-.LFB3
 621 0164 01       		.uleb128 0x1
 622 0165 9C       		.byte	0x9c
 623 0166 83010000 		.4byte	0x183
 624 016a 0C       		.uleb128 0xc
 625 016b 01010000 		.4byte	0x101
 626 016f 02000000 		.4byte	.LBB8
 627 0173 0E000000 		.4byte	.LBE8-.LBB8
 628 0177 01       		.byte	0x1
 629 0178 82       		.byte	0x82
 630 0179 0E       		.uleb128 0xe
 631 017a 22000000 		.4byte	.LVL1
 632 017e 9B010000 		.4byte	0x19b
 633 0182 00       		.byte	0
 634 0183 0F       		.uleb128 0xf
 635 0184 37020000 		.4byte	.LASF30
 636 0188 01       		.byte	0x1
 637 0189 14       		.byte	0x14
 638 018a EE000000 		.4byte	0xee
 639 018e 05       		.uleb128 0x5
 640 018f 03       		.byte	0x3
 641 0190 00000000 		.4byte	P2_6_backup
 642 0194 10       		.uleb128 0x10
 643 0195 8B000000 		.4byte	.LASF25
 644 0199 03       		.byte	0x3
 645 019a 43       		.byte	0x43
 646 019b 10       		.uleb128 0x10
 647 019c 16010000 		.4byte	.LASF26
 648 01a0 03       		.byte	0x3
 649 01a1 45       		.byte	0x45
 650 01a2 00       		.byte	0
 651              		.section	.debug_abbrev,"",%progbits
 652              	.Ldebug_abbrev0:
 653 0000 01       		.uleb128 0x1
 654 0001 11       		.uleb128 0x11
 655 0002 01       		.byte	0x1
 656 0003 25       		.uleb128 0x25
 657 0004 0E       		.uleb128 0xe
 658 0005 13       		.uleb128 0x13
 659 0006 0B       		.uleb128 0xb
 660 0007 03       		.uleb128 0x3
 661 0008 0E       		.uleb128 0xe
 662 0009 1B       		.uleb128 0x1b
 663 000a 0E       		.uleb128 0xe
 664 000b 55       		.uleb128 0x55
 665 000c 17       		.uleb128 0x17
 666 000d 11       		.uleb128 0x11
 667 000e 01       		.uleb128 0x1
ARM GAS  C:\Users\Thomas\AppData\Local\Temp\ccPPOMAv.s 			page 29


 668 000f 10       		.uleb128 0x10
 669 0010 17       		.uleb128 0x17
 670 0011 00       		.byte	0
 671 0012 00       		.byte	0
 672 0013 02       		.uleb128 0x2
 673 0014 24       		.uleb128 0x24
 674 0015 00       		.byte	0
 675 0016 0B       		.uleb128 0xb
 676 0017 0B       		.uleb128 0xb
 677 0018 3E       		.uleb128 0x3e
 678 0019 0B       		.uleb128 0xb
 679 001a 03       		.uleb128 0x3
 680 001b 0E       		.uleb128 0xe
 681 001c 00       		.byte	0
 682 001d 00       		.byte	0
 683 001e 03       		.uleb128 0x3
 684 001f 24       		.uleb128 0x24
 685 0020 00       		.byte	0
 686 0021 0B       		.uleb128 0xb
 687 0022 0B       		.uleb128 0xb
 688 0023 3E       		.uleb128 0x3e
 689 0024 0B       		.uleb128 0xb
 690 0025 03       		.uleb128 0x3
 691 0026 08       		.uleb128 0x8
 692 0027 00       		.byte	0
 693 0028 00       		.byte	0
 694 0029 04       		.uleb128 0x4
 695 002a 16       		.uleb128 0x16
 696 002b 00       		.byte	0
 697 002c 03       		.uleb128 0x3
 698 002d 0E       		.uleb128 0xe
 699 002e 3A       		.uleb128 0x3a
 700 002f 0B       		.uleb128 0xb
 701 0030 3B       		.uleb128 0x3b
 702 0031 05       		.uleb128 0x5
 703 0032 49       		.uleb128 0x49
 704 0033 13       		.uleb128 0x13
 705 0034 00       		.byte	0
 706 0035 00       		.byte	0
 707 0036 05       		.uleb128 0x5
 708 0037 35       		.uleb128 0x35
 709 0038 00       		.byte	0
 710 0039 49       		.uleb128 0x49
 711 003a 13       		.uleb128 0x13
 712 003b 00       		.byte	0
 713 003c 00       		.byte	0
 714 003d 06       		.uleb128 0x6
 715 003e 13       		.uleb128 0x13
 716 003f 01       		.byte	0x1
 717 0040 0B       		.uleb128 0xb
 718 0041 0B       		.uleb128 0xb
 719 0042 3A       		.uleb128 0x3a
 720 0043 0B       		.uleb128 0xb
 721 0044 3B       		.uleb128 0x3b
 722 0045 0B       		.uleb128 0xb
 723 0046 01       		.uleb128 0x1
 724 0047 13       		.uleb128 0x13
ARM GAS  C:\Users\Thomas\AppData\Local\Temp\ccPPOMAv.s 			page 30


 725 0048 00       		.byte	0
 726 0049 00       		.byte	0
 727 004a 07       		.uleb128 0x7
 728 004b 0D       		.uleb128 0xd
 729 004c 00       		.byte	0
 730 004d 03       		.uleb128 0x3
 731 004e 0E       		.uleb128 0xe
 732 004f 3A       		.uleb128 0x3a
 733 0050 0B       		.uleb128 0xb
 734 0051 3B       		.uleb128 0x3b
 735 0052 0B       		.uleb128 0xb
 736 0053 49       		.uleb128 0x49
 737 0054 13       		.uleb128 0x13
 738 0055 38       		.uleb128 0x38
 739 0056 0B       		.uleb128 0xb
 740 0057 00       		.byte	0
 741 0058 00       		.byte	0
 742 0059 08       		.uleb128 0x8
 743 005a 16       		.uleb128 0x16
 744 005b 00       		.byte	0
 745 005c 03       		.uleb128 0x3
 746 005d 0E       		.uleb128 0xe
 747 005e 3A       		.uleb128 0x3a
 748 005f 0B       		.uleb128 0xb
 749 0060 3B       		.uleb128 0x3b
 750 0061 0B       		.uleb128 0xb
 751 0062 49       		.uleb128 0x49
 752 0063 13       		.uleb128 0x13
 753 0064 00       		.byte	0
 754 0065 00       		.byte	0
 755 0066 09       		.uleb128 0x9
 756 0067 2E       		.uleb128 0x2e
 757 0068 00       		.byte	0
 758 0069 3F       		.uleb128 0x3f
 759 006a 19       		.uleb128 0x19
 760 006b 03       		.uleb128 0x3
 761 006c 0E       		.uleb128 0xe
 762 006d 3A       		.uleb128 0x3a
 763 006e 0B       		.uleb128 0xb
 764 006f 3B       		.uleb128 0x3b
 765 0070 0B       		.uleb128 0xb
 766 0071 27       		.uleb128 0x27
 767 0072 19       		.uleb128 0x19
 768 0073 20       		.uleb128 0x20
 769 0074 0B       		.uleb128 0xb
 770 0075 00       		.byte	0
 771 0076 00       		.byte	0
 772 0077 0A       		.uleb128 0xa
 773 0078 2E       		.uleb128 0x2e
 774 0079 00       		.byte	0
 775 007a 31       		.uleb128 0x31
 776 007b 13       		.uleb128 0x13
 777 007c 11       		.uleb128 0x11
 778 007d 01       		.uleb128 0x1
 779 007e 12       		.uleb128 0x12
 780 007f 06       		.uleb128 0x6
 781 0080 40       		.uleb128 0x40
ARM GAS  C:\Users\Thomas\AppData\Local\Temp\ccPPOMAv.s 			page 31


 782 0081 18       		.uleb128 0x18
 783 0082 9742     		.uleb128 0x2117
 784 0084 19       		.uleb128 0x19
 785 0085 00       		.byte	0
 786 0086 00       		.byte	0
 787 0087 0B       		.uleb128 0xb
 788 0088 2E       		.uleb128 0x2e
 789 0089 01       		.byte	0x1
 790 008a 3F       		.uleb128 0x3f
 791 008b 19       		.uleb128 0x19
 792 008c 03       		.uleb128 0x3
 793 008d 0E       		.uleb128 0xe
 794 008e 3A       		.uleb128 0x3a
 795 008f 0B       		.uleb128 0xb
 796 0090 3B       		.uleb128 0x3b
 797 0091 0B       		.uleb128 0xb
 798 0092 27       		.uleb128 0x27
 799 0093 19       		.uleb128 0x19
 800 0094 11       		.uleb128 0x11
 801 0095 01       		.uleb128 0x1
 802 0096 12       		.uleb128 0x12
 803 0097 06       		.uleb128 0x6
 804 0098 40       		.uleb128 0x40
 805 0099 18       		.uleb128 0x18
 806 009a 9742     		.uleb128 0x2117
 807 009c 19       		.uleb128 0x19
 808 009d 01       		.uleb128 0x1
 809 009e 13       		.uleb128 0x13
 810 009f 00       		.byte	0
 811 00a0 00       		.byte	0
 812 00a1 0C       		.uleb128 0xc
 813 00a2 1D       		.uleb128 0x1d
 814 00a3 00       		.byte	0
 815 00a4 31       		.uleb128 0x31
 816 00a5 13       		.uleb128 0x13
 817 00a6 11       		.uleb128 0x11
 818 00a7 01       		.uleb128 0x1
 819 00a8 12       		.uleb128 0x12
 820 00a9 06       		.uleb128 0x6
 821 00aa 58       		.uleb128 0x58
 822 00ab 0B       		.uleb128 0xb
 823 00ac 59       		.uleb128 0x59
 824 00ad 0B       		.uleb128 0xb
 825 00ae 00       		.byte	0
 826 00af 00       		.byte	0
 827 00b0 0D       		.uleb128 0xd
 828 00b1 898201   		.uleb128 0x4109
 829 00b4 00       		.byte	0
 830 00b5 11       		.uleb128 0x11
 831 00b6 01       		.uleb128 0x1
 832 00b7 31       		.uleb128 0x31
 833 00b8 13       		.uleb128 0x13
 834 00b9 00       		.byte	0
 835 00ba 00       		.byte	0
 836 00bb 0E       		.uleb128 0xe
 837 00bc 898201   		.uleb128 0x4109
 838 00bf 00       		.byte	0
ARM GAS  C:\Users\Thomas\AppData\Local\Temp\ccPPOMAv.s 			page 32


 839 00c0 11       		.uleb128 0x11
 840 00c1 01       		.uleb128 0x1
 841 00c2 9542     		.uleb128 0x2115
 842 00c4 19       		.uleb128 0x19
 843 00c5 31       		.uleb128 0x31
 844 00c6 13       		.uleb128 0x13
 845 00c7 00       		.byte	0
 846 00c8 00       		.byte	0
 847 00c9 0F       		.uleb128 0xf
 848 00ca 34       		.uleb128 0x34
 849 00cb 00       		.byte	0
 850 00cc 03       		.uleb128 0x3
 851 00cd 0E       		.uleb128 0xe
 852 00ce 3A       		.uleb128 0x3a
 853 00cf 0B       		.uleb128 0xb
 854 00d0 3B       		.uleb128 0x3b
 855 00d1 0B       		.uleb128 0xb
 856 00d2 49       		.uleb128 0x49
 857 00d3 13       		.uleb128 0x13
 858 00d4 02       		.uleb128 0x2
 859 00d5 18       		.uleb128 0x18
 860 00d6 00       		.byte	0
 861 00d7 00       		.byte	0
 862 00d8 10       		.uleb128 0x10
 863 00d9 2E       		.uleb128 0x2e
 864 00da 00       		.byte	0
 865 00db 3F       		.uleb128 0x3f
 866 00dc 19       		.uleb128 0x19
 867 00dd 03       		.uleb128 0x3
 868 00de 0E       		.uleb128 0xe
 869 00df 3A       		.uleb128 0x3a
 870 00e0 0B       		.uleb128 0xb
 871 00e1 3B       		.uleb128 0x3b
 872 00e2 0B       		.uleb128 0xb
 873 00e3 27       		.uleb128 0x27
 874 00e4 19       		.uleb128 0x19
 875 00e5 3C       		.uleb128 0x3c
 876 00e6 19       		.uleb128 0x19
 877 00e7 00       		.byte	0
 878 00e8 00       		.byte	0
 879 00e9 00       		.byte	0
 880              		.section	.debug_aranges,"",%progbits
 881 0000 34000000 		.4byte	0x34
 882 0004 0200     		.2byte	0x2
 883 0006 00000000 		.4byte	.Ldebug_info0
 884 000a 04       		.byte	0x4
 885 000b 00       		.byte	0
 886 000c 0000     		.2byte	0
 887 000e 0000     		.2byte	0
 888 0010 00000000 		.4byte	.LFB0
 889 0014 1C000000 		.4byte	.LFE0-.LFB0
 890 0018 00000000 		.4byte	.LFB1
 891 001c 1C000000 		.4byte	.LFE1-.LFB1
 892 0020 00000000 		.4byte	.LFB2
 893 0024 30000000 		.4byte	.LFE2-.LFB2
 894 0028 00000000 		.4byte	.LFB3
 895 002c 30000000 		.4byte	.LFE3-.LFB3
ARM GAS  C:\Users\Thomas\AppData\Local\Temp\ccPPOMAv.s 			page 33


 896 0030 00000000 		.4byte	0
 897 0034 00000000 		.4byte	0
 898              		.section	.debug_ranges,"",%progbits
 899              	.Ldebug_ranges0:
 900 0000 00000000 		.4byte	.LFB0
 901 0004 1C000000 		.4byte	.LFE0
 902 0008 00000000 		.4byte	.LFB1
 903 000c 1C000000 		.4byte	.LFE1
 904 0010 00000000 		.4byte	.LFB2
 905 0014 30000000 		.4byte	.LFE2
 906 0018 00000000 		.4byte	.LFB3
 907 001c 30000000 		.4byte	.LFE3
 908 0020 00000000 		.4byte	0
 909 0024 00000000 		.4byte	0
 910              		.section	.debug_line,"",%progbits
 911              	.Ldebug_line0:
 912 0000 B6000000 		.section	.debug_str,"MS",%progbits,1
 912      02005000 
 912      00000201 
 912      FB0E0D00 
 912      01010101 
 913              	.LASF15:
 914 0000 72656731 		.ascii	"reg16\000"
 914      3600
 915              	.LASF23:
 916 0006 50325F36 		.ascii	"P2_6_Sleep\000"
 916      5F536C65 
 916      657000
 917              	.LASF20:
 918 0011 50325F36 		.ascii	"P2_6_BACKUP_STRUCT\000"
 918      5F424143 
 918      4B55505F 
 918      53545255 
 918      435400
 919              	.LASF28:
 920 0024 2E5C4765 		.ascii	".\\Generated_Source\\PSoC5\\P2_6_PM.c\000"
 920      6E657261 
 920      7465645F 
 920      536F7572 
 920      63655C50 
 921              	.LASF3:
 922 0047 73686F72 		.ascii	"short unsigned int\000"
 922      7420756E 
 922      7369676E 
 922      65642069 
 922      6E7400
 923              	.LASF24:
 924 005a 50325F36 		.ascii	"P2_6_Wakeup\000"
 924      5F57616B 
 924      65757000 
 925              	.LASF19:
 926 0066 73617665 		.ascii	"saveSrA1Reg\000"
 926      53724131 
 926      52656700 
 927              	.LASF11:
 928 0072 666C6F61 		.ascii	"float\000"
 928      7400
ARM GAS  C:\Users\Thomas\AppData\Local\Temp\ccPPOMAv.s 			page 34


 929              	.LASF22:
 930 0078 50325F36 		.ascii	"P2_6_RestoreConfig\000"
 930      5F526573 
 930      746F7265 
 930      436F6E66 
 930      696700
 931              	.LASF25:
 932 008b 50325F36 		.ascii	"P2_6_Stop\000"
 932      5F53746F 
 932      7000
 933              	.LASF14:
 934 0095 72656738 		.ascii	"reg8\000"
 934      00
 935              	.LASF5:
 936 009a 6C6F6E67 		.ascii	"long unsigned int\000"
 936      20756E73 
 936      69676E65 
 936      6420696E 
 936      7400
 937              	.LASF9:
 938 00ac 75696E74 		.ascii	"uint8\000"
 938      3800
 939              	.LASF1:
 940 00b2 756E7369 		.ascii	"unsigned char\000"
 940      676E6564 
 940      20636861 
 940      7200
 941              	.LASF12:
 942 00c0 646F7562 		.ascii	"double\000"
 942      6C6500
 943              	.LASF29:
 944 00c7 433A5C55 		.ascii	"C:\\Users\\Thomas\\Documents\\PSoC Creator\\TASBot\\"
 944      73657273 
 944      5C54686F 
 944      6D61735C 
 944      446F6375 
 945 00f5 54415342 		.ascii	"TASBot.cydsn\000"
 945      6F742E63 
 945      7964736E 
 945      00
 946              	.LASF10:
 947 0102 75696E74 		.ascii	"uint16\000"
 947      313600
 948              	.LASF8:
 949 0109 756E7369 		.ascii	"unsigned int\000"
 949      676E6564 
 949      20696E74 
 949      00
 950              	.LASF26:
 951 0116 50325F36 		.ascii	"P2_6_Enable\000"
 951      5F456E61 
 951      626C6500 
 952              	.LASF7:
 953 0122 6C6F6E67 		.ascii	"long long unsigned int\000"
 953      206C6F6E 
 953      6720756E 
 953      7369676E 
ARM GAS  C:\Users\Thomas\AppData\Local\Temp\ccPPOMAv.s 			page 35


 953      65642069 
 954              	.LASF21:
 955 0139 50325F36 		.ascii	"P2_6_SaveConfig\000"
 955      5F536176 
 955      65436F6E 
 955      66696700 
 956              	.LASF16:
 957 0149 73697A65 		.ascii	"sizetype\000"
 957      74797065 
 957      00
 958              	.LASF6:
 959 0152 6C6F6E67 		.ascii	"long long int\000"
 959      206C6F6E 
 959      6720696E 
 959      7400
 960              	.LASF27:
 961 0160 474E5520 		.ascii	"GNU C 4.9.3 20150303 (release) [ARM/embedded-4_9-br"
 961      4320342E 
 961      392E3320 
 961      32303135 
 961      30333033 
 962 0193 616E6368 		.ascii	"anch revision 221220] -mcpu=cortex-m3 -mthumb -g -O"
 962      20726576 
 962      6973696F 
 962      6E203232 
 962      31323230 
 963 01c6 33202D66 		.ascii	"3 -ffunction-sections -finline-functions -flto -ffa"
 963      66756E63 
 963      74696F6E 
 963      2D736563 
 963      74696F6E 
 964 01f9 742D6C74 		.ascii	"t-lto-objects\000"
 964      6F2D6F62 
 964      6A656374 
 964      7300
 965              	.LASF13:
 966 0207 63686172 		.ascii	"char\000"
 966      00
 967              	.LASF2:
 968 020c 73686F72 		.ascii	"short int\000"
 968      7420696E 
 968      7400
 969              	.LASF4:
 970 0216 6C6F6E67 		.ascii	"long int\000"
 970      20696E74 
 970      00
 971              	.LASF17:
 972 021f 656E6162 		.ascii	"enableState\000"
 972      6C655374 
 972      61746500 
 973              	.LASF0:
 974 022b 7369676E 		.ascii	"signed char\000"
 974      65642063 
 974      68617200 
 975              	.LASF30:
 976 0237 50325F36 		.ascii	"P2_6_backup\000"
 976      5F626163 
ARM GAS  C:\Users\Thomas\AppData\Local\Temp\ccPPOMAv.s 			page 36


 976      6B757000 
 977              	.LASF18:
 978 0243 73617665 		.ascii	"saveSrA0Reg\000"
 978      53724130 
 978      52656700 
 979              		.comm	__gnu_lto_v1,1,1
 980              		.ident	"GCC: (GNU Tools for ARM Embedded Processors) 4.9.3 20150303 (release) [ARM/embedded-4_9-br
