ARM GAS  C:\Users\Thomas\AppData\Local\Temp\ccN2EXHA.s 			page 1


   1              		.syntax unified
   2              		.cpu cortex-m3
   3              		.fpu softvfp
   4              		.eabi_attribute 20, 1
   5              		.eabi_attribute 21, 1
   6              		.eabi_attribute 23, 3
   7              		.eabi_attribute 24, 1
   8              		.eabi_attribute 25, 1
   9              		.eabi_attribute 26, 1
  10              		.eabi_attribute 30, 2
  11              		.eabi_attribute 34, 1
  12              		.eabi_attribute 18, 4
  13              		.thumb
  14              		.file	"P2_Clock_6.c"
  15              		.text
  16              	.Ltext0:
  17              		.section	.gnu.lto_.profile.b94992c4,"",%progbits
  18 0000 789C6366 		.ascii	"x\234cf```a\200\000F\006IQ\000\000\273\0007"
  18      60606061 
  18      80004606 
  18      49510000 
  18      BB0037
  19              		.text
  20              		.section	.gnu.lto_.jmpfuncs.b94992c4,"",%progbits
  21 0000 789C6366 		.ascii	"x\234cf\300\016\204\2404\013\003##c=#\210`b``\006\212"
  21      C00E84A0 
  21      340B0323 
  21      23633D23 
  21      88606260 
  22 0017 00000DC0 		.ascii	"\000\000\015\300\001$"
  22      0124
  23              		.text
  24              		.section	.gnu.lto_.inline.b94992c4,"",%progbits
  25 0000 789C6366 		.ascii	"x\234cf\300\016\022\2404\013\003\003'\007##\003#\003"
  25      C00E12A0 
  25      340B0303 
  25      27072323 
  25      032303
  26 0013 0333C701 		.ascii	"\0033\307\001;\006\266\005\362L\014,\013\344Y@\222\214"
  26      3B06B605 
  26      F24C0C2C 
  26      0BE45940 
  26      928C
  27 0025 0C1CECE8 		.ascii	"\014\034\354\350rL\027\370\301rL\014l\254\214\014Ll"
  27      724C17F8 
  27      C1724C0C 
  27      6CAC8C0C 
  27      4C6C
  28 0037 1FF420E2 		.ascii	"\037\364 \342@\300\214)\304\000\000\333l\011\322"
  28      40C08C29 
  28      C40000DB 
  28      6C09D2
  29              		.text
  30              		.section	.gnu.lto_.pureconst.b94992c4,"",%progbits
  31 0000 789C6366 		.ascii	"x\234cf``\340d\200\000\026\006)F)&)f)\000\002\305\000"
  31      6060E064 
  31      80001606 
ARM GAS  C:\Users\Thomas\AppData\Local\Temp\ccN2EXHA.s 			page 2


  31      29462926 
  31      29662900 
  32 0017 7F       		.ascii	"\177"
  33              		.text
  34              		.section	.gnu.lto_P2_Clock_6_Write.b94992c4,"",%progbits
  35 0000 789C6591 		.ascii	"x\234e\221OHTQ\024\306\317w\357{3\232%\342r\266b&\204"
  35      4F485451 
  35      14C6CF77 
  35      EF7B339A 
  35      25E272B6 
  36 0017 4150D02E 		.ascii	"AP\320.r\341v\300\355\3000Lo!I\003:\272\365\276\032"
  36      72E176C0 
  36      EDC0304C 
  36      6F214903 
  36      3ABAF5BE 
  37 002c 5C088148 		.ascii	"\\\010\201HP\030J\242a5\245\246dm\2147b\253(\231\026"
  37      50184AA2 
  37      6135A5A6 
  37      646D8C37 
  37      62AB2899 
  38 0041 09629A30 		.ascii	"\011b\2320V\356\024%\263A\307s\336\335$>\270\177\336"
  38      56EE1425 
  38      B341C773 
  38      DEDD243E 
  38      B87FDE
  39 0054 E1F77DF7 		.ascii	"\341\367}\367\273\347j:\373\305x\\RD7x\205&\250\301"
  39      BBE76A3A 
  39      FBC5785C 
  39      52443778 
  39      8526A8C1 
  40 0068 2F447E95 		.ascii	"/D~\225\002dC\240>\205>l\253]\205\301 \377\270\246\351"
  40      026443A0 
  40      3E853E6C 
  40      AB5D85C1 
  40      20FFB8A6 
  41 007d 99316667 		.ascii	"\2311fgh\331\217\0078d\335\236\262>\230D\0233{y\363"
  41      68D98F07 
  41      3864DD9E 
  41      B23E9844 
  41      13337B79 
  42 0092 50EB6610 		.ascii	"P\353f\020\357g\212\237\217\243\215\343\306\334\013"
  42      EF678A9F 
  42      8FA38DE3 
  42      C6DC0B
  43 00a1 16A6CC4D 		.ascii	"\026\246\314M\306\201\347\320\254\300\345\030\232c\304"
  43      C681E7D0 
  43      ACC0E518 
  43      9A63C4
  44 00b0 05C20B34 		.ascii	"\005\302\0134\012<\373`i^\351+\241p\354\323\346\322"
  44      0A3CFB60 
  44      695EE92B 
  44      A170ECD3 
  44      E6D2
  45 00c2 F9863116 		.ascii	"\371\2061\026\376(\317'\002\377\2519\256TB\371\313\377"
  45      FE28CF27 
  45      02FFA939 
  45      AE5442F9 
ARM GAS  C:\Users\Thomas\AppData\Local\Temp\ccN2EXHA.s 			page 3


  45      CBFF
  46 00d4 E5F6637E 		.ascii	"\345\366c~7w\264R\023\311q\260:\344\321`3\341\025\""
  46      3777B452 
  46      13C971B0 
  46      3AE4D160 
  46      33E11522 
  47 00e8 E0452AD3 		.ascii	"\340E*\323\365\201\251T\346\026\012\377P\255\370X\305"
  47      F581A954 
  47      E6160AFF 
  47      50ADF858 
  47      C5
  48 00f9 17E5B203 		.ascii	"\027\345\262\0039\335\225BD\246\250LD%\036r\371-\376"
  48      39DD9542 
  48      44A6A84C 
  48      44251E72 
  48      F92DFE
  49 010c E155AF62 		.ascii	"\341U\257b\361\317\300\372\243\2508\036(\351D\341\373"
  49      F1CFC0FA 
  49      A3A8381E 
  49      28E944E1 
  49      FB
  50 011d FB89DADF 		.ascii	"\373\211\332\337\352P\351\235q\3378\222a\243\264\\\254"
  50      EA50E99D 
  50      71DF3892 
  50      61A3B45C 
  50      AC
  51 012e 0A4B61A4 		.ascii	"\012Ka\244\321\017o\277\326\216\340\211\237\343\334"
  51      D10F6FBF 
  51      D68EE089 
  51      9FE3DC
  52 013d 0E5E2386 		.ascii	"\016^#\206)pdLc\004\264\212\373\177\373\327`\015\265"
  52      2970644C 
  52      6304B48A 
  52      FB7FFBD7 
  52      600DB5
  53 0150 F59CFCF8 		.ascii	"\365\234\374\370\253pA\014P\346\256\3140\374\015*\274"
  53      AB70410C 
  53      50E6AECC 
  53      30FC0D2A 
  53      BC
  54 0161 0427654A 		.ascii	"\004'eJDk\375?\337U[\225{\240\034V\015\257l\355kQqV"
  54      446BFD3F 
  54      DF555B95 
  54      7BA01C56 
  54      0DAF6CED 
  55 0179 BC6191B5 		.ascii	"\274a\221\265V\026\022\216\241\211\342F1\204\034\207"
  55      5616128E 
  55      A189E246 
  55      31841C87 
  56 0189 306BA1FD 		.ascii	"0k\241\375\210E\242!%\356\213Ca\240S\341\375\300=\035"
  56      8845A221 
  56      25EE8B43 
  56      61A053E1 
  56      FDC03D1D 
  57 019d 7F8EE3B3 		.ascii	"\177\216\343\263\210\326\341\007eWxy\203\022?$w\212"
  57      88D6E107 
  57      65577879 
ARM GAS  C:\Users\Thomas\AppData\Local\Temp\ccN2EXHA.s 			page 4


  57      83123F24 
  57      778A
  58 01af FB76B125 		.ascii	"\373v\261%\321\346\335\365\272RY\357v\262=\323\323\225"
  58      D1E6DDF5 
  58      BA5259EF 
  58      76B23DD3 
  58      D395
  59 01c1 F612F1F6 		.ascii	"\366\022\361\366L\353\265D\374j\262\2653\223\276\223"
  59      4CEBB544 
  59      FC6AB2B5 
  59      3393BE93 
  60 01d1 BCDE9226 		.ascii	"\274\336\222&\2677\325\331\343\235\353\316\246\262\035"
  60      B737D5D9 
  60      E39DEBCE 
  60      A6B21D
  61 01e0 E95B1DD9 		.ascii	"\351[\035\331\356\023\343\031\320\022"
  61      EE13E319 
  61      D012
  62              		.text
  63              		.section	.gnu.lto_P2_Clock_6_SetDriveMode.b94992c4,"",%progbits
  64 0000 789C7D51 		.ascii	"x\234}Q;H\003A\020\235\267{\271D\202\"V!\275J\300\017"
  64      3B480341 
  64      109DB77B 
  64      B9448222 
  64      5621BD4A 
  65 0016 085A0B01 		.ascii	"\010Z\013\001m\003i\003A\342U~\002\242\265\227\030\033"
  65      6D036903 
  65      41E2557E 
  65      02A2B597 
  65      181B
  66 0028 2BB51021 		.ascii	"+\265\020!\010\242\370\377\242\205\210\315!b\243(\021"
  66      08A2F8FF 
  66      A28588CD 
  66      2162A328 
  66      11
  67 0039 4114D426 		.ascii	"A\024\324&~\"(\006E\215\"q\366b\021\020\\ng\347\015"
  67      7E222806 
  67      458D2271 
  67      F6621110 
  67      5C6E67E7 
  68 004e EFBD9B9D 		.ascii	"\357\275\233\235\225\364wyy?\200\250\226OH\202\030>"
  68      95F47779 
  68      793F80A8 
  68      964F4882 
  68      183E
  69 0060 228AB904 		.ascii	"\"\212\271\004\240\022\002\365\013\364##\262\002\303"
  69      A01202F5 
  69      0BF42323 
  69      B202C3
  70 006f D6D2B8BB 		.ascii	"\326\322\270\273z\3064\315\347\251-\317\240''\210^D"
  70      7AC634CD 
  70      E7A92DCF 
  70      A0272788 
  70      5E44
  71 0081 C10673A8 		.ascii	"\301\006s\250f\312].3W*} \316\277G\316ND\345\264i\306"
  71      66CA5D2E 
  71      33572A7D 
ARM GAS  C:\Users\Thomas\AppData\Local\Temp\ccN2EXHA.s 			page 5


  71      20CEBF47 
  71      CE4E44E5 
  72 0098 ADC355B3 		.ascii	"\255\303U\263\0319\366\234\207d\005j\274\360y\211\013"
  72      1939F69C 
  72      8764056A 
  72      BCF07989 
  72      0B
  73 00a9 8405542A 		.ascii	"\204\005T*r6\361}\346\326\023\354]^\360\304\"tn\213"
  73      7236F17D 
  73      E6D613EC 
  73      5D5EF0C4 
  73      22746E8B 
  74 00bd D62A2C33 		.ascii	"\326*,3\237\177\271\034\231\257\207[\260FH\016RS\301"
  74      9F7FB91C 
  74      99AF875B 
  74      B046480E 
  74      5253C1
  75 00d0 0125D755 		.ascii	"\001%\327U\352T\301\245B\211\342\020\245y\253\033\334"
  75      EA54C1A5 
  75      4289E210 
  75      A579AB1B 
  75      DC
  76 00e1 30E0535E 		.ascii	"0\340S^`\367m\3506\251)\337w\241\256\263\2753\266!\357"
  76      60F76DE8 
  76      36A929DF 
  76      77A1AEB3 
  76      BD33B621 
  77 00f6 454E689F 		.ascii	"ENh\237\2231SS]\\\247\217S.\273D\012\316Z\247\373\372"
  77      93315353 
  77      5D5CA78F 
  77      532EBB44 
  77      0ACE5AA7 
  78 010c 0492B104 		.ascii	"\004\222\261\0047\357\300\022\274X\006\017\014+\230"
  78      37EFC012 
  78      BC58060F 
  78      0C2B98
  79 011b 005D207E 		.ascii	"\000] ~\345,\330Ivd<\360\241\027\260\306%\326\237?="
  79      E52CD849 
  79      76643CF0 
  79      A117B0C6 
  79      25D69F3F 
  80 0130 1FD87632 		.ascii	"\037\330v2\233\377]<\313U\266(\322\362\347(\326:\271"
  80      9BFF5D3C 
  80      CB55B628 
  80      D2F2E728 
  80      D63AB9
  81 0143 C4DAD4E6 		.ascii	"\304\332\324\346\343\236\303\326\226\021\326l\311\300"
  81      E39EC3D6 
  81      9611D66C 
  81      C9C0
  82 0151 EB2FC565 		.ascii	"\353/\305e\377\301Y\354R\302U\306\273\243P\370\277\336"
  82      FFC159EC 
  82      52C255C6 
  82      BBA350F8 
  82      BFDE
  83 0163 D7B977E6 		.ascii	"\327\271w\346\323\025b\326W\213b\253\367K\363[\360\230"
  83      D31562D6 
ARM GAS  C:\Users\Thomas\AppData\Local\Temp\ccN2EXHA.s 			page 6


  83      578B62AB 
  83      F74BF35B 
  83      F098
  84 0175 78685575 		.ascii	"xhUu\241V\243\333\350i\3535\332\303\301h_O\304\010\005"
  84      A156A3DB 
  84      E869EB35 
  84      DAC3C168 
  84      5F4FC408 
  85 018a 82517F63 		.ascii	"\202Q\177c(\320\020\366wF#\035\341\246\272\010i]\321"
  85      28D010F6 
  85      7746231D 
  85      E1A6BA08 
  85      695DD1
  86 019d 76E307B7 		.ascii	"v\343\007\267\017\271~"
  86      0FB97E
  87              		.text
  88              		.section	.gnu.lto_P2_Clock_6_Read.b94992c4,"",%progbits
  89 0000 789C6550 		.ascii	"x\234eP=K\202Q\024>\317}?\224\\\242)\374\001Y \016A"
  89      3D4B8251 
  89      143ECF7D 
  89      3F945CA2 
  89      29FC0159 
  90 0017 0D353AB4 		.ascii	"\0155:\264J\255\202\204\275S\221 5{5\263\217\251l\211"
  90      4AAD8284 
  90      BD539120 
  90      357B35B3 
  90      8FA96C89 
  91 002b A286A2EF 		.ascii	"\242\206\242\357\244\241\251 \210\246\206(\242\301\020"
  91      A4A1A920 
  91      88A68628 
  91      A2C110
  92 003a 795B1472 		.ascii	"y[\024rK\264\217w(;\327\267\255\013\367\234{\316y\316"
  92      4BB48F77 
  92      283BD7B7 
  92      AD0BF79C 
  92      7BCE79CE 
  93 004e F39C7335 		.ascii	"\363\234s5\372\177\374|GA\324\313\036\032A\254\334\023"
  93      FA7FFC7C 
  93      4741D4CB 
  93      1E1A41AC 
  93      DC13
  94 0060 A5BD0250 		.ascii	"\245\275\002P\017\002\245\004R\250\211\272\300\335\305"
  94      0F02A504 
  94      52A889BA 
  94      C0DDC5
  95 006f CF13027B 		.ascii	"\317\023\002{Rf\336\362We\337|\267#\210\032\202\020"
  95      5266DEF2 
  95      5765DF7C 
  95      B723881A 
  95      8210
  96 0081 F4A34FF1 		.ascii	"\364\243O\361\340\000\001b`=\373]\364\231Y)e\247\252"
  96      E0000162 
  96      603DFB5D 
  96      F4995929 
  96      65A7AA
  97 0094 73E11026 		.ascii	"s\341\020&k\320Y\327\265l\265\316\337W\027\207\341\001"
  97      6BD059D7 
ARM GAS  C:\Users\Thomas\AppData\Local\Temp\ccN2EXHA.s 			page 7


  97      B56CB5CE 
  97      DF571787 
  97      E101
  98 00a6 398215D9 		.ascii	"9\202\025\331\350l\204\241\214I\212\223*l\224|U\010"
  98      E86C84A1 
  98      8C498A93 
  98      2A6C947C 
  98      5508
  99 00b8 E5B5126E 		.ascii	"\345\265\022n>\226\355\355!\305\363)4\226\330_+\354"
  99      3E96EDED 
  99      21C5F329 
  99      3496D85F 
  99      2BEC
 100 00ca 74BC0A87 		.ascii	"t\274\012\207\203\335\264\324\225\352K\345\341\321\333"
 100      83DDB4D4 
 100      95EA4BE5 
 100      E1D1DB
 101 00d9 4E910AAB 		.ascii	"N\221\012\253\265\245\006\266\260\231\316\302\021:\216"
 101      B5A506B6 
 101      B099CEC2 
 101      113A8E
 102 00e8 E0C73178 		.ascii	"\340\3071xJ\234p\226J\230\373\312\2255\227\020.\347"
 102      4A9C7096 
 102      4A98FBCA 
 102      95359710 
 102      2EE7
 103 00fa 65FE76DD 		.ascii	"e\376v\335T\004<\020N\031[B\306\366\270\020\235Q\252"
 103      54043C10 
 103      4E195B42 
 103      C6F6B810 
 103      9D51AA
 104 010d C9CE350D 		.ascii	"\311\3165\0157cp\222\2336\212\325\246\246\232\014\376"
 104      37637092 
 104      9B368AD5 
 104      A6A69A0C 
 104      FE
 105 011e 8882DBF4 		.ascii	"\210\202\333\364\274\020t1\012F6\360\027\2657\203\332"
 105      BC107431 
 105      0A4636F0 
 105      17B53783 
 105      DA
 106 012f 88F7EB09 		.ascii	"\210\367\353\011EG\254i+9>cM\304\306\022\263\311\270"
 106      4547AC69 
 106      2B393E63 
 106      4DC4C612 
 106      B3C9B8
 107 0142 158D8C25 		.ascii	"\025\215\214%\302\003\321H\177,<\225\210O\306\006Cq"
 107      C203D148 
 107      7F2C3C95 
 107      884FC606 
 107      4371
 108 0154 FA052B22 		.ascii	"\372\005+\"\201\344"
 108      81E4
 109              		.text
 110              		.section	.gnu.lto_P2_Clock_6_ReadDataReg.b94992c4,"",%progbits
 111 0000 789C6550 		.ascii	"x\234eP\277KBQ\024>\337}?\024\004\211\246\360\017\310"
 111      BF4B4251 
ARM GAS  C:\Users\Thomas\AppData\Local\Temp\ccN2EXHA.s 			page 8


 111      143EDF7D 
 111      3F140489 
 111      A6F00FC8 
 112 0014 0A71086A 		.ascii	"\012q\010jhuh\225\\\005\011{S\221 5\3734\263h\012\247"
 112      68756895 
 112      5C05097B 
 112      53912035 
 112      FB34B368 
 113 002a 286CA928 		.ascii	"(l\251(\373AC\004\325\020\325\324\020I:\030b\266(\324"
 113      FB414304 
 113      D510D5D4 
 113      10493A18 
 113      62B628D4 
 114 003e A624D51B 		.ascii	"\246$\325\033\322\316\365\265u\341\236s\3179\337\371"
 114      D2CEF5B5 
 114      75E19E73 
 114      CF39DFF9 
 115 004e BE73AE42 		.ascii	"\276s\256B\377\217\207\357\024\210\206\330C!\210\365"
 115      FF8F87EF 
 115      148886D8 
 115      432188F5 
 116 005e 47A2A453 		.ascii	"G\242\244S\000\362A\240\204@\002\357\242%\360p\331)"
 116      00F241A0 
 116      844002EF 
 116      A225F070 
 116      D929
 117 0070 C1BB679A 		.ascii	"\301\273g\232\251f\261Tu-\017X\202\350C\020|\036\014"
 117      A966B154 
 117      752D0F58 
 117      82E84310 
 117      7C1E0C
 118 0083 4B1EECC3 		.ascii	"K\036\354\303K\014l\245\177\312.=m\232f\237\254s\341"
 118      4B0C6CA5 
 118      7FCA2E3D 
 118      6D9A669F 
 118      AC73E1
 119 0096 003A6BD0 		.ascii	"\000:k\320i\377\215\331\355\236\025\262\253#\302\001"
 119      69FF8DD9 
 119      ED9E15B2 
 119      AB23C201 
 120 00a6 B2042BB2 		.ascii	"\262\004+\262Q\331\010M\032\235$'\325\331H\371\206\020"
 120      51D9084D 
 120      1A9D2427 
 120      D5D948F9 
 120      8610
 121 00b8 D22B15DC 		.ascii	"\322+\025\334}\256u\362\023\222\347K(,q\373r\261\353"
 121      7DAE75F2 
 121      1392E74B 
 121      282C71FB 
 121      72B1EB
 122 00cb 7E139650 		.ascii	"~\023\226P\232;IS\225\252\257\365\302\223\263\227\""
 122      9A3B4953 
 122      95AAAFF5 
 122      C293B397 
 122      22
 123 00dc 196E5F9F 		.ascii	"\031n_\237\027\3359l%\323\260\204\212<<8\004O\211#\344"
 123      17DD396C 
ARM GAS  C:\Users\Thomas\AppData\Local\Temp\ccN2EXHA.s 			page 9


 123      25D3B084 
 123      8A3C3C38 
 123      044F8923 
 124 00f1 40152C7D 		.ascii	"@\025,}g\252\212M\010\233\363*{\277\241K\002\036\010"
 124      67AA8A4D 
 124      089BF32A 
 124      7BBFA14B 
 124      021E08
 125 0104 C78CAD20 		.ascii	"\307\214\255 Us\330\020\225Q\262\251\226ikvF\343$7m"
 125      5573D810 
 125      9551B2A9 
 125      96696B76 
 125      46E32437 
 126 0119 961B6D45 		.ascii	"\226\033mE6i\374\021'v\323\363\212\317\306H\030\325"
 126      3669FC11 
 126      2776D3F3 
 126      8ACFC648 
 126      18D5
 127 012b 80BFA8B7 		.ascii	"\200\277\250\267\031\344F\274\337\240?<i\314\033\361"
 127      19E446BC 
 127      DFA03F3C 
 127      69CC1BF1 
 128 013b E9056326 		.ascii	"\351\005c&\022\212-\306\243F8\030\212\005\306\302\301"
 128      128A2DC6 
 128      A3463818 
 128      8A05C6C2 
 128      C1
 129 014c D148602E 		.ascii	"\321H`.\026\235\215\214\373\243\364\013\264\036\202"
 129      169D8D8C 
 129      FBA3F40B 
 129      B41E82
 130 015b 4B       		.ascii	"K"
 131              		.text
 132              		.section	.gnu.lto_.symbol_nodes.b94992c4,"",%progbits
 133 0000 789C6366 		.ascii	"x\234cf``pb\200\002&\206z\006\206\011\347\030\030\352"
 133      60607062 
 133      80022686 
 133      7A068609 
 133      E71818EA 
 134 0014 EB19E62D 		.ascii	"\353\031\346-\340``b\254gD\3413\3253\241\360\231\353"
 134      E0606062 
 134      AC6744E1 
 134      33D533A1 
 134      F099EB
 135 0027 9991F90C 		.ascii	"\231\221\371\014\0003\356\020\336"
 135      0033EE10 
 135      DE
 136              		.text
 137              		.section	.gnu.lto_.refs.b94992c4,"",%progbits
 138 0000 789C6366 		.ascii	"x\234cf```d\200\002\000\000=\000\005"
 138      60606064 
 138      80020000 
 138      3D0005
 139              		.text
 140              		.section	.gnu.lto_.decls.b94992c4,"",%progbits
 141 0000 789C8D92 		.ascii	"x\234\215\222_HSq\024\307\177\347\376\256s\336\226\371"
 141      5F485371 
ARM GAS  C:\Users\Thomas\AppData\Local\Temp\ccN2EXHA.s 			page 10


 141      14C77FE7 
 141      FEAE73DE 
 141      96F9
 142 0012 3463040D 		.ascii	"4c\004\015\002!\020\037\212\302\267\002\005%(\206\022"
 142      0221101F 
 142      8AC2B702 
 142      05252886 
 142      12
 143 0023 3D288C31 		.ascii	"=(\2141/&\206\306\232\201O\375R\303iRbEKH\007\323,\313"
 143      2F2686C6 
 143      9A814FFD 
 143      52C36952 
 143      62454B48 
 144 003b B9FC37A7 		.ascii	"\271\3747\247\246wo\2032\"D\321\0275\011\224^&X\030"
 144      A6776F83 
 144      322244D1 
 144      17350994 
 144      5E265818 
 145 004f 48B7737F 		.ascii	"H\267s\177\333\332eM\360\300\271\367\236\373;\237\357"
 145      DBDA654D 
 145      F0C0B9F7 
 145      9EFB3B9F 
 145      EF
 146 0060 39BFDFEF 		.ascii	"9\277\337\357PB\210\025\010Q\321J)!\001\214\263\320"
 146      50428815 
 146      0851D14A 
 146      2921018C 
 146      B3D0
 147 0072 6D246522 		.ascii	"m$e\"\372\030\372\004z\010=L\376\2671\0357\202nF\237"
 147      FA18FA04 
 147      7A083D4C 
 147      FEB7311D 
 147      37826E46 
 148 0087 479F4BAC 		.ascii	"G\237K\254C\"'\3354MC\032\247d`'2\260\241\004\233\344"
 148      432227DD 
 148      344D431A 
 148      A7646027 
 148      32B0A104 
 149 009d CA75DC15 		.ascii	"\312u\334\025\035\033\312\300\206\217\310f\332\353\256"
 149      1D1BCAC0 
 149      868FC866 
 149      DAEBAE
 150 00ac 00E1C0DE 		.ascii	"\000\341\300\336\342\261m\001r%\253\026\316\364D\275"
 150      E2B16D01 
 150      7225AB16 
 150      CEF444BD 
 151 00bc 060C4D92 		.ascii	"\006\014M\222\250\205\313\013\355\355F*\200\366\355"
 151      A885CB0B 
 151      EDED462A 
 151      80F6ED
 152 00cb F76E2E49 		.ascii	"\367n.I\205\303\2141\017S\024HI\334\1775\333\225\215"
 152      85C38C31 
 152      0F531448 
 152      49DC7F35 
 152      DB958D
 153 00de 8C59E2E1 		.ascii	"\214Y\342\341\243\217\275\021\312CU\343\204\325\325"
 153      A38FBD11 
ARM GAS  C:\Users\Thomas\AppData\Local\Temp\ccN2EXHA.s 			page 11


 153      CA4355E3 
 153      84D5D5
 154 00ed A7BF2948 		.ascii	"\247\277)H\005\036\306ZX\254\207\321\223\004\012-p\326"
 154      051EC65A 
 154      58AC87D1 
 154      93040A2D 
 154      70D6
 155 00ff 42200005 		.ascii	"B \000\005\230\006\303PH\340-X\340\035X\310\000\026"
 155      9806C350 
 155      48E02D58 
 155      E01D58C8 
 155      0016
 156 0111 88F52FAD 		.ascii	"\210\365/\255\235bL\204\021\220\340\015P\236\201\333"
 156      9D624C84 
 156      1190E00D 
 156      509E81DB 
 157 0121 D02A248A 		.ascii	"\320*$\212v?\210t\213\242\200?\265\234*\336\355OusP"
 157      763F8874 
 157      8BA2803F 
 157      B59C2ADE 
 157      ED4F7573 
 158 0136 C87F8602 		.ascii	"\310\177\206\002\254\273\225\345\211`3\303\020\312\276"
 158      ACBB95E5 
 158      896033C3 
 158      10CABE
 159 0145 46590241 		.ascii	"FY\002A\310\307\347(\210q\201\375\276h\036=\317w6\272"
 159      C8C7E728 
 159      887181FD 
 159      BE681E3D 
 159      CF7736BA 
 160 0159 FC7D14AC 		.ascii	"\374}\024\254}\314\027\214u\371\373\350\013\346ka\177"
 160      7DCC178C 
 160      75F9FBE8 
 160      0BE66B61 
 160      7F
 161 016a 54EC5E63 		.ascii	"T\354^c\340\375\277\372D\373\216\037\350\030X\021\014"
 161      E0FDBFFA 
 161      44FB8E1F 
 161      E8185811 
 161      0C
 162 017b 7AD6578C 		.ascii	"z\326W\214\264\236\213l\004\276\254\010\\\3047\3437"
 162      B49E8B6C 
 162      04BEAC08 
 162      5CC437E3 
 162      37
 163 018c 4499A2AA 		.ascii	"D\231\242\252\2278?\256\343\307\223\374\004\347;\332"
 163      97383FAE 
 163      E3C793FC 
 163      04E73BDA 
 164 019c 8254DFAF 		.ascii	"\202T\337\257\266\225T\303\223\274\341\252D\277\007"
 164      B69554C3 
 164      93BCE1AA 
 164      44BF07
 165 01ab 3FFC1D94 		.ascii	"?\374\035\224\266\002/\246l\366\373\263y\261\215\235"
 165      B6022FA6 
 165      6CF6FBB3 
 165      79B18D9D 
ARM GAS  C:\Users\Thomas\AppData\Local\Temp\ccN2EXHA.s 			page 12


 166 01bb 2D596963 		.ascii	"-Yic\007\252J9\001S\272rS\311r!^\316\277\036\336\311"
 166      07AA4A39 
 166      0153BA72 
 166      53C97221 
 166      5ECEBF1E 
 167 01d1 A14FE212 		.ascii	"\241O\342\022{_?\371\214\361~_\016&\373\325\004\246"
 167      7B5F3FF9 
 167      8CF17E5F 
 167      0E26FBD5 
 167      04A6
 168 01e3 7502D349 		.ascii	"u\002\323I\2010\027`\317\037\016\030\351p\\`\362Wg\370"
 168      81301760 
 168      CF1F0E18 
 168      E9705C60 
 168      F25767F8 
 169 01f7 B884B7DA 		.ascii	"\270\204\267\332z\204[\3059X\372\334\271\234\023\237"
 169      7A845BC5 
 169      3958FADC 
 169      B99C139F 
 170 0207 8374E2C3 		.ascii	"\203t\342\303\241s\260\277U\336\306.\303\034\036\314"
 170      A173B0BF 
 170      55DEC62E 
 170      C31C1ECC 
 171 0217 4C6A0E66 		.ascii	"Lj\016f!5\010\035\337z\027M\246Nm\270\360\020s\242\271"
 171      2135081D 
 171      DF7A174D 
 171      A64E6DB8 
 171      F01073A2 
 172 022c 3C39758A 		.ascii	"<9u\212\363`\342;\300\367\256@#C\2215\011,\222\305\213"
 172      F360E23B 
 172      C0F7AE40 
 172      23439135 
 172      092C92C5 
 173 0241 53BC7F1A 		.ascii	"S\274\177\032\024T\362h\027\020ka\324\233\233\354\210"
 173      1454F268 
 173      17106B61 
 173      D49B9BEC 
 173      88
 174 0252 F0050211 		.ascii	"\360\005\002\021\224Y@\031-[\331V\325{j\334\036g\363"
 174      94594019 
 174      2D5BD956 
 174      D57B6ADC 
 174      1E67F3
 175 0265 04FEC86A 		.ascii	"\004\376\310j\252kp\027\033\312\256]\267\226\2203E\325"
 175      AA6B7017 
 175      1BCAAE5D 
 175      B7969033 
 175      45D5
 176 0277 657283EC 		.ascii	"er\203\354r\270\345\032{ec\223\313)W\333*\033K.T;\233"
 176      72B8E51A 
 176      7B656393 
 176      CB2957DB 
 176      2A1B4B2E 
 177 028e DDCDB7E5 		.ascii	"\335\315\267\345;E7I\236\355\234\275\344V\243\263\336"
 177      3B453749 
 177      9EED9CBD 
 177      E456A3B3 
ARM GAS  C:\Users\Thomas\AppData\Local\Temp\ccN2EXHA.s 			page 13


 177      DE
 178 029f 7ED17EC3 		.ascii	"~\321~\303U\347\226\013\016\205R\231EN\222\257\343*"
 178      55E7960B 
 178      0E855299 
 178      454E92AF 
 178      E32A
 179 02b1 6577A9AB 		.ascii	"ew\251\253\356\256|\265\261F>\241\373_!;j\314iq\251"
 179      EEAE7CB5 
 179      B1463EA1 
 179      FB5F213B 
 179      6ACC6971 
 180 02c6 C3EDA890 		.ascii	"\303\355\250\220kE\227\\[\374\027\310\302R\032"
 180      6B45975C 
 180      5BFC17C8 
 180      C2521A
 181              		.text
 182              		.section	.gnu.lto_.symtab.b94992c4,"",%progbits
 183 0000 50325F43 		.ascii	"P2_Clock_6_Write\000\000\000\000\000\000\000\000\000"
 183      6C6F636B 
 183      5F365F57 
 183      72697465 
 183      00000000 
 184 0019 000000B2 		.ascii	"\000\000\000\262\000\000\000P2_Clock_6_SetDriveMode"
 184      00000050 
 184      325F436C 
 184      6F636B5F 
 184      365F5365 
 185 0037 00000000 		.ascii	"\000\000\000\000\000\000\000\000\000\000\000\000\264"
 185      00000000 
 185      00000000 
 185      B4
 186 0044 00000050 		.ascii	"\000\000\000P2_Clock_6_Read\000\000\000\000\000\000"
 186      325F436C 
 186      6F636B5F 
 186      365F5265 
 186      61640000 
 187 005c 00000000 		.ascii	"\000\000\000\000\000\000\267\000\000\000P2_Clock_6_"
 187      0000B700 
 187      00005032 
 187      5F436C6F 
 187      636B5F36 
 188 0071 52656164 		.ascii	"ReadDataReg\000\000\000\000\000\000\000\000\000\000"
 188      44617461 
 188      52656700 
 188      00000000 
 188      00000000 
 189 0086 0000B900 		.ascii	"\000\000\271\000\000\000"
 189      0000
 190              		.text
 191              		.section	.gnu.lto_.opts,"",%progbits
 192 0000 272D666E 		.ascii	"'-fno-trapv' '-mcpu=cortex-m3' '-mthumb' '-g' '-O3'"
 192      6F2D7472 
 192      61707627 
 192      20272D6D 
 192      6370753D 
 193 0033 20272D66 		.ascii	" '-ffunction-sections' '-finline-functions' '-flto'"
 193      66756E63 
ARM GAS  C:\Users\Thomas\AppData\Local\Temp\ccN2EXHA.s 			page 14


 193      74696F6E 
 193      2D736563 
 193      74696F6E 
 194 0066 20272D66 		.ascii	" '-ffat-lto-objects'\000"
 194      6661742D 
 194      6C746F2D 
 194      6F626A65 
 194      63747327 
 195              		.text
 196              		.cfi_sections	.debug_frame
 197              		.section	.text.P2_Clock_6_Write,"ax",%progbits
 198              		.align	2
 199              		.global	P2_Clock_6_Write
 200              		.thumb
 201              		.thumb_func
 202              		.type	P2_Clock_6_Write, %function
 203              	P2_Clock_6_Write:
 204              	.LFB0:
 205              		.file 1 ".\\Generated_Source\\PSoC5\\P2_Clock_6.c"
   1:.\Generated_Source\PSoC5/P2_Clock_6.c **** /*******************************************************************************
   2:.\Generated_Source\PSoC5/P2_Clock_6.c **** * File Name: P2_Clock_6.c  
   3:.\Generated_Source\PSoC5/P2_Clock_6.c **** * Version 2.20
   4:.\Generated_Source\PSoC5/P2_Clock_6.c **** *
   5:.\Generated_Source\PSoC5/P2_Clock_6.c **** * Description:
   6:.\Generated_Source\PSoC5/P2_Clock_6.c **** *  This file contains API to enable firmware control of a Pins component.
   7:.\Generated_Source\PSoC5/P2_Clock_6.c **** *
   8:.\Generated_Source\PSoC5/P2_Clock_6.c **** * Note:
   9:.\Generated_Source\PSoC5/P2_Clock_6.c **** *
  10:.\Generated_Source\PSoC5/P2_Clock_6.c **** ********************************************************************************
  11:.\Generated_Source\PSoC5/P2_Clock_6.c **** * Copyright 2008-2015, Cypress Semiconductor Corporation.  All rights reserved.
  12:.\Generated_Source\PSoC5/P2_Clock_6.c **** * You may use this file only in accordance with the license, terms, conditions, 
  13:.\Generated_Source\PSoC5/P2_Clock_6.c **** * disclaimers, and limitations in the end user license agreement accompanying 
  14:.\Generated_Source\PSoC5/P2_Clock_6.c **** * the software package with which this file was provided.
  15:.\Generated_Source\PSoC5/P2_Clock_6.c **** *******************************************************************************/
  16:.\Generated_Source\PSoC5/P2_Clock_6.c **** 
  17:.\Generated_Source\PSoC5/P2_Clock_6.c **** #include "cytypes.h"
  18:.\Generated_Source\PSoC5/P2_Clock_6.c **** #include "P2_Clock_6.h"
  19:.\Generated_Source\PSoC5/P2_Clock_6.c **** 
  20:.\Generated_Source\PSoC5/P2_Clock_6.c **** /* APIs are not generated for P15[7:6] on PSoC 5 */
  21:.\Generated_Source\PSoC5/P2_Clock_6.c **** #if !(CY_PSOC5A &&\
  22:.\Generated_Source\PSoC5/P2_Clock_6.c **** 	 P2_Clock_6__PORT == 15 && ((P2_Clock_6__MASK & 0xC0) != 0))
  23:.\Generated_Source\PSoC5/P2_Clock_6.c **** 
  24:.\Generated_Source\PSoC5/P2_Clock_6.c **** 
  25:.\Generated_Source\PSoC5/P2_Clock_6.c **** /*******************************************************************************
  26:.\Generated_Source\PSoC5/P2_Clock_6.c **** * Function Name: P2_Clock_6_Write
  27:.\Generated_Source\PSoC5/P2_Clock_6.c **** ****************************************************************************//**
  28:.\Generated_Source\PSoC5/P2_Clock_6.c **** *
  29:.\Generated_Source\PSoC5/P2_Clock_6.c **** * \brief Writes the value to the physical port (data output register), masking
  30:.\Generated_Source\PSoC5/P2_Clock_6.c **** *  and shifting the bits appropriately. 
  31:.\Generated_Source\PSoC5/P2_Clock_6.c **** *
  32:.\Generated_Source\PSoC5/P2_Clock_6.c **** * The data output register controls the signal applied to the physical pin in 
  33:.\Generated_Source\PSoC5/P2_Clock_6.c **** * conjunction with the drive mode parameter. This function avoids changing 
  34:.\Generated_Source\PSoC5/P2_Clock_6.c **** * other bits in the port by using the appropriate method (read-modify-write or
  35:.\Generated_Source\PSoC5/P2_Clock_6.c **** * bit banding).
  36:.\Generated_Source\PSoC5/P2_Clock_6.c **** *
  37:.\Generated_Source\PSoC5/P2_Clock_6.c **** * <b>Note</b> This function should not be used on a hardware digital output pin 
  38:.\Generated_Source\PSoC5/P2_Clock_6.c **** * as it is driven by the hardware signal attached to it.
ARM GAS  C:\Users\Thomas\AppData\Local\Temp\ccN2EXHA.s 			page 15


  39:.\Generated_Source\PSoC5/P2_Clock_6.c **** *
  40:.\Generated_Source\PSoC5/P2_Clock_6.c **** * \param value
  41:.\Generated_Source\PSoC5/P2_Clock_6.c **** *  Value to write to the component instance.
  42:.\Generated_Source\PSoC5/P2_Clock_6.c **** *
  43:.\Generated_Source\PSoC5/P2_Clock_6.c **** * \return 
  44:.\Generated_Source\PSoC5/P2_Clock_6.c **** *  None 
  45:.\Generated_Source\PSoC5/P2_Clock_6.c **** *
  46:.\Generated_Source\PSoC5/P2_Clock_6.c **** * \sideeffect
  47:.\Generated_Source\PSoC5/P2_Clock_6.c **** *  If you use read-modify-write operations that are not atomic; the Interrupt 
  48:.\Generated_Source\PSoC5/P2_Clock_6.c **** *  Service Routines (ISR) can cause corruption of this function. An ISR that 
  49:.\Generated_Source\PSoC5/P2_Clock_6.c **** *  interrupts this function and performs writes to the Pins component data 
  50:.\Generated_Source\PSoC5/P2_Clock_6.c **** *  register can cause corrupted port data. To avoid this issue, you should 
  51:.\Generated_Source\PSoC5/P2_Clock_6.c **** *  either use the Per-Pin APIs (primary method) or disable interrupts around 
  52:.\Generated_Source\PSoC5/P2_Clock_6.c **** *  this function.
  53:.\Generated_Source\PSoC5/P2_Clock_6.c **** *
  54:.\Generated_Source\PSoC5/P2_Clock_6.c **** * \funcusage
  55:.\Generated_Source\PSoC5/P2_Clock_6.c **** *  \snippet P2_Clock_6_SUT.c usage_P2_Clock_6_Write
  56:.\Generated_Source\PSoC5/P2_Clock_6.c **** *******************************************************************************/
  57:.\Generated_Source\PSoC5/P2_Clock_6.c **** void P2_Clock_6_Write(uint8 value)
  58:.\Generated_Source\PSoC5/P2_Clock_6.c **** {
 206              		.loc 1 58 0
 207              		.cfi_startproc
 208              		@ args = 0, pretend = 0, frame = 0
 209              		@ frame_needed = 0, uses_anonymous_args = 0
 210              		@ link register save eliminated.
 211              	.LVL0:
  59:.\Generated_Source\PSoC5/P2_Clock_6.c ****     uint8 staticBits = (P2_Clock_6_DR & (uint8)(~P2_Clock_6_MASK));
 212              		.loc 1 59 0
 213 0000 044A     		ldr	r2, .L2
  60:.\Generated_Source\PSoC5/P2_Clock_6.c ****     P2_Clock_6_DR = staticBits | ((uint8)(value << P2_Clock_6_SHIFT) & P2_Clock_6_MASK);
 214              		.loc 1 60 0
 215 0002 8000     		lsls	r0, r0, #2
 216              	.LVL1:
  59:.\Generated_Source\PSoC5/P2_Clock_6.c ****     uint8 staticBits = (P2_Clock_6_DR & (uint8)(~P2_Clock_6_MASK));
 217              		.loc 1 59 0
 218 0004 1378     		ldrb	r3, [r2]	@ zero_extendqisi2
 219              	.LVL2:
 220              		.loc 1 60 0
 221 0006 00F00400 		and	r0, r0, #4
  59:.\Generated_Source\PSoC5/P2_Clock_6.c ****     uint8 staticBits = (P2_Clock_6_DR & (uint8)(~P2_Clock_6_MASK));
 222              		.loc 1 59 0
 223 000a 03F0FB03 		and	r3, r3, #251
 224              	.LVL3:
 225              		.loc 1 60 0
 226 000e 1843     		orrs	r0, r0, r3
 227 0010 1070     		strb	r0, [r2]
 228 0012 7047     		bx	lr
 229              	.L3:
 230              		.align	2
 231              	.L2:
 232 0014 F0510040 		.word	1073762800
 233              		.cfi_endproc
 234              	.LFE0:
 235              		.size	P2_Clock_6_Write, .-P2_Clock_6_Write
 236              		.section	.text.P2_Clock_6_SetDriveMode,"ax",%progbits
 237              		.align	2
 238              		.global	P2_Clock_6_SetDriveMode
ARM GAS  C:\Users\Thomas\AppData\Local\Temp\ccN2EXHA.s 			page 16


 239              		.thumb
 240              		.thumb_func
 241              		.type	P2_Clock_6_SetDriveMode, %function
 242              	P2_Clock_6_SetDriveMode:
 243              	.LFB1:
  61:.\Generated_Source\PSoC5/P2_Clock_6.c **** }
  62:.\Generated_Source\PSoC5/P2_Clock_6.c **** 
  63:.\Generated_Source\PSoC5/P2_Clock_6.c **** 
  64:.\Generated_Source\PSoC5/P2_Clock_6.c **** /*******************************************************************************
  65:.\Generated_Source\PSoC5/P2_Clock_6.c **** * Function Name: P2_Clock_6_SetDriveMode
  66:.\Generated_Source\PSoC5/P2_Clock_6.c **** ****************************************************************************//**
  67:.\Generated_Source\PSoC5/P2_Clock_6.c **** *
  68:.\Generated_Source\PSoC5/P2_Clock_6.c **** * \brief Sets the drive mode for each of the Pins component's pins.
  69:.\Generated_Source\PSoC5/P2_Clock_6.c **** * 
  70:.\Generated_Source\PSoC5/P2_Clock_6.c **** * <b>Note</b> This affects all pins in the Pins component instance. Use the
  71:.\Generated_Source\PSoC5/P2_Clock_6.c **** * Per-Pin APIs if you wish to control individual pin's drive modes.
  72:.\Generated_Source\PSoC5/P2_Clock_6.c **** *
  73:.\Generated_Source\PSoC5/P2_Clock_6.c **** * \param mode
  74:.\Generated_Source\PSoC5/P2_Clock_6.c **** *  Mode for the selected signals. Valid options are documented in 
  75:.\Generated_Source\PSoC5/P2_Clock_6.c **** *  \ref driveMode.
  76:.\Generated_Source\PSoC5/P2_Clock_6.c **** *
  77:.\Generated_Source\PSoC5/P2_Clock_6.c **** * \return
  78:.\Generated_Source\PSoC5/P2_Clock_6.c **** *  None
  79:.\Generated_Source\PSoC5/P2_Clock_6.c **** *
  80:.\Generated_Source\PSoC5/P2_Clock_6.c **** * \sideeffect
  81:.\Generated_Source\PSoC5/P2_Clock_6.c **** *  If you use read-modify-write operations that are not atomic, the ISR can
  82:.\Generated_Source\PSoC5/P2_Clock_6.c **** *  cause corruption of this function. An ISR that interrupts this function 
  83:.\Generated_Source\PSoC5/P2_Clock_6.c **** *  and performs writes to the Pins component Drive Mode registers can cause 
  84:.\Generated_Source\PSoC5/P2_Clock_6.c **** *  corrupted port data. To avoid this issue, you should either use the Per-Pin
  85:.\Generated_Source\PSoC5/P2_Clock_6.c **** *  APIs (primary method) or disable interrupts around this function.
  86:.\Generated_Source\PSoC5/P2_Clock_6.c **** *
  87:.\Generated_Source\PSoC5/P2_Clock_6.c **** * \funcusage
  88:.\Generated_Source\PSoC5/P2_Clock_6.c **** *  \snippet P2_Clock_6_SUT.c usage_P2_Clock_6_SetDriveMode
  89:.\Generated_Source\PSoC5/P2_Clock_6.c **** *******************************************************************************/
  90:.\Generated_Source\PSoC5/P2_Clock_6.c **** void P2_Clock_6_SetDriveMode(uint8 mode)
  91:.\Generated_Source\PSoC5/P2_Clock_6.c **** {
 244              		.loc 1 91 0
 245              		.cfi_startproc
 246              		@ args = 0, pretend = 0, frame = 0
 247              		@ frame_needed = 0, uses_anonymous_args = 0
 248              		@ link register save eliminated.
 249              	.LVL4:
  92:.\Generated_Source\PSoC5/P2_Clock_6.c **** 	CyPins_SetPinDriveMode(P2_Clock_6_0, mode);
 250              		.loc 1 92 0
 251 0000 044A     		ldr	r2, .L5
 252 0002 00F00E00 		and	r0, r0, #14
 253              	.LVL5:
 254 0006 1378     		ldrb	r3, [r2]	@ zero_extendqisi2
 255 0008 03F0F103 		and	r3, r3, #241
 256 000c 1843     		orrs	r0, r0, r3
 257 000e 1070     		strb	r0, [r2]
 258 0010 7047     		bx	lr
 259              	.L6:
 260 0012 00BF     		.align	2
 261              	.L5:
 262 0014 7A500040 		.word	1073762426
 263              		.cfi_endproc
ARM GAS  C:\Users\Thomas\AppData\Local\Temp\ccN2EXHA.s 			page 17


 264              	.LFE1:
 265              		.size	P2_Clock_6_SetDriveMode, .-P2_Clock_6_SetDriveMode
 266              		.section	.text.P2_Clock_6_Read,"ax",%progbits
 267              		.align	2
 268              		.global	P2_Clock_6_Read
 269              		.thumb
 270              		.thumb_func
 271              		.type	P2_Clock_6_Read, %function
 272              	P2_Clock_6_Read:
 273              	.LFB2:
  93:.\Generated_Source\PSoC5/P2_Clock_6.c **** }
  94:.\Generated_Source\PSoC5/P2_Clock_6.c **** 
  95:.\Generated_Source\PSoC5/P2_Clock_6.c **** 
  96:.\Generated_Source\PSoC5/P2_Clock_6.c **** /*******************************************************************************
  97:.\Generated_Source\PSoC5/P2_Clock_6.c **** * Function Name: P2_Clock_6_Read
  98:.\Generated_Source\PSoC5/P2_Clock_6.c **** ****************************************************************************//**
  99:.\Generated_Source\PSoC5/P2_Clock_6.c **** *
 100:.\Generated_Source\PSoC5/P2_Clock_6.c **** * \brief Reads the associated physical port (pin status register) and masks 
 101:.\Generated_Source\PSoC5/P2_Clock_6.c **** *  the required bits according to the width and bit position of the component
 102:.\Generated_Source\PSoC5/P2_Clock_6.c **** *  instance. 
 103:.\Generated_Source\PSoC5/P2_Clock_6.c **** *
 104:.\Generated_Source\PSoC5/P2_Clock_6.c **** * The pin's status register returns the current logic level present on the 
 105:.\Generated_Source\PSoC5/P2_Clock_6.c **** * physical pin.
 106:.\Generated_Source\PSoC5/P2_Clock_6.c **** *
 107:.\Generated_Source\PSoC5/P2_Clock_6.c **** * \return 
 108:.\Generated_Source\PSoC5/P2_Clock_6.c **** *  The current value for the pins in the component as a right justified number.
 109:.\Generated_Source\PSoC5/P2_Clock_6.c **** *
 110:.\Generated_Source\PSoC5/P2_Clock_6.c **** * \funcusage
 111:.\Generated_Source\PSoC5/P2_Clock_6.c **** *  \snippet P2_Clock_6_SUT.c usage_P2_Clock_6_Read  
 112:.\Generated_Source\PSoC5/P2_Clock_6.c **** *******************************************************************************/
 113:.\Generated_Source\PSoC5/P2_Clock_6.c **** uint8 P2_Clock_6_Read(void)
 114:.\Generated_Source\PSoC5/P2_Clock_6.c **** {
 274              		.loc 1 114 0
 275              		.cfi_startproc
 276              		@ args = 0, pretend = 0, frame = 0
 277              		@ frame_needed = 0, uses_anonymous_args = 0
 278              		@ link register save eliminated.
 115:.\Generated_Source\PSoC5/P2_Clock_6.c ****     return (P2_Clock_6_PS & P2_Clock_6_MASK) >> P2_Clock_6_SHIFT;
 279              		.loc 1 115 0
 280 0000 024B     		ldr	r3, .L8
 281 0002 1878     		ldrb	r0, [r3]	@ zero_extendqisi2
 116:.\Generated_Source\PSoC5/P2_Clock_6.c **** }
 282              		.loc 1 116 0
 283 0004 C0F38000 		ubfx	r0, r0, #2, #1
 284 0008 7047     		bx	lr
 285              	.L9:
 286 000a 00BF     		.align	2
 287              	.L8:
 288 000c F1510040 		.word	1073762801
 289              		.cfi_endproc
 290              	.LFE2:
 291              		.size	P2_Clock_6_Read, .-P2_Clock_6_Read
 292              		.section	.text.P2_Clock_6_ReadDataReg,"ax",%progbits
 293              		.align	2
 294              		.global	P2_Clock_6_ReadDataReg
 295              		.thumb
 296              		.thumb_func
ARM GAS  C:\Users\Thomas\AppData\Local\Temp\ccN2EXHA.s 			page 18


 297              		.type	P2_Clock_6_ReadDataReg, %function
 298              	P2_Clock_6_ReadDataReg:
 299              	.LFB3:
 117:.\Generated_Source\PSoC5/P2_Clock_6.c **** 
 118:.\Generated_Source\PSoC5/P2_Clock_6.c **** 
 119:.\Generated_Source\PSoC5/P2_Clock_6.c **** /*******************************************************************************
 120:.\Generated_Source\PSoC5/P2_Clock_6.c **** * Function Name: P2_Clock_6_ReadDataReg
 121:.\Generated_Source\PSoC5/P2_Clock_6.c **** ****************************************************************************//**
 122:.\Generated_Source\PSoC5/P2_Clock_6.c **** *
 123:.\Generated_Source\PSoC5/P2_Clock_6.c **** * \brief Reads the associated physical port's data output register and masks 
 124:.\Generated_Source\PSoC5/P2_Clock_6.c **** *  the correct bits according to the width and bit position of the component 
 125:.\Generated_Source\PSoC5/P2_Clock_6.c **** *  instance. 
 126:.\Generated_Source\PSoC5/P2_Clock_6.c **** *
 127:.\Generated_Source\PSoC5/P2_Clock_6.c **** * The data output register controls the signal applied to the physical pin in 
 128:.\Generated_Source\PSoC5/P2_Clock_6.c **** * conjunction with the drive mode parameter. This is not the same as the 
 129:.\Generated_Source\PSoC5/P2_Clock_6.c **** * preferred P2_Clock_6_Read() API because the 
 130:.\Generated_Source\PSoC5/P2_Clock_6.c **** * P2_Clock_6_ReadDataReg() reads the data register instead of the status 
 131:.\Generated_Source\PSoC5/P2_Clock_6.c **** * register. For output pins this is a useful function to determine the value 
 132:.\Generated_Source\PSoC5/P2_Clock_6.c **** * just written to the pin.
 133:.\Generated_Source\PSoC5/P2_Clock_6.c **** *
 134:.\Generated_Source\PSoC5/P2_Clock_6.c **** * \return 
 135:.\Generated_Source\PSoC5/P2_Clock_6.c **** *  The current value of the data register masked and shifted into a right 
 136:.\Generated_Source\PSoC5/P2_Clock_6.c **** *  justified number for the component instance.
 137:.\Generated_Source\PSoC5/P2_Clock_6.c **** *
 138:.\Generated_Source\PSoC5/P2_Clock_6.c **** * \funcusage
 139:.\Generated_Source\PSoC5/P2_Clock_6.c **** *  \snippet P2_Clock_6_SUT.c usage_P2_Clock_6_ReadDataReg 
 140:.\Generated_Source\PSoC5/P2_Clock_6.c **** *******************************************************************************/
 141:.\Generated_Source\PSoC5/P2_Clock_6.c **** uint8 P2_Clock_6_ReadDataReg(void)
 142:.\Generated_Source\PSoC5/P2_Clock_6.c **** {
 300              		.loc 1 142 0
 301              		.cfi_startproc
 302              		@ args = 0, pretend = 0, frame = 0
 303              		@ frame_needed = 0, uses_anonymous_args = 0
 304              		@ link register save eliminated.
 143:.\Generated_Source\PSoC5/P2_Clock_6.c ****     return (P2_Clock_6_DR & P2_Clock_6_MASK) >> P2_Clock_6_SHIFT;
 305              		.loc 1 143 0
 306 0000 024B     		ldr	r3, .L11
 307 0002 1878     		ldrb	r0, [r3]	@ zero_extendqisi2
 144:.\Generated_Source\PSoC5/P2_Clock_6.c **** }
 308              		.loc 1 144 0
 309 0004 C0F38000 		ubfx	r0, r0, #2, #1
 310 0008 7047     		bx	lr
 311              	.L12:
 312 000a 00BF     		.align	2
 313              	.L11:
 314 000c F0510040 		.word	1073762800
 315              		.cfi_endproc
 316              	.LFE3:
 317              		.size	P2_Clock_6_ReadDataReg, .-P2_Clock_6_ReadDataReg
 318              		.text
 319              	.Letext0:
 320              		.file 2 ".\\Generated_Source\\PSoC5\\cytypes.h"
 321              		.section	.debug_info,"",%progbits
 322              	.Ldebug_info0:
 323 0000 1D010000 		.4byte	0x11d
 324 0004 0400     		.2byte	0x4
 325 0006 00000000 		.4byte	.Ldebug_abbrev0
ARM GAS  C:\Users\Thomas\AppData\Local\Temp\ccN2EXHA.s 			page 19


 326 000a 04       		.byte	0x4
 327 000b 01       		.uleb128 0x1
 328 000c 01010000 		.4byte	.LASF20
 329 0010 01       		.byte	0x1
 330 0011 C4010000 		.4byte	.LASF21
 331 0015 77000000 		.4byte	.LASF22
 332 0019 00000000 		.4byte	.Ldebug_ranges0+0
 333 001d 00000000 		.4byte	0
 334 0021 00000000 		.4byte	.Ldebug_line0
 335 0025 02       		.uleb128 0x2
 336 0026 01       		.byte	0x1
 337 0027 06       		.byte	0x6
 338 0028 03020000 		.4byte	.LASF0
 339 002c 02       		.uleb128 0x2
 340 002d 01       		.byte	0x1
 341 002e 08       		.byte	0x8
 342 002f 27000000 		.4byte	.LASF1
 343 0033 02       		.uleb128 0x2
 344 0034 02       		.byte	0x2
 345 0035 05       		.byte	0x5
 346 0036 EA010000 		.4byte	.LASF2
 347 003a 02       		.uleb128 0x2
 348 003b 02       		.byte	0x2
 349 003c 07       		.byte	0x7
 350 003d 4C000000 		.4byte	.LASF3
 351 0041 02       		.uleb128 0x2
 352 0042 04       		.byte	0x4
 353 0043 05       		.byte	0x5
 354 0044 FA010000 		.4byte	.LASF4
 355 0048 02       		.uleb128 0x2
 356 0049 04       		.byte	0x4
 357 004a 07       		.byte	0x7
 358 004b 3A000000 		.4byte	.LASF5
 359 004f 02       		.uleb128 0x2
 360 0050 08       		.byte	0x8
 361 0051 05       		.byte	0x5
 362 0052 F3000000 		.4byte	.LASF6
 363 0056 02       		.uleb128 0x2
 364 0057 08       		.byte	0x8
 365 0058 07       		.byte	0x7
 366 0059 D7000000 		.4byte	.LASF7
 367 005d 03       		.uleb128 0x3
 368 005e 04       		.byte	0x4
 369 005f 05       		.byte	0x5
 370 0060 696E7400 		.ascii	"int\000"
 371 0064 02       		.uleb128 0x2
 372 0065 04       		.byte	0x4
 373 0066 07       		.byte	0x7
 374 0067 B2000000 		.4byte	.LASF8
 375 006b 04       		.uleb128 0x4
 376 006c F4010000 		.4byte	.LASF12
 377 0070 02       		.byte	0x2
 378 0071 9201     		.2byte	0x192
 379 0073 2C000000 		.4byte	0x2c
 380 0077 02       		.uleb128 0x2
 381 0078 04       		.byte	0x4
 382 0079 04       		.byte	0x4
ARM GAS  C:\Users\Thomas\AppData\Local\Temp\ccN2EXHA.s 			page 20


 383 007a 21000000 		.4byte	.LASF9
 384 007e 02       		.uleb128 0x2
 385 007f 08       		.byte	0x8
 386 0080 04       		.byte	0x4
 387 0081 70000000 		.4byte	.LASF10
 388 0085 02       		.uleb128 0x2
 389 0086 01       		.byte	0x1
 390 0087 08       		.byte	0x8
 391 0088 A8010000 		.4byte	.LASF11
 392 008c 04       		.uleb128 0x4
 393 008d 35000000 		.4byte	.LASF13
 394 0091 02       		.byte	0x2
 395 0092 3C02     		.2byte	0x23c
 396 0094 98000000 		.4byte	0x98
 397 0098 05       		.uleb128 0x5
 398 0099 6B000000 		.4byte	0x6b
 399 009d 06       		.uleb128 0x6
 400 009e 5F000000 		.4byte	.LASF14
 401 00a2 01       		.byte	0x1
 402 00a3 39       		.byte	0x39
 403 00a4 00000000 		.4byte	.LFB0
 404 00a8 18000000 		.4byte	.LFE0-.LFB0
 405 00ac 01       		.uleb128 0x1
 406 00ad 9C       		.byte	0x9c
 407 00ae D1000000 		.4byte	0xd1
 408 00b2 07       		.uleb128 0x7
 409 00b3 00000000 		.4byte	.LASF16
 410 00b7 01       		.byte	0x1
 411 00b8 39       		.byte	0x39
 412 00b9 6B000000 		.4byte	0x6b
 413 00bd 00000000 		.4byte	.LLST0
 414 00c1 08       		.uleb128 0x8
 415 00c2 06000000 		.4byte	.LASF23
 416 00c6 01       		.byte	0x1
 417 00c7 3B       		.byte	0x3b
 418 00c8 6B000000 		.4byte	0x6b
 419 00cc 21000000 		.4byte	.LLST1
 420 00d0 00       		.byte	0
 421 00d1 06       		.uleb128 0x6
 422 00d2 BF000000 		.4byte	.LASF15
 423 00d6 01       		.byte	0x1
 424 00d7 5A       		.byte	0x5a
 425 00d8 00000000 		.4byte	.LFB1
 426 00dc 18000000 		.4byte	.LFE1-.LFB1
 427 00e0 01       		.uleb128 0x1
 428 00e1 9C       		.byte	0x9c
 429 00e2 F6000000 		.4byte	0xf6
 430 00e6 07       		.uleb128 0x7
 431 00e7 EE000000 		.4byte	.LASF17
 432 00eb 01       		.byte	0x1
 433 00ec 5A       		.byte	0x5a
 434 00ed 6B000000 		.4byte	0x6b
 435 00f1 39000000 		.4byte	.LLST2
 436 00f5 00       		.byte	0
 437 00f6 09       		.uleb128 0x9
 438 00f7 11000000 		.4byte	.LASF18
 439 00fb 01       		.byte	0x1
ARM GAS  C:\Users\Thomas\AppData\Local\Temp\ccN2EXHA.s 			page 21


 440 00fc 71       		.byte	0x71
 441 00fd 6B000000 		.4byte	0x6b
 442 0101 00000000 		.4byte	.LFB2
 443 0105 10000000 		.4byte	.LFE2-.LFB2
 444 0109 01       		.uleb128 0x1
 445 010a 9C       		.byte	0x9c
 446 010b 09       		.uleb128 0x9
 447 010c AD010000 		.4byte	.LASF19
 448 0110 01       		.byte	0x1
 449 0111 8D       		.byte	0x8d
 450 0112 6B000000 		.4byte	0x6b
 451 0116 00000000 		.4byte	.LFB3
 452 011a 10000000 		.4byte	.LFE3-.LFB3
 453 011e 01       		.uleb128 0x1
 454 011f 9C       		.byte	0x9c
 455 0120 00       		.byte	0
 456              		.section	.debug_abbrev,"",%progbits
 457              	.Ldebug_abbrev0:
 458 0000 01       		.uleb128 0x1
 459 0001 11       		.uleb128 0x11
 460 0002 01       		.byte	0x1
 461 0003 25       		.uleb128 0x25
 462 0004 0E       		.uleb128 0xe
 463 0005 13       		.uleb128 0x13
 464 0006 0B       		.uleb128 0xb
 465 0007 03       		.uleb128 0x3
 466 0008 0E       		.uleb128 0xe
 467 0009 1B       		.uleb128 0x1b
 468 000a 0E       		.uleb128 0xe
 469 000b 55       		.uleb128 0x55
 470 000c 17       		.uleb128 0x17
 471 000d 11       		.uleb128 0x11
 472 000e 01       		.uleb128 0x1
 473 000f 10       		.uleb128 0x10
 474 0010 17       		.uleb128 0x17
 475 0011 00       		.byte	0
 476 0012 00       		.byte	0
 477 0013 02       		.uleb128 0x2
 478 0014 24       		.uleb128 0x24
 479 0015 00       		.byte	0
 480 0016 0B       		.uleb128 0xb
 481 0017 0B       		.uleb128 0xb
 482 0018 3E       		.uleb128 0x3e
 483 0019 0B       		.uleb128 0xb
 484 001a 03       		.uleb128 0x3
 485 001b 0E       		.uleb128 0xe
 486 001c 00       		.byte	0
 487 001d 00       		.byte	0
 488 001e 03       		.uleb128 0x3
 489 001f 24       		.uleb128 0x24
 490 0020 00       		.byte	0
 491 0021 0B       		.uleb128 0xb
 492 0022 0B       		.uleb128 0xb
 493 0023 3E       		.uleb128 0x3e
 494 0024 0B       		.uleb128 0xb
 495 0025 03       		.uleb128 0x3
 496 0026 08       		.uleb128 0x8
ARM GAS  C:\Users\Thomas\AppData\Local\Temp\ccN2EXHA.s 			page 22


 497 0027 00       		.byte	0
 498 0028 00       		.byte	0
 499 0029 04       		.uleb128 0x4
 500 002a 16       		.uleb128 0x16
 501 002b 00       		.byte	0
 502 002c 03       		.uleb128 0x3
 503 002d 0E       		.uleb128 0xe
 504 002e 3A       		.uleb128 0x3a
 505 002f 0B       		.uleb128 0xb
 506 0030 3B       		.uleb128 0x3b
 507 0031 05       		.uleb128 0x5
 508 0032 49       		.uleb128 0x49
 509 0033 13       		.uleb128 0x13
 510 0034 00       		.byte	0
 511 0035 00       		.byte	0
 512 0036 05       		.uleb128 0x5
 513 0037 35       		.uleb128 0x35
 514 0038 00       		.byte	0
 515 0039 49       		.uleb128 0x49
 516 003a 13       		.uleb128 0x13
 517 003b 00       		.byte	0
 518 003c 00       		.byte	0
 519 003d 06       		.uleb128 0x6
 520 003e 2E       		.uleb128 0x2e
 521 003f 01       		.byte	0x1
 522 0040 3F       		.uleb128 0x3f
 523 0041 19       		.uleb128 0x19
 524 0042 03       		.uleb128 0x3
 525 0043 0E       		.uleb128 0xe
 526 0044 3A       		.uleb128 0x3a
 527 0045 0B       		.uleb128 0xb
 528 0046 3B       		.uleb128 0x3b
 529 0047 0B       		.uleb128 0xb
 530 0048 27       		.uleb128 0x27
 531 0049 19       		.uleb128 0x19
 532 004a 11       		.uleb128 0x11
 533 004b 01       		.uleb128 0x1
 534 004c 12       		.uleb128 0x12
 535 004d 06       		.uleb128 0x6
 536 004e 40       		.uleb128 0x40
 537 004f 18       		.uleb128 0x18
 538 0050 9742     		.uleb128 0x2117
 539 0052 19       		.uleb128 0x19
 540 0053 01       		.uleb128 0x1
 541 0054 13       		.uleb128 0x13
 542 0055 00       		.byte	0
 543 0056 00       		.byte	0
 544 0057 07       		.uleb128 0x7
 545 0058 05       		.uleb128 0x5
 546 0059 00       		.byte	0
 547 005a 03       		.uleb128 0x3
 548 005b 0E       		.uleb128 0xe
 549 005c 3A       		.uleb128 0x3a
 550 005d 0B       		.uleb128 0xb
 551 005e 3B       		.uleb128 0x3b
 552 005f 0B       		.uleb128 0xb
 553 0060 49       		.uleb128 0x49
ARM GAS  C:\Users\Thomas\AppData\Local\Temp\ccN2EXHA.s 			page 23


 554 0061 13       		.uleb128 0x13
 555 0062 02       		.uleb128 0x2
 556 0063 17       		.uleb128 0x17
 557 0064 00       		.byte	0
 558 0065 00       		.byte	0
 559 0066 08       		.uleb128 0x8
 560 0067 34       		.uleb128 0x34
 561 0068 00       		.byte	0
 562 0069 03       		.uleb128 0x3
 563 006a 0E       		.uleb128 0xe
 564 006b 3A       		.uleb128 0x3a
 565 006c 0B       		.uleb128 0xb
 566 006d 3B       		.uleb128 0x3b
 567 006e 0B       		.uleb128 0xb
 568 006f 49       		.uleb128 0x49
 569 0070 13       		.uleb128 0x13
 570 0071 02       		.uleb128 0x2
 571 0072 17       		.uleb128 0x17
 572 0073 00       		.byte	0
 573 0074 00       		.byte	0
 574 0075 09       		.uleb128 0x9
 575 0076 2E       		.uleb128 0x2e
 576 0077 00       		.byte	0
 577 0078 3F       		.uleb128 0x3f
 578 0079 19       		.uleb128 0x19
 579 007a 03       		.uleb128 0x3
 580 007b 0E       		.uleb128 0xe
 581 007c 3A       		.uleb128 0x3a
 582 007d 0B       		.uleb128 0xb
 583 007e 3B       		.uleb128 0x3b
 584 007f 0B       		.uleb128 0xb
 585 0080 27       		.uleb128 0x27
 586 0081 19       		.uleb128 0x19
 587 0082 49       		.uleb128 0x49
 588 0083 13       		.uleb128 0x13
 589 0084 11       		.uleb128 0x11
 590 0085 01       		.uleb128 0x1
 591 0086 12       		.uleb128 0x12
 592 0087 06       		.uleb128 0x6
 593 0088 40       		.uleb128 0x40
 594 0089 18       		.uleb128 0x18
 595 008a 9742     		.uleb128 0x2117
 596 008c 19       		.uleb128 0x19
 597 008d 00       		.byte	0
 598 008e 00       		.byte	0
 599 008f 00       		.byte	0
 600              		.section	.debug_loc,"",%progbits
 601              	.Ldebug_loc0:
 602              	.LLST0:
 603 0000 00000000 		.4byte	.LVL0
 604 0004 04000000 		.4byte	.LVL1
 605 0008 0100     		.2byte	0x1
 606 000a 50       		.byte	0x50
 607 000b 04000000 		.4byte	.LVL1
 608 000f 18000000 		.4byte	.LFE0
 609 0013 0400     		.2byte	0x4
 610 0015 F3       		.byte	0xf3
ARM GAS  C:\Users\Thomas\AppData\Local\Temp\ccN2EXHA.s 			page 24


 611 0016 01       		.uleb128 0x1
 612 0017 50       		.byte	0x50
 613 0018 9F       		.byte	0x9f
 614 0019 00000000 		.4byte	0
 615 001d 00000000 		.4byte	0
 616              	.LLST1:
 617 0021 06000000 		.4byte	.LVL2
 618 0025 0E000000 		.4byte	.LVL3
 619 0029 0600     		.2byte	0x6
 620 002b 73       		.byte	0x73
 621 002c 00       		.sleb128 0
 622 002d 09       		.byte	0x9
 623 002e FB       		.byte	0xfb
 624 002f 1A       		.byte	0x1a
 625 0030 9F       		.byte	0x9f
 626 0031 00000000 		.4byte	0
 627 0035 00000000 		.4byte	0
 628              	.LLST2:
 629 0039 00000000 		.4byte	.LVL4
 630 003d 06000000 		.4byte	.LVL5
 631 0041 0100     		.2byte	0x1
 632 0043 50       		.byte	0x50
 633 0044 06000000 		.4byte	.LVL5
 634 0048 18000000 		.4byte	.LFE1
 635 004c 0400     		.2byte	0x4
 636 004e F3       		.byte	0xf3
 637 004f 01       		.uleb128 0x1
 638 0050 50       		.byte	0x50
 639 0051 9F       		.byte	0x9f
 640 0052 00000000 		.4byte	0
 641 0056 00000000 		.4byte	0
 642              		.section	.debug_aranges,"",%progbits
 643 0000 34000000 		.4byte	0x34
 644 0004 0200     		.2byte	0x2
 645 0006 00000000 		.4byte	.Ldebug_info0
 646 000a 04       		.byte	0x4
 647 000b 00       		.byte	0
 648 000c 0000     		.2byte	0
 649 000e 0000     		.2byte	0
 650 0010 00000000 		.4byte	.LFB0
 651 0014 18000000 		.4byte	.LFE0-.LFB0
 652 0018 00000000 		.4byte	.LFB1
 653 001c 18000000 		.4byte	.LFE1-.LFB1
 654 0020 00000000 		.4byte	.LFB2
 655 0024 10000000 		.4byte	.LFE2-.LFB2
 656 0028 00000000 		.4byte	.LFB3
 657 002c 10000000 		.4byte	.LFE3-.LFB3
 658 0030 00000000 		.4byte	0
 659 0034 00000000 		.4byte	0
 660              		.section	.debug_ranges,"",%progbits
 661              	.Ldebug_ranges0:
 662 0000 00000000 		.4byte	.LFB0
 663 0004 18000000 		.4byte	.LFE0
 664 0008 00000000 		.4byte	.LFB1
 665 000c 18000000 		.4byte	.LFE1
 666 0010 00000000 		.4byte	.LFB2
 667 0014 10000000 		.4byte	.LFE2
ARM GAS  C:\Users\Thomas\AppData\Local\Temp\ccN2EXHA.s 			page 25


 668 0018 00000000 		.4byte	.LFB3
 669 001c 10000000 		.4byte	.LFE3
 670 0020 00000000 		.4byte	0
 671 0024 00000000 		.4byte	0
 672              		.section	.debug_line,"",%progbits
 673              	.Ldebug_line0:
 674 0000 99000000 		.section	.debug_str,"MS",%progbits,1
 674      02004900 
 674      00000201 
 674      FB0E0D00 
 674      01010101 
 675              	.LASF16:
 676 0000 76616C75 		.ascii	"value\000"
 676      6500
 677              	.LASF23:
 678 0006 73746174 		.ascii	"staticBits\000"
 678      69634269 
 678      747300
 679              	.LASF18:
 680 0011 50325F43 		.ascii	"P2_Clock_6_Read\000"
 680      6C6F636B 
 680      5F365F52 
 680      65616400 
 681              	.LASF9:
 682 0021 666C6F61 		.ascii	"float\000"
 682      7400
 683              	.LASF1:
 684 0027 756E7369 		.ascii	"unsigned char\000"
 684      676E6564 
 684      20636861 
 684      7200
 685              	.LASF13:
 686 0035 72656738 		.ascii	"reg8\000"
 686      00
 687              	.LASF5:
 688 003a 6C6F6E67 		.ascii	"long unsigned int\000"
 688      20756E73 
 688      69676E65 
 688      6420696E 
 688      7400
 689              	.LASF3:
 690 004c 73686F72 		.ascii	"short unsigned int\000"
 690      7420756E 
 690      7369676E 
 690      65642069 
 690      6E7400
 691              	.LASF14:
 692 005f 50325F43 		.ascii	"P2_Clock_6_Write\000"
 692      6C6F636B 
 692      5F365F57 
 692      72697465 
 692      00
 693              	.LASF10:
 694 0070 646F7562 		.ascii	"double\000"
 694      6C6500
 695              	.LASF22:
 696 0077 433A5C55 		.ascii	"C:\\Users\\Thomas\\Documents\\PSoC Creator\\TASBot\\"
ARM GAS  C:\Users\Thomas\AppData\Local\Temp\ccN2EXHA.s 			page 26


 696      73657273 
 696      5C54686F 
 696      6D61735C 
 696      446F6375 
 697 00a5 54415342 		.ascii	"TASBot.cydsn\000"
 697      6F742E63 
 697      7964736E 
 697      00
 698              	.LASF8:
 699 00b2 756E7369 		.ascii	"unsigned int\000"
 699      676E6564 
 699      20696E74 
 699      00
 700              	.LASF15:
 701 00bf 50325F43 		.ascii	"P2_Clock_6_SetDriveMode\000"
 701      6C6F636B 
 701      5F365F53 
 701      65744472 
 701      6976654D 
 702              	.LASF7:
 703 00d7 6C6F6E67 		.ascii	"long long unsigned int\000"
 703      206C6F6E 
 703      6720756E 
 703      7369676E 
 703      65642069 
 704              	.LASF17:
 705 00ee 6D6F6465 		.ascii	"mode\000"
 705      00
 706              	.LASF6:
 707 00f3 6C6F6E67 		.ascii	"long long int\000"
 707      206C6F6E 
 707      6720696E 
 707      7400
 708              	.LASF20:
 709 0101 474E5520 		.ascii	"GNU C 4.9.3 20150303 (release) [ARM/embedded-4_9-br"
 709      4320342E 
 709      392E3320 
 709      32303135 
 709      30333033 
 710 0134 616E6368 		.ascii	"anch revision 221220] -mcpu=cortex-m3 -mthumb -g -O"
 710      20726576 
 710      6973696F 
 710      6E203232 
 710      31323230 
 711 0167 33202D66 		.ascii	"3 -ffunction-sections -finline-functions -flto -ffa"
 711      66756E63 
 711      74696F6E 
 711      2D736563 
 711      74696F6E 
 712 019a 742D6C74 		.ascii	"t-lto-objects\000"
 712      6F2D6F62 
 712      6A656374 
 712      7300
 713              	.LASF11:
 714 01a8 63686172 		.ascii	"char\000"
 714      00
 715              	.LASF19:
ARM GAS  C:\Users\Thomas\AppData\Local\Temp\ccN2EXHA.s 			page 27


 716 01ad 50325F43 		.ascii	"P2_Clock_6_ReadDataReg\000"
 716      6C6F636B 
 716      5F365F52 
 716      65616444 
 716      61746152 
 717              	.LASF21:
 718 01c4 2E5C4765 		.ascii	".\\Generated_Source\\PSoC5\\P2_Clock_6.c\000"
 718      6E657261 
 718      7465645F 
 718      536F7572 
 718      63655C50 
 719              	.LASF2:
 720 01ea 73686F72 		.ascii	"short int\000"
 720      7420696E 
 720      7400
 721              	.LASF12:
 722 01f4 75696E74 		.ascii	"uint8\000"
 722      3800
 723              	.LASF4:
 724 01fa 6C6F6E67 		.ascii	"long int\000"
 724      20696E74 
 724      00
 725              	.LASF0:
 726 0203 7369676E 		.ascii	"signed char\000"
 726      65642063 
 726      68617200 
 727              		.comm	__gnu_lto_v1,1,1
 728              		.ident	"GCC: (GNU Tools for ARM Embedded Processors) 4.9.3 20150303 (release) [ARM/embedded-4_9-br
