ARM GAS  C:\Users\Thomas\AppData\Local\Temp\ccPUX3mM.s 			page 1


   1              		.syntax unified
   2              		.cpu cortex-m3
   3              		.fpu softvfp
   4              		.eabi_attribute 20, 1
   5              		.eabi_attribute 21, 1
   6              		.eabi_attribute 23, 3
   7              		.eabi_attribute 24, 1
   8              		.eabi_attribute 25, 1
   9              		.eabi_attribute 26, 1
  10              		.eabi_attribute 30, 2
  11              		.eabi_attribute 34, 1
  12              		.eabi_attribute 18, 4
  13              		.thumb
  14              		.file	"P2_Clock.c"
  15              		.text
  16              	.Ltext0:
  17              		.section	.gnu.lto_.profile.be9c7a34,"",%progbits
  18 0000 789C6366 		.ascii	"x\234cf```a\200\000F\006IQ\000\000\273\0007"
  18      60606061 
  18      80004606 
  18      49510000 
  18      BB0037
  19              		.text
  20              		.section	.gnu.lto_.jmpfuncs.be9c7a34,"",%progbits
  21 0000 789C6366 		.ascii	"x\234cf\300\016\204\2404\013\003##c=#\210`b``\006\212"
  21      C00E84A0 
  21      340B0323 
  21      23633D23 
  21      88606260 
  22 0017 00000DC0 		.ascii	"\000\000\015\300\001$"
  22      0124
  23              		.text
  24              		.section	.gnu.lto_.inline.be9c7a34,"",%progbits
  25 0000 789C6366 		.ascii	"x\234cf\300\016\022\2404\013\003\003'\007##\003#\003"
  25      C00E12A0 
  25      340B0303 
  25      27072323 
  25      032303
  26 0013 0333C701 		.ascii	"\0033\307\001;\006\266\005\362L\014,\013\344Y@\222\214"
  26      3B06B605 
  26      F24C0C2C 
  26      0BE45940 
  26      928C
  27 0025 0C1CECE8 		.ascii	"\014\034\354\350rL\027\370\301rL\014l\254\214\014Ll"
  27      724C17F8 
  27      C1724C0C 
  27      6CAC8C0C 
  27      4C6C
  28 0037 1FF420E2 		.ascii	"\037\364 \342@\300\214)\304\000\000\333l\011\322"
  28      40C08C29 
  28      C40000DB 
  28      6C09D2
  29              		.text
  30              		.section	.gnu.lto_.pureconst.be9c7a34,"",%progbits
  31 0000 789C6366 		.ascii	"x\234cf``\340d\200\000\026\006)F)&)f)\000\002\305\000"
  31      6060E064 
  31      80001606 
ARM GAS  C:\Users\Thomas\AppData\Local\Temp\ccPUX3mM.s 			page 2


  31      29462926 
  31      29662900 
  32 0017 7F       		.ascii	"\177"
  33              		.text
  34              		.section	.gnu.lto_P2_Clock_Write.be9c7a34,"",%progbits
  35 0000 789C6591 		.ascii	"x\234e\221MHTQ\030\206\277\367\234{\347\372S\020-gk"
  35      4D485451 
  35      1886BFF7 
  35      9C7BE7FA 
  35      53102D67 
  36 0015 3205E522 		.ascii	"2\005\345\"\210\266\221\213\266\003n\007d\230\356B\222"
  36      88B6918B 
  36      B6036E07 
  36      6498EE42 
  36      92
  37 0026 06746CEB 		.ascii	"\006tl\353\2715\270\210\002\221\300H\204\354\007\253"
  37      B935B888 
  37      0291C048 
  37      84EC07AB 
  38 0036 29350537 		.ascii	")5\0057Q\334\021[\365#\323\"AL\013\306~\240E\242d\323"
  38      51DC115B 
  38      F523D322 
  38      414C0BC6 
  38      7EA045A2 
  39 004c 94D3F79D 		.ascii	"\224\323\367\235\263Q\272p~\356\307\363\276\347=\337"
  39      B351BA70 
  39      7EEEC7F3 
  39      BEE73DDF 
  40 005c D1F4FF97 		.ascii	"\321\364\377\227\344qT\021\235\346\025\232\240\206\337"
  40      E4715411 
  40      9DE6159A 
  40      A086DF
  41 006b 12454D0A 		.ascii	"\022EM\012\220\015\201\006\025\006\361Mm*\014\307\245"
  41      900D8106 
  41      1506F14D 
  41      6D2A0CC7 
  41      A5
  42 007c 9BADA9FB 		.ascii	"\233\255\251\373\306\230\037#KQ:F\215u[\312\371`\022"
  42      C6981F23 
  42      4B513A46 
  42      8D755BCA 
  42      F96012
  43 008f 2966B64A 		.ascii	")f\266J\346\206\326)\020\357g*ov\203\366\273\306\\\216"
  43      E686D629 
  43      10EF672A 
  43      6F7683F6 
  43      BBC65C8E 
  44 00a3 9F4D9933 		.ascii	"\237M\2313\214\003\017\240Y\201\343I\034K\022\027\010"
  44      8C030FA0 
  44      5981E349 
  44      1C4B1217 
  44      08
  45 00b4 0FD12EF0 		.ascii	"\017\321.\360\354\365\305y\245OX\341\304\253O\213\007"
  45      ECF5C579 
  45      A54F58E1 
  45      C4AB4F8B 
  45      07
ARM GAS  C:\Users\Thomas\AppData\Local\Temp\ccPUX3mM.s 			page 3


  46 00c5 DA2658F8 		.ascii	"\332&X\370\261>\237\211\243\333f\267\321\260\362G{\345"
  46      B13E9F89 
  46      A3DB66B7 
  46      D1B0F247 
  46      7BE5
  47 00d7 EE637EB3 		.ascii	"\356c~\263\370w\2715Q\344`\207PB\233\313\204\307H\200"
  47      F877B935 
  47      51E46087 
  47      50429BCB 
  47      84C74880 
  48 00eb 17A94C1F 		.ascii	"\027\251L\037\216M\2431\367\274\374\033\315\212\217"
  48      8E4DA331 
  48      F7BCFC1B 
  48      CD8A8F
  49 00fa 557C512E 		.ascii	"U|Q.{\220\323})$d\012d\"\252\362\220\313o\360\017\257"
  49      7B90D37D 
  49      2924640A 
  49      6422AAF2 
  49      90CB6FF0 
  50 0110 7A050B3F 		.ascii	"z\005\013?\257\256\215\006\342\270\243\244\023\337k"
  50      AFAE8D06 
  50      E2B8A3A4 
  50      13DF6B
  51 011f 7FDEB57C 		.ascii	"\177\336\265|U5\245\315\235\310x\222a\275\272Ti\262"
  51      5535A5CD 
  51      9DC87892 
  51      61BDBA54 
  51      69B2
  52 0131 251BE9C5 		.ascii	"%\033\351\305\265\362\207`\034cQ\221s{x\202$\246\300"
  52      B5F28760 
  52      1C635191 
  52      737B7882 
  52      24A6C0
  53 0144 91318D71 		.ascii	"\2211\215q\320\012\256\374\032Z\2053\324\316s\362\345"
  53      D00AAEFC 
  53      1A5A8533 
  53      D4CE73F2 
  53      E5
  54 0155 97F24131 		.ascii	"\227\362A1@\235\2732\303\360{({\011N\312\224\210V\207"
  54      409DBB32 
  54      C3F07B28 
  54      7B094ECA 
  54      94885687 
  55 0169 3E8F363B 		.ascii	">\2176;\225\277\243<V\335Z\336\330\326\242\342\254x"
  55      95BFA33C 
  55      56DD5ADE 
  55      D8D6A2E2 
  55      AC78
  56 017b CA226BFD 		.ascii	"\312\"k\375Z9H8\206\356U\326+\026\362<\302\254\203\266"
  56      5A394838 
  56      86EE55D6 
  56      2B16F23C 
  56      C2AC83B6 
  57 018f 130E092C 		.ascii	"\023\016\011,%\356\013#6\320\276\360Q\354\357\217?\307"
  57      25EE0B23 
  57      36D0BEF0 
  57      51ECEF8F 
ARM GAS  C:\Users\Thomas\AppData\Local\Temp\ccPUX3mM.s 			page 4


  57      3FC7
  58 01a1 F159446B 		.ascii	"\361YDk\210\342\272/\274\274A\225\037\222;\305};\322"
  58      88E2BA2F 
  58      BCBC4195 
  58      1F923BC5 
  58      7D3BD2
  59 01b4 9139175E 		.ascii	"\2219\027^\014\373\262\205\360|wW~\240/\027f\322]\371"
  59      0CFBB285 
  59      F07C7757 
  59      7EA02F17 
  59      66D25DF9 
  60 01c8 CE5399F4 		.ascii	"\316S\231\364\311\356\316\336|\356BG\216\374K\331\336"
  60      C9EECEDE 
  60      7CEE4247 
  60      8EFC4BD9 
  60      DE
  61 01d9 81B0A5BF 		.ascii	"\201\260\245\277\220-\364\344\316\366\024\372\377\001"
  61      902DF4E4 
  61      CEF614FA 
  61      FF01
  62 01e7 670DCF83 		.ascii	"g\015\317\203"
  63              		.text
  64              		.section	.gnu.lto_P2_Clock_SetDriveMode.be9c7a34,"",%progbits
  65 0000 789C7D51 		.ascii	"x\234}QKHBA\024\275g\346\371\011I\242\225\270N\244\017"
  65      4B484241 
  65      14BD67E6 
  65      F90949A2 
  65      95B84EA4 
  66 0015 0641FB20 		.ascii	"\006A\373 \250m\320V\210\320\267\352#H\255}\232mZU\253"
  66      A86DD056 
  66      88D0B7EA 
  66      2348AD7D 
  66      9A6D5A55 
  67 002a 20822822 		.ascii	" \202(\"\373\032\264h\341F\242UA\241D\222\220m\354\343"
  67      FB1AB468 
  67      E146A255 
  67      41A14492 
  67      906DECE3 
  68 003e A2508A4A 		.ascii	"\242P\212JB\354\316\263\205\0204\274\271s\317\345\234"
  68      42ECCEB3 
  68      851034BC 
  68      B973CFE5 
  68      9C
  69 004f F3EEDC91 		.ascii	"\363\356\334\221\364w\271y\227@\324\315'$A,^\022E\355"
  69      F477B979 
  69      9740D4CD 
  69      2724412C 
  69      5E1245ED 
  70 0063 02500981 		.ascii	"\002P\011\201\"\002\021\224DE`1\275\267\342\360n\031"
  70      22021194 
  70      44456031 
  70      BDB7E2F0 
  70      6E19
  71 0075 8651DE38 		.ascii	"\206Q\3368q\315\273\252\202\350M4l\260\015/S\236\252"
  71      71CDBBAA 
  71      82E84D34 
  71      6CB00D2F 
ARM GAS  C:\Users\Thomas\AppData\Local\Temp\ccPUX3mM.s 			page 5


  71      539EAA
  72 0088 A5ED56E9 		.ascii	"\245\355V\351\005q^[\312e\205g\3230b\351\363Cc\000U"
  72      05715E5B 
  72      CA658567 
  72      D33062E9 
  72      F3436300 
  73 009d F64C40B2 		.ascii	"\366L@\262\002=nt\272\211\013\204\035x\024\271\022\257"
  73      023D6E74 
  73      BA890B84 
  73      1D7814B9 
  73      12AF
  74 00af E51CD638 		.ascii	"\345\034\3268{\2675<\261\013+\267E\311\366\264Q\257"
  74      7BB7353C 
  74      B10B2BB7 
  74      45C9F6B4 
  74      51AF
  75 00c1 BFDD2D25 		.ascii	"\277\335-%z\341\020\254\021\222\203\324T\260@\311\255"
  75      7AE110AC 
  75      119283D4 
  75      54B040C9 
  75      AD
  76 00d2 2AB5A960 		.ascii	"*\265\251`W\241Eq\210\212\274\325\015\036\030\360)\363"
  76      57A14571 
  76      888ABCD5 
  76      0D1E18F0 
  76      29F3
  77 00e4 38FD5878 		.ascii	"8\375Xx\\\325\224\357\247P\327I\225\343]\317\242*\264"
  77      5CD594EF 
  77      A750D749 
  77      95E35DCF 
  77      A22AB4
  78 00f7 D87AD4D0 		.ascii	"\330z\324\320T\023\367\305\253\214\335,\221\202\327"
  78      5413F7C5 
  78      AB8CDD2C 
  78      9182D7
  79 0106 37A9AC73 		.ascii	"7\251\254s\015\253\3218\367n\301\036\334\330\007\317"
  79      0DABD138 
  79      F76EC11E 
  79      DCD807CF 
  80 0116 0B075803 		.ascii	"\013\007X\003\345\021+\330\032n\222\015\031\317}Y\033"
  80      E5112BD8 
  80      1A6E920D 
  80      19CF7D59 
  80      1B
  81 0127 58E312EB 		.ascii	"X\343\022\353o_\313\027\246\235\254\324\177\027\217"
  81      6F5FCB17 
  81      A69DACD4 
  81      7F178F
  82 0136 F2902D9A 		.ascii	"\362\220-\232\264\374Y\232\2656.\2616s\374rf1\265NB"
  82      B4FC599A 
  82      B5362EB1 
  82      3673FC72 
  82      6631B54E 
  83 014b D294CCBD 		.ascii	"\322\224\314\275\377R\354\346\037l\315.-\\e|\272\014"
  83      FF52ECE6 
  83      1F6CCD2E 
  83      2D5C657C 
ARM GAS  C:\Users\Thomas\AppData\Local\Temp\ccPUX3mM.s 			page 6


  83      BA0C
  84 015d 85FFEBFD 		.ascii	"\205\377\353\375\210{g>\025\020M\177\017)\266z\276\""
  84      887B673E 
  84      15104D7F 
  84      0F29B67A 
  84      BE22
  85 016f 3F054F89 		.ascii	"?\005O\211g\326\341\363\017\353\323zx|F\017\216\215"
  85      67D6E1F3 
  85      0FEBD37A 
  85      787C460F 
  85      8E8D
  86 0181 8666C301 		.ascii	"\206f\303\001\335?2\032\032\354\367\217\364\215\015"
  86      DD3F321A 
  86      1AECF78F 
  86      F48D0D
  87 0190 4E860213 		.ascii	"N\206\002\023\276\000iS\241\240\376\0039\255\270\200"
  87      BE006953 
  87      A1A0FE03 
  87      39ADB880 
  88              		.text
  89              		.section	.gnu.lto_P2_Clock_Read.be9c7a34,"",%progbits
  90 0000 789C6550 		.ascii	"x\234eP=HBQ\024>\337}?\012\022DS8G\022\210C\320R\243"
  90      3D484251 
  90      143EDF7D 
  90      3F0A1244 
  90      53384712 
  91 0019 43ABE42A 		.ascii	"C\253\344*H\330\233\212\004\251\331\367\314\264\234"
  91      48D89B8A 
  91      04A9D9F7 
  91      CCB49C
  92 0028 CA498AD7 		.ascii	"\312I\212\327\020\204\375\322\320T\020DS\203\024Q`H"
  92      1084FDD2 
  92      D0541044 
  92      53831451 
  92      6048
  93 003a BC1685DA 		.ascii	"\274\026\205\332\222~\354\015e\347\372\332\272p\317"
  93      927EEC0D 
  93      65E7FADA 
  93      BA70CF
  94 0049 B9E79CEF 		.ascii	"\271\347\234\357|\3379W\241\377'\310w\012D\303\354\241"
  94      7CDF3957 
  94      A1FF27C8 
  94      770A44C3 
  94      ECA1
  95 005b 10C4DA35 		.ascii	"\020\304\3325\221\345\027\200|\020(+\220\305\213h\013"
  95      91E51780 
  95      7C10282B 
  95      90C58B68 
  95      0B
  96 006c D44E7FEE 		.ascii	"\324N\177\356\020\3321\315\334k\371\3741\260<\350\012"
  96      10DA31CD 
  96      DC6BF9FC 
  96      31B03CE8 
  96      0A
  97 007d A2374108 		.ascii	"\2427A\010\0071\"yPE\210\030\330\316\177\327\003z\336"
  97      07312279 
  97      50458818 
ARM GAS  C:\Users\Thomas\AppData\Local\Temp\ccPUX3mM.s 			page 7


  97      D8CE7FD7 
  97      037ADE
  98 0090 34CD7E59 		.ascii	"4\315~Y\347\302.t\326\240\343\201\013\263\333=\371X"
  98      E7C22E74 
  98      D6A0E381 
  98      0BB3DB3D 
  98      F958
  99 00a2 5F99800F 		.ascii	"_\231\200\017\344\012Vd\243\262\021\2324:INj\262\221"
  99      E40A5664 
  99      A3B2119A 
  99      343A494E 
  99      6AB291
 100 00b5 F22D21A4 		.ascii	"\362-!\244W\032\270\374,9[\343\222\247#\024\226\260"
 100      571AB8FC 
 100      2C395BE3 
 100      92A72314 
 100      96B0
 101 00c7 8BF62A9E 		.ascii	"\213\366*\236\205+\024k\3332U\251\372\324\274\271\365"
 101      852B146B 
 101      DB3255A9 
 101      FAD4BCB9 
 101      F5
 102 00d8 F75224C3 		.ascii	"\367R$\303j\251\322\351\263\261i\345\341\012\025{\010"
 102      6AA9D2E9 
 102      B3B169E5 
 102      E10A157B 
 102      08
 103 00e9 621F3C25 		.ascii	"b\037<%\016`\203\032X\372*\324\024\217\020\036\347Y"
 103      0E60831A 
 103      58FA2AD4 
 103      148F101E 
 103      E759
 104 00fb F9AAA24B 		.ascii	"\371\252\242K\002\036\010\207\214m \347\370<\210\312"
 104      021E0887 
 104      8C6D20E7 
 104      F83C88CA 
 105 010b 28D9E414 		.ascii	"(\331\344\024\3565/\243q\222\2336\352\255wE6i\374\021"
 105      EE352FA3 
 105      71929B36 
 105      EAAD7745 
 105      3669FC11 
 106 011f 475ED343 		.ascii	"G^\323C1\354a$\214\034\340/\352m\006\271\021\3577\024"
 106      31EC6124 
 106      8C1CE02F 
 106      EA6D06B9 
 106      11EF3714 
 107 0133 494C1AF3 		.ascii	"IL\032\363Ffz\301\230I\306\323\213\231\224\221\210\305"
 107      46667AC1 
 107      9849C6D3 
 107      8B999491 
 107      88C5
 108 0145 D3D1B144 		.ascii	"\323\321\261Dl4\031\235K\247f#)\372\005\011\254\177"
 108      6C34199D 
 108      4BA76623 
 108      29FA0509 
 108      AC7F
 109 0157 E5       		.ascii	"\345"
ARM GAS  C:\Users\Thomas\AppData\Local\Temp\ccPUX3mM.s 			page 8


 110              		.text
 111              		.section	.gnu.lto_P2_Clock_ReadDataReg.be9c7a34,"",%progbits
 112 0000 789C6550 		.ascii	"x\234eP=H\202Q\024\275\347}?J.\321\024\316\221\024\342"
 112      3D488251 
 112      14BDE77D 
 112      3F4A2ED1 
 112      14CE9114 
 113 0015 10B4B43A 		.ascii	"\020\264\264:\264J\256\202\204}S\221 5\3734\263\210"
 113      B44AAE82 
 113      847D5391 
 113      2035FB34 
 113      B388
 114 0027 86708AC2 		.ascii	"\206p\212\302%\210\262\037\032\232j\210jj\220$\015\014"
 114      2588B21F 
 114      1A9A6A88 
 114      6A6A9024 
 114      0D0C
 115 0039 295B140A 		.ascii	")[\024\012\032\222\242\372\240\264\373\374\332z\360"
 115      1A92A2FA 
 115      A0B4FBFC 
 115      DA7AF0
 116 0048 EE7DF7DE 		.ascii	"\356}\367\336s\317\271\367i\364\377x\371N\200h\220="
 116      73CFB9F7 
 116      69F4FF78 
 116      F94E8068 
 116      903D
 117 005a 348258BB 		.ascii	"4\202X\273&J\271\005\240\036\004J\012$\361,Z\002\305"
 117      264AB905 
 117      A01E044A 
 117      0A24F12C 
 117      5A02C5
 118 006d 937605BE 		.ascii	"\223v\005\276m)\323\257\345\312\275g\261\337\026Do\202"
 118      6D29D3AF 
 118      E5CABD67 
 118      B1DF1644 
 118      6F82
 119 007f E0F76248 		.ascii	"\340\367bH\361`\007>b`+\363S\365\230\031)e\257\252s"
 119      F160073E 
 119      62602BF3 
 119      53F59819 
 119      2965AFAA 
 120 0094 6117266B 		.ascii	"a\027&k\320Q\337\271\354t\216K\271\345a\341\002\331"
 120      D051DFB9 
 120      EC748E4B 
 120      B9E561E1 
 120      02D9
 121 00a6 8215D9E8 		.ascii	"\202\025\331\350l\204\241\214I\212\223\032l\224|S\010"
 121      6C84A18C 
 121      498A931A 
 121      6C947C53 
 121      08
 122 00b7 E5B51A2E 		.ascii	"\345\265\032.?V\332\2051\305\363)4\226x\261\277\313"
 122      3F56DA85 
 122      31C5F329 
 122      349678B1 
 122      BFCB
 123 00c9 3D4FC216 		.ascii	"=O\302\026\232\334JI]\251>6J7\356n\212Tx\266z\361\340"
ARM GAS  C:\Users\Thomas\AppData\Local\Temp\ccPUX3mM.s 			page 9


 123      9ADC4A49 
 123      5DA93E36 
 123      4A37EE6E 
 123      8A5478B6 
 124 00e0 CA633395 		.ascii	"\312c3\225\201-t\024\340\305\036xJ\354#\017\252a\341"
 124      812D7414 
 124      E0C51E78 
 124      4AEC230F 
 124      AA61E1
 125 00f3 2B5BD41C 		.ascii	"+[\324\034B8\234\247\271\253uS\021\360@8`l\015\351\272"
 125      42389CA7 
 125      B9AB7553 
 125      11F04038 
 125      606C0DE9 
 126 0108 CB81E88C 		.ascii	"\313\201\350\214RM\365\354\255\341d\014Nr\323F\265\371"
 126      524DF5EC 
 126      ADE1640C 
 126      4E72D346 
 126      B5F9
 127 011a AEA92683 		.ascii	"\256\251&\203?\342\320i\272[\362;\030\005\243:\360\027"
 127      3FE2D069 
 127      BA5BF23B 
 127      1805A33A 
 127      F017
 128 012c 753783DA 		.ascii	"u7\203\332\210\367\033\010D\306\255Y+19gME\303\361\371"
 128      88F71B08 
 128      44C6AD59 
 128      2B313967 
 128      4D45C3F1 
 129 0141 44CC8A84 		.ascii	"D\314\212\204\302\361\340h$4\022\015\316\304c\323\201"
 129      C2F1E068 
 129      2434120D 
 129      CEC463D3 
 129      81
 130 0152 18FD02D3 		.ascii	"\030\375\002\323\020\201\304"
 130      1081C4
 131              		.text
 132              		.section	.gnu.lto_.symbol_nodes.be9c7a34,"",%progbits
 133 0000 789C6366 		.ascii	"x\234cf``pb\200\002&\206z\006\206\011\347\030\030\352"
 133      60607062 
 133      80022686 
 133      7A068609 
 133      E71818EA 
 134 0014 EB19E62D 		.ascii	"\353\031\346-\340``b\254gD\3413\3253\241\360\231\353"
 134      E0606062 
 134      AC6744E1 
 134      33D533A1 
 134      F099EB
 135 0027 9991F90C 		.ascii	"\231\221\371\014\0003\356\020\336"
 135      0033EE10 
 135      DE
 136              		.text
 137              		.section	.gnu.lto_.refs.be9c7a34,"",%progbits
 138 0000 789C6366 		.ascii	"x\234cf```d\200\002\000\000=\000\005"
 138      60606064 
 138      80020000 
 138      3D0005
ARM GAS  C:\Users\Thomas\AppData\Local\Temp\ccPUX3mM.s 			page 10


 139              		.text
 140              		.section	.gnu.lto_.decls.be9c7a34,"",%progbits
 141 0000 789C8D92 		.ascii	"x\234\215\222_HSq\024\307\177\347\376\256Sos\364P\032"
 141      5F485371 
 141      14C77FE7 
 141      FEAE536F 
 141      73F4501A 
 142 0014 23685008 		.ascii	"#hP\010\201\370P\004\276\025LP\202b(\321\203\202\214"
 142      81F85004 
 142      BE154C50 
 142      826228D1 
 142      83828C
 143 0027 7931299C 		.ascii	"y1)\234\254Y\370\020\375RC\235\221bES\310\006\376+K"
 143      AC59F810 
 143      FD52439D 
 143      91624553 
 143      C806FE2B 
 144 003c F3CF74CE 		.ascii	"\363\317t\316\277[O\222\350\323\020\364A2\241\354\251"
 144      BF5B4F92 
 144      E8D310F4 
 144      4132A1EC 
 144      A9
 145 004d 492B14AA 		.ascii	"I+\024\252\333\271\277m\356f\023<p\356\275\347\336\363"
 145      DBB9BF6D 
 145      EE66133C 
 145      70EEBDE7 
 145      DEF3
 146 005f F99EF33B 		.ascii	"\371\236\363;\367PB\210\011\010Q\320\314\224\220\036"
 146      F7504288 
 146      090851D0 
 146      CC94901E 
 147 006f 8C53D02D 		.ascii	"\214S\320-$a\"\372(\272\027\335\207\356'\377\333\250"
 147      246122FA 
 147      28BA17DD 
 147      87EE27FF 
 147      DBA8
 148 0081 861B44CF 		.ascii	"\206\033D\317D\237C\237\211}\207X\316~S5u\373\270@\022"
 148      449F439F 
 148      897D8758 
 148      CE7E5335 
 148      75FBB840 
 149 0096 D69B84F5 		.ascii	"\326\233\204\365\305\3308W\250\341.kX_\022\326\177H"
 149      C5D83857 
 149      A8E12E6B 
 149      585F12D6 
 149      7F48
 150 00a8 36D959B7 		.ascii	"6\331Y\267\005\360\017E\226\216l\011`\220Lj8\325\276"
 150      05F00F45 
 150      968E6C09 
 150      60904C6A 
 150      38D5BE
 151 00bb E0D661A8 		.ascii	"\340\326a\250\227D5\\\231olL\243\002\250\317\335\356"
 151      9744355C 
 151      996F6C4C 
 151      A302A8CF 
 151      DDEE
 152 00cd 8D909433 		.ascii	"\215\220\2243\300\030kb\201\000$$\036\364M?JE&S\342"
ARM GAS  C:\Users\Thomas\AppData\Local\Temp\ccPUX3mM.s 			page 11


 152      C0186B62 
 152      81002424 
 152      1EF44D3F 
 152      4A452653 
 153 00e2 E1E3C5CE 		.ascii	"\341\343\305\316 \345\241\242r\302\352\352\323]\012"
 153      20E5A1A2 
 153      72C2EAEA 
 153      D35D0A
 154 00f1 52761363 		.ascii	"Rv\023cu,\334\316\350\011\0029F8k$0\004\331\230\006"
 154      752CDCCE 
 154      E8090239 
 154      46386B24 
 154      3004D998 
 155 0106 039043E0 		.ascii	"\003\220C\340\015\030\341-\030I\017\026\010\277\014"
 155      0D18E12D 
 155      18490F16 
 155      08BF0C
 156 0115 AD9D644C 		.ascii	"\255\235dL\204A\220\3405P\236\201\307P+\304\212\266"
 156      844190E0 
 156      35509E81 
 156      C7502BC4 
 156      8AB6
 157 0127 3D0CB689 		.ascii	"=\014\266\211\242\200/\325\234\022\336\355\017e\243"
 157      A2802FD5 
 157      9C12DEED 
 157      0F65A3
 158 0136 57C87A86 		.ascii	"W\310z\206\002\254\255\236\035\025\301\222\011\375("
 158      02ACAD9E 
 158      1D15C192 
 158      09FD28
 159 0145 FB0A6509 		.ascii	"\373\012e\011\014C\026^\337\201\030\025\210L\356.\213"
 159      0C43165E 
 159      DF811815 
 159      884CEE2E 
 159      8B
 160 0156 F43C3F5A 		.ascii	"\364<?Z\337\314\227\017\351\246.\346\031\016\273\272"
 160      DFCC970F 
 160      E9A62EE6 
 160      190EBBBA 
 161 0166 BB6807F3 		.ascii	"\273h\007\363\324\261?\012\266\257B0\262\327\000Q\237"
 161      D4B13F0A 
 161      B6AF4230 
 161      B2D70051 
 161      9F
 162 0177 A3131D05 		.ascii	"\243\023\035\005\023\202\035\353\336\367\251\264\202"
 162      13821DEB 
 162      DEF7A9B4 
 162      82
 163 0184 8BCCB6AF 		.ascii	"\213\314\266\257~7p\021\317T\267n\201\005\024\345\""
 163      7E377011 
 163      CF54B76E 
 163      810514E5 
 163      22
 164 0195 E7C734FC 		.ascii	"\347\3074\374X\234\367r\276\271a\230j\033V\317\222\350"
 164      589CF772 
 164      BEB96198 
 164      6A1B56CF 
ARM GAS  C:\Users\Thomas\AppData\Local\Temp\ccPUX3mM.s 			page 12


 164      92E8
 165 01a7 789C775C 		.ascii	"x\234w\\\022kx1\324\337\247\247\367x\255\326\225'wy"
 165      126B7831 
 165      D4DFA7A7 
 165      F778ADD6 
 165      95277779 
 166 01bb A98F5F37 		.ascii	"\251\217_7\345@\003\373\245(\224\347\303\204\246\330"
 166      E54003FB 
 166      A52894E7 
 166      C384A6D8 
 167 01cb 44BC988F 		.ascii	"D\274\230\217\027[\377\035\371\246\247-\300\025\026"
 167      175BFF1D 
 167      F9A6A72D 
 167      C01516
 168 01da 23239F63 		.ascii	"##\237c\335\276\350\215w\253\012Lj\004&\343\002~.\300"
 168      DDBEE88D 
 168      77AB0A4C 
 168      6A0426E3 
 168      027E2EC0 
 169 01ee 9EB7F4A4 		.ascii	"\236\267\364\244QOT`\374\247\313\237!\341O\255?\304"
 169      514F5460 
 169      FCA7CB9F 
 169      21E14FAD 
 169      3FC4
 170 0200 4FC53508 		.ascii	"O\3055\010-\273V\322\243k\260\237\230=p\015v6\013\033"
 170      2DBB56D2 
 170      A36BB09F 
 170      983D700D 
 170      76360B1B 
 171 0214 D82598C1 		.ascii	"\330%\230\301\261L%\326`\032\022{\320\374\251sI\257"
 171      B14C25D6 
 171      601A127B 
 171      D0FCA973 
 171      49AF
 172 0226 77A9BB85 		.ascii	"w\251\273\205#L_0\360\344\304\014\347@\317O\200\367"
 172      234C5F30 
 172      F0E4C40C 
 172      E740CF4F 
 172      80F7
 173 0238 6D8106FB 		.ascii	"m\201\006\373\203k\022\030%\243\033\227x\347\024\004"
 173      836B1218 
 173      25A31B97 
 173      78E71404 
 174 0248 50A9491D 		.ascii	"P\251I\035\177\270\216Q\267!\336\021\341\037\010\004"
 174      7FB88E51 
 174      B721DE11 
 174      E11F0804 
 175 0258 51661E65 		.ascii	"Qf\036e\324\354\300\226\242\334W\242\326\232\312\023"
 175      D4ECC096 
 175      A2DC57A2 
 175      D69ACA13 
 176 0268 F825A5A6 		.ascii	"\370%\245\246\262\312\231\247+\270z\315d&\247sK\013"
 176      B2CA99A7 
 176      2BB87ACD 
 176      6426A773 
 176      4B0B
 177 027a E42AD961 		.ascii	"\344*\331au\312\345e\305\366\032\207M.\265\024\333\315"
ARM GAS  C:\Users\Thomas\AppData\Local\Temp\ccPUX3mM.s 			page 13


 177      75CAE565 
 177      C5F61A87 
 177      4D2EB514 
 177      DBCD
 178 028c 174A6DB5 		.ascii	"\027Jm\265\316\332j\371v\356\015b\260\234+3\337\262"
 178      CEDA6AF9 
 178      76EE0D62 
 178      B09C2B33 
 178      DFB2
 179 029e DB6E965D 		.ascii	"\333n\226]wT:\3453\007\"\361\274\\\0339\276\307\024"
 179      77543AE5 
 179      330722F1 
 179      BC5C1B39 
 179      BEC714
 180 02b1 CBCE7C47 		.ascii	"\313\316|G\345\035\371\212\275\\\316\330{[$[\313\217"
 180      E51DF98A 
 180      BD5CCED8 
 180      7B5B245B 
 180      CB8F
 181 02c3 FD13E55B 		.ascii	"\375\023\345[\235\326\"\271Bt\310\025y\177\001\201`"
 181      9DD622B9 
 181      4274C815 
 181      797F0181 
 181      60
 182 02d4 5026     		.ascii	"P&"
 183              		.text
 184              		.section	.gnu.lto_.symtab.be9c7a34,"",%progbits
 185 0000 50325F43 		.ascii	"P2_Clock_Write\000\000\000\000\000\000\000\000\000\000"
 185      6C6F636B 
 185      5F577269 
 185      74650000 
 185      00000000 
 186 0018 0000B200 		.ascii	"\000\000\262\000\000\000P2_Clock_SetDriveMode\000\000"
 186      00005032 
 186      5F436C6F 
 186      636B5F53 
 186      65744472 
 187 0035 00000000 		.ascii	"\000\000\000\000\000\000\000\000\000\000\264\000\000"
 187      00000000 
 187      0000B400 
 187      00
 188 0042 0050325F 		.ascii	"\000P2_Clock_Read\000\000\000\000\000\000\000\000\000"
 188      436C6F63 
 188      6B5F5265 
 188      61640000 
 188      00000000 
 189 0059 000000B7 		.ascii	"\000\000\000\267\000\000\000P2_Clock_ReadDataReg\000"
 189      00000050 
 189      325F436C 
 189      6F636B5F 
 189      52656164 
 190 0075 00000000 		.ascii	"\000\000\000\000\000\000\000\000\000\000\000\271\000"
 190      00000000 
 190      000000B9 
 190      00
 191 0082 0000     		.ascii	"\000\000"
 192              		.text
ARM GAS  C:\Users\Thomas\AppData\Local\Temp\ccPUX3mM.s 			page 14


 193              		.section	.gnu.lto_.opts,"",%progbits
 194 0000 272D666E 		.ascii	"'-fno-trapv' '-mcpu=cortex-m3' '-mthumb' '-g' '-O3'"
 194      6F2D7472 
 194      61707627 
 194      20272D6D 
 194      6370753D 
 195 0033 20272D66 		.ascii	" '-ffunction-sections' '-finline-functions' '-flto'"
 195      66756E63 
 195      74696F6E 
 195      2D736563 
 195      74696F6E 
 196 0066 20272D66 		.ascii	" '-ffat-lto-objects'\000"
 196      6661742D 
 196      6C746F2D 
 196      6F626A65 
 196      63747327 
 197              		.text
 198              		.cfi_sections	.debug_frame
 199              		.section	.text.P2_Clock_Write,"ax",%progbits
 200              		.align	2
 201              		.global	P2_Clock_Write
 202              		.thumb
 203              		.thumb_func
 204              		.type	P2_Clock_Write, %function
 205              	P2_Clock_Write:
 206              	.LFB0:
 207              		.file 1 ".\\Generated_Source\\PSoC5\\P2_Clock.c"
   1:.\Generated_Source\PSoC5/P2_Clock.c **** /*******************************************************************************
   2:.\Generated_Source\PSoC5/P2_Clock.c **** * File Name: P2_Clock.c  
   3:.\Generated_Source\PSoC5/P2_Clock.c **** * Version 2.20
   4:.\Generated_Source\PSoC5/P2_Clock.c **** *
   5:.\Generated_Source\PSoC5/P2_Clock.c **** * Description:
   6:.\Generated_Source\PSoC5/P2_Clock.c **** *  This file contains API to enable firmware control of a Pins component.
   7:.\Generated_Source\PSoC5/P2_Clock.c **** *
   8:.\Generated_Source\PSoC5/P2_Clock.c **** * Note:
   9:.\Generated_Source\PSoC5/P2_Clock.c **** *
  10:.\Generated_Source\PSoC5/P2_Clock.c **** ********************************************************************************
  11:.\Generated_Source\PSoC5/P2_Clock.c **** * Copyright 2008-2015, Cypress Semiconductor Corporation.  All rights reserved.
  12:.\Generated_Source\PSoC5/P2_Clock.c **** * You may use this file only in accordance with the license, terms, conditions, 
  13:.\Generated_Source\PSoC5/P2_Clock.c **** * disclaimers, and limitations in the end user license agreement accompanying 
  14:.\Generated_Source\PSoC5/P2_Clock.c **** * the software package with which this file was provided.
  15:.\Generated_Source\PSoC5/P2_Clock.c **** *******************************************************************************/
  16:.\Generated_Source\PSoC5/P2_Clock.c **** 
  17:.\Generated_Source\PSoC5/P2_Clock.c **** #include "cytypes.h"
  18:.\Generated_Source\PSoC5/P2_Clock.c **** #include "P2_Clock.h"
  19:.\Generated_Source\PSoC5/P2_Clock.c **** 
  20:.\Generated_Source\PSoC5/P2_Clock.c **** /* APIs are not generated for P15[7:6] on PSoC 5 */
  21:.\Generated_Source\PSoC5/P2_Clock.c **** #if !(CY_PSOC5A &&\
  22:.\Generated_Source\PSoC5/P2_Clock.c **** 	 P2_Clock__PORT == 15 && ((P2_Clock__MASK & 0xC0) != 0))
  23:.\Generated_Source\PSoC5/P2_Clock.c **** 
  24:.\Generated_Source\PSoC5/P2_Clock.c **** 
  25:.\Generated_Source\PSoC5/P2_Clock.c **** /*******************************************************************************
  26:.\Generated_Source\PSoC5/P2_Clock.c **** * Function Name: P2_Clock_Write
  27:.\Generated_Source\PSoC5/P2_Clock.c **** ****************************************************************************//**
  28:.\Generated_Source\PSoC5/P2_Clock.c **** *
  29:.\Generated_Source\PSoC5/P2_Clock.c **** * \brief Writes the value to the physical port (data output register), masking
  30:.\Generated_Source\PSoC5/P2_Clock.c **** *  and shifting the bits appropriately. 
ARM GAS  C:\Users\Thomas\AppData\Local\Temp\ccPUX3mM.s 			page 15


  31:.\Generated_Source\PSoC5/P2_Clock.c **** *
  32:.\Generated_Source\PSoC5/P2_Clock.c **** * The data output register controls the signal applied to the physical pin in 
  33:.\Generated_Source\PSoC5/P2_Clock.c **** * conjunction with the drive mode parameter. This function avoids changing 
  34:.\Generated_Source\PSoC5/P2_Clock.c **** * other bits in the port by using the appropriate method (read-modify-write or
  35:.\Generated_Source\PSoC5/P2_Clock.c **** * bit banding).
  36:.\Generated_Source\PSoC5/P2_Clock.c **** *
  37:.\Generated_Source\PSoC5/P2_Clock.c **** * <b>Note</b> This function should not be used on a hardware digital output pin 
  38:.\Generated_Source\PSoC5/P2_Clock.c **** * as it is driven by the hardware signal attached to it.
  39:.\Generated_Source\PSoC5/P2_Clock.c **** *
  40:.\Generated_Source\PSoC5/P2_Clock.c **** * \param value
  41:.\Generated_Source\PSoC5/P2_Clock.c **** *  Value to write to the component instance.
  42:.\Generated_Source\PSoC5/P2_Clock.c **** *
  43:.\Generated_Source\PSoC5/P2_Clock.c **** * \return 
  44:.\Generated_Source\PSoC5/P2_Clock.c **** *  None 
  45:.\Generated_Source\PSoC5/P2_Clock.c **** *
  46:.\Generated_Source\PSoC5/P2_Clock.c **** * \sideeffect
  47:.\Generated_Source\PSoC5/P2_Clock.c **** *  If you use read-modify-write operations that are not atomic; the Interrupt 
  48:.\Generated_Source\PSoC5/P2_Clock.c **** *  Service Routines (ISR) can cause corruption of this function. An ISR that 
  49:.\Generated_Source\PSoC5/P2_Clock.c **** *  interrupts this function and performs writes to the Pins component data 
  50:.\Generated_Source\PSoC5/P2_Clock.c **** *  register can cause corrupted port data. To avoid this issue, you should 
  51:.\Generated_Source\PSoC5/P2_Clock.c **** *  either use the Per-Pin APIs (primary method) or disable interrupts around 
  52:.\Generated_Source\PSoC5/P2_Clock.c **** *  this function.
  53:.\Generated_Source\PSoC5/P2_Clock.c **** *
  54:.\Generated_Source\PSoC5/P2_Clock.c **** * \funcusage
  55:.\Generated_Source\PSoC5/P2_Clock.c **** *  \snippet P2_Clock_SUT.c usage_P2_Clock_Write
  56:.\Generated_Source\PSoC5/P2_Clock.c **** *******************************************************************************/
  57:.\Generated_Source\PSoC5/P2_Clock.c **** void P2_Clock_Write(uint8 value)
  58:.\Generated_Source\PSoC5/P2_Clock.c **** {
 208              		.loc 1 58 0
 209              		.cfi_startproc
 210              		@ args = 0, pretend = 0, frame = 0
 211              		@ frame_needed = 0, uses_anonymous_args = 0
 212              		@ link register save eliminated.
 213              	.LVL0:
  59:.\Generated_Source\PSoC5/P2_Clock.c ****     uint8 staticBits = (P2_Clock_DR & (uint8)(~P2_Clock_MASK));
 214              		.loc 1 59 0
 215 0000 044A     		ldr	r2, .L2
  60:.\Generated_Source\PSoC5/P2_Clock.c ****     P2_Clock_DR = staticBits | ((uint8)(value << P2_Clock_SHIFT) & P2_Clock_MASK);
 216              		.loc 1 60 0
 217 0002 8000     		lsls	r0, r0, #2
 218              	.LVL1:
  59:.\Generated_Source\PSoC5/P2_Clock.c ****     uint8 staticBits = (P2_Clock_DR & (uint8)(~P2_Clock_MASK));
 219              		.loc 1 59 0
 220 0004 1378     		ldrb	r3, [r2]	@ zero_extendqisi2
 221              	.LVL2:
 222              		.loc 1 60 0
 223 0006 00F00400 		and	r0, r0, #4
  59:.\Generated_Source\PSoC5/P2_Clock.c ****     uint8 staticBits = (P2_Clock_DR & (uint8)(~P2_Clock_MASK));
 224              		.loc 1 59 0
 225 000a 03F0FB03 		and	r3, r3, #251
 226              	.LVL3:
 227              		.loc 1 60 0
 228 000e 1843     		orrs	r0, r0, r3
 229 0010 1070     		strb	r0, [r2]
 230 0012 7047     		bx	lr
 231              	.L3:
 232              		.align	2
ARM GAS  C:\Users\Thomas\AppData\Local\Temp\ccPUX3mM.s 			page 16


 233              	.L2:
 234 0014 00510040 		.word	1073762560
 235              		.cfi_endproc
 236              	.LFE0:
 237              		.size	P2_Clock_Write, .-P2_Clock_Write
 238              		.section	.text.P2_Clock_SetDriveMode,"ax",%progbits
 239              		.align	2
 240              		.global	P2_Clock_SetDriveMode
 241              		.thumb
 242              		.thumb_func
 243              		.type	P2_Clock_SetDriveMode, %function
 244              	P2_Clock_SetDriveMode:
 245              	.LFB1:
  61:.\Generated_Source\PSoC5/P2_Clock.c **** }
  62:.\Generated_Source\PSoC5/P2_Clock.c **** 
  63:.\Generated_Source\PSoC5/P2_Clock.c **** 
  64:.\Generated_Source\PSoC5/P2_Clock.c **** /*******************************************************************************
  65:.\Generated_Source\PSoC5/P2_Clock.c **** * Function Name: P2_Clock_SetDriveMode
  66:.\Generated_Source\PSoC5/P2_Clock.c **** ****************************************************************************//**
  67:.\Generated_Source\PSoC5/P2_Clock.c **** *
  68:.\Generated_Source\PSoC5/P2_Clock.c **** * \brief Sets the drive mode for each of the Pins component's pins.
  69:.\Generated_Source\PSoC5/P2_Clock.c **** * 
  70:.\Generated_Source\PSoC5/P2_Clock.c **** * <b>Note</b> This affects all pins in the Pins component instance. Use the
  71:.\Generated_Source\PSoC5/P2_Clock.c **** * Per-Pin APIs if you wish to control individual pin's drive modes.
  72:.\Generated_Source\PSoC5/P2_Clock.c **** *
  73:.\Generated_Source\PSoC5/P2_Clock.c **** * \param mode
  74:.\Generated_Source\PSoC5/P2_Clock.c **** *  Mode for the selected signals. Valid options are documented in 
  75:.\Generated_Source\PSoC5/P2_Clock.c **** *  \ref driveMode.
  76:.\Generated_Source\PSoC5/P2_Clock.c **** *
  77:.\Generated_Source\PSoC5/P2_Clock.c **** * \return
  78:.\Generated_Source\PSoC5/P2_Clock.c **** *  None
  79:.\Generated_Source\PSoC5/P2_Clock.c **** *
  80:.\Generated_Source\PSoC5/P2_Clock.c **** * \sideeffect
  81:.\Generated_Source\PSoC5/P2_Clock.c **** *  If you use read-modify-write operations that are not atomic, the ISR can
  82:.\Generated_Source\PSoC5/P2_Clock.c **** *  cause corruption of this function. An ISR that interrupts this function 
  83:.\Generated_Source\PSoC5/P2_Clock.c **** *  and performs writes to the Pins component Drive Mode registers can cause 
  84:.\Generated_Source\PSoC5/P2_Clock.c **** *  corrupted port data. To avoid this issue, you should either use the Per-Pin
  85:.\Generated_Source\PSoC5/P2_Clock.c **** *  APIs (primary method) or disable interrupts around this function.
  86:.\Generated_Source\PSoC5/P2_Clock.c **** *
  87:.\Generated_Source\PSoC5/P2_Clock.c **** * \funcusage
  88:.\Generated_Source\PSoC5/P2_Clock.c **** *  \snippet P2_Clock_SUT.c usage_P2_Clock_SetDriveMode
  89:.\Generated_Source\PSoC5/P2_Clock.c **** *******************************************************************************/
  90:.\Generated_Source\PSoC5/P2_Clock.c **** void P2_Clock_SetDriveMode(uint8 mode)
  91:.\Generated_Source\PSoC5/P2_Clock.c **** {
 246              		.loc 1 91 0
 247              		.cfi_startproc
 248              		@ args = 0, pretend = 0, frame = 0
 249              		@ frame_needed = 0, uses_anonymous_args = 0
 250              		@ link register save eliminated.
 251              	.LVL4:
  92:.\Generated_Source\PSoC5/P2_Clock.c **** 	CyPins_SetPinDriveMode(P2_Clock_0, mode);
 252              		.loc 1 92 0
 253 0000 044A     		ldr	r2, .L5
 254 0002 00F00E00 		and	r0, r0, #14
 255              	.LVL5:
 256 0006 1378     		ldrb	r3, [r2]	@ zero_extendqisi2
 257 0008 03F0F103 		and	r3, r3, #241
ARM GAS  C:\Users\Thomas\AppData\Local\Temp\ccPUX3mM.s 			page 17


 258 000c 1843     		orrs	r0, r0, r3
 259 000e 1070     		strb	r0, [r2]
 260 0010 7047     		bx	lr
 261              	.L6:
 262 0012 00BF     		.align	2
 263              	.L5:
 264 0014 02500040 		.word	1073762306
 265              		.cfi_endproc
 266              	.LFE1:
 267              		.size	P2_Clock_SetDriveMode, .-P2_Clock_SetDriveMode
 268              		.section	.text.P2_Clock_Read,"ax",%progbits
 269              		.align	2
 270              		.global	P2_Clock_Read
 271              		.thumb
 272              		.thumb_func
 273              		.type	P2_Clock_Read, %function
 274              	P2_Clock_Read:
 275              	.LFB2:
  93:.\Generated_Source\PSoC5/P2_Clock.c **** }
  94:.\Generated_Source\PSoC5/P2_Clock.c **** 
  95:.\Generated_Source\PSoC5/P2_Clock.c **** 
  96:.\Generated_Source\PSoC5/P2_Clock.c **** /*******************************************************************************
  97:.\Generated_Source\PSoC5/P2_Clock.c **** * Function Name: P2_Clock_Read
  98:.\Generated_Source\PSoC5/P2_Clock.c **** ****************************************************************************//**
  99:.\Generated_Source\PSoC5/P2_Clock.c **** *
 100:.\Generated_Source\PSoC5/P2_Clock.c **** * \brief Reads the associated physical port (pin status register) and masks 
 101:.\Generated_Source\PSoC5/P2_Clock.c **** *  the required bits according to the width and bit position of the component
 102:.\Generated_Source\PSoC5/P2_Clock.c **** *  instance. 
 103:.\Generated_Source\PSoC5/P2_Clock.c **** *
 104:.\Generated_Source\PSoC5/P2_Clock.c **** * The pin's status register returns the current logic level present on the 
 105:.\Generated_Source\PSoC5/P2_Clock.c **** * physical pin.
 106:.\Generated_Source\PSoC5/P2_Clock.c **** *
 107:.\Generated_Source\PSoC5/P2_Clock.c **** * \return 
 108:.\Generated_Source\PSoC5/P2_Clock.c **** *  The current value for the pins in the component as a right justified number.
 109:.\Generated_Source\PSoC5/P2_Clock.c **** *
 110:.\Generated_Source\PSoC5/P2_Clock.c **** * \funcusage
 111:.\Generated_Source\PSoC5/P2_Clock.c **** *  \snippet P2_Clock_SUT.c usage_P2_Clock_Read  
 112:.\Generated_Source\PSoC5/P2_Clock.c **** *******************************************************************************/
 113:.\Generated_Source\PSoC5/P2_Clock.c **** uint8 P2_Clock_Read(void)
 114:.\Generated_Source\PSoC5/P2_Clock.c **** {
 276              		.loc 1 114 0
 277              		.cfi_startproc
 278              		@ args = 0, pretend = 0, frame = 0
 279              		@ frame_needed = 0, uses_anonymous_args = 0
 280              		@ link register save eliminated.
 115:.\Generated_Source\PSoC5/P2_Clock.c ****     return (P2_Clock_PS & P2_Clock_MASK) >> P2_Clock_SHIFT;
 281              		.loc 1 115 0
 282 0000 024B     		ldr	r3, .L8
 283 0002 1878     		ldrb	r0, [r3]	@ zero_extendqisi2
 116:.\Generated_Source\PSoC5/P2_Clock.c **** }
 284              		.loc 1 116 0
 285 0004 C0F38000 		ubfx	r0, r0, #2, #1
 286 0008 7047     		bx	lr
 287              	.L9:
 288 000a 00BF     		.align	2
 289              	.L8:
 290 000c 01510040 		.word	1073762561
ARM GAS  C:\Users\Thomas\AppData\Local\Temp\ccPUX3mM.s 			page 18


 291              		.cfi_endproc
 292              	.LFE2:
 293              		.size	P2_Clock_Read, .-P2_Clock_Read
 294              		.section	.text.P2_Clock_ReadDataReg,"ax",%progbits
 295              		.align	2
 296              		.global	P2_Clock_ReadDataReg
 297              		.thumb
 298              		.thumb_func
 299              		.type	P2_Clock_ReadDataReg, %function
 300              	P2_Clock_ReadDataReg:
 301              	.LFB3:
 117:.\Generated_Source\PSoC5/P2_Clock.c **** 
 118:.\Generated_Source\PSoC5/P2_Clock.c **** 
 119:.\Generated_Source\PSoC5/P2_Clock.c **** /*******************************************************************************
 120:.\Generated_Source\PSoC5/P2_Clock.c **** * Function Name: P2_Clock_ReadDataReg
 121:.\Generated_Source\PSoC5/P2_Clock.c **** ****************************************************************************//**
 122:.\Generated_Source\PSoC5/P2_Clock.c **** *
 123:.\Generated_Source\PSoC5/P2_Clock.c **** * \brief Reads the associated physical port's data output register and masks 
 124:.\Generated_Source\PSoC5/P2_Clock.c **** *  the correct bits according to the width and bit position of the component 
 125:.\Generated_Source\PSoC5/P2_Clock.c **** *  instance. 
 126:.\Generated_Source\PSoC5/P2_Clock.c **** *
 127:.\Generated_Source\PSoC5/P2_Clock.c **** * The data output register controls the signal applied to the physical pin in 
 128:.\Generated_Source\PSoC5/P2_Clock.c **** * conjunction with the drive mode parameter. This is not the same as the 
 129:.\Generated_Source\PSoC5/P2_Clock.c **** * preferred P2_Clock_Read() API because the 
 130:.\Generated_Source\PSoC5/P2_Clock.c **** * P2_Clock_ReadDataReg() reads the data register instead of the status 
 131:.\Generated_Source\PSoC5/P2_Clock.c **** * register. For output pins this is a useful function to determine the value 
 132:.\Generated_Source\PSoC5/P2_Clock.c **** * just written to the pin.
 133:.\Generated_Source\PSoC5/P2_Clock.c **** *
 134:.\Generated_Source\PSoC5/P2_Clock.c **** * \return 
 135:.\Generated_Source\PSoC5/P2_Clock.c **** *  The current value of the data register masked and shifted into a right 
 136:.\Generated_Source\PSoC5/P2_Clock.c **** *  justified number for the component instance.
 137:.\Generated_Source\PSoC5/P2_Clock.c **** *
 138:.\Generated_Source\PSoC5/P2_Clock.c **** * \funcusage
 139:.\Generated_Source\PSoC5/P2_Clock.c **** *  \snippet P2_Clock_SUT.c usage_P2_Clock_ReadDataReg 
 140:.\Generated_Source\PSoC5/P2_Clock.c **** *******************************************************************************/
 141:.\Generated_Source\PSoC5/P2_Clock.c **** uint8 P2_Clock_ReadDataReg(void)
 142:.\Generated_Source\PSoC5/P2_Clock.c **** {
 302              		.loc 1 142 0
 303              		.cfi_startproc
 304              		@ args = 0, pretend = 0, frame = 0
 305              		@ frame_needed = 0, uses_anonymous_args = 0
 306              		@ link register save eliminated.
 143:.\Generated_Source\PSoC5/P2_Clock.c ****     return (P2_Clock_DR & P2_Clock_MASK) >> P2_Clock_SHIFT;
 307              		.loc 1 143 0
 308 0000 024B     		ldr	r3, .L11
 309 0002 1878     		ldrb	r0, [r3]	@ zero_extendqisi2
 144:.\Generated_Source\PSoC5/P2_Clock.c **** }
 310              		.loc 1 144 0
 311 0004 C0F38000 		ubfx	r0, r0, #2, #1
 312 0008 7047     		bx	lr
 313              	.L12:
 314 000a 00BF     		.align	2
 315              	.L11:
 316 000c 00510040 		.word	1073762560
 317              		.cfi_endproc
 318              	.LFE3:
 319              		.size	P2_Clock_ReadDataReg, .-P2_Clock_ReadDataReg
ARM GAS  C:\Users\Thomas\AppData\Local\Temp\ccPUX3mM.s 			page 19


 320              		.text
 321              	.Letext0:
 322              		.file 2 ".\\Generated_Source\\PSoC5\\cytypes.h"
 323              		.section	.debug_info,"",%progbits
 324              	.Ldebug_info0:
 325 0000 1D010000 		.4byte	0x11d
 326 0004 0400     		.2byte	0x4
 327 0006 00000000 		.4byte	.Ldebug_abbrev0
 328 000a 04       		.byte	0x4
 329 000b 01       		.uleb128 0x1
 330 000c 1E010000 		.4byte	.LASF20
 331 0010 01       		.byte	0x1
 332 0011 57000000 		.4byte	.LASF21
 333 0015 AC000000 		.4byte	.LASF22
 334 0019 00000000 		.4byte	.Ldebug_ranges0+0
 335 001d 00000000 		.4byte	0
 336 0021 00000000 		.4byte	.Ldebug_line0
 337 0025 02       		.uleb128 0x2
 338 0026 01       		.byte	0x1
 339 0027 06       		.byte	0x6
 340 0028 F9010000 		.4byte	.LASF0
 341 002c 02       		.uleb128 0x2
 342 002d 01       		.byte	0x1
 343 002e 08       		.byte	0x8
 344 002f 49000000 		.4byte	.LASF1
 345 0033 02       		.uleb128 0x2
 346 0034 02       		.byte	0x2
 347 0035 05       		.byte	0x5
 348 0036 CA010000 		.4byte	.LASF2
 349 003a 02       		.uleb128 0x2
 350 003b 02       		.byte	0x2
 351 003c 07       		.byte	0x7
 352 003d 92000000 		.4byte	.LASF3
 353 0041 02       		.uleb128 0x2
 354 0042 04       		.byte	0x4
 355 0043 05       		.byte	0x5
 356 0044 F0010000 		.4byte	.LASF4
 357 0048 02       		.uleb128 0x2
 358 0049 04       		.byte	0x4
 359 004a 07       		.byte	0x7
 360 004b 80000000 		.4byte	.LASF5
 361 004f 02       		.uleb128 0x2
 362 0050 08       		.byte	0x8
 363 0051 05       		.byte	0x5
 364 0052 10010000 		.4byte	.LASF6
 365 0056 02       		.uleb128 0x2
 366 0057 08       		.byte	0x8
 367 0058 07       		.byte	0x7
 368 0059 F4000000 		.4byte	.LASF7
 369 005d 03       		.uleb128 0x3
 370 005e 04       		.byte	0x4
 371 005f 05       		.byte	0x5
 372 0060 696E7400 		.ascii	"int\000"
 373 0064 02       		.uleb128 0x2
 374 0065 04       		.byte	0x4
 375 0066 07       		.byte	0x7
 376 0067 E7000000 		.4byte	.LASF8
ARM GAS  C:\Users\Thomas\AppData\Local\Temp\ccPUX3mM.s 			page 20


 377 006b 04       		.uleb128 0x4
 378 006c D4010000 		.4byte	.LASF12
 379 0070 02       		.byte	0x2
 380 0071 9201     		.2byte	0x192
 381 0073 2C000000 		.4byte	0x2c
 382 0077 02       		.uleb128 0x2
 383 0078 04       		.byte	0x4
 384 0079 04       		.byte	0x4
 385 007a 35000000 		.4byte	.LASF9
 386 007e 02       		.uleb128 0x2
 387 007f 08       		.byte	0x8
 388 0080 04       		.byte	0x4
 389 0081 A5000000 		.4byte	.LASF10
 390 0085 02       		.uleb128 0x2
 391 0086 01       		.byte	0x1
 392 0087 08       		.byte	0x8
 393 0088 C5010000 		.4byte	.LASF11
 394 008c 04       		.uleb128 0x4
 395 008d 7B000000 		.4byte	.LASF13
 396 0091 02       		.byte	0x2
 397 0092 3C02     		.2byte	0x23c
 398 0094 98000000 		.4byte	0x98
 399 0098 05       		.uleb128 0x5
 400 0099 6B000000 		.4byte	0x6b
 401 009d 06       		.uleb128 0x6
 402 009e 15000000 		.4byte	.LASF14
 403 00a2 01       		.byte	0x1
 404 00a3 39       		.byte	0x39
 405 00a4 00000000 		.4byte	.LFB0
 406 00a8 18000000 		.4byte	.LFE0-.LFB0
 407 00ac 01       		.uleb128 0x1
 408 00ad 9C       		.byte	0x9c
 409 00ae D1000000 		.4byte	0xd1
 410 00b2 07       		.uleb128 0x7
 411 00b3 24000000 		.4byte	.LASF16
 412 00b7 01       		.byte	0x1
 413 00b8 39       		.byte	0x39
 414 00b9 6B000000 		.4byte	0x6b
 415 00bd 00000000 		.4byte	.LLST0
 416 00c1 08       		.uleb128 0x8
 417 00c2 2A000000 		.4byte	.LASF23
 418 00c6 01       		.byte	0x1
 419 00c7 3B       		.byte	0x3b
 420 00c8 6B000000 		.4byte	0x6b
 421 00cc 21000000 		.4byte	.LLST1
 422 00d0 00       		.byte	0
 423 00d1 06       		.uleb128 0x6
 424 00d2 DA010000 		.4byte	.LASF15
 425 00d6 01       		.byte	0x1
 426 00d7 5A       		.byte	0x5a
 427 00d8 00000000 		.4byte	.LFB1
 428 00dc 18000000 		.4byte	.LFE1-.LFB1
 429 00e0 01       		.uleb128 0x1
 430 00e1 9C       		.byte	0x9c
 431 00e2 F6000000 		.4byte	0xf6
 432 00e6 07       		.uleb128 0x7
 433 00e7 0B010000 		.4byte	.LASF17
ARM GAS  C:\Users\Thomas\AppData\Local\Temp\ccPUX3mM.s 			page 21


 434 00eb 01       		.byte	0x1
 435 00ec 5A       		.byte	0x5a
 436 00ed 6B000000 		.4byte	0x6b
 437 00f1 39000000 		.4byte	.LLST2
 438 00f5 00       		.byte	0
 439 00f6 09       		.uleb128 0x9
 440 00f7 3B000000 		.4byte	.LASF18
 441 00fb 01       		.byte	0x1
 442 00fc 71       		.byte	0x71
 443 00fd 6B000000 		.4byte	0x6b
 444 0101 00000000 		.4byte	.LFB2
 445 0105 10000000 		.4byte	.LFE2-.LFB2
 446 0109 01       		.uleb128 0x1
 447 010a 9C       		.byte	0x9c
 448 010b 09       		.uleb128 0x9
 449 010c 00000000 		.4byte	.LASF19
 450 0110 01       		.byte	0x1
 451 0111 8D       		.byte	0x8d
 452 0112 6B000000 		.4byte	0x6b
 453 0116 00000000 		.4byte	.LFB3
 454 011a 10000000 		.4byte	.LFE3-.LFB3
 455 011e 01       		.uleb128 0x1
 456 011f 9C       		.byte	0x9c
 457 0120 00       		.byte	0
 458              		.section	.debug_abbrev,"",%progbits
 459              	.Ldebug_abbrev0:
 460 0000 01       		.uleb128 0x1
 461 0001 11       		.uleb128 0x11
 462 0002 01       		.byte	0x1
 463 0003 25       		.uleb128 0x25
 464 0004 0E       		.uleb128 0xe
 465 0005 13       		.uleb128 0x13
 466 0006 0B       		.uleb128 0xb
 467 0007 03       		.uleb128 0x3
 468 0008 0E       		.uleb128 0xe
 469 0009 1B       		.uleb128 0x1b
 470 000a 0E       		.uleb128 0xe
 471 000b 55       		.uleb128 0x55
 472 000c 17       		.uleb128 0x17
 473 000d 11       		.uleb128 0x11
 474 000e 01       		.uleb128 0x1
 475 000f 10       		.uleb128 0x10
 476 0010 17       		.uleb128 0x17
 477 0011 00       		.byte	0
 478 0012 00       		.byte	0
 479 0013 02       		.uleb128 0x2
 480 0014 24       		.uleb128 0x24
 481 0015 00       		.byte	0
 482 0016 0B       		.uleb128 0xb
 483 0017 0B       		.uleb128 0xb
 484 0018 3E       		.uleb128 0x3e
 485 0019 0B       		.uleb128 0xb
 486 001a 03       		.uleb128 0x3
 487 001b 0E       		.uleb128 0xe
 488 001c 00       		.byte	0
 489 001d 00       		.byte	0
 490 001e 03       		.uleb128 0x3
ARM GAS  C:\Users\Thomas\AppData\Local\Temp\ccPUX3mM.s 			page 22


 491 001f 24       		.uleb128 0x24
 492 0020 00       		.byte	0
 493 0021 0B       		.uleb128 0xb
 494 0022 0B       		.uleb128 0xb
 495 0023 3E       		.uleb128 0x3e
 496 0024 0B       		.uleb128 0xb
 497 0025 03       		.uleb128 0x3
 498 0026 08       		.uleb128 0x8
 499 0027 00       		.byte	0
 500 0028 00       		.byte	0
 501 0029 04       		.uleb128 0x4
 502 002a 16       		.uleb128 0x16
 503 002b 00       		.byte	0
 504 002c 03       		.uleb128 0x3
 505 002d 0E       		.uleb128 0xe
 506 002e 3A       		.uleb128 0x3a
 507 002f 0B       		.uleb128 0xb
 508 0030 3B       		.uleb128 0x3b
 509 0031 05       		.uleb128 0x5
 510 0032 49       		.uleb128 0x49
 511 0033 13       		.uleb128 0x13
 512 0034 00       		.byte	0
 513 0035 00       		.byte	0
 514 0036 05       		.uleb128 0x5
 515 0037 35       		.uleb128 0x35
 516 0038 00       		.byte	0
 517 0039 49       		.uleb128 0x49
 518 003a 13       		.uleb128 0x13
 519 003b 00       		.byte	0
 520 003c 00       		.byte	0
 521 003d 06       		.uleb128 0x6
 522 003e 2E       		.uleb128 0x2e
 523 003f 01       		.byte	0x1
 524 0040 3F       		.uleb128 0x3f
 525 0041 19       		.uleb128 0x19
 526 0042 03       		.uleb128 0x3
 527 0043 0E       		.uleb128 0xe
 528 0044 3A       		.uleb128 0x3a
 529 0045 0B       		.uleb128 0xb
 530 0046 3B       		.uleb128 0x3b
 531 0047 0B       		.uleb128 0xb
 532 0048 27       		.uleb128 0x27
 533 0049 19       		.uleb128 0x19
 534 004a 11       		.uleb128 0x11
 535 004b 01       		.uleb128 0x1
 536 004c 12       		.uleb128 0x12
 537 004d 06       		.uleb128 0x6
 538 004e 40       		.uleb128 0x40
 539 004f 18       		.uleb128 0x18
 540 0050 9742     		.uleb128 0x2117
 541 0052 19       		.uleb128 0x19
 542 0053 01       		.uleb128 0x1
 543 0054 13       		.uleb128 0x13
 544 0055 00       		.byte	0
 545 0056 00       		.byte	0
 546 0057 07       		.uleb128 0x7
 547 0058 05       		.uleb128 0x5
ARM GAS  C:\Users\Thomas\AppData\Local\Temp\ccPUX3mM.s 			page 23


 548 0059 00       		.byte	0
 549 005a 03       		.uleb128 0x3
 550 005b 0E       		.uleb128 0xe
 551 005c 3A       		.uleb128 0x3a
 552 005d 0B       		.uleb128 0xb
 553 005e 3B       		.uleb128 0x3b
 554 005f 0B       		.uleb128 0xb
 555 0060 49       		.uleb128 0x49
 556 0061 13       		.uleb128 0x13
 557 0062 02       		.uleb128 0x2
 558 0063 17       		.uleb128 0x17
 559 0064 00       		.byte	0
 560 0065 00       		.byte	0
 561 0066 08       		.uleb128 0x8
 562 0067 34       		.uleb128 0x34
 563 0068 00       		.byte	0
 564 0069 03       		.uleb128 0x3
 565 006a 0E       		.uleb128 0xe
 566 006b 3A       		.uleb128 0x3a
 567 006c 0B       		.uleb128 0xb
 568 006d 3B       		.uleb128 0x3b
 569 006e 0B       		.uleb128 0xb
 570 006f 49       		.uleb128 0x49
 571 0070 13       		.uleb128 0x13
 572 0071 02       		.uleb128 0x2
 573 0072 17       		.uleb128 0x17
 574 0073 00       		.byte	0
 575 0074 00       		.byte	0
 576 0075 09       		.uleb128 0x9
 577 0076 2E       		.uleb128 0x2e
 578 0077 00       		.byte	0
 579 0078 3F       		.uleb128 0x3f
 580 0079 19       		.uleb128 0x19
 581 007a 03       		.uleb128 0x3
 582 007b 0E       		.uleb128 0xe
 583 007c 3A       		.uleb128 0x3a
 584 007d 0B       		.uleb128 0xb
 585 007e 3B       		.uleb128 0x3b
 586 007f 0B       		.uleb128 0xb
 587 0080 27       		.uleb128 0x27
 588 0081 19       		.uleb128 0x19
 589 0082 49       		.uleb128 0x49
 590 0083 13       		.uleb128 0x13
 591 0084 11       		.uleb128 0x11
 592 0085 01       		.uleb128 0x1
 593 0086 12       		.uleb128 0x12
 594 0087 06       		.uleb128 0x6
 595 0088 40       		.uleb128 0x40
 596 0089 18       		.uleb128 0x18
 597 008a 9742     		.uleb128 0x2117
 598 008c 19       		.uleb128 0x19
 599 008d 00       		.byte	0
 600 008e 00       		.byte	0
 601 008f 00       		.byte	0
 602              		.section	.debug_loc,"",%progbits
 603              	.Ldebug_loc0:
 604              	.LLST0:
ARM GAS  C:\Users\Thomas\AppData\Local\Temp\ccPUX3mM.s 			page 24


 605 0000 00000000 		.4byte	.LVL0
 606 0004 04000000 		.4byte	.LVL1
 607 0008 0100     		.2byte	0x1
 608 000a 50       		.byte	0x50
 609 000b 04000000 		.4byte	.LVL1
 610 000f 18000000 		.4byte	.LFE0
 611 0013 0400     		.2byte	0x4
 612 0015 F3       		.byte	0xf3
 613 0016 01       		.uleb128 0x1
 614 0017 50       		.byte	0x50
 615 0018 9F       		.byte	0x9f
 616 0019 00000000 		.4byte	0
 617 001d 00000000 		.4byte	0
 618              	.LLST1:
 619 0021 06000000 		.4byte	.LVL2
 620 0025 0E000000 		.4byte	.LVL3
 621 0029 0600     		.2byte	0x6
 622 002b 73       		.byte	0x73
 623 002c 00       		.sleb128 0
 624 002d 09       		.byte	0x9
 625 002e FB       		.byte	0xfb
 626 002f 1A       		.byte	0x1a
 627 0030 9F       		.byte	0x9f
 628 0031 00000000 		.4byte	0
 629 0035 00000000 		.4byte	0
 630              	.LLST2:
 631 0039 00000000 		.4byte	.LVL4
 632 003d 06000000 		.4byte	.LVL5
 633 0041 0100     		.2byte	0x1
 634 0043 50       		.byte	0x50
 635 0044 06000000 		.4byte	.LVL5
 636 0048 18000000 		.4byte	.LFE1
 637 004c 0400     		.2byte	0x4
 638 004e F3       		.byte	0xf3
 639 004f 01       		.uleb128 0x1
 640 0050 50       		.byte	0x50
 641 0051 9F       		.byte	0x9f
 642 0052 00000000 		.4byte	0
 643 0056 00000000 		.4byte	0
 644              		.section	.debug_aranges,"",%progbits
 645 0000 34000000 		.4byte	0x34
 646 0004 0200     		.2byte	0x2
 647 0006 00000000 		.4byte	.Ldebug_info0
 648 000a 04       		.byte	0x4
 649 000b 00       		.byte	0
 650 000c 0000     		.2byte	0
 651 000e 0000     		.2byte	0
 652 0010 00000000 		.4byte	.LFB0
 653 0014 18000000 		.4byte	.LFE0-.LFB0
 654 0018 00000000 		.4byte	.LFB1
 655 001c 18000000 		.4byte	.LFE1-.LFB1
 656 0020 00000000 		.4byte	.LFB2
 657 0024 10000000 		.4byte	.LFE2-.LFB2
 658 0028 00000000 		.4byte	.LFB3
 659 002c 10000000 		.4byte	.LFE3-.LFB3
 660 0030 00000000 		.4byte	0
 661 0034 00000000 		.4byte	0
ARM GAS  C:\Users\Thomas\AppData\Local\Temp\ccPUX3mM.s 			page 25


 662              		.section	.debug_ranges,"",%progbits
 663              	.Ldebug_ranges0:
 664 0000 00000000 		.4byte	.LFB0
 665 0004 18000000 		.4byte	.LFE0
 666 0008 00000000 		.4byte	.LFB1
 667 000c 18000000 		.4byte	.LFE1
 668 0010 00000000 		.4byte	.LFB2
 669 0014 10000000 		.4byte	.LFE2
 670 0018 00000000 		.4byte	.LFB3
 671 001c 10000000 		.4byte	.LFE3
 672 0020 00000000 		.4byte	0
 673 0024 00000000 		.4byte	0
 674              		.section	.debug_line,"",%progbits
 675              	.Ldebug_line0:
 676 0000 97000000 		.section	.debug_str,"MS",%progbits,1
 676      02004700 
 676      00000201 
 676      FB0E0D00 
 676      01010101 
 677              	.LASF19:
 678 0000 50325F43 		.ascii	"P2_Clock_ReadDataReg\000"
 678      6C6F636B 
 678      5F526561 
 678      64446174 
 678      61526567 
 679              	.LASF14:
 680 0015 50325F43 		.ascii	"P2_Clock_Write\000"
 680      6C6F636B 
 680      5F577269 
 680      746500
 681              	.LASF16:
 682 0024 76616C75 		.ascii	"value\000"
 682      6500
 683              	.LASF23:
 684 002a 73746174 		.ascii	"staticBits\000"
 684      69634269 
 684      747300
 685              	.LASF9:
 686 0035 666C6F61 		.ascii	"float\000"
 686      7400
 687              	.LASF18:
 688 003b 50325F43 		.ascii	"P2_Clock_Read\000"
 688      6C6F636B 
 688      5F526561 
 688      6400
 689              	.LASF1:
 690 0049 756E7369 		.ascii	"unsigned char\000"
 690      676E6564 
 690      20636861 
 690      7200
 691              	.LASF21:
 692 0057 2E5C4765 		.ascii	".\\Generated_Source\\PSoC5\\P2_Clock.c\000"
 692      6E657261 
 692      7465645F 
 692      536F7572 
 692      63655C50 
 693              	.LASF13:
ARM GAS  C:\Users\Thomas\AppData\Local\Temp\ccPUX3mM.s 			page 26


 694 007b 72656738 		.ascii	"reg8\000"
 694      00
 695              	.LASF5:
 696 0080 6C6F6E67 		.ascii	"long unsigned int\000"
 696      20756E73 
 696      69676E65 
 696      6420696E 
 696      7400
 697              	.LASF3:
 698 0092 73686F72 		.ascii	"short unsigned int\000"
 698      7420756E 
 698      7369676E 
 698      65642069 
 698      6E7400
 699              	.LASF10:
 700 00a5 646F7562 		.ascii	"double\000"
 700      6C6500
 701              	.LASF22:
 702 00ac 433A5C55 		.ascii	"C:\\Users\\Thomas\\Documents\\PSoC Creator\\TASBot\\"
 702      73657273 
 702      5C54686F 
 702      6D61735C 
 702      446F6375 
 703 00da 54415342 		.ascii	"TASBot.cydsn\000"
 703      6F742E63 
 703      7964736E 
 703      00
 704              	.LASF8:
 705 00e7 756E7369 		.ascii	"unsigned int\000"
 705      676E6564 
 705      20696E74 
 705      00
 706              	.LASF7:
 707 00f4 6C6F6E67 		.ascii	"long long unsigned int\000"
 707      206C6F6E 
 707      6720756E 
 707      7369676E 
 707      65642069 
 708              	.LASF17:
 709 010b 6D6F6465 		.ascii	"mode\000"
 709      00
 710              	.LASF6:
 711 0110 6C6F6E67 		.ascii	"long long int\000"
 711      206C6F6E 
 711      6720696E 
 711      7400
 712              	.LASF20:
 713 011e 474E5520 		.ascii	"GNU C 4.9.3 20150303 (release) [ARM/embedded-4_9-br"
 713      4320342E 
 713      392E3320 
 713      32303135 
 713      30333033 
 714 0151 616E6368 		.ascii	"anch revision 221220] -mcpu=cortex-m3 -mthumb -g -O"
 714      20726576 
 714      6973696F 
 714      6E203232 
 714      31323230 
ARM GAS  C:\Users\Thomas\AppData\Local\Temp\ccPUX3mM.s 			page 27


 715 0184 33202D66 		.ascii	"3 -ffunction-sections -finline-functions -flto -ffa"
 715      66756E63 
 715      74696F6E 
 715      2D736563 
 715      74696F6E 
 716 01b7 742D6C74 		.ascii	"t-lto-objects\000"
 716      6F2D6F62 
 716      6A656374 
 716      7300
 717              	.LASF11:
 718 01c5 63686172 		.ascii	"char\000"
 718      00
 719              	.LASF2:
 720 01ca 73686F72 		.ascii	"short int\000"
 720      7420696E 
 720      7400
 721              	.LASF12:
 722 01d4 75696E74 		.ascii	"uint8\000"
 722      3800
 723              	.LASF15:
 724 01da 50325F43 		.ascii	"P2_Clock_SetDriveMode\000"
 724      6C6F636B 
 724      5F536574 
 724      44726976 
 724      654D6F64 
 725              	.LASF4:
 726 01f0 6C6F6E67 		.ascii	"long int\000"
 726      20696E74 
 726      00
 727              	.LASF0:
 728 01f9 7369676E 		.ascii	"signed char\000"
 728      65642063 
 728      68617200 
 729              		.comm	__gnu_lto_v1,1,1
 730              		.ident	"GCC: (GNU Tools for ARM Embedded Processors) 4.9.3 20150303 (release) [ARM/embedded-4_9-br
