ARM GAS  C:\Users\Thomas\AppData\Local\Temp\ccQCUPY1.s 			page 1


   1              		.syntax unified
   2              		.cpu cortex-m3
   3              		.fpu softvfp
   4              		.eabi_attribute 20, 1
   5              		.eabi_attribute 21, 1
   6              		.eabi_attribute 23, 3
   7              		.eabi_attribute 24, 1
   8              		.eabi_attribute 25, 1
   9              		.eabi_attribute 26, 1
  10              		.eabi_attribute 30, 2
  11              		.eabi_attribute 34, 1
  12              		.eabi_attribute 18, 4
  13              		.thumb
  14              		.file	"P2_Clock_4.c"
  15              		.text
  16              	.Ltext0:
  17              		.section	.gnu.lto_.profile.b949bad7,"",%progbits
  18 0000 789C6366 		.ascii	"x\234cf```a\200\000F\0061!\000\000\262\0001"
  18      60606061 
  18      80004606 
  18      31210000 
  18      B20031
  19              		.text
  20              		.section	.gnu.lto_.jmpfuncs.b949bad7,"",%progbits
  21 0000 789C6366 		.ascii	"x\234cf\300\016\204\2404\013\003##c=#\210`b``\006\212"
  21      C00E84A0 
  21      340B0323 
  21      23633D23 
  21      88606260 
  22 0017 00000DC0 		.ascii	"\000\000\015\300\001$"
  22      0124
  23              		.text
  24              		.section	.gnu.lto_.inline.b949bad7,"",%progbits
  25 0000 789C6366 		.ascii	"x\234cf\300\016\022\2404\013\003\003\007;##\003#\003"
  25      C00E12A0 
  25      340B0303 
  25      073B2323 
  25      032303
  26 0013 0333C701 		.ascii	"\0033\307\001;\006\266\005\362L\014L\027\370Y@\222\214"
  26      3B06B605 
  26      F24C0C4C 
  26      17F85940 
  26      928C
  27 0025 78E49818 		.ascii	"x\344\230\030XY\030\031\230X\026\310C\304\201\200\031"
  27      58591819 
  27      985816C8 
  27      43C48180 
  27      19
  28 0036 53880100 		.ascii	"S\210\001\000\322\320\011("
  28      D2D00928 
  29              		.text
  30              		.section	.gnu.lto_.pureconst.b949bad7,"",%progbits
  31 0000 789C6366 		.ascii	"x\234cf``\340d\200\000\026\006)F)&)f)\000\002\305\000"
  31      6060E064 
  31      80001606 
  31      29462926 
  31      29662900 
ARM GAS  C:\Users\Thomas\AppData\Local\Temp\ccQCUPY1.s 			page 2


  32 0017 7F       		.ascii	"\177"
  33              		.text
  34              		.section	.gnu.lto_P2_Clock_4_Write.b949bad7,"",%progbits
  35 0000 789C6591 		.ascii	"x\234e\221Oh\023A\024\306\3377\263\233\204TTz\314\265"
  35      4F681341 
  35      14C6DF37 
  35      B39B8454 
  35      547ACCB5 
  36 0014 C412900A 		.ascii	"\304\022\220\012\242\007ob\017^\003\275\006B\210{\010"
  36      A2076F62 
  36      0F5E03BD 
  36      0642887B 
  36      08
  37 0025 16036DEA 		.ascii	"\026\003m\3525\2636x\020\205\264\010J\245\245\177\250"
  37      35B33678 
  37      1085B408 
  37      4AA5A57F 
  37      A8
  38 0036 FFA2498C 		.ascii	"\377\242I\214\022O\221m\351M4\304\203B\321\252\020E"
  38      124F916D 
  38      E94D34C4 
  38      8342D1AA 
  38      1045
  39 0048 C1832562 		.ascii	"\301\203%b\215\325\3047;\027K\007fg\366\361\375\336"
  39      8DD5C437 
  39      3B174B07 
  39      6667F6F1 
  39      FDDE
  40 005a FBDE1B49 		.ascii	"\373\336\033I\373W\204w\017D\247\370\204$\210\342K\""
  40      FB578477 
  40      0F44A7F8 
  40      842488E2 
  40      4B22
  41 006c 3724007D 		.ascii	"7$\000}!P^ \217\257b[\240\350\225n\016\014\257*\245"
  41      21505E20 
  41      8FAF625B 
  41      A0E8956E 
  41      0E0CAF2A 
  42 0081 BECF36DD 		.ascii	"\276\3176\335\270\207\256 \352\010\223\007w0\314\232"
  42      B887AE20 
  42      EA089307 
  42      7730CC9A 
  43 0091 4E495D97 		.ascii	"NI]\2272\006\342{\265\365\242\027\214\256(u\311k\224"
  43      3206E27B 
  43      B5F5A217 
  43      8CAE2875 
  43      C96B94
  44 00a4 D5699603 		.ascii	"\325i\226\003w!\231\300\321\010b\021\342\000\341\036"
  44      772199C0 
  44      D1086211 
  44      E200E11E 
  45 00b4 A25A5CBB 		.ascii	"\242Z\\\273\266Q\027\362\230\017.=\377\270q`h\211\301"
  45      B65117F2 
  45      980F2E3D 
  45      FFB87160 
  45      6889C1
  46 00c7 0FBBF584 		.ascii	"\017\273\365\204\347.\252^\277\357\343\367\377\307\315"
ARM GAS  C:\Users\Thomas\AppData\Local\Temp\ccQCUPY1.s 			page 3


  46      E72EAA5E 
  46      BFEFE3F7 
  46      FFC7CD
  47 00d6 62FD76E1 		.ascii	"b\375v\341\357\233\201@\201\215\035F\011C\306\023\036"
  47      EF9B8140 
  47      818D1D46 
  47      0943C613 
  47      1E
  48 00e7 20C07D41 		.ascii	" \300}AG*\203\236\352\367\0377\326~#$\270\254\340F9"
  48      472A839E 
  48      EAF71F37 
  48      D67E2324 
  48      B8ACE046 
  49 00fc 6C4157B7 		.ascii	"lAW\267u \240?Dm\336\272\357O\374\303\247\334\304\372"
  49      7520A03F 
  49      446DDEBA 
  49      EF4FFCC3 
  49      A7DCC4FA 
  50 0110 CF2B5B37 		.ascii	"\317+[7\202:\331\216\320C\370\326\375\363*\374Et\205"
  50      823AD98E 
  50      D043F8D6 
  50      FDF32AFC 
  50      457485
  51 0123 54CBAEB2 		.ascii	"T\313\256\262t\371\367\355f+\344\207|7\317\256\256\275"
  51      74F9F7ED 
  51      662BE487 
  51      7C37CFAE 
  51      AEBD
  52 0135 0BCEE396 		.ascii	"\013\316\343\226[`\313\026\036\"\2022\330-*\230\007"
  52      5B60CB16 
  52      1E228232 
  52      D82D2A98 
  52      07
  53 0146 6D62FAD7 		.ascii	"mb\372\327\345\2670\011\245\31193\363d\341\240N\000"
  53      E5B73009 
  53      A5C93933 
  53      F364E1A0 
  53      4E00
  54 0158 7E095459 		.ascii	"~\011TY\374\032\302\367\317&Ye\240\317OmC\331;\302b"
  54      FC1AC2F7 
  54      CF265965 
  54      A0CF4F6D 
  54      43D93BC2 
  55 016d AA35777B 		.ascii	"\2525w{\372\220\246,\206\0361\304\252\037\001#1*\015"
  55      FA90A62C 
  55      861E31C4 
  55      AA1F0123 
  55      312A0D
  56 0180 AECFFAB5 		.ascii	"\256\317\372\265\366\370r={\257\263\032;c\210\266\340"
  56      F6F8723D 
  56      7BAFB31A 
  56      3B6388B6 
  56      E0
  57 0191 7ABB7E15 		.ascii	"z\273~\025=\3316?\017\017\201Grd$q\326\271\340L\244"
  57      3DD9363F 
  57      0F0F8147 
  57      72642471 
ARM GAS  C:\Users\Thomas\AppData\Local\Temp\ccQCUPY1.s 			page 4


  57      D6B9E04C 
  58 01a6 72CEB9E4 		.ascii	"r\316\271\344Xvj\"\355$\342c\331\321\223\211\370\361"
  58      58766A22 
  58      ED24E263 
  58      D9D19389 
  58      F8F1
  59 01b8 E4E87836 		.ascii	"\344\350x6}>yb$M\366\305\324\370\224\023\236\314\245"
  59      7D3E7962 
  59      244DF6C5 
  59      D4F89413 
  59      9ECCA5
  60 01cb 7299F499 		.ascii	"r\231\364\231Ln\362\037Lv\301\255"
  60      4C6EF21F 
  60      4C76C1AD 
  61              		.text
  62              		.section	.gnu.lto_P2_Clock_4_SetDriveMode.b949bad7,"",%progbits
  63 0000 789C7D51 		.ascii	"x\234}Q;H\003A\020\235\267{\227\017A\021A\220\364Q\004"
  63      3B480341 
  63      109DB77B 
  63      970F4111 
  63      4190F451 
  64 0015 8D20DA0B 		.ascii	"\215 \332\013\202\266\201\264\201 \361*?\001\321:\033"
  64      82B681B4 
  64      8120F12A 
  64      3F01D13A 
  64      1B
  65 0026 8D8D5AA8 		.ascii	"\215\215Z\250\225 \202(\222\370\215`a\033\304.\242("
  65      95208228 
  65      92F88D60 
  65      611BC42E 
  65      A228
  66 0038 8228189B 		.ascii	"\202(\030\233\370I\241\030\0245\210\304\331\213E@p\271"
  66      F849A118 
  66      143588C4 
  66      D98B4540 
  66      70B9
  67 004a 9D9D37BC 		.ascii	"\235\2357\274\367nvV\322\337\345\345]\000Q\033\237\220"
  67      F76E7656 
  67      D2DFE5E5 
  67      5D00511B 
  67      9F90
  68 005c 04317742 		.ascii	"\0041wB\024w\011@'\004\212\011\304P\020E\201\271\314"
  68      14770940 
  68      27048A09 
  68      C4501045 
  68      81B9CC
  69 006f D6A2A779 		.ascii	"\326\242\247y])\365\262z\3208\325X\022D\257\242b\203"
  69      5D29F5B2 
  69      7AD038D5 
  69      581244AF 
  69      A26283
  70 0082 249A99F2 		.ascii	"$\232\231\362P*$kd\013\210\363\357\371\313s\341[Sj\""
  70      502A246B 
  70      640B88F3 
  70      EFF9CB73 
  70      E15B536A 
  71 0097 73BCABBA 		.ascii	"s\274\253\272Qb\317\024$+\320\352E\213\227\270@\330"
ARM GAS  C:\Users\Thomas\AppData\Local\Temp\ccQCUPY1.s 			page 5


  71      5162CF14 
  71      242BD0EA 
  71      458B97B8 
  71      40D8
  72 00a9 804F938B 		.ascii	"\200O\223\213\211\357K\217#\301\336u\025Ol\302\301m"
  72      89EF4B8F 
  72      23C1DE75 
  72      154F6CC2 
  72      C16D
  73 00bb 51BA3EA3 		.ascii	"Q\272>\243\312\345\327\233\371T;<\2025Br\220\206\016"
  73      CAE5D79B 
  73      F9543B3C 
  73      82354272 
  73      90860E
  74 00ce 26B4DCA1 		.ascii	"&\264\334\241S\247\016.\035\334\232C\224\347\255op\307"
  74      53A70E2E 
  74      1DDC9A43 
  74      94E7AD6F 
  74      70C7
  75 00e0 804F798D 		.ascii	"\200Oy\215\303\367\351\373%C\373~\010}\235\213\354L"
  75      C3F7E9FB 
  75      2543FB7E 
  75      087D9D8B 
  75      EC4C
  76 00f2 C3A32809 		.ascii	"\303\243(\011C\255\304\225\241\233\270\315\237\236\271"
  76      43ADC495 
  76      A19BB8CD 
  76      9F9EB9
  77 0101 EC126938 		.ascii	"\354\022i8\233[\2352\227\261\024Op\357&\266\340\305"
  77      9B5B9D32 
  77      97B1144F 
  77      70EF26B6 
  77      E0C5
  78 0113 36785ED8 		.ascii	"6x^\330\3012\350\032\0239g\305M\262!\343\311OG\005\033"
  78      C132E81A 
  78      133967C5 
  78      4DB221E3 
  78      C94F4705 
  79 0128 5C62FDD5 		.ascii	"\\b\375\325\363K\326\266\223\305\362\357\342Q\356\262"
  79      F34BD6B6 
  79      93C5F2EF 
  79      E251EEB2 
  80 0138 4595963F 		.ascii	"E\225\226?\263Z\353\344\022k\317\366\237\216L[[KH\333"
  80      B35AEBE4 
  80      126BCFF6 
  80      9F8E4C5B 
  80      5B4B48DB 
  81 014c 92C9B75F 		.ascii	"\222\311\267_\212\313\376\203\263\332\305\315U\306\207"
  81      8ACBFE83 
  81      B3DAC5CD 
  81      55C687
  82 015b 0BD0F8BF 		.ascii	"\013\320\370\277\336\367\270w\346S\016\361\314W\257"
  82      DEF7B877 
  82      E6530EF1 
  82      CC57AF
  83 016a 66EBE7CB 		.ascii	"f\353\347\313\363S\360\224xfM\376P\2375b\215\366\217"
  83      F353F094 
ARM GAS  C:\Users\Thomas\AppData\Local\Temp\ccQCUPY1.s 			page 6


  83      78664DFE 
  83      509F3562 
  83      8DF68F
  84 017d 5903E160 		.ascii	"Y\003\341`t|4b\205\002\301hOW(\320\021\356\031\212F"
  84      747C3462 
  84      8502C168 
  84      4F5728D0 
  84      11EE198A 
  85 0192 06C39DFE 		.ascii	"\006\303\235\376\010\031\303\321\001\353\007\215\001"
  85      0819C3D1 
  85      01EB078D 
  85      01
  86 019f B7A1     		.ascii	"\267\241"
  87              		.text
  88              		.section	.gnu.lto_P2_Clock_4_Read.b949bad7,"",%progbits
  89 0000 789C6366 		.ascii	"x\234cf\300\004R@\374\007\2105\200\230\221\231\201\221"
  89      C0045240 
  89      FC078835 
  89      80989199 
  89      8191
  90 0012 69C23906 		.ascii	"i\3029\006\206F\016&FF\020\203\201\221\241\236\211\261"
  90      86460E26 
  90      46461083 
  90      8191A19E 
  90      89B1
  91 0024 9EF125D3 		.ascii	"\236\361%\323G&\3063;\377]fT_\332\320\320\364a\322\336"
  91      4726C633 
  91      3BFF5D66 
  91      545FDAD0 
  91      D0F461D2 
  92 0039 3BDCAD12 		.ascii	";\334\255\022?\231\030\030>310\352H1j\202\314a\\\316"
  92      3F991818 
  92      3E333130 
  92      EA48316A 
  92      82CC615C 
  93 004e A8CE0054 		.ascii	"\250\316\000T\370\261\345\357un\266\226\206\206\006"
  93      F8B1E5EF 
  93      756EB696 
  93      868606
  94 005d 01903C50 		.ascii	"\001\220<Pb\005#\033#\220^/t\240\341\377\377\315_'v"
  94      6205231B 
  94      23905E2F 
  94      74A0E1FF 
  94      FFCD5F27 
  95 0072 5833B230 		.ascii	"X3\26201\374d\002\332\0102\204\341\011\220\000\331\367"
  95      31FC6402 
  95      DA083284 
  95      E1099000 
  95      D9F7
  96 0084 94890944 		.ascii	"\224\211\011D3\337b<\364\255\353\336<+\220\306\357L"
  96      33DF623C 
  96      F4ADEBDE 
  96      3C2B90C6 
  96      EF4C
  97 0096 20CBE7B6 		.ascii	" \313\347\266\317\355d|\301\364\223\211\251qQc\003\013"
  97      CFED647C 
  97      C1F49389 
ARM GAS  C:\Users\Thomas\AppData\Local\Temp\ccQCUPY1.s 			page 7


  97      A9715163 
  97      030B
  98 00a8 C89AFB4F 		.ascii	"\310\232\373O\316_\344\000\0131\200\270\313\273f|\347"
  98      CE5FE400 
  98      0B3180B8 
  98      CBBB667C 
  98      E7
  99 00b9 9DCB38BB 		.ascii	"\235\3138\273\261\205\361'\0233\343JF)\306U\214@g1\256"
  99      B185F127 
  99      1333E34A 
  99      4629C655 
  99      8C406731 
 100 00ce 669CCBC8 		.ascii	"f\234\313\310p\213\261\371G\233\016\304<f\210\221\027"
 100      708BB1F9 
 100      479B0EC4 
 100      3C668891 
 100      17
 101 00df 672D6BE6 		.ascii	"g-k\346\007\351\007\372\222q\015P\351=FF\250\002\260"
 101      07E907FA 
 101      92710D50 
 101      E93D4646 
 101      A802B0
 102 00f2 9318414E 		.ascii	"\223\030AN\001\232\255\246\027\343\236\232\227Z\224"
 102      019AADA6 
 102      17E39E9A 
 102      975A94
 103 0101 58929A12 		.ascii	"X\222\232\022\037\234_Z\224\234\032\023\020\234\357"
 103      1F9C5F5A 
 103      949C1A13 
 103      109CEF
 104 0110 6C1A1360 		.ascii	"l\032\023`\024\357\234\223\237\234\035o\242\227\314"
 104      14EF9C93 
 104      9F9C1D6F 
 104      A297CC
 105 011f 0000D7D0 		.ascii	"\000\000\327\320e\250"
 105      65A8
 106              		.text
 107              		.section	.gnu.lto_P2_Clock_4_ReadDataReg.b949bad7,"",%progbits
 108 0000 789C6366 		.ascii	"x\234cf\300\004R@\374\007\2105\200\230\221\231\201\221"
 108      C0045240 
 108      FC078835 
 108      80989199 
 108      8191
 109 0012 69C23906 		.ascii	"i\3029\006\206F\016&FF\020\203\201\221\241\236\211\261"
 109      86460E26 
 109      46461083 
 109      8191A19E 
 109      89B1
 110 0024 9EF125D3 		.ascii	"\236\361%\323G&\3063;\377]fT_\332\320\320\364\341\322"
 110      4726C633 
 110      3BFF5D66 
 110      545FDAD0 
 110      D0F4E1D2 
 111 0038 E53BDCAD 		.ascii	"\345;\334\255\022?\231\030\030>310\352H1j\202\314a\\"
 111      123F9918 
 111      183E3331 
 111      30EA4831 
ARM GAS  C:\Users\Thomas\AppData\Local\Temp\ccQCUPY1.s 			page 8


 111      6A82CC61 
 112 004d CEA8CE00 		.ascii	"\316\250\316\000T\370\261\345\357un\266\226\206\206"
 112      54F8B1E5 
 112      EF756EB6 
 112      968686
 113 005c 0601903C 		.ascii	"\006\001\220<Pb\005#\033#\220^/t\240\341\377\377\315"
 113      50620523 
 113      1B23905E 
 113      2F74A0E1 
 113      FFFFCD
 114 006f E7277568 		.ascii	"\347'uh1\26101\374d\002\332\0102\204\341\011\220\000"
 114      31B13031 
 114      FC6402DA 
 114      083284E1 
 114      099000
 115 0082 D9F79489 		.ascii	"\331\367\224\211\011D3\337b<\364\255\353\337J+\220\306"
 115      094433DF 
 115      623CF4AD 
 115      EBDF4A2B 
 115      90C6
 116 0094 EF4C20CB 		.ascii	"\357L \313\337\374\374s\211\353\005\323O&\246\206E\215"
 116      DFFCFC73 
 116      89EB05D3 
 116      4F26A686 
 116      458D
 117 00a6 0D2C206B 		.ascii	"\015, k\356?9\177\221\003,\304\000\342\356\3539x\227"
 117      EE3F397F 
 117      91032CC4 
 117      00E2EEEB 
 117      397897
 118 00b9 7D2EE3EC 		.ascii	"}.\343\354\306\026\306\237L\314\214+\031\245\030W1\002"
 118      C616C69F 
 118      4CCC8C2B 
 118      19A51857 
 118      3102
 119 00cb 9DC5B89A 		.ascii	"\235\305\270\232q.#\303-\306\346\037m:\020\363\230!"
 119      712E23C3 
 119      2DC6E61F 
 119      6D3A10F3 
 119      9821
 120 00dd 465E9CB5 		.ascii	"F^\234\265\254\231\037\244\037\350K\3065@\245\367\030"
 120      AC991FA4 
 120      1FE84BC6 
 120      3540A5F7 
 120      18
 121 00ee 19A10AC0 		.ascii	"\031\241\012\300Nb\0049\005h\266\232^\214{j^jQbIjJ|"
 121      4E620439 
 121      0568B69A 
 121      5E8C7B6A 
 121      5E6A5162 
 122 0106 707E6951 		.ascii	"p~iQrjL@p\276\263iL\200Q\274sN~rv\274\211^2\003\000"
 122      726A4C40 
 122      70BEB369 
 122      4C8051BC 
 122      734E7E72 
 123 0121 1E396787 		.ascii	"\0369g\207"
 124              		.text
ARM GAS  C:\Users\Thomas\AppData\Local\Temp\ccQCUPY1.s 			page 9


 125              		.section	.gnu.lto_.symbol_nodes.b949bad7,"",%progbits
 126 0000 789C6366 		.ascii	"x\234cf``pb\200\002&\206z\006\206\011\347\030\030\352"
 126      60607062 
 126      80022686 
 126      7A068609 
 126      E71818EA 
 127 0014 EB19E62D 		.ascii	"\353\031\346-\340``b\254gD\3413\3253\241\360\231\353"
 127      E0606062 
 127      AC6744E1 
 127      33D533A1 
 127      F099EB
 128 0027 9991F90C 		.ascii	"\231\221\371\014\0003\356\020\336"
 128      0033EE10 
 128      DE
 129              		.text
 130              		.section	.gnu.lto_.refs.b949bad7,"",%progbits
 131 0000 789C6366 		.ascii	"x\234cf```d\200\002\000\000=\000\005"
 131      60606064 
 131      80020000 
 131      3D0005
 132              		.text
 133              		.section	.gnu.lto_.decls.b949bad7,"",%progbits
 134 0000 789C8D92 		.ascii	"x\234\215\222_HSq\024\307\177\347\376\256Sos\3724c\004"
 134      5F485371 
 134      14C77FE7 
 134      FEAE536F 
 134      73FA3463 
 135 0015 0D022110 		.ascii	"\015\002!\020\037\372\003\276\025(\330K1\224\350Aa\214"
 135      1FFA03BE 
 135      1528D84B 
 135      3194E841 
 135      618C
 136 0027 7931315C 		.ascii	"y11\\\254\031\370\324\257m\341\\R\242FK\320\0145k\352"
 136      AC19F8D4 
 136      AF6DE15C 
 136      52A2464B 
 136      D00C356B 
 137 003c F2FF9C9A 		.ascii	"\362\377\234\232n\017\202\020F\017&i/\231\017\331\333"
 137      6E0F8210 
 137      460F2669 
 137      2F990FD9 
 137      DB
 138 004d 040D03ED 		.ascii	"\004\015\003\355v\356o[\033kR?8\367\336s\357\371|\317"
 138      76EE6F5B 
 138      1B6B523F 
 138      38F7DE73 
 138      EFF97CCF 
 139 0061 F7F7BB87 		.ascii	"\367\367\273\207\022B\012\200\020\005W9%$\200y\026\206"
 139      12420A80 
 139      10055739 
 139      25248079 
 139      1686
 140 0073 89249788 		.ascii	"\211$\227\2101\2011\205\021\304\010\221\277\327D\012"
 140      31813185 
 140      11C40891 
 140      BFD7440A 
 141 0083 378AA1C7 		.ascii	"7\212\241\307X\304X\210\177\207xM\372R55i\\8\003;\225"
ARM GAS  C:\Users\Thomas\AppData\Local\Temp\ccQCUPY1.s 			page 10


 141      58C45888 
 141      7F87784D 
 141      FA523535 
 141      695C3803 
 142 0099 810DC6BD 		.ascii	"\201\015\306\275\035\327/\230\201\011\375\203\311\264"
 142      1DD72F98 
 142      8109FD83 
 142      C9B4
 143 00a7 B75D0142 		.ascii	"\267]\001B\201\275\325\023;\002\350$\243\232\316u\254"
 143      81BDD513 
 143      3B02E824 
 143      A39ACE75 
 143      AC
 144 00b8 F834986A 		.ascii	"\3704\230j%QM\327\227ZZr\250\000\352s\277okM*\3663\306"
 144      25514DD7 
 144      975A5A72 
 144      A800EA73 
 144      BF6F6B4D 
 145 00d0 3C2C1C86 		.ascii	"<,\034\206\244\304\375\227\363m\331\310\350%\236>z\327"
 145      A4C4FD97 
 145      F36DD9C8 
 145      E8259E3E 
 145      7AD7
 146 00e2 1DA13C55 		.ascii	"\035\241<UTN\330\330\350\372IA*\3620\346d\321\016FO"
 146      544ED8D8 
 146      E8FA4941 
 146      2AF230E6 
 146      64D10E46 
 147 00f7 122836C0 		.ascii	"\022(6\300Y\003\201\000\024a\031\370\241\230\3000\030"
 147      59038100 
 147      146119F8 
 147      A198C030 
 147      18
 148 0108 60040C64 		.ascii	"`\004\014d\000\033D\237\257m\236bL\204Q\220\3405P^\201"
 148      001B449F 
 148      AF6D9E62 
 148      4C845190 
 148      E035505E 
 149 011d DB503BC4 		.ascii	"\333P;\304\233\266?\210\264\213\242\200/\325\232j\356"
 149      9BB63F88 
 149      B48BA280 
 149      2FD59A6A 
 149      EE
 150 012e 765FD91A 		.ascii	"v_\331\032\024\012\237\240\000kw\261\002\021Lz\030B"
 150      140A9FA0 
 150      006B77B1 
 150      02114C7A 
 150      1842
 151 0140 D957284B 		.ascii	"\331W(K`\014\012\361\372\006\304\230\200SqG\362\350"
 151      600C0AF1 
 151      FA06C498 
 151      80537147 
 151      F2E8
 152 0152 79BEB5CE 		.ascii	"y\276\265\316\221\341\303lc/\353\033\213\266\365\367"
 152      91E1C36C 
 152      632FEB1B 
 152      8BB6F5F7 
ARM GAS  C:\Users\Thomas\AppData\Local\Temp\ccQCUPY1.s 			page 11


 153 0162 D267ACCF 		.ascii	"\322g\254\317\311~)h_\205`\374\217\001\242>\307Nt\002"
 153      C97E2968 
 153      5F8560FC 
 153      8F01A23E 
 153      C74E7402 
 154 0176 8C08BABE 		.ascii	"\214\010\272\276}\356\322\320\006.2\276\354\375\000"
 154      7DEED2D0 
 154      062E32BE 
 154      ECFD00
 155 0185 5CA46FAE 		.ascii	"\\\244o\256_\263\302\302\212r\211\363\223)\374d\202"
 155      5FB3C2C2 
 155      8A7289F3 
 155      9329FC64 
 155      82
 156 0196 9FE27CAB 		.ascii	"\237\342|\253{\214\246\032V\367\222t<\315\035W\307\015"
 156      7B8CA61A 
 156      56F79274 
 156      3CCD1D57 
 156      C70D
 157 01a8 7FFAD8F3 		.ascii	"\177\372\330\363BG]\300\233\355/\036\005ry\263/\337"
 157      42475DC0 
 157      9BED2F1E 
 157      057279B3 
 157      2FDF
 158 01ba B7E5B09B 		.ascii	"\267\345\260\233\035*\012\345\004\314\244\264\233I\264"
 158      1D2A0AE5 
 158      04CCA4B4 
 158      9B49B4
 159 01c9 0BF276AB 		.ascii	"\013\362v\253\236Y\277D;c\022#G{\3711\273=\203\011\273"
 159      9E59BF44 
 159      3B631223 
 159      477BF931 
 159      BB3D8309 
 160 01de 2A3F9BC2 		.ascii	"*?\233\302\317&\370\020\347\331\323\207\0039\324\037"
 160      CF26F810 
 160      E7D9D387 
 160      0339D41F 
 161 01ee E3A77F78 		.ascii	"\343\247\177xCy\022\376U\327\177\374U\234\203\265\367"
 161      437912FE 
 161      55D77FFC 
 161      559C83B5 
 161      F7
 162 01ff DEF5DCD8 		.ascii	"\336\365\334\330\034\244\023o\217\235\203\203\355+n"
 162      1CA4136F 
 162      8F9D8383 
 162      ED2B6E
 163 020e 761916F0 		.ascii	"v\031\026\360\\\346\222s0\017\311Ah\375\332\275\252"
 163      5CE69273 
 163      300FC941 
 163      68FDDABD 
 163      AA
 164 021f D57AD5E1 		.ascii	"\325z\325\341\3023\314]\321\361\342\344!.\202\226\357"
 164      C233CC5D 
 164      D1F1E2E4 
 164      212E8296 
 164      EF
 165 0230 00EFBB02 		.ascii	"\000\357\273\002\215\014E6%0H\006\037N\361\301i\010"
ARM GAS  C:\Users\Thomas\AppData\Local\Temp\ccQCUPY1.s 			page 12


 165      8D0C4536 
 165      25304806 
 165      1F4EF1C1 
 165      6908
 166 0242 A392473D 		.ascii	"\243\222G=\377\250\223Q\237.\341\210\360\017\004\"("
 166      FFA89351 
 166      9F2EE188 
 166      F00F0422 
 166      28
 167 0253 B384326A 		.ascii	"\263\2042juxGQ\356)\261\3658\233\027\360KVS}\243\243"
 167      75784751 
 167      EE29B1F5 
 167      389B17F0 
 167      4B56537D 
 168 0269 545371ED 		.ascii	"TSq\355\272\261\214\234)\251\251\220\033e\273\305!\327"
 168      BAB18C9C 
 168      29A9A990 
 168      1B65BBC5 
 168      21D7
 169 027b 9AAB6C4D 		.ascii	"\232\253lMv\253\\c\252\262\225]\254\2616;\232o\313w"
 169      76AB5C63 
 169      AAB2955D 
 169      ACB1363B 
 169      9A6FCB77 
 170 028f 4A6E9202 		.ascii	"Jn\222\002\3239s\331-\233\265\301|\301|\303^\357\220"
 170      D33973D9 
 170      2D9BB5C1 
 170      7CC17CC3 
 170      5EEF90
 171 02a2 8B8E8592 		.ascii	"\213\216\205\222\225%VR\230\302U\311\216r{\375]\371"
 171      95255652 
 171      98C255C9 
 171      8E727BFD 
 171      5DF9
 172 02b4 AAAD56CE 		.ascii	"\252\255V\316Oy_)[j\365iy\271\305a\251\224\353D\273"
 172      4F795F29 
 172      5B6AF569 
 172      79B9C561 
 172      A994EB44 
 173 02c9 5C57FA1B 		.ascii	"\\W\372\0333\331O\371"
 173      33D94FF9 
 174              		.text
 175              		.section	.gnu.lto_.symtab.b949bad7,"",%progbits
 176 0000 50325F43 		.ascii	"P2_Clock_4_Write\000\000\000\000\000\000\000\000\000"
 176      6C6F636B 
 176      5F345F57 
 176      72697465 
 176      00000000 
 177 0019 000000B2 		.ascii	"\000\000\000\262\000\000\000P2_Clock_4_SetDriveMode"
 177      00000050 
 177      325F436C 
 177      6F636B5F 
 177      345F5365 
 178 0037 00000000 		.ascii	"\000\000\000\000\000\000\000\000\000\000\000\000\264"
 178      00000000 
 178      00000000 
 178      B4
ARM GAS  C:\Users\Thomas\AppData\Local\Temp\ccQCUPY1.s 			page 13


 179 0044 00000050 		.ascii	"\000\000\000P2_Clock_4_Read\000\000\000\000\000\000"
 179      325F436C 
 179      6F636B5F 
 179      345F5265 
 179      61640000 
 180 005c 00000000 		.ascii	"\000\000\000\000\000\000\267\000\000\000P2_Clock_4_"
 180      0000B700 
 180      00005032 
 180      5F436C6F 
 180      636B5F34 
 181 0071 52656164 		.ascii	"ReadDataReg\000\000\000\000\000\000\000\000\000\000"
 181      44617461 
 181      52656700 
 181      00000000 
 181      00000000 
 182 0086 0000B900 		.ascii	"\000\000\271\000\000\000"
 182      0000
 183              		.text
 184              		.section	.gnu.lto_.opts,"",%progbits
 185 0000 272D666E 		.ascii	"'-fno-trapv' '-mcpu=cortex-m3' '-mthumb' '-g' '-O3'"
 185      6F2D7472 
 185      61707627 
 185      20272D6D 
 185      6370753D 
 186 0033 20272D66 		.ascii	" '-ffunction-sections' '-finline-functions' '-flto'"
 186      66756E63 
 186      74696F6E 
 186      2D736563 
 186      74696F6E 
 187 0066 20272D66 		.ascii	" '-ffat-lto-objects'\000"
 187      6661742D 
 187      6C746F2D 
 187      6F626A65 
 187      63747327 
 188              		.text
 189              		.cfi_sections	.debug_frame
 190              		.section	.text.P2_Clock_4_Write,"ax",%progbits
 191              		.align	2
 192              		.global	P2_Clock_4_Write
 193              		.thumb
 194              		.thumb_func
 195              		.type	P2_Clock_4_Write, %function
 196              	P2_Clock_4_Write:
 197              	.LFB0:
 198              		.file 1 ".\\Generated_Source\\PSoC5\\P2_Clock_4.c"
   1:.\Generated_Source\PSoC5/P2_Clock_4.c **** /*******************************************************************************
   2:.\Generated_Source\PSoC5/P2_Clock_4.c **** * File Name: P2_Clock_4.c  
   3:.\Generated_Source\PSoC5/P2_Clock_4.c **** * Version 2.20
   4:.\Generated_Source\PSoC5/P2_Clock_4.c **** *
   5:.\Generated_Source\PSoC5/P2_Clock_4.c **** * Description:
   6:.\Generated_Source\PSoC5/P2_Clock_4.c **** *  This file contains API to enable firmware control of a Pins component.
   7:.\Generated_Source\PSoC5/P2_Clock_4.c **** *
   8:.\Generated_Source\PSoC5/P2_Clock_4.c **** * Note:
   9:.\Generated_Source\PSoC5/P2_Clock_4.c **** *
  10:.\Generated_Source\PSoC5/P2_Clock_4.c **** ********************************************************************************
  11:.\Generated_Source\PSoC5/P2_Clock_4.c **** * Copyright 2008-2015, Cypress Semiconductor Corporation.  All rights reserved.
  12:.\Generated_Source\PSoC5/P2_Clock_4.c **** * You may use this file only in accordance with the license, terms, conditions, 
ARM GAS  C:\Users\Thomas\AppData\Local\Temp\ccQCUPY1.s 			page 14


  13:.\Generated_Source\PSoC5/P2_Clock_4.c **** * disclaimers, and limitations in the end user license agreement accompanying 
  14:.\Generated_Source\PSoC5/P2_Clock_4.c **** * the software package with which this file was provided.
  15:.\Generated_Source\PSoC5/P2_Clock_4.c **** *******************************************************************************/
  16:.\Generated_Source\PSoC5/P2_Clock_4.c **** 
  17:.\Generated_Source\PSoC5/P2_Clock_4.c **** #include "cytypes.h"
  18:.\Generated_Source\PSoC5/P2_Clock_4.c **** #include "P2_Clock_4.h"
  19:.\Generated_Source\PSoC5/P2_Clock_4.c **** 
  20:.\Generated_Source\PSoC5/P2_Clock_4.c **** /* APIs are not generated for P15[7:6] on PSoC 5 */
  21:.\Generated_Source\PSoC5/P2_Clock_4.c **** #if !(CY_PSOC5A &&\
  22:.\Generated_Source\PSoC5/P2_Clock_4.c **** 	 P2_Clock_4__PORT == 15 && ((P2_Clock_4__MASK & 0xC0) != 0))
  23:.\Generated_Source\PSoC5/P2_Clock_4.c **** 
  24:.\Generated_Source\PSoC5/P2_Clock_4.c **** 
  25:.\Generated_Source\PSoC5/P2_Clock_4.c **** /*******************************************************************************
  26:.\Generated_Source\PSoC5/P2_Clock_4.c **** * Function Name: P2_Clock_4_Write
  27:.\Generated_Source\PSoC5/P2_Clock_4.c **** ****************************************************************************//**
  28:.\Generated_Source\PSoC5/P2_Clock_4.c **** *
  29:.\Generated_Source\PSoC5/P2_Clock_4.c **** * \brief Writes the value to the physical port (data output register), masking
  30:.\Generated_Source\PSoC5/P2_Clock_4.c **** *  and shifting the bits appropriately. 
  31:.\Generated_Source\PSoC5/P2_Clock_4.c **** *
  32:.\Generated_Source\PSoC5/P2_Clock_4.c **** * The data output register controls the signal applied to the physical pin in 
  33:.\Generated_Source\PSoC5/P2_Clock_4.c **** * conjunction with the drive mode parameter. This function avoids changing 
  34:.\Generated_Source\PSoC5/P2_Clock_4.c **** * other bits in the port by using the appropriate method (read-modify-write or
  35:.\Generated_Source\PSoC5/P2_Clock_4.c **** * bit banding).
  36:.\Generated_Source\PSoC5/P2_Clock_4.c **** *
  37:.\Generated_Source\PSoC5/P2_Clock_4.c **** * <b>Note</b> This function should not be used on a hardware digital output pin 
  38:.\Generated_Source\PSoC5/P2_Clock_4.c **** * as it is driven by the hardware signal attached to it.
  39:.\Generated_Source\PSoC5/P2_Clock_4.c **** *
  40:.\Generated_Source\PSoC5/P2_Clock_4.c **** * \param value
  41:.\Generated_Source\PSoC5/P2_Clock_4.c **** *  Value to write to the component instance.
  42:.\Generated_Source\PSoC5/P2_Clock_4.c **** *
  43:.\Generated_Source\PSoC5/P2_Clock_4.c **** * \return 
  44:.\Generated_Source\PSoC5/P2_Clock_4.c **** *  None 
  45:.\Generated_Source\PSoC5/P2_Clock_4.c **** *
  46:.\Generated_Source\PSoC5/P2_Clock_4.c **** * \sideeffect
  47:.\Generated_Source\PSoC5/P2_Clock_4.c **** *  If you use read-modify-write operations that are not atomic; the Interrupt 
  48:.\Generated_Source\PSoC5/P2_Clock_4.c **** *  Service Routines (ISR) can cause corruption of this function. An ISR that 
  49:.\Generated_Source\PSoC5/P2_Clock_4.c **** *  interrupts this function and performs writes to the Pins component data 
  50:.\Generated_Source\PSoC5/P2_Clock_4.c **** *  register can cause corrupted port data. To avoid this issue, you should 
  51:.\Generated_Source\PSoC5/P2_Clock_4.c **** *  either use the Per-Pin APIs (primary method) or disable interrupts around 
  52:.\Generated_Source\PSoC5/P2_Clock_4.c **** *  this function.
  53:.\Generated_Source\PSoC5/P2_Clock_4.c **** *
  54:.\Generated_Source\PSoC5/P2_Clock_4.c **** * \funcusage
  55:.\Generated_Source\PSoC5/P2_Clock_4.c **** *  \snippet P2_Clock_4_SUT.c usage_P2_Clock_4_Write
  56:.\Generated_Source\PSoC5/P2_Clock_4.c **** *******************************************************************************/
  57:.\Generated_Source\PSoC5/P2_Clock_4.c **** void P2_Clock_4_Write(uint8 value)
  58:.\Generated_Source\PSoC5/P2_Clock_4.c **** {
 199              		.loc 1 58 0
 200              		.cfi_startproc
 201              		@ args = 0, pretend = 0, frame = 0
 202              		@ frame_needed = 0, uses_anonymous_args = 0
 203              		@ link register save eliminated.
 204              	.LVL0:
  59:.\Generated_Source\PSoC5/P2_Clock_4.c ****     uint8 staticBits = (P2_Clock_4_DR & (uint8)(~P2_Clock_4_MASK));
 205              		.loc 1 59 0
 206 0000 044A     		ldr	r2, .L2
  60:.\Generated_Source\PSoC5/P2_Clock_4.c ****     P2_Clock_4_DR = staticBits | ((uint8)(value << P2_Clock_4_SHIFT) & P2_Clock_4_MASK);
 207              		.loc 1 60 0
ARM GAS  C:\Users\Thomas\AppData\Local\Temp\ccQCUPY1.s 			page 15


 208 0002 00F00100 		and	r0, r0, #1
 209              	.LVL1:
  59:.\Generated_Source\PSoC5/P2_Clock_4.c ****     uint8 staticBits = (P2_Clock_4_DR & (uint8)(~P2_Clock_4_MASK));
 210              		.loc 1 59 0
 211 0006 1378     		ldrb	r3, [r2]	@ zero_extendqisi2
 212              	.LVL2:
 213 0008 03F0FE03 		and	r3, r3, #254
 214              	.LVL3:
 215              		.loc 1 60 0
 216 000c 1843     		orrs	r0, r0, r3
 217 000e 1070     		strb	r0, [r2]
 218 0010 7047     		bx	lr
 219              	.L3:
 220 0012 00BF     		.align	2
 221              	.L2:
 222 0014 00510040 		.word	1073762560
 223              		.cfi_endproc
 224              	.LFE0:
 225              		.size	P2_Clock_4_Write, .-P2_Clock_4_Write
 226              		.section	.text.P2_Clock_4_SetDriveMode,"ax",%progbits
 227              		.align	2
 228              		.global	P2_Clock_4_SetDriveMode
 229              		.thumb
 230              		.thumb_func
 231              		.type	P2_Clock_4_SetDriveMode, %function
 232              	P2_Clock_4_SetDriveMode:
 233              	.LFB1:
  61:.\Generated_Source\PSoC5/P2_Clock_4.c **** }
  62:.\Generated_Source\PSoC5/P2_Clock_4.c **** 
  63:.\Generated_Source\PSoC5/P2_Clock_4.c **** 
  64:.\Generated_Source\PSoC5/P2_Clock_4.c **** /*******************************************************************************
  65:.\Generated_Source\PSoC5/P2_Clock_4.c **** * Function Name: P2_Clock_4_SetDriveMode
  66:.\Generated_Source\PSoC5/P2_Clock_4.c **** ****************************************************************************//**
  67:.\Generated_Source\PSoC5/P2_Clock_4.c **** *
  68:.\Generated_Source\PSoC5/P2_Clock_4.c **** * \brief Sets the drive mode for each of the Pins component's pins.
  69:.\Generated_Source\PSoC5/P2_Clock_4.c **** * 
  70:.\Generated_Source\PSoC5/P2_Clock_4.c **** * <b>Note</b> This affects all pins in the Pins component instance. Use the
  71:.\Generated_Source\PSoC5/P2_Clock_4.c **** * Per-Pin APIs if you wish to control individual pin's drive modes.
  72:.\Generated_Source\PSoC5/P2_Clock_4.c **** *
  73:.\Generated_Source\PSoC5/P2_Clock_4.c **** * \param mode
  74:.\Generated_Source\PSoC5/P2_Clock_4.c **** *  Mode for the selected signals. Valid options are documented in 
  75:.\Generated_Source\PSoC5/P2_Clock_4.c **** *  \ref driveMode.
  76:.\Generated_Source\PSoC5/P2_Clock_4.c **** *
  77:.\Generated_Source\PSoC5/P2_Clock_4.c **** * \return
  78:.\Generated_Source\PSoC5/P2_Clock_4.c **** *  None
  79:.\Generated_Source\PSoC5/P2_Clock_4.c **** *
  80:.\Generated_Source\PSoC5/P2_Clock_4.c **** * \sideeffect
  81:.\Generated_Source\PSoC5/P2_Clock_4.c **** *  If you use read-modify-write operations that are not atomic, the ISR can
  82:.\Generated_Source\PSoC5/P2_Clock_4.c **** *  cause corruption of this function. An ISR that interrupts this function 
  83:.\Generated_Source\PSoC5/P2_Clock_4.c **** *  and performs writes to the Pins component Drive Mode registers can cause 
  84:.\Generated_Source\PSoC5/P2_Clock_4.c **** *  corrupted port data. To avoid this issue, you should either use the Per-Pin
  85:.\Generated_Source\PSoC5/P2_Clock_4.c **** *  APIs (primary method) or disable interrupts around this function.
  86:.\Generated_Source\PSoC5/P2_Clock_4.c **** *
  87:.\Generated_Source\PSoC5/P2_Clock_4.c **** * \funcusage
  88:.\Generated_Source\PSoC5/P2_Clock_4.c **** *  \snippet P2_Clock_4_SUT.c usage_P2_Clock_4_SetDriveMode
  89:.\Generated_Source\PSoC5/P2_Clock_4.c **** *******************************************************************************/
  90:.\Generated_Source\PSoC5/P2_Clock_4.c **** void P2_Clock_4_SetDriveMode(uint8 mode)
ARM GAS  C:\Users\Thomas\AppData\Local\Temp\ccQCUPY1.s 			page 16


  91:.\Generated_Source\PSoC5/P2_Clock_4.c **** {
 234              		.loc 1 91 0
 235              		.cfi_startproc
 236              		@ args = 0, pretend = 0, frame = 0
 237              		@ frame_needed = 0, uses_anonymous_args = 0
 238              		@ link register save eliminated.
 239              	.LVL4:
  92:.\Generated_Source\PSoC5/P2_Clock_4.c **** 	CyPins_SetPinDriveMode(P2_Clock_4_0, mode);
 240              		.loc 1 92 0
 241 0000 044A     		ldr	r2, .L5
 242 0002 00F00E00 		and	r0, r0, #14
 243              	.LVL5:
 244 0006 1378     		ldrb	r3, [r2]	@ zero_extendqisi2
 245 0008 03F0F103 		and	r3, r3, #241
 246 000c 1843     		orrs	r0, r0, r3
 247 000e 1070     		strb	r0, [r2]
 248 0010 7047     		bx	lr
 249              	.L6:
 250 0012 00BF     		.align	2
 251              	.L5:
 252 0014 00500040 		.word	1073762304
 253              		.cfi_endproc
 254              	.LFE1:
 255              		.size	P2_Clock_4_SetDriveMode, .-P2_Clock_4_SetDriveMode
 256              		.section	.text.P2_Clock_4_Read,"ax",%progbits
 257              		.align	2
 258              		.global	P2_Clock_4_Read
 259              		.thumb
 260              		.thumb_func
 261              		.type	P2_Clock_4_Read, %function
 262              	P2_Clock_4_Read:
 263              	.LFB2:
  93:.\Generated_Source\PSoC5/P2_Clock_4.c **** }
  94:.\Generated_Source\PSoC5/P2_Clock_4.c **** 
  95:.\Generated_Source\PSoC5/P2_Clock_4.c **** 
  96:.\Generated_Source\PSoC5/P2_Clock_4.c **** /*******************************************************************************
  97:.\Generated_Source\PSoC5/P2_Clock_4.c **** * Function Name: P2_Clock_4_Read
  98:.\Generated_Source\PSoC5/P2_Clock_4.c **** ****************************************************************************//**
  99:.\Generated_Source\PSoC5/P2_Clock_4.c **** *
 100:.\Generated_Source\PSoC5/P2_Clock_4.c **** * \brief Reads the associated physical port (pin status register) and masks 
 101:.\Generated_Source\PSoC5/P2_Clock_4.c **** *  the required bits according to the width and bit position of the component
 102:.\Generated_Source\PSoC5/P2_Clock_4.c **** *  instance. 
 103:.\Generated_Source\PSoC5/P2_Clock_4.c **** *
 104:.\Generated_Source\PSoC5/P2_Clock_4.c **** * The pin's status register returns the current logic level present on the 
 105:.\Generated_Source\PSoC5/P2_Clock_4.c **** * physical pin.
 106:.\Generated_Source\PSoC5/P2_Clock_4.c **** *
 107:.\Generated_Source\PSoC5/P2_Clock_4.c **** * \return 
 108:.\Generated_Source\PSoC5/P2_Clock_4.c **** *  The current value for the pins in the component as a right justified number.
 109:.\Generated_Source\PSoC5/P2_Clock_4.c **** *
 110:.\Generated_Source\PSoC5/P2_Clock_4.c **** * \funcusage
 111:.\Generated_Source\PSoC5/P2_Clock_4.c **** *  \snippet P2_Clock_4_SUT.c usage_P2_Clock_4_Read  
 112:.\Generated_Source\PSoC5/P2_Clock_4.c **** *******************************************************************************/
 113:.\Generated_Source\PSoC5/P2_Clock_4.c **** uint8 P2_Clock_4_Read(void)
 114:.\Generated_Source\PSoC5/P2_Clock_4.c **** {
 264              		.loc 1 114 0
 265              		.cfi_startproc
 266              		@ args = 0, pretend = 0, frame = 0
ARM GAS  C:\Users\Thomas\AppData\Local\Temp\ccQCUPY1.s 			page 17


 267              		@ frame_needed = 0, uses_anonymous_args = 0
 268              		@ link register save eliminated.
 115:.\Generated_Source\PSoC5/P2_Clock_4.c ****     return (P2_Clock_4_PS & P2_Clock_4_MASK) >> P2_Clock_4_SHIFT;
 269              		.loc 1 115 0
 270 0000 024B     		ldr	r3, .L8
 271 0002 1878     		ldrb	r0, [r3]	@ zero_extendqisi2
 116:.\Generated_Source\PSoC5/P2_Clock_4.c **** }
 272              		.loc 1 116 0
 273 0004 00F00100 		and	r0, r0, #1
 274 0008 7047     		bx	lr
 275              	.L9:
 276 000a 00BF     		.align	2
 277              	.L8:
 278 000c 01510040 		.word	1073762561
 279              		.cfi_endproc
 280              	.LFE2:
 281              		.size	P2_Clock_4_Read, .-P2_Clock_4_Read
 282              		.section	.text.P2_Clock_4_ReadDataReg,"ax",%progbits
 283              		.align	2
 284              		.global	P2_Clock_4_ReadDataReg
 285              		.thumb
 286              		.thumb_func
 287              		.type	P2_Clock_4_ReadDataReg, %function
 288              	P2_Clock_4_ReadDataReg:
 289              	.LFB3:
 117:.\Generated_Source\PSoC5/P2_Clock_4.c **** 
 118:.\Generated_Source\PSoC5/P2_Clock_4.c **** 
 119:.\Generated_Source\PSoC5/P2_Clock_4.c **** /*******************************************************************************
 120:.\Generated_Source\PSoC5/P2_Clock_4.c **** * Function Name: P2_Clock_4_ReadDataReg
 121:.\Generated_Source\PSoC5/P2_Clock_4.c **** ****************************************************************************//**
 122:.\Generated_Source\PSoC5/P2_Clock_4.c **** *
 123:.\Generated_Source\PSoC5/P2_Clock_4.c **** * \brief Reads the associated physical port's data output register and masks 
 124:.\Generated_Source\PSoC5/P2_Clock_4.c **** *  the correct bits according to the width and bit position of the component 
 125:.\Generated_Source\PSoC5/P2_Clock_4.c **** *  instance. 
 126:.\Generated_Source\PSoC5/P2_Clock_4.c **** *
 127:.\Generated_Source\PSoC5/P2_Clock_4.c **** * The data output register controls the signal applied to the physical pin in 
 128:.\Generated_Source\PSoC5/P2_Clock_4.c **** * conjunction with the drive mode parameter. This is not the same as the 
 129:.\Generated_Source\PSoC5/P2_Clock_4.c **** * preferred P2_Clock_4_Read() API because the 
 130:.\Generated_Source\PSoC5/P2_Clock_4.c **** * P2_Clock_4_ReadDataReg() reads the data register instead of the status 
 131:.\Generated_Source\PSoC5/P2_Clock_4.c **** * register. For output pins this is a useful function to determine the value 
 132:.\Generated_Source\PSoC5/P2_Clock_4.c **** * just written to the pin.
 133:.\Generated_Source\PSoC5/P2_Clock_4.c **** *
 134:.\Generated_Source\PSoC5/P2_Clock_4.c **** * \return 
 135:.\Generated_Source\PSoC5/P2_Clock_4.c **** *  The current value of the data register masked and shifted into a right 
 136:.\Generated_Source\PSoC5/P2_Clock_4.c **** *  justified number for the component instance.
 137:.\Generated_Source\PSoC5/P2_Clock_4.c **** *
 138:.\Generated_Source\PSoC5/P2_Clock_4.c **** * \funcusage
 139:.\Generated_Source\PSoC5/P2_Clock_4.c **** *  \snippet P2_Clock_4_SUT.c usage_P2_Clock_4_ReadDataReg 
 140:.\Generated_Source\PSoC5/P2_Clock_4.c **** *******************************************************************************/
 141:.\Generated_Source\PSoC5/P2_Clock_4.c **** uint8 P2_Clock_4_ReadDataReg(void)
 142:.\Generated_Source\PSoC5/P2_Clock_4.c **** {
 290              		.loc 1 142 0
 291              		.cfi_startproc
 292              		@ args = 0, pretend = 0, frame = 0
 293              		@ frame_needed = 0, uses_anonymous_args = 0
 294              		@ link register save eliminated.
 143:.\Generated_Source\PSoC5/P2_Clock_4.c ****     return (P2_Clock_4_DR & P2_Clock_4_MASK) >> P2_Clock_4_SHIFT;
ARM GAS  C:\Users\Thomas\AppData\Local\Temp\ccQCUPY1.s 			page 18


 295              		.loc 1 143 0
 296 0000 024B     		ldr	r3, .L11
 297 0002 1878     		ldrb	r0, [r3]	@ zero_extendqisi2
 144:.\Generated_Source\PSoC5/P2_Clock_4.c **** }
 298              		.loc 1 144 0
 299 0004 00F00100 		and	r0, r0, #1
 300 0008 7047     		bx	lr
 301              	.L12:
 302 000a 00BF     		.align	2
 303              	.L11:
 304 000c 00510040 		.word	1073762560
 305              		.cfi_endproc
 306              	.LFE3:
 307              		.size	P2_Clock_4_ReadDataReg, .-P2_Clock_4_ReadDataReg
 308              		.text
 309              	.Letext0:
 310              		.file 2 ".\\Generated_Source\\PSoC5\\cytypes.h"
 311              		.section	.debug_info,"",%progbits
 312              	.Ldebug_info0:
 313 0000 1D010000 		.4byte	0x11d
 314 0004 0400     		.2byte	0x4
 315 0006 00000000 		.4byte	.Ldebug_abbrev0
 316 000a 04       		.byte	0x4
 317 000b 01       		.uleb128 0x1
 318 000c 38010000 		.4byte	.LASF20
 319 0010 01       		.byte	0x1
 320 0011 00000000 		.4byte	.LASF21
 321 0015 B6000000 		.4byte	.LASF22
 322 0019 00000000 		.4byte	.Ldebug_ranges0+0
 323 001d 00000000 		.4byte	0
 324 0021 00000000 		.4byte	.Ldebug_line0
 325 0025 02       		.uleb128 0x2
 326 0026 01       		.byte	0x1
 327 0027 06       		.byte	0x6
 328 0028 03020000 		.4byte	.LASF0
 329 002c 02       		.uleb128 0x2
 330 002d 01       		.byte	0x1
 331 002e 08       		.byte	0x8
 332 002f 60000000 		.4byte	.LASF1
 333 0033 02       		.uleb128 0x2
 334 0034 02       		.byte	0x2
 335 0035 05       		.byte	0x5
 336 0036 EA010000 		.4byte	.LASF2
 337 003a 02       		.uleb128 0x2
 338 003b 02       		.byte	0x2
 339 003c 07       		.byte	0x7
 340 003d 9C000000 		.4byte	.LASF3
 341 0041 02       		.uleb128 0x2
 342 0042 04       		.byte	0x4
 343 0043 05       		.byte	0x5
 344 0044 FA010000 		.4byte	.LASF4
 345 0048 02       		.uleb128 0x2
 346 0049 04       		.byte	0x4
 347 004a 07       		.byte	0x7
 348 004b 8A000000 		.4byte	.LASF5
 349 004f 02       		.uleb128 0x2
 350 0050 08       		.byte	0x8
ARM GAS  C:\Users\Thomas\AppData\Local\Temp\ccQCUPY1.s 			page 19


 351 0051 05       		.byte	0x5
 352 0052 2A010000 		.4byte	.LASF6
 353 0056 02       		.uleb128 0x2
 354 0057 08       		.byte	0x8
 355 0058 07       		.byte	0x7
 356 0059 FE000000 		.4byte	.LASF7
 357 005d 03       		.uleb128 0x3
 358 005e 04       		.byte	0x4
 359 005f 05       		.byte	0x5
 360 0060 696E7400 		.ascii	"int\000"
 361 0064 02       		.uleb128 0x2
 362 0065 04       		.byte	0x4
 363 0066 07       		.byte	0x7
 364 0067 F1000000 		.4byte	.LASF8
 365 006b 04       		.uleb128 0x4
 366 006c F4010000 		.4byte	.LASF12
 367 0070 02       		.byte	0x2
 368 0071 9201     		.2byte	0x192
 369 0073 2C000000 		.4byte	0x2c
 370 0077 02       		.uleb128 0x2
 371 0078 04       		.byte	0x4
 372 0079 04       		.byte	0x4
 373 007a 5A000000 		.4byte	.LASF9
 374 007e 02       		.uleb128 0x2
 375 007f 08       		.byte	0x8
 376 0080 04       		.byte	0x4
 377 0081 AF000000 		.4byte	.LASF10
 378 0085 02       		.uleb128 0x2
 379 0086 01       		.byte	0x1
 380 0087 08       		.byte	0x8
 381 0088 DF010000 		.4byte	.LASF11
 382 008c 04       		.uleb128 0x4
 383 008d 85000000 		.4byte	.LASF13
 384 0091 02       		.byte	0x2
 385 0092 3C02     		.2byte	0x23c
 386 0094 98000000 		.4byte	0x98
 387 0098 05       		.uleb128 0x5
 388 0099 6B000000 		.4byte	0x6b
 389 009d 06       		.uleb128 0x6
 390 009e 31000000 		.4byte	.LASF14
 391 00a2 01       		.byte	0x1
 392 00a3 39       		.byte	0x39
 393 00a4 00000000 		.4byte	.LFB0
 394 00a8 18000000 		.4byte	.LFE0-.LFB0
 395 00ac 01       		.uleb128 0x1
 396 00ad 9C       		.byte	0x9c
 397 00ae D1000000 		.4byte	0xd1
 398 00b2 07       		.uleb128 0x7
 399 00b3 E4010000 		.4byte	.LASF16
 400 00b7 01       		.byte	0x1
 401 00b8 39       		.byte	0x39
 402 00b9 6B000000 		.4byte	0x6b
 403 00bd 00000000 		.4byte	.LLST0
 404 00c1 08       		.uleb128 0x8
 405 00c2 26000000 		.4byte	.LASF23
 406 00c6 01       		.byte	0x1
 407 00c7 3B       		.byte	0x3b
ARM GAS  C:\Users\Thomas\AppData\Local\Temp\ccQCUPY1.s 			page 20


 408 00c8 6B000000 		.4byte	0x6b
 409 00cc 21000000 		.4byte	.LLST1
 410 00d0 00       		.byte	0
 411 00d1 06       		.uleb128 0x6
 412 00d2 42000000 		.4byte	.LASF15
 413 00d6 01       		.byte	0x1
 414 00d7 5A       		.byte	0x5a
 415 00d8 00000000 		.4byte	.LFB1
 416 00dc 18000000 		.4byte	.LFE1-.LFB1
 417 00e0 01       		.uleb128 0x1
 418 00e1 9C       		.byte	0x9c
 419 00e2 F6000000 		.4byte	0xf6
 420 00e6 07       		.uleb128 0x7
 421 00e7 25010000 		.4byte	.LASF17
 422 00eb 01       		.byte	0x1
 423 00ec 5A       		.byte	0x5a
 424 00ed 6B000000 		.4byte	0x6b
 425 00f1 39000000 		.4byte	.LLST2
 426 00f5 00       		.byte	0
 427 00f6 09       		.uleb128 0x9
 428 00f7 15010000 		.4byte	.LASF18
 429 00fb 01       		.byte	0x1
 430 00fc 71       		.byte	0x71
 431 00fd 6B000000 		.4byte	0x6b
 432 0101 00000000 		.4byte	.LFB2
 433 0105 10000000 		.4byte	.LFE2-.LFB2
 434 0109 01       		.uleb128 0x1
 435 010a 9C       		.byte	0x9c
 436 010b 09       		.uleb128 0x9
 437 010c 6E000000 		.4byte	.LASF19
 438 0110 01       		.byte	0x1
 439 0111 8D       		.byte	0x8d
 440 0112 6B000000 		.4byte	0x6b
 441 0116 00000000 		.4byte	.LFB3
 442 011a 10000000 		.4byte	.LFE3-.LFB3
 443 011e 01       		.uleb128 0x1
 444 011f 9C       		.byte	0x9c
 445 0120 00       		.byte	0
 446              		.section	.debug_abbrev,"",%progbits
 447              	.Ldebug_abbrev0:
 448 0000 01       		.uleb128 0x1
 449 0001 11       		.uleb128 0x11
 450 0002 01       		.byte	0x1
 451 0003 25       		.uleb128 0x25
 452 0004 0E       		.uleb128 0xe
 453 0005 13       		.uleb128 0x13
 454 0006 0B       		.uleb128 0xb
 455 0007 03       		.uleb128 0x3
 456 0008 0E       		.uleb128 0xe
 457 0009 1B       		.uleb128 0x1b
 458 000a 0E       		.uleb128 0xe
 459 000b 55       		.uleb128 0x55
 460 000c 17       		.uleb128 0x17
 461 000d 11       		.uleb128 0x11
 462 000e 01       		.uleb128 0x1
 463 000f 10       		.uleb128 0x10
 464 0010 17       		.uleb128 0x17
ARM GAS  C:\Users\Thomas\AppData\Local\Temp\ccQCUPY1.s 			page 21


 465 0011 00       		.byte	0
 466 0012 00       		.byte	0
 467 0013 02       		.uleb128 0x2
 468 0014 24       		.uleb128 0x24
 469 0015 00       		.byte	0
 470 0016 0B       		.uleb128 0xb
 471 0017 0B       		.uleb128 0xb
 472 0018 3E       		.uleb128 0x3e
 473 0019 0B       		.uleb128 0xb
 474 001a 03       		.uleb128 0x3
 475 001b 0E       		.uleb128 0xe
 476 001c 00       		.byte	0
 477 001d 00       		.byte	0
 478 001e 03       		.uleb128 0x3
 479 001f 24       		.uleb128 0x24
 480 0020 00       		.byte	0
 481 0021 0B       		.uleb128 0xb
 482 0022 0B       		.uleb128 0xb
 483 0023 3E       		.uleb128 0x3e
 484 0024 0B       		.uleb128 0xb
 485 0025 03       		.uleb128 0x3
 486 0026 08       		.uleb128 0x8
 487 0027 00       		.byte	0
 488 0028 00       		.byte	0
 489 0029 04       		.uleb128 0x4
 490 002a 16       		.uleb128 0x16
 491 002b 00       		.byte	0
 492 002c 03       		.uleb128 0x3
 493 002d 0E       		.uleb128 0xe
 494 002e 3A       		.uleb128 0x3a
 495 002f 0B       		.uleb128 0xb
 496 0030 3B       		.uleb128 0x3b
 497 0031 05       		.uleb128 0x5
 498 0032 49       		.uleb128 0x49
 499 0033 13       		.uleb128 0x13
 500 0034 00       		.byte	0
 501 0035 00       		.byte	0
 502 0036 05       		.uleb128 0x5
 503 0037 35       		.uleb128 0x35
 504 0038 00       		.byte	0
 505 0039 49       		.uleb128 0x49
 506 003a 13       		.uleb128 0x13
 507 003b 00       		.byte	0
 508 003c 00       		.byte	0
 509 003d 06       		.uleb128 0x6
 510 003e 2E       		.uleb128 0x2e
 511 003f 01       		.byte	0x1
 512 0040 3F       		.uleb128 0x3f
 513 0041 19       		.uleb128 0x19
 514 0042 03       		.uleb128 0x3
 515 0043 0E       		.uleb128 0xe
 516 0044 3A       		.uleb128 0x3a
 517 0045 0B       		.uleb128 0xb
 518 0046 3B       		.uleb128 0x3b
 519 0047 0B       		.uleb128 0xb
 520 0048 27       		.uleb128 0x27
 521 0049 19       		.uleb128 0x19
ARM GAS  C:\Users\Thomas\AppData\Local\Temp\ccQCUPY1.s 			page 22


 522 004a 11       		.uleb128 0x11
 523 004b 01       		.uleb128 0x1
 524 004c 12       		.uleb128 0x12
 525 004d 06       		.uleb128 0x6
 526 004e 40       		.uleb128 0x40
 527 004f 18       		.uleb128 0x18
 528 0050 9742     		.uleb128 0x2117
 529 0052 19       		.uleb128 0x19
 530 0053 01       		.uleb128 0x1
 531 0054 13       		.uleb128 0x13
 532 0055 00       		.byte	0
 533 0056 00       		.byte	0
 534 0057 07       		.uleb128 0x7
 535 0058 05       		.uleb128 0x5
 536 0059 00       		.byte	0
 537 005a 03       		.uleb128 0x3
 538 005b 0E       		.uleb128 0xe
 539 005c 3A       		.uleb128 0x3a
 540 005d 0B       		.uleb128 0xb
 541 005e 3B       		.uleb128 0x3b
 542 005f 0B       		.uleb128 0xb
 543 0060 49       		.uleb128 0x49
 544 0061 13       		.uleb128 0x13
 545 0062 02       		.uleb128 0x2
 546 0063 17       		.uleb128 0x17
 547 0064 00       		.byte	0
 548 0065 00       		.byte	0
 549 0066 08       		.uleb128 0x8
 550 0067 34       		.uleb128 0x34
 551 0068 00       		.byte	0
 552 0069 03       		.uleb128 0x3
 553 006a 0E       		.uleb128 0xe
 554 006b 3A       		.uleb128 0x3a
 555 006c 0B       		.uleb128 0xb
 556 006d 3B       		.uleb128 0x3b
 557 006e 0B       		.uleb128 0xb
 558 006f 49       		.uleb128 0x49
 559 0070 13       		.uleb128 0x13
 560 0071 02       		.uleb128 0x2
 561 0072 17       		.uleb128 0x17
 562 0073 00       		.byte	0
 563 0074 00       		.byte	0
 564 0075 09       		.uleb128 0x9
 565 0076 2E       		.uleb128 0x2e
 566 0077 00       		.byte	0
 567 0078 3F       		.uleb128 0x3f
 568 0079 19       		.uleb128 0x19
 569 007a 03       		.uleb128 0x3
 570 007b 0E       		.uleb128 0xe
 571 007c 3A       		.uleb128 0x3a
 572 007d 0B       		.uleb128 0xb
 573 007e 3B       		.uleb128 0x3b
 574 007f 0B       		.uleb128 0xb
 575 0080 27       		.uleb128 0x27
 576 0081 19       		.uleb128 0x19
 577 0082 49       		.uleb128 0x49
 578 0083 13       		.uleb128 0x13
ARM GAS  C:\Users\Thomas\AppData\Local\Temp\ccQCUPY1.s 			page 23


 579 0084 11       		.uleb128 0x11
 580 0085 01       		.uleb128 0x1
 581 0086 12       		.uleb128 0x12
 582 0087 06       		.uleb128 0x6
 583 0088 40       		.uleb128 0x40
 584 0089 18       		.uleb128 0x18
 585 008a 9742     		.uleb128 0x2117
 586 008c 19       		.uleb128 0x19
 587 008d 00       		.byte	0
 588 008e 00       		.byte	0
 589 008f 00       		.byte	0
 590              		.section	.debug_loc,"",%progbits
 591              	.Ldebug_loc0:
 592              	.LLST0:
 593 0000 00000000 		.4byte	.LVL0
 594 0004 06000000 		.4byte	.LVL1
 595 0008 0100     		.2byte	0x1
 596 000a 50       		.byte	0x50
 597 000b 06000000 		.4byte	.LVL1
 598 000f 18000000 		.4byte	.LFE0
 599 0013 0400     		.2byte	0x4
 600 0015 F3       		.byte	0xf3
 601 0016 01       		.uleb128 0x1
 602 0017 50       		.byte	0x50
 603 0018 9F       		.byte	0x9f
 604 0019 00000000 		.4byte	0
 605 001d 00000000 		.4byte	0
 606              	.LLST1:
 607 0021 08000000 		.4byte	.LVL2
 608 0025 0C000000 		.4byte	.LVL3
 609 0029 0600     		.2byte	0x6
 610 002b 73       		.byte	0x73
 611 002c 00       		.sleb128 0
 612 002d 09       		.byte	0x9
 613 002e FE       		.byte	0xfe
 614 002f 1A       		.byte	0x1a
 615 0030 9F       		.byte	0x9f
 616 0031 00000000 		.4byte	0
 617 0035 00000000 		.4byte	0
 618              	.LLST2:
 619 0039 00000000 		.4byte	.LVL4
 620 003d 06000000 		.4byte	.LVL5
 621 0041 0100     		.2byte	0x1
 622 0043 50       		.byte	0x50
 623 0044 06000000 		.4byte	.LVL5
 624 0048 18000000 		.4byte	.LFE1
 625 004c 0400     		.2byte	0x4
 626 004e F3       		.byte	0xf3
 627 004f 01       		.uleb128 0x1
 628 0050 50       		.byte	0x50
 629 0051 9F       		.byte	0x9f
 630 0052 00000000 		.4byte	0
 631 0056 00000000 		.4byte	0
 632              		.section	.debug_aranges,"",%progbits
 633 0000 34000000 		.4byte	0x34
 634 0004 0200     		.2byte	0x2
 635 0006 00000000 		.4byte	.Ldebug_info0
ARM GAS  C:\Users\Thomas\AppData\Local\Temp\ccQCUPY1.s 			page 24


 636 000a 04       		.byte	0x4
 637 000b 00       		.byte	0
 638 000c 0000     		.2byte	0
 639 000e 0000     		.2byte	0
 640 0010 00000000 		.4byte	.LFB0
 641 0014 18000000 		.4byte	.LFE0-.LFB0
 642 0018 00000000 		.4byte	.LFB1
 643 001c 18000000 		.4byte	.LFE1-.LFB1
 644 0020 00000000 		.4byte	.LFB2
 645 0024 10000000 		.4byte	.LFE2-.LFB2
 646 0028 00000000 		.4byte	.LFB3
 647 002c 10000000 		.4byte	.LFE3-.LFB3
 648 0030 00000000 		.4byte	0
 649 0034 00000000 		.4byte	0
 650              		.section	.debug_ranges,"",%progbits
 651              	.Ldebug_ranges0:
 652 0000 00000000 		.4byte	.LFB0
 653 0004 18000000 		.4byte	.LFE0
 654 0008 00000000 		.4byte	.LFB1
 655 000c 18000000 		.4byte	.LFE1
 656 0010 00000000 		.4byte	.LFB2
 657 0014 10000000 		.4byte	.LFE2
 658 0018 00000000 		.4byte	.LFB3
 659 001c 10000000 		.4byte	.LFE3
 660 0020 00000000 		.4byte	0
 661 0024 00000000 		.4byte	0
 662              		.section	.debug_line,"",%progbits
 663              	.Ldebug_line0:
 664 0000 97000000 		.section	.debug_str,"MS",%progbits,1
 664      02004900 
 664      00000201 
 664      FB0E0D00 
 664      01010101 
 665              	.LASF21:
 666 0000 2E5C4765 		.ascii	".\\Generated_Source\\PSoC5\\P2_Clock_4.c\000"
 666      6E657261 
 666      7465645F 
 666      536F7572 
 666      63655C50 
 667              	.LASF23:
 668 0026 73746174 		.ascii	"staticBits\000"
 668      69634269 
 668      747300
 669              	.LASF14:
 670 0031 50325F43 		.ascii	"P2_Clock_4_Write\000"
 670      6C6F636B 
 670      5F345F57 
 670      72697465 
 670      00
 671              	.LASF15:
 672 0042 50325F43 		.ascii	"P2_Clock_4_SetDriveMode\000"
 672      6C6F636B 
 672      5F345F53 
 672      65744472 
 672      6976654D 
 673              	.LASF9:
 674 005a 666C6F61 		.ascii	"float\000"
ARM GAS  C:\Users\Thomas\AppData\Local\Temp\ccQCUPY1.s 			page 25


 674      7400
 675              	.LASF1:
 676 0060 756E7369 		.ascii	"unsigned char\000"
 676      676E6564 
 676      20636861 
 676      7200
 677              	.LASF19:
 678 006e 50325F43 		.ascii	"P2_Clock_4_ReadDataReg\000"
 678      6C6F636B 
 678      5F345F52 
 678      65616444 
 678      61746152 
 679              	.LASF13:
 680 0085 72656738 		.ascii	"reg8\000"
 680      00
 681              	.LASF5:
 682 008a 6C6F6E67 		.ascii	"long unsigned int\000"
 682      20756E73 
 682      69676E65 
 682      6420696E 
 682      7400
 683              	.LASF3:
 684 009c 73686F72 		.ascii	"short unsigned int\000"
 684      7420756E 
 684      7369676E 
 684      65642069 
 684      6E7400
 685              	.LASF10:
 686 00af 646F7562 		.ascii	"double\000"
 686      6C6500
 687              	.LASF22:
 688 00b6 433A5C55 		.ascii	"C:\\Users\\Thomas\\Documents\\PSoC Creator\\TASBot\\"
 688      73657273 
 688      5C54686F 
 688      6D61735C 
 688      446F6375 
 689 00e4 54415342 		.ascii	"TASBot.cydsn\000"
 689      6F742E63 
 689      7964736E 
 689      00
 690              	.LASF8:
 691 00f1 756E7369 		.ascii	"unsigned int\000"
 691      676E6564 
 691      20696E74 
 691      00
 692              	.LASF7:
 693 00fe 6C6F6E67 		.ascii	"long long unsigned int\000"
 693      206C6F6E 
 693      6720756E 
 693      7369676E 
 693      65642069 
 694              	.LASF18:
 695 0115 50325F43 		.ascii	"P2_Clock_4_Read\000"
 695      6C6F636B 
 695      5F345F52 
 695      65616400 
 696              	.LASF17:
ARM GAS  C:\Users\Thomas\AppData\Local\Temp\ccQCUPY1.s 			page 26


 697 0125 6D6F6465 		.ascii	"mode\000"
 697      00
 698              	.LASF6:
 699 012a 6C6F6E67 		.ascii	"long long int\000"
 699      206C6F6E 
 699      6720696E 
 699      7400
 700              	.LASF20:
 701 0138 474E5520 		.ascii	"GNU C 4.9.3 20150303 (release) [ARM/embedded-4_9-br"
 701      4320342E 
 701      392E3320 
 701      32303135 
 701      30333033 
 702 016b 616E6368 		.ascii	"anch revision 221220] -mcpu=cortex-m3 -mthumb -g -O"
 702      20726576 
 702      6973696F 
 702      6E203232 
 702      31323230 
 703 019e 33202D66 		.ascii	"3 -ffunction-sections -finline-functions -flto -ffa"
 703      66756E63 
 703      74696F6E 
 703      2D736563 
 703      74696F6E 
 704 01d1 742D6C74 		.ascii	"t-lto-objects\000"
 704      6F2D6F62 
 704      6A656374 
 704      7300
 705              	.LASF11:
 706 01df 63686172 		.ascii	"char\000"
 706      00
 707              	.LASF16:
 708 01e4 76616C75 		.ascii	"value\000"
 708      6500
 709              	.LASF2:
 710 01ea 73686F72 		.ascii	"short int\000"
 710      7420696E 
 710      7400
 711              	.LASF12:
 712 01f4 75696E74 		.ascii	"uint8\000"
 712      3800
 713              	.LASF4:
 714 01fa 6C6F6E67 		.ascii	"long int\000"
 714      20696E74 
 714      00
 715              	.LASF0:
 716 0203 7369676E 		.ascii	"signed char\000"
 716      65642063 
 716      68617200 
 717              		.comm	__gnu_lto_v1,1,1
 718              		.ident	"GCC: (GNU Tools for ARM Embedded Processors) 4.9.3 20150303 (release) [ARM/embedded-4_9-br
