ARM GAS  C:\Users\Thomas\AppData\Local\Temp\ccVAlhnd.s 			page 1


   1              		.syntax unified
   2              		.cpu cortex-m3
   3              		.fpu softvfp
   4              		.eabi_attribute 20, 1
   5              		.eabi_attribute 21, 1
   6              		.eabi_attribute 23, 3
   7              		.eabi_attribute 24, 1
   8              		.eabi_attribute 25, 1
   9              		.eabi_attribute 26, 1
  10              		.eabi_attribute 30, 2
  11              		.eabi_attribute 34, 1
  12              		.eabi_attribute 18, 4
  13              		.thumb
  14              		.file	"P2_Clock_5.c"
  15              		.text
  16              	.Ltext0:
  17              		.section	.gnu.lto_.profile.b9499662,"",%progbits
  18 0000 789C6366 		.ascii	"x\234cf```a\200\000F\006IQ\000\000\273\0007"
  18      60606061 
  18      80004606 
  18      49510000 
  18      BB0037
  19              		.text
  20              		.section	.gnu.lto_.jmpfuncs.b9499662,"",%progbits
  21 0000 789C6366 		.ascii	"x\234cf\300\016\204\2404\013\003##c=#\210`b``\006\212"
  21      C00E84A0 
  21      340B0323 
  21      23633D23 
  21      88606260 
  22 0017 00000DC0 		.ascii	"\000\000\015\300\001$"
  22      0124
  23              		.text
  24              		.section	.gnu.lto_.inline.b9499662,"",%progbits
  25 0000 789C6366 		.ascii	"x\234cf\300\016\022\2404\013\003\003'\007##\003#\003"
  25      C00E12A0 
  25      340B0303 
  25      27072323 
  25      032303
  26 0013 0333C701 		.ascii	"\0033\307\001;\006\266\005\362L\014,\013\344Y@\222\214"
  26      3B06B605 
  26      F24C0C2C 
  26      0BE45940 
  26      928C
  27 0025 0C1CECE8 		.ascii	"\014\034\354\350rL\027\370\301rL\014l\254\214\014Ll"
  27      724C17F8 
  27      C1724C0C 
  27      6CAC8C0C 
  27      4C6C
  28 0037 1FF420E2 		.ascii	"\037\364 \342@\300\214)\304\000\000\333l\011\322"
  28      40C08C29 
  28      C40000DB 
  28      6C09D2
  29              		.text
  30              		.section	.gnu.lto_.pureconst.b9499662,"",%progbits
  31 0000 789C6366 		.ascii	"x\234cf``\340d\200\000\026\006)F)&)f)\000\002\305\000"
  31      6060E064 
  31      80001606 
ARM GAS  C:\Users\Thomas\AppData\Local\Temp\ccVAlhnd.s 			page 2


  31      29462926 
  31      29662900 
  32 0017 7F       		.ascii	"\177"
  33              		.text
  34              		.section	.gnu.lto_P2_Clock_5_Write.b9499662,"",%progbits
  35 0000 789C6591 		.ascii	"x\234e\221OHTQ\024\306\317w\357{o\306,\213\226\263\025"
  35      4F485451 
  35      14C6CF77 
  35      EF7B6FC6 
  35      2C8B96B3 
  36 0015 33210C02 		.ascii	"3!\014\002\027\355\"\027m\007\334\016\014\303\364\026"
  36      17ED2217 
  36      6D07DC0E 
  36      0CC3F416 
  37 0025 9234A063 		.ascii	"\2224\240c[\357\253\301EP\210D\005a4h\364gl\306\224"
  37      5BEFABC1 
  37      45508844 
  37      05613468 
  37      F4676CC6 
  38 003a AC8DF194 		.ascii	"\254\215\361\224\331E\211-*\304\254`\212\202\026\332"
  38      D945892D 
  38      2AC4AC60 
  38      8A8216DA 
  39 004a 8493494E 		.ascii	"\204\223IN\347\274\273I\272p\377\035~\337\271\3379W"
  39      E7BCBB49 
  39      BA70FF1D 
  39      7EDFB9DF 
  39      3957
  40 005c D3FF23C1 		.ascii	"\323\377#\301\363\250\":\311;4A\215\275\"\012\342\012"
  40      F3A8223A 
  40      C93B3441 
  40      8DBD220A 
  40      E20A
  41 006e 90038146 		.ascii	"\220\003\201F\024F\360Mm*\214\205\245\233\255\235w\215"
  41      1446F04D 
  41      6D2A8C85 
  41      A59BAD9D 
  41      778D
  42 0080 311BE3CB 		.ascii	"1\033\343\313A2\3046\353\352\312\346\301=t2S/\231kZ"
  42      4132C436 
  42      EBEACAE6 
  42      C13D7432 
  42      532F996B 
  43 0095 7781F83C 		.ascii	"w\201\370<\263\362r7\3261i\314\305p\241lN1\016\334\207"
  43      B3F27237 
  43      D63169CC 
  43      C570A16C 
  43      4E310EDC 
  44 00aa 66058E25 		.ascii	"f\005\216%\320\225 \016\020\036\240C\340\331+\325y\245"
  44      D095200E 
  44      101EA043 
  44      E0D92BD5 
  44      79A5
  45 00bc 8F47C2E2 		.ascii	"\217G\302\342\213O\325\375\355E\026~\334\231O\205\301"
  45      8B4FD5FD 
  45      ED45167E 
  45      DC994F85 
ARM GAS  C:\Users\Thomas\AppData\Local\Temp\ccVAlhnd.s 			page 3


  45      C1
  46 00cd 1DB3DB6C 		.ascii	"\035\263\333lF\362\207\377\312\355`~\263\360\347m\253"
  46      46F287FF 
  46      CAED607E 
  46      B3F0E76D 
  46      AB
  47 00de 57606387 		.ascii	"W`c\207PB\273\365\204ix\340M\"\225\303\241i6\347\026"
  47      5042BBF5 
  47      846978E0 
  47      4D2295C3 
  47      A16936E7 
  48 00f3 167FA345 		.ascii	"\026\177\243E\361\263\212\013\345\260\003y\335\225\200"
  48      F1B38A0B 
  48      E5B00379 
  48      DD9580
  49 0102 274B4C16 		.ascii	"'KL\026\242\032O)\3763_x\327\253X\332\272\274~#&\031"
  49      A21A4F29 
  49      FE335F78 
  49      D7AB58DA 
  49      BABC7E23 
  50 0118 1B4A3AB1 		.ascii	"\033J:\261\370\376\331T\333W\265\255\364\306d`\034\361"
  50      F8FED954 
  50      DB57B5AD 
  50      F4C66460 
  50      1CF1
  51 012a F0A1B6BC 		.ascii	"\360\241\266\274\022\217B\221\245\333\317\237\274n\233"
  51      128F4291 
  51      A5DBCF9F 
  51      BC6E9B
  52 0139 C0ADA0C0 		.ascii	"\300\255\240\300\276\035<B\002e\260eT0\001Z\305\245"
  52      BE1D3C42 
  52      0265B065 
  52      5430015A 
  52      C5A5
  53 014b 5FA36BB0 		.ascii	"_\243k\260\011\265\315Y\3711]\365$\001\032\334\225\031"
  53      09B5CD59 
  53      F9315DF5 
  53      24011ADC 
  53      9519
  54 015d 86DF4045 		.ascii	"\206\337@EE\260S\246D\2646\372\345i\213U\271\015\345"
  54      45B053A6 
  54      44B436FA 
  54      E5698B55 
  54      B90DE5
  55 0170 B0EA6A79 		.ascii	"\260\352jy\252~PTR\322c\026\331\324\312B\3021\364\256"
  55      AA7E5054 
  55      52D26316 
  55      D9D4CA42 
  55      C231F4AE 
  56 0184 F8FDFA01 		.ascii	"\370\375\372\001\201\2348a\326B?=\213\304\"J\262/\215"
  56      819C3861 
  56      D6423F3D 
  56      8BC4224A 
  56      B22F8D
  57 0197 4786F698 		.ascii	"G\206\366\230\017Bw\257\3759\266\317\"ZG\020\356\270"
  57      0F4277AF 
  57      FD39B6CF 
ARM GAS  C:\Users\Thomas\AppData\Local\Temp\ccVAlhnd.s 			page 4


  57      225A4710 
  57      EEB8
  58 01a9 C2CB1FD4 		.ascii	"\302\313\037\324\370#\271S\334\267#\335\2513\376y\177"
  58      F823B953 
  58      DCB723DD 
  58      A933FE79 
  58      7F
  59 01ba 3093F7CF 		.ascii	"0\223\367\317\246\373r\303\203Y?\225\354\313\365\366"
  59      A6FB72C3 
  59      83593F95 
  59      ECCBF5F6 
  60 01ca A49227D2 		.ascii	"\244\222'\322\275\003\271\354\271tOw\226\334\013\231"
  60      BD03B9EC 
  60      B9744F77 
  60      96DC0B99 
  61 01da 81617FDF 		.ascii	"\201a\177\337P>\223\357\317\236\356\317\017\375\005"
  61      503E93EF 
  61      CF9EEECF 
  61      0FFD05
  62 01e9 71EBCF7D 		.ascii	"q\353\317}"
  63              		.text
  64              		.section	.gnu.lto_P2_Clock_5_SetDriveMode.b9499662,"",%progbits
  65 0000 789C7D51 		.ascii	"x\234}QKH[A\024\275g\346\345#\241E\272\222\354U\004"
  65      4B485B41 
  65      14BD67E6 
  65      E523A145 
  65      BA92EC55 
  66 0015 B520642F 		.ascii	"\265 d/\010v+\270\015\204\022\337\312\352\003\321\265"
  66      08762BB8 
  66      0D8412DF 
  66      CAEA03D1 
  66      B5
  67 0026 EF9974E3 		.ascii	"\357\231t\343J\305\205 \202(\342\267Qp\341N\202\270"
  67      4AC58520 
  67      8228E2B7 
  67      5170E14E 
  67      82B8
  68 0038 B328BAB1 		.ascii	"\263(\272\261\025T\220\250\265\320\222\020\251\015A"
  68      155490A8 
  68      B5D09210 
  68      A90D41
  69 0047 E3991717 		.ascii	"\343\231\027\027\001\301\341\315\235{\016\367\234w\347"
  69      01C1E1CD 
  69      9D7B0EF7 
  69      9C77E7
  70 0056 8E96D72B 		.ascii	"\216\226\327+\312\375\033\"m<\241\005j\342P\304\013"
  70      CAFD1B22 
  70      6D3CA105 
  70      6AE250C4 
  70      0B
  71 0067 2BC02402 		.ascii	"+\300$\002\031U\030\305\235*(Ld\327g\"\315K\256\353"
  71      195518C5 
  71      9D2A284C 
  71      64D76722 
  71      CD4BAEEB 
  72 007b E617761A 		.ascii	"\346\027v\032\2766\224\224HQUm\260\214f\226\334\226"
  72      BE369494 
ARM GAS  C:\Users\Thomas\AppData\Local\Temp\ccVAlhnd.s 			page 5


  72      4851556D 
  72      B08C6696 
  72      DC96
  73 008d EE96DFE9 		.ascii	"\356\226\337\351\026\010\363\307\311\323\023\325\270"
  73      1608F3C7 
  73      C9D313D5 
  73      B8
  74 009a E8BA63D9 		.ascii	"\350\272c\331\357\031\267\023%z\256@S\201\326(Z\242"
  74      EF19B713 
  74      257AAE40 
  74      5381D628 
  74      5AA2
  75 00ac 4242B08A 		.ascii	"BB\260\212FS\\H?\236F\202iz\327W=\261\206 \333\222\315"
  75      46535C48 
  75      3F9E4682 
  75      697AD757 
  75      3DB18620 
  76 00c3 0F59B752 		.ascii	"\017Y\267R)\236O\256|DDQ\2434\203\266L\010\300\310\203"
  76      299E4FAE 
  76      7C444451 
  76      A33483B6 
  76      4C08C0C8 
  77 00d8 260D9910 		.ascii	"&\015\231\0206\241\316\324\210\344\270\315\015\256\011"
  77      36A1CED4 
  77      88E4B8CD 
  77      0DAE09
  78 00e7 78EA33EC 		.ascii	"x\3523\354\375\033\277\231\265\214\357\2032\327y\372"
  78      FD1BBF99 
  78      B58CEF83 
  78      32D779FA 
  79 00f7 9129AA5F 		.ascii	"\221)\252_\252\244\254\362\274\347Z\246\213\313\334"
  79      AAA4ACF2 
  79      BCE75AA6 
  79      8BCBDC
  80 0106 D171D8A7 		.ascii	"\321q\330\247\304\300\243\253\351]\314a\326K\263\371"
  80      C4C0A3AB 
  80      E95DCC61 
  80      D64BB3F9 
  81 0116 00D611C5 		.ascii	"\000\326\021\305\00680|#+g\030\273\010U\3554\035\211"
  81      0638307C 
  81      232B6718 
  81      BB0855ED 
  81      341D89
  82 0129 53FF8355 		.ascii	"S\377\203Ul\221\242\376\347\337\374\201o\247\013\225"
  82      6C91A2FE 
  82      E7DFFC81 
  82      6FA70B95 
  83 0139 97C55966 		.ascii	"\227\305YfhQ\243\345\027\250\325\206HQ{\274\375g?\340"
  83      6851A3E5 
  83      17A8D586 
  83      48517BBC 
  83      FD673FE0 
  84 014d 6BDF0B36 		.ascii	"k\337\0136}I\352\376\245$\354\377!T\353RG\226xo\012"
  84      7D49EAFE 
  84      A524ECFF 
  84      2154EB52 
  84      4796786F 
ARM GAS  C:\Users\Thomas\AppData\Local\Temp\ccVAlhnd.s 			page 6


  85 0162 06BFD5FB 		.ascii	"\006\277\325\373\026Y\326\313\005\274l\271\333T\233"
  85      1659D6CB 
  85      05BC6CB9 
  85      DB549B
  86 0171 F7CBF12D 		.ascii	"\367\313\361-8&\016\255\251=\376\311\036\264\207>\017"
  86      38260EAD 
  86      A93DFEC9 
  86      1EB4873E 
  86      0F
  87 0182 DB7D895E 		.ascii	"\333}\211^gd(i\307{z\235\256X\274\247#\321\365\305I"
  87      67642869 
  87      C77B7A9D 
  87      AE58BCA7 
  87      23D1F5C5 
  88 0197 F62762ED 		.ascii	"\366'b\355I\261\006\234>\373\031\237\370\2724"
  88      49B1069C 
  88      3EFB199F 
  88      F8BA34
  89              		.text
  90              		.section	.gnu.lto_P2_Clock_5_Read.b9499662,"",%progbits
  91 0000 789C654F 		.ascii	"x\234eO;H\003A\024|\263w\227\004\323\210\225\244\327"
  91      3B480341 
  91      147CB377 
  91      9704D388 
  91      95A4D7
  92 0013 28841442 		.ascii	"(\204\024B\032\355La\033H\033\010\022\257R\014\004\255"
  92      1AED4C61 
  92      1B481B08 
  92      12AF520C 
  92      04AD
  93 0025 7389317E 		.ascii	"s\2111~*?h#Z\370\377D,\254,\004\261\026E,\224\020\316"
  93      2A3F6823 
  93      5AF8FF44 
  93      2CAC2C04 
  93      B116452C 
  94 003c 2601D319 		.ascii	"&\001\323\031\342\357\012\215\357\345\354\\\330\331"
  94      E2EF0A8D 
  94      EFE5EC5C 
  94      D8D9
  95 004a 7DF36667 		.ascii	"}\363fg\366i\364\177\005x\017\203\250\217Oh\004\265"
  95      F669F47F 
  95      05780F83 
  95      A88F4F68 
  95      04B5
  96 005c 744B94F3 		.ascii	"tK\224\363)@.\004\312*dQW\015\205\233\213\237\007\004"
  96      29402E04 
  96      CA2A6451 
  96      570D859B 
  96      8B9F0704 
  97 0070 F72C2BFF 		.ascii	"\367,+\377\272rY\361\317v;\212\250\251\010\241\000\372"
  97      BA7259F1 
  97      CF763B8A 
  97      A8A908A1 
  97      00FA
  98 0082 C5070708 		.ascii	"\305\007\007\010\022\013\033\205\357G\277\247`YV\247"
  98      120B1B85 
  98      EF47BFA7 
ARM GAS  C:\Users\Thomas\AppData\Local\Temp\ccVAlhnd.s 			page 7


  98      605956A7 
  99 0092 F4B97108 		.ascii	"\364\271q\010\017g\320Y\327\225\325j\235\277/\317\017"
  99      0F67D059 
  99      D795D56A 
  99      9DBF2FCF 
  99      0F
 100 00a3 C10B7214 		.ascii	"\301\013r\024'2\350\014\312\020\360\220xR\225A\342k"
 100      2732E80C 
 100      CA10F090 
 100      78529541 
 100      E26B
 101 00b5 4AC9A995 		.ascii	"J\311\251\225q\375\261ho\015\212\317\247\3228b\177\365"
 101      71FDB168 
 101      6F0D8ACF 
 101      A7D23862 
 101      7FF5
 102 00c7 74BBE345 		.ascii	"t\273\343E9\\\354\344,]R\237\253w\367\2766ER\326\352"
 102      395CECE4 
 102      2C5D529F 
 102      AB77F7BE 
 102      364552D6 
 103 00dc 0B4D6C62 		.ascii	"\013Mlb#W\200\243t\034!\200c\360/q\302,\2251\363U\254"
 103      235780A3 
 103      741C2180 
 103      63F02F71 
 103      C22C9531 
 104 00f3 68AE215C 		.ascii	"h\256!\\\317\335\265\365\222!\006\360\021J\254-#o{]"
 104      CFDDB5F5 
 104      922106F0 
 104      114AAC2D 
 104      236F7B5D 
 105 0107 89CE2A79 		.ascii	"\211\316*yd\027\337\014\2271\230DO[\3644\027r9\241\311"
 105      6417DF0C 
 105      97319844 
 105      4F5BF434 
 105      177239A1 
 106 011c 06FEAAF6 		.ascii	"\006\376\252\366$\220\011x\236\336pb\304\23443\243S"
 106      24900978 
 106      9EDE7062 
 106      C49C3433 
 106      A353
 107 012e E658329E 		.ascii	"\346X2\236\236\316\244\314D,\236\216F\022\261\201dt"
 107      9ECEA4CC 
 107      442C9E8E 
 107      4612B181 
 107      6474
 108 0140 229D1A4F 		.ascii	"\"\235\032OF\302)\372\005V\367z\357"
 108      46C229FA 
 108      0556F77A 
 108      EF
 109              		.text
 110              		.section	.gnu.lto_P2_Clock_5_ReadDataReg.b9499662,"",%progbits
 111 0000 789C654F 		.ascii	"x\234eO1HBQ\024\275\347\376\377U\020$\232\302\275\254"
 111      31484251 
 111      14BDE7FE 
 111      FF551024 
 111      9AC2BDAC 
ARM GAS  C:\Users\Thomas\AppData\Local\Temp\ccVAlhnd.s 			page 8


 112 0014 1087C0A5 		.ascii	"\020\207\300\2451\207V\301U\220\260?\025\011R\263_3"
 112      318756C1 
 112      5590B03F 
 112      150952B3 
 112      5F33
 113 0026 8BA6086A 		.ascii	"\213\246\010j\011[2\312\022\032\"\250%\2529\222t(\304"
 113      095B32CA 
 113      121A22A8 
 113      25AA3992 
 113      7428C4
 114 0039 6C31A84D 		.ascii	"l1\250M)*\207\264\373\374m=x\347\276w\356y\347\274\253"
 114      292A87B4 
 114      FBFC6D3D 
 114      78E7BE77 
 114      EE79E7BC 
 115 004e D1FFE595 		.ascii	"\321\377\345\225=\005\242Q\251\320\010\274qG\224v1\240"
 115      3D05A251 
 115      A9D008BC 
 115      71479476 
 115      31A0
 116 0060 0E044A31 		.ascii	"\016\004J1Rx\3436\343\366\242[\205o\337\2622\255J\265"
 116      5278E336 
 116      E3F6A25B 
 116      856FDFB2 
 116      32AD4AB5 
 117 0074 EE5E19EA 		.ascii	"\356^\031\3520\321;\023\374^\214)\037\034\300G\"lg\177"
 117      30D13B13 
 117      FC5E8C29 
 117      1F1CC047 
 117      226C677F 
 118 0088 1EDC8EAC 		.ascii	"\036\334\216\254eY\003\252/\215C8$\203N\006\257\254"
 118      655903AA 
 118      2F8D4338 
 118      24834E06 
 118      AFAC
 119 009a 5EEFB4BC 		.ascii	"^\357\264\274\2716\316NP\207%Q@\027`C\201\203\224'5"
 119      B936CE4E 
 119      50872551 
 119      40176043 
 119      81839427 
 120 00af 0554FC0B 		.ascii	"\005T\374\013\263\252Z\0157\237\353\335\342\244\362"
 120      B3AA5A0D 
 120      379FEBDD 
 120      E2A4F2
 121 00be F9624D22 		.ascii	"\371bM\"\256\237\316\013\236W\356\260\326\332K[\272"
 121      AE9FCE0B 
 121      9E57EEB0 
 121      D6DA4B5B 
 121      BA
 122 00cf 4A7D6E96 		.ascii	"J}n\226\357]}\212\324u\367\362\254\342\311c'\235E\207"
 122      EF5D7D8A 
 122      D475F7F2 
 122      ACE2C963 
 122      279D4587 
 123 00e3 7514E1C5 		.ascii	"u\024\341\305\021\344\2278F\036T\303\362w\256\256\331"
 123      11E49738 
 123      461E54C3 
ARM GAS  C:\Users\Thomas\AppData\Local\Temp\ccVAlhnd.s 			page 9


 123      F277AEAE 
 123      D9
 124 00f4 86B03D0B 		.ascii	"\206\260=\013[\333%C\031\300E(\211\266\206L\303iKtQ"
 124      5BDB2543 
 124      19C04528 
 124      89B6864C 
 124      C3694B74 
 125 0109 A9478DDC 		.ascii	"\251G\215\334\207a3\206\220\030\356\213\036W\3756\247"
 125      87613386 
 125      9018EE8B 
 125      1E57FD36 
 125      A7
 126 011a 686A007F 		.ascii	"hj\000\177\267\376$P\023\310<#\201\350\264\271`&g\026"
 126      B7FE2450 
 126      13C83C23 
 126      81E8B4B9 
 126      60266716 
 127 012e CDD95824 		.ascii	"\315\331X$\261\224\214\233\321p$\021\012F\303\023\261"
 127      B1948C9B 
 127      D1702411 
 127      0A46C313 
 127      B1
 128 013f D07C223E 		.ascii	"\320|\">\027\013\006\342\364\013\331\203{V"
 128      170B06E2 
 128      F40BD983 
 128      7B56
 129              		.text
 130              		.section	.gnu.lto_.symbol_nodes.b9499662,"",%progbits
 131 0000 789C6366 		.ascii	"x\234cf``pb\200\002&\206z\006\206\011\347\030\030\352"
 131      60607062 
 131      80022686 
 131      7A068609 
 131      E71818EA 
 132 0014 EB19E62D 		.ascii	"\353\031\346-\340``b\254gD\3413\3253\241\360\231\353"
 132      E0606062 
 132      AC6744E1 
 132      33D533A1 
 132      F099EB
 133 0027 9991F90C 		.ascii	"\231\221\371\014\0003\356\020\336"
 133      0033EE10 
 133      DE
 134              		.text
 135              		.section	.gnu.lto_.refs.b9499662,"",%progbits
 136 0000 789C6366 		.ascii	"x\234cf```d\200\002\000\000=\000\005"
 136      60606064 
 136      80020000 
 136      3D0005
 137              		.text
 138              		.section	.gnu.lto_.decls.b9499662,"",%progbits
 139 0000 789C8D92 		.ascii	"x\234\215\222]H\024Q\024\307\357\231;\256:\256\346\323"
 139      5D481451 
 139      14C7EF99 
 139      3BAE3AAE 
 139      E6D3
 140 0012 2A4BD042 		.ascii	"*K\320B \004\342C!\370V\240\240/\305\242D\017\012\313"
 140      2004E243 
 140      21F856A0 
ARM GAS  C:\Users\Thomas\AppData\Local\Temp\ccVAlhnd.s 			page 10


 140      A02FC5A2 
 140      440F0ACB 
 141 0026 B20E2686 		.ascii	"\262\016&\206\033\333\032\370\324\315\017\374H\312\324"
 141      1BDB1AF8 
 141      D4CD0FFC 
 141      48CAD4
 142 0035 68153241 		.ascii	"h\0252A\315\262\374h]]WMg{I\012{\210E\320\2272!\014"
 142      CDB2FC68 
 142      5D5D574D 
 142      677B490A 
 142      7B8845D0 
 143 004d 0A56A830 		.ascii	"\012V\2500\010\2473ww\233a[\301\003gf\316\334\363\373"
 143      08A73377 
 143      779B615B 
 143      C1036766 
 143      CEDCF3FB 
 144 0061 9F73EF3D 		.ascii	"\237s\357=\224\020\222\017\204\250he\224\220i\214\323"
 144      9410920F 
 144      84A86865 
 144      9490698C 
 144      D3
 145 0072 D0ED4437 		.ascii	"\320\355D7\021\335\217\036@\017\242\207\310\377\346"
 145      11DD8F1E 
 145      400FA287 
 145      C8FFE6
 146 0081 377053E8 		.ascii	"7pS\350\026\364U\364\225\370:\304s\222M\3234%qJ\012"
 146      16F455F4 
 146      95F83AC4 
 146      73924DD3 
 146      3425714A 
 147 0096 3690820D 		.ascii	"6\220\202\015\306k&\270\212\024\\0\005\027:\006\227"
 147      C66B26B8 
 147      8A145C30 
 147      05173A06 
 147      97
 148 00a7 6A8FFB02 		.ascii	"j\217\373\002\204\246\177ld\355\011\220#\331\264p\251"
 148      84A67F6C 
 148      64ED0990 
 148      23D9B470 
 148      A9
 149 00b8 6FDD67C2 		.ascii	"o\335g\302\320,\211Z\270\271\326\321\221A\005\320\276"
 149      D02C895A 
 149      B8B9D6D1 
 149      914105D0 
 149      BE
 150 00c9 477D3B11 		.ascii	"G};\021\251p\2221\326\311\024\005t\211\333O\226{\322"
 150      A9709231 
 150      D6C91405 
 150      7489DB4F 
 150      967BD2
 151 00dc 91B1483C 		.ascii	"\221\261H<\274\373n(Ly\250j\234\260\2655\360\233\202"
 151      BCFB6E28 
 151      4C79A86A 
 151      9CB0B535 
 151      F09B82
 152 00ef 54D0C958 		.ascii	"T\320\311X\013\213\3661\232O\240\320\012g\254\004\246"
 152      0B8BF631 
ARM GAS  C:\Users\Thomas\AppData\Local\Temp\ccVAlhnd.s 			page 11


 152      9A4FA0D0 
 152      0A67AC04 
 152      A6
 153 0100 A100D360 		.ascii	"\241\000\323`\022\012\011<\007+\274\000+\031\303\002"
 153      120A093C 
 153      072BBC00 
 153      2B19C302 
 154 0110 D1C791ED 		.ascii	"\321\307\221\355\223\214\2110\005\022<\003\3123p\033"
 154      938C8930 
 154      05123C03 
 154      CA33701B 
 155 0120 5A8578D1 		.ascii	"Z\205x\321\336\366p\257(\012\370S\313\251\346\335\376"
 155      DEF670AF 
 155      280AF853 
 155      CBA9E6DD 
 155      FE
 156 0131 5477C685 		.ascii	"Tw\306\205\274\007(\300z[Y\256\010v\013L\240\354S\224"
 156      BC0728C0 
 156      7A5B59AE 
 156      08760B4C 
 156      A0EC5394 
 157 0145 25300B79 		.ascii	"%0\013y\370\234\0011&\020\231\211|\317\244\347\370\326"
 157      F89C0131 
 157      26109989 
 157      7CCFA4E7 
 157      F8D6
 158 0157 BE4DF507 		.ascii	"\276M\365\007\262l\303ld6\3323:L\007\331H\013;T\261"
 158      B26CC36C 
 158      6436DA33 
 158      3A4C07D9 
 158      480B3B54 
 159 016c 7D0D8297 		.ascii	"}\015\202\227\377\032 \332w\354D\375`C\360\315\333\327"
 159      FF1A20DA 
 159      77EC44FD 
 159      6043F0CD 
 159      DBD7
 160 017e ED943670 		.ascii	"\355\2246p\021\337\3079\027\327\030Y\0325\2553EU\317"
 160      11DFC739 
 160      17D71859 
 160      1A35AD33 
 160      4555CF
 161 0191 737CCE80 		.ascii	"s|\316\200\317%\360\000\307\273\332f\251\261_m+z\303"
 161      CF25F000 
 161      C7BBDA66 
 161      A9B15F6D 
 161      2B7AC3
 162 01a4 F3BCE1EA 		.ascii	"\363\274\341\352x\277\003k\207~3m\005^kf\342\303p6/"
 162      78BF036B 
 162      877E336D 
 162      055E6B66 
 162      E2C37036 
 163 01b9 F6E9EBAE 		.ascii	"\366\351\353\256\254\264\261?\252J9\001\013\206r\013"
 163      ACB4B13F 
 163      AA4A3901 
 163      0B86720B 
 164 01c9 8972415E 		.ascii	"\211rA^\356\376\374\340r6\355\217I|Y\364\365\213\261"
 164      EEFEFCE0 
ARM GAS  C:\Users\Thomas\AppData\Local\Temp\ccVAlhnd.s 			page 12


 164      7236ED8F 
 164      497C59F4 
 164      F58BB1
 165 01dc 7E1F8D27 		.ascii	"~\037\215'\372\325\004\026\015\002\213\011\201\020\027"
 165      FAD50416 
 165      0D028B09 
 165      811017
 166 01eb 600FEF8C 		.ascii	"`\017\357\214e\320\311\230\300\374\257\356P\266\204"
 166      65D0C998 
 166      C0FCAFEE 
 166      50B684
 167 01fa B7DA7A8C 		.ascii	"\267\332z\214[\3059\210\274\357\336\314\214\315A2\361"
 167      5BC53988 
 167      BCEFDECC 
 167      8CCD4132 
 167      F1
 168 020b EAC83938 		.ascii	"\352\31098\330\255hc\027`\005\017fI\237\203e\320\007"
 168      D8AD6863 
 168      1760050F 
 168      66499F83 
 168      65D007
 169 021e A1EBF3D0 		.ascii	"\241\353\363\320\206\331\334\255\015\027\036b\346z\016"
 169      86D9DCAD 
 169      0D171E62 
 169      E67A0E
 170 022d 4FD64F71 		.ascii	"O\326Oq\025\314|\007\370\336\027hx\"\274-\201U\262\372"
 170      15CC7C07 
 170      F8DE1768 
 170      7822BC2D 
 170      8155B2FA 
 171 0241 708A0F4E 		.ascii	"p\212\017N\201\202J\235\332\005D[\030\365\345$:\"|\201"
 171      81824A9D 
 171      DA05445B 
 171      18F5E524 
 171      3A227C81 
 172 0255 401865D6 		.ascii	"@\030e\326PF\313V\366T\365\226\032\263{\351<\201?\322"
 172      5046CB56 
 172      F654F596 
 172      1AB37BE9 
 172      3C813FD2 
 173 0269 9AEA1BBD 		.ascii	"\232\352\033\275%\246\362K\227m\245\344tQM\271\334("
 173      25A6F24B 
 173      976DA5E4 
 173      74514DB9 
 173      DC28
 174 027b 7B9C5EB9 		.ascii	"{\234^\271\326Q\345n\362\270\344\032{\225\273\264\270"
 174      D651E56E 
 174      F2B8E41A 
 174      7B95BBB4 
 174      B8
 175 028c C6D5EC6D 		.ascii	"\306\325\354m\276.\337(\272Jr\355g\035\245\327\334\256"
 175      BE2EDF28 
 175      BA4A72ED 
 175      671DA5D7 
 175      DCAE
 176 029e 0647B1E3 		.ascii	"\006G\261\343\212\247\336+\027\034\011\351\231E.\222"
 176      8AA7DE2B 
ARM GAS  C:\Users\Thomas\AppData\Local\Temp\ccVAlhnd.s 			page 13


 176      171C09E9 
 176      99452E92 
 177 02ae 67E0AA64 		.ascii	"g\340\252do\231\247\376\246|\321]+\2370\374\257\224"
 177      6F99A7FE 
 177      A67CD15D 
 177      2B9F30FC 
 177      AF94
 178 02c0 9DB596A4 		.ascii	"\235\265\226\244\270\314\351uV\312u\242G\256+\371\013"
 178      B8CCE975 
 178      56CA75A2 
 178      47AE2BF9 
 178      0B
 179 02d1 37E95051 		.ascii	"7\351PQ"
 180              		.text
 181              		.section	.gnu.lto_.symtab.b9499662,"",%progbits
 182 0000 50325F43 		.ascii	"P2_Clock_5_Write\000\000\000\000\000\000\000\000\000"
 182      6C6F636B 
 182      5F355F57 
 182      72697465 
 182      00000000 
 183 0019 000000B2 		.ascii	"\000\000\000\262\000\000\000P2_Clock_5_SetDriveMode"
 183      00000050 
 183      325F436C 
 183      6F636B5F 
 183      355F5365 
 184 0037 00000000 		.ascii	"\000\000\000\000\000\000\000\000\000\000\000\000\264"
 184      00000000 
 184      00000000 
 184      B4
 185 0044 00000050 		.ascii	"\000\000\000P2_Clock_5_Read\000\000\000\000\000\000"
 185      325F436C 
 185      6F636B5F 
 185      355F5265 
 185      61640000 
 186 005c 00000000 		.ascii	"\000\000\000\000\000\000\267\000\000\000P2_Clock_5_"
 186      0000B700 
 186      00005032 
 186      5F436C6F 
 186      636B5F35 
 187 0071 52656164 		.ascii	"ReadDataReg\000\000\000\000\000\000\000\000\000\000"
 187      44617461 
 187      52656700 
 187      00000000 
 187      00000000 
 188 0086 0000B900 		.ascii	"\000\000\271\000\000\000"
 188      0000
 189              		.text
 190              		.section	.gnu.lto_.opts,"",%progbits
 191 0000 272D666E 		.ascii	"'-fno-trapv' '-mcpu=cortex-m3' '-mthumb' '-g' '-O3'"
 191      6F2D7472 
 191      61707627 
 191      20272D6D 
 191      6370753D 
 192 0033 20272D66 		.ascii	" '-ffunction-sections' '-finline-functions' '-flto'"
 192      66756E63 
 192      74696F6E 
 192      2D736563 
ARM GAS  C:\Users\Thomas\AppData\Local\Temp\ccVAlhnd.s 			page 14


 192      74696F6E 
 193 0066 20272D66 		.ascii	" '-ffat-lto-objects'\000"
 193      6661742D 
 193      6C746F2D 
 193      6F626A65 
 193      63747327 
 194              		.text
 195              		.cfi_sections	.debug_frame
 196              		.section	.text.P2_Clock_5_Write,"ax",%progbits
 197              		.align	2
 198              		.global	P2_Clock_5_Write
 199              		.thumb
 200              		.thumb_func
 201              		.type	P2_Clock_5_Write, %function
 202              	P2_Clock_5_Write:
 203              	.LFB0:
 204              		.file 1 ".\\Generated_Source\\PSoC5\\P2_Clock_5.c"
   1:.\Generated_Source\PSoC5/P2_Clock_5.c **** /*******************************************************************************
   2:.\Generated_Source\PSoC5/P2_Clock_5.c **** * File Name: P2_Clock_5.c  
   3:.\Generated_Source\PSoC5/P2_Clock_5.c **** * Version 2.20
   4:.\Generated_Source\PSoC5/P2_Clock_5.c **** *
   5:.\Generated_Source\PSoC5/P2_Clock_5.c **** * Description:
   6:.\Generated_Source\PSoC5/P2_Clock_5.c **** *  This file contains API to enable firmware control of a Pins component.
   7:.\Generated_Source\PSoC5/P2_Clock_5.c **** *
   8:.\Generated_Source\PSoC5/P2_Clock_5.c **** * Note:
   9:.\Generated_Source\PSoC5/P2_Clock_5.c **** *
  10:.\Generated_Source\PSoC5/P2_Clock_5.c **** ********************************************************************************
  11:.\Generated_Source\PSoC5/P2_Clock_5.c **** * Copyright 2008-2015, Cypress Semiconductor Corporation.  All rights reserved.
  12:.\Generated_Source\PSoC5/P2_Clock_5.c **** * You may use this file only in accordance with the license, terms, conditions, 
  13:.\Generated_Source\PSoC5/P2_Clock_5.c **** * disclaimers, and limitations in the end user license agreement accompanying 
  14:.\Generated_Source\PSoC5/P2_Clock_5.c **** * the software package with which this file was provided.
  15:.\Generated_Source\PSoC5/P2_Clock_5.c **** *******************************************************************************/
  16:.\Generated_Source\PSoC5/P2_Clock_5.c **** 
  17:.\Generated_Source\PSoC5/P2_Clock_5.c **** #include "cytypes.h"
  18:.\Generated_Source\PSoC5/P2_Clock_5.c **** #include "P2_Clock_5.h"
  19:.\Generated_Source\PSoC5/P2_Clock_5.c **** 
  20:.\Generated_Source\PSoC5/P2_Clock_5.c **** /* APIs are not generated for P15[7:6] on PSoC 5 */
  21:.\Generated_Source\PSoC5/P2_Clock_5.c **** #if !(CY_PSOC5A &&\
  22:.\Generated_Source\PSoC5/P2_Clock_5.c **** 	 P2_Clock_5__PORT == 15 && ((P2_Clock_5__MASK & 0xC0) != 0))
  23:.\Generated_Source\PSoC5/P2_Clock_5.c **** 
  24:.\Generated_Source\PSoC5/P2_Clock_5.c **** 
  25:.\Generated_Source\PSoC5/P2_Clock_5.c **** /*******************************************************************************
  26:.\Generated_Source\PSoC5/P2_Clock_5.c **** * Function Name: P2_Clock_5_Write
  27:.\Generated_Source\PSoC5/P2_Clock_5.c **** ****************************************************************************//**
  28:.\Generated_Source\PSoC5/P2_Clock_5.c **** *
  29:.\Generated_Source\PSoC5/P2_Clock_5.c **** * \brief Writes the value to the physical port (data output register), masking
  30:.\Generated_Source\PSoC5/P2_Clock_5.c **** *  and shifting the bits appropriately. 
  31:.\Generated_Source\PSoC5/P2_Clock_5.c **** *
  32:.\Generated_Source\PSoC5/P2_Clock_5.c **** * The data output register controls the signal applied to the physical pin in 
  33:.\Generated_Source\PSoC5/P2_Clock_5.c **** * conjunction with the drive mode parameter. This function avoids changing 
  34:.\Generated_Source\PSoC5/P2_Clock_5.c **** * other bits in the port by using the appropriate method (read-modify-write or
  35:.\Generated_Source\PSoC5/P2_Clock_5.c **** * bit banding).
  36:.\Generated_Source\PSoC5/P2_Clock_5.c **** *
  37:.\Generated_Source\PSoC5/P2_Clock_5.c **** * <b>Note</b> This function should not be used on a hardware digital output pin 
  38:.\Generated_Source\PSoC5/P2_Clock_5.c **** * as it is driven by the hardware signal attached to it.
  39:.\Generated_Source\PSoC5/P2_Clock_5.c **** *
  40:.\Generated_Source\PSoC5/P2_Clock_5.c **** * \param value
ARM GAS  C:\Users\Thomas\AppData\Local\Temp\ccVAlhnd.s 			page 15


  41:.\Generated_Source\PSoC5/P2_Clock_5.c **** *  Value to write to the component instance.
  42:.\Generated_Source\PSoC5/P2_Clock_5.c **** *
  43:.\Generated_Source\PSoC5/P2_Clock_5.c **** * \return 
  44:.\Generated_Source\PSoC5/P2_Clock_5.c **** *  None 
  45:.\Generated_Source\PSoC5/P2_Clock_5.c **** *
  46:.\Generated_Source\PSoC5/P2_Clock_5.c **** * \sideeffect
  47:.\Generated_Source\PSoC5/P2_Clock_5.c **** *  If you use read-modify-write operations that are not atomic; the Interrupt 
  48:.\Generated_Source\PSoC5/P2_Clock_5.c **** *  Service Routines (ISR) can cause corruption of this function. An ISR that 
  49:.\Generated_Source\PSoC5/P2_Clock_5.c **** *  interrupts this function and performs writes to the Pins component data 
  50:.\Generated_Source\PSoC5/P2_Clock_5.c **** *  register can cause corrupted port data. To avoid this issue, you should 
  51:.\Generated_Source\PSoC5/P2_Clock_5.c **** *  either use the Per-Pin APIs (primary method) or disable interrupts around 
  52:.\Generated_Source\PSoC5/P2_Clock_5.c **** *  this function.
  53:.\Generated_Source\PSoC5/P2_Clock_5.c **** *
  54:.\Generated_Source\PSoC5/P2_Clock_5.c **** * \funcusage
  55:.\Generated_Source\PSoC5/P2_Clock_5.c **** *  \snippet P2_Clock_5_SUT.c usage_P2_Clock_5_Write
  56:.\Generated_Source\PSoC5/P2_Clock_5.c **** *******************************************************************************/
  57:.\Generated_Source\PSoC5/P2_Clock_5.c **** void P2_Clock_5_Write(uint8 value)
  58:.\Generated_Source\PSoC5/P2_Clock_5.c **** {
 205              		.loc 1 58 0
 206              		.cfi_startproc
 207              		@ args = 0, pretend = 0, frame = 0
 208              		@ frame_needed = 0, uses_anonymous_args = 0
 209              		@ link register save eliminated.
 210              	.LVL0:
  59:.\Generated_Source\PSoC5/P2_Clock_5.c ****     uint8 staticBits = (P2_Clock_5_DR & (uint8)(~P2_Clock_5_MASK));
 211              		.loc 1 59 0
 212 0000 044A     		ldr	r2, .L2
  60:.\Generated_Source\PSoC5/P2_Clock_5.c ****     P2_Clock_5_DR = staticBits | ((uint8)(value << P2_Clock_5_SHIFT) & P2_Clock_5_MASK);
 213              		.loc 1 60 0
 214 0002 C000     		lsls	r0, r0, #3
 215              	.LVL1:
  59:.\Generated_Source\PSoC5/P2_Clock_5.c ****     uint8 staticBits = (P2_Clock_5_DR & (uint8)(~P2_Clock_5_MASK));
 216              		.loc 1 59 0
 217 0004 1378     		ldrb	r3, [r2]	@ zero_extendqisi2
 218              	.LVL2:
 219              		.loc 1 60 0
 220 0006 00F00800 		and	r0, r0, #8
  59:.\Generated_Source\PSoC5/P2_Clock_5.c ****     uint8 staticBits = (P2_Clock_5_DR & (uint8)(~P2_Clock_5_MASK));
 221              		.loc 1 59 0
 222 000a 03F0F703 		and	r3, r3, #247
 223              	.LVL3:
 224              		.loc 1 60 0
 225 000e 1843     		orrs	r0, r0, r3
 226 0010 1070     		strb	r0, [r2]
 227 0012 7047     		bx	lr
 228              	.L3:
 229              		.align	2
 230              	.L2:
 231 0014 F0510040 		.word	1073762800
 232              		.cfi_endproc
 233              	.LFE0:
 234              		.size	P2_Clock_5_Write, .-P2_Clock_5_Write
 235              		.section	.text.P2_Clock_5_SetDriveMode,"ax",%progbits
 236              		.align	2
 237              		.global	P2_Clock_5_SetDriveMode
 238              		.thumb
 239              		.thumb_func
ARM GAS  C:\Users\Thomas\AppData\Local\Temp\ccVAlhnd.s 			page 16


 240              		.type	P2_Clock_5_SetDriveMode, %function
 241              	P2_Clock_5_SetDriveMode:
 242              	.LFB1:
  61:.\Generated_Source\PSoC5/P2_Clock_5.c **** }
  62:.\Generated_Source\PSoC5/P2_Clock_5.c **** 
  63:.\Generated_Source\PSoC5/P2_Clock_5.c **** 
  64:.\Generated_Source\PSoC5/P2_Clock_5.c **** /*******************************************************************************
  65:.\Generated_Source\PSoC5/P2_Clock_5.c **** * Function Name: P2_Clock_5_SetDriveMode
  66:.\Generated_Source\PSoC5/P2_Clock_5.c **** ****************************************************************************//**
  67:.\Generated_Source\PSoC5/P2_Clock_5.c **** *
  68:.\Generated_Source\PSoC5/P2_Clock_5.c **** * \brief Sets the drive mode for each of the Pins component's pins.
  69:.\Generated_Source\PSoC5/P2_Clock_5.c **** * 
  70:.\Generated_Source\PSoC5/P2_Clock_5.c **** * <b>Note</b> This affects all pins in the Pins component instance. Use the
  71:.\Generated_Source\PSoC5/P2_Clock_5.c **** * Per-Pin APIs if you wish to control individual pin's drive modes.
  72:.\Generated_Source\PSoC5/P2_Clock_5.c **** *
  73:.\Generated_Source\PSoC5/P2_Clock_5.c **** * \param mode
  74:.\Generated_Source\PSoC5/P2_Clock_5.c **** *  Mode for the selected signals. Valid options are documented in 
  75:.\Generated_Source\PSoC5/P2_Clock_5.c **** *  \ref driveMode.
  76:.\Generated_Source\PSoC5/P2_Clock_5.c **** *
  77:.\Generated_Source\PSoC5/P2_Clock_5.c **** * \return
  78:.\Generated_Source\PSoC5/P2_Clock_5.c **** *  None
  79:.\Generated_Source\PSoC5/P2_Clock_5.c **** *
  80:.\Generated_Source\PSoC5/P2_Clock_5.c **** * \sideeffect
  81:.\Generated_Source\PSoC5/P2_Clock_5.c **** *  If you use read-modify-write operations that are not atomic, the ISR can
  82:.\Generated_Source\PSoC5/P2_Clock_5.c **** *  cause corruption of this function. An ISR that interrupts this function 
  83:.\Generated_Source\PSoC5/P2_Clock_5.c **** *  and performs writes to the Pins component Drive Mode registers can cause 
  84:.\Generated_Source\PSoC5/P2_Clock_5.c **** *  corrupted port data. To avoid this issue, you should either use the Per-Pin
  85:.\Generated_Source\PSoC5/P2_Clock_5.c **** *  APIs (primary method) or disable interrupts around this function.
  86:.\Generated_Source\PSoC5/P2_Clock_5.c **** *
  87:.\Generated_Source\PSoC5/P2_Clock_5.c **** * \funcusage
  88:.\Generated_Source\PSoC5/P2_Clock_5.c **** *  \snippet P2_Clock_5_SUT.c usage_P2_Clock_5_SetDriveMode
  89:.\Generated_Source\PSoC5/P2_Clock_5.c **** *******************************************************************************/
  90:.\Generated_Source\PSoC5/P2_Clock_5.c **** void P2_Clock_5_SetDriveMode(uint8 mode)
  91:.\Generated_Source\PSoC5/P2_Clock_5.c **** {
 243              		.loc 1 91 0
 244              		.cfi_startproc
 245              		@ args = 0, pretend = 0, frame = 0
 246              		@ frame_needed = 0, uses_anonymous_args = 0
 247              		@ link register save eliminated.
 248              	.LVL4:
  92:.\Generated_Source\PSoC5/P2_Clock_5.c **** 	CyPins_SetPinDriveMode(P2_Clock_5_0, mode);
 249              		.loc 1 92 0
 250 0000 044A     		ldr	r2, .L5
 251 0002 00F00E00 		and	r0, r0, #14
 252              	.LVL5:
 253 0006 1378     		ldrb	r3, [r2]	@ zero_extendqisi2
 254 0008 03F0F103 		and	r3, r3, #241
 255 000c 1843     		orrs	r0, r0, r3
 256 000e 1070     		strb	r0, [r2]
 257 0010 7047     		bx	lr
 258              	.L6:
 259 0012 00BF     		.align	2
 260              	.L5:
 261 0014 7B500040 		.word	1073762427
 262              		.cfi_endproc
 263              	.LFE1:
 264              		.size	P2_Clock_5_SetDriveMode, .-P2_Clock_5_SetDriveMode
ARM GAS  C:\Users\Thomas\AppData\Local\Temp\ccVAlhnd.s 			page 17


 265              		.section	.text.P2_Clock_5_Read,"ax",%progbits
 266              		.align	2
 267              		.global	P2_Clock_5_Read
 268              		.thumb
 269              		.thumb_func
 270              		.type	P2_Clock_5_Read, %function
 271              	P2_Clock_5_Read:
 272              	.LFB2:
  93:.\Generated_Source\PSoC5/P2_Clock_5.c **** }
  94:.\Generated_Source\PSoC5/P2_Clock_5.c **** 
  95:.\Generated_Source\PSoC5/P2_Clock_5.c **** 
  96:.\Generated_Source\PSoC5/P2_Clock_5.c **** /*******************************************************************************
  97:.\Generated_Source\PSoC5/P2_Clock_5.c **** * Function Name: P2_Clock_5_Read
  98:.\Generated_Source\PSoC5/P2_Clock_5.c **** ****************************************************************************//**
  99:.\Generated_Source\PSoC5/P2_Clock_5.c **** *
 100:.\Generated_Source\PSoC5/P2_Clock_5.c **** * \brief Reads the associated physical port (pin status register) and masks 
 101:.\Generated_Source\PSoC5/P2_Clock_5.c **** *  the required bits according to the width and bit position of the component
 102:.\Generated_Source\PSoC5/P2_Clock_5.c **** *  instance. 
 103:.\Generated_Source\PSoC5/P2_Clock_5.c **** *
 104:.\Generated_Source\PSoC5/P2_Clock_5.c **** * The pin's status register returns the current logic level present on the 
 105:.\Generated_Source\PSoC5/P2_Clock_5.c **** * physical pin.
 106:.\Generated_Source\PSoC5/P2_Clock_5.c **** *
 107:.\Generated_Source\PSoC5/P2_Clock_5.c **** * \return 
 108:.\Generated_Source\PSoC5/P2_Clock_5.c **** *  The current value for the pins in the component as a right justified number.
 109:.\Generated_Source\PSoC5/P2_Clock_5.c **** *
 110:.\Generated_Source\PSoC5/P2_Clock_5.c **** * \funcusage
 111:.\Generated_Source\PSoC5/P2_Clock_5.c **** *  \snippet P2_Clock_5_SUT.c usage_P2_Clock_5_Read  
 112:.\Generated_Source\PSoC5/P2_Clock_5.c **** *******************************************************************************/
 113:.\Generated_Source\PSoC5/P2_Clock_5.c **** uint8 P2_Clock_5_Read(void)
 114:.\Generated_Source\PSoC5/P2_Clock_5.c **** {
 273              		.loc 1 114 0
 274              		.cfi_startproc
 275              		@ args = 0, pretend = 0, frame = 0
 276              		@ frame_needed = 0, uses_anonymous_args = 0
 277              		@ link register save eliminated.
 115:.\Generated_Source\PSoC5/P2_Clock_5.c ****     return (P2_Clock_5_PS & P2_Clock_5_MASK) >> P2_Clock_5_SHIFT;
 278              		.loc 1 115 0
 279 0000 024B     		ldr	r3, .L8
 280 0002 1878     		ldrb	r0, [r3]	@ zero_extendqisi2
 116:.\Generated_Source\PSoC5/P2_Clock_5.c **** }
 281              		.loc 1 116 0
 282 0004 C0F3C000 		ubfx	r0, r0, #3, #1
 283 0008 7047     		bx	lr
 284              	.L9:
 285 000a 00BF     		.align	2
 286              	.L8:
 287 000c F1510040 		.word	1073762801
 288              		.cfi_endproc
 289              	.LFE2:
 290              		.size	P2_Clock_5_Read, .-P2_Clock_5_Read
 291              		.section	.text.P2_Clock_5_ReadDataReg,"ax",%progbits
 292              		.align	2
 293              		.global	P2_Clock_5_ReadDataReg
 294              		.thumb
 295              		.thumb_func
 296              		.type	P2_Clock_5_ReadDataReg, %function
 297              	P2_Clock_5_ReadDataReg:
ARM GAS  C:\Users\Thomas\AppData\Local\Temp\ccVAlhnd.s 			page 18


 298              	.LFB3:
 117:.\Generated_Source\PSoC5/P2_Clock_5.c **** 
 118:.\Generated_Source\PSoC5/P2_Clock_5.c **** 
 119:.\Generated_Source\PSoC5/P2_Clock_5.c **** /*******************************************************************************
 120:.\Generated_Source\PSoC5/P2_Clock_5.c **** * Function Name: P2_Clock_5_ReadDataReg
 121:.\Generated_Source\PSoC5/P2_Clock_5.c **** ****************************************************************************//**
 122:.\Generated_Source\PSoC5/P2_Clock_5.c **** *
 123:.\Generated_Source\PSoC5/P2_Clock_5.c **** * \brief Reads the associated physical port's data output register and masks 
 124:.\Generated_Source\PSoC5/P2_Clock_5.c **** *  the correct bits according to the width and bit position of the component 
 125:.\Generated_Source\PSoC5/P2_Clock_5.c **** *  instance. 
 126:.\Generated_Source\PSoC5/P2_Clock_5.c **** *
 127:.\Generated_Source\PSoC5/P2_Clock_5.c **** * The data output register controls the signal applied to the physical pin in 
 128:.\Generated_Source\PSoC5/P2_Clock_5.c **** * conjunction with the drive mode parameter. This is not the same as the 
 129:.\Generated_Source\PSoC5/P2_Clock_5.c **** * preferred P2_Clock_5_Read() API because the 
 130:.\Generated_Source\PSoC5/P2_Clock_5.c **** * P2_Clock_5_ReadDataReg() reads the data register instead of the status 
 131:.\Generated_Source\PSoC5/P2_Clock_5.c **** * register. For output pins this is a useful function to determine the value 
 132:.\Generated_Source\PSoC5/P2_Clock_5.c **** * just written to the pin.
 133:.\Generated_Source\PSoC5/P2_Clock_5.c **** *
 134:.\Generated_Source\PSoC5/P2_Clock_5.c **** * \return 
 135:.\Generated_Source\PSoC5/P2_Clock_5.c **** *  The current value of the data register masked and shifted into a right 
 136:.\Generated_Source\PSoC5/P2_Clock_5.c **** *  justified number for the component instance.
 137:.\Generated_Source\PSoC5/P2_Clock_5.c **** *
 138:.\Generated_Source\PSoC5/P2_Clock_5.c **** * \funcusage
 139:.\Generated_Source\PSoC5/P2_Clock_5.c **** *  \snippet P2_Clock_5_SUT.c usage_P2_Clock_5_ReadDataReg 
 140:.\Generated_Source\PSoC5/P2_Clock_5.c **** *******************************************************************************/
 141:.\Generated_Source\PSoC5/P2_Clock_5.c **** uint8 P2_Clock_5_ReadDataReg(void)
 142:.\Generated_Source\PSoC5/P2_Clock_5.c **** {
 299              		.loc 1 142 0
 300              		.cfi_startproc
 301              		@ args = 0, pretend = 0, frame = 0
 302              		@ frame_needed = 0, uses_anonymous_args = 0
 303              		@ link register save eliminated.
 143:.\Generated_Source\PSoC5/P2_Clock_5.c ****     return (P2_Clock_5_DR & P2_Clock_5_MASK) >> P2_Clock_5_SHIFT;
 304              		.loc 1 143 0
 305 0000 024B     		ldr	r3, .L11
 306 0002 1878     		ldrb	r0, [r3]	@ zero_extendqisi2
 144:.\Generated_Source\PSoC5/P2_Clock_5.c **** }
 307              		.loc 1 144 0
 308 0004 C0F3C000 		ubfx	r0, r0, #3, #1
 309 0008 7047     		bx	lr
 310              	.L12:
 311 000a 00BF     		.align	2
 312              	.L11:
 313 000c F0510040 		.word	1073762800
 314              		.cfi_endproc
 315              	.LFE3:
 316              		.size	P2_Clock_5_ReadDataReg, .-P2_Clock_5_ReadDataReg
 317              		.text
 318              	.Letext0:
 319              		.file 2 ".\\Generated_Source\\PSoC5\\cytypes.h"
 320              		.section	.debug_info,"",%progbits
 321              	.Ldebug_info0:
 322 0000 1D010000 		.4byte	0x11d
 323 0004 0400     		.2byte	0x4
 324 0006 00000000 		.4byte	.Ldebug_abbrev0
 325 000a 04       		.byte	0x4
 326 000b 01       		.uleb128 0x1
ARM GAS  C:\Users\Thomas\AppData\Local\Temp\ccVAlhnd.s 			page 19


 327 000c 16010000 		.4byte	.LASF20
 328 0010 01       		.byte	0x1
 329 0011 77000000 		.4byte	.LASF21
 330 0015 A4000000 		.4byte	.LASF22
 331 0019 00000000 		.4byte	.Ldebug_ranges0+0
 332 001d 00000000 		.4byte	0
 333 0021 00000000 		.4byte	.Ldebug_line0
 334 0025 02       		.uleb128 0x2
 335 0026 01       		.byte	0x1
 336 0027 06       		.byte	0x6
 337 0028 03020000 		.4byte	.LASF0
 338 002c 02       		.uleb128 0x2
 339 002d 01       		.byte	0x1
 340 002e 08       		.byte	0x8
 341 002f 2E000000 		.4byte	.LASF1
 342 0033 02       		.uleb128 0x2
 343 0034 02       		.byte	0x2
 344 0035 05       		.byte	0x5
 345 0036 DA010000 		.4byte	.LASF2
 346 003a 02       		.uleb128 0x2
 347 003b 02       		.byte	0x2
 348 003c 07       		.byte	0x7
 349 003d 64000000 		.4byte	.LASF3
 350 0041 02       		.uleb128 0x2
 351 0042 04       		.byte	0x4
 352 0043 05       		.byte	0x5
 353 0044 FA010000 		.4byte	.LASF4
 354 0048 02       		.uleb128 0x2
 355 0049 04       		.byte	0x4
 356 004a 07       		.byte	0x7
 357 004b 52000000 		.4byte	.LASF5
 358 004f 02       		.uleb128 0x2
 359 0050 08       		.byte	0x8
 360 0051 05       		.byte	0x5
 361 0052 08010000 		.4byte	.LASF6
 362 0056 02       		.uleb128 0x2
 363 0057 08       		.byte	0x8
 364 0058 07       		.byte	0x7
 365 0059 EC000000 		.4byte	.LASF7
 366 005d 03       		.uleb128 0x3
 367 005e 04       		.byte	0x4
 368 005f 05       		.byte	0x5
 369 0060 696E7400 		.ascii	"int\000"
 370 0064 02       		.uleb128 0x2
 371 0065 04       		.byte	0x4
 372 0066 07       		.byte	0x7
 373 0067 DF000000 		.4byte	.LASF8
 374 006b 04       		.uleb128 0x4
 375 006c E4010000 		.4byte	.LASF12
 376 0070 02       		.byte	0x2
 377 0071 9201     		.2byte	0x192
 378 0073 2C000000 		.4byte	0x2c
 379 0077 02       		.uleb128 0x2
 380 0078 04       		.byte	0x4
 381 0079 04       		.byte	0x4
 382 007a 28000000 		.4byte	.LASF9
 383 007e 02       		.uleb128 0x2
ARM GAS  C:\Users\Thomas\AppData\Local\Temp\ccVAlhnd.s 			page 20


 384 007f 08       		.byte	0x8
 385 0080 04       		.byte	0x4
 386 0081 9D000000 		.4byte	.LASF10
 387 0085 02       		.uleb128 0x2
 388 0086 01       		.byte	0x1
 389 0087 08       		.byte	0x8
 390 0088 BD010000 		.4byte	.LASF11
 391 008c 04       		.uleb128 0x4
 392 008d 4D000000 		.4byte	.LASF13
 393 0091 02       		.byte	0x2
 394 0092 3C02     		.2byte	0x23c
 395 0094 98000000 		.4byte	0x98
 396 0098 05       		.uleb128 0x5
 397 0099 6B000000 		.4byte	0x6b
 398 009d 06       		.uleb128 0x6
 399 009e 3C000000 		.4byte	.LASF14
 400 00a2 01       		.byte	0x1
 401 00a3 39       		.byte	0x39
 402 00a4 00000000 		.4byte	.LFB0
 403 00a8 18000000 		.4byte	.LFE0-.LFB0
 404 00ac 01       		.uleb128 0x1
 405 00ad 9C       		.byte	0x9c
 406 00ae D1000000 		.4byte	0xd1
 407 00b2 07       		.uleb128 0x7
 408 00b3 17000000 		.4byte	.LASF16
 409 00b7 01       		.byte	0x1
 410 00b8 39       		.byte	0x39
 411 00b9 6B000000 		.4byte	0x6b
 412 00bd 00000000 		.4byte	.LLST0
 413 00c1 08       		.uleb128 0x8
 414 00c2 1D000000 		.4byte	.LASF23
 415 00c6 01       		.byte	0x1
 416 00c7 3B       		.byte	0x3b
 417 00c8 6B000000 		.4byte	0x6b
 418 00cc 21000000 		.4byte	.LLST1
 419 00d0 00       		.byte	0
 420 00d1 06       		.uleb128 0x6
 421 00d2 C2010000 		.4byte	.LASF15
 422 00d6 01       		.byte	0x1
 423 00d7 5A       		.byte	0x5a
 424 00d8 00000000 		.4byte	.LFB1
 425 00dc 18000000 		.4byte	.LFE1-.LFB1
 426 00e0 01       		.uleb128 0x1
 427 00e1 9C       		.byte	0x9c
 428 00e2 F6000000 		.4byte	0xf6
 429 00e6 07       		.uleb128 0x7
 430 00e7 03010000 		.4byte	.LASF17
 431 00eb 01       		.byte	0x1
 432 00ec 5A       		.byte	0x5a
 433 00ed 6B000000 		.4byte	0x6b
 434 00f1 39000000 		.4byte	.LLST2
 435 00f5 00       		.byte	0
 436 00f6 09       		.uleb128 0x9
 437 00f7 EA010000 		.4byte	.LASF18
 438 00fb 01       		.byte	0x1
 439 00fc 71       		.byte	0x71
 440 00fd 6B000000 		.4byte	0x6b
ARM GAS  C:\Users\Thomas\AppData\Local\Temp\ccVAlhnd.s 			page 21


 441 0101 00000000 		.4byte	.LFB2
 442 0105 10000000 		.4byte	.LFE2-.LFB2
 443 0109 01       		.uleb128 0x1
 444 010a 9C       		.byte	0x9c
 445 010b 09       		.uleb128 0x9
 446 010c 00000000 		.4byte	.LASF19
 447 0110 01       		.byte	0x1
 448 0111 8D       		.byte	0x8d
 449 0112 6B000000 		.4byte	0x6b
 450 0116 00000000 		.4byte	.LFB3
 451 011a 10000000 		.4byte	.LFE3-.LFB3
 452 011e 01       		.uleb128 0x1
 453 011f 9C       		.byte	0x9c
 454 0120 00       		.byte	0
 455              		.section	.debug_abbrev,"",%progbits
 456              	.Ldebug_abbrev0:
 457 0000 01       		.uleb128 0x1
 458 0001 11       		.uleb128 0x11
 459 0002 01       		.byte	0x1
 460 0003 25       		.uleb128 0x25
 461 0004 0E       		.uleb128 0xe
 462 0005 13       		.uleb128 0x13
 463 0006 0B       		.uleb128 0xb
 464 0007 03       		.uleb128 0x3
 465 0008 0E       		.uleb128 0xe
 466 0009 1B       		.uleb128 0x1b
 467 000a 0E       		.uleb128 0xe
 468 000b 55       		.uleb128 0x55
 469 000c 17       		.uleb128 0x17
 470 000d 11       		.uleb128 0x11
 471 000e 01       		.uleb128 0x1
 472 000f 10       		.uleb128 0x10
 473 0010 17       		.uleb128 0x17
 474 0011 00       		.byte	0
 475 0012 00       		.byte	0
 476 0013 02       		.uleb128 0x2
 477 0014 24       		.uleb128 0x24
 478 0015 00       		.byte	0
 479 0016 0B       		.uleb128 0xb
 480 0017 0B       		.uleb128 0xb
 481 0018 3E       		.uleb128 0x3e
 482 0019 0B       		.uleb128 0xb
 483 001a 03       		.uleb128 0x3
 484 001b 0E       		.uleb128 0xe
 485 001c 00       		.byte	0
 486 001d 00       		.byte	0
 487 001e 03       		.uleb128 0x3
 488 001f 24       		.uleb128 0x24
 489 0020 00       		.byte	0
 490 0021 0B       		.uleb128 0xb
 491 0022 0B       		.uleb128 0xb
 492 0023 3E       		.uleb128 0x3e
 493 0024 0B       		.uleb128 0xb
 494 0025 03       		.uleb128 0x3
 495 0026 08       		.uleb128 0x8
 496 0027 00       		.byte	0
 497 0028 00       		.byte	0
ARM GAS  C:\Users\Thomas\AppData\Local\Temp\ccVAlhnd.s 			page 22


 498 0029 04       		.uleb128 0x4
 499 002a 16       		.uleb128 0x16
 500 002b 00       		.byte	0
 501 002c 03       		.uleb128 0x3
 502 002d 0E       		.uleb128 0xe
 503 002e 3A       		.uleb128 0x3a
 504 002f 0B       		.uleb128 0xb
 505 0030 3B       		.uleb128 0x3b
 506 0031 05       		.uleb128 0x5
 507 0032 49       		.uleb128 0x49
 508 0033 13       		.uleb128 0x13
 509 0034 00       		.byte	0
 510 0035 00       		.byte	0
 511 0036 05       		.uleb128 0x5
 512 0037 35       		.uleb128 0x35
 513 0038 00       		.byte	0
 514 0039 49       		.uleb128 0x49
 515 003a 13       		.uleb128 0x13
 516 003b 00       		.byte	0
 517 003c 00       		.byte	0
 518 003d 06       		.uleb128 0x6
 519 003e 2E       		.uleb128 0x2e
 520 003f 01       		.byte	0x1
 521 0040 3F       		.uleb128 0x3f
 522 0041 19       		.uleb128 0x19
 523 0042 03       		.uleb128 0x3
 524 0043 0E       		.uleb128 0xe
 525 0044 3A       		.uleb128 0x3a
 526 0045 0B       		.uleb128 0xb
 527 0046 3B       		.uleb128 0x3b
 528 0047 0B       		.uleb128 0xb
 529 0048 27       		.uleb128 0x27
 530 0049 19       		.uleb128 0x19
 531 004a 11       		.uleb128 0x11
 532 004b 01       		.uleb128 0x1
 533 004c 12       		.uleb128 0x12
 534 004d 06       		.uleb128 0x6
 535 004e 40       		.uleb128 0x40
 536 004f 18       		.uleb128 0x18
 537 0050 9742     		.uleb128 0x2117
 538 0052 19       		.uleb128 0x19
 539 0053 01       		.uleb128 0x1
 540 0054 13       		.uleb128 0x13
 541 0055 00       		.byte	0
 542 0056 00       		.byte	0
 543 0057 07       		.uleb128 0x7
 544 0058 05       		.uleb128 0x5
 545 0059 00       		.byte	0
 546 005a 03       		.uleb128 0x3
 547 005b 0E       		.uleb128 0xe
 548 005c 3A       		.uleb128 0x3a
 549 005d 0B       		.uleb128 0xb
 550 005e 3B       		.uleb128 0x3b
 551 005f 0B       		.uleb128 0xb
 552 0060 49       		.uleb128 0x49
 553 0061 13       		.uleb128 0x13
 554 0062 02       		.uleb128 0x2
ARM GAS  C:\Users\Thomas\AppData\Local\Temp\ccVAlhnd.s 			page 23


 555 0063 17       		.uleb128 0x17
 556 0064 00       		.byte	0
 557 0065 00       		.byte	0
 558 0066 08       		.uleb128 0x8
 559 0067 34       		.uleb128 0x34
 560 0068 00       		.byte	0
 561 0069 03       		.uleb128 0x3
 562 006a 0E       		.uleb128 0xe
 563 006b 3A       		.uleb128 0x3a
 564 006c 0B       		.uleb128 0xb
 565 006d 3B       		.uleb128 0x3b
 566 006e 0B       		.uleb128 0xb
 567 006f 49       		.uleb128 0x49
 568 0070 13       		.uleb128 0x13
 569 0071 02       		.uleb128 0x2
 570 0072 17       		.uleb128 0x17
 571 0073 00       		.byte	0
 572 0074 00       		.byte	0
 573 0075 09       		.uleb128 0x9
 574 0076 2E       		.uleb128 0x2e
 575 0077 00       		.byte	0
 576 0078 3F       		.uleb128 0x3f
 577 0079 19       		.uleb128 0x19
 578 007a 03       		.uleb128 0x3
 579 007b 0E       		.uleb128 0xe
 580 007c 3A       		.uleb128 0x3a
 581 007d 0B       		.uleb128 0xb
 582 007e 3B       		.uleb128 0x3b
 583 007f 0B       		.uleb128 0xb
 584 0080 27       		.uleb128 0x27
 585 0081 19       		.uleb128 0x19
 586 0082 49       		.uleb128 0x49
 587 0083 13       		.uleb128 0x13
 588 0084 11       		.uleb128 0x11
 589 0085 01       		.uleb128 0x1
 590 0086 12       		.uleb128 0x12
 591 0087 06       		.uleb128 0x6
 592 0088 40       		.uleb128 0x40
 593 0089 18       		.uleb128 0x18
 594 008a 9742     		.uleb128 0x2117
 595 008c 19       		.uleb128 0x19
 596 008d 00       		.byte	0
 597 008e 00       		.byte	0
 598 008f 00       		.byte	0
 599              		.section	.debug_loc,"",%progbits
 600              	.Ldebug_loc0:
 601              	.LLST0:
 602 0000 00000000 		.4byte	.LVL0
 603 0004 04000000 		.4byte	.LVL1
 604 0008 0100     		.2byte	0x1
 605 000a 50       		.byte	0x50
 606 000b 04000000 		.4byte	.LVL1
 607 000f 18000000 		.4byte	.LFE0
 608 0013 0400     		.2byte	0x4
 609 0015 F3       		.byte	0xf3
 610 0016 01       		.uleb128 0x1
 611 0017 50       		.byte	0x50
ARM GAS  C:\Users\Thomas\AppData\Local\Temp\ccVAlhnd.s 			page 24


 612 0018 9F       		.byte	0x9f
 613 0019 00000000 		.4byte	0
 614 001d 00000000 		.4byte	0
 615              	.LLST1:
 616 0021 06000000 		.4byte	.LVL2
 617 0025 0E000000 		.4byte	.LVL3
 618 0029 0600     		.2byte	0x6
 619 002b 73       		.byte	0x73
 620 002c 00       		.sleb128 0
 621 002d 09       		.byte	0x9
 622 002e F7       		.byte	0xf7
 623 002f 1A       		.byte	0x1a
 624 0030 9F       		.byte	0x9f
 625 0031 00000000 		.4byte	0
 626 0035 00000000 		.4byte	0
 627              	.LLST2:
 628 0039 00000000 		.4byte	.LVL4
 629 003d 06000000 		.4byte	.LVL5
 630 0041 0100     		.2byte	0x1
 631 0043 50       		.byte	0x50
 632 0044 06000000 		.4byte	.LVL5
 633 0048 18000000 		.4byte	.LFE1
 634 004c 0400     		.2byte	0x4
 635 004e F3       		.byte	0xf3
 636 004f 01       		.uleb128 0x1
 637 0050 50       		.byte	0x50
 638 0051 9F       		.byte	0x9f
 639 0052 00000000 		.4byte	0
 640 0056 00000000 		.4byte	0
 641              		.section	.debug_aranges,"",%progbits
 642 0000 34000000 		.4byte	0x34
 643 0004 0200     		.2byte	0x2
 644 0006 00000000 		.4byte	.Ldebug_info0
 645 000a 04       		.byte	0x4
 646 000b 00       		.byte	0
 647 000c 0000     		.2byte	0
 648 000e 0000     		.2byte	0
 649 0010 00000000 		.4byte	.LFB0
 650 0014 18000000 		.4byte	.LFE0-.LFB0
 651 0018 00000000 		.4byte	.LFB1
 652 001c 18000000 		.4byte	.LFE1-.LFB1
 653 0020 00000000 		.4byte	.LFB2
 654 0024 10000000 		.4byte	.LFE2-.LFB2
 655 0028 00000000 		.4byte	.LFB3
 656 002c 10000000 		.4byte	.LFE3-.LFB3
 657 0030 00000000 		.4byte	0
 658 0034 00000000 		.4byte	0
 659              		.section	.debug_ranges,"",%progbits
 660              	.Ldebug_ranges0:
 661 0000 00000000 		.4byte	.LFB0
 662 0004 18000000 		.4byte	.LFE0
 663 0008 00000000 		.4byte	.LFB1
 664 000c 18000000 		.4byte	.LFE1
 665 0010 00000000 		.4byte	.LFB2
 666 0014 10000000 		.4byte	.LFE2
 667 0018 00000000 		.4byte	.LFB3
 668 001c 10000000 		.4byte	.LFE3
ARM GAS  C:\Users\Thomas\AppData\Local\Temp\ccVAlhnd.s 			page 25


 669 0020 00000000 		.4byte	0
 670 0024 00000000 		.4byte	0
 671              		.section	.debug_line,"",%progbits
 672              	.Ldebug_line0:
 673 0000 99000000 		.section	.debug_str,"MS",%progbits,1
 673      02004900 
 673      00000201 
 673      FB0E0D00 
 673      01010101 
 674              	.LASF19:
 675 0000 50325F43 		.ascii	"P2_Clock_5_ReadDataReg\000"
 675      6C6F636B 
 675      5F355F52 
 675      65616444 
 675      61746152 
 676              	.LASF16:
 677 0017 76616C75 		.ascii	"value\000"
 677      6500
 678              	.LASF23:
 679 001d 73746174 		.ascii	"staticBits\000"
 679      69634269 
 679      747300
 680              	.LASF9:
 681 0028 666C6F61 		.ascii	"float\000"
 681      7400
 682              	.LASF1:
 683 002e 756E7369 		.ascii	"unsigned char\000"
 683      676E6564 
 683      20636861 
 683      7200
 684              	.LASF14:
 685 003c 50325F43 		.ascii	"P2_Clock_5_Write\000"
 685      6C6F636B 
 685      5F355F57 
 685      72697465 
 685      00
 686              	.LASF13:
 687 004d 72656738 		.ascii	"reg8\000"
 687      00
 688              	.LASF5:
 689 0052 6C6F6E67 		.ascii	"long unsigned int\000"
 689      20756E73 
 689      69676E65 
 689      6420696E 
 689      7400
 690              	.LASF3:
 691 0064 73686F72 		.ascii	"short unsigned int\000"
 691      7420756E 
 691      7369676E 
 691      65642069 
 691      6E7400
 692              	.LASF21:
 693 0077 2E5C4765 		.ascii	".\\Generated_Source\\PSoC5\\P2_Clock_5.c\000"
 693      6E657261 
 693      7465645F 
 693      536F7572 
 693      63655C50 
ARM GAS  C:\Users\Thomas\AppData\Local\Temp\ccVAlhnd.s 			page 26


 694              	.LASF10:
 695 009d 646F7562 		.ascii	"double\000"
 695      6C6500
 696              	.LASF22:
 697 00a4 433A5C55 		.ascii	"C:\\Users\\Thomas\\Documents\\PSoC Creator\\TASBot\\"
 697      73657273 
 697      5C54686F 
 697      6D61735C 
 697      446F6375 
 698 00d2 54415342 		.ascii	"TASBot.cydsn\000"
 698      6F742E63 
 698      7964736E 
 698      00
 699              	.LASF8:
 700 00df 756E7369 		.ascii	"unsigned int\000"
 700      676E6564 
 700      20696E74 
 700      00
 701              	.LASF7:
 702 00ec 6C6F6E67 		.ascii	"long long unsigned int\000"
 702      206C6F6E 
 702      6720756E 
 702      7369676E 
 702      65642069 
 703              	.LASF17:
 704 0103 6D6F6465 		.ascii	"mode\000"
 704      00
 705              	.LASF6:
 706 0108 6C6F6E67 		.ascii	"long long int\000"
 706      206C6F6E 
 706      6720696E 
 706      7400
 707              	.LASF20:
 708 0116 474E5520 		.ascii	"GNU C 4.9.3 20150303 (release) [ARM/embedded-4_9-br"
 708      4320342E 
 708      392E3320 
 708      32303135 
 708      30333033 
 709 0149 616E6368 		.ascii	"anch revision 221220] -mcpu=cortex-m3 -mthumb -g -O"
 709      20726576 
 709      6973696F 
 709      6E203232 
 709      31323230 
 710 017c 33202D66 		.ascii	"3 -ffunction-sections -finline-functions -flto -ffa"
 710      66756E63 
 710      74696F6E 
 710      2D736563 
 710      74696F6E 
 711 01af 742D6C74 		.ascii	"t-lto-objects\000"
 711      6F2D6F62 
 711      6A656374 
 711      7300
 712              	.LASF11:
 713 01bd 63686172 		.ascii	"char\000"
 713      00
 714              	.LASF15:
 715 01c2 50325F43 		.ascii	"P2_Clock_5_SetDriveMode\000"
ARM GAS  C:\Users\Thomas\AppData\Local\Temp\ccVAlhnd.s 			page 27


 715      6C6F636B 
 715      5F355F53 
 715      65744472 
 715      6976654D 
 716              	.LASF2:
 717 01da 73686F72 		.ascii	"short int\000"
 717      7420696E 
 717      7400
 718              	.LASF12:
 719 01e4 75696E74 		.ascii	"uint8\000"
 719      3800
 720              	.LASF18:
 721 01ea 50325F43 		.ascii	"P2_Clock_5_Read\000"
 721      6C6F636B 
 721      5F355F52 
 721      65616400 
 722              	.LASF4:
 723 01fa 6C6F6E67 		.ascii	"long int\000"
 723      20696E74 
 723      00
 724              	.LASF0:
 725 0203 7369676E 		.ascii	"signed char\000"
 725      65642063 
 725      68617200 
 726              		.comm	__gnu_lto_v1,1,1
 727              		.ident	"GCC: (GNU Tools for ARM Embedded Processors) 4.9.3 20150303 (release) [ARM/embedded-4_9-br
