ARM GAS  C:\Users\Thomas\AppData\Local\Temp\cc49gfKA.s 			page 1


   1              		.syntax unified
   2              		.cpu cortex-m3
   3              		.fpu softvfp
   4              		.eabi_attribute 20, 1
   5              		.eabi_attribute 21, 1
   6              		.eabi_attribute 23, 3
   7              		.eabi_attribute 24, 1
   8              		.eabi_attribute 25, 1
   9              		.eabi_attribute 26, 1
  10              		.eabi_attribute 30, 2
  11              		.eabi_attribute 34, 1
  12              		.eabi_attribute 18, 4
  13              		.thumb
  14              		.file	"P2_Clock_3.c"
  15              		.text
  16              	.Ltext0:
  17              		.section	.gnu.lto_.profile.b949a724,"",%progbits
  18 0000 789C6366 		.ascii	"x\234cf```a\200\000F\006IQ\000\000\273\0007"
  18      60606061 
  18      80004606 
  18      49510000 
  18      BB0037
  19              		.text
  20              		.section	.gnu.lto_.jmpfuncs.b949a724,"",%progbits
  21 0000 789C6366 		.ascii	"x\234cf\300\016\204\2404\013\003##c=#\210`b``\006\212"
  21      C00E84A0 
  21      340B0323 
  21      23633D23 
  21      88606260 
  22 0017 00000DC0 		.ascii	"\000\000\015\300\001$"
  22      0124
  23              		.text
  24              		.section	.gnu.lto_.inline.b949a724,"",%progbits
  25 0000 789C6366 		.ascii	"x\234cf\300\016\022\2404\013\003\003'\007##\003#\003"
  25      C00E12A0 
  25      340B0303 
  25      27072323 
  25      032303
  26 0013 0333C701 		.ascii	"\0033\307\001;\006\266\005\362L\014,\013\344Y@\222\214"
  26      3B06B605 
  26      F24C0C2C 
  26      0BE45940 
  26      928C
  27 0025 0C1CECE8 		.ascii	"\014\034\354\350rL\027\370\301rL\014l\254\214\014Ll"
  27      724C17F8 
  27      C1724C0C 
  27      6CAC8C0C 
  27      4C6C
  28 0037 1FF420E2 		.ascii	"\037\364 \342@\300\214)\304\000\000\333l\011\322"
  28      40C08C29 
  28      C40000DB 
  28      6C09D2
  29              		.text
  30              		.section	.gnu.lto_.pureconst.b949a724,"",%progbits
  31 0000 789C6366 		.ascii	"x\234cf``\340d\200\000\026\006)F)&)f)\000\002\305\000"
  31      6060E064 
  31      80001606 
ARM GAS  C:\Users\Thomas\AppData\Local\Temp\cc49gfKA.s 			page 2


  31      29462926 
  31      29662900 
  32 0017 7F       		.ascii	"\177"
  33              		.text
  34              		.section	.gnu.lto_P2_Clock_3_Write.b949a724,"",%progbits
  35 0000 789C6591 		.ascii	"x\234e\221OHTQ\024\306\317w\357{3\376[D\313Y\005\242"
  35      4F485451 
  35      14C6CF77 
  35      EF7B33FE 
  35      5B44CB59 
  36 0016 268442D1 		.ascii	"&\204B\321\242]\344\242\355\200\333\201a\030\337B\222"
  36      A25DE4A2 
  36      ED80DB81 
  36      6118DF42 
  36      92
  37 0027 067474EB 		.ascii	"\006tt\353}5\270\010\004\021\241@\006\262\210\262\361"
  37      7D35B808 
  37      0411A140 
  37      06B288B2 
  37      F1
  38 0038 CFE48081 		.ascii	"\317\344\200\201$\275\006wQ\203\010\012\"\2320YA\213"
  38      24BD0677 
  38      5183080A 
  38      229A3059 
  38      418B
  39 004a 062B33C9 		.ascii	"\006+3\311\351\234w7I\017\356\237w\370}\337\375\356"
  39      E99C7737 
  39      490FEE9F 
  39      77F87DDF 
  39      FDEE
  40 005c B99AFEFF 		.ascii	"\271\232\376\377b<.*\242k\274B\023\324\304{\"\277A\001"
  40      623C2E2A 
  40      A26BBC42 
  40      13D4C47B 
  40      22BF4101 
  41 0070 B221D0A8 		.ascii	"\262!\320\250\302(\276\250\232\302DPx\320\334\361\304"
  41      C228BEA8 
  41      9AC24450 
  41      78D0DCF1 
  41      C4
  42 0081 18F36DB2 		.ascii	"\030\363m\262\342\307\003\034\263\356PY\037<E\0073\207"
  42      E2C7031C 
  42      B3EE5059 
  42      1F3C4507 
  42      3387
  43 0093 0533A575 		.ascii	"\0053\245u'\210\367\305\365w\247\321\266\307\306\334"
  43      2788F7C5 
  43      F577A7D1 
  43      B6C7C6DC 
  44 00a3 095617CC 		.ascii	"\011V\027\314u\306\201g\320\254\300\245\030:c\304\005"
  44      75C68167 
  44      D0ACC0A5 
  44      183A63C4 
  44      05
  45 00b4 C22CDA04 		.ascii	"\302,\332\004^\032_[V\272;\024\316\274\335_ki\235a\341"
  45      5E1A5F5B 
  45      56BA3B14 
ARM GAS  C:\Users\Thomas\AppData\Local\Temp\cc49gfKA.s 			page 3


  45      CEBCDD5F 
  45      6B699D61 
  46 00c9 8793E544 		.ascii	"\207\223\345D\340?4\247\365z(\177\376\257\334~\314\327"
  46      E03F34A7 
  46      F57A287F 
  46      FEAFDC7E 
  46      CCD7
  47 00db 727FB69A 		.ascii	"r\177\266\232#9\016v\016\005\264\332L\230C\004\274H"
  47      23390E76 
  47      0E05B4DA 
  47      4C984304 
  47      BC48
  48 00ed 65F17C60 		.ascii	"e\361|`\352\365\322\352\233\337hT|\254\342\213r\331"
  48      EAF5D2EA 
  48      9BDF6854 
  48      7CACE28B 
  48      72D9
  49 00ff 819CEE4A 		.ascii	"\201\234\356J!\"ST&\242*\017\271\374G\376\341Uo\243"
  49      21225354 
  49      26A22A0F 
  49      B9FC47FE 
  49      E1556FA3 
  50 0113 FCF3DEEE 		.ascii	"\374\363\336\356\375\2508\036)\351D\355\340u^\177V\307"
  50      FDA8381E 
  50      29E944ED 
  50      E0755E7F 
  50      56C7
  51 0125 4A171FF9 		.ascii	"J\027\037\371\306\221\014{\325\312zCX\012#}*\347g\233"
  51      C6910C7B 
  51      D5CA7A43 
  51      580A237D 
  51      2AE7679B 
  52 0139 F298F673 		.ascii	"\362\230\366s\234\333\301<bX\000G\306\"\362\240m\334"
  52      9CDBC13C 
  52      62580047 
  52      C622F2A0 
  52      6DDC
  53 014b FD35B603 		.ascii	"\3755\266\003k\250\255\347\312\253\215J\350\211=\356"
  53      6BA8ADE7 
  53      CAAB8D4A 
  53      E8893DEE 
  54 015b 4A91E14D 		.ascii	"J\221\341M\250\360\022\234\224)\021\355\214\035\274"
  54      A8F0129C 
  54      942911ED 
  54      8C1DBC
  55 016a 6CB42AF7 		.ascii	"l\264*\367H9\254\372\2721\275\322\"*\345\022^\260\310"
  55      4839ACFA 
  55      BA31BDD2 
  55      222AE512 
  55      5EB0C8
  56 017d 5A2B0B09 		.ascii	"Z+\013\011\307\320\376\370\217\022\004r.\020\226,\364"
  56      C7D0FEF8 
  56      8F120472 
  56      2E10962C 
  56      F4
  57 018e 3D629168 		.ascii	"=b\221hH\211{y2\014t&\274\037\270g\343\2278>\213h\027"
  57      48897B79 
ARM GAS  C:\Users\Thomas\AppData\Local\Temp\cc49gfKA.s 			page 4


  57      320C7426 
  57      BC1FB867 
  57      E397383E 
  58 01a5 7E70E20A 		.ascii	"~p\342\012/oP\345\207\344Nq\337\332\273\0227\275\333"
  58      2F6F50E5 
  58      87E44E71 
  58      DFDABB12 
  58      37BDDB
  59 01b8 DE602AEB 		.ascii	"\336`*\353\365%{3\303\203i/\021\357\315\364\\M\304/"
  59      F5257B33 
  59      C383692F 
  59      11EFCDF4 
  59      5C4DC42F 
  60 01cc 277B0632 		.ascii	"'{\0062\351[\311+]irGR\003\303^\323P6\225\355O\337\350"
  60      E95BC92B 
  60      5D697247 
  60      5203C35E 
  60      D3503695 
  61 01e4 CF0EFD05 		.ascii	"\317\016\375\005\241!\317\313"
  61      A121CFCB 
  62              		.text
  63              		.section	.gnu.lto_P2_Clock_3_SetDriveMode.b949a724,"",%progbits
  64 0000 789C7D51 		.ascii	"x\234}QKHBA\024\275g\346\371\011I\242U\270\267\010\372"
  64      4B484241 
  64      14BD67E6 
  64      F90949A2 
  64      55B8B708 
  65 0015 40D13E08 		.ascii	"@\321>\010j\033\264\025$\354\255\372\010R\353\236e\213"
  65      6A1BB415 
  65      24ECADFA 
  65      0852EB9E 
  65      658B
  66 0027 5A591004 		.ascii	"ZY\020\004!DQY\226\026-\332J\264+\012\203\220\204jc"
  66      21445159 
  66      96162DDA 
  66      4AB42B0A 
  66      8390846A 
  67 003c 5F2814C3 		.ascii	"_(\024\303\222\020\273\343k!\004\015o\356\334s9\347"
  67      9210BBE3 
  67      6B21040D 
  67      6FEEDC73 
  67      39E7
  68 004e BC3B7724 		.ascii	"\274;w$\375].\336\257 j\347\023\222 \302\027DA\273\000"
  68      FD5D2EDE 
  68      AF206AE7 
  68      139220C2 
  68      174441BB 
  69 0063 5442A069 		.ascii	"TB\240i\201i\274\210\274@8\031[q\264l\032\206\221[?"
  69      8169BC88 
  69      BC403819 
  69      5B71B46C 
  69      1A86915B 
  70 0078 6E9A6B2A 		.ascii	"n\232k*\011\242\2020m\260\215\026\246<\225^\266\353"
  70      09A28230 
  70      6DB08D16 
  70      A63C955E 
  70      B6EB
ARM GAS  C:\Users\Thomas\AppData\Local\Temp\cc49gfKA.s 			page 5


  71 008a 652B88F3 		.ascii	"e+\210\363\362b\372J\2707\014c&y\0367zQb\317($+\320"
  71      F262FA4A 
  71      B8370C63 
  71      26791E37 
  71      7A5162CF 
  72 00a2 E642AB8B 		.ascii	"\346B\253\213\270@\330\201[\221\363\241r\332a\015\261"
  72      B840D881 
  72      5B91F3A1 
  72      72DA610D 
  72      B1
  73 00b3 7783E989 		.ascii	"w\203\351\211]X\271-J4&\215J\245p\273\030\355\204C\260"
  73      5D58B92D 
  73      4A34268D 
  73      4AA570BB 
  73      18ED8443 
  74 00c8 46480E52 		.ascii	"FH\016RS\301\002%\267\252\324\246\202]\205:\305!\312"
  74      53C10225 
  74      B7AAD4A6 
  74      825D853A 
  74      C521CA
  75 00db F2563778 		.ascii	"\362V7x`\300\247\314\340\244\270\360\270\252)\337O\241"
  75      60C0A7CC 
  75      E0A4B8F0 
  75      B8AA29DF 
  75      4FA1
  76 00ed AEB37538 		.ascii	"\256\263u8\177m\177\026%\241E\326\202\206\246\272\270"
  76      7F6D7F16 
  76      25A145D6 
  76      8286A6BA 
  76      B8
  77 00fe CF5EA6CC 		.ascii	"\317^\246\314\022)\030=-.;#X\015\206\270y\013bpa\017"
  77      1229183D 
  77      2D2E3B23 
  77      580D86B8 
  77      790B6270 
  78 0114 3C30EC23 		.ascii	"<0\354#\002\312`\346\316f\332Ivd<\373e5\261\306%\326"
  78      02CA60E6 
  78      CE66DA49 
  78      76643CFB 
  78      6535B1C6 
  79 012a DFBCE7CE 		.ascii	"\337\274\347\316\252v2_\371]<\3138[\324h\371\263\324"
  79      AA76325F 
  79      F95D3CCB 
  79      385BD468 
  79      F9B3D4
  80 013d 6A6D5C62 		.ascii	"jm\\bm\352\350\355\324R\325:\011\211\252d\366\343\227"
  80      6DEAE8ED 
  80      D452D53A 
  80      0989AA64 
  80      F6E397
  81 0150 62AFFEC1 		.ascii	"b\257\376\301V\353R\307U\306'KP\370\277\336\017\270"
  81      56EB52C7 
  81      55C6274B 
  81      50F8BFDE 
  81      0FB8
  82 0162 77E6D31D 		.ascii	"w\346\323\035\202\311\357~\305V\357\227\345\267\340"
  82      82C9EF7E 
ARM GAS  C:\Users\Thomas\AppData\Local\Temp\cc49gfKA.s 			page 6


  82      C556EF97 
  82      E5B7E0
  83 0171 31F1D09A 		.ascii	"1\361\320\232;<\003\372\204\036\030\236\324G\274C\376"
  83      3B3C03FA 
  83      841E189E 
  83      D447BC43 
  83      FE
  84 0182 A9804FF7 		.ascii	"\251\200O\367\014\016\371\373z<\203]\336\2761\277o\324"
  84      0C0EF9FB 
  84      7A3C835D 
  84      DEBE31BF 
  84      6FD4
  85 0194 DBDDE123 		.ascii	"\333\335\341#m\334?\242\377\000A0\271\032"
  85      6DDC3FA2 
  85      FF004130 
  85      B91A
  86              		.text
  87              		.section	.gnu.lto_P2_Clock_3_Read.b949a724,"",%progbits
  88 0000 789C654F 		.ascii	"x\234eO=HBQ\024>\337}\357\251`C\324\022NMY \016EK\215"
  88      3D484251 
  88      143EDF7D 
  88      EFA96043 
  88      D4124E4D 
  89 001a 0EAD86AB 		.ascii	"\016\255\206\253 ao*\022\244f\3373\263\010\202j\025"
  89      20616F2A 
  89      12A466DF 
  89      33B30882 
  89      6A15
  90 002c 1B82E8FF 		.ascii	"\033\202\350\377\217&\203(\232\313\010\207B\344\265"
  90      8F268328 
  90      9ACB0887 
  90      42E4B5
  91 003b 18141524 		.ascii	"\030\024\025$\331\317\033\312\316\365\265u\341\236s"
  91      D9CF1BCA 
  91      CEF5B575 
  91      E19E73
  92 004a EF39DFCF 		.ascii	"\3579\337\3179\012\375?>\276\303 \352\346\014\205 \026"
  92      390AFD3F 
  92      3EBEC320 
  92      EAE60C85 
  92      2016
  93 005c 8B44A647 		.ascii	"\213D\246G\000\362A\240\224@\012\217\242&pQ\370)\301"
  93      00F241A0 
  93      94400A8F 
  93      A2267051 
  93      F829C1
  94 006f BF6618E9 		.ascii	"\277f\030\351\327\345\223\212w\246\303\026Do\202\020"
  94      D7E5938A 
  94      77A6C316 
  94      446F8210 
  95 007f F0A147EA 		.ascii	"\360\241G\352`\035~b`-\363}\343ue\014\303h\225}nl\300"
  95      601D7E62 
  95      602DF37D 
  95      E375650C 
  95      C368957D 
  96 0096 C51EB4DF 		.ascii	"\305\036\264\337vf4\032G\357Ks\203p\203l\301\216\034"
  96      7666341A 
ARM GAS  C:\Users\Thomas\AppData\Local\Temp\cc49gfKA.s 			page 7


  96      47EF4B73 
  96      8370836C 
  96      C18E1C
  97 00a9 540E4293 		.ascii	"T\016B\223\301ER\223\252\034\244\375\275\0202+e\234"
  97      C1455293 
  97      AA1CA4FD 
  97      BD10322B 
  97      659C
  98 00bb 7FCC5B2B 		.ascii	"\177\314[+\003R\347S(lQ<}:hy\020\266P\016WMC\225\256"
  98      0352E753 
  98      286C513C 
  98      7D3A6879 
  98      10B6500E 
  99 00d4 77D5AB6B 		.ascii	"w\325\253kO\263D\362\273\360b\266\347\22133\260\205"
  99      4FB344F2 
  99      BBF062B6 
  99      E7913333 
  99      B085
 100 00e6 8A4DF8B0 		.ascii	"\212M\370\260\005\036\022\333\310\203\312\230\376\312"
 100      051E12DB 
 100      C883CA98 
 100      FECA
 101 00f4 5614470F 		.ascii	"V\024G\017\216da\257~\351\225|t\022v\030[F\332r;\020"
 101      8E6461AF 
 101      7EE9957C 
 101      74127618 
 101      5B46DA72 
 102 010a 95519264 		.ascii	"\225Q\222de\353\232S\321\270\310\244\347R\356\2709\207"
 102      65EB9A53 
 102      D1B8C8A4 
 102      E752EEB8 
 102      3987
 103 011c A611761D 		.ascii	"\246\021v\035\322\355l\300\301H\030Y\300\337\257\271"
 103      D2ED6CC0 
 103      C1481859 
 103      C0DFAFB9 
 104 012c 18E442BC 		.ascii	"\030\344B\274^W0:\244O\350\311\221I}4\026IL%\343z4\034"
 104      5E57303A 
 104      A44FE8C9 
 104      91497D34 
 104      16494C25 
 105 0144 4984FAA3 		.ascii	"I\204\372\243\341\336Xh<\021\037\213\365\005\343\364"
 105      E1DE5868 
 105      3C111F8B 
 105      F505E3F4 
 106 0154 0B95CA81 		.ascii	"\013\225\312\201w"
 106      77
 107              		.text
 108              		.section	.gnu.lto_P2_Clock_3_ReadDataReg.b949a724,"",%progbits
 109 0000 789C654F 		.ascii	"x\234eO=HBQ\024>\337y\357\251dC4\205SSV\210C\321\322"
 109      3D484251 
 109      143EDF79 
 109      EFA96443 
 109      34855353 
 110 0019 EAD02AB9 		.ascii	"\352\320*\271\012\022\366\246\"Aj\366if\321\024\255"
 110      0A12F6A6 
 110      22416AF6 
ARM GAS  C:\Users\Thomas\AppData\Local\Temp\cc49gfKA.s 			page 8


 110      6966D114 
 110      AD
 111 002a E21244D9 		.ascii	"\342\022D\331?4\331R8WR\016\205\210-\366\007\015IR9"
 111      3F34D952 
 111      3857520E 
 111      85882DF6 
 111      070D4952 
 112 003f A4DDE36B 		.ascii	"\244\335\343k\353\302\375\316=\347|\347\373\356\321"
 112      EBC2FDCE 
 112      3DE77CE7 
 112      FBEED1
 113 004e E8FFF1A8 		.ascii	"\350\377\361\250;\015\242a\025\241\021x\343\232(\351"
 113      3B0DA261 
 113      15A11178 
 113      E39A28E9 
 114 005e 62401E04 		.ascii	"b@\036\004J0\022x\345\006\343\262\320.\303\273mY\251"
 114      4A301278 
 114      E506E3B2 
 114      D02EC3BB 
 114      6D59A9
 115 0071 F7DB72D5 		.ascii	"\367\333r\325\2752\320b\242\017&\370<\030\021\035\354"
 115      BD32D062 
 115      A20F26F8 
 115      3C18111D 
 115      EC
 116 0082 C04B8AD8 		.ascii	"\300K\212\330H\377\334\271\035i\313\262\372\244\257"
 116      48FFDCB9 
 116      1D69CBB2 
 116      FAA4AF
 117 0091 1ABB7028 		.ascii	"\032\273p(\017:\356\277\260:\235\323\322\346\332(;A"
 117      0F3AEEBF 
 117      B03A9DD3 
 117      D2E6DA28 
 117      3B41
 118 00a3 2D568E0A 		.ascii	"-V\216\012t\005l\0108H4\251\256@\354\037\231%j\025\024"
 118      74056C08 
 118      384834A9 
 118      AE40EC1F 
 118      99256A15 
 119 00b8 3FD7DBF9 		.ascii	"?\327\333\371I\321\371bM,\236\316s\332\013\267X;\331"
 119      49D1F962 
 119      4D2C9ECE 
 119      73DA0BB7 
 119      583BD9
 120 00cb 4A5ABAB8 		.ascii	"JZ\272\270>\324K7\256n\211$}.\346\362=9d\223i\264XG"
 120      3ED44B37 
 120      AE6E8924 
 120      7D2EE6F2 
 120      3D396493 
 121 00e3 1E1EEC41 		.ascii	"\036\036\354A\375\022\373\310\201*X\376\316T5[\020\266"
 121      FD12FBC8 
 121      812A58FE 
 121      CE54355B 
 121      10B6
 122 00f5 66E1A879 		.ascii	"f\341\250y\345\026\001\014\022\016\024\267\202T\315"
 122      E516010C 
 122      120E14B7 
ARM GAS  C:\Users\Thomas\AppData\Local\Temp\cc49gfKA.s 			page 9


 122      8254CD
 123 0104 695374C5 		.ascii	"iSt\305\222\241Z\246i\330\025C\025\325\320[9{\326+C"
 123      92A15AA6 
 123      69D81543 
 123      15D5D05B 
 123      397BD62B 
 124 0119 864138B4 		.ascii	"\206A8\264\207\356W}6GhT\003\376\262\356f\220\215\324"
 124      87EE577D 
 124      36476854 
 124      03FEB2EE 
 124      66908DD4 
 125 012d 7E43FEF0 		.ascii	"~C\376\360\224\271`\306g\026\315\331H(\266\024\217\232"
 125      94B960C6 
 125      6716CDD9 
 125      4828B614 
 125      8F9A
 126 013f E1602816 		.ascii	"\341`(\026\230\010\007\307\"\201\371Xt.2\356\217\322"
 126      980807C7 
 126      2281F958 
 126      742E32EE 
 126      8FD2
 127 0151 2FF6D182 		.ascii	"/\366\321\202\260"
 127      B0
 128              		.text
 129              		.section	.gnu.lto_.symbol_nodes.b949a724,"",%progbits
 130 0000 789C6366 		.ascii	"x\234cf``pb\200\002&\206z\006\206\011\347\030\030\352"
 130      60607062 
 130      80022686 
 130      7A068609 
 130      E71818EA 
 131 0014 EB19E62D 		.ascii	"\353\031\346-\340``b\254gD\3413\3253\241\360\231\353"
 131      E0606062 
 131      AC6744E1 
 131      33D533A1 
 131      F099EB
 132 0027 9991F90C 		.ascii	"\231\221\371\014\0003\356\020\336"
 132      0033EE10 
 132      DE
 133              		.text
 134              		.section	.gnu.lto_.refs.b949a724,"",%progbits
 135 0000 789C6366 		.ascii	"x\234cf```d\200\002\000\000=\000\005"
 135      60606064 
 135      80020000 
 135      3D0005
 136              		.text
 137              		.section	.gnu.lto_.decls.b949a724,"",%progbits
 138 0000 789C8D92 		.ascii	"x\234\215\222_HSq\024\307\177g\277\353\324\3336}\232"
 138      5F485371 
 138      14C77F67 
 138      BFEBD4DB 
 138      367D9A
 139 0013 31820681 		.ascii	"1\202\006\201\020\210\017I\340[\201\206\022\024C\211"
 139      10880F49 
 139      E05B8186 
 139      12144389 
 140 0023 1E14C698 		.ascii	"\036\024\306\230\027\023\303\305\232\201O\375\322\205"
 140      1713C3C5 
ARM GAS  C:\Users\Thomas\AppData\Local\Temp\cc49gfKA.s 			page 10


 140      9A814FFD 
 140      D285
 141 0031 BAA4CC92 		.ascii	"\272\244\314\222\226\220\031\323\254\225\266\346\237"
 141      969019D3 
 141      AC95B6E6 
 141      9F
 142 003e 3935DDDE 		.ascii	"95\335\336\014\261'\0214\002M\022{(&\244\030T\267s\177"
 142      0CB12711 
 142      34024D12 
 142      7B2826A4 
 142      1854B773 
 143 0053 DBDA654D 		.ascii	"\333\332eM\360\300\271\367\236\373;\237\3579\277\337"
 143      F0C0B9F7 
 143      9EFB3B9F 
 143      EF39BFDF 
 144 0063 EF504288 		.ascii	"\357PB\210\031\010\221\321\316QBF1\316B\267\220\224"
 144      190891D1 
 144      CE514246 
 144      31CE42B7 
 144      9094
 145 0075 09E841F4 		.ascii	"\011\350A\364q\364\020z\230\374oA\0257\202nD\237C\237"
 145      71F4107A 
 145      98FC6F41 
 145      1537826E 
 145      449F439F 
 146 0089 4DAC4322 		.ascii	"M\254C\"'\335\024Mm\032\027\311\300\216g`C\0116\311"
 146      27DD144D 
 146      6D1A17C9 
 146      C08E6760 
 146      430936C9 
 147 009d 55AAB8F3 		.ascii	"U\252\270\363*6\224\201\015\037\222\315\264\327\035"
 147      2A369481 
 147      0D1F92CD 
 147      B4D71D
 148 00ac 0D84477F 		.ascii	"\015\204G\177,\035\331\326\200A4+\341t\317\202W\213"
 148      2C1DD9D6 
 148      8041342B 
 148      E174CF82 
 148      578B
 149 00be A14E1494 		.ascii	"\241N\024\224pe\276\275=\207j@\371\366y7\226\305\"?"
 149      7065BEBD 
 149      3D876A40 
 149      F9F67937 
 149      96C5223F 
 150 00d2 63AC8345 		.ascii	"c\254\203E\"\220\222\270\365|\246+\033\031\243\310\303"
 150      229092B8 
 150      F57CA62B 
 150      1B19A3C8 
 150      C3
 151 00e3 BB8B7D51 		.ascii	"\273\213}Q\312CY\3414\253\253\017\177R\020\013;\030"
 151      CA4359E1 
 151      34ABAB0F 
 151      7F52100B 
 151      3B18
 152 00f5 6B65B11E 		.ascii	"ke\261\036F\217\022(2\301I\023\201Q(\3044\360C\021\201"
 152      468F1228 
 152      32C14913 
ARM GAS  C:\Users\Thomas\AppData\Local\Temp\cc49gfKA.s 			page 11


 152      815128C4 
 152      34F04311 
 153 010a 576082D7 		.ascii	"W`\202\327`\"\203X \366ty\355\030c\002\214\200\010/"
 153      60228358 
 153      20F67479 
 153      ED186302 
 153      8C80082F 
 154 011e 81F20CDC 		.ascii	"\201\362\014\334\206R!Q\264\373v\264[\0204\370S\311"
 154      86522151 
 154      B4FB76B4 
 154      5B1034F8 
 154      53C9
 155 0130 A9E1DDEE 		.ascii	"\251\341\335\356\312\033C\232\202^\024`\335m,_\000\213"
 155      CA1B439A 
 155      825E1460 
 155      DD6D2C5F 
 155      008B
 156 0142 118651F6 		.ascii	"\021\206Q\366\005\312\022\010@\001>\337\200\020\027"
 156      05CA1208 
 156      40013EDF 
 156      801017
 157 0151 78D6DBB9 		.ascii	"x\326\333\271\256\247%|k\273lk+\327\334\317\006\002"
 157      AEA7257C 
 157      6BBB6C6B 
 157      2BD7DCCF 
 157      0602
 158 0163 B12E5F3F 		.ascii	"\261._?}\314\006Z\331\037\031\333W x\373\257\001\242"
 158      7DCC065A 
 158      D91F19DB 
 158      572078FB 
 158      AF01A2
 159 0176 7CC74F34 		.ascii	"|\307O4\010f\004\027\335\237\002\006\332\310EB\213\341"
 159      08660417 
 159      DD9F0206 
 159      DAC84542 
 159      8BE1
 160 0188 2F795C64 		.ascii	"/y\\d`\332\247]`\021Y>\303\3711\025?\226\344\3079\337"
 160      60DAA75D 
 160      6011593E 
 160      C3F93115 
 160      3F96E4C7 
 161 019e E90E5075 		.ascii	"\351\016Pu\303\312^R\035O\360\216k\022\015{\336/\335"
 161      C3CA5E52 
 161      1D4FF08E 
 161      6B120D7B 
 161      DE2FDD
 162 01b1 D7D236E0 		.ascii	"\327\3226\340\305\202\353\276\021\003/\266\376uS\212"
 162      C582EBBE 
 162      11032FB6 
 162      FE75538A 
 163 01c1 B8D92F59 		.ascii	"\270\331/Y\246\234\200IU\271\311d\271\020/\367{u\357"
 163      A69C8049 
 163      55B9C964 
 163      B9102FF7 
 163      7B75EF
 164 01d4 9B9E3E88 		.ascii	"\233\236>\210K|\367\357\177\324\307\373}2\224\354W\021"
 164      4B7CF7EF 
ARM GAS  C:\Users\Thomas\AppData\Local\Temp\cc49gfKA.s 			page 12


 164      7FD4C7FB 
 164      7D3294EC 
 164      5711
 165 01e6 9852094C 		.ascii	"\230R\011L%\005\302\\\200=\2723\230C\375q\201\211=O"
 165      2505C25C 
 165      803DBA33 
 165      9843FD71 
 165      81893D4F 
 166 01fa 582FE2B5 		.ascii	"X/\342\265\266\035\342Zq\020\226?xVr\343\203\220N\274"
 166      B61DE25A 
 166      7110963F 
 166      785672E3 
 166      83904EBC 
 167 020e 3B7010F6 		.ascii	";p\020\3667+\335\354,\314\342\301L\247\006a\006R\223"
 167      372BDDEC 
 167      2CCCE2C1 
 167      4CA70661 
 167      065293
 168 0221 D0F9B96F 		.ascii	"\320\371\271oI\247\363(\323\205\207\230\273`\340\311"
 168      49A7F328 
 168      D3858798 
 168      BB60E0C9 
 169 0231 A9539C03 		.ascii	"\251S\234\003\035\337\001\276w44:\034]\023\301$\232"
 169      1DDF01BE 
 169      7734343A 
 169      1C5D13C1 
 169      249A
 170 0243 BC38C6FB 		.ascii	"\2748\306\373\307!\202J\035\312\005\304Z\031\365\032"
 170      C721824A 
 170      1DCA05C4 
 170      5A19F51A 
 171 0253 921D11BE 		.ascii	"\222\035\021\276@ \2122\363(\243dG\266e\371\246\034"
 171      40208A32 
 171      F328A364 
 171      47B665F9 
 171      A61C
 172 0265 B77BD93C 		.ascii	"\267{\331<\201?\262\232\033\232\\\245\332\212\213\227"
 172      813FB29A 
 172      1B9A5CA5 
 172      DA8A8B97 
 173 0275 CC65E444 		.ascii	"\314e\344Dqm\205\324$9m.\251\316Z\355hv\332\245ZK\265"
 173      716D85D4 
 173      24396D2E 
 173      A9CE5AED 
 173      6876DAA5 
 174 028c A3EC74AD 		.ascii	"\243\354t\255\275\305\325rM\272^|\205\344[NY\313\256"
 174      BDC5D572 
 174      4DBA5E7C 
 174      85E45B4E 
 174      59CBAE
 175 029f 3AEC8DD6 		.ascii	":\354\215\326\022\353eg\203K*<\020Je\026\333I\201\212"
 175      12EB6567 
 175      834B2A3C 
 175      104A6516 
 175      DB49818A 
 176 02b3 AB965CE5 		.ascii	"\253\226\\\345\316\206\033\322\005G\235\224\247\372"
 176      CE861BD2 
ARM GAS  C:\Users\Thomas\AppData\Local\Temp\cc49gfKA.s 			page 13


 176      05479D94 
 176      A7FA
 177 02c1 5F25D9EA 		.ascii	"_%\331\352\214iq\271\315e\253\222\352\005\247T_\372"
 177      8C6971B9 
 177      CD65AB92 
 177      EA05A754 
 177      5FFA
 178 02d3 171B1152 		.ascii	"\027\033\021R\344"
 178      E4
 179              		.text
 180              		.section	.gnu.lto_.symtab.b949a724,"",%progbits
 181 0000 50325F43 		.ascii	"P2_Clock_3_Write\000\000\000\000\000\000\000\000\000"
 181      6C6F636B 
 181      5F335F57 
 181      72697465 
 181      00000000 
 182 0019 000000B2 		.ascii	"\000\000\000\262\000\000\000P2_Clock_3_SetDriveMode"
 182      00000050 
 182      325F436C 
 182      6F636B5F 
 182      335F5365 
 183 0037 00000000 		.ascii	"\000\000\000\000\000\000\000\000\000\000\000\000\264"
 183      00000000 
 183      00000000 
 183      B4
 184 0044 00000050 		.ascii	"\000\000\000P2_Clock_3_Read\000\000\000\000\000\000"
 184      325F436C 
 184      6F636B5F 
 184      335F5265 
 184      61640000 
 185 005c 00000000 		.ascii	"\000\000\000\000\000\000\267\000\000\000P2_Clock_3_"
 185      0000B700 
 185      00005032 
 185      5F436C6F 
 185      636B5F33 
 186 0071 52656164 		.ascii	"ReadDataReg\000\000\000\000\000\000\000\000\000\000"
 186      44617461 
 186      52656700 
 186      00000000 
 186      00000000 
 187 0086 0000B900 		.ascii	"\000\000\271\000\000\000"
 187      0000
 188              		.text
 189              		.section	.gnu.lto_.opts,"",%progbits
 190 0000 272D666E 		.ascii	"'-fno-trapv' '-mcpu=cortex-m3' '-mthumb' '-g' '-O3'"
 190      6F2D7472 
 190      61707627 
 190      20272D6D 
 190      6370753D 
 191 0033 20272D66 		.ascii	" '-ffunction-sections' '-finline-functions' '-flto'"
 191      66756E63 
 191      74696F6E 
 191      2D736563 
 191      74696F6E 
 192 0066 20272D66 		.ascii	" '-ffat-lto-objects'\000"
 192      6661742D 
 192      6C746F2D 
ARM GAS  C:\Users\Thomas\AppData\Local\Temp\cc49gfKA.s 			page 14


 192      6F626A65 
 192      63747327 
 193              		.text
 194              		.cfi_sections	.debug_frame
 195              		.section	.text.P2_Clock_3_Write,"ax",%progbits
 196              		.align	2
 197              		.global	P2_Clock_3_Write
 198              		.thumb
 199              		.thumb_func
 200              		.type	P2_Clock_3_Write, %function
 201              	P2_Clock_3_Write:
 202              	.LFB0:
 203              		.file 1 ".\\Generated_Source\\PSoC5\\P2_Clock_3.c"
   1:.\Generated_Source\PSoC5/P2_Clock_3.c **** /*******************************************************************************
   2:.\Generated_Source\PSoC5/P2_Clock_3.c **** * File Name: P2_Clock_3.c  
   3:.\Generated_Source\PSoC5/P2_Clock_3.c **** * Version 2.20
   4:.\Generated_Source\PSoC5/P2_Clock_3.c **** *
   5:.\Generated_Source\PSoC5/P2_Clock_3.c **** * Description:
   6:.\Generated_Source\PSoC5/P2_Clock_3.c **** *  This file contains API to enable firmware control of a Pins component.
   7:.\Generated_Source\PSoC5/P2_Clock_3.c **** *
   8:.\Generated_Source\PSoC5/P2_Clock_3.c **** * Note:
   9:.\Generated_Source\PSoC5/P2_Clock_3.c **** *
  10:.\Generated_Source\PSoC5/P2_Clock_3.c **** ********************************************************************************
  11:.\Generated_Source\PSoC5/P2_Clock_3.c **** * Copyright 2008-2015, Cypress Semiconductor Corporation.  All rights reserved.
  12:.\Generated_Source\PSoC5/P2_Clock_3.c **** * You may use this file only in accordance with the license, terms, conditions, 
  13:.\Generated_Source\PSoC5/P2_Clock_3.c **** * disclaimers, and limitations in the end user license agreement accompanying 
  14:.\Generated_Source\PSoC5/P2_Clock_3.c **** * the software package with which this file was provided.
  15:.\Generated_Source\PSoC5/P2_Clock_3.c **** *******************************************************************************/
  16:.\Generated_Source\PSoC5/P2_Clock_3.c **** 
  17:.\Generated_Source\PSoC5/P2_Clock_3.c **** #include "cytypes.h"
  18:.\Generated_Source\PSoC5/P2_Clock_3.c **** #include "P2_Clock_3.h"
  19:.\Generated_Source\PSoC5/P2_Clock_3.c **** 
  20:.\Generated_Source\PSoC5/P2_Clock_3.c **** /* APIs are not generated for P15[7:6] on PSoC 5 */
  21:.\Generated_Source\PSoC5/P2_Clock_3.c **** #if !(CY_PSOC5A &&\
  22:.\Generated_Source\PSoC5/P2_Clock_3.c **** 	 P2_Clock_3__PORT == 15 && ((P2_Clock_3__MASK & 0xC0) != 0))
  23:.\Generated_Source\PSoC5/P2_Clock_3.c **** 
  24:.\Generated_Source\PSoC5/P2_Clock_3.c **** 
  25:.\Generated_Source\PSoC5/P2_Clock_3.c **** /*******************************************************************************
  26:.\Generated_Source\PSoC5/P2_Clock_3.c **** * Function Name: P2_Clock_3_Write
  27:.\Generated_Source\PSoC5/P2_Clock_3.c **** ****************************************************************************//**
  28:.\Generated_Source\PSoC5/P2_Clock_3.c **** *
  29:.\Generated_Source\PSoC5/P2_Clock_3.c **** * \brief Writes the value to the physical port (data output register), masking
  30:.\Generated_Source\PSoC5/P2_Clock_3.c **** *  and shifting the bits appropriately. 
  31:.\Generated_Source\PSoC5/P2_Clock_3.c **** *
  32:.\Generated_Source\PSoC5/P2_Clock_3.c **** * The data output register controls the signal applied to the physical pin in 
  33:.\Generated_Source\PSoC5/P2_Clock_3.c **** * conjunction with the drive mode parameter. This function avoids changing 
  34:.\Generated_Source\PSoC5/P2_Clock_3.c **** * other bits in the port by using the appropriate method (read-modify-write or
  35:.\Generated_Source\PSoC5/P2_Clock_3.c **** * bit banding).
  36:.\Generated_Source\PSoC5/P2_Clock_3.c **** *
  37:.\Generated_Source\PSoC5/P2_Clock_3.c **** * <b>Note</b> This function should not be used on a hardware digital output pin 
  38:.\Generated_Source\PSoC5/P2_Clock_3.c **** * as it is driven by the hardware signal attached to it.
  39:.\Generated_Source\PSoC5/P2_Clock_3.c **** *
  40:.\Generated_Source\PSoC5/P2_Clock_3.c **** * \param value
  41:.\Generated_Source\PSoC5/P2_Clock_3.c **** *  Value to write to the component instance.
  42:.\Generated_Source\PSoC5/P2_Clock_3.c **** *
  43:.\Generated_Source\PSoC5/P2_Clock_3.c **** * \return 
  44:.\Generated_Source\PSoC5/P2_Clock_3.c **** *  None 
ARM GAS  C:\Users\Thomas\AppData\Local\Temp\cc49gfKA.s 			page 15


  45:.\Generated_Source\PSoC5/P2_Clock_3.c **** *
  46:.\Generated_Source\PSoC5/P2_Clock_3.c **** * \sideeffect
  47:.\Generated_Source\PSoC5/P2_Clock_3.c **** *  If you use read-modify-write operations that are not atomic; the Interrupt 
  48:.\Generated_Source\PSoC5/P2_Clock_3.c **** *  Service Routines (ISR) can cause corruption of this function. An ISR that 
  49:.\Generated_Source\PSoC5/P2_Clock_3.c **** *  interrupts this function and performs writes to the Pins component data 
  50:.\Generated_Source\PSoC5/P2_Clock_3.c **** *  register can cause corrupted port data. To avoid this issue, you should 
  51:.\Generated_Source\PSoC5/P2_Clock_3.c **** *  either use the Per-Pin APIs (primary method) or disable interrupts around 
  52:.\Generated_Source\PSoC5/P2_Clock_3.c **** *  this function.
  53:.\Generated_Source\PSoC5/P2_Clock_3.c **** *
  54:.\Generated_Source\PSoC5/P2_Clock_3.c **** * \funcusage
  55:.\Generated_Source\PSoC5/P2_Clock_3.c **** *  \snippet P2_Clock_3_SUT.c usage_P2_Clock_3_Write
  56:.\Generated_Source\PSoC5/P2_Clock_3.c **** *******************************************************************************/
  57:.\Generated_Source\PSoC5/P2_Clock_3.c **** void P2_Clock_3_Write(uint8 value)
  58:.\Generated_Source\PSoC5/P2_Clock_3.c **** {
 204              		.loc 1 58 0
 205              		.cfi_startproc
 206              		@ args = 0, pretend = 0, frame = 0
 207              		@ frame_needed = 0, uses_anonymous_args = 0
 208              		@ link register save eliminated.
 209              	.LVL0:
  59:.\Generated_Source\PSoC5/P2_Clock_3.c ****     uint8 staticBits = (P2_Clock_3_DR & (uint8)(~P2_Clock_3_MASK));
 210              		.loc 1 59 0
 211 0000 044A     		ldr	r2, .L2
  60:.\Generated_Source\PSoC5/P2_Clock_3.c ****     P2_Clock_3_DR = staticBits | ((uint8)(value << P2_Clock_3_SHIFT) & P2_Clock_3_MASK);
 212              		.loc 1 60 0
 213 0002 4001     		lsls	r0, r0, #5
 214              	.LVL1:
  59:.\Generated_Source\PSoC5/P2_Clock_3.c ****     uint8 staticBits = (P2_Clock_3_DR & (uint8)(~P2_Clock_3_MASK));
 215              		.loc 1 59 0
 216 0004 1378     		ldrb	r3, [r2]	@ zero_extendqisi2
 217              	.LVL2:
 218              		.loc 1 60 0
 219 0006 00F02000 		and	r0, r0, #32
  59:.\Generated_Source\PSoC5/P2_Clock_3.c ****     uint8 staticBits = (P2_Clock_3_DR & (uint8)(~P2_Clock_3_MASK));
 220              		.loc 1 59 0
 221 000a 03F0DF03 		and	r3, r3, #223
 222              	.LVL3:
 223              		.loc 1 60 0
 224 000e 1843     		orrs	r0, r0, r3
 225 0010 1070     		strb	r0, [r2]
 226 0012 7047     		bx	lr
 227              	.L3:
 228              		.align	2
 229              	.L2:
 230 0014 30510040 		.word	1073762608
 231              		.cfi_endproc
 232              	.LFE0:
 233              		.size	P2_Clock_3_Write, .-P2_Clock_3_Write
 234              		.section	.text.P2_Clock_3_SetDriveMode,"ax",%progbits
 235              		.align	2
 236              		.global	P2_Clock_3_SetDriveMode
 237              		.thumb
 238              		.thumb_func
 239              		.type	P2_Clock_3_SetDriveMode, %function
 240              	P2_Clock_3_SetDriveMode:
 241              	.LFB1:
  61:.\Generated_Source\PSoC5/P2_Clock_3.c **** }
ARM GAS  C:\Users\Thomas\AppData\Local\Temp\cc49gfKA.s 			page 16


  62:.\Generated_Source\PSoC5/P2_Clock_3.c **** 
  63:.\Generated_Source\PSoC5/P2_Clock_3.c **** 
  64:.\Generated_Source\PSoC5/P2_Clock_3.c **** /*******************************************************************************
  65:.\Generated_Source\PSoC5/P2_Clock_3.c **** * Function Name: P2_Clock_3_SetDriveMode
  66:.\Generated_Source\PSoC5/P2_Clock_3.c **** ****************************************************************************//**
  67:.\Generated_Source\PSoC5/P2_Clock_3.c **** *
  68:.\Generated_Source\PSoC5/P2_Clock_3.c **** * \brief Sets the drive mode for each of the Pins component's pins.
  69:.\Generated_Source\PSoC5/P2_Clock_3.c **** * 
  70:.\Generated_Source\PSoC5/P2_Clock_3.c **** * <b>Note</b> This affects all pins in the Pins component instance. Use the
  71:.\Generated_Source\PSoC5/P2_Clock_3.c **** * Per-Pin APIs if you wish to control individual pin's drive modes.
  72:.\Generated_Source\PSoC5/P2_Clock_3.c **** *
  73:.\Generated_Source\PSoC5/P2_Clock_3.c **** * \param mode
  74:.\Generated_Source\PSoC5/P2_Clock_3.c **** *  Mode for the selected signals. Valid options are documented in 
  75:.\Generated_Source\PSoC5/P2_Clock_3.c **** *  \ref driveMode.
  76:.\Generated_Source\PSoC5/P2_Clock_3.c **** *
  77:.\Generated_Source\PSoC5/P2_Clock_3.c **** * \return
  78:.\Generated_Source\PSoC5/P2_Clock_3.c **** *  None
  79:.\Generated_Source\PSoC5/P2_Clock_3.c **** *
  80:.\Generated_Source\PSoC5/P2_Clock_3.c **** * \sideeffect
  81:.\Generated_Source\PSoC5/P2_Clock_3.c **** *  If you use read-modify-write operations that are not atomic, the ISR can
  82:.\Generated_Source\PSoC5/P2_Clock_3.c **** *  cause corruption of this function. An ISR that interrupts this function 
  83:.\Generated_Source\PSoC5/P2_Clock_3.c **** *  and performs writes to the Pins component Drive Mode registers can cause 
  84:.\Generated_Source\PSoC5/P2_Clock_3.c **** *  corrupted port data. To avoid this issue, you should either use the Per-Pin
  85:.\Generated_Source\PSoC5/P2_Clock_3.c **** *  APIs (primary method) or disable interrupts around this function.
  86:.\Generated_Source\PSoC5/P2_Clock_3.c **** *
  87:.\Generated_Source\PSoC5/P2_Clock_3.c **** * \funcusage
  88:.\Generated_Source\PSoC5/P2_Clock_3.c **** *  \snippet P2_Clock_3_SUT.c usage_P2_Clock_3_SetDriveMode
  89:.\Generated_Source\PSoC5/P2_Clock_3.c **** *******************************************************************************/
  90:.\Generated_Source\PSoC5/P2_Clock_3.c **** void P2_Clock_3_SetDriveMode(uint8 mode)
  91:.\Generated_Source\PSoC5/P2_Clock_3.c **** {
 242              		.loc 1 91 0
 243              		.cfi_startproc
 244              		@ args = 0, pretend = 0, frame = 0
 245              		@ frame_needed = 0, uses_anonymous_args = 0
 246              		@ link register save eliminated.
 247              	.LVL4:
  92:.\Generated_Source\PSoC5/P2_Clock_3.c **** 	CyPins_SetPinDriveMode(P2_Clock_3_0, mode);
 248              		.loc 1 92 0
 249 0000 044A     		ldr	r2, .L5
 250 0002 00F00E00 		and	r0, r0, #14
 251              	.LVL5:
 252 0006 1378     		ldrb	r3, [r2]	@ zero_extendqisi2
 253 0008 03F0F103 		and	r3, r3, #241
 254 000c 1843     		orrs	r0, r0, r3
 255 000e 1070     		strb	r0, [r2]
 256 0010 7047     		bx	lr
 257              	.L6:
 258 0012 00BF     		.align	2
 259              	.L5:
 260 0014 1D500040 		.word	1073762333
 261              		.cfi_endproc
 262              	.LFE1:
 263              		.size	P2_Clock_3_SetDriveMode, .-P2_Clock_3_SetDriveMode
 264              		.section	.text.P2_Clock_3_Read,"ax",%progbits
 265              		.align	2
 266              		.global	P2_Clock_3_Read
 267              		.thumb
ARM GAS  C:\Users\Thomas\AppData\Local\Temp\cc49gfKA.s 			page 17


 268              		.thumb_func
 269              		.type	P2_Clock_3_Read, %function
 270              	P2_Clock_3_Read:
 271              	.LFB2:
  93:.\Generated_Source\PSoC5/P2_Clock_3.c **** }
  94:.\Generated_Source\PSoC5/P2_Clock_3.c **** 
  95:.\Generated_Source\PSoC5/P2_Clock_3.c **** 
  96:.\Generated_Source\PSoC5/P2_Clock_3.c **** /*******************************************************************************
  97:.\Generated_Source\PSoC5/P2_Clock_3.c **** * Function Name: P2_Clock_3_Read
  98:.\Generated_Source\PSoC5/P2_Clock_3.c **** ****************************************************************************//**
  99:.\Generated_Source\PSoC5/P2_Clock_3.c **** *
 100:.\Generated_Source\PSoC5/P2_Clock_3.c **** * \brief Reads the associated physical port (pin status register) and masks 
 101:.\Generated_Source\PSoC5/P2_Clock_3.c **** *  the required bits according to the width and bit position of the component
 102:.\Generated_Source\PSoC5/P2_Clock_3.c **** *  instance. 
 103:.\Generated_Source\PSoC5/P2_Clock_3.c **** *
 104:.\Generated_Source\PSoC5/P2_Clock_3.c **** * The pin's status register returns the current logic level present on the 
 105:.\Generated_Source\PSoC5/P2_Clock_3.c **** * physical pin.
 106:.\Generated_Source\PSoC5/P2_Clock_3.c **** *
 107:.\Generated_Source\PSoC5/P2_Clock_3.c **** * \return 
 108:.\Generated_Source\PSoC5/P2_Clock_3.c **** *  The current value for the pins in the component as a right justified number.
 109:.\Generated_Source\PSoC5/P2_Clock_3.c **** *
 110:.\Generated_Source\PSoC5/P2_Clock_3.c **** * \funcusage
 111:.\Generated_Source\PSoC5/P2_Clock_3.c **** *  \snippet P2_Clock_3_SUT.c usage_P2_Clock_3_Read  
 112:.\Generated_Source\PSoC5/P2_Clock_3.c **** *******************************************************************************/
 113:.\Generated_Source\PSoC5/P2_Clock_3.c **** uint8 P2_Clock_3_Read(void)
 114:.\Generated_Source\PSoC5/P2_Clock_3.c **** {
 272              		.loc 1 114 0
 273              		.cfi_startproc
 274              		@ args = 0, pretend = 0, frame = 0
 275              		@ frame_needed = 0, uses_anonymous_args = 0
 276              		@ link register save eliminated.
 115:.\Generated_Source\PSoC5/P2_Clock_3.c ****     return (P2_Clock_3_PS & P2_Clock_3_MASK) >> P2_Clock_3_SHIFT;
 277              		.loc 1 115 0
 278 0000 024B     		ldr	r3, .L8
 279 0002 1878     		ldrb	r0, [r3]	@ zero_extendqisi2
 116:.\Generated_Source\PSoC5/P2_Clock_3.c **** }
 280              		.loc 1 116 0
 281 0004 C0F34010 		ubfx	r0, r0, #5, #1
 282 0008 7047     		bx	lr
 283              	.L9:
 284 000a 00BF     		.align	2
 285              	.L8:
 286 000c 31510040 		.word	1073762609
 287              		.cfi_endproc
 288              	.LFE2:
 289              		.size	P2_Clock_3_Read, .-P2_Clock_3_Read
 290              		.section	.text.P2_Clock_3_ReadDataReg,"ax",%progbits
 291              		.align	2
 292              		.global	P2_Clock_3_ReadDataReg
 293              		.thumb
 294              		.thumb_func
 295              		.type	P2_Clock_3_ReadDataReg, %function
 296              	P2_Clock_3_ReadDataReg:
 297              	.LFB3:
 117:.\Generated_Source\PSoC5/P2_Clock_3.c **** 
 118:.\Generated_Source\PSoC5/P2_Clock_3.c **** 
 119:.\Generated_Source\PSoC5/P2_Clock_3.c **** /*******************************************************************************
ARM GAS  C:\Users\Thomas\AppData\Local\Temp\cc49gfKA.s 			page 18


 120:.\Generated_Source\PSoC5/P2_Clock_3.c **** * Function Name: P2_Clock_3_ReadDataReg
 121:.\Generated_Source\PSoC5/P2_Clock_3.c **** ****************************************************************************//**
 122:.\Generated_Source\PSoC5/P2_Clock_3.c **** *
 123:.\Generated_Source\PSoC5/P2_Clock_3.c **** * \brief Reads the associated physical port's data output register and masks 
 124:.\Generated_Source\PSoC5/P2_Clock_3.c **** *  the correct bits according to the width and bit position of the component 
 125:.\Generated_Source\PSoC5/P2_Clock_3.c **** *  instance. 
 126:.\Generated_Source\PSoC5/P2_Clock_3.c **** *
 127:.\Generated_Source\PSoC5/P2_Clock_3.c **** * The data output register controls the signal applied to the physical pin in 
 128:.\Generated_Source\PSoC5/P2_Clock_3.c **** * conjunction with the drive mode parameter. This is not the same as the 
 129:.\Generated_Source\PSoC5/P2_Clock_3.c **** * preferred P2_Clock_3_Read() API because the 
 130:.\Generated_Source\PSoC5/P2_Clock_3.c **** * P2_Clock_3_ReadDataReg() reads the data register instead of the status 
 131:.\Generated_Source\PSoC5/P2_Clock_3.c **** * register. For output pins this is a useful function to determine the value 
 132:.\Generated_Source\PSoC5/P2_Clock_3.c **** * just written to the pin.
 133:.\Generated_Source\PSoC5/P2_Clock_3.c **** *
 134:.\Generated_Source\PSoC5/P2_Clock_3.c **** * \return 
 135:.\Generated_Source\PSoC5/P2_Clock_3.c **** *  The current value of the data register masked and shifted into a right 
 136:.\Generated_Source\PSoC5/P2_Clock_3.c **** *  justified number for the component instance.
 137:.\Generated_Source\PSoC5/P2_Clock_3.c **** *
 138:.\Generated_Source\PSoC5/P2_Clock_3.c **** * \funcusage
 139:.\Generated_Source\PSoC5/P2_Clock_3.c **** *  \snippet P2_Clock_3_SUT.c usage_P2_Clock_3_ReadDataReg 
 140:.\Generated_Source\PSoC5/P2_Clock_3.c **** *******************************************************************************/
 141:.\Generated_Source\PSoC5/P2_Clock_3.c **** uint8 P2_Clock_3_ReadDataReg(void)
 142:.\Generated_Source\PSoC5/P2_Clock_3.c **** {
 298              		.loc 1 142 0
 299              		.cfi_startproc
 300              		@ args = 0, pretend = 0, frame = 0
 301              		@ frame_needed = 0, uses_anonymous_args = 0
 302              		@ link register save eliminated.
 143:.\Generated_Source\PSoC5/P2_Clock_3.c ****     return (P2_Clock_3_DR & P2_Clock_3_MASK) >> P2_Clock_3_SHIFT;
 303              		.loc 1 143 0
 304 0000 024B     		ldr	r3, .L11
 305 0002 1878     		ldrb	r0, [r3]	@ zero_extendqisi2
 144:.\Generated_Source\PSoC5/P2_Clock_3.c **** }
 306              		.loc 1 144 0
 307 0004 C0F34010 		ubfx	r0, r0, #5, #1
 308 0008 7047     		bx	lr
 309              	.L12:
 310 000a 00BF     		.align	2
 311              	.L11:
 312 000c 30510040 		.word	1073762608
 313              		.cfi_endproc
 314              	.LFE3:
 315              		.size	P2_Clock_3_ReadDataReg, .-P2_Clock_3_ReadDataReg
 316              		.text
 317              	.Letext0:
 318              		.file 2 ".\\Generated_Source\\PSoC5\\cytypes.h"
 319              		.section	.debug_info,"",%progbits
 320              	.Ldebug_info0:
 321 0000 1D010000 		.4byte	0x11d
 322 0004 0400     		.2byte	0x4
 323 0006 00000000 		.4byte	.Ldebug_abbrev0
 324 000a 04       		.byte	0x4
 325 000b 01       		.uleb128 0x1
 326 000c 00010000 		.4byte	.LASF20
 327 0010 01       		.byte	0x1
 328 0011 C4010000 		.4byte	.LASF21
 329 0015 8E000000 		.4byte	.LASF22
ARM GAS  C:\Users\Thomas\AppData\Local\Temp\cc49gfKA.s 			page 19


 330 0019 00000000 		.4byte	.Ldebug_ranges0+0
 331 001d 00000000 		.4byte	0
 332 0021 00000000 		.4byte	.Ldebug_line0
 333 0025 02       		.uleb128 0x2
 334 0026 01       		.byte	0x1
 335 0027 06       		.byte	0x6
 336 0028 03020000 		.4byte	.LASF0
 337 002c 02       		.uleb128 0x2
 338 002d 01       		.byte	0x1
 339 002e 08       		.byte	0x8
 340 002f 28000000 		.4byte	.LASF1
 341 0033 02       		.uleb128 0x2
 342 0034 02       		.byte	0x2
 343 0035 05       		.byte	0x5
 344 0036 EA010000 		.4byte	.LASF2
 345 003a 02       		.uleb128 0x2
 346 003b 02       		.byte	0x2
 347 003c 07       		.byte	0x7
 348 003d 64000000 		.4byte	.LASF3
 349 0041 02       		.uleb128 0x2
 350 0042 04       		.byte	0x4
 351 0043 05       		.byte	0x5
 352 0044 FA010000 		.4byte	.LASF4
 353 0048 02       		.uleb128 0x2
 354 0049 04       		.byte	0x4
 355 004a 07       		.byte	0x7
 356 004b 52000000 		.4byte	.LASF5
 357 004f 02       		.uleb128 0x2
 358 0050 08       		.byte	0x8
 359 0051 05       		.byte	0x5
 360 0052 F2000000 		.4byte	.LASF6
 361 0056 02       		.uleb128 0x2
 362 0057 08       		.byte	0x8
 363 0058 07       		.byte	0x7
 364 0059 D6000000 		.4byte	.LASF7
 365 005d 03       		.uleb128 0x3
 366 005e 04       		.byte	0x4
 367 005f 05       		.byte	0x5
 368 0060 696E7400 		.ascii	"int\000"
 369 0064 02       		.uleb128 0x2
 370 0065 04       		.byte	0x4
 371 0066 07       		.byte	0x7
 372 0067 C9000000 		.4byte	.LASF8
 373 006b 04       		.uleb128 0x4
 374 006c F4010000 		.4byte	.LASF12
 375 0070 02       		.byte	0x2
 376 0071 9201     		.2byte	0x192
 377 0073 2C000000 		.4byte	0x2c
 378 0077 02       		.uleb128 0x2
 379 0078 04       		.byte	0x4
 380 0079 04       		.byte	0x4
 381 007a 22000000 		.4byte	.LASF9
 382 007e 02       		.uleb128 0x2
 383 007f 08       		.byte	0x8
 384 0080 04       		.byte	0x4
 385 0081 87000000 		.4byte	.LASF10
 386 0085 02       		.uleb128 0x2
ARM GAS  C:\Users\Thomas\AppData\Local\Temp\cc49gfKA.s 			page 20


 387 0086 01       		.byte	0x1
 388 0087 08       		.byte	0x8
 389 0088 A7010000 		.4byte	.LASF11
 390 008c 04       		.uleb128 0x4
 391 008d 36000000 		.4byte	.LASF13
 392 0091 02       		.byte	0x2
 393 0092 3C02     		.2byte	0x23c
 394 0094 98000000 		.4byte	0x98
 395 0098 05       		.uleb128 0x5
 396 0099 6B000000 		.4byte	0x6b
 397 009d 06       		.uleb128 0x6
 398 009e 11000000 		.4byte	.LASF14
 399 00a2 01       		.byte	0x1
 400 00a3 39       		.byte	0x39
 401 00a4 00000000 		.4byte	.LFB0
 402 00a8 18000000 		.4byte	.LFE0-.LFB0
 403 00ac 01       		.uleb128 0x1
 404 00ad 9C       		.byte	0x9c
 405 00ae D1000000 		.4byte	0xd1
 406 00b2 07       		.uleb128 0x7
 407 00b3 00000000 		.4byte	.LASF16
 408 00b7 01       		.byte	0x1
 409 00b8 39       		.byte	0x39
 410 00b9 6B000000 		.4byte	0x6b
 411 00bd 00000000 		.4byte	.LLST0
 412 00c1 08       		.uleb128 0x8
 413 00c2 06000000 		.4byte	.LASF23
 414 00c6 01       		.byte	0x1
 415 00c7 3B       		.byte	0x3b
 416 00c8 6B000000 		.4byte	0x6b
 417 00cc 21000000 		.4byte	.LLST1
 418 00d0 00       		.byte	0
 419 00d1 06       		.uleb128 0x6
 420 00d2 AC010000 		.4byte	.LASF15
 421 00d6 01       		.byte	0x1
 422 00d7 5A       		.byte	0x5a
 423 00d8 00000000 		.4byte	.LFB1
 424 00dc 18000000 		.4byte	.LFE1-.LFB1
 425 00e0 01       		.uleb128 0x1
 426 00e1 9C       		.byte	0x9c
 427 00e2 F6000000 		.4byte	0xf6
 428 00e6 07       		.uleb128 0x7
 429 00e7 ED000000 		.4byte	.LASF17
 430 00eb 01       		.byte	0x1
 431 00ec 5A       		.byte	0x5a
 432 00ed 6B000000 		.4byte	0x6b
 433 00f1 39000000 		.4byte	.LLST2
 434 00f5 00       		.byte	0
 435 00f6 09       		.uleb128 0x9
 436 00f7 77000000 		.4byte	.LASF18
 437 00fb 01       		.byte	0x1
 438 00fc 71       		.byte	0x71
 439 00fd 6B000000 		.4byte	0x6b
 440 0101 00000000 		.4byte	.LFB2
 441 0105 10000000 		.4byte	.LFE2-.LFB2
 442 0109 01       		.uleb128 0x1
 443 010a 9C       		.byte	0x9c
ARM GAS  C:\Users\Thomas\AppData\Local\Temp\cc49gfKA.s 			page 21


 444 010b 09       		.uleb128 0x9
 445 010c 3B000000 		.4byte	.LASF19
 446 0110 01       		.byte	0x1
 447 0111 8D       		.byte	0x8d
 448 0112 6B000000 		.4byte	0x6b
 449 0116 00000000 		.4byte	.LFB3
 450 011a 10000000 		.4byte	.LFE3-.LFB3
 451 011e 01       		.uleb128 0x1
 452 011f 9C       		.byte	0x9c
 453 0120 00       		.byte	0
 454              		.section	.debug_abbrev,"",%progbits
 455              	.Ldebug_abbrev0:
 456 0000 01       		.uleb128 0x1
 457 0001 11       		.uleb128 0x11
 458 0002 01       		.byte	0x1
 459 0003 25       		.uleb128 0x25
 460 0004 0E       		.uleb128 0xe
 461 0005 13       		.uleb128 0x13
 462 0006 0B       		.uleb128 0xb
 463 0007 03       		.uleb128 0x3
 464 0008 0E       		.uleb128 0xe
 465 0009 1B       		.uleb128 0x1b
 466 000a 0E       		.uleb128 0xe
 467 000b 55       		.uleb128 0x55
 468 000c 17       		.uleb128 0x17
 469 000d 11       		.uleb128 0x11
 470 000e 01       		.uleb128 0x1
 471 000f 10       		.uleb128 0x10
 472 0010 17       		.uleb128 0x17
 473 0011 00       		.byte	0
 474 0012 00       		.byte	0
 475 0013 02       		.uleb128 0x2
 476 0014 24       		.uleb128 0x24
 477 0015 00       		.byte	0
 478 0016 0B       		.uleb128 0xb
 479 0017 0B       		.uleb128 0xb
 480 0018 3E       		.uleb128 0x3e
 481 0019 0B       		.uleb128 0xb
 482 001a 03       		.uleb128 0x3
 483 001b 0E       		.uleb128 0xe
 484 001c 00       		.byte	0
 485 001d 00       		.byte	0
 486 001e 03       		.uleb128 0x3
 487 001f 24       		.uleb128 0x24
 488 0020 00       		.byte	0
 489 0021 0B       		.uleb128 0xb
 490 0022 0B       		.uleb128 0xb
 491 0023 3E       		.uleb128 0x3e
 492 0024 0B       		.uleb128 0xb
 493 0025 03       		.uleb128 0x3
 494 0026 08       		.uleb128 0x8
 495 0027 00       		.byte	0
 496 0028 00       		.byte	0
 497 0029 04       		.uleb128 0x4
 498 002a 16       		.uleb128 0x16
 499 002b 00       		.byte	0
 500 002c 03       		.uleb128 0x3
ARM GAS  C:\Users\Thomas\AppData\Local\Temp\cc49gfKA.s 			page 22


 501 002d 0E       		.uleb128 0xe
 502 002e 3A       		.uleb128 0x3a
 503 002f 0B       		.uleb128 0xb
 504 0030 3B       		.uleb128 0x3b
 505 0031 05       		.uleb128 0x5
 506 0032 49       		.uleb128 0x49
 507 0033 13       		.uleb128 0x13
 508 0034 00       		.byte	0
 509 0035 00       		.byte	0
 510 0036 05       		.uleb128 0x5
 511 0037 35       		.uleb128 0x35
 512 0038 00       		.byte	0
 513 0039 49       		.uleb128 0x49
 514 003a 13       		.uleb128 0x13
 515 003b 00       		.byte	0
 516 003c 00       		.byte	0
 517 003d 06       		.uleb128 0x6
 518 003e 2E       		.uleb128 0x2e
 519 003f 01       		.byte	0x1
 520 0040 3F       		.uleb128 0x3f
 521 0041 19       		.uleb128 0x19
 522 0042 03       		.uleb128 0x3
 523 0043 0E       		.uleb128 0xe
 524 0044 3A       		.uleb128 0x3a
 525 0045 0B       		.uleb128 0xb
 526 0046 3B       		.uleb128 0x3b
 527 0047 0B       		.uleb128 0xb
 528 0048 27       		.uleb128 0x27
 529 0049 19       		.uleb128 0x19
 530 004a 11       		.uleb128 0x11
 531 004b 01       		.uleb128 0x1
 532 004c 12       		.uleb128 0x12
 533 004d 06       		.uleb128 0x6
 534 004e 40       		.uleb128 0x40
 535 004f 18       		.uleb128 0x18
 536 0050 9742     		.uleb128 0x2117
 537 0052 19       		.uleb128 0x19
 538 0053 01       		.uleb128 0x1
 539 0054 13       		.uleb128 0x13
 540 0055 00       		.byte	0
 541 0056 00       		.byte	0
 542 0057 07       		.uleb128 0x7
 543 0058 05       		.uleb128 0x5
 544 0059 00       		.byte	0
 545 005a 03       		.uleb128 0x3
 546 005b 0E       		.uleb128 0xe
 547 005c 3A       		.uleb128 0x3a
 548 005d 0B       		.uleb128 0xb
 549 005e 3B       		.uleb128 0x3b
 550 005f 0B       		.uleb128 0xb
 551 0060 49       		.uleb128 0x49
 552 0061 13       		.uleb128 0x13
 553 0062 02       		.uleb128 0x2
 554 0063 17       		.uleb128 0x17
 555 0064 00       		.byte	0
 556 0065 00       		.byte	0
 557 0066 08       		.uleb128 0x8
ARM GAS  C:\Users\Thomas\AppData\Local\Temp\cc49gfKA.s 			page 23


 558 0067 34       		.uleb128 0x34
 559 0068 00       		.byte	0
 560 0069 03       		.uleb128 0x3
 561 006a 0E       		.uleb128 0xe
 562 006b 3A       		.uleb128 0x3a
 563 006c 0B       		.uleb128 0xb
 564 006d 3B       		.uleb128 0x3b
 565 006e 0B       		.uleb128 0xb
 566 006f 49       		.uleb128 0x49
 567 0070 13       		.uleb128 0x13
 568 0071 02       		.uleb128 0x2
 569 0072 17       		.uleb128 0x17
 570 0073 00       		.byte	0
 571 0074 00       		.byte	0
 572 0075 09       		.uleb128 0x9
 573 0076 2E       		.uleb128 0x2e
 574 0077 00       		.byte	0
 575 0078 3F       		.uleb128 0x3f
 576 0079 19       		.uleb128 0x19
 577 007a 03       		.uleb128 0x3
 578 007b 0E       		.uleb128 0xe
 579 007c 3A       		.uleb128 0x3a
 580 007d 0B       		.uleb128 0xb
 581 007e 3B       		.uleb128 0x3b
 582 007f 0B       		.uleb128 0xb
 583 0080 27       		.uleb128 0x27
 584 0081 19       		.uleb128 0x19
 585 0082 49       		.uleb128 0x49
 586 0083 13       		.uleb128 0x13
 587 0084 11       		.uleb128 0x11
 588 0085 01       		.uleb128 0x1
 589 0086 12       		.uleb128 0x12
 590 0087 06       		.uleb128 0x6
 591 0088 40       		.uleb128 0x40
 592 0089 18       		.uleb128 0x18
 593 008a 9742     		.uleb128 0x2117
 594 008c 19       		.uleb128 0x19
 595 008d 00       		.byte	0
 596 008e 00       		.byte	0
 597 008f 00       		.byte	0
 598              		.section	.debug_loc,"",%progbits
 599              	.Ldebug_loc0:
 600              	.LLST0:
 601 0000 00000000 		.4byte	.LVL0
 602 0004 04000000 		.4byte	.LVL1
 603 0008 0100     		.2byte	0x1
 604 000a 50       		.byte	0x50
 605 000b 04000000 		.4byte	.LVL1
 606 000f 18000000 		.4byte	.LFE0
 607 0013 0400     		.2byte	0x4
 608 0015 F3       		.byte	0xf3
 609 0016 01       		.uleb128 0x1
 610 0017 50       		.byte	0x50
 611 0018 9F       		.byte	0x9f
 612 0019 00000000 		.4byte	0
 613 001d 00000000 		.4byte	0
 614              	.LLST1:
ARM GAS  C:\Users\Thomas\AppData\Local\Temp\cc49gfKA.s 			page 24


 615 0021 06000000 		.4byte	.LVL2
 616 0025 0E000000 		.4byte	.LVL3
 617 0029 0600     		.2byte	0x6
 618 002b 73       		.byte	0x73
 619 002c 00       		.sleb128 0
 620 002d 09       		.byte	0x9
 621 002e DF       		.byte	0xdf
 622 002f 1A       		.byte	0x1a
 623 0030 9F       		.byte	0x9f
 624 0031 00000000 		.4byte	0
 625 0035 00000000 		.4byte	0
 626              	.LLST2:
 627 0039 00000000 		.4byte	.LVL4
 628 003d 06000000 		.4byte	.LVL5
 629 0041 0100     		.2byte	0x1
 630 0043 50       		.byte	0x50
 631 0044 06000000 		.4byte	.LVL5
 632 0048 18000000 		.4byte	.LFE1
 633 004c 0400     		.2byte	0x4
 634 004e F3       		.byte	0xf3
 635 004f 01       		.uleb128 0x1
 636 0050 50       		.byte	0x50
 637 0051 9F       		.byte	0x9f
 638 0052 00000000 		.4byte	0
 639 0056 00000000 		.4byte	0
 640              		.section	.debug_aranges,"",%progbits
 641 0000 34000000 		.4byte	0x34
 642 0004 0200     		.2byte	0x2
 643 0006 00000000 		.4byte	.Ldebug_info0
 644 000a 04       		.byte	0x4
 645 000b 00       		.byte	0
 646 000c 0000     		.2byte	0
 647 000e 0000     		.2byte	0
 648 0010 00000000 		.4byte	.LFB0
 649 0014 18000000 		.4byte	.LFE0-.LFB0
 650 0018 00000000 		.4byte	.LFB1
 651 001c 18000000 		.4byte	.LFE1-.LFB1
 652 0020 00000000 		.4byte	.LFB2
 653 0024 10000000 		.4byte	.LFE2-.LFB2
 654 0028 00000000 		.4byte	.LFB3
 655 002c 10000000 		.4byte	.LFE3-.LFB3
 656 0030 00000000 		.4byte	0
 657 0034 00000000 		.4byte	0
 658              		.section	.debug_ranges,"",%progbits
 659              	.Ldebug_ranges0:
 660 0000 00000000 		.4byte	.LFB0
 661 0004 18000000 		.4byte	.LFE0
 662 0008 00000000 		.4byte	.LFB1
 663 000c 18000000 		.4byte	.LFE1
 664 0010 00000000 		.4byte	.LFB2
 665 0014 10000000 		.4byte	.LFE2
 666 0018 00000000 		.4byte	.LFB3
 667 001c 10000000 		.4byte	.LFE3
 668 0020 00000000 		.4byte	0
 669 0024 00000000 		.4byte	0
 670              		.section	.debug_line,"",%progbits
 671              	.Ldebug_line0:
ARM GAS  C:\Users\Thomas\AppData\Local\Temp\cc49gfKA.s 			page 25


 672 0000 99000000 		.section	.debug_str,"MS",%progbits,1
 672      02004900 
 672      00000201 
 672      FB0E0D00 
 672      01010101 
 673              	.LASF16:
 674 0000 76616C75 		.ascii	"value\000"
 674      6500
 675              	.LASF23:
 676 0006 73746174 		.ascii	"staticBits\000"
 676      69634269 
 676      747300
 677              	.LASF14:
 678 0011 50325F43 		.ascii	"P2_Clock_3_Write\000"
 678      6C6F636B 
 678      5F335F57 
 678      72697465 
 678      00
 679              	.LASF9:
 680 0022 666C6F61 		.ascii	"float\000"
 680      7400
 681              	.LASF1:
 682 0028 756E7369 		.ascii	"unsigned char\000"
 682      676E6564 
 682      20636861 
 682      7200
 683              	.LASF13:
 684 0036 72656738 		.ascii	"reg8\000"
 684      00
 685              	.LASF19:
 686 003b 50325F43 		.ascii	"P2_Clock_3_ReadDataReg\000"
 686      6C6F636B 
 686      5F335F52 
 686      65616444 
 686      61746152 
 687              	.LASF5:
 688 0052 6C6F6E67 		.ascii	"long unsigned int\000"
 688      20756E73 
 688      69676E65 
 688      6420696E 
 688      7400
 689              	.LASF3:
 690 0064 73686F72 		.ascii	"short unsigned int\000"
 690      7420756E 
 690      7369676E 
 690      65642069 
 690      6E7400
 691              	.LASF18:
 692 0077 50325F43 		.ascii	"P2_Clock_3_Read\000"
 692      6C6F636B 
 692      5F335F52 
 692      65616400 
 693              	.LASF10:
 694 0087 646F7562 		.ascii	"double\000"
 694      6C6500
 695              	.LASF22:
 696 008e 433A5C55 		.ascii	"C:\\Users\\Thomas\\Documents\\PSoC Creator\\TASBot\\"
ARM GAS  C:\Users\Thomas\AppData\Local\Temp\cc49gfKA.s 			page 26


 696      73657273 
 696      5C54686F 
 696      6D61735C 
 696      446F6375 
 697 00bc 54415342 		.ascii	"TASBot.cydsn\000"
 697      6F742E63 
 697      7964736E 
 697      00
 698              	.LASF8:
 699 00c9 756E7369 		.ascii	"unsigned int\000"
 699      676E6564 
 699      20696E74 
 699      00
 700              	.LASF7:
 701 00d6 6C6F6E67 		.ascii	"long long unsigned int\000"
 701      206C6F6E 
 701      6720756E 
 701      7369676E 
 701      65642069 
 702              	.LASF17:
 703 00ed 6D6F6465 		.ascii	"mode\000"
 703      00
 704              	.LASF6:
 705 00f2 6C6F6E67 		.ascii	"long long int\000"
 705      206C6F6E 
 705      6720696E 
 705      7400
 706              	.LASF20:
 707 0100 474E5520 		.ascii	"GNU C 4.9.3 20150303 (release) [ARM/embedded-4_9-br"
 707      4320342E 
 707      392E3320 
 707      32303135 
 707      30333033 
 708 0133 616E6368 		.ascii	"anch revision 221220] -mcpu=cortex-m3 -mthumb -g -O"
 708      20726576 
 708      6973696F 
 708      6E203232 
 708      31323230 
 709 0166 33202D66 		.ascii	"3 -ffunction-sections -finline-functions -flto -ffa"
 709      66756E63 
 709      74696F6E 
 709      2D736563 
 709      74696F6E 
 710 0199 742D6C74 		.ascii	"t-lto-objects\000"
 710      6F2D6F62 
 710      6A656374 
 710      7300
 711              	.LASF11:
 712 01a7 63686172 		.ascii	"char\000"
 712      00
 713              	.LASF15:
 714 01ac 50325F43 		.ascii	"P2_Clock_3_SetDriveMode\000"
 714      6C6F636B 
 714      5F335F53 
 714      65744472 
 714      6976654D 
 715              	.LASF21:
ARM GAS  C:\Users\Thomas\AppData\Local\Temp\cc49gfKA.s 			page 27


 716 01c4 2E5C4765 		.ascii	".\\Generated_Source\\PSoC5\\P2_Clock_3.c\000"
 716      6E657261 
 716      7465645F 
 716      536F7572 
 716      63655C50 
 717              	.LASF2:
 718 01ea 73686F72 		.ascii	"short int\000"
 718      7420696E 
 718      7400
 719              	.LASF12:
 720 01f4 75696E74 		.ascii	"uint8\000"
 720      3800
 721              	.LASF4:
 722 01fa 6C6F6E67 		.ascii	"long int\000"
 722      20696E74 
 722      00
 723              	.LASF0:
 724 0203 7369676E 		.ascii	"signed char\000"
 724      65642063 
 724      68617200 
 725              		.comm	__gnu_lto_v1,1,1
 726              		.ident	"GCC: (GNU Tools for ARM Embedded Processors) 4.9.3 20150303 (release) [ARM/embedded-4_9-br
