ARM GAS  C:\Users\Thomas\AppData\Local\Temp\ccP8mJEZ.s 			page 1


   1              		.syntax unified
   2              		.cpu cortex-m3
   3              		.fpu softvfp
   4              		.eabi_attribute 20, 1
   5              		.eabi_attribute 21, 1
   6              		.eabi_attribute 23, 3
   7              		.eabi_attribute 24, 1
   8              		.eabi_attribute 25, 1
   9              		.eabi_attribute 26, 1
  10              		.eabi_attribute 30, 2
  11              		.eabi_attribute 34, 1
  12              		.eabi_attribute 18, 4
  13              		.thumb
  14              		.file	"P2_D2.c"
  15              		.text
  16              	.Ltext0:
  17              		.section	.gnu.lto_.profile.c0d6873a,"",%progbits
  18 0000 789C6366 		.ascii	"x\234cf```a\200\000F\006IQ\000\000\273\0007"
  18      60606061 
  18      80004606 
  18      49510000 
  18      BB0037
  19              		.text
  20              		.section	.gnu.lto_.jmpfuncs.c0d6873a,"",%progbits
  21 0000 789C6366 		.ascii	"x\234cf\300\016\204\2404\013\003##c=#\210`b``\006\212"
  21      C00E84A0 
  21      340B0323 
  21      23633D23 
  21      88606260 
  22 0017 00000DC0 		.ascii	"\000\000\015\300\001$"
  22      0124
  23              		.text
  24              		.section	.gnu.lto_.inline.c0d6873a,"",%progbits
  25 0000 789C6366 		.ascii	"x\234cf\300\016\022\2404\013\003\003'\007##\003#\003"
  25      C00E12A0 
  25      340B0303 
  25      27072323 
  25      032303
  26 0013 0333C701 		.ascii	"\0033\307\001;\006\266\005\362L\014,\013\344Y@\222\214"
  26      3B06B605 
  26      F24C0C2C 
  26      0BE45940 
  26      928C
  27 0025 0C1CECE8 		.ascii	"\014\034\354\350rL\027\370\301rL\014l\254\214\014Ll"
  27      724C17F8 
  27      C1724C0C 
  27      6CAC8C0C 
  27      4C6C
  28 0037 1FF420E2 		.ascii	"\037\364 \342@\300\214)\304\000\000\333l\011\322"
  28      40C08C29 
  28      C40000DB 
  28      6C09D2
  29              		.text
  30              		.section	.gnu.lto_.pureconst.c0d6873a,"",%progbits
  31 0000 789C6366 		.ascii	"x\234cf``\340d\200\000\026\006)F)&)f)\000\002\305\000"
  31      6060E064 
  31      80001606 
ARM GAS  C:\Users\Thomas\AppData\Local\Temp\ccP8mJEZ.s 			page 2


  31      29462926 
  31      29662900 
  32 0017 7F       		.ascii	"\177"
  33              		.text
  34              		.section	.gnu.lto_P2_D2_Write.c0d6873a,"",%progbits
  35 0000 789C6591 		.ascii	"x\234e\221OHTQ\024\306\317w\357{\363,]D\313Y%*V\204"
  35      4F485451 
  35      14C6CF77 
  35      EF7BF32C 
  35      5D44CB59 
  36 0018 0BA97D98 		.ascii	"\013\251}\230\320v\300\355\200\014\343[\010\221\240"
  36      D076C0ED 
  36      800CE35B 
  36      0891A0
  37 0027 635BEFAB 		.ascii	"c[\357\253a\026\201 \022\024\210\240H\224M\376\035\220"
  37      61168120 
  37      121488A0 
  37      48944DFE 
  37      1D90
  38 0039 90849748 		.ascii	"\220\204\227H\233\250A\204\002\0334a\372\007-\032\306"
  38      9BA84184 
  38      021B3461 
  38      FA072D1A 
  38      C6
  39 004a 32B31CCF 		.ascii	"2\263\034\317\271\317E\322\203\373\347\035~\337w\277"
  39      B9CF45D2 
  39      83FBE71D 
  39      7EDF77BF 
  40 005a 7BAEA6FF 		.ascii	"{\256\246\377\2778\217\363\212\3502\257\320\0045\362"
  40      BF388FF3 
  40      8AE832AF 
  40      D00435F2 
  41 006a 8628A853 		.ascii	"\206(\250S\200l\0104\2440\204\257\252\2420\022\346\037"
  41      806C0834 
  41      A43084AF 
  41      AAA23012 
  41      E61F
  42 007c D4B73E34 		.ascii	"\324\267>4\306|\037-\006\211\020\373\254\253\252\310"
  42      C67C1F2D 
  42      068910FB 
  42      ACABAAC8 
  43 008c 078FD0CA 		.ascii	"\007\217\320\312L5o\356i\335\014\342\375\374\372\353"
  43      4C356FEE 
  43      69DD0CE2 
  43      FDFCFAEB 
  44 009c 43AF65CA 		.ascii	"C\257e\312\230\333\341\263Ys\225q\34014+p)\216\013q"
  44      98DBE1B3 
  44      59739571 
  44      E031342B 
  44      70298E0B 
  45 00b1 E202611A 		.ascii	"\342\002a\032-\002/\016\257-)}\321\012'_\355\25454M"
  45      2D022F0E 
  45      AF2D297D 
  45      D10A275F 
  45      EDAC3534 
  46 00c6 B2F0C3C1 		.ascii	"\262\360\303\301R2\014&\314a\255f\345O\376\225G\037"
  46      52320C26 
ARM GAS  C:\Users\Thomas\AppData\Local\Temp\ccP8mJEZ.s 			page 3


  46      CC61AD66 
  46      E54FFE95 
  46      471F
  47 00d8 F395ECDF 		.ascii	"\363\225\354\337w\365\261,\007;\203<\232\242Lx\212\030"
  47      77F5B12C 
  47      073B833C 
  47      9AA24C78 
  47      8A18
  48 00ea 7891CADC 		.ascii	"x\221\312\334\331\320\324j\205\225\027\277qJ\361\261"
  48      D9D0D46A 
  48      859517BF 
  48      714AF1B1 
  49 00fa 8A2FCA65 		.ascii	"\212/\312e\007r\272+\205\230L\236LDe\036r\371\217\374"
  49      0772BA2B 
  49      85984C9E 
  49      4C44651E 
  49      72F98FFC 
  50 010e C3ABDEC4 		.ascii	"\303\253\336\304\352\317\273[\367=q\334S\322\211J\356"
  50      EACFBB5B 
  50      F73D71DC 
  50      53D2894A 
  50      EE
  51 011f E58AFEA2 		.ascii	"\345\212\376\242\366\225\016\247\002\343H\206\355rq"
  51      F6950EA7 
  51      02E34886 
  51      ED7271
  52 012e BDCE966C 		.ascii	"\275\316\226l\244\352\373\322\037o\034cA\226s;\230A"
  52      A4EAFBD2 
  52      1F6F1C63 
  52      4196733B 
  52      9841
  53 0140 1CB3E0C8 		.ascii	"\034\263\340\310\230\3038h\023w~\345J\210\014u\344\271"
  53      98C33868 
  53      13777EE5 
  53      4A880C75 
  53      E4B9
  54 0152 FC7CA368 		.ascii	"\374|\243h=\261\315]\231g\370-\224\275\004'eJD\245\334"
  54      3DB1CD5D 
  54      9967F82D 
  54      94BD0427 
  54      654A44A5 
  55 0167 A7CFC731 		.ascii	"\247\317\3071\334=\345\260\352\333\306\330r\203\250"
  55      DC3DE5B0 
  55      EADBC6D8 
  55      7283A8
  56 0176 944B5860 		.ascii	"\224KX`\221\265\336=\266\026\216\241\235\341\037\005"
  56      91B5DE3D 
  56      B6168EA1 
  56      9DE11F05 
  57 0186 08E49C23 		.ascii	"\010\344\234#,F\320n,B<K\211\373\352\250U\235\010\037"
  57      2C46D06E 
  57      2C423C4B 
  57      89FBEAA8 
  57      559D081F 
  58 019a 84EEC9F8 		.ascii	"\204\356\311\370\005\216\317\"\332B\020\036\270\302"
  58      058ECF22 
  58      DA42101E 
ARM GAS  C:\Users\Thomas\AppData\Local\Temp\ccP8mJEZ.s 			page 4


  58      B8C2
  59 01a8 CB1B94F9 		.ascii	"\313\033\224\371!\271S\334\267\306\266\344u\377\246"
  59      21B953DC 
  59      B7C6B6E4 
  59      75FFA6
  60 01b7 DF9FCAF8 		.ascii	"\337\237\312\370=\335]}\203\375i?\231\350\352\273v%"
  60      3DDD5D7D 
  60      83FD693F 
  60      99E8EABB 
  60      7625
  61 01c9 9968EFEE 		.ascii	"\231h\357\356loK\223{+uc\320?=\220Iez\323\035\275\231"
  61      6C6F4B93 
  61      7B2B7563 
  61      D03F3D90 
  61      49657AD3 
  62 01e0 81237EFD 		.ascii	"\201#~\375\317/"
  62      CF2F
  63              		.text
  64              		.section	.gnu.lto_P2_D2_SetDriveMode.c0d6873a,"",%progbits
  65 0000 789C7D51 		.ascii	"x\234}Q=HBQ\024>\337\275\317\237\220\"\232\304-H,\210"
  65      3D484251 
  65      143EDFBD 
  65      CF9F9022 
  65      9AC42D48 
  66 0016 82A03D28 		.ascii	"\202\240=(j\015\\\005\011}c\011RK\213\317\264\245\245"
  66      6A0D5C05 
  66      097D6309 
  66      524B8BCF 
  66      B4A5A5
  67 0029 9F299020 		.ascii	"\237)\220 \212\260\2624h\250-\211\232\204\242\026)\250"
  67      8AB0B234 
  67      68A82D89 
  67      9A84A216 
  67      29A8
  68 003b 16AD1C8A 		.ascii	"\026\255\034\212\304\250$\302\316}:\010A\227w\317=\337"
  68      C4A824C2 
  68      CE7D3A08 
  68      419777CF 
  68      3DDF
  69 004d E1FBBE77 		.ascii	"\341\373\276w\356\271\222\376.\027\357\022\210\272\371"
  69      EEB992FE 
  69      2E17EF12 
  69      88BAF9
  70 005c 842488A5 		.ascii	"\204$\210\245\013\242\250]\000*!PD \202\222(\013,eS"
  70      0BA2A85D 
  70      002A2150 
  70      44208292 
  70      280B2C65 
  71 0071 AB0ECF96 		.ascii	"\253\016\317\226a\030o\033G\316ygU\020UD\335\006Ix\230"
  71      61186F1B 
  71      47CE7967 
  71      55105544 
  71      DD064978 
  72 0086 F2542D25 		.ascii	"\362T-%[e\027\210\363\237\345\374\265po\032\306\\\366"
  72      5B651788 
  72      F39FE5FC 
  72      B5706F1A 
ARM GAS  C:\Users\Thomas\AppData\Local\Temp\ccP8mJEZ.s 			page 5


  72      C65CF6
  73 0099 246D0CA1 		.ascii	"$m\014\241\312\236\333\220\254@\257\013=.\342\002a\007"
  73      CA9EDB90 
  73      AC40AF0B 
  73      3D2EE202 
  73      6107
  74 00ab 6E452EC7 		.ascii	"nE.\307\177\362\016k\234\275\333\353\236\330\205\225"
  74      7FF20E6B 
  74      9CBDDBEB 
  74      9ED88595 
  75 00bb DBA24C47 		.ascii	"\333\242LG\326\250\325*w\313\333\375p\010\326\010\311"
  75      D6A8D52A 
  75      77CBDBFD 
  75      7008D608 
  75      C9
  76 00cc 416A2A58 		.ascii	"Aj*X\240\344V\225\332T\260\253\320\2428D\005\336\352"
  76      A0E45695 
  76      DA54B0AB 
  76      D0A23844 
  76      05DEEA
  77 00df 0645067C 		.ascii	"\006E\006|\312[\234~,<&4\345\373)\324u6\217\027g\237"
  77      CA5B9C7E 
  77      2C3C2634 
  77      E5FB29D4 
  77      75368F17 
  78 00f5 455568C5 		.ascii	"EUh\305\365\250\241\251&\036\012\227Wv\263D\012\346"
  78      F5A8A1A9 
  78      261E0A97 
  78      5776B344 
  78      0AE6
  79 0107 CA1BE762 		.ascii	"\312\033\347b\015\211h\234{\267 \005\027\366\300\363"
  79      0D89689C 
  79      7BB72005 
  79      17F6C0F3 
  80 0117 C23ED640 		.ascii	"\302>\326@\267\230\273\267\325\335$\0332\216}Y\353X"
  80      B798BBB7 
  80      D5DD241B 
  80      328E7D59 
  80      EB58
  81 0129 E312EB6F 		.ascii	"\343\022\353o^\337r\246\235,\327\032\213G\231f\213&"
  81      5EDF72A6 
  81      9D2CD71A 
  81      8B479966 
  81      8B26
  82 013b 2D7F9666 		.ascii	"-\177\226f\255\215K\254\275:|9\263\230\3326B\306\224"
  82      AD8D4BAC 
  82      BD3A7C39 
  82      B398DA36 
  82      42C694
  83 014e C4DE1B14 		.ascii	"\304\336\033\024\273\371\007[\263K\013W\031\237\256"
  83      BBF9075B 
  83      B34B0B57 
  83      199FAE
  84 015d 40E1FF7A 		.ascii	"@\341\377z?\340\336\231O\367\210f\277G\025[=_\201\237"
  84      3FE0DE99 
  84      4FF78866 
  84      BF47155B 
ARM GAS  C:\Users\Thomas\AppData\Local\Temp\ccP8mJEZ.s 			page 6


  84      3D5F819F 
  85 0171 82A7C433 		.ascii	"\202\247\3043\353\354\363\215\351SzxbZ\017\372\275\241"
  85      EBECF38D 
  85      E9537A78 
  85      625A0FFA 
  85      BDA1
  86 0183 997040F7 		.ascii	"\231p@\367\215{C\303\203\276\361\001\377\310@_\200\264"
  86      8D7B43C3 
  86      83BEF101 
  86      FFC8405F 
  86      80B4
  87 0195 C95050FF 		.ascii	"\311PP\377\005@\246\267$"
  87      0540A6B7 
  87      24
  88              		.text
  89              		.section	.gnu.lto_P2_D2_Read.c0d6873a,"",%progbits
  90 0000 789C654F 		.ascii	"x\234eO=HBQ\024>\337y\357\251`C4\205S\321 \2018\010"
  90      3D484251 
  90      143EDF79 
  90      EFA96043 
  90      348553D1 
  91 0018 2D3516B4 		.ascii	"-5\026\264J\256\202\204\2755Aj\366if\341T\015-aKD\377"
  91      4AAE8284 
  91      BD35416A 
  91      F66966E1 
  91      540D2D61 
  92 002f 35341908 		.ascii	"54\031\010\375\254\375\020\016\205\204\015\031\0244"
  92      FDACFD10 
  92      0E85840D 
  92      191434
  93 003e 24DACF83 		.ascii	"$\332\317\203\312\316\365\265u\341~\347\236s\276\363"
  93      CACEF5B5 
  93      75E17EE7 
  93      9E73BEF3 
  94 004e 7DF768F4 		.ascii	"}\367h\364\377\370\344\216\201\250O\"4\002/\\\022\245"
  94      FFF8E48E 
  94      81A84F22 
  94      34022F5C 
  94      12A5
  95 0060 3D0CA807 		.ascii	"=\014\250\007\201R\214\024\236\271\3168/\376\224\341"
  95      81528C14 
  95      9EB9CE38 
  95      2FFE94E1 
  96 0070 5FB7ACCC 		.ascii	"_\267\254\314\353R\351\316;\333m3Q\203\011\001\037\372"
  96      EB52E9CE 
  96      3BDB6D33 
  96      51830901 
  96      1FFA
  97 0082 950E36E0 		.ascii	"\225\0166\340'!\326\263\3377^W\326\262\254N\325\227"
  97      2721D6B3 
  97      DF375E57 
  97      D6B2AC4E 
  97      D597
  98 0094 C6265CE2 		.ascii	"\306&\\\342A\007]\307V\253u\370\2668?\0047\310fq\024"
  98      41075DC7 
  98      56AB75F8 
  98      B6383F04 
ARM GAS  C:\Users\Thomas\AppData\Local\Temp\ccP8mJEZ.s 			page 7


  98      37C86671 
  99 00a9 D005D850 		.ascii	"\320\005\330P\340\"\245I5\001e\377\310\254\242V\301"
  99      E022A549 
  99      350165FF 
  99      C8ACA256 
  99      C1
 100 00ba E97BBEBA 		.ascii	"\351{\276\272:\250t>X\023\013\373\241\364e<\261\315"
 100      3AA8743E 
 100      58130BFB 
 100      A1F4653C 
 100      B1CD
 101 00cc DAC95ADA 		.ascii	"\332\311Z\332\322\225\353}\355\352\332\323.\221J\227"
 101      D295EB7D 
 101      EDEADAD3 
 101      2E914A97 
 102 00dc F38D334F 		.ascii	"\363\2153O\001+\351,l\326\261\005\037\266!\277\304\016"
 102      012BE92C 
 102      6CD6B105 
 102      1FB621BF 
 102      C40E
 103 00ee 0AA00A66 		.ascii	"\012\240\012f>sMv\004\341h\026\367\233\027^%\200\036"
 103      3E734D76 
 103      04E16816 
 103      F79B175E 
 103      25801E
 104 0101 C2AE702B 		.ascii	"\302\256p+\310T\335\016E\027\226\032\252\346j\272S1"
 104      C854DD0E 
 104      4517961A 
 104      AAE66ABA 
 104      5331
 105 0113 A428432F 		.ascii	"\244(C/\345\225\243\0165d\030\204=g\350v.\340p\024\215"
 105      E595A30E 
 105      35641884 
 105      3D67E876 
 105      2EE07014 
 106 0128 AAC05FD6 		.ascii	"\252\300_\326\336\014j#\331\2577\030\0355'\315\344\370"
 106      DE0C6A23 
 106      D9AF3718 
 106      1D3527CD 
 106      E4F8
 107 013a 9439118B 		.ascii	"\2249\021\213$\246\223q3\032\216$\206\007\242\341Pl"
 107      24A69371 
 107      331A8E24 
 107      8607A2E1 
 107      506C
 108 014c 24148CD3 		.ascii	"$\024\214\323/VT\200\263"
 108      2F565480 
 108      B3
 109              		.text
 110              		.section	.gnu.lto_P2_D2_ReadDataReg.c0d6873a,"",%progbits
 111 0000 789C654F 		.ascii	"x\234eO=HBQ\024>\337y\357\251`C4\205S\321 \2058\010"
 111      3D484251 
 111      143EDF79 
 111      EFA96043 
 111      348553D1 
 112 0018 2DAD05AD 		.ascii	"-\255\005\255\222\253 aoM\220\232}\232Y4E\2538E\224"
 112      92AB2061 
ARM GAS  C:\Users\Thomas\AppData\Local\Temp\ccP8mJEZ.s 			page 8


 112      6F4D909A 
 112      7D9A5934 
 112      45AB3845 
 113 002d FD0E4D06 		.ascii	"\375\016M\006\20144UR\016\205\211-\006\005\015\211R"
 113      81343455 
 113      520E8589 
 113      2D06050D 
 113      8952
 114 003f 3D28ED1E 		.ascii	"=(\355\036_[\027\356w\3569\347;\337w\217F\377\217O\335"
 114      5F5B17EE 
 114      77EE39E7 
 114      3BDF778F 
 114      46FF8F4F 
 115 0054 39108DA9 		.ascii	"9\020\215\251\010\215\300\2337Di\017\003\362 P\212\221"
 115      088DC09B 
 115      3744690F 
 115      03F22050 
 115      8A91
 116 0066 C22BB718 		.ascii	"\302+\267\030W\245n\025\376\035\313\312\274\337U\353"
 116      57A56E15 
 116      FE1DCBCA 
 116      BCDF55EB 
 117 0076 DED5619B 		.ascii	"\336\325a\233\211\332L\010\3700.:\330\205\237\024\261"
 117      89DA4C08 
 117      F8302E3A 
 117      D8859F14 
 117      B1
 118 0087 95FDB9F7 		.ascii	"\225\375\271\367\272\262\226e\015J_5\366\340R\036t2"
 118      BAB29665 
 118      0D4A5F35 
 118      F6E0521E 
 118      7432
 119 0099 54B67ABD 		.ascii	"T\266z\275\323\312\326\372\004\273A6+G\005\272\0026"
 119      D3CAD6FA 
 119      04BB4136 
 119      2B4705BA 
 119      0236
 120 00ab 045C249A 		.ascii	"\004\\$\232\324T \366\317\314\022\265\032.>6\272\305"
 120      D45420F6 
 120      CFCC12B5 
 120      1A2E3E36 
 120      BAC5
 121 00bd 29D1F964 		.ascii	")\321\371dM,r\227\347\332\013\333\254\225\267\323\226"
 121      4D2C7297 
 121      E7DA0BDB 
 121      AC95B7D3 
 121      96
 122 00ce 2EAE4FCD 		.ascii	".\256O\315\312\255\247_\"I\333\217\365ow\001\371t\026"
 122      CAADA75F 
 122      2249DB8F 
 122      F56F7701 
 122      F97416
 123 00e1 36EB28C2 		.ascii	"6\353(\302\207}\250_\342\000\005P\015+_\271\016;\202"
 123      877DA85F 
 123      E2000550 
 123      0D2B5FB9 
 123      0E3B82
ARM GAS  C:\Users\Thomas\AppData\Local\Temp\ccP8mJEZ.s 			page 9


 124 00f4 70344BC7 		.ascii	"p4K\307\235k\257\010`\204p\250\2705d\032n\207\242+\226"
 124      9D6BAF08 
 124      608470A8 
 124      B835641A 
 124      6E87A22B 
 125 0109 0C35724D 		.ascii	"\0145rM\335\251\030\252\250\206\336\252\371\263\001"
 125      DDA918AA 
 125      A886DEAA 
 125      F9B301
 126 0118 19320CC2 		.ascii	"\0312\014\302\2213\364\260\026p8B\243\006\360\227\365"
 126      9133F4B0 
 126      16703842 
 126      A306F097 
 126      F5
 127 0129 37836CA4 		.ascii	"7\203l\244\366\033\015Fg\315E39\277d.\304\"\211\345"
 127      F61B0D46 
 127      67CD4533 
 127      39BF642E 
 127      C42289E5 
 128 013d 64DC8C86 		.ascii	"d\334\214\206#\211\351\311h8\024\233\011\005\343\364"
 128      2389E9C9 
 128      6838149B 
 128      0905E3F4 
 129 014d 0BCA2D81 		.ascii	"\013\312-\2010"
 129      30
 130              		.text
 131              		.section	.gnu.lto_.symbol_nodes.c0d6873a,"",%progbits
 132 0000 789C6366 		.ascii	"x\234cf``pb\200\002&\206z\006\206\011\347\030\030\352"
 132      60607062 
 132      80022686 
 132      7A068609 
 132      E71818EA 
 133 0014 EB19E62D 		.ascii	"\353\031\346-\340``b\254gD\3413\3253\241\360\231\353"
 133      E0606062 
 133      AC6744E1 
 133      33D533A1 
 133      F099EB
 134 0027 9991F90C 		.ascii	"\231\221\371\014\0003\356\020\336"
 134      0033EE10 
 134      DE
 135              		.text
 136              		.section	.gnu.lto_.refs.c0d6873a,"",%progbits
 137 0000 789C6366 		.ascii	"x\234cf```d\200\002\000\000=\000\005"
 137      60606064 
 137      80020000 
 137      3D0005
 138              		.text
 139              		.section	.gnu.lto_.decls.c0d6873a,"",%progbits
 140 0000 789C8D92 		.ascii	"x\234\215\222]H\024Q\024\307\357\331;\256:\256Z=h,A"
 140      5D481451 
 140      14C7EFD9 
 140      3BAE3AAE 
 140      5A3D682C 
 141 0015 1B811088 		.ascii	"\033\201\020\210\017F\340[\202\202\022\024\213\022="
 141      0F46E05B 
 141      82821214 
 141      8B123D
ARM GAS  C:\Users\Thomas\AppData\Local\Temp\ccP8mJEZ.s 			page 10


 142 0024 28C8A283 		.ascii	"(\310\242\203\371\220\3066\006>y\375\302\217\2426IZ"
 142      F990C636 
 142      063E79FD 
 142      C28FA236 
 142      495A
 143 0036 045350B3 		.ascii	"\004SP\263,m]]\327U\323\335'\027d\013bYP\0104{\260\267"
 143      2C6D5D5D 
 143      D755D3DD 
 143      2717640B 
 143      62595008 
 144 004e 352A0C8A 		.ascii	"5*\014\212\351\314\235\335f\260\025\274pf\346\314\374"
 144      E9CC9DDD 
 144      66B015BC 
 144      7066E6CC 
 144      FC
 145 005f 7FFF73EE 		.ascii	"\177\377s\356\235C\011!6 D\301UJ\011\031\302<\015\303"
 145      9D430921 
 145      362044C1 
 145      554A0919 
 145      C23C0DC3 
 146 0073 4EF42560 		.ascii	"N\364%`x1\0260\374\030\001\362\377\362\032\270\031\214"
 146      78311630 
 146      FC1801F2 
 146      FFF21AB8 
 146      198C
 147 0085 3C8C358C 		.ascii	"<\2145\214\325\304wHh\216.\325\323|\204\013\246`\027"
 147      D5C47748 
 147      688E2ED5 
 147      D37C840B 
 147      A66017
 148 0098 52B0FE04 		.ascii	"R\260\376\004\233\344*\015\3345\003\353O\301\006N\310"
 148      9BE42A0D 
 148      DC3503EB 
 148      4FC1064E 
 148      C8
 149 00a9 A6DAEB81 		.ascii	"\246\332\353\201\011\002\263\337#Y\373&\310\021mj\272"
 149      0902B3DF 
 149      2359FB26 
 149      C8116D6A 
 149      BA
 150 00ba 3C18769B 		.ascii	"<\030v\2331\265\210\202\232\306\326{{3\250\011\324\347"
 150      31B58882 
 150      9AC6D67B 
 150      7B33A809 
 150      D4E7
 151 00cc 71F76E54 		.ascii	"q\367nT,\234f\214\365\261`\020t\213\216\027+\017\323"
 151      2C9C668C 
 151      F5B16010 
 151      748B8E17 
 151      2B0FD3
 152 00df 91C91379 		.ascii	"\221\311\023y\372hs8Dy\252\250\234ik\353\351/\012bA"
 152      FA687338 
 152      4479AAA8 
 152      9C696BEB 
 152      E92F0A62 
 153 00f4 1F639D2C 		.ascii	"\037c\235,>\310\350Y\002\205V\270d%0\013\005(\203i("
 153      3EC8E859 
ARM GAS  C:\Users\Thomas\AppData\Local\Temp\ccP8mJEZ.s 			page 11


 153      028556B8 
 153      6425300B 
 153      05288369 
 154 0109 24F01AAC 		.ascii	"$\360\032\254\360\006\254d\002\013\304G\243\333\347"
 154      F006AC64 
 154      020BC447 
 154      A3DBE7
 155 0118 18136006 		.ascii	"\030\023`\006Dx\005\224+p\033j\205DQWO\310%\010&|\251"
 155      44780594 
 155      2B701B6A 
 155      85445157 
 155      4FC82508 
 156 012f 6A6A78B7 		.ascii	"jjx\267?\224\335IS\376\020\0320W\027;%\200=\017\246"
 156      3F94DD49 
 156      53FE101A 
 156      3057173B 
 156      25803D0F 
 157 0144 D0F625DA 		.ascii	"\320\366%\332\022\360@>^\337\202\240\031|T\242\243\271"
 157      12F0403E 
 157      5EDF82A0 
 157      197C54A2 
 157      A3B9
 158 0156 F432DFDA 		.ascii	"\3642\337\332\344H\244#\327\366\234\215y\342\312\267"
 158      E448A423 
 158      D7F69C8D 
 158      79E2CAB7 
 159 0166 2D0B0BB3 		.ascii	"-\013\013\263\240\242\\\345\010\314\375+O\324g\355<"
 159      A0A25CE5 
 159      08CCFD2B 
 159      4FD467ED 
 159      3C
 160 0177 BD60434C 		.ascii	"\275`CL\211\376\231\313\245\016n\341\212\305v\262\271"
 160      89FE99CB 
 160      A50E6EE1 
 160      8AC576B2 
 160      B9
 161 0188 C5D8F2B8 		.ascii	"\305\330\362\270Y3\340\374\274\201\237O\362\013\234"
 161      5933E0FC 
 161      BC819F4F 
 161      F20B9C
 162 0197 EFEFF650 		.ascii	"\357\357\366Pc\273\352N\364~}\274\337\232D\273\037|"
 162      63BBEA4E 
 162      F47E7DBC 
 162      DF9A44BB 
 162      1F7C
 163 01a9 DE8D0C2A 		.ascii	"\336\215\014*\363Z\233\375\341;\274\324\316\327=)\330"
 163      F35A9BFD 
 163      E13BBCD4 
 163      CED73D29 
 163      D8
 164 01ba CD7E2B0A 		.ascii	"\315~+\012\345zX4\024[L\026\363\363b\341\036\317\027"
 164      E57A5834 
 164      145B4C16 
 164      F3F362E1 
 164      1ECF17
 165 01cd 91B67383 		.ascii	"\221\266s\203\210\357\323b\242\331\221\311d\263*\277"
 165      88EFD362 
ARM GAS  C:\Users\Thomas\AppData\Local\Temp\ccP8mJEZ.s 			page 12


 165      A2D991C9 
 165      64B32ABF 
 166 01dd 64E09792 		.ascii	"d\340\227\222|\200\363\354\331\203\211\014\372\004\270"
 166      7C80F3EC 
 166      D983890C 
 166      FA04B8
 167 01ec 81EFE740 		.ascii	"\201\357\347@ [\304?\332u\202?\2123\020}?\020\313\324"
 167      205BC43F 
 167      DA75823F 
 167      8A33107D 
 167      3F10CBD4 
 168 0200 66E028F1 		.ascii	"f\340(\361\356\330\0318\334\253\354f\245\260\212\247"
 168      EED81938 
 168      DCABEC66 
 168      A5B08AA7 
 169 0210 B2ACCFC0 		.ascii	"\262\254\317\300\012\350C\320\377y8b\261\014\250\203"
 169      0AE843D0 
 169      FF793862 
 169      B10CA883 
 170 0220 85279819 		.ascii	"\205'\230\031\316\341b\375\010\327\300\302w\200\367"
 170      CEE162FD 
 170      08D7C0C2 
 170      7780F7
 171 022f 03130D4D 		.ascii	"\003\023\015M\205\266E\260\212V7N\360\341y\010\242S"
 171      85B645B0 
 171      8A56374E 
 171      F0E17908 
 171      A253
 172 0241 9F7AFAF1 		.ascii	"\237z\372\361NF\3359\311\216\010\377@ \2046\353h\243"
 172      4E46DD39 
 172      C98E08FF 
 172      40208436 
 172      EB68A3
 173 0254 AA83FB8A 		.ascii	"\252\203\373\212\322\256h\353q:\027\360KZkS\263\\b\256"
 173      D2AE68EB 
 173      713A17F0 
 173      4B5A6B53 
 173      B35C62AE 
 174 0268 B871D356 		.ascii	"\270q\323VF.\026\325VH\315\222\323!K\015u\325-\255\316"
 174      462E16D5 
 174      5648CD92 
 174      D3214B0D 
 174      75D52DAD 
 175 027d 7AA9D65E 		.ascii	"z\251\326^\335Rv\245\266\276Mn\273+\335+\272M\262\354"
 175      DD5276A5 
 175      B6BE4D6E 
 175      BB2BDD2B 
 175      BA4DB2EC 
 176 0291 C575E5C5 		.ascii	"\305u\345\305u\267\234M\262t\341X=\027\025\325\2233"
 176      75B79C4D 
 176      B274E158 
 176      3D1715D5 
 176      9333
 177 02a3 9ABA5A92 		.ascii	"\232\272Z\222\313\235M\367\245\353-\015\222\250\275"
 177      CB9D4DF7 
 177      A5EB2D0D 
 177      92A8BD
ARM GAS  C:\Users\Thomas\AppData\Local\Temp\ccP8mJEZ.s 			page 13


 178 02b2 AA921C0D 		.ascii	"\252\222\034\015\247\365\307r\207\354\250\222\032\005"
 178      A7F5C772 
 178      87ECA892 
 178      1A05
 179 02c0 A7D458F2 		.ascii	"\247\324X\362\027\205\003G\242"
 179      17850347 
 179      A2
 180              		.text
 181              		.section	.gnu.lto_.symtab.c0d6873a,"",%progbits
 182 0000 50325F44 		.ascii	"P2_D2_Write\000\000\000\000\000\000\000\000\000\000"
 182      325F5772 
 182      69746500 
 182      00000000 
 182      00000000 
 183 0015 0000B200 		.ascii	"\000\000\262\000\000\000P2_D2_SetDriveMode\000\000\000"
 183      00005032 
 183      5F44325F 
 183      53657444 
 183      72697665 
 184 0030 00000000 		.ascii	"\000\000\000\000\000\000\000\000\000\264\000\000\000"
 184      00000000 
 184      00B40000 
 184      00
 185 003d 50325F44 		.ascii	"P2_D2_Read\000\000\000\000\000\000\000\000\000\000\000"
 185      325F5265 
 185      61640000 
 185      00000000 
 185      00000000 
 186 0052 00B70000 		.ascii	"\000\267\000\000\000P2_D2_ReadDataReg\000\000\000\000"
 186      0050325F 
 186      44325F52 
 186      65616444 
 186      61746152 
 187 006c 00000000 		.ascii	"\000\000\000\000\000\000\000\000\271\000\000\000"
 187      00000000 
 187      B9000000 
 188              		.text
 189              		.section	.gnu.lto_.opts,"",%progbits
 190 0000 272D666E 		.ascii	"'-fno-trapv' '-mcpu=cortex-m3' '-mthumb' '-g' '-O3'"
 190      6F2D7472 
 190      61707627 
 190      20272D6D 
 190      6370753D 
 191 0033 20272D66 		.ascii	" '-ffunction-sections' '-finline-functions' '-flto'"
 191      66756E63 
 191      74696F6E 
 191      2D736563 
 191      74696F6E 
 192 0066 20272D66 		.ascii	" '-ffat-lto-objects'\000"
 192      6661742D 
 192      6C746F2D 
 192      6F626A65 
 192      63747327 
 193              		.text
 194              		.cfi_sections	.debug_frame
 195              		.section	.text.P2_D2_Write,"ax",%progbits
 196              		.align	2
ARM GAS  C:\Users\Thomas\AppData\Local\Temp\ccP8mJEZ.s 			page 14


 197              		.global	P2_D2_Write
 198              		.thumb
 199              		.thumb_func
 200              		.type	P2_D2_Write, %function
 201              	P2_D2_Write:
 202              	.LFB0:
 203              		.file 1 ".\\Generated_Source\\PSoC5\\P2_D2.c"
   1:.\Generated_Source\PSoC5/P2_D2.c **** /*******************************************************************************
   2:.\Generated_Source\PSoC5/P2_D2.c **** * File Name: P2_D2.c  
   3:.\Generated_Source\PSoC5/P2_D2.c **** * Version 2.20
   4:.\Generated_Source\PSoC5/P2_D2.c **** *
   5:.\Generated_Source\PSoC5/P2_D2.c **** * Description:
   6:.\Generated_Source\PSoC5/P2_D2.c **** *  This file contains API to enable firmware control of a Pins component.
   7:.\Generated_Source\PSoC5/P2_D2.c **** *
   8:.\Generated_Source\PSoC5/P2_D2.c **** * Note:
   9:.\Generated_Source\PSoC5/P2_D2.c **** *
  10:.\Generated_Source\PSoC5/P2_D2.c **** ********************************************************************************
  11:.\Generated_Source\PSoC5/P2_D2.c **** * Copyright 2008-2015, Cypress Semiconductor Corporation.  All rights reserved.
  12:.\Generated_Source\PSoC5/P2_D2.c **** * You may use this file only in accordance with the license, terms, conditions, 
  13:.\Generated_Source\PSoC5/P2_D2.c **** * disclaimers, and limitations in the end user license agreement accompanying 
  14:.\Generated_Source\PSoC5/P2_D2.c **** * the software package with which this file was provided.
  15:.\Generated_Source\PSoC5/P2_D2.c **** *******************************************************************************/
  16:.\Generated_Source\PSoC5/P2_D2.c **** 
  17:.\Generated_Source\PSoC5/P2_D2.c **** #include "cytypes.h"
  18:.\Generated_Source\PSoC5/P2_D2.c **** #include "P2_D2.h"
  19:.\Generated_Source\PSoC5/P2_D2.c **** 
  20:.\Generated_Source\PSoC5/P2_D2.c **** /* APIs are not generated for P15[7:6] on PSoC 5 */
  21:.\Generated_Source\PSoC5/P2_D2.c **** #if !(CY_PSOC5A &&\
  22:.\Generated_Source\PSoC5/P2_D2.c **** 	 P2_D2__PORT == 15 && ((P2_D2__MASK & 0xC0) != 0))
  23:.\Generated_Source\PSoC5/P2_D2.c **** 
  24:.\Generated_Source\PSoC5/P2_D2.c **** 
  25:.\Generated_Source\PSoC5/P2_D2.c **** /*******************************************************************************
  26:.\Generated_Source\PSoC5/P2_D2.c **** * Function Name: P2_D2_Write
  27:.\Generated_Source\PSoC5/P2_D2.c **** ****************************************************************************//**
  28:.\Generated_Source\PSoC5/P2_D2.c **** *
  29:.\Generated_Source\PSoC5/P2_D2.c **** * \brief Writes the value to the physical port (data output register), masking
  30:.\Generated_Source\PSoC5/P2_D2.c **** *  and shifting the bits appropriately. 
  31:.\Generated_Source\PSoC5/P2_D2.c **** *
  32:.\Generated_Source\PSoC5/P2_D2.c **** * The data output register controls the signal applied to the physical pin in 
  33:.\Generated_Source\PSoC5/P2_D2.c **** * conjunction with the drive mode parameter. This function avoids changing 
  34:.\Generated_Source\PSoC5/P2_D2.c **** * other bits in the port by using the appropriate method (read-modify-write or
  35:.\Generated_Source\PSoC5/P2_D2.c **** * bit banding).
  36:.\Generated_Source\PSoC5/P2_D2.c **** *
  37:.\Generated_Source\PSoC5/P2_D2.c **** * <b>Note</b> This function should not be used on a hardware digital output pin 
  38:.\Generated_Source\PSoC5/P2_D2.c **** * as it is driven by the hardware signal attached to it.
  39:.\Generated_Source\PSoC5/P2_D2.c **** *
  40:.\Generated_Source\PSoC5/P2_D2.c **** * \param value
  41:.\Generated_Source\PSoC5/P2_D2.c **** *  Value to write to the component instance.
  42:.\Generated_Source\PSoC5/P2_D2.c **** *
  43:.\Generated_Source\PSoC5/P2_D2.c **** * \return 
  44:.\Generated_Source\PSoC5/P2_D2.c **** *  None 
  45:.\Generated_Source\PSoC5/P2_D2.c **** *
  46:.\Generated_Source\PSoC5/P2_D2.c **** * \sideeffect
  47:.\Generated_Source\PSoC5/P2_D2.c **** *  If you use read-modify-write operations that are not atomic; the Interrupt 
  48:.\Generated_Source\PSoC5/P2_D2.c **** *  Service Routines (ISR) can cause corruption of this function. An ISR that 
  49:.\Generated_Source\PSoC5/P2_D2.c **** *  interrupts this function and performs writes to the Pins component data 
  50:.\Generated_Source\PSoC5/P2_D2.c **** *  register can cause corrupted port data. To avoid this issue, you should 
ARM GAS  C:\Users\Thomas\AppData\Local\Temp\ccP8mJEZ.s 			page 15


  51:.\Generated_Source\PSoC5/P2_D2.c **** *  either use the Per-Pin APIs (primary method) or disable interrupts around 
  52:.\Generated_Source\PSoC5/P2_D2.c **** *  this function.
  53:.\Generated_Source\PSoC5/P2_D2.c **** *
  54:.\Generated_Source\PSoC5/P2_D2.c **** * \funcusage
  55:.\Generated_Source\PSoC5/P2_D2.c **** *  \snippet P2_D2_SUT.c usage_P2_D2_Write
  56:.\Generated_Source\PSoC5/P2_D2.c **** *******************************************************************************/
  57:.\Generated_Source\PSoC5/P2_D2.c **** void P2_D2_Write(uint8 value)
  58:.\Generated_Source\PSoC5/P2_D2.c **** {
 204              		.loc 1 58 0
 205              		.cfi_startproc
 206              		@ args = 0, pretend = 0, frame = 0
 207              		@ frame_needed = 0, uses_anonymous_args = 0
 208              		@ link register save eliminated.
 209              	.LVL0:
  59:.\Generated_Source\PSoC5/P2_D2.c ****     uint8 staticBits = (P2_D2_DR & (uint8)(~P2_D2_MASK));
 210              		.loc 1 59 0
 211 0000 044A     		ldr	r2, .L2
  60:.\Generated_Source\PSoC5/P2_D2.c ****     P2_D2_DR = staticBits | ((uint8)(value << P2_D2_SHIFT) & P2_D2_MASK);
 212              		.loc 1 60 0
 213 0002 4001     		lsls	r0, r0, #5
 214              	.LVL1:
  59:.\Generated_Source\PSoC5/P2_D2.c ****     uint8 staticBits = (P2_D2_DR & (uint8)(~P2_D2_MASK));
 215              		.loc 1 59 0
 216 0004 1378     		ldrb	r3, [r2]	@ zero_extendqisi2
 217              	.LVL2:
 218              		.loc 1 60 0
 219 0006 00F02000 		and	r0, r0, #32
  59:.\Generated_Source\PSoC5/P2_D2.c ****     uint8 staticBits = (P2_D2_DR & (uint8)(~P2_D2_MASK));
 220              		.loc 1 59 0
 221 000a 03F0DF03 		and	r3, r3, #223
 222              	.LVL3:
 223              		.loc 1 60 0
 224 000e 1843     		orrs	r0, r0, r3
 225 0010 1070     		strb	r0, [r2]
 226 0012 7047     		bx	lr
 227              	.L3:
 228              		.align	2
 229              	.L2:
 230 0014 C0510040 		.word	1073762752
 231              		.cfi_endproc
 232              	.LFE0:
 233              		.size	P2_D2_Write, .-P2_D2_Write
 234              		.section	.text.P2_D2_SetDriveMode,"ax",%progbits
 235              		.align	2
 236              		.global	P2_D2_SetDriveMode
 237              		.thumb
 238              		.thumb_func
 239              		.type	P2_D2_SetDriveMode, %function
 240              	P2_D2_SetDriveMode:
 241              	.LFB1:
  61:.\Generated_Source\PSoC5/P2_D2.c **** }
  62:.\Generated_Source\PSoC5/P2_D2.c **** 
  63:.\Generated_Source\PSoC5/P2_D2.c **** 
  64:.\Generated_Source\PSoC5/P2_D2.c **** /*******************************************************************************
  65:.\Generated_Source\PSoC5/P2_D2.c **** * Function Name: P2_D2_SetDriveMode
  66:.\Generated_Source\PSoC5/P2_D2.c **** ****************************************************************************//**
  67:.\Generated_Source\PSoC5/P2_D2.c **** *
ARM GAS  C:\Users\Thomas\AppData\Local\Temp\ccP8mJEZ.s 			page 16


  68:.\Generated_Source\PSoC5/P2_D2.c **** * \brief Sets the drive mode for each of the Pins component's pins.
  69:.\Generated_Source\PSoC5/P2_D2.c **** * 
  70:.\Generated_Source\PSoC5/P2_D2.c **** * <b>Note</b> This affects all pins in the Pins component instance. Use the
  71:.\Generated_Source\PSoC5/P2_D2.c **** * Per-Pin APIs if you wish to control individual pin's drive modes.
  72:.\Generated_Source\PSoC5/P2_D2.c **** *
  73:.\Generated_Source\PSoC5/P2_D2.c **** * \param mode
  74:.\Generated_Source\PSoC5/P2_D2.c **** *  Mode for the selected signals. Valid options are documented in 
  75:.\Generated_Source\PSoC5/P2_D2.c **** *  \ref driveMode.
  76:.\Generated_Source\PSoC5/P2_D2.c **** *
  77:.\Generated_Source\PSoC5/P2_D2.c **** * \return
  78:.\Generated_Source\PSoC5/P2_D2.c **** *  None
  79:.\Generated_Source\PSoC5/P2_D2.c **** *
  80:.\Generated_Source\PSoC5/P2_D2.c **** * \sideeffect
  81:.\Generated_Source\PSoC5/P2_D2.c **** *  If you use read-modify-write operations that are not atomic, the ISR can
  82:.\Generated_Source\PSoC5/P2_D2.c **** *  cause corruption of this function. An ISR that interrupts this function 
  83:.\Generated_Source\PSoC5/P2_D2.c **** *  and performs writes to the Pins component Drive Mode registers can cause 
  84:.\Generated_Source\PSoC5/P2_D2.c **** *  corrupted port data. To avoid this issue, you should either use the Per-Pin
  85:.\Generated_Source\PSoC5/P2_D2.c **** *  APIs (primary method) or disable interrupts around this function.
  86:.\Generated_Source\PSoC5/P2_D2.c **** *
  87:.\Generated_Source\PSoC5/P2_D2.c **** * \funcusage
  88:.\Generated_Source\PSoC5/P2_D2.c **** *  \snippet P2_D2_SUT.c usage_P2_D2_SetDriveMode
  89:.\Generated_Source\PSoC5/P2_D2.c **** *******************************************************************************/
  90:.\Generated_Source\PSoC5/P2_D2.c **** void P2_D2_SetDriveMode(uint8 mode)
  91:.\Generated_Source\PSoC5/P2_D2.c **** {
 242              		.loc 1 91 0
 243              		.cfi_startproc
 244              		@ args = 0, pretend = 0, frame = 0
 245              		@ frame_needed = 0, uses_anonymous_args = 0
 246              		@ link register save eliminated.
 247              	.LVL4:
  92:.\Generated_Source\PSoC5/P2_D2.c **** 	CyPins_SetPinDriveMode(P2_D2_0, mode);
 248              		.loc 1 92 0
 249 0000 044A     		ldr	r2, .L5
 250 0002 00F00E00 		and	r0, r0, #14
 251              	.LVL5:
 252 0006 1378     		ldrb	r3, [r2]	@ zero_extendqisi2
 253 0008 03F0F103 		and	r3, r3, #241
 254 000c 1843     		orrs	r0, r0, r3
 255 000e 1070     		strb	r0, [r2]
 256 0010 7047     		bx	lr
 257              	.L6:
 258 0012 00BF     		.align	2
 259              	.L5:
 260 0014 65500040 		.word	1073762405
 261              		.cfi_endproc
 262              	.LFE1:
 263              		.size	P2_D2_SetDriveMode, .-P2_D2_SetDriveMode
 264              		.section	.text.P2_D2_Read,"ax",%progbits
 265              		.align	2
 266              		.global	P2_D2_Read
 267              		.thumb
 268              		.thumb_func
 269              		.type	P2_D2_Read, %function
 270              	P2_D2_Read:
 271              	.LFB2:
  93:.\Generated_Source\PSoC5/P2_D2.c **** }
  94:.\Generated_Source\PSoC5/P2_D2.c **** 
ARM GAS  C:\Users\Thomas\AppData\Local\Temp\ccP8mJEZ.s 			page 17


  95:.\Generated_Source\PSoC5/P2_D2.c **** 
  96:.\Generated_Source\PSoC5/P2_D2.c **** /*******************************************************************************
  97:.\Generated_Source\PSoC5/P2_D2.c **** * Function Name: P2_D2_Read
  98:.\Generated_Source\PSoC5/P2_D2.c **** ****************************************************************************//**
  99:.\Generated_Source\PSoC5/P2_D2.c **** *
 100:.\Generated_Source\PSoC5/P2_D2.c **** * \brief Reads the associated physical port (pin status register) and masks 
 101:.\Generated_Source\PSoC5/P2_D2.c **** *  the required bits according to the width and bit position of the component
 102:.\Generated_Source\PSoC5/P2_D2.c **** *  instance. 
 103:.\Generated_Source\PSoC5/P2_D2.c **** *
 104:.\Generated_Source\PSoC5/P2_D2.c **** * The pin's status register returns the current logic level present on the 
 105:.\Generated_Source\PSoC5/P2_D2.c **** * physical pin.
 106:.\Generated_Source\PSoC5/P2_D2.c **** *
 107:.\Generated_Source\PSoC5/P2_D2.c **** * \return 
 108:.\Generated_Source\PSoC5/P2_D2.c **** *  The current value for the pins in the component as a right justified number.
 109:.\Generated_Source\PSoC5/P2_D2.c **** *
 110:.\Generated_Source\PSoC5/P2_D2.c **** * \funcusage
 111:.\Generated_Source\PSoC5/P2_D2.c **** *  \snippet P2_D2_SUT.c usage_P2_D2_Read  
 112:.\Generated_Source\PSoC5/P2_D2.c **** *******************************************************************************/
 113:.\Generated_Source\PSoC5/P2_D2.c **** uint8 P2_D2_Read(void)
 114:.\Generated_Source\PSoC5/P2_D2.c **** {
 272              		.loc 1 114 0
 273              		.cfi_startproc
 274              		@ args = 0, pretend = 0, frame = 0
 275              		@ frame_needed = 0, uses_anonymous_args = 0
 276              		@ link register save eliminated.
 115:.\Generated_Source\PSoC5/P2_D2.c ****     return (P2_D2_PS & P2_D2_MASK) >> P2_D2_SHIFT;
 277              		.loc 1 115 0
 278 0000 024B     		ldr	r3, .L8
 279 0002 1878     		ldrb	r0, [r3]	@ zero_extendqisi2
 116:.\Generated_Source\PSoC5/P2_D2.c **** }
 280              		.loc 1 116 0
 281 0004 C0F34010 		ubfx	r0, r0, #5, #1
 282 0008 7047     		bx	lr
 283              	.L9:
 284 000a 00BF     		.align	2
 285              	.L8:
 286 000c C1510040 		.word	1073762753
 287              		.cfi_endproc
 288              	.LFE2:
 289              		.size	P2_D2_Read, .-P2_D2_Read
 290              		.section	.text.P2_D2_ReadDataReg,"ax",%progbits
 291              		.align	2
 292              		.global	P2_D2_ReadDataReg
 293              		.thumb
 294              		.thumb_func
 295              		.type	P2_D2_ReadDataReg, %function
 296              	P2_D2_ReadDataReg:
 297              	.LFB3:
 117:.\Generated_Source\PSoC5/P2_D2.c **** 
 118:.\Generated_Source\PSoC5/P2_D2.c **** 
 119:.\Generated_Source\PSoC5/P2_D2.c **** /*******************************************************************************
 120:.\Generated_Source\PSoC5/P2_D2.c **** * Function Name: P2_D2_ReadDataReg
 121:.\Generated_Source\PSoC5/P2_D2.c **** ****************************************************************************//**
 122:.\Generated_Source\PSoC5/P2_D2.c **** *
 123:.\Generated_Source\PSoC5/P2_D2.c **** * \brief Reads the associated physical port's data output register and masks 
 124:.\Generated_Source\PSoC5/P2_D2.c **** *  the correct bits according to the width and bit position of the component 
 125:.\Generated_Source\PSoC5/P2_D2.c **** *  instance. 
ARM GAS  C:\Users\Thomas\AppData\Local\Temp\ccP8mJEZ.s 			page 18


 126:.\Generated_Source\PSoC5/P2_D2.c **** *
 127:.\Generated_Source\PSoC5/P2_D2.c **** * The data output register controls the signal applied to the physical pin in 
 128:.\Generated_Source\PSoC5/P2_D2.c **** * conjunction with the drive mode parameter. This is not the same as the 
 129:.\Generated_Source\PSoC5/P2_D2.c **** * preferred P2_D2_Read() API because the 
 130:.\Generated_Source\PSoC5/P2_D2.c **** * P2_D2_ReadDataReg() reads the data register instead of the status 
 131:.\Generated_Source\PSoC5/P2_D2.c **** * register. For output pins this is a useful function to determine the value 
 132:.\Generated_Source\PSoC5/P2_D2.c **** * just written to the pin.
 133:.\Generated_Source\PSoC5/P2_D2.c **** *
 134:.\Generated_Source\PSoC5/P2_D2.c **** * \return 
 135:.\Generated_Source\PSoC5/P2_D2.c **** *  The current value of the data register masked and shifted into a right 
 136:.\Generated_Source\PSoC5/P2_D2.c **** *  justified number for the component instance.
 137:.\Generated_Source\PSoC5/P2_D2.c **** *
 138:.\Generated_Source\PSoC5/P2_D2.c **** * \funcusage
 139:.\Generated_Source\PSoC5/P2_D2.c **** *  \snippet P2_D2_SUT.c usage_P2_D2_ReadDataReg 
 140:.\Generated_Source\PSoC5/P2_D2.c **** *******************************************************************************/
 141:.\Generated_Source\PSoC5/P2_D2.c **** uint8 P2_D2_ReadDataReg(void)
 142:.\Generated_Source\PSoC5/P2_D2.c **** {
 298              		.loc 1 142 0
 299              		.cfi_startproc
 300              		@ args = 0, pretend = 0, frame = 0
 301              		@ frame_needed = 0, uses_anonymous_args = 0
 302              		@ link register save eliminated.
 143:.\Generated_Source\PSoC5/P2_D2.c ****     return (P2_D2_DR & P2_D2_MASK) >> P2_D2_SHIFT;
 303              		.loc 1 143 0
 304 0000 024B     		ldr	r3, .L11
 305 0002 1878     		ldrb	r0, [r3]	@ zero_extendqisi2
 144:.\Generated_Source\PSoC5/P2_D2.c **** }
 306              		.loc 1 144 0
 307 0004 C0F34010 		ubfx	r0, r0, #5, #1
 308 0008 7047     		bx	lr
 309              	.L12:
 310 000a 00BF     		.align	2
 311              	.L11:
 312 000c C0510040 		.word	1073762752
 313              		.cfi_endproc
 314              	.LFE3:
 315              		.size	P2_D2_ReadDataReg, .-P2_D2_ReadDataReg
 316              		.text
 317              	.Letext0:
 318              		.file 2 ".\\Generated_Source\\PSoC5\\cytypes.h"
 319              		.section	.debug_info,"",%progbits
 320              	.Ldebug_info0:
 321 0000 1D010000 		.4byte	0x11d
 322 0004 0400     		.2byte	0x4
 323 0006 00000000 		.4byte	.Ldebug_abbrev0
 324 000a 04       		.byte	0x4
 325 000b 01       		.uleb128 0x1
 326 000c 19010000 		.4byte	.LASF20
 327 0010 01       		.byte	0x1
 328 0011 7F000000 		.4byte	.LASF21
 329 0015 A7000000 		.4byte	.LASF22
 330 0019 00000000 		.4byte	.Ldebug_ranges0+0
 331 001d 00000000 		.4byte	0
 332 0021 00000000 		.4byte	.Ldebug_line0
 333 0025 02       		.uleb128 0x2
 334 0026 01       		.byte	0x1
 335 0027 06       		.byte	0x6
ARM GAS  C:\Users\Thomas\AppData\Local\Temp\ccP8mJEZ.s 			page 19


 336 0028 EA010000 		.4byte	.LASF0
 337 002c 02       		.uleb128 0x2
 338 002d 01       		.byte	0x1
 339 002e 08       		.byte	0x8
 340 002f 47000000 		.4byte	.LASF1
 341 0033 02       		.uleb128 0x2
 342 0034 02       		.byte	0x2
 343 0035 05       		.byte	0x5
 344 0036 C5010000 		.4byte	.LASF2
 345 003a 02       		.uleb128 0x2
 346 003b 02       		.byte	0x2
 347 003c 07       		.byte	0x7
 348 003d 6C000000 		.4byte	.LASF3
 349 0041 02       		.uleb128 0x2
 350 0042 04       		.byte	0x4
 351 0043 05       		.byte	0x5
 352 0044 D5010000 		.4byte	.LASF4
 353 0048 02       		.uleb128 0x2
 354 0049 04       		.byte	0x4
 355 004a 07       		.byte	0x7
 356 004b 5A000000 		.4byte	.LASF5
 357 004f 02       		.uleb128 0x2
 358 0050 08       		.byte	0x8
 359 0051 05       		.byte	0x5
 360 0052 0B010000 		.4byte	.LASF6
 361 0056 02       		.uleb128 0x2
 362 0057 08       		.byte	0x8
 363 0058 07       		.byte	0x7
 364 0059 EF000000 		.4byte	.LASF7
 365 005d 03       		.uleb128 0x3
 366 005e 04       		.byte	0x4
 367 005f 05       		.byte	0x5
 368 0060 696E7400 		.ascii	"int\000"
 369 0064 02       		.uleb128 0x2
 370 0065 04       		.byte	0x4
 371 0066 07       		.byte	0x7
 372 0067 E2000000 		.4byte	.LASF8
 373 006b 04       		.uleb128 0x4
 374 006c CF010000 		.4byte	.LASF12
 375 0070 02       		.byte	0x2
 376 0071 9201     		.2byte	0x192
 377 0073 2C000000 		.4byte	0x2c
 378 0077 02       		.uleb128 0x2
 379 0078 04       		.byte	0x4
 380 0079 04       		.byte	0x4
 381 007a 41000000 		.4byte	.LASF9
 382 007e 02       		.uleb128 0x2
 383 007f 08       		.byte	0x8
 384 0080 04       		.byte	0x4
 385 0081 A0000000 		.4byte	.LASF10
 386 0085 02       		.uleb128 0x2
 387 0086 01       		.byte	0x1
 388 0087 08       		.byte	0x8
 389 0088 C0010000 		.4byte	.LASF11
 390 008c 04       		.uleb128 0x4
 391 008d 55000000 		.4byte	.LASF13
 392 0091 02       		.byte	0x2
ARM GAS  C:\Users\Thomas\AppData\Local\Temp\ccP8mJEZ.s 			page 20


 393 0092 3C02     		.2byte	0x23c
 394 0094 98000000 		.4byte	0x98
 395 0098 05       		.uleb128 0x5
 396 0099 6B000000 		.4byte	0x6b
 397 009d 06       		.uleb128 0x6
 398 009e DE010000 		.4byte	.LASF14
 399 00a2 01       		.byte	0x1
 400 00a3 39       		.byte	0x39
 401 00a4 00000000 		.4byte	.LFB0
 402 00a8 18000000 		.4byte	.LFE0-.LFB0
 403 00ac 01       		.uleb128 0x1
 404 00ad 9C       		.byte	0x9c
 405 00ae D1000000 		.4byte	0xd1
 406 00b2 07       		.uleb128 0x7
 407 00b3 00000000 		.4byte	.LASF16
 408 00b7 01       		.byte	0x1
 409 00b8 39       		.byte	0x39
 410 00b9 6B000000 		.4byte	0x6b
 411 00bd 00000000 		.4byte	.LLST0
 412 00c1 08       		.uleb128 0x8
 413 00c2 06000000 		.4byte	.LASF23
 414 00c6 01       		.byte	0x1
 415 00c7 3B       		.byte	0x3b
 416 00c8 6B000000 		.4byte	0x6b
 417 00cc 21000000 		.4byte	.LLST1
 418 00d0 00       		.byte	0
 419 00d1 06       		.uleb128 0x6
 420 00d2 11000000 		.4byte	.LASF15
 421 00d6 01       		.byte	0x1
 422 00d7 5A       		.byte	0x5a
 423 00d8 00000000 		.4byte	.LFB1
 424 00dc 18000000 		.4byte	.LFE1-.LFB1
 425 00e0 01       		.uleb128 0x1
 426 00e1 9C       		.byte	0x9c
 427 00e2 F6000000 		.4byte	0xf6
 428 00e6 07       		.uleb128 0x7
 429 00e7 06010000 		.4byte	.LASF17
 430 00eb 01       		.byte	0x1
 431 00ec 5A       		.byte	0x5a
 432 00ed 6B000000 		.4byte	0x6b
 433 00f1 39000000 		.4byte	.LLST2
 434 00f5 00       		.byte	0
 435 00f6 09       		.uleb128 0x9
 436 00f7 36000000 		.4byte	.LASF18
 437 00fb 01       		.byte	0x1
 438 00fc 71       		.byte	0x71
 439 00fd 6B000000 		.4byte	0x6b
 440 0101 00000000 		.4byte	.LFB2
 441 0105 10000000 		.4byte	.LFE2-.LFB2
 442 0109 01       		.uleb128 0x1
 443 010a 9C       		.byte	0x9c
 444 010b 09       		.uleb128 0x9
 445 010c 24000000 		.4byte	.LASF19
 446 0110 01       		.byte	0x1
 447 0111 8D       		.byte	0x8d
 448 0112 6B000000 		.4byte	0x6b
 449 0116 00000000 		.4byte	.LFB3
ARM GAS  C:\Users\Thomas\AppData\Local\Temp\ccP8mJEZ.s 			page 21


 450 011a 10000000 		.4byte	.LFE3-.LFB3
 451 011e 01       		.uleb128 0x1
 452 011f 9C       		.byte	0x9c
 453 0120 00       		.byte	0
 454              		.section	.debug_abbrev,"",%progbits
 455              	.Ldebug_abbrev0:
 456 0000 01       		.uleb128 0x1
 457 0001 11       		.uleb128 0x11
 458 0002 01       		.byte	0x1
 459 0003 25       		.uleb128 0x25
 460 0004 0E       		.uleb128 0xe
 461 0005 13       		.uleb128 0x13
 462 0006 0B       		.uleb128 0xb
 463 0007 03       		.uleb128 0x3
 464 0008 0E       		.uleb128 0xe
 465 0009 1B       		.uleb128 0x1b
 466 000a 0E       		.uleb128 0xe
 467 000b 55       		.uleb128 0x55
 468 000c 17       		.uleb128 0x17
 469 000d 11       		.uleb128 0x11
 470 000e 01       		.uleb128 0x1
 471 000f 10       		.uleb128 0x10
 472 0010 17       		.uleb128 0x17
 473 0011 00       		.byte	0
 474 0012 00       		.byte	0
 475 0013 02       		.uleb128 0x2
 476 0014 24       		.uleb128 0x24
 477 0015 00       		.byte	0
 478 0016 0B       		.uleb128 0xb
 479 0017 0B       		.uleb128 0xb
 480 0018 3E       		.uleb128 0x3e
 481 0019 0B       		.uleb128 0xb
 482 001a 03       		.uleb128 0x3
 483 001b 0E       		.uleb128 0xe
 484 001c 00       		.byte	0
 485 001d 00       		.byte	0
 486 001e 03       		.uleb128 0x3
 487 001f 24       		.uleb128 0x24
 488 0020 00       		.byte	0
 489 0021 0B       		.uleb128 0xb
 490 0022 0B       		.uleb128 0xb
 491 0023 3E       		.uleb128 0x3e
 492 0024 0B       		.uleb128 0xb
 493 0025 03       		.uleb128 0x3
 494 0026 08       		.uleb128 0x8
 495 0027 00       		.byte	0
 496 0028 00       		.byte	0
 497 0029 04       		.uleb128 0x4
 498 002a 16       		.uleb128 0x16
 499 002b 00       		.byte	0
 500 002c 03       		.uleb128 0x3
 501 002d 0E       		.uleb128 0xe
 502 002e 3A       		.uleb128 0x3a
 503 002f 0B       		.uleb128 0xb
 504 0030 3B       		.uleb128 0x3b
 505 0031 05       		.uleb128 0x5
 506 0032 49       		.uleb128 0x49
ARM GAS  C:\Users\Thomas\AppData\Local\Temp\ccP8mJEZ.s 			page 22


 507 0033 13       		.uleb128 0x13
 508 0034 00       		.byte	0
 509 0035 00       		.byte	0
 510 0036 05       		.uleb128 0x5
 511 0037 35       		.uleb128 0x35
 512 0038 00       		.byte	0
 513 0039 49       		.uleb128 0x49
 514 003a 13       		.uleb128 0x13
 515 003b 00       		.byte	0
 516 003c 00       		.byte	0
 517 003d 06       		.uleb128 0x6
 518 003e 2E       		.uleb128 0x2e
 519 003f 01       		.byte	0x1
 520 0040 3F       		.uleb128 0x3f
 521 0041 19       		.uleb128 0x19
 522 0042 03       		.uleb128 0x3
 523 0043 0E       		.uleb128 0xe
 524 0044 3A       		.uleb128 0x3a
 525 0045 0B       		.uleb128 0xb
 526 0046 3B       		.uleb128 0x3b
 527 0047 0B       		.uleb128 0xb
 528 0048 27       		.uleb128 0x27
 529 0049 19       		.uleb128 0x19
 530 004a 11       		.uleb128 0x11
 531 004b 01       		.uleb128 0x1
 532 004c 12       		.uleb128 0x12
 533 004d 06       		.uleb128 0x6
 534 004e 40       		.uleb128 0x40
 535 004f 18       		.uleb128 0x18
 536 0050 9742     		.uleb128 0x2117
 537 0052 19       		.uleb128 0x19
 538 0053 01       		.uleb128 0x1
 539 0054 13       		.uleb128 0x13
 540 0055 00       		.byte	0
 541 0056 00       		.byte	0
 542 0057 07       		.uleb128 0x7
 543 0058 05       		.uleb128 0x5
 544 0059 00       		.byte	0
 545 005a 03       		.uleb128 0x3
 546 005b 0E       		.uleb128 0xe
 547 005c 3A       		.uleb128 0x3a
 548 005d 0B       		.uleb128 0xb
 549 005e 3B       		.uleb128 0x3b
 550 005f 0B       		.uleb128 0xb
 551 0060 49       		.uleb128 0x49
 552 0061 13       		.uleb128 0x13
 553 0062 02       		.uleb128 0x2
 554 0063 17       		.uleb128 0x17
 555 0064 00       		.byte	0
 556 0065 00       		.byte	0
 557 0066 08       		.uleb128 0x8
 558 0067 34       		.uleb128 0x34
 559 0068 00       		.byte	0
 560 0069 03       		.uleb128 0x3
 561 006a 0E       		.uleb128 0xe
 562 006b 3A       		.uleb128 0x3a
 563 006c 0B       		.uleb128 0xb
ARM GAS  C:\Users\Thomas\AppData\Local\Temp\ccP8mJEZ.s 			page 23


 564 006d 3B       		.uleb128 0x3b
 565 006e 0B       		.uleb128 0xb
 566 006f 49       		.uleb128 0x49
 567 0070 13       		.uleb128 0x13
 568 0071 02       		.uleb128 0x2
 569 0072 17       		.uleb128 0x17
 570 0073 00       		.byte	0
 571 0074 00       		.byte	0
 572 0075 09       		.uleb128 0x9
 573 0076 2E       		.uleb128 0x2e
 574 0077 00       		.byte	0
 575 0078 3F       		.uleb128 0x3f
 576 0079 19       		.uleb128 0x19
 577 007a 03       		.uleb128 0x3
 578 007b 0E       		.uleb128 0xe
 579 007c 3A       		.uleb128 0x3a
 580 007d 0B       		.uleb128 0xb
 581 007e 3B       		.uleb128 0x3b
 582 007f 0B       		.uleb128 0xb
 583 0080 27       		.uleb128 0x27
 584 0081 19       		.uleb128 0x19
 585 0082 49       		.uleb128 0x49
 586 0083 13       		.uleb128 0x13
 587 0084 11       		.uleb128 0x11
 588 0085 01       		.uleb128 0x1
 589 0086 12       		.uleb128 0x12
 590 0087 06       		.uleb128 0x6
 591 0088 40       		.uleb128 0x40
 592 0089 18       		.uleb128 0x18
 593 008a 9742     		.uleb128 0x2117
 594 008c 19       		.uleb128 0x19
 595 008d 00       		.byte	0
 596 008e 00       		.byte	0
 597 008f 00       		.byte	0
 598              		.section	.debug_loc,"",%progbits
 599              	.Ldebug_loc0:
 600              	.LLST0:
 601 0000 00000000 		.4byte	.LVL0
 602 0004 04000000 		.4byte	.LVL1
 603 0008 0100     		.2byte	0x1
 604 000a 50       		.byte	0x50
 605 000b 04000000 		.4byte	.LVL1
 606 000f 18000000 		.4byte	.LFE0
 607 0013 0400     		.2byte	0x4
 608 0015 F3       		.byte	0xf3
 609 0016 01       		.uleb128 0x1
 610 0017 50       		.byte	0x50
 611 0018 9F       		.byte	0x9f
 612 0019 00000000 		.4byte	0
 613 001d 00000000 		.4byte	0
 614              	.LLST1:
 615 0021 06000000 		.4byte	.LVL2
 616 0025 0E000000 		.4byte	.LVL3
 617 0029 0600     		.2byte	0x6
 618 002b 73       		.byte	0x73
 619 002c 00       		.sleb128 0
 620 002d 09       		.byte	0x9
ARM GAS  C:\Users\Thomas\AppData\Local\Temp\ccP8mJEZ.s 			page 24


 621 002e DF       		.byte	0xdf
 622 002f 1A       		.byte	0x1a
 623 0030 9F       		.byte	0x9f
 624 0031 00000000 		.4byte	0
 625 0035 00000000 		.4byte	0
 626              	.LLST2:
 627 0039 00000000 		.4byte	.LVL4
 628 003d 06000000 		.4byte	.LVL5
 629 0041 0100     		.2byte	0x1
 630 0043 50       		.byte	0x50
 631 0044 06000000 		.4byte	.LVL5
 632 0048 18000000 		.4byte	.LFE1
 633 004c 0400     		.2byte	0x4
 634 004e F3       		.byte	0xf3
 635 004f 01       		.uleb128 0x1
 636 0050 50       		.byte	0x50
 637 0051 9F       		.byte	0x9f
 638 0052 00000000 		.4byte	0
 639 0056 00000000 		.4byte	0
 640              		.section	.debug_aranges,"",%progbits
 641 0000 34000000 		.4byte	0x34
 642 0004 0200     		.2byte	0x2
 643 0006 00000000 		.4byte	.Ldebug_info0
 644 000a 04       		.byte	0x4
 645 000b 00       		.byte	0
 646 000c 0000     		.2byte	0
 647 000e 0000     		.2byte	0
 648 0010 00000000 		.4byte	.LFB0
 649 0014 18000000 		.4byte	.LFE0-.LFB0
 650 0018 00000000 		.4byte	.LFB1
 651 001c 18000000 		.4byte	.LFE1-.LFB1
 652 0020 00000000 		.4byte	.LFB2
 653 0024 10000000 		.4byte	.LFE2-.LFB2
 654 0028 00000000 		.4byte	.LFB3
 655 002c 10000000 		.4byte	.LFE3-.LFB3
 656 0030 00000000 		.4byte	0
 657 0034 00000000 		.4byte	0
 658              		.section	.debug_ranges,"",%progbits
 659              	.Ldebug_ranges0:
 660 0000 00000000 		.4byte	.LFB0
 661 0004 18000000 		.4byte	.LFE0
 662 0008 00000000 		.4byte	.LFB1
 663 000c 18000000 		.4byte	.LFE1
 664 0010 00000000 		.4byte	.LFB2
 665 0014 10000000 		.4byte	.LFE2
 666 0018 00000000 		.4byte	.LFB3
 667 001c 10000000 		.4byte	.LFE3
 668 0020 00000000 		.4byte	0
 669 0024 00000000 		.4byte	0
 670              		.section	.debug_line,"",%progbits
 671              	.Ldebug_line0:
 672 0000 94000000 		.section	.debug_str,"MS",%progbits,1
 672      02004400 
 672      00000201 
 672      FB0E0D00 
 672      01010101 
 673              	.LASF16:
ARM GAS  C:\Users\Thomas\AppData\Local\Temp\ccP8mJEZ.s 			page 25


 674 0000 76616C75 		.ascii	"value\000"
 674      6500
 675              	.LASF23:
 676 0006 73746174 		.ascii	"staticBits\000"
 676      69634269 
 676      747300
 677              	.LASF15:
 678 0011 50325F44 		.ascii	"P2_D2_SetDriveMode\000"
 678      325F5365 
 678      74447269 
 678      76654D6F 
 678      646500
 679              	.LASF19:
 680 0024 50325F44 		.ascii	"P2_D2_ReadDataReg\000"
 680      325F5265 
 680      61644461 
 680      74615265 
 680      6700
 681              	.LASF18:
 682 0036 50325F44 		.ascii	"P2_D2_Read\000"
 682      325F5265 
 682      616400
 683              	.LASF9:
 684 0041 666C6F61 		.ascii	"float\000"
 684      7400
 685              	.LASF1:
 686 0047 756E7369 		.ascii	"unsigned char\000"
 686      676E6564 
 686      20636861 
 686      7200
 687              	.LASF13:
 688 0055 72656738 		.ascii	"reg8\000"
 688      00
 689              	.LASF5:
 690 005a 6C6F6E67 		.ascii	"long unsigned int\000"
 690      20756E73 
 690      69676E65 
 690      6420696E 
 690      7400
 691              	.LASF3:
 692 006c 73686F72 		.ascii	"short unsigned int\000"
 692      7420756E 
 692      7369676E 
 692      65642069 
 692      6E7400
 693              	.LASF21:
 694 007f 2E5C4765 		.ascii	".\\Generated_Source\\PSoC5\\P2_D2.c\000"
 694      6E657261 
 694      7465645F 
 694      536F7572 
 694      63655C50 
 695              	.LASF10:
 696 00a0 646F7562 		.ascii	"double\000"
 696      6C6500
 697              	.LASF22:
 698 00a7 433A5C55 		.ascii	"C:\\Users\\Thomas\\Documents\\PSoC Creator\\TASBot\\"
 698      73657273 
ARM GAS  C:\Users\Thomas\AppData\Local\Temp\ccP8mJEZ.s 			page 26


 698      5C54686F 
 698      6D61735C 
 698      446F6375 
 699 00d5 54415342 		.ascii	"TASBot.cydsn\000"
 699      6F742E63 
 699      7964736E 
 699      00
 700              	.LASF8:
 701 00e2 756E7369 		.ascii	"unsigned int\000"
 701      676E6564 
 701      20696E74 
 701      00
 702              	.LASF7:
 703 00ef 6C6F6E67 		.ascii	"long long unsigned int\000"
 703      206C6F6E 
 703      6720756E 
 703      7369676E 
 703      65642069 
 704              	.LASF17:
 705 0106 6D6F6465 		.ascii	"mode\000"
 705      00
 706              	.LASF6:
 707 010b 6C6F6E67 		.ascii	"long long int\000"
 707      206C6F6E 
 707      6720696E 
 707      7400
 708              	.LASF20:
 709 0119 474E5520 		.ascii	"GNU C 4.9.3 20150303 (release) [ARM/embedded-4_9-br"
 709      4320342E 
 709      392E3320 
 709      32303135 
 709      30333033 
 710 014c 616E6368 		.ascii	"anch revision 221220] -mcpu=cortex-m3 -mthumb -g -O"
 710      20726576 
 710      6973696F 
 710      6E203232 
 710      31323230 
 711 017f 33202D66 		.ascii	"3 -ffunction-sections -finline-functions -flto -ffa"
 711      66756E63 
 711      74696F6E 
 711      2D736563 
 711      74696F6E 
 712 01b2 742D6C74 		.ascii	"t-lto-objects\000"
 712      6F2D6F62 
 712      6A656374 
 712      7300
 713              	.LASF11:
 714 01c0 63686172 		.ascii	"char\000"
 714      00
 715              	.LASF2:
 716 01c5 73686F72 		.ascii	"short int\000"
 716      7420696E 
 716      7400
 717              	.LASF12:
 718 01cf 75696E74 		.ascii	"uint8\000"
 718      3800
 719              	.LASF4:
ARM GAS  C:\Users\Thomas\AppData\Local\Temp\ccP8mJEZ.s 			page 27


 720 01d5 6C6F6E67 		.ascii	"long int\000"
 720      20696E74 
 720      00
 721              	.LASF14:
 722 01de 50325F44 		.ascii	"P2_D2_Write\000"
 722      325F5772 
 722      69746500 
 723              	.LASF0:
 724 01ea 7369676E 		.ascii	"signed char\000"
 724      65642063 
 724      68617200 
 725              		.comm	__gnu_lto_v1,1,1
 726              		.ident	"GCC: (GNU Tools for ARM Embedded Processors) 4.9.3 20150303 (release) [ARM/embedded-4_9-br
