ARM GAS  C:\Users\Thomas\AppData\Local\Temp\ccy1wZp6.s 			page 1


   1              		.syntax unified
   2              		.cpu cortex-m3
   3              		.fpu softvfp
   4              		.eabi_attribute 20, 1
   5              		.eabi_attribute 21, 1
   6              		.eabi_attribute 23, 3
   7              		.eabi_attribute 24, 1
   8              		.eabi_attribute 25, 1
   9              		.eabi_attribute 26, 1
  10              		.eabi_attribute 30, 2
  11              		.eabi_attribute 34, 1
  12              		.eabi_attribute 18, 4
  13              		.thumb
  14              		.file	"P2_Data_4.c"
  15              		.text
  16              	.Ltext0:
  17              		.section	.gnu.lto_.profile.b949cae4,"",%progbits
  18 0000 789C6366 		.ascii	"x\234cf```a\200\000F\0061!\000\000\262\0001"
  18      60606061 
  18      80004606 
  18      31210000 
  18      B20031
  19              		.text
  20              		.section	.gnu.lto_.jmpfuncs.b949cae4,"",%progbits
  21 0000 789C6366 		.ascii	"x\234cf\300\016\204\2404\013\003##c=#\210`b``\006\212"
  21      C00E84A0 
  21      340B0323 
  21      23633D23 
  21      88606260 
  22 0017 00000DC0 		.ascii	"\000\000\015\300\001$"
  22      0124
  23              		.text
  24              		.section	.gnu.lto_.inline.b949cae4,"",%progbits
  25 0000 789C6366 		.ascii	"x\234cf\300\016\022\2404\013\003\003\007;##\003#\003"
  25      C00E12A0 
  25      340B0303 
  25      073B2323 
  25      032303
  26 0013 0333C701 		.ascii	"\0033\307\001;\006\266\005\362L\014L\027\370Y@\222\214"
  26      3B06B605 
  26      F24C0C4C 
  26      17F85940 
  26      928C
  27 0025 78E49818 		.ascii	"x\344\230\030XY\030\031\230X\026\310C\304\201\200\031"
  27      58591819 
  27      985816C8 
  27      43C48180 
  27      19
  28 0036 53880100 		.ascii	"S\210\001\000\322\320\011("
  28      D2D00928 
  29              		.text
  30              		.section	.gnu.lto_.pureconst.b949cae4,"",%progbits
  31 0000 789C6366 		.ascii	"x\234cf``\340d\200\000\026\006)F)&)f)\000\002\305\000"
  31      6060E064 
  31      80001606 
  31      29462926 
  31      29662900 
ARM GAS  C:\Users\Thomas\AppData\Local\Temp\ccy1wZp6.s 			page 2


  32 0017 7F       		.ascii	"\177"
  33              		.text
  34              		.section	.gnu.lto_P2_Data_4_Write.b949cae4,"",%progbits
  35 0000 789C6591 		.ascii	"x\234e\221AHTQ\024\206\317\177\357{\343\220a\341r\266"
  35      41485451 
  35      1486CF7F 
  35      EF7BE390 
  35      61E172B6 
  36 0014 C36041CC 		.ascii	"\303`A\314B\012\\\212\005m\007\334\016\014\217\351-"
  36      420A5C8A 
  36      056D07DC 
  36      0E0C8FE9 
  36      2D
  37 0025 8448D0A7 		.ascii	"\204H\320\247[\357\323\301E \250\004E1\222Le5\2456\225"
  37      5BEFD3C1 
  37      4520A804 
  37      4531924C 
  37      6535A536 
  38 003a B4A8788A 		.ascii	"\264\250x\212\273P\231\026\012R\2460\206\356F\014M\245"
  38      BB509916 
  38      0A52A630 
  38      86EE460C 
  38      4DA5
  39 004c 19CF7D77 		.ascii	"\031\317}w\243t\341\276{\337\341\377\316\371\317\271"
  39      A374E1BE 
  39      7BDFE1FF 
  39      CEF9CFB9 
  40 005c 92FE5F31 		.ascii	"\222\376_1\3365\020\265\361\011I\020\243\313D~T\000"
  40      DE3510B5 
  40      F1094910 
  40      A3CB447E 
  40      5400
  41 006e FA42A001 		.ascii	"\372B\240\001\201\001\354\212=\201\321\240\370\250\261"
  41      8101EC8A 
  41      3D81D1A0 
  41      F8A8B1
  42 007d E5B952AA 		.ascii	"\345\271R\252:\276\342\247\002\034\011\242}a\362`\012"
  42      3ABEE2A7 
  42      021C09A2 
  42      7D61F260 
  42      0A
  43 008e 2DACD92F 		.ascii	"-\254\331/\252\007R^\001\361}\266\274TkH\024\224\032"
  43      AA07525E 
  43      01F17DB6 
  43      BC546B48 
  43      14941A
  44 00a1 0C3E4FAB 		.ascii	"\014>O\253v\226\003/!\231\300\265\030\256\306\210\003"
  44      7696032F 
  44      2199C0B5 
  44      18AEC688 
  44      03
  45 00b2 84574868 		.ascii	"\204WHhqidqN\310d\010N~\333Z\274\030\237dp\363d.\035"
  45      71696471 
  45      4EC86408 
  45      4E7EDB5A 
  45      BC189F64 
  46 00cb F84F55AD 		.ascii	"\370OU\255^\017\361\327gq\263X\277\227\373\267\326\030"
ARM GAS  C:\Users\Thomas\AppData\Local\Temp\ccy1wZp6.s 			page 3


  46      5E0FF1D7 
  46      6771B358 
  46      BF97FBB7 
  46      D618
  47 00dd C9B1B1CB 		.ascii	"\311\261\261\313(\"n<\341\015\"\334\027td\2469P\365"
  47      28226E3C 
  47      E10D22DC 
  47      177464A6 
  47      3950F5
  48 00f0 FAFB2FF3 		.ascii	"\372\373/\363\307\210\012.+\270Q\016[\320\325m\035\210"
  48      C7880A2E 
  48      2BB8510E 
  48      5BD0D56D 
  48      1D88
  49 0102 E80F5185 		.ascii	"\350\017Q\205\267\356{\233\177\370\224\353X8\270\277"
  49      B7EE7B9B 
  49      7FF894EB 
  49      5838B8BF 
  50 0112 F1B04127 		.ascii	"\361\260A';\024z\010\363??=k\332\021GBV\013\276\262"
  50      3B147A08 
  50      F33F3F3D 
  50      6BDA1147 
  50      42560BBE 
  51 0127 74F95F95 		.ascii	"t\371_\225\225r4\014\205n&\276~\374\336\224\307\023"
  51      9572340C 
  51      856E26BE 
  51      7EFCDE94 
  51      C713
  52 0139 3FC7962D 		.ascii	"?\307\226-\274E\014\323`\267\230A\036\264\216\241\277"
  52      BC450CD3 
  52      60B79841 
  52      1EB48EA1 
  52      BF
  53 014a C33F6012 		.ascii	"\303?`\022J\223sl\354\303D\230\023\374\022\230e\361"
  53      4A93736C 
  53      ECC34498 
  53      13FC1298 
  53      65F1
  54 015c 2A44E89F 		.ascii	"*D\350\237M\262\312@\277\247lC\331\207\302b\252\374"
  54      4DB2CA40 
  54      BFA76C43 
  54      D987C262 
  54      AAFC
  55 016e F8C5D025 		.ascii	"\370\305\320%MY\014\275c\210U\177\"FbT\032\\\030\017"
  55      4D590CBD 
  55      6388557F 
  55      22466254 
  55      1A5C180F 
  56 0182 6B9DF3E5 		.ascii	"k\235\363\345\007\366yg%v\306\020m\300\017N\302*z\262"
  56      07F67967 
  56      2576C610 
  56      6DC00F4E 
  56      C22A7AB2 
  57 0196 157E1E1E 		.ascii	"\025~\036\036\002\217$\221L\337v\357\271=\216\347\336"
  57      028F2491 
  57      4CDF76EF 
  57      B93D8EE7 
ARM GAS  C:\Users\Thomas\AppData\Local\Temp\ccy1wZp6.s 			page 4


  57      DE
  58 01a7 C97476F7 		.ascii	"\311tv\367\365d\335t\252\263\373\346\215t\2525s\313"
  58      F564DD74 
  58      AAB3FBE6 
  58      8D74AA35 
  58      73CB
  59 01b9 F19CCCF5 		.ascii	"\361\234\314\365d\226\354~\347n\237{\241\327s\274\256"
  59      6496EC7E 
  59      E76E9F7B 
  59      A1D773BC 
  59      AE
  60 01ca 6C4797D7 		.ascii	"lG\227\327{\012$\256\300\346"
  60      7B0A24AE 
  60      C0E6
  61              		.text
  62              		.section	.gnu.lto_P2_Data_4_SetDriveMode.b949cae4,"",%progbits
  63 0000 789C7D51 		.ascii	"x\234}QMH\002A\024~\337\314\256kH\021\235d\357RA\030"
  63      4D480241 
  63      147EDFCC 
  63      AE6B4811 
  63      9D64EF52 
  64 0016 44DD83A2 		.ascii	"D\335\203\242\256\202WA\244\366X\202\324\331\265\354"
  64      AE825741 
  64      A4F65882 
  64      D4D9B5EC 
  65 0026 D2A9BA14 		.ascii	"\322\251\272\024H\020Eh\277\012\035\272\205D\267\240"
  65      48104568 
  65      BF0A1DBA 
  65      8544B7A0 
  66 0036 A84B2464 		.ascii	"\250K$d\027\255\014\212\244\250$\302\336\270\035\204"
  66      17AD0C8A 
  66      A4A824C2 
  66      DEB81D84 
  67 0046 A061E7CD 		.ascii	"\240a\347\315\373\036\337\367\355\2337\222\376.\223"
  67      FB1EDFF7 
  67      ED9B3792 
  67      FE2E93
  68 0055 F723887A 		.ascii	"\367#\210z\370\204$\210\2053\242\204[\000*!P\\ \216"
  68      F8842488 
  68      8533A284 
  68      5B002A21 
  68      505C208E 
  69 0069 8AA80A2C 		.ascii	"\212\250\012,\344wV<\235\233\266m\277\254\037z\347\274"
  69      E477563C 
  69      9D9BB66D 
  69      BFAC1F7A 
  69      E7BC
  70 007b 3541F42A 		.ascii	"5A\364*\034\033\244\321\311\224\373Z%\335*\273@\234"
  70      1C1BA4D1 
  70      C994FB5A 
  70      25DD2ABB 
  70      409C
  71 008d 7F2F5E5D 		.ascii	"\177/^]\012\337\206m\317\344O\367\355A\324\3303\003"
  71      0ADF866D 
  71      CFE44FF7 
  71      ED41D4D8 
  71      3303
ARM GAS  C:\Users\Thomas\AppData\Local\Temp\ccy1wZp6.s 			page 5


  72 009f C90AF498 		.ascii	"\311\012\364\230\3506\211\013\204-\370\024\271\232\374"
  72      E836890B 
  72      842DF814 
  72      B99AFC
  73 00ae BEF2B892 		.ascii	"\276\362\270\222\354\335\356xb\033.n\213\262\035y\273"
  73      ECDDEE78 
  73      621B2E6E 
  73      8BB21D79 
  73      BB
  74 00bf 5E7FBD59 		.ascii	"^\177\275Y\314\364\302#X#$\007\251\251\240C\311]*5T"
  74      CCF4C223 
  74      58232407 
  74      A9A9A043 
  74      C95D2A35 
  75 00d4 70ABD0A2 		.ascii	"p\253\320\2428D%\336\352\006e\006|\312\002\216\337\347"
  75      384425DE 
  75      EA066506 
  75      7CCA028E 
  75      DFE7
  76 00e6 EF529AF2 		.ascii	"\357R\232\362\375\020\352:\251R\371\335\375 jB\373\\"
  76      FD10EA3A 
  76      A952F9DD 
  76      FD206A42 
  76      FB5C
  77 00f8 4BD89AEA 		.ascii	"K\330\232\352\342\266t~\341\224H\301\\q\371H_E*\221"
  77      E2B6747E 
  77      E19448C1 
  77      5C71F948 
  77      5F452A91 
  78 010c E4E675EC 		.ascii	"\344\346u\354\300\304.x`\330\303*\250\200\231\242\341"
  78      C0C42E78 
  78      60D8C32A 
  78      A88099A2 
  78      E1
  79 011d D8497664 		.ascii	"\330Ivd<\373\351r\260\306%\326_?\277\2346\354d\265\376"
  79      3CFBE972 
  79      B0C625D6 
  79      5F3FBF9C 
  79      36EC64B5 
  80 0132 BB7896FB 		.ascii	"\273x\226\373l\321\244\345Oo\326\032\\b\355\305\301"
  80      6CD1A4E5 
  80      4F6FD61A 
  80      5C62EDC5 
  80      C1
  81 0143 D389DED0 		.ascii	"\323\211\336\320\266\021\262\015\311\354\333/\305\335"
  81      B611B20D 
  81      C9ECDB2F 
  81      C5DD
  82 0151 F883D1EC 		.ascii	"\370\203\321\354\322\302U\306\307KP\370\277\336s\334"
  82      D2C255C6 
  82      C74B50F8 
  82      BFDE73DC 
  83 0161 3BF3A988 		.ascii	";\363\251\210D\376kD\261\325\373\225\370-xL<4\237?4"
  83      44FE6B44 
  83      B1D5FB95 
  83      F82D784C 
  83      3C349F3F 
ARM GAS  C:\Users\Thomas\AppData\Local\Temp\ccy1wZp6.s 			page 6


  84 0176 6A4D5AB1 		.ascii	"jMZ\261\310\2245\036\016F\247ccV(\020\214\016\015\204"
  84      C894351E 
  84      0E46A763 
  84      63562810 
  84      8C0E0D84 
  85 018a 027DE1E1 		.ascii	"\002}\341\341\310T$\334\357\037#m\":n\375\000\222\016"
  85      C85424DC 
  85      EF1F236D 
  85      223A6EFD 
  85      00920E
  86 019d B96B     		.ascii	"\271k"
  87              		.text
  88              		.section	.gnu.lto_P2_Data_4_Read.b949cae4,"",%progbits
  89 0000 789C6366 		.ascii	"x\234cf\300\004R@\374\007\210\325\201\230\221\231\201"
  89      C0045240 
  89      FC0788D5 
  89      81989199 
  89      81
  90 0011 9169C239 		.ascii	"\221i\3029\006\206F\016&FF\020\203\201\221\241\236\211"
  90      0686460E 
  90      26464610 
  90      838191A1 
  90      9E89
  91 0023 B19EF125 		.ascii	"\261\236\361%\323G&\3063;\377]fT_\332\320\320\364a\322"
  91      D34726C6 
  91      333BFF5D 
  91      66545FDA 
  91      D0D0F461 
  92 0038 DE3BDCAD 		.ascii	"\336;\334\255\022?\231\030\030>310\352H1j\202\314a\\"
  92      123F9918 
  92      183E3331 
  92      30EA4831 
  92      6A82CC61 
  93 004d CEA8CE00 		.ascii	"\316\250\316\000T\370\261\345\357un\266\226\206\206"
  93      54F8B1E5 
  93      EF756EB6 
  93      968686
  94 005c 0601903C 		.ascii	"\006\001\220<Pb\005#\033#\220^/t\240\341\377\377\315"
  94      50620523 
  94      1B23905E 
  94      2F74A0E1 
  94      FFFFCD
  95 006f 5F277658 		.ascii	"_'vX3\26201\374d\002\332\0102\204\341\011\220\000\331"
  95      33B23031 
  95      FC6402DA 
  95      083284E1 
  95      099000D9 
  96 0083 F7948909 		.ascii	"\367\224\211\011D3\337b<\364\255\353\336<+\220\306\357"
  96      4433DF62 
  96      3CF4ADEB 
  96      DE3C2B90 
  96      C6EF
  97 0095 4C20CB97 		.ascii	"L \313\227M^\273\210\353\005\323O gqc\003\013\310\232"
  97      4D5EBB88 
  97      EB05D34F 
  97      20677163 
  97      030BC89A 
ARM GAS  C:\Users\Thomas\AppData\Local\Temp\ccy1wZp6.s 			page 7


  98 00a9 FB4FCE5F 		.ascii	"\373O\316_\344\000\0131\200\270O_v~f\234\3138\273\261"
  98      E4000B31 
  98      80B84F5F 
  98      767E669C 
  98      CB38BBB1 
  99 00bd 85F12713 		.ascii	"\205\361'\0233\343JF)\306U\214@g1\256\006\2122\334b"
  99      33E34A46 
  99      29C6558C 
  99      406731AE 
  99      068A32DC 
 100 00d2 6CFED1A6 		.ascii	"l\376\321\246\0031\217\031b\344\305Y\313\232\371A\372"
 100      03318F19 
 100      62E4C559 
 100      CB9AF941 
 100      FA
 101 00e3 81BE645C 		.ascii	"\201\276d\\\003Tz\217\221\021\252\000\354$F\220S\200"
 101      03547A8F 
 101      9111AA00 
 101      EC244690 
 101      5380
 102 00f5 66ABEAC5 		.ascii	"f\253\352\305\270\247\346\245\026%\226\244\246\304\007"
 102      B8A7E6A5 
 102      162596A4 
 102      A6C407
 103 0104 E7971625 		.ascii	"\347\227\026%\247\306\004\004\347;\233\306\004\030\305"
 103      A7C60404 
 103      E73B9BC6 
 103      0418C5
 104 0113 BB249624 		.ascii	"\273$\226$\306\233\350%3\000\000\034\324fj"
 104      C69BE825 
 104      3300001C 
 104      D4666A
 105              		.text
 106              		.section	.gnu.lto_P2_Data_4_ReadDataReg.b949cae4,"",%progbits
 107 0000 789C6366 		.ascii	"x\234cf\300\004R@\374\007\210\325\201\230\221\231\201"
 107      C0045240 
 107      FC0788D5 
 107      81989199 
 107      81
 108 0011 9169C239 		.ascii	"\221i\3029\006\206F\016&FF\020\203\201\221\241\236\211"
 108      0686460E 
 108      26464610 
 108      838191A1 
 108      9E89
 109 0023 B19EF125 		.ascii	"\261\236\361%\323G&\3063;\377]fT_\332\320\320\364\341"
 109      D34726C6 
 109      333BFF5D 
 109      66545FDA 
 109      D0D0F4E1 
 110 0037 D2E53BDC 		.ascii	"\322\345;\334\255\022?\231\030\030>310\352H1j\202\314"
 110      AD123F99 
 110      18183E33 
 110      3130EA48 
 110      316A82CC 
 111 004b 615CCEA8 		.ascii	"a\\\316\250\316\000T\370\261\345\357un\266\226\206\206"
 111      CE0054F8 
 111      B1E5EF75 
ARM GAS  C:\Users\Thomas\AppData\Local\Temp\ccy1wZp6.s 			page 8


 111      6EB69686 
 111      86
 112 005c 0601903C 		.ascii	"\006\001\220<Pb\005#\033#\220^/t\240\341\377\377\315"
 112      50620523 
 112      1B23905E 
 112      2F74A0E1 
 112      FFFFCD
 113 006f E7277568 		.ascii	"\347'uh1\26101\374d\002\332\0102\204\341\011\220\000"
 113      31B13031 
 113      FC6402DA 
 113      083284E1 
 113      099000
 114 0082 D9F79489 		.ascii	"\331\367\224\211\011D3\337b<\364\255\353\337J+\220\306"
 114      094433DF 
 114      623CF4AD 
 114      EBDF4A2B 
 114      90C6
 115 0094 EF4C20CB 		.ascii	"\357L \313\017\336\335\261\204\357\005\323O&\246\017"
 115      0FDEDDB1 
 115      84EF05D3 
 115      4F26A60F 
 116 00a4 8B1B1B58 		.ascii	"\213\033\033X@\326\334\177r\376\"\007X\210\001\304\235"
 116      40D6DC7F 
 116      72FE2207 
 116      588801C4 
 116      9D
 117 00b5 B76FEB25 		.ascii	"\267o\353%\276\271\214\263\033[\030\177213\256d\224"
 117      BEB98CB3 
 117      1B5B187F 
 117      323133AE 
 117      6494
 118 00c7 625CC508 		.ascii	"b\\\305\010t\026\343j\306\271\214\014\267\030\233\177"
 118      7416E36A 
 118      C6B98C0C 
 118      B7189B7F 
 119 00d7 B4E940CC 		.ascii	"\264\351@\314c\206\030yq\326\262f~\220~\240/\031\327"
 119      63861879 
 119      71D6B266 
 119      7E907EA0 
 119      2F19D7
 120 00ea 0095DE63 		.ascii	"\000\225\336cd\204*\000;\211\021\344\024\240\331\252"
 120      64842A00 
 120      3B8911E4 
 120      14A0D9AA 
 121 00fa 7A31EEA9 		.ascii	"z1\356\251y\251E\211%\251)\361\301\371\245E\311\251"
 121      79A94589 
 121      25A929F1 
 121      C1F9A545 
 121      C9A9
 122 010c 3101C1F9 		.ascii	"1\001\301\371\316\2461\001F\361.\211%\211\361&z\311"
 122      CEA63101 
 122      46F12E89 
 122      2589F126 
 122      7AC9
 123 011e 0C0086E9 		.ascii	"\014\000\206\351f\321"
 123      66D1
 124              		.text
ARM GAS  C:\Users\Thomas\AppData\Local\Temp\ccy1wZp6.s 			page 9


 125              		.section	.gnu.lto_.symbol_nodes.b949cae4,"",%progbits
 126 0000 789C6366 		.ascii	"x\234cf``pb\200\002&\206z\006\206\011\347\030\030\352"
 126      60607062 
 126      80022686 
 126      7A068609 
 126      E71818EA 
 127 0014 EB19E62D 		.ascii	"\353\031\346-\340``b\254gD\3413\3253\241\360\231\353"
 127      E0606062 
 127      AC6744E1 
 127      33D533A1 
 127      F099EB
 128 0027 9991F90C 		.ascii	"\231\221\371\014\0003\356\020\336"
 128      0033EE10 
 128      DE
 129              		.text
 130              		.section	.gnu.lto_.refs.b949cae4,"",%progbits
 131 0000 789C6366 		.ascii	"x\234cf```d\200\002\000\000=\000\005"
 131      60606064 
 131      80020000 
 131      3D0005
 132              		.text
 133              		.section	.gnu.lto_.decls.b949cae4,"",%progbits
 134 0000 789C8D52 		.ascii	"x\234\215RMHTQ\024\276g\356s\034_\323\344\2461\206\240"
 134      4D485451 
 134      14BE67EE 
 134      731C5FD3 
 134      E4A63186 
 135 0015 814808C4 		.ascii	"\201H\010\304E?\340\256@\3036\305\240D\013\205a\320"
 135      453FE0AE 
 135      40C336C5 
 135      A0440B85 
 135      61D0
 136 0027 87CD4663 		.ascii	"\207\315Fc\032\003W\335t\302_r\220\242IP\007\324\374"
 136      1A0357DD 
 136      74C25F72 
 136      90A24950 
 136      07D4FC
 137 003a 29CDC69F 		.ascii	")\315\306\237q\374}\203\213\204P\204\006AW\232-l7B?"
 137      71FC7D83 
 137      8B845084 
 137      0641579A 
 137      2D6C3742 
 138 004f 9AD2EBBC 		.ascii	"\232\322\353\274;3\276\311F\352\300y\357\236{\317\367"
 138      3B33BEC9 
 138      46EAC079 
 138      EF9E7BCF 
 138      F7
 139 0060 9DEFDC7B 		.ascii	"\235\357\334{(!$\023\010Q\320nPB\0060NC\267\021\315"
 139      28212413 
 139      0851D06E 
 139      50420630 
 139      4E43B711 
 140 0075 04F400FA 		.ascii	"\004\364\000\372\030z\020=D\376\266@\022n\010\335\214"
 140      187A103D 
 140      44FEB640 
 140      126E08DD 
 140      8C
ARM GAS  C:\Users\Thomas\AppData\Local\Temp\ccy1wZp6.s 			page 10


 141 0086 3E873E13 		.ascii	">\207>\023?\207x\316QS9\365Gpr\012\354X\012l0\256\355"
 141      3F8778CE 
 141      515339F5 
 141      4770720A 
 141      EC580A6C 
 142 009d B87AC114 		.ascii	"\270z\301\024\230\320?0\251z\333\321Ah\370\353\322\211"
 142      98D03F30 
 142      A97ADBD1 
 142      4168F8EB 
 142      D289
 143 00af 6D1D9844 		.ascii	"m\035\230D\253\032N\265-\372\364\030\032EA\015W\347"
 143      AB1A4EB5 
 143      2DFAF418 
 143      1A45410D 
 143      57E7
 144 00c1 EBEB0D54 		.ascii	"\353\353\015T\007\352\272\333\267\031\021s\006\031c"
 144      07EABADB 
 144      B7191173 
 144      061963
 145 00d0 0D4C9641 		.ascii	"\015L\226A\243x\374j\272%\0351f\221\207O?\264\207)\017"
 145      A378FC6A 
 145      BA251D31 
 145      6691874F 
 145      3FB48729 
 146 00e5 1515A75B 		.ascii	"\025\025\247[[{\266GA\314n`\254\226E\333\030=C \307"
 146      5B7BB647 
 146      41CC6E60 
 146      AC9645DB 
 146      183D4320 
 147 00fa 02172D04 		.ascii	"\002\027-\004\206!\033\323`\020r\010\274\006\013\274"
 147      86211BD3 
 147      60107208 
 147      BC060BBC 
 148 010a 010BE9C1 		.ascii	"\001\013\351\301\002\321\256\310\372Y\306\004\030\002"
 148      02D1AEC8 
 148      FA59C604 
 148      1802
 149 0118 110680F2 		.ascii	"\021\006\200\362\014lC\255\020/\352}\022\366\012\202"
 149      0C6C43AD 
 149      102FEA7D 
 149      12F60A82 
 150 0128 0E37D59C 		.ascii	"\0167\325\234\022\256\366\233\262\331\253\313z\216\004"
 150      12AEF69B 
 150      B2D9ABCB 
 150      7A8E04
 151 0137 CC5BC732 		.ascii	"\314[\3072\005\260\231\241\017i\373\221\226\300\010"
 151      05B099A1 
 151      0F69FB91 
 151      96C008
 152 0146 64E1F72D 		.ascii	"d\341\367-\0101\202\345\241\266\015#\275\314[{\037\330"
 152      083182E5 
 152      A1B60D23 
 152      BDCC5B7B 
 152      1FD8
 153 0158 5B11AC9D 		.ascii	"[\021\254\235\314?\022m\356\356\244/\231\277\226\375"
 153      CC3F126D 
 153      EEEEA42F 
ARM GAS  C:\Users\Thomas\AppData\Local\Temp\ccy1wZp6.s 			page 11


 153      99BF96FD 
 154 0168 5250BE0A 		.ascii	"RP\276\012\202w\207\002\210\272\216\335h\000\254\010"
 154      82778702 
 154      88BA8EDD 
 154      6800AC08 
 155 0178 EC98F486 		.ascii	"\354\230\364\206\015\324\311I\242?\366\367\015\234\304"
 155      0DD4C949 
 155      A23FF6F7 
 155      0D9CC4
 156 0187 3FD5AD5F 		.ascii	"?\325\255_d\262\242\\\343\370\321$\374h\002?\306\361"
 156      64B2A25C 
 156      E3F8D124 
 156      FC68023F 
 156      C6F1
 157 0199 8D9E119A 		.ascii	"\215\236\021\232,X\355ES<\316\025\227\304\005\327\365"
 157      2C58ED45 
 157      533CCE15 
 157      97C405D7 
 157      F5
 158 01aa 7F5C1129 		.ascii	"\177\\\021)\003^l\341\363\317q\312\213m|\331\222d\017"
 158      035E6CE1 
 158      F3CF71CA 
 158      8B6D7CD9 
 158      92640F
 159 01bd 3B5014CA 		.ascii	";P\024\312\0210\221Tn\"Q.\310\313Mx\"\262\201\266\306"
 159      11309154 
 159      6E22512E 
 159      C8CB4D78 
 159      22B281B6 
 160 01d2 285A66BB 		.ascii	"(Zf\273\016bM\373;z\023zU\202\311$\202\311\004A\210"
 160      0E624DFB 
 160      3B7A137A 
 160      5582C924 
 160      82C90441 
 161 01e7 13B017CD 		.ascii	"\023\260\027\315=\006\332\033#\030\377\336\024:)\342"
 161      3D06DA1B 
 161      2318FFDE 
 161      143A29E2 
 162 01f7 B3D6FDC7 		.ascii	"\263\326\375\307\263\342 D\226\233V3b\203p\0241{\354"
 162      B3E22044 
 162      969B5633 
 162      62837014 
 162      317BEC
 163 020a 20EC6EDD 		.ascii	" \354n\335\364\260\3530\203\0273\245\015\3024h\223\320"
 163      F4B0EB30 
 163      831733A5 
 163      0DC23468 
 163      93D0
 164 021c F8A97DC9 		.ascii	"\370\251}\311hlR\247\013/1c\321\304\223\265[\234\003"
 164      686C52A7 
 164      0B2F3163 
 164      D1C493B5 
 164      5B9C03
 165 022f 23EF00FF 		.ascii	"#\357\000\377;:\032\356\013\257\213`\021->\034\343\335"
 165      3B3A1AEE 
 165      0BAF8B60 
 165      112D3E1C 
ARM GAS  C:\Users\Thomas\AppData\Local\Temp\ccy1wZp6.s 			page 12


 165      E3DD
 166 0241 73202353 		.ascii	"s #S\203\372\000\321ZF}\246\204\"\302\017\010\204\221"
 166      83FA00D1 
 166      5A467DA6 
 166      8422C20F 
 166      088491
 167 0254 661E69D4 		.ascii	"f\036i\324ly[Q\036)1kM\347\011\374\223V\355\254t\347"
 167      6C795B51 
 167      1E29316B 
 167      4DE709FC 
 167      9356EDAC 
 168 026a E90B6FDF 		.ascii	"\351\013o\337\261\346\223\363\271\245\205R\245\344r"
 168      B1E693F3 
 168      B9A58552 
 168      A5E472
 169 0279 B8A5727B 		.ascii	"\270\245r{qU\265\253L*\265\025W\345_--\253q\327\334"
 169      7155B5AB 
 169      4C2AB515 
 169      57E55F2D 
 169      2DAB71D7 
 170 028e 971EE4DE 		.ascii	"\227\036\344\336#\247l\227\354\005\016\267\303~\305"
 170      23A76C97 
 170      EC050EB7 
 170      C37EC5
 171 029d 7ED7E574 		.ascii	"~\327\345tK\027\216\305\034&\346\226\021\263\206*\226"
 171      4B178EC5 
 171      1C26E696 
 171      11B3862A 
 171      96
 172 02ae DC052EE7 		.ascii	"\334\005.\347C\351VU\271d\322\266\213$G\371\351?CuY"
 172      43E95655 
 172      B964D2B6 
 172      8B2447F9 
 172      E93F4375 
 173 02c3 2455082E 		.ascii	"$U\010.\251\"\3577\374\301O+"
 173      A922EF37 
 173      FCC14F2B 
 174              		.text
 175              		.section	.gnu.lto_.symtab.b949cae4,"",%progbits
 176 0000 50325F44 		.ascii	"P2_Data_4_Write\000\000\000\000\000\000\000\000\000"
 176      6174615F 
 176      345F5772 
 176      69746500 
 176      00000000 
 177 0018 000000B2 		.ascii	"\000\000\000\262\000\000\000P2_Data_4_SetDriveMode\000"
 177      00000050 
 177      325F4461 
 177      74615F34 
 177      5F536574 
 178 0036 00000000 		.ascii	"\000\000\000\000\000\000\000\000\000\000\000\264\000"
 178      00000000 
 178      000000B4 
 178      00
 179 0043 00005032 		.ascii	"\000\000P2_Data_4_Read\000\000\000\000\000\000\000\000"
 179      5F446174 
 179      615F345F 
 179      52656164 
ARM GAS  C:\Users\Thomas\AppData\Local\Temp\ccy1wZp6.s 			page 13


 179      00000000 
 180 005b 00000000 		.ascii	"\000\000\000\000\267\000\000\000P2_Data_4_ReadDataR"
 180      B7000000 
 180      50325F44 
 180      6174615F 
 180      345F5265 
 181 0076 65670000 		.ascii	"eg\000\000\000\000\000\000\000\000\000\000\000\000\271"
 181      00000000 
 181      00000000 
 181      0000B9
 182 0085 000000   		.ascii	"\000\000\000"
 183              		.text
 184              		.section	.gnu.lto_.opts,"",%progbits
 185 0000 272D666E 		.ascii	"'-fno-trapv' '-mcpu=cortex-m3' '-mthumb' '-g' '-O3'"
 185      6F2D7472 
 185      61707627 
 185      20272D6D 
 185      6370753D 
 186 0033 20272D66 		.ascii	" '-ffunction-sections' '-finline-functions' '-flto'"
 186      66756E63 
 186      74696F6E 
 186      2D736563 
 186      74696F6E 
 187 0066 20272D66 		.ascii	" '-ffat-lto-objects'\000"
 187      6661742D 
 187      6C746F2D 
 187      6F626A65 
 187      63747327 
 188              		.text
 189              		.cfi_sections	.debug_frame
 190              		.section	.text.P2_Data_4_Write,"ax",%progbits
 191              		.align	2
 192              		.global	P2_Data_4_Write
 193              		.thumb
 194              		.thumb_func
 195              		.type	P2_Data_4_Write, %function
 196              	P2_Data_4_Write:
 197              	.LFB0:
 198              		.file 1 ".\\Generated_Source\\PSoC5\\P2_Data_4.c"
   1:.\Generated_Source\PSoC5/P2_Data_4.c **** /*******************************************************************************
   2:.\Generated_Source\PSoC5/P2_Data_4.c **** * File Name: P2_Data_4.c  
   3:.\Generated_Source\PSoC5/P2_Data_4.c **** * Version 2.20
   4:.\Generated_Source\PSoC5/P2_Data_4.c **** *
   5:.\Generated_Source\PSoC5/P2_Data_4.c **** * Description:
   6:.\Generated_Source\PSoC5/P2_Data_4.c **** *  This file contains API to enable firmware control of a Pins component.
   7:.\Generated_Source\PSoC5/P2_Data_4.c **** *
   8:.\Generated_Source\PSoC5/P2_Data_4.c **** * Note:
   9:.\Generated_Source\PSoC5/P2_Data_4.c **** *
  10:.\Generated_Source\PSoC5/P2_Data_4.c **** ********************************************************************************
  11:.\Generated_Source\PSoC5/P2_Data_4.c **** * Copyright 2008-2015, Cypress Semiconductor Corporation.  All rights reserved.
  12:.\Generated_Source\PSoC5/P2_Data_4.c **** * You may use this file only in accordance with the license, terms, conditions, 
  13:.\Generated_Source\PSoC5/P2_Data_4.c **** * disclaimers, and limitations in the end user license agreement accompanying 
  14:.\Generated_Source\PSoC5/P2_Data_4.c **** * the software package with which this file was provided.
  15:.\Generated_Source\PSoC5/P2_Data_4.c **** *******************************************************************************/
  16:.\Generated_Source\PSoC5/P2_Data_4.c **** 
  17:.\Generated_Source\PSoC5/P2_Data_4.c **** #include "cytypes.h"
  18:.\Generated_Source\PSoC5/P2_Data_4.c **** #include "P2_Data_4.h"
ARM GAS  C:\Users\Thomas\AppData\Local\Temp\ccy1wZp6.s 			page 14


  19:.\Generated_Source\PSoC5/P2_Data_4.c **** 
  20:.\Generated_Source\PSoC5/P2_Data_4.c **** /* APIs are not generated for P15[7:6] on PSoC 5 */
  21:.\Generated_Source\PSoC5/P2_Data_4.c **** #if !(CY_PSOC5A &&\
  22:.\Generated_Source\PSoC5/P2_Data_4.c **** 	 P2_Data_4__PORT == 15 && ((P2_Data_4__MASK & 0xC0) != 0))
  23:.\Generated_Source\PSoC5/P2_Data_4.c **** 
  24:.\Generated_Source\PSoC5/P2_Data_4.c **** 
  25:.\Generated_Source\PSoC5/P2_Data_4.c **** /*******************************************************************************
  26:.\Generated_Source\PSoC5/P2_Data_4.c **** * Function Name: P2_Data_4_Write
  27:.\Generated_Source\PSoC5/P2_Data_4.c **** ****************************************************************************//**
  28:.\Generated_Source\PSoC5/P2_Data_4.c **** *
  29:.\Generated_Source\PSoC5/P2_Data_4.c **** * \brief Writes the value to the physical port (data output register), masking
  30:.\Generated_Source\PSoC5/P2_Data_4.c **** *  and shifting the bits appropriately. 
  31:.\Generated_Source\PSoC5/P2_Data_4.c **** *
  32:.\Generated_Source\PSoC5/P2_Data_4.c **** * The data output register controls the signal applied to the physical pin in 
  33:.\Generated_Source\PSoC5/P2_Data_4.c **** * conjunction with the drive mode parameter. This function avoids changing 
  34:.\Generated_Source\PSoC5/P2_Data_4.c **** * other bits in the port by using the appropriate method (read-modify-write or
  35:.\Generated_Source\PSoC5/P2_Data_4.c **** * bit banding).
  36:.\Generated_Source\PSoC5/P2_Data_4.c **** *
  37:.\Generated_Source\PSoC5/P2_Data_4.c **** * <b>Note</b> This function should not be used on a hardware digital output pin 
  38:.\Generated_Source\PSoC5/P2_Data_4.c **** * as it is driven by the hardware signal attached to it.
  39:.\Generated_Source\PSoC5/P2_Data_4.c **** *
  40:.\Generated_Source\PSoC5/P2_Data_4.c **** * \param value
  41:.\Generated_Source\PSoC5/P2_Data_4.c **** *  Value to write to the component instance.
  42:.\Generated_Source\PSoC5/P2_Data_4.c **** *
  43:.\Generated_Source\PSoC5/P2_Data_4.c **** * \return 
  44:.\Generated_Source\PSoC5/P2_Data_4.c **** *  None 
  45:.\Generated_Source\PSoC5/P2_Data_4.c **** *
  46:.\Generated_Source\PSoC5/P2_Data_4.c **** * \sideeffect
  47:.\Generated_Source\PSoC5/P2_Data_4.c **** *  If you use read-modify-write operations that are not atomic; the Interrupt 
  48:.\Generated_Source\PSoC5/P2_Data_4.c **** *  Service Routines (ISR) can cause corruption of this function. An ISR that 
  49:.\Generated_Source\PSoC5/P2_Data_4.c **** *  interrupts this function and performs writes to the Pins component data 
  50:.\Generated_Source\PSoC5/P2_Data_4.c **** *  register can cause corrupted port data. To avoid this issue, you should 
  51:.\Generated_Source\PSoC5/P2_Data_4.c **** *  either use the Per-Pin APIs (primary method) or disable interrupts around 
  52:.\Generated_Source\PSoC5/P2_Data_4.c **** *  this function.
  53:.\Generated_Source\PSoC5/P2_Data_4.c **** *
  54:.\Generated_Source\PSoC5/P2_Data_4.c **** * \funcusage
  55:.\Generated_Source\PSoC5/P2_Data_4.c **** *  \snippet P2_Data_4_SUT.c usage_P2_Data_4_Write
  56:.\Generated_Source\PSoC5/P2_Data_4.c **** *******************************************************************************/
  57:.\Generated_Source\PSoC5/P2_Data_4.c **** void P2_Data_4_Write(uint8 value)
  58:.\Generated_Source\PSoC5/P2_Data_4.c **** {
 199              		.loc 1 58 0
 200              		.cfi_startproc
 201              		@ args = 0, pretend = 0, frame = 0
 202              		@ frame_needed = 0, uses_anonymous_args = 0
 203              		@ link register save eliminated.
 204              	.LVL0:
  59:.\Generated_Source\PSoC5/P2_Data_4.c ****     uint8 staticBits = (P2_Data_4_DR & (uint8)(~P2_Data_4_MASK));
 205              		.loc 1 59 0
 206 0000 044A     		ldr	r2, .L2
  60:.\Generated_Source\PSoC5/P2_Data_4.c ****     P2_Data_4_DR = staticBits | ((uint8)(value << P2_Data_4_SHIFT) & P2_Data_4_MASK);
 207              		.loc 1 60 0
 208 0002 00F00100 		and	r0, r0, #1
 209              	.LVL1:
  59:.\Generated_Source\PSoC5/P2_Data_4.c ****     uint8 staticBits = (P2_Data_4_DR & (uint8)(~P2_Data_4_MASK));
 210              		.loc 1 59 0
 211 0006 1378     		ldrb	r3, [r2]	@ zero_extendqisi2
 212              	.LVL2:
ARM GAS  C:\Users\Thomas\AppData\Local\Temp\ccy1wZp6.s 			page 15


 213 0008 03F0FE03 		and	r3, r3, #254
 214              	.LVL3:
 215              		.loc 1 60 0
 216 000c 1843     		orrs	r0, r0, r3
 217 000e 1070     		strb	r0, [r2]
 218 0010 7047     		bx	lr
 219              	.L3:
 220 0012 00BF     		.align	2
 221              	.L2:
 222 0014 F0510040 		.word	1073762800
 223              		.cfi_endproc
 224              	.LFE0:
 225              		.size	P2_Data_4_Write, .-P2_Data_4_Write
 226              		.section	.text.P2_Data_4_SetDriveMode,"ax",%progbits
 227              		.align	2
 228              		.global	P2_Data_4_SetDriveMode
 229              		.thumb
 230              		.thumb_func
 231              		.type	P2_Data_4_SetDriveMode, %function
 232              	P2_Data_4_SetDriveMode:
 233              	.LFB1:
  61:.\Generated_Source\PSoC5/P2_Data_4.c **** }
  62:.\Generated_Source\PSoC5/P2_Data_4.c **** 
  63:.\Generated_Source\PSoC5/P2_Data_4.c **** 
  64:.\Generated_Source\PSoC5/P2_Data_4.c **** /*******************************************************************************
  65:.\Generated_Source\PSoC5/P2_Data_4.c **** * Function Name: P2_Data_4_SetDriveMode
  66:.\Generated_Source\PSoC5/P2_Data_4.c **** ****************************************************************************//**
  67:.\Generated_Source\PSoC5/P2_Data_4.c **** *
  68:.\Generated_Source\PSoC5/P2_Data_4.c **** * \brief Sets the drive mode for each of the Pins component's pins.
  69:.\Generated_Source\PSoC5/P2_Data_4.c **** * 
  70:.\Generated_Source\PSoC5/P2_Data_4.c **** * <b>Note</b> This affects all pins in the Pins component instance. Use the
  71:.\Generated_Source\PSoC5/P2_Data_4.c **** * Per-Pin APIs if you wish to control individual pin's drive modes.
  72:.\Generated_Source\PSoC5/P2_Data_4.c **** *
  73:.\Generated_Source\PSoC5/P2_Data_4.c **** * \param mode
  74:.\Generated_Source\PSoC5/P2_Data_4.c **** *  Mode for the selected signals. Valid options are documented in 
  75:.\Generated_Source\PSoC5/P2_Data_4.c **** *  \ref driveMode.
  76:.\Generated_Source\PSoC5/P2_Data_4.c **** *
  77:.\Generated_Source\PSoC5/P2_Data_4.c **** * \return
  78:.\Generated_Source\PSoC5/P2_Data_4.c **** *  None
  79:.\Generated_Source\PSoC5/P2_Data_4.c **** *
  80:.\Generated_Source\PSoC5/P2_Data_4.c **** * \sideeffect
  81:.\Generated_Source\PSoC5/P2_Data_4.c **** *  If you use read-modify-write operations that are not atomic, the ISR can
  82:.\Generated_Source\PSoC5/P2_Data_4.c **** *  cause corruption of this function. An ISR that interrupts this function 
  83:.\Generated_Source\PSoC5/P2_Data_4.c **** *  and performs writes to the Pins component Drive Mode registers can cause 
  84:.\Generated_Source\PSoC5/P2_Data_4.c **** *  corrupted port data. To avoid this issue, you should either use the Per-Pin
  85:.\Generated_Source\PSoC5/P2_Data_4.c **** *  APIs (primary method) or disable interrupts around this function.
  86:.\Generated_Source\PSoC5/P2_Data_4.c **** *
  87:.\Generated_Source\PSoC5/P2_Data_4.c **** * \funcusage
  88:.\Generated_Source\PSoC5/P2_Data_4.c **** *  \snippet P2_Data_4_SUT.c usage_P2_Data_4_SetDriveMode
  89:.\Generated_Source\PSoC5/P2_Data_4.c **** *******************************************************************************/
  90:.\Generated_Source\PSoC5/P2_Data_4.c **** void P2_Data_4_SetDriveMode(uint8 mode)
  91:.\Generated_Source\PSoC5/P2_Data_4.c **** {
 234              		.loc 1 91 0
 235              		.cfi_startproc
 236              		@ args = 0, pretend = 0, frame = 0
 237              		@ frame_needed = 0, uses_anonymous_args = 0
 238              		@ link register save eliminated.
ARM GAS  C:\Users\Thomas\AppData\Local\Temp\ccy1wZp6.s 			page 16


 239              	.LVL4:
  92:.\Generated_Source\PSoC5/P2_Data_4.c **** 	CyPins_SetPinDriveMode(P2_Data_4_0, mode);
 240              		.loc 1 92 0
 241 0000 044A     		ldr	r2, .L5
 242 0002 00F00E00 		and	r0, r0, #14
 243              	.LVL5:
 244 0006 1378     		ldrb	r3, [r2]	@ zero_extendqisi2
 245 0008 03F0F103 		and	r3, r3, #241
 246 000c 1843     		orrs	r0, r0, r3
 247 000e 1070     		strb	r0, [r2]
 248 0010 7047     		bx	lr
 249              	.L6:
 250 0012 00BF     		.align	2
 251              	.L5:
 252 0014 78500040 		.word	1073762424
 253              		.cfi_endproc
 254              	.LFE1:
 255              		.size	P2_Data_4_SetDriveMode, .-P2_Data_4_SetDriveMode
 256              		.section	.text.P2_Data_4_Read,"ax",%progbits
 257              		.align	2
 258              		.global	P2_Data_4_Read
 259              		.thumb
 260              		.thumb_func
 261              		.type	P2_Data_4_Read, %function
 262              	P2_Data_4_Read:
 263              	.LFB2:
  93:.\Generated_Source\PSoC5/P2_Data_4.c **** }
  94:.\Generated_Source\PSoC5/P2_Data_4.c **** 
  95:.\Generated_Source\PSoC5/P2_Data_4.c **** 
  96:.\Generated_Source\PSoC5/P2_Data_4.c **** /*******************************************************************************
  97:.\Generated_Source\PSoC5/P2_Data_4.c **** * Function Name: P2_Data_4_Read
  98:.\Generated_Source\PSoC5/P2_Data_4.c **** ****************************************************************************//**
  99:.\Generated_Source\PSoC5/P2_Data_4.c **** *
 100:.\Generated_Source\PSoC5/P2_Data_4.c **** * \brief Reads the associated physical port (pin status register) and masks 
 101:.\Generated_Source\PSoC5/P2_Data_4.c **** *  the required bits according to the width and bit position of the component
 102:.\Generated_Source\PSoC5/P2_Data_4.c **** *  instance. 
 103:.\Generated_Source\PSoC5/P2_Data_4.c **** *
 104:.\Generated_Source\PSoC5/P2_Data_4.c **** * The pin's status register returns the current logic level present on the 
 105:.\Generated_Source\PSoC5/P2_Data_4.c **** * physical pin.
 106:.\Generated_Source\PSoC5/P2_Data_4.c **** *
 107:.\Generated_Source\PSoC5/P2_Data_4.c **** * \return 
 108:.\Generated_Source\PSoC5/P2_Data_4.c **** *  The current value for the pins in the component as a right justified number.
 109:.\Generated_Source\PSoC5/P2_Data_4.c **** *
 110:.\Generated_Source\PSoC5/P2_Data_4.c **** * \funcusage
 111:.\Generated_Source\PSoC5/P2_Data_4.c **** *  \snippet P2_Data_4_SUT.c usage_P2_Data_4_Read  
 112:.\Generated_Source\PSoC5/P2_Data_4.c **** *******************************************************************************/
 113:.\Generated_Source\PSoC5/P2_Data_4.c **** uint8 P2_Data_4_Read(void)
 114:.\Generated_Source\PSoC5/P2_Data_4.c **** {
 264              		.loc 1 114 0
 265              		.cfi_startproc
 266              		@ args = 0, pretend = 0, frame = 0
 267              		@ frame_needed = 0, uses_anonymous_args = 0
 268              		@ link register save eliminated.
 115:.\Generated_Source\PSoC5/P2_Data_4.c ****     return (P2_Data_4_PS & P2_Data_4_MASK) >> P2_Data_4_SHIFT;
 269              		.loc 1 115 0
 270 0000 024B     		ldr	r3, .L8
 271 0002 1878     		ldrb	r0, [r3]	@ zero_extendqisi2
ARM GAS  C:\Users\Thomas\AppData\Local\Temp\ccy1wZp6.s 			page 17


 116:.\Generated_Source\PSoC5/P2_Data_4.c **** }
 272              		.loc 1 116 0
 273 0004 00F00100 		and	r0, r0, #1
 274 0008 7047     		bx	lr
 275              	.L9:
 276 000a 00BF     		.align	2
 277              	.L8:
 278 000c F1510040 		.word	1073762801
 279              		.cfi_endproc
 280              	.LFE2:
 281              		.size	P2_Data_4_Read, .-P2_Data_4_Read
 282              		.section	.text.P2_Data_4_ReadDataReg,"ax",%progbits
 283              		.align	2
 284              		.global	P2_Data_4_ReadDataReg
 285              		.thumb
 286              		.thumb_func
 287              		.type	P2_Data_4_ReadDataReg, %function
 288              	P2_Data_4_ReadDataReg:
 289              	.LFB3:
 117:.\Generated_Source\PSoC5/P2_Data_4.c **** 
 118:.\Generated_Source\PSoC5/P2_Data_4.c **** 
 119:.\Generated_Source\PSoC5/P2_Data_4.c **** /*******************************************************************************
 120:.\Generated_Source\PSoC5/P2_Data_4.c **** * Function Name: P2_Data_4_ReadDataReg
 121:.\Generated_Source\PSoC5/P2_Data_4.c **** ****************************************************************************//**
 122:.\Generated_Source\PSoC5/P2_Data_4.c **** *
 123:.\Generated_Source\PSoC5/P2_Data_4.c **** * \brief Reads the associated physical port's data output register and masks 
 124:.\Generated_Source\PSoC5/P2_Data_4.c **** *  the correct bits according to the width and bit position of the component 
 125:.\Generated_Source\PSoC5/P2_Data_4.c **** *  instance. 
 126:.\Generated_Source\PSoC5/P2_Data_4.c **** *
 127:.\Generated_Source\PSoC5/P2_Data_4.c **** * The data output register controls the signal applied to the physical pin in 
 128:.\Generated_Source\PSoC5/P2_Data_4.c **** * conjunction with the drive mode parameter. This is not the same as the 
 129:.\Generated_Source\PSoC5/P2_Data_4.c **** * preferred P2_Data_4_Read() API because the 
 130:.\Generated_Source\PSoC5/P2_Data_4.c **** * P2_Data_4_ReadDataReg() reads the data register instead of the status 
 131:.\Generated_Source\PSoC5/P2_Data_4.c **** * register. For output pins this is a useful function to determine the value 
 132:.\Generated_Source\PSoC5/P2_Data_4.c **** * just written to the pin.
 133:.\Generated_Source\PSoC5/P2_Data_4.c **** *
 134:.\Generated_Source\PSoC5/P2_Data_4.c **** * \return 
 135:.\Generated_Source\PSoC5/P2_Data_4.c **** *  The current value of the data register masked and shifted into a right 
 136:.\Generated_Source\PSoC5/P2_Data_4.c **** *  justified number for the component instance.
 137:.\Generated_Source\PSoC5/P2_Data_4.c **** *
 138:.\Generated_Source\PSoC5/P2_Data_4.c **** * \funcusage
 139:.\Generated_Source\PSoC5/P2_Data_4.c **** *  \snippet P2_Data_4_SUT.c usage_P2_Data_4_ReadDataReg 
 140:.\Generated_Source\PSoC5/P2_Data_4.c **** *******************************************************************************/
 141:.\Generated_Source\PSoC5/P2_Data_4.c **** uint8 P2_Data_4_ReadDataReg(void)
 142:.\Generated_Source\PSoC5/P2_Data_4.c **** {
 290              		.loc 1 142 0
 291              		.cfi_startproc
 292              		@ args = 0, pretend = 0, frame = 0
 293              		@ frame_needed = 0, uses_anonymous_args = 0
 294              		@ link register save eliminated.
 143:.\Generated_Source\PSoC5/P2_Data_4.c ****     return (P2_Data_4_DR & P2_Data_4_MASK) >> P2_Data_4_SHIFT;
 295              		.loc 1 143 0
 296 0000 024B     		ldr	r3, .L11
 297 0002 1878     		ldrb	r0, [r3]	@ zero_extendqisi2
 144:.\Generated_Source\PSoC5/P2_Data_4.c **** }
 298              		.loc 1 144 0
 299 0004 00F00100 		and	r0, r0, #1
ARM GAS  C:\Users\Thomas\AppData\Local\Temp\ccy1wZp6.s 			page 18


 300 0008 7047     		bx	lr
 301              	.L12:
 302 000a 00BF     		.align	2
 303              	.L11:
 304 000c F0510040 		.word	1073762800
 305              		.cfi_endproc
 306              	.LFE3:
 307              		.size	P2_Data_4_ReadDataReg, .-P2_Data_4_ReadDataReg
 308              		.text
 309              	.Letext0:
 310              		.file 2 ".\\Generated_Source\\PSoC5\\cytypes.h"
 311              		.section	.debug_info,"",%progbits
 312              	.Ldebug_info0:
 313 0000 1D010000 		.4byte	0x11d
 314 0004 0400     		.2byte	0x4
 315 0006 00000000 		.4byte	.Ldebug_abbrev0
 316 000a 04       		.byte	0x4
 317 000b 01       		.uleb128 0x1
 318 000c 22010000 		.4byte	.LASF20
 319 0010 01       		.byte	0x1
 320 0011 5F000000 		.4byte	.LASF21
 321 0015 B0000000 		.4byte	.LASF22
 322 0019 00000000 		.4byte	.Ldebug_ranges0+0
 323 001d 00000000 		.4byte	0
 324 0021 00000000 		.4byte	.Ldebug_line0
 325 0025 02       		.uleb128 0x2
 326 0026 01       		.byte	0x1
 327 0027 06       		.byte	0x6
 328 0028 FE010000 		.4byte	.LASF0
 329 002c 02       		.uleb128 0x2
 330 002d 01       		.byte	0x1
 331 002e 08       		.byte	0x8
 332 002f 4C000000 		.4byte	.LASF1
 333 0033 02       		.uleb128 0x2
 334 0034 02       		.byte	0x2
 335 0035 05       		.byte	0x5
 336 0036 E5010000 		.4byte	.LASF2
 337 003a 02       		.uleb128 0x2
 338 003b 02       		.byte	0x2
 339 003c 07       		.byte	0x7
 340 003d 96000000 		.4byte	.LASF3
 341 0041 02       		.uleb128 0x2
 342 0042 04       		.byte	0x4
 343 0043 05       		.byte	0x5
 344 0044 F5010000 		.4byte	.LASF4
 345 0048 02       		.uleb128 0x2
 346 0049 04       		.byte	0x4
 347 004a 07       		.byte	0x7
 348 004b 84000000 		.4byte	.LASF5
 349 004f 02       		.uleb128 0x2
 350 0050 08       		.byte	0x8
 351 0051 05       		.byte	0x5
 352 0052 14010000 		.4byte	.LASF6
 353 0056 02       		.uleb128 0x2
 354 0057 08       		.byte	0x8
 355 0058 07       		.byte	0x7
 356 0059 F8000000 		.4byte	.LASF7
ARM GAS  C:\Users\Thomas\AppData\Local\Temp\ccy1wZp6.s 			page 19


 357 005d 03       		.uleb128 0x3
 358 005e 04       		.byte	0x4
 359 005f 05       		.byte	0x5
 360 0060 696E7400 		.ascii	"int\000"
 361 0064 02       		.uleb128 0x2
 362 0065 04       		.byte	0x4
 363 0066 07       		.byte	0x7
 364 0067 EB000000 		.4byte	.LASF8
 365 006b 04       		.uleb128 0x4
 366 006c EF010000 		.4byte	.LASF12
 367 0070 02       		.byte	0x2
 368 0071 9201     		.2byte	0x192
 369 0073 2C000000 		.4byte	0x2c
 370 0077 02       		.uleb128 0x2
 371 0078 04       		.byte	0x4
 372 0079 04       		.byte	0x4
 373 007a 46000000 		.4byte	.LASF9
 374 007e 02       		.uleb128 0x2
 375 007f 08       		.byte	0x8
 376 0080 04       		.byte	0x4
 377 0081 A9000000 		.4byte	.LASF10
 378 0085 02       		.uleb128 0x2
 379 0086 01       		.byte	0x1
 380 0087 08       		.byte	0x8
 381 0088 E0010000 		.4byte	.LASF11
 382 008c 04       		.uleb128 0x4
 383 008d 5A000000 		.4byte	.LASF13
 384 0091 02       		.byte	0x2
 385 0092 3C02     		.2byte	0x23c
 386 0094 98000000 		.4byte	0x98
 387 0098 05       		.uleb128 0x5
 388 0099 6B000000 		.4byte	0x6b
 389 009d 06       		.uleb128 0x6
 390 009e 27000000 		.4byte	.LASF14
 391 00a2 01       		.byte	0x1
 392 00a3 39       		.byte	0x39
 393 00a4 00000000 		.4byte	.LFB0
 394 00a8 18000000 		.4byte	.LFE0-.LFB0
 395 00ac 01       		.uleb128 0x1
 396 00ad 9C       		.byte	0x9c
 397 00ae D1000000 		.4byte	0xd1
 398 00b2 07       		.uleb128 0x7
 399 00b3 16000000 		.4byte	.LASF16
 400 00b7 01       		.byte	0x1
 401 00b8 39       		.byte	0x39
 402 00b9 6B000000 		.4byte	0x6b
 403 00bd 00000000 		.4byte	.LLST0
 404 00c1 08       		.uleb128 0x8
 405 00c2 1C000000 		.4byte	.LASF23
 406 00c6 01       		.byte	0x1
 407 00c7 3B       		.byte	0x3b
 408 00c8 6B000000 		.4byte	0x6b
 409 00cc 21000000 		.4byte	.LLST1
 410 00d0 00       		.byte	0
 411 00d1 06       		.uleb128 0x6
 412 00d2 C9010000 		.4byte	.LASF15
 413 00d6 01       		.byte	0x1
ARM GAS  C:\Users\Thomas\AppData\Local\Temp\ccy1wZp6.s 			page 20


 414 00d7 5A       		.byte	0x5a
 415 00d8 00000000 		.4byte	.LFB1
 416 00dc 18000000 		.4byte	.LFE1-.LFB1
 417 00e0 01       		.uleb128 0x1
 418 00e1 9C       		.byte	0x9c
 419 00e2 F6000000 		.4byte	0xf6
 420 00e6 07       		.uleb128 0x7
 421 00e7 0F010000 		.4byte	.LASF17
 422 00eb 01       		.byte	0x1
 423 00ec 5A       		.byte	0x5a
 424 00ed 6B000000 		.4byte	0x6b
 425 00f1 39000000 		.4byte	.LLST2
 426 00f5 00       		.byte	0
 427 00f6 09       		.uleb128 0x9
 428 00f7 37000000 		.4byte	.LASF18
 429 00fb 01       		.byte	0x1
 430 00fc 71       		.byte	0x71
 431 00fd 6B000000 		.4byte	0x6b
 432 0101 00000000 		.4byte	.LFB2
 433 0105 10000000 		.4byte	.LFE2-.LFB2
 434 0109 01       		.uleb128 0x1
 435 010a 9C       		.byte	0x9c
 436 010b 09       		.uleb128 0x9
 437 010c 00000000 		.4byte	.LASF19
 438 0110 01       		.byte	0x1
 439 0111 8D       		.byte	0x8d
 440 0112 6B000000 		.4byte	0x6b
 441 0116 00000000 		.4byte	.LFB3
 442 011a 10000000 		.4byte	.LFE3-.LFB3
 443 011e 01       		.uleb128 0x1
 444 011f 9C       		.byte	0x9c
 445 0120 00       		.byte	0
 446              		.section	.debug_abbrev,"",%progbits
 447              	.Ldebug_abbrev0:
 448 0000 01       		.uleb128 0x1
 449 0001 11       		.uleb128 0x11
 450 0002 01       		.byte	0x1
 451 0003 25       		.uleb128 0x25
 452 0004 0E       		.uleb128 0xe
 453 0005 13       		.uleb128 0x13
 454 0006 0B       		.uleb128 0xb
 455 0007 03       		.uleb128 0x3
 456 0008 0E       		.uleb128 0xe
 457 0009 1B       		.uleb128 0x1b
 458 000a 0E       		.uleb128 0xe
 459 000b 55       		.uleb128 0x55
 460 000c 17       		.uleb128 0x17
 461 000d 11       		.uleb128 0x11
 462 000e 01       		.uleb128 0x1
 463 000f 10       		.uleb128 0x10
 464 0010 17       		.uleb128 0x17
 465 0011 00       		.byte	0
 466 0012 00       		.byte	0
 467 0013 02       		.uleb128 0x2
 468 0014 24       		.uleb128 0x24
 469 0015 00       		.byte	0
 470 0016 0B       		.uleb128 0xb
ARM GAS  C:\Users\Thomas\AppData\Local\Temp\ccy1wZp6.s 			page 21


 471 0017 0B       		.uleb128 0xb
 472 0018 3E       		.uleb128 0x3e
 473 0019 0B       		.uleb128 0xb
 474 001a 03       		.uleb128 0x3
 475 001b 0E       		.uleb128 0xe
 476 001c 00       		.byte	0
 477 001d 00       		.byte	0
 478 001e 03       		.uleb128 0x3
 479 001f 24       		.uleb128 0x24
 480 0020 00       		.byte	0
 481 0021 0B       		.uleb128 0xb
 482 0022 0B       		.uleb128 0xb
 483 0023 3E       		.uleb128 0x3e
 484 0024 0B       		.uleb128 0xb
 485 0025 03       		.uleb128 0x3
 486 0026 08       		.uleb128 0x8
 487 0027 00       		.byte	0
 488 0028 00       		.byte	0
 489 0029 04       		.uleb128 0x4
 490 002a 16       		.uleb128 0x16
 491 002b 00       		.byte	0
 492 002c 03       		.uleb128 0x3
 493 002d 0E       		.uleb128 0xe
 494 002e 3A       		.uleb128 0x3a
 495 002f 0B       		.uleb128 0xb
 496 0030 3B       		.uleb128 0x3b
 497 0031 05       		.uleb128 0x5
 498 0032 49       		.uleb128 0x49
 499 0033 13       		.uleb128 0x13
 500 0034 00       		.byte	0
 501 0035 00       		.byte	0
 502 0036 05       		.uleb128 0x5
 503 0037 35       		.uleb128 0x35
 504 0038 00       		.byte	0
 505 0039 49       		.uleb128 0x49
 506 003a 13       		.uleb128 0x13
 507 003b 00       		.byte	0
 508 003c 00       		.byte	0
 509 003d 06       		.uleb128 0x6
 510 003e 2E       		.uleb128 0x2e
 511 003f 01       		.byte	0x1
 512 0040 3F       		.uleb128 0x3f
 513 0041 19       		.uleb128 0x19
 514 0042 03       		.uleb128 0x3
 515 0043 0E       		.uleb128 0xe
 516 0044 3A       		.uleb128 0x3a
 517 0045 0B       		.uleb128 0xb
 518 0046 3B       		.uleb128 0x3b
 519 0047 0B       		.uleb128 0xb
 520 0048 27       		.uleb128 0x27
 521 0049 19       		.uleb128 0x19
 522 004a 11       		.uleb128 0x11
 523 004b 01       		.uleb128 0x1
 524 004c 12       		.uleb128 0x12
 525 004d 06       		.uleb128 0x6
 526 004e 40       		.uleb128 0x40
 527 004f 18       		.uleb128 0x18
ARM GAS  C:\Users\Thomas\AppData\Local\Temp\ccy1wZp6.s 			page 22


 528 0050 9742     		.uleb128 0x2117
 529 0052 19       		.uleb128 0x19
 530 0053 01       		.uleb128 0x1
 531 0054 13       		.uleb128 0x13
 532 0055 00       		.byte	0
 533 0056 00       		.byte	0
 534 0057 07       		.uleb128 0x7
 535 0058 05       		.uleb128 0x5
 536 0059 00       		.byte	0
 537 005a 03       		.uleb128 0x3
 538 005b 0E       		.uleb128 0xe
 539 005c 3A       		.uleb128 0x3a
 540 005d 0B       		.uleb128 0xb
 541 005e 3B       		.uleb128 0x3b
 542 005f 0B       		.uleb128 0xb
 543 0060 49       		.uleb128 0x49
 544 0061 13       		.uleb128 0x13
 545 0062 02       		.uleb128 0x2
 546 0063 17       		.uleb128 0x17
 547 0064 00       		.byte	0
 548 0065 00       		.byte	0
 549 0066 08       		.uleb128 0x8
 550 0067 34       		.uleb128 0x34
 551 0068 00       		.byte	0
 552 0069 03       		.uleb128 0x3
 553 006a 0E       		.uleb128 0xe
 554 006b 3A       		.uleb128 0x3a
 555 006c 0B       		.uleb128 0xb
 556 006d 3B       		.uleb128 0x3b
 557 006e 0B       		.uleb128 0xb
 558 006f 49       		.uleb128 0x49
 559 0070 13       		.uleb128 0x13
 560 0071 02       		.uleb128 0x2
 561 0072 17       		.uleb128 0x17
 562 0073 00       		.byte	0
 563 0074 00       		.byte	0
 564 0075 09       		.uleb128 0x9
 565 0076 2E       		.uleb128 0x2e
 566 0077 00       		.byte	0
 567 0078 3F       		.uleb128 0x3f
 568 0079 19       		.uleb128 0x19
 569 007a 03       		.uleb128 0x3
 570 007b 0E       		.uleb128 0xe
 571 007c 3A       		.uleb128 0x3a
 572 007d 0B       		.uleb128 0xb
 573 007e 3B       		.uleb128 0x3b
 574 007f 0B       		.uleb128 0xb
 575 0080 27       		.uleb128 0x27
 576 0081 19       		.uleb128 0x19
 577 0082 49       		.uleb128 0x49
 578 0083 13       		.uleb128 0x13
 579 0084 11       		.uleb128 0x11
 580 0085 01       		.uleb128 0x1
 581 0086 12       		.uleb128 0x12
 582 0087 06       		.uleb128 0x6
 583 0088 40       		.uleb128 0x40
 584 0089 18       		.uleb128 0x18
ARM GAS  C:\Users\Thomas\AppData\Local\Temp\ccy1wZp6.s 			page 23


 585 008a 9742     		.uleb128 0x2117
 586 008c 19       		.uleb128 0x19
 587 008d 00       		.byte	0
 588 008e 00       		.byte	0
 589 008f 00       		.byte	0
 590              		.section	.debug_loc,"",%progbits
 591              	.Ldebug_loc0:
 592              	.LLST0:
 593 0000 00000000 		.4byte	.LVL0
 594 0004 06000000 		.4byte	.LVL1
 595 0008 0100     		.2byte	0x1
 596 000a 50       		.byte	0x50
 597 000b 06000000 		.4byte	.LVL1
 598 000f 18000000 		.4byte	.LFE0
 599 0013 0400     		.2byte	0x4
 600 0015 F3       		.byte	0xf3
 601 0016 01       		.uleb128 0x1
 602 0017 50       		.byte	0x50
 603 0018 9F       		.byte	0x9f
 604 0019 00000000 		.4byte	0
 605 001d 00000000 		.4byte	0
 606              	.LLST1:
 607 0021 08000000 		.4byte	.LVL2
 608 0025 0C000000 		.4byte	.LVL3
 609 0029 0600     		.2byte	0x6
 610 002b 73       		.byte	0x73
 611 002c 00       		.sleb128 0
 612 002d 09       		.byte	0x9
 613 002e FE       		.byte	0xfe
 614 002f 1A       		.byte	0x1a
 615 0030 9F       		.byte	0x9f
 616 0031 00000000 		.4byte	0
 617 0035 00000000 		.4byte	0
 618              	.LLST2:
 619 0039 00000000 		.4byte	.LVL4
 620 003d 06000000 		.4byte	.LVL5
 621 0041 0100     		.2byte	0x1
 622 0043 50       		.byte	0x50
 623 0044 06000000 		.4byte	.LVL5
 624 0048 18000000 		.4byte	.LFE1
 625 004c 0400     		.2byte	0x4
 626 004e F3       		.byte	0xf3
 627 004f 01       		.uleb128 0x1
 628 0050 50       		.byte	0x50
 629 0051 9F       		.byte	0x9f
 630 0052 00000000 		.4byte	0
 631 0056 00000000 		.4byte	0
 632              		.section	.debug_aranges,"",%progbits
 633 0000 34000000 		.4byte	0x34
 634 0004 0200     		.2byte	0x2
 635 0006 00000000 		.4byte	.Ldebug_info0
 636 000a 04       		.byte	0x4
 637 000b 00       		.byte	0
 638 000c 0000     		.2byte	0
 639 000e 0000     		.2byte	0
 640 0010 00000000 		.4byte	.LFB0
 641 0014 18000000 		.4byte	.LFE0-.LFB0
ARM GAS  C:\Users\Thomas\AppData\Local\Temp\ccy1wZp6.s 			page 24


 642 0018 00000000 		.4byte	.LFB1
 643 001c 18000000 		.4byte	.LFE1-.LFB1
 644 0020 00000000 		.4byte	.LFB2
 645 0024 10000000 		.4byte	.LFE2-.LFB2
 646 0028 00000000 		.4byte	.LFB3
 647 002c 10000000 		.4byte	.LFE3-.LFB3
 648 0030 00000000 		.4byte	0
 649 0034 00000000 		.4byte	0
 650              		.section	.debug_ranges,"",%progbits
 651              	.Ldebug_ranges0:
 652 0000 00000000 		.4byte	.LFB0
 653 0004 18000000 		.4byte	.LFE0
 654 0008 00000000 		.4byte	.LFB1
 655 000c 18000000 		.4byte	.LFE1
 656 0010 00000000 		.4byte	.LFB2
 657 0014 10000000 		.4byte	.LFE2
 658 0018 00000000 		.4byte	.LFB3
 659 001c 10000000 		.4byte	.LFE3
 660 0020 00000000 		.4byte	0
 661 0024 00000000 		.4byte	0
 662              		.section	.debug_line,"",%progbits
 663              	.Ldebug_line0:
 664 0000 96000000 		.section	.debug_str,"MS",%progbits,1
 664      02004800 
 664      00000201 
 664      FB0E0D00 
 664      01010101 
 665              	.LASF19:
 666 0000 50325F44 		.ascii	"P2_Data_4_ReadDataReg\000"
 666      6174615F 
 666      345F5265 
 666      61644461 
 666      74615265 
 667              	.LASF16:
 668 0016 76616C75 		.ascii	"value\000"
 668      6500
 669              	.LASF23:
 670 001c 73746174 		.ascii	"staticBits\000"
 670      69634269 
 670      747300
 671              	.LASF14:
 672 0027 50325F44 		.ascii	"P2_Data_4_Write\000"
 672      6174615F 
 672      345F5772 
 672      69746500 
 673              	.LASF18:
 674 0037 50325F44 		.ascii	"P2_Data_4_Read\000"
 674      6174615F 
 674      345F5265 
 674      616400
 675              	.LASF9:
 676 0046 666C6F61 		.ascii	"float\000"
 676      7400
 677              	.LASF1:
 678 004c 756E7369 		.ascii	"unsigned char\000"
 678      676E6564 
 678      20636861 
ARM GAS  C:\Users\Thomas\AppData\Local\Temp\ccy1wZp6.s 			page 25


 678      7200
 679              	.LASF13:
 680 005a 72656738 		.ascii	"reg8\000"
 680      00
 681              	.LASF21:
 682 005f 2E5C4765 		.ascii	".\\Generated_Source\\PSoC5\\P2_Data_4.c\000"
 682      6E657261 
 682      7465645F 
 682      536F7572 
 682      63655C50 
 683              	.LASF5:
 684 0084 6C6F6E67 		.ascii	"long unsigned int\000"
 684      20756E73 
 684      69676E65 
 684      6420696E 
 684      7400
 685              	.LASF3:
 686 0096 73686F72 		.ascii	"short unsigned int\000"
 686      7420756E 
 686      7369676E 
 686      65642069 
 686      6E7400
 687              	.LASF10:
 688 00a9 646F7562 		.ascii	"double\000"
 688      6C6500
 689              	.LASF22:
 690 00b0 433A5C55 		.ascii	"C:\\Users\\Thomas\\Documents\\PSoC Creator\\TASBot\\"
 690      73657273 
 690      5C54686F 
 690      6D61735C 
 690      446F6375 
 691 00de 54415342 		.ascii	"TASBot.cydsn\000"
 691      6F742E63 
 691      7964736E 
 691      00
 692              	.LASF8:
 693 00eb 756E7369 		.ascii	"unsigned int\000"
 693      676E6564 
 693      20696E74 
 693      00
 694              	.LASF7:
 695 00f8 6C6F6E67 		.ascii	"long long unsigned int\000"
 695      206C6F6E 
 695      6720756E 
 695      7369676E 
 695      65642069 
 696              	.LASF17:
 697 010f 6D6F6465 		.ascii	"mode\000"
 697      00
 698              	.LASF6:
 699 0114 6C6F6E67 		.ascii	"long long int\000"
 699      206C6F6E 
 699      6720696E 
 699      7400
 700              	.LASF20:
 701 0122 474E5520 		.ascii	"GNU C 4.9.3 20150303 (release) [ARM/embedded-4_9-br"
 701      4320342E 
ARM GAS  C:\Users\Thomas\AppData\Local\Temp\ccy1wZp6.s 			page 26


 701      392E3320 
 701      32303135 
 701      30333033 
 702 0155 616E6368 		.ascii	"anch revision 221220] -mcpu=cortex-m3 -mthumb -g -O"
 702      20726576 
 702      6973696F 
 702      6E203232 
 702      31323230 
 703 0188 33202D66 		.ascii	"3 -ffunction-sections -finline-functions -flto -ffa"
 703      66756E63 
 703      74696F6E 
 703      2D736563 
 703      74696F6E 
 704 01bb 742D6C74 		.ascii	"t-lto-objects\000"
 704      6F2D6F62 
 704      6A656374 
 704      7300
 705              	.LASF15:
 706 01c9 50325F44 		.ascii	"P2_Data_4_SetDriveMode\000"
 706      6174615F 
 706      345F5365 
 706      74447269 
 706      76654D6F 
 707              	.LASF11:
 708 01e0 63686172 		.ascii	"char\000"
 708      00
 709              	.LASF2:
 710 01e5 73686F72 		.ascii	"short int\000"
 710      7420696E 
 710      7400
 711              	.LASF12:
 712 01ef 75696E74 		.ascii	"uint8\000"
 712      3800
 713              	.LASF4:
 714 01f5 6C6F6E67 		.ascii	"long int\000"
 714      20696E74 
 714      00
 715              	.LASF0:
 716 01fe 7369676E 		.ascii	"signed char\000"
 716      65642063 
 716      68617200 
 717              		.comm	__gnu_lto_v1,1,1
 718              		.ident	"GCC: (GNU Tools for ARM Embedded Processors) 4.9.3 20150303 (release) [ARM/embedded-4_9-br
