ARM GAS  C:\Users\Thomas\AppData\Local\Temp\cc5MzEia.s 			page 1


   1              		.syntax unified
   2              		.cpu cortex-m3
   3              		.fpu softvfp
   4              		.eabi_attribute 20, 1
   5              		.eabi_attribute 21, 1
   6              		.eabi_attribute 23, 3
   7              		.eabi_attribute 24, 1
   8              		.eabi_attribute 25, 1
   9              		.eabi_attribute 26, 1
  10              		.eabi_attribute 30, 2
  11              		.eabi_attribute 34, 1
  12              		.eabi_attribute 18, 4
  13              		.thumb
  14              		.file	"P2_PM.c"
  15              		.text
  16              	.Ltext0:
  17              		.section	.gnu.lto_.profile.b949af08,"",%progbits
  18 0000 789C6366 		.ascii	"x\234cf```a\200\000F\006cY\000\000\367\000Y"
  18      60606061 
  18      80004606 
  18      63590000 
  18      F70059
  19              		.text
  20              		.section	.gnu.lto_.jmpfuncs.b949af08,"",%progbits
  21 0000 789C6366 		.ascii	"x\234cf\300\016\004\2404\013\0203100C\231\014\000\002"
  21      C00E04A0 
  21      340B1033 
  21      31303043 
  21      990C0002 
  22 0014 C70021   		.ascii	"\307\000!"
  23              		.text
  24              		.section	.gnu.lto_.inline.b949af08,"",%progbits
  25 0000 789C6366 		.ascii	"x\234cf\300\016\"\2404\013\003\003;\033#\003\023\307"
  25      C00E22A0 
  25      340B0303 
  25      3B1B2303 
  25      13C7
  26 0012 013B06B6 		.ascii	"\001;\006\266\005\362L 1&L!f\006\036\021\240\220@C-"
  26      05F24C20 
  26      31264C21 
  26      66061E11 
  26      A0904043 
  27 0027 5C88910B 		.ascii	"\\\210\221\013\254\235\233\027(\316\267!\027U\234\001"
  27      AC9D9B17 
  27      28CEB721 
  27      17559C01 
  28 0037 00917408 		.ascii	"\000\221t\010="
  28      3D
  29              		.text
  30              		.section	.gnu.lto_.pureconst.b949af08,"",%progbits
  31 0000 789C6366 		.ascii	"x\234cf``\340d\200\000\026\006)&)f)\026)\000\002\321"
  31      6060E064 
  31      80001606 
  31      29262966 
  31      29162900 
  32 0016 0082     		.ascii	"\000\202"
  33              		.text
ARM GAS  C:\Users\Thomas\AppData\Local\Temp\cc5MzEia.s 			page 2


  34              		.section	.gnu.lto_P2_SaveConfig.b949af08,"",%progbits
  35 0000 789C8D91 		.ascii	"x\234\215\221;K\003Q\020\205\347\314\256k \215X\246"
  35      3B4B0351 
  35      1085E7CC 
  35      AE6B208D 
  35      58A6
  36 0012 10C4C22A 		.ascii	"\020\304\302*)\004\177\201\205\225\020\260\015\004\321"
  36      29047F81 
  36      859510B0 
  36      0D04D1
  37 0021 B40AA276 		.ascii	"\264\012\242v\342\256\004\025\013\015\026\"\370(D\361"
  37      E2AE0415 
  37      0B0D1622 
  37      F82844F1 
  38 0031 11DFC6C2 		.ascii	"\021\337\306\302\"\260Z\012*\301B\2600\010\021\265\021"
  38      22B05A0A 
  38      2AC142B0 
  38      300811B5 
  38      11
  39 0042 351059C4 		.ascii	"5\020Y\304\307\314\212\017\024\304\205\273w\357\235"
  39      C7CC8A0F 
  39      14C485BB 
  39      77EF9D
  40 0051 73CF7CE7 		.ascii	"s\317|\347\256A\277\237\220\214+\020\325\310\014\203"
  40      AE41BF9F 
  40      908C2B10 
  40      D5C80C83 
  41 0061 C0A92322 		.ascii	"\300\251#\"'\300\200~\020\250\217\321\207\033\276g\244"
  41      27C0807E 
  41      10A88FD1 
  41      871BBE67 
  41      A4
  42 0072 DCF444B0 		.ascii	"\334\364D\260v\336\266\355\273\331C'\352\302c\242\""
  42      76DEB6ED 
  42      BBD94327 
  42      EAC263A2 
  42      22
  43 0083 BFFB6001 		.ascii	"\277\373`\001\265$\242\373\344\363i\320J\212\250\342"
  43      B524A2FB 
  43      E4F369D0 
  43      4A8AA8E2 
  44 0093 BD864558 		.ascii	"\275\206EX\342O\353\225\256\375\372Z\334\331+\301b\362"
  44      E24FEB95 
  44      AEFDFA5A 
  44      DCD92BC1 
  44      62F2
  45 00a5 18A6BE88 		.ascii	"\030\246\276\210\012\"\322V\227\314:\033g\330/\015\337"
  45      0A22D256 
  45      97CC3A1B 
  45      67D82F0D 
  45      DF
  46 00b6 96CAF5DC 		.ascii	"\226\312\365\334#k\337\374\356\344\222q\315\036\363"
  46      236BDFFC 
  46      EEE49271 
  46      CD1EF3
  47 00c5 C081639B 		.ascii	"\300\201c\233\332%_8\316\005\374-\322ea0\343\231\323"
  47      DA255F38 
ARM GAS  C:\Users\Thomas\AppData\Local\Temp\cc5MzEia.s 			page 3


  47      CE05FC2D 
  47      D2656130 
  47      E399D3
  48 00d8 987492C2 		.ascii	"\230t\222\302d`\011!,C\222!\215i\320\031\372\307.\252"
  48      64600921 
  48      2C439221 
  48      8D69D019 
  48      FAC72EAA 
  49 00ec D44FA433 		.ascii	"\324O\2443'#k\334\373d\017\331\001\217\315g%\374\356"
  49      27236BDC 
  49      FB640FD9 
  49      018FCD67 
  49      25FCEE
  50 00ff 67FACB45 		.ascii	"g\372\313E'9\005\365\263UU\206\025\364bU\015\245\366"
  50      273905F5 
  50      B3555586 
  50      15F46255 
  50      0DA5F6
  51 0112 B232BA65 		.ascii	"\2622\272e\205\323\022\320\255\362\330\302\232\010\037"
  51      85D312D0 
  51      ADF2D8C2 
  51      9A081F
  52 0121 FC4BC03A 		.ascii	"\374K\300:\302BL~\202\322G\002S\316\344\262s=>\355\370"
  52      C2424C7E 
  52      82D24702 
  52      53CEE4B2 
  52      733D3EED 
  53 0136 4780ABEC 		.ascii	"G\200\253\354l\336\370\"\336\370$\336\374'\361O\304"
  53      6CDEF822 
  53      DEF824DE 
  53      FC27F14F 
  53      C4
  54 0147 AD3F10B7 		.ascii	"\255?\020\267}D\375\011\310(\242I\347p\334\3072m\240"
  54      7D44FD09 
  54      C828A249 
  54      E770DCC7 
  54      326DA0
  55 015a E005A9C9 		.ascii	"\340\005\251\311\325\213su$\326\230hOt\266t%\332\342"
  55      D58B7375 
  55      24D69868 
  55      4F74B674 
  55      25DAE2
  56 016d CD1DDD9D 		.ascii	"\315\035\335\235\255\211X\264\271\243\241>\026\255\213"
  56      AD8958B4 
  56      B9A3A13E 
  56      16AD8B
  57 017c 479B22AD 		.ascii	"G\233\"\255\364\006\301R\273\250"
  57      F406C152 
  57      BBA8
  58              		.text
  59              		.section	.gnu.lto_P2_RestoreConfig.b949af08,"",%progbits
  60 0000 789C7590 		.ascii	"x\234u\220\275KBQ\030\306\337\347\275\327\213\320\022"
  60      BD4B4251 
  60      18C6DFE7 
  60      BDD78BD0 
  60      12
  61 0011 4DE1160D 		.ascii	"M\341\026\015\016QC\320_\020\324\024\030\255B\204\271"
ARM GAS  C:\Users\Thomas\AppData\Local\Temp\cc5MzEia.s 			page 4


  61      0E5143D0 
  61      5F10D414 
  61      18AD4284 
  61      B9
  62 0022 1644B545 		.ascii	"\026D\265E\367\206}L\245\015\021\3641D\221fi\245\004"
  62      F7867D4C 
  62      A50D11F4 
  62      31449166 
  62      69A504
  63 0035 0D823836 		.ascii	"\015\20286(Q\020\025\344bT[\326\020\2270;\357\225\212"
  63      28511015 
  63      E462545B 
  63      D6109730 
  63      3BEF958A 
  64 0049 BE0E9CCF 		.ascii	"\276\016\234\317\3679\317\363;G\243\337\315\243\372"
  64      F739CFF3 
  64      3B47A3DF 
  64      CDA3FA
  65 0058 25889AD5 		.ascii	"%\210\232\325\014\215\300\341<\221\345f@\026\004\232"
  65      0C8DC0E1 
  65      3C91E566 
  65      4016049A 
  66 0068 644CE281 		.ascii	"dL\342\201\313\214p6\276\\\347\3352M\3631\227j\234n"
  66      CB8C7036 
  66      BE5CE7DD 
  66      324DF331 
  66      976A9C6E 
  67 007c B499E899 		.ascii	"\264\231\350\231k6\330\206\227\224\246\034\252\\\324"
  67      6B36D886 
  67      9794A61C 
  67      AA5CD4
  68 008b 1921A5A9 		.ascii	"\031!\245\251\257\325\020\205\241\354)\331\2205\253"
  68      AFD51085 
  68      A1EC29D9 
  68      9035AB
  69 009a D5E77C24 		.ascii	"\325\347|$\332\002\203\311f\3502\020\225\224J\242n\231"
  69      DA0283C9 
  69      66E83210 
  69      95944AA2 
  69      6E99
  70 00ac 65D6AE30 		.ascii	"e\326\2560uT.\364\312\275\027\226\330\365\263\371\004"
  70      75542EF4 
  70      CABD1796 
  70      D8F5B3F9 
  70      04
  71 00bd 4FBC9A73 		.ascii	"O\274\232s\246\333f\256\210\251:-\226\012\247\356{V"
  71      A6DB66AE 
  71      88A93A2D 
  71      960AA7EE 
  71      7B56
  72 00cf 27CE366A 		.ascii	"'\3166j\205V\261\206\025\313\024\225\206\030&\260\003"
  72      8556B186 
  72      15CB1495 
  72      861826B0 
  72      03
  73 00e0 8F537BDB 		.ascii	"\217S{\333]84Z[l\326\021W\232'\007\031\273h\245+\344"
  73      5D38345A 
ARM GAS  C:\Users\Thomas\AppData\Local\Temp\cc5MzEia.s 			page 5


  73      5B6CD611 
  73      579A2707 
  73      19BB68A5 
  74 00f6 16214962 		.ascii	"\026!Ibx\274\022\323\304\3205sb\231\372\267\014\227"
  74      78BC12D3 
  74      C4D03573 
  74      6299FAB7 
  74      0C97
  75 0108 E3539A4D 		.ascii	"\343S\232M\333\272d\204`\263\201=x\220\220\010$\225"
  75      DBBA6484 
  75      60B3813D 
  75      78909008 
  75      2495
  76 011a AB622541 		.ascii	"\253b%A\217\234\243\206\256\377\213\376\223u\377o\326"
  76      8F9CA386 
  76      AEFF8BFE 
  76      9375FF6F 
  76      D6
  77 012b 038755FE 		.ascii	"\003\207U\376\016\207?XO3\233\343\016\327\322\007\352"
  77      0E873F58 
  77      4F339BE3 
  77      0ED7D207 
  77      EA
  78 013c 5D66A3A8 		.ascii	"]f\243\250}\261\245>\331\322\016\233N7\260\262\327]"
  78      7DB1A53E 
  78      D9D20E9B 
  78      4E37B0B2 
  78      D75D
  79 014e 725F5E5F 		.ascii	"r_^_R\276\352\263\025PS\233\277;8\024\034\031\030\015"
  79      52BEEAB3 
  79      1550539B 
  79      BF3B3814 
  79      1C19180D 
  80 0162 0EF6F70D 		.ascii	"\016\366\367\015\217\215\004\202~_\337pg\207\337\327"
  80      8F8D0482 
  80      7E5FDF70 
  80      6787DFD7 
  81 0172 DEEFEB69 		.ascii	"\336\357\353i\013\320;d\227\260\375"
  81      0BD03B64 
  81      97B0FD
  82              		.text
  83              		.section	.gnu.lto_P2_Sleep.b949af08,"",%progbits
  84 0000 789C9592 		.ascii	"x\234\225\222MHTQ\024\307\317\377\276\2317\237A\264"
  84      4D485451 
  84      14C7CFFF 
  84      BE99379F 
  84      41B4
  85 0012 1221215A 		.ascii	"\022!!Z\270\322E\020\255Z\265p\025\014\270\035\220\260"
  85      B8D24510 
  85      AD5AB570 
  85      150CB81D 
  85      90B0
  86 0024 D9B44890 		.ascii	"\331\264H\220j7\370\236N\037H\224\016\021\201N\253>"
  86      6A37F89E 
  86      4E1F4894 
  86      0E11814E 
  86      AB3E
ARM GAS  C:\Users\Thomas\AppData\Local\Temp\cc5MzEia.s 			page 6


  87 0036 B431ADB1 		.ascii	"\2641\255\2614\233&_n\006Z\024\022\021HL\015\030M\213"
  87      349B265F 
  87      6E065A14 
  87      1211484C 
  87      0D184D8B 
  88 004a A2696AEC 		.ascii	"\242ij\354Uf\347\334\227a#\006=x\367\363\177\317\371"
  88      5566E7DC 
  88      97612306 
  88      3D78F7F3 
  88      7FCFF9
  89 005d DDFFB906 		.ascii	"\335\377\271\006m\376\232\371?b\020\355\346\036\006"
  89      6DFE9AF9 
  89      3F6210ED 
  89      E61E06
  90 006c 410D3D21 		.ascii	"A\015=!\262\203\012\220\001\201\372\024\372\360NU\025"
  90      B2830A90 
  90      0181FA14 
  90      FAF04E55 
  90      15
  91 007d 869CECA5 		.ascii	"\206\234\354\245H\353U\313\262>\246\363M'\233\\ETS^"
  91      48EB55CB 
  91      B23EA6F3 
  91      4D279B5C 
  91      4554535E 
  92 0091 185C472B 		.ascii	"\030\\G+\261\246\232Z}\0211S\254\331\356\355a\014&\270"
  92      B1A69A5A 
  92      7D113153 
  92      ACD9EEED 
  92      610C26B8 
  93 00a5 9FDAE158 		.ascii	"\237\332\341Xkk\323\357\207+\373\020\005\271\212\223"
  93      6B6BD3EF 
  93      872BFB10 
  93      05B98A93 
  94 00b5 71E3E346 		.ascii	"q\343\343F\371e\024\342\306\010KC\264\314'%\375\033"
  94      F96514E2 
  94      C6084B43 
  94      B4CC2725 
  94      FD1B
  95 00c7 A5A43796 		.ascii	"\245\2447\226\260P\037,eF!\321V\224\301\211^?*\317F"
  95      B0501F2C 
  95      654621D1 
  95      5694C189 
  95      5E3F2ACF 
  96 00dc 2ACA55BE 		.ascii	"*\312U\276\225\307\266\345\223\334\257\226\237.\006"
  96      95C7B6E5 
  96      93DCAF96 
  96      9F2E06
  97 00eb F512C974 		.ascii	"\365\022\311t\314\031,\0052\030\261Sp\225\037\343h\306"
  97      CC192C05 
  97      3218B153 
  97      70951FE3 
  97      68C6
  98 00fd 0DF07591 		.ascii	"\015\360u\221E\006\264\204\201\257\246\027\016^\304"
  98      4506B484 
  98      81AFA617 
  98      0E5EC4
  99 010c 62A692F3 		.ascii	"b\246\222\363\311q\2000\301J\226\344N\1776<\221\217"
ARM GAS  C:\Users\Thomas\AppData\Local\Temp\cc5MzEia.s 			page 7


  99      C9718030 
  99      C14A96E4 
  99      4E7F363C 
  99      918F
 100 011e 752CB2AF 		.ascii	"u,\262\257\345\317\006\264\210\003\335\324\242\376R"
 100      E5CF06B4 
 100      8803DDD4 
 100      A2FE52
 101 012d C093F859 		.ascii	"\300\223\370Y%\363ty\247,\260\372\362\263s\223*\371"
 101      25F37479 
 101      A72CB0FA 
 101      F2B37393 
 101      2AF9
 102 013f DD3A6305 		.ascii	"\335:c\005]e\256\212\037\0339M\217\323N\215B8-Q\005"
 102      5D65AE8A 
 102      1F1B394D 
 102      8FD34E8D 
 102      42382D51 
 103 0154 308924A6 		.ascii	"0\211$\246\004\224\367~N\234\317\231mY\266\323iqU\020"
 103      0494F77E 
 103      4E9CCF99 
 103      6D59B6D3 
 103      69715510 
 104 0168 B758F849 		.ascii	"\267X\370I[\216\333h\343\224\364\022\003N\276\250$!"
 104      5B8EDB68 
 104      E394F412 
 104      034EBEA8 
 104      2421
 105 017a 35660CD5 		.ascii	"5f\014\3254f\016I\2665L\332\305\017\365\300_er\012E"
 105      34660E49 
 105      B6354CDA 
 105      C50FF5C0 
 105      5F65720A 
 106 018f A58B5463 		.ascii	"\245\213Tc\257\033\012\210i\016J\270#\227\013\011\370"
 106      AF1B0A88 
 106      690E4AB8 
 106      23970B09 
 106      F8
 107 01a0 DCC8B821 		.ascii	"\334\310\270!\340\221S\233<\217h\336\037\317\027j\021"
 107      E091539B 
 107      3C8F68DE 
 107      1FCF176A 
 107      11
 108 01b1 B9CB059B 		.ascii	"\271\313\005\233\363Gq\227M\237\321\246\317z\246\367"
 108      F3477197 
 108      4D9FD1A6 
 108      CF7AA6F7 
 109 01c1 A7AB33FB 		.ascii	"\247\2533\373%\342\226\3564\332qoK;\266aN\333\001\017"
 109      25E296EE 
 109      34DA716F 
 109      4B3BB661 
 109      4EDB010F 
 110 01d5 14F7C591 		.ascii	"\024\367\305\221\220w\315z=\340q\207\371\330b\341\312"
 110      9077CD7A 
 110      3DE07187 
 110      F9D862E1 
 110      CA
ARM GAS  C:\Users\Thomas\AppData\Local\Temp\cc5MzEia.s 			page 8


 111 01e6 09CD7871 		.ascii	"\011\315xq\035\373\355\227\372\267\350\006\316\374\037"
 111      1DFBED97 
 111      FAB7E806 
 111      CEFC1F
 112 01f5 CE07EB9C 		.ascii	"\316\007\353\234\345\226\377\302,\374\003\363\241\306"
 112      E596FFC2 
 112      2CFC03F3 
 112      A1C6
 113 0203 54BF31E7 		.ascii	"T\2771\347\0053L%\330\316|\207\256\033\311\213\207\274"
 113      05334C25 
 113      D8CE7C87 
 113      AE1BC98B 
 113      87BC
 114 0215 740EBEAB 		.ascii	"t\016\276\253=\336\2218\232\350=t,q\270\253\263\347"
 114      3DDE9138 
 114      9AE83D74 
 114      2C71B8AB 
 114      B3E7
 115 0227 786F7722 		.ascii	"xow\"\036\353\3549\2607\036\333\323\025;\330\336M\277"
 115      1EEBEC39 
 115      B0371EDB 
 115      D3153BD8 
 115      DE4DBF
 116 023a 00563942 		.ascii	"\000V9B\371"
 116      F9
 117              		.text
 118              		.section	.gnu.lto_P2_Wakeup.b949af08,"",%progbits
 119 0000 789C8D92 		.ascii	"x\234\215\222\317KTQ\024\307\317\367\3367\357\2153\263"
 119      CF4B5451 
 119      14C7CFF7 
 119      DE37EF8D 
 119      33B3
 120 0012 9056E262 		.ascii	"\220V\342b \202\\\204\006E\177A\213 \010&\334\016H\330"
 120      20825C84 
 120      06457F41 
 120      8B200826 
 120      DC0E48D8 
 121 0026 6C13A4DA 		.ascii	"l\023\244\332\015\336\247S\270\2102\221\010\314j\321"
 121      0DDEA753 
 121      B8883291 
 121      08CC6AD1 
 122 0036 0F6D4C1B 		.ascii	"\017mL\033+\313\221\340!\321\302E2\224\205\022\2651"
 122      2BCB91E0 
 122      21D1C245 
 122      32948512 
 122      B531
 123 0048 D25DE3A3 		.ascii	"\322]\343\243d*\263s\356\364C\307\202\036\334_\347\234"
 123      642AB373 
 123      EEF443C7 
 123      821EDC5F 
 123      E79C
 124 005a FBFD7E2E 		.ascii	"\373\375~.\357h\332\376\355\347\261\240\210v\361\212"
 124      EF68DAFE 
 124      EDE7B1A0 
 124      8876F18A 
 125 006a 0841F53D 		.ascii	"\010A\365='\362\243J\351b\222L\314y\265\227LB\303\251"
 125      27F2A34A 
ARM GAS  C:\Users\Thomas\AppData\Local\Temp\cc5MzEia.s 			page 9


 125      E962924C 
 125      CC79B597 
 125      4C42C3A9 
 126 007e 861D4036 		.ascii	"\206\035@6\004\352R\332A\027VTY\241/\310_\2167\3354"
 126      04EA52DA 
 126      41175654 
 126      59A12FC8 
 126      5F8E37DD 
 127 0093 C67CEC2E 		.ascii	"\306|\354.5\234i\250\260^\250\252\372\270\215&\342\232"
 127      359C69A8 
 127      B05EA8AA 
 127      FAB88D26 
 127      E29A
 128 00a5 726EFD75 		.ascii	"rn\375u\334\315qM}5\207a\270\340u|G`66\302\247\375\275"
 128      DCCD714D 
 128      7D358761 
 128      B8E0757C 
 128      47603636 
 129 00bd BB559D43 		.ascii	"\273U\235C\025\005\227'\345\311D\264\304C\034\337\363"
 129      15059727 
 129      E5C944B4 
 129      C4431CDF 
 129      F3
 130 00ce 8157BD88 		.ascii	"\201W\275\210\356\311\362\334\321-\202\301@\314\252"
 130      EEC9F2DC 
 130      D12D82C1 
 130      40CCAA
 131 00dd 850AB54E 		.ascii	"\205\012\265N\030a5\302\035\270k\312\345\334\325\027"
 131      186135C2 
 131      1DB86BCA 
 131      E5DCD517 
 132 00ed E7C754F6 		.ascii	"\347\307T\366\253\3515\321\212\322\353\302\301\321w"
 132      ABE935D1 
 132      8AD2EBC2 
 132      C1D177
 133 00fc 4B73A5E8 		.ascii	"Ks\245\350\262\342\210=\016\373\271+\030\302\240o\244"
 133      B2E2883D 
 133      0EFBB92B 
 133      18C2A06F 
 133      A4
 134 010d CA411E59 		.ascii	"\312A\036Y\214\242\321\346\276\217^\230p\233\363,~\375"
 134      8CA2D1E6 
 134      BE8F5E98 
 134      709BF32C 
 134      7EFD
 135 011f 9AAEA808 		.ascii	"\232\256\250\010\356r\345*\353X'\214\241\231\0261\323"
 135      EE72E52A 
 135      EB58278C 
 135      A1991631 
 135      D3
 136 0130 0FB114E5 		.ascii	"\017\261\024\345\251\301\021-\312\356\331Y\3378[\314"
 136      A9C1112D 
 136      CAEED959 
 136      DF385BCC 
 137 0140 5C2BF86D 		.ascii	"\\+\370m~&\214\213\331\200\317f\036\306\321\210{b\206"
 137      7E268C8B 
 137      D980CF66 
ARM GAS  C:\Users\Thomas\AppData\Local\Temp\cc5MzEia.s 			page 10


 137      1EC6D188 
 137      7B6286
 138 0153 022B3335 		.ascii	"\002+35\311\223/\276D\365\021\336?\037QK=\261\215z\217"
 138      C9932FBE 
 138      44F511DE 
 138      3F1F514B 
 138      3DB18D7A 
 139 0168 F0DEB7BC 		.ascii	"\360\336\267\274\370\311\373\240\206\267\364\344\306"
 139      F8C9FBA0 
 139      86B7F4E4 
 139      C6
 140 0175 69CB76E9 		.ascii	"i\313v\351\027\356\207O\237\277$6\361=\374\3157i\371"
 140      17EE874F 
 140      9FBF2436 
 140      F13DFCCD 
 140      3769F9
 141 0188 3CCB5778 		.ascii	"<\313Wx\266\032\221_\260\246\234\377\006|\3647\300("
 141      B61A915F 
 141      B0A69CFF 
 141      067CF437 
 141      C028
 142 019a 1E5B40DB 		.ascii	"\036[@\333!SL7\217\334BO\362\217\266\177k\372\234'\210"
 142      21534C37 
 142      8FDC424F 
 142      F28FB67F 
 142      6BFA9C27 
 143 01af DC3B28CA 		.ascii	"\334;(\312u\222\356\320TL\3527\350\011\206f\023RL\265"
 143      7592EED0 
 143      544CEA37 
 143      E8098666 
 143      13524CB5 
 144 01c3 1875A168 		.ascii	"\030u\241hb\032Yn\254\230\275\343\330\216z\013?(\034"
 144      621A596E 
 144      AC98BDE3 
 144      D88E7A0B 
 144      3F281C
 145 01d6 B67748FA 		.ascii	"\266wH\372\015\022\345\322\235-\351C\231\023\231\316"
 145      0D12E5D2 
 145      9D2DE943 
 145      991399CE 
 146 01e6 632733C7 		.ascii	"c'3\307\333Z;Nu\266g\322\251\326\216\203\007\322\251"
 146      DB5A3B4E 
 146      75B667D2 
 146      A9D68E83 
 146      07D2A9
 147 01f9 7D6DA923 		.ascii	"}m\251#-\355\364\003\234\240\014}"
 147      2DEDF403 
 147      9CA00C7D 
 148              		.text
 149              		.section	.gnu.lto_.symbol_nodes.b949af08,"",%progbits
 150 0000 789C55C8 		.ascii	"x\234U\310A\015\2000\020\005\321\351n\267A\020\332\270"
 150      410D8030 
 150      1005D1E9 
 150      6EB74110 
 150      DAB8
 151 0012 FE4A4001 		.ascii	"\376J@\001\251\011\034p\306\003\011:\010$p(s{\343\300"
 151      A9091C70 
ARM GAS  C:\Users\Thomas\AppData\Local\Temp\cc5MzEia.s 			page 11


 151      C603093A 
 151      08247028 
 151      737BE3C0 
 152 0026 C49725C1 		.ascii	"\304\227%\301\274\203\304\322\006\002\232\311\315\224"
 152      BC83C4D2 
 152      06029AC9 
 152      CD94
 153 0034 FA6D2EFB 		.ascii	"\372m.\3739\313{\247P~M\255\017\213\242\243{\260\035"
 153      39CB7BA7 
 153      507E4DAD 
 153      0F8BA2A3 
 153      7BB01D
 154 0047 57F25C38 		.ascii	"W\362\\8\327\221\033\317\310\035\246"
 154      D7911BCF 
 154      C81DA6
 155              		.text
 156              		.section	.gnu.lto_.refs.b949af08,"",%progbits
 157 0000 789C25C8 		.ascii	"x\234%\310\321\011\000 \014\304\320\244WA\\\304\375"
 157      D1090020 
 157      0CC4D0A4 
 157      57415CC4 
 157      FD
 158 0011 371469BE 		.ascii	"7\024i\276\036\011p\231\012-\355\372\300$\272t\353I"
 158      1E097099 
 158      0A2DEDFA 
 158      C024BA74 
 158      EB49
 159 0023 CFC2C503 		.ascii	"\317\302\305\003\015{\000w"
 159      0D7B0077 
 160              		.text
 161              		.section	.gnu.lto_.decls.b949af08,"",%progbits
 162 0000 789C8D55 		.ascii	"x\234\215UmL\223W\024~Oo\277[;\022\0225\374X:L\310\266"
 162      6D4C9357 
 162      147E4F6F 
 162      BF5B3B12 
 162      1235FC58 
 163 0018 18232623 		.ascii	"\030#&#\356\327T\262\230\314l!V\263\037ca\210\357\230"
 163      EED754B2 
 163      98CC6C21 
 163      56B31F63 
 163      6188EF98 
 164 002c D15086B0 		.ascii	"\321P\206\260\304\177W\352\264c\302\224\314\3211\346"
 164      C47F57EA 
 164      B463C294 
 164      CCD131E6 
 165 003c AA088A42 		.ascii	"\252\010\212BA\005\006\250\2430a|Xq\202@Q\001\013\006"
 165      410506A8 
 165      A330617C 
 165      58718240 
 165      51010B06 
 166 0050 32A7A91F 		.ascii	"2\247\251\037S\011\316\356\334\373\276\265o\0150or\332"
 166      5309CEEE 
 166      DCFBBEB5 
 166      6F0D306F 
 166      72DA
 167 0062 7B6F9FF3 		.ascii	"{o\237\363\234\347\236{\356)\021\004\241\036\004!\204"
 167      9CE79E7B 
ARM GAS  C:\Users\Thomas\AppData\Local\Temp\cc5MzEia.s 			page 12


 167      EE291104 
 167      A11E0421 
 167      84
 168 0073 A35F2708 		.ascii	"\243_'\010\026\234kp/E\210\014-Z5\232\007\255\016\355"
 168      169C6B70 
 168      2F45880C 
 168      2D5A359A 
 168      07AD0EED 
 169 0087 0CF3416B 		.ascii	"\014\363AkDC\270pU\210\036\014\253\2239\254h\303hCh"
 169      4443B870 
 169      55881E0C 
 169      AB9339AC 
 169      68C36843 
 170 009c 7EB43EB4 		.ascii	"~\264>\264N4\025Z7\232O\346\250\236\207\313\363\022"
 170      4E34155A 
 170      379A4FE6 
 170      A89E87CB 
 170      F312
 171 00ae 97926304 		.ascii	"\227\222c\004mp\016.\317<\\L\273E\346Z\214vS\346\234"
 171      6D700E2E 
 171      CF3C5C4C 
 171      BB45E65A 
 171      8C7653E6 
 172 00c3 440B28B8 		.ascii	"D\013(\270/\240\335F\253Rhg\361\010Z\217\"\026\2219"
 172      2FA0DD46 
 172      AB526867 
 172      F1085A8F 
 172      22169139 
 173 00d7 EB17D0CF 		.ascii	"\353\027\320\317reR\304\234\357\014\312\230D\021\243"
 173      726552C4 
 173      9CEF0CCA 
 173      984411A3 
 174 00e7 475E9F91 		.ascii	"G^\237\221\3175_\316\357\253\240\331\363\310g\232V\201"
 174      CF355FCE 
 174      EFABA0D9 
 174      F3C8679A 
 174      5681
 175 00f9 C56865CB 		.ascii	"\305he\313\226\342.\227\026\227f\243\232-\317\315\006"
 175      96E22E97 
 175      169766A3 
 175      9A2DCFCD 
 175      06
 176 010a 06D44B0E 		.ascii	"\006\324K\016Q\034\007\0344F\015)\213\3418\304\301\011"
 176      511C071C 
 176      34460D29 
 176      8BE138C4 
 176      C109
 177 011c 8843C62A 		.ascii	"\210C\306*X\202\237\237\250%\246\275G\373gLD\005l^\356"
 177      58829F9F 
 177      A825A6BD 
 177      47FB674C 
 177      44056C5E 
 178 0131 BA35605C 		.ascii	"\2725`\\~\022\335\234\324\353UE\302\235/kl\006\353a"
 178      7E12DD9C 
 178      D4EB5545 
 178      C29D2F6B 
 178      6C06EB61 
ARM GAS  C:\Users\Thomas\AppData\Local\Temp\cc5MzEia.s 			page 13


 179 0145 3A5E17AC 		.ascii	":^\027\254\035\360\233i\027\365\206B\255\0248\031\234"
 179      1DF09B69 
 179      17F58642 
 179      AD143819 
 179      9C
 180 0156 0402A760 		.ascii	"\004\002\247`9\303\2629w\202j\260\242\343\340\235\276"
 180      39C3B239 
 180      77826AB0 
 180      A2E3E09D 
 180      BE
 181 0167 26037997 		.ascii	"&\003y\227\263W\016\323K\032N\342.+\327\206)8C\215\202"
 181      B3570ED3 
 181      4B1A4EE2 
 181      2E2BD786 
 181      2938438D 
 182 017c A126CCE0 		.ascii	"\241&\314\340\341\014S\245\355EF\362\001g\370\273\177"
 182      E10C53A5 
 182      ED4546F2 
 182      0167F8BB 
 182      7F
 183 018d EA1E93E1 		.ascii	"\352\036\223\341\256s\373e\206\367\270\177\255\302\277"
 183      AE73FB65 
 183      86F7B87F 
 183      ADC2BF
 184 019c 36EC5FC7 		.ascii	"6\354_\307\375\277\273X\374@Ml\334\237\006\332\312U"
 184      FDBFBB58 
 184      FC404D6C 
 184      DC9F06DA 
 184      CA55
 185 01ae 92BFB342 		.ascii	"\222\277\263B\351\177Z\341\177:\354\177\206\373\037"
 185      E97F5AE1 
 185      7F3AEC7F 
 185      86FB1F
 186 01bd 2DDF3365 		.ascii	"-\3373e!\237r\377\251\021\347\254\221\235\200\006}\023"
 186      219F72FF 
 186      A911E7AC 
 186      919D8006 
 186      7D13
 187 01cf 81D53FD2 		.ascii	"\201\325?\322#\371\364y($\247\341\254\202\344l\230\244"
 187      23F9F479 
 187      2824A7E1 
 187      AC82E46C 
 187      98A4
 188 01e1 9E930C57 		.ascii	"\236\223\014WV\326k\311\036\340,\023\017\202g\325\234"
 188      56D66BC9 
 188      1EE02C13 
 188      0F8267D5 
 188      9C
 189 01f2 C55D58BE 		.ascii	"\305]X\276\327\252\220\321\240`h\01034r\206\261'c\355"
 189      D7AA90D1 
 189      A0606808 
 189      33347286 
 189      B12763ED 
 190 0206 3A7EE12B 		.ascii	":~\341+\031G\361\327MM\026~\341Z\266\274\373o\177\265"
 190      1947F1D7 
 190      4D4D167E 
 190      E15AB6BC 
ARM GAS  C:\Users\Thomas\AppData\Local\Temp\cc5MzEia.s 			page 14


 190      FB6F7FB5 
 191 021a 851449FC 		.ascii	"\205\024I\374\203\255\373\366\351\311/\322bw\345\271"
 191      83ADFBF6 
 191      E9C92FD2 
 191      6277E5B9 
 192 022a FDCC6FB1 		.ascii	"\375\314o\261\221_dQoi\033\341\313\020\373Y\345\367"
 192      915F6451 
 192      6F691BE1 
 192      CB10FB59 
 192      E5F7
 193 023c 7F3F43C0 		.ascii	"\177?C\300\230\340\2444\237\006\213)Y*\300\3628x+N\200"
 193      98E0A434 
 193      9F068B29 
 193      592AC0F2 
 193      38782B4E 
 194 0251 DF200161 		.ascii	"\337 \001a\\\017\234\303\3429\217\305s\014K#\350\353"
 194      5C0F9CC3 
 194      E2398FC5 
 194      730C4B23 
 194      E8EB
 195 0263 38B9C141 		.ascii	"8\271\301A\327\300\0050B\313\013\305<\202\\.\255\236"
 195      D7C00530 
 195      42CB0BC5 
 195      3C825C2E 
 195      AD9E
 196 0275 7E979E74 		.ascii	"~\227\236tK\012z\003O\037\232\271\362\030\266,\035\272"
 196      4B0A7A03 
 196      4F1F9AB9 
 196      F218B62C 
 196      1DBA
 197 0287 FD8870E5 		.ascii	"\375\210p\345*\266\374\371\301\275\363\006r-Z\254U\022"
 197      2AB6FCF9 
 197      C1BDF306 
 197      722D5AAC 
 197      5512
 198 0299 5B72E769 		.ascii	"[r\347i\275\236/C!\302\324\316Nx\216k!\301\310d\270"
 198      BD9E2F43 
 198      21C2D4CE 
 198      4E788E6B 
 198      21C1C864 
 199 02ae 4F2D02E8 		.ascii	"O-\002\350D\011\355\021\011VY\002?\015uP\315\011\213"
 199      4409ED11 
 199      09565902 
 199      3F0D7550 
 199      CD098B
 200 02c1 005ED4DE 		.ascii	"\000^\324\336\206\332\241\003\017d\225\017\364;n^\304"
 200      86DAA103 
 200      0F64950F 
 200      F43B6E5E 
 200      C4
 201 02d2 4D56DB3D 		.ascii	"MV\333=]\367u\344\206\244\340Y\223\303\241\"\323|\241"
 201      5DF775E4 
 201      86A4E059 
 201      93C3A122 
 201      D37CA1
 202 02e5 B9D8D750 		.ascii	"\271\330\327P\250\206\370\370\330\204x72\006}\216\237"
 202      A886F8F8 
ARM GAS  C:\Users\Thomas\AppData\Local\Temp\cc5MzEia.s 			page 15


 202      D8847837 
 202      32067D8E 
 202      9F
 203 02f6 2C2EEA6E 		.ascii	",.\352n\223\342\376\201q{!6\302\377&{\\^\366\304\004"
 203      93E2FE81 
 203      717B2136 
 203      C2FF267B 
 203      5C5EF6C4 
 204 030b 061FFFAB 		.ascii	"\006\037\377\2531\325\273\233\3604\265\312X9\265\034"
 204      31D5BB9B 
 204      F034B5CA 
 204      5839B51C 
 205 031b F936031E 		.ascii	"\3716\003\036\344o\224\32259\002\374\212DM\374\2052"
 205      E46F94D2 
 205      353902FC 
 205      8A444DFC 
 205      8532
 206 032d 28CA844B 		.ascii	"(\312\204K\250\270\007\342\241\033\315\007\361\374l"
 206      A8B807E2 
 206      A11BCD07 
 206      F1FC6C
 207 033c ECECE3D3 		.ascii	"\354\354\343\323\253\364\014$\204\253E\032<\352\335"
 207      ABF40C24 
 207      84AB451A 
 207      3CEADD
 208 034b A6CFBCF9 		.ascii	"\246\317\274\371\204+\354\232S\341q\256\020\263\371"
 208      842BEC9A 
 208      53E171AE 
 208      10B3F9
 209 035a B4BD6EEC 		.ascii	"\264\275n\3545H\210\345\214\263Z\200>\3046G\262\311"
 209      354888E5 
 209      8CB35A80 
 209      3EC43647 
 209      B2C9
 210 036c 02F03197 		.ascii	"\002\3601\227H\270\214\332\026\322\211\311<|\350q\205"
 210      48B88CDA 
 210      16D289C9 
 210      3C7CE871 
 210      85
 211 037d 993C9232 		.ascii	"\231<\2222\273\277\263\305\241M\252\247N\367R\036\210"
 211      BBBFB3C5 
 211      A14DAAA7 
 211      4EF7521E 
 211      88
 212 038e E1595931 		.ascii	"\341YY1\037v\033>\351\233A\333\352\036\016\251\227\035"
 212      1F761B3E 
 212      E99B41DB 
 212      EA1E0EA9 
 212      971D
 213 03a0 C13B0ED6 		.ascii	"\301;\016\326\016O\302n\352\306\333do\204;^\221\024"
 213      0E4FC26E 
 213      EAC6DB64 
 213      6F843B5E 
 213      9114
 214 03b2 2AD27585 		.ascii	"*\322u\205=\025\370\023\222\004\270\012\313Xw\274|}"
 214      3D15F813 
 214      9204B80A 
ARM GAS  C:\Users\Thomas\AppData\Local\Temp\cc5MzEia.s 			page 16


 214      CB5877BC 
 214      7C7D
 215 03c4 9490E752 		.ascii	"\224\220\347R\340\240\263\360\216\332\350d\365\360\212"
 215      E0A0B3F0 
 215      8EDAE864 
 215      F5F08A
 216 03d3 25A12AA9 		.ascii	"%\241*\251\271Y\012r\235\005}\025\255\346nJ\3650\210"
 216      B9590A72 
 216      9D057D15 
 216      ADE66E4A 
 216      F53088
 217 03e6 29ED8FA4 		.ascii	")\355\217\244g\000\"\3256\007\365\265\271\253m\377\364"
 217      670022D5 
 217      3607F5B5 
 217      B9AB6DFF 
 217      F4
 218 03f7 3FE5A6B0 		.ascii	"?\345\246\260\032\347+\271T\2657\227\231\314\005\254"
 218      1AE72BB9 
 218      54B53797 
 218      99CC05AC 
 219 0407 A6B19B1B 		.ascii	"\246\261\233\033\272,0\204J\"\375|\030\314\274Q\340"
 219      BA2C3084 
 219      4A22FD7C 
 219      18CCBC51 
 219      E0
 220 0418 37A23B86 		.ascii	"7\242;\206\252\356\233\243\320,i\021\264_F\3739\272"
 220      AAEE9BA3 
 220      D02C6911 
 220      B45F46FB 
 220      39BA
 221 042a E2602789 		.ascii	"\342`'\211\002\017FQ\217\310\340\021\016.\371\241\267"
 221      020F4651 
 221      8FC8E011 
 221      0E2EF9A1 
 221      B7
 222 043b 4C47F6F0 		.ascii	"LG\366\360\377\012\365\344\314\350\023\035\304\031\022"
 222      FF0AF5E4 
 222      CCE8131D 
 222      C41912
 223 044a E25C989B 		.ascii	"\342\\\230\233\233`\020\366\361\036\222\177 \346\313"
 223      9B6010F6 
 223      F11E927F 
 223      20E6CB
 224 0459 173D6414 		.ascii	"\027=d\024O\304~\022\340\006r\216\311\035\304\211\315"
 224      4FC47E12 
 224      E006728E 
 224      C91DC489 
 224      CD
 225 046a 0377E1BA 		.ascii	"\003w\341\272\334\342\244\341\302}\211\210}\260n]\362"
 225      DCE2A4E1 
 225      C27D8988 
 225      7DB06E5D 
 225      F2
 226 047b ED313D29 		.ascii	"\3551=)\220\376\232\032\036\0274/\222\362\366\377m\012"
 226      90FE9A1A 
 226      1E17342F 
 226      92F2F6FF 
ARM GAS  C:\Users\Thomas\AppData\Local\Temp\cc5MzEia.s 			page 17


 226      6D0A
 227 048d AF70E072 		.ascii	"\257p\340r\301\240Ajl/{L\314\323\330\334\317\022\365"
 227      C1A0416A 
 227      6C2F7B4C 
 227      CCD3D8DC 
 227      CF12F5
 228 04a0 10C0F38F 		.ascii	"\020\300\363\217G.\371\026D\272\3327\201R_tf\003Q\311"
 228      472EF916 
 228      44BADA37 
 228      81525F74 
 228      660351C9 
 229 04b4 9A949335 		.ascii	"\232\224\2235\311\2235\352\362\026\250\243\320\254\303"
 229      C99335EA 
 229      F216A8A3 
 229      D0ACC3
 230 04c3 47D0B7C1 		.ascii	"G\320\267\301\034\016\202SaQ\312\2524[\372Wb\262=\353"
 230      1C0E8253 
 230      6151CAAA 
 230      345BFA57 
 230      62B23DEB 
 231 04d7 F36D99DA 		.ascii	"\363m\231\332\365\037m\266&\013o\254H]/f\2119\351\271"
 231      F51F6DB6 
 231      260B6FAC 
 231      485D2F66 
 231      8939E9B9 
 232 04eb E2D6349B 		.ascii	"\342\3264\233=/'CLM\261\331\223\337IEt\312\207+2\204"
 232      3D2F2743 
 232      4C4DB1D9 
 232      93DF4945 
 232      74CA872B 
 233 0501 189C6C14 		.ascii	"\030\234l\024w\346\332sdO=\343\331!\212\331\006\234"
 233      77E6DA73 
 233      644F3DE3 
 233      D9218AD9 
 233      069C
 234 0513 7C9CBE5D 		.ascii	"|\234\276]\314\313\326\261\255\\{\366\353\013\260\255"
 234      CCCBD6B1 
 234      AD5C7BF6 
 234      EB0BB0AD 
 235 0523 F842600E 		.ascii	"\370B`\016\357g\245o\331!2\322uk\2237lNI\263m\332\270"
 235      EF67A56F 
 235      D92132D2 
 235      756B9337 
 235      6C4E49B3 
 236 053a 39799326 		.ascii	"9y\223&o[V\356\352e\363\372g\354\312\335\225-\356D\022"
 236      6F5B56EE 
 236      EA65F3FA 
 236      67ECCADD 
 236      952DEE44 
 237 054f 93C8196C 		.ascii	"\223\310\031l\271\010\3222\257\304$\323N<\226-g\355"
 237      B908D232 
 237      AFC424D3 
 237      4E3C962D 
 237      67ED
 238 0561 CA8D6266 		.ascii	"\312\215bfx\236\210s\026oKz\306\366\274lM\216\230\231"
 238      789E8873 
 238      166F4B7A 
ARM GAS  C:\Users\Thomas\AppData\Local\Temp\cc5MzEia.s 			page 18


 238      C6F6BC6C 
 238      4D8E9899 
 239 0575 98A4495B 		.ascii	"\230\244I[g\267\357P\343|\365\177\221T\340\210"
 239      67B7EF50 
 239      E37CF57F 
 239      9154E088 
 240              		.text
 241              		.section	.gnu.lto_.symtab.b949af08,"",%progbits
 242 0000 50325F53 		.ascii	"P2_SaveConfig\000\000\000\000\000\000\000\000\000\000"
 242      61766543 
 242      6F6E6669 
 242      67000000 
 242      00000000 
 243 0017 0000AC00 		.ascii	"\000\000\254\000\000\000P2_RestoreConfig\000\000\000"
 243      00005032 
 243      5F526573 
 243      746F7265 
 243      436F6E66 
 244 0030 00000000 		.ascii	"\000\000\000\000\000\000\000\000\000\256\000\000\000"
 244      00000000 
 244      00AE0000 
 244      00
 245 003d 50325F53 		.ascii	"P2_Sleep\000\000\000\000\000\000\000\000\000\000\000"
 245      6C656570 
 245      00000000 
 245      00000000 
 245      000000
 246 0050 00B00000 		.ascii	"\000\260\000\000\000P2_Wakeup\000\000\000\000\000\000"
 246      0050325F 
 246      57616B65 
 246      75700000 
 246      00000000 
 247 0064 00000000 		.ascii	"\000\000\000\000\000\000\262\000\000\000P2_Stop\000"
 247      0000B200 
 247      00005032 
 247      5F53746F 
 247      7000
 248 0076 00020000 		.ascii	"\000\002\000\000\000\000\000\000\000\000\000\264\000"
 248      00000000 
 248      000000B4 
 248      00
 249 0083 00005032 		.ascii	"\000\000P2_Enable\000\000\002\000\000\000\000\000\000"
 249      5F456E61 
 249      626C6500 
 249      00020000 
 249      00000000 
 250 0097 000000B6 		.ascii	"\000\000\000\266\000\000\000"
 250      000000
 251              		.text
 252              		.section	.gnu.lto_.opts,"",%progbits
 253 0000 272D666E 		.ascii	"'-fno-trapv' '-mcpu=cortex-m3' '-mthumb' '-g' '-O3'"
 253      6F2D7472 
 253      61707627 
 253      20272D6D 
 253      6370753D 
 254 0033 20272D66 		.ascii	" '-ffunction-sections' '-finline-functions' '-flto'"
 254      66756E63 
ARM GAS  C:\Users\Thomas\AppData\Local\Temp\cc5MzEia.s 			page 19


 254      74696F6E 
 254      2D736563 
 254      74696F6E 
 255 0066 20272D66 		.ascii	" '-ffat-lto-objects'\000"
 255      6661742D 
 255      6C746F2D 
 255      6F626A65 
 255      63747327 
 256              		.text
 257              		.cfi_sections	.debug_frame
 258              		.section	.text.P2_SaveConfig,"ax",%progbits
 259              		.align	2
 260              		.global	P2_SaveConfig
 261              		.thumb
 262              		.thumb_func
 263              		.type	P2_SaveConfig, %function
 264              	P2_SaveConfig:
 265              	.LFB0:
 266              		.file 1 ".\\Generated_Source\\PSoC5\\P2_PM.c"
   1:.\Generated_Source\PSoC5/P2_PM.c **** /*******************************************************************************
   2:.\Generated_Source\PSoC5/P2_PM.c **** * File Name: P2_PM.c
   3:.\Generated_Source\PSoC5/P2_PM.c **** * Version 2.30
   4:.\Generated_Source\PSoC5/P2_PM.c **** *
   5:.\Generated_Source\PSoC5/P2_PM.c **** * Description:
   6:.\Generated_Source\PSoC5/P2_PM.c **** *  This file provides the API source code for sleep mode support for Shift
   7:.\Generated_Source\PSoC5/P2_PM.c **** *  Register component.
   8:.\Generated_Source\PSoC5/P2_PM.c **** *
   9:.\Generated_Source\PSoC5/P2_PM.c **** * Note:
  10:.\Generated_Source\PSoC5/P2_PM.c **** *
  11:.\Generated_Source\PSoC5/P2_PM.c **** ********************************************************************************
  12:.\Generated_Source\PSoC5/P2_PM.c **** * Copyright 2008-2013, Cypress Semiconductor Corporation.  All rights reserved.
  13:.\Generated_Source\PSoC5/P2_PM.c **** * You may use this file only in accordance with the license, terms, conditions,
  14:.\Generated_Source\PSoC5/P2_PM.c **** * disclaimers, and limitations in the end user license agreement accompanying
  15:.\Generated_Source\PSoC5/P2_PM.c **** * the software package with which this file was provided.
  16:.\Generated_Source\PSoC5/P2_PM.c **** *******************************************************************************/
  17:.\Generated_Source\PSoC5/P2_PM.c **** 
  18:.\Generated_Source\PSoC5/P2_PM.c **** #include "P2.h"
  19:.\Generated_Source\PSoC5/P2_PM.c **** 
  20:.\Generated_Source\PSoC5/P2_PM.c **** static P2_BACKUP_STRUCT P2_backup =
  21:.\Generated_Source\PSoC5/P2_PM.c **** {
  22:.\Generated_Source\PSoC5/P2_PM.c ****     P2_DISABLED,
  23:.\Generated_Source\PSoC5/P2_PM.c **** 
  24:.\Generated_Source\PSoC5/P2_PM.c ****     ((uint16) P2_DEFAULT_A0),
  25:.\Generated_Source\PSoC5/P2_PM.c ****     ((uint16) P2_DEFAULT_A1),
  26:.\Generated_Source\PSoC5/P2_PM.c **** 
  27:.\Generated_Source\PSoC5/P2_PM.c ****     #if(CY_UDB_V0)
  28:.\Generated_Source\PSoC5/P2_PM.c ****         ((uint16) P2_INT_SRC),
  29:.\Generated_Source\PSoC5/P2_PM.c ****     #endif /* (CY_UDB_V0) */
  30:.\Generated_Source\PSoC5/P2_PM.c **** };
  31:.\Generated_Source\PSoC5/P2_PM.c **** 
  32:.\Generated_Source\PSoC5/P2_PM.c **** 
  33:.\Generated_Source\PSoC5/P2_PM.c **** /*******************************************************************************
  34:.\Generated_Source\PSoC5/P2_PM.c **** * Function Name: P2_SaveConfig
  35:.\Generated_Source\PSoC5/P2_PM.c **** ********************************************************************************
  36:.\Generated_Source\PSoC5/P2_PM.c **** *
  37:.\Generated_Source\PSoC5/P2_PM.c **** * Summary:
  38:.\Generated_Source\PSoC5/P2_PM.c **** *  Saves Shift Register configuration.
ARM GAS  C:\Users\Thomas\AppData\Local\Temp\cc5MzEia.s 			page 20


  39:.\Generated_Source\PSoC5/P2_PM.c **** *
  40:.\Generated_Source\PSoC5/P2_PM.c **** * Parameters:
  41:.\Generated_Source\PSoC5/P2_PM.c **** *  None.
  42:.\Generated_Source\PSoC5/P2_PM.c **** *
  43:.\Generated_Source\PSoC5/P2_PM.c **** * Return:
  44:.\Generated_Source\PSoC5/P2_PM.c **** *  None.
  45:.\Generated_Source\PSoC5/P2_PM.c **** *
  46:.\Generated_Source\PSoC5/P2_PM.c **** * Reentrant:
  47:.\Generated_Source\PSoC5/P2_PM.c **** *  No.
  48:.\Generated_Source\PSoC5/P2_PM.c **** *
  49:.\Generated_Source\PSoC5/P2_PM.c **** *******************************************************************************/
  50:.\Generated_Source\PSoC5/P2_PM.c **** void P2_SaveConfig(void) 
  51:.\Generated_Source\PSoC5/P2_PM.c **** {
 267              		.loc 1 51 0
 268              		.cfi_startproc
 269              		@ args = 0, pretend = 0, frame = 0
 270              		@ frame_needed = 0, uses_anonymous_args = 0
 271              		@ link register save eliminated.
  52:.\Generated_Source\PSoC5/P2_PM.c ****     /* Store working registers A0 and A1 */
  53:.\Generated_Source\PSoC5/P2_PM.c ****     P2_backup.saveSrA0Reg   = CY_GET_REG16(P2_SHIFT_REG_LSB_PTR);
 272              		.loc 1 53 0
 273 0000 034B     		ldr	r3, .L2
  54:.\Generated_Source\PSoC5/P2_PM.c ****     P2_backup.saveSrA1Reg   = CY_GET_REG16(P2_SHIFT_REG_VALUE_LSB_PTR);
 274              		.loc 1 54 0
 275 0002 044A     		ldr	r2, .L2+4
  53:.\Generated_Source\PSoC5/P2_PM.c ****     P2_backup.saveSrA1Reg   = CY_GET_REG16(P2_SHIFT_REG_VALUE_LSB_PTR);
 276              		.loc 1 53 0
 277 0004 1988     		ldrh	r1, [r3]
 278 0006 044B     		ldr	r3, .L2+8
 279              		.loc 1 54 0
 280 0008 1288     		ldrh	r2, [r2]
  53:.\Generated_Source\PSoC5/P2_PM.c ****     P2_backup.saveSrA1Reg   = CY_GET_REG16(P2_SHIFT_REG_VALUE_LSB_PTR);
 281              		.loc 1 53 0
 282 000a 5980     		strh	r1, [r3, #2]	@ movhi
 283              		.loc 1 54 0
 284 000c 9A80     		strh	r2, [r3, #4]	@ movhi
 285 000e 7047     		bx	lr
 286              	.L3:
 287              		.align	2
 288              	.L2:
 289 0010 06650040 		.word	1073767686
 290 0014 16650040 		.word	1073767702
 291 0018 00000000 		.word	.LANCHOR0
 292              		.cfi_endproc
 293              	.LFE0:
 294              		.size	P2_SaveConfig, .-P2_SaveConfig
 295              		.section	.text.P2_RestoreConfig,"ax",%progbits
 296              		.align	2
 297              		.global	P2_RestoreConfig
 298              		.thumb
 299              		.thumb_func
 300              		.type	P2_RestoreConfig, %function
 301              	P2_RestoreConfig:
 302              	.LFB1:
  55:.\Generated_Source\PSoC5/P2_PM.c **** 
  56:.\Generated_Source\PSoC5/P2_PM.c ****     #if(CY_UDB_V0)
  57:.\Generated_Source\PSoC5/P2_PM.c ****         P2_backup.saveSrIntMask = P2_SR_STATUS_MASK;
ARM GAS  C:\Users\Thomas\AppData\Local\Temp\cc5MzEia.s 			page 21


  58:.\Generated_Source\PSoC5/P2_PM.c ****     #endif /* (CY_UDB_V0) */
  59:.\Generated_Source\PSoC5/P2_PM.c **** }
  60:.\Generated_Source\PSoC5/P2_PM.c **** 
  61:.\Generated_Source\PSoC5/P2_PM.c **** 
  62:.\Generated_Source\PSoC5/P2_PM.c **** /*******************************************************************************
  63:.\Generated_Source\PSoC5/P2_PM.c **** * Function Name: P2_RestoreConfig
  64:.\Generated_Source\PSoC5/P2_PM.c **** ********************************************************************************
  65:.\Generated_Source\PSoC5/P2_PM.c **** *
  66:.\Generated_Source\PSoC5/P2_PM.c **** * Summary:
  67:.\Generated_Source\PSoC5/P2_PM.c **** *  Restores Shift Register configuration.
  68:.\Generated_Source\PSoC5/P2_PM.c **** *
  69:.\Generated_Source\PSoC5/P2_PM.c **** * Parameters:
  70:.\Generated_Source\PSoC5/P2_PM.c **** *  None.
  71:.\Generated_Source\PSoC5/P2_PM.c **** *
  72:.\Generated_Source\PSoC5/P2_PM.c **** * Return:
  73:.\Generated_Source\PSoC5/P2_PM.c **** *  None.
  74:.\Generated_Source\PSoC5/P2_PM.c **** *
  75:.\Generated_Source\PSoC5/P2_PM.c **** *******************************************************************************/
  76:.\Generated_Source\PSoC5/P2_PM.c **** void P2_RestoreConfig(void) 
  77:.\Generated_Source\PSoC5/P2_PM.c **** {
 303              		.loc 1 77 0
 304              		.cfi_startproc
 305              		@ args = 0, pretend = 0, frame = 0
 306              		@ frame_needed = 0, uses_anonymous_args = 0
 307              		@ link register save eliminated.
  78:.\Generated_Source\PSoC5/P2_PM.c ****     /* Restore working registers A0 and A1 */
  79:.\Generated_Source\PSoC5/P2_PM.c ****     CY_SET_REG16(P2_SHIFT_REG_LSB_PTR, P2_backup.saveSrA0Reg);
 308              		.loc 1 79 0
 309 0000 034B     		ldr	r3, .L5
 310 0002 0449     		ldr	r1, .L5+4
  80:.\Generated_Source\PSoC5/P2_PM.c ****     CY_SET_REG16(P2_SHIFT_REG_VALUE_LSB_PTR, P2_backup.saveSrA1Reg);
 311              		.loc 1 80 0
 312 0004 9A88     		ldrh	r2, [r3, #4]
  79:.\Generated_Source\PSoC5/P2_PM.c ****     CY_SET_REG16(P2_SHIFT_REG_VALUE_LSB_PTR, P2_backup.saveSrA1Reg);
 313              		.loc 1 79 0
 314 0006 5888     		ldrh	r0, [r3, #2]
 315              		.loc 1 80 0
 316 0008 034B     		ldr	r3, .L5+8
  79:.\Generated_Source\PSoC5/P2_PM.c ****     CY_SET_REG16(P2_SHIFT_REG_VALUE_LSB_PTR, P2_backup.saveSrA1Reg);
 317              		.loc 1 79 0
 318 000a 0880     		strh	r0, [r1]	@ movhi
 319              		.loc 1 80 0
 320 000c 1A80     		strh	r2, [r3]	@ movhi
 321 000e 7047     		bx	lr
 322              	.L6:
 323              		.align	2
 324              	.L5:
 325 0010 00000000 		.word	.LANCHOR0
 326 0014 06650040 		.word	1073767686
 327 0018 16650040 		.word	1073767702
 328              		.cfi_endproc
 329              	.LFE1:
 330              		.size	P2_RestoreConfig, .-P2_RestoreConfig
 331              		.section	.text.P2_Sleep,"ax",%progbits
 332              		.align	2
 333              		.global	P2_Sleep
 334              		.thumb
ARM GAS  C:\Users\Thomas\AppData\Local\Temp\cc5MzEia.s 			page 22


 335              		.thumb_func
 336              		.type	P2_Sleep, %function
 337              	P2_Sleep:
 338              	.LFB2:
  81:.\Generated_Source\PSoC5/P2_PM.c **** 
  82:.\Generated_Source\PSoC5/P2_PM.c ****     #if(CY_UDB_V0)
  83:.\Generated_Source\PSoC5/P2_PM.c ****         P2_SR_STATUS_MASK = ((uint8) P2_backup.saveSrIntMask);
  84:.\Generated_Source\PSoC5/P2_PM.c ****     #endif /* (CY_UDB_V0) */
  85:.\Generated_Source\PSoC5/P2_PM.c **** }
  86:.\Generated_Source\PSoC5/P2_PM.c **** 
  87:.\Generated_Source\PSoC5/P2_PM.c **** 
  88:.\Generated_Source\PSoC5/P2_PM.c **** /*******************************************************************************
  89:.\Generated_Source\PSoC5/P2_PM.c **** * Function Name: P2_Sleep
  90:.\Generated_Source\PSoC5/P2_PM.c **** ********************************************************************************
  91:.\Generated_Source\PSoC5/P2_PM.c **** *
  92:.\Generated_Source\PSoC5/P2_PM.c **** * Summary:
  93:.\Generated_Source\PSoC5/P2_PM.c **** *  Prepare the component to enter a Sleep mode.
  94:.\Generated_Source\PSoC5/P2_PM.c **** *
  95:.\Generated_Source\PSoC5/P2_PM.c **** * Parameters:
  96:.\Generated_Source\PSoC5/P2_PM.c **** *  None.
  97:.\Generated_Source\PSoC5/P2_PM.c **** *
  98:.\Generated_Source\PSoC5/P2_PM.c **** * Return:
  99:.\Generated_Source\PSoC5/P2_PM.c **** *  None.
 100:.\Generated_Source\PSoC5/P2_PM.c **** *
 101:.\Generated_Source\PSoC5/P2_PM.c **** * Reentrant:
 102:.\Generated_Source\PSoC5/P2_PM.c **** *  No.
 103:.\Generated_Source\PSoC5/P2_PM.c **** *
 104:.\Generated_Source\PSoC5/P2_PM.c **** *******************************************************************************/
 105:.\Generated_Source\PSoC5/P2_PM.c **** void P2_Sleep(void) 
 106:.\Generated_Source\PSoC5/P2_PM.c **** {
 339              		.loc 1 106 0
 340              		.cfi_startproc
 341              		@ args = 0, pretend = 0, frame = 0
 342              		@ frame_needed = 0, uses_anonymous_args = 0
 343 0000 10B5     		push	{r4, lr}
 344              		.cfi_def_cfa_offset 8
 345              		.cfi_offset 4, -8
 346              		.cfi_offset 14, -4
 107:.\Generated_Source\PSoC5/P2_PM.c ****     P2_backup.enableState = ((uint8) P2_IS_ENABLED);
 347              		.loc 1 107 0
 348 0002 074B     		ldr	r3, .L9
 349 0004 074C     		ldr	r4, .L9+4
 350 0006 1B78     		ldrb	r3, [r3]	@ zero_extendqisi2
 351 0008 03F00103 		and	r3, r3, #1
 352 000c 2370     		strb	r3, [r4]
 108:.\Generated_Source\PSoC5/P2_PM.c **** 
 109:.\Generated_Source\PSoC5/P2_PM.c ****     P2_Stop();
 353              		.loc 1 109 0
 354 000e FFF7FEFF 		bl	P2_Stop
 355              	.LVL0:
 356              	.LBB6:
 357              	.LBB7:
  53:.\Generated_Source\PSoC5/P2_PM.c ****     P2_backup.saveSrA1Reg   = CY_GET_REG16(P2_SHIFT_REG_VALUE_LSB_PTR);
 358              		.loc 1 53 0
 359 0012 054A     		ldr	r2, .L9+8
  54:.\Generated_Source\PSoC5/P2_PM.c **** 
 360              		.loc 1 54 0
ARM GAS  C:\Users\Thomas\AppData\Local\Temp\cc5MzEia.s 			page 23


 361 0014 054B     		ldr	r3, .L9+12
  53:.\Generated_Source\PSoC5/P2_PM.c ****     P2_backup.saveSrA1Reg   = CY_GET_REG16(P2_SHIFT_REG_VALUE_LSB_PTR);
 362              		.loc 1 53 0
 363 0016 1288     		ldrh	r2, [r2]
  54:.\Generated_Source\PSoC5/P2_PM.c **** 
 364              		.loc 1 54 0
 365 0018 1B88     		ldrh	r3, [r3]
  53:.\Generated_Source\PSoC5/P2_PM.c ****     P2_backup.saveSrA1Reg   = CY_GET_REG16(P2_SHIFT_REG_VALUE_LSB_PTR);
 366              		.loc 1 53 0
 367 001a 6280     		strh	r2, [r4, #2]	@ movhi
  54:.\Generated_Source\PSoC5/P2_PM.c **** 
 368              		.loc 1 54 0
 369 001c A380     		strh	r3, [r4, #4]	@ movhi
 370 001e 10BD     		pop	{r4, pc}
 371              	.L10:
 372              		.align	2
 373              	.L9:
 374 0020 77650040 		.word	1073767799
 375 0024 00000000 		.word	.LANCHOR0
 376 0028 06650040 		.word	1073767686
 377 002c 16650040 		.word	1073767702
 378              	.LBE7:
 379              	.LBE6:
 380              		.cfi_endproc
 381              	.LFE2:
 382              		.size	P2_Sleep, .-P2_Sleep
 383              		.section	.text.P2_Wakeup,"ax",%progbits
 384              		.align	2
 385              		.global	P2_Wakeup
 386              		.thumb
 387              		.thumb_func
 388              		.type	P2_Wakeup, %function
 389              	P2_Wakeup:
 390              	.LFB3:
 110:.\Generated_Source\PSoC5/P2_PM.c ****     P2_SaveConfig();
 111:.\Generated_Source\PSoC5/P2_PM.c **** }
 112:.\Generated_Source\PSoC5/P2_PM.c **** 
 113:.\Generated_Source\PSoC5/P2_PM.c **** 
 114:.\Generated_Source\PSoC5/P2_PM.c **** /*******************************************************************************
 115:.\Generated_Source\PSoC5/P2_PM.c **** * Function Name: P2_Wakeup
 116:.\Generated_Source\PSoC5/P2_PM.c **** ********************************************************************************
 117:.\Generated_Source\PSoC5/P2_PM.c **** *
 118:.\Generated_Source\PSoC5/P2_PM.c **** * Summary:
 119:.\Generated_Source\PSoC5/P2_PM.c **** *  Restores and enables the user configuration.
 120:.\Generated_Source\PSoC5/P2_PM.c **** *
 121:.\Generated_Source\PSoC5/P2_PM.c **** * Parameters:
 122:.\Generated_Source\PSoC5/P2_PM.c **** *  None.
 123:.\Generated_Source\PSoC5/P2_PM.c **** *
 124:.\Generated_Source\PSoC5/P2_PM.c **** * Return:
 125:.\Generated_Source\PSoC5/P2_PM.c **** *  None.
 126:.\Generated_Source\PSoC5/P2_PM.c **** *
 127:.\Generated_Source\PSoC5/P2_PM.c **** *******************************************************************************/
 128:.\Generated_Source\PSoC5/P2_PM.c **** void P2_Wakeup(void) 
 129:.\Generated_Source\PSoC5/P2_PM.c **** {
 391              		.loc 1 129 0
 392              		.cfi_startproc
 393              		@ args = 0, pretend = 0, frame = 0
ARM GAS  C:\Users\Thomas\AppData\Local\Temp\cc5MzEia.s 			page 24


 394              		@ frame_needed = 0, uses_anonymous_args = 0
 395              		@ link register save eliminated.
 396 0000 10B4     		push	{r4}
 397              		.cfi_def_cfa_offset 4
 398              		.cfi_offset 4, -4
 399              	.LBB8:
 400              	.LBB9:
  79:.\Generated_Source\PSoC5/P2_PM.c ****     CY_SET_REG16(P2_SHIFT_REG_VALUE_LSB_PTR, P2_backup.saveSrA1Reg);
 401              		.loc 1 79 0
 402 0002 084B     		ldr	r3, .L16
 403 0004 0848     		ldr	r0, .L16+4
 404 0006 5C88     		ldrh	r4, [r3, #2]
  80:.\Generated_Source\PSoC5/P2_PM.c **** 
 405              		.loc 1 80 0
 406 0008 9988     		ldrh	r1, [r3, #4]
 407 000a 084A     		ldr	r2, .L16+8
  79:.\Generated_Source\PSoC5/P2_PM.c ****     CY_SET_REG16(P2_SHIFT_REG_VALUE_LSB_PTR, P2_backup.saveSrA1Reg);
 408              		.loc 1 79 0
 409 000c 0480     		strh	r4, [r0]	@ movhi
  80:.\Generated_Source\PSoC5/P2_PM.c **** 
 410              		.loc 1 80 0
 411 000e 1180     		strh	r1, [r2]	@ movhi
 412              	.LBE9:
 413              	.LBE8:
 130:.\Generated_Source\PSoC5/P2_PM.c ****     P2_RestoreConfig();
 131:.\Generated_Source\PSoC5/P2_PM.c **** 
 132:.\Generated_Source\PSoC5/P2_PM.c ****     if(0u != P2_backup.enableState)
 414              		.loc 1 132 0
 415 0010 1B78     		ldrb	r3, [r3]	@ zero_extendqisi2
 416 0012 13B9     		cbnz	r3, .L15
 133:.\Generated_Source\PSoC5/P2_PM.c ****     {
 134:.\Generated_Source\PSoC5/P2_PM.c ****         P2_Enable();
 135:.\Generated_Source\PSoC5/P2_PM.c ****     }
 136:.\Generated_Source\PSoC5/P2_PM.c **** }
 417              		.loc 1 136 0
 418 0014 5DF8044B 		ldr	r4, [sp], #4
 419              		.cfi_remember_state
 420              		.cfi_restore 4
 421              		.cfi_def_cfa_offset 0
 422 0018 7047     		bx	lr
 423              	.L15:
 424              		.cfi_restore_state
 425 001a 5DF8044B 		ldr	r4, [sp], #4
 426              		.cfi_restore 4
 427              		.cfi_def_cfa_offset 0
 134:.\Generated_Source\PSoC5/P2_PM.c ****     }
 428              		.loc 1 134 0
 429 001e FFF7FEBF 		b	P2_Enable
 430              	.LVL1:
 431              	.L17:
 432 0022 00BF     		.align	2
 433              	.L16:
 434 0024 00000000 		.word	.LANCHOR0
 435 0028 06650040 		.word	1073767686
 436 002c 16650040 		.word	1073767702
 437              		.cfi_endproc
 438              	.LFE3:
ARM GAS  C:\Users\Thomas\AppData\Local\Temp\cc5MzEia.s 			page 25


 439              		.size	P2_Wakeup, .-P2_Wakeup
 440              		.bss
 441              		.align	2
 442              		.set	.LANCHOR0,. + 0
 443              		.type	P2_backup, %object
 444              		.size	P2_backup, 6
 445              	P2_backup:
 446 0000 00000000 		.space	6
 446      0000
 447 0006 0000     		.text
 448              	.Letext0:
 449              		.file 2 ".\\Generated_Source\\PSoC5\\cytypes.h"
 450              		.file 3 ".\\Generated_Source\\PSoC5\\P2.h"
 451              		.section	.debug_info,"",%progbits
 452              	.Ldebug_info0:
 453 0000 9F010000 		.4byte	0x19f
 454 0004 0400     		.2byte	0x4
 455 0006 00000000 		.4byte	.Ldebug_abbrev0
 456 000a 04       		.byte	0x4
 457 000b 01       		.uleb128 0x1
 458 000c F8000000 		.4byte	.LASF27
 459 0010 01       		.byte	0x1
 460 0011 7D000000 		.4byte	.LASF28
 461 0015 BD000000 		.4byte	.LASF29
 462 0019 00000000 		.4byte	.Ldebug_ranges0+0
 463 001d 00000000 		.4byte	0
 464 0021 00000000 		.4byte	.Ldebug_line0
 465 0025 02       		.uleb128 0x2
 466 0026 01       		.byte	0x1
 467 0027 06       		.byte	0x6
 468 0028 25020000 		.4byte	.LASF0
 469 002c 02       		.uleb128 0x2
 470 002d 01       		.byte	0x1
 471 002e 08       		.byte	0x8
 472 002f 59000000 		.4byte	.LASF1
 473 0033 02       		.uleb128 0x2
 474 0034 02       		.byte	0x2
 475 0035 05       		.byte	0x5
 476 0036 06020000 		.4byte	.LASF2
 477 003a 02       		.uleb128 0x2
 478 003b 02       		.byte	0x2
 479 003c 07       		.byte	0x7
 480 003d 16000000 		.4byte	.LASF3
 481 0041 02       		.uleb128 0x2
 482 0042 04       		.byte	0x4
 483 0043 05       		.byte	0x5
 484 0044 10020000 		.4byte	.LASF4
 485 0048 02       		.uleb128 0x2
 486 0049 04       		.byte	0x4
 487 004a 07       		.byte	0x7
 488 004b 9E000000 		.4byte	.LASF5
 489 004f 02       		.uleb128 0x2
 490 0050 08       		.byte	0x8
 491 0051 05       		.byte	0x5
 492 0052 E9010000 		.4byte	.LASF6
 493 0056 02       		.uleb128 0x2
 494 0057 08       		.byte	0x8
ARM GAS  C:\Users\Thomas\AppData\Local\Temp\cc5MzEia.s 			page 26


 495 0058 07       		.byte	0x7
 496 0059 C9010000 		.4byte	.LASF7
 497 005d 03       		.uleb128 0x3
 498 005e 04       		.byte	0x4
 499 005f 05       		.byte	0x5
 500 0060 696E7400 		.ascii	"int\000"
 501 0064 02       		.uleb128 0x2
 502 0065 04       		.byte	0x4
 503 0066 07       		.byte	0x7
 504 0067 BC010000 		.4byte	.LASF8
 505 006b 04       		.uleb128 0x4
 506 006c B0000000 		.4byte	.LASF9
 507 0070 02       		.byte	0x2
 508 0071 9201     		.2byte	0x192
 509 0073 2C000000 		.4byte	0x2c
 510 0077 04       		.uleb128 0x4
 511 0078 9F010000 		.4byte	.LASF10
 512 007c 02       		.byte	0x2
 513 007d 9301     		.2byte	0x193
 514 007f 3A000000 		.4byte	0x3a
 515 0083 02       		.uleb128 0x2
 516 0084 04       		.byte	0x4
 517 0085 04       		.byte	0x4
 518 0086 10000000 		.4byte	.LASF11
 519 008a 02       		.uleb128 0x2
 520 008b 08       		.byte	0x8
 521 008c 04       		.byte	0x4
 522 008d B6000000 		.4byte	.LASF12
 523 0091 02       		.uleb128 0x2
 524 0092 01       		.byte	0x1
 525 0093 08       		.byte	0x8
 526 0094 01020000 		.4byte	.LASF13
 527 0098 04       		.uleb128 0x4
 528 0099 78000000 		.4byte	.LASF14
 529 009d 02       		.byte	0x2
 530 009e 3C02     		.2byte	0x23c
 531 00a0 A4000000 		.4byte	0xa4
 532 00a4 05       		.uleb128 0x5
 533 00a5 6B000000 		.4byte	0x6b
 534 00a9 04       		.uleb128 0x4
 535 00aa 00000000 		.4byte	.LASF15
 536 00ae 02       		.byte	0x2
 537 00af 3D02     		.2byte	0x23d
 538 00b1 B5000000 		.4byte	0xb5
 539 00b5 05       		.uleb128 0x5
 540 00b6 77000000 		.4byte	0x77
 541 00ba 02       		.uleb128 0x2
 542 00bb 04       		.byte	0x4
 543 00bc 07       		.byte	0x7
 544 00bd E0010000 		.4byte	.LASF16
 545 00c1 06       		.uleb128 0x6
 546 00c2 06       		.byte	0x6
 547 00c3 03       		.byte	0x3
 548 00c4 30       		.byte	0x30
 549 00c5 EE000000 		.4byte	0xee
 550 00c9 07       		.uleb128 0x7
 551 00ca 19020000 		.4byte	.LASF17
ARM GAS  C:\Users\Thomas\AppData\Local\Temp\cc5MzEia.s 			page 27


 552 00ce 03       		.byte	0x3
 553 00cf 32       		.byte	0x32
 554 00d0 6B000000 		.4byte	0x6b
 555 00d4 00       		.byte	0
 556 00d5 07       		.uleb128 0x7
 557 00d6 31020000 		.4byte	.LASF18
 558 00da 03       		.byte	0x3
 559 00db 34       		.byte	0x34
 560 00dc 77000000 		.4byte	0x77
 561 00e0 02       		.byte	0x2
 562 00e1 07       		.uleb128 0x7
 563 00e2 3A000000 		.4byte	.LASF19
 564 00e6 03       		.byte	0x3
 565 00e7 35       		.byte	0x35
 566 00e8 77000000 		.4byte	0x77
 567 00ec 04       		.byte	0x4
 568 00ed 00       		.byte	0
 569 00ee 08       		.uleb128 0x8
 570 00ef 29000000 		.4byte	.LASF20
 571 00f3 03       		.byte	0x3
 572 00f4 3B       		.byte	0x3b
 573 00f5 C1000000 		.4byte	0xc1
 574 00f9 09       		.uleb128 0x9
 575 00fa AE010000 		.4byte	.LASF21
 576 00fe 01       		.byte	0x1
 577 00ff 32       		.byte	0x32
 578 0100 01       		.byte	0x1
 579 0101 09       		.uleb128 0x9
 580 0102 67000000 		.4byte	.LASF22
 581 0106 01       		.byte	0x1
 582 0107 4C       		.byte	0x4c
 583 0108 01       		.byte	0x1
 584 0109 0A       		.uleb128 0xa
 585 010a F9000000 		.4byte	0xf9
 586 010e 00000000 		.4byte	.LFB0
 587 0112 1C000000 		.4byte	.LFE0-.LFB0
 588 0116 01       		.uleb128 0x1
 589 0117 9C       		.byte	0x9c
 590 0118 0A       		.uleb128 0xa
 591 0119 01010000 		.4byte	0x101
 592 011d 00000000 		.4byte	.LFB1
 593 0121 1C000000 		.4byte	.LFE1-.LFB1
 594 0125 01       		.uleb128 0x1
 595 0126 9C       		.byte	0x9c
 596 0127 0B       		.uleb128 0xb
 597 0128 50000000 		.4byte	.LASF23
 598 012c 01       		.byte	0x1
 599 012d 69       		.byte	0x69
 600 012e 00000000 		.4byte	.LFB2
 601 0132 30000000 		.4byte	.LFE2-.LFB2
 602 0136 01       		.uleb128 0x1
 603 0137 9C       		.byte	0x9c
 604 0138 55010000 		.4byte	0x155
 605 013c 0C       		.uleb128 0xc
 606 013d F9000000 		.4byte	0xf9
 607 0141 12000000 		.4byte	.LBB6
 608 0145 1E000000 		.4byte	.LBE6-.LBB6
ARM GAS  C:\Users\Thomas\AppData\Local\Temp\cc5MzEia.s 			page 28


 609 0149 01       		.byte	0x1
 610 014a 6E       		.byte	0x6e
 611 014b 0D       		.uleb128 0xd
 612 014c 12000000 		.4byte	.LVL0
 613 0150 94010000 		.4byte	0x194
 614 0154 00       		.byte	0
 615 0155 0B       		.uleb128 0xb
 616 0156 46000000 		.4byte	.LASF24
 617 015a 01       		.byte	0x1
 618 015b 80       		.byte	0x80
 619 015c 00000000 		.4byte	.LFB3
 620 0160 30000000 		.4byte	.LFE3-.LFB3
 621 0164 01       		.uleb128 0x1
 622 0165 9C       		.byte	0x9c
 623 0166 83010000 		.4byte	0x183
 624 016a 0C       		.uleb128 0xc
 625 016b 01010000 		.4byte	0x101
 626 016f 02000000 		.4byte	.LBB8
 627 0173 0E000000 		.4byte	.LBE8-.LBB8
 628 0177 01       		.byte	0x1
 629 0178 82       		.byte	0x82
 630 0179 0E       		.uleb128 0xe
 631 017a 22000000 		.4byte	.LVL1
 632 017e 9B010000 		.4byte	0x19b
 633 0182 00       		.byte	0
 634 0183 0F       		.uleb128 0xf
 635 0184 06000000 		.4byte	.LASF30
 636 0188 01       		.byte	0x1
 637 0189 14       		.byte	0x14
 638 018a EE000000 		.4byte	0xee
 639 018e 05       		.uleb128 0x5
 640 018f 03       		.byte	0x3
 641 0190 00000000 		.4byte	P2_backup
 642 0194 10       		.uleb128 0x10
 643 0195 A6010000 		.4byte	.LASF25
 644 0199 03       		.byte	0x3
 645 019a 43       		.byte	0x43
 646 019b 10       		.uleb128 0x10
 647 019c F7010000 		.4byte	.LASF26
 648 01a0 03       		.byte	0x3
 649 01a1 45       		.byte	0x45
 650 01a2 00       		.byte	0
 651              		.section	.debug_abbrev,"",%progbits
 652              	.Ldebug_abbrev0:
 653 0000 01       		.uleb128 0x1
 654 0001 11       		.uleb128 0x11
 655 0002 01       		.byte	0x1
 656 0003 25       		.uleb128 0x25
 657 0004 0E       		.uleb128 0xe
 658 0005 13       		.uleb128 0x13
 659 0006 0B       		.uleb128 0xb
 660 0007 03       		.uleb128 0x3
 661 0008 0E       		.uleb128 0xe
 662 0009 1B       		.uleb128 0x1b
 663 000a 0E       		.uleb128 0xe
 664 000b 55       		.uleb128 0x55
 665 000c 17       		.uleb128 0x17
ARM GAS  C:\Users\Thomas\AppData\Local\Temp\cc5MzEia.s 			page 29


 666 000d 11       		.uleb128 0x11
 667 000e 01       		.uleb128 0x1
 668 000f 10       		.uleb128 0x10
 669 0010 17       		.uleb128 0x17
 670 0011 00       		.byte	0
 671 0012 00       		.byte	0
 672 0013 02       		.uleb128 0x2
 673 0014 24       		.uleb128 0x24
 674 0015 00       		.byte	0
 675 0016 0B       		.uleb128 0xb
 676 0017 0B       		.uleb128 0xb
 677 0018 3E       		.uleb128 0x3e
 678 0019 0B       		.uleb128 0xb
 679 001a 03       		.uleb128 0x3
 680 001b 0E       		.uleb128 0xe
 681 001c 00       		.byte	0
 682 001d 00       		.byte	0
 683 001e 03       		.uleb128 0x3
 684 001f 24       		.uleb128 0x24
 685 0020 00       		.byte	0
 686 0021 0B       		.uleb128 0xb
 687 0022 0B       		.uleb128 0xb
 688 0023 3E       		.uleb128 0x3e
 689 0024 0B       		.uleb128 0xb
 690 0025 03       		.uleb128 0x3
 691 0026 08       		.uleb128 0x8
 692 0027 00       		.byte	0
 693 0028 00       		.byte	0
 694 0029 04       		.uleb128 0x4
 695 002a 16       		.uleb128 0x16
 696 002b 00       		.byte	0
 697 002c 03       		.uleb128 0x3
 698 002d 0E       		.uleb128 0xe
 699 002e 3A       		.uleb128 0x3a
 700 002f 0B       		.uleb128 0xb
 701 0030 3B       		.uleb128 0x3b
 702 0031 05       		.uleb128 0x5
 703 0032 49       		.uleb128 0x49
 704 0033 13       		.uleb128 0x13
 705 0034 00       		.byte	0
 706 0035 00       		.byte	0
 707 0036 05       		.uleb128 0x5
 708 0037 35       		.uleb128 0x35
 709 0038 00       		.byte	0
 710 0039 49       		.uleb128 0x49
 711 003a 13       		.uleb128 0x13
 712 003b 00       		.byte	0
 713 003c 00       		.byte	0
 714 003d 06       		.uleb128 0x6
 715 003e 13       		.uleb128 0x13
 716 003f 01       		.byte	0x1
 717 0040 0B       		.uleb128 0xb
 718 0041 0B       		.uleb128 0xb
 719 0042 3A       		.uleb128 0x3a
 720 0043 0B       		.uleb128 0xb
 721 0044 3B       		.uleb128 0x3b
 722 0045 0B       		.uleb128 0xb
ARM GAS  C:\Users\Thomas\AppData\Local\Temp\cc5MzEia.s 			page 30


 723 0046 01       		.uleb128 0x1
 724 0047 13       		.uleb128 0x13
 725 0048 00       		.byte	0
 726 0049 00       		.byte	0
 727 004a 07       		.uleb128 0x7
 728 004b 0D       		.uleb128 0xd
 729 004c 00       		.byte	0
 730 004d 03       		.uleb128 0x3
 731 004e 0E       		.uleb128 0xe
 732 004f 3A       		.uleb128 0x3a
 733 0050 0B       		.uleb128 0xb
 734 0051 3B       		.uleb128 0x3b
 735 0052 0B       		.uleb128 0xb
 736 0053 49       		.uleb128 0x49
 737 0054 13       		.uleb128 0x13
 738 0055 38       		.uleb128 0x38
 739 0056 0B       		.uleb128 0xb
 740 0057 00       		.byte	0
 741 0058 00       		.byte	0
 742 0059 08       		.uleb128 0x8
 743 005a 16       		.uleb128 0x16
 744 005b 00       		.byte	0
 745 005c 03       		.uleb128 0x3
 746 005d 0E       		.uleb128 0xe
 747 005e 3A       		.uleb128 0x3a
 748 005f 0B       		.uleb128 0xb
 749 0060 3B       		.uleb128 0x3b
 750 0061 0B       		.uleb128 0xb
 751 0062 49       		.uleb128 0x49
 752 0063 13       		.uleb128 0x13
 753 0064 00       		.byte	0
 754 0065 00       		.byte	0
 755 0066 09       		.uleb128 0x9
 756 0067 2E       		.uleb128 0x2e
 757 0068 00       		.byte	0
 758 0069 3F       		.uleb128 0x3f
 759 006a 19       		.uleb128 0x19
 760 006b 03       		.uleb128 0x3
 761 006c 0E       		.uleb128 0xe
 762 006d 3A       		.uleb128 0x3a
 763 006e 0B       		.uleb128 0xb
 764 006f 3B       		.uleb128 0x3b
 765 0070 0B       		.uleb128 0xb
 766 0071 27       		.uleb128 0x27
 767 0072 19       		.uleb128 0x19
 768 0073 20       		.uleb128 0x20
 769 0074 0B       		.uleb128 0xb
 770 0075 00       		.byte	0
 771 0076 00       		.byte	0
 772 0077 0A       		.uleb128 0xa
 773 0078 2E       		.uleb128 0x2e
 774 0079 00       		.byte	0
 775 007a 31       		.uleb128 0x31
 776 007b 13       		.uleb128 0x13
 777 007c 11       		.uleb128 0x11
 778 007d 01       		.uleb128 0x1
 779 007e 12       		.uleb128 0x12
ARM GAS  C:\Users\Thomas\AppData\Local\Temp\cc5MzEia.s 			page 31


 780 007f 06       		.uleb128 0x6
 781 0080 40       		.uleb128 0x40
 782 0081 18       		.uleb128 0x18
 783 0082 9742     		.uleb128 0x2117
 784 0084 19       		.uleb128 0x19
 785 0085 00       		.byte	0
 786 0086 00       		.byte	0
 787 0087 0B       		.uleb128 0xb
 788 0088 2E       		.uleb128 0x2e
 789 0089 01       		.byte	0x1
 790 008a 3F       		.uleb128 0x3f
 791 008b 19       		.uleb128 0x19
 792 008c 03       		.uleb128 0x3
 793 008d 0E       		.uleb128 0xe
 794 008e 3A       		.uleb128 0x3a
 795 008f 0B       		.uleb128 0xb
 796 0090 3B       		.uleb128 0x3b
 797 0091 0B       		.uleb128 0xb
 798 0092 27       		.uleb128 0x27
 799 0093 19       		.uleb128 0x19
 800 0094 11       		.uleb128 0x11
 801 0095 01       		.uleb128 0x1
 802 0096 12       		.uleb128 0x12
 803 0097 06       		.uleb128 0x6
 804 0098 40       		.uleb128 0x40
 805 0099 18       		.uleb128 0x18
 806 009a 9742     		.uleb128 0x2117
 807 009c 19       		.uleb128 0x19
 808 009d 01       		.uleb128 0x1
 809 009e 13       		.uleb128 0x13
 810 009f 00       		.byte	0
 811 00a0 00       		.byte	0
 812 00a1 0C       		.uleb128 0xc
 813 00a2 1D       		.uleb128 0x1d
 814 00a3 00       		.byte	0
 815 00a4 31       		.uleb128 0x31
 816 00a5 13       		.uleb128 0x13
 817 00a6 11       		.uleb128 0x11
 818 00a7 01       		.uleb128 0x1
 819 00a8 12       		.uleb128 0x12
 820 00a9 06       		.uleb128 0x6
 821 00aa 58       		.uleb128 0x58
 822 00ab 0B       		.uleb128 0xb
 823 00ac 59       		.uleb128 0x59
 824 00ad 0B       		.uleb128 0xb
 825 00ae 00       		.byte	0
 826 00af 00       		.byte	0
 827 00b0 0D       		.uleb128 0xd
 828 00b1 898201   		.uleb128 0x4109
 829 00b4 00       		.byte	0
 830 00b5 11       		.uleb128 0x11
 831 00b6 01       		.uleb128 0x1
 832 00b7 31       		.uleb128 0x31
 833 00b8 13       		.uleb128 0x13
 834 00b9 00       		.byte	0
 835 00ba 00       		.byte	0
 836 00bb 0E       		.uleb128 0xe
ARM GAS  C:\Users\Thomas\AppData\Local\Temp\cc5MzEia.s 			page 32


 837 00bc 898201   		.uleb128 0x4109
 838 00bf 00       		.byte	0
 839 00c0 11       		.uleb128 0x11
 840 00c1 01       		.uleb128 0x1
 841 00c2 9542     		.uleb128 0x2115
 842 00c4 19       		.uleb128 0x19
 843 00c5 31       		.uleb128 0x31
 844 00c6 13       		.uleb128 0x13
 845 00c7 00       		.byte	0
 846 00c8 00       		.byte	0
 847 00c9 0F       		.uleb128 0xf
 848 00ca 34       		.uleb128 0x34
 849 00cb 00       		.byte	0
 850 00cc 03       		.uleb128 0x3
 851 00cd 0E       		.uleb128 0xe
 852 00ce 3A       		.uleb128 0x3a
 853 00cf 0B       		.uleb128 0xb
 854 00d0 3B       		.uleb128 0x3b
 855 00d1 0B       		.uleb128 0xb
 856 00d2 49       		.uleb128 0x49
 857 00d3 13       		.uleb128 0x13
 858 00d4 02       		.uleb128 0x2
 859 00d5 18       		.uleb128 0x18
 860 00d6 00       		.byte	0
 861 00d7 00       		.byte	0
 862 00d8 10       		.uleb128 0x10
 863 00d9 2E       		.uleb128 0x2e
 864 00da 00       		.byte	0
 865 00db 3F       		.uleb128 0x3f
 866 00dc 19       		.uleb128 0x19
 867 00dd 03       		.uleb128 0x3
 868 00de 0E       		.uleb128 0xe
 869 00df 3A       		.uleb128 0x3a
 870 00e0 0B       		.uleb128 0xb
 871 00e1 3B       		.uleb128 0x3b
 872 00e2 0B       		.uleb128 0xb
 873 00e3 27       		.uleb128 0x27
 874 00e4 19       		.uleb128 0x19
 875 00e5 3C       		.uleb128 0x3c
 876 00e6 19       		.uleb128 0x19
 877 00e7 00       		.byte	0
 878 00e8 00       		.byte	0
 879 00e9 00       		.byte	0
 880              		.section	.debug_aranges,"",%progbits
 881 0000 34000000 		.4byte	0x34
 882 0004 0200     		.2byte	0x2
 883 0006 00000000 		.4byte	.Ldebug_info0
 884 000a 04       		.byte	0x4
 885 000b 00       		.byte	0
 886 000c 0000     		.2byte	0
 887 000e 0000     		.2byte	0
 888 0010 00000000 		.4byte	.LFB0
 889 0014 1C000000 		.4byte	.LFE0-.LFB0
 890 0018 00000000 		.4byte	.LFB1
 891 001c 1C000000 		.4byte	.LFE1-.LFB1
 892 0020 00000000 		.4byte	.LFB2
 893 0024 30000000 		.4byte	.LFE2-.LFB2
ARM GAS  C:\Users\Thomas\AppData\Local\Temp\cc5MzEia.s 			page 33


 894 0028 00000000 		.4byte	.LFB3
 895 002c 30000000 		.4byte	.LFE3-.LFB3
 896 0030 00000000 		.4byte	0
 897 0034 00000000 		.4byte	0
 898              		.section	.debug_ranges,"",%progbits
 899              	.Ldebug_ranges0:
 900 0000 00000000 		.4byte	.LFB0
 901 0004 1C000000 		.4byte	.LFE0
 902 0008 00000000 		.4byte	.LFB1
 903 000c 1C000000 		.4byte	.LFE1
 904 0010 00000000 		.4byte	.LFB2
 905 0014 30000000 		.4byte	.LFE2
 906 0018 00000000 		.4byte	.LFB3
 907 001c 30000000 		.4byte	.LFE3
 908 0020 00000000 		.4byte	0
 909 0024 00000000 		.4byte	0
 910              		.section	.debug_line,"",%progbits
 911              	.Ldebug_line0:
 912 0000 B2000000 		.section	.debug_str,"MS",%progbits,1
 912      02004C00 
 912      00000201 
 912      FB0E0D00 
 912      01010101 
 913              	.LASF15:
 914 0000 72656731 		.ascii	"reg16\000"
 914      3600
 915              	.LASF30:
 916 0006 50325F62 		.ascii	"P2_backup\000"
 916      61636B75 
 916      7000
 917              	.LASF11:
 918 0010 666C6F61 		.ascii	"float\000"
 918      7400
 919              	.LASF3:
 920 0016 73686F72 		.ascii	"short unsigned int\000"
 920      7420756E 
 920      7369676E 
 920      65642069 
 920      6E7400
 921              	.LASF20:
 922 0029 50325F42 		.ascii	"P2_BACKUP_STRUCT\000"
 922      41434B55 
 922      505F5354 
 922      52554354 
 922      00
 923              	.LASF19:
 924 003a 73617665 		.ascii	"saveSrA1Reg\000"
 924      53724131 
 924      52656700 
 925              	.LASF24:
 926 0046 50325F57 		.ascii	"P2_Wakeup\000"
 926      616B6575 
 926      7000
 927              	.LASF23:
 928 0050 50325F53 		.ascii	"P2_Sleep\000"
 928      6C656570 
 928      00
ARM GAS  C:\Users\Thomas\AppData\Local\Temp\cc5MzEia.s 			page 34


 929              	.LASF1:
 930 0059 756E7369 		.ascii	"unsigned char\000"
 930      676E6564 
 930      20636861 
 930      7200
 931              	.LASF22:
 932 0067 50325F52 		.ascii	"P2_RestoreConfig\000"
 932      6573746F 
 932      7265436F 
 932      6E666967 
 932      00
 933              	.LASF14:
 934 0078 72656738 		.ascii	"reg8\000"
 934      00
 935              	.LASF28:
 936 007d 2E5C4765 		.ascii	".\\Generated_Source\\PSoC5\\P2_PM.c\000"
 936      6E657261 
 936      7465645F 
 936      536F7572 
 936      63655C50 
 937              	.LASF5:
 938 009e 6C6F6E67 		.ascii	"long unsigned int\000"
 938      20756E73 
 938      69676E65 
 938      6420696E 
 938      7400
 939              	.LASF9:
 940 00b0 75696E74 		.ascii	"uint8\000"
 940      3800
 941              	.LASF12:
 942 00b6 646F7562 		.ascii	"double\000"
 942      6C6500
 943              	.LASF29:
 944 00bd 433A5C55 		.ascii	"C:\\Users\\Thomas\\Documents\\PSoC Creator\\TASBot\\"
 944      73657273 
 944      5C54686F 
 944      6D61735C 
 944      446F6375 
 945 00eb 54415342 		.ascii	"TASBot.cydsn\000"
 945      6F742E63 
 945      7964736E 
 945      00
 946              	.LASF27:
 947 00f8 474E5520 		.ascii	"GNU C 4.9.3 20150303 (release) [ARM/embedded-4_9-br"
 947      4320342E 
 947      392E3320 
 947      32303135 
 947      30333033 
 948 012b 616E6368 		.ascii	"anch revision 221220] -mcpu=cortex-m3 -mthumb -g -O"
 948      20726576 
 948      6973696F 
 948      6E203232 
 948      31323230 
 949 015e 33202D66 		.ascii	"3 -ffunction-sections -finline-functions -flto -ffa"
 949      66756E63 
 949      74696F6E 
 949      2D736563 
ARM GAS  C:\Users\Thomas\AppData\Local\Temp\cc5MzEia.s 			page 35


 949      74696F6E 
 950 0191 742D6C74 		.ascii	"t-lto-objects\000"
 950      6F2D6F62 
 950      6A656374 
 950      7300
 951              	.LASF10:
 952 019f 75696E74 		.ascii	"uint16\000"
 952      313600
 953              	.LASF25:
 954 01a6 50325F53 		.ascii	"P2_Stop\000"
 954      746F7000 
 955              	.LASF21:
 956 01ae 50325F53 		.ascii	"P2_SaveConfig\000"
 956      61766543 
 956      6F6E6669 
 956      6700
 957              	.LASF8:
 958 01bc 756E7369 		.ascii	"unsigned int\000"
 958      676E6564 
 958      20696E74 
 958      00
 959              	.LASF7:
 960 01c9 6C6F6E67 		.ascii	"long long unsigned int\000"
 960      206C6F6E 
 960      6720756E 
 960      7369676E 
 960      65642069 
 961              	.LASF16:
 962 01e0 73697A65 		.ascii	"sizetype\000"
 962      74797065 
 962      00
 963              	.LASF6:
 964 01e9 6C6F6E67 		.ascii	"long long int\000"
 964      206C6F6E 
 964      6720696E 
 964      7400
 965              	.LASF26:
 966 01f7 50325F45 		.ascii	"P2_Enable\000"
 966      6E61626C 
 966      6500
 967              	.LASF13:
 968 0201 63686172 		.ascii	"char\000"
 968      00
 969              	.LASF2:
 970 0206 73686F72 		.ascii	"short int\000"
 970      7420696E 
 970      7400
 971              	.LASF4:
 972 0210 6C6F6E67 		.ascii	"long int\000"
 972      20696E74 
 972      00
 973              	.LASF17:
 974 0219 656E6162 		.ascii	"enableState\000"
 974      6C655374 
 974      61746500 
 975              	.LASF0:
 976 0225 7369676E 		.ascii	"signed char\000"
ARM GAS  C:\Users\Thomas\AppData\Local\Temp\cc5MzEia.s 			page 36


 976      65642063 
 976      68617200 
 977              	.LASF18:
 978 0231 73617665 		.ascii	"saveSrA0Reg\000"
 978      53724130 
 978      52656700 
 979              		.comm	__gnu_lto_v1,1,1
 980              		.ident	"GCC: (GNU Tools for ARM Embedded Processors) 4.9.3 20150303 (release) [ARM/embedded-4_9-br
