ARM GAS  C:\Users\Thomas\AppData\Local\Temp\cc55NGAQ.s 			page 1


   1              		.syntax unified
   2              		.cpu cortex-m3
   3              		.fpu softvfp
   4              		.eabi_attribute 20, 1
   5              		.eabi_attribute 21, 1
   6              		.eabi_attribute 23, 3
   7              		.eabi_attribute 24, 1
   8              		.eabi_attribute 25, 1
   9              		.eabi_attribute 26, 1
  10              		.eabi_attribute 30, 2
  11              		.eabi_attribute 34, 1
  12              		.eabi_attribute 18, 4
  13              		.thumb
  14              		.file	"P2_RegD2_PM.c"
  15              		.text
  16              	.Ltext0:
  17              		.section	.gnu.lto_.profile.c0d6bb48,"",%progbits
  18 0000 789C6366 		.ascii	"x\234cf```a\200\000F\006cY\000\000\367\000Y"
  18      60606061 
  18      80004606 
  18      63590000 
  18      F70059
  19              		.text
  20              		.section	.gnu.lto_.jmpfuncs.c0d6bb48,"",%progbits
  21 0000 789C6366 		.ascii	"x\234cf\300\016\004\2404\013\0203100C\231\014\000\002"
  21      C00E04A0 
  21      340B1033 
  21      31303043 
  21      990C0002 
  22 0014 C70021   		.ascii	"\307\000!"
  23              		.text
  24              		.section	.gnu.lto_.inline.c0d6bb48,"",%progbits
  25 0000 789C6366 		.ascii	"x\234cf\300\016\"\2404\013\003\003;\033#\003\023\307"
  25      C00E22A0 
  25      340B0303 
  25      3B1B2303 
  25      13C7
  26 0012 013B06B6 		.ascii	"\001;\006\266\005\362L 1&L!f\006\036\021\240\220@C-"
  26      05F24C20 
  26      31264C21 
  26      66061E11 
  26      A0904043 
  27 0027 5C88910B 		.ascii	"\\\210\221\013\254\235\233\027(\316\267!\027U\234\001"
  27      AC9D9B17 
  27      28CEB721 
  27      17559C01 
  28 0037 00917408 		.ascii	"\000\221t\010="
  28      3D
  29              		.text
  30              		.section	.gnu.lto_.pureconst.c0d6bb48,"",%progbits
  31 0000 789C6366 		.ascii	"x\234cf``\340d\200\000\026\006)&)f)\026)\000\002\321"
  31      6060E064 
  31      80001606 
  31      29262966 
  31      29162900 
  32 0016 0082     		.ascii	"\000\202"
  33              		.text
ARM GAS  C:\Users\Thomas\AppData\Local\Temp\cc55NGAQ.s 			page 2


  34              		.section	.gnu.lto_P2_RegD2_SaveConfig.c0d6bb48,"",%progbits
  35 0000 789C6366 		.ascii	"x\234cf\300\004R@\374\202\221\201A\023H32302M8\307\300"
  35      C0045240 
  35      FC829181 
  35      41134833 
  35      32333032 
  36 0018 D0C8C1C4 		.ascii	"\320\310\301\304\310\010b002\32431\3263\276d\372\310"
  36      C8086230 
  36      3032D433 
  36      31D633BE 
  36      64FAC8
  37 002b C438E1C0 		.ascii	"\3048\341\300\352\031\334\352K\033\032\032>,:\333\030"
  37      EA19DCEA 
  37      4B1B1A1A 
  37      3E2C3ADB 
  37      18
  38 003c 7080F127 		.ascii	"p\200\361'\023\003\303g&\2109\214\313\031\325\031\200"
  38      1303C367 
  38      2688398C 
  38      CB19D519 
  38      80
  39 004d 8A3EB6FC 		.ascii	"\212>\266\374\275\316\315\326\002T$\000\221c\\\301\310"
  39      BDCECDD6 
  39      02542400 
  39      91635CC1 
  39      C8
  40 005e 06349F61 		.ascii	"\0064\237a\275\320\201\206\377\377?o=\370\215\221\215"
  40      BDD08186 
  40      FFFF3F6F 
  40      3DF88D91 
  40      8D
  41 006f 89E12713 		.ascii	"\211\341'\023#\013\210``x\002T\004\262\352)\023\023"
  41      230B8860 
  41      60780254 
  41      04B2EA29 
  41      1313
  42 0081 8866BEC5 		.ascii	"\210f\276\305x\350[\327\273k\234 }\337\231@\366\336"
  42      78E85BD7 
  42      BB6B9C20 
  42      7DDF9940 
  42      F6DE
  43 0093 BE7AEC1D 		.ascii	"\276z\354\035\323\013\246\237LL}'\032\033X@\266\334"
  43      D30BA69F 
  43      4C4C7D27 
  43      1A1B5840 
  43      B6DC
  44 00a5 7F72FE22 		.ascii	"\177r\376\"\007X\210\001\304\335\331\373\3775\337\\"
  44      07588801 
  44      C4DDD9FB 
  44      FF35DF5C 
  45 00b5 C6D98D2D 		.ascii	"\306\331\215-@713\256d\224b\\\305\010\364\031\343j\306"
  45      40373133 
  45      AE649462 
  45      5CC508F4 
  45      19E36AC6 
  46 00c9 B98C0CB7 		.ascii	"\271\214\014\267\030\233&=T\005\231\007T:\357r\337:"
  46      189B263D 
ARM GAS  C:\Users\Thomas\AppData\Local\Temp\cc55NGAQ.s 			page 3


  46      54059907 
  46      543AEF72 
  46      DF3A
  47 00db A6DADF0D 		.ascii	"\246\332\337\015\035\015\034?\231X\376\202\\\210l\036"
  47      1D0D1C3F 
  47      9958FE82 
  47      5C886C1E 
  48 00eb 0B98BBA2 		.ascii	"\013\230\273\242\261e\016#\310\274\006\220*V\3065\214"
  48      B1650E23 
  48      C8BC0690 
  48      2A56C635 
  48      8C
  49 00fc B58C6B41 		.ascii	"\265\214kA\006\002\345\376\255\351\337\304\246\273\032"
  49      0602E5FE 
  49      ADE9DFC4 
  49      A6BB1A
  50 010b E8C1033A 		.ascii	"\350\301\003:?\231\330\030\327\001\025~\002\007\002"
  50      3F99D818 
  50      D701157E 
  50      020702
  51 011a E37A465D 		.ascii	"\343zF]\240\213\031\300>\370\006\363\001\013P\317\235"
  51      A08B19C0 
  51      3EF806F3 
  51      010B50CF 
  51      9D
  52 012b 96CBAF78 		.ascii	"\226\313\257x\301\316\235\007\363\301\217U\335\307\231"
  52      C1CE9D07 
  52      F3C18F55 
  52      DDC799
  53 013a 104EDE00 		.ascii	"\020N\336\000w\362F\"\235\214\356\306Mx\334\270\031"
  53      77F24622 
  53      9D8CEEC6 
  53      4D78DCB8 
  53      19
  54 014b EC46502C 		.ascii	"\354FP,0n\001\271\221\205\341\036c\343\201\357\254 "
  54      306E01B9 
  54      9185E11E 
  54      63E381EF 
  54      AC20
  55 015d 0B402E7F 		.ascii	"\013@.\177\002\224\003\206=\320du\275\030\367\324\274"
  55      02940386 
  55      3DD06475 
  55      BD18F7D4 
  55      BC
  56 016e D4A2C492 		.ascii	"\324\242\304\222\324\224\370\340\374\322\242\344\324"
  56      D494F8E0 
  56      FCD2A2E4 
  56      D4
  57 017b 9880E07C 		.ascii	"\230\200\340|g\323\230\000\243\370\240\324t\027\243"
  57      67D39800 
  57      A3F8A0D4 
  57      7417A3
  58 018a F8005FBD 		.ascii	"\370\000_\275d\006\000\347Y\276\233"
  58      640600E7 
  58      59BE9B
  59              		.text
  60              		.section	.gnu.lto_P2_RegD2_RestoreConfig.c0d6bb48,"",%progbits
ARM GAS  C:\Users\Thomas\AppData\Local\Temp\cc55NGAQ.s 			page 4


  61 0000 789C7590 		.ascii	"x\234u\220\335+Ca\034\307\177\337\337\316N+\221\\\255"
  61      DD2B4361 
  61      1CC77FDF 
  61      DFCE4E2B 
  61      915CAD
  62 0013 FD034B6B 		.ascii	"\375\003Kk.V\376\002\342J\215\335\256\2268\271\263\022"
  62      2E56FE02 
  62      E24A8DDD 
  62      AE9638B9 
  62      B312
  63 0025 97CB393A 		.ascii	"\227\3139:J\011\233+\345\345N\346\235\221r\267\\\340"
  63      4A099B2B 
  63      E5E54EE6 
  63      9D9172B7 
  63      5CE0
  64 0037 CAD24899 		.ascii	"\312\322H\231\270\231\362R2.8i\346y\316B\206\247\236"
  64      B899F252 
  64      322E3869 
  64      E679CE42 
  64      86A79E
  65 004a D7DFF7F9 		.ascii	"\327\337\367\371~?\317\343\240\337\315#\3729\210\352"
  65      7E3FCFE3 
  65      A0DFCD23 
  65      FA3988EA 
  66 005a C50C0781 		.ascii	"\305\014\007\201\343GD\206\213\001\271 \320 c\020\267"
  66      E3474486 
  66      8B01B920 
  66      D0206310 
  66      B7
  67 006b 5C60C4D3 		.ascii	"\\`\304\323\313SU\336y]\327\037\367\266\334\303n\213"
  67      CB5355DE 
  67      795DD71F 
  67      F7B6DCC3 
  67      6E8B
  68 007d 899EB96C 		.ascii	"\211\236\271l\203\005xIh\012f\361\254J5\205\246\266"
  68      83057849 
  68      680A66F1 
  68      AC4A3585 
  68      A6B6
  69 008f 5C4312AA 		.ascii	"\\C\022\252\260\247\365\272\264^*=\037%\222>\250L\026"
  69      B0A7F5BA 
  69      B45E2A3D 
  69      1F25923E 
  69      A84C16
  70 00a2 43910351 		.ascii	"C\221\003Q^\250d\3245\263\234\035\347\030\332)d\332"
  70      5EA864D4 
  70      35B39C1D 
  70      E718DA29 
  70      64DA
  71 00b4 E5BD1796 		.ascii	"\345\275\027\226\261s\331\3615\216\275\351#\272\313"
  71      B173D9F1 
  71      358EBDE9 
  71      23BACB
  72 00c3 622E4A53 		.ascii	"b.JSqz\225\317\034\273nX\234\330\333\244a\316`\026\323"
  72      717A95CF 
  72      1CBB6E58 
  72      9CD8DBA4 
ARM GAS  C:\Users\Thomas\AppData\Local\Temp\cc55NGAQ.s 			page 5


  72      61CE6016 
  73 00d8 862E550E 		.ascii	"\206.U\016,\"\206%x\354\332\373\312DJ\365\373,V\260"
  73      2C228625 
  73      78ECDAFB 
  73      CA444AF5 
  73      FB2C56B0 
  74 00ec 2C344F36 		.ascii	",4O62V\340\027\017\337\233\204L\022\252\334\351\376"
  74      3256E017 
  74      0FDF9B84 
  74      4C12AADC 
  74      E9FE
  75 00fe 034B43E7 		.ascii	"\003KC\347\370\241\241+?2\234\266\317\356X\351\276F"
  75      F8A1A12B 
  75      3F329CB6 
  75      CFEE58E9 
  75      BE46
  76 0110 6698B058 		.ascii	"f\230\260X\305*<X\223\021X\027\256\202\225$z\342\004"
  76      C52A3C58 
  76      93115817 
  76      AE829524 
  76      7AE204
  77 0123 6574E55F 		.ascii	"et\345_\364J\326\215\277Y7mV\371wHU\260^\230\331\273"
  77      F44AD68D 
  77      BF59376D 
  77      56F97748 
  77      55B05E98 
  78 0139 6A1B6CEE 		.ascii	"j\033l\356\223\365ui\364\200\277\341\266\276\340\266"
  78      93F57569 
  78      F480BFE1 
  78      B6BEE0B6 
  79 0149 6D38852E 		.ascii	"m8\205.a\244s-\322@>?/\214\305o\013\"oC\270U\353\325"
  79      61A4732D 
  79      D2403E3F 
  79      2F8CC56F 
  79      0B226F43 
  80 0161 FA3AFBB5 		.ascii	"\372:\373\265\356H(:\320\327\245\205\203\241hSc8\030"
  80      EE48283A 
  80      D0D7A585 
  80      83A16853 
  80      633818
  81 0174 8874683D 		.ascii	"\210th=\315\201H\260\255\241\213>\000\033\341\264\002"
  81      CD8148B0 
  81      ADA18B3E 
  81      001BE1B4 
  81      02
  82              		.text
  83              		.section	.gnu.lto_P2_RegD2_Sleep.c0d6bb48,"",%progbits
  84 0000 789C9592 		.ascii	"x\234\225\222\337KSa\030\307\337\357{\316\316~iEW\342"
  84      DF4B5361 
  84      18C7DFEF 
  84      7BCECE7E 
  84      694557E2 
  85 0014 753182F4 		.ascii	"u1\202\364B\210\376\200\002/\"\030y;\030a\243\213 A"
  85      4288FE80 
  85      022F2218 
  85      793B1861 
  85      A38B2041 
ARM GAS  C:\Users\Thomas\AppData\Local\Temp\cc55NGAQ.s 			page 6


  86 0028 EA72788E 		.ascii	"\352rx\216.\214\010[#\"\310y\267Z\315\\\3152k\251\207"
  86      2E8C085B 
  86      2322C879 
  86      B75ACD5C 
  86      CD326BA9 
  87 003d 88D65511 		.ascii	"\210\326U\021\222\201\311DX`A\243\265\260\016a\353y"
  87      9281C944 
  87      586041A3 
  87      B5B00E61 
  87      EB79
  88 004f DE936113 		.ascii	"\336\223a\023\203\016\234\367\347\367}\236\317\373}"
  88      830E9CF7 
  88      E7F77D9E 
  88      CFFB7D
  89 005e 5E4D6CFD 		.ascii	"^Ml\375\332\351?\245\011\261\217zh\0022\371R\010\313"
  89      DAE93FA5 
  89      09B18F7A 
  89      680232F9 
  89      5208CB
  90 0071 27011E08 		.ascii	"'\001\036\010\210\001\211\001|\2205\211\244\235\273"
  90      88018901 
  90      7C903589 
  90      A49DBB
  91 0080 160C654C 		.ascii	"\026\014eL\323\374\234*\266\235ks\244\020u\351\206\301"
  91      D3FC9C2A 
  91      B69D6B73 
  91      A41075E9 
  91      86C1
  92 0092 4D840469 		.ascii	"M\204\004ij\211\365\267A#A\232]\356\036\2620@}~\267"
  92      6A89F5B7 
  92      4123419A 
  92      5DEE1EB2 
  92      30407D7E 
  93 00a7 6D361A93 		.ascii	"m6\032\223\237.\257\036D\013\204#)\0315:5\322\303#?"
  93      9F2EAF1E 
  93      440B8423 
  93      2919353A 
  93      35D2C323 
  94 00bc 355A801B 		.ascii	"5Z\200\033!*t\222\323\277\227\222{m\021O\327.\224\323"
  94      212A7492 
  94      D3BF9792 
  94      7B6D114F 
  94      D72E94D3 
  95 00d0 D3E068DF 		.ascii	"\323\340h\337\244F\211\012_g\257\356\\\225\216\324\033"
  95      A446890A 
  95      5F67AFEE 
  95      5C958ED4 
  95      1B
  96 00e1 2F2C53E7 		.ascii	"/,S\347\334\313\225W\257}jI\360t\264\222_\366\244q\335"
  96      DCCB9557 
  96      AF7D6A49 
  96      F074B492 
  96      5FF6A471 
  97 00f6 4AC0911E 		.ascii	"J\300\221\036\334B;n\203\256\213\034\322\020\213\030"
  97      DC423B6E 
  97      83AE8B1C 
  97      D2108B18 
ARM GAS  C:\Users\Thomas\AppData\Local\Temp\cc55NGAQ.s 			page 7


  98 0106 FA6EB8E1 		.ascii	"\372n\270\341\340F,\245W\013:\037\007\004\306II\222"
  98      E0462CA5 
  98      570B3A1F 
  98      0704C649 
  98      4992
  99 0118 C2704577 		.ascii	"\302pEwE:\351Hd\335(^\364*\021\005\272\243D\203e\257"
  99      453AE948 
  99      64DD285E 
  99      F42A1105 
  99      BAA34483 
 100 012e 2BF1908A 		.ascii	"+\361\220\212\347\251\225=\274@\352\261\371\221\011"
 100      E7A9953D 
 100      BC40EAB1 
 100      F99109
 101 013d 19FF619E 		.ascii	"\031\377a\2367}\2164\326\331\217\315\234\206\232f\255"
 101      377D8E34 
 101      D6D98FCD 
 101      9C869A66 
 101      AD
 102 014e C42898D3 		.ascii	"\304(\230\323d\225\027\023\210#\317\240\264\367s\374"
 102      64951713 
 102      8823CFA0 
 102      B4F773FC 
 103 015e 52C1E8C8 		.ascii	"R\301\350\310\221\235\366~G\372p\227\204_\224\345\270"
 103      919DF67E 
 103      47FA7097 
 103      845F94E5 
 103      B8
 104 016f 870E4A29 		.ascii	"\207\016J)\2260d\027K\222\023\212\346\214\376\272\302"
 104      96306417 
 104      4B92138A 
 104      E68CFEBA 
 104      C2
 105 0180 2C204EB6 		.ascii	", N\266\006\204r\261\272\340\377\253L\366LI\252\"\325"
 105      068472B1 
 105      BAE0FFAB 
 105      4CF64C49 
 105      AA22D5
 106 0193 C9EBA602 		.ascii	"\311\353\246\002b\222\202\012\334\347\313\361\251wo"
 106      6292820A 
 106      DCE7CBF1 
 106      A9776F
 107 01a2 9E572583 		.ascii	"\236W%\203\007G\266x\036T\274\303\3172\311\035|\227"
 107      0747B678 
 107      1E54BCC3 
 107      CF32C91D 
 107      7C97
 108 01b4 2B16E56F 		.ascii	"+\026\345o\301\0032}J\231\376\3205}0U\233:\302\021\267"
 108      C103327D 
 108      4A99FED0 
 108      357D3055 
 108      9B3AC211 
 109 01c9 75A7D98E 		.ascii	"u\247\331\216\351m\355h\305#e\007\\P<fG\374\3565\327"
 109      E96DED68 
 109      C5236507 
 109      5C503C66 
 109      47FCEE35 
ARM GAS  C:\Users\Thomas\AppData\Local\Temp\cc55NGAQ.s 			page 8


 110 01de 16FC2E77 		.ascii	"\026\374.w\200\216-%\346?\266*\310\261\015\356z\266"
 110      808E2D25 
 110      E63FB62A 
 110      C8B10DEE 
 110      7AB6
 111 01f0 9A096E02 		.ascii	"\232\011n\002-\376\001}\262\001\272\262\367\2778g\376"
 111      2DFE017D 
 111      B201BAB2 
 111      F7BF3867 
 111      FE
 112 0201 C139AB38 		.ascii	"\3019\2538\345o\3169\346\014\2102,{\256[\025N\360\223"
 112      E56FCE39 
 112      E60C8832 
 112      2C7BAE5B 
 112      154EF093 
 113 0215 073F750A 		.ascii	"\007?u\012\036\352\214t\307N\307\372\217\237\211\235"
 113      1EEA8C74 
 113      C74EC7FA 
 113      8F9F899D 
 114 0225 88F6F49D 		.ascii	"\210\366\364\235\355\357\215E\302=}\207\016D\302]\321"
 114      EDEF8D45 
 114      C23D7D87 
 114      0E44C25D 
 114      D1
 115 0236 63B19387 		.ascii	"c\261\223\207\273\242\341\243\235\275\342\027\260\316"
 115      BBA2E1A3 
 115      9DBDE217 
 115      B0CE
 116 0244 448A     		.ascii	"D\212"
 117              		.text
 118              		.section	.gnu.lto_P2_RegD2_Wakeup.c0d6bb48,"",%progbits
 119 0000 789C8D92 		.ascii	"x\234\215\222\317k\023A\024\307\337\367\355v7M\252\210"
 119      CF6B1341 
 119      14C7DFF7 
 119      ED76374D 
 119      AA88
 120 0012 A7D2438E 		.ascii	"\247\322C\216\006\221V\250\370\027(\010\202\020\355"
 120      069156A8 
 120      F8172808 
 120      8210ED
 121 0021 3510A406 		.ascii	"5\020\244\006o\026\212\036Cg\333\025{\220\032K\017\202"
 121      6F168A1E 
 121      4367DB15 
 121      7B901A4B 
 121      0F82
 122 0033 B67A8946 		.ascii	"\266z\211FS[S\265jzY\244\024\361`\251\265\212\261\350"
 122      535B53B5 
 122      6A7A59A4 
 122      14F160A9 
 122      B58AB1E8 
 123 0047 A5827A28 		.ascii	"\245\202z(\306=\224 \265\276\231\370\253\251\202\013"
 123      C63D9420 
 123      B5BE99F8 
 123      ABA9820B 
 124 0057 B3B3F3E6 		.ascii	"\263\263\363\346;\337\357g\330g\321\326g\237\214\012"
 124      3BDFEF67 
 124      D867D1D6 
ARM GAS  C:\Users\Thomas\AppData\Local\Temp\cc55NGAQ.s 			page 9


 124      679F8C0A 
 125 0067 13ED9619 		.ascii	"\023\355\226\031M\004\316=#\362\"\314V9N*j\277\334K"
 125      4D04CE3D 
 125      23F222CC 
 125      56394E2A 
 125      6ABFDC4B 
 126 007b AAC5825D 		.ascii	"\252\305\202]/\333\200\376 P\037[6\372\360\221\253\214"
 126      2FDB80FE 
 126      20501F5B 
 126      36FAF091 
 126      AB8C
 127 008d 5C50BC14 		.ascii	"\\P\274\024K\344\225R\237\373\027Z\317\266\326\304/"
 127      4BE49552 
 127      9FFB175A 
 127      CFB6D6C4 
 127      2F
 128 009e E4BA3F6E 		.ascii	"\344\272?n A\242\251\372\353\257b\216/\232\035\365="
 128      2041A2A9 
 128      FAEBAF62 
 128      8E2F9A1D 
 128      F53D
 129 00b0 14E040E6 		.ascii	"\024\340@\346\311\235\201\332\330\010g\207\007wq\263"
 129      C99D81DA 
 129      D8086787 
 129      077771B3 
 130 00c0 4D358623 		.ascii	"M5\206#/v\365\213hE\206N|/\013\231\255\012\372\247\253"
 130      2F76F58B 
 130      6845864E 
 130      7C2F0B99 
 130      AD0AFAA7 
 131 00d5 F3473719 		.ascii	"\363G7\031\006#Q\343\0262\032\223pS\334\010\267\340"
 131      062351E3 
 131      16321A93 
 131      7053DC08 
 131      B7E0
 132 00e7 ACB1237B 		.ascii	"\254\261#{c\213C\023\234\375\252\006U\244\306\326\272"
 132      638B4313 
 132      9CFDAA06 
 132      55A4C6D6 
 132      BA
 133 00f8 E690EABB 		.ascii	"\346\220\352\273\225\371\205\310\007\226\212Y\026<\377"
 133      95F985C8 
 133      07968A59 
 133      163CFF
 134 0107 0A4671D9 		.ascii	"\012Fq\331SZe\243\210,\306\321f\366\276\215_\230r\332"
 134      535A65A3 
 134      882CC6D1 
 134      66F6BE8D 
 134      5F9872DA 
 135 011b 8B627EED 		.ascii	"\213b~\355\252U\343&\334\026\345\027\3611I\230@;U\360"
 135      AA55E326 
 135      DC16E517 
 135      F1314998 
 135      403B55F0 
 136 012f 78183A52 		.ascii	"x\030:R\344o\226\346VY;;CO<eo\012s\214\341\271\331|"
 136      E46F96E6 
 136      56593B3B 
ARM GAS  C:\Users\Thomas\AppData\Local\Temp\cc55NGAQ.s 			page 10


 136      434F3C65 
 136      6F0A738C 
 137 0147 6EBB0E1B 		.ascii	"n\273\016\033\361$\314\305$\332pG\207\241$\316BM\372"
 137      F124CCC5 
 137      24DA7047 
 137      87A124CE 
 137      424DFA
 138 015a CA175FA0 		.ascii	"\312\027_\240~\011\367\237\227h\244\236\332B\275G\363"
 138      7E09F79F 
 138      9768A49E 
 138      DA42BD47 
 138      F3
 139 016b DE35BCF8 		.ascii	"\3365\274\370\301{\257\201w\331_\374\264\315\300\215"
 139      C17BAF81 
 139      77D95FFC 
 139      B4CDC08D 
 140 017b FDE40D0B 		.ascii	"\375\344\015\013\253\371\330\037\200\367\177\001N\033"
 140      ABF9D81F 
 140      80F77F01 
 140      4E1B
 141 0189 40D70096 		.ascii	"@\327\000\226\346\236\273\372\037\254\261\375\337\204"
 141      E69EBBFA 
 141      1FACB1FD 
 141      DF84
 142 0197 0FFE4618 		.ascii	"\017\376F\030\301CChZ\344\221\340-\301\177=\020\377"
 142      C1434368 
 142      5AE491E0 
 142      2DC17F3D 
 142      10FF
 143 01a9 EDED5D9F 		.ascii	"\355\355]\2379\357jDi\036\224\365q\322\355aQ9n-c \030"
 143      39EF6A44 
 143      691E94F5 
 143      71D2ED61 
 143      51396E2D 
 144 01c0 7DDAA2C5 		.ascii	"}\332\242\305\324\210\321\034jO\314 +\235\0255gl\323"
 144      D488D11C 
 144      6A4FCC20 
 144      2B9D1535 
 144      676CD3
 145 01d3 526FE105 		.ascii	"Ro\341\005\245\303\346\014\351\206\203\256\2124\321"
 145      A5C3E60C 
 145      E98683AE 
 145      8A34D1
 146 01e2 913A9439 		.ascii	"\221:\2249\225\351=~:s\"\335\325s\246\267;\223Jv\365"
 146      95E93D7E 
 146      3A7322DD 
 146      D573A6B7 
 146      3B934A76 
 147 01f7 1CD89F4A 		.ascii	"\034\330\237Jv\246\217eN\036\354L'\217tt\323w\312e\015"
 147      76A68F65 
 147      4E1EEC4C 
 147      278F7474 
 147      D377CA65 
 148 020c D2       		.ascii	"\322"
 149              		.text
 150              		.section	.gnu.lto_.symbol_nodes.c0d6bb48,"",%progbits
 151 0000 789C55C8 		.ascii	"x\234U\310A\015\2000\020\005\321\351n\267A\020\332\270"
ARM GAS  C:\Users\Thomas\AppData\Local\Temp\cc55NGAQ.s 			page 11


 151      410D8030 
 151      1005D1E9 
 151      6EB74110 
 151      DAB8
 152 0012 FE4A4001 		.ascii	"\376J@\001\251\011\034p\306\003\011:\010$p(s{\343\300"
 152      A9091C70 
 152      C603093A 
 152      08247028 
 152      737BE3C0 
 153 0026 C49725C1 		.ascii	"\304\227%\301\274\203\304\322\006\002\232\311\315\224"
 153      BC83C4D2 
 153      06029AC9 
 153      CD94
 154 0034 FA6D2EFB 		.ascii	"\372m.\3739\313{\247P~M\255\017\213\242\243{\260\035"
 154      39CB7BA7 
 154      507E4DAD 
 154      0F8BA2A3 
 154      7BB01D
 155 0047 57F25C38 		.ascii	"W\362\\8\327\221\033\317\310\035\246"
 155      D7911BCF 
 155      C81DA6
 156              		.text
 157              		.section	.gnu.lto_.refs.c0d6bb48,"",%progbits
 158 0000 789C25C8 		.ascii	"x\234%\310\321\011\000 \014\304\320\244WA\\\304\375"
 158      D1090020 
 158      0CC4D0A4 
 158      57415CC4 
 158      FD
 159 0011 371469BE 		.ascii	"7\024i\276\036\011p\231\012-\355\372\300$\272t\353I"
 159      1E097099 
 159      0A2DEDFA 
 159      C024BA74 
 159      EB49
 160 0023 CFC2C503 		.ascii	"\317\302\305\003\015{\000w"
 160      0D7B0077 
 161              		.text
 162              		.section	.gnu.lto_.decls.c0d6bb48,"",%progbits
 163 0000 789C8D54 		.ascii	"x\234\215ToLSW\024\177\247\267\364?\235\011\011\032"
 163      6F4C5357 
 163      147FA7B7 
 163      F43F9D09 
 163      091A
 164 0012 3E35B8E0 		.ascii	">5\270\340\266\030#&#~\233\312\214\311\314\026\"\232"
 164      B6182326 
 164      237E9BCA 
 164      8CC9CC16 
 164      229A
 165 0024 7D180943 		.ascii	"}\030\011C\366\346\214\2042\204%f_\2560\245\202.\212"
 165      F6E68C84 
 165      32842566 
 165      5FAE30A5 
 165      822E8A
 166 0037 3A0A63A6 		.ascii	":\012c\246\006\025A\255\240\340\370#R\030b\201!Lk\245"
 166      061541AD 
 166      A0E0F823 
 166      52186281 
 166      214C6BA5 
ARM GAS  C:\Users\Thomas\AppData\Local\Temp\cc55NGAQ.s 			page 12


 167 004b 32100B24 		.ascii	"2\020\013$dfK\235N%\270u\347\336\367\312{5\240\336\344"
 167      64664B9D 
 167      4E25B875 
 167      E7DEF7CA 
 167      7B35A0DE 
 168 0060 B4F7BCF7 		.ascii	"\264\367\274\367;\277\363\273\347\236w\210 \010M \010"
 168      3BBFF3BB 
 168      E79E7788 
 168      20084D20 
 168      08
 169 0071 615CC37A 		.ascii	"a\\\303zA\370\010\3671\370,MP\226\016\355<\232\033\255"
 169      41F808F7 
 169      31F82C4D 
 169      50960EED 
 169      3C9A1BAD 
 170 0085 01ED128B 		.ascii	"\001\355\022\213A\273\202\206p\341\226\020\275\030V"
 170      41BB8286 
 170      70E19610 
 170      BD1856
 171 0094 2F73D8D0 		.ascii	"/s\330\320F\320\356\242\005\320\206\320z\3214h}h\203"
 171      46D0EEA2 
 171      05D086D0 
 171      7AD13468 
 171      7D6883
 172 00a7 32C7F945 		.ascii	"2\307\371E\270\334/q\2519\356\241\371\027\340r/\302"
 172      B8DC2F71 
 172      A939EEA1 
 172      F917E072 
 172      2FC2
 173 00b9 C5B45B65 		.ascii	"\305\264[e\256x\2641\231s\012-\250\342\356@\233F\253"
 173      AE78B431 
 173      99730A2D 
 173      A8E2EE40 
 173      9B46AB
 174 00cc 536967F9 		.ascii	"Sig\371\010Z\277*\027\2219\233^\241\237\325\312\254"
 174      085ABF2A 
 174      1791399B 
 174      5EA19FD5 
 174      CAAC
 175 00de CAB9D819 		.ascii	"\312\271\330\031\3249\211*G\277\354_\222\317\265X\315"
 175      D439892A 
 175      47BFEC5F 
 175      92CFB558 
 175      CD
 176 00ef 1F69A0D5 		.ascii	"\037i\240\325\375d\320<\243\001\253\311\306\334\266"
 176      FD64D03C 
 176      A301ABC9 
 176      C6DCB6
 177 00fe 72AF5387 		.ascii	"r\257S\207\256\305\244en\373\\\320\247]z\234\342:\\"
 177      AEC5A465 
 177      6EFB5CD0 
 177      A75D7A9C 
 177      E23A5C
 178 0111 4C976821 		.ascii	"L\227h!-\036j!\001\316B\0022\326\301R\374\375L+1\215"
 178      2D1E6A21 
 178      01CE4202 
 178      32D6C152 
ARM GAS  C:\Users\Thomas\AppData\Local\Temp\cc55NGAQ.s 			page 13


 178      FCFD4C2B 
 179 0127 3E1D69D4 		.ascii	">\035i\324\022\015\260}\215\363\201\317\264\262\036"
 179      120DB07D 
 179      8DF381CF 
 179      B4B21E
 180 0136 C31CD413 		.ascii	"\303\034\324\023\322(\351\036T\372\037\353m'\350DC\250"
 180      D228E91E 
 180      54FA1FEB 
 180      6D27E844 
 180      43A8
 181 0148 C317B050 		.ascii	"\303\027\260P/\365\204\303\235\0248\031\324\003\201"
 181      2FF584C3 
 181      9D143819 
 181      D40381
 182 0157 73B09261 		.ascii	"s\260\222a\331\236\007\301y\260a\340\\\367\365g\026"
 182      D99E07C1 
 182      79B061E0 
 182      5CF7F567 
 182      16
 183 0168 B291B38F 		.ascii	"\262\221\263\217U\316\370c9\211\253\272F\027\241\340"
 183      55CEF863 
 183      3989ABBA 
 183      4617A1E0 
 184 0178 0C17540C 		.ascii	"\014\027T\014\027\"\014n\316p\242\254\245\314D28\303"
 184      17220C6E 
 184      CE70A2AC 
 184      A5CC4432 
 184      38C3
 185 018a E06CE971 		.ascii	"\340l\351q&\303\325\340\012\310\014\037\360\370\213"
 185      26C3D5E0 
 185      0AC80C1F 
 185      F0F88B
 186 0199 AAF88B91 		.ascii	"\252\370\213\221\370\006\036?\3226\364\330Hv\361\370"
 186      F8061E3F 
 186      D236F4D8 
 186      4876F1F8 
 187 01a9 1B3EEFBF 		.ascii	"\033>\357\277\006)\336qZ\035\337\250\212o\214\304_\342"
 187      0629DE71 
 187      5A1DDFA8 
 187      8A6F8CC4 
 187      5FE2
 188 01bb F127BF1B 		.ascii	"\361'\277\033\310#\337\362\360\312#=\217\214\354\000"
 188      C823DFF2 
 188      F0CA233D 
 188      8F8CEC00 
 189 01cb 3454391D 		.ascii	"4T9\035\\[IO\026\321\377\302a\271\012\227U\034\227#"
 189      5C5B494F 
 189      16D1FFC2 
 189      61B90A97 
 189      551C9723 
 190 01df 1C4D1247 		.ascii	"\034M\022Gw\337Q3q\003gq{\217\256\340$\256C5\373m*\021"
 190      77DF5133 
 190      71036771 
 190      7B8FAEE0 
 190      24AE4335 
 191 01f7 CD2A82E6 		.ascii	"\315*\202\346\010\301\025Np\377\331\375n=\277\356\325"
 191      08C1154E 
ARM GAS  C:\Users\Thomas\AppData\Local\Temp\cc55NGAQ.s 			page 14


 191      70FFD9FD 
 191      6E3DBFEE 
 191      D5
 192 0208 8CA27C5F 		.ascii	"\214\242|_K\213\225_\267\216\271\247\375\255FrMb\367"
 192      4B8B955F 
 192      B78EB9A7 
 192      FDAD4672 
 192      4D62F7
 193 021b 77969418 		.ascii	"w\226\224\030\310\035\311\331{\246\375 \013\2137\361"
 193      C81DC9D9 
 193      7BA6FD20 
 193      0B8B37F1 
 194 022b 5BFC7EA0 		.ascii	"[\374~\240\252\213p7\314^k\002\201c\263\004LI\016J\213"
 194      AA8B7037 
 194      CC5E6B02 
 194      8163B304 
 194      4C490E4A 
 195 0240 68A89C92 		.ascii	"h\250\234\222e\002\254L\200w\023\004\270\006I\010\343"
 195      6502AC4C 
 195      80771304 
 195      B8064908 
 195      E3
 196 0251 72A01D3B 		.ascii	"r\240\035;\347*v\316)\354\213P\373\215\372\315\305t"
 196      E72A76CE 
 196      29EC8B50 
 196      FB8DFACD 
 196      C574
 197 0263 1D748009 		.ascii	"\035t\200\011\332\346\005\363\014r\257t\272o;\015$,"
 197      DAE605F3 
 197      0C72AF74 
 197      BA6F3B0D 
 197      242C
 198 0275 2918083E 		.ascii	")\030\010>\177l\341\302\2270\267\352\356\364\023\302"
 198      7F6CE1C2 
 198      9730B7EA 
 198      EEF413C2 
 199 0285 856B98FB 		.ascii	"\205k\230\373\323\337\177]5\2222M\224X\233$\266\342"
 199      D3DF7F5D 
 199      3592324D 
 199      94589B24 
 199      B6E2
 200 0297 E1F32603 		.ascii	"\341\363&\003w\303a\302\324\316M\272ku\220db2\\\347"
 200      77C361C2 
 200      D4CE4DBA 
 200      6B759064 
 200      62325CE7 
 201 02ab 62017A51 		.ascii	"b\001zQB\267\"\301&K\340\247\241\3054\346\254U\000\017"
 201      42B722C1 
 201      264BE0A7 
 201      A1C534E6 
 201      AC55000F 
 202 02bf 6AEF42ED 		.ascii	"j\357B\355p\035\017d\223\017\364\013>\354\301\207\230"
 202      701D0F64 
 202      930FF40B 
 202      3EECC187 
 202      98
 203 02d0 E56ABFF7 		.ascii	"\345j\277\367\221\236\224K\012^\264\024\027k\310\011"
ARM GAS  C:\Users\Thomas\AppData\Local\Temp\cc55NGAQ.s 			page 15


 203      919E944B 
 203      0A5EB414 
 203      176BC809 
 204 02e0 EEC4F40C 		.ascii	"\356\304\364\0145\037\322Bbb\\R\242\013\031C\225\373"
 204      351FD242 
 204      62625C52 
 204      A20B1943 
 204      95FB
 205 02f2 7EB43AA9 		.ascii	"~\264:\251\253K\312{\003\363\016@\234\302\377\016\373"
 205      AB4BCA7B 
 205      03F30E40 
 205      9CC2FF0E 
 205      FB
 206 0303 B23CECFB 		.ascii	"\262<\354\373\022\030|\342\217+\031\236\275\204\227"
 206      12187CE2 
 206      8F2B199E 
 206      BD8497
 207 0312 A953C6CA 		.ascii	"\251S\306\312\245\345\310\367\030\360\010\377@)]\227"
 207      A5E5C8F7 
 207      18F008FF 
 207      40295D97 
 208 0322 2FC0CF48 		.ascii	"/\300\317H\324\302?O\006E\231\360+*\356\207D\350C\033"
 208      D4C23F4F 
 208      064599F0 
 208      2B2AEE87 
 208      44E8431B 
 209 0336 84447E36 		.ascii	"\204D~6v\366\211\2315\006\006\022\"\315\"-\236\365\317"
 209      76F68999 
 209      35060612 
 209      22CD222D 
 209      9EF5CF
 210 0349 96CF3D45 		.ascii	"\226\317=E\204+\364.\250\260\226+\304jNV\037\0306@R"
 210      842BF42E 
 210      A8B0962B 
 210      C46A4E56 
 210      1F183640 
 211 035e 1C679CD3 		.ascii	"\034g\234\323\001\014!\266U\251&K\300\327B\"\341&j{"
 211      010C21B6 
 211      55A9264B 
 211      C0D74222 
 211      E1266A7B 
 212 0372 954E3692 		.ascii	"\225N6\222\332\007z\200\324K\225\035=8\336iLi\242\016"
 212      DA077A80 
 212      D44B951D 
 212      3D38DE69 
 212      4C69A20E 
 213 0386 D7329E88 		.ascii	"\3272\236\210\341Y[\261\030v\033\203\322?\203\372\366"
 213      E1595BB1 
 213      18761B83 
 213      D23F83FA 
 213      F6
 214 0397 CF9ED12E 		.ascii	"\317\236\321.?\211w\034\352\030y\001{\251\013o\223}"
 214      3F89771C 
 214      EA187901 
 214      7BA90B6F 
 214      937D
 215 03a9 223C7058 		.ascii	"\"<pXR\250*\3270\373R\3407H\021\340\026,g\243\361\346"
ARM GAS  C:\Users\Thomas\AppData\Local\Temp\cc55NGAQ.s 			page 16


 215      52A82AD7 
 215      30FB52E0 
 215      374811E0 
 215      162C67A3 
 216 03bf E838216D 		.ascii	"\3508!mR\342\220\343\320C\255\311\301\372\341\015[B"
 216      52E290E3 
 216      D043ADC9 
 216      C1FAE10D 
 216      5B42
 217 03d1 537161AC 		.ascii	"Sqa\254\012\344>\013\265\327vZ\372(5\200\037Kz[)\217"
 217      0AE43E0B 
 217      B5D7765A 
 217      FA283580 
 217      1F4B7A5B 
 218 03e7 0F946E5B 		.ascii	"\017\224n[\200\372\316\302\335vp\346\237\032sD\215\343"
 218      80FACEC2 
 218      DD7670E6 
 218      9F1A7344 
 218      8DE3
 219 03f9 8D42EABA 		.ascii	"\215B\352\272[\253\315\226R\326\3238\312\215^+\334E"
 219      5BABCD96 
 219      52D6D338 
 219      CA8D5E2B 
 219      DC45
 220 040b 25CA301F 		.ascii	"%\3120\037\001\013\237\023\370\217\350cmue\232(4+\232"
 220      010B9F13 
 220      F88FE863 
 220      6D75659A 
 220      28342B9A 
 221 041f 820EC8E8 		.ascii	"\202\016\310\350\000G\237>\322K\242\300\376(\352{2\370"
 221      00479F3E 
 221      D24BA2C0 
 221      FE28EA7B 
 221      32F8
 222 0431 1E0757FC 		.ascii	"\036\007W\3740P\255'\036^V\355\324\354\3703=$\030\223"
 222      3050AD27 
 222      1E5E56ED 
 222      D4ECF833 
 222      3D241893 
 223 0445 129C589B 		.ascii	"\022\234X\23310\012%|\206\024\035^\362\365\374\014\031"
 223      31300A25 
 223      7C86141D 
 223      5EF2F5FC 
 223      0C19
 224 0457 C713B157 		.ascii	"\307\023\261W\002\374\216\234\367\345\011\342\300\341"
 224      02FC8E9C 
 224      F7E509E2 
 224      C0E1
 225 0465 814F6154 		.ascii	"\201OaT\236p\322r\342s\211\210\375`:ZQv\312@z\245[l"
 225      9E70D272 
 225      E2738988 
 225      FD603A5A 
 225      5176CA40 
 226 047d 7E5ADA1A 		.ascii	"~Z\332\032+\325\355\365c\012\257\320w\263\324o\224\006"
 226      2BD5EDF5 
 226      630AAFD0 
 226      77B3D46F 
ARM GAS  C:\Users\Thomas\AppData\Local\Temp\cc55NGAQ.s 			page 17


 226      9406
 227 048f DBCB1193 		.ascii	"\333\313\021\223\213\0146\327\213d\003\004\361\374\023"
 227      8B0C36D7 
 227      8B640304 
 227      F1FC13
 228 049e CA253F00 		.ascii	"\312%?\000e\252\035\010V\015Z\242\212\025\214*\326\224"
 228      65AA1D08 
 228      560D5AA2 
 228      8A158C2A 
 228      D694
 229 04b0 5CAC295E 		.ascii	"\\\254)^\254q\247\247T\033\205f\003^AO\203%\222\004"
 229      AC71A7A7 
 229      541B8566 
 229      035E414F 
 229      83259204 
 230 04c4 B7425CDA 		.ascii	"\267B\\\332\232\314-\342\216\017\327d\246g}#\246\332"
 230      9ACC2DE2 
 230      8E0FD764 
 230      A6677D23 
 230      A6DA
 231 04d6 73BFDCB9 		.ascii	"s\277\334\271C\267\351\223m\266Ta\305\252\214Mb\256"
 231      43B7E993 
 231      6DB65461 
 231      C5AA8C4D 
 231      62AE
 232 04e8 989F5520 		.ascii	"\230\237U ~\221\231n/\314\317\0263\322\322\355\251\357"
 232      7E91996E 
 232      2FCCCF16 
 232      33D2D2ED 
 232      A9EF
 233 04fa 67CCC7A4 		.ascii	"g\314\307\244}\274*[\210\237w\267\210\273\013\354\371"
 233      7DBC2A5B 
 233      889F77B7 
 233      88BB0BEC 
 233      F9
 234 050b 328B5561 		.ascii	"2\213Ua\316\021\305\274\267\346\335O\263v\211\205y\261"
 234      CE11C5BC 
 234      B7E6DD4F 
 234      B3768985 
 234      79B1
 235 051d CAEB027B 		.ascii	"\312\353\002{\336\333\257\315\265\352+A\241\330\230"
 235      DEDBAFCD 
 235      B5EA2B41 
 235      A1D898
 236 052c 9BB53D47 		.ascii	"\233\265=GT\022oX\237\272y[Zf\372\326-\333R\267\306"
 236      54126F58 
 236      9FBA795B 
 236      5A66FAD6 
 236      2DDB52B7 
 237 0541 14EECC2D 		.ascii	"\024\356\314-X\273|Q\306\354=\005{\362\304\335Hh\026"
 237      58BB7C51 
 237      C6EC3D05 
 237      7BF2C4DD 
 237      486816
 238 0554 394F7A01 		.ascii	"9Oz\001\202t,*9\305\274\033\313\220\236\277~5\022G\366"
 238      82742C2A 
 238      39C5BC1B 
ARM GAS  C:\Users\Thomas\AppData\Local\Temp\cc55NGAQ.s 			page 18


 238      CB909EBF 
 238      7E351247 
 239 0569 C9B85772 		.ascii	"\311\270Wro\317\312\336U\230\027\223/\356HN\211\311"
 239      6FCFCADE 
 239      55981793 
 239      2FEE484E 
 239      89C9
 240 057b DC60B7E7 		.ascii	"\334`\267\347hq\277\366\177\253\225\361\356"
 240      6871BFF6 
 240      7FAB95F1 
 240      EE
 241              		.text
 242              		.section	.gnu.lto_.symtab.c0d6bb48,"",%progbits
 243 0000 50325F52 		.ascii	"P2_RegD2_SaveConfig\000\000\000\000\000\000\000\000"
 243      65674432 
 243      5F536176 
 243      65436F6E 
 243      66696700 
 244 001b 00000000 		.ascii	"\000\000\000\000\254\000\000\000P2_RegD2_RestoreCon"
 244      AC000000 
 244      50325F52 
 244      65674432 
 244      5F526573 
 245 0036 66696700 		.ascii	"fig\000\000\000\000\000\000\000\000\000\000\000\000"
 245      00000000 
 245      00000000 
 245      000000
 246 0045 AE000000 		.ascii	"\256\000\000\000P2_RegD2_Sleep\000\000\000\000\000\000"
 246      50325F52 
 246      65674432 
 246      5F536C65 
 246      65700000 
 247 005d 00000000 		.ascii	"\000\000\000\000\000\000\260\000\000\000P2_RegD2_Wa"
 247      0000B000 
 247      00005032 
 247      5F526567 
 247      44325F57 
 248 0072 6B657570 		.ascii	"keup\000\000\000\000\000\000\000\000\000\000\000\000"
 248      00000000 
 248      00000000 
 248      00000000 
 249 0082 B2000000 		.ascii	"\262\000\000\000P2_RegD2_Stop\000\000\002\000\000\000"
 249      50325F52 
 249      65674432 
 249      5F53746F 
 249      70000002 
 250 0099 00000000 		.ascii	"\000\000\000\000\000\000\264\000\000\000P2_RegD2_En"
 250      0000B400 
 250      00005032 
 250      5F526567 
 250      44325F45 
 251 00ae 61626C65 		.ascii	"able\000\000\002\000\000\000\000\000\000\000\000\000"
 251      00000200 
 251      00000000 
 251      00000000 
 252 00be B6000000 		.ascii	"\266\000\000\000"
 253              		.text
ARM GAS  C:\Users\Thomas\AppData\Local\Temp\cc55NGAQ.s 			page 19


 254              		.section	.gnu.lto_.opts,"",%progbits
 255 0000 272D666E 		.ascii	"'-fno-trapv' '-mcpu=cortex-m3' '-mthumb' '-g' '-O3'"
 255      6F2D7472 
 255      61707627 
 255      20272D6D 
 255      6370753D 
 256 0033 20272D66 		.ascii	" '-ffunction-sections' '-finline-functions' '-flto'"
 256      66756E63 
 256      74696F6E 
 256      2D736563 
 256      74696F6E 
 257 0066 20272D66 		.ascii	" '-ffat-lto-objects'\000"
 257      6661742D 
 257      6C746F2D 
 257      6F626A65 
 257      63747327 
 258              		.text
 259              		.cfi_sections	.debug_frame
 260              		.section	.text.P2_RegD2_SaveConfig,"ax",%progbits
 261              		.align	2
 262              		.global	P2_RegD2_SaveConfig
 263              		.thumb
 264              		.thumb_func
 265              		.type	P2_RegD2_SaveConfig, %function
 266              	P2_RegD2_SaveConfig:
 267              	.LFB0:
 268              		.file 1 ".\\Generated_Source\\PSoC5\\P2_RegD2_PM.c"
   1:.\Generated_Source\PSoC5/P2_RegD2_PM.c **** /*******************************************************************************
   2:.\Generated_Source\PSoC5/P2_RegD2_PM.c **** * File Name: P2_RegD2_PM.c
   3:.\Generated_Source\PSoC5/P2_RegD2_PM.c **** * Version 2.30
   4:.\Generated_Source\PSoC5/P2_RegD2_PM.c **** *
   5:.\Generated_Source\PSoC5/P2_RegD2_PM.c **** * Description:
   6:.\Generated_Source\PSoC5/P2_RegD2_PM.c **** *  This file provides the API source code for sleep mode support for Shift
   7:.\Generated_Source\PSoC5/P2_RegD2_PM.c **** *  Register component.
   8:.\Generated_Source\PSoC5/P2_RegD2_PM.c **** *
   9:.\Generated_Source\PSoC5/P2_RegD2_PM.c **** * Note:
  10:.\Generated_Source\PSoC5/P2_RegD2_PM.c **** *
  11:.\Generated_Source\PSoC5/P2_RegD2_PM.c **** ********************************************************************************
  12:.\Generated_Source\PSoC5/P2_RegD2_PM.c **** * Copyright 2008-2013, Cypress Semiconductor Corporation.  All rights reserved.
  13:.\Generated_Source\PSoC5/P2_RegD2_PM.c **** * You may use this file only in accordance with the license, terms, conditions,
  14:.\Generated_Source\PSoC5/P2_RegD2_PM.c **** * disclaimers, and limitations in the end user license agreement accompanying
  15:.\Generated_Source\PSoC5/P2_RegD2_PM.c **** * the software package with which this file was provided.
  16:.\Generated_Source\PSoC5/P2_RegD2_PM.c **** *******************************************************************************/
  17:.\Generated_Source\PSoC5/P2_RegD2_PM.c **** 
  18:.\Generated_Source\PSoC5/P2_RegD2_PM.c **** #include "P2_RegD2.h"
  19:.\Generated_Source\PSoC5/P2_RegD2_PM.c **** 
  20:.\Generated_Source\PSoC5/P2_RegD2_PM.c **** static P2_RegD2_BACKUP_STRUCT P2_RegD2_backup =
  21:.\Generated_Source\PSoC5/P2_RegD2_PM.c **** {
  22:.\Generated_Source\PSoC5/P2_RegD2_PM.c ****     P2_RegD2_DISABLED,
  23:.\Generated_Source\PSoC5/P2_RegD2_PM.c **** 
  24:.\Generated_Source\PSoC5/P2_RegD2_PM.c ****     ((uint16) P2_RegD2_DEFAULT_A0),
  25:.\Generated_Source\PSoC5/P2_RegD2_PM.c ****     ((uint16) P2_RegD2_DEFAULT_A1),
  26:.\Generated_Source\PSoC5/P2_RegD2_PM.c **** 
  27:.\Generated_Source\PSoC5/P2_RegD2_PM.c ****     #if(CY_UDB_V0)
  28:.\Generated_Source\PSoC5/P2_RegD2_PM.c ****         ((uint16) P2_RegD2_INT_SRC),
  29:.\Generated_Source\PSoC5/P2_RegD2_PM.c ****     #endif /* (CY_UDB_V0) */
  30:.\Generated_Source\PSoC5/P2_RegD2_PM.c **** };
ARM GAS  C:\Users\Thomas\AppData\Local\Temp\cc55NGAQ.s 			page 20


  31:.\Generated_Source\PSoC5/P2_RegD2_PM.c **** 
  32:.\Generated_Source\PSoC5/P2_RegD2_PM.c **** 
  33:.\Generated_Source\PSoC5/P2_RegD2_PM.c **** /*******************************************************************************
  34:.\Generated_Source\PSoC5/P2_RegD2_PM.c **** * Function Name: P2_RegD2_SaveConfig
  35:.\Generated_Source\PSoC5/P2_RegD2_PM.c **** ********************************************************************************
  36:.\Generated_Source\PSoC5/P2_RegD2_PM.c **** *
  37:.\Generated_Source\PSoC5/P2_RegD2_PM.c **** * Summary:
  38:.\Generated_Source\PSoC5/P2_RegD2_PM.c **** *  Saves Shift Register configuration.
  39:.\Generated_Source\PSoC5/P2_RegD2_PM.c **** *
  40:.\Generated_Source\PSoC5/P2_RegD2_PM.c **** * Parameters:
  41:.\Generated_Source\PSoC5/P2_RegD2_PM.c **** *  None.
  42:.\Generated_Source\PSoC5/P2_RegD2_PM.c **** *
  43:.\Generated_Source\PSoC5/P2_RegD2_PM.c **** * Return:
  44:.\Generated_Source\PSoC5/P2_RegD2_PM.c **** *  None.
  45:.\Generated_Source\PSoC5/P2_RegD2_PM.c **** *
  46:.\Generated_Source\PSoC5/P2_RegD2_PM.c **** * Reentrant:
  47:.\Generated_Source\PSoC5/P2_RegD2_PM.c **** *  No.
  48:.\Generated_Source\PSoC5/P2_RegD2_PM.c **** *
  49:.\Generated_Source\PSoC5/P2_RegD2_PM.c **** *******************************************************************************/
  50:.\Generated_Source\PSoC5/P2_RegD2_PM.c **** void P2_RegD2_SaveConfig(void) 
  51:.\Generated_Source\PSoC5/P2_RegD2_PM.c **** {
 269              		.loc 1 51 0
 270              		.cfi_startproc
 271              		@ args = 0, pretend = 0, frame = 0
 272              		@ frame_needed = 0, uses_anonymous_args = 0
 273              		@ link register save eliminated.
  52:.\Generated_Source\PSoC5/P2_RegD2_PM.c ****     /* Store working registers A0 and A1 */
  53:.\Generated_Source\PSoC5/P2_RegD2_PM.c ****     P2_RegD2_backup.saveSrA0Reg   = CY_GET_REG16(P2_RegD2_SHIFT_REG_LSB_PTR);
 274              		.loc 1 53 0
 275 0000 034B     		ldr	r3, .L2
  54:.\Generated_Source\PSoC5/P2_RegD2_PM.c ****     P2_RegD2_backup.saveSrA1Reg   = CY_GET_REG16(P2_RegD2_SHIFT_REG_VALUE_LSB_PTR);
 276              		.loc 1 54 0
 277 0002 044A     		ldr	r2, .L2+4
  53:.\Generated_Source\PSoC5/P2_RegD2_PM.c ****     P2_RegD2_backup.saveSrA1Reg   = CY_GET_REG16(P2_RegD2_SHIFT_REG_VALUE_LSB_PTR);
 278              		.loc 1 53 0
 279 0004 1988     		ldrh	r1, [r3]
 280 0006 044B     		ldr	r3, .L2+8
 281              		.loc 1 54 0
 282 0008 1288     		ldrh	r2, [r2]
  53:.\Generated_Source\PSoC5/P2_RegD2_PM.c ****     P2_RegD2_backup.saveSrA1Reg   = CY_GET_REG16(P2_RegD2_SHIFT_REG_VALUE_LSB_PTR);
 283              		.loc 1 53 0
 284 000a 5980     		strh	r1, [r3, #2]	@ movhi
 285              		.loc 1 54 0
 286 000c 9A80     		strh	r2, [r3, #4]	@ movhi
 287 000e 7047     		bx	lr
 288              	.L3:
 289              		.align	2
 290              	.L2:
 291 0010 0E640040 		.word	1073767438
 292 0014 1E640040 		.word	1073767454
 293 0018 00000000 		.word	.LANCHOR0
 294              		.cfi_endproc
 295              	.LFE0:
 296              		.size	P2_RegD2_SaveConfig, .-P2_RegD2_SaveConfig
 297              		.section	.text.P2_RegD2_RestoreConfig,"ax",%progbits
 298              		.align	2
 299              		.global	P2_RegD2_RestoreConfig
ARM GAS  C:\Users\Thomas\AppData\Local\Temp\cc55NGAQ.s 			page 21


 300              		.thumb
 301              		.thumb_func
 302              		.type	P2_RegD2_RestoreConfig, %function
 303              	P2_RegD2_RestoreConfig:
 304              	.LFB1:
  55:.\Generated_Source\PSoC5/P2_RegD2_PM.c **** 
  56:.\Generated_Source\PSoC5/P2_RegD2_PM.c ****     #if(CY_UDB_V0)
  57:.\Generated_Source\PSoC5/P2_RegD2_PM.c ****         P2_RegD2_backup.saveSrIntMask = P2_RegD2_SR_STATUS_MASK;
  58:.\Generated_Source\PSoC5/P2_RegD2_PM.c ****     #endif /* (CY_UDB_V0) */
  59:.\Generated_Source\PSoC5/P2_RegD2_PM.c **** }
  60:.\Generated_Source\PSoC5/P2_RegD2_PM.c **** 
  61:.\Generated_Source\PSoC5/P2_RegD2_PM.c **** 
  62:.\Generated_Source\PSoC5/P2_RegD2_PM.c **** /*******************************************************************************
  63:.\Generated_Source\PSoC5/P2_RegD2_PM.c **** * Function Name: P2_RegD2_RestoreConfig
  64:.\Generated_Source\PSoC5/P2_RegD2_PM.c **** ********************************************************************************
  65:.\Generated_Source\PSoC5/P2_RegD2_PM.c **** *
  66:.\Generated_Source\PSoC5/P2_RegD2_PM.c **** * Summary:
  67:.\Generated_Source\PSoC5/P2_RegD2_PM.c **** *  Restores Shift Register configuration.
  68:.\Generated_Source\PSoC5/P2_RegD2_PM.c **** *
  69:.\Generated_Source\PSoC5/P2_RegD2_PM.c **** * Parameters:
  70:.\Generated_Source\PSoC5/P2_RegD2_PM.c **** *  None.
  71:.\Generated_Source\PSoC5/P2_RegD2_PM.c **** *
  72:.\Generated_Source\PSoC5/P2_RegD2_PM.c **** * Return:
  73:.\Generated_Source\PSoC5/P2_RegD2_PM.c **** *  None.
  74:.\Generated_Source\PSoC5/P2_RegD2_PM.c **** *
  75:.\Generated_Source\PSoC5/P2_RegD2_PM.c **** *******************************************************************************/
  76:.\Generated_Source\PSoC5/P2_RegD2_PM.c **** void P2_RegD2_RestoreConfig(void) 
  77:.\Generated_Source\PSoC5/P2_RegD2_PM.c **** {
 305              		.loc 1 77 0
 306              		.cfi_startproc
 307              		@ args = 0, pretend = 0, frame = 0
 308              		@ frame_needed = 0, uses_anonymous_args = 0
 309              		@ link register save eliminated.
  78:.\Generated_Source\PSoC5/P2_RegD2_PM.c ****     /* Restore working registers A0 and A1 */
  79:.\Generated_Source\PSoC5/P2_RegD2_PM.c ****     CY_SET_REG16(P2_RegD2_SHIFT_REG_LSB_PTR, P2_RegD2_backup.saveSrA0Reg);
 310              		.loc 1 79 0
 311 0000 034B     		ldr	r3, .L5
 312 0002 0449     		ldr	r1, .L5+4
  80:.\Generated_Source\PSoC5/P2_RegD2_PM.c ****     CY_SET_REG16(P2_RegD2_SHIFT_REG_VALUE_LSB_PTR, P2_RegD2_backup.saveSrA1Reg);
 313              		.loc 1 80 0
 314 0004 9A88     		ldrh	r2, [r3, #4]
  79:.\Generated_Source\PSoC5/P2_RegD2_PM.c ****     CY_SET_REG16(P2_RegD2_SHIFT_REG_VALUE_LSB_PTR, P2_RegD2_backup.saveSrA1Reg);
 315              		.loc 1 79 0
 316 0006 5888     		ldrh	r0, [r3, #2]
 317              		.loc 1 80 0
 318 0008 034B     		ldr	r3, .L5+8
  79:.\Generated_Source\PSoC5/P2_RegD2_PM.c ****     CY_SET_REG16(P2_RegD2_SHIFT_REG_VALUE_LSB_PTR, P2_RegD2_backup.saveSrA1Reg);
 319              		.loc 1 79 0
 320 000a 0880     		strh	r0, [r1]	@ movhi
 321              		.loc 1 80 0
 322 000c 1A80     		strh	r2, [r3]	@ movhi
 323 000e 7047     		bx	lr
 324              	.L6:
 325              		.align	2
 326              	.L5:
 327 0010 00000000 		.word	.LANCHOR0
 328 0014 0E640040 		.word	1073767438
ARM GAS  C:\Users\Thomas\AppData\Local\Temp\cc55NGAQ.s 			page 22


 329 0018 1E640040 		.word	1073767454
 330              		.cfi_endproc
 331              	.LFE1:
 332              		.size	P2_RegD2_RestoreConfig, .-P2_RegD2_RestoreConfig
 333              		.section	.text.P2_RegD2_Sleep,"ax",%progbits
 334              		.align	2
 335              		.global	P2_RegD2_Sleep
 336              		.thumb
 337              		.thumb_func
 338              		.type	P2_RegD2_Sleep, %function
 339              	P2_RegD2_Sleep:
 340              	.LFB2:
  81:.\Generated_Source\PSoC5/P2_RegD2_PM.c **** 
  82:.\Generated_Source\PSoC5/P2_RegD2_PM.c ****     #if(CY_UDB_V0)
  83:.\Generated_Source\PSoC5/P2_RegD2_PM.c ****         P2_RegD2_SR_STATUS_MASK = ((uint8) P2_RegD2_backup.saveSrIntMask);
  84:.\Generated_Source\PSoC5/P2_RegD2_PM.c ****     #endif /* (CY_UDB_V0) */
  85:.\Generated_Source\PSoC5/P2_RegD2_PM.c **** }
  86:.\Generated_Source\PSoC5/P2_RegD2_PM.c **** 
  87:.\Generated_Source\PSoC5/P2_RegD2_PM.c **** 
  88:.\Generated_Source\PSoC5/P2_RegD2_PM.c **** /*******************************************************************************
  89:.\Generated_Source\PSoC5/P2_RegD2_PM.c **** * Function Name: P2_RegD2_Sleep
  90:.\Generated_Source\PSoC5/P2_RegD2_PM.c **** ********************************************************************************
  91:.\Generated_Source\PSoC5/P2_RegD2_PM.c **** *
  92:.\Generated_Source\PSoC5/P2_RegD2_PM.c **** * Summary:
  93:.\Generated_Source\PSoC5/P2_RegD2_PM.c **** *  Prepare the component to enter a Sleep mode.
  94:.\Generated_Source\PSoC5/P2_RegD2_PM.c **** *
  95:.\Generated_Source\PSoC5/P2_RegD2_PM.c **** * Parameters:
  96:.\Generated_Source\PSoC5/P2_RegD2_PM.c **** *  None.
  97:.\Generated_Source\PSoC5/P2_RegD2_PM.c **** *
  98:.\Generated_Source\PSoC5/P2_RegD2_PM.c **** * Return:
  99:.\Generated_Source\PSoC5/P2_RegD2_PM.c **** *  None.
 100:.\Generated_Source\PSoC5/P2_RegD2_PM.c **** *
 101:.\Generated_Source\PSoC5/P2_RegD2_PM.c **** * Reentrant:
 102:.\Generated_Source\PSoC5/P2_RegD2_PM.c **** *  No.
 103:.\Generated_Source\PSoC5/P2_RegD2_PM.c **** *
 104:.\Generated_Source\PSoC5/P2_RegD2_PM.c **** *******************************************************************************/
 105:.\Generated_Source\PSoC5/P2_RegD2_PM.c **** void P2_RegD2_Sleep(void) 
 106:.\Generated_Source\PSoC5/P2_RegD2_PM.c **** {
 341              		.loc 1 106 0
 342              		.cfi_startproc
 343              		@ args = 0, pretend = 0, frame = 0
 344              		@ frame_needed = 0, uses_anonymous_args = 0
 345 0000 10B5     		push	{r4, lr}
 346              		.cfi_def_cfa_offset 8
 347              		.cfi_offset 4, -8
 348              		.cfi_offset 14, -4
 107:.\Generated_Source\PSoC5/P2_RegD2_PM.c ****     P2_RegD2_backup.enableState = ((uint8) P2_RegD2_IS_ENABLED);
 349              		.loc 1 107 0
 350 0002 074B     		ldr	r3, .L9
 351 0004 074C     		ldr	r4, .L9+4
 352 0006 1B78     		ldrb	r3, [r3]	@ zero_extendqisi2
 353 0008 03F00103 		and	r3, r3, #1
 354 000c 2370     		strb	r3, [r4]
 108:.\Generated_Source\PSoC5/P2_RegD2_PM.c **** 
 109:.\Generated_Source\PSoC5/P2_RegD2_PM.c ****     P2_RegD2_Stop();
 355              		.loc 1 109 0
 356 000e FFF7FEFF 		bl	P2_RegD2_Stop
ARM GAS  C:\Users\Thomas\AppData\Local\Temp\cc55NGAQ.s 			page 23


 357              	.LVL0:
 358              	.LBB6:
 359              	.LBB7:
  53:.\Generated_Source\PSoC5/P2_RegD2_PM.c ****     P2_RegD2_backup.saveSrA1Reg   = CY_GET_REG16(P2_RegD2_SHIFT_REG_VALUE_LSB_PTR);
 360              		.loc 1 53 0
 361 0012 054A     		ldr	r2, .L9+8
  54:.\Generated_Source\PSoC5/P2_RegD2_PM.c **** 
 362              		.loc 1 54 0
 363 0014 054B     		ldr	r3, .L9+12
  53:.\Generated_Source\PSoC5/P2_RegD2_PM.c ****     P2_RegD2_backup.saveSrA1Reg   = CY_GET_REG16(P2_RegD2_SHIFT_REG_VALUE_LSB_PTR);
 364              		.loc 1 53 0
 365 0016 1288     		ldrh	r2, [r2]
  54:.\Generated_Source\PSoC5/P2_RegD2_PM.c **** 
 366              		.loc 1 54 0
 367 0018 1B88     		ldrh	r3, [r3]
  53:.\Generated_Source\PSoC5/P2_RegD2_PM.c ****     P2_RegD2_backup.saveSrA1Reg   = CY_GET_REG16(P2_RegD2_SHIFT_REG_VALUE_LSB_PTR);
 368              		.loc 1 53 0
 369 001a 6280     		strh	r2, [r4, #2]	@ movhi
  54:.\Generated_Source\PSoC5/P2_RegD2_PM.c **** 
 370              		.loc 1 54 0
 371 001c A380     		strh	r3, [r4, #4]	@ movhi
 372 001e 10BD     		pop	{r4, pc}
 373              	.L10:
 374              		.align	2
 375              	.L9:
 376 0020 7F640040 		.word	1073767551
 377 0024 00000000 		.word	.LANCHOR0
 378 0028 0E640040 		.word	1073767438
 379 002c 1E640040 		.word	1073767454
 380              	.LBE7:
 381              	.LBE6:
 382              		.cfi_endproc
 383              	.LFE2:
 384              		.size	P2_RegD2_Sleep, .-P2_RegD2_Sleep
 385              		.section	.text.P2_RegD2_Wakeup,"ax",%progbits
 386              		.align	2
 387              		.global	P2_RegD2_Wakeup
 388              		.thumb
 389              		.thumb_func
 390              		.type	P2_RegD2_Wakeup, %function
 391              	P2_RegD2_Wakeup:
 392              	.LFB3:
 110:.\Generated_Source\PSoC5/P2_RegD2_PM.c ****     P2_RegD2_SaveConfig();
 111:.\Generated_Source\PSoC5/P2_RegD2_PM.c **** }
 112:.\Generated_Source\PSoC5/P2_RegD2_PM.c **** 
 113:.\Generated_Source\PSoC5/P2_RegD2_PM.c **** 
 114:.\Generated_Source\PSoC5/P2_RegD2_PM.c **** /*******************************************************************************
 115:.\Generated_Source\PSoC5/P2_RegD2_PM.c **** * Function Name: P2_RegD2_Wakeup
 116:.\Generated_Source\PSoC5/P2_RegD2_PM.c **** ********************************************************************************
 117:.\Generated_Source\PSoC5/P2_RegD2_PM.c **** *
 118:.\Generated_Source\PSoC5/P2_RegD2_PM.c **** * Summary:
 119:.\Generated_Source\PSoC5/P2_RegD2_PM.c **** *  Restores and enables the user configuration.
 120:.\Generated_Source\PSoC5/P2_RegD2_PM.c **** *
 121:.\Generated_Source\PSoC5/P2_RegD2_PM.c **** * Parameters:
 122:.\Generated_Source\PSoC5/P2_RegD2_PM.c **** *  None.
 123:.\Generated_Source\PSoC5/P2_RegD2_PM.c **** *
 124:.\Generated_Source\PSoC5/P2_RegD2_PM.c **** * Return:
ARM GAS  C:\Users\Thomas\AppData\Local\Temp\cc55NGAQ.s 			page 24


 125:.\Generated_Source\PSoC5/P2_RegD2_PM.c **** *  None.
 126:.\Generated_Source\PSoC5/P2_RegD2_PM.c **** *
 127:.\Generated_Source\PSoC5/P2_RegD2_PM.c **** *******************************************************************************/
 128:.\Generated_Source\PSoC5/P2_RegD2_PM.c **** void P2_RegD2_Wakeup(void) 
 129:.\Generated_Source\PSoC5/P2_RegD2_PM.c **** {
 393              		.loc 1 129 0
 394              		.cfi_startproc
 395              		@ args = 0, pretend = 0, frame = 0
 396              		@ frame_needed = 0, uses_anonymous_args = 0
 397              		@ link register save eliminated.
 398 0000 10B4     		push	{r4}
 399              		.cfi_def_cfa_offset 4
 400              		.cfi_offset 4, -4
 401              	.LBB8:
 402              	.LBB9:
  79:.\Generated_Source\PSoC5/P2_RegD2_PM.c ****     CY_SET_REG16(P2_RegD2_SHIFT_REG_VALUE_LSB_PTR, P2_RegD2_backup.saveSrA1Reg);
 403              		.loc 1 79 0
 404 0002 084B     		ldr	r3, .L16
 405 0004 0848     		ldr	r0, .L16+4
 406 0006 5C88     		ldrh	r4, [r3, #2]
  80:.\Generated_Source\PSoC5/P2_RegD2_PM.c **** 
 407              		.loc 1 80 0
 408 0008 9988     		ldrh	r1, [r3, #4]
 409 000a 084A     		ldr	r2, .L16+8
  79:.\Generated_Source\PSoC5/P2_RegD2_PM.c ****     CY_SET_REG16(P2_RegD2_SHIFT_REG_VALUE_LSB_PTR, P2_RegD2_backup.saveSrA1Reg);
 410              		.loc 1 79 0
 411 000c 0480     		strh	r4, [r0]	@ movhi
  80:.\Generated_Source\PSoC5/P2_RegD2_PM.c **** 
 412              		.loc 1 80 0
 413 000e 1180     		strh	r1, [r2]	@ movhi
 414              	.LBE9:
 415              	.LBE8:
 130:.\Generated_Source\PSoC5/P2_RegD2_PM.c ****     P2_RegD2_RestoreConfig();
 131:.\Generated_Source\PSoC5/P2_RegD2_PM.c **** 
 132:.\Generated_Source\PSoC5/P2_RegD2_PM.c ****     if(0u != P2_RegD2_backup.enableState)
 416              		.loc 1 132 0
 417 0010 1B78     		ldrb	r3, [r3]	@ zero_extendqisi2
 418 0012 13B9     		cbnz	r3, .L15
 133:.\Generated_Source\PSoC5/P2_RegD2_PM.c ****     {
 134:.\Generated_Source\PSoC5/P2_RegD2_PM.c ****         P2_RegD2_Enable();
 135:.\Generated_Source\PSoC5/P2_RegD2_PM.c ****     }
 136:.\Generated_Source\PSoC5/P2_RegD2_PM.c **** }
 419              		.loc 1 136 0
 420 0014 5DF8044B 		ldr	r4, [sp], #4
 421              		.cfi_remember_state
 422              		.cfi_restore 4
 423              		.cfi_def_cfa_offset 0
 424 0018 7047     		bx	lr
 425              	.L15:
 426              		.cfi_restore_state
 427 001a 5DF8044B 		ldr	r4, [sp], #4
 428              		.cfi_restore 4
 429              		.cfi_def_cfa_offset 0
 134:.\Generated_Source\PSoC5/P2_RegD2_PM.c ****     }
 430              		.loc 1 134 0
 431 001e FFF7FEBF 		b	P2_RegD2_Enable
 432              	.LVL1:
ARM GAS  C:\Users\Thomas\AppData\Local\Temp\cc55NGAQ.s 			page 25


 433              	.L17:
 434 0022 00BF     		.align	2
 435              	.L16:
 436 0024 00000000 		.word	.LANCHOR0
 437 0028 0E640040 		.word	1073767438
 438 002c 1E640040 		.word	1073767454
 439              		.cfi_endproc
 440              	.LFE3:
 441              		.size	P2_RegD2_Wakeup, .-P2_RegD2_Wakeup
 442              		.bss
 443              		.align	2
 444              		.set	.LANCHOR0,. + 0
 445              		.type	P2_RegD2_backup, %object
 446              		.size	P2_RegD2_backup, 6
 447              	P2_RegD2_backup:
 448 0000 00000000 		.space	6
 448      0000
 449 0006 0000     		.text
 450              	.Letext0:
 451              		.file 2 ".\\Generated_Source\\PSoC5\\cytypes.h"
 452              		.file 3 ".\\Generated_Source\\PSoC5\\P2_RegD2.h"
 453              		.section	.debug_info,"",%progbits
 454              	.Ldebug_info0:
 455 0000 9F010000 		.4byte	0x19f
 456 0004 0400     		.2byte	0x4
 457 0006 00000000 		.4byte	.Ldebug_abbrev0
 458 000a 04       		.byte	0x4
 459 000b 01       		.uleb128 0x1
 460 000c 79010000 		.4byte	.LASF27
 461 0010 01       		.byte	0x1
 462 0011 16000000 		.4byte	.LASF28
 463 0015 D8000000 		.4byte	.LASF29
 464 0019 00000000 		.4byte	.Ldebug_ranges0+0
 465 001d 00000000 		.4byte	0
 466 0021 00000000 		.4byte	.Ldebug_line0
 467 0025 02       		.uleb128 0x2
 468 0026 01       		.byte	0x1
 469 0027 06       		.byte	0x6
 470 0028 5B020000 		.4byte	.LASF0
 471 002c 02       		.uleb128 0x2
 472 002d 01       		.byte	0x1
 473 002e 08       		.byte	0x8
 474 002f 97000000 		.4byte	.LASF1
 475 0033 02       		.uleb128 0x2
 476 0034 02       		.byte	0x2
 477 0035 05       		.byte	0x5
 478 0036 3C020000 		.4byte	.LASF2
 479 003a 02       		.uleb128 0x2
 480 003b 02       		.byte	0x2
 481 003c 07       		.byte	0x7
 482 003d 5A000000 		.4byte	.LASF3
 483 0041 02       		.uleb128 0x2
 484 0042 04       		.byte	0x4
 485 0043 05       		.byte	0x5
 486 0044 46020000 		.4byte	.LASF4
 487 0048 02       		.uleb128 0x2
 488 0049 04       		.byte	0x4
ARM GAS  C:\Users\Thomas\AppData\Local\Temp\cc55NGAQ.s 			page 26


 489 004a 07       		.byte	0x7
 490 004b B9000000 		.4byte	.LASF5
 491 004f 02       		.uleb128 0x2
 492 0050 08       		.byte	0x8
 493 0051 05       		.byte	0x5
 494 0052 6B010000 		.4byte	.LASF6
 495 0056 02       		.uleb128 0x2
 496 0057 08       		.byte	0x8
 497 0058 07       		.byte	0x7
 498 0059 27010000 		.4byte	.LASF7
 499 005d 03       		.uleb128 0x3
 500 005e 04       		.byte	0x4
 501 005f 05       		.byte	0x5
 502 0060 696E7400 		.ascii	"int\000"
 503 0064 02       		.uleb128 0x2
 504 0065 04       		.byte	0x4
 505 0066 07       		.byte	0x7
 506 0067 1A010000 		.4byte	.LASF8
 507 006b 04       		.uleb128 0x4
 508 006c CB000000 		.4byte	.LASF9
 509 0070 02       		.byte	0x2
 510 0071 9201     		.2byte	0x192
 511 0073 2C000000 		.4byte	0x2c
 512 0077 04       		.uleb128 0x4
 513 0078 13010000 		.4byte	.LASF10
 514 007c 02       		.byte	0x2
 515 007d 9301     		.2byte	0x193
 516 007f 3A000000 		.4byte	0x3a
 517 0083 02       		.uleb128 0x2
 518 0084 04       		.byte	0x4
 519 0085 04       		.byte	0x4
 520 0086 54000000 		.4byte	.LASF11
 521 008a 02       		.uleb128 0x2
 522 008b 08       		.byte	0x8
 523 008c 04       		.byte	0x4
 524 008d D1000000 		.4byte	.LASF12
 525 0091 02       		.uleb128 0x2
 526 0092 01       		.byte	0x1
 527 0093 08       		.byte	0x8
 528 0094 20020000 		.4byte	.LASF13
 529 0098 04       		.uleb128 0x4
 530 0099 B4000000 		.4byte	.LASF14
 531 009d 02       		.byte	0x2
 532 009e 3C02     		.2byte	0x23c
 533 00a0 A4000000 		.4byte	0xa4
 534 00a4 05       		.uleb128 0x5
 535 00a5 6B000000 		.4byte	0x6b
 536 00a9 04       		.uleb128 0x4
 537 00aa 00000000 		.4byte	.LASF15
 538 00ae 02       		.byte	0x2
 539 00af 3D02     		.2byte	0x23d
 540 00b1 B5000000 		.4byte	0xb5
 541 00b5 05       		.uleb128 0x5
 542 00b6 77000000 		.4byte	0x77
 543 00ba 02       		.uleb128 0x2
 544 00bb 04       		.byte	0x4
 545 00bc 07       		.byte	0x7
ARM GAS  C:\Users\Thomas\AppData\Local\Temp\cc55NGAQ.s 			page 27


 546 00bd 62010000 		.4byte	.LASF16
 547 00c1 06       		.uleb128 0x6
 548 00c2 06       		.byte	0x6
 549 00c3 03       		.byte	0x3
 550 00c4 30       		.byte	0x30
 551 00c5 EE000000 		.4byte	0xee
 552 00c9 07       		.uleb128 0x7
 553 00ca 4F020000 		.4byte	.LASF17
 554 00ce 03       		.byte	0x3
 555 00cf 32       		.byte	0x32
 556 00d0 6B000000 		.4byte	0x6b
 557 00d4 00       		.byte	0
 558 00d5 07       		.uleb128 0x7
 559 00d6 67020000 		.4byte	.LASF18
 560 00da 03       		.byte	0x3
 561 00db 34       		.byte	0x34
 562 00dc 77000000 		.4byte	0x77
 563 00e0 02       		.byte	0x2
 564 00e1 07       		.uleb128 0x7
 565 00e2 6D000000 		.4byte	.LASF19
 566 00e6 03       		.byte	0x3
 567 00e7 35       		.byte	0x35
 568 00e8 77000000 		.4byte	0x77
 569 00ec 04       		.byte	0x4
 570 00ed 00       		.byte	0
 571 00ee 08       		.uleb128 0x8
 572 00ef 25020000 		.4byte	.LASF20
 573 00f3 03       		.byte	0x3
 574 00f4 3B       		.byte	0x3b
 575 00f5 C1000000 		.4byte	0xc1
 576 00f9 09       		.uleb128 0x9
 577 00fa 4E010000 		.4byte	.LASF21
 578 00fe 01       		.byte	0x1
 579 00ff 32       		.byte	0x32
 580 0100 01       		.byte	0x1
 581 0101 09       		.uleb128 0x9
 582 0102 3D000000 		.4byte	.LASF22
 583 0106 01       		.byte	0x1
 584 0107 4C       		.byte	0x4c
 585 0108 01       		.byte	0x1
 586 0109 0A       		.uleb128 0xa
 587 010a F9000000 		.4byte	0xf9
 588 010e 00000000 		.4byte	.LFB0
 589 0112 1C000000 		.4byte	.LFE0-.LFB0
 590 0116 01       		.uleb128 0x1
 591 0117 9C       		.byte	0x9c
 592 0118 0A       		.uleb128 0xa
 593 0119 01010000 		.4byte	0x101
 594 011d 00000000 		.4byte	.LFB1
 595 0121 1C000000 		.4byte	.LFE1-.LFB1
 596 0125 01       		.uleb128 0x1
 597 0126 9C       		.byte	0x9c
 598 0127 0B       		.uleb128 0xb
 599 0128 A5000000 		.4byte	.LASF23
 600 012c 01       		.byte	0x1
 601 012d 69       		.byte	0x69
 602 012e 00000000 		.4byte	.LFB2
ARM GAS  C:\Users\Thomas\AppData\Local\Temp\cc55NGAQ.s 			page 28


 603 0132 30000000 		.4byte	.LFE2-.LFB2
 604 0136 01       		.uleb128 0x1
 605 0137 9C       		.byte	0x9c
 606 0138 55010000 		.4byte	0x155
 607 013c 0C       		.uleb128 0xc
 608 013d F9000000 		.4byte	0xf9
 609 0141 12000000 		.4byte	.LBB6
 610 0145 1E000000 		.4byte	.LBE6-.LBB6
 611 0149 01       		.byte	0x1
 612 014a 6E       		.byte	0x6e
 613 014b 0D       		.uleb128 0xd
 614 014c 12000000 		.4byte	.LVL0
 615 0150 94010000 		.4byte	0x194
 616 0154 00       		.byte	0
 617 0155 0B       		.uleb128 0xb
 618 0156 06000000 		.4byte	.LASF24
 619 015a 01       		.byte	0x1
 620 015b 80       		.byte	0x80
 621 015c 00000000 		.4byte	.LFB3
 622 0160 30000000 		.4byte	.LFE3-.LFB3
 623 0164 01       		.uleb128 0x1
 624 0165 9C       		.byte	0x9c
 625 0166 83010000 		.4byte	0x183
 626 016a 0C       		.uleb128 0xc
 627 016b 01010000 		.4byte	0x101
 628 016f 02000000 		.4byte	.LBB8
 629 0173 0E000000 		.4byte	.LBE8-.LBB8
 630 0177 01       		.byte	0x1
 631 0178 82       		.byte	0x82
 632 0179 0E       		.uleb128 0xe
 633 017a 22000000 		.4byte	.LVL1
 634 017e 9B010000 		.4byte	0x19b
 635 0182 00       		.byte	0
 636 0183 0F       		.uleb128 0xf
 637 0184 3E010000 		.4byte	.LASF30
 638 0188 01       		.byte	0x1
 639 0189 14       		.byte	0x14
 640 018a EE000000 		.4byte	0xee
 641 018e 05       		.uleb128 0x5
 642 018f 03       		.byte	0x3
 643 0190 00000000 		.4byte	P2_RegD2_backup
 644 0194 10       		.uleb128 0x10
 645 0195 89000000 		.4byte	.LASF25
 646 0199 03       		.byte	0x3
 647 019a 43       		.byte	0x43
 648 019b 10       		.uleb128 0x10
 649 019c 79000000 		.4byte	.LASF26
 650 01a0 03       		.byte	0x3
 651 01a1 45       		.byte	0x45
 652 01a2 00       		.byte	0
 653              		.section	.debug_abbrev,"",%progbits
 654              	.Ldebug_abbrev0:
 655 0000 01       		.uleb128 0x1
 656 0001 11       		.uleb128 0x11
 657 0002 01       		.byte	0x1
 658 0003 25       		.uleb128 0x25
 659 0004 0E       		.uleb128 0xe
ARM GAS  C:\Users\Thomas\AppData\Local\Temp\cc55NGAQ.s 			page 29


 660 0005 13       		.uleb128 0x13
 661 0006 0B       		.uleb128 0xb
 662 0007 03       		.uleb128 0x3
 663 0008 0E       		.uleb128 0xe
 664 0009 1B       		.uleb128 0x1b
 665 000a 0E       		.uleb128 0xe
 666 000b 55       		.uleb128 0x55
 667 000c 17       		.uleb128 0x17
 668 000d 11       		.uleb128 0x11
 669 000e 01       		.uleb128 0x1
 670 000f 10       		.uleb128 0x10
 671 0010 17       		.uleb128 0x17
 672 0011 00       		.byte	0
 673 0012 00       		.byte	0
 674 0013 02       		.uleb128 0x2
 675 0014 24       		.uleb128 0x24
 676 0015 00       		.byte	0
 677 0016 0B       		.uleb128 0xb
 678 0017 0B       		.uleb128 0xb
 679 0018 3E       		.uleb128 0x3e
 680 0019 0B       		.uleb128 0xb
 681 001a 03       		.uleb128 0x3
 682 001b 0E       		.uleb128 0xe
 683 001c 00       		.byte	0
 684 001d 00       		.byte	0
 685 001e 03       		.uleb128 0x3
 686 001f 24       		.uleb128 0x24
 687 0020 00       		.byte	0
 688 0021 0B       		.uleb128 0xb
 689 0022 0B       		.uleb128 0xb
 690 0023 3E       		.uleb128 0x3e
 691 0024 0B       		.uleb128 0xb
 692 0025 03       		.uleb128 0x3
 693 0026 08       		.uleb128 0x8
 694 0027 00       		.byte	0
 695 0028 00       		.byte	0
 696 0029 04       		.uleb128 0x4
 697 002a 16       		.uleb128 0x16
 698 002b 00       		.byte	0
 699 002c 03       		.uleb128 0x3
 700 002d 0E       		.uleb128 0xe
 701 002e 3A       		.uleb128 0x3a
 702 002f 0B       		.uleb128 0xb
 703 0030 3B       		.uleb128 0x3b
 704 0031 05       		.uleb128 0x5
 705 0032 49       		.uleb128 0x49
 706 0033 13       		.uleb128 0x13
 707 0034 00       		.byte	0
 708 0035 00       		.byte	0
 709 0036 05       		.uleb128 0x5
 710 0037 35       		.uleb128 0x35
 711 0038 00       		.byte	0
 712 0039 49       		.uleb128 0x49
 713 003a 13       		.uleb128 0x13
 714 003b 00       		.byte	0
 715 003c 00       		.byte	0
 716 003d 06       		.uleb128 0x6
ARM GAS  C:\Users\Thomas\AppData\Local\Temp\cc55NGAQ.s 			page 30


 717 003e 13       		.uleb128 0x13
 718 003f 01       		.byte	0x1
 719 0040 0B       		.uleb128 0xb
 720 0041 0B       		.uleb128 0xb
 721 0042 3A       		.uleb128 0x3a
 722 0043 0B       		.uleb128 0xb
 723 0044 3B       		.uleb128 0x3b
 724 0045 0B       		.uleb128 0xb
 725 0046 01       		.uleb128 0x1
 726 0047 13       		.uleb128 0x13
 727 0048 00       		.byte	0
 728 0049 00       		.byte	0
 729 004a 07       		.uleb128 0x7
 730 004b 0D       		.uleb128 0xd
 731 004c 00       		.byte	0
 732 004d 03       		.uleb128 0x3
 733 004e 0E       		.uleb128 0xe
 734 004f 3A       		.uleb128 0x3a
 735 0050 0B       		.uleb128 0xb
 736 0051 3B       		.uleb128 0x3b
 737 0052 0B       		.uleb128 0xb
 738 0053 49       		.uleb128 0x49
 739 0054 13       		.uleb128 0x13
 740 0055 38       		.uleb128 0x38
 741 0056 0B       		.uleb128 0xb
 742 0057 00       		.byte	0
 743 0058 00       		.byte	0
 744 0059 08       		.uleb128 0x8
 745 005a 16       		.uleb128 0x16
 746 005b 00       		.byte	0
 747 005c 03       		.uleb128 0x3
 748 005d 0E       		.uleb128 0xe
 749 005e 3A       		.uleb128 0x3a
 750 005f 0B       		.uleb128 0xb
 751 0060 3B       		.uleb128 0x3b
 752 0061 0B       		.uleb128 0xb
 753 0062 49       		.uleb128 0x49
 754 0063 13       		.uleb128 0x13
 755 0064 00       		.byte	0
 756 0065 00       		.byte	0
 757 0066 09       		.uleb128 0x9
 758 0067 2E       		.uleb128 0x2e
 759 0068 00       		.byte	0
 760 0069 3F       		.uleb128 0x3f
 761 006a 19       		.uleb128 0x19
 762 006b 03       		.uleb128 0x3
 763 006c 0E       		.uleb128 0xe
 764 006d 3A       		.uleb128 0x3a
 765 006e 0B       		.uleb128 0xb
 766 006f 3B       		.uleb128 0x3b
 767 0070 0B       		.uleb128 0xb
 768 0071 27       		.uleb128 0x27
 769 0072 19       		.uleb128 0x19
 770 0073 20       		.uleb128 0x20
 771 0074 0B       		.uleb128 0xb
 772 0075 00       		.byte	0
 773 0076 00       		.byte	0
ARM GAS  C:\Users\Thomas\AppData\Local\Temp\cc55NGAQ.s 			page 31


 774 0077 0A       		.uleb128 0xa
 775 0078 2E       		.uleb128 0x2e
 776 0079 00       		.byte	0
 777 007a 31       		.uleb128 0x31
 778 007b 13       		.uleb128 0x13
 779 007c 11       		.uleb128 0x11
 780 007d 01       		.uleb128 0x1
 781 007e 12       		.uleb128 0x12
 782 007f 06       		.uleb128 0x6
 783 0080 40       		.uleb128 0x40
 784 0081 18       		.uleb128 0x18
 785 0082 9742     		.uleb128 0x2117
 786 0084 19       		.uleb128 0x19
 787 0085 00       		.byte	0
 788 0086 00       		.byte	0
 789 0087 0B       		.uleb128 0xb
 790 0088 2E       		.uleb128 0x2e
 791 0089 01       		.byte	0x1
 792 008a 3F       		.uleb128 0x3f
 793 008b 19       		.uleb128 0x19
 794 008c 03       		.uleb128 0x3
 795 008d 0E       		.uleb128 0xe
 796 008e 3A       		.uleb128 0x3a
 797 008f 0B       		.uleb128 0xb
 798 0090 3B       		.uleb128 0x3b
 799 0091 0B       		.uleb128 0xb
 800 0092 27       		.uleb128 0x27
 801 0093 19       		.uleb128 0x19
 802 0094 11       		.uleb128 0x11
 803 0095 01       		.uleb128 0x1
 804 0096 12       		.uleb128 0x12
 805 0097 06       		.uleb128 0x6
 806 0098 40       		.uleb128 0x40
 807 0099 18       		.uleb128 0x18
 808 009a 9742     		.uleb128 0x2117
 809 009c 19       		.uleb128 0x19
 810 009d 01       		.uleb128 0x1
 811 009e 13       		.uleb128 0x13
 812 009f 00       		.byte	0
 813 00a0 00       		.byte	0
 814 00a1 0C       		.uleb128 0xc
 815 00a2 1D       		.uleb128 0x1d
 816 00a3 00       		.byte	0
 817 00a4 31       		.uleb128 0x31
 818 00a5 13       		.uleb128 0x13
 819 00a6 11       		.uleb128 0x11
 820 00a7 01       		.uleb128 0x1
 821 00a8 12       		.uleb128 0x12
 822 00a9 06       		.uleb128 0x6
 823 00aa 58       		.uleb128 0x58
 824 00ab 0B       		.uleb128 0xb
 825 00ac 59       		.uleb128 0x59
 826 00ad 0B       		.uleb128 0xb
 827 00ae 00       		.byte	0
 828 00af 00       		.byte	0
 829 00b0 0D       		.uleb128 0xd
 830 00b1 898201   		.uleb128 0x4109
ARM GAS  C:\Users\Thomas\AppData\Local\Temp\cc55NGAQ.s 			page 32


 831 00b4 00       		.byte	0
 832 00b5 11       		.uleb128 0x11
 833 00b6 01       		.uleb128 0x1
 834 00b7 31       		.uleb128 0x31
 835 00b8 13       		.uleb128 0x13
 836 00b9 00       		.byte	0
 837 00ba 00       		.byte	0
 838 00bb 0E       		.uleb128 0xe
 839 00bc 898201   		.uleb128 0x4109
 840 00bf 00       		.byte	0
 841 00c0 11       		.uleb128 0x11
 842 00c1 01       		.uleb128 0x1
 843 00c2 9542     		.uleb128 0x2115
 844 00c4 19       		.uleb128 0x19
 845 00c5 31       		.uleb128 0x31
 846 00c6 13       		.uleb128 0x13
 847 00c7 00       		.byte	0
 848 00c8 00       		.byte	0
 849 00c9 0F       		.uleb128 0xf
 850 00ca 34       		.uleb128 0x34
 851 00cb 00       		.byte	0
 852 00cc 03       		.uleb128 0x3
 853 00cd 0E       		.uleb128 0xe
 854 00ce 3A       		.uleb128 0x3a
 855 00cf 0B       		.uleb128 0xb
 856 00d0 3B       		.uleb128 0x3b
 857 00d1 0B       		.uleb128 0xb
 858 00d2 49       		.uleb128 0x49
 859 00d3 13       		.uleb128 0x13
 860 00d4 02       		.uleb128 0x2
 861 00d5 18       		.uleb128 0x18
 862 00d6 00       		.byte	0
 863 00d7 00       		.byte	0
 864 00d8 10       		.uleb128 0x10
 865 00d9 2E       		.uleb128 0x2e
 866 00da 00       		.byte	0
 867 00db 3F       		.uleb128 0x3f
 868 00dc 19       		.uleb128 0x19
 869 00dd 03       		.uleb128 0x3
 870 00de 0E       		.uleb128 0xe
 871 00df 3A       		.uleb128 0x3a
 872 00e0 0B       		.uleb128 0xb
 873 00e1 3B       		.uleb128 0x3b
 874 00e2 0B       		.uleb128 0xb
 875 00e3 27       		.uleb128 0x27
 876 00e4 19       		.uleb128 0x19
 877 00e5 3C       		.uleb128 0x3c
 878 00e6 19       		.uleb128 0x19
 879 00e7 00       		.byte	0
 880 00e8 00       		.byte	0
 881 00e9 00       		.byte	0
 882              		.section	.debug_aranges,"",%progbits
 883 0000 34000000 		.4byte	0x34
 884 0004 0200     		.2byte	0x2
 885 0006 00000000 		.4byte	.Ldebug_info0
 886 000a 04       		.byte	0x4
 887 000b 00       		.byte	0
ARM GAS  C:\Users\Thomas\AppData\Local\Temp\cc55NGAQ.s 			page 33


 888 000c 0000     		.2byte	0
 889 000e 0000     		.2byte	0
 890 0010 00000000 		.4byte	.LFB0
 891 0014 1C000000 		.4byte	.LFE0-.LFB0
 892 0018 00000000 		.4byte	.LFB1
 893 001c 1C000000 		.4byte	.LFE1-.LFB1
 894 0020 00000000 		.4byte	.LFB2
 895 0024 30000000 		.4byte	.LFE2-.LFB2
 896 0028 00000000 		.4byte	.LFB3
 897 002c 30000000 		.4byte	.LFE3-.LFB3
 898 0030 00000000 		.4byte	0
 899 0034 00000000 		.4byte	0
 900              		.section	.debug_ranges,"",%progbits
 901              	.Ldebug_ranges0:
 902 0000 00000000 		.4byte	.LFB0
 903 0004 1C000000 		.4byte	.LFE0
 904 0008 00000000 		.4byte	.LFB1
 905 000c 1C000000 		.4byte	.LFE1
 906 0010 00000000 		.4byte	.LFB2
 907 0014 30000000 		.4byte	.LFE2
 908 0018 00000000 		.4byte	.LFB3
 909 001c 30000000 		.4byte	.LFE3
 910 0020 00000000 		.4byte	0
 911 0024 00000000 		.4byte	0
 912              		.section	.debug_line,"",%progbits
 913              	.Ldebug_line0:
 914 0000 BE000000 		.section	.debug_str,"MS",%progbits,1
 914      02005800 
 914      00000201 
 914      FB0E0D00 
 914      01010101 
 915              	.LASF15:
 916 0000 72656731 		.ascii	"reg16\000"
 916      3600
 917              	.LASF24:
 918 0006 50325F52 		.ascii	"P2_RegD2_Wakeup\000"
 918      65674432 
 918      5F57616B 
 918      65757000 
 919              	.LASF28:
 920 0016 2E5C4765 		.ascii	".\\Generated_Source\\PSoC5\\P2_RegD2_PM.c\000"
 920      6E657261 
 920      7465645F 
 920      536F7572 
 920      63655C50 
 921              	.LASF22:
 922 003d 50325F52 		.ascii	"P2_RegD2_RestoreConfig\000"
 922      65674432 
 922      5F526573 
 922      746F7265 
 922      436F6E66 
 923              	.LASF11:
 924 0054 666C6F61 		.ascii	"float\000"
 924      7400
 925              	.LASF3:
 926 005a 73686F72 		.ascii	"short unsigned int\000"
 926      7420756E 
ARM GAS  C:\Users\Thomas\AppData\Local\Temp\cc55NGAQ.s 			page 34


 926      7369676E 
 926      65642069 
 926      6E7400
 927              	.LASF19:
 928 006d 73617665 		.ascii	"saveSrA1Reg\000"
 928      53724131 
 928      52656700 
 929              	.LASF26:
 930 0079 50325F52 		.ascii	"P2_RegD2_Enable\000"
 930      65674432 
 930      5F456E61 
 930      626C6500 
 931              	.LASF25:
 932 0089 50325F52 		.ascii	"P2_RegD2_Stop\000"
 932      65674432 
 932      5F53746F 
 932      7000
 933              	.LASF1:
 934 0097 756E7369 		.ascii	"unsigned char\000"
 934      676E6564 
 934      20636861 
 934      7200
 935              	.LASF23:
 936 00a5 50325F52 		.ascii	"P2_RegD2_Sleep\000"
 936      65674432 
 936      5F536C65 
 936      657000
 937              	.LASF14:
 938 00b4 72656738 		.ascii	"reg8\000"
 938      00
 939              	.LASF5:
 940 00b9 6C6F6E67 		.ascii	"long unsigned int\000"
 940      20756E73 
 940      69676E65 
 940      6420696E 
 940      7400
 941              	.LASF9:
 942 00cb 75696E74 		.ascii	"uint8\000"
 942      3800
 943              	.LASF12:
 944 00d1 646F7562 		.ascii	"double\000"
 944      6C6500
 945              	.LASF29:
 946 00d8 433A5C55 		.ascii	"C:\\Users\\Thomas\\Documents\\PSoC Creator\\TASBot\\"
 946      73657273 
 946      5C54686F 
 946      6D61735C 
 946      446F6375 
 947 0106 54415342 		.ascii	"TASBot.cydsn\000"
 947      6F742E63 
 947      7964736E 
 947      00
 948              	.LASF10:
 949 0113 75696E74 		.ascii	"uint16\000"
 949      313600
 950              	.LASF8:
 951 011a 756E7369 		.ascii	"unsigned int\000"
ARM GAS  C:\Users\Thomas\AppData\Local\Temp\cc55NGAQ.s 			page 35


 951      676E6564 
 951      20696E74 
 951      00
 952              	.LASF7:
 953 0127 6C6F6E67 		.ascii	"long long unsigned int\000"
 953      206C6F6E 
 953      6720756E 
 953      7369676E 
 953      65642069 
 954              	.LASF30:
 955 013e 50325F52 		.ascii	"P2_RegD2_backup\000"
 955      65674432 
 955      5F626163 
 955      6B757000 
 956              	.LASF21:
 957 014e 50325F52 		.ascii	"P2_RegD2_SaveConfig\000"
 957      65674432 
 957      5F536176 
 957      65436F6E 
 957      66696700 
 958              	.LASF16:
 959 0162 73697A65 		.ascii	"sizetype\000"
 959      74797065 
 959      00
 960              	.LASF6:
 961 016b 6C6F6E67 		.ascii	"long long int\000"
 961      206C6F6E 
 961      6720696E 
 961      7400
 962              	.LASF27:
 963 0179 474E5520 		.ascii	"GNU C 4.9.3 20150303 (release) [ARM/embedded-4_9-br"
 963      4320342E 
 963      392E3320 
 963      32303135 
 963      30333033 
 964 01ac 616E6368 		.ascii	"anch revision 221220] -mcpu=cortex-m3 -mthumb -g -O"
 964      20726576 
 964      6973696F 
 964      6E203232 
 964      31323230 
 965 01df 33202D66 		.ascii	"3 -ffunction-sections -finline-functions -flto -ffa"
 965      66756E63 
 965      74696F6E 
 965      2D736563 
 965      74696F6E 
 966 0212 742D6C74 		.ascii	"t-lto-objects\000"
 966      6F2D6F62 
 966      6A656374 
 966      7300
 967              	.LASF13:
 968 0220 63686172 		.ascii	"char\000"
 968      00
 969              	.LASF20:
 970 0225 50325F52 		.ascii	"P2_RegD2_BACKUP_STRUCT\000"
 970      65674432 
 970      5F424143 
 970      4B55505F 
ARM GAS  C:\Users\Thomas\AppData\Local\Temp\cc55NGAQ.s 			page 36


 970      53545255 
 971              	.LASF2:
 972 023c 73686F72 		.ascii	"short int\000"
 972      7420696E 
 972      7400
 973              	.LASF4:
 974 0246 6C6F6E67 		.ascii	"long int\000"
 974      20696E74 
 974      00
 975              	.LASF17:
 976 024f 656E6162 		.ascii	"enableState\000"
 976      6C655374 
 976      61746500 
 977              	.LASF0:
 978 025b 7369676E 		.ascii	"signed char\000"
 978      65642063 
 978      68617200 
 979              	.LASF18:
 980 0267 73617665 		.ascii	"saveSrA0Reg\000"
 980      53724130 
 980      52656700 
 981              		.comm	__gnu_lto_v1,1,1
 982              		.ident	"GCC: (GNU Tools for ARM Embedded Processors) 4.9.3 20150303 (release) [ARM/embedded-4_9-br
