ARM GAS  C:\Users\Thomas\AppData\Local\Temp\ccBKNOCp.s 			page 1


   1              		.syntax unified
   2              		.cpu cortex-m3
   3              		.fpu softvfp
   4              		.eabi_attribute 20, 1
   5              		.eabi_attribute 21, 1
   6              		.eabi_attribute 23, 3
   7              		.eabi_attribute 24, 1
   8              		.eabi_attribute 25, 1
   9              		.eabi_attribute 26, 1
  10              		.eabi_attribute 30, 2
  11              		.eabi_attribute 34, 1
  12              		.eabi_attribute 18, 4
  13              		.thumb
  14              		.file	"P2_WinTimer_PM.c"
  15              		.text
  16              	.Ltext0:
  17              		.section	.gnu.lto_.profile.c0d6bc55,"",%progbits
  18 0000 789C6366 		.ascii	"x\234cf```a\200\000F\206\034\005\000\001l\000\225"
  18      60606061 
  18      80004686 
  18      1C050001 
  18      6C0095
  19              		.text
  20              		.section	.gnu.lto_.jmpfuncs.c0d6bc55,"",%progbits
  21 0000 789C6366 		.ascii	"x\234cf\300\016\244\2404\013\230db``\004#f\204\030\000"
  21      C00EA4A0 
  21      340B9864 
  21      62606004 
  21      23668418 
  22 0015 0544002D 		.ascii	"\005D\000-"
  23              		.text
  24              		.section	.gnu.lto_.inline.c0d6bc55,"",%progbits
  25 0000 789C6366 		.ascii	"x\234cf\300\016\252\2404\013\003\003\267\014#\003\023"
  25      C00EAAA0 
  25      340B0303 
  25      B70C2303 
  25      13
  26 0011 C7013B06 		.ascii	"\307\001;\006\266\005\362L 1&n8\201]\222q\202\037\224"
  26      B605F24C 
  26      2031266E 
  26      38815D92 
  26      71821F94 
  27 0025 6266E092 		.ascii	"bf\340\222\002*\340\332\207P\300\310\005#X\0308\004"
  27      022AE0DA 
  27      8750C0C8 
  27      05235818 
  27      3804
  28 0037 81926C1F 		.ascii	"\201\222l\037\364\260H2\000\000\321n\012\222"
  28      F4B04832 
  28      0000D16E 
  28      0A92
  29              		.text
  30              		.section	.gnu.lto_.pureconst.c0d6bc55,"",%progbits
  31 0000 789C6366 		.ascii	"x\234cf``\340d\200\000\026\006)&)f)\026\011\000\002"
  31      6060E064 
  31      80001606 
  31      29262966 
ARM GAS  C:\Users\Thomas\AppData\Local\Temp\ccBKNOCp.s 			page 2


  31      29160900 
  32 0015 CF0080   		.ascii	"\317\000\200"
  33              		.text
  34              		.section	.gnu.lto_P2_WinTimer_SaveConfig.c0d6bc55,"",%progbits
  35 0000 789C6366 		.ascii	"x\234cf\300\004R@\234\312\304\300\240\003\244\031\231"
  35      C0045240 
  35      9CCAC4C0 
  35      A003A419 
  35      99
  36 0011 19189926 		.ascii	"\031\030\231&\234c`h\344`bd\0041\030\030\031\352\231"
  36      9C636068 
  36      E4606264 
  36      04311818 
  36      19EA99
  37 0024 18EB195F 		.ascii	"\030\353\031_2}db\234p`\365\014n\365\245\015\015\015"
  37      327D6462 
  37      9C7060F5 
  37      0C6EF5A5 
  37      0D0D0D
  38 0037 1F369D6E 		.ascii	"\0376\235n\0148\300\370\023\250\3573\023\304\034\306"
  38      0C38C0F8 
  38      13A8EF33 
  38      13C41CC6 
  39 0047 E58CEA0C 		.ascii	"\345\214\352\014@E\037[\376^\347fk\001*\022\200\310"
  39      40451F5B 
  39      FE5EE766 
  39      6B012A12 
  39      80C8
  40 0059 31AE6064 		.ascii	"1\256`dc\004\322\353\205\0164\374\377\277y\335\301\017"
  40      6304D2EB 
  40      850E34FC 
  40      FFBF79DD 
  40      C10F
  41 006b 8C5CCC0C 		.ascii	"\214\\\314\014?\231\030Y\201\004\023\007\210``x\002"
  41      3F991859 
  41      81041307 
  41      88606078 
  41      02
  42 007c C420FB9E 		.ascii	"\304 \373\236\0029@\232\371\016c\363\201\275{\231@z"
  42      0239409A 
  42      F90E63F3 
  42      81BD7B99 
  42      407A
  43 008e BF333103 		.ascii	"\27731\003\215\235w\271o\035S\355\357\206\216\006\216"
  43      8D9D77B9 
  43      6F1D53ED 
  43      EF868E06 
  43      8E
  44 009f 9F4CCC9F 		.ascii	"\237L\314\237\231\200&2\256d\254\005\352fa\270\305\330"
  44      99802632 
  44      AE64AC05 
  44      EA6661B8 
  44      C5D8
  45 00b1 34E9A11A 		.ascii	"4\351\241\032H-\272B\326\277 \027\000E\357?9\177\221"
  45      482DBA42 
  45      D6BF2017 
  45      0045EF3F 
ARM GAS  C:\Users\Thomas\AppData\Local\Temp\ccBKNOCp.s 			page 3


  45      397F91
  46 00c4 E3051350 		.ascii	"\343\005\023P\004\314]\321\3302\207q.\343\354\306\006"
  46      04CC5DD1 
  46      D8328771 
  46      2EE3ECC6 
  46      06
  47 00d5 902A36C6 		.ascii	"\220*6\306U\214\265\214\253\031\245\300r\377\326\364"
  47      558CB58C 
  47      AB19A5C0 
  47      72FFD6F4 
  48 00e5 6F62D35D 		.ascii	"ob\323]\015\364\300\001\353\237L\354\214k\200\012?\201"
  48      0DF4C001 
  48      EB9F4CEC 
  48      8C6B800A 
  48      3F81
  49 00f7 3DC9B896 		.ascii	"=\311\270\226Q\027\350\032\240}\207\276u\375\233\312"
  49      5117E81A 
  49      A07D87BE 
  49      75FD9BCA 
  50 0107 0B711D2B 		.ascii	"\013q\035+P\317\346\206\031\313\370@\306st\234ll`A\261"
  50      50CFE686 
  50      19CBF840 
  50      C673749C 
  50      6C6C6041 
  51 011c 91036CEA 		.ascii	"\221\003l\352\367\011\247\027\260\200ll\001\206\032"
  51      F709A717 
  51      B0806C6C 
  51      01861A
  52 012b 27E33A46 		.ascii	"'\343:F)\306\365 \013\0317\000\215\207\370@\037\257"
  52      29C6F520 
  52      0B193700 
  52      8D87F840 
  52      1FAF
  53 013d 0FD09DBC 		.ascii	"\017\320\235\274\021\247\223\271\0307\201\235\014\012"
  53      11A793B9 
  53      1837819D 
  53      0C0A
  54 014b 74C6CD20 		.ascii	"t\306\315 '\2632\200\302\363\366^f\210\2139\320-\341"
  54      27B33280 
  54      C2F3F65E 
  54      66888B39 
  54      D02DE1
  55 015e FE0C8A03 		.ascii	"\376\014\212\003\306-\340\360\344\201\270\306\214$\327"
  55      C62DE0F0 
  55      E481B8C6 
  55      8C24D7
  56 016d 6CC5EE1A 		.ascii	"l\305\356\032{\220k\266\201]\003N\012\333A\256\341`"
  56      7B906BB6 
  56      815D034E 
  56      0ADB41AE 
  56      E160
  57 017f B8C7D878 		.ascii	"\270\307\330x\340#+\310\002P\260>\001\272\024\030\347"
  57      E0232BC8 
  57      0250B03E 
  57      01BA1418 
  57      E7
  58 0190 40055A7A 		.ascii	"@\005Zz1\356\251y\251E\211%\251)\361\301\371\245E\311"
ARM GAS  C:\Users\Thomas\AppData\Local\Temp\ccBKNOCp.s 			page 4


  58      31EEA979 
  58      A9458925 
  58      A929F1C1 
  58      F9A545C9 
  59 01a4 A93101C1 		.ascii	"\2511\001\301\371\316\2461\001F\361\341\231y!\231\271"
  59      F9CEA631 
  59      0146F1E1 
  59      99792199 
  59      B9
  60 01b5 A945F101 		.ascii	"\251E\361\001\276z\311\014\000r~\350\177"
  60      BE7AC90C 
  60      00727EE8 
  60      7F
  61              		.text
  62              		.section	.gnu.lto_P2_WinTimer_RestoreConfig.c0d6bc55,"",%progbits
  63 0000 789C8D91 		.ascii	"x\234\215\221\317KTQ\024\307\317\367\274\347\353\331"
  63      CF4B5451 
  63      14C7CFF7 
  63      BCE7EBD9 
  64 0010 58442B9B 		.ascii	"XD+\233u T\316B\350/\010j\025\014(\265\031\030\302\336"
  64      752054CE 
  64      42E82F08 
  64      6A150C28 
  64      B51918C2 
  65 0025 C285230C 		.ascii	"\302\205#\014\272\034\274/&pU\243+\241\2246\371#\315"
  65      BA1CBC2F 
  65      267055A3 
  65      2BA19436 
  65      F923CD
  66 0038 699CB2ED 		.ascii	"i\234\262\355\350N\004e*\021D\022\301\300v\215\263\030"
  66      E84E0465 
  66      2A114412 
  66      C1C0768D 
  66      B318
  67 004a 1E6176CE 		.ascii	"\036av\316\0357\231F\017\356=\357\336\373\275\347\373"
  67      1D379946 
  67      0FEE3DEF 
  67      DEFBBDE7 
  67      FB
  68 005b B9E738F4 		.ascii	"\271\3478\364\367\027\227\361\200\211nI\204C\340\302"
  68      F71797F1 
  68      80896E49 
  68      8443E0C2 
  69 006b 3A51E833 		.ascii	":Q\3503\240?\004\032f\014\343;\327\030\205\312\334x"
  69      A03F041A 
  69      660CE33B 
  69      D71885CA 
  69      DC78
  70 007d ACE3B531 		.ascii	"\254\343\2651\346\307\247r\373\323\366H\256\325\271"
  70      E6C7A772 
  70      FBD3F648 
  70      AED5B9
  71 008c 9906D3E8 		.ascii	"\231\006\323\350 \321\324\362G[1//\232+\3153\314\300"
  71      20D1D4F2 
  71      475B312F 
  71      2F9A2BCD 
  71      33CCC0
ARM GAS  C:\Users\Thomas\AppData\Local\Temp\ccBKNOCp.s 			page 5


  72 009f 83C4E2D5 		.ascii	"\203\304\342\325\2129>.o\214\036$\3403E\014W&\366t\""
  72      8A393E2E 
  72      6F8C1E24 
  72      E033450C 
  72      5726F674 
  73 00b4 DA97A17E 		.ascii	"\332\227\241~\337d!\321\331\306\223\245\332\227QGo7"
  73      DF6421D1 
  73      D9C693A5 
  73      DA975147 
  73      6F37
  74 00c6 58CD273F 		.ascii	"X\315'??[\340\334O3b\374\210\235#M-\273\273\373\033"
  74      3F5BE0DC 
  74      4F3362FC 
  74      889D234D 
  74      2DBBBBFB 
  75 00db 55FF8065 		.ascii	"U\377\200e\307.g\302\374KL\340EhT\345b\0269\274A\334"
  75      C72E67C2 
  75      FC4B4CE0 
  75      456854E5 
  75      621639BC 
  76 00f1 9EFD9A7F 		.ascii	"\236\375\232\177\276\350u\336\214\270\005s\2429\264"
  76      BEE875DE 
  76      8CB80573 
  76      A239B4
  77 0100 E0984727 		.ascii	"\340\230G'\355\300U\037:\355\342\325Y\310\361\0269\022"
  77      EDC0551F 
  77      3AEDE2D5 
  77      59C8F116 
  77      3912
  78 0112 86882F90 		.ascii	"\206\210/\220b\2256\227/5\261\334s\261Ns,\234\305\341"
  78      62953697 
  78      2F35B1DC 
  78      73B14E73 
  78      2C9CC5E1 
  79 0126 A36839B4 		.ascii	"\243h9\264:x'\034\333X\031\333\273\256\271EV6\343S\227"
  79      3A78271C 
  79      DB5819DB 
  79      BBAEB945 
  79      5636E353 
  80 013b F565AD23 		.ascii	"\365e\255#\253\241q\377xl\253M\324(\254\275r\325$\037"
  80      ABA171FF 
  80      786CAB4D 
  80      D428ACBD 
  80      72D5241F 
  81 014f 56AE457C 		.ascii	"V\256E|\021%\304\261\250.(Kb\341k\362\356TO\312\350"
  81      1125C4B1 
  81      A82E284B 
  81      62E16BF2 
  81      EE544FCA 
  82 0164 FD37EFFB 		.ascii	"\3757\357\373\263y?X^\333\325\245\177\324-VW\015>\332"
  82      B3793F58 
  82      5EDBD5A5 
  82      7FD42D56 
  82      570D3EDA 
  83 0178 BA7911B7 		.ascii	"\272y\021\267\321W\204\225\306]+&m6\264\311\242\271"
  83      D1578495 
  83      C65D2B26 
ARM GAS  C:\Users\Thomas\AppData\Local\Temp\ccBKNOCp.s 			page 6


  83      6D36B4C9 
  83      A2B9
  84 018a 9148DD0B 		.ascii	"\221H\335\0132A\366\321`\3608\335=0\224\355\015R\311"
  84      3241F6D1 
  84      60F038DD 
  84      3D3094ED 
  84      0D52C9
  85 019d EE813BB7 		.ascii	"\356\201;\267S\311\256\364\303\276LO_\177\220M'\357"
  85      53C9AEF4 
  85      C3BE4C4F 
  85      5F7F904D 
  85      27EF
  86 01af 277AE937 		.ascii	"'z\3517\342\332\335p"
  86      E2DADD70 
  87              		.text
  88              		.section	.gnu.lto_P2_WinTimer_Sleep.c0d6bc55,"",%progbits
  89 0000 789C8592 		.ascii	"x\234\205\222Mh\023A\030\206\277\367\333\237\244\255"
  89      4D681341 
  89      1886BFF7 
  89      DB9FA4AD 
  90 0010 ADE2A9F4 		.ascii	"\255\342\251\364\350\245 \266\007\301\243\344\340A\020"
  90      E8A520B6 
  90      07C1A3E4 
  90      E04110
  91 001f 8440052F 		.ascii	"\204@\005/\201 \355\036z0\225\240\307\320\331dEQ\320"
  91      8120ED1E 
  91      7A3095A0 
  91      C7D0D964 
  91      4551D0
  92 0032 142F41DB 		.ascii	"\024/A\333\036\0045\232\376\304\266\332\223\260z\321"
  92      1E04359A 
  92      FEC4B6DA 
  92      93B07AD1 
  93 0042 83284144 		.ascii	"\203(AD(R/\251?\267\324\210\351R\332\370\315&j\251\250"
  93      28522FA9 
  93      3FB7D488 
  93      E952DAF8 
  93      CD266AA9 
  94 0057 0BB333F3 		.ascii	"\013\2633\363\3153\357\373\356\314\032\364\347sT\332"
  94      CD33EFFB 
  94      EECC1AF4 
  94      E77354DA 
  95 0067 39263A24 		.ascii	"9&:$=l\002\347_\021\271Qfc\243\207T\247Y\210\221\332"
  95      3D6C02E7 
  95      5F11B951 
  95      6663A387 
  95      54A75988 
  96 007d 63C06A95 		.ascii	"c\300j\225\315\237\003\013\320\003\002\215\263aZ\030"
  96      CD9F030B 
  96      D003028D 
  96      B3615A18 
  97 008d C7175E67 		.ascii	"\307\027^g\344\375R\241\253\377\216R\252\226}\322{\261"
  97      E4FD52A1 
  97      ABFF8E52 
  97      AA967DD2 
  97      7BB1
  98 009f 3710E53A 		.ascii	"7\020\345:\267\234p\017\375$\314\272\267\365\256\313"
ARM GAS  C:\Users\Thomas\AppData\Local\Temp\ccBKNOCp.s 			page 7


  98      B79C700F 
  98      FD24CCBA 
  98      B7F5AECB 
  99 00af F684D9D7 		.ascii	"\366\204\331\327ZC\0216\244\237\337\357\253f\263\376"
  99      5A431136 
  99      A49FDFEF 
  99      AB66B3FE 
 100 00bf 6DA27880 		.ascii	"m\242x\200;\014\012\030\246\274\204\250J\323nk2\221"
 100      3B0C0A18 
 100      A6BC84A8 
 100      4AD36E6B 
 100      3291
 101 00d1 DE58C1B3 		.ascii	"\336X\301\263\357W>N\227\241w6\330\020\321\306\325\312"
 101      EF573E4E 
 101      97A17736 
 101      D810D1C6 
 101      D5CA
 102 00e3 72F7670E 		.ascii	"r\367g\016\330\330|\341*S\373|\250\276\256D\303\022"
 102      D8D87CE1 
 102      2A53FB7C 
 102      A8BEAE44 
 102      C312
 103 00f5 E9E9EDC9 		.ascii	"\351\351\355\311OO#S\270\345z\010\330\304}\364\341\001"
 103      4F4F2353 
 103      B8E57A08 
 103      D8C47DF4 
 103      E101
 104 0107 FAC4BD84 		.ascii	"\372\304\275\204)\320\012\262\253\227\252fK\320\024"
 104      29D00AB2 
 104      AB97AA66 
 104      4BD014
 105 0116 4D7A0BEF 		.ascii	"Mz\013\357e.\325.\354\224\2230\230\321;I'2h\243G\002"
 105      652ED52E 
 105      EC949330 
 105      98D13B49 
 105      273268A3 
 106 012c 656BB5C6 		.ascii	"ek\265\306D\267\246\005\235~sm\2163\233\352\262\212"
 106      44B7A605 
 106      9D7E736D 
 106      8E339BEA 
 106      B28A
 107 013e 066C6DE9 		.ascii	"\006lm\351o\334)`\205\323\242\353MB\347Q\232\2621\213"
 107      6FDC2960 
 107      85D3A2EB 
 107      4D42E751 
 107      9AB2318B 
 108 0152 0CE6B4AC 		.ascii	"\014\346\264\254\254m\317\\_\260\007JrD~,\340\010\346"
 108      AC6DCF5C 
 108      5FB0074A 
 108      72447E2C 
 108      E008E6
 109 0165 05FC1A1E 		.ascii	"\005\374\032\036#\312\030\020\240r\363nn\257\326\212"
 109      23CA1810 
 109      A072F36E 
 109      6EAFD68A 
 110 0175 80F0300C 		.ascii	"\200\3600\014\263\306&\025ba\224\362\366\177\242\354"
 110      B3C62615 
ARM GAS  C:\Users\Thomas\AppData\Local\Temp\ccBKNOCp.s 			page 8


 110      626194F2 
 110      F67FA2EC 
 111 0185 F65EF887 		.ascii	"\366^\370\207\367\342o\357\245\320\373\327wD\244\364"
 111      F7E26FEF 
 111      A5D0FBD7 
 111      7744A4F4 
 112 0195 A8ED6D85 		.ascii	"\250\355m\205\027\363\0369\277\371\234\2657\3556\217"
 112      17F31E39 
 112      BFF99CB5 
 112      37ED368F 
 113 01a5 D6592E19 		.ascii	"\326Y.\031\217\221\221K\355 \215\346;\377F\3523^n\223"
 113      8F91914B 
 113      ED208DE6 
 113      3BFF46EA 
 113      335E6E93 
 114 01b9 AB70FD1B 		.ascii	"\253p\375\033'B\222\364\277\000m%\300\301\301\304q'"
 114      274292F4 
 114      BF006D25 
 114      C0C1C1C4 
 114      7127
 115 01cb E5A4CF9C 		.ascii	"\345\244\317\234wF\222Cc\027\322\303N\">4v\354H\"~8"
 115      77469243 
 115      6317D2C3 
 115      4E223E34 
 115      76EC4822 
 116 01e1 797A3475 		.ascii	"yz4uj\364\254\223N\306O\016\016\323\017\000z\361\305"
 116      6AF4AC93 
 116      4EC64F0E 
 116      0ED30F00 
 116      7AF1C5
 117              		.text
 118              		.section	.gnu.lto_P2_WinTimer_Wakeup.c0d6bc55,"",%progbits
 119 0000 789C7550 		.ascii	"x\234uPM+DQ\030~\237\367\036\327\204\"Y\310\037\230"
 119      4D2B4451 
 119      187E9FF7 
 119      1ED78422 
 119      59C81F98 
 120 0014 C250646B 		.ascii	"\302Pdkc\241\224\232\242l\246&q\027\2630S\023v\223s"
 120      63A1949A 
 120      A26CA626 
 120      7117B330 
 120      53137693 
 121 0029 CD282B26 		.ascii	"\315(+&+\305\330\311\327\230\211\205\365\254F\315\202"
 121      2BC5D8C9 
 121      D7988985 
 121      F5AC46CD 
 121      82
 122 003a 24917C94 		.ascii	"$\221|\224\250\2613f\241\233\030\347\334Q\212\234:\275"
 122      A8B13366 
 122      A19B18E7 
 122      DC518A9C 
 122      3ABD
 123 004c E73CE7F9 		.ascii	"\347<\347\371\3509\006\375]\275j\317\202\250SM\324\020"
 123      E83906FD 
 123      5DBD6ACF 
 123      82A8534D 
 123      D410
ARM GAS  C:\Users\Thomas\AppData\Local\Temp\ccBKNOCp.s 			page 9


 124 005e 38794264 		.ascii	"8yBd{\230\215|#\311:Q\350'\331`@Ta\001\350\003\201\346"
 124      7B988D7C 
 124      23C93A51 
 124      E827D960 
 124      40546101 
 125 0076 D81098C3 		.ascii	"\330\020\230\3033\227\030\311\334\336j\275wSJ\371\362"
 125      339718C9 
 125      DCDE6ABD 
 125      77534AF9 
 125      F2
 126 0087 70D1BAD0 		.ascii	"p\321\272\320\3520Q\231\253\376\330\202\227\024\247"
 126      EA305199 
 126      ABFED882 
 126      9714A7
 127 0096 94F8B8AC 		.ascii	"\224\370\270\2547\023\212\323T}\3036L\225K\331\346\234"
 127      37138AD3 
 127      547DC336 
 127      4C954BD9 
 127      E69C
 128 00a8 AC54CA97 		.ascii	"\254T\312\227+\305n6\0059\254\300GE\3209O\314z\0327"
 128      2BC56E36 
 128      0539ACC0 
 128      4745D039 
 128      4FCC7A1A 
 129 00bd 88E74A05 		.ascii	"\210\347J\005\326\022\355\265q\276\224\341\330\273\\"
 129      D612EDB5 
 129      71BE94E1 
 129      D8BB5C
 130 00cc 941E87B9 		.ascii	"\224\036\207\271\254\025\330ALi\015\272\306\374\321"
 130      AC15D841 
 130      4C690DBA 
 130      C6FCD1
 131 00db C1ED43AD 		.ascii	"\301\355C\255\346\276\261\370\315\026\037:[\241\367"
 131      E6BEB1F8 
 131      CD161F3A 
 131      5BA1F7
 132 00ea 8FA7679E 		.ascii	"\217\247g\236\"+\304\275n\333\211u\244\260fK\315\252"
 132      222BC4BD 
 132      6EDB8975 
 132      A4B0664B 
 132      CDAA
 133 00fc C12E62D8 		.ascii	"\301.b\330C\233\373\366\231^>4}\035\016\233H+\316\253"
 133      439BFBF6 
 133      995E3E34 
 133      7D1D0E9B 
 133      482BCEAB 
 134 0110 DB0CFBF0 		.ascii	"\333\014\373\360\321\005\022W\361\360O\324q\252x(\264"
 134      D1051257 
 134      F1F04FD4 
 134      71AA7828 
 134      B4
 135 0121 2940C868 		.ascii	")@\310h9\351\022\006\345\033\335\016N\241\345\277\016"
 135      39E91206 
 135      E51BDD0E 
 135      4EA1E5BF 
 135      0E
 136 0132 CA14D9EF 		.ascii	"\312\024\331\357\016Z#\334\342w\260s\225!WC\372[\240"
ARM GAS  C:\Users\Thomas\AppData\Local\Temp\ccBKNOCp.s 			page 10


 136      0E5A23DC 
 136      E277B073 
 136      95215743 
 136      FA5BA0
 137 0145 51456DEF 		.ascii	"QEm\357\012\014Za+:>mM\006G\"3\321\011+\340\037\211"
 137      0A0C5A61 
 137      2B3A3E6D 
 137      4D064722 
 137      33D1092B 
 138 015c 0CF405FC 		.ascii	"\014\364\005\374=\301\261Px44eE\203\376\341\256\011"
 138      3DC1B150 
 138      78343465 
 138      4583FEE1 
 138      AE09
 139 016e FA02FC55 		.ascii	"\372\002\374U\226&"
 139      9626
 140              		.text
 141              		.section	.gnu.lto_.symbol_nodes.c0d6bc55,"",%progbits
 142 0000 789C55CF 		.ascii	"x\234U\317\273\015\302@\020\004\320\271\331\373\272"
 142      BB0DC240 
 142      1004D0B9 
 142      D9FBBA
 143 000f 067A1D07 		.ascii	"\006z\035\007\024@\005\310Bn\303\231c\327\000\024\202"
 143      144005C8 
 143      426EC399 
 143      63D70014 
 143      82
 144 0020 B8130E96 		.ascii	"\270\023\016\226MFo6\3315\000o\234\303 \340v\000\022"
 144      4D466F36 
 144      D935006F 
 144      9CC320E0 
 144      760012
 145 0033 EE4B4502 		.ascii	"\356KE\002\026\312H\005_\323\304?G\231w\310\212?c\236"
 145      16CA4805 
 145      5FD3C43F 
 145      479977C8 
 145      8A3F639E 
 146 0047 3B939267 		.ascii	";\223\222gU\366,*\236M\325sRs4d\254\317O\260~\332\372"
 146      55F62C2A 
 146      9E4DD573 
 146      52733464 
 146      ACCF4FB0 
 147 005e EAC98A7D 		.ascii	"\352\311\212}\230\005\373\260\2653\373W##\361\030\373"
 147      9805FBB0 
 147      B533FB57 
 147      2323F118 
 147      FB
 148 006f 38E1BA5D 		.ascii	"8\341\272]\360\005F\023;H"
 148      F0054613 
 148      3B48
 149              		.text
 150              		.section	.gnu.lto_.refs.c0d6bc55,"",%progbits
 151 0000 789C25C8 		.ascii	"x\234%\310\301\021\000 \014\204@\310E+\261\377\032\315"
 151      C1110020 
 151      0C8440C8 
 151      452BB1FF 
 151      1ACD
ARM GAS  C:\Users\Thomas\AppData\Local\Temp\ccBKNOCp.s 			page 11


 152 0012 282F6603 		.ascii	"(/f\003\034~AK[wj\036GV\345\321\262\261\270\013\204"
 152      1C7E414B 
 152      5B776A1E 
 152      4756E5D1 
 152      B2B1B80B 
 153 0027 0068     		.ascii	"\000h"
 154              		.text
 155              		.section	.gnu.lto_.decls.c0d6bc55,"",%progbits
 156 0000 789C8D56 		.ascii	"x\234\215VkL\024W\024\236\273wY`Y\036\325\006-\177\334"
 156      6B4C1457 
 156      149EBB77 
 156      5960591E 
 156      D5062D7F 
 157 0015 6042AD31 		.ascii	"`B\2551\3066ic\322\0375!\215m\214\015\221Z\333hbV\234"
 157      C6366963 
 157      D21F3521 
 157      8D6D8C0D 
 157      915ADB68 
 158 002c 2A910259 		.ascii	"*\221\002Yv\333\370\253\203\210\"\024\013\253\326U\""
 158      76DBF8AB 
 158      83882214 
 158      0BABD655 
 158      22
 159 003d AE592A0F 		.ascii	"\256Y*\017a])(/\205\345\271\005A\251\210\202 /\005\344"
 159      615D2928 
 159      2F85E5B9 
 159      0541A988 
 159      82202F05 
 160 0052 E56A55B0 		.ascii	"\345jU\260\330l\317\2753\303\316(\033;\311Y\346\336"
 160      D86CCFBD 
 160      33C3CE28 
 160      1B3BC959 
 160      E6DE
 161 0064 39DF77BE 		.ascii	"9\337w\276\363\335{g\300\014\303\364!\206q\303\365\235"
 161      F3DD7B67 
 161      C00CC3F4 
 161      218671C3 
 161      F59D
 162 0076 3FC34CC2 		.ascii	"?\303L\302\275\017\314E1\236K\015Q\014a\203\260C\224"
 162      BD0FCC45 
 162      319E4B0D 
 162      510C6183 
 162      B04394
 163 0089 42544134 		.ascii	"BTA4B8!\256Ct@\334\204\00083\314\310/\202\015\0248\265"
 163      423821AE 
 163      437440DC 
 163      84003833 
 163      CCC82F82 
 164 00a1 10A11023 		.ascii	"\020\241\020#\020\365\020\017 \006!\034\020\217 \306"
 164      10F5100F 
 164      2006211C 
 164      108F20C6 
 165 00b1 202E434C 		.ascii	" .CL@T@`\210^\242\021\242G\030\027\013\265\253\274\324"
 165      40544060 
 165      885EA211 
 165      A2471817 
 165      0BB5ABBC 
ARM GAS  C:\Users\Thomas\AppData\Local\Temp\ccBKNOCp.s 			page 12


 166 00c6 B32D524F 		.ascii	"\263-ROZg\022\242U\250#\326\234\202h\366R\317&\364\350"
 166      5A6712A2 
 166      55A823D6 
 166      9C8268F6 
 166      52CF26F4 
 167 00db F452CF2E 		.ascii	"\364R\317.x\024%\324\232\221\360\212uI-\027D\241\300"
 167      781425D4 
 167      9A91F08A 
 167      75492D17 
 167      44A1C0
 168 00ee D12F70DB 		.ascii	"\321/p\333\005\357\212\275p\023\257}%\334\"\207\224"
 168      05EF8ABD 
 168      7013AF7D 
 168      25DC2287 
 168      94
 169 00ff 57CA572A 		.ascii	"W\312W*\350\365\266\026O\024\250\322\366\254=`\\\201"
 169      E8F5B616 
 169      4F14A8D2 
 169      F6AC3D60 
 169      5C81
 170 0111 82D45A32 		.ascii	"\202\324Z2\25429\315*\030j\324J2\254\236\037\356R.;"
 170      AC3239CD 
 170      2A186AD4 
 170      4A32AC9E 
 170      1FEE522E 
 171 0126 C1C19595 		.ascii	"\301\301\225\225\302\205(QT(\312Ga\250\000\205\001c"
 171      C2852851 
 171      5428CA47 
 171      61A80085 
 171      0163
 172 0138 215A06BF 		.ascii	"!Z\006\277\333\225<\323\341\001[\253\037V ro5\017u\251"
 172      DB953CD3 
 172      E1015BAB 
 172      1F562072 
 172      6F350F75 
 173 014d D714012C 		.ascii	"\327\024\001,\215\253sbO\271;\335\205%H\233\313\015"
 173      8DAB7362 
 173      4FB93BDD 
 173      8525489B 
 173      CB0D
 174 015f DA5DCECB 		.ascii	"\332]\316\313=\032\316\311\325\271\335\237Q*T\2040\272"
 174      3D1ACEC9 
 174      D5B9DD9F 
 174      512A5484 
 174      30BA
 175 0171 80D6904C 		.ascii	"\200\326\220LrO!\250\030i\001\366\254,\373| \336D\271"
 175      724F21A8 
 175      186901F6 
 175      AC2CFB7C 
 175      20DE44B9 
 176 0185 67672B8E 		.ascii	"gg+\216\006S\012\313\031\253\212'\240\370\022\011\276"
 176      06530ACB 
 176      19AB8A27 
 176      A0F81209 
 176      BE
 177 0196 44C4DB28 		.ascii	"D\304\333(\276\261<\367\276/f)\276-#\331\246\001\274"
 177      BEB13CF7 
ARM GAS  C:\Users\Thomas\AppData\Local\Temp\ccBKNOCp.s 			page 13


 177      BE2F6629 
 177      BE2D23D9 
 177      A601BC
 178 01a9 C56E1997 		.ascii	"\305n\031\227\341/J\360\027E\274\235\342\347O\314M\005"
 178      E12F4AF0 
 178      1745BC9D 
 178      E2E74FCC 
 178      4D05
 179 01bb E39F28FE 		.ascii	"\343\237(\376n\327o\015\230\307\333~\227\342/I\360\227"
 179      6ED76F0D 
 179      98C7DB7E 
 179      97E22F49 
 179      F097
 180 01cd 447C29C5 		.ascii	"D|)\305w\327\036>\354\207\323\021%H>_\375\213/x\034"
 180      77D71E3E 
 180      EC87D311 
 180      25483E5F 
 180      FD8B2F78 
 181 01e2 AAA6961C 		.ascii	"\252\246\226\034m;\355\300t\350&\217\025==\307_b\244"
 181      6D3BEDC0 
 181      74E8268F 
 181      153D3DC7 
 181      5F62A4
 182 01f5 8E48E3B8 		.ascii	"\216H\343\270\003\234\313\304\341\345\014Z\023\206>"
 182      039CCBC4 
 182      E1E50C5A 
 182      13863E
 183 0204 0863D015 		.ascii	"\010c\320\025\024\001i\264\010*\203e(\207e\310\003\223"
 183      140169B4 
 183      082A8365 
 183      288765C8 
 183      0393
 184 0216 5D054D45 		.ascii	"]\005ME\233R\270\015\3502R\243?\026d\320\012\202\361"
 184      9B52B80D 
 184      E83252A3 
 184      3F1664D0 
 184      0A82F1
 185 0229 470EDAB1 		.ascii	"G\016\332\261t!I\246g%+d+\351.\032\372\024\227\361b"
 185      742149A6 
 185      67252B64 
 185      2BE92E1A 
 185      FA1497F1 
 186 023e 2F4E3FFF 		.ascii	"/N?\377\226\230\315\271\212\307\236\356\315N\311\312"
 186      9698CDB9 
 186      8AC79EEE 
 186      CD4EC9CA 
 187 024e E306DDEE 		.ascii	"\343\006\335\356\025\024\202*%\035W\212\035W\321\216"
 187      1514822A 
 187      251D578A 
 187      1D57D18E 
 188 025e DB86E7FE 		.ascii	"\333\206\347\376\326\320}\025BhN\337y\370\014\323}\245"
 188      D6D07D15 
 188      42684EDF 
 188      79F80CD3 
 188      7DA5
 189 0270 20C3334F 		.ascii	" \3033Ogj\374\361+\271\037Z\336\217\223\223se~t\350"
 189      676AFCF1 
ARM GAS  C:\Users\Thomas\AppData\Local\Temp\ccBKNOCp.s 			page 14


 189      2BB91F5A 
 189      DE8F9393 
 189      73657E74 
 190 0285 766362C8 		.ascii	"vcb\310\374\210-_\205\"\324|\247\017\371N\035\240\377"
 190      FC882D5F 
 190      8522D47C 
 190      A70FF94E 
 190      1DA0FF
 191 0298 AAA753AD 		.ascii	"\252\247S\255\320)5\215K\341|\012\202\030T\015\375\325"
 191      D029358D 
 191      4BE17C0A 
 191      8218540D 
 191      FDD5
 192 02aa 407FA80E 		.ascii	"@\177\250\016|\323\012\276]\203\311Z\230\204J/S\333"
 192      7CD30ABE 
 192      5D83C95A 
 192      98844A2F 
 192      53DB
 193 02bc 0764A638 		.ascii	"\007d\2468d\246\324\313L9\376\274n\032\343\024~\177"
 193      64A6D4CB 
 193      4C39FEBC 
 193      6E1AE314 
 193      7E7F
 194 02ce 1F3976F6 		.ascii	"\0379v\366@\220`K\376\213/$\266\000\0105Hli\020mi\244"
 194      4090604B 
 194      FE8B2F24 
 194      B6000835 
 194      486C6910 
 195 02e5 B664A53A 		.ascii	"\266d\245:\262\224J\005\214\311\002l\247\207\354\271"
 195      B2944A05 
 195      8CC9026C 
 195      A787ECB9 
 196 02f5 7BE87785 		.ascii	"{\350w\205\327C\326LU4!AF\306\271\314\014\177\234\303"
 196      D743D64C 
 196      55342141 
 196      46C6B9CC 
 196      0C7F9CC3 
 197 0309 CBE8ECCC 		.ascii	"\313\350\354\314\275\347Ce\014^\267\266h,\342i\002\014"
 197      BDE74365 
 197      0C5EB7B6 
 197      682CE269 
 197      020C
 198 031b 6A918868 		.ascii	"j\221\210h\021E8\251\210\232\274\211\231\000*\302\261"
 198      114538A9 
 198      889ABC89 
 198      99002AC2 
 198      B1
 199 032c 2062A0FC 		.ascii	" b\240\374\305\025\265W\021\255T\304\237\242\210b\347"
 199      C515B557 
 199      11AD54C4 
 199      9FA28862 
 199      E7
 200 033d 597B30AE 		.ascii	"Y{0\256\341E\\\230\235n\014\340E\364Z\233=\"\000\203"
 200      E1455C98 
 200      9D6E0CE0 
 200      45F45A9B 
 200      3D220083 
ARM GAS  C:\Users\Thomas\AppData\Local\Temp\ccBKNOCp.s 			page 15


 201 0351 DA2422DA 		.ascii	"\332$\"\332D\021\327\251\210c\235u\231*|\233\347\310"
 201      4411D7A9 
 201      88639D75 
 201      992A7C9B 
 201      E7C8
 202 0363 BE35DF83 		.ascii	"\2765\337\203)\207\245\332zH+9T\355\022\206v\221\241"
 202      2987A5DA 
 202      7A482B39 
 202      54ED1286 
 202      7691A1
 203 0376 8332DC38 		.ascii	"\2032\33484\336\257\304\243<Cjj_\256\222W\221\323\304"
 203      34DEAFC4 
 203      A33C436A 
 203      6A5FAE92 
 203      5791D3C4 
 204 038a D61FE45E 		.ascii	"\326\037\344^\221\335C)nH(n\210\0247)\305\300\354@\275"
 204      91DD4329 
 204      6E48286E 
 204      88143729 
 204      C5C0EC40 
 205 039f 2FDDA5EB 		.ascii	"/\335\245\353\010\211)\265\242\"\210\356R\025\031\226"
 205      088929B5 
 205      A22288EE 
 205      52151996 
 206 03af A45D4B0E 		.ascii	"\244]K\016\300/\371\002O\256fZ\325\330\204\351\340d"
 206      C02FF902 
 206      4FAE665A 
 206      D5D884E9 
 206      E064
 207 03c1 4BC33F18 		.ascii	"K\303?\030[\371\301\301\253\347\263|q1?\030\315=\325"
 207      5BF9C1C1 
 207      ABE7B37C 
 207      71313F18 
 207      CD3DD5
 208 03d4 1D8C6BF9 		.ascii	"\035\214k\371A\301p\207)\220\322\257\202\241*#\333\324"
 208      41C17087 
 208      2990D2AF 
 208      82A12A23 
 208      DBD4
 209 03e6 1788C2C3 		.ascii	"\027\210\302\303\227\206\207GX`\243\016\236\035i\015"
 209      97868747 
 209      5860A30E 
 209      9E1D690D 
 210 03f6 E0CCEBE8 		.ascii	"\340\314\353\350^\270\003*\357\241\245\342Q_El\277K"
 210      5EB8032A 
 210      EFA1A5E2 
 210      515F456C 
 210      BF4B
 211 0408 CC6768AA 		.ascii	"\314gh\2529%]\303\025\254\243+v[H]\330\3374\271\232"
 211      39255DC3 
 211      15ACA32B 
 211      765B485D 
 211      D8DF34B9 
 212 041d 2667D315 		.ascii	"&g\323\025\344\270\015z\006u\302\363\277\350\372\221"
 212      E4B80D7A 
 212      0675C2F3 
 212      BFE8FA91 
ARM GAS  C:\Users\Thomas\AppData\Local\Temp\ccBKNOCp.s 			page 16


 213 042d 6CB000DD 		.ascii	"l\260\000\335\207\203\320\217\302Q/D\037D\017\012\247"
 213      8783D08F 
 213      C2512F44 
 213      1F440F0A 
 213      A7
 214 043e 76D012A7 		.ascii	"v\320\022\247FZ\026\324t/\242&\337\243&s\244y!\265k"
 214      465A16D4 
 214      742FA226 
 214      DFA32673 
 214      A47921B5 
 215 0453 91D4D524 		.ascii	"\221\324\325$\223\234\327\301\014\253\212C\3449#\256"
 215      939CD7C1 
 215      0CAB8A43 
 215      E43923AE 
 216 0463 81F84A52 		.ascii	"\201\370JR\034-u\334\016B\021Ki\336\205H?4\010,\267"
 216      1C2D75DC 
 216      0E42114B 
 216      69DE8548 
 216      3F34082C 
 217 0478 3C679A80 		.ascii	"<g\232\200\350\265XOh\000Zy[[d_\034\231\316W\343.~="
 217      E8B5584F 
 217      68005A79 
 217      5B5B645F 
 217      1C99CE57 
 218 0490 1E97374D 		.ascii	"\036\2277M\006\254<\307q\026\227\2637O\221\314Y\340"
 218      06AC3CC7 
 218      711697B3 
 218      374F91CC 
 218      59E0
 219 04a2 6541761A 		.ascii	"eAv\032-=\304\227\226\3306\304\357\0264\214V\002zz\270"
 219      2D3DC497 
 219      96D836C4 
 219      EF16348C 
 219      56027A7A 
 220 04b7 284BA549 		.ascii	"(K\245I'o\0308\"\376\316 z\330=\207d\004ih6\374%'}\350"
 220      276F1838 
 220      22FECE20 
 220      7AD83D87 
 220      64046968 
 221 04d1 DF9C4059 		.ascii	"\337\234@Y6\251\341\311~ d?\240\331\334\311\214<?<\306"
 221      36A9E1C9 
 221      7E20643F 
 221      A0D9DCC9 
 221      8C3C3F3C 
 222 04e6 CB2C7F91 		.ascii	"\313,\177\221^\031\250N#\357\261\267\277\377\301\310"
 222      5E19A84E 
 222      23EFB1B7 
 222      BFFFC1C8 
 223 04f6 AE8EF46E 		.ascii	"\256\216\364n\177\376\213\361:b\334\313\027\303^\220"
 223      7FFE8BF1 
 223      3A62DCCB 
 223      17C35E90 
 224 0506 5AABE138 		.ascii	"Z\253\3418%\032\203\025|\350\361|\024I>\031\303\247"
 224      251A8315 
 224      7CE8F17C 
 224      14493E19 
 224      C3A7
ARM GAS  C:\Users\Thomas\AppData\Local\Temp\ccBKNOCp.s 			page 17


 225 0518 DB35B20E 		.ascii	"\3335\262\016\306d\357\307GB\007\217h\007s\347\206F"
 225      C664EFC7 
 225      4742078F 
 225      680773E7 
 225      8646
 226 052a 8365D915 		.ascii	"\203e\331\0252w&\204\354\011\232\335[\345\350\227\273"
 226      32772684 
 226      EC099ADD 
 226      5BE5E897 
 226      BB
 227 053b D32ACB9E 		.ascii	"\323*\313\236\024\262'y/M9\327\374e\331\315\262\354"
 227      14B22779 
 227      2F4D39D7 
 227      FC65D9CD 
 227      B2EC
 228 054d 29217B8A 		.ascii	")!{\212dcG\276\243W\215\302\324af\370\357cn\005\232"
 228      646347BE 
 228      A3578DC2 
 228      D46166F8 
 228      EF636E05 
 229 0562 819ED2C8 		.ascii	"\201\236\322\310\026r\035\340\2609H\364\206\241\017"
 229      16721DE0 
 229      B03948F4 
 229      86A10F
 230 0571 18F41868 		.ascii	"\030\364\030h\246\201\206d\327\215\273\335?\273\371"
 230      A6818664 
 230      D78DBBDD 
 230      3FBBF9
 231 0580 EB575F9A 		.ascii	"\353W_\232@~@\302}s]\272R&\241P&\301\2054\242\207p\313"
 231      407E40C2 
 231      7D735DBA 
 231      5226A150 
 231      26C18534 
 232 0598 84467DB4 		.ascii	"\204F}\264s[l\374\327\261?\260\372\235\321\272\037\331"
 232      735B6CFC 
 232      D7B13FB0 
 232      FA9DD1BA 
 232      1FD9
 233 05aa C884F8EF 		.ascii	"\310\204\370\357c\367\2506~\265U\033\311\254^\273c#"
 233      63F7A836 
 233      7EB5551B 
 233      C9AC5EBB 
 233      6323
 234 05bc 1BCFEA75 		.ascii	"\033\317\352u\006v\367\316\350\004\243>\206\335\021"
 234      0676F7CE 
 234      E804A33E 
 234      86DD11
 235 05cb 159D10F9 		.ascii	"\025\235\020\371\361\016),j\363\332\030\346=\351\314"
 235      F10E292C 
 235      6AF3DA18 
 235      E63DE9CC 
 236 05db 1636C990 		.ascii	"\0266\311\220\240\027\270\336\221\225\210c\331\304%"
 236      A017B8DE 
 236      91958863 
 236      D9C425
 237 05ea D2996DBA 		.ascii	"\322\231m\272}\2541\321\307\030\033oX\277\322k\275\230"
 237      7DAC31D1 
ARM GAS  C:\Users\Thomas\AppData\Local\Temp\ccBKNOCp.s 			page 18


 237      C7181B6F 
 237      58BFD26B 
 237      BD98
 238 05fc FD86FD89 		.ascii	"\375\206\375\211l\322\332\275\314\012y!\335n\250b\320"
 238      6CD2DABD 
 238      CC0A7921 
 238      DD6EA862 
 238      D0
 239 060d 27C46D61 		.ascii	"'\304ma\367\304&\031X\375\373\377G3\360\250H\305\017"
 239      F7C42619 
 239      58FDFBFF 
 239      4733F0A8 
 239      48C50F
 240 0620 3F59F626 		.ascii	"?Y\366&\2351\036h\2642\215\372X\003\373Z\235\345\213"
 240      9D311E68 
 240      B4328DFA 
 240      5803FB5A 
 240      9DE58B
 241 0633 24506488 		.ascii	"$Pd\210\254_C\202\274\335\317\343u\273\342X\031x\227"
 241      AC5F4382 
 241      BCDDCFE3 
 241      75BBE258 
 241      197897
 242 0646 2E669F31 		.ascii	".f\23711\332\2407\306\030B\350\024\237\024m\200\036"
 242      31DAA037 
 242      C61842E8 
 242      149F146D 
 242      801E
 243 0658 FCE8C4D6 		.ascii	"\374\350\304\326\335\273\226|I\310\365\306D\303f]\322"
 243      DDBB967C 
 243      49C8F5C6 
 243      44C3665D 
 243      D2
 244 0669 BE6F7471 		.ascii	"\276otqF\366]\372\3545]K\336\244V\352\331=\353\377\003"
 244      46F65DFA 
 244      EC355D4B 
 244      DEA456EA 
 244      D93DEBFF 
 245 067e 687ECB58 		.ascii	"h~\313X"
 246              		.text
 247              		.section	.gnu.lto_.symtab.c0d6bc55,"",%progbits
 248 0000 50325F57 		.ascii	"P2_WinTimer_SaveConfig\000\000\000\000\000\000\000\000"
 248      696E5469 
 248      6D65725F 
 248      53617665 
 248      436F6E66 
 249 001e 00000000 		.ascii	"\000\000\000\000\254\000\000\000P2_WinTimer_Restore"
 249      AC000000 
 249      50325F57 
 249      696E5469 
 249      6D65725F 
 250 0039 436F6E66 		.ascii	"Config\000\000\000\000\000\000\000\000\000\000\000\000"
 250      69670000 
 250      00000000 
 250      00000000 
 250      0000
 251 004b AE000000 		.ascii	"\256\000\000\000P2_WinTimer_Sleep\000\000\000\000\000"
ARM GAS  C:\Users\Thomas\AppData\Local\Temp\ccBKNOCp.s 			page 19


 251      50325F57 
 251      696E5469 
 251      6D65725F 
 251      536C6565 
 252 0065 00000000 		.ascii	"\000\000\000\000\000\000\000\260\000\000\000P2_WinT"
 252      000000B0 
 252      00000050 
 252      325F5769 
 252      6E54
 253 0077 696D6572 		.ascii	"imer_Wakeup\000\000\000\000\000\000\000\000\000\000"
 253      5F57616B 
 253      65757000 
 253      00000000 
 253      00000000 
 254 008c 0000B200 		.ascii	"\000\000\262\000\000\000P2_WinTimer_ReadControlRegi"
 254      00005032 
 254      5F57696E 
 254      54696D65 
 254      725F5265 
 255 00ad 73746572 		.ascii	"ster\000\000\002\000\000\000\000\000\000\000\000\000"
 255      00000200 
 255      00000000 
 255      00000000 
 256 00bd BA000000 		.ascii	"\272\000\000\000P2_WinTimer_ReadCounter\000\000\002"
 256      50325F57 
 256      696E5469 
 256      6D65725F 
 256      52656164 
 257 00db 00000000 		.ascii	"\000\000\000\000\000\000\000\000\000\304\000\000\000"
 257      00000000 
 257      00C40000 
 257      00
 258 00e8 50325F57 		.ascii	"P2_WinTimer_WriteControlRegister\000\000\002\000\000"
 258      696E5469 
 258      6D65725F 
 258      57726974 
 258      65436F6E 
 259 010d 00000000 		.ascii	"\000\000\000\000\000\000\000\310\000\000\000P2_WinT"
 259      000000C8 
 259      00000050 
 259      325F5769 
 259      6E54
 260 011f 696D6572 		.ascii	"imer_WriteCounter\000\000\002\000\000\000\000\000\000"
 260      5F577269 
 260      7465436F 
 260      756E7465 
 260      72000002 
 261 0139 000000CC 		.ascii	"\000\000\000\314\000\000\000P2_WinTimer_Stop\000\000"
 261      00000050 
 261      325F5769 
 261      6E54696D 
 261      65725F53 
 262 0152 02000000 		.ascii	"\002\000\000\000\000\000\000\000\000\000\316\000\000"
 262      00000000 
 262      0000CE00 
 262      00
 263 015f 0050325F 		.ascii	"\000P2_WinTimer_Enable\000\000\002\000\000\000\000\000"
ARM GAS  C:\Users\Thomas\AppData\Local\Temp\ccBKNOCp.s 			page 20


 263      57696E54 
 263      696D6572 
 263      5F456E61 
 263      626C6500 
 264 017a 00000000 		.ascii	"\000\000\000\000\320\000\000\000"
 264      D0000000 
 265              		.text
 266              		.section	.gnu.lto_.opts,"",%progbits
 267 0000 272D666E 		.ascii	"'-fno-trapv' '-mcpu=cortex-m3' '-mthumb' '-g' '-O3'"
 267      6F2D7472 
 267      61707627 
 267      20272D6D 
 267      6370753D 
 268 0033 20272D66 		.ascii	" '-ffunction-sections' '-finline-functions' '-flto'"
 268      66756E63 
 268      74696F6E 
 268      2D736563 
 268      74696F6E 
 269 0066 20272D66 		.ascii	" '-ffat-lto-objects'\000"
 269      6661742D 
 269      6C746F2D 
 269      6F626A65 
 269      63747327 
 270              		.text
 271              		.cfi_sections	.debug_frame
 272              		.section	.text.P2_WinTimer_SaveConfig,"ax",%progbits
 273              		.align	2
 274              		.global	P2_WinTimer_SaveConfig
 275              		.thumb
 276              		.thumb_func
 277              		.type	P2_WinTimer_SaveConfig, %function
 278              	P2_WinTimer_SaveConfig:
 279              	.LFB0:
 280              		.file 1 ".\\Generated_Source\\PSoC5\\P2_WinTimer_PM.c"
   1:.\Generated_Source\PSoC5/P2_WinTimer_PM.c **** /*******************************************************************************
   2:.\Generated_Source\PSoC5/P2_WinTimer_PM.c **** * File Name: P2_WinTimer_PM.c
   3:.\Generated_Source\PSoC5/P2_WinTimer_PM.c **** * Version 2.70
   4:.\Generated_Source\PSoC5/P2_WinTimer_PM.c **** *
   5:.\Generated_Source\PSoC5/P2_WinTimer_PM.c **** *  Description:
   6:.\Generated_Source\PSoC5/P2_WinTimer_PM.c **** *     This file provides the power management source code to API for the
   7:.\Generated_Source\PSoC5/P2_WinTimer_PM.c **** *     Timer.
   8:.\Generated_Source\PSoC5/P2_WinTimer_PM.c **** *
   9:.\Generated_Source\PSoC5/P2_WinTimer_PM.c **** *   Note:
  10:.\Generated_Source\PSoC5/P2_WinTimer_PM.c **** *     None
  11:.\Generated_Source\PSoC5/P2_WinTimer_PM.c **** *
  12:.\Generated_Source\PSoC5/P2_WinTimer_PM.c **** *******************************************************************************
  13:.\Generated_Source\PSoC5/P2_WinTimer_PM.c **** * Copyright 2008-2014, Cypress Semiconductor Corporation.  All rights reserved.
  14:.\Generated_Source\PSoC5/P2_WinTimer_PM.c **** * You may use this file only in accordance with the license, terms, conditions,
  15:.\Generated_Source\PSoC5/P2_WinTimer_PM.c **** * disclaimers, and limitations in the end user license agreement accompanying
  16:.\Generated_Source\PSoC5/P2_WinTimer_PM.c **** * the software package with which this file was provided.
  17:.\Generated_Source\PSoC5/P2_WinTimer_PM.c **** ********************************************************************************/
  18:.\Generated_Source\PSoC5/P2_WinTimer_PM.c **** 
  19:.\Generated_Source\PSoC5/P2_WinTimer_PM.c **** #include "P2_WinTimer.h"
  20:.\Generated_Source\PSoC5/P2_WinTimer_PM.c **** 
  21:.\Generated_Source\PSoC5/P2_WinTimer_PM.c **** static P2_WinTimer_backupStruct P2_WinTimer_backup;
  22:.\Generated_Source\PSoC5/P2_WinTimer_PM.c **** 
  23:.\Generated_Source\PSoC5/P2_WinTimer_PM.c **** 
ARM GAS  C:\Users\Thomas\AppData\Local\Temp\ccBKNOCp.s 			page 21


  24:.\Generated_Source\PSoC5/P2_WinTimer_PM.c **** /*******************************************************************************
  25:.\Generated_Source\PSoC5/P2_WinTimer_PM.c **** * Function Name: P2_WinTimer_SaveConfig
  26:.\Generated_Source\PSoC5/P2_WinTimer_PM.c **** ********************************************************************************
  27:.\Generated_Source\PSoC5/P2_WinTimer_PM.c **** *
  28:.\Generated_Source\PSoC5/P2_WinTimer_PM.c **** * Summary:
  29:.\Generated_Source\PSoC5/P2_WinTimer_PM.c **** *     Save the current user configuration
  30:.\Generated_Source\PSoC5/P2_WinTimer_PM.c **** *
  31:.\Generated_Source\PSoC5/P2_WinTimer_PM.c **** * Parameters:
  32:.\Generated_Source\PSoC5/P2_WinTimer_PM.c **** *  void
  33:.\Generated_Source\PSoC5/P2_WinTimer_PM.c **** *
  34:.\Generated_Source\PSoC5/P2_WinTimer_PM.c **** * Return:
  35:.\Generated_Source\PSoC5/P2_WinTimer_PM.c **** *  void
  36:.\Generated_Source\PSoC5/P2_WinTimer_PM.c **** *
  37:.\Generated_Source\PSoC5/P2_WinTimer_PM.c **** * Global variables:
  38:.\Generated_Source\PSoC5/P2_WinTimer_PM.c **** *  P2_WinTimer_backup:  Variables of this global structure are modified to
  39:.\Generated_Source\PSoC5/P2_WinTimer_PM.c **** *  store the values of non retention configuration registers when Sleep() API is
  40:.\Generated_Source\PSoC5/P2_WinTimer_PM.c **** *  called.
  41:.\Generated_Source\PSoC5/P2_WinTimer_PM.c **** *
  42:.\Generated_Source\PSoC5/P2_WinTimer_PM.c **** *******************************************************************************/
  43:.\Generated_Source\PSoC5/P2_WinTimer_PM.c **** void P2_WinTimer_SaveConfig(void) 
  44:.\Generated_Source\PSoC5/P2_WinTimer_PM.c **** {
 281              		.loc 1 44 0
 282              		.cfi_startproc
 283              		@ args = 0, pretend = 0, frame = 0
 284              		@ frame_needed = 0, uses_anonymous_args = 0
 285 0000 10B5     		push	{r4, lr}
 286              		.cfi_def_cfa_offset 8
 287              		.cfi_offset 4, -8
 288              		.cfi_offset 14, -4
  45:.\Generated_Source\PSoC5/P2_WinTimer_PM.c ****     #if (!P2_WinTimer_UsingFixedFunction)
  46:.\Generated_Source\PSoC5/P2_WinTimer_PM.c ****         P2_WinTimer_backup.TimerUdb = P2_WinTimer_ReadCounter();
 289              		.loc 1 46 0
 290 0002 FFF7FEFF 		bl	P2_WinTimer_ReadCounter
 291              	.LVL0:
  47:.\Generated_Source\PSoC5/P2_WinTimer_PM.c ****         P2_WinTimer_backup.InterruptMaskValue = P2_WinTimer_STATUS_MASK;
 292              		.loc 1 47 0
 293 0006 044B     		ldr	r3, .L3
  46:.\Generated_Source\PSoC5/P2_WinTimer_PM.c ****         P2_WinTimer_backup.InterruptMaskValue = P2_WinTimer_STATUS_MASK;
 294              		.loc 1 46 0
 295 0008 044C     		ldr	r4, .L3+4
 296              		.loc 1 47 0
 297 000a 1B78     		ldrb	r3, [r3]	@ zero_extendqisi2
  46:.\Generated_Source\PSoC5/P2_WinTimer_PM.c ****         P2_WinTimer_backup.InterruptMaskValue = P2_WinTimer_STATUS_MASK;
 298              		.loc 1 46 0
 299 000c 6080     		strh	r0, [r4, #2]	@ movhi
 300              		.loc 1 47 0
 301 000e 2371     		strb	r3, [r4, #4]
  48:.\Generated_Source\PSoC5/P2_WinTimer_PM.c ****         #if (P2_WinTimer_UsingHWCaptureCounter)
  49:.\Generated_Source\PSoC5/P2_WinTimer_PM.c ****             P2_WinTimer_backup.TimerCaptureCounter = P2_WinTimer_ReadCaptureCount();
  50:.\Generated_Source\PSoC5/P2_WinTimer_PM.c ****         #endif /* Back Up capture counter register  */
  51:.\Generated_Source\PSoC5/P2_WinTimer_PM.c **** 
  52:.\Generated_Source\PSoC5/P2_WinTimer_PM.c ****         #if(!P2_WinTimer_UDB_CONTROL_REG_REMOVED)
  53:.\Generated_Source\PSoC5/P2_WinTimer_PM.c ****             P2_WinTimer_backup.TimerControlRegister = P2_WinTimer_ReadControlRegister();
 302              		.loc 1 53 0
 303 0010 FFF7FEFF 		bl	P2_WinTimer_ReadControlRegister
 304              	.LVL1:
 305 0014 6071     		strb	r0, [r4, #5]
ARM GAS  C:\Users\Thomas\AppData\Local\Temp\ccBKNOCp.s 			page 22


 306 0016 10BD     		pop	{r4, pc}
 307              	.L4:
 308              		.align	2
 309              	.L3:
 310 0018 88640040 		.word	1073767560
 311 001c 00000000 		.word	.LANCHOR0
 312              		.cfi_endproc
 313              	.LFE0:
 314              		.size	P2_WinTimer_SaveConfig, .-P2_WinTimer_SaveConfig
 315              		.section	.text.P2_WinTimer_RestoreConfig,"ax",%progbits
 316              		.align	2
 317              		.global	P2_WinTimer_RestoreConfig
 318              		.thumb
 319              		.thumb_func
 320              		.type	P2_WinTimer_RestoreConfig, %function
 321              	P2_WinTimer_RestoreConfig:
 322              	.LFB1:
  54:.\Generated_Source\PSoC5/P2_WinTimer_PM.c ****         #endif /* Backup the enable state of the Timer component */
  55:.\Generated_Source\PSoC5/P2_WinTimer_PM.c ****     #endif /* Backup non retention registers in UDB implementation. All fixed function registers ar
  56:.\Generated_Source\PSoC5/P2_WinTimer_PM.c **** }
  57:.\Generated_Source\PSoC5/P2_WinTimer_PM.c **** 
  58:.\Generated_Source\PSoC5/P2_WinTimer_PM.c **** 
  59:.\Generated_Source\PSoC5/P2_WinTimer_PM.c **** /*******************************************************************************
  60:.\Generated_Source\PSoC5/P2_WinTimer_PM.c **** * Function Name: P2_WinTimer_RestoreConfig
  61:.\Generated_Source\PSoC5/P2_WinTimer_PM.c **** ********************************************************************************
  62:.\Generated_Source\PSoC5/P2_WinTimer_PM.c **** *
  63:.\Generated_Source\PSoC5/P2_WinTimer_PM.c **** * Summary:
  64:.\Generated_Source\PSoC5/P2_WinTimer_PM.c **** *  Restores the current user configuration.
  65:.\Generated_Source\PSoC5/P2_WinTimer_PM.c **** *
  66:.\Generated_Source\PSoC5/P2_WinTimer_PM.c **** * Parameters:
  67:.\Generated_Source\PSoC5/P2_WinTimer_PM.c **** *  void
  68:.\Generated_Source\PSoC5/P2_WinTimer_PM.c **** *
  69:.\Generated_Source\PSoC5/P2_WinTimer_PM.c **** * Return:
  70:.\Generated_Source\PSoC5/P2_WinTimer_PM.c **** *  void
  71:.\Generated_Source\PSoC5/P2_WinTimer_PM.c **** *
  72:.\Generated_Source\PSoC5/P2_WinTimer_PM.c **** * Global variables:
  73:.\Generated_Source\PSoC5/P2_WinTimer_PM.c **** *  P2_WinTimer_backup:  Variables of this global structure are used to
  74:.\Generated_Source\PSoC5/P2_WinTimer_PM.c **** *  restore the values of non retention registers on wakeup from sleep mode.
  75:.\Generated_Source\PSoC5/P2_WinTimer_PM.c **** *
  76:.\Generated_Source\PSoC5/P2_WinTimer_PM.c **** *******************************************************************************/
  77:.\Generated_Source\PSoC5/P2_WinTimer_PM.c **** void P2_WinTimer_RestoreConfig(void) 
  78:.\Generated_Source\PSoC5/P2_WinTimer_PM.c **** {   
 323              		.loc 1 78 0
 324              		.cfi_startproc
 325              		@ args = 0, pretend = 0, frame = 0
 326              		@ frame_needed = 0, uses_anonymous_args = 0
 327 0000 10B5     		push	{r4, lr}
 328              		.cfi_def_cfa_offset 8
 329              		.cfi_offset 4, -8
 330              		.cfi_offset 14, -4
  79:.\Generated_Source\PSoC5/P2_WinTimer_PM.c ****     #if (!P2_WinTimer_UsingFixedFunction)
  80:.\Generated_Source\PSoC5/P2_WinTimer_PM.c **** 
  81:.\Generated_Source\PSoC5/P2_WinTimer_PM.c ****         P2_WinTimer_WriteCounter(P2_WinTimer_backup.TimerUdb);
 331              		.loc 1 81 0
 332 0002 064C     		ldr	r4, .L7
 333 0004 6088     		ldrh	r0, [r4, #2]
 334 0006 FFF7FEFF 		bl	P2_WinTimer_WriteCounter
ARM GAS  C:\Users\Thomas\AppData\Local\Temp\ccBKNOCp.s 			page 23


 335              	.LVL2:
  82:.\Generated_Source\PSoC5/P2_WinTimer_PM.c ****         P2_WinTimer_STATUS_MASK =P2_WinTimer_backup.InterruptMaskValue;
 336              		.loc 1 82 0
 337 000a 2279     		ldrb	r2, [r4, #4]	@ zero_extendqisi2
 338 000c 044B     		ldr	r3, .L7+4
  83:.\Generated_Source\PSoC5/P2_WinTimer_PM.c ****         #if (P2_WinTimer_UsingHWCaptureCounter)
  84:.\Generated_Source\PSoC5/P2_WinTimer_PM.c ****             P2_WinTimer_SetCaptureCount(P2_WinTimer_backup.TimerCaptureCounter);
  85:.\Generated_Source\PSoC5/P2_WinTimer_PM.c ****         #endif /* Restore Capture counter register*/
  86:.\Generated_Source\PSoC5/P2_WinTimer_PM.c **** 
  87:.\Generated_Source\PSoC5/P2_WinTimer_PM.c ****         #if(!P2_WinTimer_UDB_CONTROL_REG_REMOVED)
  88:.\Generated_Source\PSoC5/P2_WinTimer_PM.c ****             P2_WinTimer_WriteControlRegister(P2_WinTimer_backup.TimerControlRegister);
 339              		.loc 1 88 0
 340 000e 6079     		ldrb	r0, [r4, #5]	@ zero_extendqisi2
  82:.\Generated_Source\PSoC5/P2_WinTimer_PM.c ****         P2_WinTimer_STATUS_MASK =P2_WinTimer_backup.InterruptMaskValue;
 341              		.loc 1 82 0
 342 0010 1A70     		strb	r2, [r3]
  89:.\Generated_Source\PSoC5/P2_WinTimer_PM.c ****         #endif /* Restore the enable state of the Timer component */
  90:.\Generated_Source\PSoC5/P2_WinTimer_PM.c ****     #endif /* Restore non retention registers in the UDB implementation only */
  91:.\Generated_Source\PSoC5/P2_WinTimer_PM.c **** }
 343              		.loc 1 91 0
 344 0012 BDE81040 		pop	{r4, lr}
 345              		.cfi_restore 14
 346              		.cfi_restore 4
 347              		.cfi_def_cfa_offset 0
  88:.\Generated_Source\PSoC5/P2_WinTimer_PM.c ****         #endif /* Restore the enable state of the Timer component */
 348              		.loc 1 88 0
 349 0016 FFF7FEBF 		b	P2_WinTimer_WriteControlRegister
 350              	.LVL3:
 351              	.L8:
 352 001a 00BF     		.align	2
 353              	.L7:
 354 001c 00000000 		.word	.LANCHOR0
 355 0020 88640040 		.word	1073767560
 356              		.cfi_endproc
 357              	.LFE1:
 358              		.size	P2_WinTimer_RestoreConfig, .-P2_WinTimer_RestoreConfig
 359              		.section	.text.P2_WinTimer_Sleep,"ax",%progbits
 360              		.align	2
 361              		.global	P2_WinTimer_Sleep
 362              		.thumb
 363              		.thumb_func
 364              		.type	P2_WinTimer_Sleep, %function
 365              	P2_WinTimer_Sleep:
 366              	.LFB2:
  92:.\Generated_Source\PSoC5/P2_WinTimer_PM.c **** 
  93:.\Generated_Source\PSoC5/P2_WinTimer_PM.c **** 
  94:.\Generated_Source\PSoC5/P2_WinTimer_PM.c **** /*******************************************************************************
  95:.\Generated_Source\PSoC5/P2_WinTimer_PM.c **** * Function Name: P2_WinTimer_Sleep
  96:.\Generated_Source\PSoC5/P2_WinTimer_PM.c **** ********************************************************************************
  97:.\Generated_Source\PSoC5/P2_WinTimer_PM.c **** *
  98:.\Generated_Source\PSoC5/P2_WinTimer_PM.c **** * Summary:
  99:.\Generated_Source\PSoC5/P2_WinTimer_PM.c **** *     Stop and Save the user configuration
 100:.\Generated_Source\PSoC5/P2_WinTimer_PM.c **** *
 101:.\Generated_Source\PSoC5/P2_WinTimer_PM.c **** * Parameters:
 102:.\Generated_Source\PSoC5/P2_WinTimer_PM.c **** *  void
 103:.\Generated_Source\PSoC5/P2_WinTimer_PM.c **** *
 104:.\Generated_Source\PSoC5/P2_WinTimer_PM.c **** * Return:
ARM GAS  C:\Users\Thomas\AppData\Local\Temp\ccBKNOCp.s 			page 24


 105:.\Generated_Source\PSoC5/P2_WinTimer_PM.c **** *  void
 106:.\Generated_Source\PSoC5/P2_WinTimer_PM.c **** *
 107:.\Generated_Source\PSoC5/P2_WinTimer_PM.c **** * Global variables:
 108:.\Generated_Source\PSoC5/P2_WinTimer_PM.c **** *  P2_WinTimer_backup.TimerEnableState:  Is modified depending on the
 109:.\Generated_Source\PSoC5/P2_WinTimer_PM.c **** *  enable state of the block before entering sleep mode.
 110:.\Generated_Source\PSoC5/P2_WinTimer_PM.c **** *
 111:.\Generated_Source\PSoC5/P2_WinTimer_PM.c **** *******************************************************************************/
 112:.\Generated_Source\PSoC5/P2_WinTimer_PM.c **** void P2_WinTimer_Sleep(void) 
 113:.\Generated_Source\PSoC5/P2_WinTimer_PM.c **** {
 367              		.loc 1 113 0
 368              		.cfi_startproc
 369              		@ args = 0, pretend = 0, frame = 0
 370              		@ frame_needed = 0, uses_anonymous_args = 0
 371 0000 10B5     		push	{r4, lr}
 372              		.cfi_def_cfa_offset 8
 373              		.cfi_offset 4, -8
 374              		.cfi_offset 14, -4
 114:.\Generated_Source\PSoC5/P2_WinTimer_PM.c ****     #if(!P2_WinTimer_UDB_CONTROL_REG_REMOVED)
 115:.\Generated_Source\PSoC5/P2_WinTimer_PM.c ****         /* Save Counter's enable state */
 116:.\Generated_Source\PSoC5/P2_WinTimer_PM.c ****         if(P2_WinTimer_CTRL_ENABLE == (P2_WinTimer_CONTROL & P2_WinTimer_CTRL_ENABLE))
 375              		.loc 1 116 0
 376 0002 084B     		ldr	r3, .L11
 377 0004 084C     		ldr	r4, .L11+4
 378 0006 1B78     		ldrb	r3, [r3]	@ zero_extendqisi2
 379 0008 DB09     		lsrs	r3, r3, #7
 380 000a 2370     		strb	r3, [r4]
 117:.\Generated_Source\PSoC5/P2_WinTimer_PM.c ****         {
 118:.\Generated_Source\PSoC5/P2_WinTimer_PM.c ****             /* Timer is enabled */
 119:.\Generated_Source\PSoC5/P2_WinTimer_PM.c ****             P2_WinTimer_backup.TimerEnableState = 1u;
 120:.\Generated_Source\PSoC5/P2_WinTimer_PM.c ****         }
 121:.\Generated_Source\PSoC5/P2_WinTimer_PM.c ****         else
 122:.\Generated_Source\PSoC5/P2_WinTimer_PM.c ****         {
 123:.\Generated_Source\PSoC5/P2_WinTimer_PM.c ****             /* Timer is disabled */
 124:.\Generated_Source\PSoC5/P2_WinTimer_PM.c ****             P2_WinTimer_backup.TimerEnableState = 0u;
 125:.\Generated_Source\PSoC5/P2_WinTimer_PM.c ****         }
 126:.\Generated_Source\PSoC5/P2_WinTimer_PM.c ****     #endif /* Back up enable state from the Timer control register */
 127:.\Generated_Source\PSoC5/P2_WinTimer_PM.c ****     P2_WinTimer_Stop();
 381              		.loc 1 127 0
 382 000c FFF7FEFF 		bl	P2_WinTimer_Stop
 383              	.LVL4:
 384              	.LBB4:
 385              	.LBB5:
  46:.\Generated_Source\PSoC5/P2_WinTimer_PM.c ****         P2_WinTimer_backup.InterruptMaskValue = P2_WinTimer_STATUS_MASK;
 386              		.loc 1 46 0
 387 0010 FFF7FEFF 		bl	P2_WinTimer_ReadCounter
 388              	.LVL5:
  47:.\Generated_Source\PSoC5/P2_WinTimer_PM.c ****         #if (P2_WinTimer_UsingHWCaptureCounter)
 389              		.loc 1 47 0
 390 0014 054B     		ldr	r3, .L11+8
  46:.\Generated_Source\PSoC5/P2_WinTimer_PM.c ****         P2_WinTimer_backup.InterruptMaskValue = P2_WinTimer_STATUS_MASK;
 391              		.loc 1 46 0
 392 0016 6080     		strh	r0, [r4, #2]	@ movhi
  47:.\Generated_Source\PSoC5/P2_WinTimer_PM.c ****         #if (P2_WinTimer_UsingHWCaptureCounter)
 393              		.loc 1 47 0
 394 0018 1B78     		ldrb	r3, [r3]	@ zero_extendqisi2
 395 001a 2371     		strb	r3, [r4, #4]
  53:.\Generated_Source\PSoC5/P2_WinTimer_PM.c ****         #endif /* Backup the enable state of the Timer component */
ARM GAS  C:\Users\Thomas\AppData\Local\Temp\ccBKNOCp.s 			page 25


 396              		.loc 1 53 0
 397 001c FFF7FEFF 		bl	P2_WinTimer_ReadControlRegister
 398              	.LVL6:
 399 0020 6071     		strb	r0, [r4, #5]
 400 0022 10BD     		pop	{r4, pc}
 401              	.L12:
 402              		.align	2
 403              	.L11:
 404 0024 7B640040 		.word	1073767547
 405 0028 00000000 		.word	.LANCHOR0
 406 002c 88640040 		.word	1073767560
 407              	.LBE5:
 408              	.LBE4:
 409              		.cfi_endproc
 410              	.LFE2:
 411              		.size	P2_WinTimer_Sleep, .-P2_WinTimer_Sleep
 412              		.section	.text.P2_WinTimer_Wakeup,"ax",%progbits
 413              		.align	2
 414              		.global	P2_WinTimer_Wakeup
 415              		.thumb
 416              		.thumb_func
 417              		.type	P2_WinTimer_Wakeup, %function
 418              	P2_WinTimer_Wakeup:
 419              	.LFB3:
 128:.\Generated_Source\PSoC5/P2_WinTimer_PM.c ****     P2_WinTimer_SaveConfig();
 129:.\Generated_Source\PSoC5/P2_WinTimer_PM.c **** }
 130:.\Generated_Source\PSoC5/P2_WinTimer_PM.c **** 
 131:.\Generated_Source\PSoC5/P2_WinTimer_PM.c **** 
 132:.\Generated_Source\PSoC5/P2_WinTimer_PM.c **** /*******************************************************************************
 133:.\Generated_Source\PSoC5/P2_WinTimer_PM.c **** * Function Name: P2_WinTimer_Wakeup
 134:.\Generated_Source\PSoC5/P2_WinTimer_PM.c **** ********************************************************************************
 135:.\Generated_Source\PSoC5/P2_WinTimer_PM.c **** *
 136:.\Generated_Source\PSoC5/P2_WinTimer_PM.c **** * Summary:
 137:.\Generated_Source\PSoC5/P2_WinTimer_PM.c **** *  Restores and enables the user configuration
 138:.\Generated_Source\PSoC5/P2_WinTimer_PM.c **** *
 139:.\Generated_Source\PSoC5/P2_WinTimer_PM.c **** * Parameters:
 140:.\Generated_Source\PSoC5/P2_WinTimer_PM.c **** *  void
 141:.\Generated_Source\PSoC5/P2_WinTimer_PM.c **** *
 142:.\Generated_Source\PSoC5/P2_WinTimer_PM.c **** * Return:
 143:.\Generated_Source\PSoC5/P2_WinTimer_PM.c **** *  void
 144:.\Generated_Source\PSoC5/P2_WinTimer_PM.c **** *
 145:.\Generated_Source\PSoC5/P2_WinTimer_PM.c **** * Global variables:
 146:.\Generated_Source\PSoC5/P2_WinTimer_PM.c **** *  P2_WinTimer_backup.enableState:  Is used to restore the enable state of
 147:.\Generated_Source\PSoC5/P2_WinTimer_PM.c **** *  block on wakeup from sleep mode.
 148:.\Generated_Source\PSoC5/P2_WinTimer_PM.c **** *
 149:.\Generated_Source\PSoC5/P2_WinTimer_PM.c **** *******************************************************************************/
 150:.\Generated_Source\PSoC5/P2_WinTimer_PM.c **** void P2_WinTimer_Wakeup(void) 
 151:.\Generated_Source\PSoC5/P2_WinTimer_PM.c **** {
 420              		.loc 1 151 0
 421              		.cfi_startproc
 422              		@ args = 0, pretend = 0, frame = 0
 423              		@ frame_needed = 0, uses_anonymous_args = 0
 424 0000 10B5     		push	{r4, lr}
 425              		.cfi_def_cfa_offset 8
 426              		.cfi_offset 4, -8
 427              		.cfi_offset 14, -4
 428              	.LBB8:
ARM GAS  C:\Users\Thomas\AppData\Local\Temp\ccBKNOCp.s 			page 26


 429              	.LBB9:
  81:.\Generated_Source\PSoC5/P2_WinTimer_PM.c ****         P2_WinTimer_STATUS_MASK =P2_WinTimer_backup.InterruptMaskValue;
 430              		.loc 1 81 0
 431 0002 094C     		ldr	r4, .L18
 432 0004 6088     		ldrh	r0, [r4, #2]
 433 0006 FFF7FEFF 		bl	P2_WinTimer_WriteCounter
 434              	.LVL7:
  82:.\Generated_Source\PSoC5/P2_WinTimer_PM.c ****         #if (P2_WinTimer_UsingHWCaptureCounter)
 435              		.loc 1 82 0
 436 000a 084B     		ldr	r3, .L18+4
 437 000c 2279     		ldrb	r2, [r4, #4]	@ zero_extendqisi2
  88:.\Generated_Source\PSoC5/P2_WinTimer_PM.c ****         #endif /* Restore the enable state of the Timer component */
 438              		.loc 1 88 0
 439 000e 6079     		ldrb	r0, [r4, #5]	@ zero_extendqisi2
  82:.\Generated_Source\PSoC5/P2_WinTimer_PM.c ****         #if (P2_WinTimer_UsingHWCaptureCounter)
 440              		.loc 1 82 0
 441 0010 1A70     		strb	r2, [r3]
  88:.\Generated_Source\PSoC5/P2_WinTimer_PM.c ****         #endif /* Restore the enable state of the Timer component */
 442              		.loc 1 88 0
 443 0012 FFF7FEFF 		bl	P2_WinTimer_WriteControlRegister
 444              	.LVL8:
 445              	.LBE9:
 446              	.LBE8:
 152:.\Generated_Source\PSoC5/P2_WinTimer_PM.c ****     P2_WinTimer_RestoreConfig();
 153:.\Generated_Source\PSoC5/P2_WinTimer_PM.c ****     #if(!P2_WinTimer_UDB_CONTROL_REG_REMOVED)
 154:.\Generated_Source\PSoC5/P2_WinTimer_PM.c ****         if(P2_WinTimer_backup.TimerEnableState == 1u)
 447              		.loc 1 154 0
 448 0016 2378     		ldrb	r3, [r4]	@ zero_extendqisi2
 449 0018 012B     		cmp	r3, #1
 450 001a 00D0     		beq	.L17
 451 001c 10BD     		pop	{r4, pc}
 452              	.L17:
 155:.\Generated_Source\PSoC5/P2_WinTimer_PM.c ****         {     /* Enable Timer's operation */
 156:.\Generated_Source\PSoC5/P2_WinTimer_PM.c ****                 P2_WinTimer_Enable();
 157:.\Generated_Source\PSoC5/P2_WinTimer_PM.c ****         } /* Do nothing if Timer was disabled before */
 158:.\Generated_Source\PSoC5/P2_WinTimer_PM.c ****     #endif /* Remove this code section if Control register is removed */
 159:.\Generated_Source\PSoC5/P2_WinTimer_PM.c **** }
 453              		.loc 1 159 0
 454 001e BDE81040 		pop	{r4, lr}
 455              		.cfi_restore 14
 456              		.cfi_restore 4
 457              		.cfi_def_cfa_offset 0
 156:.\Generated_Source\PSoC5/P2_WinTimer_PM.c ****         } /* Do nothing if Timer was disabled before */
 458              		.loc 1 156 0
 459 0022 FFF7FEBF 		b	P2_WinTimer_Enable
 460              	.LVL9:
 461              	.L19:
 462 0026 00BF     		.align	2
 463              	.L18:
 464 0028 00000000 		.word	.LANCHOR0
 465 002c 88640040 		.word	1073767560
 466              		.cfi_endproc
 467              	.LFE3:
 468              		.size	P2_WinTimer_Wakeup, .-P2_WinTimer_Wakeup
 469              		.bss
 470              		.align	2
 471              		.set	.LANCHOR0,. + 0
ARM GAS  C:\Users\Thomas\AppData\Local\Temp\ccBKNOCp.s 			page 27


 472              		.type	P2_WinTimer_backup, %object
 473              		.size	P2_WinTimer_backup, 6
 474              	P2_WinTimer_backup:
 475 0000 00000000 		.space	6
 475      0000
 476 0006 0000     		.text
 477              	.Letext0:
 478              		.file 2 ".\\Generated_Source\\PSoC5\\cytypes.h"
 479              		.file 3 ".\\Generated_Source\\PSoC5\\P2_WinTimer.h"
 480              		.section	.debug_info,"",%progbits
 481              	.Ldebug_info0:
 482 0000 2E020000 		.4byte	0x22e
 483 0004 0400     		.2byte	0x4
 484 0006 00000000 		.4byte	.Ldebug_abbrev0
 485 000a 04       		.byte	0x4
 486 000b 01       		.uleb128 0x1
 487 000c 0B020000 		.4byte	.LASF31
 488 0010 01       		.byte	0x1
 489 0011 AD000000 		.4byte	.LASF32
 490 0015 68010000 		.4byte	.LASF33
 491 0019 00000000 		.4byte	.Ldebug_ranges0+0
 492 001d 00000000 		.4byte	0
 493 0021 00000000 		.4byte	.Ldebug_line0
 494 0025 02       		.uleb128 0x2
 495 0026 01       		.byte	0x1
 496 0027 06       		.byte	0x6
 497 0028 E3020000 		.4byte	.LASF0
 498 002c 02       		.uleb128 0x2
 499 002d 01       		.byte	0x1
 500 002e 08       		.byte	0x8
 501 002f F4000000 		.4byte	.LASF1
 502 0033 02       		.uleb128 0x2
 503 0034 02       		.byte	0x2
 504 0035 05       		.byte	0x5
 505 0036 D0020000 		.4byte	.LASF2
 506 003a 02       		.uleb128 0x2
 507 003b 02       		.byte	0x2
 508 003c 07       		.byte	0x7
 509 003d 56000000 		.4byte	.LASF3
 510 0041 02       		.uleb128 0x2
 511 0042 04       		.byte	0x4
 512 0043 05       		.byte	0x5
 513 0044 DA020000 		.4byte	.LASF4
 514 0048 02       		.uleb128 0x2
 515 0049 04       		.byte	0x4
 516 004a 07       		.byte	0x7
 517 004b 38010000 		.4byte	.LASF5
 518 004f 02       		.uleb128 0x2
 519 0050 08       		.byte	0x8
 520 0051 05       		.byte	0x5
 521 0052 FD010000 		.4byte	.LASF6
 522 0056 02       		.uleb128 0x2
 523 0057 08       		.byte	0x8
 524 0058 07       		.byte	0x7
 525 0059 CA010000 		.4byte	.LASF7
 526 005d 03       		.uleb128 0x3
 527 005e 04       		.byte	0x4
ARM GAS  C:\Users\Thomas\AppData\Local\Temp\ccBKNOCp.s 			page 28


 528 005f 05       		.byte	0x5
 529 0060 696E7400 		.ascii	"int\000"
 530 0064 02       		.uleb128 0x2
 531 0065 04       		.byte	0x4
 532 0066 07       		.byte	0x7
 533 0067 AA010000 		.4byte	.LASF8
 534 006b 04       		.uleb128 0x4
 535 006c 4A010000 		.4byte	.LASF9
 536 0070 02       		.byte	0x2
 537 0071 9201     		.2byte	0x192
 538 0073 2C000000 		.4byte	0x2c
 539 0077 04       		.uleb128 0x4
 540 0078 A3010000 		.4byte	.LASF10
 541 007c 02       		.byte	0x2
 542 007d 9301     		.2byte	0x193
 543 007f 3A000000 		.4byte	0x3a
 544 0083 02       		.uleb128 0x2
 545 0084 04       		.byte	0x4
 546 0085 04       		.byte	0x4
 547 0086 D7000000 		.4byte	.LASF11
 548 008a 02       		.uleb128 0x2
 549 008b 08       		.byte	0x8
 550 008c 04       		.byte	0x4
 551 008d 50010000 		.4byte	.LASF12
 552 0091 02       		.uleb128 0x2
 553 0092 01       		.byte	0x1
 554 0093 08       		.byte	0x8
 555 0094 B2020000 		.4byte	.LASF13
 556 0098 04       		.uleb128 0x4
 557 0099 1A010000 		.4byte	.LASF14
 558 009d 02       		.byte	0x2
 559 009e 3C02     		.2byte	0x23c
 560 00a0 A4000000 		.4byte	0xa4
 561 00a4 05       		.uleb128 0x5
 562 00a5 6B000000 		.4byte	0x6b
 563 00a9 02       		.uleb128 0x2
 564 00aa 04       		.byte	0x4
 565 00ab 07       		.byte	0x7
 566 00ac E1010000 		.4byte	.LASF15
 567 00b0 06       		.uleb128 0x6
 568 00b1 06       		.byte	0x6
 569 00b2 03       		.byte	0x3
 570 00b3 43       		.byte	0x43
 571 00b4 E9000000 		.4byte	0xe9
 572 00b8 07       		.uleb128 0x7
 573 00b9 00000000 		.4byte	.LASF16
 574 00bd 03       		.byte	0x3
 575 00be 45       		.byte	0x45
 576 00bf 6B000000 		.4byte	0x6b
 577 00c3 00       		.byte	0
 578 00c4 07       		.uleb128 0x7
 579 00c5 8A000000 		.4byte	.LASF17
 580 00c9 03       		.byte	0x3
 581 00ca 48       		.byte	0x48
 582 00cb 77000000 		.4byte	0x77
 583 00cf 02       		.byte	0x2
 584 00d0 07       		.uleb128 0x7
ARM GAS  C:\Users\Thomas\AppData\Local\Temp\ccBKNOCp.s 			page 29


 585 00d1 EF020000 		.4byte	.LASF18
 586 00d5 03       		.byte	0x3
 587 00d6 49       		.byte	0x49
 588 00d7 6B000000 		.4byte	0x6b
 589 00db 04       		.byte	0x4
 590 00dc 07       		.uleb128 0x7
 591 00dd 02030000 		.4byte	.LASF19
 592 00e1 03       		.byte	0x3
 593 00e2 4F       		.byte	0x4f
 594 00e3 6B000000 		.4byte	0x6b
 595 00e7 05       		.byte	0x5
 596 00e8 00       		.byte	0
 597 00e9 08       		.uleb128 0x8
 598 00ea 1F010000 		.4byte	.LASF20
 599 00ee 03       		.byte	0x3
 600 00ef 53       		.byte	0x53
 601 00f0 B0000000 		.4byte	0xb0
 602 00f4 09       		.uleb128 0x9
 603 00f5 DD000000 		.4byte	.LASF21
 604 00f9 01       		.byte	0x1
 605 00fa 2B       		.byte	0x2b
 606 00fb 01       		.byte	0x1
 607 00fc 0A       		.uleb128 0xa
 608 00fd F4000000 		.4byte	0xf4
 609 0101 00000000 		.4byte	.LFB0
 610 0105 20000000 		.4byte	.LFE0-.LFB0
 611 0109 01       		.uleb128 0x1
 612 010a 9C       		.byte	0x9c
 613 010b 22010000 		.4byte	0x122
 614 010f 0B       		.uleb128 0xb
 615 0110 06000000 		.4byte	.LVL0
 616 0114 EB010000 		.4byte	0x1eb
 617 0118 0B       		.uleb128 0xb
 618 0119 14000000 		.4byte	.LVL1
 619 011d F6010000 		.4byte	0x1f6
 620 0121 00       		.byte	0
 621 0122 09       		.uleb128 0x9
 622 0123 93000000 		.4byte	.LASF22
 623 0127 01       		.byte	0x1
 624 0128 4D       		.byte	0x4d
 625 0129 01       		.byte	0x1
 626 012a 0A       		.uleb128 0xa
 627 012b 22010000 		.4byte	0x122
 628 012f 00000000 		.4byte	.LFB1
 629 0133 24000000 		.4byte	.LFE1-.LFB1
 630 0137 01       		.uleb128 0x1
 631 0138 9C       		.byte	0x9c
 632 0139 50010000 		.4byte	0x150
 633 013d 0B       		.uleb128 0xb
 634 013e 0A000000 		.4byte	.LVL2
 635 0142 01020000 		.4byte	0x201
 636 0146 0C       		.uleb128 0xc
 637 0147 1A000000 		.4byte	.LVL3
 638 014b 12020000 		.4byte	0x212
 639 014f 00       		.byte	0
 640 0150 0D       		.uleb128 0xd
 641 0151 11000000 		.4byte	.LASF23
ARM GAS  C:\Users\Thomas\AppData\Local\Temp\ccBKNOCp.s 			page 30


 642 0155 01       		.byte	0x1
 643 0156 70       		.byte	0x70
 644 0157 00000000 		.4byte	.LFB2
 645 015b 30000000 		.4byte	.LFE2-.LFB2
 646 015f 01       		.uleb128 0x1
 647 0160 9C       		.byte	0x9c
 648 0161 95010000 		.4byte	0x195
 649 0165 0E       		.uleb128 0xe
 650 0166 F4000000 		.4byte	0xf4
 651 016a 10000000 		.4byte	.LBB4
 652 016e 20000000 		.4byte	.LBE4-.LBB4
 653 0172 01       		.byte	0x1
 654 0173 80       		.byte	0x80
 655 0174 8B010000 		.4byte	0x18b
 656 0178 0B       		.uleb128 0xb
 657 0179 14000000 		.4byte	.LVL5
 658 017d EB010000 		.4byte	0x1eb
 659 0181 0B       		.uleb128 0xb
 660 0182 20000000 		.4byte	.LVL6
 661 0186 F6010000 		.4byte	0x1f6
 662 018a 00       		.byte	0
 663 018b 0B       		.uleb128 0xb
 664 018c 10000000 		.4byte	.LVL4
 665 0190 23020000 		.4byte	0x223
 666 0194 00       		.byte	0
 667 0195 0D       		.uleb128 0xd
 668 0196 B7010000 		.4byte	.LASF24
 669 019a 01       		.byte	0x1
 670 019b 96       		.byte	0x96
 671 019c 00000000 		.4byte	.LFB3
 672 01a0 30000000 		.4byte	.LFE3-.LFB3
 673 01a4 01       		.uleb128 0x1
 674 01a5 9C       		.byte	0x9c
 675 01a6 DA010000 		.4byte	0x1da
 676 01aa 0E       		.uleb128 0xe
 677 01ab 22010000 		.4byte	0x122
 678 01af 02000000 		.4byte	.LBB8
 679 01b3 14000000 		.4byte	.LBE8-.LBB8
 680 01b7 01       		.byte	0x1
 681 01b8 98       		.byte	0x98
 682 01b9 D0010000 		.4byte	0x1d0
 683 01bd 0B       		.uleb128 0xb
 684 01be 0A000000 		.4byte	.LVL7
 685 01c2 01020000 		.4byte	0x201
 686 01c6 0B       		.uleb128 0xb
 687 01c7 16000000 		.4byte	.LVL8
 688 01cb 12020000 		.4byte	0x212
 689 01cf 00       		.byte	0
 690 01d0 0C       		.uleb128 0xc
 691 01d1 26000000 		.4byte	.LVL9
 692 01d5 2A020000 		.4byte	0x22a
 693 01d9 00       		.byte	0
 694 01da 0F       		.uleb128 0xf
 695 01db 23000000 		.4byte	.LASF34
 696 01df 01       		.byte	0x1
 697 01e0 15       		.byte	0x15
 698 01e1 E9000000 		.4byte	0xe9
ARM GAS  C:\Users\Thomas\AppData\Local\Temp\ccBKNOCp.s 			page 31


 699 01e5 05       		.uleb128 0x5
 700 01e6 03       		.byte	0x3
 701 01e7 00000000 		.4byte	P2_WinTimer_backup
 702 01eb 10       		.uleb128 0x10
 703 01ec 02010000 		.4byte	.LASF25
 704 01f0 03       		.byte	0x3
 705 01f1 69       		.byte	0x69
 706 01f2 77000000 		.4byte	0x77
 707 01f6 10       		.uleb128 0x10
 708 01f7 36000000 		.4byte	.LASF26
 709 01fb 03       		.byte	0x3
 710 01fc 63       		.byte	0x63
 711 01fd 6B000000 		.4byte	0x6b
 712 0201 11       		.uleb128 0x11
 713 0202 B7020000 		.4byte	.LASF27
 714 0206 03       		.byte	0x3
 715 0207 6A       		.byte	0x6a
 716 0208 12020000 		.4byte	0x212
 717 020c 12       		.uleb128 0x12
 718 020d 77000000 		.4byte	0x77
 719 0211 00       		.byte	0
 720 0212 11       		.uleb128 0x11
 721 0213 69000000 		.4byte	.LASF28
 722 0217 03       		.byte	0x3
 723 0218 64       		.byte	0x64
 724 0219 23020000 		.4byte	0x223
 725 021d 12       		.uleb128 0x12
 726 021e 6B000000 		.4byte	0x6b
 727 0222 00       		.byte	0
 728 0223 13       		.uleb128 0x13
 729 0224 57010000 		.4byte	.LASF29
 730 0228 03       		.byte	0x3
 731 0229 5B       		.byte	0x5b
 732 022a 13       		.uleb128 0x13
 733 022b EA010000 		.4byte	.LASF30
 734 022f 03       		.byte	0x3
 735 0230 8B       		.byte	0x8b
 736 0231 00       		.byte	0
 737              		.section	.debug_abbrev,"",%progbits
 738              	.Ldebug_abbrev0:
 739 0000 01       		.uleb128 0x1
 740 0001 11       		.uleb128 0x11
 741 0002 01       		.byte	0x1
 742 0003 25       		.uleb128 0x25
 743 0004 0E       		.uleb128 0xe
 744 0005 13       		.uleb128 0x13
 745 0006 0B       		.uleb128 0xb
 746 0007 03       		.uleb128 0x3
 747 0008 0E       		.uleb128 0xe
 748 0009 1B       		.uleb128 0x1b
 749 000a 0E       		.uleb128 0xe
 750 000b 55       		.uleb128 0x55
 751 000c 17       		.uleb128 0x17
 752 000d 11       		.uleb128 0x11
 753 000e 01       		.uleb128 0x1
 754 000f 10       		.uleb128 0x10
 755 0010 17       		.uleb128 0x17
ARM GAS  C:\Users\Thomas\AppData\Local\Temp\ccBKNOCp.s 			page 32


 756 0011 00       		.byte	0
 757 0012 00       		.byte	0
 758 0013 02       		.uleb128 0x2
 759 0014 24       		.uleb128 0x24
 760 0015 00       		.byte	0
 761 0016 0B       		.uleb128 0xb
 762 0017 0B       		.uleb128 0xb
 763 0018 3E       		.uleb128 0x3e
 764 0019 0B       		.uleb128 0xb
 765 001a 03       		.uleb128 0x3
 766 001b 0E       		.uleb128 0xe
 767 001c 00       		.byte	0
 768 001d 00       		.byte	0
 769 001e 03       		.uleb128 0x3
 770 001f 24       		.uleb128 0x24
 771 0020 00       		.byte	0
 772 0021 0B       		.uleb128 0xb
 773 0022 0B       		.uleb128 0xb
 774 0023 3E       		.uleb128 0x3e
 775 0024 0B       		.uleb128 0xb
 776 0025 03       		.uleb128 0x3
 777 0026 08       		.uleb128 0x8
 778 0027 00       		.byte	0
 779 0028 00       		.byte	0
 780 0029 04       		.uleb128 0x4
 781 002a 16       		.uleb128 0x16
 782 002b 00       		.byte	0
 783 002c 03       		.uleb128 0x3
 784 002d 0E       		.uleb128 0xe
 785 002e 3A       		.uleb128 0x3a
 786 002f 0B       		.uleb128 0xb
 787 0030 3B       		.uleb128 0x3b
 788 0031 05       		.uleb128 0x5
 789 0032 49       		.uleb128 0x49
 790 0033 13       		.uleb128 0x13
 791 0034 00       		.byte	0
 792 0035 00       		.byte	0
 793 0036 05       		.uleb128 0x5
 794 0037 35       		.uleb128 0x35
 795 0038 00       		.byte	0
 796 0039 49       		.uleb128 0x49
 797 003a 13       		.uleb128 0x13
 798 003b 00       		.byte	0
 799 003c 00       		.byte	0
 800 003d 06       		.uleb128 0x6
 801 003e 13       		.uleb128 0x13
 802 003f 01       		.byte	0x1
 803 0040 0B       		.uleb128 0xb
 804 0041 0B       		.uleb128 0xb
 805 0042 3A       		.uleb128 0x3a
 806 0043 0B       		.uleb128 0xb
 807 0044 3B       		.uleb128 0x3b
 808 0045 0B       		.uleb128 0xb
 809 0046 01       		.uleb128 0x1
 810 0047 13       		.uleb128 0x13
 811 0048 00       		.byte	0
 812 0049 00       		.byte	0
ARM GAS  C:\Users\Thomas\AppData\Local\Temp\ccBKNOCp.s 			page 33


 813 004a 07       		.uleb128 0x7
 814 004b 0D       		.uleb128 0xd
 815 004c 00       		.byte	0
 816 004d 03       		.uleb128 0x3
 817 004e 0E       		.uleb128 0xe
 818 004f 3A       		.uleb128 0x3a
 819 0050 0B       		.uleb128 0xb
 820 0051 3B       		.uleb128 0x3b
 821 0052 0B       		.uleb128 0xb
 822 0053 49       		.uleb128 0x49
 823 0054 13       		.uleb128 0x13
 824 0055 38       		.uleb128 0x38
 825 0056 0B       		.uleb128 0xb
 826 0057 00       		.byte	0
 827 0058 00       		.byte	0
 828 0059 08       		.uleb128 0x8
 829 005a 16       		.uleb128 0x16
 830 005b 00       		.byte	0
 831 005c 03       		.uleb128 0x3
 832 005d 0E       		.uleb128 0xe
 833 005e 3A       		.uleb128 0x3a
 834 005f 0B       		.uleb128 0xb
 835 0060 3B       		.uleb128 0x3b
 836 0061 0B       		.uleb128 0xb
 837 0062 49       		.uleb128 0x49
 838 0063 13       		.uleb128 0x13
 839 0064 00       		.byte	0
 840 0065 00       		.byte	0
 841 0066 09       		.uleb128 0x9
 842 0067 2E       		.uleb128 0x2e
 843 0068 00       		.byte	0
 844 0069 3F       		.uleb128 0x3f
 845 006a 19       		.uleb128 0x19
 846 006b 03       		.uleb128 0x3
 847 006c 0E       		.uleb128 0xe
 848 006d 3A       		.uleb128 0x3a
 849 006e 0B       		.uleb128 0xb
 850 006f 3B       		.uleb128 0x3b
 851 0070 0B       		.uleb128 0xb
 852 0071 27       		.uleb128 0x27
 853 0072 19       		.uleb128 0x19
 854 0073 20       		.uleb128 0x20
 855 0074 0B       		.uleb128 0xb
 856 0075 00       		.byte	0
 857 0076 00       		.byte	0
 858 0077 0A       		.uleb128 0xa
 859 0078 2E       		.uleb128 0x2e
 860 0079 01       		.byte	0x1
 861 007a 31       		.uleb128 0x31
 862 007b 13       		.uleb128 0x13
 863 007c 11       		.uleb128 0x11
 864 007d 01       		.uleb128 0x1
 865 007e 12       		.uleb128 0x12
 866 007f 06       		.uleb128 0x6
 867 0080 40       		.uleb128 0x40
 868 0081 18       		.uleb128 0x18
 869 0082 9742     		.uleb128 0x2117
ARM GAS  C:\Users\Thomas\AppData\Local\Temp\ccBKNOCp.s 			page 34


 870 0084 19       		.uleb128 0x19
 871 0085 01       		.uleb128 0x1
 872 0086 13       		.uleb128 0x13
 873 0087 00       		.byte	0
 874 0088 00       		.byte	0
 875 0089 0B       		.uleb128 0xb
 876 008a 898201   		.uleb128 0x4109
 877 008d 00       		.byte	0
 878 008e 11       		.uleb128 0x11
 879 008f 01       		.uleb128 0x1
 880 0090 31       		.uleb128 0x31
 881 0091 13       		.uleb128 0x13
 882 0092 00       		.byte	0
 883 0093 00       		.byte	0
 884 0094 0C       		.uleb128 0xc
 885 0095 898201   		.uleb128 0x4109
 886 0098 00       		.byte	0
 887 0099 11       		.uleb128 0x11
 888 009a 01       		.uleb128 0x1
 889 009b 9542     		.uleb128 0x2115
 890 009d 19       		.uleb128 0x19
 891 009e 31       		.uleb128 0x31
 892 009f 13       		.uleb128 0x13
 893 00a0 00       		.byte	0
 894 00a1 00       		.byte	0
 895 00a2 0D       		.uleb128 0xd
 896 00a3 2E       		.uleb128 0x2e
 897 00a4 01       		.byte	0x1
 898 00a5 3F       		.uleb128 0x3f
 899 00a6 19       		.uleb128 0x19
 900 00a7 03       		.uleb128 0x3
 901 00a8 0E       		.uleb128 0xe
 902 00a9 3A       		.uleb128 0x3a
 903 00aa 0B       		.uleb128 0xb
 904 00ab 3B       		.uleb128 0x3b
 905 00ac 0B       		.uleb128 0xb
 906 00ad 27       		.uleb128 0x27
 907 00ae 19       		.uleb128 0x19
 908 00af 11       		.uleb128 0x11
 909 00b0 01       		.uleb128 0x1
 910 00b1 12       		.uleb128 0x12
 911 00b2 06       		.uleb128 0x6
 912 00b3 40       		.uleb128 0x40
 913 00b4 18       		.uleb128 0x18
 914 00b5 9742     		.uleb128 0x2117
 915 00b7 19       		.uleb128 0x19
 916 00b8 01       		.uleb128 0x1
 917 00b9 13       		.uleb128 0x13
 918 00ba 00       		.byte	0
 919 00bb 00       		.byte	0
 920 00bc 0E       		.uleb128 0xe
 921 00bd 1D       		.uleb128 0x1d
 922 00be 01       		.byte	0x1
 923 00bf 31       		.uleb128 0x31
 924 00c0 13       		.uleb128 0x13
 925 00c1 11       		.uleb128 0x11
 926 00c2 01       		.uleb128 0x1
ARM GAS  C:\Users\Thomas\AppData\Local\Temp\ccBKNOCp.s 			page 35


 927 00c3 12       		.uleb128 0x12
 928 00c4 06       		.uleb128 0x6
 929 00c5 58       		.uleb128 0x58
 930 00c6 0B       		.uleb128 0xb
 931 00c7 59       		.uleb128 0x59
 932 00c8 0B       		.uleb128 0xb
 933 00c9 01       		.uleb128 0x1
 934 00ca 13       		.uleb128 0x13
 935 00cb 00       		.byte	0
 936 00cc 00       		.byte	0
 937 00cd 0F       		.uleb128 0xf
 938 00ce 34       		.uleb128 0x34
 939 00cf 00       		.byte	0
 940 00d0 03       		.uleb128 0x3
 941 00d1 0E       		.uleb128 0xe
 942 00d2 3A       		.uleb128 0x3a
 943 00d3 0B       		.uleb128 0xb
 944 00d4 3B       		.uleb128 0x3b
 945 00d5 0B       		.uleb128 0xb
 946 00d6 49       		.uleb128 0x49
 947 00d7 13       		.uleb128 0x13
 948 00d8 02       		.uleb128 0x2
 949 00d9 18       		.uleb128 0x18
 950 00da 00       		.byte	0
 951 00db 00       		.byte	0
 952 00dc 10       		.uleb128 0x10
 953 00dd 2E       		.uleb128 0x2e
 954 00de 00       		.byte	0
 955 00df 3F       		.uleb128 0x3f
 956 00e0 19       		.uleb128 0x19
 957 00e1 03       		.uleb128 0x3
 958 00e2 0E       		.uleb128 0xe
 959 00e3 3A       		.uleb128 0x3a
 960 00e4 0B       		.uleb128 0xb
 961 00e5 3B       		.uleb128 0x3b
 962 00e6 0B       		.uleb128 0xb
 963 00e7 27       		.uleb128 0x27
 964 00e8 19       		.uleb128 0x19
 965 00e9 49       		.uleb128 0x49
 966 00ea 13       		.uleb128 0x13
 967 00eb 3C       		.uleb128 0x3c
 968 00ec 19       		.uleb128 0x19
 969 00ed 00       		.byte	0
 970 00ee 00       		.byte	0
 971 00ef 11       		.uleb128 0x11
 972 00f0 2E       		.uleb128 0x2e
 973 00f1 01       		.byte	0x1
 974 00f2 3F       		.uleb128 0x3f
 975 00f3 19       		.uleb128 0x19
 976 00f4 03       		.uleb128 0x3
 977 00f5 0E       		.uleb128 0xe
 978 00f6 3A       		.uleb128 0x3a
 979 00f7 0B       		.uleb128 0xb
 980 00f8 3B       		.uleb128 0x3b
 981 00f9 0B       		.uleb128 0xb
 982 00fa 27       		.uleb128 0x27
 983 00fb 19       		.uleb128 0x19
ARM GAS  C:\Users\Thomas\AppData\Local\Temp\ccBKNOCp.s 			page 36


 984 00fc 3C       		.uleb128 0x3c
 985 00fd 19       		.uleb128 0x19
 986 00fe 01       		.uleb128 0x1
 987 00ff 13       		.uleb128 0x13
 988 0100 00       		.byte	0
 989 0101 00       		.byte	0
 990 0102 12       		.uleb128 0x12
 991 0103 05       		.uleb128 0x5
 992 0104 00       		.byte	0
 993 0105 49       		.uleb128 0x49
 994 0106 13       		.uleb128 0x13
 995 0107 00       		.byte	0
 996 0108 00       		.byte	0
 997 0109 13       		.uleb128 0x13
 998 010a 2E       		.uleb128 0x2e
 999 010b 00       		.byte	0
 1000 010c 3F       		.uleb128 0x3f
 1001 010d 19       		.uleb128 0x19
 1002 010e 03       		.uleb128 0x3
 1003 010f 0E       		.uleb128 0xe
 1004 0110 3A       		.uleb128 0x3a
 1005 0111 0B       		.uleb128 0xb
 1006 0112 3B       		.uleb128 0x3b
 1007 0113 0B       		.uleb128 0xb
 1008 0114 27       		.uleb128 0x27
 1009 0115 19       		.uleb128 0x19
 1010 0116 3C       		.uleb128 0x3c
 1011 0117 19       		.uleb128 0x19
 1012 0118 00       		.byte	0
 1013 0119 00       		.byte	0
 1014 011a 00       		.byte	0
 1015              		.section	.debug_aranges,"",%progbits
 1016 0000 34000000 		.4byte	0x34
 1017 0004 0200     		.2byte	0x2
 1018 0006 00000000 		.4byte	.Ldebug_info0
 1019 000a 04       		.byte	0x4
 1020 000b 00       		.byte	0
 1021 000c 0000     		.2byte	0
 1022 000e 0000     		.2byte	0
 1023 0010 00000000 		.4byte	.LFB0
 1024 0014 20000000 		.4byte	.LFE0-.LFB0
 1025 0018 00000000 		.4byte	.LFB1
 1026 001c 24000000 		.4byte	.LFE1-.LFB1
 1027 0020 00000000 		.4byte	.LFB2
 1028 0024 30000000 		.4byte	.LFE2-.LFB2
 1029 0028 00000000 		.4byte	.LFB3
 1030 002c 30000000 		.4byte	.LFE3-.LFB3
 1031 0030 00000000 		.4byte	0
 1032 0034 00000000 		.4byte	0
 1033              		.section	.debug_ranges,"",%progbits
 1034              	.Ldebug_ranges0:
 1035 0000 00000000 		.4byte	.LFB0
 1036 0004 20000000 		.4byte	.LFE0
 1037 0008 00000000 		.4byte	.LFB1
 1038 000c 24000000 		.4byte	.LFE1
 1039 0010 00000000 		.4byte	.LFB2
 1040 0014 30000000 		.4byte	.LFE2
ARM GAS  C:\Users\Thomas\AppData\Local\Temp\ccBKNOCp.s 			page 37


 1041 0018 00000000 		.4byte	.LFB3
 1042 001c 30000000 		.4byte	.LFE3
 1043 0020 00000000 		.4byte	0
 1044 0024 00000000 		.4byte	0
 1045              		.section	.debug_line,"",%progbits
 1046              	.Ldebug_line0:
 1047 0000 D0000000 		.section	.debug_str,"MS",%progbits,1
 1047      02005E00 
 1047      00000201 
 1047      FB0E0D00 
 1047      01010101 
 1048              	.LASF16:
 1049 0000 54696D65 		.ascii	"TimerEnableState\000"
 1049      72456E61 
 1049      626C6553 
 1049      74617465 
 1049      00
 1050              	.LASF23:
 1051 0011 50325F57 		.ascii	"P2_WinTimer_Sleep\000"
 1051      696E5469 
 1051      6D65725F 
 1051      536C6565 
 1051      7000
 1052              	.LASF34:
 1053 0023 50325F57 		.ascii	"P2_WinTimer_backup\000"
 1053      696E5469 
 1053      6D65725F 
 1053      6261636B 
 1053      757000
 1054              	.LASF26:
 1055 0036 50325F57 		.ascii	"P2_WinTimer_ReadControlRegister\000"
 1055      696E5469 
 1055      6D65725F 
 1055      52656164 
 1055      436F6E74 
 1056              	.LASF3:
 1057 0056 73686F72 		.ascii	"short unsigned int\000"
 1057      7420756E 
 1057      7369676E 
 1057      65642069 
 1057      6E7400
 1058              	.LASF28:
 1059 0069 50325F57 		.ascii	"P2_WinTimer_WriteControlRegister\000"
 1059      696E5469 
 1059      6D65725F 
 1059      57726974 
 1059      65436F6E 
 1060              	.LASF17:
 1061 008a 54696D65 		.ascii	"TimerUdb\000"
 1061      72556462 
 1061      00
 1062              	.LASF22:
 1063 0093 50325F57 		.ascii	"P2_WinTimer_RestoreConfig\000"
 1063      696E5469 
 1063      6D65725F 
 1063      52657374 
 1063      6F726543 
ARM GAS  C:\Users\Thomas\AppData\Local\Temp\ccBKNOCp.s 			page 38


 1064              	.LASF32:
 1065 00ad 2E5C4765 		.ascii	".\\Generated_Source\\PSoC5\\P2_WinTimer_PM.c\000"
 1065      6E657261 
 1065      7465645F 
 1065      536F7572 
 1065      63655C50 
 1066              	.LASF11:
 1067 00d7 666C6F61 		.ascii	"float\000"
 1067      7400
 1068              	.LASF21:
 1069 00dd 50325F57 		.ascii	"P2_WinTimer_SaveConfig\000"
 1069      696E5469 
 1069      6D65725F 
 1069      53617665 
 1069      436F6E66 
 1070              	.LASF1:
 1071 00f4 756E7369 		.ascii	"unsigned char\000"
 1071      676E6564 
 1071      20636861 
 1071      7200
 1072              	.LASF25:
 1073 0102 50325F57 		.ascii	"P2_WinTimer_ReadCounter\000"
 1073      696E5469 
 1073      6D65725F 
 1073      52656164 
 1073      436F756E 
 1074              	.LASF14:
 1075 011a 72656738 		.ascii	"reg8\000"
 1075      00
 1076              	.LASF20:
 1077 011f 50325F57 		.ascii	"P2_WinTimer_backupStruct\000"
 1077      696E5469 
 1077      6D65725F 
 1077      6261636B 
 1077      75705374 
 1078              	.LASF5:
 1079 0138 6C6F6E67 		.ascii	"long unsigned int\000"
 1079      20756E73 
 1079      69676E65 
 1079      6420696E 
 1079      7400
 1080              	.LASF9:
 1081 014a 75696E74 		.ascii	"uint8\000"
 1081      3800
 1082              	.LASF12:
 1083 0150 646F7562 		.ascii	"double\000"
 1083      6C6500
 1084              	.LASF29:
 1085 0157 50325F57 		.ascii	"P2_WinTimer_Stop\000"
 1085      696E5469 
 1085      6D65725F 
 1085      53746F70 
 1085      00
 1086              	.LASF33:
 1087 0168 433A5C55 		.ascii	"C:\\Users\\Thomas\\Documents\\PSoC Creator\\TASBot\\"
 1087      73657273 
 1087      5C54686F 
ARM GAS  C:\Users\Thomas\AppData\Local\Temp\ccBKNOCp.s 			page 39


 1087      6D61735C 
 1087      446F6375 
 1088 0196 54415342 		.ascii	"TASBot.cydsn\000"
 1088      6F742E63 
 1088      7964736E 
 1088      00
 1089              	.LASF10:
 1090 01a3 75696E74 		.ascii	"uint16\000"
 1090      313600
 1091              	.LASF8:
 1092 01aa 756E7369 		.ascii	"unsigned int\000"
 1092      676E6564 
 1092      20696E74 
 1092      00
 1093              	.LASF24:
 1094 01b7 50325F57 		.ascii	"P2_WinTimer_Wakeup\000"
 1094      696E5469 
 1094      6D65725F 
 1094      57616B65 
 1094      757000
 1095              	.LASF7:
 1096 01ca 6C6F6E67 		.ascii	"long long unsigned int\000"
 1096      206C6F6E 
 1096      6720756E 
 1096      7369676E 
 1096      65642069 
 1097              	.LASF15:
 1098 01e1 73697A65 		.ascii	"sizetype\000"
 1098      74797065 
 1098      00
 1099              	.LASF30:
 1100 01ea 50325F57 		.ascii	"P2_WinTimer_Enable\000"
 1100      696E5469 
 1100      6D65725F 
 1100      456E6162 
 1100      6C6500
 1101              	.LASF6:
 1102 01fd 6C6F6E67 		.ascii	"long long int\000"
 1102      206C6F6E 
 1102      6720696E 
 1102      7400
 1103              	.LASF31:
 1104 020b 474E5520 		.ascii	"GNU C 4.9.3 20150303 (release) [ARM/embedded-4_9-br"
 1104      4320342E 
 1104      392E3320 
 1104      32303135 
 1104      30333033 
 1105 023e 616E6368 		.ascii	"anch revision 221220] -mcpu=cortex-m3 -mthumb -g -O"
 1105      20726576 
 1105      6973696F 
 1105      6E203232 
 1105      31323230 
 1106 0271 33202D66 		.ascii	"3 -ffunction-sections -finline-functions -flto -ffa"
 1106      66756E63 
 1106      74696F6E 
 1106      2D736563 
 1106      74696F6E 
ARM GAS  C:\Users\Thomas\AppData\Local\Temp\ccBKNOCp.s 			page 40


 1107 02a4 742D6C74 		.ascii	"t-lto-objects\000"
 1107      6F2D6F62 
 1107      6A656374 
 1107      7300
 1108              	.LASF13:
 1109 02b2 63686172 		.ascii	"char\000"
 1109      00
 1110              	.LASF27:
 1111 02b7 50325F57 		.ascii	"P2_WinTimer_WriteCounter\000"
 1111      696E5469 
 1111      6D65725F 
 1111      57726974 
 1111      65436F75 
 1112              	.LASF2:
 1113 02d0 73686F72 		.ascii	"short int\000"
 1113      7420696E 
 1113      7400
 1114              	.LASF4:
 1115 02da 6C6F6E67 		.ascii	"long int\000"
 1115      20696E74 
 1115      00
 1116              	.LASF0:
 1117 02e3 7369676E 		.ascii	"signed char\000"
 1117      65642063 
 1117      68617200 
 1118              	.LASF18:
 1119 02ef 496E7465 		.ascii	"InterruptMaskValue\000"
 1119      72727570 
 1119      744D6173 
 1119      6B56616C 
 1119      756500
 1120              	.LASF19:
 1121 0302 54696D65 		.ascii	"TimerControlRegister\000"
 1121      72436F6E 
 1121      74726F6C 
 1121      52656769 
 1121      73746572 
 1122              		.comm	__gnu_lto_v1,1,1
 1123              		.ident	"GCC: (GNU Tools for ARM Embedded Processors) 4.9.3 20150303 (release) [ARM/embedded-4_9-br
