ARM GAS  C:\Users\Thomas\AppData\Local\Temp\ccV3Lf14.s 			page 1


   1              		.syntax unified
   2              		.cpu cortex-m3
   3              		.fpu softvfp
   4              		.eabi_attribute 20, 1
   5              		.eabi_attribute 21, 1
   6              		.eabi_attribute 23, 3
   7              		.eabi_attribute 24, 1
   8              		.eabi_attribute 25, 1
   9              		.eabi_attribute 26, 1
  10              		.eabi_attribute 30, 2
  11              		.eabi_attribute 34, 1
  12              		.eabi_attribute 18, 4
  13              		.thumb
  14              		.file	"P3_D0.c"
  15              		.text
  16              	.Ltext0:
  17              		.section	.gnu.lto_.profile.be1c097f,"",%progbits
  18 0000 789C6366 		.ascii	"x\234cf```a\200\000F\006YI\000\000\307\000?"
  18      60606061 
  18      80004606 
  18      59490000 
  18      C7003F
  19              		.text
  20              		.section	.gnu.lto_.jmpfuncs.be1c097f,"",%progbits
  21 0000 789C6366 		.ascii	"x\234cf\300\016\204\2404\013\003##c=#\210`b``\006\212"
  21      C00E84A0 
  21      340B0323 
  21      23633D23 
  21      88606260 
  22 0017 00000DC0 		.ascii	"\000\000\015\300\001$"
  22      0124
  23              		.text
  24              		.section	.gnu.lto_.inline.be1c097f,"",%progbits
  25 0000 789C6366 		.ascii	"x\234cf\300\016\022\2404\013\003\003'\007##\003#\003"
  25      C00E12A0 
  25      340B0303 
  25      27072323 
  25      032303
  26 0013 0333C701 		.ascii	"\0033\307\001;\006\266\005\362L\014,\013\344Y@\222\214"
  26      3B06B605 
  26      F24C0C2C 
  26      0BE45940 
  26      928C
  27 0025 0C3CDC50 		.ascii	"\014<\334P9\201\206Z\210\034\323\005~\260\034\023\003"
  27      3981865A 
  27      881CD305 
  27      7EB01C13 
  27      03
  28 0036 1B2B2303 		.ascii	"\033+#\003\023\333\007=\2108\0200c\0121\000\000\336"
  28      13DB073D 
  28      88381030 
  28      630A3100 
  28      00DE
  29 0048 BA09E1   		.ascii	"\272\011\341"
  30              		.text
  31              		.section	.gnu.lto_.pureconst.be1c097f,"",%progbits
  32 0000 789C6366 		.ascii	"x\234cf``\340d\200\000\026\006)F)&)f)\000\002\305\000"
ARM GAS  C:\Users\Thomas\AppData\Local\Temp\ccV3Lf14.s 			page 2


  32      6060E064 
  32      80001606 
  32      29462926 
  32      29662900 
  33 0017 7F       		.ascii	"\177"
  34              		.text
  35              		.section	.gnu.lto_P3_D0_Write.be1c097f,"",%progbits
  36 0000 789C6591 		.ascii	"x\234e\221OHTQ\024\306\317w\357\373\243\331\"Z\316."
  36      4F485451 
  36      14C6CF77 
  36      EFFBA3D9 
  36      225ACE2E 
  37 0014 4C862244 		.ascii	"L\206\"D\250\366QA\333\001\267\0032Lo!D\202\216m\275"
  37      A8F65141 
  37      DB01B703 
  37      324C6F21 
  37      44828E6D 
  38 0029 2F875904 		.ascii	"/\207Y\004\221\014AB\014$\"VSj\012C\004\302K$\202\250"
  38      910C4142 
  38      0C242256 
  38      536A0A43 
  38      04C24B24 
  39 003f C14DC134 		.ascii	"\301M\3014\330\037F\253]\303Hf\226\3239\367\271Hzp\377"
  39      D81F46AB 
  39      5DC34866 
  39      96D339F7 
  39      B9487A70 
  40 0054 BCC3F7FB 		.ascii	"\274\303\367\373\356w\317\325\364\377\227\340\221TD"
  40      EE77CFD5 
  40      F4FF97E0 
  40      915444
  41 0063 67788526 		.ascii	"gx\205&\250\2117Da\207\002dC\2401\2051|SM\205\211\250"
  41      A8893744 
  41      61870264 
  41      43A03185 
  41      317C534D 
  42 007a 3CD9959C 		.ascii	"<\331\225\2341\306|/V\303T\204\035\346Z*\366\301,\222"
  42      31C67C2F 
  42      56C35484 
  42      1DE65A2A 
  42      F6C12C92 
  43 008e AC6995CD 		.ascii	"\254i\225\315m\255\217\203x\277\260\366z\317\357\231"
  43      6DAD8F83 
  43      78BFB0F6 
  43      7ACFEF99 
  44 009e 36E67AF4 		.ascii	"6\346z\364t\316\234c9p\037\232\011\234J\340D\202\270"
  44      74CE9C63 
  44      39701F9A 
  44      099C4AE0 
  44      4482B8
  45 00b1 4078801E 		.ascii	"@x\200\036\021/\336\\\255(}\322\202S\257>\255\036\356"
  45      112FDE5C 
  45      AD287DD2 
  45      8253AF3E 
  45      AD1EEE
  46 00c4 9E62F0E3 		.ascii	"\236b\360\343n%\035\205\367\314^\273m\361\207\377\342"
  46      6E251D85 
ARM GAS  C:\Users\Thomas\AppData\Local\Temp\ccV3Lf14.s 			page 3


  46      F7CC5EBB 
  46      6DF187FF 
  46      E2
  47 00d5 F1C7FA66 		.ascii	"\361\307\372f\376\317\273./\317\301\216\240\214\356"
  47      FECFBB2E 
  47      2FCFC18E 
  47      A08CEE
  48 00e4 38131EC1 		.ascii	"8\023\036\301\003/R\231?\032\231v{i\371\371/t*>V\361"
  48      032F5299 
  48      3F1A9976 
  48      7B69F9F9 
  48      2F742A3E 
  49 00fa 45B9EC40 		.ascii	"E\271\354@Nw\245\340\311\344\313D\324\340!\227\337\340"
  49      4E77A5E0 
  49      C9E4CB44 
  49      D4E02197 
  49      DFE0
  50 010c 1F5E750D 		.ascii	"\037^u\015+?n\254\337\361\305q[I'\232\205\027\313\372"
  50      2B3F6EAC 
  50      DFF1C571 
  50      5B49279A 
  50      8517CBFA 
  51 0120 ABDA513A 		.ascii	"\253\332Q:\232\016\215#\031>4\252k\035\266d#\265\336"
  51      9A0E8D23 
  51      193E34AA 
  51      6B1DB664 
  51      23B5DE
  52 0133 D77FFB25 		.ascii	"\327\177\373%\334\015\363\234\333\301c$0\007\216\214"
  52      DC0DF39C 
  52      DBC16324 
  52      30078E8C 
  53 0143 79944035 		.ascii	"y\224@5\214\377,\324\021\033\352\330\263\324\252X\036"
  53      8CFF2CD4 
  53      111BEAD8 
  53      B3D4AA58 
  53      1E
  54 0154 556ECA02 		.ascii	"Un\312\002k\337B\331;pP\026\011S/l~\331O\341n+\207\241"
  54      6BDF42D9 
  54      3B705016 
  54      09532F6C 
  54      7ED94FE1 
  55 016c 67C59793 		.ascii	"g\305\227\223\236P\312!<a\310:o\355;\213\216E\237o\215"
  55      9E50CA21 
  55      3C61C83A 
  55      6FED3B8B 
  55      8E459F6F 
  56 0181 D73A45E4 		.ascii	"\327:E\344\364\021\026c\321\226\027K|\253\022\367\225"
  56      F4111663 
  56      D196174B 
  56      7CAB12F7 
  56      95
  57 0192 A2A50E64 		.ascii	"\242\245\016d\017#\367`\372%N\317\020\255#\214v]\321"
  57      0F23F760 
  57      FA254ECF 
  57      10AD238C 
  57      765DD1
  58 01a5 CB1334F8 		.ascii	"\313\0234\370\035\271Q\334\266c\275\351K\301\325`8\223"
ARM GAS  C:\Users\Thomas\AppData\Local\Temp\ccV3Lf14.s 			page 4


  58      1DB951DC 
  58      B663BDE9 
  58      4BC1D560 
  58      3893
  59 01b7 0B2E0FF4 		.ascii	"\013.\017\364\017\215\016g\203t\252\177\350\302\331"
  59      0F8D0E67 
  59      8374AA7F 
  59      E8C2D9
  60 01c6 74EAF4C0 		.ascii	"t\352\364\300\305\276\336,\271\3272WF\203C#\271Ln0{"
  60      C5BEDE2C 
  60      B9D73257 
  60      46834323 
  60      B94C6E30 
  61 01db 7E3037F2 		.ascii	"~07\362\027\267\325\315\261"
  61      17B7D5CD 
  61      B1
  62              		.text
  63              		.section	.gnu.lto_P3_D0_SetDriveMode.be1c097f,"",%progbits
  64 0000 789C7D52 		.ascii	"x\234}RMHTQ\030\375\316\275o~d\234\231j%\323*H,\010"
  64      4D485451 
  64      18FDCEBD 
  64      6F7E649C 
  64      996A25D3 
  65 0018 0BA27D50 		.ascii	"\013\242}P\324Vp; \241oY\003R\2336\276\321i\023\204"
  65      D456703B 
  65      20A16F59 
  65      03529B36 
  65      BED16913 
  66 002d DA2A1021 		.ascii	"\332*\020!\224\260\362\257r\221\253\032\244 \020\012"
  66      94B0F2AF 
  66      7291AB1A 
  66      A420100A 
  67 003d DD484AB6 		.ascii	"\335HJ\266\031+\203\302\301\250f1L\347\273o\262WQ\227"
  67      192B83C2 
  67      C1A86631 
  67      4CE7BB6F 
  67      B2575197 
  68 0051 F7BE7BBF 		.ascii	"\367\276{\277\303w\316\375\316\275\327\312\337#\307"
  68      C377CEFD 
  68      CEBDD7CA 
  68      DF23C7
  69 0060 7FD1881C 		.ascii	"\177\321\210\034\341\014+0#/E\212I\003\350B \003\006"
  69      E10C2B30 
  69      232F458A 
  69      4903E842 
  69      200306
  70 0073 03D83655 		.ascii	"\003\3306U\203\221\362\364\255T\307\235 \010v&\036\267"
  70      8391F2F4 
  70      AD54C79D 
  70      20087626 
  70      1EB7
  71 0085 5D6BAB91 		.ascii	"]k\253\221\266kB\031L\241\203%\357k\333Si{\030\302u"
  71      B66B4219 
  71      4CA18325 
  71      EF6BDB53 
  71      697B18C2 
  72 009a 7D746DD5 		.ascii	"}tm\325\264O\006\301`\371\351\\p\0325j\336\205%\003"
ARM GAS  C:\Users\Thomas\AppData\Local\Temp\ccV3Lf14.s 			page 5


  72      B44F06C1 
  72      60F9E95C 
  72      701A356A 
  72      DE852503 
  73 00ae C772389A 		.ascii	"\307r8\232\023\002\202{h\327\342j\251\276\226\212\227"
  73      1302827B 
  73      68D7E26A 
  73      A9BE968A 
  73      97
  74 00bf A8BD2FD4 		.ascii	"\250\275/\324\304}\304\301y\376@9h4v\337\214\2768\216"
  74      C47DC4C1 
  74      79FE4039 
  74      683476DF 
  74      8CBE388E 
  75 00d3 FD861C63 		.ascii	"\375\206\034c\031\254\247!\006\245\307u\231\320\220"
  75      19ACA721 
  75      06A5C775 
  75      99D090
  76 00e2 D4D0A235 		.ascii	"\324\320\2425)\015\255\232\2465d4d\025\023\251\360W"
  76      290DAD9A 
  76      A6356434 
  76      641513A9 
  76      F057
  77 00f4 6B5B4C38 		.ascii	"k[L8\333u,}\275\376n\314\323\015\277\031\3659<\2631"
  77      DB752C7D 
  77      BDFE6ECC 
  77      D30DBF19 
  77      F5393CB3 
  78 0109 9BFD606A 		.ascii	"\233\375`j\306\253\334.\006\236\266\367\266\362j%\351"
  78      C6ABDC2E 
  78      069EB6F7 
  78      B6F26A25 
  78      E9
  79 011a 20D1F4C9 		.ascii	" \321\364\311\306\215\325\3148\306\212%\272\212a\032"
  79      C68DD5CC 
  79      38C68A25 
  79      BA8A611A 
  80 012a 39CC8027 		.ascii	"9\314\200'\211Y\214C\3261\270\231\010\345,\025\231\017"
  80      89598C43 
  80      D631B899 
  80      08E52C15 
  80      990F
  81 013c 7D8F87B9 		.ascii	"}\217\207\271G\210\374\327\237w\226\235\234\2556\232"
  81      4788FCD7 
  81      9F77969D 
  81      9CAD369A 
  82 014c 83873C47 		.ascii	"\203\207<G\211\010\227_,\312M\020\"we\341\323\263\230"
  82      8908975F 
  82      2CCA4D10 
  82      227765E1 
  82      D3B398
  83 015f E36604F3 		.ascii	"\343f\004\363\2162\364\245Y\222t;$\242*-D\231/\335\204"
  83      8E32F4A5 
  83      5992743B 
  83      24A22A2D 
  83      44992FDD 
  84 0174 E6FFEBFD 		.ascii	"\346\377\353\375\001{g\275\270\003\371x0\244\247\310"
ARM GAS  C:\Users\Thomas\AppData\Local\Temp\ccV3Lf14.s 			page 6


  84      017B67BD 
  84      B803F978 
  84      30A4A7C8 
  85 0184 985C1CBE 		.ascii	"\230\\\034\276\352\274o\375<\216\345\352\304s\363K\343"
  85      EABC6FFD 
  85      3C8EE5EA 
  85      C473F34B 
  85      E3
  86 0195 E19EC6A3 		.ascii	"\341\236\306\243?\374\267R!\352!M\250\351s\257\351\214"
  86      3FFCB752 
  86      21EA214D 
  86      A8E973AF 
  86      E98C
  87 01a7 B3968ED2 		.ascii	"\263\226\216\322\262D\177k\372\237\033.\270\246\263"
  87      B2447F6B 
  87      FA9F1B2E 
  87      B8A6B3
  88 01b6 B28962B9 		.ascii	"\262\211b\271~N\253\3655V\370\262x\267\274\351C\235"
  88      7E4EABF5 
  88      3556F8B2 
  88      78B7BCE9 
  88      439D
  89 01c8 F9F3FE25 		.ascii	"\371\363\376%\277\377\302e\277\257\247\273p\245\277"
  89      BFFFC265 
  89      BFAFA7BB 
  89      70A5BF
  90 01d7 D7CF7775 		.ascii	"\327\317wu\027\316\234\312w\235\3549{\242\263W\274\213"
  90      17CE9CCA 
  90      779DEC39 
  90      7BA2B357 
  90      BC8B
  91 01e9 853EFF07 		.ascii	"\205>\377\007r\326\370\205"
  91      72D6F885 
  92              		.text
  93              		.section	.gnu.lto_P3_D0_Read.be1c097f,"",%progbits
  94 0000 789C654F 		.ascii	"x\234eO=H\202Q\024\275\347~?\012.\321\024n\321 \201"
  94      3D488251 
  94      14BDE77E 
  94      3F0A2ED1 
  94      146ED120 
  95 0015 88102D35 		.ascii	"\210\020-5\026\264J\255\202\204}k\202\324\354\247\231"
  95      16B44AAD 
  95      82847D6B 
  95      82D4ECA7 
  95      99
  96 0026 81533544 		.ascii	"\201S5D\0206\024\221\375\321\\ \224-\015QDC!\241C\026"
  96      10361491 
  96      FDD15C20 
  96      942D0D51 
  96      444321A1 
  97 003c B52556F6 		.ascii	"\265%V\366Ae\367\371\265\365\340\235\373\356\275\347"
  97      4165F7F9 
  97      B5F5E09D 
  97      FBEEBDE7 
  98 004c 9EF3AE46 		.ascii	"\236\363\256F\377\217_\3568\210\372$B#\360\342%Q\332"
  98      FF8F5FEE 
  98      3888FA24 
ARM GAS  C:\Users\Thomas\AppData\Local\Temp\ccV3Lf14.s 			page 7


  98      4223F0E2 
  98      2551DA
  99 005f CB807A10 		.ascii	"\313\200z\020(\305H\341\205\033\214\213\243\237\033"
  99      28C548E1 
  99      851B8C8B 
  99      A39F1B
 100 006e 04B66C3B 		.ascii	"\004\266l;\363\272Q\272\367\315\3678L\324dB\320\217"
 100      F3BA51BA 
 100      F7CDF738 
 100      4CD46442 
 100      D08F
 101 0080 7EA5836D 		.ascii	"~\245\203m\004H\210\215\354\367\255\317\314\332\266"
 101      0448888D 
 101      ECF7ADCF 
 101      CCDAB6
 102 008f DDA5FAD2 		.ascii	"\335\245\372\322(\302\024\017:\354>\261\333\355\346"
 102      28C2140F 
 102      3AEC3EB1 
 102      DBEDE6
 103 009e FB527118 		.ascii	"\373Rq\030\036\220\303\342(\240\013\260\241\300$\245"
 103      1E90C3E2 
 103      28A00BB0 
 103      A1C024A5 
 104 00ae 49750165 		.ascii	"Iu\001e\377\310\254\242VA\371#\377\264>\244tZ\254\211"
 104      FFC8ACA2 
 104      5641F923 
 104      FFB43EA4 
 104      745AAC89 
 105 00c2 85F350FA 		.ascii	"\205\363P\3722\236\331a\355t3m\353\312\265V\277\272"
 105      329ED961 
 105      ED74336D 
 105      EBCAB556 
 105      BFBA
 106 00d4 F6764AA4 		.ascii	"\366vJ\244\322\225|\363\314[\300Z:\013\207u\354\300"
 106      D2957CF3 
 106      CC5BC05A 
 106      3A0B8775 
 106      ECC0
 107 00e6 8F5DC82F 		.ascii	"\217]\310/\261\207\002\250\202\271\317\334\033\273\202"
 107      B18702A8 
 107      82B9CFDC 
 107      1BBB82
 108 00f5 70356BAD 		.ascii	"p5k\255Z\331\243\004\020&\354\013\267\202L\325\343R"
 108      5AD9A304 
 108      1026EC0B 
 108      B7824CD5 
 108      E352
 109 0107 7461A9A1 		.ascii	"ta\251\241j\256\256\273\025C\2122t\274|\276j\252!C'"
 109      6AAEAEBB 
 109      15438A32 
 109      74BC7CBE 
 109      6AAA2143 
 110 011c 1CB84377 		.ascii	"\034\270Cw\013A\227\243hT\005\376\262\316fP\033\311"
 110      0B4197A3 
 110      685405FE 
 110      B2CE6650 
 110      1BC9
ARM GAS  C:\Users\Thomas\AppData\Local\Temp\ccV3Lf14.s 			page 8


 111 012e 7EBDA1E8 		.ascii	"~\275\241\350\2305m%'g\254\251\330Db6\031\267\242\221"
 111      98356D25 
 111      2767ACA9 
 111      D8446236 
 111      19B7A291 
 112 0142 89C4C860 		.ascii	"\211\304\310`42\020\033\015\207\342\364\013\356g\201"
 112      3432101B 
 112      0D87E2F4 
 112      0BEE6781 
 113 0152 16       		.ascii	"\026"
 114              		.text
 115              		.section	.gnu.lto_P3_D0_ReadDataReg.be1c097f,"",%progbits
 116 0000 789C654F 		.ascii	"x\234eO1HBQ\024\275\347\376\357\377\202K4\205[4H!\""
 116      31484251 
 116      14BDE7FE 
 116      EFFF824B 
 116      34855B34 
 117 0017 444B6B41 		.ascii	"DKkA\253\344*H\330_\023\244f\277f\006M\341\024\204S"
 117      ABE42A48 
 117      D85F13A4 
 117      66BF6606 
 117      4DE11484 
 118 002c 44664573 		.ascii	"DfEsA \016\322\020I8\024&\012aP[bd\037*{\327\337\326"
 118      41200ED2 
 118      10493814 
 118      260A6150 
 118      5B62641F 
 119 0045 8377EEBB 		.ascii	"\203w\356\273\367\236{\316\273\032\375?~u\227A4\245"
 119      F79E7BCE 
 119      BB1AFD3F 
 119      7E759741 
 119      34A5
 120 0057 223402EF 		.ascii	"\"4\002\357\336\022e\274\014\310\203@iF\032\257\334"
 120      DE1265BC 
 120      0CC88340 
 120      69461AAF 
 120      DC
 121 0068 63DC5CFC 		.ascii	"c\334\\\3744\0208\264\355\354\333S\243\345\333\232p"
 121      341038B4 
 121      EDECDB53 
 121      A3E5DB9A 
 121      70
 122 0079 98A8CF84 		.ascii	"\230\250\317\204\240\037\323\242\203#\004H\021{\271"
 122      A01FD3A2 
 122      83230448 
 122      117BB9
 123 0088 EF7B9F91 		.ascii	"\357{\237\221\263m{L\372\252Q\202\241<\350|\274b\017"
 123      B36D7B4C 
 123      FAAA5182 
 123      A13CE87C 
 123      BC620F
 124 009b 87FD7AA1 		.ascii	"\207\375z\2414\303&\310a\345\250@W\300\036\001\203D"
 124      34C326C8 
 124      61E5A840 
 124      57C01E01 
 124      8344
 125 00ad 93BA0AC4 		.ascii	"\223\272\012\304\376\231Y\242\326D\365c\247V\236\027"
ARM GAS  C:\Users\Thomas\AppData\Local\Temp\ccV3Lf14.s 			page 9


 125      FE9959A2 
 125      D644F563 
 125      A7569E17 
 126 00bd 9D016B62 		.ascii	"\235\001kb\221\257]i/\354\260V9\310\330\272\270v\272"
 126      91AF5D69 
 126      2FECB056 
 126      39C8D8BA 
 126      B876BA
 127 00d0 F53BEFA8 		.ascii	"\365;\357\250D\222\366\037[_f\021\373\231\034\034\326"
 127      4492F61F 
 127      5B5F6611 
 127      FB991C1C 
 127      D6
 128 00e1 710C3FCA 		.ascii	"q\014?\312P\277\304\011\212\240&6?\363\357\354\012\302"
 128      50BFC409 
 128      8AA02636 
 128      3FF3EFEC 
 128      0AC2
 129 00f3 D5EC0C3A 		.ascii	"\325\354\014:US\004\020&\234*n\023\331\266\351Rt\305"
 129      55530410 
 129      269C2A6E 
 129      13D9B6E9 
 129      5274C5
 130 0106 92A176BE 		.ascii	"\222\241v\276\253\273\025\217*\252\241\313\302\365\236"
 130      ABBB158F 
 130      2AAAA1CB 
 130      C2F59E
 131 0115 21431E9D 		.ascii	"!C\036\235p\346\016=l\007]\216\320\250\015\374e\243"
 131      70E60E3D 
 131      6C075D8E 
 131      D0A80DFC 
 131      65A3
 132 0127 CD201BA9 		.ascii	"\315 \033\251\375&C\261%k\315J\255\254[\253\361hr#\225"
 132      FD2643B1 
 132      256BCD4A 
 132      ADAC5BAB 
 132      F1687223 
 133 013c B0629168 		.ascii	"\260b\221hra.\026\231\215/\206C\011\372\005&\377\201"
 133      72612E16 
 133      998D2F86 
 133      4309FA05 
 133      26FF81
 134 014f 54       		.ascii	"T"
 135              		.text
 136              		.section	.gnu.lto_.symbol_nodes.be1c097f,"",%progbits
 137 0000 789C6366 		.ascii	"x\234cf``pb\200\002&\206z\006\206\011\347\030\030\352"
 137      60607062 
 137      80022686 
 137      7A068609 
 137      E71818EA 
 138 0014 EB19E62D 		.ascii	"\353\031\346-\340``b\254gD\3413\3253\241\360\231\353"
 138      E0606062 
 138      AC6744E1 
 138      33D533A1 
 138      F099EB
 139 0027 9991F90C 		.ascii	"\231\221\371\014\0003\356\020\336"
 139      0033EE10 
ARM GAS  C:\Users\Thomas\AppData\Local\Temp\ccV3Lf14.s 			page 10


 139      DE
 140              		.text
 141              		.section	.gnu.lto_.refs.be1c097f,"",%progbits
 142 0000 789C6366 		.ascii	"x\234cf```d\200\002\000\000=\000\005"
 142      60606064 
 142      80020000 
 142      3D0005
 143              		.text
 144              		.section	.gnu.lto_.decls.be1c097f,"",%progbits
 145 0000 789C8D92 		.ascii	"x\234\215\222]H\024Q\024\307\357\231;\256\356\270I\365"
 145      5D481451 
 145      14C7EF99 
 145      3BAEEEB8 
 145      49F5
 146 0012 A0B1046D 		.ascii	"\240\261\004m\004B \022H\340[\205\202\022\024\213\022"
 146      04422012 
 146      48E05B85 
 146      8212148B 
 146      12
 147 0023 3D28C8A2 		.ascii	"=(\310\242\203\371\242\261\215\201O^u\303\325\254L\222"
 147      83F9A2B1 
 147      8D814F5E 
 147      75C3D5AC 
 147      4C92
 148 0035 161F54FC 		.ascii	"\026\037T\374H\2634\363k]5\235\365I\250\015\002\021"
 148      48B334F3 
 148      6B5D359D 
 148      F549A80D 
 148      0211
 149 0047 34084D32 		.ascii	"4\010M2\361i\215\022\203d:sg\267\035l\005\017\234\231"
 149      F1698D12 
 149      83643A73 
 149      67B71D6C 
 149      050F9C99 
 150 005b 7B66CEEF 		.ascii	"{f\316\357\177\316\275\367PB\210\003\010\321\320\256"
 150      7FCEBDF7 
 150      50428803 
 150      08D1D0AE 
 151 006b 5142DA31 		.ascii	"QB\3321N@w\222\230\211\350c\350\023\350~\364\000\371"
 151      4E407792 
 151      9889E863 
 151      E813E87E 
 151      F400F9
 152 007e DFC64CDC 		.ascii	"\337\306L\3340z*\372<\372\\\344?Dr\016\233\256i9\304"
 152      307A2AFA 
 152      3CFA5CE4 
 152      3F44720E 
 152      9BAE6939 
 153 0093 A971D889 		.ascii	"\251q\330\2118\254?\302F\271|\023w\335\304\372\343\260"
 153      38AC3FC2 
 153      46B97C13 
 153      77DDC4FA 
 153      E3B0
 154 00a5 8163B2F1 		.ascii	"\201c\262\361\366\272+@`\344g(y[\200\024\311\241\207"
 154      F6BA2B40 
 154      60E46728 
 154      795B8014 
ARM GAS  C:\Users\Thomas\AppData\Local\Temp\ccV3Lf14.s 			page 11


 154      C9A187
 155 00b8 336D4B3E 		.ascii	"3mK>\013\2066I\324\303\225\205\306\306$*\200\276\356"
 155      0B863649 
 155      D4C39585 
 155      C6C6242A 
 155      80BEEE
 156 00cb F56D2C4B 		.ascii	"\365m,K\031C\2141/SU\210I\324\275\230mID&U\342\341\343"
 156      19438C31 
 156      2F535588 
 156      49D4BD98 
 156      6D494426 
 157 00e3 F71D41CA 		.ascii	"\367\035A\312CM\347\204\325\325g\277)H\351^\306\352"
 157      434DE784 
 157      D5D567BF 
 157      2948E95E 
 157      C6EA
 158 00f5 59B88DD1 		.ascii	"Y\270\215\3213\0042\354p\321N`\004\3221\015\206 \203"
 158      330432EC 
 158      70D14E60 
 158      04D2310D 
 158      862083
 159 0108 C02BB0C3 		.ascii	"\300+\260\303k\260\223>,\020\356Z^;\313\230\010\303"
 159      6BB0933E 
 159      2C10EE5A 
 159      5E3BCB98 
 159      08C3
 160 011a 20C14BA0 		.ascii	" \301K\240<\003\267\241W\210\024m}\020l\025E\001?\352"
 160      3C03B7A1 
 160      5788146D 
 160      7D106C15 
 160      45013FEA 
 161 012e 3945BCDB 		.ascii	"9E\274\333_\332F\277\220\326\216\002\254\265\201\235"
 161      5FDA46BF 
 161      90D68E02 
 161      ACB5819D 
 162 013e 14C1990A 		.ascii	"\024\301\231\012\003(;\210\262\004F!\015\237o@4\004"
 162      03283B88 
 162      B2044621 
 162      0D9F6F40 
 162      3404
 163 0150 B4C5BA7A 		.ascii	"\264\305\272z\013\315\342[\373t\340\361&;:Y\367hX\373"
 163      0BCDE25B 
 163      FB74E0F1 
 163      263B3A59 
 163      F76858FB 
 164 0164 B16A634B 		.ascii	"\261jcKL\325\264+\034\201\267\377\312\023}m\234\347"
 164      4CD5B42B 
 164      1C81B7FF 
 164      CA137D6D 
 164      9CE7
 165 0176 1838101B 		.ascii	"\0308\020\033\334\351\371l\245..\261p\320\263e\341\022"
 165      DCE9F96C 
 165      A52E2EB1 
 165      70D0B365 
 165      E112
 166 0188 DD33BD16 		.ascii	"\3353\275\026C\200\363\343&~<\312Op\276\3113J\315\355"
 166      4380F3E3 
ARM GAS  C:\Users\Thomas\AppData\Local\Temp\ccV3Lf14.s 			page 12


 166      267E3CCA 
 166      4F70BEC9 
 166      334ACDED 
 167 019c EA3B89F5 		.ascii	"\352;\211\365;\311\373-\212\264\273\370\275/$P\205\327"
 167      3BC9FB2D 
 167      8AB4BBF8 
 167      BD2F2450 
 167      85D7
 168 01ae 6A09EF75 		.ascii	"j\011\357uYy\255\365\235MY\365\260?\232F9\000S\246j"
 168      5979ADF5 
 168      9D4D59F5 
 168      B03F9A46 
 168      390053A6 
 169 01c3 53D16A7E 		.ascii	"S\321j~^m\253\353\333\243DZk(|\371\260n3\272\355\354"
 169      5E6DABEB 
 169      DBA3445A 
 169      6B287CF9 
 169      B06E33BA 
 170 01d9 8F76ABF3 		.ascii	"\217v\253\363\323&~:\312\0078\317\236?\354K\242O\201"
 170      D3267E3A 
 170      CA0738CF 
 170      9E3FEC4B 
 170      A24F81
 171 01ec 0B4CEE35 		.ascii	"\013L\3565\007NHx\245\015\307\270R\034\202\345\217\315"
 171      074E4878 
 171      A50DC7B8 
 171      521C82E5 
 171      8FCD
 172 01fe 2B566308 		.ascii	"+Vc\010\016\023\357\216\034\202\375\315|\017\273\012"
 172      0E13EF8E 
 172      1C82FDCD 
 172      7C0FBB0A 
 173 020e 73782C33 		.ascii	"sx,3\261!\230\205\330\0244}\355\010\331l\315\372d\341"
 173      B1219885 
 173      D814347D 
 173      ED08D96C 
 173      CDFA64E1 
 174 0222 115A9752 		.ascii	"\021Z\227Rxr\354\014\347\301\306w\200\357]\201\006\007"
 174      7872EC0C 
 174      E7C1C677 
 174      80EF5D81 
 174      0607
 175 0234 826B12D8 		.ascii	"\202k\022\330%\273\017Gx\377\034\250\250\344\325\217"
 175      25BB0F47 
 175      78FF1CA8 
 175      A8E4D58F 
 176 0244 3F5CCFA8 		.ascii	"?\\\317\250/%\332\021\341?\010\004Qf\001e\364lu[\323"
 176      2F25DA11 
 176      E13F0804 
 176      51660165 
 176      F46C755B 
 177 0259 6A35C39E 		.ascii	"j5\303\236$\362\004\376H\250\256\250T\262-y7o9r\310"
 177      24F204FE 
 177      48A8AEA8 
 177      54B22D79 
 177      376F3972 
 178 026e 85CCE23C 		.ascii	"\205\314\342<\271Rv\273\024\271\254\244\260\252\332"
ARM GAS  C:\Users\Thomas\AppData\Local\Temp\ccV3Lf14.s 			page 13


 178      B95276BB 
 178      14B9ACA4 
 178      B0AADA
 179 027d 5D2A173B 		.ascii	"]*\027;\013\253r.\027\227\326(5w\345{\231wH\2623\253"
 179      0BAB722E 
 179      1797D628 
 179      3577E57B 
 179      997748B2 
 180 0293 24F752C9 		.ascii	"$\367R\311mw\205\"\237?2\237'e\226\222\323Fv\241\254"
 180      6D778522 
 180      9F3F329F 
 180      27659692 
 180      D34676A1 
 181 02a8 E4BA2BEE 		.ascii	"\344\272+\356\3137\252\312d\311\370T \273\312N\305\226"
 181      CB37AACA 
 181      64C9F854 
 181      20BBCA4E 
 181      C596
 182 02ba B92EC555 		.ascii	"\271.\305U \227\213n\271<\373/\021\320G\301"
 182      20978B6E 
 182      B93CFB2F 
 182      11D047C1 
 183              		.text
 184              		.section	.gnu.lto_.symtab.be1c097f,"",%progbits
 185 0000 50335F44 		.ascii	"P3_D0_Write\000\000\000\000\000\000\000\000\000\000"
 185      305F5772 
 185      69746500 
 185      00000000 
 185      00000000 
 186 0015 0000B200 		.ascii	"\000\000\262\000\000\000P3_D0_SetDriveMode\000\000\000"
 186      00005033 
 186      5F44305F 
 186      53657444 
 186      72697665 
 187 0030 00000000 		.ascii	"\000\000\000\000\000\000\000\000\000\264\000\000\000"
 187      00000000 
 187      00B40000 
 187      00
 188 003d 50335F44 		.ascii	"P3_D0_Read\000\000\000\000\000\000\000\000\000\000\000"
 188      305F5265 
 188      61640000 
 188      00000000 
 188      00000000 
 189 0052 00B70000 		.ascii	"\000\267\000\000\000P3_D0_ReadDataReg\000\000\000\000"
 189      0050335F 
 189      44305F52 
 189      65616444 
 189      61746152 
 190 006c 00000000 		.ascii	"\000\000\000\000\000\000\000\000\271\000\000\000"
 190      00000000 
 190      B9000000 
 191              		.text
 192              		.section	.gnu.lto_.opts,"",%progbits
 193 0000 272D666E 		.ascii	"'-fno-trapv' '-mcpu=cortex-m3' '-mthumb' '-g' '-O3'"
 193      6F2D7472 
 193      61707627 
 193      20272D6D 
ARM GAS  C:\Users\Thomas\AppData\Local\Temp\ccV3Lf14.s 			page 14


 193      6370753D 
 194 0033 20272D66 		.ascii	" '-ffunction-sections' '-finline-functions' '-flto'"
 194      66756E63 
 194      74696F6E 
 194      2D736563 
 194      74696F6E 
 195 0066 20272D66 		.ascii	" '-ffat-lto-objects'\000"
 195      6661742D 
 195      6C746F2D 
 195      6F626A65 
 195      63747327 
 196              		.text
 197              		.cfi_sections	.debug_frame
 198              		.section	.text.P3_D0_Write,"ax",%progbits
 199              		.align	2
 200              		.global	P3_D0_Write
 201              		.thumb
 202              		.thumb_func
 203              		.type	P3_D0_Write, %function
 204              	P3_D0_Write:
 205              	.LFB0:
 206              		.file 1 ".\\Generated_Source\\PSoC5\\P3_D0.c"
   1:.\Generated_Source\PSoC5/P3_D0.c **** /*******************************************************************************
   2:.\Generated_Source\PSoC5/P3_D0.c **** * File Name: P3_D0.c  
   3:.\Generated_Source\PSoC5/P3_D0.c **** * Version 2.20
   4:.\Generated_Source\PSoC5/P3_D0.c **** *
   5:.\Generated_Source\PSoC5/P3_D0.c **** * Description:
   6:.\Generated_Source\PSoC5/P3_D0.c **** *  This file contains API to enable firmware control of a Pins component.
   7:.\Generated_Source\PSoC5/P3_D0.c **** *
   8:.\Generated_Source\PSoC5/P3_D0.c **** * Note:
   9:.\Generated_Source\PSoC5/P3_D0.c **** *
  10:.\Generated_Source\PSoC5/P3_D0.c **** ********************************************************************************
  11:.\Generated_Source\PSoC5/P3_D0.c **** * Copyright 2008-2015, Cypress Semiconductor Corporation.  All rights reserved.
  12:.\Generated_Source\PSoC5/P3_D0.c **** * You may use this file only in accordance with the license, terms, conditions, 
  13:.\Generated_Source\PSoC5/P3_D0.c **** * disclaimers, and limitations in the end user license agreement accompanying 
  14:.\Generated_Source\PSoC5/P3_D0.c **** * the software package with which this file was provided.
  15:.\Generated_Source\PSoC5/P3_D0.c **** *******************************************************************************/
  16:.\Generated_Source\PSoC5/P3_D0.c **** 
  17:.\Generated_Source\PSoC5/P3_D0.c **** #include "cytypes.h"
  18:.\Generated_Source\PSoC5/P3_D0.c **** #include "P3_D0.h"
  19:.\Generated_Source\PSoC5/P3_D0.c **** 
  20:.\Generated_Source\PSoC5/P3_D0.c **** /* APIs are not generated for P15[7:6] on PSoC 5 */
  21:.\Generated_Source\PSoC5/P3_D0.c **** #if !(CY_PSOC5A &&\
  22:.\Generated_Source\PSoC5/P3_D0.c **** 	 P3_D0__PORT == 15 && ((P3_D0__MASK & 0xC0) != 0))
  23:.\Generated_Source\PSoC5/P3_D0.c **** 
  24:.\Generated_Source\PSoC5/P3_D0.c **** 
  25:.\Generated_Source\PSoC5/P3_D0.c **** /*******************************************************************************
  26:.\Generated_Source\PSoC5/P3_D0.c **** * Function Name: P3_D0_Write
  27:.\Generated_Source\PSoC5/P3_D0.c **** ****************************************************************************//**
  28:.\Generated_Source\PSoC5/P3_D0.c **** *
  29:.\Generated_Source\PSoC5/P3_D0.c **** * \brief Writes the value to the physical port (data output register), masking
  30:.\Generated_Source\PSoC5/P3_D0.c **** *  and shifting the bits appropriately. 
  31:.\Generated_Source\PSoC5/P3_D0.c **** *
  32:.\Generated_Source\PSoC5/P3_D0.c **** * The data output register controls the signal applied to the physical pin in 
  33:.\Generated_Source\PSoC5/P3_D0.c **** * conjunction with the drive mode parameter. This function avoids changing 
  34:.\Generated_Source\PSoC5/P3_D0.c **** * other bits in the port by using the appropriate method (read-modify-write or
  35:.\Generated_Source\PSoC5/P3_D0.c **** * bit banding).
ARM GAS  C:\Users\Thomas\AppData\Local\Temp\ccV3Lf14.s 			page 15


  36:.\Generated_Source\PSoC5/P3_D0.c **** *
  37:.\Generated_Source\PSoC5/P3_D0.c **** * <b>Note</b> This function should not be used on a hardware digital output pin 
  38:.\Generated_Source\PSoC5/P3_D0.c **** * as it is driven by the hardware signal attached to it.
  39:.\Generated_Source\PSoC5/P3_D0.c **** *
  40:.\Generated_Source\PSoC5/P3_D0.c **** * \param value
  41:.\Generated_Source\PSoC5/P3_D0.c **** *  Value to write to the component instance.
  42:.\Generated_Source\PSoC5/P3_D0.c **** *
  43:.\Generated_Source\PSoC5/P3_D0.c **** * \return 
  44:.\Generated_Source\PSoC5/P3_D0.c **** *  None 
  45:.\Generated_Source\PSoC5/P3_D0.c **** *
  46:.\Generated_Source\PSoC5/P3_D0.c **** * \sideeffect
  47:.\Generated_Source\PSoC5/P3_D0.c **** *  If you use read-modify-write operations that are not atomic; the Interrupt 
  48:.\Generated_Source\PSoC5/P3_D0.c **** *  Service Routines (ISR) can cause corruption of this function. An ISR that 
  49:.\Generated_Source\PSoC5/P3_D0.c **** *  interrupts this function and performs writes to the Pins component data 
  50:.\Generated_Source\PSoC5/P3_D0.c **** *  register can cause corrupted port data. To avoid this issue, you should 
  51:.\Generated_Source\PSoC5/P3_D0.c **** *  either use the Per-Pin APIs (primary method) or disable interrupts around 
  52:.\Generated_Source\PSoC5/P3_D0.c **** *  this function.
  53:.\Generated_Source\PSoC5/P3_D0.c **** *
  54:.\Generated_Source\PSoC5/P3_D0.c **** * \funcusage
  55:.\Generated_Source\PSoC5/P3_D0.c **** *  \snippet P3_D0_SUT.c usage_P3_D0_Write
  56:.\Generated_Source\PSoC5/P3_D0.c **** *******************************************************************************/
  57:.\Generated_Source\PSoC5/P3_D0.c **** void P3_D0_Write(uint8 value)
  58:.\Generated_Source\PSoC5/P3_D0.c **** {
 207              		.loc 1 58 0
 208              		.cfi_startproc
 209              		@ args = 0, pretend = 0, frame = 0
 210              		@ frame_needed = 0, uses_anonymous_args = 0
 211              		@ link register save eliminated.
 212              	.LVL0:
  59:.\Generated_Source\PSoC5/P3_D0.c ****     uint8 staticBits = (P3_D0_DR & (uint8)(~P3_D0_MASK));
 213              		.loc 1 59 0
 214 0000 044A     		ldr	r2, .L2
  60:.\Generated_Source\PSoC5/P3_D0.c ****     P3_D0_DR = staticBits | ((uint8)(value << P3_D0_SHIFT) & P3_D0_MASK);
 215              		.loc 1 60 0
 216 0002 0001     		lsls	r0, r0, #4
 217              	.LVL1:
  59:.\Generated_Source\PSoC5/P3_D0.c ****     uint8 staticBits = (P3_D0_DR & (uint8)(~P3_D0_MASK));
 218              		.loc 1 59 0
 219 0004 1378     		ldrb	r3, [r2]	@ zero_extendqisi2
 220              	.LVL2:
 221              		.loc 1 60 0
 222 0006 00F03000 		and	r0, r0, #48
  59:.\Generated_Source\PSoC5/P3_D0.c ****     uint8 staticBits = (P3_D0_DR & (uint8)(~P3_D0_MASK));
 223              		.loc 1 59 0
 224 000a 03F0CF03 		and	r3, r3, #207
 225              	.LVL3:
 226              		.loc 1 60 0
 227 000e 1843     		orrs	r0, r0, r3
 228 0010 1070     		strb	r0, [r2]
 229 0012 7047     		bx	lr
 230              	.L3:
 231              		.align	2
 232              	.L2:
 233 0014 C0510040 		.word	1073762752
 234              		.cfi_endproc
 235              	.LFE0:
 236              		.size	P3_D0_Write, .-P3_D0_Write
ARM GAS  C:\Users\Thomas\AppData\Local\Temp\ccV3Lf14.s 			page 16


 237              		.section	.text.P3_D0_SetDriveMode,"ax",%progbits
 238              		.align	2
 239              		.global	P3_D0_SetDriveMode
 240              		.thumb
 241              		.thumb_func
 242              		.type	P3_D0_SetDriveMode, %function
 243              	P3_D0_SetDriveMode:
 244              	.LFB1:
  61:.\Generated_Source\PSoC5/P3_D0.c **** }
  62:.\Generated_Source\PSoC5/P3_D0.c **** 
  63:.\Generated_Source\PSoC5/P3_D0.c **** 
  64:.\Generated_Source\PSoC5/P3_D0.c **** /*******************************************************************************
  65:.\Generated_Source\PSoC5/P3_D0.c **** * Function Name: P3_D0_SetDriveMode
  66:.\Generated_Source\PSoC5/P3_D0.c **** ****************************************************************************//**
  67:.\Generated_Source\PSoC5/P3_D0.c **** *
  68:.\Generated_Source\PSoC5/P3_D0.c **** * \brief Sets the drive mode for each of the Pins component's pins.
  69:.\Generated_Source\PSoC5/P3_D0.c **** * 
  70:.\Generated_Source\PSoC5/P3_D0.c **** * <b>Note</b> This affects all pins in the Pins component instance. Use the
  71:.\Generated_Source\PSoC5/P3_D0.c **** * Per-Pin APIs if you wish to control individual pin's drive modes.
  72:.\Generated_Source\PSoC5/P3_D0.c **** *
  73:.\Generated_Source\PSoC5/P3_D0.c **** * \param mode
  74:.\Generated_Source\PSoC5/P3_D0.c **** *  Mode for the selected signals. Valid options are documented in 
  75:.\Generated_Source\PSoC5/P3_D0.c **** *  \ref driveMode.
  76:.\Generated_Source\PSoC5/P3_D0.c **** *
  77:.\Generated_Source\PSoC5/P3_D0.c **** * \return
  78:.\Generated_Source\PSoC5/P3_D0.c **** *  None
  79:.\Generated_Source\PSoC5/P3_D0.c **** *
  80:.\Generated_Source\PSoC5/P3_D0.c **** * \sideeffect
  81:.\Generated_Source\PSoC5/P3_D0.c **** *  If you use read-modify-write operations that are not atomic, the ISR can
  82:.\Generated_Source\PSoC5/P3_D0.c **** *  cause corruption of this function. An ISR that interrupts this function 
  83:.\Generated_Source\PSoC5/P3_D0.c **** *  and performs writes to the Pins component Drive Mode registers can cause 
  84:.\Generated_Source\PSoC5/P3_D0.c **** *  corrupted port data. To avoid this issue, you should either use the Per-Pin
  85:.\Generated_Source\PSoC5/P3_D0.c **** *  APIs (primary method) or disable interrupts around this function.
  86:.\Generated_Source\PSoC5/P3_D0.c **** *
  87:.\Generated_Source\PSoC5/P3_D0.c **** * \funcusage
  88:.\Generated_Source\PSoC5/P3_D0.c **** *  \snippet P3_D0_SUT.c usage_P3_D0_SetDriveMode
  89:.\Generated_Source\PSoC5/P3_D0.c **** *******************************************************************************/
  90:.\Generated_Source\PSoC5/P3_D0.c **** void P3_D0_SetDriveMode(uint8 mode)
  91:.\Generated_Source\PSoC5/P3_D0.c **** {
 245              		.loc 1 91 0
 246              		.cfi_startproc
 247              		@ args = 0, pretend = 0, frame = 0
 248              		@ frame_needed = 0, uses_anonymous_args = 0
 249              		@ link register save eliminated.
 250              	.LVL4:
  92:.\Generated_Source\PSoC5/P3_D0.c **** 	CyPins_SetPinDriveMode(P3_D0_0, mode);
 251              		.loc 1 92 0
 252 0000 0749     		ldr	r1, .L5
 253 0002 00F00E00 		and	r0, r0, #14
 254              	.LVL5:
 255 0006 0B78     		ldrb	r3, [r1]	@ zero_extendqisi2
  93:.\Generated_Source\PSoC5/P3_D0.c **** 	CyPins_SetPinDriveMode(P3_D0_1, mode);
 256              		.loc 1 93 0
 257 0008 064A     		ldr	r2, .L5+4
  92:.\Generated_Source\PSoC5/P3_D0.c **** 	CyPins_SetPinDriveMode(P3_D0_0, mode);
 258              		.loc 1 92 0
 259 000a 03F0F103 		and	r3, r3, #241
ARM GAS  C:\Users\Thomas\AppData\Local\Temp\ccV3Lf14.s 			page 17


 260 000e 0343     		orrs	r3, r3, r0
 261 0010 0B70     		strb	r3, [r1]
 262              		.loc 1 93 0
 263 0012 1378     		ldrb	r3, [r2]	@ zero_extendqisi2
 264 0014 03F0F103 		and	r3, r3, #241
 265 0018 1843     		orrs	r0, r0, r3
 266 001a 1070     		strb	r0, [r2]
 267 001c 7047     		bx	lr
 268              	.L6:
 269 001e 00BF     		.align	2
 270              	.L5:
 271 0020 64500040 		.word	1073762404
 272 0024 65500040 		.word	1073762405
 273              		.cfi_endproc
 274              	.LFE1:
 275              		.size	P3_D0_SetDriveMode, .-P3_D0_SetDriveMode
 276              		.section	.text.P3_D0_Read,"ax",%progbits
 277              		.align	2
 278              		.global	P3_D0_Read
 279              		.thumb
 280              		.thumb_func
 281              		.type	P3_D0_Read, %function
 282              	P3_D0_Read:
 283              	.LFB2:
  94:.\Generated_Source\PSoC5/P3_D0.c **** }
  95:.\Generated_Source\PSoC5/P3_D0.c **** 
  96:.\Generated_Source\PSoC5/P3_D0.c **** 
  97:.\Generated_Source\PSoC5/P3_D0.c **** /*******************************************************************************
  98:.\Generated_Source\PSoC5/P3_D0.c **** * Function Name: P3_D0_Read
  99:.\Generated_Source\PSoC5/P3_D0.c **** ****************************************************************************//**
 100:.\Generated_Source\PSoC5/P3_D0.c **** *
 101:.\Generated_Source\PSoC5/P3_D0.c **** * \brief Reads the associated physical port (pin status register) and masks 
 102:.\Generated_Source\PSoC5/P3_D0.c **** *  the required bits according to the width and bit position of the component
 103:.\Generated_Source\PSoC5/P3_D0.c **** *  instance. 
 104:.\Generated_Source\PSoC5/P3_D0.c **** *
 105:.\Generated_Source\PSoC5/P3_D0.c **** * The pin's status register returns the current logic level present on the 
 106:.\Generated_Source\PSoC5/P3_D0.c **** * physical pin.
 107:.\Generated_Source\PSoC5/P3_D0.c **** *
 108:.\Generated_Source\PSoC5/P3_D0.c **** * \return 
 109:.\Generated_Source\PSoC5/P3_D0.c **** *  The current value for the pins in the component as a right justified number.
 110:.\Generated_Source\PSoC5/P3_D0.c **** *
 111:.\Generated_Source\PSoC5/P3_D0.c **** * \funcusage
 112:.\Generated_Source\PSoC5/P3_D0.c **** *  \snippet P3_D0_SUT.c usage_P3_D0_Read  
 113:.\Generated_Source\PSoC5/P3_D0.c **** *******************************************************************************/
 114:.\Generated_Source\PSoC5/P3_D0.c **** uint8 P3_D0_Read(void)
 115:.\Generated_Source\PSoC5/P3_D0.c **** {
 284              		.loc 1 115 0
 285              		.cfi_startproc
 286              		@ args = 0, pretend = 0, frame = 0
 287              		@ frame_needed = 0, uses_anonymous_args = 0
 288              		@ link register save eliminated.
 116:.\Generated_Source\PSoC5/P3_D0.c ****     return (P3_D0_PS & P3_D0_MASK) >> P3_D0_SHIFT;
 289              		.loc 1 116 0
 290 0000 024B     		ldr	r3, .L8
 291 0002 1878     		ldrb	r0, [r3]	@ zero_extendqisi2
 117:.\Generated_Source\PSoC5/P3_D0.c **** }
 292              		.loc 1 117 0
ARM GAS  C:\Users\Thomas\AppData\Local\Temp\ccV3Lf14.s 			page 18


 293 0004 C0F30110 		ubfx	r0, r0, #4, #2
 294 0008 7047     		bx	lr
 295              	.L9:
 296 000a 00BF     		.align	2
 297              	.L8:
 298 000c C1510040 		.word	1073762753
 299              		.cfi_endproc
 300              	.LFE2:
 301              		.size	P3_D0_Read, .-P3_D0_Read
 302              		.section	.text.P3_D0_ReadDataReg,"ax",%progbits
 303              		.align	2
 304              		.global	P3_D0_ReadDataReg
 305              		.thumb
 306              		.thumb_func
 307              		.type	P3_D0_ReadDataReg, %function
 308              	P3_D0_ReadDataReg:
 309              	.LFB3:
 118:.\Generated_Source\PSoC5/P3_D0.c **** 
 119:.\Generated_Source\PSoC5/P3_D0.c **** 
 120:.\Generated_Source\PSoC5/P3_D0.c **** /*******************************************************************************
 121:.\Generated_Source\PSoC5/P3_D0.c **** * Function Name: P3_D0_ReadDataReg
 122:.\Generated_Source\PSoC5/P3_D0.c **** ****************************************************************************//**
 123:.\Generated_Source\PSoC5/P3_D0.c **** *
 124:.\Generated_Source\PSoC5/P3_D0.c **** * \brief Reads the associated physical port's data output register and masks 
 125:.\Generated_Source\PSoC5/P3_D0.c **** *  the correct bits according to the width and bit position of the component 
 126:.\Generated_Source\PSoC5/P3_D0.c **** *  instance. 
 127:.\Generated_Source\PSoC5/P3_D0.c **** *
 128:.\Generated_Source\PSoC5/P3_D0.c **** * The data output register controls the signal applied to the physical pin in 
 129:.\Generated_Source\PSoC5/P3_D0.c **** * conjunction with the drive mode parameter. This is not the same as the 
 130:.\Generated_Source\PSoC5/P3_D0.c **** * preferred P3_D0_Read() API because the 
 131:.\Generated_Source\PSoC5/P3_D0.c **** * P3_D0_ReadDataReg() reads the data register instead of the status 
 132:.\Generated_Source\PSoC5/P3_D0.c **** * register. For output pins this is a useful function to determine the value 
 133:.\Generated_Source\PSoC5/P3_D0.c **** * just written to the pin.
 134:.\Generated_Source\PSoC5/P3_D0.c **** *
 135:.\Generated_Source\PSoC5/P3_D0.c **** * \return 
 136:.\Generated_Source\PSoC5/P3_D0.c **** *  The current value of the data register masked and shifted into a right 
 137:.\Generated_Source\PSoC5/P3_D0.c **** *  justified number for the component instance.
 138:.\Generated_Source\PSoC5/P3_D0.c **** *
 139:.\Generated_Source\PSoC5/P3_D0.c **** * \funcusage
 140:.\Generated_Source\PSoC5/P3_D0.c **** *  \snippet P3_D0_SUT.c usage_P3_D0_ReadDataReg 
 141:.\Generated_Source\PSoC5/P3_D0.c **** *******************************************************************************/
 142:.\Generated_Source\PSoC5/P3_D0.c **** uint8 P3_D0_ReadDataReg(void)
 143:.\Generated_Source\PSoC5/P3_D0.c **** {
 310              		.loc 1 143 0
 311              		.cfi_startproc
 312              		@ args = 0, pretend = 0, frame = 0
 313              		@ frame_needed = 0, uses_anonymous_args = 0
 314              		@ link register save eliminated.
 144:.\Generated_Source\PSoC5/P3_D0.c ****     return (P3_D0_DR & P3_D0_MASK) >> P3_D0_SHIFT;
 315              		.loc 1 144 0
 316 0000 024B     		ldr	r3, .L11
 317 0002 1878     		ldrb	r0, [r3]	@ zero_extendqisi2
 145:.\Generated_Source\PSoC5/P3_D0.c **** }
 318              		.loc 1 145 0
 319 0004 C0F30110 		ubfx	r0, r0, #4, #2
 320 0008 7047     		bx	lr
 321              	.L12:
ARM GAS  C:\Users\Thomas\AppData\Local\Temp\ccV3Lf14.s 			page 19


 322 000a 00BF     		.align	2
 323              	.L11:
 324 000c C0510040 		.word	1073762752
 325              		.cfi_endproc
 326              	.LFE3:
 327              		.size	P3_D0_ReadDataReg, .-P3_D0_ReadDataReg
 328              		.text
 329              	.Letext0:
 330              		.file 2 ".\\Generated_Source\\PSoC5\\cytypes.h"
 331              		.section	.debug_info,"",%progbits
 332              	.Ldebug_info0:
 333 0000 1D010000 		.4byte	0x11d
 334 0004 0400     		.2byte	0x4
 335 0006 00000000 		.4byte	.Ldebug_abbrev0
 336 000a 04       		.byte	0x4
 337 000b 01       		.uleb128 0x1
 338 000c 12010000 		.4byte	.LASF20
 339 0010 01       		.byte	0x1
 340 0011 1D000000 		.4byte	.LASF21
 341 0015 94000000 		.4byte	.LASF22
 342 0019 00000000 		.4byte	.Ldebug_ranges0+0
 343 001d 00000000 		.4byte	0
 344 0021 00000000 		.4byte	.Ldebug_line0
 345 0025 02       		.uleb128 0x2
 346 0026 01       		.byte	0x1
 347 0027 06       		.byte	0x6
 348 0028 D7010000 		.4byte	.LASF0
 349 002c 02       		.uleb128 0x2
 350 002d 01       		.byte	0x1
 351 002e 08       		.byte	0x8
 352 002f 55000000 		.4byte	.LASF1
 353 0033 02       		.uleb128 0x2
 354 0034 02       		.byte	0x2
 355 0035 05       		.byte	0x5
 356 0036 BE010000 		.4byte	.LASF2
 357 003a 02       		.uleb128 0x2
 358 003b 02       		.byte	0x2
 359 003c 07       		.byte	0x7
 360 003d 7A000000 		.4byte	.LASF3
 361 0041 02       		.uleb128 0x2
 362 0042 04       		.byte	0x4
 363 0043 05       		.byte	0x5
 364 0044 CE010000 		.4byte	.LASF4
 365 0048 02       		.uleb128 0x2
 366 0049 04       		.byte	0x4
 367 004a 07       		.byte	0x7
 368 004b 68000000 		.4byte	.LASF5
 369 004f 02       		.uleb128 0x2
 370 0050 08       		.byte	0x8
 371 0051 05       		.byte	0x5
 372 0052 04010000 		.4byte	.LASF6
 373 0056 02       		.uleb128 0x2
 374 0057 08       		.byte	0x8
 375 0058 07       		.byte	0x7
 376 0059 DC000000 		.4byte	.LASF7
 377 005d 03       		.uleb128 0x3
 378 005e 04       		.byte	0x4
ARM GAS  C:\Users\Thomas\AppData\Local\Temp\ccV3Lf14.s 			page 20


 379 005f 05       		.byte	0x5
 380 0060 696E7400 		.ascii	"int\000"
 381 0064 02       		.uleb128 0x2
 382 0065 04       		.byte	0x4
 383 0066 07       		.byte	0x7
 384 0067 CF000000 		.4byte	.LASF8
 385 006b 04       		.uleb128 0x4
 386 006c C8010000 		.4byte	.LASF12
 387 0070 02       		.byte	0x2
 388 0071 9201     		.2byte	0x192
 389 0073 2C000000 		.4byte	0x2c
 390 0077 02       		.uleb128 0x2
 391 0078 04       		.byte	0x4
 392 0079 04       		.byte	0x4
 393 007a 4F000000 		.4byte	.LASF9
 394 007e 02       		.uleb128 0x2
 395 007f 08       		.byte	0x8
 396 0080 04       		.byte	0x4
 397 0081 8D000000 		.4byte	.LASF10
 398 0085 02       		.uleb128 0x2
 399 0086 01       		.byte	0x1
 400 0087 08       		.byte	0x8
 401 0088 B9010000 		.4byte	.LASF11
 402 008c 04       		.uleb128 0x4
 403 008d 63000000 		.4byte	.LASF13
 404 0091 02       		.byte	0x2
 405 0092 3C02     		.2byte	0x23c
 406 0094 98000000 		.4byte	0x98
 407 0098 05       		.uleb128 0x5
 408 0099 6B000000 		.4byte	0x6b
 409 009d 06       		.uleb128 0x6
 410 009e F8000000 		.4byte	.LASF14
 411 00a2 01       		.byte	0x1
 412 00a3 39       		.byte	0x39
 413 00a4 00000000 		.4byte	.LFB0
 414 00a8 18000000 		.4byte	.LFE0-.LFB0
 415 00ac 01       		.uleb128 0x1
 416 00ad 9C       		.byte	0x9c
 417 00ae D1000000 		.4byte	0xd1
 418 00b2 07       		.uleb128 0x7
 419 00b3 3E000000 		.4byte	.LASF16
 420 00b7 01       		.byte	0x1
 421 00b8 39       		.byte	0x39
 422 00b9 6B000000 		.4byte	0x6b
 423 00bd 00000000 		.4byte	.LLST0
 424 00c1 08       		.uleb128 0x8
 425 00c2 44000000 		.4byte	.LASF23
 426 00c6 01       		.byte	0x1
 427 00c7 3B       		.byte	0x3b
 428 00c8 6B000000 		.4byte	0x6b
 429 00cc 21000000 		.4byte	.LLST1
 430 00d0 00       		.byte	0
 431 00d1 06       		.uleb128 0x6
 432 00d2 E3010000 		.4byte	.LASF15
 433 00d6 01       		.byte	0x1
 434 00d7 5A       		.byte	0x5a
 435 00d8 00000000 		.4byte	.LFB1
ARM GAS  C:\Users\Thomas\AppData\Local\Temp\ccV3Lf14.s 			page 21


 436 00dc 28000000 		.4byte	.LFE1-.LFB1
 437 00e0 01       		.uleb128 0x1
 438 00e1 9C       		.byte	0x9c
 439 00e2 F6000000 		.4byte	0xf6
 440 00e6 07       		.uleb128 0x7
 441 00e7 F3000000 		.4byte	.LASF17
 442 00eb 01       		.byte	0x1
 443 00ec 5A       		.byte	0x5a
 444 00ed 6B000000 		.4byte	0x6b
 445 00f1 39000000 		.4byte	.LLST2
 446 00f5 00       		.byte	0
 447 00f6 09       		.uleb128 0x9
 448 00f7 12000000 		.4byte	.LASF18
 449 00fb 01       		.byte	0x1
 450 00fc 72       		.byte	0x72
 451 00fd 6B000000 		.4byte	0x6b
 452 0101 00000000 		.4byte	.LFB2
 453 0105 10000000 		.4byte	.LFE2-.LFB2
 454 0109 01       		.uleb128 0x1
 455 010a 9C       		.byte	0x9c
 456 010b 09       		.uleb128 0x9
 457 010c 00000000 		.4byte	.LASF19
 458 0110 01       		.byte	0x1
 459 0111 8E       		.byte	0x8e
 460 0112 6B000000 		.4byte	0x6b
 461 0116 00000000 		.4byte	.LFB3
 462 011a 10000000 		.4byte	.LFE3-.LFB3
 463 011e 01       		.uleb128 0x1
 464 011f 9C       		.byte	0x9c
 465 0120 00       		.byte	0
 466              		.section	.debug_abbrev,"",%progbits
 467              	.Ldebug_abbrev0:
 468 0000 01       		.uleb128 0x1
 469 0001 11       		.uleb128 0x11
 470 0002 01       		.byte	0x1
 471 0003 25       		.uleb128 0x25
 472 0004 0E       		.uleb128 0xe
 473 0005 13       		.uleb128 0x13
 474 0006 0B       		.uleb128 0xb
 475 0007 03       		.uleb128 0x3
 476 0008 0E       		.uleb128 0xe
 477 0009 1B       		.uleb128 0x1b
 478 000a 0E       		.uleb128 0xe
 479 000b 55       		.uleb128 0x55
 480 000c 17       		.uleb128 0x17
 481 000d 11       		.uleb128 0x11
 482 000e 01       		.uleb128 0x1
 483 000f 10       		.uleb128 0x10
 484 0010 17       		.uleb128 0x17
 485 0011 00       		.byte	0
 486 0012 00       		.byte	0
 487 0013 02       		.uleb128 0x2
 488 0014 24       		.uleb128 0x24
 489 0015 00       		.byte	0
 490 0016 0B       		.uleb128 0xb
 491 0017 0B       		.uleb128 0xb
 492 0018 3E       		.uleb128 0x3e
ARM GAS  C:\Users\Thomas\AppData\Local\Temp\ccV3Lf14.s 			page 22


 493 0019 0B       		.uleb128 0xb
 494 001a 03       		.uleb128 0x3
 495 001b 0E       		.uleb128 0xe
 496 001c 00       		.byte	0
 497 001d 00       		.byte	0
 498 001e 03       		.uleb128 0x3
 499 001f 24       		.uleb128 0x24
 500 0020 00       		.byte	0
 501 0021 0B       		.uleb128 0xb
 502 0022 0B       		.uleb128 0xb
 503 0023 3E       		.uleb128 0x3e
 504 0024 0B       		.uleb128 0xb
 505 0025 03       		.uleb128 0x3
 506 0026 08       		.uleb128 0x8
 507 0027 00       		.byte	0
 508 0028 00       		.byte	0
 509 0029 04       		.uleb128 0x4
 510 002a 16       		.uleb128 0x16
 511 002b 00       		.byte	0
 512 002c 03       		.uleb128 0x3
 513 002d 0E       		.uleb128 0xe
 514 002e 3A       		.uleb128 0x3a
 515 002f 0B       		.uleb128 0xb
 516 0030 3B       		.uleb128 0x3b
 517 0031 05       		.uleb128 0x5
 518 0032 49       		.uleb128 0x49
 519 0033 13       		.uleb128 0x13
 520 0034 00       		.byte	0
 521 0035 00       		.byte	0
 522 0036 05       		.uleb128 0x5
 523 0037 35       		.uleb128 0x35
 524 0038 00       		.byte	0
 525 0039 49       		.uleb128 0x49
 526 003a 13       		.uleb128 0x13
 527 003b 00       		.byte	0
 528 003c 00       		.byte	0
 529 003d 06       		.uleb128 0x6
 530 003e 2E       		.uleb128 0x2e
 531 003f 01       		.byte	0x1
 532 0040 3F       		.uleb128 0x3f
 533 0041 19       		.uleb128 0x19
 534 0042 03       		.uleb128 0x3
 535 0043 0E       		.uleb128 0xe
 536 0044 3A       		.uleb128 0x3a
 537 0045 0B       		.uleb128 0xb
 538 0046 3B       		.uleb128 0x3b
 539 0047 0B       		.uleb128 0xb
 540 0048 27       		.uleb128 0x27
 541 0049 19       		.uleb128 0x19
 542 004a 11       		.uleb128 0x11
 543 004b 01       		.uleb128 0x1
 544 004c 12       		.uleb128 0x12
 545 004d 06       		.uleb128 0x6
 546 004e 40       		.uleb128 0x40
 547 004f 18       		.uleb128 0x18
 548 0050 9742     		.uleb128 0x2117
 549 0052 19       		.uleb128 0x19
ARM GAS  C:\Users\Thomas\AppData\Local\Temp\ccV3Lf14.s 			page 23


 550 0053 01       		.uleb128 0x1
 551 0054 13       		.uleb128 0x13
 552 0055 00       		.byte	0
 553 0056 00       		.byte	0
 554 0057 07       		.uleb128 0x7
 555 0058 05       		.uleb128 0x5
 556 0059 00       		.byte	0
 557 005a 03       		.uleb128 0x3
 558 005b 0E       		.uleb128 0xe
 559 005c 3A       		.uleb128 0x3a
 560 005d 0B       		.uleb128 0xb
 561 005e 3B       		.uleb128 0x3b
 562 005f 0B       		.uleb128 0xb
 563 0060 49       		.uleb128 0x49
 564 0061 13       		.uleb128 0x13
 565 0062 02       		.uleb128 0x2
 566 0063 17       		.uleb128 0x17
 567 0064 00       		.byte	0
 568 0065 00       		.byte	0
 569 0066 08       		.uleb128 0x8
 570 0067 34       		.uleb128 0x34
 571 0068 00       		.byte	0
 572 0069 03       		.uleb128 0x3
 573 006a 0E       		.uleb128 0xe
 574 006b 3A       		.uleb128 0x3a
 575 006c 0B       		.uleb128 0xb
 576 006d 3B       		.uleb128 0x3b
 577 006e 0B       		.uleb128 0xb
 578 006f 49       		.uleb128 0x49
 579 0070 13       		.uleb128 0x13
 580 0071 02       		.uleb128 0x2
 581 0072 17       		.uleb128 0x17
 582 0073 00       		.byte	0
 583 0074 00       		.byte	0
 584 0075 09       		.uleb128 0x9
 585 0076 2E       		.uleb128 0x2e
 586 0077 00       		.byte	0
 587 0078 3F       		.uleb128 0x3f
 588 0079 19       		.uleb128 0x19
 589 007a 03       		.uleb128 0x3
 590 007b 0E       		.uleb128 0xe
 591 007c 3A       		.uleb128 0x3a
 592 007d 0B       		.uleb128 0xb
 593 007e 3B       		.uleb128 0x3b
 594 007f 0B       		.uleb128 0xb
 595 0080 27       		.uleb128 0x27
 596 0081 19       		.uleb128 0x19
 597 0082 49       		.uleb128 0x49
 598 0083 13       		.uleb128 0x13
 599 0084 11       		.uleb128 0x11
 600 0085 01       		.uleb128 0x1
 601 0086 12       		.uleb128 0x12
 602 0087 06       		.uleb128 0x6
 603 0088 40       		.uleb128 0x40
 604 0089 18       		.uleb128 0x18
 605 008a 9742     		.uleb128 0x2117
 606 008c 19       		.uleb128 0x19
ARM GAS  C:\Users\Thomas\AppData\Local\Temp\ccV3Lf14.s 			page 24


 607 008d 00       		.byte	0
 608 008e 00       		.byte	0
 609 008f 00       		.byte	0
 610              		.section	.debug_loc,"",%progbits
 611              	.Ldebug_loc0:
 612              	.LLST0:
 613 0000 00000000 		.4byte	.LVL0
 614 0004 04000000 		.4byte	.LVL1
 615 0008 0100     		.2byte	0x1
 616 000a 50       		.byte	0x50
 617 000b 04000000 		.4byte	.LVL1
 618 000f 18000000 		.4byte	.LFE0
 619 0013 0400     		.2byte	0x4
 620 0015 F3       		.byte	0xf3
 621 0016 01       		.uleb128 0x1
 622 0017 50       		.byte	0x50
 623 0018 9F       		.byte	0x9f
 624 0019 00000000 		.4byte	0
 625 001d 00000000 		.4byte	0
 626              	.LLST1:
 627 0021 06000000 		.4byte	.LVL2
 628 0025 0E000000 		.4byte	.LVL3
 629 0029 0600     		.2byte	0x6
 630 002b 73       		.byte	0x73
 631 002c 00       		.sleb128 0
 632 002d 09       		.byte	0x9
 633 002e CF       		.byte	0xcf
 634 002f 1A       		.byte	0x1a
 635 0030 9F       		.byte	0x9f
 636 0031 00000000 		.4byte	0
 637 0035 00000000 		.4byte	0
 638              	.LLST2:
 639 0039 00000000 		.4byte	.LVL4
 640 003d 06000000 		.4byte	.LVL5
 641 0041 0100     		.2byte	0x1
 642 0043 50       		.byte	0x50
 643 0044 06000000 		.4byte	.LVL5
 644 0048 28000000 		.4byte	.LFE1
 645 004c 0400     		.2byte	0x4
 646 004e F3       		.byte	0xf3
 647 004f 01       		.uleb128 0x1
 648 0050 50       		.byte	0x50
 649 0051 9F       		.byte	0x9f
 650 0052 00000000 		.4byte	0
 651 0056 00000000 		.4byte	0
 652              		.section	.debug_aranges,"",%progbits
 653 0000 34000000 		.4byte	0x34
 654 0004 0200     		.2byte	0x2
 655 0006 00000000 		.4byte	.Ldebug_info0
 656 000a 04       		.byte	0x4
 657 000b 00       		.byte	0
 658 000c 0000     		.2byte	0
 659 000e 0000     		.2byte	0
 660 0010 00000000 		.4byte	.LFB0
 661 0014 18000000 		.4byte	.LFE0-.LFB0
 662 0018 00000000 		.4byte	.LFB1
 663 001c 28000000 		.4byte	.LFE1-.LFB1
ARM GAS  C:\Users\Thomas\AppData\Local\Temp\ccV3Lf14.s 			page 25


 664 0020 00000000 		.4byte	.LFB2
 665 0024 10000000 		.4byte	.LFE2-.LFB2
 666 0028 00000000 		.4byte	.LFB3
 667 002c 10000000 		.4byte	.LFE3-.LFB3
 668 0030 00000000 		.4byte	0
 669 0034 00000000 		.4byte	0
 670              		.section	.debug_ranges,"",%progbits
 671              	.Ldebug_ranges0:
 672 0000 00000000 		.4byte	.LFB0
 673 0004 18000000 		.4byte	.LFE0
 674 0008 00000000 		.4byte	.LFB1
 675 000c 28000000 		.4byte	.LFE1
 676 0010 00000000 		.4byte	.LFB2
 677 0014 10000000 		.4byte	.LFE2
 678 0018 00000000 		.4byte	.LFB3
 679 001c 10000000 		.4byte	.LFE3
 680 0020 00000000 		.4byte	0
 681 0024 00000000 		.4byte	0
 682              		.section	.debug_line,"",%progbits
 683              	.Ldebug_line0:
 684 0000 97000000 		.section	.debug_str,"MS",%progbits,1
 684      02004400 
 684      00000201 
 684      FB0E0D00 
 684      01010101 
 685              	.LASF19:
 686 0000 50335F44 		.ascii	"P3_D0_ReadDataReg\000"
 686      305F5265 
 686      61644461 
 686      74615265 
 686      6700
 687              	.LASF18:
 688 0012 50335F44 		.ascii	"P3_D0_Read\000"
 688      305F5265 
 688      616400
 689              	.LASF21:
 690 001d 2E5C4765 		.ascii	".\\Generated_Source\\PSoC5\\P3_D0.c\000"
 690      6E657261 
 690      7465645F 
 690      536F7572 
 690      63655C50 
 691              	.LASF16:
 692 003e 76616C75 		.ascii	"value\000"
 692      6500
 693              	.LASF23:
 694 0044 73746174 		.ascii	"staticBits\000"
 694      69634269 
 694      747300
 695              	.LASF9:
 696 004f 666C6F61 		.ascii	"float\000"
 696      7400
 697              	.LASF1:
 698 0055 756E7369 		.ascii	"unsigned char\000"
 698      676E6564 
 698      20636861 
 698      7200
 699              	.LASF13:
ARM GAS  C:\Users\Thomas\AppData\Local\Temp\ccV3Lf14.s 			page 26


 700 0063 72656738 		.ascii	"reg8\000"
 700      00
 701              	.LASF5:
 702 0068 6C6F6E67 		.ascii	"long unsigned int\000"
 702      20756E73 
 702      69676E65 
 702      6420696E 
 702      7400
 703              	.LASF3:
 704 007a 73686F72 		.ascii	"short unsigned int\000"
 704      7420756E 
 704      7369676E 
 704      65642069 
 704      6E7400
 705              	.LASF10:
 706 008d 646F7562 		.ascii	"double\000"
 706      6C6500
 707              	.LASF22:
 708 0094 433A5C55 		.ascii	"C:\\Users\\Thomas\\Documents\\PSoC Creator\\TASBot\\"
 708      73657273 
 708      5C54686F 
 708      6D61735C 
 708      446F6375 
 709 00c2 54415342 		.ascii	"TASBot.cydsn\000"
 709      6F742E63 
 709      7964736E 
 709      00
 710              	.LASF8:
 711 00cf 756E7369 		.ascii	"unsigned int\000"
 711      676E6564 
 711      20696E74 
 711      00
 712              	.LASF7:
 713 00dc 6C6F6E67 		.ascii	"long long unsigned int\000"
 713      206C6F6E 
 713      6720756E 
 713      7369676E 
 713      65642069 
 714              	.LASF17:
 715 00f3 6D6F6465 		.ascii	"mode\000"
 715      00
 716              	.LASF14:
 717 00f8 50335F44 		.ascii	"P3_D0_Write\000"
 717      305F5772 
 717      69746500 
 718              	.LASF6:
 719 0104 6C6F6E67 		.ascii	"long long int\000"
 719      206C6F6E 
 719      6720696E 
 719      7400
 720              	.LASF20:
 721 0112 474E5520 		.ascii	"GNU C 4.9.3 20150303 (release) [ARM/embedded-4_9-br"
 721      4320342E 
 721      392E3320 
 721      32303135 
 721      30333033 
 722 0145 616E6368 		.ascii	"anch revision 221220] -mcpu=cortex-m3 -mthumb -g -O"
ARM GAS  C:\Users\Thomas\AppData\Local\Temp\ccV3Lf14.s 			page 27


 722      20726576 
 722      6973696F 
 722      6E203232 
 722      31323230 
 723 0178 33202D66 		.ascii	"3 -ffunction-sections -finline-functions -flto -ffa"
 723      66756E63 
 723      74696F6E 
 723      2D736563 
 723      74696F6E 
 724 01ab 742D6C74 		.ascii	"t-lto-objects\000"
 724      6F2D6F62 
 724      6A656374 
 724      7300
 725              	.LASF11:
 726 01b9 63686172 		.ascii	"char\000"
 726      00
 727              	.LASF2:
 728 01be 73686F72 		.ascii	"short int\000"
 728      7420696E 
 728      7400
 729              	.LASF12:
 730 01c8 75696E74 		.ascii	"uint8\000"
 730      3800
 731              	.LASF4:
 732 01ce 6C6F6E67 		.ascii	"long int\000"
 732      20696E74 
 732      00
 733              	.LASF0:
 734 01d7 7369676E 		.ascii	"signed char\000"
 734      65642063 
 734      68617200 
 735              	.LASF15:
 736 01e3 50335F44 		.ascii	"P3_D0_SetDriveMode\000"
 736      305F5365 
 736      74447269 
 736      76654D6F 
 736      646500
 737              		.comm	__gnu_lto_v1,1,1
 738              		.ident	"GCC: (GNU Tools for ARM Embedded Processors) 4.9.3 20150303 (release) [ARM/embedded-4_9-br
