ARM GAS  C:\Users\Thomas\AppData\Local\Temp\ccmJTQ5h.s 			page 1


   1              		.syntax unified
   2              		.cpu cortex-m3
   3              		.fpu softvfp
   4              		.eabi_attribute 20, 1
   5              		.eabi_attribute 21, 1
   6              		.eabi_attribute 23, 3
   7              		.eabi_attribute 24, 1
   8              		.eabi_attribute 25, 1
   9              		.eabi_attribute 26, 1
  10              		.eabi_attribute 30, 2
  11              		.eabi_attribute 34, 1
  12              		.eabi_attribute 18, 4
  13              		.thumb
  14              		.file	"P4_D1.c"
  15              		.text
  16              	.Ltext0:
  17              		.section	.gnu.lto_.profile.be1c1caf,"",%progbits
  18 0000 789C6366 		.ascii	"x\234cf```a\200\000F\006IQ\000\000\273\0007"
  18      60606061 
  18      80004606 
  18      49510000 
  18      BB0037
  19              		.text
  20              		.section	.gnu.lto_.jmpfuncs.be1c1caf,"",%progbits
  21 0000 789C6366 		.ascii	"x\234cf\300\016\204\2404\013\003##c=#\210`b``\006\212"
  21      C00E84A0 
  21      340B0323 
  21      23633D23 
  21      88606260 
  22 0017 00000DC0 		.ascii	"\000\000\015\300\001$"
  22      0124
  23              		.text
  24              		.section	.gnu.lto_.inline.be1c1caf,"",%progbits
  25 0000 789C6366 		.ascii	"x\234cf\300\016\022\2404\013\003\003'\007##\003#\003"
  25      C00E12A0 
  25      340B0303 
  25      27072323 
  25      032303
  26 0013 0333C701 		.ascii	"\0033\307\001;\006\266\005\362L\014,\013\344Y@\222\214"
  26      3B06B605 
  26      F24C0C2C 
  26      0BE45940 
  26      928C
  27 0025 0C1CECE8 		.ascii	"\014\034\354\350rL\027\370\301rL\014l\254\214\014Ll"
  27      724C17F8 
  27      C1724C0C 
  27      6CAC8C0C 
  27      4C6C
  28 0037 1FF420E2 		.ascii	"\037\364 \342@\300\214)\304\000\000\333l\011\322"
  28      40C08C29 
  28      C40000DB 
  28      6C09D2
  29              		.text
  30              		.section	.gnu.lto_.pureconst.be1c1caf,"",%progbits
  31 0000 789C6366 		.ascii	"x\234cf``\340d\200\000\026\006)F)&)f)\000\002\305\000"
  31      6060E064 
  31      80001606 
ARM GAS  C:\Users\Thomas\AppData\Local\Temp\ccmJTQ5h.s 			page 2


  31      29462926 
  31      29662900 
  32 0017 7F       		.ascii	"\177"
  33              		.text
  34              		.section	.gnu.lto_P4_D1_Write.be1c1caf,"",%progbits
  35 0000 789C6551 		.ascii	"x\234eQMHTQ\024>\337\275\357\275\031\263(\\\316.L\254"
  35      4D485451 
  35      143EDFBD 
  35      EFBD19B3 
  35      285CCE2E 
  36 0016 0821B07D 		.ascii	"\010!\260}X\320v\300\355\200\014\323[\010\221\240c["
  36      58D076C0 
  36      ED800CD3 
  36      5B0891A0 
  36      635B
  37 0028 EFB3C985 		.ascii	"\357\263\311\205P\210H\005!8\375\320\317\330\214)H\233"
  37      50884805 
  37      2138FDD0 
  37      CFD88C29 
  37      489B
  38 003a E235CC22 		.ascii	"\3425\314\"\210\0227\375\210L\005\323\037\264\310F\232"
  38      881237FD 
  38      884C05D3 
  38      1FB4C846 
  38      9A
  39 004b 4C723AE7 		.ascii	"Lr:\347>\027\211\027\356=\367\036\276\357;\3379W\323"
  39      3E178917 
  39      EE3DF71E 
  39      BEEF3BDF 
  39      3957D3
  40 005e EE95E07D 		.ascii	"\356\225\340}X\021us\204&\250\211WDA\\\001r!\320\210"
  40      58117573 
  40      8426A889 
  40      5744415C 
  40      017221D0 
  41 0073 C208BEA9 		.ascii	"\302\010\276\2515\205\211\260p\275\265\363\2161\346"
  41      358589B0 
  41      70BDB5F3 
  41      8E31E6
  42 0082 C7E45290 		.ascii	"\307\344R\220\014\261\301\274\272\212tp\027\235\214"
  42      0CB1C1BC 
  42      BA8A7470 
  42      179D8C
  43 0091 A917CC94 		.ascii	"\251\027\314\224\326\207@|\237[~\271\025\353\270e\314"
  43      D687407C 
  43      9F5B7EB9 
  43      15EBB865 
  43      CC
  44 00a2 68F8B868 		.ascii	"h\370\270hN2\034\270\007\315\014\034K\340H\2028A\270"
  44      4E321CB8 
  44      07CD0C1C 
  44      4BE04882 
  44      3841B8
  45 00b5 8F0E01CF 		.ascii	"\217\016\001\317_\256,*}\324\022\363/>V\366\266\347"
  45      5FAE2C2A 
  45      7DD412F3 
  45      2F3E56F6 
ARM GAS  C:\Users\Thomas\AppData\Local\Temp\ccmJTQ5h.s 			page 3


  45      B6E7
  46 00c7 99F86173 		.ascii	"\231\370as1\025\0063f\253\331\264\364\007\377\323\243"
  46      31150633 
  46      66ABD9B4 
  46      F407FFD3 
  46      A3
  47 00d8 C5F8B5DC 		.ascii	"\305\370\265\334\3377\255^\216\215\035@\001\355\221"
  47      DF37AD5E 
  47      8E8D1D40 
  47      01ED91
  48 00e7 27CCC203 		.ascii	"'\314\302\003\007\311\224\332B\323l.<y\366\007-\212"
  48      07C994DA 
  48      42D36C2E 
  48      3C79F607 
  48      2D8A
  49 00f9 CB2A6E94 		.ascii	"\313*n\224\323\016\244\272+\011O\216\230\034D5\336\322"
  49      D30EA4BA 
  49      2B094F8E 
  49      981C4435 
  49      DED2
  50 010b FC277E70 		.ascii	"\374'~p\324+(\377\032\257^\213\211bC\311$.=/\217\356"
  50      D42B28FF 
  50      1AAF5E8B 
  50      896243C9 
  50      242E3D2F 
  51 0121 FBAA3694 		.ascii	"\373\2526\224\236\271\031\030G<\274\257--\307m\312Z"
  51      9EB91918 
  51      473CBCAF 
  51      2D2DC76D 
  51      CA5A
  52 0133 7A375E7D 		.ascii	"z7^}\3322\215\033A\216};x\210\004\212`\313(a\032\264"
  52      DA328D1B 
  52      418E7D3B 
  52      7888048A 
  52      60CB2861 
  53 0149 828BBFC7 		.ascii	"\202\213\277\307V\021\011\352H\263\364s\266\342\211"
  53      561109EA 
  53      48B3F473 
  53      B6E289
  54 0158 001A3C95 		.ascii	"\000\032<\2259\006\277\206\262M\260SF\011iu\354\363"
  54      3906BF86 
  54      B24DB053 
  54      46096975 
  54      ECF3
  55 016a 976D1B6E 		.ascii	"\227m\033nC9\314\272R\274]\337/,i\351\021\223\254\364"
  55      4339CCBA 
  55      52BC5DDF 
  55      2F2C69E9 
  55      1193ACF4 
  56 017e FAB6B4E0 		.ascii	"\372\266\264\340\030\3646\377\375\252\265\353\304\011"
  56      18F436FF 
  56      FDAAB5EB 
  56      C409
  57 018c F31168DD 		.ascii	"\363\021h\335\213 1\213\022\365\362\244e\3550\037\204"
  57      8B20318B 
  57      12F5F2A4 
  57      65ED301F 
ARM GAS  C:\Users\Thomas\AppData\Local\Temp\ccmJTQ5h.s 			page 4


  57      84
  58 019d EE4EFB0B 		.ascii	"\356N\373\013l\237ITE\020n\272\202\227?\250\361G\362"
  58      6C9F4954 
  58      45106EBA 
  58      82973FA8 
  58      F147F2
  59 01b0 A4786E07 		.ascii	"\244xn\007\273Rg\374\363\376`:\353\237\355\353\035\030"
  59      BB5267FC 
  59      F3FE603A 
  59      EB9FEDEB 
  59      1D18
  60 01c2 1ECCF8A9 		.ascii	"\036\314\370\251d\357\300\251\023\251dw\337\351\343"
  60      64EFC0A9 
  60      13A96477 
  60      DFE9E3
  61 01d1 5D19722F 		.ascii	"]\031r/\244\317\015\373{\206\262\351l\177\246\247?;"
  61      A4CF0DFB 
  61      7B86B2E9 
  61      6C7FA6A7 
  61      3F3B
  62 01e3 F40F9ED9 		.ascii	"\364\017\236\331\315\023"
  62      CD13
  63              		.text
  64              		.section	.gnu.lto_P4_D1_SetDriveMode.be1c1caf,"",%progbits
  65 0000 789C7D51 		.ascii	"x\234}Q;H\003A\020\235\267{\371\021\374`%\351\004C\024"
  65      3B480341 
  65      109DB77B 
  65      F911FC60 
  65      25E90443 
  66 0015 2422682F 		.ascii	"$\"h/(\332\006\322\006D\314\225\032\020\255\275\230"
  66      28DA06D2 
  66      0644CC95 
  66      1A10ADBD 
  66      98
  67 0026 D85848D4 		.ascii	"\330XH\324F\014\001Q\304h\374\201\205\235\306`\245\240"
  67      460C0151 
  67      C468FC81 
  67      859DC660 
  67      A5A0
  68 0038 C44614D4 		.ascii	"\304F\024\324&~A1(j\220\020g/\026\001\301\345vvfx\357"
  68      267E4131 
  68      286A9010 
  68      672F1601 
  68      C1E57676 
  69 004f DDDB5949 		.ascii	"\335\333YI\177\227\213\367\023\210\232\370\204$\210"
  69      7F978BF7 
  69      13889AF8 
  69      842488
  70 005e D80951D8 		.ascii	"\330\011Q\330.\000\225\020hL`\014\217\"/\020K\247\346"
  70      2E009510 
  70      684C600C 
  70      8F222F10 
  70      4BA7E6
  71 0071 9C9E65C3 		.ascii	"\234\236e\3030^\027w\353'\352\013\202\350M\224e\260"
  71      305E1777 
  71      EB27EA0B 
  71      82E84D94 
ARM GAS  C:\Users\Thomas\AppData\Local\Temp\ccmJTQ5h.s 			page 5


  71      65B0
  72 0083 020F43EE 		.ascii	"\002\017C\356\013\217+U\262\021\304yq\372\374L\270\227"
  72      0B8F2B55 
  72      B211C479 
  72      71FAFC4C 
  72      B897
  73 0095 0C633CBD 		.ascii	"\014c<\275\277it\242\300\232IHf\240\305\205f\027q\203"
  73      BF6974A2 
  73      C09A4948 
  73      66A0C585 
  73      66177183 
  74 00a9 B00AB702 		.ascii	"\260\012\267\002\347\243\305s\2475\312\332\265eM\254"
  74      E7A3C573 
  74      A735CADA 
  74      B5654DAC 
  75 00b9 C1CAB668 		.ascii	"\301\312\266h\253.m\224JoW\323\311V8\005s\204\344 5"
  75      AB2E6D94 
  75      4A6F57D3 
  75      C9563805 
  75      7384E420 
  76 00ce 152C5074 		.ascii	"\025,Pt\253Jm*\330Up(\014Q\216\267\272\301-\027|\312"
  76      AB4A6D2A 
  76      D8557028 
  76      0C518EB7 
  76      BAC12D17 
  77 00e4 4B643E26 		.ascii	"Kd>&\357\342\232\322\375\024\352:G\017\363SU\017\242"
  77      EFE29AD2 
  77      FD14EA3A 
  77      470FF353 
  77      550FA2
  78 00f7 20B4D985 		.ascii	" \264\331\205\260\241)\0277\271\323\254\335l\221ij\357"
  78      B0A12917 
  78      37B9D3AC 
  78      DD6C9169 
  78      6AEF
  79 0109 60B72681 		.ascii	"`\267&\201x8\312\346-H\301\205u\360\300\260\201\004"
  79      7838CAE6 
  79      2D48C185 
  79      75F0C0B0 
  79      8104
  80 011b E812E3D7 		.ascii	"\350\022\343\327\266\262\234dE\256#_\326r\255q\213\371"
  80      B6B29C64 
  80      45AE235F 
  80      D672AD71 
  80      8BF9
  81 012d 172FAFC7 		.ascii	"\027/\257\307\246\234\314\227~\027\317r\223%*\270\374"
  81      A69CCC97 
  81      7E17CF72 
  81      93252AB8 
  81      FC
  82 013e 592AB936 		.ascii	"Y*\2716n17\273\363|h1\271\325\204-\223\022y\377\205"
  82      6E3137BB 
  82      F37C6831 
  82      B9D5842D 
  82      931279FF 
  83 0153 D8CD3FD8 		.ascii	"\330\315?\330*U\034\334\345:3\003U\377\347}\233\275"
  83      2A551CDC 
ARM GAS  C:\Users\Thomas\AppData\Local\Temp\ccmJTQ5h.s 			page 6


  83      E53A3303 
  83      55FFE77D 
  83      9BBD
  84 0165 339EAE11 		.ascii	"3\236\256\021N\177\367(\264z\277\034\277\005\217\211"
  84      4E7FF728 
  84      B47ABF1C 
  84      BF058F89 
  85 0175 87D6E00D 		.ascii	"\207\326\340\015\364\352C\372p\377\210\036\354\363\207"
  85      F4EA43FA 
  85      70FF881E 
  85      ECF387
  86 0184 468707F4 		.ascii	"F\207\007\364\200\317\037\352\352\010\370\332\373\272"
  86      80CF1FEA 
  86      EA08F8DA 
  86      FBBA
  87 0192 DBBC03A4 		.ascii	"\333\274\003\244\015\206\202\372\017\345\303\267y"
  87      0D8682FA 
  87      0FE5C3B7 
  87      79
  88              		.text
  89              		.section	.gnu.lto_P4_D1_Read.be1c1caf,"",%progbits
  90 0000 789C654F 		.ascii	"x\234eO;H\003A\024|\363\356\222\234\244\021+I'\"A\010"
  90      3B480341 
  90      147CF3EE 
  90      929CA411 
  90      2B492722 
  91 0016 01411BED 		.ascii	"\001A\033\355T\260\015\244\015\004\211\327\032\010Z"
  91      54B00DA4 
  91      0D0489D7 
  91      1A085A
  92 0025 E712CF28 		.ascii	"\347\022\317(V*h#\021\014\212\277@\012m,\004\265\026"
  92      562A6823 
  92      110C8ABF 
  92      400A6D2C 
  92      04B516
  93 0038 452D9420 		.ascii	"E-\224 ga\004\355\022\374^\241\361m\316\316\205\235"
  93      676104ED 
  93      12FC5EA1 
  93      F16DCECE 
  93      859D
  94 004a B73B6F76 		.ascii	"\267;ovf\237F\377WH\3660\210\272\245B#\360\342\005Q"
  94      669F46FF 
  94      5748F630 
  94      88BAA542 
  94      23F0E205 
  95 005f CE60401D 		.ascii	"\316`@\035\010\224ed\361\302\015\306\371\321\317\015"
  95      08946564 
  95      F1C20DC6 
  95      F9D1CF0D 
  96 006f C25B9695 		.ascii	"\302[\226\225\257/\037\337\007g;]&zeB$\204^\345\203"
  96      AF2F1FDF 
  96      07673B5D 
  96      267A6542 
  96      24845EE5 
  97 0084 6D844984 		.ascii	"m\204I\204\015\373\3736\350\267-\313jW}i\354\300/\031"
  97      0DFBFB36 
  97      E8B72DCB 
ARM GAS  C:\Users\Thomas\AppData\Local\Temp\ccmJTQ5h.s 			page 7


  97      6A577D69 
  97      ECC02F19 
  98 0098 54E938B1 		.ascii	"T\3518\261\232\315\203\367\245\371!\004@.K\242\200."
  98      9ACD83F7 
  98      A5F92104 
  98      402E4BA2 
  98      802E
  99 00aa C03E057E 		.ascii	"\300>\005~R\236T\023P\361O\314\252jU\234},8\353\203"
  99      529E5413 
  99      50F14FCC 
  99      AA6A559C 
  99      7D2C38EB 
 100 00bf CAE79335 		.ascii	"\312\347\2235\211x\274.\325\333\236\331em\243\224\263"
 100      8978BC2E 
 100      D5DB9ED9 
 100      656DA394 
 100      B3
 101 00d0 7495FA50 		.ascii	"t\225\372P\273\2742Z\024\251\353i\243rh\024\261\226"
 101      BBBC325A 
 101      14A9EB69 
 101      A3726814 
 101      B196
 102 00e2 B3E1B28E 		.ascii	"\263\341\262\216]\204\260\007\371%\366Q\004U1\363Ux"
 102      5D84B007 
 102      F925F651 
 102      045531F3 
 102      5578
 103 00f4 63CF109E 		.ascii	"c\317\020\236\347\346\312j\331\247\014`\020\312\242"
 103      E7E6CA6A 
 103      D9A70C60 
 103      10CAA2
 104 0103 AD22EF04 		.ascii	"\255\"\357\004<\211.*\365\310)\324t\217\361\011\211"
 104      3C892E2A 
 104      F5C829D4 
 104      748FF109 
 104      89
 105 0114 9E96E86E 		.ascii	"\236\226\350n.\342q\212&\007\370\273\265&\201\232@\346"
 105      2EE2718A 
 105      2607F8BB 
 105      B526819A 
 105      40E6
 106 0126 E98A26C6 		.ascii	"\351\212&\306\314I33>eN$\343\351\351L\312L\304\342\351"
 106      CC493333 
 106      3E654E24 
 106      E3E9E94C 
 106      CA4CC4E2 
 107 013b 918144AC 		.ascii	"\221\201D\254?9\332\027M\321/+:y!"
 107      3F39DA17 
 107      4DD12F2B 
 107      3A7921
 108              		.text
 109              		.section	.gnu.lto_P4_D1_ReadDataReg.be1c1caf,"",%progbits
 110 0000 789C654F 		.ascii	"x\234eO=HBQ\030\375\316\367\236?!A4\205[DH!BPKc\005"
 110      3D484251 
 110      18FDCEF7 
 110      9E3F2141 
 110      34855B44 
ARM GAS  C:\Users\Thomas\AppData\Local\Temp\ccmJTQ5h.s 			page 8


 111 001b AD82AB20 		.ascii	"\255\202\253 aoM\220\232\275\232Z8EPK\004\021EYBCSK"
 111      616F4D90 
 111      9ABD9A5A 
 111      3845504B 
 111      04114559 
 112 0033 84534324 		.ascii	"\204SC$\345PI\274\026\203\332\222\242zC\332w}m]\270"
 112      E55049BC 
 112      1683DA92 
 112      A27A43DA 
 112      777D6D5D 
 113 0048 E7BBF77C 		.ascii	"\347\273\367|\347\236s?\203\376\257\240\354)\020\015"
 113      E79E733F 
 113      83FEAFA0 
 113      EC29100D 
 114 0058 498541E0 		.ascii	"I\205A\340\265k\242\254\237\001} P\206\221\301+\267"
 114      B56BA2AC 
 114      9F017D20 
 114      508691C1 
 114      2BB7
 115 006a 185767ED 		.ascii	"\030Wg\355:B\373J\345\336n\353\217\201\302\200\303D"
 115      3A42FB4A 
 115      E5DE6EEB 
 115      8F81C280 
 115      C344
 116 007c EF4C0807 		.ascii	"\357L\010\0071\242}p\200\020\211\260\225\377\271\013"
 116      31A27D70 
 116      801089B0 
 116      95FFB90B 
 117 008c 78F34AA9 		.ascii	"x\363J\251>\335\227\306!\274\222A'\375\027\252\3239"
 117      3EDD97C6 
 117      21BC9241 
 117      27FD17AA 
 117      D339
 118 009e ADADAF8E 		.ascii	"\255\255\257\216\262\017\344\260$\012\230\002\354\321"
 118      B20FE4B0 
 118      240A9802 
 118      ECD1
 119 00ac E025ED49 		.ascii	"\340%\355IM\001\035\377\314\254\253\321@\365\263\324"
 119      4D011DFF 
 119      CCACABD1 
 119      40F5B3D4 
 120 00bc 2E4F6A9F 		.ascii	".Oj\237/6$\242pY\315\365\276\260\303\306\316nV\231:"
 120      2F3624A2 
 120      7059CDF5 
 120      BEB0C3C6 
 120      CE6E5699 
 121 00d1 F5A959BB 		.ascii	"\365\251Y\273\361w)\322\327\207\222}\336\263\215\255"
 121      F17729D2 
 121      D787927D 
 121      DEB38DAD 
 122 00e1 6C1E0E9B 		.ascii	"l\036\016\233(#\210#\310/q\214mP\003\313\337\305\017"
 122      28238823 
 122      C82F718C 
 122      6D5003CB 
 122      DFC50F
 123 00f4 760DE17A 		.ascii	"v\015\341z\356mlV<\332\000~BE\264\015\344l\237+1E\245"
 123      EE6D6C56 
ARM GAS  C:\Users\Thomas\AppData\Local\Temp\ccmJTQ5h.s 			page 9


 123      3CDA007E 
 123      4245B40D 
 123      E46C9F2B 
 124 010b 1FD9C5A6 		.ascii	"\037\331\305\246\3512\036!1\334\025\335\257\204]N\323"
 124      E9321E21 
 124      31DC15DD 
 124      AF845D4E 
 124      D3
 125 011c 64037FB7 		.ascii	"d\003\177\267\356$\320\023\310<\203\221\370\254\265"
 125      EE24D013 
 125      C83C8391 
 125      F8ACB5
 126 012b 60A5E716 		.ascii	"`\245\347\026\255\371D,\265\224NZ\361h,5=\021\217\216"
 126      ADF9442C 
 126      B5944E5A 
 126      F1682C35 
 126      3D118F8E 
 127 013f 2766C622 		.ascii	"'f\306\"I\372\005\347\355x\245"
 127      49FA05E7 
 127      ED78A5
 128              		.text
 129              		.section	.gnu.lto_.symbol_nodes.be1c1caf,"",%progbits
 130 0000 789C6366 		.ascii	"x\234cf``pb\200\002&\206z\006\206\011\347\030\030\352"
 130      60607062 
 130      80022686 
 130      7A068609 
 130      E71818EA 
 131 0014 EB19E62D 		.ascii	"\353\031\346-\340``b\254gD\3413\3253\241\360\231\353"
 131      E0606062 
 131      AC6744E1 
 131      33D533A1 
 131      F099EB
 132 0027 9991F90C 		.ascii	"\231\221\371\014\0003\356\020\336"
 132      0033EE10 
 132      DE
 133              		.text
 134              		.section	.gnu.lto_.refs.be1c1caf,"",%progbits
 135 0000 789C6366 		.ascii	"x\234cf```d\200\002\000\000=\000\005"
 135      60606064 
 135      80020000 
 135      3D0005
 136              		.text
 137              		.section	.gnu.lto_.decls.be1c1caf,"",%progbits
 138 0000 789C8D92 		.ascii	"x\234\215\222]H\024Q\024\307\357\231;\256:\256\333\307"
 138      5D481451 
 138      14C7EF99 
 138      3BAE3AAE 
 138      DBC7
 139 0012 83CA12B4 		.ascii	"\203\312\022\264\021\010\201,D\005\276%(\350K\261(\321"
 139      1108812C 
 139      4405BE25 
 139      28E84BB1 
 139      28D1
 140 0024 83822C3A 		.ascii	"\203\202,:\230/\032\333\030\370\344M-?\222\374 k\221"
 140      982F1ADB 
 140      18F8E44D 
 140      2D3F92FC 
ARM GAS  C:\Users\Thomas\AppData\Local\Temp\ccmJTQ5h.s 			page 10


 140      206B91
 141 0037 52C1AFCD 		.ascii	"R\301\257\315\322\314\257u\325tV\012$1\"D\320\247\314"
 141      D2CCAF75 
 141      D574560A 
 141      24312244 
 141      D0A7CC
 142 004a 17831ED6 		.ascii	"\027\203\036\32603\010\2463wv\233\305V\360\300\231\271"
 142      303308A6 
 142      3377769B 
 142      C556F0C0 
 142      99B9
 143 005c 67E6FCFE 		.ascii	"g\346\374\376\347\334{\017%\204\244\001!\032Z\026%\244"
 143      E7DC7B0F 
 143      2584A401 
 143      211A5A16 
 143      25A4
 144 006e 13E33874 		.ascii	"\023\3438t\0271MD\037G\237D\367\243\007\310\3776\036"
 144      17314D44 
 144      1F479F44 
 144      F7A307C8 
 144      FF361E
 145 0081 C58DA0A7 		.ascii	"\305\215\240\247\240/\240\317\207\377C8\347\260\351"
 145      A02FA0CF 
 145      87FF4338 
 145      E7B0E9
 146 0090 9A96439C 		.ascii	"\232\226C\234\032\203\235\214\301\372\3035#\\^\014\316"
 146      1A839D8C 
 146      C1FAC335 
 146      235C5E0C 
 146      CE
 147 00a1 1F830B1C 		.ascii	"\037\203\013\034\203\213\265\307]\001\002\243{\253I"
 147      838BB5C7 
 147      5D0102A3 
 147      7BAB49
 148 00b0 3B02D824 		.ascii	";\002\330$\207\036\316v,{-\030Z%Q\017\327\027\033\032"
 148      871ECE76 
 148      2C7B2D18 
 148      5A25510F 
 148      D7171B1A 
 149 00c4 12A800FA 		.ascii	"\022\250\000\372\272\317\273\265&e\0143\306\032\231"
 149      BACFBBB5 
 149      26650C33 
 149      C61A99
 150 00d3 AA822971 		.ascii	"\252\202)qop\256%\036\231\024\211\207\217V\272\202\224"
 150      6F70AE25 
 150      1E991489 
 150      878F56BA 
 150      8294
 151 00e5 879ACE09 		.ascii	"\207\232\316\011\033\033\217\177S\220\322\033\031\253"
 151      1B1B8F7F 
 151      5390D21B 
 151      19AB
 152 00f3 65A10E46 		.ascii	"e\241\016F\323\010d\330\341\202\235\300(\244c\032\014"
 152      D30864D8 
 152      E1829DC0 
 152      28A4631A 
 152      0C
ARM GAS  C:\Users\Thomas\AppData\Local\Temp\ccmJTQ5h.s 			page 11


 153 0104 43068197 		.ascii	"C\006\201\227`\207W`'\375X \324\263\266y\2061\021F@"
 153      60875760 
 153      27FD5820 
 153      D4B3B679 
 153      86311146 
 154 0119 82174079 		.ascii	"\202\027@y\006nC\257\020.\332v?\330&\212\002~\324s\012"
 154      066E43AF 
 154      102EDA76 
 154      3FD8268A 
 154      027ED473 
 155 012e 79B73FB5 		.ascii	"y\267?\265\255\001!\265\023\005X[\035;)\202+\005\206"
 155      AD0121B5 
 155      1305585B 
 155      1D3B2982 
 155      2B0586
 156 0141 50D687B2 		.ascii	"P\326\207\262\004\306 \025\237\257A4\004\274+>\037\320"
 156      04C62015 
 156      9FAF4134 
 156      04BC2B3E 
 156      1FD0
 157 0153 4B7C6BDF 		.ascii	"K|k\337\017~}8\341\350f\275c!\355\307\206\225-3U\323"
 157      0F7E7D38 
 157      E1E866BD 
 157      6321EDC7 
 157      86952D33 
 158 0169 AE7204DE 		.ascii	"\256r\004\336\374+O\364\265q\236\343\340@\254\365\201"
 158      FC2B4FF4 
 158      B5719EE3 
 158      E040ACF5 
 158      81
 159 017a EFBD44DD 		.ascii	"\357\275D\335\\b\257'\340\003.\321;\333g1\0048?\021"
 159      5C62AF27 
 159      E0032ED1 
 159      3BDB6731 
 159      04383F11 
 160 018e C54F44F8 		.ascii	"\305OD\370I\3167\325\217\321\350v\365\235\230\375N\361"
 160      49CE37D5 
 160      8FD1E876 
 160      F59D98FD 
 160      4EF1
 161 01a0 7E0BC3ED 		.ascii	"~\013\303\355>\351n\031\214\247\012\257\265:\2614b\324"
 161      3EE96E19 
 161      8CA70AAF 
 161      B53AB134 
 161      62D4
 162 01b2 FAF26D5B 		.ascii	"\372\362m[V\353\331\037M\243\034\200\351\250j\323\221"
 162      56EBD91F 
 162      4DA31C80 
 162      E9A86AD3 
 162      91
 163 01c3 6A7E5EAD 		.ascii	"j~^\255\375\323\347\275dZ\303\025\236\355\277\263\031"
 163      FDD3E7BD 
 163      645AC315 
 163      9EEDBFB3 
 163      19
 164 01d4 CD3E1F88 		.ascii	"\315>\037\2104\253\3433Q\370L\004\017p\234=}\330\237"
 164      34ABE333 
ARM GAS  C:\Users\Thomas\AppData\Local\Temp\ccmJTQ5h.s 			page 12


 164      51F84C04 
 164      0F709C3D 
 164      7DD89F
 165 01e7 40DB81F3 		.ascii	"@\333\201\363S\373\315\201d\011o\264\356\0307\2123\260"
 165      53FBCD81 
 165      64096FB4 
 165      EE18378A 
 165      33B0
 166 01f9 F6B1793D 		.ascii	"\366\261y=\321\230\201\303\304\333#g\340`;\257\236e"
 166      D19881C3 
 166      C4DB2367 
 166      E0603BAF 
 166      9E65
 167 020b C13C9ECA 		.ascii	"\301<\236\312\2549\003s`\016A\323\327\256U\253\265Y"
 167      AC390373 
 167      600E41D3 
 167      D7AE55AB 
 167      B559
 168 021d 1F2C3CC1 		.ascii	"\037,<\301\304e\033O6\217p\001\254|\007\370\336\025"
 168      C4651B4F 
 168      368F7001 
 168      AC7C07F8 
 168      DE15
 169 022f 687028B8 		.ascii	"hp(\270)\201]\262{q\202\017\316\202\212J\215\372\351"
 169      29815DB2 
 169      7B71820F 
 169      CE828A4A 
 169      8DFAE9
 170 0242 876A19F5 		.ascii	"\207j\031\365\332\"\035\021\376\203@\020e\026QF\317"
 170      DA221D11 
 170      FE834010 
 170      65165146 
 170      CF
 171 0253 567734AD 		.ascii	"Vw4\255F3\2545\236'\360G\\Uy\205\222i\311\275~\303\221"
 171      4633AC35 
 171      9E27F047 
 171      5C557985 
 171      9269C9BD 
 172 026a 4DCE3B8B 		.ascii	"M\316;\213r\345\012\331\343V\344\322\342\202\312*O\211"
 172      72E50AD9 
 172      E356E4D2 
 172      E282CA2A 
 172      4F89
 173 027c 5CE42AA8 		.ascii	"\\\344*\250\314\276RTR\255T\337\226\3578o\221$\327\345"
 173      CCBE5254 
 173      52AD54DF 
 173      96EF386F 
 173      9124D7E5 
 174 0290 E29C8BC5 		.ascii	"\342\234\213\3057=\345\212|\356\310|\236\344,!\247\215"
 174      373DE58A 
 174      7CEEC87C 
 174      9EE42C21 
 174      A78D
 175 02a2 EC0259C9 		.ascii	"\354\002Y\311\361\224\337\225\257U\226\312\222\361)"
 175      F194DF95 
 175      AF5596CA 
 175      92F129
ARM GAS  C:\Users\Thomas\AppData\Local\Temp\ccmJTQ5h.s 			page 13


 176 02b1 5F76979E 		.ascii	"_v\227\2362\2279n\305\235/\227\211\036\271,\363/\017"
 176      3297396E 
 176      C59D2F97 
 176      891EB92C 
 176      F32F0F
 177 02c4 0845A1   		.ascii	"\010E\241"
 178              		.text
 179              		.section	.gnu.lto_.symtab.be1c1caf,"",%progbits
 180 0000 50345F44 		.ascii	"P4_D1_Write\000\000\000\000\000\000\000\000\000\000"
 180      315F5772 
 180      69746500 
 180      00000000 
 180      00000000 
 181 0015 0000B200 		.ascii	"\000\000\262\000\000\000P4_D1_SetDriveMode\000\000\000"
 181      00005034 
 181      5F44315F 
 181      53657444 
 181      72697665 
 182 0030 00000000 		.ascii	"\000\000\000\000\000\000\000\000\000\264\000\000\000"
 182      00000000 
 182      00B40000 
 182      00
 183 003d 50345F44 		.ascii	"P4_D1_Read\000\000\000\000\000\000\000\000\000\000\000"
 183      315F5265 
 183      61640000 
 183      00000000 
 183      00000000 
 184 0052 00B70000 		.ascii	"\000\267\000\000\000P4_D1_ReadDataReg\000\000\000\000"
 184      0050345F 
 184      44315F52 
 184      65616444 
 184      61746152 
 185 006c 00000000 		.ascii	"\000\000\000\000\000\000\000\000\271\000\000\000"
 185      00000000 
 185      B9000000 
 186              		.text
 187              		.section	.gnu.lto_.opts,"",%progbits
 188 0000 272D666E 		.ascii	"'-fno-trapv' '-mcpu=cortex-m3' '-mthumb' '-g' '-O3'"
 188      6F2D7472 
 188      61707627 
 188      20272D6D 
 188      6370753D 
 189 0033 20272D66 		.ascii	" '-ffunction-sections' '-finline-functions' '-flto'"
 189      66756E63 
 189      74696F6E 
 189      2D736563 
 189      74696F6E 
 190 0066 20272D66 		.ascii	" '-ffat-lto-objects'\000"
 190      6661742D 
 190      6C746F2D 
 190      6F626A65 
 190      63747327 
 191              		.text
 192              		.cfi_sections	.debug_frame
 193              		.section	.text.P4_D1_Write,"ax",%progbits
 194              		.align	2
 195              		.global	P4_D1_Write
ARM GAS  C:\Users\Thomas\AppData\Local\Temp\ccmJTQ5h.s 			page 14


 196              		.thumb
 197              		.thumb_func
 198              		.type	P4_D1_Write, %function
 199              	P4_D1_Write:
 200              	.LFB0:
 201              		.file 1 ".\\Generated_Source\\PSoC5\\P4_D1.c"
   1:.\Generated_Source\PSoC5/P4_D1.c **** /*******************************************************************************
   2:.\Generated_Source\PSoC5/P4_D1.c **** * File Name: P4_D1.c  
   3:.\Generated_Source\PSoC5/P4_D1.c **** * Version 2.20
   4:.\Generated_Source\PSoC5/P4_D1.c **** *
   5:.\Generated_Source\PSoC5/P4_D1.c **** * Description:
   6:.\Generated_Source\PSoC5/P4_D1.c **** *  This file contains API to enable firmware control of a Pins component.
   7:.\Generated_Source\PSoC5/P4_D1.c **** *
   8:.\Generated_Source\PSoC5/P4_D1.c **** * Note:
   9:.\Generated_Source\PSoC5/P4_D1.c **** *
  10:.\Generated_Source\PSoC5/P4_D1.c **** ********************************************************************************
  11:.\Generated_Source\PSoC5/P4_D1.c **** * Copyright 2008-2015, Cypress Semiconductor Corporation.  All rights reserved.
  12:.\Generated_Source\PSoC5/P4_D1.c **** * You may use this file only in accordance with the license, terms, conditions, 
  13:.\Generated_Source\PSoC5/P4_D1.c **** * disclaimers, and limitations in the end user license agreement accompanying 
  14:.\Generated_Source\PSoC5/P4_D1.c **** * the software package with which this file was provided.
  15:.\Generated_Source\PSoC5/P4_D1.c **** *******************************************************************************/
  16:.\Generated_Source\PSoC5/P4_D1.c **** 
  17:.\Generated_Source\PSoC5/P4_D1.c **** #include "cytypes.h"
  18:.\Generated_Source\PSoC5/P4_D1.c **** #include "P4_D1.h"
  19:.\Generated_Source\PSoC5/P4_D1.c **** 
  20:.\Generated_Source\PSoC5/P4_D1.c **** /* APIs are not generated for P15[7:6] on PSoC 5 */
  21:.\Generated_Source\PSoC5/P4_D1.c **** #if !(CY_PSOC5A &&\
  22:.\Generated_Source\PSoC5/P4_D1.c **** 	 P4_D1__PORT == 15 && ((P4_D1__MASK & 0xC0) != 0))
  23:.\Generated_Source\PSoC5/P4_D1.c **** 
  24:.\Generated_Source\PSoC5/P4_D1.c **** 
  25:.\Generated_Source\PSoC5/P4_D1.c **** /*******************************************************************************
  26:.\Generated_Source\PSoC5/P4_D1.c **** * Function Name: P4_D1_Write
  27:.\Generated_Source\PSoC5/P4_D1.c **** ****************************************************************************//**
  28:.\Generated_Source\PSoC5/P4_D1.c **** *
  29:.\Generated_Source\PSoC5/P4_D1.c **** * \brief Writes the value to the physical port (data output register), masking
  30:.\Generated_Source\PSoC5/P4_D1.c **** *  and shifting the bits appropriately. 
  31:.\Generated_Source\PSoC5/P4_D1.c **** *
  32:.\Generated_Source\PSoC5/P4_D1.c **** * The data output register controls the signal applied to the physical pin in 
  33:.\Generated_Source\PSoC5/P4_D1.c **** * conjunction with the drive mode parameter. This function avoids changing 
  34:.\Generated_Source\PSoC5/P4_D1.c **** * other bits in the port by using the appropriate method (read-modify-write or
  35:.\Generated_Source\PSoC5/P4_D1.c **** * bit banding).
  36:.\Generated_Source\PSoC5/P4_D1.c **** *
  37:.\Generated_Source\PSoC5/P4_D1.c **** * <b>Note</b> This function should not be used on a hardware digital output pin 
  38:.\Generated_Source\PSoC5/P4_D1.c **** * as it is driven by the hardware signal attached to it.
  39:.\Generated_Source\PSoC5/P4_D1.c **** *
  40:.\Generated_Source\PSoC5/P4_D1.c **** * \param value
  41:.\Generated_Source\PSoC5/P4_D1.c **** *  Value to write to the component instance.
  42:.\Generated_Source\PSoC5/P4_D1.c **** *
  43:.\Generated_Source\PSoC5/P4_D1.c **** * \return 
  44:.\Generated_Source\PSoC5/P4_D1.c **** *  None 
  45:.\Generated_Source\PSoC5/P4_D1.c **** *
  46:.\Generated_Source\PSoC5/P4_D1.c **** * \sideeffect
  47:.\Generated_Source\PSoC5/P4_D1.c **** *  If you use read-modify-write operations that are not atomic; the Interrupt 
  48:.\Generated_Source\PSoC5/P4_D1.c **** *  Service Routines (ISR) can cause corruption of this function. An ISR that 
  49:.\Generated_Source\PSoC5/P4_D1.c **** *  interrupts this function and performs writes to the Pins component data 
  50:.\Generated_Source\PSoC5/P4_D1.c **** *  register can cause corrupted port data. To avoid this issue, you should 
  51:.\Generated_Source\PSoC5/P4_D1.c **** *  either use the Per-Pin APIs (primary method) or disable interrupts around 
ARM GAS  C:\Users\Thomas\AppData\Local\Temp\ccmJTQ5h.s 			page 15


  52:.\Generated_Source\PSoC5/P4_D1.c **** *  this function.
  53:.\Generated_Source\PSoC5/P4_D1.c **** *
  54:.\Generated_Source\PSoC5/P4_D1.c **** * \funcusage
  55:.\Generated_Source\PSoC5/P4_D1.c **** *  \snippet P4_D1_SUT.c usage_P4_D1_Write
  56:.\Generated_Source\PSoC5/P4_D1.c **** *******************************************************************************/
  57:.\Generated_Source\PSoC5/P4_D1.c **** void P4_D1_Write(uint8 value)
  58:.\Generated_Source\PSoC5/P4_D1.c **** {
 202              		.loc 1 58 0
 203              		.cfi_startproc
 204              		@ args = 0, pretend = 0, frame = 0
 205              		@ frame_needed = 0, uses_anonymous_args = 0
 206              		@ link register save eliminated.
 207              	.LVL0:
  59:.\Generated_Source\PSoC5/P4_D1.c ****     uint8 staticBits = (P4_D1_DR & (uint8)(~P4_D1_MASK));
 208              		.loc 1 59 0
 209 0000 044A     		ldr	r2, .L2
  60:.\Generated_Source\PSoC5/P4_D1.c ****     P4_D1_DR = staticBits | ((uint8)(value << P4_D1_SHIFT) & P4_D1_MASK);
 210              		.loc 1 60 0
 211 0002 C000     		lsls	r0, r0, #3
 212              	.LVL1:
  59:.\Generated_Source\PSoC5/P4_D1.c ****     uint8 staticBits = (P4_D1_DR & (uint8)(~P4_D1_MASK));
 213              		.loc 1 59 0
 214 0004 1378     		ldrb	r3, [r2]	@ zero_extendqisi2
 215              	.LVL2:
 216              		.loc 1 60 0
 217 0006 00F00800 		and	r0, r0, #8
  59:.\Generated_Source\PSoC5/P4_D1.c ****     uint8 staticBits = (P4_D1_DR & (uint8)(~P4_D1_MASK));
 218              		.loc 1 59 0
 219 000a 03F0F703 		and	r3, r3, #247
 220              	.LVL3:
 221              		.loc 1 60 0
 222 000e 1843     		orrs	r0, r0, r3
 223 0010 1070     		strb	r0, [r2]
 224 0012 7047     		bx	lr
 225              	.L3:
 226              		.align	2
 227              	.L2:
 228 0014 20510040 		.word	1073762592
 229              		.cfi_endproc
 230              	.LFE0:
 231              		.size	P4_D1_Write, .-P4_D1_Write
 232              		.section	.text.P4_D1_SetDriveMode,"ax",%progbits
 233              		.align	2
 234              		.global	P4_D1_SetDriveMode
 235              		.thumb
 236              		.thumb_func
 237              		.type	P4_D1_SetDriveMode, %function
 238              	P4_D1_SetDriveMode:
 239              	.LFB1:
  61:.\Generated_Source\PSoC5/P4_D1.c **** }
  62:.\Generated_Source\PSoC5/P4_D1.c **** 
  63:.\Generated_Source\PSoC5/P4_D1.c **** 
  64:.\Generated_Source\PSoC5/P4_D1.c **** /*******************************************************************************
  65:.\Generated_Source\PSoC5/P4_D1.c **** * Function Name: P4_D1_SetDriveMode
  66:.\Generated_Source\PSoC5/P4_D1.c **** ****************************************************************************//**
  67:.\Generated_Source\PSoC5/P4_D1.c **** *
  68:.\Generated_Source\PSoC5/P4_D1.c **** * \brief Sets the drive mode for each of the Pins component's pins.
ARM GAS  C:\Users\Thomas\AppData\Local\Temp\ccmJTQ5h.s 			page 16


  69:.\Generated_Source\PSoC5/P4_D1.c **** * 
  70:.\Generated_Source\PSoC5/P4_D1.c **** * <b>Note</b> This affects all pins in the Pins component instance. Use the
  71:.\Generated_Source\PSoC5/P4_D1.c **** * Per-Pin APIs if you wish to control individual pin's drive modes.
  72:.\Generated_Source\PSoC5/P4_D1.c **** *
  73:.\Generated_Source\PSoC5/P4_D1.c **** * \param mode
  74:.\Generated_Source\PSoC5/P4_D1.c **** *  Mode for the selected signals. Valid options are documented in 
  75:.\Generated_Source\PSoC5/P4_D1.c **** *  \ref driveMode.
  76:.\Generated_Source\PSoC5/P4_D1.c **** *
  77:.\Generated_Source\PSoC5/P4_D1.c **** * \return
  78:.\Generated_Source\PSoC5/P4_D1.c **** *  None
  79:.\Generated_Source\PSoC5/P4_D1.c **** *
  80:.\Generated_Source\PSoC5/P4_D1.c **** * \sideeffect
  81:.\Generated_Source\PSoC5/P4_D1.c **** *  If you use read-modify-write operations that are not atomic, the ISR can
  82:.\Generated_Source\PSoC5/P4_D1.c **** *  cause corruption of this function. An ISR that interrupts this function 
  83:.\Generated_Source\PSoC5/P4_D1.c **** *  and performs writes to the Pins component Drive Mode registers can cause 
  84:.\Generated_Source\PSoC5/P4_D1.c **** *  corrupted port data. To avoid this issue, you should either use the Per-Pin
  85:.\Generated_Source\PSoC5/P4_D1.c **** *  APIs (primary method) or disable interrupts around this function.
  86:.\Generated_Source\PSoC5/P4_D1.c **** *
  87:.\Generated_Source\PSoC5/P4_D1.c **** * \funcusage
  88:.\Generated_Source\PSoC5/P4_D1.c **** *  \snippet P4_D1_SUT.c usage_P4_D1_SetDriveMode
  89:.\Generated_Source\PSoC5/P4_D1.c **** *******************************************************************************/
  90:.\Generated_Source\PSoC5/P4_D1.c **** void P4_D1_SetDriveMode(uint8 mode)
  91:.\Generated_Source\PSoC5/P4_D1.c **** {
 240              		.loc 1 91 0
 241              		.cfi_startproc
 242              		@ args = 0, pretend = 0, frame = 0
 243              		@ frame_needed = 0, uses_anonymous_args = 0
 244              		@ link register save eliminated.
 245              	.LVL4:
  92:.\Generated_Source\PSoC5/P4_D1.c **** 	CyPins_SetPinDriveMode(P4_D1_0, mode);
 246              		.loc 1 92 0
 247 0000 044A     		ldr	r2, .L5
 248 0002 00F00E00 		and	r0, r0, #14
 249              	.LVL5:
 250 0006 1378     		ldrb	r3, [r2]	@ zero_extendqisi2
 251 0008 03F0F103 		and	r3, r3, #241
 252 000c 1843     		orrs	r0, r0, r3
 253 000e 1070     		strb	r0, [r2]
 254 0010 7047     		bx	lr
 255              	.L6:
 256 0012 00BF     		.align	2
 257              	.L5:
 258 0014 13500040 		.word	1073762323
 259              		.cfi_endproc
 260              	.LFE1:
 261              		.size	P4_D1_SetDriveMode, .-P4_D1_SetDriveMode
 262              		.section	.text.P4_D1_Read,"ax",%progbits
 263              		.align	2
 264              		.global	P4_D1_Read
 265              		.thumb
 266              		.thumb_func
 267              		.type	P4_D1_Read, %function
 268              	P4_D1_Read:
 269              	.LFB2:
  93:.\Generated_Source\PSoC5/P4_D1.c **** }
  94:.\Generated_Source\PSoC5/P4_D1.c **** 
  95:.\Generated_Source\PSoC5/P4_D1.c **** 
ARM GAS  C:\Users\Thomas\AppData\Local\Temp\ccmJTQ5h.s 			page 17


  96:.\Generated_Source\PSoC5/P4_D1.c **** /*******************************************************************************
  97:.\Generated_Source\PSoC5/P4_D1.c **** * Function Name: P4_D1_Read
  98:.\Generated_Source\PSoC5/P4_D1.c **** ****************************************************************************//**
  99:.\Generated_Source\PSoC5/P4_D1.c **** *
 100:.\Generated_Source\PSoC5/P4_D1.c **** * \brief Reads the associated physical port (pin status register) and masks 
 101:.\Generated_Source\PSoC5/P4_D1.c **** *  the required bits according to the width and bit position of the component
 102:.\Generated_Source\PSoC5/P4_D1.c **** *  instance. 
 103:.\Generated_Source\PSoC5/P4_D1.c **** *
 104:.\Generated_Source\PSoC5/P4_D1.c **** * The pin's status register returns the current logic level present on the 
 105:.\Generated_Source\PSoC5/P4_D1.c **** * physical pin.
 106:.\Generated_Source\PSoC5/P4_D1.c **** *
 107:.\Generated_Source\PSoC5/P4_D1.c **** * \return 
 108:.\Generated_Source\PSoC5/P4_D1.c **** *  The current value for the pins in the component as a right justified number.
 109:.\Generated_Source\PSoC5/P4_D1.c **** *
 110:.\Generated_Source\PSoC5/P4_D1.c **** * \funcusage
 111:.\Generated_Source\PSoC5/P4_D1.c **** *  \snippet P4_D1_SUT.c usage_P4_D1_Read  
 112:.\Generated_Source\PSoC5/P4_D1.c **** *******************************************************************************/
 113:.\Generated_Source\PSoC5/P4_D1.c **** uint8 P4_D1_Read(void)
 114:.\Generated_Source\PSoC5/P4_D1.c **** {
 270              		.loc 1 114 0
 271              		.cfi_startproc
 272              		@ args = 0, pretend = 0, frame = 0
 273              		@ frame_needed = 0, uses_anonymous_args = 0
 274              		@ link register save eliminated.
 115:.\Generated_Source\PSoC5/P4_D1.c ****     return (P4_D1_PS & P4_D1_MASK) >> P4_D1_SHIFT;
 275              		.loc 1 115 0
 276 0000 024B     		ldr	r3, .L8
 277 0002 1878     		ldrb	r0, [r3]	@ zero_extendqisi2
 116:.\Generated_Source\PSoC5/P4_D1.c **** }
 278              		.loc 1 116 0
 279 0004 C0F3C000 		ubfx	r0, r0, #3, #1
 280 0008 7047     		bx	lr
 281              	.L9:
 282 000a 00BF     		.align	2
 283              	.L8:
 284 000c 21510040 		.word	1073762593
 285              		.cfi_endproc
 286              	.LFE2:
 287              		.size	P4_D1_Read, .-P4_D1_Read
 288              		.section	.text.P4_D1_ReadDataReg,"ax",%progbits
 289              		.align	2
 290              		.global	P4_D1_ReadDataReg
 291              		.thumb
 292              		.thumb_func
 293              		.type	P4_D1_ReadDataReg, %function
 294              	P4_D1_ReadDataReg:
 295              	.LFB3:
 117:.\Generated_Source\PSoC5/P4_D1.c **** 
 118:.\Generated_Source\PSoC5/P4_D1.c **** 
 119:.\Generated_Source\PSoC5/P4_D1.c **** /*******************************************************************************
 120:.\Generated_Source\PSoC5/P4_D1.c **** * Function Name: P4_D1_ReadDataReg
 121:.\Generated_Source\PSoC5/P4_D1.c **** ****************************************************************************//**
 122:.\Generated_Source\PSoC5/P4_D1.c **** *
 123:.\Generated_Source\PSoC5/P4_D1.c **** * \brief Reads the associated physical port's data output register and masks 
 124:.\Generated_Source\PSoC5/P4_D1.c **** *  the correct bits according to the width and bit position of the component 
 125:.\Generated_Source\PSoC5/P4_D1.c **** *  instance. 
 126:.\Generated_Source\PSoC5/P4_D1.c **** *
ARM GAS  C:\Users\Thomas\AppData\Local\Temp\ccmJTQ5h.s 			page 18


 127:.\Generated_Source\PSoC5/P4_D1.c **** * The data output register controls the signal applied to the physical pin in 
 128:.\Generated_Source\PSoC5/P4_D1.c **** * conjunction with the drive mode parameter. This is not the same as the 
 129:.\Generated_Source\PSoC5/P4_D1.c **** * preferred P4_D1_Read() API because the 
 130:.\Generated_Source\PSoC5/P4_D1.c **** * P4_D1_ReadDataReg() reads the data register instead of the status 
 131:.\Generated_Source\PSoC5/P4_D1.c **** * register. For output pins this is a useful function to determine the value 
 132:.\Generated_Source\PSoC5/P4_D1.c **** * just written to the pin.
 133:.\Generated_Source\PSoC5/P4_D1.c **** *
 134:.\Generated_Source\PSoC5/P4_D1.c **** * \return 
 135:.\Generated_Source\PSoC5/P4_D1.c **** *  The current value of the data register masked and shifted into a right 
 136:.\Generated_Source\PSoC5/P4_D1.c **** *  justified number for the component instance.
 137:.\Generated_Source\PSoC5/P4_D1.c **** *
 138:.\Generated_Source\PSoC5/P4_D1.c **** * \funcusage
 139:.\Generated_Source\PSoC5/P4_D1.c **** *  \snippet P4_D1_SUT.c usage_P4_D1_ReadDataReg 
 140:.\Generated_Source\PSoC5/P4_D1.c **** *******************************************************************************/
 141:.\Generated_Source\PSoC5/P4_D1.c **** uint8 P4_D1_ReadDataReg(void)
 142:.\Generated_Source\PSoC5/P4_D1.c **** {
 296              		.loc 1 142 0
 297              		.cfi_startproc
 298              		@ args = 0, pretend = 0, frame = 0
 299              		@ frame_needed = 0, uses_anonymous_args = 0
 300              		@ link register save eliminated.
 143:.\Generated_Source\PSoC5/P4_D1.c ****     return (P4_D1_DR & P4_D1_MASK) >> P4_D1_SHIFT;
 301              		.loc 1 143 0
 302 0000 024B     		ldr	r3, .L11
 303 0002 1878     		ldrb	r0, [r3]	@ zero_extendqisi2
 144:.\Generated_Source\PSoC5/P4_D1.c **** }
 304              		.loc 1 144 0
 305 0004 C0F3C000 		ubfx	r0, r0, #3, #1
 306 0008 7047     		bx	lr
 307              	.L12:
 308 000a 00BF     		.align	2
 309              	.L11:
 310 000c 20510040 		.word	1073762592
 311              		.cfi_endproc
 312              	.LFE3:
 313              		.size	P4_D1_ReadDataReg, .-P4_D1_ReadDataReg
 314              		.text
 315              	.Letext0:
 316              		.file 2 ".\\Generated_Source\\PSoC5\\cytypes.h"
 317              		.section	.debug_info,"",%progbits
 318              	.Ldebug_info0:
 319 0000 1D010000 		.4byte	0x11d
 320 0004 0400     		.2byte	0x4
 321 0006 00000000 		.4byte	.Ldebug_abbrev0
 322 000a 04       		.byte	0x4
 323 000b 01       		.uleb128 0x1
 324 000c DF000000 		.4byte	.LASF20
 325 0010 01       		.byte	0x1
 326 0011 8B010000 		.4byte	.LASF21
 327 0015 56000000 		.4byte	.LASF22
 328 0019 00000000 		.4byte	.Ldebug_ranges0+0
 329 001d 00000000 		.4byte	0
 330 0021 00000000 		.4byte	.Ldebug_line0
 331 0025 02       		.uleb128 0x2
 332 0026 01       		.byte	0x1
 333 0027 06       		.byte	0x6
 334 0028 D8010000 		.4byte	.LASF0
ARM GAS  C:\Users\Thomas\AppData\Local\Temp\ccmJTQ5h.s 			page 19


 335 002c 02       		.uleb128 0x2
 336 002d 01       		.byte	0x1
 337 002e 08       		.byte	0x8
 338 002f 17000000 		.4byte	.LASF1
 339 0033 02       		.uleb128 0x2
 340 0034 02       		.byte	0x2
 341 0035 05       		.byte	0x5
 342 0036 AC010000 		.4byte	.LASF2
 343 003a 02       		.uleb128 0x2
 344 003b 02       		.byte	0x2
 345 003c 07       		.byte	0x7
 346 003d 3C000000 		.4byte	.LASF3
 347 0041 02       		.uleb128 0x2
 348 0042 04       		.byte	0x4
 349 0043 05       		.byte	0x5
 350 0044 CF010000 		.4byte	.LASF4
 351 0048 02       		.uleb128 0x2
 352 0049 04       		.byte	0x4
 353 004a 07       		.byte	0x7
 354 004b 2A000000 		.4byte	.LASF5
 355 004f 02       		.uleb128 0x2
 356 0050 08       		.byte	0x8
 357 0051 05       		.byte	0x5
 358 0052 D1000000 		.4byte	.LASF6
 359 0056 02       		.uleb128 0x2
 360 0057 08       		.byte	0x8
 361 0058 07       		.byte	0x7
 362 0059 A9000000 		.4byte	.LASF7
 363 005d 03       		.uleb128 0x3
 364 005e 04       		.byte	0x4
 365 005f 05       		.byte	0x5
 366 0060 696E7400 		.ascii	"int\000"
 367 0064 02       		.uleb128 0x2
 368 0065 04       		.byte	0x4
 369 0066 07       		.byte	0x7
 370 0067 91000000 		.4byte	.LASF8
 371 006b 04       		.uleb128 0x4
 372 006c B6010000 		.4byte	.LASF12
 373 0070 02       		.byte	0x2
 374 0071 9201     		.2byte	0x192
 375 0073 2C000000 		.4byte	0x2c
 376 0077 02       		.uleb128 0x2
 377 0078 04       		.byte	0x4
 378 0079 04       		.byte	0x4
 379 007a 11000000 		.4byte	.LASF9
 380 007e 02       		.uleb128 0x2
 381 007f 08       		.byte	0x8
 382 0080 04       		.byte	0x4
 383 0081 4F000000 		.4byte	.LASF10
 384 0085 02       		.uleb128 0x2
 385 0086 01       		.byte	0x1
 386 0087 08       		.byte	0x8
 387 0088 86010000 		.4byte	.LASF11
 388 008c 04       		.uleb128 0x4
 389 008d 25000000 		.4byte	.LASF13
 390 0091 02       		.byte	0x2
 391 0092 3C02     		.2byte	0x23c
ARM GAS  C:\Users\Thomas\AppData\Local\Temp\ccmJTQ5h.s 			page 20


 392 0094 98000000 		.4byte	0x98
 393 0098 05       		.uleb128 0x5
 394 0099 6B000000 		.4byte	0x6b
 395 009d 06       		.uleb128 0x6
 396 009e C0000000 		.4byte	.LASF14
 397 00a2 01       		.byte	0x1
 398 00a3 39       		.byte	0x39
 399 00a4 00000000 		.4byte	.LFB0
 400 00a8 18000000 		.4byte	.LFE0-.LFB0
 401 00ac 01       		.uleb128 0x1
 402 00ad 9C       		.byte	0x9c
 403 00ae D1000000 		.4byte	0xd1
 404 00b2 07       		.uleb128 0x7
 405 00b3 00000000 		.4byte	.LASF16
 406 00b7 01       		.byte	0x1
 407 00b8 39       		.byte	0x39
 408 00b9 6B000000 		.4byte	0x6b
 409 00bd 00000000 		.4byte	.LLST0
 410 00c1 08       		.uleb128 0x8
 411 00c2 06000000 		.4byte	.LASF23
 412 00c6 01       		.byte	0x1
 413 00c7 3B       		.byte	0x3b
 414 00c8 6B000000 		.4byte	0x6b
 415 00cc 21000000 		.4byte	.LLST1
 416 00d0 00       		.byte	0
 417 00d1 06       		.uleb128 0x6
 418 00d2 BC010000 		.4byte	.LASF15
 419 00d6 01       		.byte	0x1
 420 00d7 5A       		.byte	0x5a
 421 00d8 00000000 		.4byte	.LFB1
 422 00dc 18000000 		.4byte	.LFE1-.LFB1
 423 00e0 01       		.uleb128 0x1
 424 00e1 9C       		.byte	0x9c
 425 00e2 F6000000 		.4byte	0xf6
 426 00e6 07       		.uleb128 0x7
 427 00e7 CC000000 		.4byte	.LASF17
 428 00eb 01       		.byte	0x1
 429 00ec 5A       		.byte	0x5a
 430 00ed 6B000000 		.4byte	0x6b
 431 00f1 39000000 		.4byte	.LLST2
 432 00f5 00       		.byte	0
 433 00f6 09       		.uleb128 0x9
 434 00f7 9E000000 		.4byte	.LASF18
 435 00fb 01       		.byte	0x1
 436 00fc 71       		.byte	0x71
 437 00fd 6B000000 		.4byte	0x6b
 438 0101 00000000 		.4byte	.LFB2
 439 0105 10000000 		.4byte	.LFE2-.LFB2
 440 0109 01       		.uleb128 0x1
 441 010a 9C       		.byte	0x9c
 442 010b 09       		.uleb128 0x9
 443 010c E4010000 		.4byte	.LASF19
 444 0110 01       		.byte	0x1
 445 0111 8D       		.byte	0x8d
 446 0112 6B000000 		.4byte	0x6b
 447 0116 00000000 		.4byte	.LFB3
 448 011a 10000000 		.4byte	.LFE3-.LFB3
ARM GAS  C:\Users\Thomas\AppData\Local\Temp\ccmJTQ5h.s 			page 21


 449 011e 01       		.uleb128 0x1
 450 011f 9C       		.byte	0x9c
 451 0120 00       		.byte	0
 452              		.section	.debug_abbrev,"",%progbits
 453              	.Ldebug_abbrev0:
 454 0000 01       		.uleb128 0x1
 455 0001 11       		.uleb128 0x11
 456 0002 01       		.byte	0x1
 457 0003 25       		.uleb128 0x25
 458 0004 0E       		.uleb128 0xe
 459 0005 13       		.uleb128 0x13
 460 0006 0B       		.uleb128 0xb
 461 0007 03       		.uleb128 0x3
 462 0008 0E       		.uleb128 0xe
 463 0009 1B       		.uleb128 0x1b
 464 000a 0E       		.uleb128 0xe
 465 000b 55       		.uleb128 0x55
 466 000c 17       		.uleb128 0x17
 467 000d 11       		.uleb128 0x11
 468 000e 01       		.uleb128 0x1
 469 000f 10       		.uleb128 0x10
 470 0010 17       		.uleb128 0x17
 471 0011 00       		.byte	0
 472 0012 00       		.byte	0
 473 0013 02       		.uleb128 0x2
 474 0014 24       		.uleb128 0x24
 475 0015 00       		.byte	0
 476 0016 0B       		.uleb128 0xb
 477 0017 0B       		.uleb128 0xb
 478 0018 3E       		.uleb128 0x3e
 479 0019 0B       		.uleb128 0xb
 480 001a 03       		.uleb128 0x3
 481 001b 0E       		.uleb128 0xe
 482 001c 00       		.byte	0
 483 001d 00       		.byte	0
 484 001e 03       		.uleb128 0x3
 485 001f 24       		.uleb128 0x24
 486 0020 00       		.byte	0
 487 0021 0B       		.uleb128 0xb
 488 0022 0B       		.uleb128 0xb
 489 0023 3E       		.uleb128 0x3e
 490 0024 0B       		.uleb128 0xb
 491 0025 03       		.uleb128 0x3
 492 0026 08       		.uleb128 0x8
 493 0027 00       		.byte	0
 494 0028 00       		.byte	0
 495 0029 04       		.uleb128 0x4
 496 002a 16       		.uleb128 0x16
 497 002b 00       		.byte	0
 498 002c 03       		.uleb128 0x3
 499 002d 0E       		.uleb128 0xe
 500 002e 3A       		.uleb128 0x3a
 501 002f 0B       		.uleb128 0xb
 502 0030 3B       		.uleb128 0x3b
 503 0031 05       		.uleb128 0x5
 504 0032 49       		.uleb128 0x49
 505 0033 13       		.uleb128 0x13
ARM GAS  C:\Users\Thomas\AppData\Local\Temp\ccmJTQ5h.s 			page 22


 506 0034 00       		.byte	0
 507 0035 00       		.byte	0
 508 0036 05       		.uleb128 0x5
 509 0037 35       		.uleb128 0x35
 510 0038 00       		.byte	0
 511 0039 49       		.uleb128 0x49
 512 003a 13       		.uleb128 0x13
 513 003b 00       		.byte	0
 514 003c 00       		.byte	0
 515 003d 06       		.uleb128 0x6
 516 003e 2E       		.uleb128 0x2e
 517 003f 01       		.byte	0x1
 518 0040 3F       		.uleb128 0x3f
 519 0041 19       		.uleb128 0x19
 520 0042 03       		.uleb128 0x3
 521 0043 0E       		.uleb128 0xe
 522 0044 3A       		.uleb128 0x3a
 523 0045 0B       		.uleb128 0xb
 524 0046 3B       		.uleb128 0x3b
 525 0047 0B       		.uleb128 0xb
 526 0048 27       		.uleb128 0x27
 527 0049 19       		.uleb128 0x19
 528 004a 11       		.uleb128 0x11
 529 004b 01       		.uleb128 0x1
 530 004c 12       		.uleb128 0x12
 531 004d 06       		.uleb128 0x6
 532 004e 40       		.uleb128 0x40
 533 004f 18       		.uleb128 0x18
 534 0050 9742     		.uleb128 0x2117
 535 0052 19       		.uleb128 0x19
 536 0053 01       		.uleb128 0x1
 537 0054 13       		.uleb128 0x13
 538 0055 00       		.byte	0
 539 0056 00       		.byte	0
 540 0057 07       		.uleb128 0x7
 541 0058 05       		.uleb128 0x5
 542 0059 00       		.byte	0
 543 005a 03       		.uleb128 0x3
 544 005b 0E       		.uleb128 0xe
 545 005c 3A       		.uleb128 0x3a
 546 005d 0B       		.uleb128 0xb
 547 005e 3B       		.uleb128 0x3b
 548 005f 0B       		.uleb128 0xb
 549 0060 49       		.uleb128 0x49
 550 0061 13       		.uleb128 0x13
 551 0062 02       		.uleb128 0x2
 552 0063 17       		.uleb128 0x17
 553 0064 00       		.byte	0
 554 0065 00       		.byte	0
 555 0066 08       		.uleb128 0x8
 556 0067 34       		.uleb128 0x34
 557 0068 00       		.byte	0
 558 0069 03       		.uleb128 0x3
 559 006a 0E       		.uleb128 0xe
 560 006b 3A       		.uleb128 0x3a
 561 006c 0B       		.uleb128 0xb
 562 006d 3B       		.uleb128 0x3b
ARM GAS  C:\Users\Thomas\AppData\Local\Temp\ccmJTQ5h.s 			page 23


 563 006e 0B       		.uleb128 0xb
 564 006f 49       		.uleb128 0x49
 565 0070 13       		.uleb128 0x13
 566 0071 02       		.uleb128 0x2
 567 0072 17       		.uleb128 0x17
 568 0073 00       		.byte	0
 569 0074 00       		.byte	0
 570 0075 09       		.uleb128 0x9
 571 0076 2E       		.uleb128 0x2e
 572 0077 00       		.byte	0
 573 0078 3F       		.uleb128 0x3f
 574 0079 19       		.uleb128 0x19
 575 007a 03       		.uleb128 0x3
 576 007b 0E       		.uleb128 0xe
 577 007c 3A       		.uleb128 0x3a
 578 007d 0B       		.uleb128 0xb
 579 007e 3B       		.uleb128 0x3b
 580 007f 0B       		.uleb128 0xb
 581 0080 27       		.uleb128 0x27
 582 0081 19       		.uleb128 0x19
 583 0082 49       		.uleb128 0x49
 584 0083 13       		.uleb128 0x13
 585 0084 11       		.uleb128 0x11
 586 0085 01       		.uleb128 0x1
 587 0086 12       		.uleb128 0x12
 588 0087 06       		.uleb128 0x6
 589 0088 40       		.uleb128 0x40
 590 0089 18       		.uleb128 0x18
 591 008a 9742     		.uleb128 0x2117
 592 008c 19       		.uleb128 0x19
 593 008d 00       		.byte	0
 594 008e 00       		.byte	0
 595 008f 00       		.byte	0
 596              		.section	.debug_loc,"",%progbits
 597              	.Ldebug_loc0:
 598              	.LLST0:
 599 0000 00000000 		.4byte	.LVL0
 600 0004 04000000 		.4byte	.LVL1
 601 0008 0100     		.2byte	0x1
 602 000a 50       		.byte	0x50
 603 000b 04000000 		.4byte	.LVL1
 604 000f 18000000 		.4byte	.LFE0
 605 0013 0400     		.2byte	0x4
 606 0015 F3       		.byte	0xf3
 607 0016 01       		.uleb128 0x1
 608 0017 50       		.byte	0x50
 609 0018 9F       		.byte	0x9f
 610 0019 00000000 		.4byte	0
 611 001d 00000000 		.4byte	0
 612              	.LLST1:
 613 0021 06000000 		.4byte	.LVL2
 614 0025 0E000000 		.4byte	.LVL3
 615 0029 0600     		.2byte	0x6
 616 002b 73       		.byte	0x73
 617 002c 00       		.sleb128 0
 618 002d 09       		.byte	0x9
 619 002e F7       		.byte	0xf7
ARM GAS  C:\Users\Thomas\AppData\Local\Temp\ccmJTQ5h.s 			page 24


 620 002f 1A       		.byte	0x1a
 621 0030 9F       		.byte	0x9f
 622 0031 00000000 		.4byte	0
 623 0035 00000000 		.4byte	0
 624              	.LLST2:
 625 0039 00000000 		.4byte	.LVL4
 626 003d 06000000 		.4byte	.LVL5
 627 0041 0100     		.2byte	0x1
 628 0043 50       		.byte	0x50
 629 0044 06000000 		.4byte	.LVL5
 630 0048 18000000 		.4byte	.LFE1
 631 004c 0400     		.2byte	0x4
 632 004e F3       		.byte	0xf3
 633 004f 01       		.uleb128 0x1
 634 0050 50       		.byte	0x50
 635 0051 9F       		.byte	0x9f
 636 0052 00000000 		.4byte	0
 637 0056 00000000 		.4byte	0
 638              		.section	.debug_aranges,"",%progbits
 639 0000 34000000 		.4byte	0x34
 640 0004 0200     		.2byte	0x2
 641 0006 00000000 		.4byte	.Ldebug_info0
 642 000a 04       		.byte	0x4
 643 000b 00       		.byte	0
 644 000c 0000     		.2byte	0
 645 000e 0000     		.2byte	0
 646 0010 00000000 		.4byte	.LFB0
 647 0014 18000000 		.4byte	.LFE0-.LFB0
 648 0018 00000000 		.4byte	.LFB1
 649 001c 18000000 		.4byte	.LFE1-.LFB1
 650 0020 00000000 		.4byte	.LFB2
 651 0024 10000000 		.4byte	.LFE2-.LFB2
 652 0028 00000000 		.4byte	.LFB3
 653 002c 10000000 		.4byte	.LFE3-.LFB3
 654 0030 00000000 		.4byte	0
 655 0034 00000000 		.4byte	0
 656              		.section	.debug_ranges,"",%progbits
 657              	.Ldebug_ranges0:
 658 0000 00000000 		.4byte	.LFB0
 659 0004 18000000 		.4byte	.LFE0
 660 0008 00000000 		.4byte	.LFB1
 661 000c 18000000 		.4byte	.LFE1
 662 0010 00000000 		.4byte	.LFB2
 663 0014 10000000 		.4byte	.LFE2
 664 0018 00000000 		.4byte	.LFB3
 665 001c 10000000 		.4byte	.LFE3
 666 0020 00000000 		.4byte	0
 667 0024 00000000 		.4byte	0
 668              		.section	.debug_line,"",%progbits
 669              	.Ldebug_line0:
 670 0000 94000000 		.section	.debug_str,"MS",%progbits,1
 670      02004400 
 670      00000201 
 670      FB0E0D00 
 670      01010101 
 671              	.LASF16:
 672 0000 76616C75 		.ascii	"value\000"
ARM GAS  C:\Users\Thomas\AppData\Local\Temp\ccmJTQ5h.s 			page 25


 672      6500
 673              	.LASF23:
 674 0006 73746174 		.ascii	"staticBits\000"
 674      69634269 
 674      747300
 675              	.LASF9:
 676 0011 666C6F61 		.ascii	"float\000"
 676      7400
 677              	.LASF1:
 678 0017 756E7369 		.ascii	"unsigned char\000"
 678      676E6564 
 678      20636861 
 678      7200
 679              	.LASF13:
 680 0025 72656738 		.ascii	"reg8\000"
 680      00
 681              	.LASF5:
 682 002a 6C6F6E67 		.ascii	"long unsigned int\000"
 682      20756E73 
 682      69676E65 
 682      6420696E 
 682      7400
 683              	.LASF3:
 684 003c 73686F72 		.ascii	"short unsigned int\000"
 684      7420756E 
 684      7369676E 
 684      65642069 
 684      6E7400
 685              	.LASF10:
 686 004f 646F7562 		.ascii	"double\000"
 686      6C6500
 687              	.LASF22:
 688 0056 433A5C55 		.ascii	"C:\\Users\\Thomas\\Documents\\PSoC Creator\\TASBot\\"
 688      73657273 
 688      5C54686F 
 688      6D61735C 
 688      446F6375 
 689 0084 54415342 		.ascii	"TASBot.cydsn\000"
 689      6F742E63 
 689      7964736E 
 689      00
 690              	.LASF8:
 691 0091 756E7369 		.ascii	"unsigned int\000"
 691      676E6564 
 691      20696E74 
 691      00
 692              	.LASF18:
 693 009e 50345F44 		.ascii	"P4_D1_Read\000"
 693      315F5265 
 693      616400
 694              	.LASF7:
 695 00a9 6C6F6E67 		.ascii	"long long unsigned int\000"
 695      206C6F6E 
 695      6720756E 
 695      7369676E 
 695      65642069 
 696              	.LASF14:
ARM GAS  C:\Users\Thomas\AppData\Local\Temp\ccmJTQ5h.s 			page 26


 697 00c0 50345F44 		.ascii	"P4_D1_Write\000"
 697      315F5772 
 697      69746500 
 698              	.LASF17:
 699 00cc 6D6F6465 		.ascii	"mode\000"
 699      00
 700              	.LASF6:
 701 00d1 6C6F6E67 		.ascii	"long long int\000"
 701      206C6F6E 
 701      6720696E 
 701      7400
 702              	.LASF20:
 703 00df 474E5520 		.ascii	"GNU C 4.9.3 20150303 (release) [ARM/embedded-4_9-br"
 703      4320342E 
 703      392E3320 
 703      32303135 
 703      30333033 
 704 0112 616E6368 		.ascii	"anch revision 221220] -mcpu=cortex-m3 -mthumb -g -O"
 704      20726576 
 704      6973696F 
 704      6E203232 
 704      31323230 
 705 0145 33202D66 		.ascii	"3 -ffunction-sections -finline-functions -flto -ffa"
 705      66756E63 
 705      74696F6E 
 705      2D736563 
 705      74696F6E 
 706 0178 742D6C74 		.ascii	"t-lto-objects\000"
 706      6F2D6F62 
 706      6A656374 
 706      7300
 707              	.LASF11:
 708 0186 63686172 		.ascii	"char\000"
 708      00
 709              	.LASF21:
 710 018b 2E5C4765 		.ascii	".\\Generated_Source\\PSoC5\\P4_D1.c\000"
 710      6E657261 
 710      7465645F 
 710      536F7572 
 710      63655C50 
 711              	.LASF2:
 712 01ac 73686F72 		.ascii	"short int\000"
 712      7420696E 
 712      7400
 713              	.LASF12:
 714 01b6 75696E74 		.ascii	"uint8\000"
 714      3800
 715              	.LASF15:
 716 01bc 50345F44 		.ascii	"P4_D1_SetDriveMode\000"
 716      315F5365 
 716      74447269 
 716      76654D6F 
 716      646500
 717              	.LASF4:
 718 01cf 6C6F6E67 		.ascii	"long int\000"
 718      20696E74 
 718      00
ARM GAS  C:\Users\Thomas\AppData\Local\Temp\ccmJTQ5h.s 			page 27


 719              	.LASF0:
 720 01d8 7369676E 		.ascii	"signed char\000"
 720      65642063 
 720      68617200 
 721              	.LASF19:
 722 01e4 50345F44 		.ascii	"P4_D1_ReadDataReg\000"
 722      315F5265 
 722      61644461 
 722      74615265 
 722      6700
 723              		.comm	__gnu_lto_v1,1,1
 724              		.ident	"GCC: (GNU Tools for ARM Embedded Processors) 4.9.3 20150303 (release) [ARM/embedded-4_9-br
