ARM GAS  C:\Users\Thomas\AppData\Local\Temp\ccfvRal7.s 			page 1


   1              		.syntax unified
   2              		.cpu cortex-m3
   3              		.fpu softvfp
   4              		.eabi_attribute 20, 1
   5              		.eabi_attribute 21, 1
   6              		.eabi_attribute 23, 3
   7              		.eabi_attribute 24, 1
   8              		.eabi_attribute 25, 1
   9              		.eabi_attribute 26, 1
  10              		.eabi_attribute 30, 2
  11              		.eabi_attribute 34, 1
  12              		.eabi_attribute 18, 4
  13              		.thumb
  14              		.file	"Pin_2.c"
  15              		.text
  16              	.Ltext0:
  17              		.section	.gnu.lto_.profile.bdc42dc1,"",%progbits
  18 0000 789C6366 		.ascii	"x\234cf```a\200\000F\006IQ\000\000\273\0007"
  18      60606061 
  18      80004606 
  18      49510000 
  18      BB0037
  19              		.text
  20              		.section	.gnu.lto_.jmpfuncs.bdc42dc1,"",%progbits
  21 0000 789C6366 		.ascii	"x\234cf\300\016\204\2404\013\003##c=#\210`b``\006\212"
  21      C00E84A0 
  21      340B0323 
  21      23633D23 
  21      88606260 
  22 0017 00000DC0 		.ascii	"\000\000\015\300\001$"
  22      0124
  23              		.text
  24              		.section	.gnu.lto_.inline.bdc42dc1,"",%progbits
  25 0000 789C6366 		.ascii	"x\234cf\300\016\022\2404\013\003\003'\007##\003#\003"
  25      C00E12A0 
  25      340B0303 
  25      27072323 
  25      032303
  26 0013 0333C701 		.ascii	"\0033\307\001;\006\266\005\362L\014,\013\344Y@\222\214"
  26      3B06B605 
  26      F24C0C2C 
  26      0BE45940 
  26      928C
  27 0025 0C1CECE8 		.ascii	"\014\034\354\350rL\027\370\301rL\014l\254\214\014Ll"
  27      724C17F8 
  27      C1724C0C 
  27      6CAC8C0C 
  27      4C6C
  28 0037 1FF420E2 		.ascii	"\037\364 \342@\300\214)\304\000\000\333l\011\322"
  28      40C08C29 
  28      C40000DB 
  28      6C09D2
  29              		.text
  30              		.section	.gnu.lto_.pureconst.bdc42dc1,"",%progbits
  31 0000 789C6366 		.ascii	"x\234cf``\340d\200\000\026\006)F)&)f)\000\002\305\000"
  31      6060E064 
  31      80001606 
ARM GAS  C:\Users\Thomas\AppData\Local\Temp\ccfvRal7.s 			page 2


  31      29462926 
  31      29662900 
  32 0017 7F       		.ascii	"\177"
  33              		.text
  34              		.section	.gnu.lto_Pin_2_Write.bdc42dc1,"",%progbits
  35 0000 789C6591 		.ascii	"x\234e\221OHTQ\024\306\317w\357{3\232\021\321rvabE\270"
  35      4F485451 
  35      14C6CF77 
  35      EF7B339A 
  35      11D17276 
  36 0018 88DA4B2D 		.ascii	"\210\332K-\332\016\270\035\220az\213\201P\320\261\255"
  36      DA0EB81D 
  36      90617A8B 
  36      8150D0B1 
  36      AD
  37 0029 F7D56424 		.ascii	"\367\325d$\004\303 \030\210\225\205\370g\3241\005\231"
  37      04C32018 
  37      889585F8 
  37      67D43105 
  37      99
  38 003a 45D14B5C 		.ascii	"E\321K\\\004Qb\213$\021+\230\376\270S\0344\035r:\347"
  38      0451628B 
  38      24112B98 
  38      FEB8531C 
  38      341D723A 
  39 004f 3E17490F 		.ascii	">\027I\017\356\237w\370}\337\375\316\275\232\376\377"
  39      EE9F77F8 
  39      7DDFFDCE 
  39      BD9AFEFF 
  40 005f 623CCE2B 		.ascii	"b<\316+\242+\274B\023T\356\003\221_\247\000\331\020"
  40      A22BBC42 
  40      1354EE03 
  40      915FA700 
  40      D910
  41 0071 A857A117 		.ascii	"\250W\241\027\233j[!\027\024\03654\217\032c\266\362"
  41      9B6A5B21 
  41      17141E35 
  41      348F1A63 
  41      B6F2
  42 0083 CB7E3CC0 		.ascii	"\313~<\300>\353vT\350\203143\263S0\003Z\237\003\361"
  42      3EEB7654 
  42      E8833134 
  42      33B35330 
  42      035A9F03 
  43 0098 7E76E5FD 		.ascii	"~v\345\375a\264\351\2711w\202\322\214ie\034\030\207"
  43      61B4E9B9 
  43      317782D2 
  43      8C69651C 
  43      1887
  44 00aa 66052EC5 		.ascii	"f\005.\305p!F\\ L\240I\340\271\207K\013J_\264\302\221"
  44      7021465C 
  44      204CA049 
  44      E0B9874B 
  44      0B4A5FB4 
  45 00c0 77DF964E 		.ascii	"w\337\226N6\216\260\360ku!\021\370O\315a\255f\345\223"
  45      368EB0F0 
  45      6B752111 
ARM GAS  C:\Users\Thomas\AppData\Local\Temp\ccfvRal7.s 			page 3


  45      F84FCD61 
  45      AD66E593 
  46 00d4 FFCAC38F 		.ascii	"\377\312\303\217\371\355\354\237\325\206H\226\203\235"
  46      F9EDEC9F 
  46      D5864896 
  46      839D
  47 00e2 46018D61 		.ascii	"F\001\215a&L!\002^\244R<\023\230Zm\376\325\233\003\324"
  47      264C2102 
  47      5EA4523C 
  47      13985A6D 
  47      FED59B03 
  48 00f7 2B3E5671 		.ascii	"+>Vq\243\\v \247\273R\210\310\024\225\211\250\314C\232"
  48      A35C7620 
  48      A7BB5288 
  48      C8149589 
  48      A8CC439A 
  49 010b FFCE3FBC 		.ascii	"\377\316?\274\3525,\356\366o\014F\305qO\311M\014\335"
  49      EA352CEE 
  49      F66F0C46 
  49      C5714FC9 
  49      4D0CDD
  50 011e 7F5B55BF 		.ascii	"\177[U\277\324\276\322\271g\276q$\303\227\362\362J\235"
  50      D4BED2B9 
  50      67BE7124 
  50      C397F2F2 
  50      4A9D
  51 0130 2DD9485B 		.ascii	"-\331H[\305\227\217\235a\014\371Y\316\355`\0321\314"
  51      C5978F9D 
  51      610CF959 
  51      CEED601A 
  51      31CC
  52 0142 8023A388 		.ascii	"\200#\243\210a\320\032\356\376\356[Gh\250C\317\315\217"
  52      61D01AEE 
  52      FEEE5B47 
  52      68A843CF 
  52      CD8F
  53 0154 95CFA7C4 		.ascii	"\225\317\247\304\000\257\371Vf\031\376\004e\233\340"
  53      00AFF956 
  53      6619FE04 
  53      659BE0
  54 0163 A44C8968 		.ascii	"\244L\211h\275\357\307\317\243\030\356\236rX\225\277"
  54      BDEFC7CF 
  54      A318EE9E 
  54      725895BF 
  55 0173 572A5915 		.ascii	"W*Y\025w\200\027,\262\326\225#k\341\030z\262\372\340"
  55      7780172C 
  55      B2D69523 
  55      6BE1187A 
  55      B2FAE0
  56 0186 C0424E2B 		.ascii	"\300BN+a.\204*\221\020\211ZJ\334\027\363Vu,\274\037"
  56      612E842A 
  56      9110895A 
  56      4ADC17F3 
  56      56752CBC 
  57 019b B8C7E3CF 		.ascii	"\270\307\343\317s|\026\321\006\374\240\352\012/oP\346"
  57      737C16D1 
  57      06FCA0EA 
ARM GAS  C:\Users\Thomas\AppData\Local\Temp\ccfvRal7.s 			page 4


  57      0A2F6F50 
  57      E6
  58 01ac 87E49BE2 		.ascii	"\207\344\233\342{;\333\222\270\341ux]\311\214w\263\275"
  58      7B3BDB92 
  58      B8E17578 
  58      5DC98C77 
  58      B3BD
  59 01be ADB3A72B 		.ascii	"\255\263\247+\345%\342m\235\327\257&\342\351\216\366"
  59      E525E26D 
  59      9DD7AF26 
  59      E2E98EF6 
  60 01ce CB2D2972 		.ascii	"\313-)ro'o\365x'\2723\311L:u-\235\351\376\013\016\272"
  60      6F276FF5 
  60      7827BA33 
  60      C94C3A75 
  60      2D9DE9FE 
  61 01e5 CDCA     		.ascii	"\315\312"
  62              		.text
  63              		.section	.gnu.lto_Pin_2_SetDriveMode.bdc42dc1,"",%progbits
  64 0000 789C7D51 		.ascii	"x\234}QM(DQ\024>\337\275o\336\033&\222\225\336N\321"
  64      4D284451 
  64      143EDFBD 
  64      6FDE1B26 
  64      9295DE4E 
  65 0015 50A294BD 		.ascii	"P\242\224\275Rl\225\355\324$\336\302\202\251\211\265"
  65      526C95ED 
  65      D424DEC2 
  65      82A989B5 
  66 0025 F7181B4A 		.ascii	"\367\030\033J\310BMJ$\3060\310\302\322$;El&#l\306\317"
  66      C8424D4A 
  66      24C630C8 
  66      C2D2243B 
  66      456C2623 
  67 003c 28321126 		.ascii	"(2\021&i\234\373\306bJ\271\275{\356\371N\337\367\275"
  67      699CFBC6 
  67      624AB9BD 
  67      7BEEF94E 
  67      DFF7BD
  68 004f 73CF95F4 		.ascii	"s\317\225\364w\231\274\037A\324\300'$A\314\234\0209"
  68      7799BC1F 
  68      41D4C027 
  68      2441CC9C 
  68      1039
  69 0061 5E01A884 		.ascii	"^\001\250\204@\243\002\243\310\212\234\300L2\276\340"
  69      40A302A3 
  69      C88A9CC0 
  69      4C32BEE0 
  70 0071 F3AFDAB6 		.ascii	"\363\257\332\266\375\262\274_3Q\223\027D\257\242h\203"
  70      FDB2BC5F 
  70      33519317 
  70      44AFA268 
  70      83
  71 0082 35F89972 		.ascii	"5\370\231r\237\317\256U\310:\020\347\337\263\251sQ\277"
  71      9FCFAE55 
  71      C83A10E7 
  71      DFB3A973 
  71      51BF
ARM GAS  C:\Users\Thomas\AppData\Local\Temp\ccfvRal7.s 			page 5


  72 0094 62DB63C9 		.ascii	"b\333c\311\203\204\335\216<{\256C\262\002M&\032M\342"
  72      8384DD8E 
  72      3C7BAE43 
  72      B2024D26 
  72      1A4DE2
  73 00a7 0221867A 		.ascii	"\002!\206zE\316E\276S>=\302\336UEOl@\347\266h\273:i"
  73      45CE45BE 
  73      533E3DC2 
  73      DE55454F 
  73      6C40E7B6 
  74 00bf 170AAF57 		.ascii	"\027\012\257W\263\353-\360\011\326\010\311Aj*x\240\344"
  74      B3EB2DF0 
  74      09D608C9 
  74      416A2A78 
  74      A0E4
  75 00d1 BA4A0D15 		.ascii	"\272J\015\025\274*\224)\016Q\206\267\272\301-\003>e"
  75      BC2A9429 
  75      0E5186B7 
  75      BAC12D03 
  75      3E65
  76 00e3 1A87EF93 		.ascii	"\032\207\357\223wQM\371~\010u\235\251\335\311\317\362"
  76      77514DF9 
  76      7E08759D 
  76      A9DDC9CF 
  76      F2
  77 00f4 079117DA 		.ascii	"\007\221\027\332\364\222ck\252\213\233\314\351\231\327"
  77      F492636B 
  77      AA8B9BCC 
  77      E999D7
  78 0103 2D9182D9 		.ascii	"-\221\202\331\371\313X\371\"\242N\204\233\367 \016\023"
  78      F9CB58F9 
  78      22A24E84 
  78      9BF7200E 
  78      13
  79 0114 9BE08161 		.ascii	"\233\340\201a\013\213\2404\306\256\215\242\235dG\306"
  79      0B8BA034 
  79      C6AE8DA2 
  79      9D6447C6 
  80 0124 E39F7A11 		.ascii	"\343\237z\021k\\b\375\305\363\313\261k's\205\337\305"
  80      6B5C62FD 
  80      C5F3CBB1 
  80      6B277385 
  80      DFC5
  81 0136 B34CB045 		.ascii	"\263L\260E\211\226?O\251\326\340\022k\317\366\236\216"
  81      89963F4F 
  81      A9D6E012 
  81      6BCFF69E 
  81      8E
  82 0147 3CAEB692 		.ascii	"<\256\266\222\260\355J\306\337~)^\367\017F\251K\031"
  82      B0ED4AC6 
  82      DF7E295E 
  82      F70F46A9 
  82      4B19
  83 0159 57191FCE 		.ascii	"W\031\037\316A\341\377z\337\341\336\231O\327p\222_\235"
  83      41E1FF7A 
  83      DFE1DE99 
  83      4FD77092 
ARM GAS  C:\Users\Thomas\AppData\Local\Temp\ccfvRal7.s 			page 6


  83      5F9D
  84 016b 8AADDE2F 		.ascii	"\212\255\336/\303o\301c\342\241\3256\007\272\254!+\334"
  84      C36FC163 
  84      E2A1D536 
  84      07BAAC21 
  84      2BDC
  85 017d 3B6CF507 		.ascii	";l\365\007{B#\341>+\320\335\023\352h\013t\017\014\005"
  85      7B4223E1 
  85      3E2BD0DD 
  85      13EA680B 
  85      740F0C05 
  86 0191 5B9BFB48 		.ascii	"[\233\373H\033\014\365[?}.\267_"
  86      1B0CF55B 
  86      3F7D2EB7 
  86      5F
  87              		.text
  88              		.section	.gnu.lto_Pin_2_Read.bdc42dc1,"",%progbits
  89 0000 789C654F 		.ascii	"x\234eO=H\202Q\024\275\347~\237?!H4\205[4H \016AK-A"
  89      3D488251 
  89      14BDE77E 
  89      9F3F2148 
  89      34855B34 
  90 001b 43ABE42A 		.ascii	"C\253\344*H\230C\213\202\324\354\247\251ES\272\226\016"
  90      4898438B 
  90      82D4ECA7 
  90      A94553BA 
  90      960E
  91 002d 85545A04 		.ascii	"\205TZ\004\005bC\020N\015aDC!a\213AmI\277\337Pv\237"
  91      05624310 
  91      4E0D6144 
  91      4321618B 
  91      416D49BF 
  92 0045 5F5B0FDE 		.ascii	"_[\017\336\271\357\336{\3569\357j\364\377x\344\316\201"
  92      B9EFDE7B 
  92      EE39EF6A 
  92      F4FF78E4 
  92      CE81
  93 0057 68542234 		.ascii	"hT\"4\002o4\211RN\006\324\203@IF\022\317\334e\\\236"
  93      026F3489 
  93      524E06D4 
  93      83404946 
  93      12CFDC65 
  94 006d FEDCC05B 		.ascii	"\376\334\300[6\214\364K\341\354\336\225\0356\231\350"
  94      368CF44B 
  94      E1ECDE95 
  94      1D3699E8 
  95 007d 95093E0F 		.ascii	"\225\011>\017\306\224\016v\341%!v3\337\267.{\3060\214"
  95      C6940E76 
  95      E1252176 
  95      33DFB72E 
  95      7BC6308C 
  96 0091 41D597C6 		.ascii	"A\325\227\306\036\354\342AGC\347F\257w\362\236_\233"
  96      1EECE241 
  96      4743E746 
  96      AF77F29E 
  96      5F9B
  97 00a3 820364B2 		.ascii	"\202\003d\2628\012\350\002lS`'\245I\035\001e\377\310"
ARM GAS  C:\Users\Thomas\AppData\Local\Temp\ccfvRal7.s 			page 7


  97      380AE802 
  97      6C536027 
  97      A5491D01 
  97      65FFC8
  98 00b6 ACA2D642 		.ascii	"\254\242\326B\343c\275]\232T:\237\254\211E\243Y-\351"
  98      E363BD5D 
  98      9A543A9F 
  98      AC8945A3 
  98      592DE9
  99 00c9 4F6CB296 		.ascii	"Ol\262\226\337N\031\272r}\350\\];\373%R\351V\255r\341"
  99      DF4E19BA 
  99      727DE85C 
  99      5D3BFB25 
  99      52E956AD 
 100 00df 2E623395 		.ascii	".b3\225\201\311:\366\341A\005\362KTQ\004\265\260\362"
 100      81C93AF6 
 100      E14105F2 
 100      4B545104 
 100      B5B0F2
 101 00f2 957B634B 		.ascii	"\225{cK\020\226\346\361N\2716\240\0040M8\020n\013\351"
 101      1096E6F1 
 101      4EB936A0 
 101      04304D38 
 101      106E0BE9 
 102 0106 B6C3A2E8 		.ascii	"\266\303\242\350\302RC\355\\G\267*6)\312P![\257\273"
 102      C25243ED 
 102      5C47B72A 
 102      3629CA50 
 102      215BAFBB 
 103 011a D590CD4E 		.ascii	"\325\220\315N8\264\206\356V}\026G\321\250\015\374e\375"
 103      38B486EE 
 103      567D1647 
 103      D1A80DFC 
 103      65FD
 104 012c CDA03692 		.ascii	"\315\2406\222\375F\374\241\331h,\232\230_\212.\204\203"
 104      FD46FCA1 
 104      D9682C9A 
 104      985F8A2E 
 104      8483
 105 013e F1E54424 		.ascii	"\361\345D$\032\012\004\3433\023\241\300b,<\356\217\320"
 105      1A0A04E3 
 105      3313A1C0 
 105      622C3CEE 
 105      8FD0
 106 0150 2F1B287F 		.ascii	"/\033(\1776"
 106      36
 107              		.text
 108              		.section	.gnu.lto_Pin_2_ReadDataReg.bdc42dc1,"",%progbits
 109 0000 789C654F 		.ascii	"x\234eO=H\202Q\024\275\347~\237?!D4\205[4H!\016AKS\320"
 109      3D488251 
 109      14BDE77E 
 109      9F3F2144 
 109      34855B34 
 110 001b D02AB90A 		.ascii	"\320*\271\012\022\366\015-\012R\263\237\346O4\211\253"
 110      12F60D2D 
 110      0A52B39F 
 110      E64F3489 
ARM GAS  C:\Users\Thomas\AppData\Local\Temp\ccfvRal7.s 			page 8


 110      AB
 111 002c D85048D9 		.ascii	"\330PH\331\017BA\0304DSC$\345PH\330bP\233RT\022i\367"
 111      0F424118 
 111      34445343 
 111      24E55048 
 111      D862509B 
 112 0045 F9B5F5E0 		.ascii	"\371\265\365\340\235\373\356\275\347\236\363\256F\377"
 112      9DFBEEBD 
 112      E79EF3AE 
 112      46FF
 113 0053 8F5BEE22 		.ascii	"\217[\356\"\210&$B#p\356\206(\341d@=\010\024g\304\361"
 113      88262442 
 113      2370EE86 
 113      28E16440 
 113      3D081467 
 114 0069 CA1DC6F5 		.ascii	"\312\035\306\365Y\257\016O\3114\223\355\273\372\243"
 114      59AF0E4F 
 114      C93493ED 
 114      BBFAA3
 115 0078 2B3DD665 		.ascii	"+=\326e\2427&x\335\230T:\330\205\207\204\330I\375\334"
 115      A2372678 
 115      DD98543A 
 115      D8858784 
 115      D849FDDC 
 116 008c BBEC29D3 		.ascii	"\273\354)\3234GT_\032{\260\213\007UF/\314~\377\244\226"
 116      3447545F 
 116      1A7BB08B 
 116      0755462F 
 116      CC7EFFA4 
 117 00a1 DF986207 		.ascii	"\337\230b\007\250\313\342(\240\013\260M\201\235\224"
 117      A8CBE228 
 117      A00BB04D 
 117      819D94
 118 00b0 26B50494 		.ascii	"&\265\004\224\3753\263\212Z\003\227\037\233\275\362"
 118      FD33B38A 
 118      5A03971F 
 118      9BBDF2
 119 00bf ACD2F964 		.ascii	"\254\322\371dM,\012\331\253o~\341.k\271\355\204\251"
 119      4D2C0AD9 
 119      AB6F7EE1 
 119      2E6BB9ED 
 119      84A9
 120 00d1 2BD7A756 		.ascii	"+\327\247V\355\3269(\221J\333\225\363-\275\210B\"\205"
 120      EDD63928 
 120      914ADB95 
 120      F32DBD88 
 120      422285
 121 00e4 2EEB28C3 		.ascii	".\353(\303\215}\310/q\200\"\250\201\365\257\314;[\202"
 121      8D7DC82F 
 121      718022A8 
 121      81F5AFCC 
 121      3B5B82
 122 00f7 B0348F77 		.ascii	"\2604\217wJ\247CJ\000s\204C\3416\220l:,\212.,5\324\314"
 122      4AA7434A 
 122      00738443 
 122      E136906C 
 122      3A2C8A2E 
ARM GAS  C:\Users\Thomas\AppData\Local\Temp\ccfvRal7.s 			page 9


 123 010f B474AB62 		.ascii	"\264t\253b\223\242\014\345\323\325\352\260\032\262\331"
 123      93A20CE5 
 123      D3D5EAB0 
 123      1AB2D9
 124 011e 0947D6D0 		.ascii	"\011G\326\320C\326kq\024\215\232\300_6\330\014j#\331"
 124      43D66B71 
 124      148D9AC0 
 124      5F36D80C 
 124      6A23D9
 125 0131 6FDC175C 		.ascii	"o\334\027\\0\"Fli\325X\016\005\242k\261\260\021\364"
 125      3022466C 
 125      69D5580E 
 125      05A26BB1 
 125      B011F4
 126 0144 07A2F333 		.ascii	"\007\242\3633A\377J$4\355\013\323/\246\266\177\266"
 126      41FF4A24 
 126      34ED0BD3 
 126      2FA6B67F 
 126      B6
 127              		.text
 128              		.section	.gnu.lto_.symbol_nodes.bdc42dc1,"",%progbits
 129 0000 789C6366 		.ascii	"x\234cf``pb\200\002&\206z\006\206\011\347\030\030\352"
 129      60607062 
 129      80022686 
 129      7A068609 
 129      E71818EA 
 130 0014 EB19E62D 		.ascii	"\353\031\346-\340``b\254gD\3413\3253\241\360\231\353"
 130      E0606062 
 130      AC6744E1 
 130      33D533A1 
 130      F099EB
 131 0027 9991F90C 		.ascii	"\231\221\371\014\0003\356\020\336"
 131      0033EE10 
 131      DE
 132              		.text
 133              		.section	.gnu.lto_.refs.bdc42dc1,"",%progbits
 134 0000 789C6366 		.ascii	"x\234cf```d\200\002\000\000=\000\005"
 134      60606064 
 134      80020000 
 134      3D0005
 135              		.text
 136              		.section	.gnu.lto_.decls.bdc42dc1,"",%progbits
 137 0000 789C8D92 		.ascii	"x\234\215\222]H\024Q\024\307\357\231;\256:n\333\307"
 137      5D481451 
 137      14C7EF99 
 137      3BAE3A6E 
 137      DBC7
 138 0012 83D612B4 		.ascii	"\203\326\022\264\021\010\201\370P\004\276%((A\261(\321"
 138      110881F8 
 138      5004BE25 
 138      282841B1 
 138      28D1
 139 0024 83822C3A 		.ascii	"\203\202,:\330\276hlc\340\2237\265\374(\324DiY\250$"
 139      D8BE686C 
 139      63E09337 
 139      B5FC28D4 
 139      446959A8 
ARM GAS  C:\Users\Thomas\AppData\Local\Temp\ccfvRal7.s 			page 10


 140 0039 35CBD4CC 		.ascii	"5\313\324\314\257uW\315YzY\010\013B\204\025\202L\012"
 140      AF7557CD 
 140      597A5908 
 140      0B428415 
 140      824C0A
 141 004c 7B5BA3C2 		.ascii	"{[\243\302@\230\316\334\331m\006[\301\003g\346\236\231"
 141      4098CEDC 
 141      D96D065B 
 141      C10367E6 
 141      9E99
 142 005e F3FB9F73 		.ascii	"\363\373\237s\357=\224\020\342\002B4\264BJH?\306i\350"
 142      EF3D9410 
 142      E2024234 
 142      B4424A48 
 142      3FC669E8 
 143 0072 6E629A88 		.ascii	"nb\232\210>\205>\203\036D\017\221\377m\312\302\215\243"
 143      3E853E83 
 143      1E440F91 
 143      FF6DCAC2 
 143      8DA3
 144 0084 67A3BF41 		.ascii	"g\243\277A_L\374\207D\316^\3235m{85\005;\223\202\015"
 144      5F4CFC87 
 144      44CE5ED3 
 144      356D7B38 
 144      35053B93 
 145 009a 26D82457 		.ascii	"&\330$Wj\341.Y\330`\0126t@6\325^\267\005\010M\374\\"
 145      6AE12E59 
 145      D8600A36 
 145      744036D5 
 145      5EB70508 
 146 00b1 C9DA12C0 		.ascii	"\311\332\022\300!\271\3640\334\033\365\3330\264K\242"
 146      21B9F430 
 146      DC1BF5DB 
 146      30B44BA2 
 147 00c1 1EAE2DB7 		.ascii	"\036\256-\267\265eP\001\364\365\240\177cU\312\033e\214"
 147      B5655001 
 147      F4F5A07F 
 147      6355CA1B 
 147      658C
 148 00d3 B5335505 		.ascii	"\2653U\005S\342\366\263\205\373\351\310dK<\354z\027"
 148      53E2F6B3 
 148      85FBE9C8 
 148      644B3CEC 
 148      7A17
 149 00e5 88501E6A 		.ascii	"\210P\036j:'\304b}\177(H\271\355\2145\263x/\243\307"
 149      3A27C462 
 149      7D7F2848 
 149      B9ED8C35 
 149      B3782FA3 
 150 00fa 09E439E1 		.ascii	"\011\3449\341\254\223\300\004\344b\032\214B\036\201"
 150      AC93C004 
 150      E4621A8C 
 150      421E81
 151 0109 97E08431 		.ascii	"\227\340\2041p\222!,\020\177\262\272~\2221\021\306A"
 151      7092212C 
 151      107FB2BA 
 151      7E923111 
ARM GAS  C:\Users\Thomas\AppData\Local\Temp\ccfvRal7.s 			page 11


 151      C641
 152 011b 82174079 		.ascii	"\202\027@y\006nC\257\220(\332s'\322#\212\002~\324s*"
 152      066E43AF 
 152      9028DA73 
 152      27D2238A 
 152      027ED473 
 153 0130 78B7BFB4 		.ascii	"x\267\277\264\215a!\247\037\005XO\013;\"\202;\033FP"
 153      8D6121A7 
 153      1F05584F 
 153      0B3B2282 
 153      3B1B4650 
 154 0144 F639CA12 		.ascii	"\3669\312\022\230\204\034|\276\002\321\020\010\304\272"
 154      98841C7C 
 154      BE02D110 
 154      08C4BA
 155 0153 76293DCF 		.ascii	"v)=\317\267\3664\020\371\230\345z\314\006&\343\332\217"
 155      B7F63410 
 155      F998E57A 
 155      CC0626E3 
 155      DA8F
 156 0165 989D4599 		.ascii	"\230\235E\231\252i\0279\002\257\377\225'\372\3328\317"
 156      AA691739 
 156      02AFFF95 
 156      27FADA38 
 156      CF
 157 0176 297021B6 		.ascii	")p!\266\325}\267\217R\017\227\230\036\034\373\352\340"
 157      D57DB78F 
 157      520F9798 
 157      1E1CFBEA 
 157      E0
 158 0187 1203E141 		.ascii	"\022\003\341A\233!\300\371i\013?\235\344g8\337\321:"
 158      9B21C0F9 
 158      690B3F9D 
 158      E46738DF 
 158      D13A
 159 0199 49ADEDEA 		.ascii	"I\255\355\352;1\373\235\345\375V$\332\015Nt\277\265"
 159      3B31FB9D 
 159      E5FD5624 
 159      DA0D4E74 
 159      BFB5
 160 01ab 5185D7FA 		.ascii	"Q\205\327\372\020\375\364\3550\257\365\371\373\246\254"
 160      10FDF4ED 
 160      30AFF5F9 
 160      FBA6AC
 161 01ba B6B25D4D 		.ascii	"\266\262]M\243\034\2009K\265\271d\265 \257\026_\033"
 161      A31C8039 
 161      4BB5B964 
 161      B520AF16 
 161      5F1B
 162 01cc 0953DAC4 		.ascii	"\011S\332\304\025\226\266c'\214f\037\015'\233\325\361"
 162      1596B663 
 162      278C661F 
 162      0D279BD5 
 162      F1
 163 01dd 790B3E9F 		.ascii	"y\013>\237\304C\034g\017\357\015e\320\007\300\371\331"
 163      C4431C67 
 163      0FEF0D65 
ARM GAS  C:\Users\Thomas\AppData\Local\Temp\ccfvRal7.s 			page 12


 163      D007C0F9 
 163      D9
 164 01ee DF9DA143 		.ascii	"\337\235\241C\022\336h\313\001n\024g`\365}\347Z\246"
 164      12DE68CB 
 164      016E1467 
 164      60F57DE7 
 164      5AA6
 165 0200 31037B89 		.ascii	"1\003{\211\245}g`g\263\264\225\025\302\"\236J\330\234"
 165      A57D6760 
 165      67B3B495 
 165      15C2229E 
 165      4AD89C
 166 0213 81053087 		.ascii	"\201\0050\207\240\343K`\305n\357\324\007\013O03\352"
 166      A0E34B60 
 166      C56EEFD4 
 166      070B4F30 
 166      33EA
 167 0225 E0C9E611 		.ascii	"\340\311\346\021\276\001;\337\001\276\267\005\032\031"
 167      BE013BDF 
 167      01BEB705 
 167      1A19
 168 0233 89AC4BE0 		.ascii	"\211\254K\340\224\234~\234\340\235S\240\242R\273~\372"
 168      949C7E9C 
 168      E09D53A0 
 168      A252BB7E 
 168      FA
 169 0244 F16646FD 		.ascii	"\361fF\375\216dG\204\377 \020A\231e\224\321\263\325"
 169      8E644784 
 169      FF201041 
 169      996594D1 
 169      B3D5
 170 0256 2D4D6BD2 		.ascii	"-Mk\322\014\353N\347\011\374\221\326\340\255S\012l%"
 170      0CEB4EE7 
 170      09FC91D6 
 170      E0AD530A 
 170      6C25
 171 0268 57AEBA8A 		.ascii	"W\256\272\212\310\231\374\312\022\271N\366y\024\271"
 171      C899FCCA 
 171      12B94EF6 
 171      7914B9
 172 0277 A6AABCBE 		.ascii	"\246\252\274\276\301W-W\272\313\353\213.TV7*\2157\344"
 172      C1572D57 
 172      BACBEB8B 
 172      2E545637 
 172      2A8D37E4 
 173 028b 9BF9D749 		.ascii	"\233\371\327I\226\333[Wu\256\352\232\317\253\310\247"
 173      96DB5B57 
 173      75AEEA9A 
 173      CFABC8A7 
 174 029b F7CDE749 		.ascii	"\367\315\347I\371\325\344\230\221].+\305>\357-\371r"
 174      F9D5E498 
 174      915D2E2B 
 174      C53EEF2D 
 174      F972
 175 02ad 7D8D2C19 		.ascii	"}\215,\031\237\312dO\315QsY\354Q<er\255\350\223k\013"
 175      9FCA644F 
 175      CD517359 
ARM GAS  C:\Users\Thomas\AppData\Local\Temp\ccfvRal7.s 			page 13


 175      EC513C65 
 175      72ADE893 
 176 02c3 FE023F5C 		.ascii	"\376\002?\\H\224"
 176      4894
 177              		.text
 178              		.section	.gnu.lto_.symtab.bdc42dc1,"",%progbits
 179 0000 50696E5F 		.ascii	"Pin_2_Write\000\000\000\000\000\000\000\000\000\000"
 179      325F5772 
 179      69746500 
 179      00000000 
 179      00000000 
 180 0015 0000B200 		.ascii	"\000\000\262\000\000\000Pin_2_SetDriveMode\000\000\000"
 180      00005069 
 180      6E5F325F 
 180      53657444 
 180      72697665 
 181 0030 00000000 		.ascii	"\000\000\000\000\000\000\000\000\000\264\000\000\000"
 181      00000000 
 181      00B40000 
 181      00
 182 003d 50696E5F 		.ascii	"Pin_2_Read\000\000\000\000\000\000\000\000\000\000\000"
 182      325F5265 
 182      61640000 
 182      00000000 
 182      00000000 
 183 0052 00B70000 		.ascii	"\000\267\000\000\000Pin_2_ReadDataReg\000\000\000\000"
 183      0050696E 
 183      5F325F52 
 183      65616444 
 183      61746152 
 184 006c 00000000 		.ascii	"\000\000\000\000\000\000\000\000\271\000\000\000"
 184      00000000 
 184      B9000000 
 185              		.text
 186              		.section	.gnu.lto_.opts,"",%progbits
 187 0000 272D666E 		.ascii	"'-fno-trapv' '-mcpu=cortex-m3' '-mthumb' '-g' '-O3'"
 187      6F2D7472 
 187      61707627 
 187      20272D6D 
 187      6370753D 
 188 0033 20272D66 		.ascii	" '-ffunction-sections' '-finline-functions' '-flto'"
 188      66756E63 
 188      74696F6E 
 188      2D736563 
 188      74696F6E 
 189 0066 20272D66 		.ascii	" '-ffat-lto-objects'\000"
 189      6661742D 
 189      6C746F2D 
 189      6F626A65 
 189      63747327 
 190              		.text
 191              		.cfi_sections	.debug_frame
 192              		.section	.text.Pin_2_Write,"ax",%progbits
 193              		.align	2
 194              		.global	Pin_2_Write
 195              		.thumb
 196              		.thumb_func
ARM GAS  C:\Users\Thomas\AppData\Local\Temp\ccfvRal7.s 			page 14


 197              		.type	Pin_2_Write, %function
 198              	Pin_2_Write:
 199              	.LFB0:
 200              		.file 1 ".\\Generated_Source\\PSoC5\\Pin_2.c"
   1:.\Generated_Source\PSoC5/Pin_2.c **** /*******************************************************************************
   2:.\Generated_Source\PSoC5/Pin_2.c **** * File Name: Pin_2.c  
   3:.\Generated_Source\PSoC5/Pin_2.c **** * Version 2.20
   4:.\Generated_Source\PSoC5/Pin_2.c **** *
   5:.\Generated_Source\PSoC5/Pin_2.c **** * Description:
   6:.\Generated_Source\PSoC5/Pin_2.c **** *  This file contains API to enable firmware control of a Pins component.
   7:.\Generated_Source\PSoC5/Pin_2.c **** *
   8:.\Generated_Source\PSoC5/Pin_2.c **** * Note:
   9:.\Generated_Source\PSoC5/Pin_2.c **** *
  10:.\Generated_Source\PSoC5/Pin_2.c **** ********************************************************************************
  11:.\Generated_Source\PSoC5/Pin_2.c **** * Copyright 2008-2015, Cypress Semiconductor Corporation.  All rights reserved.
  12:.\Generated_Source\PSoC5/Pin_2.c **** * You may use this file only in accordance with the license, terms, conditions, 
  13:.\Generated_Source\PSoC5/Pin_2.c **** * disclaimers, and limitations in the end user license agreement accompanying 
  14:.\Generated_Source\PSoC5/Pin_2.c **** * the software package with which this file was provided.
  15:.\Generated_Source\PSoC5/Pin_2.c **** *******************************************************************************/
  16:.\Generated_Source\PSoC5/Pin_2.c **** 
  17:.\Generated_Source\PSoC5/Pin_2.c **** #include "cytypes.h"
  18:.\Generated_Source\PSoC5/Pin_2.c **** #include "Pin_2.h"
  19:.\Generated_Source\PSoC5/Pin_2.c **** 
  20:.\Generated_Source\PSoC5/Pin_2.c **** /* APIs are not generated for P15[7:6] on PSoC 5 */
  21:.\Generated_Source\PSoC5/Pin_2.c **** #if !(CY_PSOC5A &&\
  22:.\Generated_Source\PSoC5/Pin_2.c **** 	 Pin_2__PORT == 15 && ((Pin_2__MASK & 0xC0) != 0))
  23:.\Generated_Source\PSoC5/Pin_2.c **** 
  24:.\Generated_Source\PSoC5/Pin_2.c **** 
  25:.\Generated_Source\PSoC5/Pin_2.c **** /*******************************************************************************
  26:.\Generated_Source\PSoC5/Pin_2.c **** * Function Name: Pin_2_Write
  27:.\Generated_Source\PSoC5/Pin_2.c **** ****************************************************************************//**
  28:.\Generated_Source\PSoC5/Pin_2.c **** *
  29:.\Generated_Source\PSoC5/Pin_2.c **** * \brief Writes the value to the physical port (data output register), masking
  30:.\Generated_Source\PSoC5/Pin_2.c **** *  and shifting the bits appropriately. 
  31:.\Generated_Source\PSoC5/Pin_2.c **** *
  32:.\Generated_Source\PSoC5/Pin_2.c **** * The data output register controls the signal applied to the physical pin in 
  33:.\Generated_Source\PSoC5/Pin_2.c **** * conjunction with the drive mode parameter. This function avoids changing 
  34:.\Generated_Source\PSoC5/Pin_2.c **** * other bits in the port by using the appropriate method (read-modify-write or
  35:.\Generated_Source\PSoC5/Pin_2.c **** * bit banding).
  36:.\Generated_Source\PSoC5/Pin_2.c **** *
  37:.\Generated_Source\PSoC5/Pin_2.c **** * <b>Note</b> This function should not be used on a hardware digital output pin 
  38:.\Generated_Source\PSoC5/Pin_2.c **** * as it is driven by the hardware signal attached to it.
  39:.\Generated_Source\PSoC5/Pin_2.c **** *
  40:.\Generated_Source\PSoC5/Pin_2.c **** * \param value
  41:.\Generated_Source\PSoC5/Pin_2.c **** *  Value to write to the component instance.
  42:.\Generated_Source\PSoC5/Pin_2.c **** *
  43:.\Generated_Source\PSoC5/Pin_2.c **** * \return 
  44:.\Generated_Source\PSoC5/Pin_2.c **** *  None 
  45:.\Generated_Source\PSoC5/Pin_2.c **** *
  46:.\Generated_Source\PSoC5/Pin_2.c **** * \sideeffect
  47:.\Generated_Source\PSoC5/Pin_2.c **** *  If you use read-modify-write operations that are not atomic; the Interrupt 
  48:.\Generated_Source\PSoC5/Pin_2.c **** *  Service Routines (ISR) can cause corruption of this function. An ISR that 
  49:.\Generated_Source\PSoC5/Pin_2.c **** *  interrupts this function and performs writes to the Pins component data 
  50:.\Generated_Source\PSoC5/Pin_2.c **** *  register can cause corrupted port data. To avoid this issue, you should 
  51:.\Generated_Source\PSoC5/Pin_2.c **** *  either use the Per-Pin APIs (primary method) or disable interrupts around 
  52:.\Generated_Source\PSoC5/Pin_2.c **** *  this function.
  53:.\Generated_Source\PSoC5/Pin_2.c **** *
ARM GAS  C:\Users\Thomas\AppData\Local\Temp\ccfvRal7.s 			page 15


  54:.\Generated_Source\PSoC5/Pin_2.c **** * \funcusage
  55:.\Generated_Source\PSoC5/Pin_2.c **** *  \snippet Pin_2_SUT.c usage_Pin_2_Write
  56:.\Generated_Source\PSoC5/Pin_2.c **** *******************************************************************************/
  57:.\Generated_Source\PSoC5/Pin_2.c **** void Pin_2_Write(uint8 value)
  58:.\Generated_Source\PSoC5/Pin_2.c **** {
 201              		.loc 1 58 0
 202              		.cfi_startproc
 203              		@ args = 0, pretend = 0, frame = 0
 204              		@ frame_needed = 0, uses_anonymous_args = 0
 205              		@ link register save eliminated.
 206              	.LVL0:
  59:.\Generated_Source\PSoC5/Pin_2.c ****     uint8 staticBits = (Pin_2_DR & (uint8)(~Pin_2_MASK));
 207              		.loc 1 59 0
 208 0000 044A     		ldr	r2, .L2
  60:.\Generated_Source\PSoC5/Pin_2.c ****     Pin_2_DR = staticBits | ((uint8)(value << Pin_2_SHIFT) & Pin_2_MASK);
 209              		.loc 1 60 0
 210 0002 8001     		lsls	r0, r0, #6
 211              	.LVL1:
  59:.\Generated_Source\PSoC5/Pin_2.c ****     uint8 staticBits = (Pin_2_DR & (uint8)(~Pin_2_MASK));
 212              		.loc 1 59 0
 213 0004 1378     		ldrb	r3, [r2]	@ zero_extendqisi2
 214              	.LVL2:
 215              		.loc 1 60 0
 216 0006 00F04000 		and	r0, r0, #64
  59:.\Generated_Source\PSoC5/Pin_2.c ****     uint8 staticBits = (Pin_2_DR & (uint8)(~Pin_2_MASK));
 217              		.loc 1 59 0
 218 000a 03F0BF03 		and	r3, r3, #191
 219              	.LVL3:
 220              		.loc 1 60 0
 221 000e 1843     		orrs	r0, r0, r3
 222 0010 1070     		strb	r0, [r2]
 223 0012 7047     		bx	lr
 224              	.L3:
 225              		.align	2
 226              	.L2:
 227 0014 10510040 		.word	1073762576
 228              		.cfi_endproc
 229              	.LFE0:
 230              		.size	Pin_2_Write, .-Pin_2_Write
 231              		.section	.text.Pin_2_SetDriveMode,"ax",%progbits
 232              		.align	2
 233              		.global	Pin_2_SetDriveMode
 234              		.thumb
 235              		.thumb_func
 236              		.type	Pin_2_SetDriveMode, %function
 237              	Pin_2_SetDriveMode:
 238              	.LFB1:
  61:.\Generated_Source\PSoC5/Pin_2.c **** }
  62:.\Generated_Source\PSoC5/Pin_2.c **** 
  63:.\Generated_Source\PSoC5/Pin_2.c **** 
  64:.\Generated_Source\PSoC5/Pin_2.c **** /*******************************************************************************
  65:.\Generated_Source\PSoC5/Pin_2.c **** * Function Name: Pin_2_SetDriveMode
  66:.\Generated_Source\PSoC5/Pin_2.c **** ****************************************************************************//**
  67:.\Generated_Source\PSoC5/Pin_2.c **** *
  68:.\Generated_Source\PSoC5/Pin_2.c **** * \brief Sets the drive mode for each of the Pins component's pins.
  69:.\Generated_Source\PSoC5/Pin_2.c **** * 
  70:.\Generated_Source\PSoC5/Pin_2.c **** * <b>Note</b> This affects all pins in the Pins component instance. Use the
ARM GAS  C:\Users\Thomas\AppData\Local\Temp\ccfvRal7.s 			page 16


  71:.\Generated_Source\PSoC5/Pin_2.c **** * Per-Pin APIs if you wish to control individual pin's drive modes.
  72:.\Generated_Source\PSoC5/Pin_2.c **** *
  73:.\Generated_Source\PSoC5/Pin_2.c **** * \param mode
  74:.\Generated_Source\PSoC5/Pin_2.c **** *  Mode for the selected signals. Valid options are documented in 
  75:.\Generated_Source\PSoC5/Pin_2.c **** *  \ref driveMode.
  76:.\Generated_Source\PSoC5/Pin_2.c **** *
  77:.\Generated_Source\PSoC5/Pin_2.c **** * \return
  78:.\Generated_Source\PSoC5/Pin_2.c **** *  None
  79:.\Generated_Source\PSoC5/Pin_2.c **** *
  80:.\Generated_Source\PSoC5/Pin_2.c **** * \sideeffect
  81:.\Generated_Source\PSoC5/Pin_2.c **** *  If you use read-modify-write operations that are not atomic, the ISR can
  82:.\Generated_Source\PSoC5/Pin_2.c **** *  cause corruption of this function. An ISR that interrupts this function 
  83:.\Generated_Source\PSoC5/Pin_2.c **** *  and performs writes to the Pins component Drive Mode registers can cause 
  84:.\Generated_Source\PSoC5/Pin_2.c **** *  corrupted port data. To avoid this issue, you should either use the Per-Pin
  85:.\Generated_Source\PSoC5/Pin_2.c **** *  APIs (primary method) or disable interrupts around this function.
  86:.\Generated_Source\PSoC5/Pin_2.c **** *
  87:.\Generated_Source\PSoC5/Pin_2.c **** * \funcusage
  88:.\Generated_Source\PSoC5/Pin_2.c **** *  \snippet Pin_2_SUT.c usage_Pin_2_SetDriveMode
  89:.\Generated_Source\PSoC5/Pin_2.c **** *******************************************************************************/
  90:.\Generated_Source\PSoC5/Pin_2.c **** void Pin_2_SetDriveMode(uint8 mode)
  91:.\Generated_Source\PSoC5/Pin_2.c **** {
 239              		.loc 1 91 0
 240              		.cfi_startproc
 241              		@ args = 0, pretend = 0, frame = 0
 242              		@ frame_needed = 0, uses_anonymous_args = 0
 243              		@ link register save eliminated.
 244              	.LVL4:
  92:.\Generated_Source\PSoC5/Pin_2.c **** 	CyPins_SetPinDriveMode(Pin_2_0, mode);
 245              		.loc 1 92 0
 246 0000 044A     		ldr	r2, .L5
 247 0002 00F00E00 		and	r0, r0, #14
 248              	.LVL5:
 249 0006 1378     		ldrb	r3, [r2]	@ zero_extendqisi2
 250 0008 03F0F103 		and	r3, r3, #241
 251 000c 1843     		orrs	r0, r0, r3
 252 000e 1070     		strb	r0, [r2]
 253 0010 7047     		bx	lr
 254              	.L6:
 255 0012 00BF     		.align	2
 256              	.L5:
 257 0014 0E500040 		.word	1073762318
 258              		.cfi_endproc
 259              	.LFE1:
 260              		.size	Pin_2_SetDriveMode, .-Pin_2_SetDriveMode
 261              		.section	.text.Pin_2_Read,"ax",%progbits
 262              		.align	2
 263              		.global	Pin_2_Read
 264              		.thumb
 265              		.thumb_func
 266              		.type	Pin_2_Read, %function
 267              	Pin_2_Read:
 268              	.LFB2:
  93:.\Generated_Source\PSoC5/Pin_2.c **** }
  94:.\Generated_Source\PSoC5/Pin_2.c **** 
  95:.\Generated_Source\PSoC5/Pin_2.c **** 
  96:.\Generated_Source\PSoC5/Pin_2.c **** /*******************************************************************************
  97:.\Generated_Source\PSoC5/Pin_2.c **** * Function Name: Pin_2_Read
ARM GAS  C:\Users\Thomas\AppData\Local\Temp\ccfvRal7.s 			page 17


  98:.\Generated_Source\PSoC5/Pin_2.c **** ****************************************************************************//**
  99:.\Generated_Source\PSoC5/Pin_2.c **** *
 100:.\Generated_Source\PSoC5/Pin_2.c **** * \brief Reads the associated physical port (pin status register) and masks 
 101:.\Generated_Source\PSoC5/Pin_2.c **** *  the required bits according to the width and bit position of the component
 102:.\Generated_Source\PSoC5/Pin_2.c **** *  instance. 
 103:.\Generated_Source\PSoC5/Pin_2.c **** *
 104:.\Generated_Source\PSoC5/Pin_2.c **** * The pin's status register returns the current logic level present on the 
 105:.\Generated_Source\PSoC5/Pin_2.c **** * physical pin.
 106:.\Generated_Source\PSoC5/Pin_2.c **** *
 107:.\Generated_Source\PSoC5/Pin_2.c **** * \return 
 108:.\Generated_Source\PSoC5/Pin_2.c **** *  The current value for the pins in the component as a right justified number.
 109:.\Generated_Source\PSoC5/Pin_2.c **** *
 110:.\Generated_Source\PSoC5/Pin_2.c **** * \funcusage
 111:.\Generated_Source\PSoC5/Pin_2.c **** *  \snippet Pin_2_SUT.c usage_Pin_2_Read  
 112:.\Generated_Source\PSoC5/Pin_2.c **** *******************************************************************************/
 113:.\Generated_Source\PSoC5/Pin_2.c **** uint8 Pin_2_Read(void)
 114:.\Generated_Source\PSoC5/Pin_2.c **** {
 269              		.loc 1 114 0
 270              		.cfi_startproc
 271              		@ args = 0, pretend = 0, frame = 0
 272              		@ frame_needed = 0, uses_anonymous_args = 0
 273              		@ link register save eliminated.
 115:.\Generated_Source\PSoC5/Pin_2.c ****     return (Pin_2_PS & Pin_2_MASK) >> Pin_2_SHIFT;
 274              		.loc 1 115 0
 275 0000 024B     		ldr	r3, .L8
 276 0002 1878     		ldrb	r0, [r3]	@ zero_extendqisi2
 116:.\Generated_Source\PSoC5/Pin_2.c **** }
 277              		.loc 1 116 0
 278 0004 C0F38010 		ubfx	r0, r0, #6, #1
 279 0008 7047     		bx	lr
 280              	.L9:
 281 000a 00BF     		.align	2
 282              	.L8:
 283 000c 11510040 		.word	1073762577
 284              		.cfi_endproc
 285              	.LFE2:
 286              		.size	Pin_2_Read, .-Pin_2_Read
 287              		.section	.text.Pin_2_ReadDataReg,"ax",%progbits
 288              		.align	2
 289              		.global	Pin_2_ReadDataReg
 290              		.thumb
 291              		.thumb_func
 292              		.type	Pin_2_ReadDataReg, %function
 293              	Pin_2_ReadDataReg:
 294              	.LFB3:
 117:.\Generated_Source\PSoC5/Pin_2.c **** 
 118:.\Generated_Source\PSoC5/Pin_2.c **** 
 119:.\Generated_Source\PSoC5/Pin_2.c **** /*******************************************************************************
 120:.\Generated_Source\PSoC5/Pin_2.c **** * Function Name: Pin_2_ReadDataReg
 121:.\Generated_Source\PSoC5/Pin_2.c **** ****************************************************************************//**
 122:.\Generated_Source\PSoC5/Pin_2.c **** *
 123:.\Generated_Source\PSoC5/Pin_2.c **** * \brief Reads the associated physical port's data output register and masks 
 124:.\Generated_Source\PSoC5/Pin_2.c **** *  the correct bits according to the width and bit position of the component 
 125:.\Generated_Source\PSoC5/Pin_2.c **** *  instance. 
 126:.\Generated_Source\PSoC5/Pin_2.c **** *
 127:.\Generated_Source\PSoC5/Pin_2.c **** * The data output register controls the signal applied to the physical pin in 
 128:.\Generated_Source\PSoC5/Pin_2.c **** * conjunction with the drive mode parameter. This is not the same as the 
ARM GAS  C:\Users\Thomas\AppData\Local\Temp\ccfvRal7.s 			page 18


 129:.\Generated_Source\PSoC5/Pin_2.c **** * preferred Pin_2_Read() API because the 
 130:.\Generated_Source\PSoC5/Pin_2.c **** * Pin_2_ReadDataReg() reads the data register instead of the status 
 131:.\Generated_Source\PSoC5/Pin_2.c **** * register. For output pins this is a useful function to determine the value 
 132:.\Generated_Source\PSoC5/Pin_2.c **** * just written to the pin.
 133:.\Generated_Source\PSoC5/Pin_2.c **** *
 134:.\Generated_Source\PSoC5/Pin_2.c **** * \return 
 135:.\Generated_Source\PSoC5/Pin_2.c **** *  The current value of the data register masked and shifted into a right 
 136:.\Generated_Source\PSoC5/Pin_2.c **** *  justified number for the component instance.
 137:.\Generated_Source\PSoC5/Pin_2.c **** *
 138:.\Generated_Source\PSoC5/Pin_2.c **** * \funcusage
 139:.\Generated_Source\PSoC5/Pin_2.c **** *  \snippet Pin_2_SUT.c usage_Pin_2_ReadDataReg 
 140:.\Generated_Source\PSoC5/Pin_2.c **** *******************************************************************************/
 141:.\Generated_Source\PSoC5/Pin_2.c **** uint8 Pin_2_ReadDataReg(void)
 142:.\Generated_Source\PSoC5/Pin_2.c **** {
 295              		.loc 1 142 0
 296              		.cfi_startproc
 297              		@ args = 0, pretend = 0, frame = 0
 298              		@ frame_needed = 0, uses_anonymous_args = 0
 299              		@ link register save eliminated.
 143:.\Generated_Source\PSoC5/Pin_2.c ****     return (Pin_2_DR & Pin_2_MASK) >> Pin_2_SHIFT;
 300              		.loc 1 143 0
 301 0000 024B     		ldr	r3, .L11
 302 0002 1878     		ldrb	r0, [r3]	@ zero_extendqisi2
 144:.\Generated_Source\PSoC5/Pin_2.c **** }
 303              		.loc 1 144 0
 304 0004 C0F38010 		ubfx	r0, r0, #6, #1
 305 0008 7047     		bx	lr
 306              	.L12:
 307 000a 00BF     		.align	2
 308              	.L11:
 309 000c 10510040 		.word	1073762576
 310              		.cfi_endproc
 311              	.LFE3:
 312              		.size	Pin_2_ReadDataReg, .-Pin_2_ReadDataReg
 313              		.text
 314              	.Letext0:
 315              		.file 2 ".\\Generated_Source\\PSoC5\\cytypes.h"
 316              		.section	.debug_info,"",%progbits
 317              	.Ldebug_info0:
 318 0000 1D010000 		.4byte	0x11d
 319 0004 0400     		.2byte	0x4
 320 0006 00000000 		.4byte	.Ldebug_abbrev0
 321 000a 04       		.byte	0x4
 322 000b 01       		.uleb128 0x1
 323 000c 25010000 		.4byte	.LASF20
 324 0010 01       		.byte	0x1
 325 0011 3B000000 		.4byte	.LASF21
 326 0015 A1000000 		.4byte	.LASF22
 327 0019 00000000 		.4byte	.Ldebug_ranges0+0
 328 001d 00000000 		.4byte	0
 329 0021 00000000 		.4byte	.Ldebug_line0
 330 0025 02       		.uleb128 0x2
 331 0026 01       		.byte	0x1
 332 0027 06       		.byte	0x6
 333 0028 EA010000 		.4byte	.LASF0
 334 002c 02       		.uleb128 0x2
 335 002d 01       		.byte	0x1
ARM GAS  C:\Users\Thomas\AppData\Local\Temp\ccfvRal7.s 			page 19


 336 002e 08       		.byte	0x8
 337 002f 62000000 		.4byte	.LASF1
 338 0033 02       		.uleb128 0x2
 339 0034 02       		.byte	0x2
 340 0035 05       		.byte	0x5
 341 0036 D1010000 		.4byte	.LASF2
 342 003a 02       		.uleb128 0x2
 343 003b 02       		.byte	0x2
 344 003c 07       		.byte	0x7
 345 003d 87000000 		.4byte	.LASF3
 346 0041 02       		.uleb128 0x2
 347 0042 04       		.byte	0x4
 348 0043 05       		.byte	0x5
 349 0044 E1010000 		.4byte	.LASF4
 350 0048 02       		.uleb128 0x2
 351 0049 04       		.byte	0x4
 352 004a 07       		.byte	0x7
 353 004b 75000000 		.4byte	.LASF5
 354 004f 02       		.uleb128 0x2
 355 0050 08       		.byte	0x8
 356 0051 05       		.byte	0x5
 357 0052 17010000 		.4byte	.LASF6
 358 0056 02       		.uleb128 0x2
 359 0057 08       		.byte	0x8
 360 0058 07       		.byte	0x7
 361 0059 FB000000 		.4byte	.LASF7
 362 005d 03       		.uleb128 0x3
 363 005e 04       		.byte	0x4
 364 005f 05       		.byte	0x5
 365 0060 696E7400 		.ascii	"int\000"
 366 0064 02       		.uleb128 0x2
 367 0065 04       		.byte	0x4
 368 0066 07       		.byte	0x7
 369 0067 DC000000 		.4byte	.LASF8
 370 006b 04       		.uleb128 0x4
 371 006c DB010000 		.4byte	.LASF12
 372 0070 02       		.byte	0x2
 373 0071 9201     		.2byte	0x192
 374 0073 2C000000 		.4byte	0x2c
 375 0077 02       		.uleb128 0x2
 376 0078 04       		.byte	0x4
 377 0079 04       		.byte	0x4
 378 007a 5C000000 		.4byte	.LASF9
 379 007e 02       		.uleb128 0x2
 380 007f 08       		.byte	0x8
 381 0080 04       		.byte	0x4
 382 0081 9A000000 		.4byte	.LASF10
 383 0085 02       		.uleb128 0x2
 384 0086 01       		.byte	0x1
 385 0087 08       		.byte	0x8
 386 0088 CC010000 		.4byte	.LASF11
 387 008c 04       		.uleb128 0x4
 388 008d 70000000 		.4byte	.LASF13
 389 0091 02       		.byte	0x2
 390 0092 3C02     		.2byte	0x23c
 391 0094 98000000 		.4byte	0x98
 392 0098 05       		.uleb128 0x5
ARM GAS  C:\Users\Thomas\AppData\Local\Temp\ccfvRal7.s 			page 20


 393 0099 6B000000 		.4byte	0x6b
 394 009d 06       		.uleb128 0x6
 395 009e 00000000 		.4byte	.LASF14
 396 00a2 01       		.byte	0x1
 397 00a3 39       		.byte	0x39
 398 00a4 00000000 		.4byte	.LFB0
 399 00a8 18000000 		.4byte	.LFE0-.LFB0
 400 00ac 01       		.uleb128 0x1
 401 00ad 9C       		.byte	0x9c
 402 00ae D1000000 		.4byte	0xd1
 403 00b2 07       		.uleb128 0x7
 404 00b3 17000000 		.4byte	.LASF16
 405 00b7 01       		.byte	0x1
 406 00b8 39       		.byte	0x39
 407 00b9 6B000000 		.4byte	0x6b
 408 00bd 00000000 		.4byte	.LLST0
 409 00c1 08       		.uleb128 0x8
 410 00c2 1D000000 		.4byte	.LASF23
 411 00c6 01       		.byte	0x1
 412 00c7 3B       		.byte	0x3b
 413 00c8 6B000000 		.4byte	0x6b
 414 00cc 21000000 		.4byte	.LLST1
 415 00d0 00       		.byte	0
 416 00d1 06       		.uleb128 0x6
 417 00d2 28000000 		.4byte	.LASF15
 418 00d6 01       		.byte	0x1
 419 00d7 5A       		.byte	0x5a
 420 00d8 00000000 		.4byte	.LFB1
 421 00dc 18000000 		.4byte	.LFE1-.LFB1
 422 00e0 01       		.uleb128 0x1
 423 00e1 9C       		.byte	0x9c
 424 00e2 F6000000 		.4byte	0xf6
 425 00e6 07       		.uleb128 0x7
 426 00e7 12010000 		.4byte	.LASF17
 427 00eb 01       		.byte	0x1
 428 00ec 5A       		.byte	0x5a
 429 00ed 6B000000 		.4byte	0x6b
 430 00f1 39000000 		.4byte	.LLST2
 431 00f5 00       		.byte	0
 432 00f6 09       		.uleb128 0x9
 433 00f7 0C000000 		.4byte	.LASF18
 434 00fb 01       		.byte	0x1
 435 00fc 71       		.byte	0x71
 436 00fd 6B000000 		.4byte	0x6b
 437 0101 00000000 		.4byte	.LFB2
 438 0105 10000000 		.4byte	.LFE2-.LFB2
 439 0109 01       		.uleb128 0x1
 440 010a 9C       		.byte	0x9c
 441 010b 09       		.uleb128 0x9
 442 010c E9000000 		.4byte	.LASF19
 443 0110 01       		.byte	0x1
 444 0111 8D       		.byte	0x8d
 445 0112 6B000000 		.4byte	0x6b
 446 0116 00000000 		.4byte	.LFB3
 447 011a 10000000 		.4byte	.LFE3-.LFB3
 448 011e 01       		.uleb128 0x1
 449 011f 9C       		.byte	0x9c
ARM GAS  C:\Users\Thomas\AppData\Local\Temp\ccfvRal7.s 			page 21


 450 0120 00       		.byte	0
 451              		.section	.debug_abbrev,"",%progbits
 452              	.Ldebug_abbrev0:
 453 0000 01       		.uleb128 0x1
 454 0001 11       		.uleb128 0x11
 455 0002 01       		.byte	0x1
 456 0003 25       		.uleb128 0x25
 457 0004 0E       		.uleb128 0xe
 458 0005 13       		.uleb128 0x13
 459 0006 0B       		.uleb128 0xb
 460 0007 03       		.uleb128 0x3
 461 0008 0E       		.uleb128 0xe
 462 0009 1B       		.uleb128 0x1b
 463 000a 0E       		.uleb128 0xe
 464 000b 55       		.uleb128 0x55
 465 000c 17       		.uleb128 0x17
 466 000d 11       		.uleb128 0x11
 467 000e 01       		.uleb128 0x1
 468 000f 10       		.uleb128 0x10
 469 0010 17       		.uleb128 0x17
 470 0011 00       		.byte	0
 471 0012 00       		.byte	0
 472 0013 02       		.uleb128 0x2
 473 0014 24       		.uleb128 0x24
 474 0015 00       		.byte	0
 475 0016 0B       		.uleb128 0xb
 476 0017 0B       		.uleb128 0xb
 477 0018 3E       		.uleb128 0x3e
 478 0019 0B       		.uleb128 0xb
 479 001a 03       		.uleb128 0x3
 480 001b 0E       		.uleb128 0xe
 481 001c 00       		.byte	0
 482 001d 00       		.byte	0
 483 001e 03       		.uleb128 0x3
 484 001f 24       		.uleb128 0x24
 485 0020 00       		.byte	0
 486 0021 0B       		.uleb128 0xb
 487 0022 0B       		.uleb128 0xb
 488 0023 3E       		.uleb128 0x3e
 489 0024 0B       		.uleb128 0xb
 490 0025 03       		.uleb128 0x3
 491 0026 08       		.uleb128 0x8
 492 0027 00       		.byte	0
 493 0028 00       		.byte	0
 494 0029 04       		.uleb128 0x4
 495 002a 16       		.uleb128 0x16
 496 002b 00       		.byte	0
 497 002c 03       		.uleb128 0x3
 498 002d 0E       		.uleb128 0xe
 499 002e 3A       		.uleb128 0x3a
 500 002f 0B       		.uleb128 0xb
 501 0030 3B       		.uleb128 0x3b
 502 0031 05       		.uleb128 0x5
 503 0032 49       		.uleb128 0x49
 504 0033 13       		.uleb128 0x13
 505 0034 00       		.byte	0
 506 0035 00       		.byte	0
ARM GAS  C:\Users\Thomas\AppData\Local\Temp\ccfvRal7.s 			page 22


 507 0036 05       		.uleb128 0x5
 508 0037 35       		.uleb128 0x35
 509 0038 00       		.byte	0
 510 0039 49       		.uleb128 0x49
 511 003a 13       		.uleb128 0x13
 512 003b 00       		.byte	0
 513 003c 00       		.byte	0
 514 003d 06       		.uleb128 0x6
 515 003e 2E       		.uleb128 0x2e
 516 003f 01       		.byte	0x1
 517 0040 3F       		.uleb128 0x3f
 518 0041 19       		.uleb128 0x19
 519 0042 03       		.uleb128 0x3
 520 0043 0E       		.uleb128 0xe
 521 0044 3A       		.uleb128 0x3a
 522 0045 0B       		.uleb128 0xb
 523 0046 3B       		.uleb128 0x3b
 524 0047 0B       		.uleb128 0xb
 525 0048 27       		.uleb128 0x27
 526 0049 19       		.uleb128 0x19
 527 004a 11       		.uleb128 0x11
 528 004b 01       		.uleb128 0x1
 529 004c 12       		.uleb128 0x12
 530 004d 06       		.uleb128 0x6
 531 004e 40       		.uleb128 0x40
 532 004f 18       		.uleb128 0x18
 533 0050 9742     		.uleb128 0x2117
 534 0052 19       		.uleb128 0x19
 535 0053 01       		.uleb128 0x1
 536 0054 13       		.uleb128 0x13
 537 0055 00       		.byte	0
 538 0056 00       		.byte	0
 539 0057 07       		.uleb128 0x7
 540 0058 05       		.uleb128 0x5
 541 0059 00       		.byte	0
 542 005a 03       		.uleb128 0x3
 543 005b 0E       		.uleb128 0xe
 544 005c 3A       		.uleb128 0x3a
 545 005d 0B       		.uleb128 0xb
 546 005e 3B       		.uleb128 0x3b
 547 005f 0B       		.uleb128 0xb
 548 0060 49       		.uleb128 0x49
 549 0061 13       		.uleb128 0x13
 550 0062 02       		.uleb128 0x2
 551 0063 17       		.uleb128 0x17
 552 0064 00       		.byte	0
 553 0065 00       		.byte	0
 554 0066 08       		.uleb128 0x8
 555 0067 34       		.uleb128 0x34
 556 0068 00       		.byte	0
 557 0069 03       		.uleb128 0x3
 558 006a 0E       		.uleb128 0xe
 559 006b 3A       		.uleb128 0x3a
 560 006c 0B       		.uleb128 0xb
 561 006d 3B       		.uleb128 0x3b
 562 006e 0B       		.uleb128 0xb
 563 006f 49       		.uleb128 0x49
ARM GAS  C:\Users\Thomas\AppData\Local\Temp\ccfvRal7.s 			page 23


 564 0070 13       		.uleb128 0x13
 565 0071 02       		.uleb128 0x2
 566 0072 17       		.uleb128 0x17
 567 0073 00       		.byte	0
 568 0074 00       		.byte	0
 569 0075 09       		.uleb128 0x9
 570 0076 2E       		.uleb128 0x2e
 571 0077 00       		.byte	0
 572 0078 3F       		.uleb128 0x3f
 573 0079 19       		.uleb128 0x19
 574 007a 03       		.uleb128 0x3
 575 007b 0E       		.uleb128 0xe
 576 007c 3A       		.uleb128 0x3a
 577 007d 0B       		.uleb128 0xb
 578 007e 3B       		.uleb128 0x3b
 579 007f 0B       		.uleb128 0xb
 580 0080 27       		.uleb128 0x27
 581 0081 19       		.uleb128 0x19
 582 0082 49       		.uleb128 0x49
 583 0083 13       		.uleb128 0x13
 584 0084 11       		.uleb128 0x11
 585 0085 01       		.uleb128 0x1
 586 0086 12       		.uleb128 0x12
 587 0087 06       		.uleb128 0x6
 588 0088 40       		.uleb128 0x40
 589 0089 18       		.uleb128 0x18
 590 008a 9742     		.uleb128 0x2117
 591 008c 19       		.uleb128 0x19
 592 008d 00       		.byte	0
 593 008e 00       		.byte	0
 594 008f 00       		.byte	0
 595              		.section	.debug_loc,"",%progbits
 596              	.Ldebug_loc0:
 597              	.LLST0:
 598 0000 00000000 		.4byte	.LVL0
 599 0004 04000000 		.4byte	.LVL1
 600 0008 0100     		.2byte	0x1
 601 000a 50       		.byte	0x50
 602 000b 04000000 		.4byte	.LVL1
 603 000f 18000000 		.4byte	.LFE0
 604 0013 0400     		.2byte	0x4
 605 0015 F3       		.byte	0xf3
 606 0016 01       		.uleb128 0x1
 607 0017 50       		.byte	0x50
 608 0018 9F       		.byte	0x9f
 609 0019 00000000 		.4byte	0
 610 001d 00000000 		.4byte	0
 611              	.LLST1:
 612 0021 06000000 		.4byte	.LVL2
 613 0025 0E000000 		.4byte	.LVL3
 614 0029 0600     		.2byte	0x6
 615 002b 73       		.byte	0x73
 616 002c 00       		.sleb128 0
 617 002d 09       		.byte	0x9
 618 002e BF       		.byte	0xbf
 619 002f 1A       		.byte	0x1a
 620 0030 9F       		.byte	0x9f
ARM GAS  C:\Users\Thomas\AppData\Local\Temp\ccfvRal7.s 			page 24


 621 0031 00000000 		.4byte	0
 622 0035 00000000 		.4byte	0
 623              	.LLST2:
 624 0039 00000000 		.4byte	.LVL4
 625 003d 06000000 		.4byte	.LVL5
 626 0041 0100     		.2byte	0x1
 627 0043 50       		.byte	0x50
 628 0044 06000000 		.4byte	.LVL5
 629 0048 18000000 		.4byte	.LFE1
 630 004c 0400     		.2byte	0x4
 631 004e F3       		.byte	0xf3
 632 004f 01       		.uleb128 0x1
 633 0050 50       		.byte	0x50
 634 0051 9F       		.byte	0x9f
 635 0052 00000000 		.4byte	0
 636 0056 00000000 		.4byte	0
 637              		.section	.debug_aranges,"",%progbits
 638 0000 34000000 		.4byte	0x34
 639 0004 0200     		.2byte	0x2
 640 0006 00000000 		.4byte	.Ldebug_info0
 641 000a 04       		.byte	0x4
 642 000b 00       		.byte	0
 643 000c 0000     		.2byte	0
 644 000e 0000     		.2byte	0
 645 0010 00000000 		.4byte	.LFB0
 646 0014 18000000 		.4byte	.LFE0-.LFB0
 647 0018 00000000 		.4byte	.LFB1
 648 001c 18000000 		.4byte	.LFE1-.LFB1
 649 0020 00000000 		.4byte	.LFB2
 650 0024 10000000 		.4byte	.LFE2-.LFB2
 651 0028 00000000 		.4byte	.LFB3
 652 002c 10000000 		.4byte	.LFE3-.LFB3
 653 0030 00000000 		.4byte	0
 654 0034 00000000 		.4byte	0
 655              		.section	.debug_ranges,"",%progbits
 656              	.Ldebug_ranges0:
 657 0000 00000000 		.4byte	.LFB0
 658 0004 18000000 		.4byte	.LFE0
 659 0008 00000000 		.4byte	.LFB1
 660 000c 18000000 		.4byte	.LFE1
 661 0010 00000000 		.4byte	.LFB2
 662 0014 10000000 		.4byte	.LFE2
 663 0018 00000000 		.4byte	.LFB3
 664 001c 10000000 		.4byte	.LFE3
 665 0020 00000000 		.4byte	0
 666 0024 00000000 		.4byte	0
 667              		.section	.debug_line,"",%progbits
 668              	.Ldebug_line0:
 669 0000 94000000 		.section	.debug_str,"MS",%progbits,1
 669      02004400 
 669      00000201 
 669      FB0E0D00 
 669      01010101 
 670              	.LASF14:
 671 0000 50696E5F 		.ascii	"Pin_2_Write\000"
 671      325F5772 
 671      69746500 
ARM GAS  C:\Users\Thomas\AppData\Local\Temp\ccfvRal7.s 			page 25


 672              	.LASF18:
 673 000c 50696E5F 		.ascii	"Pin_2_Read\000"
 673      325F5265 
 673      616400
 674              	.LASF16:
 675 0017 76616C75 		.ascii	"value\000"
 675      6500
 676              	.LASF23:
 677 001d 73746174 		.ascii	"staticBits\000"
 677      69634269 
 677      747300
 678              	.LASF15:
 679 0028 50696E5F 		.ascii	"Pin_2_SetDriveMode\000"
 679      325F5365 
 679      74447269 
 679      76654D6F 
 679      646500
 680              	.LASF21:
 681 003b 2E5C4765 		.ascii	".\\Generated_Source\\PSoC5\\Pin_2.c\000"
 681      6E657261 
 681      7465645F 
 681      536F7572 
 681      63655C50 
 682              	.LASF9:
 683 005c 666C6F61 		.ascii	"float\000"
 683      7400
 684              	.LASF1:
 685 0062 756E7369 		.ascii	"unsigned char\000"
 685      676E6564 
 685      20636861 
 685      7200
 686              	.LASF13:
 687 0070 72656738 		.ascii	"reg8\000"
 687      00
 688              	.LASF5:
 689 0075 6C6F6E67 		.ascii	"long unsigned int\000"
 689      20756E73 
 689      69676E65 
 689      6420696E 
 689      7400
 690              	.LASF3:
 691 0087 73686F72 		.ascii	"short unsigned int\000"
 691      7420756E 
 691      7369676E 
 691      65642069 
 691      6E7400
 692              	.LASF10:
 693 009a 646F7562 		.ascii	"double\000"
 693      6C6500
 694              	.LASF22:
 695 00a1 433A5C55 		.ascii	"C:\\Users\\Thomas\\Documents\\PSoC Creator\\TASBot\\"
 695      73657273 
 695      5C54686F 
 695      6D61735C 
 695      446F6375 
 696 00cf 54415342 		.ascii	"TASBot.cydsn\000"
 696      6F742E63 
ARM GAS  C:\Users\Thomas\AppData\Local\Temp\ccfvRal7.s 			page 26


 696      7964736E 
 696      00
 697              	.LASF8:
 698 00dc 756E7369 		.ascii	"unsigned int\000"
 698      676E6564 
 698      20696E74 
 698      00
 699              	.LASF19:
 700 00e9 50696E5F 		.ascii	"Pin_2_ReadDataReg\000"
 700      325F5265 
 700      61644461 
 700      74615265 
 700      6700
 701              	.LASF7:
 702 00fb 6C6F6E67 		.ascii	"long long unsigned int\000"
 702      206C6F6E 
 702      6720756E 
 702      7369676E 
 702      65642069 
 703              	.LASF17:
 704 0112 6D6F6465 		.ascii	"mode\000"
 704      00
 705              	.LASF6:
 706 0117 6C6F6E67 		.ascii	"long long int\000"
 706      206C6F6E 
 706      6720696E 
 706      7400
 707              	.LASF20:
 708 0125 474E5520 		.ascii	"GNU C 4.9.3 20150303 (release) [ARM/embedded-4_9-br"
 708      4320342E 
 708      392E3320 
 708      32303135 
 708      30333033 
 709 0158 616E6368 		.ascii	"anch revision 221220] -mcpu=cortex-m3 -mthumb -g -O"
 709      20726576 
 709      6973696F 
 709      6E203232 
 709      31323230 
 710 018b 33202D66 		.ascii	"3 -ffunction-sections -finline-functions -flto -ffa"
 710      66756E63 
 710      74696F6E 
 710      2D736563 
 710      74696F6E 
 711 01be 742D6C74 		.ascii	"t-lto-objects\000"
 711      6F2D6F62 
 711      6A656374 
 711      7300
 712              	.LASF11:
 713 01cc 63686172 		.ascii	"char\000"
 713      00
 714              	.LASF2:
 715 01d1 73686F72 		.ascii	"short int\000"
 715      7420696E 
 715      7400
 716              	.LASF12:
 717 01db 75696E74 		.ascii	"uint8\000"
 717      3800
ARM GAS  C:\Users\Thomas\AppData\Local\Temp\ccfvRal7.s 			page 27


 718              	.LASF4:
 719 01e1 6C6F6E67 		.ascii	"long int\000"
 719      20696E74 
 719      00
 720              	.LASF0:
 721 01ea 7369676E 		.ascii	"signed char\000"
 721      65642063 
 721      68617200 
 722              		.comm	__gnu_lto_v1,1,1
 723              		.ident	"GCC: (GNU Tools for ARM Embedded Processors) 4.9.3 20150303 (release) [ARM/embedded-4_9-br
