ARM GAS  C:\Users\Thomas\AppData\Local\Temp\ccH2cX7G.s 			page 1


   1              		.syntax unified
   2              		.cpu cortex-m3
   3              		.fpu softvfp
   4              		.eabi_attribute 20, 1
   5              		.eabi_attribute 21, 1
   6              		.eabi_attribute 23, 3
   7              		.eabi_attribute 24, 1
   8              		.eabi_attribute 25, 1
   9              		.eabi_attribute 26, 1
  10              		.eabi_attribute 30, 2
  11              		.eabi_attribute 34, 1
  12              		.eabi_attribute 18, 4
  13              		.thumb
  14              		.file	"Timer_1_PM.c"
  15              		.text
  16              	.Ltext0:
  17              		.section	.gnu.lto_.profile.be9c7f52,"",%progbits
  18 0000 789C6366 		.ascii	"x\234cf```a\200\000F\006\001\036\000\000\240\000%"
  18      60606061 
  18      80004606 
  18      011E0000 
  18      A00025
  19              		.text
  20              		.section	.gnu.lto_.jmpfuncs.be9c7f52,"",%progbits
  21 0000 789C6366 		.ascii	"x\234cf\300\016\370\2404\013\0203100CX\000\002]\000"
  21      C00EF8A0 
  21      340B1033 
  21      31303043 
  21      5800025D 
  22 0015 1F       		.ascii	"\037"
  23              		.text
  24              		.section	.gnu.lto_.inline.be9c7f52,"",%progbits
  25 0000 789C6366 		.ascii	"x\234cf\300\016\374\2404\013\003\003+\013#\003\023\313"
  25      C00EFCA0 
  25      340B0303 
  25      2B0B2303 
  25      13CB
  26 0012 027906B6 		.ascii	"\002y\006\266\005\362L 1&L!fL!\026L!\006\000\022\360"
  26      05F24C20 
  26      31264C21 
  26      664C2116 
  26      4C210600 
  27 0028 06B7     		.ascii	"\006\267"
  28              		.text
  29              		.section	.gnu.lto_.pureconst.be9c7f52,"",%progbits
  30 0000 789C6366 		.ascii	"x\234cf``\340d\200\000\026\006)&)f)\026)\000\002\321"
  30      6060E064 
  30      80001606 
  30      29262966 
  30      29162900 
  31 0016 0082     		.ascii	"\000\202"
  32              		.text
  33              		.section	.gnu.lto_Timer_1_SaveConfig.be9c7f52,"",%progbits
  34 0000 789C654F 		.ascii	"x\234eO=HBQ\024>\337\361\371\260\\\242\32192\010\205"
  34      3D484251 
  34      143EDFF1 
  34      F9B05CA2 
ARM GAS  C:\Users\Thomas\AppData\Local\Temp\ccH2cX7G.s 			page 2


  34      D1393208 
  35 0015 86E68686 		.ascii	"\206\346\206\206\246@\260Q\220\26074\224 5\212\357\211"
  35      A640B051 
  35      90B03734 
  35      9420358A 
  35      EF89
  36 0027 433494D4 		.ascii	"C4\224\324\022\2245E\226\246\020T\353\253\245 (\"(p"
  36      12943545 
  36      96A61054 
  36      EBABA520 
  36      28222870 
  37 003b 282483DA 		.ascii	"($\203\3322\251x\205\331\271\272\004]\270\234{\316\371"
  37      32A97885 
  37      D9B9BA04 
  37      5DB89C7B 
  37      CEF9
  38 004d EEF7E3A2 		.ascii	"\356\367\343\242\377\307'w\004D\003R\341\"p\366\222"
  38      FFC72777 
  38      04440352 
  38      E12270F6 
  38      92
  39 005e C8F230A0 		.ascii	"\310\3620\240\036\004J1Rx\341:#k\027\326\274\376m\323"
  39      1E044A31 
  39      5278E13A 
  39      236B17D6 
  39      BCFE6DD3 
  40 0072 345FD317 		.ascii	"4_\323\027V\310\206\303D\015\356\360`\007~\022P=\323"
  40      56C886C3 
  40      440DEEF0 
  40      60077E12 
  40      503DD3
  41 0085 BCF3EA19 		.ascii	"\274\363\352\031\001\365tv\310C\027~*\367\332f\253\325"
  41      01F57476 
  41      C843177E 
  41      2AF7DA66 
  41      ABD5
  42 0097 289E1C41 		.ascii	"(\236\034AcrXf5\331+\225'fU]\025\234~,\336\036v\251"
  42      63725866 
  42      35D92B95 
  42      2766555D 
  42      159C7E2C 
  43 00af 2F9FAC24 		.ascii	"/\237\254$W\253\316\243\373\231\035\346\367s\313\324"
  43      57ABCEA3 
  43      FB991DE6 
  43      F773CBD4 
  44 00bf 94C043ED 		.ascii	"\224\300C\355\352\332\323\036\221j\267\276\252g\335"
  44      EADAD31E 
  44      916AB7BE 
  44      AA67DD
  45 00ce 39AC5B19 		.ascii	"9\254[\031\261\343\302.|\330\203\204B\0019P\005\351"
  45      B1E3C22E 
  45      7CD88384 
  45      42013950 
  45      05E9
  46 00e0 956A9FE2 		.ascii	"\225j\237\342\023\350\346\315R\211\223\337\346\202\351"
  46      13E8E6CD 
  46      528993DF 
ARM GAS  C:\Users\Thomas\AppData\Local\Temp\ccH2cX7G.s 			page 3


  46      E682E9
  47 00ef 71586B2A 		.ascii	"qXk*s\177\371\264v\233\2672\033P|\246B\271QD\022\373"
  47      737FF9B4 
  47      769BB732 
  47      1B507CA6 
  47      42B95144 
  48 0105 8A50763F 		.ascii	"\212Pv?\305\345\003=P\220l\366\240\303:J\002|k\347G"
  48      C5E5033D 
  48      50906CF6 
  48      A0C33A4A 
  48      027C6BE7 
  49 011a 1901714C 		.ascii	"\031\001qL\367\260\354c\267\322S\323\232\204\224\\\202"
  49      F7B0EC63 
  49      B7D253D3 
  49      9A84945C 
  49      82
  50 012b E80F46C6 		.ascii	"\350\017F\306\214Y#19gLE\303\361\371D\314\210\204\302"
  50      8C592331 
  50      39674C45 
  50      C3F1F944 
  50      CC8884C2 
  51 013f F1D1E1C8 		.ascii	"\361\321\341\310\304\364\214\221\210\016EC\343\301\030"
  51      C4F48C91 
  51      880E4543 
  51      E3C118
  52 014e FD02000C 		.ascii	"\375\002\000\014\201\324"
  52      81D4
  53              		.text
  54              		.section	.gnu.lto_Timer_1_RestoreConfig.be9c7f52,"",%progbits
  55 0000 789C658F 		.ascii	"x\234e\217\277KBQ\024\307\317\367<}H.\321\022\370\007"
  55      BF4B4251 
  55      14C7CFF7 
  55      3C7D482E 
  55      D112F807 
  56 0014 64100A0D 		.ascii	"d\020\012\015M\215AM\205P\243 aoh(Aj\024\337\21374\225"
  56      4D8D414D 
  56      8550A320 
  56      616F6828 
  56      416A14DF 
  57 002c D512F48B 		.ascii	"\325\022\364\213\206\310\322\024\012Z}\265\324\224T"
  57      86C8D214 
  57      0A5A7DB5 
  57      D49454
  58 003b 43E05048 		.ascii	"C\340PH\006\265e\021\361\012\263su\212.\\\316\275\347"
  58      06B56511 
  58      F10AB373 
  58      758A2E5C 
  58      CEBDE7
  59 004e 7CCFF773 		.ascii	"|\317\367s\216F\377O@\356 \210z%B#p\346\212\310\362"
  59      8E46FF4F 
  59      40EE2088 
  59      7A254223 
  59      70E68AC8 
  60 0063 31A01E04 		.ascii	"1\240\036\004J3\322x\341:#\343\344\326\375\301=\323"
  60      4A33D278 
  60      E13A23E3 
  60      E4D6FDC1 
ARM GAS  C:\Users\Thomas\AppData\Local\Temp\ccH2cX7G.s 			page 4


  60      3DD3
  61 0075 345F6FCA 		.ascii	"4_o\312V\304\201\313D\357\334\366\301>\202$\242\272"
  61      56C481CB 
  61      44EFDCF6 
  61      C13E8224 
  61      A2BA
  62 0087 DDB8F3EB 		.ascii	"\335\270\363\353\266\210:\3335d\241\213?\025\273\034"
  62      B6883ADB 
  62      3564A18B 
  62      3F15BB1C 
  63 0097 B3D93C29 		.ascii	"\263\331<)\235et\017\223\313\222\253I]Q\236\230U\324"
  63      9D65740F 
  63      93CB92AB 
  63      495D519E 
  63      9855D4
  64 00aa 2A5838AD 		.ascii	"*X8\255\227\306T\307'+\342\366\355R\201S\337\346\242"
  64      97C654C7 
  64      272BE2F6 
  64      ED528153 
  64      DFE6A2
  65 00bd E973991B 		.ascii	"\351s\231\033\312N\262\017\265\362\265\357\231%\323"
  65      CA4EB20F 
  65      B5F2B5EF 
  65      9925D3
  66 00cc FA662D7B 		.ascii	"\372f-{\023[\330\260L\245\322p\200\024\016\021h\325"
  66      135BD8B0 
  66      4CA5D270 
  66      80140E11 
  66      68D5
  67 00de 7EF2CBC7 		.ascii	"~\362\313\307z\250\317e\017r\242yk\015\213<BT\301\371"
  67      7AA8CF65 
  67      0F72A279 
  67      6B0D8B3C 
  67      4254C1F9 
  68 00f2 EA6EB742 		.ascii	"\352n\267B\211l\255\352>z\225\243\367\343\3222=\177"
  68      896CADEA 
  68      3E7A95A3 
  68      F7E3D232 
  68      3D7F
  69 0104 20DE96D1 		.ascii	" \336\226\321\316W\365\242CAl\313\321]\326q\204\000"
  69      CE57F5A2 
  69      43416CCB 
  69      D15DD671 
  69      8400
  70 0116 0A8A82A2 		.ascii	"\012\212\202\242\030\313\270t\017\313Y\031V\216\012"
  70      18CBB874 
  70      0FCB5919 
  70      568E0A
  71 0125 52930565 		.ascii	"R\223\005e'\001\366\204\243#\306\254\221\234\2343\246"
  71      2701F684 
  71      A323C6AC 
  71      919C9C33 
  71      A6
  72 0136 62E389F9 		.ascii	"b\343\211\371d\334\210F\306\023C\003\321\211\351\031"
  72      64DC8846 
  72      C6134303 
  72      D189E919 
ARM GAS  C:\Users\Thomas\AppData\Local\Temp\ccH2cX7G.s 			page 5


  73 0146 2319EB8F 		.ascii	"#\031\353\217EF\303q\372\005p`\177\240"
  73      4546C371 
  73      FA057060 
  73      7FA0
  74              		.text
  75              		.section	.gnu.lto_Timer_1_Sleep.be9c7f52,"",%progbits
  76 0000 789C6590 		.ascii	"x\234e\2209KCA\020\307\347?/>\"\001\021+\361\003\030"
  76      394B4341 
  76      10C7E73F 
  76      2F3E2201 
  76      112BF103 
  77 0015 2118B0F0 		.ascii	"!\030\260\360\023\010\212\205 \3042\020$\276\302B\003"
  77      13088A85 
  77      20C43210 
  77      24BEC242 
  77      03
  78 0026 51CB90F7 		.ascii	"Q\313\220\3674B\260\360\210\026\202G'\036\271<H\037"
  78      3442B0F0 
  78      88168247 
  78      271EB93C 
  78      481F
  79 0038 2C249522 		.ascii	",$\225\"\242\301\024\212\030A;5\250<\304c6i<\026\226"
  79      A2C1148A 
  79      18413B35 
  79      A83CC463 
  79      36693C16 
  80 004d 3DE6B7BF 		.ascii	"=\346\267\277\331\031\215\376\217\026\231c j\223\025"
  80      D9198DFE 
  80      8F169963 
  80      206A9315 
  81 005d 1A81E78F 		.ascii	"\032\201\347\217\211,'\003jC\240(#\212\007~b\314\347"
  81      892C2703 
  81      6A43A028 
  81      238A077E 
  81      62CCE7
  82 0070 93CB2EF7 		.ascii	"\223\313.\367\206i\232\217\211\\\363t\263\315D\025\256"
  82      86699A8F 
  82      895CF374 
  82      B3CD4415 
  82      AE
  83 0081 69B00937 		.ascii	"i\260\0117\011\363\024\373(\272\364\2300\215\265\030"
  83      09F314FB 
  83      28BAF498 
  83      308DB518 
  84 0091 B6A08B9E 		.ascii	"\266\240\213\236\262My\363\353\353\340|!\356\201C#\233"
  84      B24D79F3 
  84      EBEBE07C 
  84      21EE8143 
  84      239B
  85 00a3 E5B22C80 		.ascii	"\345\262,\200\312r\307\254V\255\204\303\327\231\213"
  85      CA72C7AC 
  85      56AD84C3 
  85      D7998B
  86 00b2 5CFD2F4F 		.ascii	"\\\375/O\276x\304UKE\236\374\311\200m\350\222b\007\372"
  86      BE78C455 
  86      4B459EFC 
  86      C9806DE8 
ARM GAS  C:\Users\Thomas\AppData\Local\Temp\ccH2cX7G.s 			page 6


  86      926207FA 
  87 00c6 1B6B125B 		.ascii	"\033k\022[\274\261o\353\356\331f~)X\246C\341\327\345"
  87      BCB16FEB 
  87      EED9667E 
  87      2958A643 
  87      E1D7E5
  88 00d9 935367F5 		.ascii	"\223Sg\365\212\324\361~\252\220iX\303\212\265d9m\326"
  88      8AD4F17E 
  88      AA906958 
  88      C38AB564 
  88      396DD6
  89 00ec 90440B52 		.ascii	"\220D\013R\220& \2155P\011\223\211\275t\2572\012\274"
  89      9026208D 
  89      35500993 
  89      89BD74AF 
  89      320ABC
  90 00ff 7E369BE1 		.ascii	"~6\233\341\310\273\0317\205u|\250r~\032\035\325\343"
  90      C8BB1937 
  90      85757CA8 
  90      727E1A1D 
  90      D5E3
  91 0111 96155B85 		.ascii	"\226\025[\2052\232\212\252C\006\021d\225Qb\237\251\271"
  91      329A8AAA 
  91      43061164 
  91      9551629F 
  91      A9B9
  92 0123 7DBD3DA9 		.ascii	"}\275=\251\252\360\330\254cW\300g\321T\377\215=\264"
  92      AAF0D8AC 
  92      6357C067 
  92      D154FF8D 
  92      3DB4
  93 0135 CBB7E90A 		.ascii	"\313\267\351\012V\376\262[U\250\032Y\226*\245\027\002"
  93      56FEB25B 
  93      55A81A59 
  93      962AA517 
  93      02
  94 0146 B57AFD3D 		.ascii	"\265z\375=\306\250\021\036\0347\206\002\276\320D8h\370"
  94      C6A8111E 
  94      1C378602 
  94      BED04438 
  94      68F8
  95 0158 FB7DA1AE 		.ascii	"\373}\241\256N\377\300\360\210\021\016t\004\372\373"
  95      4EFFC0F0 
  95      88110E74 
  95      04FAFB
  96 0167 BC41FA06 		.ascii	"\274A\372\006\235\243\224L"
  96      9DA3944C 
  97              		.text
  98              		.section	.gnu.lto_Timer_1_Wakeup.be9c7f52,"",%progbits
  99 0000 789C6590 		.ascii	"x\234e\220\273K\003A\020\306\347\233K\216\200 b\243"
  99      BB4B0341 
  99      10C6E79B 
  99      4B8E8020 
  99      62A3
 100 0012 E40F3036 		.ascii	"\344\01706\011X\350?`\221J\021\264\014\004\321+,4\020"
 100      0958E83F 
 100      60914A11 
ARM GAS  C:\Users\Thomas\AppData\Local\Temp\ccH2cX7G.s 			page 7


 100      B40C04D1 
 100      2B2C3410 
 101 0026 B50CDE69 		.ascii	"\265\014\336i\204T\032\037\205\340\013\013\361\221\230"
 101      84541A1F 
 101      85E00B0B 
 101      F19198
 102 0035 F800C1CA 		.ascii	"\370\000\301\312`c*E-\004\013\037\0301v\306 rH\214\263"
 102      60632A45 
 102      2D040B1F 
 102      183176C6 
 102      2072488C 
 103 004a 67A52E2C 		.ascii	"g\245.,\263;\363\315\367\333Y\215\376/\257\354a\020"
 103      B33BF3CD 
 103      F7DB598D 
 103      FE2FAFEC 
 103      6110
 104 005c 354B8446 		.ascii	"5K\204F\340\344\031\221\345a@\035\0104\306\030\303\013"
 104      E0E41991 
 104      E561401D 
 104      0834C618 
 104      C30B
 105 006e 9718C95C 		.ascii	"\227\030\311\\j\241\306\267n\232\346\353\345Q\343d\243"
 105      6AA1C6B7 
 105      6E9AE6EB 
 105      E551E364 
 105      A3
 106 007f CD4465FE 		.ascii	"\315De\376\261\301\006|$\232R\274r]\243\307ES\367S\303"
 106      B1C1067C 
 106      249A52BC 
 106      725DA3C7 
 106      4553F753 
 107 0094 2674B1A7 		.ascii	"&t\261\247l}\316\254V\017\236g\022mpid\263$\013\"P\224"
 107      6C7DCEAC 
 107      560F9E67 
 107      126D7069 
 107      64B3240B 
 108 00ab 276615B5 		.ascii	"'f\025\265\033\214\037\226\216;\177\331\344VO\3311)"
 108      1B8C1F96 
 108      8E3B7FD9 
 108      E4564FD9 
 108      3129
 109 00bd 4BC71F00 		.ascii	"K\307\037\000\266\240\013a\033\372\007kR[\271\232\312"
 109      B6A00B61 
 109      1BFA076B 
 109      525BB99A 
 109      CA
 110 00ce 70ECD34C 		.ascii	"p\354\323L\230\036\233\271\242\360\222\275+\234_x\212"
 110      981E9BB9 
 110      A2F092BD 
 110      2B9C5F78 
 110      8A
 111 00df 2C19E7BA 		.ascii	",\031\347\272i\305\227\260\214E\313T*\015)\304\220\206"
 111      69C597B0 
 111      8C45CB54 
 111      2A0D29C4 
 111      9086
 112 00f1 D7A97DA5 		.ascii	"\327\251}\245\247\367u\177J\314\357\253K\260\331\205"
ARM GAS  C:\Users\Thomas\AppData\Local\Temp\ccH2cX7G.s 			page 8


 112      A7F7757F 
 112      4ACCEFAB 
 112      4BB0D985 
 113 0101 1D91BE49 		.ascii	"\035\221\276I\243\203B\006~\272\301\311\354Z\203\202"
 113      A3834206 
 113      7EBAC1C9 
 113      EC5A8382 
 114 0111 4AC3DC83 		.ascii	"J\303\334\203\375\350V\336\356\367\274e\272~\341\334"
 114      FDE856DE 
 114      EEF7BC65 
 114      BA7EE1DC 
 115 0121 8E657122 		.ascii	"\216eq\"\237\251U\270yKp:\262\360bW\341\260'\326\362"
 115      9FA955B8 
 115      794B703A 
 115      B2F06257 
 115      E1B027D6 
 116 0136 6EBA8595 		.ascii	"n\272\205\225\333\013\252\021\325G\026dL\371\013A6\005"
 116      DB0BAA11 
 116      D5471664 
 116      4CF90B41 
 116      3605
 117 0148 424163C8 		.ascii	"BAc\310\210\366\216\030\375\341\356\310h\264\317\010"
 117      88F68E18 
 117      FDE1EEC8 
 117      68B4CF08 
 118 0158 757547DA 		.ascii	"uuG\332[C=\003\203F4\334\022\356\352\010\364\3217\023"
 118      5B433D03 
 118      834634DC 
 118      12EEEA08 
 118      F4D13713 
 119 016c E09492   		.ascii	"\340\224\222"
 120              		.text
 121              		.section	.gnu.lto_.symbol_nodes.be9c7f52,"",%progbits
 122 0000 789C55C8 		.ascii	"x\234U\310A\015\000 \020\304\300\336\036$XC\325Z@\001"
 122      410D0020 
 122      10C4C0DE 
 122      1E245843 
 122      D55A4001 
 123 0014 41119AF8 		.ascii	"A\021\232\370\360\200\376\246\011tn\012\303\330`3W\243"
 123      F080FEA6 
 123      09746E0A 
 123      C3D86033 
 123      57A3
 124 0026 C2925372 		.ascii	"\302\222Sr\274[i}.\316\327\034\222.\022\022"
 124      BC5B697D 
 124      2ECED71C 
 124      922E1212 
 125              		.text
 126              		.section	.gnu.lto_.refs.be9c7f52,"",%progbits
 127 0000 789C6366 		.ascii	"x\234cf``\020e\200\000F\006FF&F& \311\310\014b\261\000"
 127      60601065 
 127      80004606 
 127      46462646 
 127      2620C9C8 
 128 0018 590C0003 		.ascii	"Y\014\000\003\357\0002"
 128      EF0032
 129              		.text
ARM GAS  C:\Users\Thomas\AppData\Local\Temp\ccH2cX7G.s 			page 9


 130              		.section	.gnu.lto_.decls.be9c7f52,"",%progbits
 131 0000 789C9553 		.ascii	"x\234\225S_HSQ\030?\337\275s\3165G$Y\354I\024\244\302"
 131      5F485351 
 131      183FDFBD 
 131      73CE3547 
 131      2459EC49 
 132 0017 8482C2B7 		.ascii	"\204\202\302\267\254=\370 \305pJD\202\331\272\231T\316"
 132      AC3DF820 
 132      C5704A44 
 132      82D9BA99 
 132      54CE
 133 0029 D6147C3B 		.ascii	"\326\024|;\271B\323\210\022K\361A\026\212\245\331\234"
 133      B942D388 
 133      124BF141 
 133      168AA5D9 
 133      9C
 134 003a E69F74D6 		.ascii	"\346\237t\326f\3514\302z\021\321\2270)\022\"X\030Be"
 134      66E934C2 
 134      7A11D197 
 134      30291222 
 134      58184265 
 135 004e DDBE7376 		.ascii	"\335\276sv\3576\303A\036\370\356\275\337=\277?\337\371"
 135      EF36C341 
 135      1EF8EEBD 
 135      DF3DBF3F 
 135      DFF9
 136 0060 BE7B4542 		.ascii	"\276{EB\310\031 D\306\265_C\310O\314\0230,$\272\360"
 136      C8192044 
 136      C6B55F43 
 136      C84FCC13 
 136      302C24BA 
 137 0075 35E9C5F0 		.ascii	"5\351\305\360`x1\0060\220B&\310\306\3050\211\0127\025"
 137      60783106 
 137      30904226 
 137      C8C6C530 
 137      890A3715 
 138 0089 23883189 		.ascii	"#\2101\2111\215\361\034cD\341\371\224{o\034\035\317"
 138      318DF11C 
 138      6344E1F9 
 138      947B6F1C 
 138      1DCF
 139 009b 3F3AB17C 		.ascii	"?:\261|U3V\307\023G\307\273\205z\004\005\037\257\246"
 139      553356C7 
 139      1347C7BB 
 139      857A0405 
 139      1FAFA6
 140 00ae 812DD424 		.ascii	"\201-\324$(\370xu}\023`\324\363}v\333\212\000F}\032"
 140      28F87875 
 140      7D1360D4 
 140      F37D76DB 
 140      8A00467D 
 141 00c3 4BC79A66 		.ascii	"K\307\232fZ\265\230\032\364\032\226\372~-\317iv\335"
 141      5AB5981A 
 141      F41A96FA 
 141      7E2DCF69 
 141      76DD
 142 00d5 A3B8EEB8 		.ascii	"\243\270\356\270\350v\015XR\341!\230\340\021\230P\261"
ARM GAS  C:\Users\Thomas\AppData\Local\Temp\ccH2cX7G.s 			page 10


 142      E8760D58 
 142      52E12198 
 142      E0119850 
 142      B1
 143 00e6 1B76E1F5 		.ascii	"\033v\341\365\264&\254\264\372\"\030L\022\005`\317\035"
 143      B426ACB4 
 143      FA22184C 
 143      120560CF 
 143      1D
 144 00f7 AD1FE6F4 		.ascii	"\255\037\346\364Y=H\253\247\201\025!jw\2775\324\225"
 144      593D48AB 
 144      A7811521 
 144      6A77BF35 
 144      D495
 145 0109 90D64E97 		.ascii	"\220\326N\227\274\241q\357\242\201\316\320\200,\373"
 145      BCA171EF 
 145      A281CED0 
 145      802CFB
 146 0118 297031E8 		.ascii	")p1\350\001\021\036C\026\303\262gN\202^HCb\367\247\346"
 146      01111E43 
 146      16C3B267 
 146      4E825E48 
 146      4362F7A7 
 147 012d 169D68E6 		.ascii	"\026\235h\346\352\256`[g\022\027q\377\036\240\271\327"
 147      EAAE605B 
 147      67121771 
 147      FF1EA0B9 
 147      D7
 148 013e E9BA2CBB 		.ascii	"\351\272,\273t\\\341I\214\302\023U\301\303\025\226_"
 148      745CE149 
 148      8CC21355 
 148      C1C31596 
 148      5F
 149 014f 2E7804F1 		.ascii	".x\004\361\024W\230Z\372hB\001\267\327\335\335\241\345"
 149      1457985A 
 149      FA684201 
 149      B7D7DDDD 
 149      A1E5
 150 0161 351CE1F4 		.ascii	"5\034\341\364\276\030z\237J\367rz\377\333\225eA,\343"
 150      BE187A9F 
 150      4AF7727A 
 150      FFDB9565 
 150      412CE3
 151 0174 F4FEAFD7 		.ascii	"\364\376\257\327\207ta\376\354\006~\177\014\277_\345"
 151      877461FE 
 151      EC067E7F 
 151      0CBF5FE5 
 152 0184 0F707EFB 		.ascii	"\017p~\373B\355m\275X\315\371\363\376\272:\235x\013"
 152      42ED6DBD 
 152      58CDF9F3 
 152      FEBA3A9D 
 152      780B
 153 0196 7872ADCB 		.ascii	"xr\255\313w+\021[\236\252\347\035\272\375\246mB\344"
 153      772B115B 
 153      9EAAE71D 
 153      BAFDA66D 
 153      42E4
ARM GAS  C:\Users\Thomas\AppData\Local\Temp\ccH2cX7G.s 			page 11


 154 01a8 A9CCB685 		.ascii	"\251\314\266\205\305\305\346\037\"\3503\353)\255\245"
 154      C5C5E61F 
 154      22E833EB 
 154      29ADA5
 155 01b7 A1262AEE 		.ascii	"\241&*\356&\220e\202\275&\002\317 \023a\334\020\206"
 155      26906582 
 155      BD2602CF 
 155      201361DC 
 155      1086
 156 01c9 702AC338 		.ascii	"p*\3038\225N\354y\250g\252'\337Esa\004\3640\030)\211"
 156      954EEC79 
 156      A867AA27 
 156      DF457361 
 156      04F43018 
 157 01df 3B287368 		.ascii	";(sh\223\347\007\215\3420\257@l\376\263\3565BJz\346"
 157      93E7078D 
 157      E230AF40 
 157      6CFEB3EE 
 157      35424A7A 
 158 01f4 5D36E850 		.ascii	"]6\350P-\315\275\242z\020\030\203\024\306\207q4\363"
 158      2DCDBDA2 
 158      7A101883 
 158      14C68771 
 158      34F3
 159 0206 413A1770 		.ascii	"A:\027pc-\241\306\351w\311-t)\000\334f\024m\030T)m\017"
 159      632DA1C6 
 159      E977C92D 
 159      742900DC 
 159      66146D18 
 160 021e A3EEC30B 		.ascii	"\243\356\303\013/hi\374\240\216\355\022\2659j\035Bo"
 160      2F6869FC 
 160      A08EED12 
 160      B5396A1D 
 160      426F
 161 0230 C0E5D242 		.ascii	"\300\345\322B\312&\316\360\002\01573\347\2023Z\200\347"
 161      CA26CEF0 
 161      020D3733 
 161      E782335A 
 161      80E7
 162 0242 B8F9347A 		.ascii	"\270\3714z:\246\257\036ora\265I\024?\207\033\334.w^"
 162      3AA6AF1E 
 162      6F7261B5 
 162      49143F87 
 162      1BDC2E77 
 163 0257 393C48EB 		.ascii	"9<H\353\335:NA\035\326-\266\363f\376\213;1\343\001\245"
 163      DD3A4E41 
 163      1DD62DB6 
 163      F366FE8B 
 163      3B31E301 
 164 026c EED0F8FB 		.ascii	"\356\320\370\373uh\241\356ZJ\331,9\320\037\326\216t"
 164      7568A1EE 
 164      5A4AD92C 
 164      39D01FD6 
 164      8E74
 165 027e C2CF060A 		.ascii	"\302\317\006\012\0018L`\0022\220N[\032;u\342Z\330eh"
 165      01384C60 
 165      0232904E 
ARM GAS  C:\Users\Thomas\AppData\Local\Temp\ccH2cX7G.s 			page 12


 165      5B1A3B75 
 165      E25AD865 
 166 0293 AD613459 		.ascii	"\255a4Y\217Sr\375\307\224\360\344so\033\346\223\302"
 166      8F5372FD 
 166      C794F0E4 
 166      736F1BE6 
 166      93C2
 167 02a5 73FD9731 		.ascii	"s\375\2271\025w\2567\374\206\327\224\352`\022;\3762"
 167      1577AE37 
 167      FC86D794 
 167      EA60123B 
 167      FE32
 168 02b7 7AF45710 		.ascii	"z\364W\020\235\354\315\345\266Y\203\241\201}-\370\313"
 168      9DECCDE5 
 168      B65983A1 
 168      817D2DF8 
 168      CB
 169 02c8 26CD1839 		.ascii	"&\315\03098\372\323\006\301\300\277J\274#z\255Kn\326"
 169      38FAD306 
 169      C1C0BF4A 
 169      BC237AAD 
 169      4B6ED6
 170 02db 6E40B393 		.ascii	"n@\263\223G\321\323\012\232\335w\024\226_\226\034%\007"
 170      47D1D30A 
 170      9ADD7714 
 170      965F961C 
 170      2507
 171 02ed 4AACA5D5 		.ascii	"J\254\245\325\222\331^q\276\274L\233w\242(\315L2\263"
 171      92D95E71 
 171      BEBC4C9B 
 171      77A228CD 
 171      4C32B3
 172 0300 8BF3A40A 		.ascii	"\213\363\244\012\311Q\352\224\316\225X\355U\016\233"
 172      C951EA94 
 172      CE9558ED 
 172      550E9B
 173 030f 546CB1DA 		.ascii	"Tl\261\332\315\207\212U\212\345x\266\215\354T\263\002"
 173      CD878A55 
 173      8AE578B6 
 173      8DEC54B3 
 173      02
 174 0320 E9AAD3EE 		.ascii	"\351\252\323\356P4\222#\262\227$\251\322\250f'K/JU\225"
 174      50349223 
 174      B29724A9 
 174      D2A86627 
 174      4B2F4A55 
 175 0335 11CAB1A3 		.ascii	"\021\312\261\243\346\374\"K\211\265\260\240\310\\\230"
 175      E6FC224B 
 175      89B5B0A0 
 175      C85C98
 176 0344 50555EE1 		.ascii	"PU^\341\314\311\210\353j\253q\326TJW\263/\020\203\315"
 176      CCC988EB 
 176      6AAB71D6 
 176      544A57B3 
 176      2F1083CD 
 177 0358 5EE174D8 		.ascii	"^\341t\330/Y\235\210\212OP\\\220\020\361?[j\273XU\251"
 177      2F599D88 
ARM GAS  C:\Users\Thomas\AppData\Local\Temp\ccH2cX7G.s 			page 13


 177      8A4F505C 
 177      9010F13F 
 177      5B6ABB58 
 178 036e 71486539 		.ascii	"qHe9\177\001<\002\271\223"
 178      7F013C02 
 178      B993
 179              		.text
 180              		.section	.gnu.lto_.symtab.be9c7f52,"",%progbits
 181 0000 54696D65 		.ascii	"Timer_1_SaveConfig\000\000\000\000\000\000\000\000\000"
 181      725F315F 
 181      53617665 
 181      436F6E66 
 181      69670000 
 182 001b 000000AC 		.ascii	"\000\000\000\254\000\000\000Timer_1_RestoreConfig\000"
 182      00000054 
 182      696D6572 
 182      5F315F52 
 182      6573746F 
 183 0038 00000000 		.ascii	"\000\000\000\000\000\000\000\000\000\000\000\256\000"
 183      00000000 
 183      000000AE 
 183      00
 184 0045 00005469 		.ascii	"\000\000Timer_1_Sleep\000\000\000\000\000\000\000\000"
 184      6D65725F 
 184      315F536C 
 184      65657000 
 184      00000000 
 185 005c 00000000 		.ascii	"\000\000\000\000\260\000\000\000Timer_1_Wakeup\000\000"
 185      B0000000 
 185      54696D65 
 185      725F315F 
 185      57616B65 
 186 0074 00000000 		.ascii	"\000\000\000\000\000\000\000\000\000\000\262\000\000"
 186      00000000 
 186      0000B200 
 186      00
 187 0081 00       		.ascii	"\000"
 188              		.text
 189              		.section	.gnu.lto_.opts,"",%progbits
 190 0000 272D666E 		.ascii	"'-fno-trapv' '-mcpu=cortex-m3' '-mthumb' '-g' '-O3'"
 190      6F2D7472 
 190      61707627 
 190      20272D6D 
 190      6370753D 
 191 0033 20272D66 		.ascii	" '-ffunction-sections' '-finline-functions' '-flto'"
 191      66756E63 
 191      74696F6E 
 191      2D736563 
 191      74696F6E 
 192 0066 20272D66 		.ascii	" '-ffat-lto-objects'\000"
 192      6661742D 
 192      6C746F2D 
 192      6F626A65 
 192      63747327 
 193              		.text
 194              		.cfi_sections	.debug_frame
 195              		.section	.text.Timer_1_SaveConfig,"ax",%progbits
ARM GAS  C:\Users\Thomas\AppData\Local\Temp\ccH2cX7G.s 			page 14


 196              		.align	2
 197              		.global	Timer_1_SaveConfig
 198              		.thumb
 199              		.thumb_func
 200              		.type	Timer_1_SaveConfig, %function
 201              	Timer_1_SaveConfig:
 202              	.LFB0:
 203              		.file 1 ".\\Generated_Source\\PSoC5\\Timer_1_PM.c"
   1:.\Generated_Source\PSoC5/Timer_1_PM.c **** /*******************************************************************************
   2:.\Generated_Source\PSoC5/Timer_1_PM.c **** * File Name: Timer_1_PM.c
   3:.\Generated_Source\PSoC5/Timer_1_PM.c **** * Version 1.80
   4:.\Generated_Source\PSoC5/Timer_1_PM.c **** *
   5:.\Generated_Source\PSoC5/Timer_1_PM.c **** * Description:
   6:.\Generated_Source\PSoC5/Timer_1_PM.c **** *  This file contains the setup, control, and status commands to support 
   7:.\Generated_Source\PSoC5/Timer_1_PM.c **** *  the component operation in the low power mode. 
   8:.\Generated_Source\PSoC5/Timer_1_PM.c **** *
   9:.\Generated_Source\PSoC5/Timer_1_PM.c **** * Note:
  10:.\Generated_Source\PSoC5/Timer_1_PM.c **** *
  11:.\Generated_Source\PSoC5/Timer_1_PM.c **** ********************************************************************************
  12:.\Generated_Source\PSoC5/Timer_1_PM.c **** * Copyright 2015, Cypress Semiconductor Corporation.  All rights reserved.
  13:.\Generated_Source\PSoC5/Timer_1_PM.c **** * You may use this file only in accordance with the license, terms, conditions, 
  14:.\Generated_Source\PSoC5/Timer_1_PM.c **** * disclaimers, and limitations in the end user license agreement accompanying 
  15:.\Generated_Source\PSoC5/Timer_1_PM.c **** * the software package with which this file was provided.
  16:.\Generated_Source\PSoC5/Timer_1_PM.c **** *******************************************************************************/
  17:.\Generated_Source\PSoC5/Timer_1_PM.c **** 
  18:.\Generated_Source\PSoC5/Timer_1_PM.c **** #include "Timer_1.h"
  19:.\Generated_Source\PSoC5/Timer_1_PM.c **** 
  20:.\Generated_Source\PSoC5/Timer_1_PM.c **** /* Check for removal by optimization */
  21:.\Generated_Source\PSoC5/Timer_1_PM.c **** #if !defined(Timer_1_Sync_ctrl_reg__REMOVED)
  22:.\Generated_Source\PSoC5/Timer_1_PM.c **** 
  23:.\Generated_Source\PSoC5/Timer_1_PM.c **** static Timer_1_BACKUP_STRUCT  Timer_1_backup = {0u};
  24:.\Generated_Source\PSoC5/Timer_1_PM.c **** 
  25:.\Generated_Source\PSoC5/Timer_1_PM.c ****     
  26:.\Generated_Source\PSoC5/Timer_1_PM.c **** /*******************************************************************************
  27:.\Generated_Source\PSoC5/Timer_1_PM.c **** * Function Name: Timer_1_SaveConfig
  28:.\Generated_Source\PSoC5/Timer_1_PM.c **** ********************************************************************************
  29:.\Generated_Source\PSoC5/Timer_1_PM.c **** *
  30:.\Generated_Source\PSoC5/Timer_1_PM.c **** * Summary:
  31:.\Generated_Source\PSoC5/Timer_1_PM.c **** *  Saves the control register value.
  32:.\Generated_Source\PSoC5/Timer_1_PM.c **** *
  33:.\Generated_Source\PSoC5/Timer_1_PM.c **** * Parameters:
  34:.\Generated_Source\PSoC5/Timer_1_PM.c **** *  None
  35:.\Generated_Source\PSoC5/Timer_1_PM.c **** *
  36:.\Generated_Source\PSoC5/Timer_1_PM.c **** * Return:
  37:.\Generated_Source\PSoC5/Timer_1_PM.c **** *  None
  38:.\Generated_Source\PSoC5/Timer_1_PM.c **** *
  39:.\Generated_Source\PSoC5/Timer_1_PM.c **** *******************************************************************************/
  40:.\Generated_Source\PSoC5/Timer_1_PM.c **** void Timer_1_SaveConfig(void) 
  41:.\Generated_Source\PSoC5/Timer_1_PM.c **** {
 204              		.loc 1 41 0
 205              		.cfi_startproc
 206              		@ args = 0, pretend = 0, frame = 0
 207              		@ frame_needed = 0, uses_anonymous_args = 0
 208              		@ link register save eliminated.
  42:.\Generated_Source\PSoC5/Timer_1_PM.c ****     Timer_1_backup.controlState = Timer_1_Control;
 209              		.loc 1 42 0
 210 0000 024A     		ldr	r2, .L2
ARM GAS  C:\Users\Thomas\AppData\Local\Temp\ccH2cX7G.s 			page 15


 211 0002 034B     		ldr	r3, .L2+4
 212 0004 1278     		ldrb	r2, [r2]	@ zero_extendqisi2
 213 0006 1A70     		strb	r2, [r3]
 214 0008 7047     		bx	lr
 215              	.L3:
 216 000a 00BF     		.align	2
 217              	.L2:
 218 000c 75640040 		.word	1073767541
 219 0010 00000000 		.word	.LANCHOR0
 220              		.cfi_endproc
 221              	.LFE0:
 222              		.size	Timer_1_SaveConfig, .-Timer_1_SaveConfig
 223              		.section	.text.Timer_1_RestoreConfig,"ax",%progbits
 224              		.align	2
 225              		.global	Timer_1_RestoreConfig
 226              		.thumb
 227              		.thumb_func
 228              		.type	Timer_1_RestoreConfig, %function
 229              	Timer_1_RestoreConfig:
 230              	.LFB1:
  43:.\Generated_Source\PSoC5/Timer_1_PM.c **** }
  44:.\Generated_Source\PSoC5/Timer_1_PM.c **** 
  45:.\Generated_Source\PSoC5/Timer_1_PM.c **** 
  46:.\Generated_Source\PSoC5/Timer_1_PM.c **** /*******************************************************************************
  47:.\Generated_Source\PSoC5/Timer_1_PM.c **** * Function Name: Timer_1_RestoreConfig
  48:.\Generated_Source\PSoC5/Timer_1_PM.c **** ********************************************************************************
  49:.\Generated_Source\PSoC5/Timer_1_PM.c **** *
  50:.\Generated_Source\PSoC5/Timer_1_PM.c **** * Summary:
  51:.\Generated_Source\PSoC5/Timer_1_PM.c **** *  Restores the control register value.
  52:.\Generated_Source\PSoC5/Timer_1_PM.c **** *
  53:.\Generated_Source\PSoC5/Timer_1_PM.c **** * Parameters:
  54:.\Generated_Source\PSoC5/Timer_1_PM.c **** *  None
  55:.\Generated_Source\PSoC5/Timer_1_PM.c **** *
  56:.\Generated_Source\PSoC5/Timer_1_PM.c **** * Return:
  57:.\Generated_Source\PSoC5/Timer_1_PM.c **** *  None
  58:.\Generated_Source\PSoC5/Timer_1_PM.c **** *
  59:.\Generated_Source\PSoC5/Timer_1_PM.c **** *
  60:.\Generated_Source\PSoC5/Timer_1_PM.c **** *******************************************************************************/
  61:.\Generated_Source\PSoC5/Timer_1_PM.c **** void Timer_1_RestoreConfig(void) 
  62:.\Generated_Source\PSoC5/Timer_1_PM.c **** {
 231              		.loc 1 62 0
 232              		.cfi_startproc
 233              		@ args = 0, pretend = 0, frame = 0
 234              		@ frame_needed = 0, uses_anonymous_args = 0
 235              		@ link register save eliminated.
  63:.\Generated_Source\PSoC5/Timer_1_PM.c ****      Timer_1_Control = Timer_1_backup.controlState;
 236              		.loc 1 63 0
 237 0000 024A     		ldr	r2, .L5
 238 0002 034B     		ldr	r3, .L5+4
 239 0004 1278     		ldrb	r2, [r2]	@ zero_extendqisi2
 240 0006 1A70     		strb	r2, [r3]
 241 0008 7047     		bx	lr
 242              	.L6:
 243 000a 00BF     		.align	2
 244              	.L5:
 245 000c 00000000 		.word	.LANCHOR0
 246 0010 75640040 		.word	1073767541
ARM GAS  C:\Users\Thomas\AppData\Local\Temp\ccH2cX7G.s 			page 16


 247              		.cfi_endproc
 248              	.LFE1:
 249              		.size	Timer_1_RestoreConfig, .-Timer_1_RestoreConfig
 250              		.section	.text.Timer_1_Sleep,"ax",%progbits
 251              		.align	2
 252              		.global	Timer_1_Sleep
 253              		.thumb
 254              		.thumb_func
 255              		.type	Timer_1_Sleep, %function
 256              	Timer_1_Sleep:
 257              	.LFB2:
  64:.\Generated_Source\PSoC5/Timer_1_PM.c **** }
  65:.\Generated_Source\PSoC5/Timer_1_PM.c **** 
  66:.\Generated_Source\PSoC5/Timer_1_PM.c **** 
  67:.\Generated_Source\PSoC5/Timer_1_PM.c **** /*******************************************************************************
  68:.\Generated_Source\PSoC5/Timer_1_PM.c **** * Function Name: Timer_1_Sleep
  69:.\Generated_Source\PSoC5/Timer_1_PM.c **** ********************************************************************************
  70:.\Generated_Source\PSoC5/Timer_1_PM.c **** *
  71:.\Generated_Source\PSoC5/Timer_1_PM.c **** * Summary:
  72:.\Generated_Source\PSoC5/Timer_1_PM.c **** *  Prepares the component for entering the low power mode.
  73:.\Generated_Source\PSoC5/Timer_1_PM.c **** *
  74:.\Generated_Source\PSoC5/Timer_1_PM.c **** * Parameters:
  75:.\Generated_Source\PSoC5/Timer_1_PM.c **** *  None
  76:.\Generated_Source\PSoC5/Timer_1_PM.c **** *
  77:.\Generated_Source\PSoC5/Timer_1_PM.c **** * Return:
  78:.\Generated_Source\PSoC5/Timer_1_PM.c **** *  None
  79:.\Generated_Source\PSoC5/Timer_1_PM.c **** *
  80:.\Generated_Source\PSoC5/Timer_1_PM.c **** *******************************************************************************/
  81:.\Generated_Source\PSoC5/Timer_1_PM.c **** void Timer_1_Sleep(void) 
  82:.\Generated_Source\PSoC5/Timer_1_PM.c **** {
 258              		.loc 1 82 0
 259              		.cfi_startproc
 260              		@ args = 0, pretend = 0, frame = 0
 261              		@ frame_needed = 0, uses_anonymous_args = 0
 262              		@ link register save eliminated.
 263              	.LBB6:
 264              	.LBB7:
  42:.\Generated_Source\PSoC5/Timer_1_PM.c **** }
 265              		.loc 1 42 0
 266 0000 024A     		ldr	r2, .L8
 267 0002 034B     		ldr	r3, .L8+4
 268 0004 1278     		ldrb	r2, [r2]	@ zero_extendqisi2
 269 0006 1A70     		strb	r2, [r3]
 270 0008 7047     		bx	lr
 271              	.L9:
 272 000a 00BF     		.align	2
 273              	.L8:
 274 000c 75640040 		.word	1073767541
 275 0010 00000000 		.word	.LANCHOR0
 276              	.LBE7:
 277              	.LBE6:
 278              		.cfi_endproc
 279              	.LFE2:
 280              		.size	Timer_1_Sleep, .-Timer_1_Sleep
 281              		.section	.text.Timer_1_Wakeup,"ax",%progbits
 282              		.align	2
 283              		.global	Timer_1_Wakeup
ARM GAS  C:\Users\Thomas\AppData\Local\Temp\ccH2cX7G.s 			page 17


 284              		.thumb
 285              		.thumb_func
 286              		.type	Timer_1_Wakeup, %function
 287              	Timer_1_Wakeup:
 288              	.LFB3:
  83:.\Generated_Source\PSoC5/Timer_1_PM.c ****     Timer_1_SaveConfig();
  84:.\Generated_Source\PSoC5/Timer_1_PM.c **** }
  85:.\Generated_Source\PSoC5/Timer_1_PM.c **** 
  86:.\Generated_Source\PSoC5/Timer_1_PM.c **** 
  87:.\Generated_Source\PSoC5/Timer_1_PM.c **** /*******************************************************************************
  88:.\Generated_Source\PSoC5/Timer_1_PM.c **** * Function Name: Timer_1_Wakeup
  89:.\Generated_Source\PSoC5/Timer_1_PM.c **** ********************************************************************************
  90:.\Generated_Source\PSoC5/Timer_1_PM.c **** *
  91:.\Generated_Source\PSoC5/Timer_1_PM.c **** * Summary:
  92:.\Generated_Source\PSoC5/Timer_1_PM.c **** *  Restores the component after waking up from the low power mode.
  93:.\Generated_Source\PSoC5/Timer_1_PM.c **** *
  94:.\Generated_Source\PSoC5/Timer_1_PM.c **** * Parameters:
  95:.\Generated_Source\PSoC5/Timer_1_PM.c **** *  None
  96:.\Generated_Source\PSoC5/Timer_1_PM.c **** *
  97:.\Generated_Source\PSoC5/Timer_1_PM.c **** * Return:
  98:.\Generated_Source\PSoC5/Timer_1_PM.c **** *  None
  99:.\Generated_Source\PSoC5/Timer_1_PM.c **** *
 100:.\Generated_Source\PSoC5/Timer_1_PM.c **** *******************************************************************************/
 101:.\Generated_Source\PSoC5/Timer_1_PM.c **** void Timer_1_Wakeup(void)  
 102:.\Generated_Source\PSoC5/Timer_1_PM.c **** {
 289              		.loc 1 102 0
 290              		.cfi_startproc
 291              		@ args = 0, pretend = 0, frame = 0
 292              		@ frame_needed = 0, uses_anonymous_args = 0
 293              		@ link register save eliminated.
 294              	.LBB8:
 295              	.LBB9:
  63:.\Generated_Source\PSoC5/Timer_1_PM.c **** }
 296              		.loc 1 63 0
 297 0000 024A     		ldr	r2, .L11
 298 0002 034B     		ldr	r3, .L11+4
 299 0004 1278     		ldrb	r2, [r2]	@ zero_extendqisi2
 300 0006 1A70     		strb	r2, [r3]
 301 0008 7047     		bx	lr
 302              	.L12:
 303 000a 00BF     		.align	2
 304              	.L11:
 305 000c 00000000 		.word	.LANCHOR0
 306 0010 75640040 		.word	1073767541
 307              	.LBE9:
 308              	.LBE8:
 309              		.cfi_endproc
 310              	.LFE3:
 311              		.size	Timer_1_Wakeup, .-Timer_1_Wakeup
 312              		.bss
 313              		.align	2
 314              		.set	.LANCHOR0,. + 0
 315              		.type	Timer_1_backup, %object
 316              		.size	Timer_1_backup, 1
 317              	Timer_1_backup:
 318 0000 00       		.space	1
 319 0001 000000   		.text
ARM GAS  C:\Users\Thomas\AppData\Local\Temp\ccH2cX7G.s 			page 18


 320              	.Letext0:
 321              		.file 2 ".\\Generated_Source\\PSoC5\\cytypes.h"
 322              		.file 3 ".\\Generated_Source\\PSoC5\\Timer_1.h"
 323              		.section	.debug_info,"",%progbits
 324              	.Ldebug_info0:
 325 0000 43010000 		.4byte	0x143
 326 0004 0400     		.2byte	0x4
 327 0006 00000000 		.4byte	.Ldebug_abbrev0
 328 000a 04       		.byte	0x4
 329 000b 01       		.uleb128 0x1
 330 000c 32010000 		.4byte	.LASF19
 331 0010 01       		.byte	0x1
 332 0011 73000000 		.4byte	.LASF20
 333 0015 99000000 		.4byte	.LASF21
 334 0019 00000000 		.4byte	.Ldebug_ranges0+0
 335 001d 00000000 		.4byte	0
 336 0021 00000000 		.4byte	.Ldebug_line0
 337 0025 02       		.uleb128 0x2
 338 0026 01       		.byte	0x1
 339 0027 06       		.byte	0x6
 340 0028 15020000 		.4byte	.LASF0
 341 002c 02       		.uleb128 0x2
 342 002d 01       		.byte	0x1
 343 002e 08       		.byte	0x8
 344 002f 19000000 		.4byte	.LASF1
 345 0033 02       		.uleb128 0x2
 346 0034 02       		.byte	0x2
 347 0035 05       		.byte	0x5
 348 0036 ED010000 		.4byte	.LASF2
 349 003a 02       		.uleb128 0x2
 350 003b 02       		.byte	0x2
 351 003c 07       		.byte	0x7
 352 003d 4C000000 		.4byte	.LASF3
 353 0041 02       		.uleb128 0x2
 354 0042 04       		.byte	0x4
 355 0043 05       		.byte	0x5
 356 0044 FD010000 		.4byte	.LASF4
 357 0048 02       		.uleb128 0x2
 358 0049 04       		.byte	0x4
 359 004a 07       		.byte	0x7
 360 004b 2C000000 		.4byte	.LASF5
 361 004f 02       		.uleb128 0x2
 362 0050 08       		.byte	0x8
 363 0051 05       		.byte	0x5
 364 0052 24010000 		.4byte	.LASF6
 365 0056 02       		.uleb128 0x2
 366 0057 08       		.byte	0x8
 367 0058 07       		.byte	0x7
 368 0059 F7000000 		.4byte	.LASF7
 369 005d 03       		.uleb128 0x3
 370 005e 04       		.byte	0x4
 371 005f 05       		.byte	0x5
 372 0060 696E7400 		.ascii	"int\000"
 373 0064 02       		.uleb128 0x2
 374 0065 04       		.byte	0x4
 375 0066 07       		.byte	0x7
 376 0067 EA000000 		.4byte	.LASF8
ARM GAS  C:\Users\Thomas\AppData\Local\Temp\ccH2cX7G.s 			page 19


 377 006b 04       		.uleb128 0x4
 378 006c F7010000 		.4byte	.LASF12
 379 0070 02       		.byte	0x2
 380 0071 9201     		.2byte	0x192
 381 0073 2C000000 		.4byte	0x2c
 382 0077 02       		.uleb128 0x2
 383 0078 04       		.byte	0x4
 384 0079 04       		.byte	0x4
 385 007a 13000000 		.4byte	.LASF9
 386 007e 02       		.uleb128 0x2
 387 007f 08       		.byte	0x8
 388 0080 04       		.byte	0x4
 389 0081 6C000000 		.4byte	.LASF10
 390 0085 02       		.uleb128 0x2
 391 0086 01       		.byte	0x1
 392 0087 08       		.byte	0x8
 393 0088 D9010000 		.4byte	.LASF11
 394 008c 04       		.uleb128 0x4
 395 008d 27000000 		.4byte	.LASF13
 396 0091 02       		.byte	0x2
 397 0092 3C02     		.2byte	0x23c
 398 0094 98000000 		.4byte	0x98
 399 0098 05       		.uleb128 0x5
 400 0099 6B000000 		.4byte	0x6b
 401 009d 06       		.uleb128 0x6
 402 009e 01       		.byte	0x1
 403 009f 03       		.byte	0x3
 404 00a0 1C       		.byte	0x1c
 405 00a1 B2000000 		.4byte	0xb2
 406 00a5 07       		.uleb128 0x7
 407 00a6 5F000000 		.4byte	.LASF22
 408 00aa 03       		.byte	0x3
 409 00ab 1E       		.byte	0x1e
 410 00ac 6B000000 		.4byte	0x6b
 411 00b0 00       		.byte	0
 412 00b1 00       		.byte	0
 413 00b2 08       		.uleb128 0x8
 414 00b3 D4000000 		.4byte	.LASF14
 415 00b7 03       		.byte	0x3
 416 00b8 20       		.byte	0x20
 417 00b9 9D000000 		.4byte	0x9d
 418 00bd 09       		.uleb128 0x9
 419 00be 00000000 		.4byte	.LASF15
 420 00c2 01       		.byte	0x1
 421 00c3 28       		.byte	0x28
 422 00c4 01       		.byte	0x1
 423 00c5 09       		.uleb128 0x9
 424 00c6 0E010000 		.4byte	.LASF16
 425 00ca 01       		.byte	0x1
 426 00cb 3D       		.byte	0x3d
 427 00cc 01       		.byte	0x1
 428 00cd 0A       		.uleb128 0xa
 429 00ce BD000000 		.4byte	0xbd
 430 00d2 00000000 		.4byte	.LFB0
 431 00d6 14000000 		.4byte	.LFE0-.LFB0
 432 00da 01       		.uleb128 0x1
 433 00db 9C       		.byte	0x9c
ARM GAS  C:\Users\Thomas\AppData\Local\Temp\ccH2cX7G.s 			page 20


 434 00dc 0A       		.uleb128 0xa
 435 00dd C5000000 		.4byte	0xc5
 436 00e1 00000000 		.4byte	.LFB1
 437 00e5 14000000 		.4byte	.LFE1-.LFB1
 438 00e9 01       		.uleb128 0x1
 439 00ea 9C       		.byte	0x9c
 440 00eb 0B       		.uleb128 0xb
 441 00ec 3E000000 		.4byte	.LASF17
 442 00f0 01       		.byte	0x1
 443 00f1 51       		.byte	0x51
 444 00f2 00000000 		.4byte	.LFB2
 445 00f6 14000000 		.4byte	.LFE2-.LFB2
 446 00fa 01       		.uleb128 0x1
 447 00fb 9C       		.byte	0x9c
 448 00fc 10010000 		.4byte	0x110
 449 0100 0C       		.uleb128 0xc
 450 0101 BD000000 		.4byte	0xbd
 451 0105 00000000 		.4byte	.LBB6
 452 0109 14000000 		.4byte	.LBE6-.LBB6
 453 010d 01       		.byte	0x1
 454 010e 53       		.byte	0x53
 455 010f 00       		.byte	0
 456 0110 0B       		.uleb128 0xb
 457 0111 06020000 		.4byte	.LASF18
 458 0115 01       		.byte	0x1
 459 0116 65       		.byte	0x65
 460 0117 00000000 		.4byte	.LFB3
 461 011b 14000000 		.4byte	.LFE3-.LFB3
 462 011f 01       		.uleb128 0x1
 463 0120 9C       		.byte	0x9c
 464 0121 35010000 		.4byte	0x135
 465 0125 0C       		.uleb128 0xc
 466 0126 C5000000 		.4byte	0xc5
 467 012a 00000000 		.4byte	.LBB8
 468 012e 14000000 		.4byte	.LBE8-.LBB8
 469 0132 01       		.byte	0x1
 470 0133 67       		.byte	0x67
 471 0134 00       		.byte	0
 472 0135 0D       		.uleb128 0xd
 473 0136 DE010000 		.4byte	.LASF23
 474 013a 01       		.byte	0x1
 475 013b 17       		.byte	0x17
 476 013c B2000000 		.4byte	0xb2
 477 0140 05       		.uleb128 0x5
 478 0141 03       		.byte	0x3
 479 0142 00000000 		.4byte	Timer_1_backup
 480 0146 00       		.byte	0
 481              		.section	.debug_abbrev,"",%progbits
 482              	.Ldebug_abbrev0:
 483 0000 01       		.uleb128 0x1
 484 0001 11       		.uleb128 0x11
 485 0002 01       		.byte	0x1
 486 0003 25       		.uleb128 0x25
 487 0004 0E       		.uleb128 0xe
 488 0005 13       		.uleb128 0x13
 489 0006 0B       		.uleb128 0xb
 490 0007 03       		.uleb128 0x3
ARM GAS  C:\Users\Thomas\AppData\Local\Temp\ccH2cX7G.s 			page 21


 491 0008 0E       		.uleb128 0xe
 492 0009 1B       		.uleb128 0x1b
 493 000a 0E       		.uleb128 0xe
 494 000b 55       		.uleb128 0x55
 495 000c 17       		.uleb128 0x17
 496 000d 11       		.uleb128 0x11
 497 000e 01       		.uleb128 0x1
 498 000f 10       		.uleb128 0x10
 499 0010 17       		.uleb128 0x17
 500 0011 00       		.byte	0
 501 0012 00       		.byte	0
 502 0013 02       		.uleb128 0x2
 503 0014 24       		.uleb128 0x24
 504 0015 00       		.byte	0
 505 0016 0B       		.uleb128 0xb
 506 0017 0B       		.uleb128 0xb
 507 0018 3E       		.uleb128 0x3e
 508 0019 0B       		.uleb128 0xb
 509 001a 03       		.uleb128 0x3
 510 001b 0E       		.uleb128 0xe
 511 001c 00       		.byte	0
 512 001d 00       		.byte	0
 513 001e 03       		.uleb128 0x3
 514 001f 24       		.uleb128 0x24
 515 0020 00       		.byte	0
 516 0021 0B       		.uleb128 0xb
 517 0022 0B       		.uleb128 0xb
 518 0023 3E       		.uleb128 0x3e
 519 0024 0B       		.uleb128 0xb
 520 0025 03       		.uleb128 0x3
 521 0026 08       		.uleb128 0x8
 522 0027 00       		.byte	0
 523 0028 00       		.byte	0
 524 0029 04       		.uleb128 0x4
 525 002a 16       		.uleb128 0x16
 526 002b 00       		.byte	0
 527 002c 03       		.uleb128 0x3
 528 002d 0E       		.uleb128 0xe
 529 002e 3A       		.uleb128 0x3a
 530 002f 0B       		.uleb128 0xb
 531 0030 3B       		.uleb128 0x3b
 532 0031 05       		.uleb128 0x5
 533 0032 49       		.uleb128 0x49
 534 0033 13       		.uleb128 0x13
 535 0034 00       		.byte	0
 536 0035 00       		.byte	0
 537 0036 05       		.uleb128 0x5
 538 0037 35       		.uleb128 0x35
 539 0038 00       		.byte	0
 540 0039 49       		.uleb128 0x49
 541 003a 13       		.uleb128 0x13
 542 003b 00       		.byte	0
 543 003c 00       		.byte	0
 544 003d 06       		.uleb128 0x6
 545 003e 13       		.uleb128 0x13
 546 003f 01       		.byte	0x1
 547 0040 0B       		.uleb128 0xb
ARM GAS  C:\Users\Thomas\AppData\Local\Temp\ccH2cX7G.s 			page 22


 548 0041 0B       		.uleb128 0xb
 549 0042 3A       		.uleb128 0x3a
 550 0043 0B       		.uleb128 0xb
 551 0044 3B       		.uleb128 0x3b
 552 0045 0B       		.uleb128 0xb
 553 0046 01       		.uleb128 0x1
 554 0047 13       		.uleb128 0x13
 555 0048 00       		.byte	0
 556 0049 00       		.byte	0
 557 004a 07       		.uleb128 0x7
 558 004b 0D       		.uleb128 0xd
 559 004c 00       		.byte	0
 560 004d 03       		.uleb128 0x3
 561 004e 0E       		.uleb128 0xe
 562 004f 3A       		.uleb128 0x3a
 563 0050 0B       		.uleb128 0xb
 564 0051 3B       		.uleb128 0x3b
 565 0052 0B       		.uleb128 0xb
 566 0053 49       		.uleb128 0x49
 567 0054 13       		.uleb128 0x13
 568 0055 38       		.uleb128 0x38
 569 0056 0B       		.uleb128 0xb
 570 0057 00       		.byte	0
 571 0058 00       		.byte	0
 572 0059 08       		.uleb128 0x8
 573 005a 16       		.uleb128 0x16
 574 005b 00       		.byte	0
 575 005c 03       		.uleb128 0x3
 576 005d 0E       		.uleb128 0xe
 577 005e 3A       		.uleb128 0x3a
 578 005f 0B       		.uleb128 0xb
 579 0060 3B       		.uleb128 0x3b
 580 0061 0B       		.uleb128 0xb
 581 0062 49       		.uleb128 0x49
 582 0063 13       		.uleb128 0x13
 583 0064 00       		.byte	0
 584 0065 00       		.byte	0
 585 0066 09       		.uleb128 0x9
 586 0067 2E       		.uleb128 0x2e
 587 0068 00       		.byte	0
 588 0069 3F       		.uleb128 0x3f
 589 006a 19       		.uleb128 0x19
 590 006b 03       		.uleb128 0x3
 591 006c 0E       		.uleb128 0xe
 592 006d 3A       		.uleb128 0x3a
 593 006e 0B       		.uleb128 0xb
 594 006f 3B       		.uleb128 0x3b
 595 0070 0B       		.uleb128 0xb
 596 0071 27       		.uleb128 0x27
 597 0072 19       		.uleb128 0x19
 598 0073 20       		.uleb128 0x20
 599 0074 0B       		.uleb128 0xb
 600 0075 00       		.byte	0
 601 0076 00       		.byte	0
 602 0077 0A       		.uleb128 0xa
 603 0078 2E       		.uleb128 0x2e
 604 0079 00       		.byte	0
ARM GAS  C:\Users\Thomas\AppData\Local\Temp\ccH2cX7G.s 			page 23


 605 007a 31       		.uleb128 0x31
 606 007b 13       		.uleb128 0x13
 607 007c 11       		.uleb128 0x11
 608 007d 01       		.uleb128 0x1
 609 007e 12       		.uleb128 0x12
 610 007f 06       		.uleb128 0x6
 611 0080 40       		.uleb128 0x40
 612 0081 18       		.uleb128 0x18
 613 0082 9742     		.uleb128 0x2117
 614 0084 19       		.uleb128 0x19
 615 0085 00       		.byte	0
 616 0086 00       		.byte	0
 617 0087 0B       		.uleb128 0xb
 618 0088 2E       		.uleb128 0x2e
 619 0089 01       		.byte	0x1
 620 008a 3F       		.uleb128 0x3f
 621 008b 19       		.uleb128 0x19
 622 008c 03       		.uleb128 0x3
 623 008d 0E       		.uleb128 0xe
 624 008e 3A       		.uleb128 0x3a
 625 008f 0B       		.uleb128 0xb
 626 0090 3B       		.uleb128 0x3b
 627 0091 0B       		.uleb128 0xb
 628 0092 27       		.uleb128 0x27
 629 0093 19       		.uleb128 0x19
 630 0094 11       		.uleb128 0x11
 631 0095 01       		.uleb128 0x1
 632 0096 12       		.uleb128 0x12
 633 0097 06       		.uleb128 0x6
 634 0098 40       		.uleb128 0x40
 635 0099 18       		.uleb128 0x18
 636 009a 9742     		.uleb128 0x2117
 637 009c 19       		.uleb128 0x19
 638 009d 01       		.uleb128 0x1
 639 009e 13       		.uleb128 0x13
 640 009f 00       		.byte	0
 641 00a0 00       		.byte	0
 642 00a1 0C       		.uleb128 0xc
 643 00a2 1D       		.uleb128 0x1d
 644 00a3 00       		.byte	0
 645 00a4 31       		.uleb128 0x31
 646 00a5 13       		.uleb128 0x13
 647 00a6 11       		.uleb128 0x11
 648 00a7 01       		.uleb128 0x1
 649 00a8 12       		.uleb128 0x12
 650 00a9 06       		.uleb128 0x6
 651 00aa 58       		.uleb128 0x58
 652 00ab 0B       		.uleb128 0xb
 653 00ac 59       		.uleb128 0x59
 654 00ad 0B       		.uleb128 0xb
 655 00ae 00       		.byte	0
 656 00af 00       		.byte	0
 657 00b0 0D       		.uleb128 0xd
 658 00b1 34       		.uleb128 0x34
 659 00b2 00       		.byte	0
 660 00b3 03       		.uleb128 0x3
 661 00b4 0E       		.uleb128 0xe
ARM GAS  C:\Users\Thomas\AppData\Local\Temp\ccH2cX7G.s 			page 24


 662 00b5 3A       		.uleb128 0x3a
 663 00b6 0B       		.uleb128 0xb
 664 00b7 3B       		.uleb128 0x3b
 665 00b8 0B       		.uleb128 0xb
 666 00b9 49       		.uleb128 0x49
 667 00ba 13       		.uleb128 0x13
 668 00bb 02       		.uleb128 0x2
 669 00bc 18       		.uleb128 0x18
 670 00bd 00       		.byte	0
 671 00be 00       		.byte	0
 672 00bf 00       		.byte	0
 673              		.section	.debug_aranges,"",%progbits
 674 0000 34000000 		.4byte	0x34
 675 0004 0200     		.2byte	0x2
 676 0006 00000000 		.4byte	.Ldebug_info0
 677 000a 04       		.byte	0x4
 678 000b 00       		.byte	0
 679 000c 0000     		.2byte	0
 680 000e 0000     		.2byte	0
 681 0010 00000000 		.4byte	.LFB0
 682 0014 14000000 		.4byte	.LFE0-.LFB0
 683 0018 00000000 		.4byte	.LFB1
 684 001c 14000000 		.4byte	.LFE1-.LFB1
 685 0020 00000000 		.4byte	.LFB2
 686 0024 14000000 		.4byte	.LFE2-.LFB2
 687 0028 00000000 		.4byte	.LFB3
 688 002c 14000000 		.4byte	.LFE3-.LFB3
 689 0030 00000000 		.4byte	0
 690 0034 00000000 		.4byte	0
 691              		.section	.debug_ranges,"",%progbits
 692              	.Ldebug_ranges0:
 693 0000 00000000 		.4byte	.LFB0
 694 0004 14000000 		.4byte	.LFE0
 695 0008 00000000 		.4byte	.LFB1
 696 000c 14000000 		.4byte	.LFE1
 697 0010 00000000 		.4byte	.LFB2
 698 0014 14000000 		.4byte	.LFE2
 699 0018 00000000 		.4byte	.LFB3
 700 001c 14000000 		.4byte	.LFE3
 701 0020 00000000 		.4byte	0
 702 0024 00000000 		.4byte	0
 703              		.section	.debug_line,"",%progbits
 704              	.Ldebug_line0:
 705 0000 A2000000 		.section	.debug_str,"MS",%progbits,1
 705      02005600 
 705      00000201 
 705      FB0E0D00 
 705      01010101 
 706              	.LASF15:
 707 0000 54696D65 		.ascii	"Timer_1_SaveConfig\000"
 707      725F315F 
 707      53617665 
 707      436F6E66 
 707      696700
 708              	.LASF9:
 709 0013 666C6F61 		.ascii	"float\000"
 709      7400
ARM GAS  C:\Users\Thomas\AppData\Local\Temp\ccH2cX7G.s 			page 25


 710              	.LASF1:
 711 0019 756E7369 		.ascii	"unsigned char\000"
 711      676E6564 
 711      20636861 
 711      7200
 712              	.LASF13:
 713 0027 72656738 		.ascii	"reg8\000"
 713      00
 714              	.LASF5:
 715 002c 6C6F6E67 		.ascii	"long unsigned int\000"
 715      20756E73 
 715      69676E65 
 715      6420696E 
 715      7400
 716              	.LASF17:
 717 003e 54696D65 		.ascii	"Timer_1_Sleep\000"
 717      725F315F 
 717      536C6565 
 717      7000
 718              	.LASF3:
 719 004c 73686F72 		.ascii	"short unsigned int\000"
 719      7420756E 
 719      7369676E 
 719      65642069 
 719      6E7400
 720              	.LASF22:
 721 005f 636F6E74 		.ascii	"controlState\000"
 721      726F6C53 
 721      74617465 
 721      00
 722              	.LASF10:
 723 006c 646F7562 		.ascii	"double\000"
 723      6C6500
 724              	.LASF20:
 725 0073 2E5C4765 		.ascii	".\\Generated_Source\\PSoC5\\Timer_1_PM.c\000"
 725      6E657261 
 725      7465645F 
 725      536F7572 
 725      63655C50 
 726              	.LASF21:
 727 0099 433A5C55 		.ascii	"C:\\Users\\Thomas\\Documents\\PSoC Creator\\TASBot\\"
 727      73657273 
 727      5C54686F 
 727      6D61735C 
 727      446F6375 
 728 00c7 54415342 		.ascii	"TASBot.cydsn\000"
 728      6F742E63 
 728      7964736E 
 728      00
 729              	.LASF14:
 730 00d4 54696D65 		.ascii	"Timer_1_BACKUP_STRUCT\000"
 730      725F315F 
 730      4241434B 
 730      55505F53 
 730      54525543 
 731              	.LASF8:
 732 00ea 756E7369 		.ascii	"unsigned int\000"
ARM GAS  C:\Users\Thomas\AppData\Local\Temp\ccH2cX7G.s 			page 26


 732      676E6564 
 732      20696E74 
 732      00
 733              	.LASF7:
 734 00f7 6C6F6E67 		.ascii	"long long unsigned int\000"
 734      206C6F6E 
 734      6720756E 
 734      7369676E 
 734      65642069 
 735              	.LASF16:
 736 010e 54696D65 		.ascii	"Timer_1_RestoreConfig\000"
 736      725F315F 
 736      52657374 
 736      6F726543 
 736      6F6E6669 
 737              	.LASF6:
 738 0124 6C6F6E67 		.ascii	"long long int\000"
 738      206C6F6E 
 738      6720696E 
 738      7400
 739              	.LASF19:
 740 0132 474E5520 		.ascii	"GNU C 4.9.3 20150303 (release) [ARM/embedded-4_9-br"
 740      4320342E 
 740      392E3320 
 740      32303135 
 740      30333033 
 741 0165 616E6368 		.ascii	"anch revision 221220] -mcpu=cortex-m3 -mthumb -g -O"
 741      20726576 
 741      6973696F 
 741      6E203232 
 741      31323230 
 742 0198 33202D66 		.ascii	"3 -ffunction-sections -finline-functions -flto -ffa"
 742      66756E63 
 742      74696F6E 
 742      2D736563 
 742      74696F6E 
 743 01cb 742D6C74 		.ascii	"t-lto-objects\000"
 743      6F2D6F62 
 743      6A656374 
 743      7300
 744              	.LASF11:
 745 01d9 63686172 		.ascii	"char\000"
 745      00
 746              	.LASF23:
 747 01de 54696D65 		.ascii	"Timer_1_backup\000"
 747      725F315F 
 747      6261636B 
 747      757000
 748              	.LASF2:
 749 01ed 73686F72 		.ascii	"short int\000"
 749      7420696E 
 749      7400
 750              	.LASF12:
 751 01f7 75696E74 		.ascii	"uint8\000"
 751      3800
 752              	.LASF4:
 753 01fd 6C6F6E67 		.ascii	"long int\000"
ARM GAS  C:\Users\Thomas\AppData\Local\Temp\ccH2cX7G.s 			page 27


 753      20696E74 
 753      00
 754              	.LASF18:
 755 0206 54696D65 		.ascii	"Timer_1_Wakeup\000"
 755      725F315F 
 755      57616B65 
 755      757000
 756              	.LASF0:
 757 0215 7369676E 		.ascii	"signed char\000"
 757      65642063 
 757      68617200 
 758              		.comm	__gnu_lto_v1,1,1
 759              		.ident	"GCC: (GNU Tools for ARM Embedded Processors) 4.9.3 20150303 (release) [ARM/embedded-4_9-br
