ARM GAS  C:\Users\Thomas\AppData\Local\Temp\cccY31yF.s 			page 1


   1              		.syntax unified
   2              		.cpu cortex-m3
   3              		.fpu softvfp
   4              		.eabi_attribute 20, 1
   5              		.eabi_attribute 21, 1
   6              		.eabi_attribute 23, 3
   7              		.eabi_attribute 24, 1
   8              		.eabi_attribute 25, 1
   9              		.eabi_attribute 26, 1
  10              		.eabi_attribute 30, 2
  11              		.eabi_attribute 34, 1
  12              		.eabi_attribute 18, 4
  13              		.thumb
  14              		.file	"Timer_4.c"
  15              		.text
  16              	.Ltext0:
  17              		.section	.gnu.lto_.profile.be1c3122,"",%progbits
  18 0000 789C6366 		.ascii	"x\234cf```a\200\000F\0066\026\000\000\204\000\023"
  18      60606061 
  18      80004606 
  18      36160000 
  18      840013
  19              		.text
  20              		.section	.gnu.lto_.jmpfuncs.be1c3122,"",%progbits
  21 0000 789C6366 		.ascii	"x\234cf\300\016\270\2404\023\003##c=#\220\005\000\004"
  21      C00EB8A0 
  21      34130323 
  21      23633D23 
  21      90050004 
  22 0014 040093   		.ascii	"\004\000\223"
  23              		.text
  24              		.section	.gnu.lto_.inline.be1c3122,"",%progbits
  25 0000 789C6366 		.ascii	"x\234cf\300\0164\2404\023\003\003\0133#\003\023\323"
  25      C00E34A0 
  25      34130303 
  25      0B332303 
  25      13D3
  26 0012 057E06B6 		.ascii	"\005~\006\266\005\362L 1FL!\006\000K\274\003\223"
  26      05F24C20 
  26      31464C21 
  26      06004BBC 
  26      0393
  27              		.text
  28              		.section	.gnu.lto_.pureconst.be1c3122,"",%progbits
  29 0000 789C6366 		.ascii	"x\234cf```e\200\000&\006)F)\000\000\371\000@"
  29      60606065 
  29      80002606 
  29      29462900 
  29      00F90040 
  30              		.text
  31              		.section	.gnu.lto_Timer_4_Write.be1c3122,"",%progbits
  32 0000 789C6590 		.ascii	"x\234e\220\275K\003A\020\305\347\315\345K\323\210\345"
  32      BD4B0341 
  32      10C5E7CD 
  32      E54BD388 
  32      E5
  33 0011 B5128360 		.ascii	"\265\022\203`Ri/X\330\006by\020$^!h\016\216XgO\362\007"
ARM GAS  C:\Users\Thomas\AppData\Local\Temp\cccY31yF.s 			page 2


  33      52692F58 
  33      D8066279 
  33      10245E21 
  33      680E8E58 
  34 0029 040B1124 		.ascii	"\004\013\021$\225h\324$~\220NA\316 \202\026\212i\004"
  34      9568D424 
  34      7E904E41 
  34      CE208216 
  34      8A6904
  35 003c 0B058910 		.ascii	"\013\005\211\020;\203\205F\2208kJ\027\226\231\035\336"
  35      3B838546 
  35      90386B4A 
  35      1796991D 
  35      DE
  36 004d FBEDDB35 		.ascii	"\373\355\3335\350\3772eG@\224\220\012\203\300\245[\""
  36      E8FF3265 
  36      47409490 
  36      0A83C0A5 
  36      5B22
  37 005f 2FC2806E 		.ascii	"/\302\200n\010T`\024\360\306]F\311\257nF\343;J\251\367"
  37      08546014 
  37      F0C65D46 
  37      C9AF6E46 
  37      E33B4AA9 
  38 0074 D6B597F2 		.ascii	"\326\265\227\362\321c\242\017\036pPA\\4\273\227W\246"
  38      D163A20F 
  38      1E705041 
  38      5C34BB97 
  38      57A6
  39 0086 310E92F6 		.ascii	"1\016\222\366\273\261^\035\212m+\265\346\237\036\252"
  39      BBB15E1D 
  39      8A6D2BB5 
  39      E69F1EAA 
  40 0096 1951037B 		.ascii	"\031Q\003{0\304\200I\023\023&\311\200\260\217\230\026"
  40      30C48049 
  40      131326C9 
  40      80B08F98 
  40      16
  41 00a7 778B3F0F 		.ascii	"w\213?\017\321PQ\330#\003$\016\020\222Xt4\352\253~\277"
  41      D15051D8 
  41      2303240E 
  41      10925874 
  41      34EAAB7E 
  42 00bc 51B93846 		.ascii	"Q\2718F@\000ZNm\021\350t\257\314\272\032\217hnt+\011"
  42      40005A4E 
  42      6D11E874 
  42      AFCCBA1A 
  42      8F686E74 
  43 00d2 6D11D479 		.ascii	"m\021\324y\255\325\034\356p\217\371\353\306S\001M\177"
  43      ADD51CEE 
  43      708FF9EB 
  43      C653014D 
  43      7F
  44 00e3 6EDFDD47 		.ascii	"n\337\335G\376F\244\217\352\354\245\023.c\313+z~\260"
  44      FE46A48F 
  44      EAECA513 
  44      2E63CB2B 
ARM GAS  C:\Users\Thomas\AppData\Local\Temp\cccY31yF.s 			page 3


  44      7A7EB0
  45 00f6 C706AA30 		.ascii	"\307\006\2520Q\203|\005\352(\343SdO\360\374\223\240"
  45      51837C05 
  45      EA28E353 
  45      644FF0FC 
  45      93A0
  46 0108 26EAC7B5 		.ascii	"&\352\307\265%\251\\$\356\261\2445g\347lw!o/f\322\316"
  46      25A95C24 
  46      EEB1A435 
  46      67E76C77 
  46      216F2F66 
  47 011e AA9BB5AD 		.ascii	"\252\233\265\255T\332\231\235\266\346\227Vl73\225\314"
  47      54DA999D 
  47      B6E69756 
  47      6C373395 
  47      CC
  48 012f 5238EBE4 		.ascii	"R8\353\344\362\256\263\374\013o\013m;"
  48      F2AEB3FC 
  48      0B6F0B6D 
  48      3B
  49              		.text
  50              		.section	.gnu.lto_Timer_4_Read.be1c3122,"",%progbits
  51 0000 789C6366 		.ascii	"x\234cf\300\004R@|\025\210U\201\230\221\231\201\221"
  51      C0045240 
  51      7C158855 
  51      81989199 
  51      8191
  52 0012 69C23906 		.ascii	"i\3029\006\206F\016&FF\020\203\201\221\241\236\211\261"
  52      86460E26 
  52      46461083 
  52      8191A19E 
  52      89B1
  53 0024 9EF125D3 		.ascii	"\236\361%\323G&\3063;\377]fT_\332\320\320\364a\322\373"
  53      4726C633 
  53      3BFF5D66 
  53      545FDAD0 
  53      D0F461D2 
  54 0039 BB010718 		.ascii	"\273\001\007\030\177210|fb`\324\221b\324\004\231\303"
  54      7F323130 
  54      7C666260 
  54      D49162D4 
  54      0499C3
  55 004c B89C519D 		.ascii	"\270\234Q\235\001\250\360c\313\337\353\334l-\015\015"
  55      01A8F063 
  55      CBDFEBDC 
  55      6C2D0D0D 
  56 005c 0D022079 		.ascii	"\015\002 y\240\304\012F6F \275^\350@\303\377\377\233"
  56      A0C40A46 
  56      364620BD 
  56      5EE840C3 
  56      FFFF9B
  57 006f F71EFCC1 		.ascii	"\367\036\374\301\310\314\304\000\322\316\360\004H\200"
  57      C8CCC400 
  57      D2CEF004 
  57      4880
  58 007d 6C7ACAC4 		.ascii	"lz\312\304\004\242\231o1\036\372\326u/\034\244\343;"
  58      04A2996F 
ARM GAS  C:\Users\Thomas\AppData\Local\Temp\cccY31yF.s 			page 4


  58      311EFAD6 
  58      752F1CA4 
  58      E33B
  59 008f 13C8D67D 		.ascii	"\023\310\326}k.\035\342z\301\364\223\211\361\307\251"
  59      6B2E1DE2 
  59      7AC1F493 
  59      89F1C7A9 
  60 009f C6061690 		.ascii	"\306\006\026\220\371\367\237\234\277\310\001\026b\000"
  60      F9F79F9C 
  60      BFC80116 
  60      6200
  61 00ad 711B763F 		.ascii	"q\033v?z\301>\227qvcK\343\001\231\237LL\214+\031\245"
  61      7AC13E97 
  61      7176634B 
  61      E301999F 
  61      4C4C8C2B 
  62 00c3 18573102 		.ascii	"\030W1\002]\304\270\232q.#\303=\306\306\006n\250\201"
  62      5DC4B89A 
  62      712E23C3 
  62      3DC6C606 
  62      6EA881
  63 00d6 601B1941 		.ascii	"`\033\031A6\001\231\312z1\356\251y\251E\211%\251)\361"
  63      360199CA 
  63      7A31EEA9 
  63      79A94589 
  63      25A929F1 
  64 00ea C1F9A545 		.ascii	"\301\371\245E\311\2511\001\301\371\316\2461!\231\271"
  64      C9A93101 
  64      C1F9CEA6 
  64      312199B9 
  65 00fa A945F126 		.ascii	"\251E\361&z\311\014\000\340\304\\\001"
  65      7AC90C00 
  65      E0C45C01 
  66              		.text
  67              		.section	.gnu.lto_.symbol_nodes.be1c3122,"",%progbits
  68 0000 789C6366 		.ascii	"x\234cf``Pb\200\002&\206z\006\206\011\347\030\030\352"
  68      60605062 
  68      80022686 
  68      7A068609 
  68      E71818EA 
  69 0014 EB19E62D 		.ascii	"\353\031\346-\340``b\254gD\3463\000\000\2212\010n"
  69      E0606062 
  69      AC6744E6 
  69      33000091 
  69      32086E
  70              		.text
  71              		.section	.gnu.lto_.refs.be1c3122,"",%progbits
  72 0000 789C6366 		.ascii	"x\234cf```d\200\002\000\000=\000\005"
  72      60606064 
  72      80020000 
  72      3D0005
  73              		.text
  74              		.section	.gnu.lto_.decls.be1c3122,"",%progbits
  75 0000 789C6366 		.ascii	"x\234cf``\230\000\304\377\201 \233\211\201\241\014\310"
  75      60609800 
  75      C4FF8120 
  75      9B8981A1 
ARM GAS  C:\Users\Thomas\AppData\Local\Temp\cccY31yF.s 			page 5


  75      0CC8
  76 0012 6606E200 		.ascii	"f\006\342\000\006\004\000\0123l\002\342\255\014\230"
  76      0604000A 
  76      336C02E2 
  76      AD0C98
  77 0021 0024CE02 		.ascii	"\000$\316\002U\277\026\210w\001\361\016\250\034#T\036"
  77      55BF1688 
  77      7701F10E 
  77      A81C2354 
  77      1E
  78 0032 1D6C85DA 		.ascii	"\035l\205\332\201M=6;>21\356\\\367\345,\367\013&F>."
  78      814D3D36 
  78      3B3E3231 
  78      EE5CF7E5 
  78      2CF70B26 
  79 0049 051077D7 		.ascii	"\005\020w\327\244\0233\330\200\\\036.\026\020\367\332"
  79      A41333D8 
  79      805C1E2E 
  79      1610F7DA 
  80 0059 FEF6760E 		.ascii	"\376\366v\016f&F\020{\361\214\207W\270tV544t4\0348\300"
  80      66264610 
  80      7BF18C87 
  80      57B87456 
  80      35343474 
  81 0071 8830A271 		.ascii	"\2100\242q\331\356\036v\240\0361.0\267\357\364\254\203"
  81      D9EE1E76 
  81      A01E312E 
  81      30B7EFF4 
  81      AC83
  82 0083 CC60EE7F 		.ascii	"\314`\356\177\220>\246\2337\247\374df\344R\353hhhj\370"
  82      903EA69B 
  82      37A7FC64 
  82      66E452EB 
  82      6868686A 
  83 0098 30A98159 		.ascii	"0\251\201Y\202\201QG\212QS\212\201q\035\243\032P\031"
  83      82815147 
  83      8A51538A 
  83      81711DA3 
  83      1A5019
  84 00ab E32A461D 		.ascii	"\343*F\035\006\306\325\214R\214k\030\245\030\226\000"
  84      06C6D58C 
  84      528C6B18 
  84      A5189600 
  85 00bb 2DF830FF 		.ascii	"-\3700\377\312-\231\206\006\026\306\265\214\\\214+\031"
  85      CA2D9986 
  85      0616C6B5 
  85      8C5C8C2B 
  85      19
  86 00cc 99C12A80 		.ascii	"\231\301*\200\336\000\331\000\265tB\353\301\011,,\300"
  86      DE00D900 
  86      B57442EB 
  86      C1092C2C 
  86      C0
  87 00dd 0004AB89 		.ascii	"\000\004\253\211\006\273\366\353\377\207K\231\304\247"
  87      06BBF6EB 
  87      FF874B99 
  87      C4A7
ARM GAS  C:\Users\Thomas\AppData\Local\Temp\cccY31yF.s 			page 6


  88 00eb 020D6898 		.ascii	"\002\015h\230\320\334 \300\302\030 \306\270\034h\354"
  88      D0DC20C0 
  88      C21820C6 
  88      B81C68EC 
  89 00fb 0AA0B10C 		.ascii	"\012\240\261\014\214\033\030\305\201\344zF\026\210\001"
  89      8C1B18C5 
  89      81E47A46 
  89      168801
  90 010a DF0E6F68 		.ascii	"\337\016ohfa6\006{m\365\362\251M\254\012\363\032\026"
  90      66613606 
  90      7B6DF5F2 
  90      A94DAC0A 
  90      F31A16
  91 011d 6CF8D0B9 		.ascii	"l\370\320\271x2\363\314\206\005M\015\377\376\003\235"
  91      7832F3CC 
  91      86054D0D 
  91      FFFE039D 
  92 012d 0FD2C4B8 		.ascii	"\017\322\304\270\021\356\000\006\020\033\022\242\233"
  92      11EE0006 
  92      101B12A2 
  92      9B
  93 013a 1815801A 		.ascii	"\030\025\200\032;[60#[\010r\013\302\306\315`\033\243"
  93      3B5B3630 
  93      235B0872 
  93      0BC2C6CD 
  93      601BA3
  94 014d A1167E9E 		.ascii	"\241\026~\2369s\022;s*\330\302\203o\017=\340\003[\370"
  94      3973123B 
  94      732AD8C2 
  94      836F0F3D 
  94      E0035BF8 
  95 0161 E0E73AB6 		.ascii	"\340\347:\266\023\015\007\376\377\267\007)g\334\202"
  95      130D07FE 
  95      FFB70729 
  95      67DC82
  96 0170 64D71698 		.ascii	"d\327\026\230][\301v5L\357^\302\301\\\004\326\277\365"
  96      5D5BC176 
  96      354CEF5E 
  96      C2C15C04 
  96      D6BFF5
  97 0183 5BD74E5E 		.ascii	"[\327N^.`\2106\023\021\242\3008\270r\256\353\032'$\016"
  97      2E608836 
  97      1311A2C0 
  97      38B872AE 
  97      EB1A2724 
  98 0198 D075ECC4 		.ascii	"\320u\354\304\031\007?\036{\264480\356\000\372i\033"
  98      19073F1E 
  98      7BB43438 
  98      30EE00FA 
  98      691B
  99 01aa 220EB633 		.ascii	"\"\016\2663\"\"\241\363\321\254\263<<]\240\210\005\372"
  99      2222A1F3 
  99      D1ACB33C 
  99      3C5DA088 
  99      05FA
 100 01bc 9FF3041F 		.ascii	"\237\363\004\037X1\"\000v1\362\200=\000\242YK3\363J"
 100      58312200 
ARM GAS  C:\Users\Thomas\AppData\Local\Temp\cccY31yF.s 			page 7


 100      7631F280 
 100      3D00A259 
 100      4B33F34A 
 101 01d0 2CD8DCFD 		.ascii	",\330\334\375B\025\234\031\224\365b\334S\363R\213\022"
 101      42159C19 
 101      94F562DC 
 101      53F3528B 
 101      12
 102 01e1 4B5253E2 		.ascii	"KRS\342\203\363K\213\222Sc\002\202\363\235Mc\222+K*"
 102      83F34B8B 
 102      92536302 
 102      82F39D4D 
 102      63922B4B 
 103 01f6 0B528BF5 		.ascii	"\013R\213\3652\030xC2sS\213\342M\342\303\2132KRq\353"
 103      32187843 
 103      3273538B 
 103      E24DE2C3 
 103      8B324B52 
 104 020c 802AD34B 		.ascii	"\200*\323Kf\340\201\351\010JMLa)JM\267\000\000I+\347"
 104      66E081E9 
 104      084A4D4C 
 104      61294A4D 
 104      B7000049 
 105 0222 DF       		.ascii	"\337"
 106              		.text
 107              		.section	.gnu.lto_.symtab.be1c3122,"",%progbits
 108 0000 54696D65 		.ascii	"Timer_4_Write\000\000\000\000\000\000\000\000\000\000"
 108      725F345F 
 108      57726974 
 108      65000000 
 108      00000000 
 109 0017 0000B200 		.ascii	"\000\000\262\000\000\000Timer_4_Read\000\000\000\000"
 109      00005469 
 109      6D65725F 
 109      345F5265 
 109      61640000 
 110 002d 00000000 		.ascii	"\000\000\000\000\000\000\000\000\265\000\000\000"
 110      00000000 
 110      B5000000 
 111              		.text
 112              		.section	.gnu.lto_.opts,"",%progbits
 113 0000 272D666E 		.ascii	"'-fno-trapv' '-mcpu=cortex-m3' '-mthumb' '-g' '-O3'"
 113      6F2D7472 
 113      61707627 
 113      20272D6D 
 113      6370753D 
 114 0033 20272D66 		.ascii	" '-ffunction-sections' '-finline-functions' '-flto'"
 114      66756E63 
 114      74696F6E 
 114      2D736563 
 114      74696F6E 
 115 0066 20272D66 		.ascii	" '-ffat-lto-objects'\000"
 115      6661742D 
 115      6C746F2D 
 115      6F626A65 
 115      63747327 
 116              		.text
ARM GAS  C:\Users\Thomas\AppData\Local\Temp\cccY31yF.s 			page 8


 117              		.cfi_sections	.debug_frame
 118              		.section	.text.Timer_4_Write,"ax",%progbits
 119              		.align	2
 120              		.global	Timer_4_Write
 121              		.thumb
 122              		.thumb_func
 123              		.type	Timer_4_Write, %function
 124              	Timer_4_Write:
 125              	.LFB0:
 126              		.file 1 ".\\Generated_Source\\PSoC5\\Timer_4.c"
   1:.\Generated_Source\PSoC5/Timer_4.c **** /*******************************************************************************
   2:.\Generated_Source\PSoC5/Timer_4.c **** * File Name: Timer_4.c  
   3:.\Generated_Source\PSoC5/Timer_4.c **** * Version 1.80
   4:.\Generated_Source\PSoC5/Timer_4.c **** *
   5:.\Generated_Source\PSoC5/Timer_4.c **** * Description:
   6:.\Generated_Source\PSoC5/Timer_4.c **** *  This file contains API to enable firmware control of a Control Register.
   7:.\Generated_Source\PSoC5/Timer_4.c **** *
   8:.\Generated_Source\PSoC5/Timer_4.c **** * Note:
   9:.\Generated_Source\PSoC5/Timer_4.c **** *
  10:.\Generated_Source\PSoC5/Timer_4.c **** ********************************************************************************
  11:.\Generated_Source\PSoC5/Timer_4.c **** * Copyright 2008-2015, Cypress Semiconductor Corporation.  All rights reserved.
  12:.\Generated_Source\PSoC5/Timer_4.c **** * You may use this file only in accordance with the license, terms, conditions, 
  13:.\Generated_Source\PSoC5/Timer_4.c **** * disclaimers, and limitations in the end user license agreement accompanying 
  14:.\Generated_Source\PSoC5/Timer_4.c **** * the software package with which this file was provided.
  15:.\Generated_Source\PSoC5/Timer_4.c **** *******************************************************************************/
  16:.\Generated_Source\PSoC5/Timer_4.c **** 
  17:.\Generated_Source\PSoC5/Timer_4.c **** #include "Timer_4.h"
  18:.\Generated_Source\PSoC5/Timer_4.c **** 
  19:.\Generated_Source\PSoC5/Timer_4.c **** /* Check for removal by optimization */
  20:.\Generated_Source\PSoC5/Timer_4.c **** #if !defined(Timer_4_Sync_ctrl_reg__REMOVED)
  21:.\Generated_Source\PSoC5/Timer_4.c **** 
  22:.\Generated_Source\PSoC5/Timer_4.c ****     
  23:.\Generated_Source\PSoC5/Timer_4.c **** /*******************************************************************************
  24:.\Generated_Source\PSoC5/Timer_4.c **** * Function Name: Timer_4_Write
  25:.\Generated_Source\PSoC5/Timer_4.c **** ********************************************************************************
  26:.\Generated_Source\PSoC5/Timer_4.c **** *
  27:.\Generated_Source\PSoC5/Timer_4.c **** * Summary:
  28:.\Generated_Source\PSoC5/Timer_4.c **** *  Write a byte to the Control Register.
  29:.\Generated_Source\PSoC5/Timer_4.c **** *
  30:.\Generated_Source\PSoC5/Timer_4.c **** * Parameters:
  31:.\Generated_Source\PSoC5/Timer_4.c **** *  control:  The value to be assigned to the Control Register.
  32:.\Generated_Source\PSoC5/Timer_4.c **** *
  33:.\Generated_Source\PSoC5/Timer_4.c **** * Return:
  34:.\Generated_Source\PSoC5/Timer_4.c **** *  None.
  35:.\Generated_Source\PSoC5/Timer_4.c **** *
  36:.\Generated_Source\PSoC5/Timer_4.c **** *******************************************************************************/
  37:.\Generated_Source\PSoC5/Timer_4.c **** void Timer_4_Write(uint8 control) 
  38:.\Generated_Source\PSoC5/Timer_4.c **** {
 127              		.loc 1 38 0
 128              		.cfi_startproc
 129              		@ args = 0, pretend = 0, frame = 0
 130              		@ frame_needed = 0, uses_anonymous_args = 0
 131              		@ link register save eliminated.
 132              	.LVL0:
  39:.\Generated_Source\PSoC5/Timer_4.c ****     Timer_4_Control = control;
 133              		.loc 1 39 0
 134 0000 014B     		ldr	r3, .L2
ARM GAS  C:\Users\Thomas\AppData\Local\Temp\cccY31yF.s 			page 9


 135 0002 1870     		strb	r0, [r3]
 136 0004 7047     		bx	lr
 137              	.L3:
 138 0006 00BF     		.align	2
 139              	.L2:
 140 0008 78650040 		.word	1073767800
 141              		.cfi_endproc
 142              	.LFE0:
 143              		.size	Timer_4_Write, .-Timer_4_Write
 144              		.section	.text.Timer_4_Read,"ax",%progbits
 145              		.align	2
 146              		.global	Timer_4_Read
 147              		.thumb
 148              		.thumb_func
 149              		.type	Timer_4_Read, %function
 150              	Timer_4_Read:
 151              	.LFB1:
  40:.\Generated_Source\PSoC5/Timer_4.c **** }
  41:.\Generated_Source\PSoC5/Timer_4.c **** 
  42:.\Generated_Source\PSoC5/Timer_4.c **** 
  43:.\Generated_Source\PSoC5/Timer_4.c **** /*******************************************************************************
  44:.\Generated_Source\PSoC5/Timer_4.c **** * Function Name: Timer_4_Read
  45:.\Generated_Source\PSoC5/Timer_4.c **** ********************************************************************************
  46:.\Generated_Source\PSoC5/Timer_4.c **** *
  47:.\Generated_Source\PSoC5/Timer_4.c **** * Summary:
  48:.\Generated_Source\PSoC5/Timer_4.c **** *  Reads the current value assigned to the Control Register.
  49:.\Generated_Source\PSoC5/Timer_4.c **** *
  50:.\Generated_Source\PSoC5/Timer_4.c **** * Parameters:
  51:.\Generated_Source\PSoC5/Timer_4.c **** *  None.
  52:.\Generated_Source\PSoC5/Timer_4.c **** *
  53:.\Generated_Source\PSoC5/Timer_4.c **** * Return:
  54:.\Generated_Source\PSoC5/Timer_4.c **** *  Returns the current value in the Control Register.
  55:.\Generated_Source\PSoC5/Timer_4.c **** *
  56:.\Generated_Source\PSoC5/Timer_4.c **** *******************************************************************************/
  57:.\Generated_Source\PSoC5/Timer_4.c **** uint8 Timer_4_Read(void) 
  58:.\Generated_Source\PSoC5/Timer_4.c **** {
 152              		.loc 1 58 0
 153              		.cfi_startproc
 154              		@ args = 0, pretend = 0, frame = 0
 155              		@ frame_needed = 0, uses_anonymous_args = 0
 156              		@ link register save eliminated.
  59:.\Generated_Source\PSoC5/Timer_4.c ****     return Timer_4_Control;
 157              		.loc 1 59 0
 158 0000 014B     		ldr	r3, .L5
 159 0002 1878     		ldrb	r0, [r3]	@ zero_extendqisi2
  60:.\Generated_Source\PSoC5/Timer_4.c **** }
 160              		.loc 1 60 0
 161 0004 7047     		bx	lr
 162              	.L6:
 163 0006 00BF     		.align	2
 164              	.L5:
 165 0008 78650040 		.word	1073767800
 166              		.cfi_endproc
 167              	.LFE1:
 168              		.size	Timer_4_Read, .-Timer_4_Read
 169              		.text
 170              	.Letext0:
ARM GAS  C:\Users\Thomas\AppData\Local\Temp\cccY31yF.s 			page 10


 171              		.file 2 ".\\Generated_Source\\PSoC5\\cytypes.h"
 172              		.section	.debug_info,"",%progbits
 173              	.Ldebug_info0:
 174 0000 D2000000 		.4byte	0xd2
 175 0004 0400     		.2byte	0x4
 176 0006 00000000 		.4byte	.Ldebug_abbrev0
 177 000a 04       		.byte	0x4
 178 000b 01       		.uleb128 0x1
 179 000c EB000000 		.4byte	.LASF14
 180 0010 01       		.byte	0x1
 181 0011 96000000 		.4byte	.LASF15
 182 0015 5B000000 		.4byte	.LASF16
 183 0019 00000000 		.4byte	.Ldebug_ranges0+0
 184 001d 00000000 		.4byte	0
 185 0021 00000000 		.4byte	.Ldebug_line0
 186 0025 02       		.uleb128 0x2
 187 0026 01       		.byte	0x1
 188 0027 06       		.byte	0x6
 189 0028 B0010000 		.4byte	.LASF0
 190 002c 02       		.uleb128 0x2
 191 002d 01       		.byte	0x1
 192 002e 08       		.byte	0x8
 193 002f 14000000 		.4byte	.LASF1
 194 0033 02       		.uleb128 0x2
 195 0034 02       		.byte	0x2
 196 0035 05       		.byte	0x5
 197 0036 97010000 		.4byte	.LASF2
 198 003a 02       		.uleb128 0x2
 199 003b 02       		.byte	0x2
 200 003c 07       		.byte	0x7
 201 003d 39000000 		.4byte	.LASF3
 202 0041 02       		.uleb128 0x2
 203 0042 04       		.byte	0x4
 204 0043 05       		.byte	0x5
 205 0044 A7010000 		.4byte	.LASF4
 206 0048 02       		.uleb128 0x2
 207 0049 04       		.byte	0x4
 208 004a 07       		.byte	0x7
 209 004b 27000000 		.4byte	.LASF5
 210 004f 02       		.uleb128 0x2
 211 0050 08       		.byte	0x8
 212 0051 05       		.byte	0x5
 213 0052 DD000000 		.4byte	.LASF6
 214 0056 02       		.uleb128 0x2
 215 0057 08       		.byte	0x8
 216 0058 07       		.byte	0x7
 217 0059 C6000000 		.4byte	.LASF7
 218 005d 03       		.uleb128 0x3
 219 005e 04       		.byte	0x4
 220 005f 05       		.byte	0x5
 221 0060 696E7400 		.ascii	"int\000"
 222 0064 02       		.uleb128 0x2
 223 0065 04       		.byte	0x4
 224 0066 07       		.byte	0x7
 225 0067 B9000000 		.4byte	.LASF8
 226 006b 04       		.uleb128 0x4
 227 006c A1010000 		.4byte	.LASF12
ARM GAS  C:\Users\Thomas\AppData\Local\Temp\cccY31yF.s 			page 11


 228 0070 02       		.byte	0x2
 229 0071 9201     		.2byte	0x192
 230 0073 2C000000 		.4byte	0x2c
 231 0077 02       		.uleb128 0x2
 232 0078 04       		.byte	0x4
 233 0079 04       		.byte	0x4
 234 007a 0E000000 		.4byte	.LASF9
 235 007e 02       		.uleb128 0x2
 236 007f 08       		.byte	0x8
 237 0080 04       		.byte	0x4
 238 0081 54000000 		.4byte	.LASF10
 239 0085 02       		.uleb128 0x2
 240 0086 01       		.byte	0x1
 241 0087 08       		.byte	0x8
 242 0088 92010000 		.4byte	.LASF11
 243 008c 04       		.uleb128 0x4
 244 008d 22000000 		.4byte	.LASF13
 245 0091 02       		.byte	0x2
 246 0092 3C02     		.2byte	0x23c
 247 0094 98000000 		.4byte	0x98
 248 0098 05       		.uleb128 0x5
 249 0099 6B000000 		.4byte	0x6b
 250 009d 06       		.uleb128 0x6
 251 009e 00000000 		.4byte	.LASF17
 252 00a2 01       		.byte	0x1
 253 00a3 25       		.byte	0x25
 254 00a4 00000000 		.4byte	.LFB0
 255 00a8 0C000000 		.4byte	.LFE0-.LFB0
 256 00ac 01       		.uleb128 0x1
 257 00ad 9C       		.byte	0x9c
 258 00ae C0000000 		.4byte	0xc0
 259 00b2 07       		.uleb128 0x7
 260 00b3 4C000000 		.4byte	.LASF18
 261 00b7 01       		.byte	0x1
 262 00b8 25       		.byte	0x25
 263 00b9 6B000000 		.4byte	0x6b
 264 00bd 01       		.uleb128 0x1
 265 00be 50       		.byte	0x50
 266 00bf 00       		.byte	0
 267 00c0 08       		.uleb128 0x8
 268 00c1 BC010000 		.4byte	.LASF19
 269 00c5 01       		.byte	0x1
 270 00c6 39       		.byte	0x39
 271 00c7 6B000000 		.4byte	0x6b
 272 00cb 00000000 		.4byte	.LFB1
 273 00cf 0C000000 		.4byte	.LFE1-.LFB1
 274 00d3 01       		.uleb128 0x1
 275 00d4 9C       		.byte	0x9c
 276 00d5 00       		.byte	0
 277              		.section	.debug_abbrev,"",%progbits
 278              	.Ldebug_abbrev0:
 279 0000 01       		.uleb128 0x1
 280 0001 11       		.uleb128 0x11
 281 0002 01       		.byte	0x1
 282 0003 25       		.uleb128 0x25
 283 0004 0E       		.uleb128 0xe
 284 0005 13       		.uleb128 0x13
ARM GAS  C:\Users\Thomas\AppData\Local\Temp\cccY31yF.s 			page 12


 285 0006 0B       		.uleb128 0xb
 286 0007 03       		.uleb128 0x3
 287 0008 0E       		.uleb128 0xe
 288 0009 1B       		.uleb128 0x1b
 289 000a 0E       		.uleb128 0xe
 290 000b 55       		.uleb128 0x55
 291 000c 17       		.uleb128 0x17
 292 000d 11       		.uleb128 0x11
 293 000e 01       		.uleb128 0x1
 294 000f 10       		.uleb128 0x10
 295 0010 17       		.uleb128 0x17
 296 0011 00       		.byte	0
 297 0012 00       		.byte	0
 298 0013 02       		.uleb128 0x2
 299 0014 24       		.uleb128 0x24
 300 0015 00       		.byte	0
 301 0016 0B       		.uleb128 0xb
 302 0017 0B       		.uleb128 0xb
 303 0018 3E       		.uleb128 0x3e
 304 0019 0B       		.uleb128 0xb
 305 001a 03       		.uleb128 0x3
 306 001b 0E       		.uleb128 0xe
 307 001c 00       		.byte	0
 308 001d 00       		.byte	0
 309 001e 03       		.uleb128 0x3
 310 001f 24       		.uleb128 0x24
 311 0020 00       		.byte	0
 312 0021 0B       		.uleb128 0xb
 313 0022 0B       		.uleb128 0xb
 314 0023 3E       		.uleb128 0x3e
 315 0024 0B       		.uleb128 0xb
 316 0025 03       		.uleb128 0x3
 317 0026 08       		.uleb128 0x8
 318 0027 00       		.byte	0
 319 0028 00       		.byte	0
 320 0029 04       		.uleb128 0x4
 321 002a 16       		.uleb128 0x16
 322 002b 00       		.byte	0
 323 002c 03       		.uleb128 0x3
 324 002d 0E       		.uleb128 0xe
 325 002e 3A       		.uleb128 0x3a
 326 002f 0B       		.uleb128 0xb
 327 0030 3B       		.uleb128 0x3b
 328 0031 05       		.uleb128 0x5
 329 0032 49       		.uleb128 0x49
 330 0033 13       		.uleb128 0x13
 331 0034 00       		.byte	0
 332 0035 00       		.byte	0
 333 0036 05       		.uleb128 0x5
 334 0037 35       		.uleb128 0x35
 335 0038 00       		.byte	0
 336 0039 49       		.uleb128 0x49
 337 003a 13       		.uleb128 0x13
 338 003b 00       		.byte	0
 339 003c 00       		.byte	0
 340 003d 06       		.uleb128 0x6
 341 003e 2E       		.uleb128 0x2e
ARM GAS  C:\Users\Thomas\AppData\Local\Temp\cccY31yF.s 			page 13


 342 003f 01       		.byte	0x1
 343 0040 3F       		.uleb128 0x3f
 344 0041 19       		.uleb128 0x19
 345 0042 03       		.uleb128 0x3
 346 0043 0E       		.uleb128 0xe
 347 0044 3A       		.uleb128 0x3a
 348 0045 0B       		.uleb128 0xb
 349 0046 3B       		.uleb128 0x3b
 350 0047 0B       		.uleb128 0xb
 351 0048 27       		.uleb128 0x27
 352 0049 19       		.uleb128 0x19
 353 004a 11       		.uleb128 0x11
 354 004b 01       		.uleb128 0x1
 355 004c 12       		.uleb128 0x12
 356 004d 06       		.uleb128 0x6
 357 004e 40       		.uleb128 0x40
 358 004f 18       		.uleb128 0x18
 359 0050 9742     		.uleb128 0x2117
 360 0052 19       		.uleb128 0x19
 361 0053 01       		.uleb128 0x1
 362 0054 13       		.uleb128 0x13
 363 0055 00       		.byte	0
 364 0056 00       		.byte	0
 365 0057 07       		.uleb128 0x7
 366 0058 05       		.uleb128 0x5
 367 0059 00       		.byte	0
 368 005a 03       		.uleb128 0x3
 369 005b 0E       		.uleb128 0xe
 370 005c 3A       		.uleb128 0x3a
 371 005d 0B       		.uleb128 0xb
 372 005e 3B       		.uleb128 0x3b
 373 005f 0B       		.uleb128 0xb
 374 0060 49       		.uleb128 0x49
 375 0061 13       		.uleb128 0x13
 376 0062 02       		.uleb128 0x2
 377 0063 18       		.uleb128 0x18
 378 0064 00       		.byte	0
 379 0065 00       		.byte	0
 380 0066 08       		.uleb128 0x8
 381 0067 2E       		.uleb128 0x2e
 382 0068 00       		.byte	0
 383 0069 3F       		.uleb128 0x3f
 384 006a 19       		.uleb128 0x19
 385 006b 03       		.uleb128 0x3
 386 006c 0E       		.uleb128 0xe
 387 006d 3A       		.uleb128 0x3a
 388 006e 0B       		.uleb128 0xb
 389 006f 3B       		.uleb128 0x3b
 390 0070 0B       		.uleb128 0xb
 391 0071 27       		.uleb128 0x27
 392 0072 19       		.uleb128 0x19
 393 0073 49       		.uleb128 0x49
 394 0074 13       		.uleb128 0x13
 395 0075 11       		.uleb128 0x11
 396 0076 01       		.uleb128 0x1
 397 0077 12       		.uleb128 0x12
 398 0078 06       		.uleb128 0x6
ARM GAS  C:\Users\Thomas\AppData\Local\Temp\cccY31yF.s 			page 14


 399 0079 40       		.uleb128 0x40
 400 007a 18       		.uleb128 0x18
 401 007b 9742     		.uleb128 0x2117
 402 007d 19       		.uleb128 0x19
 403 007e 00       		.byte	0
 404 007f 00       		.byte	0
 405 0080 00       		.byte	0
 406              		.section	.debug_aranges,"",%progbits
 407 0000 24000000 		.4byte	0x24
 408 0004 0200     		.2byte	0x2
 409 0006 00000000 		.4byte	.Ldebug_info0
 410 000a 04       		.byte	0x4
 411 000b 00       		.byte	0
 412 000c 0000     		.2byte	0
 413 000e 0000     		.2byte	0
 414 0010 00000000 		.4byte	.LFB0
 415 0014 0C000000 		.4byte	.LFE0-.LFB0
 416 0018 00000000 		.4byte	.LFB1
 417 001c 0C000000 		.4byte	.LFE1-.LFB1
 418 0020 00000000 		.4byte	0
 419 0024 00000000 		.4byte	0
 420              		.section	.debug_ranges,"",%progbits
 421              	.Ldebug_ranges0:
 422 0000 00000000 		.4byte	.LFB0
 423 0004 0C000000 		.4byte	.LFE0
 424 0008 00000000 		.4byte	.LFB1
 425 000c 0C000000 		.4byte	.LFE1
 426 0010 00000000 		.4byte	0
 427 0014 00000000 		.4byte	0
 428              		.section	.debug_line,"",%progbits
 429              	.Ldebug_line0:
 430 0000 6D000000 		.section	.debug_str,"MS",%progbits,1
 430      02004600 
 430      00000201 
 430      FB0E0D00 
 430      01010101 
 431              	.LASF17:
 432 0000 54696D65 		.ascii	"Timer_4_Write\000"
 432      725F345F 
 432      57726974 
 432      6500
 433              	.LASF9:
 434 000e 666C6F61 		.ascii	"float\000"
 434      7400
 435              	.LASF1:
 436 0014 756E7369 		.ascii	"unsigned char\000"
 436      676E6564 
 436      20636861 
 436      7200
 437              	.LASF13:
 438 0022 72656738 		.ascii	"reg8\000"
 438      00
 439              	.LASF5:
 440 0027 6C6F6E67 		.ascii	"long unsigned int\000"
 440      20756E73 
 440      69676E65 
 440      6420696E 
ARM GAS  C:\Users\Thomas\AppData\Local\Temp\cccY31yF.s 			page 15


 440      7400
 441              	.LASF3:
 442 0039 73686F72 		.ascii	"short unsigned int\000"
 442      7420756E 
 442      7369676E 
 442      65642069 
 442      6E7400
 443              	.LASF18:
 444 004c 636F6E74 		.ascii	"control\000"
 444      726F6C00 
 445              	.LASF10:
 446 0054 646F7562 		.ascii	"double\000"
 446      6C6500
 447              	.LASF16:
 448 005b 433A5C55 		.ascii	"C:\\Users\\Thomas\\Documents\\PSoC Creator\\TASBot\\"
 448      73657273 
 448      5C54686F 
 448      6D61735C 
 448      446F6375 
 449 0089 54415342 		.ascii	"TASBot.cydsn\000"
 449      6F742E63 
 449      7964736E 
 449      00
 450              	.LASF15:
 451 0096 2E5C4765 		.ascii	".\\Generated_Source\\PSoC5\\Timer_4.c\000"
 451      6E657261 
 451      7465645F 
 451      536F7572 
 451      63655C50 
 452              	.LASF8:
 453 00b9 756E7369 		.ascii	"unsigned int\000"
 453      676E6564 
 453      20696E74 
 453      00
 454              	.LASF7:
 455 00c6 6C6F6E67 		.ascii	"long long unsigned int\000"
 455      206C6F6E 
 455      6720756E 
 455      7369676E 
 455      65642069 
 456              	.LASF6:
 457 00dd 6C6F6E67 		.ascii	"long long int\000"
 457      206C6F6E 
 457      6720696E 
 457      7400
 458              	.LASF14:
 459 00eb 474E5520 		.ascii	"GNU C 4.9.3 20150303 (release) [ARM/embedded-4_9-br"
 459      4320342E 
 459      392E3320 
 459      32303135 
 459      30333033 
 460 011e 616E6368 		.ascii	"anch revision 221220] -mcpu=cortex-m3 -mthumb -g -O"
 460      20726576 
 460      6973696F 
 460      6E203232 
 460      31323230 
 461 0151 33202D66 		.ascii	"3 -ffunction-sections -finline-functions -flto -ffa"
ARM GAS  C:\Users\Thomas\AppData\Local\Temp\cccY31yF.s 			page 16


 461      66756E63 
 461      74696F6E 
 461      2D736563 
 461      74696F6E 
 462 0184 742D6C74 		.ascii	"t-lto-objects\000"
 462      6F2D6F62 
 462      6A656374 
 462      7300
 463              	.LASF11:
 464 0192 63686172 		.ascii	"char\000"
 464      00
 465              	.LASF2:
 466 0197 73686F72 		.ascii	"short int\000"
 466      7420696E 
 466      7400
 467              	.LASF12:
 468 01a1 75696E74 		.ascii	"uint8\000"
 468      3800
 469              	.LASF4:
 470 01a7 6C6F6E67 		.ascii	"long int\000"
 470      20696E74 
 470      00
 471              	.LASF0:
 472 01b0 7369676E 		.ascii	"signed char\000"
 472      65642063 
 472      68617200 
 473              	.LASF19:
 474 01bc 54696D65 		.ascii	"Timer_4_Read\000"
 474      725F345F 
 474      52656164 
 474      00
 475              		.comm	__gnu_lto_v1,1,1
 476              		.ident	"GCC: (GNU Tools for ARM Embedded Processors) 4.9.3 20150303 (release) [ARM/embedded-4_9-br
