ARM GAS  C:\Users\Thomas\AppData\Local\Temp\ccaVWuYv.s 			page 1


   1              		.syntax unified
   2              		.cpu cortex-m3
   3              		.fpu softvfp
   4              		.eabi_attribute 20, 1
   5              		.eabi_attribute 21, 1
   6              		.eabi_attribute 23, 3
   7              		.eabi_attribute 24, 1
   8              		.eabi_attribute 25, 1
   9              		.eabi_attribute 26, 1
  10              		.eabi_attribute 30, 2
  11              		.eabi_attribute 34, 1
  12              		.eabi_attribute 18, 4
  13              		.thumb
  14              		.file	"Timer_3.c"
  15              		.text
  16              	.Ltext0:
  17              		.section	.gnu.lto_.profile.be1c0977,"",%progbits
  18 0000 789C6366 		.ascii	"x\234cf```a\200\000F\0066\026\000\000\204\000\023"
  18      60606061 
  18      80004606 
  18      36160000 
  18      840013
  19              		.text
  20              		.section	.gnu.lto_.jmpfuncs.be1c0977,"",%progbits
  21 0000 789C6366 		.ascii	"x\234cf\300\016\270\2404\023\003##c=#\220\005\000\004"
  21      C00EB8A0 
  21      34130323 
  21      23633D23 
  21      90050004 
  22 0014 040093   		.ascii	"\004\000\223"
  23              		.text
  24              		.section	.gnu.lto_.inline.be1c0977,"",%progbits
  25 0000 789C6366 		.ascii	"x\234cf\300\0164\2404\023\003\003\0133#\003\023\323"
  25      C00E34A0 
  25      34130303 
  25      0B332303 
  25      13D3
  26 0012 057E06B6 		.ascii	"\005~\006\266\005\362L 1FL!\006\000K\274\003\223"
  26      05F24C20 
  26      31464C21 
  26      06004BBC 
  26      0393
  27              		.text
  28              		.section	.gnu.lto_.pureconst.be1c0977,"",%progbits
  29 0000 789C6366 		.ascii	"x\234cf```e\200\000&\006)F)\000\000\371\000@"
  29      60606065 
  29      80002606 
  29      29462900 
  29      00F90040 
  30              		.text
  31              		.section	.gnu.lto_Timer_3_Write.be1c0977,"",%progbits
  32 0000 789C6590 		.ascii	"x\234e\220\261KBQ\024\306\317w\236\232\345\022\215o"
  32      B14B4251 
  32      14C6CF77 
  32      9E9AE512 
  32      8D6F
  33 0012 0D93205D 		.ascii	"\015\223 ]\242=hh\025l\024$^o\010\312\007\017\233\275"
ARM GAS  C:\Users\Thomas\AppData\Local\Temp\ccaVWuYv.s 			page 2


  33      A23D6868 
  33      156C1424 
  33      5E6F08CA 
  33      070F9BBD 
  34 0026 2FFC03A4 		.ascii	"/\374\003\244!\202p\2122\323z\205MM\257\250\240\206"
  34      2182708A 
  34      32D37A85 
  34      4D4DAFA8 
  34      A086
  35 0038 A2088286 		.ascii	"\242\010\202\206Z\014rK\202\302 \354\334\034\273p9\347"
  35      5A0C724B 
  35      82C220EC 
  35      DC1CBB70 
  35      39E7
  36 004a 1EBEEF77 		.ascii	"\036\276\357w\277{\015\372\277L\331Q\020%\245\302 p"
  36      BF7B0DFA 
  36      BF4CD951 
  36      1025A5C2 
  36      2070
  37 005c F986C88B 		.ascii	"\371\206\310\2132\240\033\002\025\031E\264\271\303("
  37      32A01B02 
  37      151945B4 
  37      B9C328
  38 006b 07F58D58 		.ascii	"\007\365\215Xb[)\365~\177\345\245\003t\231\350\203\373"
  38      625B29F5 
  38      7E7FE5A5 
  38      037499E8 
  38      83FB
  39 007d 1C549110 		.ascii	"\034T\221\020\315\316\371\245i\214\201\244\375n\256"
  39      CDCEF9A5 
  39      698C81A4 
  39      FD6EAE
  40 008c D507E35B 		.ascii	"\325\007\343[J\255\006'\007jZ\324\300.\0141`\302\304"
  40      4AAD0627 
  40      076A5AD4 
  40      C02E0C31 
  40      60C2C4
  41 009f B8493220 		.ascii	"\270I2 \324\020\327\342N\351\3471\026)\011{\270\217"
  41      D410D7E2 
  41      4EE9E731 
  41      1629097B 
  41      B88F
  42 00b1 C41E2212 		.ascii	"\304\036\"\022\213\374\221@\365z\315\352\351!B\002\320"
  42      8BFC9140 
  42      F57ACDEA 
  42      E9214202 
  42      D0
  43 00c2 726A8940 		.ascii	"rj\211@\247{e\326\325x\302\331z\247\232\324\026A\325"
  43      A77B65D6 
  43      D578C2D9 
  43      7AA79AD4 
  43      1641D5
  44 00d5 8EFD66F8 		.ascii	"\216\375f\370\215\273\314\237\327\236\012i\372K\353"
  44      8DBBCC9F 
  44      D79E0A69 
  44      FA4BEB
  45 00e4 F62EFA37 		.ascii	"\366.\3727\"}l\373\027\017C\025lz%/\010w\331@\035&\032"
ARM GAS  C:\Users\Thomas\AppData\Local\Temp\ccaVWuYv.s 			page 3


  45      227D6CFB 
  45      170F4315 
  45      6C7A252F 
  45      0877D940 
  46 00fb 90AFC03E 		.ascii	"\220\257\300>*\370\022\3313\274\340(\254\211\372q-I"
  46      2AF812D9 
  46      33BCE028 
  46      AC89FA71 
  46      2D49
  47 010d 2A17897B 		.ascii	"*\027\211{4\225\235\265\363\266;_\260\027r\031g\305"
  47      34959DB5 
  47      F3B63B5F 
  47      B0177219 
  47      67C5
  48 011f B5EC6C3A 		.ascii	"\265\354l:\343\314Le\347\026\227m77\231\262h\300r\362"
  48      E3CC4C65 
  48      E716976D 
  48      373799B2 
  48      68C072F2 
  49 0133 05D759FA 		.ascii	"\005\327Y\372\005]{m#"
  49      055D7B6D 
  49      23
  50              		.text
  51              		.section	.gnu.lto_Timer_3_Read.be1c0977,"",%progbits
  52 0000 789C6366 		.ascii	"x\234cf\300\004R@|\025\210U\201\230\221\231\201\221"
  52      C0045240 
  52      7C158855 
  52      81989199 
  52      8191
  53 0012 69C23906 		.ascii	"i\3029\006\206F\016&FF\020\203\201\221\241\236\211\261"
  53      86460E26 
  53      46461083 
  53      8191A19E 
  53      89B1
  54 0024 9EF125D3 		.ascii	"\236\361%\323G&\3063;\377]fT_\332\320\320\364a\322\373"
  54      4726C633 
  54      3BFF5D66 
  54      545FDAD0 
  54      D0F461D2 
  55 0039 BB010718 		.ascii	"\273\001\007\030\177210|fb`\324\221b\324\004\231\303"
  55      7F323130 
  55      7C666260 
  55      D49162D4 
  55      0499C3
  56 004c B89C519D 		.ascii	"\270\234Q\235\001\250\360c\313\337\353\334l-\015\015"
  56      01A8F063 
  56      CBDFEBDC 
  56      6C2D0D0D 
  57 005c 0D022079 		.ascii	"\015\002 y\240\304\012F6F \275^\350@\303\377\377\233"
  57      A0C40A46 
  57      364620BD 
  57      5EE840C3 
  57      FFFF9B
  58 006f F71EFCC1 		.ascii	"\367\036\374\301\310\314\304\000\322\316\360\004H\200"
  58      C8CCC400 
  58      D2CEF004 
  58      4880
ARM GAS  C:\Users\Thomas\AppData\Local\Temp\ccaVWuYv.s 			page 4


  59 007d 6C7ACAC4 		.ascii	"lz\312\304\004\242\231o1\036\372\326u/\034\244\343;"
  59      04A2996F 
  59      311EFAD6 
  59      752F1CA4 
  59      E33B
  60 008f 13C8D695 		.ascii	"\023\310\326\225[\326of}\301\364\223\211\361\333\251"
  60      5BD66F66 
  60      7DC1F493 
  60      89F1DBA9 
  61 009f C6061690 		.ascii	"\306\006\026\220\371\367\237\234\277\310\001\026b\000"
  61      F9F79F9C 
  61      BFC80116 
  61      6200
  62 00ad 715FAE3F 		.ascii	"q_\256?z\205k.\343\354\306\226\306\0032?\231\200Z\030"
  62      7A856B2E 
  62      E3ECC696 
  62      C603323F 
  62      99805A18 
  63 00c1 A5185731 		.ascii	"\245\030W1\002]\304\270\232q.#\303=\306\306\006n\250"
  63      025DC4B8 
  63      9A712E23 
  63      C33DC6C6 
  63      066EA8
  64 00d4 81601B19 		.ascii	"\201`\033\031A6\001\231\312z1\356\251y\251E\211%\251"
  64      41360199 
  64      CA7A31EE 
  64      A979A945 
  64      8925A9
  65 00e7 29F1C1F9 		.ascii	")\361\301\371\245E\311\2511\001\301\371\316\2461!\231"
  65      A545C9A9 
  65      3101C1F9 
  65      CEA63121 
  65      99
  66 00f8 B9A945F1 		.ascii	"\271\251E\361\306z\311\014\000\320\"[\351"
  66      C67AC90C 
  66      00D0225B 
  66      E9
  67              		.text
  68              		.section	.gnu.lto_.symbol_nodes.be1c0977,"",%progbits
  69 0000 789C6366 		.ascii	"x\234cf``Pb\200\002&\206z\006\206\011\347\030\030\352"
  69      60605062 
  69      80022686 
  69      7A068609 
  69      E71818EA 
  70 0014 EB19E62D 		.ascii	"\353\031\346-\340``b\254gD\3463\000\000\2212\010n"
  70      E0606062 
  70      AC6744E6 
  70      33000091 
  70      32086E
  71              		.text
  72              		.section	.gnu.lto_.refs.be1c0977,"",%progbits
  73 0000 789C6366 		.ascii	"x\234cf```d\200\002\000\000=\000\005"
  73      60606064 
  73      80020000 
  73      3D0005
  74              		.text
  75              		.section	.gnu.lto_.decls.be1c0977,"",%progbits
ARM GAS  C:\Users\Thomas\AppData\Local\Temp\ccaVWuYv.s 			page 5


  76 0000 789C6366 		.ascii	"x\234cf``\230\000\304\377\201 \233\211\201\241\014\310"
  76      60609800 
  76      C4FF8120 
  76      9B8981A1 
  76      0CC8
  77 0012 6606E200 		.ascii	"f\006\342\000\006\004\000\0123l\002\342\255\014\230"
  77      0604000A 
  77      336C02E2 
  77      AD0C98
  78 0021 0024CE02 		.ascii	"\000$\316\002U\277\026\210w\001\361\016\250\034#T\036"
  78      55BF1688 
  78      7701F10E 
  78      A81C2354 
  78      1E
  79 0032 1D6C85DA 		.ascii	"\035l\205\332\201M=6;>21\356\\\367\345,\367\013&F>."
  79      814D3D36 
  79      3B3E3231 
  79      EE5CF7E5 
  79      2CF70B26 
  80 0049 051077D7 		.ascii	"\005\020w\327\244\0233\330\200\\\036.\026\020\367\332"
  80      A41333D8 
  80      805C1E2E 
  80      1610F7DA 
  81 0059 FEF6760E 		.ascii	"\376\366v\016f&F\020{\361\214\207W\270tV544t4\0348\300"
  81      66264610 
  81      7BF18C87 
  81      57B87456 
  81      35343474 
  82 0071 8830A271 		.ascii	"\2100\242q\331\356\036v\240\0361.0\267\357\364\254\203"
  82      D9EE1E76 
  82      A01E312E 
  82      30B7EFF4 
  82      AC83
  83 0083 CC60EE7F 		.ascii	"\314`\356\177\220>\246\2337\247\374df\344R\353hhhj\370"
  83      903EA69B 
  83      37A7FC64 
  83      66E452EB 
  83      6868686A 
  84 0098 30A98159 		.ascii	"0\251\201Y\202\201QG\212QS\212\201q\035\243\032P\031"
  84      82815147 
  84      8A51538A 
  84      81711DA3 
  84      1A5019
  85 00ab E32A461D 		.ascii	"\343*F\035\006\306\325\214R\214k\030\245\030\226\000"
  85      06C6D58C 
  85      528C6B18 
  85      A5189600 
  86 00bb 2DF830FF 		.ascii	"-\3700\377\312-\231\206\006\026\306\265\214\\\214+\031"
  86      CA2D9986 
  86      0616C6B5 
  86      8C5C8C2B 
  86      19
  87 00cc 99C12A80 		.ascii	"\231\301*\200\336\000\331\000\265tB\353\301\011,,\300"
  87      DE00D900 
  87      B57442EB 
  87      C1092C2C 
  87      C0
ARM GAS  C:\Users\Thomas\AppData\Local\Temp\ccaVWuYv.s 			page 6


  88 00dd 0004AB89 		.ascii	"\000\004\253\211\006\273\366\353\377\207K\231\304\247"
  88      06BBF6EB 
  88      FF874B99 
  88      C4A7
  89 00eb 020D6898 		.ascii	"\002\015h\230\320\334 \300\302\030 \306\270\034h\354"
  89      D0DC20C0 
  89      C21820C6 
  89      B81C68EC 
  90 00fb 0AA0B10C 		.ascii	"\012\240\261\014\214\033\030\305\201\344zF\026\210\001"
  90      8C1B18C5 
  90      81E47A46 
  90      168801
  91 010a 17FEB73E 		.ascii	"\027\376\267>cc6\006{\255\355\317\202\015L\012\363\032"
  91      63633606 
  91      7BADEDCF 
  91      820D4C0A 
  91      F31A
  92 011c 166CF8D0 		.ascii	"\026l\370\320\271x2\363\314\206\005M\015\377\376\003"
  92      B97832F3 
  92      CC86054D 
  92      0DFFFE03 
  93 012c 9D0FD2C4 		.ascii	"\235\017\322\304\270\021\356\000\006\020\033\022\242"
  93      B811EE00 
  93      06101B12 
  93      A2
  94 0139 9B181580 		.ascii	"\233\030\025\200\032;[60#[\010r\013\302\306\315`\033"
  94      1A3B5B36 
  94      30235B08 
  94      720BC2C6 
  94      CD601B
  95 014c A3A116AE 		.ascii	"\243\241\026\256]w\270\223\2259\025l\341\204\365\223"
  95      5D77B893 
  95      9539156C 
  95      E184F593 
  96 015c 5670822D 		.ascii	"Vp\202-|\360s\035\333\211\206\003\377\377\333\203\224"
  96      7CF0731D 
  96      DB898603 
  96      FFFFDB83 
  96      94
  97 016d 336E41B2 		.ascii	"3nA\262k\013\314\256\255`\273\032\246w/\341`.\002\353"
  97      6B0BCCAE 
  97      AD60BB1A 
  97      A6772FE1 
  97      602E02EB 
  98 0181 DFFAAD6B 		.ascii	"\337\372\255k'/\0270D\233\211\010Q`\034\\9\327u\215"
  98      272F1730 
  98      449B8908 
  98      51601C5C 
  98      39D7758D 
  99 0195 131207E8 		.ascii	"\023\022\007\350:v\342\214\203\037\217=Z\032\034\030"
  99      3A76E28C 
  99      831F8F3D 
  99      5A1A1C18 
 100 01a5 7700FDB4 		.ascii	"w\000\375\264\015\021\007\333\031\021\221\320\371h\326"
 100      0D1107DB 
 100      191191D0 
 100      F968D6
ARM GAS  C:\Users\Thomas\AppData\Local\Temp\ccaVWuYv.s 			page 7


 101 01b4 591E9E2E 		.ascii	"Y\036\236.P\304\002\375\317y\202\017\254\030\021\000"
 101      50C402FD 
 101      CF79820F 
 101      AC181100 
 102 01c4 BB1879C0 		.ascii	"\273\030y\300\036\000\321\254\245\231y%\026l\356~\241"
 102      1E00D1AC 
 102      A5997925 
 102      166CEE7E 
 102      A1
 103 01d5 0ACE0CCA 		.ascii	"\012\316\014\312z1\356\251y\251E\211%\251)\361\301\371"
 103      7A31EEA9 
 103      79A94589 
 103      25A929F1 
 103      C1F9
 104 01e7 A545C9A9 		.ascii	"\245E\311\2511\001\301\371\316\2461\311\225%\225\005"
 104      3101C1F9 
 104      CEA631C9 
 104      95259505 
 105 01f7 A9C57A19 		.ascii	"\251\305z\031\014\274!\231\271\251E\361\306\361\341"
 105      0CBC2199 
 105      B9A945F1 
 105      C6F1E1
 106 0206 459925A9 		.ascii	"E\231%\251\270u@\225\351%3\360\300t\004\245&\246\260"
 106      B8754095 
 106      E92533F0 
 106      C07404A5 
 106      26A6B0
 107 0219 14A5A65B 		.ascii	"\024\245\246[\000\000L_\347\244"
 107      00004C5F 
 107      E7A4
 108              		.text
 109              		.section	.gnu.lto_.symtab.be1c0977,"",%progbits
 110 0000 54696D65 		.ascii	"Timer_3_Write\000\000\000\000\000\000\000\000\000\000"
 110      725F335F 
 110      57726974 
 110      65000000 
 110      00000000 
 111 0017 0000B200 		.ascii	"\000\000\262\000\000\000Timer_3_Read\000\000\000\000"
 111      00005469 
 111      6D65725F 
 111      335F5265 
 111      61640000 
 112 002d 00000000 		.ascii	"\000\000\000\000\000\000\000\000\265\000\000\000"
 112      00000000 
 112      B5000000 
 113              		.text
 114              		.section	.gnu.lto_.opts,"",%progbits
 115 0000 272D666E 		.ascii	"'-fno-trapv' '-mcpu=cortex-m3' '-mthumb' '-g' '-O3'"
 115      6F2D7472 
 115      61707627 
 115      20272D6D 
 115      6370753D 
 116 0033 20272D66 		.ascii	" '-ffunction-sections' '-finline-functions' '-flto'"
 116      66756E63 
 116      74696F6E 
 116      2D736563 
 116      74696F6E 
ARM GAS  C:\Users\Thomas\AppData\Local\Temp\ccaVWuYv.s 			page 8


 117 0066 20272D66 		.ascii	" '-ffat-lto-objects'\000"
 117      6661742D 
 117      6C746F2D 
 117      6F626A65 
 117      63747327 
 118              		.text
 119              		.cfi_sections	.debug_frame
 120              		.section	.text.Timer_3_Write,"ax",%progbits
 121              		.align	2
 122              		.global	Timer_3_Write
 123              		.thumb
 124              		.thumb_func
 125              		.type	Timer_3_Write, %function
 126              	Timer_3_Write:
 127              	.LFB0:
 128              		.file 1 ".\\Generated_Source\\PSoC5\\Timer_3.c"
   1:.\Generated_Source\PSoC5/Timer_3.c **** /*******************************************************************************
   2:.\Generated_Source\PSoC5/Timer_3.c **** * File Name: Timer_3.c  
   3:.\Generated_Source\PSoC5/Timer_3.c **** * Version 1.80
   4:.\Generated_Source\PSoC5/Timer_3.c **** *
   5:.\Generated_Source\PSoC5/Timer_3.c **** * Description:
   6:.\Generated_Source\PSoC5/Timer_3.c **** *  This file contains API to enable firmware control of a Control Register.
   7:.\Generated_Source\PSoC5/Timer_3.c **** *
   8:.\Generated_Source\PSoC5/Timer_3.c **** * Note:
   9:.\Generated_Source\PSoC5/Timer_3.c **** *
  10:.\Generated_Source\PSoC5/Timer_3.c **** ********************************************************************************
  11:.\Generated_Source\PSoC5/Timer_3.c **** * Copyright 2008-2015, Cypress Semiconductor Corporation.  All rights reserved.
  12:.\Generated_Source\PSoC5/Timer_3.c **** * You may use this file only in accordance with the license, terms, conditions, 
  13:.\Generated_Source\PSoC5/Timer_3.c **** * disclaimers, and limitations in the end user license agreement accompanying 
  14:.\Generated_Source\PSoC5/Timer_3.c **** * the software package with which this file was provided.
  15:.\Generated_Source\PSoC5/Timer_3.c **** *******************************************************************************/
  16:.\Generated_Source\PSoC5/Timer_3.c **** 
  17:.\Generated_Source\PSoC5/Timer_3.c **** #include "Timer_3.h"
  18:.\Generated_Source\PSoC5/Timer_3.c **** 
  19:.\Generated_Source\PSoC5/Timer_3.c **** /* Check for removal by optimization */
  20:.\Generated_Source\PSoC5/Timer_3.c **** #if !defined(Timer_3_Sync_ctrl_reg__REMOVED)
  21:.\Generated_Source\PSoC5/Timer_3.c **** 
  22:.\Generated_Source\PSoC5/Timer_3.c ****     
  23:.\Generated_Source\PSoC5/Timer_3.c **** /*******************************************************************************
  24:.\Generated_Source\PSoC5/Timer_3.c **** * Function Name: Timer_3_Write
  25:.\Generated_Source\PSoC5/Timer_3.c **** ********************************************************************************
  26:.\Generated_Source\PSoC5/Timer_3.c **** *
  27:.\Generated_Source\PSoC5/Timer_3.c **** * Summary:
  28:.\Generated_Source\PSoC5/Timer_3.c **** *  Write a byte to the Control Register.
  29:.\Generated_Source\PSoC5/Timer_3.c **** *
  30:.\Generated_Source\PSoC5/Timer_3.c **** * Parameters:
  31:.\Generated_Source\PSoC5/Timer_3.c **** *  control:  The value to be assigned to the Control Register.
  32:.\Generated_Source\PSoC5/Timer_3.c **** *
  33:.\Generated_Source\PSoC5/Timer_3.c **** * Return:
  34:.\Generated_Source\PSoC5/Timer_3.c **** *  None.
  35:.\Generated_Source\PSoC5/Timer_3.c **** *
  36:.\Generated_Source\PSoC5/Timer_3.c **** *******************************************************************************/
  37:.\Generated_Source\PSoC5/Timer_3.c **** void Timer_3_Write(uint8 control) 
  38:.\Generated_Source\PSoC5/Timer_3.c **** {
 129              		.loc 1 38 0
 130              		.cfi_startproc
 131              		@ args = 0, pretend = 0, frame = 0
ARM GAS  C:\Users\Thomas\AppData\Local\Temp\ccaVWuYv.s 			page 9


 132              		@ frame_needed = 0, uses_anonymous_args = 0
 133              		@ link register save eliminated.
 134              	.LVL0:
  39:.\Generated_Source\PSoC5/Timer_3.c ****     Timer_3_Control = control;
 135              		.loc 1 39 0
 136 0000 014B     		ldr	r3, .L2
 137 0002 1870     		strb	r0, [r3]
 138 0004 7047     		bx	lr
 139              	.L3:
 140 0006 00BF     		.align	2
 141              	.L2:
 142 0008 76650040 		.word	1073767798
 143              		.cfi_endproc
 144              	.LFE0:
 145              		.size	Timer_3_Write, .-Timer_3_Write
 146              		.section	.text.Timer_3_Read,"ax",%progbits
 147              		.align	2
 148              		.global	Timer_3_Read
 149              		.thumb
 150              		.thumb_func
 151              		.type	Timer_3_Read, %function
 152              	Timer_3_Read:
 153              	.LFB1:
  40:.\Generated_Source\PSoC5/Timer_3.c **** }
  41:.\Generated_Source\PSoC5/Timer_3.c **** 
  42:.\Generated_Source\PSoC5/Timer_3.c **** 
  43:.\Generated_Source\PSoC5/Timer_3.c **** /*******************************************************************************
  44:.\Generated_Source\PSoC5/Timer_3.c **** * Function Name: Timer_3_Read
  45:.\Generated_Source\PSoC5/Timer_3.c **** ********************************************************************************
  46:.\Generated_Source\PSoC5/Timer_3.c **** *
  47:.\Generated_Source\PSoC5/Timer_3.c **** * Summary:
  48:.\Generated_Source\PSoC5/Timer_3.c **** *  Reads the current value assigned to the Control Register.
  49:.\Generated_Source\PSoC5/Timer_3.c **** *
  50:.\Generated_Source\PSoC5/Timer_3.c **** * Parameters:
  51:.\Generated_Source\PSoC5/Timer_3.c **** *  None.
  52:.\Generated_Source\PSoC5/Timer_3.c **** *
  53:.\Generated_Source\PSoC5/Timer_3.c **** * Return:
  54:.\Generated_Source\PSoC5/Timer_3.c **** *  Returns the current value in the Control Register.
  55:.\Generated_Source\PSoC5/Timer_3.c **** *
  56:.\Generated_Source\PSoC5/Timer_3.c **** *******************************************************************************/
  57:.\Generated_Source\PSoC5/Timer_3.c **** uint8 Timer_3_Read(void) 
  58:.\Generated_Source\PSoC5/Timer_3.c **** {
 154              		.loc 1 58 0
 155              		.cfi_startproc
 156              		@ args = 0, pretend = 0, frame = 0
 157              		@ frame_needed = 0, uses_anonymous_args = 0
 158              		@ link register save eliminated.
  59:.\Generated_Source\PSoC5/Timer_3.c ****     return Timer_3_Control;
 159              		.loc 1 59 0
 160 0000 014B     		ldr	r3, .L5
 161 0002 1878     		ldrb	r0, [r3]	@ zero_extendqisi2
  60:.\Generated_Source\PSoC5/Timer_3.c **** }
 162              		.loc 1 60 0
 163 0004 7047     		bx	lr
 164              	.L6:
 165 0006 00BF     		.align	2
 166              	.L5:
ARM GAS  C:\Users\Thomas\AppData\Local\Temp\ccaVWuYv.s 			page 10


 167 0008 76650040 		.word	1073767798
 168              		.cfi_endproc
 169              	.LFE1:
 170              		.size	Timer_3_Read, .-Timer_3_Read
 171              		.text
 172              	.Letext0:
 173              		.file 2 ".\\Generated_Source\\PSoC5\\cytypes.h"
 174              		.section	.debug_info,"",%progbits
 175              	.Ldebug_info0:
 176 0000 D2000000 		.4byte	0xd2
 177 0004 0400     		.2byte	0x4
 178 0006 00000000 		.4byte	.Ldebug_abbrev0
 179 000a 04       		.byte	0x4
 180 000b 01       		.uleb128 0x1
 181 000c F8000000 		.4byte	.LASF14
 182 0010 01       		.byte	0x1
 183 0011 0E000000 		.4byte	.LASF15
 184 0015 7E000000 		.4byte	.LASF16
 185 0019 00000000 		.4byte	.Ldebug_ranges0+0
 186 001d 00000000 		.4byte	0
 187 0021 00000000 		.4byte	.Ldebug_line0
 188 0025 02       		.uleb128 0x2
 189 0026 01       		.byte	0x1
 190 0027 06       		.byte	0x6
 191 0028 BD010000 		.4byte	.LASF0
 192 002c 02       		.uleb128 0x2
 193 002d 01       		.byte	0x1
 194 002e 08       		.byte	0x8
 195 002f 37000000 		.4byte	.LASF1
 196 0033 02       		.uleb128 0x2
 197 0034 02       		.byte	0x2
 198 0035 05       		.byte	0x5
 199 0036 A4010000 		.4byte	.LASF2
 200 003a 02       		.uleb128 0x2
 201 003b 02       		.byte	0x2
 202 003c 07       		.byte	0x7
 203 003d 5C000000 		.4byte	.LASF3
 204 0041 02       		.uleb128 0x2
 205 0042 04       		.byte	0x4
 206 0043 05       		.byte	0x5
 207 0044 B4010000 		.4byte	.LASF4
 208 0048 02       		.uleb128 0x2
 209 0049 04       		.byte	0x4
 210 004a 07       		.byte	0x7
 211 004b 4A000000 		.4byte	.LASF5
 212 004f 02       		.uleb128 0x2
 213 0050 08       		.byte	0x8
 214 0051 05       		.byte	0x5
 215 0052 EA000000 		.4byte	.LASF6
 216 0056 02       		.uleb128 0x2
 217 0057 08       		.byte	0x8
 218 0058 07       		.byte	0x7
 219 0059 C6000000 		.4byte	.LASF7
 220 005d 03       		.uleb128 0x3
 221 005e 04       		.byte	0x4
 222 005f 05       		.byte	0x5
 223 0060 696E7400 		.ascii	"int\000"
ARM GAS  C:\Users\Thomas\AppData\Local\Temp\ccaVWuYv.s 			page 11


 224 0064 02       		.uleb128 0x2
 225 0065 04       		.byte	0x4
 226 0066 07       		.byte	0x7
 227 0067 B9000000 		.4byte	.LASF8
 228 006b 04       		.uleb128 0x4
 229 006c AE010000 		.4byte	.LASF12
 230 0070 02       		.byte	0x2
 231 0071 9201     		.2byte	0x192
 232 0073 2C000000 		.4byte	0x2c
 233 0077 02       		.uleb128 0x2
 234 0078 04       		.byte	0x4
 235 0079 04       		.byte	0x4
 236 007a 31000000 		.4byte	.LASF9
 237 007e 02       		.uleb128 0x2
 238 007f 08       		.byte	0x8
 239 0080 04       		.byte	0x4
 240 0081 77000000 		.4byte	.LASF10
 241 0085 02       		.uleb128 0x2
 242 0086 01       		.byte	0x1
 243 0087 08       		.byte	0x8
 244 0088 9F010000 		.4byte	.LASF11
 245 008c 04       		.uleb128 0x4
 246 008d 45000000 		.4byte	.LASF13
 247 0091 02       		.byte	0x2
 248 0092 3C02     		.2byte	0x23c
 249 0094 98000000 		.4byte	0x98
 250 0098 05       		.uleb128 0x5
 251 0099 6B000000 		.4byte	0x6b
 252 009d 06       		.uleb128 0x6
 253 009e 00000000 		.4byte	.LASF17
 254 00a2 01       		.byte	0x1
 255 00a3 25       		.byte	0x25
 256 00a4 00000000 		.4byte	.LFB0
 257 00a8 0C000000 		.4byte	.LFE0-.LFB0
 258 00ac 01       		.uleb128 0x1
 259 00ad 9C       		.byte	0x9c
 260 00ae C0000000 		.4byte	0xc0
 261 00b2 07       		.uleb128 0x7
 262 00b3 6F000000 		.4byte	.LASF18
 263 00b7 01       		.byte	0x1
 264 00b8 25       		.byte	0x25
 265 00b9 6B000000 		.4byte	0x6b
 266 00bd 01       		.uleb128 0x1
 267 00be 50       		.byte	0x50
 268 00bf 00       		.byte	0
 269 00c0 08       		.uleb128 0x8
 270 00c1 DD000000 		.4byte	.LASF19
 271 00c5 01       		.byte	0x1
 272 00c6 39       		.byte	0x39
 273 00c7 6B000000 		.4byte	0x6b
 274 00cb 00000000 		.4byte	.LFB1
 275 00cf 0C000000 		.4byte	.LFE1-.LFB1
 276 00d3 01       		.uleb128 0x1
 277 00d4 9C       		.byte	0x9c
 278 00d5 00       		.byte	0
 279              		.section	.debug_abbrev,"",%progbits
 280              	.Ldebug_abbrev0:
ARM GAS  C:\Users\Thomas\AppData\Local\Temp\ccaVWuYv.s 			page 12


 281 0000 01       		.uleb128 0x1
 282 0001 11       		.uleb128 0x11
 283 0002 01       		.byte	0x1
 284 0003 25       		.uleb128 0x25
 285 0004 0E       		.uleb128 0xe
 286 0005 13       		.uleb128 0x13
 287 0006 0B       		.uleb128 0xb
 288 0007 03       		.uleb128 0x3
 289 0008 0E       		.uleb128 0xe
 290 0009 1B       		.uleb128 0x1b
 291 000a 0E       		.uleb128 0xe
 292 000b 55       		.uleb128 0x55
 293 000c 17       		.uleb128 0x17
 294 000d 11       		.uleb128 0x11
 295 000e 01       		.uleb128 0x1
 296 000f 10       		.uleb128 0x10
 297 0010 17       		.uleb128 0x17
 298 0011 00       		.byte	0
 299 0012 00       		.byte	0
 300 0013 02       		.uleb128 0x2
 301 0014 24       		.uleb128 0x24
 302 0015 00       		.byte	0
 303 0016 0B       		.uleb128 0xb
 304 0017 0B       		.uleb128 0xb
 305 0018 3E       		.uleb128 0x3e
 306 0019 0B       		.uleb128 0xb
 307 001a 03       		.uleb128 0x3
 308 001b 0E       		.uleb128 0xe
 309 001c 00       		.byte	0
 310 001d 00       		.byte	0
 311 001e 03       		.uleb128 0x3
 312 001f 24       		.uleb128 0x24
 313 0020 00       		.byte	0
 314 0021 0B       		.uleb128 0xb
 315 0022 0B       		.uleb128 0xb
 316 0023 3E       		.uleb128 0x3e
 317 0024 0B       		.uleb128 0xb
 318 0025 03       		.uleb128 0x3
 319 0026 08       		.uleb128 0x8
 320 0027 00       		.byte	0
 321 0028 00       		.byte	0
 322 0029 04       		.uleb128 0x4
 323 002a 16       		.uleb128 0x16
 324 002b 00       		.byte	0
 325 002c 03       		.uleb128 0x3
 326 002d 0E       		.uleb128 0xe
 327 002e 3A       		.uleb128 0x3a
 328 002f 0B       		.uleb128 0xb
 329 0030 3B       		.uleb128 0x3b
 330 0031 05       		.uleb128 0x5
 331 0032 49       		.uleb128 0x49
 332 0033 13       		.uleb128 0x13
 333 0034 00       		.byte	0
 334 0035 00       		.byte	0
 335 0036 05       		.uleb128 0x5
 336 0037 35       		.uleb128 0x35
 337 0038 00       		.byte	0
ARM GAS  C:\Users\Thomas\AppData\Local\Temp\ccaVWuYv.s 			page 13


 338 0039 49       		.uleb128 0x49
 339 003a 13       		.uleb128 0x13
 340 003b 00       		.byte	0
 341 003c 00       		.byte	0
 342 003d 06       		.uleb128 0x6
 343 003e 2E       		.uleb128 0x2e
 344 003f 01       		.byte	0x1
 345 0040 3F       		.uleb128 0x3f
 346 0041 19       		.uleb128 0x19
 347 0042 03       		.uleb128 0x3
 348 0043 0E       		.uleb128 0xe
 349 0044 3A       		.uleb128 0x3a
 350 0045 0B       		.uleb128 0xb
 351 0046 3B       		.uleb128 0x3b
 352 0047 0B       		.uleb128 0xb
 353 0048 27       		.uleb128 0x27
 354 0049 19       		.uleb128 0x19
 355 004a 11       		.uleb128 0x11
 356 004b 01       		.uleb128 0x1
 357 004c 12       		.uleb128 0x12
 358 004d 06       		.uleb128 0x6
 359 004e 40       		.uleb128 0x40
 360 004f 18       		.uleb128 0x18
 361 0050 9742     		.uleb128 0x2117
 362 0052 19       		.uleb128 0x19
 363 0053 01       		.uleb128 0x1
 364 0054 13       		.uleb128 0x13
 365 0055 00       		.byte	0
 366 0056 00       		.byte	0
 367 0057 07       		.uleb128 0x7
 368 0058 05       		.uleb128 0x5
 369 0059 00       		.byte	0
 370 005a 03       		.uleb128 0x3
 371 005b 0E       		.uleb128 0xe
 372 005c 3A       		.uleb128 0x3a
 373 005d 0B       		.uleb128 0xb
 374 005e 3B       		.uleb128 0x3b
 375 005f 0B       		.uleb128 0xb
 376 0060 49       		.uleb128 0x49
 377 0061 13       		.uleb128 0x13
 378 0062 02       		.uleb128 0x2
 379 0063 18       		.uleb128 0x18
 380 0064 00       		.byte	0
 381 0065 00       		.byte	0
 382 0066 08       		.uleb128 0x8
 383 0067 2E       		.uleb128 0x2e
 384 0068 00       		.byte	0
 385 0069 3F       		.uleb128 0x3f
 386 006a 19       		.uleb128 0x19
 387 006b 03       		.uleb128 0x3
 388 006c 0E       		.uleb128 0xe
 389 006d 3A       		.uleb128 0x3a
 390 006e 0B       		.uleb128 0xb
 391 006f 3B       		.uleb128 0x3b
 392 0070 0B       		.uleb128 0xb
 393 0071 27       		.uleb128 0x27
 394 0072 19       		.uleb128 0x19
ARM GAS  C:\Users\Thomas\AppData\Local\Temp\ccaVWuYv.s 			page 14


 395 0073 49       		.uleb128 0x49
 396 0074 13       		.uleb128 0x13
 397 0075 11       		.uleb128 0x11
 398 0076 01       		.uleb128 0x1
 399 0077 12       		.uleb128 0x12
 400 0078 06       		.uleb128 0x6
 401 0079 40       		.uleb128 0x40
 402 007a 18       		.uleb128 0x18
 403 007b 9742     		.uleb128 0x2117
 404 007d 19       		.uleb128 0x19
 405 007e 00       		.byte	0
 406 007f 00       		.byte	0
 407 0080 00       		.byte	0
 408              		.section	.debug_aranges,"",%progbits
 409 0000 24000000 		.4byte	0x24
 410 0004 0200     		.2byte	0x2
 411 0006 00000000 		.4byte	.Ldebug_info0
 412 000a 04       		.byte	0x4
 413 000b 00       		.byte	0
 414 000c 0000     		.2byte	0
 415 000e 0000     		.2byte	0
 416 0010 00000000 		.4byte	.LFB0
 417 0014 0C000000 		.4byte	.LFE0-.LFB0
 418 0018 00000000 		.4byte	.LFB1
 419 001c 0C000000 		.4byte	.LFE1-.LFB1
 420 0020 00000000 		.4byte	0
 421 0024 00000000 		.4byte	0
 422              		.section	.debug_ranges,"",%progbits
 423              	.Ldebug_ranges0:
 424 0000 00000000 		.4byte	.LFB0
 425 0004 0C000000 		.4byte	.LFE0
 426 0008 00000000 		.4byte	.LFB1
 427 000c 0C000000 		.4byte	.LFE1
 428 0010 00000000 		.4byte	0
 429 0014 00000000 		.4byte	0
 430              		.section	.debug_line,"",%progbits
 431              	.Ldebug_line0:
 432 0000 6D000000 		.section	.debug_str,"MS",%progbits,1
 432      02004600 
 432      00000201 
 432      FB0E0D00 
 432      01010101 
 433              	.LASF17:
 434 0000 54696D65 		.ascii	"Timer_3_Write\000"
 434      725F335F 
 434      57726974 
 434      6500
 435              	.LASF15:
 436 000e 2E5C4765 		.ascii	".\\Generated_Source\\PSoC5\\Timer_3.c\000"
 436      6E657261 
 436      7465645F 
 436      536F7572 
 436      63655C50 
 437              	.LASF9:
 438 0031 666C6F61 		.ascii	"float\000"
 438      7400
 439              	.LASF1:
ARM GAS  C:\Users\Thomas\AppData\Local\Temp\ccaVWuYv.s 			page 15


 440 0037 756E7369 		.ascii	"unsigned char\000"
 440      676E6564 
 440      20636861 
 440      7200
 441              	.LASF13:
 442 0045 72656738 		.ascii	"reg8\000"
 442      00
 443              	.LASF5:
 444 004a 6C6F6E67 		.ascii	"long unsigned int\000"
 444      20756E73 
 444      69676E65 
 444      6420696E 
 444      7400
 445              	.LASF3:
 446 005c 73686F72 		.ascii	"short unsigned int\000"
 446      7420756E 
 446      7369676E 
 446      65642069 
 446      6E7400
 447              	.LASF18:
 448 006f 636F6E74 		.ascii	"control\000"
 448      726F6C00 
 449              	.LASF10:
 450 0077 646F7562 		.ascii	"double\000"
 450      6C6500
 451              	.LASF16:
 452 007e 433A5C55 		.ascii	"C:\\Users\\Thomas\\Documents\\PSoC Creator\\TASBot\\"
 452      73657273 
 452      5C54686F 
 452      6D61735C 
 452      446F6375 
 453 00ac 54415342 		.ascii	"TASBot.cydsn\000"
 453      6F742E63 
 453      7964736E 
 453      00
 454              	.LASF8:
 455 00b9 756E7369 		.ascii	"unsigned int\000"
 455      676E6564 
 455      20696E74 
 455      00
 456              	.LASF7:
 457 00c6 6C6F6E67 		.ascii	"long long unsigned int\000"
 457      206C6F6E 
 457      6720756E 
 457      7369676E 
 457      65642069 
 458              	.LASF19:
 459 00dd 54696D65 		.ascii	"Timer_3_Read\000"
 459      725F335F 
 459      52656164 
 459      00
 460              	.LASF6:
 461 00ea 6C6F6E67 		.ascii	"long long int\000"
 461      206C6F6E 
 461      6720696E 
 461      7400
 462              	.LASF14:
ARM GAS  C:\Users\Thomas\AppData\Local\Temp\ccaVWuYv.s 			page 16


 463 00f8 474E5520 		.ascii	"GNU C 4.9.3 20150303 (release) [ARM/embedded-4_9-br"
 463      4320342E 
 463      392E3320 
 463      32303135 
 463      30333033 
 464 012b 616E6368 		.ascii	"anch revision 221220] -mcpu=cortex-m3 -mthumb -g -O"
 464      20726576 
 464      6973696F 
 464      6E203232 
 464      31323230 
 465 015e 33202D66 		.ascii	"3 -ffunction-sections -finline-functions -flto -ffa"
 465      66756E63 
 465      74696F6E 
 465      2D736563 
 465      74696F6E 
 466 0191 742D6C74 		.ascii	"t-lto-objects\000"
 466      6F2D6F62 
 466      6A656374 
 466      7300
 467              	.LASF11:
 468 019f 63686172 		.ascii	"char\000"
 468      00
 469              	.LASF2:
 470 01a4 73686F72 		.ascii	"short int\000"
 470      7420696E 
 470      7400
 471              	.LASF12:
 472 01ae 75696E74 		.ascii	"uint8\000"
 472      3800
 473              	.LASF4:
 474 01b4 6C6F6E67 		.ascii	"long int\000"
 474      20696E74 
 474      00
 475              	.LASF0:
 476 01bd 7369676E 		.ascii	"signed char\000"
 476      65642063 
 476      68617200 
 477              		.comm	__gnu_lto_v1,1,1
 478              		.ident	"GCC: (GNU Tools for ARM Embedded Processors) 4.9.3 20150303 (release) [ARM/embedded-4_9-br
