ARM GAS  C:\Users\Thomas\AppData\Local\Temp\cc30npOQ.s 			page 1


   1              		.syntax unified
   2              		.cpu cortex-m3
   3              		.fpu softvfp
   4              		.eabi_attribute 20, 1
   5              		.eabi_attribute 21, 1
   6              		.eabi_attribute 23, 3
   7              		.eabi_attribute 24, 1
   8              		.eabi_attribute 25, 1
   9              		.eabi_attribute 26, 1
  10              		.eabi_attribute 30, 2
  11              		.eabi_attribute 34, 1
  12              		.eabi_attribute 18, 4
  13              		.thumb
  14              		.file	"Timer_PM.c"
  15              		.text
  16              	.Ltext0:
  17              		.section	.gnu.lto_.profile.bdd27c71,"",%progbits
  18 0000 789C6366 		.ascii	"x\234cf```a\200\000F\006\001\036\000\000\240\000%"
  18      60606061 
  18      80004606 
  18      011E0000 
  18      A00025
  19              		.text
  20              		.section	.gnu.lto_.jmpfuncs.bdd27c71,"",%progbits
  21 0000 789C6366 		.ascii	"x\234cf\300\016\370\2404\013\0203100CX\000\002]\000"
  21      C00EF8A0 
  21      340B1033 
  21      31303043 
  21      5800025D 
  22 0015 1F       		.ascii	"\037"
  23              		.text
  24              		.section	.gnu.lto_.inline.bdd27c71,"",%progbits
  25 0000 789C6366 		.ascii	"x\234cf\300\016\374\2404\013\003\003+\013#\003\023\313"
  25      C00EFCA0 
  25      340B0303 
  25      2B0B2303 
  25      13CB
  26 0012 027906B6 		.ascii	"\002y\006\266\005\362L 1&L!fL!\026L!\006\000\022\360"
  26      05F24C20 
  26      31264C21 
  26      664C2116 
  26      4C210600 
  27 0028 06B7     		.ascii	"\006\267"
  28              		.text
  29              		.section	.gnu.lto_.pureconst.bdd27c71,"",%progbits
  30 0000 789C6366 		.ascii	"x\234cf``\340d\200\000\026\006)&)f)\026)\000\002\321"
  30      6060E064 
  30      80001606 
  30      29262966 
  30      29162900 
  31 0016 0082     		.ascii	"\000\202"
  32              		.text
  33              		.section	.gnu.lto_Timer_SaveConfig.bdd27c71,"",%progbits
  34 0000 789C654F 		.ascii	"x\234eO=HBQ\024>\337yO\261\\\242\321\245%\222\006\335"
  34      3D484251 
  34      143EDF79 
  34      4FB15CA2 
ARM GAS  C:\Users\Thomas\AppData\Local\Temp\cc30npOQ.s 			page 2


  34      D1A52592 
  35 0016 9A1B1A9A 		.ascii	"\232\033\032\232\002\301F!\302\336\320P\202\324(\276"
  35      02C14621 
  35      C2DED050 
  35      82D428BE 
  36 0026 276F8882 		.ascii	"'o\210\202\222\240\010\312\266\310\322\024\032\212\266"
  36      92A008CA 
  36      B6C8D214 
  36      1A8AB6
  37 0035 57531014 		.ascii	"WS\020\024\021\0308\024\301\013j\313\004\343\021f\347"
  37      11183814 
  37      C10B6ACB 
  37      04E31166 
  37      E7
  38 0046 EA1274E1 		.ascii	"\352\022t\341r\3569\347\273\337\217F\377OH\3568\210"
  38      72EE39E7 
  38      BBDF8F46 
  38      FF4F48EE 
  38      3888
  39 0058 46A44223 		.ascii	"F\244B#p\376\226\310\0120\240\036\004\3122\262x\347"
  39      70FE96C8 
  39      0A30A01E 
  39      04CA32B2 
  39      78E7
  40 006a 0623EF94 		.ascii	"\006#\357\224v\202\341\003\3234?r7V\314\201\307DM\356"
  40      7682E103 
  40      D3343F72 
  40      3756CC81 
  40      C7444DEE 
  41 007e F1E01061 		.ascii	"\361\340\020a\022P\303n?\006\375\266\200\006z;\024\341"
  41      1250C36E 
  41      3F06FDB6 
  41      80067A3B 
  41      14E1
  42 0090 177EAA0E 		.ascii	"\027~\252\016:f\247\323,_\236Ag\362Xf\256\354\225\312"
  42      3A66A7D3 
  42      2C5F9E41 
  42      67F25866 
  42      AEEC95CA 
  43 00a4 2BB3AA5A 		.ascii	"+\263\252Z\035W\255\325\332V\237\372\362\305Jr\277\261"
  43      1D57ADD5 
  43      DA569FFA 
  43      F2C54A72 
  43      BFB1
  44 00b6 5DEB7F63 		.ascii	"]\353\177c\217\271um\231\272\022xv\357\356\003\335\021"
  44      8FB9756D 
  44      99BA1278 
  44      76EFEE03 
  44      DD11
  45 00c8 A9F662CD 		.ascii	"\251\366b\315u\365\002v-[\354h8B\010\307\220P(\241\000"
  45      75F50276 
  45      2D5BEC68 
  45      384208C7 
  45      905028A1 
  46 00dd AA23B7F9 		.ascii	"\252#\267\3712\244\370\024\331\303z\2053\337\346\212"
  46      32A4F814 
  46      D9C37A85 
ARM GAS  C:\Users\Thomas\AppData\Local\Temp\cc30npOQ.s 			page 3


  46      33DFE68A 
  47 00ed 19F0586F 		.ascii	"\031\360Xo+s\177\371\364n[\264\354=(>S\241|(#\203\023"
  47      2B737FF9 
  47      F46E5BB4 
  47      EC3D283E 
  47      53A17C28 
  48 0104 4528BB9F 		.ascii	"E(\273\237\362\306\251?R\222l\316\250\307~T\004\370"
  48      F2C6A93F 
  48      52926CCE 
  48      A8C77E54 
  48      04F8
  49 0116 D9CD8F2A 		.ascii	"\331\315\217*\"\342\230\236`9\347>\245\247\246\256\204"
  49      22E2989E 
  49      6039E73E 
  49      A5A7A6AE 
  49      84
  50 0127 945C8218 		.ascii	"\224\\\202\030\216&&\215E#=\273d\314\315\304S\313\351"
  50      8E26268D 
  50      45233DBB 
  50      64CCCDC4 
  50      53CBE9
  51 013a A49188C5 		.ascii	"\244\221\210\305S\023c\211\351\371\005#=\023\233\212"
  51      53136389 
  51      E9F90523 
  51      3D139B8A 
  52 014a 26E9175E 		.ascii	"&\351\027^\316\200\217"
  52      CE808F
  53              		.text
  54              		.section	.gnu.lto_Timer_RestoreConfig.bdd27c71,"",%progbits
  55 0000 789C658F 		.ascii	"x\234e\217=H\003A\020\205\347\315]\216`\032\261\260"
  55      3D480341 
  55      1085E7CD 
  55      5D8E601A 
  55      B1B0
  56 0012 482DA690 		.ascii	"H-\246\220\244\263\262\024\024\004!\020\313@\220x\205"
  56      A4B3B214 
  56      14042110 
  56      CB409078 
  56      85
  57 0023 85068296 		.ascii	"\205\006\202\226!{r\205 h\264\020\301\037\260\020\243"
  57      217B7285 
  57      2068B410 
  57      C11FB010 
  57      A3
  58 0034 89092808 		.ascii	"\211\011(\010V9\255\254\014*(\244\320\346\004\355<\005"
  58      5639ADAC 
  58      0C2A28A4 
  58      D0E604ED 
  58      3C05
  59 0046 E5901877 		.ascii	"\345\220\030w\317J\\Xfw\346\315\373f4\372\177\242\362"
  59      CF4A5C58 
  59      6677E6CD 
  59      FB6634FA 
  59      7FA2F2
  60 0059 0E81A85F 		.ascii	"\016\201\250_Fh\004.]\021Ya\006\324\203@EF\021/\354"
  60      4668042E 
  60      5D115961 
ARM GAS  C:\Users\Thomas\AppData\Local\Temp\cc30npOQ.s 			page 4


  60      06D48340 
  60      4546112F 
  61 006e 314A4E65 		.ascii	"1JNe#\022\333\023B\274\3364\255\244\003\237\211\336"
  61      2312DB13 
  61      42BCDE34 
  61      ADA4039F 
  61      89DE
  62 0080 F9D707FB 		.ascii	"\371\327\007\373\210\221\024yv\373>b\330R\324\375[C"
  62      88911479 
  62      76FB3E62 
  62      D852D4FD 
  62      5B43
  63 0092 1986F4A7 		.ascii	"\031\206\364\247z\217#:\235\223\306y\311\320\231|\226"
  63      7A8F233A 
  63      9D93C679 
  63      C9D0997C 
  63      96
  64 00a3 3957D615 		.ascii	"9W\326\025\345\211YE\255\205\205S\2571\246:>Y\021wn"
  64      E5895945 
  64      AD858553 
  64      AF31A63A 
  64      3E591177 
  65 00b8 976B5CF8 		.ascii	"\227k\\\370\022\213\"\3543\267\225\235\314>\272\315"
  65      128B22EC 
  65      33B7959D 
  65      CC3EBACD 
  66 00c8 EBF033CB 		.ascii	"\353\3603\313L\360-[\366\026\266\261i\011\245\322p\200"
  66      4CF02D5B 
  66      F616B6B1 
  66      6909A5D2 
  66      7080
  67 00da 020E110D 		.ascii	"\002\016\021\015j\337\325\225c#>\340\263\216\212\324"
  67      6ADFD595 
  67      63233EE0 
  67      B38E8AD4 
  68 00ea BC05C3A2 		.ascii	"\274\005\303\242\2128\265p\261\266\333\253P\212\343"
  68      8A38B570 
  68      B1B6DBAB 
  68      508AE3
  69 00f9 ADDF7529 		.ascii	"\255\337u)\307\320\307\245%\364?\220P`t\266\344\272"
  69      C7D0C7A5 
  69      25F43F90 
  69      506074B6 
  69      E4BA
  70 010b BA82D896 		.ascii	"\272\202\330\226c\370l\340\010Q\324\024\005ui,\307\245"
  70      63F86CE0 
  70      0851D414 
  70      0575692C 
  70      C7A5
  71 011d 0758CEEA 		.ascii	"\007X\316\352\210rT\020W.(w\222\300\276Dz\324\2345\363"
  71      88725410 
  71      572E2877 
  71      92C0BE44 
  71      7AD49C35 
  72 0132 9373E654 		.ascii	"\223s\346T&\225\233\317g\315t2\225\033\036LOL\317\230"
  72      26959BCF 
  72      67CD7432 
ARM GAS  C:\Users\Thomas\AppData\Local\Temp\cc30npOQ.s 			page 5


  72      951B1E4C 
  72      4F4CCF98 
  73 0146 F94C723C 		.ascii	"\371Lr<\221\245\037,\001~}"
  73      91A51F2C 
  73      017E7D
  74              		.text
  75              		.section	.gnu.lto_Timer_Sleep.bdd27c71,"",%progbits
  76 0000 789C6590 		.ascii	"x\234e\220M(DQ\024\307\317\377\274\3475\314FV\232\265"
  76      4D284451 
  76      14C7CFFF 
  76      BCE735CC 
  76      46569AB5 
  77 0014 4862676D 		.ascii	"Hbgm\241X)5\226S\223\306[X\240\006K\315{\032%\312WH"
  77      A1582935 
  77      965393C6 
  77      5B58A006 
  77      4BCD7B1A 
  78 002c 31CA4286 		.ascii	"1\312B\2061\343+\373\227\205\254H2\323\314\202\322("
  78      31E32BFB 
  78      9785AC48 
  78      32D3CC82 
  78      D228
  79 003e 7686A297 		.ascii	"v\206\242\227\3068wf\343\343\326\355\334s\316\377\376"
  79      C6387766 
  79      E3E3D6ED 
  79      DC73CEFF 
  79      FE
  80 004f CE8746FF 		.ascii	"\316\207F\377\217O\356(\210\032\305B#\360\302%\221\355"
  80      8F4FEE28 
  80      881AC542 
  80      23F0C225 
  80      91ED
  81 0061 61403D08 		.ascii	"a@=\010\024aD\360\314\005\306\202\223X\3636m[\226\365"
  81      146144F0 
  81      CC05C682 
  81      9358F336 
  81      6D5B96F5 
  82 0075 B2745A3F 		.ascii	"\262tZ?U\3572\321\033W0\330A\023\211\246\020-f\274F"
  82      55EF32D1 
  82      1B5730D8 
  82      411389A6 
  82      102D66BC 
  83 008a 5434B595 		.ascii	"T4\265\225\034\3420\004O\007u\216U*\235\334.N\267@\327"
  83      1CE23004 
  83      4F07758E 
  83      552A9DDC 
  83      2E4EB740 
  84 009f C86509E6 		.ascii	"\310e\011\346E\240\252<2+\253\345p\366>\223^\251\376"
  84      45A0AA3C 
  84      322BABE5 
  84      70F63E93 
  84      5EA9FE
  85 00b2 C57132E7 		.ascii	"\305q2\347\\\246\274\311\227?\025\260\013CJ\354\301"
  85      5CA6BCC9 
  85      973F15B0 
  85      0B434AEC 
  85      C1
ARM GAS  C:\Users\Thomas\AppData\Local\Temp\cc30npOQ.s 			page 6


  86 00c3 F8604D72 		.ascii	"\370`Mr\233\205\325t\315\023\273\314\357\027\266\245"
  86      9B85D574 
  86      CD13BBCC 
  86      EF17B6A5 
  87 00d3 2BF97DFE 		.ascii	"+\371}\376\352\332S\016\221r\263\263\017[U1\254\333"
  87      EADA530E 
  87      9172B3B3 
  87      0F5B5531 
  87      ACDB
  88 00e5 CBB6C765 		.ascii	"\313\266\307e\015\011\370\260\017Y\002\222\210\201r"
  88      0D09F8B0 
  88      0F590292 
  88      888172
  89 00f4 985C3A4A 		.ascii	"\230\\:Jv(\242\302\335\314\245x\342\323\232\266D\253"
  89      7628A2C2 
  89      DDCCA578 
  89      E2D39AB6 
  89      44AB
  90 0106 17D5383F 		.ascii	"\027\3258?\211z\331\215\333\321\015(\242\245TUHa\002"
  90      897AD98D 
  90      DBD10D28 
  90      A2A55455 
  90      486102
  91 0119 078A28B9 		.ascii	"\007\212(\271\257\375\371c\2435\241\246hv\331\300\241"
  91      AFFDF963 
  91      A335A1A6 
  91      6876D9C0 
  91      A1
  92 012a 085F0553 		.ascii	"\010_\005S\356\033Gh\225\266\351\016\266\223\355R\023"
  92      EE1B4768 
  92      95B6E90E 
  92      B693ED52 
  92      13
  93 013b AA45E665 		.ascii	"\252E\346eJ\331\205\210\032\332\002\335\346\260\031"
  93      4AD98588 
  93      1ADA02DD 
  93      E6B019
  94 014a EE1F3307 		.ascii	"\356\0373\007\202\376\221\361p\310\014\364\372G:\333"
  94      82FE91F1 
  94      70C80CF4 
  94      FA473ADB 
  95 015a 037D8343 		.ascii	"\003}\203Cf8\330\333\323\026\242o\367\324\223:"
  95      6638D8DB 
  95      D316A26F 
  95      F7D4933A 
  96              		.text
  97              		.section	.gnu.lto_Timer_Wakeup.bdd27c71,"",%progbits
  98 0000 789C6590 		.ascii	"x\234e\220\277KBQ\024\307\357\367<}H.\321\020\342\034"
  98      BF4B4251 
  98      14C7EFF7 
  98      3C7D482E 
  98      D110E21C 
  99 0014 39E956FF 		.ascii	"9\351V\377@\203\020\004\202\215B\204\275\241\241\004"
  99      40831004 
  99      828D4284 
  99      BDA1A104 
 100 0024 AB517C2F 		.ascii	"\253Q|/\014\204\240,$\202~\341\020Y\232fA\320\224\264"
ARM GAS  C:\Users\Thomas\AppData\Local\Temp\cc30npOQ.s 			page 7


 100      0C84A02C 
 100      24827EE1 
 100      10599A66 
 100      41D094B4 
 101 0038 D4545450 		.ascii	"\324TTP\344P\021F\265eB!av\356s\262.\\\316\275\347|"
 101      E4501146 
 101      B5654221 
 101      6176EE73 
 101      B22E5CCE 
 102 004f CFF773CF 		.ascii	"\317\367s\317U\304\377\345\344=\001!\2729B\021\240\304"
 102      55C4FFE5 
 102      E43D0121 
 102      BA394211 
 102      A0C4
 103 0061 B910868D 		.ascii	"\271\020\206\215\000y\020\020QB\024oT!$\212\231e\273"
 103      00791010 
 103      5142146F 
 103      5421248A 
 103      9965BB
 104 0074 6B53D7F5 		.ascii	"kS\327\365\367\253#\307\214\243FBT\251i\203-\270\004"
 104      F7AB23C7 
 104      8CA34642 
 104      54A96983 
 104      2DB804
 105 0087 6B2AB1FA 		.ascii	"k*\261\372\255]\215\261\246\275YC\032*\333\213|GQo4"
 105      AD5D8DB1 
 105      A6BD5943 
 105      1A2ADB8B 
 105      7C47516F 
 106 009c 0E5E16E2 		.ascii	"\016^\026\342\275\260(\242F\234,\263@R\236\211dTJ\230"
 106      BDB028A2 
 106      469C2CB3 
 106      40529E89 
 106      64544A98 
 107 00b0 3EAC1CF7 		.ascii	">\254\034\367\267\330\0247N\3114\251r\307\037\000\266"
 107      B7D81437 
 107      4EC934A9 
 107      72C71F00 
 107      B6
 108 00c1 A1326107 		.ascii	"\2412a\007\352\027)\\[\277\236\313Q\344[\217\353\266"
 108      EA17295C 
 108      5BBF9ECB 
 108      51E45B8F 
 108      EBB6
 109 00d3 1A515DE2 		.ascii	"\032Q]\3429\373P\276\270\264\275\022g\314k\332\210\255"
 109      39FB50BE 
 109      B8B4BD12 
 109      67CC6BDA 
 109      88AD
 110 00e5 620D2B86 		.ascii	"b\015+\206.U\0122\210 \013\247Y\373\311\316\357\253"
 110      2E550A32 
 110      88200BA7 
 110      59FBC9CE 
 110      EFAB
 111 00f7 EE0C9B3F 		.ascii	"\356\014\233?6\222\250\221\005\273,\375\340F\023\205"
 111      3692A891 
 111      05BB2CFD 
ARM GAS  C:\Users\Thomas\AppData\Local\Temp\cc30npOQ.s 			page 8


 111      E0461385 
 112 0107 1CDCA284 		.ascii	"\034\334\242\204\223\305T\247\204Jbe\351\246Mz[?\317"
 112      93C554A7 
 112      844A6265 
 112      E9A64D7A 
 112      5B3FCF
 113 011a 0CDDD282 		.ascii	"\014\335\322\202\263\232\226w\263O)\253\304%\015\306"
 113      B39A9677 
 113      B34F29AB 
 113      C4250DC6 
 114 012a A9C8C389 		.ascii	"\251\310\303\211=\211C\201\255\371\335\342\036F\261"
 114      3D894381 
 114      ADF9DDE2 
 114      1E46B1
 115 0139 E09523CA 		.ascii	"\340\225#\312\217,\363\230\374\027\214\354\362\004\274"
 115      8F2CF398 
 115      FC178CEC 
 115      F204BC
 116 0148 DAB8161E 		.ascii	"\332\270\026\036\236\324F\206\374\241\251pP\013\370"
 116      9ED44686 
 116      FCA1A970 
 116      500BF8
 117 0157 FCA1BE9E 		.ascii	"\374\241\276\236\300\340\350\230\026\036\362\015x\202"
 117      C0E0E898 
 117      161EF20D 
 117      7882
 118 0165 E217B446 		.ascii	"\342\027\264F\223\237"
 118      939F
 119              		.text
 120              		.section	.gnu.lto_.symbol_nodes.bdd27c71,"",%progbits
 121 0000 789C55C8 		.ascii	"x\234U\310A\015\000 \020\304\300\336\036$XC\325Z@\001"
 121      410D0020 
 121      10C4C0DE 
 121      1E245843 
 121      D55A4001 
 122 0014 41119AF8 		.ascii	"A\021\232\370\360\200\376\246\011tn\012\303\330`3W\243"
 122      F080FEA6 
 122      09746E0A 
 122      C3D86033 
 122      57A3
 123 0026 C2925372 		.ascii	"\302\222Sr\274[i}.\316\327\034\222.\022\022"
 123      BC5B697D 
 123      2ECED71C 
 123      922E1212 
 124              		.text
 125              		.section	.gnu.lto_.refs.bdd27c71,"",%progbits
 126 0000 789C6366 		.ascii	"x\234cf``\020e\200\000F\006FF&F& \311\310\014b\261\000"
 126      60601065 
 126      80004606 
 126      46462646 
 126      2620C9C8 
 127 0018 590C0003 		.ascii	"Y\014\000\003\357\0002"
 127      EF0032
 128              		.text
 129              		.section	.gnu.lto_.decls.bdd27c71,"",%progbits
 130 0000 789C9553 		.ascii	"x\234\225S_HSQ\030?\337\275\333\234s\016A\320\360\311"
 130      5F485351 
ARM GAS  C:\Users\Thomas\AppData\Local\Temp\cc30npOQ.s 			page 9


 130      183FDFBD 
 130      DB9C730E 
 130      41D0F0C9 
 131 0014 34A4C27C 		.ascii	"4\244\302|\010\012\337\264\366\340C\024\303)=$,[\267"
 131      080ADFB4 
 131      F6E04314 
 131      C3293D24 
 131      2C5BB7
 132 0027 12CDD99C 		.ascii	"\022\315\331\234\201o'giV\222Q\030B1I*\227\255e\366"
 132      816F2767 
 132      69569251 
 132      18423149 
 132      2A97AD65 
 133 003c C73F39AD 		.ascii	"\307?9\255\231\013\263 \314\362E\314\007\011_Z\241\225"
 133      990BB320 
 133      CCF245CC 
 133      07095F5A 
 133      A195
 134 004e 64AEEF9C 		.ascii	"d\256\357\234{\327\246\265\250\003\337=\347\334\373"
 134      7BD7A6B5 
 134      A803DF3D 
 134      E7DCFB
 135 005d FBFDBEDF 		.ascii	"\373\375\276\337\371\276sEB\310~ $\204c\213\212\220"
 135      F9BE7345 
 135      42C87E20 
 135      2484638B 
 135      8A90
 136 006f 79DCAB31 		.ascii	"y\334\2531L$2\3605\351\302\360`x1\2721\220B\206\311"
 136      4C2432F0 
 136      35E9C2F0 
 136      607831BA 
 136      31904286 
 137 0084 EAC13071 		.ascii	"\352\3010q\0127\005\343\031\206\037c\024c\020\343\241"
 137      0A3705E3 
 137      19861F63 
 137      146310E3 
 137      A1
 138 0095 C2EB57E6 		.ascii	"\302\353W\346\256\030:\2365:\321\374\260f\264\216'\206"
 138      AE183A9E 
 138      353AD1FC 
 138      B066B48E 
 138      2786
 139 00a7 8EF73FFC 		.ascii	"\216\367?\374\010\012>\226\247\356\377\360$(\370X\276"
 139      080A3E96 
 139      A7EEFFF0 
 139      2428F858 
 139      BE
 140 00b8 3E09D0EB 		.ascii	">\011\320\353Y\030O\370 \200A\227\316\266}\027\002\227"
 140      59184FF8 
 140      20804197 
 140      CEB67D17 
 140      0297
 141 00ca 35B8D5EB 		.ascii	"5\270\325\353Tl\333\377}vB\225z\211\3428\357\244I*0"
 141      546CDBFF 
 141      7D764295 
 141      7A89E238 
 141      EFA4492A 
ARM GAS  C:\Users\Thomas\AppData\Local\Temp\cc30npOQ.s 			page 10


 142 00df A5C00D48 		.ascii	"\245\300\015H\203\233\220\206\212\235\220\212\317}*"
 142      839B9086 
 142      8A9D908A 
 142      CF7D2A
 143 00ee 59C979AE 		.ascii	"Y\311y\256eN#\012\300\326\327.\277\237\320e\273\221"
 143      654E230A 
 143      C0D6D72E 
 143      BF9FD065 
 143      BB91
 144 0100 D64887DE 		.ascii	"\326H\207\336\011\221t\337\236\007V\264\351W\351\214"
 144      099174DF 
 144      9E0756B4 
 144      E957E98C 
 145 0110 37D8E79D 		.ascii	"7\330\347\235\322\323\000\035\012\205|\024\270\030\270"
 145      D2D3001D 
 145      0A857C14 
 145      B818B8
 146 011f 41845B90 		.ascii	"A\204[\220\315\260l\315I\320\005\351H\274\325r\256S"
 146      CDB06CCD 
 146      49D005E9 
 146      48BCD572 
 146      AE53
 147 0131 10F3B8FA 		.ascii	"\020\363\270\372\330\330\233\0215\027q\375\350\246\371"
 147      D8D89B11 
 147      351771FD 
 147      E8A6F9
 148 0140 F5743914 		.ascii	"\365t9\024rj\271\302\355(\205\333a\005\017WX\356\274"
 148      726AB9C2 
 148      ED2885DB 
 148      61050F57 
 148      58EEBC
 149 0153 F2422D9A 		.ascii	"\362B-\232\271\202\377L{1\012\270\274\256\316k\032\356"
 149      B982FF4C 
 149      7B310AB8 
 149      BCAECE6B 
 149      1AEE
 150 0165 218FD3EF 		.ascii	"!\217\323\357D\321\357\204\351^N\237n\354\230\025D\013"
 150      44D1EF84 
 150      E95E4E9F 
 150      6EEC9815 
 150      440B
 151 0177 A72FD537 		.ascii	"\247/\3257\014\033d\376\370*\376\335(\376\3350\277\233"
 151      0C1B64FE 
 151      F82AFEDD 
 151      28FEDD30 
 151      BF9B
 152 0189 F383EE99 		.ascii	"\363\203\356\231QA\254\340\374I_C\203V\244\3007'\256"
 152      5141ACE0 
 152      FC495F43 
 152      8356A4C0 
 152      3727AE
 153 019c F79F8DC3 		.ascii	"\367\237\215\303\222\247\350x\205\232\307\332\206E\276"
 153      92A7E878 
 153      859AC7DA 
 153      8645BE
 154 01ab 0DB1CFC2 		.ascii	"\015\261\317\302\324\324\305%\021tY\215\224\326\321"
 154      D4D4C525 
ARM GAS  C:\Users\Thomas\AppData\Local\Temp\cc30npOQ.s 			page 11


 154      1174598D 
 154      94D6D1
 155 01ba E0052AAE 		.ascii	"\340\005*\256#\220\235\006\233\322\010<\202,\204\361"
 155      23909D06 
 155      9BD2083C 
 155      822C84F1 
 156 01ca 84701FBB 		.ascii	"\204p\037\273\362\000\273\322\2015\0176\217\270w9i>"
 156      F200BBD2 
 156      81350F36 
 156      8FB87739 
 156      693E
 157 01dc 3C041DF4 		.ascii	"<\004\035\364\374\262\3043(}h\013M\366\030D7w ^\\Y\366"
 157      FCB2C433 
 157      287D680B 
 157      4DF61844 
 157      3777205E 
 158 01f3 1A203923 		.ascii	"\032 9#\253\2055:XG\363\217\205s\020\350\203d\306\207"
 158      AB85353A 
 158      5847F38F 
 158      857310E8 
 158      8364C687 
 159 0207 014CD60F 		.ascii	"\001L\326\017\031\\\300\205^\202\037G^%\266\322\231"
 159      195CC085 
 159      5E821F47 
 159      5E25B6D2 
 159      99
 160 0218 21E0697A 		.ascii	"!\340iz1\015\203*\32662\352f|pC3\003[\265\354+\011\027"
 160      310D832A 
 160      D63632EA 
 160      667C7043 
 160      33035BB5 
 161 0230 27EC4378 		.ascii	"'\354Cx\352\177\344\027!+\231\243\002\032\200A\324\270"
 161      EA7FE417 
 161      212B99A3 
 161      021A8041 
 161      D4B8
 162 0242 17B1CC48 		.ascii	"\027\261\314H|\374n\015\036\243\243?\271\303\343\315"
 162      7CFC6E0D 
 162      1EA3A33F 
 162      B9C3E3CD 
 163 0252 7D5D9C4F 		.ascii	"}]\234O\024\247\344\002_y\360\372\224z{\017mti\271<"
 163      14A7E402 
 163      5F79F0FA 
 163      947A7B0F 
 163      6D7469B9 
 164 0267 E258B9F8 		.ascii	"\342X\271\370=\355\235\034\214\313l\247\324\025\354"
 164      3DED9D1C 
 164      8CCB6CA7 
 164      D415EC
 165 0276 9B5E8056 		.ascii	"\233^\200V\352\252\243\2245\223\003}\262\217_\245\360"
 165      EAAAA394 
 165      3593037D 
 165      B28F5FA5 
 165      F0
 166 0287 B18EC210 		.ascii	"\261\216\302\020l'0\014\231H\247\255g:\264\342\234\234"
 166      6C27300C 
 166      9948A7AD 
ARM GAS  C:\Users\Thomas\AppData\Local\Temp\cc30npOQ.s 			page 12


 166      673AB4E2 
 166      9C9C
 167 0299 E6FE97A6 		.ascii	"\346\376\227\246\336D\035\266\311\371\017m\302\243O"
 167      DE441DB6 
 167      C9F90F6D 
 167      C2A34F
 168 02a8 BC6C9A8C 		.ascii	"\274l\232\214\227\033\273\2261\022\263\261'}\372\347"
 168      971BBB96 
 168      3112B3B1 
 168      277DFAE7 
 169 02b8 946AC18F 		.ascii	"\224j\301\217%\177\022)\323S\210\264\366\364l\333\270"
 169      257F1229 
 169      D35388B4 
 169      F6F46CDB 
 169      B8
 170 02c9 5EDFC4AE 		.ascii	"^\337\304\256\013\376\263\361\001\003\007G\376\332g"
 170      0BFEB3F1 
 170      01030747 
 170      FEDA67
 171 02d8 A0E7D712 		.ascii	"\240\347\327\022gD\177^|kY\005f\007\217\200G\0250\233"
 171      67447F5E 
 171      7C6B5905 
 171      66078F80 
 171      4715309B 
 172 02ec 938ACA8E 		.ascii	"\223\212\312\216Jv\213\271\364\270d\264U\036*;\254)"
 172      4A768BB9 
 172      F4B864B4 
 172      551E2A3B 
 172      AC29
 173 02fe D8539C6E 		.ascii	"\330S\234n$\033rJ\012\244J\311^\352\220\016Z\314\266"
 173      241B724A 
 173      0AA44AC9 
 173      5EEA900E 
 173      5ACCB6
 174 0311 1ABB552A 		.ascii	"\032\273U*1\231m\306m%2\301\264;\307J\222\345u\241T"
 174      31996DC6 
 174      6D2532C1 
 174      B43BC74A 
 174      92E575A1 
 175 0326 EDB0D915 		.ascii	"\355\260\331\025~\202\"X!IUzy\275\267\264\\\252\251"
 175      7E822258 
 175      2149557A 
 175      79BDB7B4 
 175      5CAAA9
 176 0339 52C03B77 		.ascii	"R\300;w\030w\025\233,\346\242\302bc\221\272\246\254"
 176      1877159B 
 176      2CE6A2C2 
 176      626391BA 
 176      A6AC
 177 034b D2919B19 		.ascii	"\322\221\233\0313\227\265\326Q[%U\347\034!z\253\255"
 177      3397B5D6 
 177      515B2555 
 177      E71C217A 
 177      ABAD
 178 035d D261B755 		.ascii	"\322a\267U\230\035\210Z\377ws\014.';Pj-\257\251R\331"
 178      981D885A 
 178      FF77730C 
ARM GAS  C:\Users\Thomas\AppData\Local\Temp\cc30npOQ.s 			page 13


 178      2E273B50 
 178      6A2DAFA9 
 179 0373 A5C3B93F 		.ascii	"\245\303\271?\001\256\240\265\313"
 179      01AEA0B5 
 179      CB
 180              		.text
 181              		.section	.gnu.lto_.symtab.bdd27c71,"",%progbits
 182 0000 54696D65 		.ascii	"Timer_SaveConfig\000\000\000\000\000\000\000\000\000"
 182      725F5361 
 182      7665436F 
 182      6E666967 
 182      00000000 
 183 0019 000000AC 		.ascii	"\000\000\000\254\000\000\000Timer_RestoreConfig\000"
 183      00000054 
 183      696D6572 
 183      5F526573 
 183      746F7265 
 184 0034 00000000 		.ascii	"\000\000\000\000\000\000\000\000\000\000\000\256\000"
 184      00000000 
 184      000000AE 
 184      00
 185 0041 00005469 		.ascii	"\000\000Timer_Sleep\000\000\000\000\000\000\000\000"
 185      6D65725F 
 185      536C6565 
 185      70000000 
 185      00000000 
 186 0056 00000000 		.ascii	"\000\000\000\000\260\000\000\000Timer_Wakeup\000\000"
 186      B0000000 
 186      54696D65 
 186      725F5761 
 186      6B657570 
 187 006c 00000000 		.ascii	"\000\000\000\000\000\000\000\000\000\000\262\000\000"
 187      00000000 
 187      0000B200 
 187      00
 188 0079 00       		.ascii	"\000"
 189              		.text
 190              		.section	.gnu.lto_.opts,"",%progbits
 191 0000 272D666E 		.ascii	"'-fno-trapv' '-mcpu=cortex-m3' '-mthumb' '-g' '-O3'"
 191      6F2D7472 
 191      61707627 
 191      20272D6D 
 191      6370753D 
 192 0033 20272D66 		.ascii	" '-ffunction-sections' '-finline-functions' '-flto'"
 192      66756E63 
 192      74696F6E 
 192      2D736563 
 192      74696F6E 
 193 0066 20272D66 		.ascii	" '-ffat-lto-objects'\000"
 193      6661742D 
 193      6C746F2D 
 193      6F626A65 
 193      63747327 
 194              		.text
 195              		.cfi_sections	.debug_frame
 196              		.section	.text.Timer_SaveConfig,"ax",%progbits
 197              		.align	2
ARM GAS  C:\Users\Thomas\AppData\Local\Temp\cc30npOQ.s 			page 14


 198              		.global	Timer_SaveConfig
 199              		.thumb
 200              		.thumb_func
 201              		.type	Timer_SaveConfig, %function
 202              	Timer_SaveConfig:
 203              	.LFB0:
 204              		.file 1 ".\\Generated_Source\\PSoC5\\Timer_PM.c"
   1:.\Generated_Source\PSoC5/Timer_PM.c **** /*******************************************************************************
   2:.\Generated_Source\PSoC5/Timer_PM.c **** * File Name: Timer_PM.c
   3:.\Generated_Source\PSoC5/Timer_PM.c **** * Version 1.80
   4:.\Generated_Source\PSoC5/Timer_PM.c **** *
   5:.\Generated_Source\PSoC5/Timer_PM.c **** * Description:
   6:.\Generated_Source\PSoC5/Timer_PM.c **** *  This file contains the setup, control, and status commands to support 
   7:.\Generated_Source\PSoC5/Timer_PM.c **** *  the component operation in the low power mode. 
   8:.\Generated_Source\PSoC5/Timer_PM.c **** *
   9:.\Generated_Source\PSoC5/Timer_PM.c **** * Note:
  10:.\Generated_Source\PSoC5/Timer_PM.c **** *
  11:.\Generated_Source\PSoC5/Timer_PM.c **** ********************************************************************************
  12:.\Generated_Source\PSoC5/Timer_PM.c **** * Copyright 2015, Cypress Semiconductor Corporation.  All rights reserved.
  13:.\Generated_Source\PSoC5/Timer_PM.c **** * You may use this file only in accordance with the license, terms, conditions, 
  14:.\Generated_Source\PSoC5/Timer_PM.c **** * disclaimers, and limitations in the end user license agreement accompanying 
  15:.\Generated_Source\PSoC5/Timer_PM.c **** * the software package with which this file was provided.
  16:.\Generated_Source\PSoC5/Timer_PM.c **** *******************************************************************************/
  17:.\Generated_Source\PSoC5/Timer_PM.c **** 
  18:.\Generated_Source\PSoC5/Timer_PM.c **** #include "Timer.h"
  19:.\Generated_Source\PSoC5/Timer_PM.c **** 
  20:.\Generated_Source\PSoC5/Timer_PM.c **** /* Check for removal by optimization */
  21:.\Generated_Source\PSoC5/Timer_PM.c **** #if !defined(Timer_Sync_ctrl_reg__REMOVED)
  22:.\Generated_Source\PSoC5/Timer_PM.c **** 
  23:.\Generated_Source\PSoC5/Timer_PM.c **** static Timer_BACKUP_STRUCT  Timer_backup = {0u};
  24:.\Generated_Source\PSoC5/Timer_PM.c **** 
  25:.\Generated_Source\PSoC5/Timer_PM.c ****     
  26:.\Generated_Source\PSoC5/Timer_PM.c **** /*******************************************************************************
  27:.\Generated_Source\PSoC5/Timer_PM.c **** * Function Name: Timer_SaveConfig
  28:.\Generated_Source\PSoC5/Timer_PM.c **** ********************************************************************************
  29:.\Generated_Source\PSoC5/Timer_PM.c **** *
  30:.\Generated_Source\PSoC5/Timer_PM.c **** * Summary:
  31:.\Generated_Source\PSoC5/Timer_PM.c **** *  Saves the control register value.
  32:.\Generated_Source\PSoC5/Timer_PM.c **** *
  33:.\Generated_Source\PSoC5/Timer_PM.c **** * Parameters:
  34:.\Generated_Source\PSoC5/Timer_PM.c **** *  None
  35:.\Generated_Source\PSoC5/Timer_PM.c **** *
  36:.\Generated_Source\PSoC5/Timer_PM.c **** * Return:
  37:.\Generated_Source\PSoC5/Timer_PM.c **** *  None
  38:.\Generated_Source\PSoC5/Timer_PM.c **** *
  39:.\Generated_Source\PSoC5/Timer_PM.c **** *******************************************************************************/
  40:.\Generated_Source\PSoC5/Timer_PM.c **** void Timer_SaveConfig(void) 
  41:.\Generated_Source\PSoC5/Timer_PM.c **** {
 205              		.loc 1 41 0
 206              		.cfi_startproc
 207              		@ args = 0, pretend = 0, frame = 0
 208              		@ frame_needed = 0, uses_anonymous_args = 0
 209              		@ link register save eliminated.
  42:.\Generated_Source\PSoC5/Timer_PM.c ****     Timer_backup.controlState = Timer_Control;
 210              		.loc 1 42 0
 211 0000 024A     		ldr	r2, .L2
 212 0002 034B     		ldr	r3, .L2+4
ARM GAS  C:\Users\Thomas\AppData\Local\Temp\cc30npOQ.s 			page 15


 213 0004 1278     		ldrb	r2, [r2]	@ zero_extendqisi2
 214 0006 1A70     		strb	r2, [r3]
 215 0008 7047     		bx	lr
 216              	.L3:
 217 000a 00BF     		.align	2
 218              	.L2:
 219 000c 76640040 		.word	1073767542
 220 0010 00000000 		.word	.LANCHOR0
 221              		.cfi_endproc
 222              	.LFE0:
 223              		.size	Timer_SaveConfig, .-Timer_SaveConfig
 224              		.section	.text.Timer_RestoreConfig,"ax",%progbits
 225              		.align	2
 226              		.global	Timer_RestoreConfig
 227              		.thumb
 228              		.thumb_func
 229              		.type	Timer_RestoreConfig, %function
 230              	Timer_RestoreConfig:
 231              	.LFB1:
  43:.\Generated_Source\PSoC5/Timer_PM.c **** }
  44:.\Generated_Source\PSoC5/Timer_PM.c **** 
  45:.\Generated_Source\PSoC5/Timer_PM.c **** 
  46:.\Generated_Source\PSoC5/Timer_PM.c **** /*******************************************************************************
  47:.\Generated_Source\PSoC5/Timer_PM.c **** * Function Name: Timer_RestoreConfig
  48:.\Generated_Source\PSoC5/Timer_PM.c **** ********************************************************************************
  49:.\Generated_Source\PSoC5/Timer_PM.c **** *
  50:.\Generated_Source\PSoC5/Timer_PM.c **** * Summary:
  51:.\Generated_Source\PSoC5/Timer_PM.c **** *  Restores the control register value.
  52:.\Generated_Source\PSoC5/Timer_PM.c **** *
  53:.\Generated_Source\PSoC5/Timer_PM.c **** * Parameters:
  54:.\Generated_Source\PSoC5/Timer_PM.c **** *  None
  55:.\Generated_Source\PSoC5/Timer_PM.c **** *
  56:.\Generated_Source\PSoC5/Timer_PM.c **** * Return:
  57:.\Generated_Source\PSoC5/Timer_PM.c **** *  None
  58:.\Generated_Source\PSoC5/Timer_PM.c **** *
  59:.\Generated_Source\PSoC5/Timer_PM.c **** *
  60:.\Generated_Source\PSoC5/Timer_PM.c **** *******************************************************************************/
  61:.\Generated_Source\PSoC5/Timer_PM.c **** void Timer_RestoreConfig(void) 
  62:.\Generated_Source\PSoC5/Timer_PM.c **** {
 232              		.loc 1 62 0
 233              		.cfi_startproc
 234              		@ args = 0, pretend = 0, frame = 0
 235              		@ frame_needed = 0, uses_anonymous_args = 0
 236              		@ link register save eliminated.
  63:.\Generated_Source\PSoC5/Timer_PM.c ****      Timer_Control = Timer_backup.controlState;
 237              		.loc 1 63 0
 238 0000 024A     		ldr	r2, .L5
 239 0002 034B     		ldr	r3, .L5+4
 240 0004 1278     		ldrb	r2, [r2]	@ zero_extendqisi2
 241 0006 1A70     		strb	r2, [r3]
 242 0008 7047     		bx	lr
 243              	.L6:
 244 000a 00BF     		.align	2
 245              	.L5:
 246 000c 00000000 		.word	.LANCHOR0
 247 0010 76640040 		.word	1073767542
 248              		.cfi_endproc
ARM GAS  C:\Users\Thomas\AppData\Local\Temp\cc30npOQ.s 			page 16


 249              	.LFE1:
 250              		.size	Timer_RestoreConfig, .-Timer_RestoreConfig
 251              		.section	.text.Timer_Sleep,"ax",%progbits
 252              		.align	2
 253              		.global	Timer_Sleep
 254              		.thumb
 255              		.thumb_func
 256              		.type	Timer_Sleep, %function
 257              	Timer_Sleep:
 258              	.LFB2:
  64:.\Generated_Source\PSoC5/Timer_PM.c **** }
  65:.\Generated_Source\PSoC5/Timer_PM.c **** 
  66:.\Generated_Source\PSoC5/Timer_PM.c **** 
  67:.\Generated_Source\PSoC5/Timer_PM.c **** /*******************************************************************************
  68:.\Generated_Source\PSoC5/Timer_PM.c **** * Function Name: Timer_Sleep
  69:.\Generated_Source\PSoC5/Timer_PM.c **** ********************************************************************************
  70:.\Generated_Source\PSoC5/Timer_PM.c **** *
  71:.\Generated_Source\PSoC5/Timer_PM.c **** * Summary:
  72:.\Generated_Source\PSoC5/Timer_PM.c **** *  Prepares the component for entering the low power mode.
  73:.\Generated_Source\PSoC5/Timer_PM.c **** *
  74:.\Generated_Source\PSoC5/Timer_PM.c **** * Parameters:
  75:.\Generated_Source\PSoC5/Timer_PM.c **** *  None
  76:.\Generated_Source\PSoC5/Timer_PM.c **** *
  77:.\Generated_Source\PSoC5/Timer_PM.c **** * Return:
  78:.\Generated_Source\PSoC5/Timer_PM.c **** *  None
  79:.\Generated_Source\PSoC5/Timer_PM.c **** *
  80:.\Generated_Source\PSoC5/Timer_PM.c **** *******************************************************************************/
  81:.\Generated_Source\PSoC5/Timer_PM.c **** void Timer_Sleep(void) 
  82:.\Generated_Source\PSoC5/Timer_PM.c **** {
 259              		.loc 1 82 0
 260              		.cfi_startproc
 261              		@ args = 0, pretend = 0, frame = 0
 262              		@ frame_needed = 0, uses_anonymous_args = 0
 263              		@ link register save eliminated.
 264              	.LBB6:
 265              	.LBB7:
  42:.\Generated_Source\PSoC5/Timer_PM.c **** }
 266              		.loc 1 42 0
 267 0000 024A     		ldr	r2, .L8
 268 0002 034B     		ldr	r3, .L8+4
 269 0004 1278     		ldrb	r2, [r2]	@ zero_extendqisi2
 270 0006 1A70     		strb	r2, [r3]
 271 0008 7047     		bx	lr
 272              	.L9:
 273 000a 00BF     		.align	2
 274              	.L8:
 275 000c 76640040 		.word	1073767542
 276 0010 00000000 		.word	.LANCHOR0
 277              	.LBE7:
 278              	.LBE6:
 279              		.cfi_endproc
 280              	.LFE2:
 281              		.size	Timer_Sleep, .-Timer_Sleep
 282              		.section	.text.Timer_Wakeup,"ax",%progbits
 283              		.align	2
 284              		.global	Timer_Wakeup
 285              		.thumb
ARM GAS  C:\Users\Thomas\AppData\Local\Temp\cc30npOQ.s 			page 17


 286              		.thumb_func
 287              		.type	Timer_Wakeup, %function
 288              	Timer_Wakeup:
 289              	.LFB3:
  83:.\Generated_Source\PSoC5/Timer_PM.c ****     Timer_SaveConfig();
  84:.\Generated_Source\PSoC5/Timer_PM.c **** }
  85:.\Generated_Source\PSoC5/Timer_PM.c **** 
  86:.\Generated_Source\PSoC5/Timer_PM.c **** 
  87:.\Generated_Source\PSoC5/Timer_PM.c **** /*******************************************************************************
  88:.\Generated_Source\PSoC5/Timer_PM.c **** * Function Name: Timer_Wakeup
  89:.\Generated_Source\PSoC5/Timer_PM.c **** ********************************************************************************
  90:.\Generated_Source\PSoC5/Timer_PM.c **** *
  91:.\Generated_Source\PSoC5/Timer_PM.c **** * Summary:
  92:.\Generated_Source\PSoC5/Timer_PM.c **** *  Restores the component after waking up from the low power mode.
  93:.\Generated_Source\PSoC5/Timer_PM.c **** *
  94:.\Generated_Source\PSoC5/Timer_PM.c **** * Parameters:
  95:.\Generated_Source\PSoC5/Timer_PM.c **** *  None
  96:.\Generated_Source\PSoC5/Timer_PM.c **** *
  97:.\Generated_Source\PSoC5/Timer_PM.c **** * Return:
  98:.\Generated_Source\PSoC5/Timer_PM.c **** *  None
  99:.\Generated_Source\PSoC5/Timer_PM.c **** *
 100:.\Generated_Source\PSoC5/Timer_PM.c **** *******************************************************************************/
 101:.\Generated_Source\PSoC5/Timer_PM.c **** void Timer_Wakeup(void)  
 102:.\Generated_Source\PSoC5/Timer_PM.c **** {
 290              		.loc 1 102 0
 291              		.cfi_startproc
 292              		@ args = 0, pretend = 0, frame = 0
 293              		@ frame_needed = 0, uses_anonymous_args = 0
 294              		@ link register save eliminated.
 295              	.LBB8:
 296              	.LBB9:
  63:.\Generated_Source\PSoC5/Timer_PM.c **** }
 297              		.loc 1 63 0
 298 0000 024A     		ldr	r2, .L11
 299 0002 034B     		ldr	r3, .L11+4
 300 0004 1278     		ldrb	r2, [r2]	@ zero_extendqisi2
 301 0006 1A70     		strb	r2, [r3]
 302 0008 7047     		bx	lr
 303              	.L12:
 304 000a 00BF     		.align	2
 305              	.L11:
 306 000c 00000000 		.word	.LANCHOR0
 307 0010 76640040 		.word	1073767542
 308              	.LBE9:
 309              	.LBE8:
 310              		.cfi_endproc
 311              	.LFE3:
 312              		.size	Timer_Wakeup, .-Timer_Wakeup
 313              		.bss
 314              		.align	2
 315              		.set	.LANCHOR0,. + 0
 316              		.type	Timer_backup, %object
 317              		.size	Timer_backup, 1
 318              	Timer_backup:
 319 0000 00       		.space	1
 320 0001 000000   		.text
 321              	.Letext0:
ARM GAS  C:\Users\Thomas\AppData\Local\Temp\cc30npOQ.s 			page 18


 322              		.file 2 ".\\Generated_Source\\PSoC5\\cytypes.h"
 323              		.file 3 ".\\Generated_Source\\PSoC5\\Timer.h"
 324              		.section	.debug_info,"",%progbits
 325              	.Ldebug_info0:
 326 0000 43010000 		.4byte	0x143
 327 0004 0400     		.2byte	0x4
 328 0006 00000000 		.4byte	.Ldebug_abbrev0
 329 000a 04       		.byte	0x4
 330 000b 01       		.uleb128 0x1
 331 000c 1E010000 		.4byte	.LASF19
 332 0010 01       		.byte	0x1
 333 0011 E3010000 		.4byte	.LASF20
 334 0015 B1000000 		.4byte	.LASF21
 335 0019 00000000 		.4byte	.Ldebug_ranges0+0
 336 001d 00000000 		.4byte	0
 337 0021 00000000 		.4byte	.Ldebug_line0
 338 0025 02       		.uleb128 0x2
 339 0026 01       		.byte	0x1
 340 0027 06       		.byte	0x6
 341 0028 07020000 		.4byte	.LASF0
 342 002c 02       		.uleb128 0x2
 343 002d 01       		.byte	0x1
 344 002e 08       		.byte	0x8
 345 002f 2B000000 		.4byte	.LASF1
 346 0033 02       		.uleb128 0x2
 347 0034 02       		.byte	0x2
 348 0035 05       		.byte	0x5
 349 0036 CA010000 		.4byte	.LASF2
 350 003a 02       		.uleb128 0x2
 351 003b 02       		.byte	0x2
 352 003c 07       		.byte	0x7
 353 003d 69000000 		.4byte	.LASF3
 354 0041 02       		.uleb128 0x2
 355 0042 04       		.byte	0x4
 356 0043 05       		.byte	0x5
 357 0044 DA010000 		.4byte	.LASF4
 358 0048 02       		.uleb128 0x2
 359 0049 04       		.byte	0x4
 360 004a 07       		.byte	0x7
 361 004b 57000000 		.4byte	.LASF5
 362 004f 02       		.uleb128 0x2
 363 0050 08       		.byte	0x8
 364 0051 05       		.byte	0x5
 365 0052 10010000 		.4byte	.LASF6
 366 0056 02       		.uleb128 0x2
 367 0057 08       		.byte	0x8
 368 0058 07       		.byte	0x7
 369 0059 F9000000 		.4byte	.LASF7
 370 005d 03       		.uleb128 0x3
 371 005e 04       		.byte	0x4
 372 005f 05       		.byte	0x5
 373 0060 696E7400 		.ascii	"int\000"
 374 0064 02       		.uleb128 0x2
 375 0065 04       		.byte	0x4
 376 0066 07       		.byte	0x7
 377 0067 EC000000 		.4byte	.LASF8
 378 006b 04       		.uleb128 0x4
ARM GAS  C:\Users\Thomas\AppData\Local\Temp\cc30npOQ.s 			page 19


 379 006c D4010000 		.4byte	.LASF12
 380 0070 02       		.byte	0x2
 381 0071 9201     		.2byte	0x192
 382 0073 2C000000 		.4byte	0x2c
 383 0077 02       		.uleb128 0x2
 384 0078 04       		.byte	0x4
 385 0079 04       		.byte	0x4
 386 007a 25000000 		.4byte	.LASF9
 387 007e 02       		.uleb128 0x2
 388 007f 08       		.byte	0x8
 389 0080 04       		.byte	0x4
 390 0081 AA000000 		.4byte	.LASF10
 391 0085 02       		.uleb128 0x2
 392 0086 01       		.byte	0x1
 393 0087 08       		.byte	0x8
 394 0088 C5010000 		.4byte	.LASF11
 395 008c 04       		.uleb128 0x4
 396 008d 39000000 		.4byte	.LASF13
 397 0091 02       		.byte	0x2
 398 0092 3C02     		.2byte	0x23c
 399 0094 98000000 		.4byte	0x98
 400 0098 05       		.uleb128 0x5
 401 0099 6B000000 		.4byte	0x6b
 402 009d 06       		.uleb128 0x6
 403 009e 01       		.byte	0x1
 404 009f 03       		.byte	0x3
 405 00a0 1C       		.byte	0x1c
 406 00a1 B2000000 		.4byte	0xb2
 407 00a5 07       		.uleb128 0x7
 408 00a6 90000000 		.4byte	.LASF22
 409 00aa 03       		.byte	0x3
 410 00ab 1E       		.byte	0x1e
 411 00ac 6B000000 		.4byte	0x6b
 412 00b0 00       		.byte	0
 413 00b1 00       		.byte	0
 414 00b2 08       		.uleb128 0x8
 415 00b3 11000000 		.4byte	.LASF14
 416 00b7 03       		.byte	0x3
 417 00b8 20       		.byte	0x20
 418 00b9 9D000000 		.4byte	0x9d
 419 00bd 09       		.uleb128 0x9
 420 00be 00000000 		.4byte	.LASF15
 421 00c2 01       		.byte	0x1
 422 00c3 28       		.byte	0x28
 423 00c4 01       		.byte	0x1
 424 00c5 09       		.uleb128 0x9
 425 00c6 7C000000 		.4byte	.LASF16
 426 00ca 01       		.byte	0x1
 427 00cb 3D       		.byte	0x3d
 428 00cc 01       		.byte	0x1
 429 00cd 0A       		.uleb128 0xa
 430 00ce BD000000 		.4byte	0xbd
 431 00d2 00000000 		.4byte	.LFB0
 432 00d6 14000000 		.4byte	.LFE0-.LFB0
 433 00da 01       		.uleb128 0x1
 434 00db 9C       		.byte	0x9c
 435 00dc 0A       		.uleb128 0xa
ARM GAS  C:\Users\Thomas\AppData\Local\Temp\cc30npOQ.s 			page 20


 436 00dd C5000000 		.4byte	0xc5
 437 00e1 00000000 		.4byte	.LFB1
 438 00e5 14000000 		.4byte	.LFE1-.LFB1
 439 00e9 01       		.uleb128 0x1
 440 00ea 9C       		.byte	0x9c
 441 00eb 0B       		.uleb128 0xb
 442 00ec 4B000000 		.4byte	.LASF17
 443 00f0 01       		.byte	0x1
 444 00f1 51       		.byte	0x51
 445 00f2 00000000 		.4byte	.LFB2
 446 00f6 14000000 		.4byte	.LFE2-.LFB2
 447 00fa 01       		.uleb128 0x1
 448 00fb 9C       		.byte	0x9c
 449 00fc 10010000 		.4byte	0x110
 450 0100 0C       		.uleb128 0xc
 451 0101 BD000000 		.4byte	0xbd
 452 0105 00000000 		.4byte	.LBB6
 453 0109 14000000 		.4byte	.LBE6-.LBB6
 454 010d 01       		.byte	0x1
 455 010e 53       		.byte	0x53
 456 010f 00       		.byte	0
 457 0110 0B       		.uleb128 0xb
 458 0111 9D000000 		.4byte	.LASF18
 459 0115 01       		.byte	0x1
 460 0116 65       		.byte	0x65
 461 0117 00000000 		.4byte	.LFB3
 462 011b 14000000 		.4byte	.LFE3-.LFB3
 463 011f 01       		.uleb128 0x1
 464 0120 9C       		.byte	0x9c
 465 0121 35010000 		.4byte	0x135
 466 0125 0C       		.uleb128 0xc
 467 0126 C5000000 		.4byte	0xc5
 468 012a 00000000 		.4byte	.LBB8
 469 012e 14000000 		.4byte	.LBE8-.LBB8
 470 0132 01       		.byte	0x1
 471 0133 67       		.byte	0x67
 472 0134 00       		.byte	0
 473 0135 0D       		.uleb128 0xd
 474 0136 3E000000 		.4byte	.LASF23
 475 013a 01       		.byte	0x1
 476 013b 17       		.byte	0x17
 477 013c B2000000 		.4byte	0xb2
 478 0140 05       		.uleb128 0x5
 479 0141 03       		.byte	0x3
 480 0142 00000000 		.4byte	Timer_backup
 481 0146 00       		.byte	0
 482              		.section	.debug_abbrev,"",%progbits
 483              	.Ldebug_abbrev0:
 484 0000 01       		.uleb128 0x1
 485 0001 11       		.uleb128 0x11
 486 0002 01       		.byte	0x1
 487 0003 25       		.uleb128 0x25
 488 0004 0E       		.uleb128 0xe
 489 0005 13       		.uleb128 0x13
 490 0006 0B       		.uleb128 0xb
 491 0007 03       		.uleb128 0x3
 492 0008 0E       		.uleb128 0xe
ARM GAS  C:\Users\Thomas\AppData\Local\Temp\cc30npOQ.s 			page 21


 493 0009 1B       		.uleb128 0x1b
 494 000a 0E       		.uleb128 0xe
 495 000b 55       		.uleb128 0x55
 496 000c 17       		.uleb128 0x17
 497 000d 11       		.uleb128 0x11
 498 000e 01       		.uleb128 0x1
 499 000f 10       		.uleb128 0x10
 500 0010 17       		.uleb128 0x17
 501 0011 00       		.byte	0
 502 0012 00       		.byte	0
 503 0013 02       		.uleb128 0x2
 504 0014 24       		.uleb128 0x24
 505 0015 00       		.byte	0
 506 0016 0B       		.uleb128 0xb
 507 0017 0B       		.uleb128 0xb
 508 0018 3E       		.uleb128 0x3e
 509 0019 0B       		.uleb128 0xb
 510 001a 03       		.uleb128 0x3
 511 001b 0E       		.uleb128 0xe
 512 001c 00       		.byte	0
 513 001d 00       		.byte	0
 514 001e 03       		.uleb128 0x3
 515 001f 24       		.uleb128 0x24
 516 0020 00       		.byte	0
 517 0021 0B       		.uleb128 0xb
 518 0022 0B       		.uleb128 0xb
 519 0023 3E       		.uleb128 0x3e
 520 0024 0B       		.uleb128 0xb
 521 0025 03       		.uleb128 0x3
 522 0026 08       		.uleb128 0x8
 523 0027 00       		.byte	0
 524 0028 00       		.byte	0
 525 0029 04       		.uleb128 0x4
 526 002a 16       		.uleb128 0x16
 527 002b 00       		.byte	0
 528 002c 03       		.uleb128 0x3
 529 002d 0E       		.uleb128 0xe
 530 002e 3A       		.uleb128 0x3a
 531 002f 0B       		.uleb128 0xb
 532 0030 3B       		.uleb128 0x3b
 533 0031 05       		.uleb128 0x5
 534 0032 49       		.uleb128 0x49
 535 0033 13       		.uleb128 0x13
 536 0034 00       		.byte	0
 537 0035 00       		.byte	0
 538 0036 05       		.uleb128 0x5
 539 0037 35       		.uleb128 0x35
 540 0038 00       		.byte	0
 541 0039 49       		.uleb128 0x49
 542 003a 13       		.uleb128 0x13
 543 003b 00       		.byte	0
 544 003c 00       		.byte	0
 545 003d 06       		.uleb128 0x6
 546 003e 13       		.uleb128 0x13
 547 003f 01       		.byte	0x1
 548 0040 0B       		.uleb128 0xb
 549 0041 0B       		.uleb128 0xb
ARM GAS  C:\Users\Thomas\AppData\Local\Temp\cc30npOQ.s 			page 22


 550 0042 3A       		.uleb128 0x3a
 551 0043 0B       		.uleb128 0xb
 552 0044 3B       		.uleb128 0x3b
 553 0045 0B       		.uleb128 0xb
 554 0046 01       		.uleb128 0x1
 555 0047 13       		.uleb128 0x13
 556 0048 00       		.byte	0
 557 0049 00       		.byte	0
 558 004a 07       		.uleb128 0x7
 559 004b 0D       		.uleb128 0xd
 560 004c 00       		.byte	0
 561 004d 03       		.uleb128 0x3
 562 004e 0E       		.uleb128 0xe
 563 004f 3A       		.uleb128 0x3a
 564 0050 0B       		.uleb128 0xb
 565 0051 3B       		.uleb128 0x3b
 566 0052 0B       		.uleb128 0xb
 567 0053 49       		.uleb128 0x49
 568 0054 13       		.uleb128 0x13
 569 0055 38       		.uleb128 0x38
 570 0056 0B       		.uleb128 0xb
 571 0057 00       		.byte	0
 572 0058 00       		.byte	0
 573 0059 08       		.uleb128 0x8
 574 005a 16       		.uleb128 0x16
 575 005b 00       		.byte	0
 576 005c 03       		.uleb128 0x3
 577 005d 0E       		.uleb128 0xe
 578 005e 3A       		.uleb128 0x3a
 579 005f 0B       		.uleb128 0xb
 580 0060 3B       		.uleb128 0x3b
 581 0061 0B       		.uleb128 0xb
 582 0062 49       		.uleb128 0x49
 583 0063 13       		.uleb128 0x13
 584 0064 00       		.byte	0
 585 0065 00       		.byte	0
 586 0066 09       		.uleb128 0x9
 587 0067 2E       		.uleb128 0x2e
 588 0068 00       		.byte	0
 589 0069 3F       		.uleb128 0x3f
 590 006a 19       		.uleb128 0x19
 591 006b 03       		.uleb128 0x3
 592 006c 0E       		.uleb128 0xe
 593 006d 3A       		.uleb128 0x3a
 594 006e 0B       		.uleb128 0xb
 595 006f 3B       		.uleb128 0x3b
 596 0070 0B       		.uleb128 0xb
 597 0071 27       		.uleb128 0x27
 598 0072 19       		.uleb128 0x19
 599 0073 20       		.uleb128 0x20
 600 0074 0B       		.uleb128 0xb
 601 0075 00       		.byte	0
 602 0076 00       		.byte	0
 603 0077 0A       		.uleb128 0xa
 604 0078 2E       		.uleb128 0x2e
 605 0079 00       		.byte	0
 606 007a 31       		.uleb128 0x31
ARM GAS  C:\Users\Thomas\AppData\Local\Temp\cc30npOQ.s 			page 23


 607 007b 13       		.uleb128 0x13
 608 007c 11       		.uleb128 0x11
 609 007d 01       		.uleb128 0x1
 610 007e 12       		.uleb128 0x12
 611 007f 06       		.uleb128 0x6
 612 0080 40       		.uleb128 0x40
 613 0081 18       		.uleb128 0x18
 614 0082 9742     		.uleb128 0x2117
 615 0084 19       		.uleb128 0x19
 616 0085 00       		.byte	0
 617 0086 00       		.byte	0
 618 0087 0B       		.uleb128 0xb
 619 0088 2E       		.uleb128 0x2e
 620 0089 01       		.byte	0x1
 621 008a 3F       		.uleb128 0x3f
 622 008b 19       		.uleb128 0x19
 623 008c 03       		.uleb128 0x3
 624 008d 0E       		.uleb128 0xe
 625 008e 3A       		.uleb128 0x3a
 626 008f 0B       		.uleb128 0xb
 627 0090 3B       		.uleb128 0x3b
 628 0091 0B       		.uleb128 0xb
 629 0092 27       		.uleb128 0x27
 630 0093 19       		.uleb128 0x19
 631 0094 11       		.uleb128 0x11
 632 0095 01       		.uleb128 0x1
 633 0096 12       		.uleb128 0x12
 634 0097 06       		.uleb128 0x6
 635 0098 40       		.uleb128 0x40
 636 0099 18       		.uleb128 0x18
 637 009a 9742     		.uleb128 0x2117
 638 009c 19       		.uleb128 0x19
 639 009d 01       		.uleb128 0x1
 640 009e 13       		.uleb128 0x13
 641 009f 00       		.byte	0
 642 00a0 00       		.byte	0
 643 00a1 0C       		.uleb128 0xc
 644 00a2 1D       		.uleb128 0x1d
 645 00a3 00       		.byte	0
 646 00a4 31       		.uleb128 0x31
 647 00a5 13       		.uleb128 0x13
 648 00a6 11       		.uleb128 0x11
 649 00a7 01       		.uleb128 0x1
 650 00a8 12       		.uleb128 0x12
 651 00a9 06       		.uleb128 0x6
 652 00aa 58       		.uleb128 0x58
 653 00ab 0B       		.uleb128 0xb
 654 00ac 59       		.uleb128 0x59
 655 00ad 0B       		.uleb128 0xb
 656 00ae 00       		.byte	0
 657 00af 00       		.byte	0
 658 00b0 0D       		.uleb128 0xd
 659 00b1 34       		.uleb128 0x34
 660 00b2 00       		.byte	0
 661 00b3 03       		.uleb128 0x3
 662 00b4 0E       		.uleb128 0xe
 663 00b5 3A       		.uleb128 0x3a
ARM GAS  C:\Users\Thomas\AppData\Local\Temp\cc30npOQ.s 			page 24


 664 00b6 0B       		.uleb128 0xb
 665 00b7 3B       		.uleb128 0x3b
 666 00b8 0B       		.uleb128 0xb
 667 00b9 49       		.uleb128 0x49
 668 00ba 13       		.uleb128 0x13
 669 00bb 02       		.uleb128 0x2
 670 00bc 18       		.uleb128 0x18
 671 00bd 00       		.byte	0
 672 00be 00       		.byte	0
 673 00bf 00       		.byte	0
 674              		.section	.debug_aranges,"",%progbits
 675 0000 34000000 		.4byte	0x34
 676 0004 0200     		.2byte	0x2
 677 0006 00000000 		.4byte	.Ldebug_info0
 678 000a 04       		.byte	0x4
 679 000b 00       		.byte	0
 680 000c 0000     		.2byte	0
 681 000e 0000     		.2byte	0
 682 0010 00000000 		.4byte	.LFB0
 683 0014 14000000 		.4byte	.LFE0-.LFB0
 684 0018 00000000 		.4byte	.LFB1
 685 001c 14000000 		.4byte	.LFE1-.LFB1
 686 0020 00000000 		.4byte	.LFB2
 687 0024 14000000 		.4byte	.LFE2-.LFB2
 688 0028 00000000 		.4byte	.LFB3
 689 002c 14000000 		.4byte	.LFE3-.LFB3
 690 0030 00000000 		.4byte	0
 691 0034 00000000 		.4byte	0
 692              		.section	.debug_ranges,"",%progbits
 693              	.Ldebug_ranges0:
 694 0000 00000000 		.4byte	.LFB0
 695 0004 14000000 		.4byte	.LFE0
 696 0008 00000000 		.4byte	.LFB1
 697 000c 14000000 		.4byte	.LFE1
 698 0010 00000000 		.4byte	.LFB2
 699 0014 14000000 		.4byte	.LFE2
 700 0018 00000000 		.4byte	.LFB3
 701 001c 14000000 		.4byte	.LFE3
 702 0020 00000000 		.4byte	0
 703 0024 00000000 		.4byte	0
 704              		.section	.debug_line,"",%progbits
 705              	.Ldebug_line0:
 706 0000 9E000000 		.section	.debug_str,"MS",%progbits,1
 706      02005200 
 706      00000201 
 706      FB0E0D00 
 706      01010101 
 707              	.LASF15:
 708 0000 54696D65 		.ascii	"Timer_SaveConfig\000"
 708      725F5361 
 708      7665436F 
 708      6E666967 
 708      00
 709              	.LASF14:
 710 0011 54696D65 		.ascii	"Timer_BACKUP_STRUCT\000"
 710      725F4241 
 710      434B5550 
ARM GAS  C:\Users\Thomas\AppData\Local\Temp\cc30npOQ.s 			page 25


 710      5F535452 
 710      55435400 
 711              	.LASF9:
 712 0025 666C6F61 		.ascii	"float\000"
 712      7400
 713              	.LASF1:
 714 002b 756E7369 		.ascii	"unsigned char\000"
 714      676E6564 
 714      20636861 
 714      7200
 715              	.LASF13:
 716 0039 72656738 		.ascii	"reg8\000"
 716      00
 717              	.LASF23:
 718 003e 54696D65 		.ascii	"Timer_backup\000"
 718      725F6261 
 718      636B7570 
 718      00
 719              	.LASF17:
 720 004b 54696D65 		.ascii	"Timer_Sleep\000"
 720      725F536C 
 720      65657000 
 721              	.LASF5:
 722 0057 6C6F6E67 		.ascii	"long unsigned int\000"
 722      20756E73 
 722      69676E65 
 722      6420696E 
 722      7400
 723              	.LASF3:
 724 0069 73686F72 		.ascii	"short unsigned int\000"
 724      7420756E 
 724      7369676E 
 724      65642069 
 724      6E7400
 725              	.LASF16:
 726 007c 54696D65 		.ascii	"Timer_RestoreConfig\000"
 726      725F5265 
 726      73746F72 
 726      65436F6E 
 726      66696700 
 727              	.LASF22:
 728 0090 636F6E74 		.ascii	"controlState\000"
 728      726F6C53 
 728      74617465 
 728      00
 729              	.LASF18:
 730 009d 54696D65 		.ascii	"Timer_Wakeup\000"
 730      725F5761 
 730      6B657570 
 730      00
 731              	.LASF10:
 732 00aa 646F7562 		.ascii	"double\000"
 732      6C6500
 733              	.LASF21:
 734 00b1 433A5C55 		.ascii	"C:\\Users\\Thomas\\Documents\\PSoC Creator\\TASBot\\"
 734      73657273 
 734      5C54686F 
ARM GAS  C:\Users\Thomas\AppData\Local\Temp\cc30npOQ.s 			page 26


 734      6D61735C 
 734      446F6375 
 735 00df 54415342 		.ascii	"TASBot.cydsn\000"
 735      6F742E63 
 735      7964736E 
 735      00
 736              	.LASF8:
 737 00ec 756E7369 		.ascii	"unsigned int\000"
 737      676E6564 
 737      20696E74 
 737      00
 738              	.LASF7:
 739 00f9 6C6F6E67 		.ascii	"long long unsigned int\000"
 739      206C6F6E 
 739      6720756E 
 739      7369676E 
 739      65642069 
 740              	.LASF6:
 741 0110 6C6F6E67 		.ascii	"long long int\000"
 741      206C6F6E 
 741      6720696E 
 741      7400
 742              	.LASF19:
 743 011e 474E5520 		.ascii	"GNU C 4.9.3 20150303 (release) [ARM/embedded-4_9-br"
 743      4320342E 
 743      392E3320 
 743      32303135 
 743      30333033 
 744 0151 616E6368 		.ascii	"anch revision 221220] -mcpu=cortex-m3 -mthumb -g -O"
 744      20726576 
 744      6973696F 
 744      6E203232 
 744      31323230 
 745 0184 33202D66 		.ascii	"3 -ffunction-sections -finline-functions -flto -ffa"
 745      66756E63 
 745      74696F6E 
 745      2D736563 
 745      74696F6E 
 746 01b7 742D6C74 		.ascii	"t-lto-objects\000"
 746      6F2D6F62 
 746      6A656374 
 746      7300
 747              	.LASF11:
 748 01c5 63686172 		.ascii	"char\000"
 748      00
 749              	.LASF2:
 750 01ca 73686F72 		.ascii	"short int\000"
 750      7420696E 
 750      7400
 751              	.LASF12:
 752 01d4 75696E74 		.ascii	"uint8\000"
 752      3800
 753              	.LASF4:
 754 01da 6C6F6E67 		.ascii	"long int\000"
 754      20696E74 
 754      00
 755              	.LASF20:
ARM GAS  C:\Users\Thomas\AppData\Local\Temp\cc30npOQ.s 			page 27


 756 01e3 2E5C4765 		.ascii	".\\Generated_Source\\PSoC5\\Timer_PM.c\000"
 756      6E657261 
 756      7465645F 
 756      536F7572 
 756      63655C50 
 757              	.LASF0:
 758 0207 7369676E 		.ascii	"signed char\000"
 758      65642063 
 758      68617200 
 759              		.comm	__gnu_lto_v1,1,1
 760              		.ident	"GCC: (GNU Tools for ARM Embedded Processors) 4.9.3 20150303 (release) [ARM/embedded-4_9-br
