ARM GAS  C:\Users\Thomas\AppData\Local\Temp\ccjsRLUi.s 			page 1


   1              		.syntax unified
   2              		.cpu cortex-m3
   3              		.fpu softvfp
   4              		.eabi_attribute 20, 1
   5              		.eabi_attribute 21, 1
   6              		.eabi_attribute 23, 3
   7              		.eabi_attribute 24, 1
   8              		.eabi_attribute 25, 1
   9              		.eabi_attribute 26, 1
  10              		.eabi_attribute 30, 4
  11              		.eabi_attribute 34, 1
  12              		.eabi_attribute 18, 4
  13              		.thumb
  14              		.file	"TIRQ.c"
  15              		.text
  16              	.Ltext0:
  17              		.cfi_sections	.debug_frame
  18              		.section	.text.TIRQ_Interrupt,"ax",%progbits
  19              		.align	1
  20              		.global	TIRQ_Interrupt
  21              		.thumb
  22              		.thumb_func
  23              		.type	TIRQ_Interrupt, %function
  24              	TIRQ_Interrupt:
  25              	.LFB66:
  26              		.file 1 ".\\Generated_Source\\PSoC5\\TIRQ.c"
   1:.\Generated_Source\PSoC5/TIRQ.c **** /*******************************************************************************
   2:.\Generated_Source\PSoC5/TIRQ.c **** * File Name: TIRQ.c  
   3:.\Generated_Source\PSoC5/TIRQ.c **** * Version 1.70
   4:.\Generated_Source\PSoC5/TIRQ.c **** *
   5:.\Generated_Source\PSoC5/TIRQ.c **** *  Description:
   6:.\Generated_Source\PSoC5/TIRQ.c **** *   API for controlling the state of an interrupt.
   7:.\Generated_Source\PSoC5/TIRQ.c **** *
   8:.\Generated_Source\PSoC5/TIRQ.c **** *
   9:.\Generated_Source\PSoC5/TIRQ.c **** *  Note:
  10:.\Generated_Source\PSoC5/TIRQ.c **** *
  11:.\Generated_Source\PSoC5/TIRQ.c **** ********************************************************************************
  12:.\Generated_Source\PSoC5/TIRQ.c **** * Copyright 2008-2015, Cypress Semiconductor Corporation.  All rights reserved.
  13:.\Generated_Source\PSoC5/TIRQ.c **** * You may use this file only in accordance with the license, terms, conditions, 
  14:.\Generated_Source\PSoC5/TIRQ.c **** * disclaimers, and limitations in the end user license agreement accompanying 
  15:.\Generated_Source\PSoC5/TIRQ.c **** * the software package with which this file was provided.
  16:.\Generated_Source\PSoC5/TIRQ.c **** *******************************************************************************/
  17:.\Generated_Source\PSoC5/TIRQ.c **** 
  18:.\Generated_Source\PSoC5/TIRQ.c **** 
  19:.\Generated_Source\PSoC5/TIRQ.c **** #include <cydevice_trm.h>
  20:.\Generated_Source\PSoC5/TIRQ.c **** #include <CyLib.h>
  21:.\Generated_Source\PSoC5/TIRQ.c **** #include <TIRQ.h>
  22:.\Generated_Source\PSoC5/TIRQ.c **** #include "cyapicallbacks.h"
  23:.\Generated_Source\PSoC5/TIRQ.c **** 
  24:.\Generated_Source\PSoC5/TIRQ.c **** #if !defined(TIRQ__REMOVED) /* Check for removal by optimization */
  25:.\Generated_Source\PSoC5/TIRQ.c **** 
  26:.\Generated_Source\PSoC5/TIRQ.c **** /*******************************************************************************
  27:.\Generated_Source\PSoC5/TIRQ.c **** *  Place your includes, defines and code here 
  28:.\Generated_Source\PSoC5/TIRQ.c **** ********************************************************************************/
  29:.\Generated_Source\PSoC5/TIRQ.c **** /* `#START TIRQ_intc` */
  30:.\Generated_Source\PSoC5/TIRQ.c **** #include <main.h>
  31:.\Generated_Source\PSoC5/TIRQ.c **** /* `#END` */
ARM GAS  C:\Users\Thomas\AppData\Local\Temp\ccjsRLUi.s 			page 2


  32:.\Generated_Source\PSoC5/TIRQ.c **** 
  33:.\Generated_Source\PSoC5/TIRQ.c **** #ifndef CYINT_IRQ_BASE
  34:.\Generated_Source\PSoC5/TIRQ.c **** #define CYINT_IRQ_BASE      16
  35:.\Generated_Source\PSoC5/TIRQ.c **** #endif /* CYINT_IRQ_BASE */
  36:.\Generated_Source\PSoC5/TIRQ.c **** #ifndef CYINT_VECT_TABLE
  37:.\Generated_Source\PSoC5/TIRQ.c **** #define CYINT_VECT_TABLE    ((cyisraddress **) CYREG_NVIC_VECT_OFFSET)
  38:.\Generated_Source\PSoC5/TIRQ.c **** #endif /* CYINT_VECT_TABLE */
  39:.\Generated_Source\PSoC5/TIRQ.c **** 
  40:.\Generated_Source\PSoC5/TIRQ.c **** /* Declared in startup, used to set unused interrupts to. */
  41:.\Generated_Source\PSoC5/TIRQ.c **** CY_ISR_PROTO(IntDefaultHandler);
  42:.\Generated_Source\PSoC5/TIRQ.c **** 
  43:.\Generated_Source\PSoC5/TIRQ.c **** 
  44:.\Generated_Source\PSoC5/TIRQ.c **** /*******************************************************************************
  45:.\Generated_Source\PSoC5/TIRQ.c **** * Function Name: TIRQ_Start
  46:.\Generated_Source\PSoC5/TIRQ.c **** ********************************************************************************
  47:.\Generated_Source\PSoC5/TIRQ.c **** *
  48:.\Generated_Source\PSoC5/TIRQ.c **** * Summary:
  49:.\Generated_Source\PSoC5/TIRQ.c **** *  Set up the interrupt and enable it. This function disables the interrupt, 
  50:.\Generated_Source\PSoC5/TIRQ.c **** *  sets the default interrupt vector, sets the priority from the value in the
  51:.\Generated_Source\PSoC5/TIRQ.c **** *  Design Wide Resources Interrupt Editor, then enables the interrupt to the 
  52:.\Generated_Source\PSoC5/TIRQ.c **** *  interrupt controller.
  53:.\Generated_Source\PSoC5/TIRQ.c **** *
  54:.\Generated_Source\PSoC5/TIRQ.c **** * Parameters:  
  55:.\Generated_Source\PSoC5/TIRQ.c **** *   None
  56:.\Generated_Source\PSoC5/TIRQ.c **** *
  57:.\Generated_Source\PSoC5/TIRQ.c **** * Return:
  58:.\Generated_Source\PSoC5/TIRQ.c **** *   None
  59:.\Generated_Source\PSoC5/TIRQ.c **** *
  60:.\Generated_Source\PSoC5/TIRQ.c **** *******************************************************************************/
  61:.\Generated_Source\PSoC5/TIRQ.c **** void TIRQ_Start(void)
  62:.\Generated_Source\PSoC5/TIRQ.c **** {
  63:.\Generated_Source\PSoC5/TIRQ.c ****     /* For all we know the interrupt is active. */
  64:.\Generated_Source\PSoC5/TIRQ.c ****     TIRQ_Disable();
  65:.\Generated_Source\PSoC5/TIRQ.c **** 
  66:.\Generated_Source\PSoC5/TIRQ.c ****     /* Set the ISR to point to the TIRQ Interrupt. */
  67:.\Generated_Source\PSoC5/TIRQ.c ****     TIRQ_SetVector(&TIRQ_Interrupt);
  68:.\Generated_Source\PSoC5/TIRQ.c **** 
  69:.\Generated_Source\PSoC5/TIRQ.c ****     /* Set the priority. */
  70:.\Generated_Source\PSoC5/TIRQ.c ****     TIRQ_SetPriority((uint8)TIRQ_INTC_PRIOR_NUMBER);
  71:.\Generated_Source\PSoC5/TIRQ.c **** 
  72:.\Generated_Source\PSoC5/TIRQ.c ****     /* Enable it. */
  73:.\Generated_Source\PSoC5/TIRQ.c ****     TIRQ_Enable();
  74:.\Generated_Source\PSoC5/TIRQ.c **** }
  75:.\Generated_Source\PSoC5/TIRQ.c **** 
  76:.\Generated_Source\PSoC5/TIRQ.c **** 
  77:.\Generated_Source\PSoC5/TIRQ.c **** /*******************************************************************************
  78:.\Generated_Source\PSoC5/TIRQ.c **** * Function Name: TIRQ_StartEx
  79:.\Generated_Source\PSoC5/TIRQ.c **** ********************************************************************************
  80:.\Generated_Source\PSoC5/TIRQ.c **** *
  81:.\Generated_Source\PSoC5/TIRQ.c **** * Summary:
  82:.\Generated_Source\PSoC5/TIRQ.c **** *  Sets up the interrupt and enables it. This function disables the interrupt,
  83:.\Generated_Source\PSoC5/TIRQ.c **** *  sets the interrupt vector based on the address passed in, sets the priority 
  84:.\Generated_Source\PSoC5/TIRQ.c **** *  from the value in the Design Wide Resources Interrupt Editor, then enables 
  85:.\Generated_Source\PSoC5/TIRQ.c **** *  the interrupt to the interrupt controller.
  86:.\Generated_Source\PSoC5/TIRQ.c **** *  
  87:.\Generated_Source\PSoC5/TIRQ.c **** *  When defining ISR functions, the CY_ISR and CY_ISR_PROTO macros should be 
  88:.\Generated_Source\PSoC5/TIRQ.c **** *  used to provide consistent definition across compilers:
ARM GAS  C:\Users\Thomas\AppData\Local\Temp\ccjsRLUi.s 			page 3


  89:.\Generated_Source\PSoC5/TIRQ.c **** *  
  90:.\Generated_Source\PSoC5/TIRQ.c **** *  Function definition example:
  91:.\Generated_Source\PSoC5/TIRQ.c **** *   CY_ISR(MyISR)
  92:.\Generated_Source\PSoC5/TIRQ.c **** *   {
  93:.\Generated_Source\PSoC5/TIRQ.c **** *   }
  94:.\Generated_Source\PSoC5/TIRQ.c **** *   Function prototype example:
  95:.\Generated_Source\PSoC5/TIRQ.c **** *   CY_ISR_PROTO(MyISR);
  96:.\Generated_Source\PSoC5/TIRQ.c **** *
  97:.\Generated_Source\PSoC5/TIRQ.c **** * Parameters:  
  98:.\Generated_Source\PSoC5/TIRQ.c **** *   address: Address of the ISR to set in the interrupt vector table.
  99:.\Generated_Source\PSoC5/TIRQ.c **** *
 100:.\Generated_Source\PSoC5/TIRQ.c **** * Return:
 101:.\Generated_Source\PSoC5/TIRQ.c **** *   None
 102:.\Generated_Source\PSoC5/TIRQ.c **** *
 103:.\Generated_Source\PSoC5/TIRQ.c **** *******************************************************************************/
 104:.\Generated_Source\PSoC5/TIRQ.c **** void TIRQ_StartEx(cyisraddress address)
 105:.\Generated_Source\PSoC5/TIRQ.c **** {
 106:.\Generated_Source\PSoC5/TIRQ.c ****     /* For all we know the interrupt is active. */
 107:.\Generated_Source\PSoC5/TIRQ.c ****     TIRQ_Disable();
 108:.\Generated_Source\PSoC5/TIRQ.c **** 
 109:.\Generated_Source\PSoC5/TIRQ.c ****     /* Set the ISR to point to the TIRQ Interrupt. */
 110:.\Generated_Source\PSoC5/TIRQ.c ****     TIRQ_SetVector(address);
 111:.\Generated_Source\PSoC5/TIRQ.c **** 
 112:.\Generated_Source\PSoC5/TIRQ.c ****     /* Set the priority. */
 113:.\Generated_Source\PSoC5/TIRQ.c ****     TIRQ_SetPriority((uint8)TIRQ_INTC_PRIOR_NUMBER);
 114:.\Generated_Source\PSoC5/TIRQ.c **** 
 115:.\Generated_Source\PSoC5/TIRQ.c ****     /* Enable it. */
 116:.\Generated_Source\PSoC5/TIRQ.c ****     TIRQ_Enable();
 117:.\Generated_Source\PSoC5/TIRQ.c **** }
 118:.\Generated_Source\PSoC5/TIRQ.c **** 
 119:.\Generated_Source\PSoC5/TIRQ.c **** 
 120:.\Generated_Source\PSoC5/TIRQ.c **** /*******************************************************************************
 121:.\Generated_Source\PSoC5/TIRQ.c **** * Function Name: TIRQ_Stop
 122:.\Generated_Source\PSoC5/TIRQ.c **** ********************************************************************************
 123:.\Generated_Source\PSoC5/TIRQ.c **** *
 124:.\Generated_Source\PSoC5/TIRQ.c **** * Summary:
 125:.\Generated_Source\PSoC5/TIRQ.c **** *   Disables and removes the interrupt.
 126:.\Generated_Source\PSoC5/TIRQ.c **** *
 127:.\Generated_Source\PSoC5/TIRQ.c **** * Parameters:  
 128:.\Generated_Source\PSoC5/TIRQ.c **** *   None
 129:.\Generated_Source\PSoC5/TIRQ.c **** *
 130:.\Generated_Source\PSoC5/TIRQ.c **** * Return:
 131:.\Generated_Source\PSoC5/TIRQ.c **** *   None
 132:.\Generated_Source\PSoC5/TIRQ.c **** *
 133:.\Generated_Source\PSoC5/TIRQ.c **** *******************************************************************************/
 134:.\Generated_Source\PSoC5/TIRQ.c **** void TIRQ_Stop(void)
 135:.\Generated_Source\PSoC5/TIRQ.c **** {
 136:.\Generated_Source\PSoC5/TIRQ.c ****     /* Disable this interrupt. */
 137:.\Generated_Source\PSoC5/TIRQ.c ****     TIRQ_Disable();
 138:.\Generated_Source\PSoC5/TIRQ.c **** 
 139:.\Generated_Source\PSoC5/TIRQ.c ****     /* Set the ISR to point to the passive one. */
 140:.\Generated_Source\PSoC5/TIRQ.c ****     TIRQ_SetVector(&IntDefaultHandler);
 141:.\Generated_Source\PSoC5/TIRQ.c **** }
 142:.\Generated_Source\PSoC5/TIRQ.c **** 
 143:.\Generated_Source\PSoC5/TIRQ.c **** 
 144:.\Generated_Source\PSoC5/TIRQ.c **** /*******************************************************************************
 145:.\Generated_Source\PSoC5/TIRQ.c **** * Function Name: TIRQ_Interrupt
ARM GAS  C:\Users\Thomas\AppData\Local\Temp\ccjsRLUi.s 			page 4


 146:.\Generated_Source\PSoC5/TIRQ.c **** ********************************************************************************
 147:.\Generated_Source\PSoC5/TIRQ.c **** *
 148:.\Generated_Source\PSoC5/TIRQ.c **** * Summary:
 149:.\Generated_Source\PSoC5/TIRQ.c **** *   The default Interrupt Service Routine for TIRQ.
 150:.\Generated_Source\PSoC5/TIRQ.c **** *
 151:.\Generated_Source\PSoC5/TIRQ.c **** *   Add custom code between the coments to keep the next version of this file
 152:.\Generated_Source\PSoC5/TIRQ.c **** *   from over writting your code.
 153:.\Generated_Source\PSoC5/TIRQ.c **** *
 154:.\Generated_Source\PSoC5/TIRQ.c **** * Parameters:  
 155:.\Generated_Source\PSoC5/TIRQ.c **** *
 156:.\Generated_Source\PSoC5/TIRQ.c **** * Return:
 157:.\Generated_Source\PSoC5/TIRQ.c **** *   None
 158:.\Generated_Source\PSoC5/TIRQ.c **** *
 159:.\Generated_Source\PSoC5/TIRQ.c **** *******************************************************************************/
 160:.\Generated_Source\PSoC5/TIRQ.c **** CY_ISR(TIRQ_Interrupt)
 161:.\Generated_Source\PSoC5/TIRQ.c **** {
  27              		.loc 1 161 0
  28              		.cfi_startproc
  29              		@ args = 0, pretend = 0, frame = 0
  30              		@ frame_needed = 0, uses_anonymous_args = 0
  31 0000 08B5     		push	{r3, lr}
  32              		.cfi_def_cfa_offset 8
  33              		.cfi_offset 3, -8
  34              		.cfi_offset 14, -4
 162:.\Generated_Source\PSoC5/TIRQ.c ****     #ifdef TIRQ_INTERRUPT_INTERRUPT_CALLBACK
 163:.\Generated_Source\PSoC5/TIRQ.c ****         TIRQ_Interrupt_InterruptCallback();
 164:.\Generated_Source\PSoC5/TIRQ.c ****     #endif /* TIRQ_INTERRUPT_INTERRUPT_CALLBACK */ 
 165:.\Generated_Source\PSoC5/TIRQ.c **** 
 166:.\Generated_Source\PSoC5/TIRQ.c ****     /*  Place your Interrupt code here. */
 167:.\Generated_Source\PSoC5/TIRQ.c ****     /* `#START TIRQ_Interrupt` */
 168:.\Generated_Source\PSoC5/TIRQ.c ****     TIMER_Stop();
  35              		.loc 1 168 0
  36 0002 FFF7FEFF 		bl	TIMER_Stop
  37              	.LVL0:
 169:.\Generated_Source\PSoC5/TIRQ.c ****     ready = 1;
  38              		.loc 1 169 0
  39 0006 024B     		ldr	r3, .L2
  40 0008 0122     		movs	r2, #1
  41 000a 1A60     		str	r2, [r3]
  42 000c 08BD     		pop	{r3, pc}
  43              	.L3:
  44 000e 00BF     		.align	2
  45              	.L2:
  46 0010 00000000 		.word	ready
  47              		.cfi_endproc
  48              	.LFE66:
  49              		.size	TIRQ_Interrupt, .-TIRQ_Interrupt
  50              		.section	.text.TIRQ_Start,"ax",%progbits
  51              		.align	1
  52              		.global	TIRQ_Start
  53              		.thumb
  54              		.thumb_func
  55              		.type	TIRQ_Start, %function
  56              	TIRQ_Start:
  57              	.LFB63:
  62:.\Generated_Source\PSoC5/TIRQ.c ****     /* For all we know the interrupt is active. */
  58              		.loc 1 62 0
ARM GAS  C:\Users\Thomas\AppData\Local\Temp\ccjsRLUi.s 			page 5


  59              		.cfi_startproc
  60              		@ args = 0, pretend = 0, frame = 0
  61              		@ frame_needed = 0, uses_anonymous_args = 0
  62              		@ link register save eliminated.
  63              	.LBB22:
  64              	.LBB23:
 170:.\Generated_Source\PSoC5/TIRQ.c ****     /* `#END` */
 171:.\Generated_Source\PSoC5/TIRQ.c **** }
 172:.\Generated_Source\PSoC5/TIRQ.c **** 
 173:.\Generated_Source\PSoC5/TIRQ.c **** 
 174:.\Generated_Source\PSoC5/TIRQ.c **** /*******************************************************************************
 175:.\Generated_Source\PSoC5/TIRQ.c **** * Function Name: TIRQ_SetVector
 176:.\Generated_Source\PSoC5/TIRQ.c **** ********************************************************************************
 177:.\Generated_Source\PSoC5/TIRQ.c **** *
 178:.\Generated_Source\PSoC5/TIRQ.c **** * Summary:
 179:.\Generated_Source\PSoC5/TIRQ.c **** *   Change the ISR vector for the Interrupt. Note calling TIRQ_Start
 180:.\Generated_Source\PSoC5/TIRQ.c **** *   will override any effect this method would have had. To set the vector 
 181:.\Generated_Source\PSoC5/TIRQ.c **** *   before the component has been started use TIRQ_StartEx instead.
 182:.\Generated_Source\PSoC5/TIRQ.c **** * 
 183:.\Generated_Source\PSoC5/TIRQ.c **** *   When defining ISR functions, the CY_ISR and CY_ISR_PROTO macros should be 
 184:.\Generated_Source\PSoC5/TIRQ.c **** *   used to provide consistent definition across compilers:
 185:.\Generated_Source\PSoC5/TIRQ.c **** *
 186:.\Generated_Source\PSoC5/TIRQ.c **** *   Function definition example:
 187:.\Generated_Source\PSoC5/TIRQ.c **** *   CY_ISR(MyISR)
 188:.\Generated_Source\PSoC5/TIRQ.c **** *   {
 189:.\Generated_Source\PSoC5/TIRQ.c **** *   }
 190:.\Generated_Source\PSoC5/TIRQ.c **** *
 191:.\Generated_Source\PSoC5/TIRQ.c **** *   Function prototype example:
 192:.\Generated_Source\PSoC5/TIRQ.c **** *     CY_ISR_PROTO(MyISR);
 193:.\Generated_Source\PSoC5/TIRQ.c **** *
 194:.\Generated_Source\PSoC5/TIRQ.c **** * Parameters:
 195:.\Generated_Source\PSoC5/TIRQ.c **** *   address: Address of the ISR to set in the interrupt vector table.
 196:.\Generated_Source\PSoC5/TIRQ.c **** *
 197:.\Generated_Source\PSoC5/TIRQ.c **** * Return:
 198:.\Generated_Source\PSoC5/TIRQ.c **** *   None
 199:.\Generated_Source\PSoC5/TIRQ.c **** *
 200:.\Generated_Source\PSoC5/TIRQ.c **** *******************************************************************************/
 201:.\Generated_Source\PSoC5/TIRQ.c **** void TIRQ_SetVector(cyisraddress address)
 202:.\Generated_Source\PSoC5/TIRQ.c **** {
 203:.\Generated_Source\PSoC5/TIRQ.c ****     cyisraddress * ramVectorTable;
 204:.\Generated_Source\PSoC5/TIRQ.c **** 
 205:.\Generated_Source\PSoC5/TIRQ.c ****     ramVectorTable = (cyisraddress *) *CYINT_VECT_TABLE;
 206:.\Generated_Source\PSoC5/TIRQ.c **** 
 207:.\Generated_Source\PSoC5/TIRQ.c ****     ramVectorTable[CYINT_IRQ_BASE + (uint32)TIRQ__INTC_NUMBER] = address;
 208:.\Generated_Source\PSoC5/TIRQ.c **** }
 209:.\Generated_Source\PSoC5/TIRQ.c **** 
 210:.\Generated_Source\PSoC5/TIRQ.c **** 
 211:.\Generated_Source\PSoC5/TIRQ.c **** /*******************************************************************************
 212:.\Generated_Source\PSoC5/TIRQ.c **** * Function Name: TIRQ_GetVector
 213:.\Generated_Source\PSoC5/TIRQ.c **** ********************************************************************************
 214:.\Generated_Source\PSoC5/TIRQ.c **** *
 215:.\Generated_Source\PSoC5/TIRQ.c **** * Summary:
 216:.\Generated_Source\PSoC5/TIRQ.c **** *   Gets the "address" of the current ISR vector for the Interrupt.
 217:.\Generated_Source\PSoC5/TIRQ.c **** *
 218:.\Generated_Source\PSoC5/TIRQ.c **** * Parameters:
 219:.\Generated_Source\PSoC5/TIRQ.c **** *   None
 220:.\Generated_Source\PSoC5/TIRQ.c **** *
ARM GAS  C:\Users\Thomas\AppData\Local\Temp\ccjsRLUi.s 			page 6


 221:.\Generated_Source\PSoC5/TIRQ.c **** * Return:
 222:.\Generated_Source\PSoC5/TIRQ.c **** *   Address of the ISR in the interrupt vector table.
 223:.\Generated_Source\PSoC5/TIRQ.c **** *
 224:.\Generated_Source\PSoC5/TIRQ.c **** *******************************************************************************/
 225:.\Generated_Source\PSoC5/TIRQ.c **** cyisraddress TIRQ_GetVector(void)
 226:.\Generated_Source\PSoC5/TIRQ.c **** {
 227:.\Generated_Source\PSoC5/TIRQ.c ****     cyisraddress * ramVectorTable;
 228:.\Generated_Source\PSoC5/TIRQ.c **** 
 229:.\Generated_Source\PSoC5/TIRQ.c ****     ramVectorTable = (cyisraddress *) *CYINT_VECT_TABLE;
 230:.\Generated_Source\PSoC5/TIRQ.c **** 
 231:.\Generated_Source\PSoC5/TIRQ.c ****     return ramVectorTable[CYINT_IRQ_BASE + (uint32)TIRQ__INTC_NUMBER];
 232:.\Generated_Source\PSoC5/TIRQ.c **** }
 233:.\Generated_Source\PSoC5/TIRQ.c **** 
 234:.\Generated_Source\PSoC5/TIRQ.c **** 
 235:.\Generated_Source\PSoC5/TIRQ.c **** /*******************************************************************************
 236:.\Generated_Source\PSoC5/TIRQ.c **** * Function Name: TIRQ_SetPriority
 237:.\Generated_Source\PSoC5/TIRQ.c **** ********************************************************************************
 238:.\Generated_Source\PSoC5/TIRQ.c **** *
 239:.\Generated_Source\PSoC5/TIRQ.c **** * Summary:
 240:.\Generated_Source\PSoC5/TIRQ.c **** *   Sets the Priority of the Interrupt. 
 241:.\Generated_Source\PSoC5/TIRQ.c **** *
 242:.\Generated_Source\PSoC5/TIRQ.c **** *   Note calling TIRQ_Start or TIRQ_StartEx will 
 243:.\Generated_Source\PSoC5/TIRQ.c **** *   override any effect this API would have had. This API should only be called
 244:.\Generated_Source\PSoC5/TIRQ.c **** *   after TIRQ_Start or TIRQ_StartEx has been called. 
 245:.\Generated_Source\PSoC5/TIRQ.c **** *   To set the initial priority for the component, use the Design-Wide Resources
 246:.\Generated_Source\PSoC5/TIRQ.c **** *   Interrupt Editor.
 247:.\Generated_Source\PSoC5/TIRQ.c **** *
 248:.\Generated_Source\PSoC5/TIRQ.c **** *   Note This API has no effect on Non-maskable interrupt NMI).
 249:.\Generated_Source\PSoC5/TIRQ.c **** *
 250:.\Generated_Source\PSoC5/TIRQ.c **** * Parameters:
 251:.\Generated_Source\PSoC5/TIRQ.c **** *   priority: Priority of the interrupt, 0 being the highest priority
 252:.\Generated_Source\PSoC5/TIRQ.c **** *             PSoC 3 and PSoC 5LP: Priority is from 0 to 7.
 253:.\Generated_Source\PSoC5/TIRQ.c **** *             PSoC 4: Priority is from 0 to 3.
 254:.\Generated_Source\PSoC5/TIRQ.c **** *
 255:.\Generated_Source\PSoC5/TIRQ.c **** * Return:
 256:.\Generated_Source\PSoC5/TIRQ.c **** *   None
 257:.\Generated_Source\PSoC5/TIRQ.c **** *
 258:.\Generated_Source\PSoC5/TIRQ.c **** *******************************************************************************/
 259:.\Generated_Source\PSoC5/TIRQ.c **** void TIRQ_SetPriority(uint8 priority)
 260:.\Generated_Source\PSoC5/TIRQ.c **** {
 261:.\Generated_Source\PSoC5/TIRQ.c ****     *TIRQ_INTC_PRIOR = priority << 5;
 262:.\Generated_Source\PSoC5/TIRQ.c **** }
 263:.\Generated_Source\PSoC5/TIRQ.c **** 
 264:.\Generated_Source\PSoC5/TIRQ.c **** 
 265:.\Generated_Source\PSoC5/TIRQ.c **** /*******************************************************************************
 266:.\Generated_Source\PSoC5/TIRQ.c **** * Function Name: TIRQ_GetPriority
 267:.\Generated_Source\PSoC5/TIRQ.c **** ********************************************************************************
 268:.\Generated_Source\PSoC5/TIRQ.c **** *
 269:.\Generated_Source\PSoC5/TIRQ.c **** * Summary:
 270:.\Generated_Source\PSoC5/TIRQ.c **** *   Gets the Priority of the Interrupt.
 271:.\Generated_Source\PSoC5/TIRQ.c **** *
 272:.\Generated_Source\PSoC5/TIRQ.c **** * Parameters:
 273:.\Generated_Source\PSoC5/TIRQ.c **** *   None
 274:.\Generated_Source\PSoC5/TIRQ.c **** *
 275:.\Generated_Source\PSoC5/TIRQ.c **** * Return:
 276:.\Generated_Source\PSoC5/TIRQ.c **** *   Priority of the interrupt, 0 being the highest priority
 277:.\Generated_Source\PSoC5/TIRQ.c **** *    PSoC 3 and PSoC 5LP: Priority is from 0 to 7.
ARM GAS  C:\Users\Thomas\AppData\Local\Temp\ccjsRLUi.s 			page 7


 278:.\Generated_Source\PSoC5/TIRQ.c **** *    PSoC 4: Priority is from 0 to 3.
 279:.\Generated_Source\PSoC5/TIRQ.c **** *
 280:.\Generated_Source\PSoC5/TIRQ.c **** *******************************************************************************/
 281:.\Generated_Source\PSoC5/TIRQ.c **** uint8 TIRQ_GetPriority(void)
 282:.\Generated_Source\PSoC5/TIRQ.c **** {
 283:.\Generated_Source\PSoC5/TIRQ.c ****     uint8 priority;
 284:.\Generated_Source\PSoC5/TIRQ.c **** 
 285:.\Generated_Source\PSoC5/TIRQ.c **** 
 286:.\Generated_Source\PSoC5/TIRQ.c ****     priority = *TIRQ_INTC_PRIOR >> 5;
 287:.\Generated_Source\PSoC5/TIRQ.c **** 
 288:.\Generated_Source\PSoC5/TIRQ.c ****     return priority;
 289:.\Generated_Source\PSoC5/TIRQ.c **** }
 290:.\Generated_Source\PSoC5/TIRQ.c **** 
 291:.\Generated_Source\PSoC5/TIRQ.c **** 
 292:.\Generated_Source\PSoC5/TIRQ.c **** /*******************************************************************************
 293:.\Generated_Source\PSoC5/TIRQ.c **** * Function Name: TIRQ_Enable
 294:.\Generated_Source\PSoC5/TIRQ.c **** ********************************************************************************
 295:.\Generated_Source\PSoC5/TIRQ.c **** *
 296:.\Generated_Source\PSoC5/TIRQ.c **** * Summary:
 297:.\Generated_Source\PSoC5/TIRQ.c **** *   Enables the interrupt to the interrupt controller. Do not call this function
 298:.\Generated_Source\PSoC5/TIRQ.c **** *   unless ISR_Start() has been called or the functionality of the ISR_Start() 
 299:.\Generated_Source\PSoC5/TIRQ.c **** *   function, which sets the vector and the priority, has been called.
 300:.\Generated_Source\PSoC5/TIRQ.c **** *
 301:.\Generated_Source\PSoC5/TIRQ.c **** * Parameters:
 302:.\Generated_Source\PSoC5/TIRQ.c **** *   None
 303:.\Generated_Source\PSoC5/TIRQ.c **** *
 304:.\Generated_Source\PSoC5/TIRQ.c **** * Return:
 305:.\Generated_Source\PSoC5/TIRQ.c **** *   None
 306:.\Generated_Source\PSoC5/TIRQ.c **** *
 307:.\Generated_Source\PSoC5/TIRQ.c **** *******************************************************************************/
 308:.\Generated_Source\PSoC5/TIRQ.c **** void TIRQ_Enable(void)
 309:.\Generated_Source\PSoC5/TIRQ.c **** {
 310:.\Generated_Source\PSoC5/TIRQ.c ****     /* Enable the general interrupt. */
 311:.\Generated_Source\PSoC5/TIRQ.c ****     *TIRQ_INTC_SET_EN = TIRQ__INTC_MASK;
 312:.\Generated_Source\PSoC5/TIRQ.c **** }
 313:.\Generated_Source\PSoC5/TIRQ.c **** 
 314:.\Generated_Source\PSoC5/TIRQ.c **** 
 315:.\Generated_Source\PSoC5/TIRQ.c **** /*******************************************************************************
 316:.\Generated_Source\PSoC5/TIRQ.c **** * Function Name: TIRQ_GetState
 317:.\Generated_Source\PSoC5/TIRQ.c **** ********************************************************************************
 318:.\Generated_Source\PSoC5/TIRQ.c **** *
 319:.\Generated_Source\PSoC5/TIRQ.c **** * Summary:
 320:.\Generated_Source\PSoC5/TIRQ.c **** *   Gets the state (enabled, disabled) of the Interrupt.
 321:.\Generated_Source\PSoC5/TIRQ.c **** *
 322:.\Generated_Source\PSoC5/TIRQ.c **** * Parameters:
 323:.\Generated_Source\PSoC5/TIRQ.c **** *   None
 324:.\Generated_Source\PSoC5/TIRQ.c **** *
 325:.\Generated_Source\PSoC5/TIRQ.c **** * Return:
 326:.\Generated_Source\PSoC5/TIRQ.c **** *   1 if enabled, 0 if disabled.
 327:.\Generated_Source\PSoC5/TIRQ.c **** *
 328:.\Generated_Source\PSoC5/TIRQ.c **** *******************************************************************************/
 329:.\Generated_Source\PSoC5/TIRQ.c **** uint8 TIRQ_GetState(void)
 330:.\Generated_Source\PSoC5/TIRQ.c **** {
 331:.\Generated_Source\PSoC5/TIRQ.c ****     /* Get the state of the general interrupt. */
 332:.\Generated_Source\PSoC5/TIRQ.c ****     return ((*TIRQ_INTC_SET_EN & (uint32)TIRQ__INTC_MASK) != 0u) ? 1u:0u;
 333:.\Generated_Source\PSoC5/TIRQ.c **** }
 334:.\Generated_Source\PSoC5/TIRQ.c **** 
ARM GAS  C:\Users\Thomas\AppData\Local\Temp\ccjsRLUi.s 			page 8


 335:.\Generated_Source\PSoC5/TIRQ.c **** 
 336:.\Generated_Source\PSoC5/TIRQ.c **** /*******************************************************************************
 337:.\Generated_Source\PSoC5/TIRQ.c **** * Function Name: TIRQ_Disable
 338:.\Generated_Source\PSoC5/TIRQ.c **** ********************************************************************************
 339:.\Generated_Source\PSoC5/TIRQ.c **** *
 340:.\Generated_Source\PSoC5/TIRQ.c **** * Summary:
 341:.\Generated_Source\PSoC5/TIRQ.c **** *   Disables the Interrupt in the interrupt controller.
 342:.\Generated_Source\PSoC5/TIRQ.c **** *
 343:.\Generated_Source\PSoC5/TIRQ.c **** * Parameters:
 344:.\Generated_Source\PSoC5/TIRQ.c **** *   None
 345:.\Generated_Source\PSoC5/TIRQ.c **** *
 346:.\Generated_Source\PSoC5/TIRQ.c **** * Return:
 347:.\Generated_Source\PSoC5/TIRQ.c **** *   None
 348:.\Generated_Source\PSoC5/TIRQ.c **** *
 349:.\Generated_Source\PSoC5/TIRQ.c **** *******************************************************************************/
 350:.\Generated_Source\PSoC5/TIRQ.c **** void TIRQ_Disable(void)
 351:.\Generated_Source\PSoC5/TIRQ.c **** {
 352:.\Generated_Source\PSoC5/TIRQ.c ****     /* Disable the general interrupt. */
 353:.\Generated_Source\PSoC5/TIRQ.c ****     *TIRQ_INTC_CLR_EN = TIRQ__INTC_MASK;
  65              		.loc 1 353 0
  66 0000 084A     		ldr	r2, .L5
  67 0002 4FF40033 		mov	r3, #131072
  68 0006 1360     		str	r3, [r2]
  69              	.LVL1:
  70              	.LBE23:
  71              	.LBE22:
  72              	.LBB24:
  73              	.LBB25:
 205:.\Generated_Source\PSoC5/TIRQ.c **** 
  74              		.loc 1 205 0
  75 0008 02F68832 		addw	r2, r2, #2952
  76 000c 1268     		ldr	r2, [r2]
  77              	.LVL2:
 207:.\Generated_Source\PSoC5/TIRQ.c **** }
  78              		.loc 1 207 0
  79 000e 0649     		ldr	r1, .L5+4
  80 0010 C2F88410 		str	r1, [r2, #132]
  81              	.LVL3:
  82              	.LBE25:
  83              	.LBE24:
  84              	.LBB26:
  85              	.LBB27:
 261:.\Generated_Source\PSoC5/TIRQ.c **** }
  86              		.loc 1 261 0
  87 0014 054A     		ldr	r2, .L5+8
  88              	.LVL4:
  89 0016 C021     		movs	r1, #192
  90 0018 1170     		strb	r1, [r2]
  91              	.LBE27:
  92              	.LBE26:
  93              	.LBB28:
  94              	.LBB29:
 311:.\Generated_Source\PSoC5/TIRQ.c **** }
  95              		.loc 1 311 0
  96 001a 6FF44471 		mvn	r1, #784
  97 001e 0A44     		add	r2, r2, r1
  98 0020 1360     		str	r3, [r2]
ARM GAS  C:\Users\Thomas\AppData\Local\Temp\ccjsRLUi.s 			page 9


  99 0022 7047     		bx	lr
 100              	.L6:
 101              		.align	2
 102              	.L5:
 103 0024 80E100E0 		.word	-536813184
 104 0028 00000000 		.word	TIRQ_Interrupt
 105 002c 11E400E0 		.word	-536812527
 106              	.LBE29:
 107              	.LBE28:
 108              		.cfi_endproc
 109              	.LFE63:
 110              		.size	TIRQ_Start, .-TIRQ_Start
 111              		.section	.text.TIRQ_StartEx,"ax",%progbits
 112              		.align	1
 113              		.global	TIRQ_StartEx
 114              		.thumb
 115              		.thumb_func
 116              		.type	TIRQ_StartEx, %function
 117              	TIRQ_StartEx:
 118              	.LFB64:
 105:.\Generated_Source\PSoC5/TIRQ.c ****     /* For all we know the interrupt is active. */
 119              		.loc 1 105 0
 120              		.cfi_startproc
 121              		@ args = 0, pretend = 0, frame = 0
 122              		@ frame_needed = 0, uses_anonymous_args = 0
 123              		@ link register save eliminated.
 124              	.LVL5:
 125              	.LBB30:
 126              	.LBB31:
 127              		.loc 1 353 0
 128 0000 084A     		ldr	r2, .L8
 129 0002 4FF40033 		mov	r3, #131072
 130 0006 1360     		str	r3, [r2]
 131              	.LVL6:
 132              	.LBE31:
 133              	.LBE30:
 134              	.LBB32:
 135              	.LBB33:
 205:.\Generated_Source\PSoC5/TIRQ.c **** 
 136              		.loc 1 205 0
 137 0008 02F68832 		addw	r2, r2, #2952
 138 000c 1268     		ldr	r2, [r2]
 139              	.LVL7:
 140              	.LBE33:
 141              	.LBE32:
 142              	.LBB35:
 143              	.LBB36:
 261:.\Generated_Source\PSoC5/TIRQ.c **** }
 144              		.loc 1 261 0
 145 000e C021     		movs	r1, #192
 146              	.LBE36:
 147              	.LBE35:
 148              	.LBB38:
 149              	.LBB34:
 207:.\Generated_Source\PSoC5/TIRQ.c **** }
 150              		.loc 1 207 0
 151 0010 C2F88400 		str	r0, [r2, #132]
ARM GAS  C:\Users\Thomas\AppData\Local\Temp\ccjsRLUi.s 			page 10


 152              	.LVL8:
 153              	.LBE34:
 154              	.LBE38:
 155              	.LBB39:
 156              	.LBB37:
 261:.\Generated_Source\PSoC5/TIRQ.c **** }
 157              		.loc 1 261 0
 158 0014 044A     		ldr	r2, .L8+4
 159              	.LVL9:
 160 0016 1170     		strb	r1, [r2]
 161              	.LBE37:
 162              	.LBE39:
 163              	.LBB40:
 164              	.LBB41:
 311:.\Generated_Source\PSoC5/TIRQ.c **** }
 165              		.loc 1 311 0
 166 0018 6FF44471 		mvn	r1, #784
 167 001c 0A44     		add	r2, r2, r1
 168 001e 1360     		str	r3, [r2]
 169 0020 7047     		bx	lr
 170              	.L9:
 171 0022 00BF     		.align	2
 172              	.L8:
 173 0024 80E100E0 		.word	-536813184
 174 0028 11E400E0 		.word	-536812527
 175              	.LBE41:
 176              	.LBE40:
 177              		.cfi_endproc
 178              	.LFE64:
 179              		.size	TIRQ_StartEx, .-TIRQ_StartEx
 180              		.section	.text.TIRQ_Stop,"ax",%progbits
 181              		.align	1
 182              		.global	TIRQ_Stop
 183              		.thumb
 184              		.thumb_func
 185              		.type	TIRQ_Stop, %function
 186              	TIRQ_Stop:
 187              	.LFB65:
 135:.\Generated_Source\PSoC5/TIRQ.c ****     /* Disable this interrupt. */
 188              		.loc 1 135 0
 189              		.cfi_startproc
 190              		@ args = 0, pretend = 0, frame = 0
 191              		@ frame_needed = 0, uses_anonymous_args = 0
 192              		@ link register save eliminated.
 193              	.LBB42:
 194              	.LBB43:
 195              		.loc 1 353 0
 196 0000 054B     		ldr	r3, .L11
 197 0002 4FF40032 		mov	r2, #131072
 198 0006 1A60     		str	r2, [r3]
 199              	.LVL10:
 200              	.LBE43:
 201              	.LBE42:
 202              	.LBB44:
 203              	.LBB45:
 205:.\Generated_Source\PSoC5/TIRQ.c **** 
 204              		.loc 1 205 0
ARM GAS  C:\Users\Thomas\AppData\Local\Temp\ccjsRLUi.s 			page 11


 205 0008 03F68833 		addw	r3, r3, #2952
 206 000c 1B68     		ldr	r3, [r3]
 207              	.LVL11:
 207:.\Generated_Source\PSoC5/TIRQ.c **** }
 208              		.loc 1 207 0
 209 000e 034A     		ldr	r2, .L11+4
 210 0010 C3F88420 		str	r2, [r3, #132]
 211 0014 7047     		bx	lr
 212              	.L12:
 213 0016 00BF     		.align	2
 214              	.L11:
 215 0018 80E100E0 		.word	-536813184
 216 001c 00000000 		.word	IntDefaultHandler
 217              	.LBE45:
 218              	.LBE44:
 219              		.cfi_endproc
 220              	.LFE65:
 221              		.size	TIRQ_Stop, .-TIRQ_Stop
 222              		.section	.text.TIRQ_SetVector,"ax",%progbits
 223              		.align	1
 224              		.global	TIRQ_SetVector
 225              		.thumb
 226              		.thumb_func
 227              		.type	TIRQ_SetVector, %function
 228              	TIRQ_SetVector:
 229              	.LFB67:
 202:.\Generated_Source\PSoC5/TIRQ.c ****     cyisraddress * ramVectorTable;
 230              		.loc 1 202 0
 231              		.cfi_startproc
 232              		@ args = 0, pretend = 0, frame = 0
 233              		@ frame_needed = 0, uses_anonymous_args = 0
 234              		@ link register save eliminated.
 235              	.LVL12:
 205:.\Generated_Source\PSoC5/TIRQ.c **** 
 236              		.loc 1 205 0
 237 0000 024B     		ldr	r3, .L14
 238 0002 1B68     		ldr	r3, [r3]
 239              	.LVL13:
 207:.\Generated_Source\PSoC5/TIRQ.c **** }
 240              		.loc 1 207 0
 241 0004 C3F88400 		str	r0, [r3, #132]
 242 0008 7047     		bx	lr
 243              	.L15:
 244 000a 00BF     		.align	2
 245              	.L14:
 246 000c 08ED00E0 		.word	-536810232
 247              		.cfi_endproc
 248              	.LFE67:
 249              		.size	TIRQ_SetVector, .-TIRQ_SetVector
 250              		.section	.text.TIRQ_GetVector,"ax",%progbits
 251              		.align	1
 252              		.global	TIRQ_GetVector
 253              		.thumb
 254              		.thumb_func
 255              		.type	TIRQ_GetVector, %function
 256              	TIRQ_GetVector:
 257              	.LFB68:
ARM GAS  C:\Users\Thomas\AppData\Local\Temp\ccjsRLUi.s 			page 12


 226:.\Generated_Source\PSoC5/TIRQ.c ****     cyisraddress * ramVectorTable;
 258              		.loc 1 226 0
 259              		.cfi_startproc
 260              		@ args = 0, pretend = 0, frame = 0
 261              		@ frame_needed = 0, uses_anonymous_args = 0
 262              		@ link register save eliminated.
 263              	.LVL14:
 229:.\Generated_Source\PSoC5/TIRQ.c **** 
 264              		.loc 1 229 0
 265 0000 024B     		ldr	r3, .L17
 266              	.LVL15:
 231:.\Generated_Source\PSoC5/TIRQ.c **** }
 267              		.loc 1 231 0
 268 0002 1B68     		ldr	r3, [r3]
 269              	.LVL16:
 232:.\Generated_Source\PSoC5/TIRQ.c **** 
 270              		.loc 1 232 0
 271 0004 D3F88400 		ldr	r0, [r3, #132]
 272 0008 7047     		bx	lr
 273              	.L18:
 274 000a 00BF     		.align	2
 275              	.L17:
 276 000c 08ED00E0 		.word	-536810232
 277              		.cfi_endproc
 278              	.LFE68:
 279              		.size	TIRQ_GetVector, .-TIRQ_GetVector
 280              		.section	.text.TIRQ_SetPriority,"ax",%progbits
 281              		.align	1
 282              		.global	TIRQ_SetPriority
 283              		.thumb
 284              		.thumb_func
 285              		.type	TIRQ_SetPriority, %function
 286              	TIRQ_SetPriority:
 287              	.LFB69:
 260:.\Generated_Source\PSoC5/TIRQ.c ****     *TIRQ_INTC_PRIOR = priority << 5;
 288              		.loc 1 260 0
 289              		.cfi_startproc
 290              		@ args = 0, pretend = 0, frame = 0
 291              		@ frame_needed = 0, uses_anonymous_args = 0
 292              		@ link register save eliminated.
 293              	.LVL17:
 261:.\Generated_Source\PSoC5/TIRQ.c **** }
 294              		.loc 1 261 0
 295 0000 4001     		lsls	r0, r0, #5
 296              	.LVL18:
 297 0002 024B     		ldr	r3, .L20
 298 0004 C0B2     		uxtb	r0, r0
 299 0006 1870     		strb	r0, [r3]
 300 0008 7047     		bx	lr
 301              	.L21:
 302 000a 00BF     		.align	2
 303              	.L20:
 304 000c 11E400E0 		.word	-536812527
 305              		.cfi_endproc
 306              	.LFE69:
 307              		.size	TIRQ_SetPriority, .-TIRQ_SetPriority
 308              		.section	.text.TIRQ_GetPriority,"ax",%progbits
ARM GAS  C:\Users\Thomas\AppData\Local\Temp\ccjsRLUi.s 			page 13


 309              		.align	1
 310              		.global	TIRQ_GetPriority
 311              		.thumb
 312              		.thumb_func
 313              		.type	TIRQ_GetPriority, %function
 314              	TIRQ_GetPriority:
 315              	.LFB70:
 282:.\Generated_Source\PSoC5/TIRQ.c ****     uint8 priority;
 316              		.loc 1 282 0
 317              		.cfi_startproc
 318              		@ args = 0, pretend = 0, frame = 0
 319              		@ frame_needed = 0, uses_anonymous_args = 0
 320              		@ link register save eliminated.
 286:.\Generated_Source\PSoC5/TIRQ.c **** 
 321              		.loc 1 286 0
 322 0000 014B     		ldr	r3, .L23
 323 0002 1878     		ldrb	r0, [r3]	@ zero_extendqisi2
 324              	.LVL19:
 289:.\Generated_Source\PSoC5/TIRQ.c **** 
 325              		.loc 1 289 0
 326 0004 4009     		lsrs	r0, r0, #5
 327              	.LVL20:
 328 0006 7047     		bx	lr
 329              	.L24:
 330              		.align	2
 331              	.L23:
 332 0008 11E400E0 		.word	-536812527
 333              		.cfi_endproc
 334              	.LFE70:
 335              		.size	TIRQ_GetPriority, .-TIRQ_GetPriority
 336              		.section	.text.TIRQ_Enable,"ax",%progbits
 337              		.align	1
 338              		.global	TIRQ_Enable
 339              		.thumb
 340              		.thumb_func
 341              		.type	TIRQ_Enable, %function
 342              	TIRQ_Enable:
 343              	.LFB71:
 309:.\Generated_Source\PSoC5/TIRQ.c ****     /* Enable the general interrupt. */
 344              		.loc 1 309 0
 345              		.cfi_startproc
 346              		@ args = 0, pretend = 0, frame = 0
 347              		@ frame_needed = 0, uses_anonymous_args = 0
 348              		@ link register save eliminated.
 311:.\Generated_Source\PSoC5/TIRQ.c **** }
 349              		.loc 1 311 0
 350 0000 024B     		ldr	r3, .L26
 351 0002 4FF40032 		mov	r2, #131072
 352 0006 1A60     		str	r2, [r3]
 353 0008 7047     		bx	lr
 354              	.L27:
 355 000a 00BF     		.align	2
 356              	.L26:
 357 000c 00E100E0 		.word	-536813312
 358              		.cfi_endproc
 359              	.LFE71:
 360              		.size	TIRQ_Enable, .-TIRQ_Enable
ARM GAS  C:\Users\Thomas\AppData\Local\Temp\ccjsRLUi.s 			page 14


 361              		.section	.text.TIRQ_GetState,"ax",%progbits
 362              		.align	1
 363              		.global	TIRQ_GetState
 364              		.thumb
 365              		.thumb_func
 366              		.type	TIRQ_GetState, %function
 367              	TIRQ_GetState:
 368              	.LFB72:
 330:.\Generated_Source\PSoC5/TIRQ.c ****     /* Get the state of the general interrupt. */
 369              		.loc 1 330 0
 370              		.cfi_startproc
 371              		@ args = 0, pretend = 0, frame = 0
 372              		@ frame_needed = 0, uses_anonymous_args = 0
 373              		@ link register save eliminated.
 332:.\Generated_Source\PSoC5/TIRQ.c **** }
 374              		.loc 1 332 0
 375 0000 024B     		ldr	r3, .L29
 376 0002 1868     		ldr	r0, [r3]
 333:.\Generated_Source\PSoC5/TIRQ.c **** 
 377              		.loc 1 333 0
 378 0004 C0F34040 		ubfx	r0, r0, #17, #1
 379 0008 7047     		bx	lr
 380              	.L30:
 381 000a 00BF     		.align	2
 382              	.L29:
 383 000c 00E100E0 		.word	-536813312
 384              		.cfi_endproc
 385              	.LFE72:
 386              		.size	TIRQ_GetState, .-TIRQ_GetState
 387              		.section	.text.TIRQ_Disable,"ax",%progbits
 388              		.align	1
 389              		.global	TIRQ_Disable
 390              		.thumb
 391              		.thumb_func
 392              		.type	TIRQ_Disable, %function
 393              	TIRQ_Disable:
 394              	.LFB73:
 351:.\Generated_Source\PSoC5/TIRQ.c ****     /* Disable the general interrupt. */
 395              		.loc 1 351 0
 396              		.cfi_startproc
 397              		@ args = 0, pretend = 0, frame = 0
 398              		@ frame_needed = 0, uses_anonymous_args = 0
 399              		@ link register save eliminated.
 400              		.loc 1 353 0
 401 0000 024B     		ldr	r3, .L32
 402 0002 4FF40032 		mov	r2, #131072
 403 0006 1A60     		str	r2, [r3]
 404 0008 7047     		bx	lr
 405              	.L33:
 406 000a 00BF     		.align	2
 407              	.L32:
 408 000c 80E100E0 		.word	-536813184
 409              		.cfi_endproc
 410              	.LFE73:
 411              		.size	TIRQ_Disable, .-TIRQ_Disable
 412              		.section	.text.TIRQ_SetPending,"ax",%progbits
 413              		.align	1
ARM GAS  C:\Users\Thomas\AppData\Local\Temp\ccjsRLUi.s 			page 15


 414              		.global	TIRQ_SetPending
 415              		.thumb
 416              		.thumb_func
 417              		.type	TIRQ_SetPending, %function
 418              	TIRQ_SetPending:
 419              	.LFB74:
 354:.\Generated_Source\PSoC5/TIRQ.c **** }
 355:.\Generated_Source\PSoC5/TIRQ.c **** 
 356:.\Generated_Source\PSoC5/TIRQ.c **** 
 357:.\Generated_Source\PSoC5/TIRQ.c **** /*******************************************************************************
 358:.\Generated_Source\PSoC5/TIRQ.c **** * Function Name: TIRQ_SetPending
 359:.\Generated_Source\PSoC5/TIRQ.c **** ********************************************************************************
 360:.\Generated_Source\PSoC5/TIRQ.c **** *
 361:.\Generated_Source\PSoC5/TIRQ.c **** * Summary:
 362:.\Generated_Source\PSoC5/TIRQ.c **** *   Causes the Interrupt to enter the pending state, a software method of
 363:.\Generated_Source\PSoC5/TIRQ.c **** *   generating the interrupt.
 364:.\Generated_Source\PSoC5/TIRQ.c **** *
 365:.\Generated_Source\PSoC5/TIRQ.c **** * Parameters:
 366:.\Generated_Source\PSoC5/TIRQ.c **** *   None
 367:.\Generated_Source\PSoC5/TIRQ.c **** *
 368:.\Generated_Source\PSoC5/TIRQ.c **** * Return:
 369:.\Generated_Source\PSoC5/TIRQ.c **** *   None
 370:.\Generated_Source\PSoC5/TIRQ.c **** *
 371:.\Generated_Source\PSoC5/TIRQ.c **** * Side Effects:
 372:.\Generated_Source\PSoC5/TIRQ.c **** *   If interrupts are enabled and the interrupt is set up properly, the ISR is
 373:.\Generated_Source\PSoC5/TIRQ.c **** *   entered (depending on the priority of this interrupt and other pending 
 374:.\Generated_Source\PSoC5/TIRQ.c **** *   interrupts).
 375:.\Generated_Source\PSoC5/TIRQ.c **** *
 376:.\Generated_Source\PSoC5/TIRQ.c **** *******************************************************************************/
 377:.\Generated_Source\PSoC5/TIRQ.c **** void TIRQ_SetPending(void)
 378:.\Generated_Source\PSoC5/TIRQ.c **** {
 420              		.loc 1 378 0
 421              		.cfi_startproc
 422              		@ args = 0, pretend = 0, frame = 0
 423              		@ frame_needed = 0, uses_anonymous_args = 0
 424              		@ link register save eliminated.
 379:.\Generated_Source\PSoC5/TIRQ.c ****     *TIRQ_INTC_SET_PD = TIRQ__INTC_MASK;
 425              		.loc 1 379 0
 426 0000 024B     		ldr	r3, .L35
 427 0002 4FF40032 		mov	r2, #131072
 428 0006 1A60     		str	r2, [r3]
 429 0008 7047     		bx	lr
 430              	.L36:
 431 000a 00BF     		.align	2
 432              	.L35:
 433 000c 00E200E0 		.word	-536813056
 434              		.cfi_endproc
 435              	.LFE74:
 436              		.size	TIRQ_SetPending, .-TIRQ_SetPending
 437              		.section	.text.TIRQ_ClearPending,"ax",%progbits
 438              		.align	1
 439              		.global	TIRQ_ClearPending
 440              		.thumb
 441              		.thumb_func
 442              		.type	TIRQ_ClearPending, %function
 443              	TIRQ_ClearPending:
 444              	.LFB75:
ARM GAS  C:\Users\Thomas\AppData\Local\Temp\ccjsRLUi.s 			page 16


 380:.\Generated_Source\PSoC5/TIRQ.c **** }
 381:.\Generated_Source\PSoC5/TIRQ.c **** 
 382:.\Generated_Source\PSoC5/TIRQ.c **** 
 383:.\Generated_Source\PSoC5/TIRQ.c **** /*******************************************************************************
 384:.\Generated_Source\PSoC5/TIRQ.c **** * Function Name: TIRQ_ClearPending
 385:.\Generated_Source\PSoC5/TIRQ.c **** ********************************************************************************
 386:.\Generated_Source\PSoC5/TIRQ.c **** *
 387:.\Generated_Source\PSoC5/TIRQ.c **** * Summary:
 388:.\Generated_Source\PSoC5/TIRQ.c **** *   Clears a pending interrupt in the interrupt controller.
 389:.\Generated_Source\PSoC5/TIRQ.c **** *
 390:.\Generated_Source\PSoC5/TIRQ.c **** *   Note Some interrupt sources are clear-on-read and require the block 
 391:.\Generated_Source\PSoC5/TIRQ.c **** *   interrupt/status register to be read/cleared with the appropriate block API 
 392:.\Generated_Source\PSoC5/TIRQ.c **** *   (GPIO, UART, and so on). Otherwise the ISR will continue to remain in 
 393:.\Generated_Source\PSoC5/TIRQ.c **** *   pending state even though the interrupt itself is cleared using this API.
 394:.\Generated_Source\PSoC5/TIRQ.c **** *
 395:.\Generated_Source\PSoC5/TIRQ.c **** * Parameters:
 396:.\Generated_Source\PSoC5/TIRQ.c **** *   None
 397:.\Generated_Source\PSoC5/TIRQ.c **** *
 398:.\Generated_Source\PSoC5/TIRQ.c **** * Return:
 399:.\Generated_Source\PSoC5/TIRQ.c **** *   None
 400:.\Generated_Source\PSoC5/TIRQ.c **** *
 401:.\Generated_Source\PSoC5/TIRQ.c **** *******************************************************************************/
 402:.\Generated_Source\PSoC5/TIRQ.c **** void TIRQ_ClearPending(void)
 403:.\Generated_Source\PSoC5/TIRQ.c **** {
 445              		.loc 1 403 0
 446              		.cfi_startproc
 447              		@ args = 0, pretend = 0, frame = 0
 448              		@ frame_needed = 0, uses_anonymous_args = 0
 449              		@ link register save eliminated.
 404:.\Generated_Source\PSoC5/TIRQ.c ****     *TIRQ_INTC_CLR_PD = TIRQ__INTC_MASK;
 450              		.loc 1 404 0
 451 0000 024B     		ldr	r3, .L38
 452 0002 4FF40032 		mov	r2, #131072
 453 0006 1A60     		str	r2, [r3]
 454 0008 7047     		bx	lr
 455              	.L39:
 456 000a 00BF     		.align	2
 457              	.L38:
 458 000c 80E200E0 		.word	-536812928
 459              		.cfi_endproc
 460              	.LFE75:
 461              		.size	TIRQ_ClearPending, .-TIRQ_ClearPending
 462              		.comm	ready,4,4
 463              		.comm	input,4096,2
 464              		.comm	data,2,2
 465              		.comm	buf_ptr,1,1
 466              		.comm	input_ptr,1,1
 467              		.comm	playing,4,4
 468              		.comm	sent,4,4
 469              		.text
 470              	.Letext0:
 471              		.file 2 "c:\\program files (x86)\\cypress\\psoc creator\\3.3\\psoc creator\\import\\gnu\\arm\\4.9.
 472              		.file 3 "c:\\program files (x86)\\cypress\\psoc creator\\3.3\\psoc creator\\import\\gnu\\arm\\4.9.
 473              		.file 4 "Generated_Source\\PSoC5/cytypes.h"
 474              		.file 5 "Generated_Source\\PSoC5/core_cm3.h"
 475              		.file 6 "./main.h"
 476              		.file 7 "Generated_Source\\PSoC5/TIMER.h"
ARM GAS  C:\Users\Thomas\AppData\Local\Temp\ccjsRLUi.s 			page 17


 477              		.section	.debug_info,"",%progbits
 478              	.Ldebug_info0:
 479 0000 57040000 		.4byte	0x457
 480 0004 0400     		.2byte	0x4
 481 0006 00000000 		.4byte	.Ldebug_abbrev0
 482 000a 04       		.byte	0x4
 483 000b 01       		.uleb128 0x1
 484 000c 7E000000 		.4byte	.LASF45
 485 0010 01       		.byte	0x1
 486 0011 C8020000 		.4byte	.LASF46
 487 0015 73010000 		.4byte	.LASF47
 488 0019 30000000 		.4byte	.Ldebug_ranges0+0x30
 489 001d 00000000 		.4byte	0
 490 0021 00000000 		.4byte	.Ldebug_line0
 491 0025 02       		.uleb128 0x2
 492 0026 04       		.byte	0x4
 493 0027 05       		.byte	0x5
 494 0028 696E7400 		.ascii	"int\000"
 495 002c 03       		.uleb128 0x3
 496 002d 04       		.byte	0x4
 497 002e 07       		.byte	0x7
 498 002f C5010000 		.4byte	.LASF0
 499 0033 03       		.uleb128 0x3
 500 0034 01       		.byte	0x1
 501 0035 06       		.byte	0x6
 502 0036 BC020000 		.4byte	.LASF1
 503 003a 03       		.uleb128 0x3
 504 003b 01       		.byte	0x1
 505 003c 08       		.byte	0x8
 506 003d 0C010000 		.4byte	.LASF2
 507 0041 03       		.uleb128 0x3
 508 0042 02       		.byte	0x2
 509 0043 05       		.byte	0x5
 510 0044 45020000 		.4byte	.LASF3
 511 0048 03       		.uleb128 0x3
 512 0049 02       		.byte	0x2
 513 004a 07       		.byte	0x7
 514 004b 48000000 		.4byte	.LASF4
 515 004f 04       		.uleb128 0x4
 516 0050 11000000 		.4byte	.LASF11
 517 0054 02       		.byte	0x2
 518 0055 3F       		.byte	0x3f
 519 0056 5A000000 		.4byte	0x5a
 520 005a 03       		.uleb128 0x3
 521 005b 04       		.byte	0x4
 522 005c 05       		.byte	0x5
 523 005d A9020000 		.4byte	.LASF5
 524 0061 03       		.uleb128 0x3
 525 0062 04       		.byte	0x4
 526 0063 07       		.byte	0x7
 527 0064 61010000 		.4byte	.LASF6
 528 0068 03       		.uleb128 0x3
 529 0069 08       		.byte	0x8
 530 006a 05       		.byte	0x5
 531 006b 22020000 		.4byte	.LASF7
 532 006f 03       		.uleb128 0x3
 533 0070 08       		.byte	0x8
ARM GAS  C:\Users\Thomas\AppData\Local\Temp\ccjsRLUi.s 			page 18


 534 0071 07       		.byte	0x7
 535 0072 DA010000 		.4byte	.LASF8
 536 0076 03       		.uleb128 0x3
 537 0077 04       		.byte	0x4
 538 0078 07       		.byte	0x7
 539 0079 14020000 		.4byte	.LASF9
 540 007d 05       		.uleb128 0x5
 541 007e 04       		.byte	0x4
 542 007f 83000000 		.4byte	0x83
 543 0083 06       		.uleb128 0x6
 544 0084 03       		.uleb128 0x3
 545 0085 01       		.byte	0x1
 546 0086 08       		.byte	0x8
 547 0087 38020000 		.4byte	.LASF10
 548 008b 04       		.uleb128 0x4
 549 008c 0C020000 		.4byte	.LASF12
 550 0090 03       		.byte	0x3
 551 0091 2C       		.byte	0x2c
 552 0092 4F000000 		.4byte	0x4f
 553 0096 07       		.uleb128 0x7
 554 0097 78000000 		.4byte	.LASF13
 555 009b 04       		.byte	0x4
 556 009c 3801     		.2byte	0x138
 557 009e 3A000000 		.4byte	0x3a
 558 00a2 07       		.uleb128 0x7
 559 00a3 B7010000 		.4byte	.LASF14
 560 00a7 04       		.byte	0x4
 561 00a8 3901     		.2byte	0x139
 562 00aa 48000000 		.4byte	0x48
 563 00ae 07       		.uleb128 0x7
 564 00af BE010000 		.4byte	.LASF15
 565 00b3 04       		.byte	0x4
 566 00b4 3A01     		.2byte	0x13a
 567 00b6 61000000 		.4byte	0x61
 568 00ba 03       		.uleb128 0x3
 569 00bb 04       		.byte	0x4
 570 00bc 04       		.byte	0x4
 571 00bd 6D000000 		.4byte	.LASF16
 572 00c1 03       		.uleb128 0x3
 573 00c2 08       		.byte	0x8
 574 00c3 04       		.byte	0x4
 575 00c4 66000000 		.4byte	.LASF17
 576 00c8 07       		.uleb128 0x7
 577 00c9 2D010000 		.4byte	.LASF18
 578 00cd 04       		.byte	0x4
 579 00ce E201     		.2byte	0x1e2
 580 00d0 D4000000 		.4byte	0xd4
 581 00d4 08       		.uleb128 0x8
 582 00d5 96000000 		.4byte	0x96
 583 00d9 08       		.uleb128 0x8
 584 00da A2000000 		.4byte	0xa2
 585 00de 07       		.uleb128 0x7
 586 00df 00000000 		.4byte	.LASF19
 587 00e3 04       		.byte	0x4
 588 00e4 E401     		.2byte	0x1e4
 589 00e6 EA000000 		.4byte	0xea
 590 00ea 08       		.uleb128 0x8
ARM GAS  C:\Users\Thomas\AppData\Local\Temp\ccjsRLUi.s 			page 19


 591 00eb AE000000 		.4byte	0xae
 592 00ef 07       		.uleb128 0x7
 593 00f0 F1010000 		.4byte	.LASF20
 594 00f4 04       		.byte	0x4
 595 00f5 F401     		.2byte	0x1f4
 596 00f7 7D000000 		.4byte	0x7d
 597 00fb 09       		.uleb128 0x9
 598 00fc 38010000 		.4byte	.LASF25
 599 0100 01       		.byte	0x1
 600 0101 5E01     		.2byte	0x15e
 601 0103 01       		.byte	0x1
 602 0104 0A       		.uleb128 0xa
 603 0105 45010000 		.4byte	.LASF21
 604 0109 01       		.byte	0x1
 605 010a C9       		.byte	0xc9
 606 010b 01       		.byte	0x1
 607 010c 27010000 		.4byte	0x127
 608 0110 0B       		.uleb128 0xb
 609 0111 D2010000 		.4byte	.LASF23
 610 0115 01       		.byte	0x1
 611 0116 C9       		.byte	0xc9
 612 0117 EF000000 		.4byte	0xef
 613 011b 0C       		.uleb128 0xc
 614 011c 68020000 		.4byte	.LASF33
 615 0120 01       		.byte	0x1
 616 0121 CB       		.byte	0xcb
 617 0122 27010000 		.4byte	0x127
 618 0126 00       		.byte	0
 619 0127 05       		.uleb128 0x5
 620 0128 04       		.byte	0x4
 621 0129 EF000000 		.4byte	0xef
 622 012d 0D       		.uleb128 0xd
 623 012e 37000000 		.4byte	.LASF22
 624 0132 01       		.byte	0x1
 625 0133 0301     		.2byte	0x103
 626 0135 01       		.byte	0x1
 627 0136 47010000 		.4byte	0x147
 628 013a 0E       		.uleb128 0xe
 629 013b AE010000 		.4byte	.LASF24
 630 013f 01       		.byte	0x1
 631 0140 0301     		.2byte	0x103
 632 0142 96000000 		.4byte	0x96
 633 0146 00       		.byte	0
 634 0147 09       		.uleb128 0x9
 635 0148 2B000000 		.4byte	.LASF26
 636 014c 01       		.byte	0x1
 637 014d 3401     		.2byte	0x134
 638 014f 01       		.byte	0x1
 639 0150 0F       		.uleb128 0xf
 640 0151 89020000 		.4byte	.LASF27
 641 0155 01       		.byte	0x1
 642 0156 A0       		.byte	0xa0
 643 0157 00000000 		.4byte	.LFB66
 644 015b 14000000 		.4byte	.LFE66-.LFB66
 645 015f 01       		.uleb128 0x1
 646 0160 9C       		.byte	0x9c
 647 0161 6F010000 		.4byte	0x16f
ARM GAS  C:\Users\Thomas\AppData\Local\Temp\ccjsRLUi.s 			page 20


 648 0165 10       		.uleb128 0x10
 649 0166 06000000 		.4byte	.LVL0
 650 016a 53040000 		.4byte	0x453
 651 016e 00       		.byte	0
 652 016f 0F       		.uleb128 0xf
 653 0170 5B000000 		.4byte	.LASF28
 654 0174 01       		.byte	0x1
 655 0175 3D       		.byte	0x3d
 656 0176 00000000 		.4byte	.LFB63
 657 017a 30000000 		.4byte	.LFE63-.LFB63
 658 017e 01       		.uleb128 0x1
 659 017f 9C       		.byte	0x9c
 660 0180 F0010000 		.4byte	0x1f0
 661 0184 11       		.uleb128 0x11
 662 0185 FB000000 		.4byte	0xfb
 663 0189 00000000 		.4byte	.LBB22
 664 018d 08000000 		.4byte	.LBE22-.LBB22
 665 0191 01       		.byte	0x1
 666 0192 40       		.byte	0x40
 667 0193 12       		.uleb128 0x12
 668 0194 04010000 		.4byte	0x104
 669 0198 08000000 		.4byte	.LBB24
 670 019c 0C000000 		.4byte	.LBE24-.LBB24
 671 01a0 01       		.byte	0x1
 672 01a1 43       		.byte	0x43
 673 01a2 C6010000 		.4byte	0x1c6
 674 01a6 13       		.uleb128 0x13
 675 01a7 10010000 		.4byte	0x110
 676 01ab 06       		.uleb128 0x6
 677 01ac 03       		.byte	0x3
 678 01ad 00000000 		.4byte	TIRQ_Interrupt
 679 01b1 9F       		.byte	0x9f
 680 01b2 14       		.uleb128 0x14
 681 01b3 08000000 		.4byte	.LBB25
 682 01b7 0C000000 		.4byte	.LBE25-.LBB25
 683 01bb 15       		.uleb128 0x15
 684 01bc 1B010000 		.4byte	0x11b
 685 01c0 00000000 		.4byte	.LLST0
 686 01c4 00       		.byte	0
 687 01c5 00       		.byte	0
 688 01c6 12       		.uleb128 0x12
 689 01c7 2D010000 		.4byte	0x12d
 690 01cb 14000000 		.4byte	.LBB26
 691 01cf 06000000 		.4byte	.LBE26-.LBB26
 692 01d3 01       		.byte	0x1
 693 01d4 46       		.byte	0x46
 694 01d5 E0010000 		.4byte	0x1e0
 695 01d9 16       		.uleb128 0x16
 696 01da 3A010000 		.4byte	0x13a
 697 01de 06       		.byte	0x6
 698 01df 00       		.byte	0
 699 01e0 11       		.uleb128 0x11
 700 01e1 47010000 		.4byte	0x147
 701 01e5 1A000000 		.4byte	.LBB28
 702 01e9 16000000 		.4byte	.LBE28-.LBB28
 703 01ed 01       		.byte	0x1
 704 01ee 49       		.byte	0x49
ARM GAS  C:\Users\Thomas\AppData\Local\Temp\ccjsRLUi.s 			page 21


 705 01ef 00       		.byte	0
 706 01f0 0F       		.uleb128 0xf
 707 01f1 1A010000 		.4byte	.LASF29
 708 01f5 01       		.byte	0x1
 709 01f6 68       		.byte	0x68
 710 01f7 00000000 		.4byte	.LFB64
 711 01fb 2C000000 		.4byte	.LFE64-.LFB64
 712 01ff 01       		.uleb128 0x1
 713 0200 9C       		.byte	0x9c
 714 0201 75020000 		.4byte	0x275
 715 0205 17       		.uleb128 0x17
 716 0206 D2010000 		.4byte	.LASF23
 717 020a 01       		.byte	0x1
 718 020b 68       		.byte	0x68
 719 020c EF000000 		.4byte	0xef
 720 0210 01       		.uleb128 0x1
 721 0211 50       		.byte	0x50
 722 0212 11       		.uleb128 0x11
 723 0213 FB000000 		.4byte	0xfb
 724 0217 00000000 		.4byte	.LBB30
 725 021b 08000000 		.4byte	.LBE30-.LBB30
 726 021f 01       		.byte	0x1
 727 0220 6B       		.byte	0x6b
 728 0221 18       		.uleb128 0x18
 729 0222 04010000 		.4byte	0x104
 730 0226 08000000 		.4byte	.LBB32
 731 022a 00000000 		.4byte	.Ldebug_ranges0+0
 732 022e 01       		.byte	0x1
 733 022f 6E       		.byte	0x6e
 734 0230 4B020000 		.4byte	0x24b
 735 0234 13       		.uleb128 0x13
 736 0235 10010000 		.4byte	0x110
 737 0239 01       		.uleb128 0x1
 738 023a 50       		.byte	0x50
 739 023b 19       		.uleb128 0x19
 740 023c 00000000 		.4byte	.Ldebug_ranges0+0
 741 0240 15       		.uleb128 0x15
 742 0241 1B010000 		.4byte	0x11b
 743 0245 13000000 		.4byte	.LLST1
 744 0249 00       		.byte	0
 745 024a 00       		.byte	0
 746 024b 18       		.uleb128 0x18
 747 024c 2D010000 		.4byte	0x12d
 748 0250 0E000000 		.4byte	.LBB35
 749 0254 18000000 		.4byte	.Ldebug_ranges0+0x18
 750 0258 01       		.byte	0x1
 751 0259 71       		.byte	0x71
 752 025a 65020000 		.4byte	0x265
 753 025e 16       		.uleb128 0x16
 754 025f 3A010000 		.4byte	0x13a
 755 0263 06       		.byte	0x6
 756 0264 00       		.byte	0
 757 0265 11       		.uleb128 0x11
 758 0266 47010000 		.4byte	0x147
 759 026a 18000000 		.4byte	.LBB40
 760 026e 14000000 		.4byte	.LBE40-.LBB40
 761 0272 01       		.byte	0x1
ARM GAS  C:\Users\Thomas\AppData\Local\Temp\ccjsRLUi.s 			page 22


 762 0273 74       		.byte	0x74
 763 0274 00       		.byte	0
 764 0275 0F       		.uleb128 0xf
 765 0276 4F020000 		.4byte	.LASF30
 766 027a 01       		.byte	0x1
 767 027b 86       		.byte	0x86
 768 027c 00000000 		.4byte	.LFB65
 769 0280 20000000 		.4byte	.LFE65-.LFB65
 770 0284 01       		.uleb128 0x1
 771 0285 9C       		.byte	0x9c
 772 0286 C0020000 		.4byte	0x2c0
 773 028a 11       		.uleb128 0x11
 774 028b FB000000 		.4byte	0xfb
 775 028f 00000000 		.4byte	.LBB42
 776 0293 08000000 		.4byte	.LBE42-.LBB42
 777 0297 01       		.byte	0x1
 778 0298 89       		.byte	0x89
 779 0299 1A       		.uleb128 0x1a
 780 029a 04010000 		.4byte	0x104
 781 029e 08000000 		.4byte	.LBB44
 782 02a2 18000000 		.4byte	.LBE44-.LBB44
 783 02a6 01       		.byte	0x1
 784 02a7 8C       		.byte	0x8c
 785 02a8 1B       		.uleb128 0x1b
 786 02a9 10010000 		.4byte	0x110
 787 02ad 14       		.uleb128 0x14
 788 02ae 08000000 		.4byte	.LBB45
 789 02b2 18000000 		.4byte	.LBE45-.LBB45
 790 02b6 1C       		.uleb128 0x1c
 791 02b7 1B010000 		.4byte	0x11b
 792 02bb 01       		.uleb128 0x1
 793 02bc 53       		.byte	0x53
 794 02bd 00       		.byte	0
 795 02be 00       		.byte	0
 796 02bf 00       		.byte	0
 797 02c0 1D       		.uleb128 0x1d
 798 02c1 04010000 		.4byte	0x104
 799 02c5 00000000 		.4byte	.LFB67
 800 02c9 10000000 		.4byte	.LFE67-.LFB67
 801 02cd 01       		.uleb128 0x1
 802 02ce 9C       		.byte	0x9c
 803 02cf E2020000 		.4byte	0x2e2
 804 02d3 13       		.uleb128 0x13
 805 02d4 10010000 		.4byte	0x110
 806 02d8 01       		.uleb128 0x1
 807 02d9 50       		.byte	0x50
 808 02da 1C       		.uleb128 0x1c
 809 02db 1B010000 		.4byte	0x11b
 810 02df 01       		.uleb128 0x1
 811 02e0 53       		.byte	0x53
 812 02e1 00       		.byte	0
 813 02e2 1E       		.uleb128 0x1e
 814 02e3 59020000 		.4byte	.LASF31
 815 02e7 01       		.byte	0x1
 816 02e8 E1       		.byte	0xe1
 817 02e9 EF000000 		.4byte	0xef
 818 02ed 00000000 		.4byte	.LFB68
ARM GAS  C:\Users\Thomas\AppData\Local\Temp\ccjsRLUi.s 			page 23


 819 02f1 10000000 		.4byte	.LFE68-.LFB68
 820 02f5 01       		.uleb128 0x1
 821 02f6 9C       		.byte	0x9c
 822 02f7 0B030000 		.4byte	0x30b
 823 02fb 1F       		.uleb128 0x1f
 824 02fc 68020000 		.4byte	.LASF33
 825 0300 01       		.byte	0x1
 826 0301 E3       		.byte	0xe3
 827 0302 27010000 		.4byte	0x127
 828 0306 26000000 		.4byte	.LLST2
 829 030a 00       		.byte	0
 830 030b 1D       		.uleb128 0x1d
 831 030c 2D010000 		.4byte	0x12d
 832 0310 00000000 		.4byte	.LFB69
 833 0314 10000000 		.4byte	.LFE69-.LFB69
 834 0318 01       		.uleb128 0x1
 835 0319 9C       		.byte	0x9c
 836 031a 28030000 		.4byte	0x328
 837 031e 20       		.uleb128 0x20
 838 031f 3A010000 		.4byte	0x13a
 839 0323 55000000 		.4byte	.LLST3
 840 0327 00       		.byte	0
 841 0328 21       		.uleb128 0x21
 842 0329 98020000 		.4byte	.LASF32
 843 032d 01       		.byte	0x1
 844 032e 1901     		.2byte	0x119
 845 0330 96000000 		.4byte	0x96
 846 0334 00000000 		.4byte	.LFB70
 847 0338 0C000000 		.4byte	.LFE70-.LFB70
 848 033c 01       		.uleb128 0x1
 849 033d 9C       		.byte	0x9c
 850 033e 53030000 		.4byte	0x353
 851 0342 22       		.uleb128 0x22
 852 0343 AE010000 		.4byte	.LASF24
 853 0347 01       		.byte	0x1
 854 0348 1B01     		.2byte	0x11b
 855 034a 96000000 		.4byte	0x96
 856 034e 76000000 		.4byte	.LLST4
 857 0352 00       		.byte	0
 858 0353 23       		.uleb128 0x23
 859 0354 47010000 		.4byte	0x147
 860 0358 00000000 		.4byte	.LFB71
 861 035c 10000000 		.4byte	.LFE71-.LFB71
 862 0360 01       		.uleb128 0x1
 863 0361 9C       		.byte	0x9c
 864 0362 24       		.uleb128 0x24
 865 0363 FE010000 		.4byte	.LASF48
 866 0367 01       		.byte	0x1
 867 0368 4901     		.2byte	0x149
 868 036a 96000000 		.4byte	0x96
 869 036e 00000000 		.4byte	.LFB72
 870 0372 10000000 		.4byte	.LFE72-.LFB72
 871 0376 01       		.uleb128 0x1
 872 0377 9C       		.byte	0x9c
 873 0378 23       		.uleb128 0x23
 874 0379 FB000000 		.4byte	0xfb
 875 037d 00000000 		.4byte	.LFB73
ARM GAS  C:\Users\Thomas\AppData\Local\Temp\ccjsRLUi.s 			page 24


 876 0381 10000000 		.4byte	.LFE73-.LFB73
 877 0385 01       		.uleb128 0x1
 878 0386 9C       		.byte	0x9c
 879 0387 25       		.uleb128 0x25
 880 0388 1B000000 		.4byte	.LASF34
 881 038c 01       		.byte	0x1
 882 038d 7901     		.2byte	0x179
 883 038f 00000000 		.4byte	.LFB74
 884 0393 10000000 		.4byte	.LFE74-.LFB74
 885 0397 01       		.uleb128 0x1
 886 0398 9C       		.byte	0x9c
 887 0399 25       		.uleb128 0x25
 888 039a 77020000 		.4byte	.LASF35
 889 039e 01       		.byte	0x1
 890 039f 9201     		.2byte	0x192
 891 03a1 00000000 		.4byte	.LFB75
 892 03a5 10000000 		.4byte	.LFE75-.LFB75
 893 03a9 01       		.uleb128 0x1
 894 03aa 9C       		.byte	0x9c
 895 03ab 26       		.uleb128 0x26
 896 03ac 54010000 		.4byte	.LASF36
 897 03b0 05       		.byte	0x5
 898 03b1 5506     		.2byte	0x655
 899 03b3 B7030000 		.4byte	0x3b7
 900 03b7 08       		.uleb128 0x8
 901 03b8 8B000000 		.4byte	0x8b
 902 03bc 27       		.uleb128 0x27
 903 03bd 1D020000 		.4byte	.LASF37
 904 03c1 06       		.byte	0x6
 905 03c2 0E       		.byte	0xe
 906 03c3 CD030000 		.4byte	0x3cd
 907 03c7 05       		.uleb128 0x5
 908 03c8 03       		.byte	0x3
 909 03c9 00000000 		.4byte	sent
 910 03cd 08       		.uleb128 0x8
 911 03ce 25000000 		.4byte	0x25
 912 03d2 27       		.uleb128 0x27
 913 03d3 3D020000 		.4byte	.LASF38
 914 03d7 06       		.byte	0x6
 915 03d8 0F       		.byte	0xf
 916 03d9 CD030000 		.4byte	0x3cd
 917 03dd 05       		.uleb128 0x5
 918 03de 03       		.byte	0x3
 919 03df 00000000 		.4byte	playing
 920 03e3 27       		.uleb128 0x27
 921 03e4 B2020000 		.4byte	.LASF39
 922 03e8 06       		.byte	0x6
 923 03e9 10       		.byte	0x10
 924 03ea D4000000 		.4byte	0xd4
 925 03ee 05       		.uleb128 0x5
 926 03ef 03       		.byte	0x3
 927 03f0 00000000 		.4byte	input_ptr
 928 03f4 27       		.uleb128 0x27
 929 03f5 30020000 		.4byte	.LASF40
 930 03f9 06       		.byte	0x6
 931 03fa 11       		.byte	0x11
 932 03fb D4000000 		.4byte	0xd4
ARM GAS  C:\Users\Thomas\AppData\Local\Temp\ccjsRLUi.s 			page 25


 933 03ff 05       		.uleb128 0x5
 934 0400 03       		.byte	0x3
 935 0401 00000000 		.4byte	buf_ptr
 936 0405 27       		.uleb128 0x27
 937 0406 73000000 		.4byte	.LASF41
 938 040a 06       		.byte	0x6
 939 040b 12       		.byte	0x12
 940 040c D9000000 		.4byte	0xd9
 941 0410 05       		.uleb128 0x5
 942 0411 03       		.byte	0x3
 943 0412 00000000 		.4byte	data
 944 0416 28       		.uleb128 0x28
 945 0417 A2000000 		.4byte	0xa2
 946 041b 2C040000 		.4byte	0x42c
 947 041f 29       		.uleb128 0x29
 948 0420 76000000 		.4byte	0x76
 949 0424 07       		.byte	0x7
 950 0425 29       		.uleb128 0x29
 951 0426 76000000 		.4byte	0x76
 952 042a FF       		.byte	0xff
 953 042b 00       		.byte	0
 954 042c 27       		.uleb128 0x27
 955 042d 27010000 		.4byte	.LASF42
 956 0431 06       		.byte	0x6
 957 0432 13       		.byte	0x13
 958 0433 3D040000 		.4byte	0x43d
 959 0437 05       		.uleb128 0x5
 960 0438 03       		.byte	0x3
 961 0439 00000000 		.4byte	input
 962 043d 08       		.uleb128 0x8
 963 043e 16040000 		.4byte	0x416
 964 0442 27       		.uleb128 0x27
 965 0443 32010000 		.4byte	.LASF43
 966 0447 06       		.byte	0x6
 967 0448 14       		.byte	0x14
 968 0449 CD030000 		.4byte	0x3cd
 969 044d 05       		.uleb128 0x5
 970 044e 03       		.byte	0x3
 971 044f 00000000 		.4byte	ready
 972 0453 2A       		.uleb128 0x2a
 973 0454 06000000 		.4byte	.LASF44
 974 0458 07       		.byte	0x7
 975 0459 5B       		.byte	0x5b
 976 045a 00       		.byte	0
 977              		.section	.debug_abbrev,"",%progbits
 978              	.Ldebug_abbrev0:
 979 0000 01       		.uleb128 0x1
 980 0001 11       		.uleb128 0x11
 981 0002 01       		.byte	0x1
 982 0003 25       		.uleb128 0x25
 983 0004 0E       		.uleb128 0xe
 984 0005 13       		.uleb128 0x13
 985 0006 0B       		.uleb128 0xb
 986 0007 03       		.uleb128 0x3
 987 0008 0E       		.uleb128 0xe
 988 0009 1B       		.uleb128 0x1b
 989 000a 0E       		.uleb128 0xe
ARM GAS  C:\Users\Thomas\AppData\Local\Temp\ccjsRLUi.s 			page 26


 990 000b 55       		.uleb128 0x55
 991 000c 17       		.uleb128 0x17
 992 000d 11       		.uleb128 0x11
 993 000e 01       		.uleb128 0x1
 994 000f 10       		.uleb128 0x10
 995 0010 17       		.uleb128 0x17
 996 0011 00       		.byte	0
 997 0012 00       		.byte	0
 998 0013 02       		.uleb128 0x2
 999 0014 24       		.uleb128 0x24
 1000 0015 00       		.byte	0
 1001 0016 0B       		.uleb128 0xb
 1002 0017 0B       		.uleb128 0xb
 1003 0018 3E       		.uleb128 0x3e
 1004 0019 0B       		.uleb128 0xb
 1005 001a 03       		.uleb128 0x3
 1006 001b 08       		.uleb128 0x8
 1007 001c 00       		.byte	0
 1008 001d 00       		.byte	0
 1009 001e 03       		.uleb128 0x3
 1010 001f 24       		.uleb128 0x24
 1011 0020 00       		.byte	0
 1012 0021 0B       		.uleb128 0xb
 1013 0022 0B       		.uleb128 0xb
 1014 0023 3E       		.uleb128 0x3e
 1015 0024 0B       		.uleb128 0xb
 1016 0025 03       		.uleb128 0x3
 1017 0026 0E       		.uleb128 0xe
 1018 0027 00       		.byte	0
 1019 0028 00       		.byte	0
 1020 0029 04       		.uleb128 0x4
 1021 002a 16       		.uleb128 0x16
 1022 002b 00       		.byte	0
 1023 002c 03       		.uleb128 0x3
 1024 002d 0E       		.uleb128 0xe
 1025 002e 3A       		.uleb128 0x3a
 1026 002f 0B       		.uleb128 0xb
 1027 0030 3B       		.uleb128 0x3b
 1028 0031 0B       		.uleb128 0xb
 1029 0032 49       		.uleb128 0x49
 1030 0033 13       		.uleb128 0x13
 1031 0034 00       		.byte	0
 1032 0035 00       		.byte	0
 1033 0036 05       		.uleb128 0x5
 1034 0037 0F       		.uleb128 0xf
 1035 0038 00       		.byte	0
 1036 0039 0B       		.uleb128 0xb
 1037 003a 0B       		.uleb128 0xb
 1038 003b 49       		.uleb128 0x49
 1039 003c 13       		.uleb128 0x13
 1040 003d 00       		.byte	0
 1041 003e 00       		.byte	0
 1042 003f 06       		.uleb128 0x6
 1043 0040 15       		.uleb128 0x15
 1044 0041 00       		.byte	0
 1045 0042 27       		.uleb128 0x27
 1046 0043 19       		.uleb128 0x19
ARM GAS  C:\Users\Thomas\AppData\Local\Temp\ccjsRLUi.s 			page 27


 1047 0044 00       		.byte	0
 1048 0045 00       		.byte	0
 1049 0046 07       		.uleb128 0x7
 1050 0047 16       		.uleb128 0x16
 1051 0048 00       		.byte	0
 1052 0049 03       		.uleb128 0x3
 1053 004a 0E       		.uleb128 0xe
 1054 004b 3A       		.uleb128 0x3a
 1055 004c 0B       		.uleb128 0xb
 1056 004d 3B       		.uleb128 0x3b
 1057 004e 05       		.uleb128 0x5
 1058 004f 49       		.uleb128 0x49
 1059 0050 13       		.uleb128 0x13
 1060 0051 00       		.byte	0
 1061 0052 00       		.byte	0
 1062 0053 08       		.uleb128 0x8
 1063 0054 35       		.uleb128 0x35
 1064 0055 00       		.byte	0
 1065 0056 49       		.uleb128 0x49
 1066 0057 13       		.uleb128 0x13
 1067 0058 00       		.byte	0
 1068 0059 00       		.byte	0
 1069 005a 09       		.uleb128 0x9
 1070 005b 2E       		.uleb128 0x2e
 1071 005c 00       		.byte	0
 1072 005d 3F       		.uleb128 0x3f
 1073 005e 19       		.uleb128 0x19
 1074 005f 03       		.uleb128 0x3
 1075 0060 0E       		.uleb128 0xe
 1076 0061 3A       		.uleb128 0x3a
 1077 0062 0B       		.uleb128 0xb
 1078 0063 3B       		.uleb128 0x3b
 1079 0064 05       		.uleb128 0x5
 1080 0065 27       		.uleb128 0x27
 1081 0066 19       		.uleb128 0x19
 1082 0067 20       		.uleb128 0x20
 1083 0068 0B       		.uleb128 0xb
 1084 0069 00       		.byte	0
 1085 006a 00       		.byte	0
 1086 006b 0A       		.uleb128 0xa
 1087 006c 2E       		.uleb128 0x2e
 1088 006d 01       		.byte	0x1
 1089 006e 3F       		.uleb128 0x3f
 1090 006f 19       		.uleb128 0x19
 1091 0070 03       		.uleb128 0x3
 1092 0071 0E       		.uleb128 0xe
 1093 0072 3A       		.uleb128 0x3a
 1094 0073 0B       		.uleb128 0xb
 1095 0074 3B       		.uleb128 0x3b
 1096 0075 0B       		.uleb128 0xb
 1097 0076 27       		.uleb128 0x27
 1098 0077 19       		.uleb128 0x19
 1099 0078 20       		.uleb128 0x20
 1100 0079 0B       		.uleb128 0xb
 1101 007a 01       		.uleb128 0x1
 1102 007b 13       		.uleb128 0x13
 1103 007c 00       		.byte	0
ARM GAS  C:\Users\Thomas\AppData\Local\Temp\ccjsRLUi.s 			page 28


 1104 007d 00       		.byte	0
 1105 007e 0B       		.uleb128 0xb
 1106 007f 05       		.uleb128 0x5
 1107 0080 00       		.byte	0
 1108 0081 03       		.uleb128 0x3
 1109 0082 0E       		.uleb128 0xe
 1110 0083 3A       		.uleb128 0x3a
 1111 0084 0B       		.uleb128 0xb
 1112 0085 3B       		.uleb128 0x3b
 1113 0086 0B       		.uleb128 0xb
 1114 0087 49       		.uleb128 0x49
 1115 0088 13       		.uleb128 0x13
 1116 0089 00       		.byte	0
 1117 008a 00       		.byte	0
 1118 008b 0C       		.uleb128 0xc
 1119 008c 34       		.uleb128 0x34
 1120 008d 00       		.byte	0
 1121 008e 03       		.uleb128 0x3
 1122 008f 0E       		.uleb128 0xe
 1123 0090 3A       		.uleb128 0x3a
 1124 0091 0B       		.uleb128 0xb
 1125 0092 3B       		.uleb128 0x3b
 1126 0093 0B       		.uleb128 0xb
 1127 0094 49       		.uleb128 0x49
 1128 0095 13       		.uleb128 0x13
 1129 0096 00       		.byte	0
 1130 0097 00       		.byte	0
 1131 0098 0D       		.uleb128 0xd
 1132 0099 2E       		.uleb128 0x2e
 1133 009a 01       		.byte	0x1
 1134 009b 3F       		.uleb128 0x3f
 1135 009c 19       		.uleb128 0x19
 1136 009d 03       		.uleb128 0x3
 1137 009e 0E       		.uleb128 0xe
 1138 009f 3A       		.uleb128 0x3a
 1139 00a0 0B       		.uleb128 0xb
 1140 00a1 3B       		.uleb128 0x3b
 1141 00a2 05       		.uleb128 0x5
 1142 00a3 27       		.uleb128 0x27
 1143 00a4 19       		.uleb128 0x19
 1144 00a5 20       		.uleb128 0x20
 1145 00a6 0B       		.uleb128 0xb
 1146 00a7 01       		.uleb128 0x1
 1147 00a8 13       		.uleb128 0x13
 1148 00a9 00       		.byte	0
 1149 00aa 00       		.byte	0
 1150 00ab 0E       		.uleb128 0xe
 1151 00ac 05       		.uleb128 0x5
 1152 00ad 00       		.byte	0
 1153 00ae 03       		.uleb128 0x3
 1154 00af 0E       		.uleb128 0xe
 1155 00b0 3A       		.uleb128 0x3a
 1156 00b1 0B       		.uleb128 0xb
 1157 00b2 3B       		.uleb128 0x3b
 1158 00b3 05       		.uleb128 0x5
 1159 00b4 49       		.uleb128 0x49
 1160 00b5 13       		.uleb128 0x13
ARM GAS  C:\Users\Thomas\AppData\Local\Temp\ccjsRLUi.s 			page 29


 1161 00b6 00       		.byte	0
 1162 00b7 00       		.byte	0
 1163 00b8 0F       		.uleb128 0xf
 1164 00b9 2E       		.uleb128 0x2e
 1165 00ba 01       		.byte	0x1
 1166 00bb 3F       		.uleb128 0x3f
 1167 00bc 19       		.uleb128 0x19
 1168 00bd 03       		.uleb128 0x3
 1169 00be 0E       		.uleb128 0xe
 1170 00bf 3A       		.uleb128 0x3a
 1171 00c0 0B       		.uleb128 0xb
 1172 00c1 3B       		.uleb128 0x3b
 1173 00c2 0B       		.uleb128 0xb
 1174 00c3 27       		.uleb128 0x27
 1175 00c4 19       		.uleb128 0x19
 1176 00c5 11       		.uleb128 0x11
 1177 00c6 01       		.uleb128 0x1
 1178 00c7 12       		.uleb128 0x12
 1179 00c8 06       		.uleb128 0x6
 1180 00c9 40       		.uleb128 0x40
 1181 00ca 18       		.uleb128 0x18
 1182 00cb 9742     		.uleb128 0x2117
 1183 00cd 19       		.uleb128 0x19
 1184 00ce 01       		.uleb128 0x1
 1185 00cf 13       		.uleb128 0x13
 1186 00d0 00       		.byte	0
 1187 00d1 00       		.byte	0
 1188 00d2 10       		.uleb128 0x10
 1189 00d3 898201   		.uleb128 0x4109
 1190 00d6 00       		.byte	0
 1191 00d7 11       		.uleb128 0x11
 1192 00d8 01       		.uleb128 0x1
 1193 00d9 31       		.uleb128 0x31
 1194 00da 13       		.uleb128 0x13
 1195 00db 00       		.byte	0
 1196 00dc 00       		.byte	0
 1197 00dd 11       		.uleb128 0x11
 1198 00de 1D       		.uleb128 0x1d
 1199 00df 00       		.byte	0
 1200 00e0 31       		.uleb128 0x31
 1201 00e1 13       		.uleb128 0x13
 1202 00e2 11       		.uleb128 0x11
 1203 00e3 01       		.uleb128 0x1
 1204 00e4 12       		.uleb128 0x12
 1205 00e5 06       		.uleb128 0x6
 1206 00e6 58       		.uleb128 0x58
 1207 00e7 0B       		.uleb128 0xb
 1208 00e8 59       		.uleb128 0x59
 1209 00e9 0B       		.uleb128 0xb
 1210 00ea 00       		.byte	0
 1211 00eb 00       		.byte	0
 1212 00ec 12       		.uleb128 0x12
 1213 00ed 1D       		.uleb128 0x1d
 1214 00ee 01       		.byte	0x1
 1215 00ef 31       		.uleb128 0x31
 1216 00f0 13       		.uleb128 0x13
 1217 00f1 11       		.uleb128 0x11
ARM GAS  C:\Users\Thomas\AppData\Local\Temp\ccjsRLUi.s 			page 30


 1218 00f2 01       		.uleb128 0x1
 1219 00f3 12       		.uleb128 0x12
 1220 00f4 06       		.uleb128 0x6
 1221 00f5 58       		.uleb128 0x58
 1222 00f6 0B       		.uleb128 0xb
 1223 00f7 59       		.uleb128 0x59
 1224 00f8 0B       		.uleb128 0xb
 1225 00f9 01       		.uleb128 0x1
 1226 00fa 13       		.uleb128 0x13
 1227 00fb 00       		.byte	0
 1228 00fc 00       		.byte	0
 1229 00fd 13       		.uleb128 0x13
 1230 00fe 05       		.uleb128 0x5
 1231 00ff 00       		.byte	0
 1232 0100 31       		.uleb128 0x31
 1233 0101 13       		.uleb128 0x13
 1234 0102 02       		.uleb128 0x2
 1235 0103 18       		.uleb128 0x18
 1236 0104 00       		.byte	0
 1237 0105 00       		.byte	0
 1238 0106 14       		.uleb128 0x14
 1239 0107 0B       		.uleb128 0xb
 1240 0108 01       		.byte	0x1
 1241 0109 11       		.uleb128 0x11
 1242 010a 01       		.uleb128 0x1
 1243 010b 12       		.uleb128 0x12
 1244 010c 06       		.uleb128 0x6
 1245 010d 00       		.byte	0
 1246 010e 00       		.byte	0
 1247 010f 15       		.uleb128 0x15
 1248 0110 34       		.uleb128 0x34
 1249 0111 00       		.byte	0
 1250 0112 31       		.uleb128 0x31
 1251 0113 13       		.uleb128 0x13
 1252 0114 02       		.uleb128 0x2
 1253 0115 17       		.uleb128 0x17
 1254 0116 00       		.byte	0
 1255 0117 00       		.byte	0
 1256 0118 16       		.uleb128 0x16
 1257 0119 05       		.uleb128 0x5
 1258 011a 00       		.byte	0
 1259 011b 31       		.uleb128 0x31
 1260 011c 13       		.uleb128 0x13
 1261 011d 1C       		.uleb128 0x1c
 1262 011e 0B       		.uleb128 0xb
 1263 011f 00       		.byte	0
 1264 0120 00       		.byte	0
 1265 0121 17       		.uleb128 0x17
 1266 0122 05       		.uleb128 0x5
 1267 0123 00       		.byte	0
 1268 0124 03       		.uleb128 0x3
 1269 0125 0E       		.uleb128 0xe
 1270 0126 3A       		.uleb128 0x3a
 1271 0127 0B       		.uleb128 0xb
 1272 0128 3B       		.uleb128 0x3b
 1273 0129 0B       		.uleb128 0xb
 1274 012a 49       		.uleb128 0x49
ARM GAS  C:\Users\Thomas\AppData\Local\Temp\ccjsRLUi.s 			page 31


 1275 012b 13       		.uleb128 0x13
 1276 012c 02       		.uleb128 0x2
 1277 012d 18       		.uleb128 0x18
 1278 012e 00       		.byte	0
 1279 012f 00       		.byte	0
 1280 0130 18       		.uleb128 0x18
 1281 0131 1D       		.uleb128 0x1d
 1282 0132 01       		.byte	0x1
 1283 0133 31       		.uleb128 0x31
 1284 0134 13       		.uleb128 0x13
 1285 0135 52       		.uleb128 0x52
 1286 0136 01       		.uleb128 0x1
 1287 0137 55       		.uleb128 0x55
 1288 0138 17       		.uleb128 0x17
 1289 0139 58       		.uleb128 0x58
 1290 013a 0B       		.uleb128 0xb
 1291 013b 59       		.uleb128 0x59
 1292 013c 0B       		.uleb128 0xb
 1293 013d 01       		.uleb128 0x1
 1294 013e 13       		.uleb128 0x13
 1295 013f 00       		.byte	0
 1296 0140 00       		.byte	0
 1297 0141 19       		.uleb128 0x19
 1298 0142 0B       		.uleb128 0xb
 1299 0143 01       		.byte	0x1
 1300 0144 55       		.uleb128 0x55
 1301 0145 17       		.uleb128 0x17
 1302 0146 00       		.byte	0
 1303 0147 00       		.byte	0
 1304 0148 1A       		.uleb128 0x1a
 1305 0149 1D       		.uleb128 0x1d
 1306 014a 01       		.byte	0x1
 1307 014b 31       		.uleb128 0x31
 1308 014c 13       		.uleb128 0x13
 1309 014d 11       		.uleb128 0x11
 1310 014e 01       		.uleb128 0x1
 1311 014f 12       		.uleb128 0x12
 1312 0150 06       		.uleb128 0x6
 1313 0151 58       		.uleb128 0x58
 1314 0152 0B       		.uleb128 0xb
 1315 0153 59       		.uleb128 0x59
 1316 0154 0B       		.uleb128 0xb
 1317 0155 00       		.byte	0
 1318 0156 00       		.byte	0
 1319 0157 1B       		.uleb128 0x1b
 1320 0158 05       		.uleb128 0x5
 1321 0159 00       		.byte	0
 1322 015a 31       		.uleb128 0x31
 1323 015b 13       		.uleb128 0x13
 1324 015c 00       		.byte	0
 1325 015d 00       		.byte	0
 1326 015e 1C       		.uleb128 0x1c
 1327 015f 34       		.uleb128 0x34
 1328 0160 00       		.byte	0
 1329 0161 31       		.uleb128 0x31
 1330 0162 13       		.uleb128 0x13
 1331 0163 02       		.uleb128 0x2
ARM GAS  C:\Users\Thomas\AppData\Local\Temp\ccjsRLUi.s 			page 32


 1332 0164 18       		.uleb128 0x18
 1333 0165 00       		.byte	0
 1334 0166 00       		.byte	0
 1335 0167 1D       		.uleb128 0x1d
 1336 0168 2E       		.uleb128 0x2e
 1337 0169 01       		.byte	0x1
 1338 016a 31       		.uleb128 0x31
 1339 016b 13       		.uleb128 0x13
 1340 016c 11       		.uleb128 0x11
 1341 016d 01       		.uleb128 0x1
 1342 016e 12       		.uleb128 0x12
 1343 016f 06       		.uleb128 0x6
 1344 0170 40       		.uleb128 0x40
 1345 0171 18       		.uleb128 0x18
 1346 0172 9742     		.uleb128 0x2117
 1347 0174 19       		.uleb128 0x19
 1348 0175 01       		.uleb128 0x1
 1349 0176 13       		.uleb128 0x13
 1350 0177 00       		.byte	0
 1351 0178 00       		.byte	0
 1352 0179 1E       		.uleb128 0x1e
 1353 017a 2E       		.uleb128 0x2e
 1354 017b 01       		.byte	0x1
 1355 017c 3F       		.uleb128 0x3f
 1356 017d 19       		.uleb128 0x19
 1357 017e 03       		.uleb128 0x3
 1358 017f 0E       		.uleb128 0xe
 1359 0180 3A       		.uleb128 0x3a
 1360 0181 0B       		.uleb128 0xb
 1361 0182 3B       		.uleb128 0x3b
 1362 0183 0B       		.uleb128 0xb
 1363 0184 27       		.uleb128 0x27
 1364 0185 19       		.uleb128 0x19
 1365 0186 49       		.uleb128 0x49
 1366 0187 13       		.uleb128 0x13
 1367 0188 11       		.uleb128 0x11
 1368 0189 01       		.uleb128 0x1
 1369 018a 12       		.uleb128 0x12
 1370 018b 06       		.uleb128 0x6
 1371 018c 40       		.uleb128 0x40
 1372 018d 18       		.uleb128 0x18
 1373 018e 9742     		.uleb128 0x2117
 1374 0190 19       		.uleb128 0x19
 1375 0191 01       		.uleb128 0x1
 1376 0192 13       		.uleb128 0x13
 1377 0193 00       		.byte	0
 1378 0194 00       		.byte	0
 1379 0195 1F       		.uleb128 0x1f
 1380 0196 34       		.uleb128 0x34
 1381 0197 00       		.byte	0
 1382 0198 03       		.uleb128 0x3
 1383 0199 0E       		.uleb128 0xe
 1384 019a 3A       		.uleb128 0x3a
 1385 019b 0B       		.uleb128 0xb
 1386 019c 3B       		.uleb128 0x3b
 1387 019d 0B       		.uleb128 0xb
 1388 019e 49       		.uleb128 0x49
ARM GAS  C:\Users\Thomas\AppData\Local\Temp\ccjsRLUi.s 			page 33


 1389 019f 13       		.uleb128 0x13
 1390 01a0 02       		.uleb128 0x2
 1391 01a1 17       		.uleb128 0x17
 1392 01a2 00       		.byte	0
 1393 01a3 00       		.byte	0
 1394 01a4 20       		.uleb128 0x20
 1395 01a5 05       		.uleb128 0x5
 1396 01a6 00       		.byte	0
 1397 01a7 31       		.uleb128 0x31
 1398 01a8 13       		.uleb128 0x13
 1399 01a9 02       		.uleb128 0x2
 1400 01aa 17       		.uleb128 0x17
 1401 01ab 00       		.byte	0
 1402 01ac 00       		.byte	0
 1403 01ad 21       		.uleb128 0x21
 1404 01ae 2E       		.uleb128 0x2e
 1405 01af 01       		.byte	0x1
 1406 01b0 3F       		.uleb128 0x3f
 1407 01b1 19       		.uleb128 0x19
 1408 01b2 03       		.uleb128 0x3
 1409 01b3 0E       		.uleb128 0xe
 1410 01b4 3A       		.uleb128 0x3a
 1411 01b5 0B       		.uleb128 0xb
 1412 01b6 3B       		.uleb128 0x3b
 1413 01b7 05       		.uleb128 0x5
 1414 01b8 27       		.uleb128 0x27
 1415 01b9 19       		.uleb128 0x19
 1416 01ba 49       		.uleb128 0x49
 1417 01bb 13       		.uleb128 0x13
 1418 01bc 11       		.uleb128 0x11
 1419 01bd 01       		.uleb128 0x1
 1420 01be 12       		.uleb128 0x12
 1421 01bf 06       		.uleb128 0x6
 1422 01c0 40       		.uleb128 0x40
 1423 01c1 18       		.uleb128 0x18
 1424 01c2 9742     		.uleb128 0x2117
 1425 01c4 19       		.uleb128 0x19
 1426 01c5 01       		.uleb128 0x1
 1427 01c6 13       		.uleb128 0x13
 1428 01c7 00       		.byte	0
 1429 01c8 00       		.byte	0
 1430 01c9 22       		.uleb128 0x22
 1431 01ca 34       		.uleb128 0x34
 1432 01cb 00       		.byte	0
 1433 01cc 03       		.uleb128 0x3
 1434 01cd 0E       		.uleb128 0xe
 1435 01ce 3A       		.uleb128 0x3a
 1436 01cf 0B       		.uleb128 0xb
 1437 01d0 3B       		.uleb128 0x3b
 1438 01d1 05       		.uleb128 0x5
 1439 01d2 49       		.uleb128 0x49
 1440 01d3 13       		.uleb128 0x13
 1441 01d4 02       		.uleb128 0x2
 1442 01d5 17       		.uleb128 0x17
 1443 01d6 00       		.byte	0
 1444 01d7 00       		.byte	0
 1445 01d8 23       		.uleb128 0x23
ARM GAS  C:\Users\Thomas\AppData\Local\Temp\ccjsRLUi.s 			page 34


 1446 01d9 2E       		.uleb128 0x2e
 1447 01da 00       		.byte	0
 1448 01db 31       		.uleb128 0x31
 1449 01dc 13       		.uleb128 0x13
 1450 01dd 11       		.uleb128 0x11
 1451 01de 01       		.uleb128 0x1
 1452 01df 12       		.uleb128 0x12
 1453 01e0 06       		.uleb128 0x6
 1454 01e1 40       		.uleb128 0x40
 1455 01e2 18       		.uleb128 0x18
 1456 01e3 9742     		.uleb128 0x2117
 1457 01e5 19       		.uleb128 0x19
 1458 01e6 00       		.byte	0
 1459 01e7 00       		.byte	0
 1460 01e8 24       		.uleb128 0x24
 1461 01e9 2E       		.uleb128 0x2e
 1462 01ea 00       		.byte	0
 1463 01eb 3F       		.uleb128 0x3f
 1464 01ec 19       		.uleb128 0x19
 1465 01ed 03       		.uleb128 0x3
 1466 01ee 0E       		.uleb128 0xe
 1467 01ef 3A       		.uleb128 0x3a
 1468 01f0 0B       		.uleb128 0xb
 1469 01f1 3B       		.uleb128 0x3b
 1470 01f2 05       		.uleb128 0x5
 1471 01f3 27       		.uleb128 0x27
 1472 01f4 19       		.uleb128 0x19
 1473 01f5 49       		.uleb128 0x49
 1474 01f6 13       		.uleb128 0x13
 1475 01f7 11       		.uleb128 0x11
 1476 01f8 01       		.uleb128 0x1
 1477 01f9 12       		.uleb128 0x12
 1478 01fa 06       		.uleb128 0x6
 1479 01fb 40       		.uleb128 0x40
 1480 01fc 18       		.uleb128 0x18
 1481 01fd 9742     		.uleb128 0x2117
 1482 01ff 19       		.uleb128 0x19
 1483 0200 00       		.byte	0
 1484 0201 00       		.byte	0
 1485 0202 25       		.uleb128 0x25
 1486 0203 2E       		.uleb128 0x2e
 1487 0204 00       		.byte	0
 1488 0205 3F       		.uleb128 0x3f
 1489 0206 19       		.uleb128 0x19
 1490 0207 03       		.uleb128 0x3
 1491 0208 0E       		.uleb128 0xe
 1492 0209 3A       		.uleb128 0x3a
 1493 020a 0B       		.uleb128 0xb
 1494 020b 3B       		.uleb128 0x3b
 1495 020c 05       		.uleb128 0x5
 1496 020d 27       		.uleb128 0x27
 1497 020e 19       		.uleb128 0x19
 1498 020f 11       		.uleb128 0x11
 1499 0210 01       		.uleb128 0x1
 1500 0211 12       		.uleb128 0x12
 1501 0212 06       		.uleb128 0x6
 1502 0213 40       		.uleb128 0x40
ARM GAS  C:\Users\Thomas\AppData\Local\Temp\ccjsRLUi.s 			page 35


 1503 0214 18       		.uleb128 0x18
 1504 0215 9742     		.uleb128 0x2117
 1505 0217 19       		.uleb128 0x19
 1506 0218 00       		.byte	0
 1507 0219 00       		.byte	0
 1508 021a 26       		.uleb128 0x26
 1509 021b 34       		.uleb128 0x34
 1510 021c 00       		.byte	0
 1511 021d 03       		.uleb128 0x3
 1512 021e 0E       		.uleb128 0xe
 1513 021f 3A       		.uleb128 0x3a
 1514 0220 0B       		.uleb128 0xb
 1515 0221 3B       		.uleb128 0x3b
 1516 0222 05       		.uleb128 0x5
 1517 0223 49       		.uleb128 0x49
 1518 0224 13       		.uleb128 0x13
 1519 0225 3F       		.uleb128 0x3f
 1520 0226 19       		.uleb128 0x19
 1521 0227 3C       		.uleb128 0x3c
 1522 0228 19       		.uleb128 0x19
 1523 0229 00       		.byte	0
 1524 022a 00       		.byte	0
 1525 022b 27       		.uleb128 0x27
 1526 022c 34       		.uleb128 0x34
 1527 022d 00       		.byte	0
 1528 022e 03       		.uleb128 0x3
 1529 022f 0E       		.uleb128 0xe
 1530 0230 3A       		.uleb128 0x3a
 1531 0231 0B       		.uleb128 0xb
 1532 0232 3B       		.uleb128 0x3b
 1533 0233 0B       		.uleb128 0xb
 1534 0234 49       		.uleb128 0x49
 1535 0235 13       		.uleb128 0x13
 1536 0236 3F       		.uleb128 0x3f
 1537 0237 19       		.uleb128 0x19
 1538 0238 02       		.uleb128 0x2
 1539 0239 18       		.uleb128 0x18
 1540 023a 00       		.byte	0
 1541 023b 00       		.byte	0
 1542 023c 28       		.uleb128 0x28
 1543 023d 01       		.uleb128 0x1
 1544 023e 01       		.byte	0x1
 1545 023f 49       		.uleb128 0x49
 1546 0240 13       		.uleb128 0x13
 1547 0241 01       		.uleb128 0x1
 1548 0242 13       		.uleb128 0x13
 1549 0243 00       		.byte	0
 1550 0244 00       		.byte	0
 1551 0245 29       		.uleb128 0x29
 1552 0246 21       		.uleb128 0x21
 1553 0247 00       		.byte	0
 1554 0248 49       		.uleb128 0x49
 1555 0249 13       		.uleb128 0x13
 1556 024a 2F       		.uleb128 0x2f
 1557 024b 0B       		.uleb128 0xb
 1558 024c 00       		.byte	0
 1559 024d 00       		.byte	0
ARM GAS  C:\Users\Thomas\AppData\Local\Temp\ccjsRLUi.s 			page 36


 1560 024e 2A       		.uleb128 0x2a
 1561 024f 2E       		.uleb128 0x2e
 1562 0250 00       		.byte	0
 1563 0251 3F       		.uleb128 0x3f
 1564 0252 19       		.uleb128 0x19
 1565 0253 03       		.uleb128 0x3
 1566 0254 0E       		.uleb128 0xe
 1567 0255 3A       		.uleb128 0x3a
 1568 0256 0B       		.uleb128 0xb
 1569 0257 3B       		.uleb128 0x3b
 1570 0258 0B       		.uleb128 0xb
 1571 0259 27       		.uleb128 0x27
 1572 025a 19       		.uleb128 0x19
 1573 025b 3C       		.uleb128 0x3c
 1574 025c 19       		.uleb128 0x19
 1575 025d 00       		.byte	0
 1576 025e 00       		.byte	0
 1577 025f 00       		.byte	0
 1578              		.section	.debug_loc,"",%progbits
 1579              	.Ldebug_loc0:
 1580              	.LLST0:
 1581 0000 0E000000 		.4byte	.LVL2
 1582 0004 16000000 		.4byte	.LVL4
 1583 0008 0100     		.2byte	0x1
 1584 000a 52       		.byte	0x52
 1585 000b 00000000 		.4byte	0
 1586 000f 00000000 		.4byte	0
 1587              	.LLST1:
 1588 0013 0E000000 		.4byte	.LVL7
 1589 0017 16000000 		.4byte	.LVL9
 1590 001b 0100     		.2byte	0x1
 1591 001d 52       		.byte	0x52
 1592 001e 00000000 		.4byte	0
 1593 0022 00000000 		.4byte	0
 1594              	.LLST2:
 1595 0026 00000000 		.4byte	.LVL14
 1596 002a 02000000 		.4byte	.LVL15
 1597 002e 0600     		.2byte	0x6
 1598 0030 11       		.byte	0x11
 1599 0031 88DA8380 		.sleb128 -536810232
 1599      7E
 1600 0036 02000000 		.4byte	.LVL15
 1601 003a 04000000 		.4byte	.LVL16
 1602 003e 0200     		.2byte	0x2
 1603 0040 73       		.byte	0x73
 1604 0041 00       		.sleb128 0
 1605 0042 04000000 		.4byte	.LVL16
 1606 0046 10000000 		.4byte	.LFE68
 1607 004a 0100     		.2byte	0x1
 1608 004c 53       		.byte	0x53
 1609 004d 00000000 		.4byte	0
 1610 0051 00000000 		.4byte	0
 1611              	.LLST3:
 1612 0055 00000000 		.4byte	.LVL17
 1613 0059 02000000 		.4byte	.LVL18
 1614 005d 0100     		.2byte	0x1
 1615 005f 50       		.byte	0x50
ARM GAS  C:\Users\Thomas\AppData\Local\Temp\ccjsRLUi.s 			page 37


 1616 0060 02000000 		.4byte	.LVL18
 1617 0064 10000000 		.4byte	.LFE69
 1618 0068 0400     		.2byte	0x4
 1619 006a F3       		.byte	0xf3
 1620 006b 01       		.uleb128 0x1
 1621 006c 50       		.byte	0x50
 1622 006d 9F       		.byte	0x9f
 1623 006e 00000000 		.4byte	0
 1624 0072 00000000 		.4byte	0
 1625              	.LLST4:
 1626 0076 04000000 		.4byte	.LVL19
 1627 007a 06000000 		.4byte	.LVL20
 1628 007e 0500     		.2byte	0x5
 1629 0080 70       		.byte	0x70
 1630 0081 00       		.sleb128 0
 1631 0082 35       		.byte	0x35
 1632 0083 25       		.byte	0x25
 1633 0084 9F       		.byte	0x9f
 1634 0085 00000000 		.4byte	0
 1635 0089 00000000 		.4byte	0
 1636              		.section	.debug_aranges,"",%progbits
 1637 0000 7C000000 		.4byte	0x7c
 1638 0004 0200     		.2byte	0x2
 1639 0006 00000000 		.4byte	.Ldebug_info0
 1640 000a 04       		.byte	0x4
 1641 000b 00       		.byte	0
 1642 000c 0000     		.2byte	0
 1643 000e 0000     		.2byte	0
 1644 0010 00000000 		.4byte	.LFB66
 1645 0014 14000000 		.4byte	.LFE66-.LFB66
 1646 0018 00000000 		.4byte	.LFB63
 1647 001c 30000000 		.4byte	.LFE63-.LFB63
 1648 0020 00000000 		.4byte	.LFB64
 1649 0024 2C000000 		.4byte	.LFE64-.LFB64
 1650 0028 00000000 		.4byte	.LFB65
 1651 002c 20000000 		.4byte	.LFE65-.LFB65
 1652 0030 00000000 		.4byte	.LFB67
 1653 0034 10000000 		.4byte	.LFE67-.LFB67
 1654 0038 00000000 		.4byte	.LFB68
 1655 003c 10000000 		.4byte	.LFE68-.LFB68
 1656 0040 00000000 		.4byte	.LFB69
 1657 0044 10000000 		.4byte	.LFE69-.LFB69
 1658 0048 00000000 		.4byte	.LFB70
 1659 004c 0C000000 		.4byte	.LFE70-.LFB70
 1660 0050 00000000 		.4byte	.LFB71
 1661 0054 10000000 		.4byte	.LFE71-.LFB71
 1662 0058 00000000 		.4byte	.LFB72
 1663 005c 10000000 		.4byte	.LFE72-.LFB72
 1664 0060 00000000 		.4byte	.LFB73
 1665 0064 10000000 		.4byte	.LFE73-.LFB73
 1666 0068 00000000 		.4byte	.LFB74
 1667 006c 10000000 		.4byte	.LFE74-.LFB74
 1668 0070 00000000 		.4byte	.LFB75
 1669 0074 10000000 		.4byte	.LFE75-.LFB75
 1670 0078 00000000 		.4byte	0
 1671 007c 00000000 		.4byte	0
 1672              		.section	.debug_ranges,"",%progbits
ARM GAS  C:\Users\Thomas\AppData\Local\Temp\ccjsRLUi.s 			page 38


 1673              	.Ldebug_ranges0:
 1674 0000 08000000 		.4byte	.LBB32
 1675 0004 0E000000 		.4byte	.LBE32
 1676 0008 10000000 		.4byte	.LBB38
 1677 000c 14000000 		.4byte	.LBE38
 1678 0010 00000000 		.4byte	0
 1679 0014 00000000 		.4byte	0
 1680 0018 0E000000 		.4byte	.LBB35
 1681 001c 10000000 		.4byte	.LBE35
 1682 0020 14000000 		.4byte	.LBB39
 1683 0024 18000000 		.4byte	.LBE39
 1684 0028 00000000 		.4byte	0
 1685 002c 00000000 		.4byte	0
 1686 0030 00000000 		.4byte	.LFB66
 1687 0034 14000000 		.4byte	.LFE66
 1688 0038 00000000 		.4byte	.LFB63
 1689 003c 30000000 		.4byte	.LFE63
 1690 0040 00000000 		.4byte	.LFB64
 1691 0044 2C000000 		.4byte	.LFE64
 1692 0048 00000000 		.4byte	.LFB65
 1693 004c 20000000 		.4byte	.LFE65
 1694 0050 00000000 		.4byte	.LFB67
 1695 0054 10000000 		.4byte	.LFE67
 1696 0058 00000000 		.4byte	.LFB68
 1697 005c 10000000 		.4byte	.LFE68
 1698 0060 00000000 		.4byte	.LFB69
 1699 0064 10000000 		.4byte	.LFE69
 1700 0068 00000000 		.4byte	.LFB70
 1701 006c 0C000000 		.4byte	.LFE70
 1702 0070 00000000 		.4byte	.LFB71
 1703 0074 10000000 		.4byte	.LFE71
 1704 0078 00000000 		.4byte	.LFB72
 1705 007c 10000000 		.4byte	.LFE72
 1706 0080 00000000 		.4byte	.LFB73
 1707 0084 10000000 		.4byte	.LFE73
 1708 0088 00000000 		.4byte	.LFB74
 1709 008c 10000000 		.4byte	.LFE74
 1710 0090 00000000 		.4byte	.LFB75
 1711 0094 10000000 		.4byte	.LFE75
 1712 0098 00000000 		.4byte	0
 1713 009c 00000000 		.4byte	0
 1714              		.section	.debug_line,"",%progbits
 1715              	.Ldebug_line0:
 1716 0000 88020000 		.section	.debug_str,"MS",%progbits,1
 1716      02007701 
 1716      00000201 
 1716      FB0E0D00 
 1716      01010101 
 1717              	.LASF19:
 1718 0000 72656733 		.ascii	"reg32\000"
 1718      3200
 1719              	.LASF44:
 1720 0006 54494D45 		.ascii	"TIMER_Stop\000"
 1720      525F5374 
 1720      6F7000
 1721              	.LASF11:
 1722 0011 5F5F696E 		.ascii	"__int32_t\000"
ARM GAS  C:\Users\Thomas\AppData\Local\Temp\ccjsRLUi.s 			page 39


 1722      7433325F 
 1722      7400
 1723              	.LASF34:
 1724 001b 54495251 		.ascii	"TIRQ_SetPending\000"
 1724      5F536574 
 1724      50656E64 
 1724      696E6700 
 1725              	.LASF26:
 1726 002b 54495251 		.ascii	"TIRQ_Enable\000"
 1726      5F456E61 
 1726      626C6500 
 1727              	.LASF22:
 1728 0037 54495251 		.ascii	"TIRQ_SetPriority\000"
 1728      5F536574 
 1728      5072696F 
 1728      72697479 
 1728      00
 1729              	.LASF4:
 1730 0048 73686F72 		.ascii	"short unsigned int\000"
 1730      7420756E 
 1730      7369676E 
 1730      65642069 
 1730      6E7400
 1731              	.LASF28:
 1732 005b 54495251 		.ascii	"TIRQ_Start\000"
 1732      5F537461 
 1732      727400
 1733              	.LASF17:
 1734 0066 646F7562 		.ascii	"double\000"
 1734      6C6500
 1735              	.LASF16:
 1736 006d 666C6F61 		.ascii	"float\000"
 1736      7400
 1737              	.LASF41:
 1738 0073 64617461 		.ascii	"data\000"
 1738      00
 1739              	.LASF13:
 1740 0078 75696E74 		.ascii	"uint8\000"
 1740      3800
 1741              	.LASF45:
 1742 007e 474E5520 		.ascii	"GNU C 4.9.3 20150303 (release) [ARM/embedded-4_9-br"
 1742      4320342E 
 1742      392E3320 
 1742      32303135 
 1742      30333033 
 1743 00b1 616E6368 		.ascii	"anch revision 221220] -mcpu=cortex-m3 -mthumb -g -O"
 1743      20726576 
 1743      6973696F 
 1743      6E203232 
 1743      31323230 
 1744 00e4 73202D66 		.ascii	"s -ffunction-sections -ffat-lto-objects\000"
 1744      66756E63 
 1744      74696F6E 
 1744      2D736563 
 1744      74696F6E 
 1745              	.LASF2:
 1746 010c 756E7369 		.ascii	"unsigned char\000"
ARM GAS  C:\Users\Thomas\AppData\Local\Temp\ccjsRLUi.s 			page 40


 1746      676E6564 
 1746      20636861 
 1746      7200
 1747              	.LASF29:
 1748 011a 54495251 		.ascii	"TIRQ_StartEx\000"
 1748      5F537461 
 1748      72744578 
 1748      00
 1749              	.LASF42:
 1750 0127 696E7075 		.ascii	"input\000"
 1750      7400
 1751              	.LASF18:
 1752 012d 72656738 		.ascii	"reg8\000"
 1752      00
 1753              	.LASF43:
 1754 0132 72656164 		.ascii	"ready\000"
 1754      7900
 1755              	.LASF25:
 1756 0138 54495251 		.ascii	"TIRQ_Disable\000"
 1756      5F446973 
 1756      61626C65 
 1756      00
 1757              	.LASF21:
 1758 0145 54495251 		.ascii	"TIRQ_SetVector\000"
 1758      5F536574 
 1758      56656374 
 1758      6F7200
 1759              	.LASF36:
 1760 0154 49544D5F 		.ascii	"ITM_RxBuffer\000"
 1760      52784275 
 1760      66666572 
 1760      00
 1761              	.LASF6:
 1762 0161 6C6F6E67 		.ascii	"long unsigned int\000"
 1762      20756E73 
 1762      69676E65 
 1762      6420696E 
 1762      7400
 1763              	.LASF47:
 1764 0173 433A5C55 		.ascii	"C:\\Users\\Thomas\\Documents\\PSoC Creator\\TASBot\\"
 1764      73657273 
 1764      5C54686F 
 1764      6D61735C 
 1764      446F6375 
 1765 01a1 54415342 		.ascii	"TASBot.cydsn\000"
 1765      6F742E63 
 1765      7964736E 
 1765      00
 1766              	.LASF24:
 1767 01ae 7072696F 		.ascii	"priority\000"
 1767      72697479 
 1767      00
 1768              	.LASF14:
 1769 01b7 75696E74 		.ascii	"uint16\000"
 1769      313600
 1770              	.LASF15:
 1771 01be 75696E74 		.ascii	"uint32\000"
ARM GAS  C:\Users\Thomas\AppData\Local\Temp\ccjsRLUi.s 			page 41


 1771      333200
 1772              	.LASF0:
 1773 01c5 756E7369 		.ascii	"unsigned int\000"
 1773      676E6564 
 1773      20696E74 
 1773      00
 1774              	.LASF23:
 1775 01d2 61646472 		.ascii	"address\000"
 1775      65737300 
 1776              	.LASF8:
 1777 01da 6C6F6E67 		.ascii	"long long unsigned int\000"
 1777      206C6F6E 
 1777      6720756E 
 1777      7369676E 
 1777      65642069 
 1778              	.LASF20:
 1779 01f1 63796973 		.ascii	"cyisraddress\000"
 1779      72616464 
 1779      72657373 
 1779      00
 1780              	.LASF48:
 1781 01fe 54495251 		.ascii	"TIRQ_GetState\000"
 1781      5F476574 
 1781      53746174 
 1781      6500
 1782              	.LASF12:
 1783 020c 696E7433 		.ascii	"int32_t\000"
 1783      325F7400 
 1784              	.LASF9:
 1785 0214 73697A65 		.ascii	"sizetype\000"
 1785      74797065 
 1785      00
 1786              	.LASF37:
 1787 021d 73656E74 		.ascii	"sent\000"
 1787      00
 1788              	.LASF7:
 1789 0222 6C6F6E67 		.ascii	"long long int\000"
 1789      206C6F6E 
 1789      6720696E 
 1789      7400
 1790              	.LASF40:
 1791 0230 6275665F 		.ascii	"buf_ptr\000"
 1791      70747200 
 1792              	.LASF10:
 1793 0238 63686172 		.ascii	"char\000"
 1793      00
 1794              	.LASF38:
 1795 023d 706C6179 		.ascii	"playing\000"
 1795      696E6700 
 1796              	.LASF3:
 1797 0245 73686F72 		.ascii	"short int\000"
 1797      7420696E 
 1797      7400
 1798              	.LASF30:
 1799 024f 54495251 		.ascii	"TIRQ_Stop\000"
 1799      5F53746F 
 1799      7000
ARM GAS  C:\Users\Thomas\AppData\Local\Temp\ccjsRLUi.s 			page 42


 1800              	.LASF31:
 1801 0259 54495251 		.ascii	"TIRQ_GetVector\000"
 1801      5F476574 
 1801      56656374 
 1801      6F7200
 1802              	.LASF33:
 1803 0268 72616D56 		.ascii	"ramVectorTable\000"
 1803      6563746F 
 1803      72546162 
 1803      6C6500
 1804              	.LASF35:
 1805 0277 54495251 		.ascii	"TIRQ_ClearPending\000"
 1805      5F436C65 
 1805      61725065 
 1805      6E64696E 
 1805      6700
 1806              	.LASF27:
 1807 0289 54495251 		.ascii	"TIRQ_Interrupt\000"
 1807      5F496E74 
 1807      65727275 
 1807      707400
 1808              	.LASF32:
 1809 0298 54495251 		.ascii	"TIRQ_GetPriority\000"
 1809      5F476574 
 1809      5072696F 
 1809      72697479 
 1809      00
 1810              	.LASF5:
 1811 02a9 6C6F6E67 		.ascii	"long int\000"
 1811      20696E74 
 1811      00
 1812              	.LASF39:
 1813 02b2 696E7075 		.ascii	"input_ptr\000"
 1813      745F7074 
 1813      7200
 1814              	.LASF1:
 1815 02bc 7369676E 		.ascii	"signed char\000"
 1815      65642063 
 1815      68617200 
 1816              	.LASF46:
 1817 02c8 2E5C4765 		.ascii	".\\Generated_Source\\PSoC5\\TIRQ.c\000"
 1817      6E657261 
 1817      7465645F 
 1817      536F7572 
 1817      63655C50 
 1818              		.ident	"GCC: (GNU Tools for ARM Embedded Processors) 4.9.3 20150303 (release) [ARM/embedded-4_9-br
