ARM GAS  C:\Users\Thomas\AppData\Local\Temp\ccXxXQVh.s 			page 1


   1              		.syntax unified
   2              		.cpu cortex-m3
   3              		.fpu softvfp
   4              		.eabi_attribute 20, 1
   5              		.eabi_attribute 21, 1
   6              		.eabi_attribute 23, 3
   7              		.eabi_attribute 24, 1
   8              		.eabi_attribute 25, 1
   9              		.eabi_attribute 26, 1
  10              		.eabi_attribute 30, 2
  11              		.eabi_attribute 34, 1
  12              		.eabi_attribute 18, 4
  13              		.thumb
  14              		.file	"USBUART_cls.c"
  15              		.text
  16              	.Ltext0:
  17              		.section	.gnu.lto_.profile.c0d683ab,"",%progbits
  18 0000 789C6366 		.ascii	"x\234cf```a\200\000F\006)1\000\000\276\0009"
  18      60606061 
  18      80004606 
  18      29310000 
  18      BE0039
  19              		.text
  20              		.section	.gnu.lto_.jmpfuncs.c0d683ab,"",%progbits
  21 0000 789C6366 		.ascii	"x\234cf\300\016\330\2404#\230\004\000\000\362\000\013"
  21      C00ED8A0 
  21      34239804 
  21      0000F200 
  21      0B
  22              		.text
  23              		.section	.gnu.lto_.inline.c0d683ab,"",%progbits
  24 0000 789C6366 		.ascii	"x\234cf\300\016\244\2414#\003\203\204 #\003\223\332"
  24      C00EA4A1 
  24      34230383 
  24      84202303 
  24      93DA
  25 0012 BA858C0C 		.ascii	"\272\205\214\014ls\344\231@\202L\334 \022\000,\231\002"
  25      6C73E499 
  25      40824CDC 
  25      2012002C 
  25      9902
  26 0024 92       		.ascii	"\222"
  27              		.text
  28              		.section	.gnu.lto_.pureconst.c0d683ab,"",%progbits
  29 0000 789C6366 		.ascii	"x\234cf```f\200\000F\006)\000\000z\000\""
  29      60606066 
  29      80004606 
  29      2900007A 
  29      0022
  30              		.text
  31              		.section	.gnu.lto_USBUART_DispatchClassRqst.c0d683ab,"",%progbits
  32 0000 789C9554 		.ascii	"x\234\225T]L\\E\024\2363w\357\275\373\303\262\320\307"
  32      5D4C5C45 
  32      149E3377 
  32      EFBDFBC3 
  32      B2D0C7
  33 0013 4DE48507 		.ascii	"M\344\205\007\242\021\210&>\364\241\361\357\301>\325"
ARM GAS  C:\Users\Thomas\AppData\Local\Temp\ccXxXQVh.s 			page 2


  33      A2118826 
  33      3EF4A1F1 
  33      EFC13ED5 
  34 0023 46AC8966 		.ascii	"F\254\211f\223\006\341\2324\2514n!11\204\271\260\255"
  34      9306E19A 
  34      34A9346E 
  34      21313184 
  34      B9B0AD
  35 0036 262A55E2 		.ascii	"&*U\342\003\251\202\370W\267\342\202P\273-\333\332\336"
  35      03A982F8 
  35      57B7E282 
  35      50BB2DDB 
  35      DADE
  36 0048 B668FF31 		.ascii	"\266h\3771JB\371+bC\233\266\246\246\024\"\254\355\262"
  36      4A42F92B 
  36      62439BB6 
  36      A6A61422 
  36      ACEDB2
  37 005b 9E3373A9 		.ascii	"\2363s\251w\321\230\270\311\316\316\234\371\2763\337"
  37      77D198B8 
  37      C9CECE9C 
  37      F9BE33DF 
  38 006b F9CECC6A 		.ascii	"\371\316\314j\354\237\237\030~_0\030\333\210\277\340"
  38      EC9F9F18 
  38      7E5F3018 
  38      DB88BFE0 
  39 007b 67C0DF1B 		.ascii	"g\300\337\033a\314\366sM\337\025e\302\257\311\321\247"
  39      61CCF673 
  39      4DDF1565 
  39      C2AFC9D1 
  39      A7
  40 008c E6A0AB4D 		.ascii	"\346\240\253M\337\352D\347\346X5\356\030\2312\032\301"
  40      DFEA44E7 
  40      E65835EE 
  40      1899321A 
  40      C1
  41 009d 54611380 		.ascii	"Ta\023\200&\014X\013\327|\272aB\013\334\340\363\034"
  41      260C580B 
  41      D77CBA61 
  41      420BDCE0 
  41      F31C
  42 00af 2E0CAD8C 		.ascii	".\014\255\214B\305\027B\264\336\356\370\355\362f\007"
  42      42C51742 
  42      B4DEEEF8 
  42      EDF26607 
  43 00bf B29CB105 		.ascii	"\262\234\261\005\316\340\341(<\030%\306\227P\301\020"
  43      CEE0E128 
  43      3C1825C6 
  43      9750C110 
  44 00cf 387E78AA 		.ascii	"8~x\252\243H{\010h>6<$x\371'H\232\235J\307\034\273G"
  44      A3487B08 
  44      683E363C 
  44      2478F927 
  44      489A9D4A 
  45 00e7 ACE4F3C4 		.ascii	"\254\344\363\304\204$h^2}\020\237{\363\354\357\272\266"
  45      8424685E 
  45      327D109F 
ARM GAS  C:\Users\Thomas\AppData\Local\Temp\ccXxXQVh.s 			page 3


  45      7BF3ECEF 
  45      BAB6
  46 00f9 5E729337 		.ascii	"^r\2237;[$\265g\272O<\341\241~\365\257\324\371D\356"
  46      3B5B24B5 
  46      67BA4F3C 
  46      E1A17EF5 
  46      AFD4F944 
  47 010e 52C84808 		.ascii	"R\310H\010!J`?\224C/\224\223<\324\3655\030\300\030_"
  47      214A603F 
  47      94432F94 
  47      933CD4F5 
  47      3518C018 
  48 0123 8DF6AF73 		.ascii	"\215\366\257sD>\177 u\242;\270\016\030E1\031\306u\226"
  48      443E7F20 
  48      75A23BB8 
  48      0E184531 
  48      19C67596 
  49 0137 E560D060 		.ascii	"\345`\320`\312\265\237\246\001\032\2028\360\220\014"
  49      CAB59FA6 
  49      011A8238 
  49      F0900C
  50 0146 16E1540B 		.ascii	"\026\341T\013\343\340+\246Y\204\266Ke\022\306\346\360"
  50      E3E02BA6 
  50      5984B64B 
  50      6512C6E6 
  50      F0
  51 0157 34F2EE2A 		.ascii	"4\362\356*\347\364\253M\302\311\314|\377\003t\376\022"
  51      E7F4AB4D 
  51      C2C9CC7C 
  51      FF0374FE 
  51      12
  52 0168 D7516226 		.ascii	"\327Qb&9u#r\235g\271.\034[\370H\365/s?\376\344\227!"
  52      39752372 
  52      9D67B92E 
  52      1C5BF848 
  52      F52F733F 
  53 0180 59C4ADCB 		.ascii	"Y\304\255\313o\347\240\013>\264\023X\251\001)\210B\037"
  53      6FE7A00B 
  53      3EB41358 
  53      A9012988 
  53      421F
  54 0192 44E5D6DD 		.ascii	"D\345\326\335+vw\250\262W\320\216\011\375\210\272\303"
  54      2B7677A8 
  54      B257D08E 
  54      09FD88BA 
  54      C3
  55 01a3 DDD2ED7D 		.ascii	"\335\322\355}G\3361)\011\227\313\345\231\376\252\352"
  55      47DE3129 
  55      0997CBE5 
  55      99FEAAEA 
  56 01b3 9404FAE1 		.ascii	"\224\004\372\341\033\250\204\001\220>\301 T\263Ih[\336"
  56      1BA88401 
  56      903EC120 
  56      54B34968 
  56      5BDE
  57 01c5 BDE853A2 		.ascii	"\275\350S\242\374JW{\337\347\013R\027h\014\016 x\002"
  57      FC4A577B 
ARM GAS  C:\Users\Thomas\AppData\Local\Temp\ccXxXQVh.s 			page 4


  57      DFE70B52 
  57      17680C0E 
  57      207802
  58 01d8 1222E442 		.ascii	"\022\"\344Bp\377\347{\367\222\260\007\336\265\023b6"
  58      70FFE77B 
  58      F792B007 
  58      DEB51362 
  58      36
  59 01e9 FF689607 		.ascii	"\377h\226\007\030[\224g\303\267\030F\300\351\256\353"
  59      185B9467 
  59      C3B71846 
  59      C0E9AEEB 
  60 01f9 833E9940 		.ascii	"\203>\231@vn\366\346\310&\005\357\331\206h8\210)\027"
  60      766EF6E6 
  60      C82605EF 
  60      D9866838 
  60      882917
  61 020c 391021AD 		.ascii	"9\020!\255\010{/]]\324$\201\023\341\375\364\370\237"
  61      087B2F5D 
  61      5DD42481 
  61      13E1FDF4 
  61      F89F
  62 021e 0197F13A 		.ascii	"\001\227\361:1\016I\206\354\336ad02Uc\273\242\3328\330"
  62      310E4986 
  62      ECDE6164 
  62      30325563 
  62      BBA2DA38 
  63 0233 25248CD2 		.ascii	"%$\214\322I\177\323\033\224N\263\300=\333y\366\277\375"
  63      497FD31B 
  63      944EB3C0 
  63      3DDB79F6 
  63      BFFD
  64 0245 1BF2FA97 		.ascii	"\033\362\372\227\3518\323iH\377dO>M\317]3\310@\333y"
  64      E938D369 
  64      48FF644F 
  64      3E4DCF5D 
  64      33C840DB 
  65 025a 9C2CCCA0 		.ascii	"\234,\314\240\205G\\\013\217\242\205c\320*\336\220\267"
  65      85475C0B 
  65      8FA28563 
  65      D02ADE90 
  65      B7
  66 026b 0A2F049E 		.ascii	"\012/\004\236,\325\371\012\325q\251n\340\330KJ]\340"
  66      2CD5F90A 
  66      D571A96E 
  66      E0D84B4A 
  66      5DE0
  67 027d FFF4F63B 		.ascii	"\377\364\366;\257\266\373bd7\217y\244\034\277\337MS"
  67      AFB6FB62 
  67      64378F79 
  67      A41CBFDF 
  67      4D53
  68 028f 1DE29E33 		.ascii	"\035\342\2363\2722r\012\244\267-\014\034\004OB\353\214"
  68      BA32720A 
  68      A4B72D0C 
  68      1C044F42 
  68      EB8C
ARM GAS  C:\Users\Thomas\AppData\Local\Temp\ccXxXQVh.s 			page 5


  69 02a1 0B09228A 		.ascii	"\013\011\"\212\224\245\177-S\201\020\022\272G\333\373"
  69      94A57F2D 
  69      53811012 
  69      BA47DBFB 
  70 02b1 78F35DF1 		.ascii	"x\363]\361\226\360gy0\207F\027\334\314\240\\^\021\373"
  70      96F06779 
  70      30874617 
  70      DCCCA05C 
  70      5E11FB
  71 02c4 B226A917 		.ascii	"\262&\251\0276\242Bp\002\232\341\244+\177p0\265\327"
  71      36A24270 
  71      029AE1A4 
  71      2B7F7030 
  71      B5D7
  72 02d6 35ECC52C 		.ascii	"5\354\305,/\202SX\300\022\361\344n\373\304\324qN\305"
  72      2F825358 
  72      C012F1E4 
  72      6EFBC4D4 
  72      714EC5
  73 02e9 D94EAF46 		.ascii	"\331N\257FE\014C\365\035u\033\276\207\312\265n\206\244"
  73      450C43F5 
  73      1D751BBE 
  73      87CAB56E 
  73      86A4
  74 02fb 9B3ADB83 		.ascii	"\233:\333\203\017\210\354\2247\0151%L\355\223\261\255"
  74      0F88EC94 
  74      370D3125 
  74      4CED93B1 
  74      AD
  75 030c 1DF31707 		.ascii	"\035\363\027\007\002\252\200\242\265\005\204s\330\213"
  75      02AA80A2 
  75      B5058473 
  75      D88B
  76 031a 8202C272 		.ascii	"\202\002\302r\231\264\023\037I\373\005\2414\370\001"
  76      99B4131F 
  76      49FB05A1 
  76      34F801
  77 0329 0B384D05 		.ascii	"\0138M\005\300\031\014{M\012\253S\332:\015\265.\306"
  77      C0190C7B 
  77      4D0AAB53 
  77      DA3A0DB5 
  77      2EC6
  78 033b 53304A90 		.ascii	"S0J\220?\202*\024\361\346W~\035\\\376\370V\030\363c"
  78      3F822A14 
  78      F1E6577E 
  78      1D5CFEF8 
  78      5618F363 
  79 034f 9F90500C 		.ascii	"\237\220P\014ge\356s\224{\002\332V\237Sd\315s\232\371"
  79      6765EE73 
  79      947B02DA 
  79      569F5364 
  79      CD739AF9 
  80 0363 CC70DF93 		.ascii	"\314p\337\223N\206\234W\317\303\373\0362\332\337\017"
  80      4E869C57 
  80      CFC3FB1E 
  80      32DADF0F 
  81 0373 C220CC05 		.ascii	"\302 \314\005\371 \256\001\307\253\247M\247\"\350\231"
ARM GAS  C:\Users\Thomas\AppData\Local\Temp\ccXxXQVh.s 			page 6


  81      F920AE01 
  81      C7ABA74D 
  81      A722E899 
  82 0383 6FB84010 		.ascii	"o\270@\020\241.B\224\177\360\010Zi\260L\231\347b\032"
  82      A12E4294 
  82      7FF0085A 
  82      69B04C99 
  82      E7621A
  83 0396 6C1ADA9C 		.ascii	"l\032\332\234\245\335n\377K\327\332\027Y\240\326\300"
  83      A5DD6EFF 
  83      4BD7DA17 
  83      59A0D6C0 
  84 03a6 0834E35F 		.ascii	"\0104\343_[\011:\317eo\366\223\367\245\2627\246\267"
  84      5B093ACF 
  84      656FF693 
  84      F7A5B237 
  84      A6B7
  85 03b8 37BADB1B 		.ascii	"7\272\333\033\271\017l\006l\247\353\034W\271\245J\274"
  85      B90F6C06 
  85      6CA7EB1C 
  85      57B9A54A 
  85      BC
  86 03c9 08A5C6D1 		.ascii	"\010\245\306\321C\267\201\024\351\211\015\370/\011\224"
  86      43B78114 
  86      E9890DF8 
  86      2F0994
  87 03d8 00455654 		.ascii	"\000EVT\305\236\261\032\254xm\243U\277\265fGS\274\316"
  87      C59EB11A 
  87      AC786DA3 
  87      55BFB566 
  87      4753BCCE 
  88 03ec 8A6DAED9 		.ascii	"\212m\256\331\361\364c\261-5Omy\362\271\347\267\326"
  88      F1F463B1 
  88      2D354F6D 
  88      79F2B9E7 
  88      B7D6
  89 03fe 6DDF5955 		.ascii	"m\337YU\307\212\343\326kM\326\316\306\215\265\015\365"
  89      C78AE3D6 
  89      6B4DD6CE 
  89      C68DB50D 
  89      F5
  90 040f DBADFAC8 		.ascii	"\333\255\372\310\266\206F+\376Jm\235\265\251\351\325"
  90      B686462B 
  90      FE4A6D9D 
  90      B5A9E9D5 
  91 041f 97ADF85F 		.ascii	"\227\255\370_\310=DA"
  91      C83D4441 
  92              		.text
  93              		.section	.gnu.lto_.symbol_nodes.c0d683ab,"",%progbits
  94 0000 789C6366 		.ascii	"x\234cf``0e\200\002&\206z\006\206\011\347\030\030\352"
  94      60603065 
  94      80022686 
  94      7A068609 
  94      E71818EA 
  95 0014 EB19E62D 		.ascii	"\353\031\346-\340``ed\020\250g`eb\004\222\214\314\365"
  95      E0606065 
  95      6410A867 
ARM GAS  C:\Users\Thomas\AppData\Local\Temp\ccXxXQVh.s 			page 7


  95      60656204 
  95      928CCCF5 
  96 0028 8C103986 		.ascii	"\214\0209\206\206\006\016\006f <r\372\030\033\003\000"
  96      86060E06 
  96      66203C72 
  96      FA181B03 
  96      00
  97 0039 27710B52 		.ascii	"'q\013R"
  98              		.text
  99              		.section	.gnu.lto_.refs.c0d683ab,"",%progbits
 100 0000 789C6366 		.ascii	"x\234cf``\340d\200\000&\006\006Fn\006&\001\006\000\001"
 100      6060E064 
 100      80002606 
 100      06466E06 
 100      26010600 
 101 0015 62002D   		.ascii	"b\000-"
 102              		.text
 103              		.section	.gnu.lto_.decls.c0d683ab,"",%progbits
 104 0000 789C9D56 		.ascii	"x\234\235VkL\024W\024\236\263\003\2730\254`!AKL\\1\241"
 104      6B4C1457 
 104      149EB303 
 104      BB30AC60 
 104      21414B4C 
 105 0017 B62186A6 		.ascii	"\266!\206\246i\323\177\245\242\261Im%\005\177\230\232"
 105      69D37FA5 
 105      A2B1496D 
 105      25057F98 
 105      9A
 106 0028 D0151625 		.ascii	"\320\025\026%!\202\313\322\306\376\032@\003\210X\240"
 106      2182CBD2 
 106      C6FE1A40 
 106      038858A0 
 107 0038 DA2291BA 		.ascii	"\332\"\221\272\012\310\012\362\020_\274\024D\204U\036"
 107      0AC80AF2 
 107      105FBC14 
 107      4484551E 
 108 0048 D2AA28A8 		.ascii	"\322\252(\250\260\274\254\200\302\362\220W\205\355\271"
 108      B0BCAC80 
 108      C2F29057 
 108      85EDB9
 109 0057 77667759 		.ascii	"wfwY\272\330\332I>\230\263\367\273\3379\367\234s\357"
 109      BAD8DA49 
 109      3E98B3F7 
 109      BBDF39F7 
 109      9C73EF
 110 006a 5C966198 		.ascii	"\\\226a\230z\204\011\237R\216aR\201a$h\0072\326\207"
 110      7A84099F 
 110      528E6152 
 110      81612468 
 110      0732D687 
 111 007e D8171017 		.ascii	"\330\027\020\027\305\367nD\037c\373\220\361w\020\205"
 111      C5F76E44 
 111      1F63FB90 
 111      F1771085 
 112 008e 084FC417 		.ascii	"\010O\304\027\210\036\204\034aD\214\"\306\021c\242\366"
 112      881E841C 
 112      61448C22 
ARM GAS  C:\Users\Thomas\AppData\Local\Temp\ccXxXQVh.s 			page 8


 112      C61163A2 
 112      F6
 113 009f 04E229E2 		.ascii	"\004\342)\342\021b\022a@\274B\224\210>\006\021MK|\313"
 113      11621261 
 113      40BC4294 
 113      883E0611 
 113      4D4B7CCB 
 114 00b3 10538869 		.ascii	"\020S\210i\304\314\2428f\021sK\342\031\223@{Mb\242\023"
 114      C4CCA238 
 114      6611734B 
 114      E2199340 
 114      7B4D62A2 
 115 00c8 2B01F29E 		.ascii	"+\001\362\236\223\331s\237\363-\340y>\211\257\255\005"
 115      93D9739F 
 115      F32DE079 
 115      3E89AFAD 
 115      05
 116 00d9 2B29EE6C 		.ascii	"+)\356l\325\021\331s\011xr\324<\332\224u\203\245\246"
 116      D511D973 
 116      097872D4 
 116      3CDA9475 
 116      83A5A6
 117 00ec 89CC9374 		.ascii	"\211\314\223tt\034\233e\201\363I\342\371x\336\230\301"
 117      741C9B65 
 117      81F349E2 
 117      F978DE98 
 117      C1
 118 00fd B3AB19F0 		.ascii	"\263\253\031\360\365\202\367\275\0308\017>H\003\035"
 118      F582F7BD 
 118      18380F3E 
 118      48031D
 119 010c F832700E 		.ascii	"\3702p\016\274\240\000\274\230\\t`<u\277s\015\317;@"
 119      BCA000BC 
 119      985C7460 
 119      3C75BF73 
 119      0DCF3B40 
 120 0120 2170900F 		.ascii	"!p\220\017,e0\014\365 :\255(\236lqA/\256\234\202\230"
 120      2C65300C 
 120      F5203AAD 
 120      289E6C71 
 120      412FAE9C 
 121 0136 9519FA4C 		.ascii	"\225\031\372L)\232r\316\201\230\311\007K\331U\307Q\211"
 121      299A72CE 
 121      8198C907 
 121      4BD955C7 
 121      5189
 122 0148 4F4BE057 		.ascii	"OK\340W\012:E\350\240\030\0350P\002\253\360\357\267"
 122      0A3A45E8 
 122      A0181D30 
 122      5002ABF0 
 122      EFB7
 123 015a 0E825277 		.ascii	"\016\202Rw\307\223i`?\242k\234*x\221\341\250\370\215"
 123      C7936960 
 123      3FA26B9C 
 123      2A7891E1 
 123      A8F88D
 124 016d D7961AB3 		.ascii	"\327\226\032\263s\332\331\023\2746\236_0\341:\310\034"
ARM GAS  C:\Users\Thomas\AppData\Local\Temp\ccXxXQVh.s 			page 9


 124      73DAD913 
 124      BC369E5F 
 124      30E13AC8 
 124      1C
 125 017e 28B544C2 		.ascii	"(\265D\302\220w\032\012\\\000\005Nl\\\230\011bc\251"
 125      90771A0A 
 125      5C00054E 
 125      6C5C9809 
 125      6263A9
 126 0191 C6CFB313 		.ascii	"\306\317\263\023\375n\250a\340\215\005\267Fw\246'\244"
 126      FD6EA861 
 126      E08D05B7 
 126      4677A627 
 126      A4
 127 01a2 E5F20693 		.ascii	"\345\362\006\223i\255\240Q\266H\243\314\254q\221j\224"
 127      69ADA051 
 127      B648A3CC 
 127      AC71916A 
 127      94
 128 01b3 D614263B 		.ascii	"\326\024&;\323%}Gt\246\017\031\2239\272$91\223\036V"
 128      D3257D47 
 128      74A60F19 
 128      9339BA24 
 128      3931931E 
 129 01c8 5D95B195 		.ascii	"]\225\261\225@}\334\354\316M\341\330\033\202\221\327"
 129      407DDCEC 
 129      CE4DE1D8 
 129      1B8291D7 
 130 01d8 9C3AC0B1 		.ascii	"\234:\300\261\315\202\321\324;3!\247\"+\351\342R3\316"
 130      CD82D1D4 
 130      3B3321A7 
 130      222BE9E2 
 130      5233CE
 131 01eb 726CBB30 		.ascii	"rl\2730vb\272\271\301\215\216\255&f|\325\3648\307v\213"
 131      7662BAB9 
 131      C18D8EAD 
 131      26667CD5 
 131      F438C776 
 132 0200 2267DBE6 		.ascii	"\"g\333\346\244l\277`\350z[3VP\342\006bf=\034\230di"
 132      A46CBF60 
 132      E87A5B33 
 132      5650E206 
 132      62663D1C 
 133 0217 24126266 		.ascii	"$\022bf\217\217T;\263\303\002\325\\|\205P\374_\207g"
 133      8F8F543B 
 133      B3C302D5 
 133      5C7C8550 
 133      FC5F8767 
 134 022b 2E3951D3 		.ascii	".9Q\323dbI\365\377\352+\316\227\202\017'\224\265](k"
 134      646249F5 
 134      FFEA2BCE 
 134      97820F27 
 134      94B55D28 
 135 0240 3D96A3D6 		.ascii	"=\226\243\326ZV\205XV\332!|\002\357\250se\240\002\313"
 135      5A568558 
 135      56DA217C 
 135      02EFA873 
ARM GAS  C:\Users\Thomas\AppData\Local\Temp\ccXxXQVh.s 			page 10


 135      65A002CB 
 136 0254 5583E582 		.ascii	"U\203\345\202\233\330$\012\261In\340\217u\370#z\232"
 136      9BD8240A 
 136      B1496EE0 
 136      8F75F823 
 136      7A9A
 137 0266 9CAF1B64 		.ascii	"\234\257\033d\331q!\212\356\351\356:\031\015\330\217"
 137      D971218A 
 137      EEE9EE3A 
 137      190DD88F 
 138 0276 980BF5AF 		.ascii	"\230\013\365\257uRv^\030\313=\376\313yG\032\275\023"
 138      7552765E 
 138      18CB3DFE 
 138      CB79471A 
 138      BD13
 139 0288 31DB066B 		.ascii	"1\333\006k^8\262I\264\247]\026\332G\214r\360&\217\007"
 139      5E38B249 
 139      B4A75D16 
 139      DA478C72 
 139      F0268F07 
 140 029c F9E3A3C5 		.ascii	"\371\343\243\305\020\214\005\347\012\224c\361\374\221"
 140      108C05E7 
 140      0A9463F1 
 140      FC91
 141 02aa D5B46FCA 		.ascii	"\325\264o\3121\320\273\340a\356\331\015\244\203*H\037"
 141      31D0BBE0 
 141      61EED90D 
 141      A4832A48 
 141      1F
 142 02bb 3184AC2D 		.ascii	"1\204\254-\031p\314\364\243\304\333\266D=,a\026X\230"
 142      1970CCF4 
 142      A3C4DBB6 
 142      443D2C61 
 142      165898
 143 02ce 957624AB 		.ascii	"\225v$\253\254\304\363\026\3425;\304\353Vb\241\205X"
 143      ACC4F316 
 143      E2353BC4 
 143      EB5662A1 
 143      8558
 144 02e0 6D875844 		.ascii	"m\207XD\211\351t\027\360\274\277\232\201K\230\276\313"
 144      89E97417 
 144      F0BCBF9A 
 144      814B98BE 
 144      CB
 145 02f1 342CC2C5 		.ascii	"4,\302\305\214\302}Ln\033x\303\357\210;\210fD+\242\005"
 145      8CC27D4C 
 145      6E1B78C3 
 145      EF883B88 
 145      66442BA2 
 146 0306 710FF107 		.ascii	"q\017\361\007\242\011\274iy\250\313S\026\227W\354\270"
 146      A209BC69 
 146      79A8CB53 
 146      169757EC 
 146      B8
 147 0317 FCC0129A 		.ascii	"\374\300\022\232\316\302\273j\207\347k\341\025\037\222"
 147      CEC2BB6A 
 147      87E76BE1 
ARM GAS  C:\Users\Thomas\AppData\Local\Temp\ccXxXQVh.s 			page 11


 147      151F92
 148 0326 EAFC6843 		.ascii	"\352\374hC4\212<K\341\205\004Z%\213,\324[K\251T\264"
 148      348A3C4B 
 148      E185045A 
 148      258B2CD4 
 148      5B4BA954 
 149 033b 81AE9734 		.ascii	"\201\256\2274\232!;O\312\003\2410\346\315f98\306\352"
 149      9A213B4F 
 149      CA03A130 
 149      E6CD6639 
 149      38C6EA
 150 034e F27F92B0 		.ascii	"\362\177\222\260Wh\375%\351\015\275\331\316\340\343"
 150      5768FD25 
 150      E90DBDD9 
 150      CEE0E3
 151 035d 412795AB 		.ascii	"A'\225\253\234\340!\252>\260v&Q\240\217\275,B;&\357"
 151      9CE021AA 
 151      3EB07626 
 151      51A08FBD 
 151      2C423B26 
 152 0372 FF2412A3 		.ascii	"\377$\022\243H\0318\323(\363@\325\2707\2512o#\331q&"
 152      481938D3 
 152      28F340D5 
 152      B837A932 
 152      6F23D971 
 153 0387 F5962BDD 		.ascii	"\365\226+\335\003\006)\261\023gu\003@\373>\222\230\257"
 153      030629B1 
 153      13677503 
 153      40FB3E92 
 153      98AF
 154 0399 135E4EB1 		.ascii	"\023^N\261\\\222x&:\353]q`\321\231\370\030p\023b\036"
 154      5C927826 
 154      3AEB5D71 
 154      60D199F8 
 154      18701362 
 155 03ae 69D6C9E9 		.ascii	"i\326\311\3513\242osqO\023\227\255P\323\314t \275\223"
 155      33A26F73 
 155      714F1397 
 155      AD50D3CC 
 155      7420BD93 
 156 03c2 D29F80BB 		.ascii	"\322\237\200\273y\022a\327\\\256\326\273.f?z\023{\256"
 156      791261D7 
 156      5CAED6BB 
 156      2E663F7A 
 156      137BAE
 157 03d5 FC608E33 		.ascii	"\374`\2163\333\"|V\346\363\037\317\271\256?\315\367"
 157      DB227C56 
 157      E6F31FCF 
 157      B9AE3FCD 
 157      F7
 158 03e6 C7190BF2 		.ascii	"\307\031\013\362\026\374\217\363i\307\264\274\321\364"
 158      16FC8FF3 
 158      69C7B4BC 
 158      D1F4
 159 03f4 D95A780A 		.ascii	"\331Zx\012\356\320%\324b\221V\227phB7\254\307\331\255"
 159      EED025D4 
 159      62915697 
ARM GAS  C:\Users\Thomas\AppData\Local\Temp\ccXxXQVh.s 			page 12


 159      70684237 
 159      ACC7D9AD 
 160 0408 5949931C 		.ascii	"YI\223\034'~Z\222\376\345\323\202\374\206\342\270\354"
 160      277E5A92 
 160      FEE5D382 
 160      FC86E2B8 
 160      EC
 161 0419 15F2C384 		.ascii	"\025\362\303\204/f\301`\363i\350\001\271\230NcbK\212"
 161      2F66C160 
 161      F369E801 
 161      B9984E63 
 161      624B8A
 162 042c 0BFB4808 		.ascii	"\013\373H\010\362\371\305\224\333N\030\2446\3360\232"
 162      F2F9C594 
 162      DB4E18A4 
 162      36DE309A 
 163 043c 7057AED5 		.ascii	"pW\256\325\327\322#\235\320\241W\014\321*\322+\206\330"
 163      D7D2239D 
 163      D0A1570C 
 163      D12AD22B 
 163      86D8
 164 044e 47432CCB 		.ascii	"GC,\313\311\273\"\034\353\3764\2619\206a\241,2b\032"
 164      C9BB221C 
 164      EBFE34B1 
 164      398661A1 
 164      2C32621A 
 165 0462 16D278B7 		.ascii	"\026\322x\267\345\313\362\314\\\226\001!\3766\276\265"
 165      E5CBF2CC 
 165      5C960121 
 165      FE36BEB5 
 166 0472 4422265A 		.ascii	"D\"&Z\313+\200\356\260~\360\0227\313\2374\321\317\314"
 166      CB2B80EE 
 166      B07EF012 
 166      37CB9F34 
 166      D1CFCC
 167 0485 899EBE77 		.ascii	"\211\236\276w\357\016\260\243t\015\354\360\311\256\001"
 167      EF0EB0A3 
 167      740DECF0 
 167      C9AE01
 168 0494 19787B90 		.ascii	"\031x{\2203\016?M\203};\261\375\360\214\3039\360\034"
 168      330E3F4D 
 168      837D3BB1 
 168      FDF08CC3 
 168      39F01C
 169 04a7 D7308425 		.ascii	"\3270\204%3+-\332\315\351\242/\377\375\314\"GCb\333"
 169      332B2DDA 
 169      CDE9A22F 
 169      FFFDCC22 
 169      474362DB 
 170 04bb 0F639A07 		.ascii	"\017c\232\007\305\036\244\233(5\237\354\274!{;\357d"
 170      C51EA49B 
 170      28359FEC 
 170      BC217B3B 
 170      EF64
 171 04cd 67EB1307 		.ascii	"g\353\023\007vJ\330y\263\035\017\316\310\300\303\307"
 171      764AD879 
 171      B31D0FCE 
ARM GAS  C:\Users\Thomas\AppData\Local\Temp\ccXxXQVh.s 			page 13


 171      C8C0C3C7 
 172 04dd 9E3C8CA0 		.ascii	"\236<\214\240\352\262\0362\3678\301K\034|a\335\246C"
 172      EAB21E32 
 172      F738C14B 
 172      1C7C61DD 
 172      A643
 173 04ef E66D8A5E 		.ascii	"\346m\212^\352\347\273j\315;kyY\306\242\211S\252['_"
 173      EAE7BB6A 
 173      CD3B6B79 
 173      59C6A289 
 173      53AA5B27 
 174 0504 824D538C 		.ascii	"\202MS\214\"\313Z\004\243\320\024\344?\262/O\035\256"
 174      22CB5A04 
 174      A3D014E4 
 174      3FB22F4F 
 174      1DAE
 175 0516 58412A96 		.ascii	"XA*\226\360\037n3\344\013Y\255?\015\213K6\266l\311`"
 175      F01F6E33 
 175      E40B59AD 
 175      3F0D8B4B 
 175      36B66CC9 
 176 052b 1CDCC907 		.ascii	"\034\334\311\007v\250\250\3126\036\262\025\254\361L"
 176      76A8A8CA 
 176      361EB215 
 176      ACF14C
 177 053a 88F14CD0 		.ascii	"\210\361L\320xf\017^/s\263a\223\256\264\262'E\366$e"
 177      78660F5E 
 177      2F73B361 
 177      93AEB4B2 
 177      2745F624 
 178 054f CF9CEE79 		.ascii	"\317\234\356yf\313&\267\022+\373\225\310~E\331\372\354"
 178      66CB26B7 
 178      122BFB95 
 178      C87E45D9 
 178      FAEC
 179 0561 F8A3D275 		.ascii	"\370\243\322u\247\310\235\257v\023\004z\322\353\216"
 179      A7C89DAF 
 179      7613047A 
 179      D2EB8E
 180 0570 70679982 		.ascii	"pg\231\202u\344\262\367\262\261\\F\011xa\352\224\363"
 180      75E4B2F7 
 180      B2B15C46 
 180      097861EA 
 180      94F3
 181 0582 C71C6C59 		.ascii	"\307\034lY\323\224\245+\231Ov\246,\355\014\257sbl93"
 181      D394A52B 
 181      994F76A6 
 181      2CED0CAF 
 181      73626C39 
 182 0597 94933775 		.ascii	"\224\2237u-\301\301\276\253YJ\210\2736\230\005\202H"
 182      2DC1C1BE 
 182      AB594A88 
 182      BB369805 
 182      8248
 183 05a9 25DE11C0 		.ascii	"%\336\021\300\2263\007\353\030\307\330\210}\232O\245"
 183      963307EB 
 183      18C7D888 
ARM GAS  C:\Users\Thomas\AppData\Local\Temp\ccXxXQVh.s 			page 14


 183      7D9A4FA5 
 184 05b9 5BBFDEA1 		.ascii	"[\277\336\241\010`\326o\334\265U\265O\245VjTa!AQ\261"
 184      0860D66F 
 184      DCB555B5 
 184      4FA5566A 
 184      54612141 
 185 05cf EA50D5AE 		.ascii	"\352P\325\256\300\240\250\200\217w\205\036\320\034\210"
 185      C0A0A880 
 185      8F77851E 
 185      D01C88
 186 05de 56C56CDC 		.ascii	"V\305l\334\313\274\273#h\323\216\317\277\011\016\331"
 186      CBBCBB23 
 186      68D38ECF 
 186      BF090ED9 
 187 05ee 1C1113AD 		.ascii	"\034\021\023\255\324\204\356\015\210T\306\304|\263?"
 187      D484EE0D 
 187      8854C6C4 
 187      7CB33F
 188 05fd 46F3DEB2 		.ascii	"F\363\336\262\263\315SB#c6\2062k\376\241\2609\340-D"
 188      B3CD5342 
 188      23633686 
 188      326BFEA1 
 188      B039E02D 
 189 0612 A2BFD760 		.ascii	"\242\277\327`\030R\245F\243\216\330\315)\243#\266D\007"
 189      1852A546 
 189      A38ED8CD 
 189      29A323B6 
 189      4407
 190 0624 6990EEBC 		.ascii	"i\220\356\274\367\007\361\315I\025\035\034\265gO\244"
 190      F707F1CD 
 190      49151D1C 
 190      B5674FA4 
 191 0634 CA411916 		.ascii	"\312A\031\026\246\226\252\242\277\212\012SI\311B?\374"
 191      A696AAA2 
 191      BF8A0A53 
 191      49C9423F 
 191      FC
 192 0645 84DB1D1B 		.ascii	"\204\333\035\033\036\276=<<F\245\241\257*uP\304\217"
 192      1EBE3D3C 
 192      3C46A5A1 
 192      AF2A7550 
 192      C48F
 193 0657 2A671C53 		.ascii	"*g\034S\251\303\225\241\252\345S \372G\337\236\301!"
 193      A9C395A1 
 193      AAE55320 
 193      FA47DF9E 
 193      C121
 194 0669 E660B604 		.ascii	"\346`\266\004\206\004\004o\013\331\264m{\300\227\234"
 194      8604046F 
 194      0BD9B46D 
 194      7BC0979C 
 195 0679 F5474FF3 		.ascii	"\365GO\363\253E\227.\020C\331\254\324(W\231GU\321~!"
 195      AB45972E 
 195      1043D9AC 
 195      D4285799 
 195      4755D17E 
 196 068e 61F84348 		.ascii	"a\370CH\214F\035\033\252\371\033\277\213\307\214"
ARM GAS  C:\Users\Thomas\AppData\Local\Temp\ccXxXQVh.s 			page 15


 196      8C461D1B 
 196      AAF91BBF 
 196      8BC78C
 197              		.text
 198              		.section	.gnu.lto_.symtab.c0d683ab,"",%progbits
 199 0000 55534255 		.ascii	"USBUART_DispatchClassRqst\000\000\000\000\000\000\000"
 199      4152545F 
 199      44697370 
 199      61746368 
 199      436C6173 
 200 0020 00000000 		.ascii	"\000\000\000\000\000\261\000\000\000USBUART_EP\000\000"
 200      00B10000 
 200      00555342 
 200      55415254 
 200      5F455000 
 201 0035 02000000 		.ascii	"\002\000\000\000\000\000\000\000\000\000\337\000\000"
 201      00000000 
 201      0000DF00 
 201      00
 202 0042 00555342 		.ascii	"\000USBUART_interfaceClass\000\000\002\000\000\000\000"
 202      55415254 
 202      5F696E74 
 202      65726661 
 202      6365436C 
 203 0060 00000000 		.ascii	"\000\000\000\000\000\343\000\000\000USBUART_Dispatc"
 203      00E30000 
 203      00555342 
 203      55415254 
 203      5F446973 
 204 0078 68434443 		.ascii	"hCDCClassRqst\000\000\002\000\000\000\000\000\000\000"
 204      436C6173 
 204      73527173 
 204      74000002 
 204      00000000 
 205 008f 0000B300 		.ascii	"\000\000\263\000\000\000"
 205      0000
 206              		.text
 207              		.section	.gnu.lto_.opts,"",%progbits
 208 0000 272D666E 		.ascii	"'-fno-trapv' '-mcpu=cortex-m3' '-mthumb' '-g' '-O3'"
 208      6F2D7472 
 208      61707627 
 208      20272D6D 
 208      6370753D 
 209 0033 20272D66 		.ascii	" '-ffunction-sections' '-finline-functions' '-flto'"
 209      66756E63 
 209      74696F6E 
 209      2D736563 
 209      74696F6E 
 210 0066 20272D66 		.ascii	" '-ffat-lto-objects'\000"
 210      6661742D 
 210      6C746F2D 
 210      6F626A65 
 210      63747327 
 211              		.text
 212              		.cfi_sections	.debug_frame
 213              		.section	.text.USBUART_DispatchClassRqst,"ax",%progbits
 214              		.align	2
ARM GAS  C:\Users\Thomas\AppData\Local\Temp\ccXxXQVh.s 			page 16


 215              		.global	USBUART_DispatchClassRqst
 216              		.thumb
 217              		.thumb_func
 218              		.type	USBUART_DispatchClassRqst, %function
 219              	USBUART_DispatchClassRqst:
 220              	.LFB0:
 221              		.file 1 ".\\Generated_Source\\PSoC5\\USBUART_cls.c"
   1:.\Generated_Source\PSoC5/USBUART_cls.c **** /***************************************************************************//**
   2:.\Generated_Source\PSoC5/USBUART_cls.c **** * \file USBUART_cls.c
   3:.\Generated_Source\PSoC5/USBUART_cls.c **** * \version 3.0
   4:.\Generated_Source\PSoC5/USBUART_cls.c **** *
   5:.\Generated_Source\PSoC5/USBUART_cls.c **** * \brief
   6:.\Generated_Source\PSoC5/USBUART_cls.c **** *  This file contains the USB Class request handler.
   7:.\Generated_Source\PSoC5/USBUART_cls.c **** *
   8:.\Generated_Source\PSoC5/USBUART_cls.c **** ********************************************************************************
   9:.\Generated_Source\PSoC5/USBUART_cls.c **** * \copyright
  10:.\Generated_Source\PSoC5/USBUART_cls.c **** * Copyright 2008-2015, Cypress Semiconductor Corporation.  All rights reserved.
  11:.\Generated_Source\PSoC5/USBUART_cls.c **** * You may use this file only in accordance with the license, terms, conditions,
  12:.\Generated_Source\PSoC5/USBUART_cls.c **** * disclaimers, and limitations in the end user license agreement accompanying
  13:.\Generated_Source\PSoC5/USBUART_cls.c **** * the software package with which this file was provided.
  14:.\Generated_Source\PSoC5/USBUART_cls.c **** *******************************************************************************/
  15:.\Generated_Source\PSoC5/USBUART_cls.c **** 
  16:.\Generated_Source\PSoC5/USBUART_cls.c **** #include "USBUART_pvt.h"
  17:.\Generated_Source\PSoC5/USBUART_cls.c **** #include "cyapicallbacks.h"
  18:.\Generated_Source\PSoC5/USBUART_cls.c **** 
  19:.\Generated_Source\PSoC5/USBUART_cls.c **** #if(USBUART_EXTERN_CLS == USBUART_FALSE)
  20:.\Generated_Source\PSoC5/USBUART_cls.c **** 
  21:.\Generated_Source\PSoC5/USBUART_cls.c **** /***************************************
  22:.\Generated_Source\PSoC5/USBUART_cls.c **** * User Implemented Class Driver Declarations.
  23:.\Generated_Source\PSoC5/USBUART_cls.c **** ***************************************/
  24:.\Generated_Source\PSoC5/USBUART_cls.c **** /* `#START USER_DEFINED_CLASS_DECLARATIONS` Place your declaration here */
  25:.\Generated_Source\PSoC5/USBUART_cls.c **** 
  26:.\Generated_Source\PSoC5/USBUART_cls.c **** /* `#END` */
  27:.\Generated_Source\PSoC5/USBUART_cls.c **** 
  28:.\Generated_Source\PSoC5/USBUART_cls.c **** 
  29:.\Generated_Source\PSoC5/USBUART_cls.c **** /*******************************************************************************
  30:.\Generated_Source\PSoC5/USBUART_cls.c **** * Function Name: USBUART_DispatchClassRqst
  31:.\Generated_Source\PSoC5/USBUART_cls.c **** ****************************************************************************//**
  32:.\Generated_Source\PSoC5/USBUART_cls.c **** *  This routine dispatches class specific requests depend on interface class.
  33:.\Generated_Source\PSoC5/USBUART_cls.c **** *
  34:.\Generated_Source\PSoC5/USBUART_cls.c **** * \return
  35:.\Generated_Source\PSoC5/USBUART_cls.c **** *  requestHandled.
  36:.\Generated_Source\PSoC5/USBUART_cls.c **** *
  37:.\Generated_Source\PSoC5/USBUART_cls.c **** * \reentrant
  38:.\Generated_Source\PSoC5/USBUART_cls.c **** *  No.
  39:.\Generated_Source\PSoC5/USBUART_cls.c **** *
  40:.\Generated_Source\PSoC5/USBUART_cls.c **** *******************************************************************************/
  41:.\Generated_Source\PSoC5/USBUART_cls.c **** uint8 USBUART_DispatchClassRqst(void) 
  42:.\Generated_Source\PSoC5/USBUART_cls.c **** {
 222              		.loc 1 42 0
 223              		.cfi_startproc
 224              		@ args = 0, pretend = 0, frame = 0
 225              		@ frame_needed = 0, uses_anonymous_args = 0
 226              		@ link register save eliminated.
  43:.\Generated_Source\PSoC5/USBUART_cls.c ****     uint8 requestHandled;
  44:.\Generated_Source\PSoC5/USBUART_cls.c ****     uint8 interfaceNumber;
  45:.\Generated_Source\PSoC5/USBUART_cls.c **** 
ARM GAS  C:\Users\Thomas\AppData\Local\Temp\ccXxXQVh.s 			page 17


  46:.\Generated_Source\PSoC5/USBUART_cls.c ****     /* Get interface to which request is intended. */
  47:.\Generated_Source\PSoC5/USBUART_cls.c ****     switch (USBUART_bmRequestTypeReg & USBUART_RQST_RCPT_MASK)
 227              		.loc 1 47 0
 228 0000 124A     		ldr	r2, .L13
 229 0002 1378     		ldrb	r3, [r2]	@ zero_extendqisi2
 230 0004 03F00303 		and	r3, r3, #3
 231 0008 012B     		cmp	r3, #1
 232 000a 1BD0     		beq	.L3
 233 000c 022B     		cmp	r3, #2
 234 000e 07D0     		beq	.L4
 235 0010 0023     		movs	r3, #0
 236              	.L2:
  48:.\Generated_Source\PSoC5/USBUART_cls.c ****     {
  49:.\Generated_Source\PSoC5/USBUART_cls.c ****         case USBUART_RQST_RCPT_IFC:
  50:.\Generated_Source\PSoC5/USBUART_cls.c ****             /* Class-specific request directed to interface: wIndexLoReg 
  51:.\Generated_Source\PSoC5/USBUART_cls.c ****             * contains interface number.
  52:.\Generated_Source\PSoC5/USBUART_cls.c ****             */
  53:.\Generated_Source\PSoC5/USBUART_cls.c ****             interfaceNumber = (uint8) USBUART_wIndexLoReg;
  54:.\Generated_Source\PSoC5/USBUART_cls.c ****             break;
  55:.\Generated_Source\PSoC5/USBUART_cls.c ****         
  56:.\Generated_Source\PSoC5/USBUART_cls.c ****         case USBUART_RQST_RCPT_EP:
  57:.\Generated_Source\PSoC5/USBUART_cls.c ****             /* Class-specific request directed to endpoint: wIndexLoReg contains 
  58:.\Generated_Source\PSoC5/USBUART_cls.c ****             * endpoint number. Find interface related to endpoint, 
  59:.\Generated_Source\PSoC5/USBUART_cls.c ****             */
  60:.\Generated_Source\PSoC5/USBUART_cls.c ****             interfaceNumber = USBUART_EP[USBUART_wIndexLoReg & USBUART_DIR_UNUSED].interface;
  61:.\Generated_Source\PSoC5/USBUART_cls.c ****             break;
  62:.\Generated_Source\PSoC5/USBUART_cls.c ****             
  63:.\Generated_Source\PSoC5/USBUART_cls.c ****         default:
  64:.\Generated_Source\PSoC5/USBUART_cls.c ****             /* Default interface is zero. */
  65:.\Generated_Source\PSoC5/USBUART_cls.c ****             interfaceNumber = 0u;
  66:.\Generated_Source\PSoC5/USBUART_cls.c ****             break;
  67:.\Generated_Source\PSoC5/USBUART_cls.c ****     }
  68:.\Generated_Source\PSoC5/USBUART_cls.c **** 
  69:.\Generated_Source\PSoC5/USBUART_cls.c **** #if (defined(USBUART_ENABLE_HID_CLASS) ||\
  70:.\Generated_Source\PSoC5/USBUART_cls.c ****             defined(USBUART_ENABLE_AUDIO_CLASS) ||\
  71:.\Generated_Source\PSoC5/USBUART_cls.c ****             defined(USBUART_ENABLE_CDC_CLASS) ||\
  72:.\Generated_Source\PSoC5/USBUART_cls.c ****             USBUART_ENABLE_MSC_CLASS)
  73:.\Generated_Source\PSoC5/USBUART_cls.c **** 
  74:.\Generated_Source\PSoC5/USBUART_cls.c ****     /* Handle class request depends on interface type. */
  75:.\Generated_Source\PSoC5/USBUART_cls.c ****     switch (USBUART_interfaceClass[interfaceNumber])
 237              		.loc 1 75 0
 238 0012 0F4A     		ldr	r2, .L13+4
 239 0014 1268     		ldr	r2, [r2]
 240 0016 D35C     		ldrb	r3, [r2, r3]	@ zero_extendqisi2
 241 0018 022B     		cmp	r3, #2
 242 001a 11D0     		beq	.L12
 243              	.L9:
 244              	.LVL0:
  76:.\Generated_Source\PSoC5/USBUART_cls.c ****     {
  77:.\Generated_Source\PSoC5/USBUART_cls.c ****     #if defined(USBUART_ENABLE_HID_CLASS)
  78:.\Generated_Source\PSoC5/USBUART_cls.c ****         case USBUART_CLASS_HID:
  79:.\Generated_Source\PSoC5/USBUART_cls.c ****             requestHandled = USBUART_DispatchHIDClassRqst();
  80:.\Generated_Source\PSoC5/USBUART_cls.c ****             break;
  81:.\Generated_Source\PSoC5/USBUART_cls.c ****     #endif /* (USBUART_ENABLE_HID_CLASS) */
  82:.\Generated_Source\PSoC5/USBUART_cls.c ****             
  83:.\Generated_Source\PSoC5/USBUART_cls.c ****     #if defined(USBUART_ENABLE_AUDIO_CLASS)
  84:.\Generated_Source\PSoC5/USBUART_cls.c ****         case USBUART_CLASS_AUDIO:
ARM GAS  C:\Users\Thomas\AppData\Local\Temp\ccXxXQVh.s 			page 18


  85:.\Generated_Source\PSoC5/USBUART_cls.c ****             requestHandled = USBUART_DispatchAUDIOClassRqst();
  86:.\Generated_Source\PSoC5/USBUART_cls.c ****             break;
  87:.\Generated_Source\PSoC5/USBUART_cls.c ****     #endif /* (USBUART_CLASS_AUDIO) */
  88:.\Generated_Source\PSoC5/USBUART_cls.c ****             
  89:.\Generated_Source\PSoC5/USBUART_cls.c ****     #if defined(USBUART_ENABLE_CDC_CLASS)
  90:.\Generated_Source\PSoC5/USBUART_cls.c ****         case USBUART_CLASS_CDC:
  91:.\Generated_Source\PSoC5/USBUART_cls.c ****             requestHandled = USBUART_DispatchCDCClassRqst();
  92:.\Generated_Source\PSoC5/USBUART_cls.c ****             break;
  93:.\Generated_Source\PSoC5/USBUART_cls.c ****     #endif /* (USBUART_ENABLE_CDC_CLASS) */
  94:.\Generated_Source\PSoC5/USBUART_cls.c ****         
  95:.\Generated_Source\PSoC5/USBUART_cls.c ****     #if (USBUART_ENABLE_MSC_CLASS)
  96:.\Generated_Source\PSoC5/USBUART_cls.c ****         case USBUART_CLASS_MSD:
  97:.\Generated_Source\PSoC5/USBUART_cls.c ****         #if (USBUART_HANDLE_MSC_REQUESTS)
  98:.\Generated_Source\PSoC5/USBUART_cls.c ****             /* MSC requests are handled by the component. */
  99:.\Generated_Source\PSoC5/USBUART_cls.c ****             requestHandled = USBUART_DispatchMSCClassRqst();
 100:.\Generated_Source\PSoC5/USBUART_cls.c ****         #elif defined(USBUART_DISPATCH_MSC_CLASS_RQST_CALLBACK)
 101:.\Generated_Source\PSoC5/USBUART_cls.c ****             /* MSC requests are handled by user defined callbcak. */
 102:.\Generated_Source\PSoC5/USBUART_cls.c ****             requestHandled = USBUART_DispatchMSCClassRqst_Callback();
 103:.\Generated_Source\PSoC5/USBUART_cls.c ****         #else
 104:.\Generated_Source\PSoC5/USBUART_cls.c ****             /* MSC requests are not handled. */
 105:.\Generated_Source\PSoC5/USBUART_cls.c ****             requestHandled = USBUART_FALSE;
 106:.\Generated_Source\PSoC5/USBUART_cls.c ****         #endif /* (USBUART_HANDLE_MSC_REQUESTS) */
 107:.\Generated_Source\PSoC5/USBUART_cls.c ****             break;
 108:.\Generated_Source\PSoC5/USBUART_cls.c ****     #endif /* (USBUART_ENABLE_MSC_CLASS) */
 109:.\Generated_Source\PSoC5/USBUART_cls.c ****         
 110:.\Generated_Source\PSoC5/USBUART_cls.c ****         default:
 111:.\Generated_Source\PSoC5/USBUART_cls.c ****             /* Request is not handled: unknown class request type. */
 112:.\Generated_Source\PSoC5/USBUART_cls.c ****             requestHandled = USBUART_FALSE;
 113:.\Generated_Source\PSoC5/USBUART_cls.c ****             break;
 114:.\Generated_Source\PSoC5/USBUART_cls.c ****     }
 115:.\Generated_Source\PSoC5/USBUART_cls.c **** #else /*No class is defined*/
 116:.\Generated_Source\PSoC5/USBUART_cls.c ****     if (0u != interfaceNumber)
 117:.\Generated_Source\PSoC5/USBUART_cls.c ****     {
 118:.\Generated_Source\PSoC5/USBUART_cls.c ****         /* Suppress warning message */
 119:.\Generated_Source\PSoC5/USBUART_cls.c ****     }
 120:.\Generated_Source\PSoC5/USBUART_cls.c ****     requestHandled = USBUART_FALSE;
 121:.\Generated_Source\PSoC5/USBUART_cls.c **** #endif /*HID or AUDIO or MSC or CDC class enabled*/
 122:.\Generated_Source\PSoC5/USBUART_cls.c **** 
 123:.\Generated_Source\PSoC5/USBUART_cls.c ****     /* `#START USER_DEFINED_CLASS_CODE` Place your Class request here */
 124:.\Generated_Source\PSoC5/USBUART_cls.c **** 
 125:.\Generated_Source\PSoC5/USBUART_cls.c ****     /* `#END` */
 126:.\Generated_Source\PSoC5/USBUART_cls.c **** 
 127:.\Generated_Source\PSoC5/USBUART_cls.c **** #ifdef USBUART_DISPATCH_CLASS_RQST_CALLBACK
 128:.\Generated_Source\PSoC5/USBUART_cls.c ****     if (USBUART_FALSE == requestHandled)
 129:.\Generated_Source\PSoC5/USBUART_cls.c ****     {
 130:.\Generated_Source\PSoC5/USBUART_cls.c ****         requestHandled = USBUART_DispatchClassRqst_Callback(interfaceNumber);
 131:.\Generated_Source\PSoC5/USBUART_cls.c ****     }
 132:.\Generated_Source\PSoC5/USBUART_cls.c **** #endif /* (USBUART_DISPATCH_CLASS_RQST_CALLBACK) */
 133:.\Generated_Source\PSoC5/USBUART_cls.c **** 
 134:.\Generated_Source\PSoC5/USBUART_cls.c ****     return (requestHandled);
 135:.\Generated_Source\PSoC5/USBUART_cls.c **** }
 245              		.loc 1 135 0
 246 001c 0020     		movs	r0, #0
 247 001e 7047     		bx	lr
 248              	.LVL1:
 249              	.L4:
  60:.\Generated_Source\PSoC5/USBUART_cls.c ****             break;
ARM GAS  C:\Users\Thomas\AppData\Local\Temp\ccXxXQVh.s 			page 19


 250              		.loc 1 60 0
 251 0020 1379     		ldrb	r3, [r2, #4]	@ zero_extendqisi2
 252 0022 0C4A     		ldr	r2, .L13+8
 253 0024 03F07F03 		and	r3, r3, #127
 254 0028 03EB4303 		add	r3, r3, r3, lsl #1
 255 002c 02EB8303 		add	r3, r2, r3, lsl #2
 256 0030 0833     		adds	r3, r3, #8
  75:.\Generated_Source\PSoC5/USBUART_cls.c ****     {
 257              		.loc 1 75 0
 258 0032 074A     		ldr	r2, .L13+4
  60:.\Generated_Source\PSoC5/USBUART_cls.c ****             break;
 259              		.loc 1 60 0
 260 0034 9B78     		ldrb	r3, [r3, #2]	@ zero_extendqisi2
  75:.\Generated_Source\PSoC5/USBUART_cls.c ****     {
 261              		.loc 1 75 0
 262 0036 1268     		ldr	r2, [r2]
  60:.\Generated_Source\PSoC5/USBUART_cls.c ****             break;
 263              		.loc 1 60 0
 264 0038 DBB2     		uxtb	r3, r3
  75:.\Generated_Source\PSoC5/USBUART_cls.c ****     {
 265              		.loc 1 75 0
 266 003a D35C     		ldrb	r3, [r2, r3]	@ zero_extendqisi2
 267 003c 022B     		cmp	r3, #2
 268 003e EDD1     		bne	.L9
 269              	.L12:
  91:.\Generated_Source\PSoC5/USBUART_cls.c ****             break;
 270              		.loc 1 91 0
 271 0040 FFF7FEBF 		b	USBUART_DispatchCDCClassRqst
 272              	.LVL2:
 273              	.L3:
  53:.\Generated_Source\PSoC5/USBUART_cls.c ****             break;
 274              		.loc 1 53 0
 275 0044 1379     		ldrb	r3, [r2, #4]	@ zero_extendqisi2
 276 0046 DBB2     		uxtb	r3, r3
  54:.\Generated_Source\PSoC5/USBUART_cls.c ****         
 277              		.loc 1 54 0
 278 0048 E3E7     		b	.L2
 279              	.L14:
 280 004a 00BF     		.align	2
 281              	.L13:
 282 004c 00600040 		.word	1073766400
 283 0050 00000000 		.word	USBUART_interfaceClass
 284 0054 00000000 		.word	USBUART_EP
 285              		.cfi_endproc
 286              	.LFE0:
 287              		.size	USBUART_DispatchClassRqst, .-USBUART_DispatchClassRqst
 288              		.text
 289              	.Letext0:
 290              		.file 2 ".\\Generated_Source\\PSoC5\\cytypes.h"
 291              		.file 3 ".\\Generated_Source\\PSoC5\\USBUART.h"
 292              		.file 4 ".\\Generated_Source\\PSoC5\\USBUART_pvt.h"
 293              		.section	.debug_info,"",%progbits
 294              	.Ldebug_info0:
 295 0000 CA010000 		.4byte	0x1ca
 296 0004 0400     		.2byte	0x4
 297 0006 00000000 		.4byte	.Ldebug_abbrev0
 298 000a 04       		.byte	0x4
ARM GAS  C:\Users\Thomas\AppData\Local\Temp\ccXxXQVh.s 			page 20


 299 000b 01       		.uleb128 0x1
 300 000c B7010000 		.4byte	.LASF29
 301 0010 01       		.byte	0x1
 302 0011 4F000000 		.4byte	.LASF30
 303 0015 CF000000 		.4byte	.LASF31
 304 0019 00000000 		.4byte	.Ldebug_ranges0+0
 305 001d 00000000 		.4byte	0
 306 0021 00000000 		.4byte	.Ldebug_line0
 307 0025 02       		.uleb128 0x2
 308 0026 01       		.byte	0x1
 309 0027 06       		.byte	0x6
 310 0028 A8020000 		.4byte	.LASF0
 311 002c 02       		.uleb128 0x2
 312 002d 01       		.byte	0x1
 313 002e 08       		.byte	0x8
 314 002f A8000000 		.4byte	.LASF1
 315 0033 02       		.uleb128 0x2
 316 0034 02       		.byte	0x2
 317 0035 05       		.byte	0x5
 318 0036 6E020000 		.4byte	.LASF2
 319 003a 02       		.uleb128 0x2
 320 003b 02       		.byte	0x2
 321 003c 07       		.byte	0x7
 322 003d 00000000 		.4byte	.LASF3
 323 0041 02       		.uleb128 0x2
 324 0042 04       		.byte	0x4
 325 0043 05       		.byte	0x5
 326 0044 88020000 		.4byte	.LASF4
 327 0048 02       		.uleb128 0x2
 328 0049 04       		.byte	0x4
 329 004a 07       		.byte	0x7
 330 004b 81000000 		.4byte	.LASF5
 331 004f 02       		.uleb128 0x2
 332 0050 08       		.byte	0x8
 333 0051 05       		.byte	0x5
 334 0052 A9010000 		.4byte	.LASF6
 335 0056 02       		.uleb128 0x2
 336 0057 08       		.byte	0x8
 337 0058 07       		.byte	0x7
 338 0059 46010000 		.4byte	.LASF7
 339 005d 03       		.uleb128 0x3
 340 005e 04       		.byte	0x4
 341 005f 05       		.byte	0x5
 342 0060 696E7400 		.ascii	"int\000"
 343 0064 02       		.uleb128 0x2
 344 0065 04       		.byte	0x4
 345 0066 07       		.byte	0x7
 346 0067 39010000 		.4byte	.LASF8
 347 006b 04       		.uleb128 0x4
 348 006c 78020000 		.4byte	.LASF9
 349 0070 02       		.byte	0x2
 350 0071 9201     		.2byte	0x192
 351 0073 2C000000 		.4byte	0x2c
 352 0077 04       		.uleb128 0x4
 353 0078 0A010000 		.4byte	.LASF10
 354 007c 02       		.byte	0x2
 355 007d 9301     		.2byte	0x193
ARM GAS  C:\Users\Thomas\AppData\Local\Temp\ccXxXQVh.s 			page 21


 356 007f 3A000000 		.4byte	0x3a
 357 0083 02       		.uleb128 0x2
 358 0084 04       		.byte	0x4
 359 0085 04       		.byte	0x4
 360 0086 40000000 		.4byte	.LASF11
 361 008a 02       		.uleb128 0x2
 362 008b 08       		.byte	0x8
 363 008c 04       		.byte	0x4
 364 008d B6000000 		.4byte	.LASF12
 365 0091 02       		.uleb128 0x2
 366 0092 01       		.byte	0x1
 367 0093 08       		.byte	0x8
 368 0094 5E020000 		.4byte	.LASF13
 369 0098 02       		.uleb128 0x2
 370 0099 04       		.byte	0x4
 371 009a 07       		.byte	0x7
 372 009b 99010000 		.4byte	.LASF14
 373 009f 05       		.uleb128 0x5
 374 00a0 0C       		.byte	0xc
 375 00a1 03       		.byte	0x3
 376 00a2 8D       		.byte	0x8d
 377 00a3 14010000 		.4byte	0x114
 378 00a7 06       		.uleb128 0x6
 379 00a8 BD000000 		.4byte	.LASF15
 380 00ac 03       		.byte	0x3
 381 00ad 8F       		.byte	0x8f
 382 00ae 6B000000 		.4byte	0x6b
 383 00b2 00       		.byte	0
 384 00b3 06       		.uleb128 0x6
 385 00b4 11010000 		.4byte	.LASF16
 386 00b8 03       		.byte	0x3
 387 00b9 90       		.byte	0x90
 388 00ba 6B000000 		.4byte	0x6b
 389 00be 01       		.byte	0x1
 390 00bf 06       		.uleb128 0x6
 391 00c0 5D010000 		.4byte	.LASF17
 392 00c4 03       		.byte	0x3
 393 00c5 91       		.byte	0x91
 394 00c6 6B000000 		.4byte	0x6b
 395 00ca 02       		.byte	0x2
 396 00cb 06       		.uleb128 0x6
 397 00cc 46000000 		.4byte	.LASF18
 398 00d0 03       		.byte	0x3
 399 00d1 92       		.byte	0x92
 400 00d2 6B000000 		.4byte	0x6b
 401 00d6 03       		.byte	0x3
 402 00d7 06       		.uleb128 0x6
 403 00d8 93000000 		.4byte	.LASF19
 404 00dc 03       		.byte	0x3
 405 00dd 93       		.byte	0x93
 406 00de 6B000000 		.4byte	0x6b
 407 00e2 04       		.byte	0x4
 408 00e3 06       		.uleb128 0x6
 409 00e4 A2010000 		.4byte	.LASF20
 410 00e8 03       		.byte	0x3
 411 00e9 94       		.byte	0x94
 412 00ea 6B000000 		.4byte	0x6b
ARM GAS  C:\Users\Thomas\AppData\Local\Temp\ccXxXQVh.s 			page 22


 413 00ee 05       		.byte	0x5
 414 00ef 06       		.uleb128 0x6
 415 00f0 C4000000 		.4byte	.LASF21
 416 00f4 03       		.byte	0x3
 417 00f5 95       		.byte	0x95
 418 00f6 77000000 		.4byte	0x77
 419 00fa 06       		.byte	0x6
 420 00fb 06       		.uleb128 0x6
 421 00fc 63020000 		.4byte	.LASF22
 422 0100 03       		.byte	0x3
 423 0101 96       		.byte	0x96
 424 0102 77000000 		.4byte	0x77
 425 0106 08       		.byte	0x8
 426 0107 06       		.uleb128 0x6
 427 0108 7E020000 		.4byte	.LASF23
 428 010c 03       		.byte	0x3
 429 010d 97       		.byte	0x97
 430 010e 6B000000 		.4byte	0x6b
 431 0112 0A       		.byte	0xa
 432 0113 00       		.byte	0
 433 0114 07       		.uleb128 0x7
 434 0115 91020000 		.4byte	.LASF24
 435 0119 03       		.byte	0x3
 436 011a 98       		.byte	0x98
 437 011b 9F000000 		.4byte	0x9f
 438 011f 05       		.uleb128 0x5
 439 0120 08       		.byte	0x8
 440 0121 03       		.byte	0x3
 441 0122 C5       		.byte	0xc5
 442 0123 34010000 		.4byte	0x134
 443 0127 06       		.uleb128 0x6
 444 0128 2A000000 		.4byte	.LASF25
 445 012c 03       		.byte	0x3
 446 012d C7       		.byte	0xc7
 447 012e 34010000 		.4byte	0x134
 448 0132 00       		.byte	0
 449 0133 00       		.byte	0
 450 0134 08       		.uleb128 0x8
 451 0135 6B000000 		.4byte	0x6b
 452 0139 44010000 		.4byte	0x144
 453 013d 09       		.uleb128 0x9
 454 013e 98000000 		.4byte	0x98
 455 0142 07       		.byte	0x7
 456 0143 00       		.byte	0
 457 0144 07       		.uleb128 0x7
 458 0145 81010000 		.4byte	.LASF26
 459 0149 03       		.byte	0x3
 460 014a C8       		.byte	0xc8
 461 014b 1F010000 		.4byte	0x11f
 462 014f 0A       		.uleb128 0xa
 463 0150 67010000 		.4byte	.LASF32
 464 0154 01       		.byte	0x1
 465 0155 29       		.byte	0x29
 466 0156 6B000000 		.4byte	0x6b
 467 015a 00000000 		.4byte	.LFB0
 468 015e 58000000 		.4byte	.LFE0-.LFB0
 469 0162 01       		.uleb128 0x1
ARM GAS  C:\Users\Thomas\AppData\Local\Temp\ccXxXQVh.s 			page 23


 470 0163 9C       		.byte	0x9c
 471 0164 8C010000 		.4byte	0x18c
 472 0168 0B       		.uleb128 0xb
 473 0169 31000000 		.4byte	.LASF33
 474 016d 01       		.byte	0x1
 475 016e 2B       		.byte	0x2b
 476 016f 6B000000 		.4byte	0x6b
 477 0173 00000000 		.4byte	.LLST0
 478 0177 0C       		.uleb128 0xc
 479 0178 98000000 		.4byte	.LASF34
 480 017c 01       		.byte	0x1
 481 017d 2C       		.byte	0x2c
 482 017e 6B000000 		.4byte	0x6b
 483 0182 0D       		.uleb128 0xd
 484 0183 44000000 		.4byte	.LVL2
 485 0187 C2010000 		.4byte	0x1c2
 486 018b 00       		.byte	0
 487 018c 0E       		.uleb128 0xe
 488 018d 13000000 		.4byte	.LASF27
 489 0191 04       		.byte	0x4
 490 0192 77       		.byte	0x77
 491 0193 97010000 		.4byte	0x197
 492 0197 0F       		.uleb128 0xf
 493 0198 04       		.byte	0x4
 494 0199 9D010000 		.4byte	0x19d
 495 019d 10       		.uleb128 0x10
 496 019e 6B000000 		.4byte	0x6b
 497 01a2 08       		.uleb128 0x8
 498 01a3 14010000 		.4byte	0x114
 499 01a7 B2010000 		.4byte	0x1b2
 500 01ab 09       		.uleb128 0x9
 501 01ac 98000000 		.4byte	0x98
 502 01b0 08       		.byte	0x8
 503 01b1 00       		.byte	0
 504 01b2 0E       		.uleb128 0xe
 505 01b3 76000000 		.4byte	.LASF28
 506 01b7 04       		.byte	0x4
 507 01b8 79       		.byte	0x79
 508 01b9 BD010000 		.4byte	0x1bd
 509 01bd 11       		.uleb128 0x11
 510 01be A2010000 		.4byte	0x1a2
 511 01c2 12       		.uleb128 0x12
 512 01c3 1C010000 		.4byte	.LASF35
 513 01c7 04       		.byte	0x4
 514 01c8 DE       		.byte	0xde
 515 01c9 6B000000 		.4byte	0x6b
 516 01cd 00       		.byte	0
 517              		.section	.debug_abbrev,"",%progbits
 518              	.Ldebug_abbrev0:
 519 0000 01       		.uleb128 0x1
 520 0001 11       		.uleb128 0x11
 521 0002 01       		.byte	0x1
 522 0003 25       		.uleb128 0x25
 523 0004 0E       		.uleb128 0xe
 524 0005 13       		.uleb128 0x13
 525 0006 0B       		.uleb128 0xb
 526 0007 03       		.uleb128 0x3
ARM GAS  C:\Users\Thomas\AppData\Local\Temp\ccXxXQVh.s 			page 24


 527 0008 0E       		.uleb128 0xe
 528 0009 1B       		.uleb128 0x1b
 529 000a 0E       		.uleb128 0xe
 530 000b 55       		.uleb128 0x55
 531 000c 17       		.uleb128 0x17
 532 000d 11       		.uleb128 0x11
 533 000e 01       		.uleb128 0x1
 534 000f 10       		.uleb128 0x10
 535 0010 17       		.uleb128 0x17
 536 0011 00       		.byte	0
 537 0012 00       		.byte	0
 538 0013 02       		.uleb128 0x2
 539 0014 24       		.uleb128 0x24
 540 0015 00       		.byte	0
 541 0016 0B       		.uleb128 0xb
 542 0017 0B       		.uleb128 0xb
 543 0018 3E       		.uleb128 0x3e
 544 0019 0B       		.uleb128 0xb
 545 001a 03       		.uleb128 0x3
 546 001b 0E       		.uleb128 0xe
 547 001c 00       		.byte	0
 548 001d 00       		.byte	0
 549 001e 03       		.uleb128 0x3
 550 001f 24       		.uleb128 0x24
 551 0020 00       		.byte	0
 552 0021 0B       		.uleb128 0xb
 553 0022 0B       		.uleb128 0xb
 554 0023 3E       		.uleb128 0x3e
 555 0024 0B       		.uleb128 0xb
 556 0025 03       		.uleb128 0x3
 557 0026 08       		.uleb128 0x8
 558 0027 00       		.byte	0
 559 0028 00       		.byte	0
 560 0029 04       		.uleb128 0x4
 561 002a 16       		.uleb128 0x16
 562 002b 00       		.byte	0
 563 002c 03       		.uleb128 0x3
 564 002d 0E       		.uleb128 0xe
 565 002e 3A       		.uleb128 0x3a
 566 002f 0B       		.uleb128 0xb
 567 0030 3B       		.uleb128 0x3b
 568 0031 05       		.uleb128 0x5
 569 0032 49       		.uleb128 0x49
 570 0033 13       		.uleb128 0x13
 571 0034 00       		.byte	0
 572 0035 00       		.byte	0
 573 0036 05       		.uleb128 0x5
 574 0037 13       		.uleb128 0x13
 575 0038 01       		.byte	0x1
 576 0039 0B       		.uleb128 0xb
 577 003a 0B       		.uleb128 0xb
 578 003b 3A       		.uleb128 0x3a
 579 003c 0B       		.uleb128 0xb
 580 003d 3B       		.uleb128 0x3b
 581 003e 0B       		.uleb128 0xb
 582 003f 01       		.uleb128 0x1
 583 0040 13       		.uleb128 0x13
ARM GAS  C:\Users\Thomas\AppData\Local\Temp\ccXxXQVh.s 			page 25


 584 0041 00       		.byte	0
 585 0042 00       		.byte	0
 586 0043 06       		.uleb128 0x6
 587 0044 0D       		.uleb128 0xd
 588 0045 00       		.byte	0
 589 0046 03       		.uleb128 0x3
 590 0047 0E       		.uleb128 0xe
 591 0048 3A       		.uleb128 0x3a
 592 0049 0B       		.uleb128 0xb
 593 004a 3B       		.uleb128 0x3b
 594 004b 0B       		.uleb128 0xb
 595 004c 49       		.uleb128 0x49
 596 004d 13       		.uleb128 0x13
 597 004e 38       		.uleb128 0x38
 598 004f 0B       		.uleb128 0xb
 599 0050 00       		.byte	0
 600 0051 00       		.byte	0
 601 0052 07       		.uleb128 0x7
 602 0053 16       		.uleb128 0x16
 603 0054 00       		.byte	0
 604 0055 03       		.uleb128 0x3
 605 0056 0E       		.uleb128 0xe
 606 0057 3A       		.uleb128 0x3a
 607 0058 0B       		.uleb128 0xb
 608 0059 3B       		.uleb128 0x3b
 609 005a 0B       		.uleb128 0xb
 610 005b 49       		.uleb128 0x49
 611 005c 13       		.uleb128 0x13
 612 005d 00       		.byte	0
 613 005e 00       		.byte	0
 614 005f 08       		.uleb128 0x8
 615 0060 01       		.uleb128 0x1
 616 0061 01       		.byte	0x1
 617 0062 49       		.uleb128 0x49
 618 0063 13       		.uleb128 0x13
 619 0064 01       		.uleb128 0x1
 620 0065 13       		.uleb128 0x13
 621 0066 00       		.byte	0
 622 0067 00       		.byte	0
 623 0068 09       		.uleb128 0x9
 624 0069 21       		.uleb128 0x21
 625 006a 00       		.byte	0
 626 006b 49       		.uleb128 0x49
 627 006c 13       		.uleb128 0x13
 628 006d 2F       		.uleb128 0x2f
 629 006e 0B       		.uleb128 0xb
 630 006f 00       		.byte	0
 631 0070 00       		.byte	0
 632 0071 0A       		.uleb128 0xa
 633 0072 2E       		.uleb128 0x2e
 634 0073 01       		.byte	0x1
 635 0074 3F       		.uleb128 0x3f
 636 0075 19       		.uleb128 0x19
 637 0076 03       		.uleb128 0x3
 638 0077 0E       		.uleb128 0xe
 639 0078 3A       		.uleb128 0x3a
 640 0079 0B       		.uleb128 0xb
ARM GAS  C:\Users\Thomas\AppData\Local\Temp\ccXxXQVh.s 			page 26


 641 007a 3B       		.uleb128 0x3b
 642 007b 0B       		.uleb128 0xb
 643 007c 27       		.uleb128 0x27
 644 007d 19       		.uleb128 0x19
 645 007e 49       		.uleb128 0x49
 646 007f 13       		.uleb128 0x13
 647 0080 11       		.uleb128 0x11
 648 0081 01       		.uleb128 0x1
 649 0082 12       		.uleb128 0x12
 650 0083 06       		.uleb128 0x6
 651 0084 40       		.uleb128 0x40
 652 0085 18       		.uleb128 0x18
 653 0086 9742     		.uleb128 0x2117
 654 0088 19       		.uleb128 0x19
 655 0089 01       		.uleb128 0x1
 656 008a 13       		.uleb128 0x13
 657 008b 00       		.byte	0
 658 008c 00       		.byte	0
 659 008d 0B       		.uleb128 0xb
 660 008e 34       		.uleb128 0x34
 661 008f 00       		.byte	0
 662 0090 03       		.uleb128 0x3
 663 0091 0E       		.uleb128 0xe
 664 0092 3A       		.uleb128 0x3a
 665 0093 0B       		.uleb128 0xb
 666 0094 3B       		.uleb128 0x3b
 667 0095 0B       		.uleb128 0xb
 668 0096 49       		.uleb128 0x49
 669 0097 13       		.uleb128 0x13
 670 0098 02       		.uleb128 0x2
 671 0099 17       		.uleb128 0x17
 672 009a 00       		.byte	0
 673 009b 00       		.byte	0
 674 009c 0C       		.uleb128 0xc
 675 009d 34       		.uleb128 0x34
 676 009e 00       		.byte	0
 677 009f 03       		.uleb128 0x3
 678 00a0 0E       		.uleb128 0xe
 679 00a1 3A       		.uleb128 0x3a
 680 00a2 0B       		.uleb128 0xb
 681 00a3 3B       		.uleb128 0x3b
 682 00a4 0B       		.uleb128 0xb
 683 00a5 49       		.uleb128 0x49
 684 00a6 13       		.uleb128 0x13
 685 00a7 00       		.byte	0
 686 00a8 00       		.byte	0
 687 00a9 0D       		.uleb128 0xd
 688 00aa 898201   		.uleb128 0x4109
 689 00ad 00       		.byte	0
 690 00ae 11       		.uleb128 0x11
 691 00af 01       		.uleb128 0x1
 692 00b0 9542     		.uleb128 0x2115
 693 00b2 19       		.uleb128 0x19
 694 00b3 31       		.uleb128 0x31
 695 00b4 13       		.uleb128 0x13
 696 00b5 00       		.byte	0
 697 00b6 00       		.byte	0
ARM GAS  C:\Users\Thomas\AppData\Local\Temp\ccXxXQVh.s 			page 27


 698 00b7 0E       		.uleb128 0xe
 699 00b8 34       		.uleb128 0x34
 700 00b9 00       		.byte	0
 701 00ba 03       		.uleb128 0x3
 702 00bb 0E       		.uleb128 0xe
 703 00bc 3A       		.uleb128 0x3a
 704 00bd 0B       		.uleb128 0xb
 705 00be 3B       		.uleb128 0x3b
 706 00bf 0B       		.uleb128 0xb
 707 00c0 49       		.uleb128 0x49
 708 00c1 13       		.uleb128 0x13
 709 00c2 3F       		.uleb128 0x3f
 710 00c3 19       		.uleb128 0x19
 711 00c4 3C       		.uleb128 0x3c
 712 00c5 19       		.uleb128 0x19
 713 00c6 00       		.byte	0
 714 00c7 00       		.byte	0
 715 00c8 0F       		.uleb128 0xf
 716 00c9 0F       		.uleb128 0xf
 717 00ca 00       		.byte	0
 718 00cb 0B       		.uleb128 0xb
 719 00cc 0B       		.uleb128 0xb
 720 00cd 49       		.uleb128 0x49
 721 00ce 13       		.uleb128 0x13
 722 00cf 00       		.byte	0
 723 00d0 00       		.byte	0
 724 00d1 10       		.uleb128 0x10
 725 00d2 26       		.uleb128 0x26
 726 00d3 00       		.byte	0
 727 00d4 49       		.uleb128 0x49
 728 00d5 13       		.uleb128 0x13
 729 00d6 00       		.byte	0
 730 00d7 00       		.byte	0
 731 00d8 11       		.uleb128 0x11
 732 00d9 35       		.uleb128 0x35
 733 00da 00       		.byte	0
 734 00db 49       		.uleb128 0x49
 735 00dc 13       		.uleb128 0x13
 736 00dd 00       		.byte	0
 737 00de 00       		.byte	0
 738 00df 12       		.uleb128 0x12
 739 00e0 2E       		.uleb128 0x2e
 740 00e1 00       		.byte	0
 741 00e2 3F       		.uleb128 0x3f
 742 00e3 19       		.uleb128 0x19
 743 00e4 03       		.uleb128 0x3
 744 00e5 0E       		.uleb128 0xe
 745 00e6 3A       		.uleb128 0x3a
 746 00e7 0B       		.uleb128 0xb
 747 00e8 3B       		.uleb128 0x3b
 748 00e9 0B       		.uleb128 0xb
 749 00ea 27       		.uleb128 0x27
 750 00eb 19       		.uleb128 0x19
 751 00ec 49       		.uleb128 0x49
 752 00ed 13       		.uleb128 0x13
 753 00ee 3C       		.uleb128 0x3c
 754 00ef 19       		.uleb128 0x19
ARM GAS  C:\Users\Thomas\AppData\Local\Temp\ccXxXQVh.s 			page 28


 755 00f0 00       		.byte	0
 756 00f1 00       		.byte	0
 757 00f2 00       		.byte	0
 758              		.section	.debug_loc,"",%progbits
 759              	.Ldebug_loc0:
 760              	.LLST0:
 761 0000 1C000000 		.4byte	.LVL0
 762 0004 20000000 		.4byte	.LVL1
 763 0008 0200     		.2byte	0x2
 764 000a 30       		.byte	0x30
 765 000b 9F       		.byte	0x9f
 766 000c 00000000 		.4byte	0
 767 0010 00000000 		.4byte	0
 768              		.section	.debug_aranges,"",%progbits
 769 0000 1C000000 		.4byte	0x1c
 770 0004 0200     		.2byte	0x2
 771 0006 00000000 		.4byte	.Ldebug_info0
 772 000a 04       		.byte	0x4
 773 000b 00       		.byte	0
 774 000c 0000     		.2byte	0
 775 000e 0000     		.2byte	0
 776 0010 00000000 		.4byte	.LFB0
 777 0014 58000000 		.4byte	.LFE0-.LFB0
 778 0018 00000000 		.4byte	0
 779 001c 00000000 		.4byte	0
 780              		.section	.debug_ranges,"",%progbits
 781              	.Ldebug_ranges0:
 782 0000 00000000 		.4byte	.LFB0
 783 0004 58000000 		.4byte	.LFE0
 784 0008 00000000 		.4byte	0
 785 000c 00000000 		.4byte	0
 786              		.section	.debug_line,"",%progbits
 787              	.Ldebug_line0:
 788 0000 9E000000 		.section	.debug_str,"MS",%progbits,1
 788      02006800 
 788      00000201 
 788      FB0E0D00 
 788      01010101 
 789              	.LASF3:
 790 0000 73686F72 		.ascii	"short unsigned int\000"
 790      7420756E 
 790      7369676E 
 790      65642069 
 790      6E7400
 791              	.LASF27:
 792 0013 55534255 		.ascii	"USBUART_interfaceClass\000"
 792      4152545F 
 792      696E7465 
 792      72666163 
 792      65436C61 
 793              	.LASF25:
 794 002a 65704461 		.ascii	"epData\000"
 794      746100
 795              	.LASF33:
 796 0031 72657175 		.ascii	"requestHandled\000"
 796      65737448 
 796      616E646C 
ARM GAS  C:\Users\Thomas\AppData\Local\Temp\ccXxXQVh.s 			page 29


 796      656400
 797              	.LASF11:
 798 0040 666C6F61 		.ascii	"float\000"
 798      7400
 799              	.LASF18:
 800 0046 6570546F 		.ascii	"epToggle\000"
 800      67676C65 
 800      00
 801              	.LASF30:
 802 004f 2E5C4765 		.ascii	".\\Generated_Source\\PSoC5\\USBUART_cls.c\000"
 802      6E657261 
 802      7465645F 
 802      536F7572 
 802      63655C50 
 803              	.LASF28:
 804 0076 55534255 		.ascii	"USBUART_EP\000"
 804      4152545F 
 804      455000
 805              	.LASF5:
 806 0081 6C6F6E67 		.ascii	"long unsigned int\000"
 806      20756E73 
 806      69676E65 
 806      6420696E 
 806      7400
 807              	.LASF19:
 808 0093 61646472 		.ascii	"addr\000"
 808      00
 809              	.LASF34:
 810 0098 696E7465 		.ascii	"interfaceNumber\000"
 810      72666163 
 810      654E756D 
 810      62657200 
 811              	.LASF1:
 812 00a8 756E7369 		.ascii	"unsigned char\000"
 812      676E6564 
 812      20636861 
 812      7200
 813              	.LASF12:
 814 00b6 646F7562 		.ascii	"double\000"
 814      6C6500
 815              	.LASF15:
 816 00bd 61747472 		.ascii	"attrib\000"
 816      696200
 817              	.LASF21:
 818 00c4 62756666 		.ascii	"buffOffset\000"
 818      4F666673 
 818      657400
 819              	.LASF31:
 820 00cf 433A5C55 		.ascii	"C:\\Users\\Thomas\\Documents\\PSoC Creator\\TASBot\\"
 820      73657273 
 820      5C54686F 
 820      6D61735C 
 820      446F6375 
 821 00fd 54415342 		.ascii	"TASBot.cydsn\000"
 821      6F742E63 
 821      7964736E 
 821      00
ARM GAS  C:\Users\Thomas\AppData\Local\Temp\ccXxXQVh.s 			page 30


 822              	.LASF10:
 823 010a 75696E74 		.ascii	"uint16\000"
 823      313600
 824              	.LASF16:
 825 0111 61706945 		.ascii	"apiEpState\000"
 825      70537461 
 825      746500
 826              	.LASF35:
 827 011c 55534255 		.ascii	"USBUART_DispatchCDCClassRqst\000"
 827      4152545F 
 827      44697370 
 827      61746368 
 827      43444343 
 828              	.LASF8:
 829 0139 756E7369 		.ascii	"unsigned int\000"
 829      676E6564 
 829      20696E74 
 829      00
 830              	.LASF7:
 831 0146 6C6F6E67 		.ascii	"long long unsigned int\000"
 831      206C6F6E 
 831      6720756E 
 831      7369676E 
 831      65642069 
 832              	.LASF17:
 833 015d 68774570 		.ascii	"hwEpState\000"
 833      53746174 
 833      6500
 834              	.LASF32:
 835 0167 55534255 		.ascii	"USBUART_DispatchClassRqst\000"
 835      4152545F 
 835      44697370 
 835      61746368 
 835      436C6173 
 836              	.LASF26:
 837 0181 55534255 		.ascii	"USBUART_ep0_data_struct\000"
 837      4152545F 
 837      6570305F 
 837      64617461 
 837      5F737472 
 838              	.LASF14:
 839 0199 73697A65 		.ascii	"sizetype\000"
 839      74797065 
 839      00
 840              	.LASF20:
 841 01a2 65704D6F 		.ascii	"epMode\000"
 841      646500
 842              	.LASF6:
 843 01a9 6C6F6E67 		.ascii	"long long int\000"
 843      206C6F6E 
 843      6720696E 
 843      7400
 844              	.LASF29:
 845 01b7 474E5520 		.ascii	"GNU C 4.9.3 20150303 (release) [ARM/embedded-4_9-br"
 845      4320342E 
 845      392E3320 
 845      32303135 
ARM GAS  C:\Users\Thomas\AppData\Local\Temp\ccXxXQVh.s 			page 31


 845      30333033 
 846 01ea 616E6368 		.ascii	"anch revision 221220] -mcpu=cortex-m3 -mthumb -g -O"
 846      20726576 
 846      6973696F 
 846      6E203232 
 846      31323230 
 847 021d 33202D66 		.ascii	"3 -ffunction-sections -finline-functions -flto -ffa"
 847      66756E63 
 847      74696F6E 
 847      2D736563 
 847      74696F6E 
 848 0250 742D6C74 		.ascii	"t-lto-objects\000"
 848      6F2D6F62 
 848      6A656374 
 848      7300
 849              	.LASF13:
 850 025e 63686172 		.ascii	"char\000"
 850      00
 851              	.LASF22:
 852 0263 62756666 		.ascii	"bufferSize\000"
 852      65725369 
 852      7A6500
 853              	.LASF2:
 854 026e 73686F72 		.ascii	"short int\000"
 854      7420696E 
 854      7400
 855              	.LASF9:
 856 0278 75696E74 		.ascii	"uint8\000"
 856      3800
 857              	.LASF23:
 858 027e 696E7465 		.ascii	"interface\000"
 858      72666163 
 858      6500
 859              	.LASF4:
 860 0288 6C6F6E67 		.ascii	"long int\000"
 860      20696E74 
 860      00
 861              	.LASF24:
 862 0291 545F5553 		.ascii	"T_USBUART_EP_CTL_BLOCK\000"
 862      42554152 
 862      545F4550 
 862      5F43544C 
 862      5F424C4F 
 863              	.LASF0:
 864 02a8 7369676E 		.ascii	"signed char\000"
 864      65642063 
 864      68617200 
 865              		.comm	__gnu_lto_v1,1,1
 866              		.ident	"GCC: (GNU Tools for ARM Embedded Processors) 4.9.3 20150303 (release) [ARM/embedded-4_9-br
