ARM GAS  C:\Users\Thomas\AppData\Local\Temp\cc7o9bAg.s 			page 1


   1              		.syntax unified
   2              		.cpu cortex-m3
   3              		.fpu softvfp
   4              		.eabi_attribute 20, 1
   5              		.eabi_attribute 21, 1
   6              		.eabi_attribute 23, 3
   7              		.eabi_attribute 24, 1
   8              		.eabi_attribute 25, 1
   9              		.eabi_attribute 26, 1
  10              		.eabi_attribute 30, 2
  11              		.eabi_attribute 34, 1
  12              		.eabi_attribute 18, 4
  13              		.thumb
  14              		.file	"USBUART_descr.c"
  15              		.text
  16              	.Ltext0:
  17              		.section	.gnu.lto_.profile.be9c6cb5,"",%progbits
  18 0000 789C6366 		.ascii	"x\234cf```d\200\002\000\000=\000\005"
  18      60606064 
  18      80020000 
  18      3D0005
  19              		.text
  20              		.section	.gnu.lto_.inline.be9c6cb5,"",%progbits
  21 0000 789C6366 		.ascii	"x\234cf\300\016\230\340,\000\000\234\000\006"
  21      C00E98E0 
  21      2C00009C 
  21      0006
  22              		.text
  23              		.section	.gnu.lto_.pureconst.be9c6cb5,"",%progbits
  24 0000 789C6366 		.ascii	"x\234cf```d\200\002\000\000=\000\005"
  24      60606064 
  24      80020000 
  24      3D0005
  25              		.text
  26              		.section	.gnu.lto_.symbol_nodes.be9c6cb5,"",%progbits
  27 0000 789C2DC5 		.ascii	"x\234-\305\311\015\000 \014\003\260\364n7c+faSD\204"
  27      C90D0020 
  27      0C03B0F4 
  27      6E37632B 
  27      66615344 
  28 0015 3F36000B 		.ascii	"?6\000\013_\014\216nD\013+e0\226\316$\230'\213b\326"
  28      5F0C8E6E 
  28      440B2B65 
  28      3096CE24 
  28      98278B62 
  29 002a 4CE7850B 		.ascii	"L\347\205\013\277\214\014,"
  29      BF8C0C2C 
  30              		.text
  31              		.section	.gnu.lto_.refs.be9c6cb5,"",%progbits
  32 0000 789C6366 		.ascii	"x\234cf``\020f\200\000FF&\020`fbafabebcbg\000\000\004"
  32      60601066 
  32      80004646 
  32      26106066 
  32      62616661 
  33 001d 37004B   		.ascii	"7\000K"
  34              		.text
  35              		.section	.gnu.lto_.decls.be9c6cb5,"",%progbits
ARM GAS  C:\Users\Thomas\AppData\Local\Temp\cc7o9bAg.s 			page 2


  36 0000 789C8D59 		.ascii	"x\234\215Y\013\\\225Wr\277\347\373\004\361\012\237["
  36      0B5C9557 
  36      72BFE7FB 
  36      04F10A9F 
  36      5B
  37 0011 EDDE5A37 		.ascii	"\355\336Z7\333\270\272\241yXk\232&\335>\023c\324\265"
  37      DBB8BAA1 
  37      79586B9A 
  37      26DD3E13 
  37      63D4B5
  38 0024 71D515DC 		.ascii	"q\325\025\334\266\333\264\326\007\331\265\315\232\024"
  38      B6DBB4D6 
  38      07D9B5CD 
  38      9A14
  39 0032 71DBA44D 		.ascii	"q\333\244M\373!oD\004D\005\037\210\012\010\242\274E"
  39      FB216F44 
  39      0444051F 
  39      880A08A2 
  39      BC45
  40 0044 04E4820A 		.ascii	"\004\344\202\012\242\310#\312K\020\271\200\010\362~"
  40      A2C823CA 
  40      4B10B980 
  40      08F27E
  41 0053 A8C843EF 		.ascii	"\250\310C\357\23633\037|\227\210\306\337\357\344\313"
  41      9E33331F 
  41      7C9788C6 
  41      DFEFE4CB 
  42 0063 FF9E3973 		.ascii	"\377\2369sf\346\314\31493\310\006\203a5\037V\376\357"
  42      66E6CCCC 
  42      3933C806 
  42      8361351F 
  42      56FEEF
  43 0076 356783E1 		.ascii	"5g\203\341\035\311``\034\2573\330\3763\362q\216\217"
  43      1DC96060 
  43      1CAF33D8 
  43      FE33F271 
  43      8E8F
  44 0088 AFF8E46F 		.ascii	"\257\370\344o\371\350\343\377\357\316\277\037\360\261"
  44      F9E8E3FF 
  44      EFCEBF1F 
  44      F0B1
  45 0096 858FED7C 		.ascii	"\205\217\355||\315\307\030\263]\327/\261j\263\237\237"
  45      7CCDC718 
  45      B35DD72F 
  45      B16AB39F 
  45      9F
  46 00a7 832C31F1 		.ascii	"\203,1\361\377'#\232*\215\213N\253\252\352\257\346\347"
  46      FF27239A 
  46      2A8D8B4E 
  46      ABAAEAAF 
  46      E6E7
  47 00b9 B30922CF 		.ascii	"\263\011\"\317\270\234\240\351\355\0223\031\001\006"
  47      B89CA0E9 
  47      ED123319 
  47      0106
  48 00c7 971C2A90 		.ascii	"\227\034*\220\001Z\305:\351\366\355\360a\231\031\235"
  48      015AC53A 
ARM GAS  C:\Users\Thomas\AppData\Local\Temp\cc7o9bAg.s 			page 3


  48      E9F6EDF0 
  48      6199199D 
  49 00d7 FD557597 		.ascii	"\375Uu\227\332\027\246\312s\015l\321<\366\306<\003;"
  49      DA17A6CA 
  49      730D6CD1 
  49      3CF6C63C 
  49      033B
  50 00e9 C39C3919 		.ascii	"\303\2349\031\213g\213\014,\201\315c\247\331<C\014\337"
  50      8B678B0C 
  50      2C81CD63 
  50      A7D93C43 
  50      0CDF
  51 00fb A0EF5865 		.ascii	"\240\357Xe\335+\252:\215%2#;\305d\240\340\312\211\035"
  51      DD2BAA3A 
  51      8D253223 
  51      3BC564A0 
  51      E0CA891D 
  52 010f 68D3FCDE 		.ascii	"h\323\374\336\221\022#\337E1\206H\0027\024e\027O\343"
  52      911223DF 
  52      45318648 
  52      02371465 
  52      174FE3
  53 0122 D8D1B840 		.ascii	"\330\321\270@\300\013I\017Kg\302\364|\001\263\303\212"
  53      C00B490F 
  53      4B67C2F4 
  53      7C01B3C3 
  53      8A
  54 0133 23EC6176 		.ascii	"#\354av\232\2007\007\303\343g\002\374\221\200M\231\311"
  54      9A803707 
  54      C3E36702 
  54      FC91804D 
  54      99C9
  55 0145 E9F6462E 		.ascii	"\351\366F.\237\252\206x\2513\212\025>\301\222\271<)"
  55      9FAA8678 
  55      A9338A15 
  55      3EC192B9 
  55      3C29
  56 0157 5C1E034B 		.ascii	"\\\036\003Kc|[\366\372<\226\312!'/k\257\037\223g\207"
  56      637C5BF6 
  56      FA3C96CA 
  56      21272F6B 
  56      AF1F9367 
  57 016c 00B9AACE 		.ascii	"\000\271\252\316g \345YN\236\004\344\351l\266\266HP"
  57      6720E559 
  57      4E9E04E4 
  57      E96CB6B6 
  57      4850
  58 017e EF2DB758 		.ascii	"\357-\267X\234\344w\300\204\2173\022+g.<\256FG\367e"
  58      9CE477C0 
  58      848F3312 
  58      2B672E3C 
  58      AE4647F7 
  59 0193 B7A4FF32 		.ascii	"\267\244\3772TU\203\242\325>\353\373\257\212E,\003\025"
  59      545583A2 
  59      D53EEBFB 
  59      AF8A452C 
  59      0315
ARM GAS  C:\Users\Thomas\AppData\Local\Temp\cc7o9bAg.s 			page 4


  60 01a5 D5B1E2BF 		.ascii	"\325\261\342\277\010u\3319\266\220\257N;\031\2339\003"
  60      0875D939 
  60      B690AF4E 
  60      3B199B39 
  60      03
  61 01b6 74FA4030 		.ascii	"t\372@0\213\331\177\340\214\035(\341\000\247\020\222"
  61      8BD97FE0 
  61      8C1D28E1 
  61      00A71092 
  62 01c6 717A96EC 		.ascii	"qz\226\354\315`\243\372\356\363\317\354d_\000\323B2"
  62      CD60A3FA 
  62      EEF3CFEC 
  62      645F00D3 
  62      4232
  63 01d8 3DDF6673 		.ascii	"=\337fs\026,p\016\005\221\243\325\017<\014,\223or\036"
  63      162C700E 
  63      0591A3D5 
  63      0F3C0C2C 
  63      936F721E 
  64 01ec 36C96673 		.ascii	"6\311fs`\333\213\3740r\331\002\226\303\026\200\221\243"
  64      60DB8BFC 
  64      3072D902 
  64      96C31680 
  64      91A3
  65 01fe F979F51D 		.ascii	"\371y\365\035\365\311Y\025\346\245\306\314e+\034\331"
  65      F5C95915 
  65      E6A5C6CC 
  65      652B1CD9 
  66 020e 052EA0A0 		.ascii	"\005.\240\240\326L\303m\302\327'\013.@m\351\214\275"
  66      D64CC36D 
  66      C2D7270B 
  66      2E406DE9 
  66      8CBD
  67 0220 3A538D58 		.ascii	":S\215X\002\006\311\"b:j }SP\212\003\266<\210\265W\231"
  67      0206C922 
  67      623A6A20 
  67      7D53508A 
  67      03B63C88 
  68 0237 9837D0D9 		.ascii	"\2307\320\331N\270\323\263\272\330\036{9\025d\227\342"
  68      4EB8D3B3 
  68      BAD81E7B 
  68      39156497 
  68      E2
  69 0248 06AF9518 		.ascii	"\006\257\225\030\231\363\034X\324\355\346\300\3629\313"
  69      99F31C58 
  69      D4EDE6C0 
  69      F239CB
  70 0257 BC098F10 		.ascii	"\274\011\217\020\034\340\337\363tcf\256\322T\352\361"
  70      1CE0DFF3 
  70      746366AE 
  70      D254EAF1 
  71 0267 9DAEB69F 		.ascii	"\235\256\266\237\312ashe\364T+\015\223\227\005\356N"
  71      CA617368 
  71      65F4542B 
  71      0D939705 
  71      EE4E
  72 0279 B54E9FDA 		.ascii	"\265N\237\332].i\356\362:xKa\301\311\272\031\023\336"
ARM GAS  C:\Users\Thomas\AppData\Local\Temp\cc7o9bAg.s 			page 5


  72      5D2E69EE 
  72      F23A784B 
  72      61C1C9BA 
  72      1913DE
  73 028c E2011A4C 		.ascii	"\342\001\032LX\3772x\313%\315[\202\"\302\362f\352\251"
  73      58FF3278 
  73      CB25CD5B 
  73      8222C2F2 
  73      66EAA9
  74 029f 0B5E44DD 		.ascii	"\013^D\335~\3263\334A6\343\231_=\332\2366\015\342\016"
  74      7ED633DC 
  74      4136E399 
  74      5F3DDA9E 
  74      360DE20E 
  75 02b3 E08DDDC7 		.ascii	"\340\215\335\307\"%\360\226|\300\221C7\212f\201\273"
  75      2225F096 
  75      7CC09143 
  75      378A6681 
  75      BB
  76 02c4 CC15F050 		.ascii	"\314\025\360PM\353C\031 \204OZu\375\254\251U\272\256"
  76      4DEB4319 
  76      20844F5A 
  76      75FDACA9 
  76      55BAAE
  77 02d7 A9740D23 		.ascii	"\251t\015#\300\273\377\\\273\375d\235\256r\362b /\001"
  77      C0BBFF5C 
  77      BBFD649D 
  77      AE72F262 
  77      202F01
  78 02ea 29AF6B52 		.ascii	")\257kR\326\327\2456\332M\326iJ\352\375\203Y\347\354"
  78      D6D7A536 
  78      DA4DD669 
  78      4AEAFD83 
  78      59E7EC
  79 02fd 1C0345B2 		.ascii	"\034\003E\262 Qn\360\330\230\220\245\2249\3229<\271"
  79      20516EF0 
  79      D89890A5 
  79      9439D239 
  79      3CB9
  80 030f 7FD5DB41 		.ascii	"\177\325\333A.E\355\313\016\371?4\032)\307\370\277$"
  80      2E45EDCB 
  80      0EF93F34 
  80      1A29C7F8 
  80      BF24
  81 0321 C708850B 		.ascii	"\307\010\205\013\243ze\314\037\260\336\277;r/\246\204"
  81      A37A65CC 
  81      1FB0DEBF 
  81      3B722FA6 
  81      84
  82 0332 D9C0BB79 		.ascii	"\331\300\273y\240\024\315\363{\020\304\315\017\356\315"
  82      A014CDF3 
  82      7B10C4CD 
  82      0FEECD
  83 0341 9CDA3EB7 		.ascii	"\234\332>\2674\373\334$\373\014\007z\333O\316\020\025"
  83      34FBDC24 
  83      FB0C077A 
  83      DB4FCE10 
ARM GAS  C:\Users\Thomas\AppData\Local\Temp\cc7o9bAg.s 			page 6


  83      15
  84 0352 9CFC1B20 		.ascii	"\234\374\033 \257\004\215oi\032\237HJ\362\234\246\247"
  84      AF048D6F 
  84      691A9F48 
  84      4AF29CA6 
  84      A7
  85 0363 2E7F1175 		.ascii	".\177\021uW\324X\220\255}\252l\354S=n\237\224\333]f"
  85      57D45890 
  85      AD7DAA6C 
  85      EC533D6E 
  85      9F94DB5D 
  86 0378 27B985D9 		.ascii	"'\271\205\331\350gB\375\264\343W\360\370\203\223b\006"
  86      E86742FD 
  86      B4E357F0 
  86      F8839362 
  86      06
  87 0389 670194F5 		.ascii	"g\001\224\365\263&\234\325\262\247\202\331\263\353\326"
  87      B3269CD5 
  87      B2A782D9 
  87      B3EBD6
  88 0398 E16C4780 		.ascii	"\341lG\200v\002\206\371de)\000\355\005\034:i\351d\000"
  88      760286F9 
  88      64652900 
  88      ED051C3A 
  88      69E96400 
  89 03ac A7EBB394 		.ascii	"\247\353\263\224\011\263\224_\2755\301\001`\006\210"
  89      09B3945F 
  89      BD35C101 
  89      600688
  90 03bb 555B7CF0 		.ascii	"U[|\360] \236\241\337\310\204\033\355\031\351/E\316"
  90      5D209EA1 
  90      DFC8841B 
  90      ED19E92F 
  90      45CE
  91 03cd 46014F9D 		.ascii	"F\001O\235\277W\315`\366\317\004l\013\211OF1f\012\230"
  91      BF57CD60 
  91      F6CF046C 
  91      0B894F46 
  91      31660A98 
  92 03e1 175574D7 		.ascii	"\027Ut\327\011f\007\200\363\220O_\000^\020\216 tZt\221"
  92      09660780 
  92      F3904F5F 
  92      005E108E 
  92      20745A74 
  93 03f6 03402701 		.ascii	"\003@'\001S\217\327\017\241\376\012\210a\331u\035\257"
  93      538FD70F 
  93      A1FE0A88 
  93      61D9751D 
  93      AF
  94 0407 8B590296 		.ascii	"\213Y\002\2264?\031D\326\337\003\227\314=\0226\003X"
  94      343F1944 
  94      D6DF0397 
  94      CC3D1236 
  94      0358
  95 0419 AB4CEF1C 		.ascii	"\253L\357\034\012:\207\177[\273\227\361\275\014\325"
  95      0A3A877F 
  95      5BBB97F1 
ARM GAS  C:\Users\Thomas\AppData\Local\Temp\cc7o9bAg.s 			page 7


  95      BD0CD5
  96 0428 3FBA4282 		.ascii	"?\272B\202\303xs\036\253\345\347\361\326<V\304?\267"
  96      C378731E 
  96      ABE5E7F1 
  96      D63C56C4 
  96      3FB7
  97 043a F9108E57 		.ascii	"\371\020\216W\307G=\037w\350\333@\277\337\245o#\037"
  97      C7473D1F 
  97      77E8DB40 
  97      BFDFA56F 
  97      231F
  98 044c 163EB8DF 		.ascii	"\026>\270\3376\361O3\037-|\334\343\243\225\217\373|"
  98      36F14F33 
  98      1F2D7CDC 
  98      E3A3958F 
  98      FB7C
  99 045e B4F1D1CE 		.ascii	"\264\361\321\316\220\355\003Z\326A\270\223\330v\361"
  99      90ED035A 
  99      D641B893 
  99      D876F1
 100 046d D1CD470F 		.ascii	"\321\315G\017\376.\004,\266\004\231\355\371\265\323"
 100      FE2E042C 
 100      B60499ED 
 100      F9B5D3
 101 047c C7AF1DAF 		.ascii	"\307\257\035\257}&O5z\227\252Z\255\3573\220\266\206"
 101      7D264F35 
 101      7A97AA5A 
 101      ADEF3390 
 101      B686
 102 048e AE9D098F 		.ascii	"\256\235\011\217\253\021\327\016\353e\357AF\312\313"
 102      AB11D70E 
 102      EB65EF41 
 102      46CACB
 103 049d E99BFEF5 		.ascii	"\351\233\376\365\250\032\241Z:N\031\205{\261>\266\020"
 103      A81AA15A 
 103      3A4E1985 
 103      7BB13EB6 
 103      10
 104 04ae 1CAC3FB5 		.ascii	"\034\254?\265\256j\006(\376=\210i\221'\205(<W\262~\366"
 104      AE6A0628 
 104      FE3D8869 
 104      91278528 
 104      3C57B27E 
 105 04c3 B5FE6DB0 		.ascii	"\265\376m\260\302\021V\204\370\373\355\2316iE\002\255"
 105      C2115684 
 105      F8FBED99 
 105      36694502 
 105      AD
 106 04d4 18446147 		.ascii	"\030DaG|n\371R\336\002\347\213o.\013s\202H|]\300\323"
 106      7C6EF952 
 106      DE02E78B 
 106      6F2E0B73 
 106      82487C5D 
 107 04ea F752DB1D 		.ascii	"\367R\333\035\246\216\304!-\022S\220[\205wI\24029S="
 107      A68EC421 
 107      2D125390 
 107      5B857749 
ARM GAS  C:\Users\Thomas\AppData\Local\Temp\cc7o9bAg.s 			page 8


 107      A0323953 
 108 04ff E2E48F81 		.ascii	"\342\344\217\201\374\011\304\326\220\026[\305\375\017"
 108      FC09C4D6 
 108      90165BC5 
 108      FD0F
 109 050d E3E5C999 		.ascii	"\343\345\311\231jJ\352c)\341c\262M$\016\333D\342\310"
 109      6A4AEA63 
 109      29E163B2 
 109      4D240EDB 
 109      44E2C8
 110 0520 782486D4 		.ascii	"x$\206\324\234\270\250\310\303\030\211\011W\314Q\030"
 110      9CB8A8C8 
 110      C3188909 
 110      57CC5118 
 111 0530 6B11E0E5 		.ascii	"k\021\340\345\317\256\344\026a\346Y\006\316u 5\313\021"
 111      CFAEE416 
 111      61E65906 
 111      CE752035 
 111      CB11
 112 0542 E08760E3 		.ascii	"\340\207`\343\272\260\0246\265\276VM\337g\250oU\347"
 112      BAB01436 
 112      B5BE564D 
 112      DF67A86F 
 112      55E7
 113 0554 68BF3239 		.ascii	"h\27729\363\214q\362\247@\256J\263\265E`\333=\355\271"
 113      F38C71F2 
 113      A740AE4A 
 113      B3B54560 
 113      DB3DEDB9 
 114 0568 F2E4CC33 		.ascii	"\362\344\3143%urY\361Q\305F_OI\257\357.I\323w$%\300"
 114      25757259 
 114      F151C546 
 114      5F4F49AF 
 114      EF2E49D3 
 115 0580 D75E8E92 		.ascii	"\327^\216\222\364!n\302\020\327\2645\241\266Z\3421a"
 115      F4216EC2 
 115      10D7B435 
 115      A1B65AE2 
 115      3161
 116 0592 E2D1B294 		.ascii	"\342\321\262\224\202YJ\3134&\3144\221%\007)\037\314"
 116      82594ACB 
 116      3426CC34 
 116      91250729 
 116      1FCC
 117 05a4 11F078CB 		.ascii	"\021\360x\313\365\022d\365c\210\322\222\254\006\014"
 117      F51264F5 
 117      6388D292 
 117      AC060C
 118 05b3 F8DF17D0 		.ascii	"\370\337\027\320\034\331{\014c\370\373\372\2206aH7\024"
 118      1CD97B0C 
 118      63F8FBFA 
 118      90366148 
 118      3714
 119 05c5 5CAE9B0E 		.ascii	"\\\256\233\016\263&\001\357TT%\"\347?\320\337\225\012"
 119      B32601EF 
 119      54542522 
 119      E73FD0DF 
ARM GAS  C:\Users\Thomas\AppData\Local\Temp\cc7o9bAg.s 			page 9


 119      950A
 120 05d7 DE95F712 		.ascii	"\336\225\367\022B\255\030\357\177\010*\244\232\207\220"
 120      42AD18EF 
 120      7F082AA4 
 120      9A8790
 121 05e6 3398FCFA 		.ascii	"3\230\374\372pK\233\035\300\037\300\305\222\333\376"
 121      704B9B1D 
 121      C01FC0C5 
 121      92DBFE
 122 05f5 08D7BE22 		.ascii	"\010\327\276\"\340\341c5=N\000\177\250O\226&L\226{\367"
 122      E0E16335 
 122      3D4E007F 
 122      A84F9626 
 122      4C967BF7 
 123 0609 3D4D4767 		.ascii	"=MGg\377#\001s\367\356-D\251^\325?S\025|\246jO\\\005"
 123      FF230173 
 123      F7EE2D44 
 123      A95ED53F 
 123      53157CA6 
 124 0621 9FB8FDF1 		.ascii	"\237\270\375\361U\257\001Z\2507\206\202\306h\357K\316"
 124      55AF015A 
 124      A8378682 
 124      C668EF4B 
 124      CE
 125 0632 C494FD9A 		.ascii	"\304\224\375\232>)\2330)\267x\307\356\306\227\244\263"
 125      3E299B30 
 125      29B778C7 
 125      EEC697A4 
 125      B3
 126 0643 80E9F989 		.ascii	"\200\351\371\211*J\361\307\340\240~!{\214@\354\311\364"
 126      2A4AF1C7 
 126      E0A07E21 
 126      7B8C40EC 
 126      C9F4
 127 0655 11A86004 		.ascii	"\021\250`\004\016\230k\356\240\030o\030t\257R\023\276"
 127      0E986BEE 
 127      A0186F18 
 127      74AF5213 
 127      BE
 128 0666 4A1FD664 		.ascii	"J\037\326dD!\2577A\254\23423\246\335\267\004\254+Om"
 128      4421AF37 
 128      41AC9C32 
 128      33A6DDB7 
 128      04AC2B4F 
 129 067b 423B2F12 		.ascii	"B;/\0220\272\245\255\012m\365'Pm\334I\366G\241\027\013"
 129      30BAA5AD 
 129      0A6DF527 
 129      506DDC49 
 129      F647A117 
 130 0690 78FBC1F9 		.ascii	"x\373\301\371\026d\365\247\0026\0165^B\343,\001\303"
 130      1664F5A7 
 130      02360E35 
 130      5E42E32C 
 130      01C3
 131 06a2 26E5E4E1 		.ascii	"&\345\344\341\332\267\365w\205\311\366\256P\360\256"
 131      DAB7F577 
 131      85C9F6AE 
ARM GAS  C:\Users\Thomas\AppData\Local\Temp\cc7o9bAg.s 			page 10


 131      50F0AE
 132 06b1 78549F5E 		.ascii	"xT\237^\217G\366\216\200\326\314\232&\234\375sp\302"
 132      8F47F68E 
 132      80D6CC9A 
 132      269CFD73 
 132      70C2
 133 06c3 A7DDDE28 		.ascii	"\247\335\336(\344\273\002\346t<\255BG\202\004\250\216"
 133      E4BB02E6 
 133      743CAD42 
 133      478204A8 
 133      8E
 134 06d4 1C084063 		.ascii	"\034\010@c\375\205\200\303G\352\203\361\216\332\005"
 134      FD8580C3 
 134      47EA83F1 
 134      8EDA05
 135 06e3 D6F1CC3F 		.ascii	"\326\361\314?{\013\305\372\211\200\367\317t\224 \353"
 135      7B0BC5FA 
 135      8980F7CF 
 135      749420EB 
 136 06f3 BF14F042 		.ascii	"\277\024\360B\334\355\0344\326_\011\330\032\371\250"
 136      DCED1C34 
 136      D65F09D8 
 136      1AF9A8
 137 0702 063DE9AF 		.ascii	"\006=\351\257!\326\325'\305\270\361\337\200X\251\227"
 137      21D6D527 
 137      C5B8F1DF 
 137      8058A997 
 138 0712 1A70EDDF 		.ascii	"\032p\355\337\202\333\265\014D\240\206\177\007\260\274"
 138      82DBB50C 
 138      44A0867F 
 138      07B0BC
 139 0721 2A0F377A 		.ascii	"*\0177z\037.\326\301\2303(\326R}\332P0mD\344\006\334"
 139      1F2ED6C1 
 139      983328D6 
 139      527DDA50 
 139      306D44E4 
 140 0737 C0D45C3B 		.ascii	"\300\324\\;\027\302\224\337I\336\022\334I\365t'\371"
 140      17C294DF 
 140      49DE12DC 
 140      49F57427 
 140      F9
 141 0748 48782725 		.ascii	"Hx'%L\272\223\212\350N*\242;\251\033\357\244V\272\223"
 141      4CBA938A 
 141      E84E2AA2 
 141      3BA91BEF 
 141      A456BA93 
 142 075c 04977B74 		.ascii	"\004\227{t7\335\247\345\355\364}@\313:\210\235\376N"
 142      37DDA7E5 
 142      EDF47D40 
 142      CB3A889D 
 142      FE4E
 143 076e 2AA23BC9 		.ascii	"*\242;\311\227\257\367\343\303\237\217\000>\002\371"
 143      97AFF7E3 
 143      C39F8F00 
 143      3E02F9
 144 077d D82DE1FA 		.ascii	"\330-\341\372 \376\335\303G\260\204\364{%\334'\204\350"
 144      20FEDDC3 
ARM GAS  C:\Users\Thomas\AppData\Local\Temp\cc7o9bAg.s 			page 11


 144      47B084F4 
 144      7B25DC27 
 144      84E8
 145 078f 4225E417 		.ascii	"B%\344\027F\337}\304'\234\346\367\363q\200\217\203\304"
 145      46DF7DC4 
 145      279CE6F7 
 145      F371808F 
 145      83C4
 146 07a1 2F82F888 		.ascii	"/\202\370\210\034%\350\"\211\356\020\375~\230\350\216"
 146      1C25E822 
 146      89EE10FD 
 146      7E98E88E 
 147 07b1 103ECABF 		.ascii	"\020>\312\277Q|\034#\276\321|\034\347\343\204\204r\237"
 147      517C1C23 
 147      BED17C1C 
 147      E7E38484 
 147      729F
 148 07c3 E423868F 		.ascii	"\344#\206\217XZ\027G\353NIh\227"
 148      585A1747 
 148      EB4E4968 
 148      97
 149 07d0 78923781 		.ascii	"x\2227\201~?Mt\211$\357\031\376=\313G\022\375\236L\337"
 149      7E3F4D74 
 149      8924EF19 
 149      FE3DCB47 
 149      12FD9E4C 
 150 07e5 145A974A 		.ascii	"\024Z\227J\373\247\321\376\351|d\360q\216\326g\322\376"
 150      FBA7D1FE 
 150      E97C64F0 
 150      718ED667 
 150      D2FE
 151 07f7 E7695D16 		.ascii	"\347i]\026}/\320\272lZ\227C\362\346j\353\030\256\273"
 151      7D2FD0BA 
 151      6C5A9743 
 151      F2E66AEB 
 151      18AEBB
 152 080a 48F479F8 		.ascii	"H\364y\370\025\216\322\333\350iv\200\267\201\245\267"
 152      158ED2DB 
 152      E8697680 
 152      B781A5B7 
 153 081a 765ABEB7 		.ascii	"vZ\276\267\252>\263Z\031\270\214\227\204\017\203\211"
 153      AA3EB35A 
 153      19B88C97 
 153      840F8389 
 154 082a 0B81FFC2 		.ascii	"\013\201\377\302\377k\226 .r\303\263\006\235\360aP\316"
 154      FF6B9620 
 154      2E72C3B3 
 154      069DF061 
 154      50CE
 155 083c 1F063CFB 		.ascii	"\037\006<\373\263|\011\037\006\207\316\2368\3574\305"
 155      B37C091F 
 155      0687CE9E 
 155      38EF34C5 
 156 084c C3A04082 		.ascii	"\303\240@\202\207A\305\003s\227\235|\031\257\210\266"
 156      8741C503 
 156      73979D7C 
 156      19AF88B6 
ARM GAS  C:\Users\Thomas\AppData\Local\Temp\cc7o9bAg.s 			page 12


 157 085c 941B4933 		.ascii	"\224\033I3\344R\004\273r\206\006\214r-\202\226\323\007"
 157      E45204BB 
 157      7286068C 
 157      722D8296 
 157      D307
 158 086e 5B25B901 		.ascii	"[%\271\001\301\321\201\236\334\031\"|\364/\213\371\330"
 158      C1D1819E 
 158      DC19227C 
 158      F42F8BF9 
 158      D8
 159 087f 7538D8F9 		.ascii	"u8\330\371$\303\001\240\325*\256\022i\264%\351\224="
 159      24C301A0 
 159      D52AAE12 
 159      69B425E9 
 159      943D
 160 0891 7336623F 		.ascii	"s6b?\241\032\373\011%\222\221]\225\306\253\307\371\324"
 160      A11AFB09 
 160      2592915D 
 160      95C6ABC7 
 160      F9D4
 161 08a3 4F80B241 		.ascii	"O\200\262A\365R\355\342\025\0038\253\250s\330u\311\231"
 161      F552EDE2 
 161      150338AB 
 161      A873D875 
 161      C999
 162 08b5 5360E550 		.ascii	"S`\345P\314-vM\232\2077\330X\274\275\334\213R\3704v"
 162      CC2D764D 
 162      9A8737D8 
 162      58BCBDDC 
 162      8B52F834 
 163 08ca 15307904 		.ascii	"\0250y\004\200Cb^w\371,\266\000\376\315q\306\372\271"
 163      8043625E 
 163      77F92CB6 
 163      00FECD71 
 163      C6FAB9
 164 08dd 307953FF 		.ascii	"0yS\377.5h.\\\304\205|\353J\311\266&\356\032/\237\243"
 164      2E35682E 
 164      5CC4857C 
 164      EB4AC9B6 
 164      26EE1A2F 
 165 08f3 735BEDA8 		.ascii	"s[\355\250x\276\374\034\3027\307\351\256\215\323\225"
 165      78BEFC1C 
 165      C237C7E9 
 165      AE8DD395 
 166 0903 3E878E3B 		.ascii	">\207\216;\233Fh\036',z\016a\310\004\341\305q\302+\317"
 166      9B46681E 
 166      272C7A0E 
 166      61C804E1 
 166      C571C22B 
 167 0918 215C344E 		.ascii	"!\\4NW\354c\037\277\004\254x\203\350\306\255\245\353"
 167      57EC631F 
 167      BF04AC78 
 167      83E8C6AD 
 167      A5EB
 168 092a 058CD7E2 		.ascii	"\005\214\327\342\356\372>\203\240\026\356T\305\315Z"
 168      EEFA3E83 
 168      A016EE54 
ARM GAS  C:\Users\Thomas\AppData\Local\Temp\cc7o9bAg.s 			page 13


 168      C5CD5A
 169 0939 2E2D6037 		.ascii	".-`7\371(\343\343\033>n\361Q!a\205\015\245~6\364\007"
 169      F928E3E3 
 169      1B3E6EF1 
 169      51216185 
 169      0DA57E36 
 170 094f F8926FF7 		.ascii	"\370\222o\367\007\006n\205^u\222U\031\372\003\005e\307"
 170      07066E85 
 170      5E759255 
 170      19FA0305 
 170      65C7
 171 0961 CECCD2FA 		.ascii	"\316\314\322\372\003\327\335\034X-\337\245z\342\204"
 171      03D7DD1C 
 171      582DDFA5 
 171      7AE284
 172 0970 0507DBFE 		.ascii	"\005\007\333\376\200N&V\303E\371\256b\211\353*\356Z"
 172      804E2656 
 172      C345F9AE 
 172      6289EB2A 
 172      EE5A
 173 0982 A8E344BF 		.ascii	"\250\343D\277`\012N\206\227\261\311H\310\367\321\325"
 173      600A4E86 
 173      97B1C948 
 173      C8F7D1D5 
 174 0992 7BEE20F3 		.ascii	"{\356 \363D=\\'\331\324\303a7\332\374\247\353\251o\277"
 174      443D5C27 
 174      D9D4C361 
 174      37DAFCA7 
 174      EBA96FBF 
 175 09a6 887A20E7 		.ascii	"\210z \347\320\321\3516o\264z\2337\332\235\3617\232"
 175      D0D1E936 
 175      6FB47A9B 
 175      37DA9DF1 
 175      379A
 176 09b8 67FBFEB1 		.ascii	"g\373\376\261\351\362\0210\343\370%>\037/\361\314\224"
 176      E9F21130 
 176      E3F8253E 
 176      1F2FF1CC 
 176      94
 177 09c9 FB6318BF 		.ascii	"\373c\030\277K`;\241\220\310\0337\351+\024\023yQ('\362"
 177      4B603BA1 
 177      90C81B37 
 177      E92B1413 
 177      79512827 
 178 09de 8C50F02E 		.ascii	"\214P\360.\377r%E\276\021,\256F\236\276<s\022\213\242"
 178      FF722545 
 178      BE112CAE 
 178      469EBE3C 
 178      73128BA2 
 179 09f2 492C3288 		.ascii	"I,2\210\205HQz\026g1\320z:\363\016\312/a\341\373b\026"
 179      8548517A 
 179      166731D0 
 179      7A3AF30E 
 179      CA2F61E1 
 180 0a09 15A9B742 		.ascii	"\025\251\267B\361\032\234\013\206\340\267`\243\364\236"
 180      F11A9C0B 
 180      86E0B760 
ARM GAS  C:\Users\Thomas\AppData\Local\Temp\cc7o9bAg.s 			page 14


 180      A3F49E
 181 0a18 B8052DFC 		.ascii	"\270\005-\374#n\301&Lf\345C\326ZE+\221z~\276_U\271G"
 181      236EC126 
 181      4C66E543 
 181      D65A452B 
 181      917A7EBE 
 182 0a30 41674E2C 		.ascii	"AgN,k\240L8a\366\006\310\204\315\270x\260aO\303,\314"
 182      6BA04C38 
 182      61F606C8 
 182      84CDB878 
 182      B0614FC3 
 183 0a46 84B53C13 		.ascii	"\204\265<\023r\033\263\026\312\204\336\011=\252<)\023"
 183      721BB316 
 183      CA84DE09 
 183      3DAA3C29 
 183      13
 184 0a57 0A994526 		.ascii	"\012\231E&\274\207\231\360;\324D\337\201\344%M\251v"
 184      BC8799F0 
 184      3BD444DF 
 184      81E4254D 
 184      A976
 185 0a69 89EA8437 		.ascii	"\211\352\2047\200:g_\326\217\310\247\242\265*A\213d"
 185      803A675F 
 185      D68FC8A7 
 185      A2B52A41 
 185      8B64
 186 0a7b 037B003E 		.ascii	"\003{\000>\005K\004qM_S\356\014=u\371\213\250o\356\352"
 186      054B0471 
 186      4D5F53EE 
 186      0C3D75F9 
 186      8BA86FEE 
 187 0a90 69B4AD8A 		.ascii	"i\264\255\212:l<\260s\334\003\013\352:,\222\\\212\036"
 187      3A6C3CB0 
 187      73DC030B 
 187      EA3A2C92 
 187      5C8A1E
 188 0aa3 18929B76 		.ascii	"\030\222\233v\304H*v\340I\325c\015MG\371\264-cL\306"
 188      C4482A76 
 188      E049D563 
 188      0D4D47F9 
 188      B42D634C 
 189 0ab8 8B2ACFEF 		.ascii	"\213*\317\357c\265\230\307\273\325\372*\320v\321\361"
 189      63B598C7 
 189      BBD5FA2A 
 189      D076D1F1 
 190 0ac8 4CC8D405 		.ascii	"L\310\324\005\307\323\215\307s+6\251\316\021\217\247"
 190      C7D38DC7 
 190      732B36A9 
 190      CE118FA7 
 191 0ad8 9E1F0F17 		.ascii	"\236\037\017\027\200\365\320\361\214\235\362\252\234"
 191      80F5D0F1 
 191      8C9DF2AA 
 191      9C
 192 0ae5 5CC16A86 		.ascii	"\\\301j\206\355\305\343)\036\016\217f@\362:\324w\\\260"
 192      EDC5E329 
 192      1E0E8F66 
 192      40F23AD4 
ARM GAS  C:\Users\Thomas\AppData\Local\Temp\cc7o9bAg.s 			page 15


 192      775CB0
 193 0af8 4BE842AD 		.ascii	"K\350B\255\344B\367\371W<\244\332\370W<\244\372p\333"
 193      E442F7F9 
 193      573CA4DA 
 193      F8573CA4 
 193      FA70DB
 194 0b0b D69BC316 		.ascii	"\326\233\303\026t)K\231\337\332q\201\005\217Q*\271'"
 194      74294B99 
 194      DFDA7181 
 194      058F512A 
 194      B927
 195 0b1d 4ACB5128 		.ascii	"J\313Q(\271\373q\245OM\3656\224\267\213\313\313\313"
 195      B9FB71A5 
 195      4F4DF536 
 195      94B78BCB 
 195      CBCB
 196 0b2f 483640F2 		.ascii	"H6@\362\372\347\364\207\315\234\342b\035Dy\217{]\253"
 196      FAE7F487 
 196      CD9CE262 
 196      1D44798F 
 196      7B5DAB
 197 0b42 B42797BF 		.ascii	"\264'\227\277\201\362\0160\220\367!Cy\037\342.\217/"
 197      81F20E30 
 197      90F72143 
 197      791FE22E 
 197      8F2F
 198 0b54 66359041 		.ascii	"f5\220A\037\350\344\023k\312\330d\177/\003\371\036\341"
 198      1FE8E413 
 198      6BCAD864 
 198      7F2F03F9 
 198      1EE1
 199 0b66 CAB8CA27 		.ascii	"\312\270\312'\231v(\340\010\027\260\224\013\370\230"
 199      997628E0 
 199      0817B094 
 199      0BF898
 200 0b75 046C1D38 		.ascii	"\004l\0358{\301n\012\001\207P\300\376\335\375\215\263"
 200      7BC16E0A 
 200      018750C0 
 200      FEDDFD8D 
 200      B3
 201 0b86 80C4815D 		.ascii	"\200\304\201]A\001\237 \337\356\242\340Ha\261\224h\313"
 201      41019F20 
 201      DFEEA2E0 
 201      4861B194 
 201      68CB
 202 0b98 B04E2241 		.ascii	"\260N\"ATH\022M\\'\205 \3210_\311F$\321\036\277_<|\315"
 202      5448124D 
 202      5C278520 
 202      D1305FC9 
 202      4624D11E 
 203 0bb1 411E4377 		.ascii	"A\036Cw\362\3148\337\351\370\\w\362Ew\252\033\361\275"
 203      F2CC38DF 
 203      E9F85C77 
 203      F24577AA 
 203      1BF1BD
 204 0bc4 ED847B45 		.ascii	"\355\204{ENr\247\321o\271\323(\270\323\230\330\353)"
 204      4E72A7D1 
ARM GAS  C:\Users\Thomas\AppData\Local\Temp\cc7o9bAg.s 			page 16


 204      6FB9D328 
 204      B8D398D8 
 204      EB29
 205 0bd6 ECD5E0E3 		.ascii	"\354\325\340\343\231\207\225\312\023\250j\357\205Z\036"
 205      998795CA 
 205      13A86AEF 
 205      855A1E
 206 0be5 3B40D17E 		.ascii	";@\321~\014_*\225\251eX\323G\001\216\312\261&\276\240"
 206      0C5F2A95 
 206      A96558D3 
 206      47018ECA 
 206      B126BEA0 
 207 0bf9 BFEA2953 		.ascii	"\277\352)St\2522\010\227\025\323\034+M\256\342\237\361"
 207      74AA3208 
 207      9715D31C 
 207      2B4DAEE2 
 207      9FF1
 208 0c0b B46195A0 		.ascii	"\264a\225\240\320\226gk\213\004\365\211\230G)\337\252"
 208      D096676B 
 208      8B04F589 
 208      984729DF 
 208      AA
 209 0c1c E2A7A42E 		.ascii	"\342\247\244.\030.\215er\3444\246\257\307LX\217u\305"
 209      182E8D65 
 209      72E434A6 
 209      AFC74C58 
 209      8F75C5
 210 0c2f 9DBA8745 		.ascii	"\235\272\207E\362\227\002\036\013N\033\306R\347\013"
 210      F297021E 
 210      0B4E1BC6 
 210      52E70B
 211 0c3e 01771F89 		.ascii	"\001w\037\211\311\307Ywx\344\025\216\246c+\317M@\277"
 211      C9C75977 
 211      78E4158E 
 211      A6632BCF 
 211      4D40BF
 212 0c51 B0EEA358 		.ascii	"\260\356\243X\215\357\200\302\207\376\000c\302?\300"
 212      8DEF80C2 
 212      87FE0063 
 212      C23FC0
 213 0c60 84C5E73F 		.ascii	"\204\305\347?\226\000\272\300I\017\207\007a\331\377"
 213      9600BAC0 
 213      490F8707 
 213      61D9FF
 214 0c6f 1BA830F3 		.ascii	"\033\2500\363.\217b\277q\033\274\345\256T\347c\265\272"
 214      2E8F62BF 
 214      711BBCE5 
 214      AE54E763 
 214      B5BA
 215 0c81 45C0AAFE 		.ascii	"E\300\252\376\003\305\270\321\347P\351E\325\324ay\272"
 215      03C5B8D1 
 215      E750E945 
 215      D5D46179 
 215      BA
 216 0c92 1D5E8885 		.ascii	"\035^\210\205\373k\221\325V\250t\253.\376\020\320N\210"
 216      FB6B91D5 
 216      56A874AB 
ARM GAS  C:\Users\Thomas\AppData\Local\Temp\cc7o9bAg.s 			page 17


 216      2EFE10D0 
 216      4E88
 217 0ca4 A48ED24E 		.ascii	"\244\216\322N\024\331C\300\320\336\221K(\324\006}\315"
 217      14D943C0 
 217      D0DE914B 
 217      28D4067D 
 217      CD
 218 0cb5 64C29A49 		.ascii	"d\302\232I\253\250LXQ\345\234\364KC\270\036\252\321"
 218      ABA84C58 
 218      51E59CF4 
 218      4B43B81E 
 218      AAD1
 219 0cc7 E0B36DB8 		.ascii	"\340\263m\270\255\253\276\3543a\331\247\2655\024lk\234"
 219      ADABBEEC 
 219      3361D9A7 
 219      B535146C 
 219      6B9C
 220 0cd9 CE0A1CC5 		.ascii	"\316\012\034\305\302\356#=4!\314=\232Z\200\035\203\345"
 220      C2EE233D 
 220      3421CC3D 
 220      9A5A801D 
 220      83E5
 221 0ceb 70089D47 		.ascii	"p\010\235Gk\021\256\200\307\260w`\017\326\210+\301\220"
 221      6B11AE80 
 221      C7B07760 
 221      0FD6882B 
 221      C190
 222 0cfd A921C358 		.ascii	"\251!\303X2\377\024\012\373Q\363\002@\253\004\212\254"
 222      32FF140A 
 222      FB51F302 
 222      40AB048A 
 222      AC
 223 0d0e 6C0F46DA 		.ascii	"l\017F\332\277\207\311\002/\037t\313\217\0054\373\204"
 223      BF87C902 
 223      2F1F74CB 
 223      8F0534FB 
 223      84
 224 0d1f 5660F1B9 		.ascii	"V`\361\271Z\300\312\352\326F\224\361g\0026_\177Z\216"
 224      5AC0CAEA 
 224      D64694F1 
 224      6702365F 
 224      7F5A8E
 225 0d32 708D8097 		.ascii	"p\215\200\227B\232\242p\355Z\220\"\257\213z\002\353"
 225      429AA270 
 225      ED5A9022 
 225      AF8B7A02 
 225      EB
 226 0d43 043C77A3 		.ascii	"\004<w\2430\017K\323\237\353m\243\240m\264\323U\360"
 226      300F4BD3 
 226      9FEB6DA3 
 226      A06DB4D3 
 226      55F0
 227 0d55 74355329 		.ascii	"t5S)h*\315\352\012Z\375qB\377\035T\367\027\220\235/"
 227      682ACDEA 
 227      0A5AFD71 
 227      42FF1D54 
 227      F717909D 
ARM GAS  C:\Users\Thomas\AppData\Local\Temp\cc7o9bAg.s 			page 18


 228 0d6a 641DC7B5 		.ascii	"d\035\307\265\377\000\031.7<\0169\377#\224\304m\321"
 228      FF00192E 
 228      373C0E39 
 228      FF2394C4 
 228      6DD1
 229 0d7c 66D4FE9F 		.ascii	"f\324\376\237\240\254\315N\016\304\032\370\227\260Q"
 229      A0ACCD4E 
 229      0EC41AF8 
 229      97B051
 230 0d8b DE7039DA 		.ascii	"\336p9\332u\023\270oB\365\030\352\373\317\340F\341\035"
 230      7513B86F 
 230      42F518EA 
 230      FBCFE046 
 230      E11D
 231 0d9d 2DB8EF27 		.ascii	"-\270\357'\340\276Oc\032\260\234\376\027\001G\007\236"
 231      E0BE4F63 
 231      1AB09CFE 
 231      17014707 
 231      9E
 232 0dae 5EC18DFE 		.ascii	"^\301\215\376U@K\213\331\212\304\033\005L1'R\321\377"
 232      55404B8B 
 232      D98AC41B 
 232      054C3127 
 232      52D1FF
 233 0dc1 6FFA8D14 		.ascii	"o\372\215\024\334\310b\311\353F\342\315z\177U\320_5"
 233      DCC862C9 
 233      EB46E2CD 
 233      7A7F55D0 
 233      5F35
 234 0dd3 8F54D023 		.ascii	"\217T\320#\2658Q0N|G\023c\360\310>\325\235\247\011\317"
 234      B5385130 
 234      4E7C4713 
 234      63F0C83E 
 234      D59DA709 
 235 0de8 33B4E212 		.ascii	"3\264\342\022\251\373+\001\017\207\334\214\304\242\376"
 235      A9FB2B01 
 235      0F87DC8C 
 235      C4A2FE
 236 0df7 D7FA3051 		.ascii	"\327\3720Q0L\332\002vg#\343\177\207\003\274\330\264"
 236      304CDA02 
 236      766723E3 
 236      7F8703BC 
 236      D8B4
 237 0e09 11D07F40 		.ascii	"\021\320\177@8\016\307\267\242L\237\351\003N\301\200"
 237      380EC7B7 
 237      A24C9FE9 
 237      034EC180 
 238 0e19 D36248C1 		.ascii	"\323bH\301\030\322\"L\301\010\323\342^\301\270\327$"
 238      18D2224C 
 238      C108D3E2 
 238      5EC1B8D7 
 238      24
 239 0e2a 36A1C489 		.ascii	"6\241\304\211\255}\355\310\352?\365YA\301\254\240\245"
 239      AD7DEDC8 
 239      EA3FF559 
 239      41C1ACA0 
 239      A5
ARM GAS  C:\Users\Thomas\AppData\Local\Temp\cc7o9bAg.s 			page 19


 240 0e3b 0105D380 		.ascii	"\001\005\323\200\026\200\012\006 E\247\202\321y\351"
 240      16800A06 
 240      2045A782 
 240      D179E9
 241 0e4a 71E139DC 		.ascii	"q\3419\334\347\267\002\252fk&\252\367_\002\246V\265"
 241      E7B702AA 
 241      666B26AA 
 241      F75F02A6 
 241      56B5
 242 0e5c D7A08CFF 		.ascii	"\327\240\214\377\015V\245\236\225\011{VZ\252R0U\265"
 242      0D56A59E 
 242      95097B56 
 242      5AAA5230 
 242      55B5
 243 0e6e A6D5A7E1 		.ascii	"\246\325\247\341\332\257\200x\264\234\216\376\177@\277"
 243      DAAF8078 
 243      B49C8EFE 
 243      7F40BF
 244 0e7d DEDA3C64 		.ascii	"\336\332<d\365\277\002>\274yb\015 \270\217\316Wd\267"
 244      F5BF023E 
 244      BC79620D 
 244      20B88FCE 
 244      5764B7
 245 0e90 A1F2FF07 		.ascii	"\241\362\377\007\376\370\254\3542\032\356\377\005\324"
 245      FEF8ACEC 
 245      321AEEFF 
 245      05D4
 246 0e9e 7AFF0AF5 		.ascii	"z\377\012\365\376\265\346\230B\3151\255\035\244P;\250"
 246      FEB5E698 
 246      42CD31AD 
 246      1DA4503B 
 246      A8
 247 0eaf 2C209AFE 		.ascii	", \232\3768\342\0058\353\316\341!\234\367\006\334]b"
 247      38E20538 
 247      EBCEE121 
 247      9CF706DC 
 247      5D62
 248 0ec1 F5C1DD7C 		.ascii	"\365\301\335|\220>3\277\011\347}\001G<\013\250C\353"
 248      903E33BF 
 248      09E77D01 
 248      473C0BA8 
 248      43EB
 249 0ed3 FA01CE30 		.ascii	"\372\001\3160\247\017 ?\177\300EgS. }\000\340`__g\200"
 249      A70F203F 
 249      7FC04567 
 249      532E207D 
 249      00E0605F 
 250 0eea 81005B93 		.ascii	"\201\000[\223\333obp\355\006|\335\272\317\023q\020\340"
 250      DB6F6270 
 250      ED067CDD 
 250      BACF1371 
 250      10E0
 251 0efc F0D2CB77 		.ascii	"\360\322\313wq\371\036\300\315\217\013~\0120\030\271"
 251      71F91EC0 
 251      CD8F0B7E 
 251      0A3018B9 
 252 0f0c F97937A0 		.ascii	"\371y7\240\335\366\002\266\366\305?EiC\361\357\312q"
ARM GAS  C:\Users\Thomas\AppData\Local\Temp\cc7o9bAg.s 			page 20


 252      DDF602B6 
 252      F6C53F45 
 252      6943F1EF 
 252      CA71
 253 0f1e D73CB115 		.ascii	"\327<\261\025\030\0068\263\261\221\372\265\373P\333"
 253      180638B3 
 253      B191FAB5 
 253      FB50DB
 254 0f2d B2137988 		.ascii	"\262\023y\210\303\001\207\366\215>Bc\356\007\374,\310"
 254      C30187F6 
 254      8D3E4263 
 254      EE07FC2C 
 254      C8
 255 0f3e DA84DA1D 		.ascii	"\332\204\332\035\000|\373\344\221t\344w\020p\216e \005"
 255      007CFBE4 
 255      9174E477 
 255      10708E65 
 255      2005
 256 0f50 E33B0270 		.ascii	"\343;\002p@DX\034Z;\022plc\371\011<\346C\200\317\005"
 256      4044581C 
 256      5A3B1270 
 256      6C63F909 
 256      3CE64380 
 257 0f66 273722FD 		.ascii	"'7\"\375a\3001\031\017:\221\377\021\304\325\027\273"
 257      61C03119 
 257      0F3A91FF 
 257      11C4D517 
 257      BB
 258 0f77 30B91CB5 		.ascii	"0\271\034\265\271\227\025\272\2273\036\246\266\342c"
 258      B99715BA 
 258      97331EA6 
 258      B6E263
 259 0f86 E9C95BCC 		.ascii	"\351\311[\314K\206wB\313\370;\001^K\336\324&k\2416\231"
 259      4B867742 
 259      CBF83B01 
 259      5E4BDED4 
 259      266BA136 
 260 0f9b 8F8C6D32 		.ascii	"\217\214m21"
 260      31
 261 0fa0 7F97DA68 		.ascii	"\177\227\332h\215\324\377\342E\263\257\214m2\001E\233"
 261      8DD4FFE2 
 261      45B3AF8C 
 261      6D320145 
 261      9B
 262 0fb1 CC4FB66D 		.ascii	"\314O\266m\223\371\313\266\177\272\011\220\261M\226"
 262      93F9CBB6 
 262      7FBA0990 
 262      B14D96
 263 0fc0 406DB240 		.ascii	"@m\262@\031\333d\002\2136\231\300\001\324\266\021m\262"
 263      19DB6402 
 263      8B3699C0 
 263      01D4B611 
 263      6DB2
 264 0fd2 DD32B6C9 		.ascii	"\3352\266\311\004\026m\262 \031\333d\011\324&\023\374"
 264      04166DB2 
 264      2019DB64 
 264      09D42613 
ARM GAS  C:\Users\Thomas\AppData\Local\Temp\cc7o9bAg.s 			page 21


 264      FC
 265 0fe3 42098B36 		.ascii	"B\011\2136\331\036\031\333d\002\2136Y\260\214m2\201"
 265      D91E19DB 
 265      64028B36 
 265      59B08C6D 
 265      3281
 266 0ff5 459B6CAF 		.ascii	"E\233l\257\214m\262\004j\223\205"
 266      8C6DB204 
 266      6A9385
 267 1000 C8D82613 		.ascii	"\310\330&\023X\264\311Be\3336Y\230\214m2\201E\233l\237"
 267      58B4C942 
 267      65DB3659 
 267      988C6D32 
 267      81459B6C 
 268 1015 8C6D3281 		.ascii	"\214m2\201O\020\277\223\204E\233,\\\3066Y\002\265\311"
 268      4F10BF93 
 268      84459B2C 
 268      5CC63659 
 268      02B5C9
 269 1028 04FF78C2 		.ascii	"\004\377x\302\242M&\354\241o\223\211\366\337\031j_\211"
 269      A24D26EC 
 269      A16F9389 
 269      F6DF196A 
 269      5F89
 270 103a 36D97ED9 		.ascii	"6\331~\331\266M&\364M%,\332d\007dl\223\011|\216\350"
 270      B64D26F4 
 270      4D252CDA 
 270      6407646C 
 270      93097C8E 
 271 104f 33098B36 		.ascii	"3\011\2136\331A\331\266M\026!c\233\014^\371\242%(c\233"
 271      D941D9B6 
 271      4D162163 
 271      9B0C5EF9 
 271      A2252863 
 272 1064 2C81DA64 		.ascii	",\201\332d\207dl\223\211\375E\233L\034\357a\231\364"
 272      87646C93 
 272      89FD459B 
 272      4C1CEF61 
 272      99F4
 273 1076 17BAF311 		.ascii	"\027\272\363\021E\370\230\214\363\321\204\217\313x>"
 273      45F8988C 
 273      F3D1848F 
 273      CB783E
 274 1085 27089FA4 		.ascii	"'\010\237\244\371\030\302\2612\352\037G\370\224\214"
 274      F918C2B1 
 274      32EA1F47 
 274      F8948C
 275 1094 E7134F38 		.ascii	"\347\023O8\201\360i\302\2112\332\367\014\341\2632\236"
 275      81F069C2 
 275      8932DAF7 
 275      0CE1B332 
 275      9E
 276 10a5 4712E164 		.ascii	"G\022\341d\031\3173\205p\252\214\366O#\234\316\277\031"
 276      19CF3385 
 276      70AA8CF6 
 276      4F239CCE 
 276      BF19
ARM GAS  C:\Users\Thomas\AppData\Local\Temp\cc7o9bAg.s 			page 22


 277 10b7 7C9C239C 		.ascii	"|\234#\234)\343y\234'\234E\353/\020\316&\371r\010\347"
 277      29E3799C 
 277      279C45EB 
 277      2F10CE26 
 277      F97208E7 
 278 10cb D27E1709 		.ascii	"\322~\027\011\347\221~f\302\371\374[\300\307%\302\227"
 278      E7917E66 
 278      C2F9FC5B 
 278      C0C725C2 
 278      97
 279 10dc 89FE0AE1 		.ascii	"\211\376\012\341B\332\257\210\360U\031\375\263\230\360"
 279      42DAAF88 
 279      F05519FD 
 279      B398F0
 280 10eb 3519CFFF 		.ascii	"5\031\317\377:\341\022\376\275\301G)\3412\222\277\234"
 280      3AE112FE 
 280      BDC14729 
 280      E13292BF 
 280      9C
 281 10fc 7005E9F7 		.ascii	"p\005\351\367\015\341\233\304\357\026\341J\376\255\342"
 281      0DE19BC4 
 281      EF16E14A 
 281      FEADE2
 282 110b A35AC6F3 		.ascii	"\243Z\306\363\253!\373\327\322\374m:\277:\302\3654\177"
 282      AB21FBD7 
 282      D2FC6D3A 
 282      BF3AC2F5 
 282      347F
 283 111d 877003E9 		.ascii	"\207p\003\351w\227p#\321[\0107\221<\315\204[H\277{\204"
 283      77977023 
 283      D15B0837 
 283      913CCD84 
 283      5B48BF7B 
 284 1132 5B69FE3E 		.ascii	"[i\376>\3416\342\327N\370\001\331\253\203p'\331\253"
 284      E136E2D7 
 284      4EF801D9 
 284      AB837027 
 284      D9AB
 285 1144 4BD38F21 		.ascii	"K\323\217!\277n\302=\244_/\341>\262W?\341\001\262\327"
 285      BF6EC23D 
 285      A45F2FE1 
 285      3EB2573F 
 285      E101B2D7 
 286 1158 20E187B4 		.ascii	" \341\207\264\377#\302\217\311^C\204\237\020\277a\302"
 286      FF23C28F 
 286      C95E4384 
 286      9F10BF61 
 286      C2
 287 1169 23F2781B 		.ascii	"#\362x\033\270\271!&\220A9\024\235\364\232V\014\211"
 287      B8B92126 
 287      90413914 
 287      9DF49A56 
 287      0C89
 288 117b 84E82D63 		.ascii	"\204\350-c14QO\360_DI$\363b\210\027\344\006\273\235"
 288      3134514F 
 288      F05F4449 
 288      24F36288 
ARM GAS  C:\Users\Thomas\AppData\Local\Temp\cc7o9bAg.s 			page 23


 288      17E406BB 
 289 1190 DBB67BFC 		.ascii	"\333\266{\374\304~\345\232\015\363\227\031\026.\376"
 289      C47EE59A 
 289      0DF39719 
 289      162EFE
 290 119f 64A5DB76 		.ascii	"d\245\333v7\367M\036n[7\272|\276\323}\213\333'\353\\"
 290      37F74D1E 
 290      6E5B37BA 
 290      7CBED37D 
 290      8BDB27EB 
 291 11b4 3E5FF6EE 		.ascii	">_\366\356'[\276\364\370\362\013\267\035\213\177mp\336"
 291      275BBEF4 
 291      F8F20BB7 
 291      1D8B7F6D 
 291      70DE
 292 11c6 E0F2E186 		.ascii	"\340\362\341\206\245\353]7n\333\352\342\346\276m\323"
 292      A5EB5D37 
 292      6EDBEAE2 
 292      E6BE6DD3 
 293 11d6 676B76FE 		.ascii	"gkv\376f\263\233\273\213\207\373\266\355\277\372\310"
 293      66B39BBB 
 293      8B87FBB6 
 293      EDBFFAC8 
 294 11e6 6DC716F7 		.ascii	"m\307\026\367m_x|\356\376\306\224\254\264\365[\005\355"
 294      6D5F787C 
 294      EEFEC694 
 294      ACB4F55B 
 294      05ED
 295 11f8 E22D06B6 		.ascii	"\342-\006\266\305\376\213\215\237m\333\3411\365\356"
 295      C5FE8B8D 
 295      9F6DDBE1 
 295      31F5EE
 296 1207 B484EFEE 		.ascii	"\264\204\357\356\344\272Q[\277z\203\253\223\366\377"
 296      E4BA515B 
 296      BF7A83AB 
 296      93F6FF
 297 1216 AE4B3F5C 		.ascii	"\256K?\\\275\374\373\032\372h\371/V-[\276d\212_?Z\356"
 297      BDFCFB1A 
 297      FA68F92F 
 297      562D5BBE 
 297      648A5F3F 
 298 122c B26CFD8F 		.ascii	"\262l\375\217'\377\272l\355\232\025\253VnX\277\324u"
 298      27FFBA6C 
 298      ED9A15AB 
 298      566E58BF 
 298      D475
 299 123e D5DA35B4 		.ascii	"\325\3325\264\364eD\300i\006\267\237\233\373\247\233"
 299      F46544C0 
 299      6906B79F 
 299      9BFBA79B 
 300 124e B6B81937 		.ascii	"\266\270\0317}\346\341\342\346\341\301\3550m\323\326"
 300      7DE6E1E2 
 300      E6E1C1ED 
 300      306DD3D6 
 301 125e ADEEC64D 		.ascii	"\255\356\306M\036\334(\233wz\270\355\260\027V~\373="
 301      1EDC289B 
 301      777AB8ED 
ARM GAS  C:\Users\Thomas\AppData\Local\Temp\cc7o9bAg.s 			page 24


 301      B017567E 
 301      FB3D
 302 1270 E3E69D9F 		.ascii	"\343\346\235\237~\312m\265\355+7\273\315?\333\266c\313"
 302      7ECA6DB5 
 302      ED2B37BB 
 302      CD3FDBB6 
 302      63CB
 303 1282 0F26D459 		.ascii	"\017&\324Y\276n\243\313rW\327UkV\272l\374p\365\332e"
 303      BE6EA3CB 
 303      7257D755 
 303      6B56BA6C 
 303      FC70F5DA 
 304 1297 1F2F79C9 		.ascii	"\037/y\311\356\372\005 \356\342\227,X\265\306u\371\372"
 304      EEFA0520 
 304      EEE2972C 
 304      58B5C675 
 304      F9FA
 305 12a9 154B972D 		.ascii	"\025K\227-\337\270l\365R\027\227W4r\2275\033]\\\327"
 305      DFB86CF5 
 305      52179757 
 305      34729735 
 305      1B5D5CD7 
 306 12bd 733EA8D0 		.ascii	"s>\250\320\252u\256k\327\317\033\237\234<\343\362;\214"
 306      AA75AE6B 
 306      D7CF1B9F 
 306      9C3CE3F2 
 306      3B8C
 307 12cf BD1F5D   		.ascii	"\275\037]"
 308              		.text
 309              		.section	.gnu.lto_.symtab.be9c6cb5,"",%progbits
 310 0000 55534255 		.ascii	"USBUART_idSerialNumberStringDescriptor\000\000\004\000"
 310      4152545F 
 310      69645365 
 310      7269616C 
 310      4E756D62 
 311 002a 22000000 		.ascii	"\"\000\000\000\000\000\000\000\265\000\000\000USBUA"
 311      00000000 
 311      B5000000 
 311      55534255 
 311      41
 312 003b 52545F54 		.ascii	"RT_TABLE\000\000\000\000\000\000\000\000\000\000\000"
 312      41424C45 
 312      00000000 
 312      00000000 
 312      000000
 313 004e 007A0100 		.ascii	"\000z\001\000\000USBUART_DEVICE0_TABLE\000\000\000\000"
 313      00555342 
 313      55415254 
 313      5F444556 
 313      49434530 
 314 006c 00000000 		.ascii	"\000\000\000\000\000\000\000\000v\001\000\000USBUAR"
 314      00000000 
 314      76010000 
 314      55534255 
 314      4152
 315 007e 545F4445 		.ascii	"T_DEVICE0_DESCR\000\000\000\000\000\000\000\000\000"
 315      56494345 
ARM GAS  C:\Users\Thomas\AppData\Local\Temp\cc7o9bAg.s 			page 25


 315      305F4445 
 315      53435200 
 315      00000000 
 316 0096 000000F0 		.ascii	"\000\000\000\360\000\000\000USBUART_DEVICE0_CONFIGU"
 316      00000055 
 316      53425541 
 316      52545F44 
 316      45564943 
 317 00b4 52415449 		.ascii	"RATION0_TABLE\000\000\000\000\000\000\000\000\000\000"
 317      4F4E305F 
 317      5441424C 
 317      45000000 
 317      00000000 
 318 00cb 00007201 		.ascii	"\000\000r\001\000\000USBUART_DEVICE0_CONFIGURATION0"
 318      00005553 
 318      42554152 
 318      545F4445 
 318      56494345 
 319 00ef 5F444553 		.ascii	"_DESCR\000\000\000\000\000\000\000\000\000\000\000\000"
 319      43520000 
 319      00000000 
 319      00000000 
 319      0000
 320 0101 40010000 		.ascii	"@\001\000\000USBUART_DEVICE0_CONFIGURATION0_EP_SETT"
 320      55534255 
 320      4152545F 
 320      44455649 
 320      4345305F 
 321 012b 494E4753 		.ascii	"INGS_TABLE\000\000\000\000\000\000\000\000\000\000\000"
 321      5F544142 
 321      4C450000 
 321      00000000 
 321      00000000 
 322 0140 00630100 		.ascii	"\000c\001\000\000USBUART_DEVICE0_CONFIGURATION0_INT"
 322      00555342 
 322      55415254 
 322      5F444556 
 322      49434530 
 323 0167 45524641 		.ascii	"ERFACE_CLASS\000\000\000\000\000\000\000\000\000\000"
 323      43455F43 
 323      4C415353 
 323      00000000 
 323      00000000 
 324 017d 00006E01 		.ascii	"\000\000n\001\000\000USBUART_SN_STRING_DESCRIPTOR\000"
 324      00005553 
 324      42554152 
 324      545F534E 
 324      5F535452 
 325 01a0 00000000 		.ascii	"\000\000\000\000\000\000\000\000\000\000\000}\001\000"
 325      00000000 
 325      0000007D 
 325      0100
 326 01ae 00555342 		.ascii	"\000USBUART_STRING_DESCRIPTORS\000\000\000\000\000\000"
 326      55415254 
 326      5F535452 
 326      494E475F 
 326      44455343 
ARM GAS  C:\Users\Thomas\AppData\Local\Temp\cc7o9bAg.s 			page 26


 327 01cf 00000000 		.ascii	"\000\000\000\000\000\000\374\001\000\000"
 327      0000FC01 
 327      0000
 328              		.text
 329              		.section	.gnu.lto_.opts,"",%progbits
 330 0000 272D666E 		.ascii	"'-fno-trapv' '-mcpu=cortex-m3' '-mthumb' '-g' '-O3'"
 330      6F2D7472 
 330      61707627 
 330      20272D6D 
 330      6370753D 
 331 0033 20272D66 		.ascii	" '-ffunction-sections' '-finline-functions' '-flto'"
 331      66756E63 
 331      74696F6E 
 331      2D736563 
 331      74696F6E 
 332 0066 20272D66 		.ascii	" '-ffat-lto-objects'\000"
 332      6661742D 
 332      6C746F2D 
 332      6F626A65 
 332      63747327 
 333              		.text
 334              		.cfi_sections	.debug_frame
 335              		.comm	USBUART_idSerialNumberStringDescriptor,34,4
 336              		.global	USBUART_TABLE
 337              		.global	USBUART_DEVICE0_TABLE
 338              		.global	USBUART_DEVICE0_CONFIGURATION0_TABLE
 339              		.global	USBUART_DEVICE0_CONFIGURATION0_INTERFACE_CLASS
 340              		.global	USBUART_DEVICE0_CONFIGURATION0_EP_SETTINGS_TABLE
 341              		.global	USBUART_SN_STRING_DESCRIPTOR
 342              		.global	USBUART_STRING_DESCRIPTORS
 343              		.global	USBUART_DEVICE0_CONFIGURATION0_DESCR
 344              		.global	USBUART_DEVICE0_DESCR
 345              		.section	.rodata
 346              		.align	2
 347              		.type	USBUART_TABLE, %object
 348              		.size	USBUART_TABLE, 8
 349              	USBUART_TABLE:
 350 0000 01       		.byte	1
 351 0001 000000   		.space	3
 352 0004 00000000 		.word	USBUART_DEVICE0_TABLE
 353              		.type	USBUART_DEVICE0_TABLE, %object
 354              		.size	USBUART_DEVICE0_TABLE, 24
 355              	USBUART_DEVICE0_TABLE:
 356 0008 01       		.byte	1
 357 0009 000000   		.space	3
 358 000c 00000000 		.word	USBUART_DEVICE0_DESCR
 359 0010 00       		.byte	0
 360 0011 000000   		.space	3
 361 0014 00000000 		.word	0
 362 0018 01       		.byte	1
 363 0019 000000   		.space	3
 364 001c 00000000 		.word	USBUART_DEVICE0_CONFIGURATION0_TABLE
 365              		.type	USBUART_DEVICE0_CONFIGURATION0_TABLE, %object
 366              		.size	USBUART_DEVICE0_CONFIGURATION0_TABLE, 40
 367              	USBUART_DEVICE0_CONFIGURATION0_TABLE:
 368 0020 01       		.byte	1
 369 0021 000000   		.space	3
ARM GAS  C:\Users\Thomas\AppData\Local\Temp\cc7o9bAg.s 			page 27


 370 0024 00000000 		.word	USBUART_DEVICE0_CONFIGURATION0_DESCR
 371 0028 03       		.byte	3
 372 0029 000000   		.space	3
 373 002c 00000000 		.word	USBUART_DEVICE0_CONFIGURATION0_EP_SETTINGS_TABLE
 374 0030 00       		.byte	0
 375 0031 000000   		.space	3
 376 0034 00000000 		.word	0
 377 0038 00       		.byte	0
 378 0039 000000   		.space	3
 379 003c 00000000 		.word	0
 380 0040 00       		.byte	0
 381 0041 000000   		.space	3
 382 0044 00000000 		.word	USBUART_DEVICE0_CONFIGURATION0_INTERFACE_CLASS
 383              		.type	USBUART_DEVICE0_CONFIGURATION0_INTERFACE_CLASS, %object
 384              		.size	USBUART_DEVICE0_CONFIGURATION0_INTERFACE_CLASS, 2
 385              	USBUART_DEVICE0_CONFIGURATION0_INTERFACE_CLASS:
 386 0048 02       		.byte	2
 387 0049 0A       		.byte	10
 388 004a 0000     		.space	2
 389              		.type	USBUART_DEVICE0_CONFIGURATION0_EP_SETTINGS_TABLE, %object
 390              		.size	USBUART_DEVICE0_CONFIGURATION0_EP_SETTINGS_TABLE, 24
 391              	USBUART_DEVICE0_CONFIGURATION0_EP_SETTINGS_TABLE:
 392 004c 00       		.byte	0
 393 004d 00       		.byte	0
 394 004e 81       		.byte	-127
 395 004f 03       		.byte	3
 396 0050 4000     		.short	64
 397 0052 02       		.byte	2
 398 0053 00       		.space	1
 399 0054 01       		.byte	1
 400 0055 00       		.byte	0
 401 0056 82       		.byte	-126
 402 0057 02       		.byte	2
 403 0058 4000     		.short	64
 404 005a 0A       		.byte	10
 405 005b 00       		.space	1
 406 005c 01       		.byte	1
 407 005d 00       		.byte	0
 408 005e 03       		.byte	3
 409 005f 02       		.byte	2
 410 0060 4000     		.short	64
 411 0062 0A       		.byte	10
 412 0063 00       		.space	1
 413              		.type	USBUART_SN_STRING_DESCRIPTOR, %object
 414              		.size	USBUART_SN_STRING_DESCRIPTOR, 2
 415              	USBUART_SN_STRING_DESCRIPTOR:
 416 0064 02       		.byte	2
 417 0065 03       		.byte	3
 418 0066 0000     		.space	2
 419              		.type	USBUART_STRING_DESCRIPTORS, %object
 420              		.size	USBUART_STRING_DESCRIPTORS, 159
 421              	USBUART_STRING_DESCRIPTORS:
 422 0068 04       		.byte	4
 423 0069 03       		.byte	3
 424 006a 09       		.byte	9
 425 006b 04       		.byte	4
 426 006c 2C       		.byte	44
ARM GAS  C:\Users\Thomas\AppData\Local\Temp\cc7o9bAg.s 			page 28


 427 006d 03       		.byte	3
 428 006e 43       		.byte	67
 429 006f 00       		.byte	0
 430 0070 79       		.byte	121
 431 0071 00       		.byte	0
 432 0072 70       		.byte	112
 433 0073 00       		.byte	0
 434 0074 72       		.byte	114
 435 0075 00       		.byte	0
 436 0076 65       		.byte	101
 437 0077 00       		.byte	0
 438 0078 73       		.byte	115
 439 0079 00       		.byte	0
 440 007a 73       		.byte	115
 441 007b 00       		.byte	0
 442 007c 20       		.byte	32
 443 007d 00       		.byte	0
 444 007e 53       		.byte	83
 445 007f 00       		.byte	0
 446 0080 65       		.byte	101
 447 0081 00       		.byte	0
 448 0082 6D       		.byte	109
 449 0083 00       		.byte	0
 450 0084 69       		.byte	105
 451 0085 00       		.byte	0
 452 0086 63       		.byte	99
 453 0087 00       		.byte	0
 454 0088 6F       		.byte	111
 455 0089 00       		.byte	0
 456 008a 6E       		.byte	110
 457 008b 00       		.byte	0
 458 008c 64       		.byte	100
 459 008d 00       		.byte	0
 460 008e 75       		.byte	117
 461 008f 00       		.byte	0
 462 0090 63       		.byte	99
 463 0091 00       		.byte	0
 464 0092 74       		.byte	116
 465 0093 00       		.byte	0
 466 0094 6F       		.byte	111
 467 0095 00       		.byte	0
 468 0096 72       		.byte	114
 469 0097 00       		.byte	0
 470 0098 10       		.byte	16
 471 0099 03       		.byte	3
 472 009a 55       		.byte	85
 473 009b 00       		.byte	0
 474 009c 53       		.byte	83
 475 009d 00       		.byte	0
 476 009e 42       		.byte	66
 477 009f 00       		.byte	0
 478 00a0 55       		.byte	85
 479 00a1 00       		.byte	0
 480 00a2 41       		.byte	65
 481 00a3 00       		.byte	0
 482 00a4 52       		.byte	82
 483 00a5 00       		.byte	0
ARM GAS  C:\Users\Thomas\AppData\Local\Temp\cc7o9bAg.s 			page 29


 484 00a6 54       		.byte	84
 485 00a7 00       		.byte	0
 486 00a8 38       		.byte	56
 487 00a9 03       		.byte	3
 488 00aa 43       		.byte	67
 489 00ab 00       		.byte	0
 490 00ac 44       		.byte	68
 491 00ad 00       		.byte	0
 492 00ae 43       		.byte	67
 493 00af 00       		.byte	0
 494 00b0 20       		.byte	32
 495 00b1 00       		.byte	0
 496 00b2 43       		.byte	67
 497 00b3 00       		.byte	0
 498 00b4 6F       		.byte	111
 499 00b5 00       		.byte	0
 500 00b6 6D       		.byte	109
 501 00b7 00       		.byte	0
 502 00b8 6D       		.byte	109
 503 00b9 00       		.byte	0
 504 00ba 75       		.byte	117
 505 00bb 00       		.byte	0
 506 00bc 6E       		.byte	110
 507 00bd 00       		.byte	0
 508 00be 69       		.byte	105
 509 00bf 00       		.byte	0
 510 00c0 63       		.byte	99
 511 00c1 00       		.byte	0
 512 00c2 61       		.byte	97
 513 00c3 00       		.byte	0
 514 00c4 74       		.byte	116
 515 00c5 00       		.byte	0
 516 00c6 69       		.byte	105
 517 00c7 00       		.byte	0
 518 00c8 6F       		.byte	111
 519 00c9 00       		.byte	0
 520 00ca 6E       		.byte	110
 521 00cb 00       		.byte	0
 522 00cc 20       		.byte	32
 523 00cd 00       		.byte	0
 524 00ce 49       		.byte	73
 525 00cf 00       		.byte	0
 526 00d0 6E       		.byte	110
 527 00d1 00       		.byte	0
 528 00d2 74       		.byte	116
 529 00d3 00       		.byte	0
 530 00d4 65       		.byte	101
 531 00d5 00       		.byte	0
 532 00d6 72       		.byte	114
 533 00d7 00       		.byte	0
 534 00d8 66       		.byte	102
 535 00d9 00       		.byte	0
 536 00da 61       		.byte	97
 537 00db 00       		.byte	0
 538 00dc 63       		.byte	99
 539 00dd 00       		.byte	0
 540 00de 65       		.byte	101
ARM GAS  C:\Users\Thomas\AppData\Local\Temp\cc7o9bAg.s 			page 30


 541 00df 00       		.byte	0
 542 00e0 26       		.byte	38
 543 00e1 03       		.byte	3
 544 00e2 43       		.byte	67
 545 00e3 00       		.byte	0
 546 00e4 44       		.byte	68
 547 00e5 00       		.byte	0
 548 00e6 43       		.byte	67
 549 00e7 00       		.byte	0
 550 00e8 20       		.byte	32
 551 00e9 00       		.byte	0
 552 00ea 44       		.byte	68
 553 00eb 00       		.byte	0
 554 00ec 61       		.byte	97
 555 00ed 00       		.byte	0
 556 00ee 74       		.byte	116
 557 00ef 00       		.byte	0
 558 00f0 61       		.byte	97
 559 00f1 00       		.byte	0
 560 00f2 20       		.byte	32
 561 00f3 00       		.byte	0
 562 00f4 49       		.byte	73
 563 00f5 00       		.byte	0
 564 00f6 6E       		.byte	110
 565 00f7 00       		.byte	0
 566 00f8 74       		.byte	116
 567 00f9 00       		.byte	0
 568 00fa 65       		.byte	101
 569 00fb 00       		.byte	0
 570 00fc 72       		.byte	114
 571 00fd 00       		.byte	0
 572 00fe 66       		.byte	102
 573 00ff 00       		.byte	0
 574 0100 61       		.byte	97
 575 0101 00       		.byte	0
 576 0102 63       		.byte	99
 577 0103 00       		.byte	0
 578 0104 65       		.byte	101
 579 0105 00       		.byte	0
 580 0106 00       		.byte	0
 581 0107 00       		.space	1
 582              		.type	USBUART_DEVICE0_CONFIGURATION0_DESCR, %object
 583              		.size	USBUART_DEVICE0_CONFIGURATION0_DESCR, 67
 584              	USBUART_DEVICE0_CONFIGURATION0_DESCR:
 585 0108 09       		.byte	9
 586 0109 02       		.byte	2
 587 010a 43       		.byte	67
 588 010b 00       		.byte	0
 589 010c 02       		.byte	2
 590 010d 01       		.byte	1
 591 010e 01       		.byte	1
 592 010f 80       		.byte	-128
 593 0110 32       		.byte	50
 594 0111 09       		.byte	9
 595 0112 04       		.byte	4
 596 0113 00       		.byte	0
 597 0114 00       		.byte	0
ARM GAS  C:\Users\Thomas\AppData\Local\Temp\cc7o9bAg.s 			page 31


 598 0115 01       		.byte	1
 599 0116 02       		.byte	2
 600 0117 02       		.byte	2
 601 0118 01       		.byte	1
 602 0119 03       		.byte	3
 603 011a 05       		.byte	5
 604 011b 24       		.byte	36
 605 011c 00       		.byte	0
 606 011d 10       		.byte	16
 607 011e 01       		.byte	1
 608 011f 04       		.byte	4
 609 0120 24       		.byte	36
 610 0121 02       		.byte	2
 611 0122 02       		.byte	2
 612 0123 05       		.byte	5
 613 0124 24       		.byte	36
 614 0125 06       		.byte	6
 615 0126 00       		.byte	0
 616 0127 01       		.byte	1
 617 0128 05       		.byte	5
 618 0129 24       		.byte	36
 619 012a 01       		.byte	1
 620 012b 00       		.byte	0
 621 012c 01       		.byte	1
 622 012d 07       		.byte	7
 623 012e 05       		.byte	5
 624 012f 81       		.byte	-127
 625 0130 03       		.byte	3
 626 0131 40       		.byte	64
 627 0132 00       		.byte	0
 628 0133 01       		.byte	1
 629 0134 09       		.byte	9
 630 0135 04       		.byte	4
 631 0136 01       		.byte	1
 632 0137 00       		.byte	0
 633 0138 02       		.byte	2
 634 0139 0A       		.byte	10
 635 013a 00       		.byte	0
 636 013b 00       		.byte	0
 637 013c 04       		.byte	4
 638 013d 07       		.byte	7
 639 013e 05       		.byte	5
 640 013f 82       		.byte	-126
 641 0140 02       		.byte	2
 642 0141 40       		.byte	64
 643 0142 00       		.byte	0
 644 0143 00       		.byte	0
 645 0144 07       		.byte	7
 646 0145 05       		.byte	5
 647 0146 03       		.byte	3
 648 0147 02       		.byte	2
 649 0148 40       		.byte	64
 650 0149 00       		.byte	0
 651 014a 00       		.byte	0
 652 014b 00       		.space	1
 653              		.type	USBUART_DEVICE0_DESCR, %object
 654              		.size	USBUART_DEVICE0_DESCR, 18
ARM GAS  C:\Users\Thomas\AppData\Local\Temp\cc7o9bAg.s 			page 32


 655              	USBUART_DEVICE0_DESCR:
 656 014c 12       		.byte	18
 657 014d 01       		.byte	1
 658 014e 00       		.byte	0
 659 014f 02       		.byte	2
 660 0150 02       		.byte	2
 661 0151 00       		.byte	0
 662 0152 00       		.byte	0
 663 0153 08       		.byte	8
 664 0154 B4       		.byte	-76
 665 0155 04       		.byte	4
 666 0156 32       		.byte	50
 667 0157 F2       		.byte	-14
 668 0158 01       		.byte	1
 669 0159 00       		.byte	0
 670 015a 01       		.byte	1
 671 015b 02       		.byte	2
 672 015c 80       		.byte	-128
 673 015d 01       		.byte	1
 674 015e 0000     		.text
 675              	.Letext0:
 676              		.file 1 ".\\Generated_Source\\PSoC5\\cytypes.h"
 677              		.file 2 ".\\Generated_Source\\PSoC5\\USBUART.h"
 678              		.file 3 ".\\Generated_Source\\PSoC5\\USBUART_descr.c"
 679              		.section	.debug_info,"",%progbits
 680              	.Ldebug_info0:
 681 0000 89020000 		.4byte	0x289
 682 0004 0400     		.2byte	0x4
 683 0006 00000000 		.4byte	.Ldebug_abbrev0
 684 000a 04       		.byte	0x4
 685 000b 01       		.uleb128 0x1
 686 000c 17020000 		.4byte	.LASF34
 687 0010 01       		.byte	0x1
 688 0011 2F000000 		.4byte	.LASF35
 689 0015 60010000 		.4byte	.LASF36
 690 0019 00000000 		.4byte	.Ldebug_line0
 691 001d 02       		.uleb128 0x2
 692 001e 01       		.byte	0x1
 693 001f 06       		.byte	0x6
 694 0020 FF020000 		.4byte	.LASF0
 695 0024 02       		.uleb128 0x2
 696 0025 01       		.byte	0x1
 697 0026 08       		.byte	0x8
 698 0027 E8000000 		.4byte	.LASF1
 699 002b 02       		.uleb128 0x2
 700 002c 02       		.byte	0x2
 701 002d 05       		.byte	0x5
 702 002e DC020000 		.4byte	.LASF2
 703 0032 02       		.uleb128 0x2
 704 0033 02       		.byte	0x2
 705 0034 07       		.byte	0x7
 706 0035 0B030000 		.4byte	.LASF3
 707 0039 02       		.uleb128 0x2
 708 003a 04       		.byte	0x4
 709 003b 05       		.byte	0x5
 710 003c F6020000 		.4byte	.LASF4
 711 0040 02       		.uleb128 0x2
ARM GAS  C:\Users\Thomas\AppData\Local\Temp\cc7o9bAg.s 			page 33


 712 0041 04       		.byte	0x4
 713 0042 07       		.byte	0x7
 714 0043 1D010000 		.4byte	.LASF5
 715 0047 02       		.uleb128 0x2
 716 0048 08       		.byte	0x8
 717 0049 05       		.byte	0x5
 718 004a 09020000 		.4byte	.LASF6
 719 004e 02       		.uleb128 0x2
 720 004f 08       		.byte	0x8
 721 0050 07       		.byte	0x7
 722 0051 BD010000 		.4byte	.LASF7
 723 0055 03       		.uleb128 0x3
 724 0056 04       		.byte	0x4
 725 0057 05       		.byte	0x5
 726 0058 696E7400 		.ascii	"int\000"
 727 005c 02       		.uleb128 0x2
 728 005d 04       		.byte	0x4
 729 005e 07       		.byte	0x7
 730 005f A2010000 		.4byte	.LASF8
 731 0063 04       		.uleb128 0x4
 732 0064 E6020000 		.4byte	.LASF9
 733 0068 01       		.byte	0x1
 734 0069 9201     		.2byte	0x192
 735 006b 24000000 		.4byte	0x24
 736 006f 04       		.uleb128 0x4
 737 0070 9B010000 		.4byte	.LASF10
 738 0074 01       		.byte	0x1
 739 0075 9301     		.2byte	0x193
 740 0077 32000000 		.4byte	0x32
 741 007b 02       		.uleb128 0x2
 742 007c 04       		.byte	0x4
 743 007d 04       		.byte	0x4
 744 007e BA000000 		.4byte	.LASF11
 745 0082 02       		.uleb128 0x2
 746 0083 08       		.byte	0x8
 747 0084 04       		.byte	0x4
 748 0085 59010000 		.4byte	.LASF12
 749 0089 02       		.uleb128 0x2
 750 008a 01       		.byte	0x1
 751 008b 08       		.byte	0x8
 752 008c BE020000 		.4byte	.LASF13
 753 0090 02       		.uleb128 0x2
 754 0091 04       		.byte	0x4
 755 0092 07       		.byte	0x7
 756 0093 00020000 		.4byte	.LASF14
 757 0097 05       		.uleb128 0x5
 758 0098 08       		.byte	0x8
 759 0099 02       		.byte	0x2
 760 009a 9A       		.byte	0x9a
 761 009b E8000000 		.4byte	0xe8
 762 009f 06       		.uleb128 0x6
 763 00a0 EC020000 		.4byte	.LASF15
 764 00a4 02       		.byte	0x2
 765 00a5 9C       		.byte	0x9c
 766 00a6 63000000 		.4byte	0x63
 767 00aa 00       		.byte	0
 768 00ab 06       		.uleb128 0x6
ARM GAS  C:\Users\Thomas\AppData\Local\Temp\cc7o9bAg.s 			page 34


 769 00ac DD000000 		.4byte	.LASF16
 770 00b0 02       		.byte	0x2
 771 00b1 9D       		.byte	0x9d
 772 00b2 63000000 		.4byte	0x63
 773 00b6 01       		.byte	0x1
 774 00b7 06       		.uleb128 0x6
 775 00b8 2F010000 		.4byte	.LASF17
 776 00bc 02       		.byte	0x2
 777 00bd 9E       		.byte	0x9e
 778 00be 63000000 		.4byte	0x63
 779 00c2 02       		.byte	0x2
 780 00c3 06       		.uleb128 0x6
 781 00c4 F6000000 		.4byte	.LASF18
 782 00c8 02       		.byte	0x2
 783 00c9 9F       		.byte	0x9f
 784 00ca 63000000 		.4byte	0x63
 785 00ce 03       		.byte	0x3
 786 00cf 06       		.uleb128 0x6
 787 00d0 C3020000 		.4byte	.LASF19
 788 00d4 02       		.byte	0x2
 789 00d5 A0       		.byte	0xa0
 790 00d6 6F000000 		.4byte	0x6f
 791 00da 04       		.byte	0x4
 792 00db 06       		.uleb128 0x6
 793 00dc 34030000 		.4byte	.LASF20
 794 00e0 02       		.byte	0x2
 795 00e1 A1       		.byte	0xa1
 796 00e2 63000000 		.4byte	0x63
 797 00e6 06       		.byte	0x6
 798 00e7 00       		.byte	0
 799 00e8 07       		.uleb128 0x7
 800 00e9 01010000 		.4byte	.LASF21
 801 00ed 02       		.byte	0x2
 802 00ee A2       		.byte	0xa2
 803 00ef 97000000 		.4byte	0x97
 804 00f3 05       		.uleb128 0x5
 805 00f4 08       		.byte	0x8
 806 00f5 02       		.byte	0x2
 807 00f6 B1       		.byte	0xb1
 808 00f7 12010000 		.4byte	0x112
 809 00fb 08       		.uleb128 0x8
 810 00fc 6300     		.ascii	"c\000"
 811 00fe 02       		.byte	0x2
 812 00ff B3       		.byte	0xb3
 813 0100 63000000 		.4byte	0x63
 814 0104 00       		.byte	0
 815 0105 06       		.uleb128 0x6
 816 0106 F9010000 		.4byte	.LASF22
 817 010a 02       		.byte	0x2
 818 010b B4       		.byte	0xb4
 819 010c 12010000 		.4byte	0x112
 820 0110 04       		.byte	0x4
 821 0111 00       		.byte	0
 822 0112 09       		.uleb128 0x9
 823 0113 04       		.byte	0x4
 824 0114 18010000 		.4byte	0x118
 825 0118 0A       		.uleb128 0xa
ARM GAS  C:\Users\Thomas\AppData\Local\Temp\cc7o9bAg.s 			page 35


 826 0119 07       		.uleb128 0x7
 827 011a AF010000 		.4byte	.LASF23
 828 011e 02       		.byte	0x2
 829 011f B5       		.byte	0xb5
 830 0120 F3000000 		.4byte	0xf3
 831 0124 0B       		.uleb128 0xb
 832 0125 63000000 		.4byte	0x63
 833 0129 34010000 		.4byte	0x134
 834 012d 0C       		.uleb128 0xc
 835 012e 90000000 		.4byte	0x90
 836 0132 11       		.byte	0x11
 837 0133 00       		.byte	0
 838 0134 0D       		.uleb128 0xd
 839 0135 A4000000 		.4byte	.LASF24
 840 0139 03       		.byte	0x3
 841 013a 24       		.byte	0x24
 842 013b 45010000 		.4byte	0x145
 843 013f 05       		.uleb128 0x5
 844 0140 03       		.byte	0x3
 845 0141 00000000 		.4byte	USBUART_DEVICE0_DESCR
 846 0145 0E       		.uleb128 0xe
 847 0146 24010000 		.4byte	0x124
 848 014a 0B       		.uleb128 0xb
 849 014b 63000000 		.4byte	0x63
 850 014f 5A010000 		.4byte	0x15a
 851 0153 0C       		.uleb128 0xc
 852 0154 90000000 		.4byte	0x90
 853 0158 42       		.byte	0x42
 854 0159 00       		.byte	0
 855 015a 0D       		.uleb128 0xd
 856 015b D4010000 		.4byte	.LASF25
 857 015f 03       		.byte	0x3
 858 0160 37       		.byte	0x37
 859 0161 6B010000 		.4byte	0x16b
 860 0165 05       		.uleb128 0x5
 861 0166 03       		.byte	0x3
 862 0167 00000000 		.4byte	USBUART_DEVICE0_CONFIGURATION0_DESCR
 863 016b 0E       		.uleb128 0xe
 864 016c 4A010000 		.4byte	0x14a
 865 0170 0B       		.uleb128 0xb
 866 0171 E8000000 		.4byte	0xe8
 867 0175 80010000 		.4byte	0x180
 868 0179 0C       		.uleb128 0xc
 869 017a 90000000 		.4byte	0x90
 870 017e 02       		.byte	0x2
 871 017f 00       		.byte	0
 872 0180 0D       		.uleb128 0xd
 873 0181 73000000 		.4byte	.LASF26
 874 0185 03       		.byte	0x3
 875 0186 D8       		.byte	0xd8
 876 0187 91010000 		.4byte	0x191
 877 018b 05       		.uleb128 0x5
 878 018c 03       		.byte	0x3
 879 018d 00000000 		.4byte	USBUART_DEVICE0_CONFIGURATION0_EP_SETTINGS_TABLE
 880 0191 0E       		.uleb128 0xe
 881 0192 70010000 		.4byte	0x170
 882 0196 0B       		.uleb128 0xb
ARM GAS  C:\Users\Thomas\AppData\Local\Temp\cc7o9bAg.s 			page 36


 883 0197 63000000 		.4byte	0x63
 884 019b A6010000 		.4byte	0x1a6
 885 019f 0C       		.uleb128 0xc
 886 01a0 90000000 		.4byte	0x90
 887 01a4 01       		.byte	0x1
 888 01a5 00       		.byte	0
 889 01a6 0D       		.uleb128 0xd
 890 01a7 00000000 		.4byte	.LASF27
 891 01ab 03       		.byte	0x3
 892 01ac DE       		.byte	0xde
 893 01ad B7010000 		.4byte	0x1b7
 894 01b1 05       		.uleb128 0x5
 895 01b2 03       		.byte	0x3
 896 01b3 00000000 		.4byte	USBUART_DEVICE0_CONFIGURATION0_INTERFACE_CLASS
 897 01b7 0E       		.uleb128 0xe
 898 01b8 96010000 		.4byte	0x196
 899 01bc 0B       		.uleb128 0xb
 900 01bd 19010000 		.4byte	0x119
 901 01c1 CC010000 		.4byte	0x1cc
 902 01c5 0C       		.uleb128 0xc
 903 01c6 90000000 		.4byte	0x90
 904 01ca 04       		.byte	0x4
 905 01cb 00       		.byte	0
 906 01cc 0D       		.uleb128 0xd
 907 01cd 34010000 		.4byte	.LASF28
 908 01d1 03       		.byte	0x3
 909 01d2 E6       		.byte	0xe6
 910 01d3 DD010000 		.4byte	0x1dd
 911 01d7 05       		.uleb128 0x5
 912 01d8 03       		.byte	0x3
 913 01d9 00000000 		.4byte	USBUART_DEVICE0_CONFIGURATION0_TABLE
 914 01dd 0E       		.uleb128 0xe
 915 01de BC010000 		.4byte	0x1bc
 916 01e2 0B       		.uleb128 0xb
 917 01e3 19010000 		.4byte	0x119
 918 01e7 F2010000 		.4byte	0x1f2
 919 01eb 0C       		.uleb128 0xc
 920 01ec 90000000 		.4byte	0x90
 921 01f0 02       		.byte	0x2
 922 01f1 00       		.byte	0
 923 01f2 0D       		.uleb128 0xd
 924 01f3 1E030000 		.4byte	.LASF29
 925 01f7 03       		.byte	0x3
 926 01f8 F1       		.byte	0xf1
 927 01f9 03020000 		.4byte	0x203
 928 01fd 05       		.uleb128 0x5
 929 01fe 03       		.byte	0x3
 930 01ff 00000000 		.4byte	USBUART_DEVICE0_TABLE
 931 0203 0E       		.uleb128 0xe
 932 0204 E2010000 		.4byte	0x1e2
 933 0208 0B       		.uleb128 0xb
 934 0209 19010000 		.4byte	0x119
 935 020d 18020000 		.4byte	0x218
 936 0211 0C       		.uleb128 0xc
 937 0212 90000000 		.4byte	0x90
 938 0216 00       		.byte	0
 939 0217 00       		.byte	0
ARM GAS  C:\Users\Thomas\AppData\Local\Temp\cc7o9bAg.s 			page 37


 940 0218 0D       		.uleb128 0xd
 941 0219 CE020000 		.4byte	.LASF30
 942 021d 03       		.byte	0x3
 943 021e F9       		.byte	0xf9
 944 021f 29020000 		.4byte	0x229
 945 0223 05       		.uleb128 0x5
 946 0224 03       		.byte	0x3
 947 0225 00000000 		.4byte	USBUART_TABLE
 948 0229 0E       		.uleb128 0xe
 949 022a 08020000 		.4byte	0x208
 950 022e 0D       		.uleb128 0xd
 951 022f C0000000 		.4byte	.LASF31
 952 0233 03       		.byte	0x3
 953 0234 C9       		.byte	0xc9
 954 0235 3F020000 		.4byte	0x23f
 955 0239 05       		.uleb128 0x5
 956 023a 03       		.byte	0x3
 957 023b 00000000 		.4byte	USBUART_SN_STRING_DESCRIPTOR
 958 023f 0E       		.uleb128 0xe
 959 0240 96010000 		.4byte	0x196
 960 0244 0B       		.uleb128 0xb
 961 0245 63000000 		.4byte	0x63
 962 0249 54020000 		.4byte	0x254
 963 024d 0C       		.uleb128 0xc
 964 024e 90000000 		.4byte	0x90
 965 0252 9E       		.byte	0x9e
 966 0253 00       		.byte	0
 967 0254 0D       		.uleb128 0xd
 968 0255 58000000 		.4byte	.LASF32
 969 0259 03       		.byte	0x3
 970 025a 96       		.byte	0x96
 971 025b 65020000 		.4byte	0x265
 972 025f 05       		.uleb128 0x5
 973 0260 03       		.byte	0x3
 974 0261 00000000 		.4byte	USBUART_STRING_DESCRIPTORS
 975 0265 0E       		.uleb128 0xe
 976 0266 44020000 		.4byte	0x244
 977 026a 0B       		.uleb128 0xb
 978 026b 63000000 		.4byte	0x63
 979 026f 7A020000 		.4byte	0x27a
 980 0273 0C       		.uleb128 0xc
 981 0274 90000000 		.4byte	0x90
 982 0278 21       		.byte	0x21
 983 0279 00       		.byte	0
 984 027a 0F       		.uleb128 0xf
 985 027b 3A030000 		.4byte	.LASF33
 986 027f 03       		.byte	0x3
 987 0280 2701     		.2byte	0x127
 988 0282 6A020000 		.4byte	0x26a
 989 0286 05       		.uleb128 0x5
 990 0287 03       		.byte	0x3
 991 0288 00000000 		.4byte	USBUART_idSerialNumberStringDescriptor
 992 028c 00       		.byte	0
 993              		.section	.debug_abbrev,"",%progbits
 994              	.Ldebug_abbrev0:
 995 0000 01       		.uleb128 0x1
 996 0001 11       		.uleb128 0x11
ARM GAS  C:\Users\Thomas\AppData\Local\Temp\cc7o9bAg.s 			page 38


 997 0002 01       		.byte	0x1
 998 0003 25       		.uleb128 0x25
 999 0004 0E       		.uleb128 0xe
 1000 0005 13       		.uleb128 0x13
 1001 0006 0B       		.uleb128 0xb
 1002 0007 03       		.uleb128 0x3
 1003 0008 0E       		.uleb128 0xe
 1004 0009 1B       		.uleb128 0x1b
 1005 000a 0E       		.uleb128 0xe
 1006 000b 10       		.uleb128 0x10
 1007 000c 17       		.uleb128 0x17
 1008 000d 00       		.byte	0
 1009 000e 00       		.byte	0
 1010 000f 02       		.uleb128 0x2
 1011 0010 24       		.uleb128 0x24
 1012 0011 00       		.byte	0
 1013 0012 0B       		.uleb128 0xb
 1014 0013 0B       		.uleb128 0xb
 1015 0014 3E       		.uleb128 0x3e
 1016 0015 0B       		.uleb128 0xb
 1017 0016 03       		.uleb128 0x3
 1018 0017 0E       		.uleb128 0xe
 1019 0018 00       		.byte	0
 1020 0019 00       		.byte	0
 1021 001a 03       		.uleb128 0x3
 1022 001b 24       		.uleb128 0x24
 1023 001c 00       		.byte	0
 1024 001d 0B       		.uleb128 0xb
 1025 001e 0B       		.uleb128 0xb
 1026 001f 3E       		.uleb128 0x3e
 1027 0020 0B       		.uleb128 0xb
 1028 0021 03       		.uleb128 0x3
 1029 0022 08       		.uleb128 0x8
 1030 0023 00       		.byte	0
 1031 0024 00       		.byte	0
 1032 0025 04       		.uleb128 0x4
 1033 0026 16       		.uleb128 0x16
 1034 0027 00       		.byte	0
 1035 0028 03       		.uleb128 0x3
 1036 0029 0E       		.uleb128 0xe
 1037 002a 3A       		.uleb128 0x3a
 1038 002b 0B       		.uleb128 0xb
 1039 002c 3B       		.uleb128 0x3b
 1040 002d 05       		.uleb128 0x5
 1041 002e 49       		.uleb128 0x49
 1042 002f 13       		.uleb128 0x13
 1043 0030 00       		.byte	0
 1044 0031 00       		.byte	0
 1045 0032 05       		.uleb128 0x5
 1046 0033 13       		.uleb128 0x13
 1047 0034 01       		.byte	0x1
 1048 0035 0B       		.uleb128 0xb
 1049 0036 0B       		.uleb128 0xb
 1050 0037 3A       		.uleb128 0x3a
 1051 0038 0B       		.uleb128 0xb
 1052 0039 3B       		.uleb128 0x3b
 1053 003a 0B       		.uleb128 0xb
ARM GAS  C:\Users\Thomas\AppData\Local\Temp\cc7o9bAg.s 			page 39


 1054 003b 01       		.uleb128 0x1
 1055 003c 13       		.uleb128 0x13
 1056 003d 00       		.byte	0
 1057 003e 00       		.byte	0
 1058 003f 06       		.uleb128 0x6
 1059 0040 0D       		.uleb128 0xd
 1060 0041 00       		.byte	0
 1061 0042 03       		.uleb128 0x3
 1062 0043 0E       		.uleb128 0xe
 1063 0044 3A       		.uleb128 0x3a
 1064 0045 0B       		.uleb128 0xb
 1065 0046 3B       		.uleb128 0x3b
 1066 0047 0B       		.uleb128 0xb
 1067 0048 49       		.uleb128 0x49
 1068 0049 13       		.uleb128 0x13
 1069 004a 38       		.uleb128 0x38
 1070 004b 0B       		.uleb128 0xb
 1071 004c 00       		.byte	0
 1072 004d 00       		.byte	0
 1073 004e 07       		.uleb128 0x7
 1074 004f 16       		.uleb128 0x16
 1075 0050 00       		.byte	0
 1076 0051 03       		.uleb128 0x3
 1077 0052 0E       		.uleb128 0xe
 1078 0053 3A       		.uleb128 0x3a
 1079 0054 0B       		.uleb128 0xb
 1080 0055 3B       		.uleb128 0x3b
 1081 0056 0B       		.uleb128 0xb
 1082 0057 49       		.uleb128 0x49
 1083 0058 13       		.uleb128 0x13
 1084 0059 00       		.byte	0
 1085 005a 00       		.byte	0
 1086 005b 08       		.uleb128 0x8
 1087 005c 0D       		.uleb128 0xd
 1088 005d 00       		.byte	0
 1089 005e 03       		.uleb128 0x3
 1090 005f 08       		.uleb128 0x8
 1091 0060 3A       		.uleb128 0x3a
 1092 0061 0B       		.uleb128 0xb
 1093 0062 3B       		.uleb128 0x3b
 1094 0063 0B       		.uleb128 0xb
 1095 0064 49       		.uleb128 0x49
 1096 0065 13       		.uleb128 0x13
 1097 0066 38       		.uleb128 0x38
 1098 0067 0B       		.uleb128 0xb
 1099 0068 00       		.byte	0
 1100 0069 00       		.byte	0
 1101 006a 09       		.uleb128 0x9
 1102 006b 0F       		.uleb128 0xf
 1103 006c 00       		.byte	0
 1104 006d 0B       		.uleb128 0xb
 1105 006e 0B       		.uleb128 0xb
 1106 006f 49       		.uleb128 0x49
 1107 0070 13       		.uleb128 0x13
 1108 0071 00       		.byte	0
 1109 0072 00       		.byte	0
 1110 0073 0A       		.uleb128 0xa
ARM GAS  C:\Users\Thomas\AppData\Local\Temp\cc7o9bAg.s 			page 40


 1111 0074 26       		.uleb128 0x26
 1112 0075 00       		.byte	0
 1113 0076 00       		.byte	0
 1114 0077 00       		.byte	0
 1115 0078 0B       		.uleb128 0xb
 1116 0079 01       		.uleb128 0x1
 1117 007a 01       		.byte	0x1
 1118 007b 49       		.uleb128 0x49
 1119 007c 13       		.uleb128 0x13
 1120 007d 01       		.uleb128 0x1
 1121 007e 13       		.uleb128 0x13
 1122 007f 00       		.byte	0
 1123 0080 00       		.byte	0
 1124 0081 0C       		.uleb128 0xc
 1125 0082 21       		.uleb128 0x21
 1126 0083 00       		.byte	0
 1127 0084 49       		.uleb128 0x49
 1128 0085 13       		.uleb128 0x13
 1129 0086 2F       		.uleb128 0x2f
 1130 0087 0B       		.uleb128 0xb
 1131 0088 00       		.byte	0
 1132 0089 00       		.byte	0
 1133 008a 0D       		.uleb128 0xd
 1134 008b 34       		.uleb128 0x34
 1135 008c 00       		.byte	0
 1136 008d 03       		.uleb128 0x3
 1137 008e 0E       		.uleb128 0xe
 1138 008f 3A       		.uleb128 0x3a
 1139 0090 0B       		.uleb128 0xb
 1140 0091 3B       		.uleb128 0x3b
 1141 0092 0B       		.uleb128 0xb
 1142 0093 49       		.uleb128 0x49
 1143 0094 13       		.uleb128 0x13
 1144 0095 3F       		.uleb128 0x3f
 1145 0096 19       		.uleb128 0x19
 1146 0097 02       		.uleb128 0x2
 1147 0098 18       		.uleb128 0x18
 1148 0099 00       		.byte	0
 1149 009a 00       		.byte	0
 1150 009b 0E       		.uleb128 0xe
 1151 009c 26       		.uleb128 0x26
 1152 009d 00       		.byte	0
 1153 009e 49       		.uleb128 0x49
 1154 009f 13       		.uleb128 0x13
 1155 00a0 00       		.byte	0
 1156 00a1 00       		.byte	0
 1157 00a2 0F       		.uleb128 0xf
 1158 00a3 34       		.uleb128 0x34
 1159 00a4 00       		.byte	0
 1160 00a5 03       		.uleb128 0x3
 1161 00a6 0E       		.uleb128 0xe
 1162 00a7 3A       		.uleb128 0x3a
 1163 00a8 0B       		.uleb128 0xb
 1164 00a9 3B       		.uleb128 0x3b
 1165 00aa 05       		.uleb128 0x5
 1166 00ab 49       		.uleb128 0x49
 1167 00ac 13       		.uleb128 0x13
ARM GAS  C:\Users\Thomas\AppData\Local\Temp\cc7o9bAg.s 			page 41


 1168 00ad 3F       		.uleb128 0x3f
 1169 00ae 19       		.uleb128 0x19
 1170 00af 02       		.uleb128 0x2
 1171 00b0 18       		.uleb128 0x18
 1172 00b1 00       		.byte	0
 1173 00b2 00       		.byte	0
 1174 00b3 00       		.byte	0
 1175              		.section	.debug_aranges,"",%progbits
 1176 0000 14000000 		.4byte	0x14
 1177 0004 0200     		.2byte	0x2
 1178 0006 00000000 		.4byte	.Ldebug_info0
 1179 000a 04       		.byte	0x4
 1180 000b 00       		.byte	0
 1181 000c 0000     		.2byte	0
 1182 000e 0000     		.2byte	0
 1183 0010 00000000 		.4byte	0
 1184 0014 00000000 		.4byte	0
 1185              		.section	.debug_line,"",%progbits
 1186              	.Ldebug_line0:
 1187 0000 5F000000 		.section	.debug_str,"MS",%progbits,1
 1187      02005900 
 1187      00000201 
 1187      FB0E0D00 
 1187      01010101 
 1188              	.LASF27:
 1189 0000 55534255 		.ascii	"USBUART_DEVICE0_CONFIGURATION0_INTERFACE_CLASS\000"
 1189      4152545F 
 1189      44455649 
 1189      4345305F 
 1189      434F4E46 
 1190              	.LASF35:
 1191 002f 2E5C4765 		.ascii	".\\Generated_Source\\PSoC5\\USBUART_descr.c\000"
 1191      6E657261 
 1191      7465645F 
 1191      536F7572 
 1191      63655C50 
 1192              	.LASF32:
 1193 0058 55534255 		.ascii	"USBUART_STRING_DESCRIPTORS\000"
 1193      4152545F 
 1193      53545249 
 1193      4E475F44 
 1193      45534352 
 1194              	.LASF26:
 1195 0073 55534255 		.ascii	"USBUART_DEVICE0_CONFIGURATION0_EP_SETTINGS_TABLE\000"
 1195      4152545F 
 1195      44455649 
 1195      4345305F 
 1195      434F4E46 
 1196              	.LASF24:
 1197 00a4 55534255 		.ascii	"USBUART_DEVICE0_DESCR\000"
 1197      4152545F 
 1197      44455649 
 1197      4345305F 
 1197      44455343 
 1198              	.LASF11:
 1199 00ba 666C6F61 		.ascii	"float\000"
 1199      7400
ARM GAS  C:\Users\Thomas\AppData\Local\Temp\cc7o9bAg.s 			page 42


 1200              	.LASF31:
 1201 00c0 55534255 		.ascii	"USBUART_SN_STRING_DESCRIPTOR\000"
 1201      4152545F 
 1201      534E5F53 
 1201      5452494E 
 1201      475F4445 
 1202              	.LASF16:
 1203 00dd 616C7453 		.ascii	"altSetting\000"
 1203      65747469 
 1203      6E6700
 1204              	.LASF1:
 1205 00e8 756E7369 		.ascii	"unsigned char\000"
 1205      676E6564 
 1205      20636861 
 1205      7200
 1206              	.LASF18:
 1207 00f6 61747472 		.ascii	"attributes\000"
 1207      69627574 
 1207      657300
 1208              	.LASF21:
 1209 0101 545F5553 		.ascii	"T_USBUART_EP_SETTINGS_BLOCK\000"
 1209      42554152 
 1209      545F4550 
 1209      5F534554 
 1209      54494E47 
 1210              	.LASF5:
 1211 011d 6C6F6E67 		.ascii	"long unsigned int\000"
 1211      20756E73 
 1211      69676E65 
 1211      6420696E 
 1211      7400
 1212              	.LASF17:
 1213 012f 61646472 		.ascii	"addr\000"
 1213      00
 1214              	.LASF28:
 1215 0134 55534255 		.ascii	"USBUART_DEVICE0_CONFIGURATION0_TABLE\000"
 1215      4152545F 
 1215      44455649 
 1215      4345305F 
 1215      434F4E46 
 1216              	.LASF12:
 1217 0159 646F7562 		.ascii	"double\000"
 1217      6C6500
 1218              	.LASF36:
 1219 0160 433A5C55 		.ascii	"C:\\Users\\Thomas\\Documents\\PSoC Creator\\TASBot\\"
 1219      73657273 
 1219      5C54686F 
 1219      6D61735C 
 1219      446F6375 
 1220 018e 54415342 		.ascii	"TASBot.cydsn\000"
 1220      6F742E63 
 1220      7964736E 
 1220      00
 1221              	.LASF10:
 1222 019b 75696E74 		.ascii	"uint16\000"
 1222      313600
 1223              	.LASF8:
ARM GAS  C:\Users\Thomas\AppData\Local\Temp\cc7o9bAg.s 			page 43


 1224 01a2 756E7369 		.ascii	"unsigned int\000"
 1224      676E6564 
 1224      20696E74 
 1224      00
 1225              	.LASF23:
 1226 01af 545F5553 		.ascii	"T_USBUART_LUT\000"
 1226      42554152 
 1226      545F4C55 
 1226      5400
 1227              	.LASF7:
 1228 01bd 6C6F6E67 		.ascii	"long long unsigned int\000"
 1228      206C6F6E 
 1228      6720756E 
 1228      7369676E 
 1228      65642069 
 1229              	.LASF25:
 1230 01d4 55534255 		.ascii	"USBUART_DEVICE0_CONFIGURATION0_DESCR\000"
 1230      4152545F 
 1230      44455649 
 1230      4345305F 
 1230      434F4E46 
 1231              	.LASF22:
 1232 01f9 705F6C69 		.ascii	"p_list\000"
 1232      737400
 1233              	.LASF14:
 1234 0200 73697A65 		.ascii	"sizetype\000"
 1234      74797065 
 1234      00
 1235              	.LASF6:
 1236 0209 6C6F6E67 		.ascii	"long long int\000"
 1236      206C6F6E 
 1236      6720696E 
 1236      7400
 1237              	.LASF34:
 1238 0217 474E5520 		.ascii	"GNU C 4.9.3 20150303 (release) [ARM/embedded-4_9-br"
 1238      4320342E 
 1238      392E3320 
 1238      32303135 
 1238      30333033 
 1239 024a 616E6368 		.ascii	"anch revision 221220] -mcpu=cortex-m3 -mthumb -g -O"
 1239      20726576 
 1239      6973696F 
 1239      6E203232 
 1239      31323230 
 1240 027d 33202D66 		.ascii	"3 -ffunction-sections -finline-functions -flto -ffa"
 1240      66756E63 
 1240      74696F6E 
 1240      2D736563 
 1240      74696F6E 
 1241 02b0 742D6C74 		.ascii	"t-lto-objects\000"
 1241      6F2D6F62 
 1241      6A656374 
 1241      7300
 1242              	.LASF13:
 1243 02be 63686172 		.ascii	"char\000"
 1243      00
 1244              	.LASF19:
ARM GAS  C:\Users\Thomas\AppData\Local\Temp\cc7o9bAg.s 			page 44


 1245 02c3 62756666 		.ascii	"bufferSize\000"
 1245      65725369 
 1245      7A6500
 1246              	.LASF30:
 1247 02ce 55534255 		.ascii	"USBUART_TABLE\000"
 1247      4152545F 
 1247      5441424C 
 1247      4500
 1248              	.LASF2:
 1249 02dc 73686F72 		.ascii	"short int\000"
 1249      7420696E 
 1249      7400
 1250              	.LASF9:
 1251 02e6 75696E74 		.ascii	"uint8\000"
 1251      3800
 1252              	.LASF15:
 1253 02ec 696E7465 		.ascii	"interface\000"
 1253      72666163 
 1253      6500
 1254              	.LASF4:
 1255 02f6 6C6F6E67 		.ascii	"long int\000"
 1255      20696E74 
 1255      00
 1256              	.LASF0:
 1257 02ff 7369676E 		.ascii	"signed char\000"
 1257      65642063 
 1257      68617200 
 1258              	.LASF3:
 1259 030b 73686F72 		.ascii	"short unsigned int\000"
 1259      7420756E 
 1259      7369676E 
 1259      65642069 
 1259      6E7400
 1260              	.LASF29:
 1261 031e 55534255 		.ascii	"USBUART_DEVICE0_TABLE\000"
 1261      4152545F 
 1261      44455649 
 1261      4345305F 
 1261      5441424C 
 1262              	.LASF20:
 1263 0334 624D6973 		.ascii	"bMisc\000"
 1263      6300
 1264              	.LASF33:
 1265 033a 55534255 		.ascii	"USBUART_idSerialNumberStringDescriptor\000"
 1265      4152545F 
 1265      69645365 
 1265      7269616C 
 1265      4E756D62 
 1266              		.comm	__gnu_lto_v1,1,1
 1267              		.ident	"GCC: (GNU Tools for ARM Embedded Processors) 4.9.3 20150303 (release) [ARM/embedded-4_9-br
