ARM GAS  C:\Users\Thomas\AppData\Local\Temp\ccu2DEiH.s 			page 1


   1              		.syntax unified
   2              		.cpu cortex-m3
   3              		.fpu softvfp
   4              		.eabi_attribute 20, 1
   5              		.eabi_attribute 21, 1
   6              		.eabi_attribute 23, 3
   7              		.eabi_attribute 24, 1
   8              		.eabi_attribute 25, 1
   9              		.eabi_attribute 26, 1
  10              		.eabi_attribute 30, 2
  11              		.eabi_attribute 34, 1
  12              		.eabi_attribute 18, 4
  13              		.thumb
  14              		.file	"USBUART_midi.c"
  15              		.text
  16              	.Ltext0:
  17              		.section	.gnu.lto_.profile.c0d6a96a,"",%progbits
  18 0000 789C6366 		.ascii	"x\234cf```d\200\002\000\000=\000\005"
  18      60606064 
  18      80020000 
  18      3D0005
  19              		.text
  20              		.section	.gnu.lto_.inline.c0d6a96a,"",%progbits
  21 0000 789C6366 		.ascii	"x\234cf\300\016\230\340,\000\000\234\000\006"
  21      C00E98E0 
  21      2C00009C 
  21      0006
  22              		.text
  23              		.section	.gnu.lto_.pureconst.c0d6a96a,"",%progbits
  24 0000 789C6366 		.ascii	"x\234cf```d\200\002\000\000=\000\005"
  24      60606064 
  24      80020000 
  24      3D0005
  25              		.text
  26              		.section	.gnu.lto_.symbol_nodes.c0d6a96a,"",%progbits
  27 0000 789C6366 		.ascii	"x\234cf```b\200\001\000\000L\000\006"
  27      60606062 
  27      80010000 
  27      4C0006
  28              		.text
  29              		.section	.gnu.lto_.refs.c0d6a96a,"",%progbits
  30 0000 789C6366 		.ascii	"x\234cf```d\200\002\000\000=\000\005"
  30      60606064 
  30      80020000 
  30      3D0005
  31              		.text
  32              		.section	.gnu.lto_.decls.c0d6a96a,"",%progbits
  33 0000 789C6366 		.ascii	"x\234cf``P\001\342\377@\000\244\030\030\2418\200\201"
  33      60605001 
  33      E2FF4000 
  33      A41818A1 
  33      388081
  34 0013 000000D0 		.ascii	"\000\000\000\3208\004v"
  34      380476
  35              		.text
  36              		.section	.gnu.lto_.symtab.c0d6a96a,"",%progbits
  37              		.text
ARM GAS  C:\Users\Thomas\AppData\Local\Temp\ccu2DEiH.s 			page 2


  38              		.section	.gnu.lto_.opts,"",%progbits
  39 0000 272D666E 		.ascii	"'-fno-trapv' '-mcpu=cortex-m3' '-mthumb' '-g' '-O3'"
  39      6F2D7472 
  39      61707627 
  39      20272D6D 
  39      6370753D 
  40 0033 20272D66 		.ascii	" '-ffunction-sections' '-finline-functions' '-flto'"
  40      66756E63 
  40      74696F6E 
  40      2D736563 
  40      74696F6E 
  41 0066 20272D66 		.ascii	" '-ffat-lto-objects'\000"
  41      6661742D 
  41      6C746F2D 
  41      6F626A65 
  41      63747327 
  42              		.text
  43              		.cfi_sections	.debug_frame
  44              	.Letext0:
  45              		.section	.debug_info,"",%progbits
  46              	.Ldebug_info0:
  47 0000 7C000000 		.4byte	0x7c
  48 0004 0400     		.2byte	0x4
  49 0006 00000000 		.4byte	.Ldebug_abbrev0
  50 000a 04       		.byte	0x4
  51 000b 01       		.uleb128 0x1
  52 000c 02010000 		.4byte	.LASF13
  53 0010 01       		.byte	0x1
  54 0011 B5000000 		.4byte	.LASF14
  55 0015 7A000000 		.4byte	.LASF15
  56 0019 00000000 		.4byte	.Ldebug_line0
  57 001d 02       		.uleb128 0x2
  58 001e 01       		.byte	0x1
  59 001f 06       		.byte	0x6
  60 0020 DD000000 		.4byte	.LASF0
  61 0024 02       		.uleb128 0x2
  62 0025 01       		.byte	0x1
  63 0026 08       		.byte	0x8
  64 0027 57000000 		.4byte	.LASF1
  65 002b 02       		.uleb128 0x2
  66 002c 02       		.byte	0x2
  67 002d 05       		.byte	0x5
  68 002e EF000000 		.4byte	.LASF2
  69 0032 02       		.uleb128 0x2
  70 0033 02       		.byte	0x2
  71 0034 07       		.byte	0x7
  72 0035 0E000000 		.4byte	.LASF3
  73 0039 02       		.uleb128 0x2
  74 003a 04       		.byte	0x4
  75 003b 05       		.byte	0x5
  76 003c 6A000000 		.4byte	.LASF4
  77 0040 02       		.uleb128 0x2
  78 0041 04       		.byte	0x4
  79 0042 07       		.byte	0x7
  80 0043 2E000000 		.4byte	.LASF5
  81 0047 02       		.uleb128 0x2
  82 0048 08       		.byte	0x8
ARM GAS  C:\Users\Thomas\AppData\Local\Temp\ccu2DEiH.s 			page 3


  83 0049 05       		.byte	0x5
  84 004a 00000000 		.4byte	.LASF6
  85 004e 02       		.uleb128 0x2
  86 004f 08       		.byte	0x8
  87 0050 07       		.byte	0x7
  88 0051 40000000 		.4byte	.LASF7
  89 0055 03       		.uleb128 0x3
  90 0056 04       		.byte	0x4
  91 0057 05       		.byte	0x5
  92 0058 696E7400 		.ascii	"int\000"
  93 005c 02       		.uleb128 0x2
  94 005d 04       		.byte	0x4
  95 005e 07       		.byte	0x7
  96 005f 21000000 		.4byte	.LASF8
  97 0063 02       		.uleb128 0x2
  98 0064 04       		.byte	0x4
  99 0065 04       		.byte	0x4
 100 0066 E9000000 		.4byte	.LASF9
 101 006a 02       		.uleb128 0x2
 102 006b 08       		.byte	0x8
 103 006c 04       		.byte	0x4
 104 006d 73000000 		.4byte	.LASF10
 105 0071 02       		.uleb128 0x2
 106 0072 01       		.byte	0x1
 107 0073 08       		.byte	0x8
 108 0074 65000000 		.4byte	.LASF11
 109 0078 02       		.uleb128 0x2
 110 0079 04       		.byte	0x4
 111 007a 07       		.byte	0x7
 112 007b F9000000 		.4byte	.LASF12
 113 007f 00       		.byte	0
 114              		.section	.debug_abbrev,"",%progbits
 115              	.Ldebug_abbrev0:
 116 0000 01       		.uleb128 0x1
 117 0001 11       		.uleb128 0x11
 118 0002 01       		.byte	0x1
 119 0003 25       		.uleb128 0x25
 120 0004 0E       		.uleb128 0xe
 121 0005 13       		.uleb128 0x13
 122 0006 0B       		.uleb128 0xb
 123 0007 03       		.uleb128 0x3
 124 0008 0E       		.uleb128 0xe
 125 0009 1B       		.uleb128 0x1b
 126 000a 0E       		.uleb128 0xe
 127 000b 10       		.uleb128 0x10
 128 000c 17       		.uleb128 0x17
 129 000d 00       		.byte	0
 130 000e 00       		.byte	0
 131 000f 02       		.uleb128 0x2
 132 0010 24       		.uleb128 0x24
 133 0011 00       		.byte	0
 134 0012 0B       		.uleb128 0xb
 135 0013 0B       		.uleb128 0xb
 136 0014 3E       		.uleb128 0x3e
 137 0015 0B       		.uleb128 0xb
 138 0016 03       		.uleb128 0x3
 139 0017 0E       		.uleb128 0xe
ARM GAS  C:\Users\Thomas\AppData\Local\Temp\ccu2DEiH.s 			page 4


 140 0018 00       		.byte	0
 141 0019 00       		.byte	0
 142 001a 03       		.uleb128 0x3
 143 001b 24       		.uleb128 0x24
 144 001c 00       		.byte	0
 145 001d 0B       		.uleb128 0xb
 146 001e 0B       		.uleb128 0xb
 147 001f 3E       		.uleb128 0x3e
 148 0020 0B       		.uleb128 0xb
 149 0021 03       		.uleb128 0x3
 150 0022 08       		.uleb128 0x8
 151 0023 00       		.byte	0
 152 0024 00       		.byte	0
 153 0025 00       		.byte	0
 154              		.section	.debug_aranges,"",%progbits
 155 0000 14000000 		.4byte	0x14
 156 0004 0200     		.2byte	0x2
 157 0006 00000000 		.4byte	.Ldebug_info0
 158 000a 04       		.byte	0x4
 159 000b 00       		.byte	0
 160 000c 0000     		.2byte	0
 161 000e 0000     		.2byte	0
 162 0010 00000000 		.4byte	0
 163 0014 00000000 		.4byte	0
 164              		.section	.debug_line,"",%progbits
 165              	.Ldebug_line0:
 166 0000 19000000 		.section	.debug_str,"MS",%progbits,1
 166      02001300 
 166      00000201 
 166      FB0E0D00 
 166      01010101 
 167              	.LASF6:
 168 0000 6C6F6E67 		.ascii	"long long int\000"
 168      206C6F6E 
 168      6720696E 
 168      7400
 169              	.LASF3:
 170 000e 73686F72 		.ascii	"short unsigned int\000"
 170      7420756E 
 170      7369676E 
 170      65642069 
 170      6E7400
 171              	.LASF8:
 172 0021 756E7369 		.ascii	"unsigned int\000"
 172      676E6564 
 172      20696E74 
 172      00
 173              	.LASF5:
 174 002e 6C6F6E67 		.ascii	"long unsigned int\000"
 174      20756E73 
 174      69676E65 
 174      6420696E 
 174      7400
 175              	.LASF7:
 176 0040 6C6F6E67 		.ascii	"long long unsigned int\000"
 176      206C6F6E 
 176      6720756E 
ARM GAS  C:\Users\Thomas\AppData\Local\Temp\ccu2DEiH.s 			page 5


 176      7369676E 
 176      65642069 
 177              	.LASF1:
 178 0057 756E7369 		.ascii	"unsigned char\000"
 178      676E6564 
 178      20636861 
 178      7200
 179              	.LASF11:
 180 0065 63686172 		.ascii	"char\000"
 180      00
 181              	.LASF4:
 182 006a 6C6F6E67 		.ascii	"long int\000"
 182      20696E74 
 182      00
 183              	.LASF10:
 184 0073 646F7562 		.ascii	"double\000"
 184      6C6500
 185              	.LASF15:
 186 007a 433A5C55 		.ascii	"C:\\Users\\Thomas\\Documents\\PSoC Creator\\TASBot\\"
 186      73657273 
 186      5C54686F 
 186      6D61735C 
 186      446F6375 
 187 00a8 54415342 		.ascii	"TASBot.cydsn\000"
 187      6F742E63 
 187      7964736E 
 187      00
 188              	.LASF14:
 189 00b5 2E5C4765 		.ascii	".\\Generated_Source\\PSoC5\\USBUART_midi.c\000"
 189      6E657261 
 189      7465645F 
 189      536F7572 
 189      63655C50 
 190              	.LASF0:
 191 00dd 7369676E 		.ascii	"signed char\000"
 191      65642063 
 191      68617200 
 192              	.LASF9:
 193 00e9 666C6F61 		.ascii	"float\000"
 193      7400
 194              	.LASF2:
 195 00ef 73686F72 		.ascii	"short int\000"
 195      7420696E 
 195      7400
 196              	.LASF12:
 197 00f9 73697A65 		.ascii	"sizetype\000"
 197      74797065 
 197      00
 198              	.LASF13:
 199 0102 474E5520 		.ascii	"GNU C 4.9.3 20150303 (release) [ARM/embedded-4_9-br"
 199      4320342E 
 199      392E3320 
 199      32303135 
 199      30333033 
 200 0135 616E6368 		.ascii	"anch revision 221220] -mcpu=cortex-m3 -mthumb -g -O"
 200      20726576 
 200      6973696F 
ARM GAS  C:\Users\Thomas\AppData\Local\Temp\ccu2DEiH.s 			page 6


 200      6E203232 
 200      31323230 
 201 0168 33202D66 		.ascii	"3 -ffunction-sections -finline-functions -flto -ffa"
 201      66756E63 
 201      74696F6E 
 201      2D736563 
 201      74696F6E 
 202 019b 742D6C74 		.ascii	"t-lto-objects\000"
 202      6F2D6F62 
 202      6A656374 
 202      7300
 203              		.comm	__gnu_lto_v1,1,1
 204              		.ident	"GCC: (GNU Tools for ARM Embedded Processors) 4.9.3 20150303 (release) [ARM/embedded-4_9-br
