ARM GAS  C:\Users\Thomas\AppData\Local\Temp\ccGBEeu2.s 			page 1


   1              		.syntax unified
   2              		.cpu cortex-m3
   3              		.fpu softvfp
   4              		.eabi_attribute 20, 1
   5              		.eabi_attribute 21, 1
   6              		.eabi_attribute 23, 3
   7              		.eabi_attribute 24, 1
   8              		.eabi_attribute 25, 1
   9              		.eabi_attribute 26, 1
  10              		.eabi_attribute 30, 1
  11              		.eabi_attribute 34, 1
  12              		.eabi_attribute 18, 4
  13              		.thumb
  14              		.file	"P1_TimerIRQ.c"
  15              		.text
  16              	.Ltext0:
  17              		.cfi_sections	.debug_frame
  18              		.section	.text.P1_TimerIRQ_Interrupt,"ax",%progbits
  19              		.align	2
  20              		.global	P1_TimerIRQ_Interrupt
  21              		.thumb
  22              		.thumb_func
  23              		.type	P1_TimerIRQ_Interrupt, %function
  24              	P1_TimerIRQ_Interrupt:
  25              	.LFB66:
  26              		.file 1 ".\\Generated_Source\\PSoC5\\P1_TimerIRQ.c"
   1:.\Generated_Source\PSoC5/P1_TimerIRQ.c **** /*******************************************************************************
   2:.\Generated_Source\PSoC5/P1_TimerIRQ.c **** * File Name: P1_TimerIRQ.c  
   3:.\Generated_Source\PSoC5/P1_TimerIRQ.c **** * Version 1.70
   4:.\Generated_Source\PSoC5/P1_TimerIRQ.c **** *
   5:.\Generated_Source\PSoC5/P1_TimerIRQ.c **** *  Description:
   6:.\Generated_Source\PSoC5/P1_TimerIRQ.c **** *   API for controlling the state of an interrupt.
   7:.\Generated_Source\PSoC5/P1_TimerIRQ.c **** *
   8:.\Generated_Source\PSoC5/P1_TimerIRQ.c **** *
   9:.\Generated_Source\PSoC5/P1_TimerIRQ.c **** *  Note:
  10:.\Generated_Source\PSoC5/P1_TimerIRQ.c **** *
  11:.\Generated_Source\PSoC5/P1_TimerIRQ.c **** ********************************************************************************
  12:.\Generated_Source\PSoC5/P1_TimerIRQ.c **** * Copyright 2008-2015, Cypress Semiconductor Corporation.  All rights reserved.
  13:.\Generated_Source\PSoC5/P1_TimerIRQ.c **** * You may use this file only in accordance with the license, terms, conditions, 
  14:.\Generated_Source\PSoC5/P1_TimerIRQ.c **** * disclaimers, and limitations in the end user license agreement accompanying 
  15:.\Generated_Source\PSoC5/P1_TimerIRQ.c **** * the software package with which this file was provided.
  16:.\Generated_Source\PSoC5/P1_TimerIRQ.c **** *******************************************************************************/
  17:.\Generated_Source\PSoC5/P1_TimerIRQ.c **** 
  18:.\Generated_Source\PSoC5/P1_TimerIRQ.c **** 
  19:.\Generated_Source\PSoC5/P1_TimerIRQ.c **** #include <cydevice_trm.h>
  20:.\Generated_Source\PSoC5/P1_TimerIRQ.c **** #include <CyLib.h>
  21:.\Generated_Source\PSoC5/P1_TimerIRQ.c **** #include <P1_TimerIRQ.h>
  22:.\Generated_Source\PSoC5/P1_TimerIRQ.c **** #include "cyapicallbacks.h"
  23:.\Generated_Source\PSoC5/P1_TimerIRQ.c **** 
  24:.\Generated_Source\PSoC5/P1_TimerIRQ.c **** #if !defined(P1_TimerIRQ__REMOVED) /* Check for removal by optimization */
  25:.\Generated_Source\PSoC5/P1_TimerIRQ.c **** 
  26:.\Generated_Source\PSoC5/P1_TimerIRQ.c **** /*******************************************************************************
  27:.\Generated_Source\PSoC5/P1_TimerIRQ.c **** *  Place your includes, defines and code here 
  28:.\Generated_Source\PSoC5/P1_TimerIRQ.c **** ********************************************************************************/
  29:.\Generated_Source\PSoC5/P1_TimerIRQ.c **** /* `#START P1_TimerIRQ_intc` */
  30:.\Generated_Source\PSoC5/P1_TimerIRQ.c **** #include <main.h>
  31:.\Generated_Source\PSoC5/P1_TimerIRQ.c **** /* `#END` */
ARM GAS  C:\Users\Thomas\AppData\Local\Temp\ccGBEeu2.s 			page 2


  32:.\Generated_Source\PSoC5/P1_TimerIRQ.c **** 
  33:.\Generated_Source\PSoC5/P1_TimerIRQ.c **** #ifndef CYINT_IRQ_BASE
  34:.\Generated_Source\PSoC5/P1_TimerIRQ.c **** #define CYINT_IRQ_BASE      16
  35:.\Generated_Source\PSoC5/P1_TimerIRQ.c **** #endif /* CYINT_IRQ_BASE */
  36:.\Generated_Source\PSoC5/P1_TimerIRQ.c **** #ifndef CYINT_VECT_TABLE
  37:.\Generated_Source\PSoC5/P1_TimerIRQ.c **** #define CYINT_VECT_TABLE    ((cyisraddress **) CYREG_NVIC_VECT_OFFSET)
  38:.\Generated_Source\PSoC5/P1_TimerIRQ.c **** #endif /* CYINT_VECT_TABLE */
  39:.\Generated_Source\PSoC5/P1_TimerIRQ.c **** 
  40:.\Generated_Source\PSoC5/P1_TimerIRQ.c **** /* Declared in startup, used to set unused interrupts to. */
  41:.\Generated_Source\PSoC5/P1_TimerIRQ.c **** CY_ISR_PROTO(IntDefaultHandler);
  42:.\Generated_Source\PSoC5/P1_TimerIRQ.c **** 
  43:.\Generated_Source\PSoC5/P1_TimerIRQ.c **** 
  44:.\Generated_Source\PSoC5/P1_TimerIRQ.c **** /*******************************************************************************
  45:.\Generated_Source\PSoC5/P1_TimerIRQ.c **** * Function Name: P1_TimerIRQ_Start
  46:.\Generated_Source\PSoC5/P1_TimerIRQ.c **** ********************************************************************************
  47:.\Generated_Source\PSoC5/P1_TimerIRQ.c **** *
  48:.\Generated_Source\PSoC5/P1_TimerIRQ.c **** * Summary:
  49:.\Generated_Source\PSoC5/P1_TimerIRQ.c **** *  Set up the interrupt and enable it. This function disables the interrupt, 
  50:.\Generated_Source\PSoC5/P1_TimerIRQ.c **** *  sets the default interrupt vector, sets the priority from the value in the
  51:.\Generated_Source\PSoC5/P1_TimerIRQ.c **** *  Design Wide Resources Interrupt Editor, then enables the interrupt to the 
  52:.\Generated_Source\PSoC5/P1_TimerIRQ.c **** *  interrupt controller.
  53:.\Generated_Source\PSoC5/P1_TimerIRQ.c **** *
  54:.\Generated_Source\PSoC5/P1_TimerIRQ.c **** * Parameters:  
  55:.\Generated_Source\PSoC5/P1_TimerIRQ.c **** *   None
  56:.\Generated_Source\PSoC5/P1_TimerIRQ.c **** *
  57:.\Generated_Source\PSoC5/P1_TimerIRQ.c **** * Return:
  58:.\Generated_Source\PSoC5/P1_TimerIRQ.c **** *   None
  59:.\Generated_Source\PSoC5/P1_TimerIRQ.c **** *
  60:.\Generated_Source\PSoC5/P1_TimerIRQ.c **** *******************************************************************************/
  61:.\Generated_Source\PSoC5/P1_TimerIRQ.c **** void P1_TimerIRQ_Start(void)
  62:.\Generated_Source\PSoC5/P1_TimerIRQ.c **** {
  63:.\Generated_Source\PSoC5/P1_TimerIRQ.c ****     /* For all we know the interrupt is active. */
  64:.\Generated_Source\PSoC5/P1_TimerIRQ.c ****     P1_TimerIRQ_Disable();
  65:.\Generated_Source\PSoC5/P1_TimerIRQ.c **** 
  66:.\Generated_Source\PSoC5/P1_TimerIRQ.c ****     /* Set the ISR to point to the P1_TimerIRQ Interrupt. */
  67:.\Generated_Source\PSoC5/P1_TimerIRQ.c ****     P1_TimerIRQ_SetVector(&P1_TimerIRQ_Interrupt);
  68:.\Generated_Source\PSoC5/P1_TimerIRQ.c **** 
  69:.\Generated_Source\PSoC5/P1_TimerIRQ.c ****     /* Set the priority. */
  70:.\Generated_Source\PSoC5/P1_TimerIRQ.c ****     P1_TimerIRQ_SetPriority((uint8)P1_TimerIRQ_INTC_PRIOR_NUMBER);
  71:.\Generated_Source\PSoC5/P1_TimerIRQ.c **** 
  72:.\Generated_Source\PSoC5/P1_TimerIRQ.c ****     /* Enable it. */
  73:.\Generated_Source\PSoC5/P1_TimerIRQ.c ****     P1_TimerIRQ_Enable();
  74:.\Generated_Source\PSoC5/P1_TimerIRQ.c **** }
  75:.\Generated_Source\PSoC5/P1_TimerIRQ.c **** 
  76:.\Generated_Source\PSoC5/P1_TimerIRQ.c **** 
  77:.\Generated_Source\PSoC5/P1_TimerIRQ.c **** /*******************************************************************************
  78:.\Generated_Source\PSoC5/P1_TimerIRQ.c **** * Function Name: P1_TimerIRQ_StartEx
  79:.\Generated_Source\PSoC5/P1_TimerIRQ.c **** ********************************************************************************
  80:.\Generated_Source\PSoC5/P1_TimerIRQ.c **** *
  81:.\Generated_Source\PSoC5/P1_TimerIRQ.c **** * Summary:
  82:.\Generated_Source\PSoC5/P1_TimerIRQ.c **** *  Sets up the interrupt and enables it. This function disables the interrupt,
  83:.\Generated_Source\PSoC5/P1_TimerIRQ.c **** *  sets the interrupt vector based on the address passed in, sets the priority 
  84:.\Generated_Source\PSoC5/P1_TimerIRQ.c **** *  from the value in the Design Wide Resources Interrupt Editor, then enables 
  85:.\Generated_Source\PSoC5/P1_TimerIRQ.c **** *  the interrupt to the interrupt controller.
  86:.\Generated_Source\PSoC5/P1_TimerIRQ.c **** *  
  87:.\Generated_Source\PSoC5/P1_TimerIRQ.c **** *  When defining ISR functions, the CY_ISR and CY_ISR_PROTO macros should be 
  88:.\Generated_Source\PSoC5/P1_TimerIRQ.c **** *  used to provide consistent definition across compilers:
ARM GAS  C:\Users\Thomas\AppData\Local\Temp\ccGBEeu2.s 			page 3


  89:.\Generated_Source\PSoC5/P1_TimerIRQ.c **** *  
  90:.\Generated_Source\PSoC5/P1_TimerIRQ.c **** *  Function definition example:
  91:.\Generated_Source\PSoC5/P1_TimerIRQ.c **** *   CY_ISR(MyISR)
  92:.\Generated_Source\PSoC5/P1_TimerIRQ.c **** *   {
  93:.\Generated_Source\PSoC5/P1_TimerIRQ.c **** *   }
  94:.\Generated_Source\PSoC5/P1_TimerIRQ.c **** *   Function prototype example:
  95:.\Generated_Source\PSoC5/P1_TimerIRQ.c **** *   CY_ISR_PROTO(MyISR);
  96:.\Generated_Source\PSoC5/P1_TimerIRQ.c **** *
  97:.\Generated_Source\PSoC5/P1_TimerIRQ.c **** * Parameters:  
  98:.\Generated_Source\PSoC5/P1_TimerIRQ.c **** *   address: Address of the ISR to set in the interrupt vector table.
  99:.\Generated_Source\PSoC5/P1_TimerIRQ.c **** *
 100:.\Generated_Source\PSoC5/P1_TimerIRQ.c **** * Return:
 101:.\Generated_Source\PSoC5/P1_TimerIRQ.c **** *   None
 102:.\Generated_Source\PSoC5/P1_TimerIRQ.c **** *
 103:.\Generated_Source\PSoC5/P1_TimerIRQ.c **** *******************************************************************************/
 104:.\Generated_Source\PSoC5/P1_TimerIRQ.c **** void P1_TimerIRQ_StartEx(cyisraddress address)
 105:.\Generated_Source\PSoC5/P1_TimerIRQ.c **** {
 106:.\Generated_Source\PSoC5/P1_TimerIRQ.c ****     /* For all we know the interrupt is active. */
 107:.\Generated_Source\PSoC5/P1_TimerIRQ.c ****     P1_TimerIRQ_Disable();
 108:.\Generated_Source\PSoC5/P1_TimerIRQ.c **** 
 109:.\Generated_Source\PSoC5/P1_TimerIRQ.c ****     /* Set the ISR to point to the P1_TimerIRQ Interrupt. */
 110:.\Generated_Source\PSoC5/P1_TimerIRQ.c ****     P1_TimerIRQ_SetVector(address);
 111:.\Generated_Source\PSoC5/P1_TimerIRQ.c **** 
 112:.\Generated_Source\PSoC5/P1_TimerIRQ.c ****     /* Set the priority. */
 113:.\Generated_Source\PSoC5/P1_TimerIRQ.c ****     P1_TimerIRQ_SetPriority((uint8)P1_TimerIRQ_INTC_PRIOR_NUMBER);
 114:.\Generated_Source\PSoC5/P1_TimerIRQ.c **** 
 115:.\Generated_Source\PSoC5/P1_TimerIRQ.c ****     /* Enable it. */
 116:.\Generated_Source\PSoC5/P1_TimerIRQ.c ****     P1_TimerIRQ_Enable();
 117:.\Generated_Source\PSoC5/P1_TimerIRQ.c **** }
 118:.\Generated_Source\PSoC5/P1_TimerIRQ.c **** 
 119:.\Generated_Source\PSoC5/P1_TimerIRQ.c **** 
 120:.\Generated_Source\PSoC5/P1_TimerIRQ.c **** /*******************************************************************************
 121:.\Generated_Source\PSoC5/P1_TimerIRQ.c **** * Function Name: P1_TimerIRQ_Stop
 122:.\Generated_Source\PSoC5/P1_TimerIRQ.c **** ********************************************************************************
 123:.\Generated_Source\PSoC5/P1_TimerIRQ.c **** *
 124:.\Generated_Source\PSoC5/P1_TimerIRQ.c **** * Summary:
 125:.\Generated_Source\PSoC5/P1_TimerIRQ.c **** *   Disables and removes the interrupt.
 126:.\Generated_Source\PSoC5/P1_TimerIRQ.c **** *
 127:.\Generated_Source\PSoC5/P1_TimerIRQ.c **** * Parameters:  
 128:.\Generated_Source\PSoC5/P1_TimerIRQ.c **** *   None
 129:.\Generated_Source\PSoC5/P1_TimerIRQ.c **** *
 130:.\Generated_Source\PSoC5/P1_TimerIRQ.c **** * Return:
 131:.\Generated_Source\PSoC5/P1_TimerIRQ.c **** *   None
 132:.\Generated_Source\PSoC5/P1_TimerIRQ.c **** *
 133:.\Generated_Source\PSoC5/P1_TimerIRQ.c **** *******************************************************************************/
 134:.\Generated_Source\PSoC5/P1_TimerIRQ.c **** void P1_TimerIRQ_Stop(void)
 135:.\Generated_Source\PSoC5/P1_TimerIRQ.c **** {
 136:.\Generated_Source\PSoC5/P1_TimerIRQ.c ****     /* Disable this interrupt. */
 137:.\Generated_Source\PSoC5/P1_TimerIRQ.c ****     P1_TimerIRQ_Disable();
 138:.\Generated_Source\PSoC5/P1_TimerIRQ.c **** 
 139:.\Generated_Source\PSoC5/P1_TimerIRQ.c ****     /* Set the ISR to point to the passive one. */
 140:.\Generated_Source\PSoC5/P1_TimerIRQ.c ****     P1_TimerIRQ_SetVector(&IntDefaultHandler);
 141:.\Generated_Source\PSoC5/P1_TimerIRQ.c **** }
 142:.\Generated_Source\PSoC5/P1_TimerIRQ.c **** 
 143:.\Generated_Source\PSoC5/P1_TimerIRQ.c **** 
 144:.\Generated_Source\PSoC5/P1_TimerIRQ.c **** /*******************************************************************************
 145:.\Generated_Source\PSoC5/P1_TimerIRQ.c **** * Function Name: P1_TimerIRQ_Interrupt
ARM GAS  C:\Users\Thomas\AppData\Local\Temp\ccGBEeu2.s 			page 4


 146:.\Generated_Source\PSoC5/P1_TimerIRQ.c **** ********************************************************************************
 147:.\Generated_Source\PSoC5/P1_TimerIRQ.c **** *
 148:.\Generated_Source\PSoC5/P1_TimerIRQ.c **** * Summary:
 149:.\Generated_Source\PSoC5/P1_TimerIRQ.c **** *   The default Interrupt Service Routine for P1_TimerIRQ.
 150:.\Generated_Source\PSoC5/P1_TimerIRQ.c **** *
 151:.\Generated_Source\PSoC5/P1_TimerIRQ.c **** *   Add custom code between the coments to keep the next version of this file
 152:.\Generated_Source\PSoC5/P1_TimerIRQ.c **** *   from over writting your code.
 153:.\Generated_Source\PSoC5/P1_TimerIRQ.c **** *
 154:.\Generated_Source\PSoC5/P1_TimerIRQ.c **** * Parameters:  
 155:.\Generated_Source\PSoC5/P1_TimerIRQ.c **** *
 156:.\Generated_Source\PSoC5/P1_TimerIRQ.c **** * Return:
 157:.\Generated_Source\PSoC5/P1_TimerIRQ.c **** *   None
 158:.\Generated_Source\PSoC5/P1_TimerIRQ.c **** *
 159:.\Generated_Source\PSoC5/P1_TimerIRQ.c **** *******************************************************************************/
 160:.\Generated_Source\PSoC5/P1_TimerIRQ.c **** CY_ISR(P1_TimerIRQ_Interrupt)
 161:.\Generated_Source\PSoC5/P1_TimerIRQ.c **** {
  27              		.loc 1 161 0
  28              		.cfi_startproc
  29              		@ args = 0, pretend = 0, frame = 0
  30              		@ frame_needed = 0, uses_anonymous_args = 0
  31              		@ link register save eliminated.
 162:.\Generated_Source\PSoC5/P1_TimerIRQ.c ****     #ifdef P1_TimerIRQ_INTERRUPT_INTERRUPT_CALLBACK
 163:.\Generated_Source\PSoC5/P1_TimerIRQ.c ****         P1_TimerIRQ_Interrupt_InterruptCallback();
 164:.\Generated_Source\PSoC5/P1_TimerIRQ.c ****     #endif /* P1_TimerIRQ_INTERRUPT_INTERRUPT_CALLBACK */ 
 165:.\Generated_Source\PSoC5/P1_TimerIRQ.c **** 
 166:.\Generated_Source\PSoC5/P1_TimerIRQ.c ****     /*  Place your Interrupt code here. */
 167:.\Generated_Source\PSoC5/P1_TimerIRQ.c ****     /* `#START P1_TimerIRQ_Interrupt` */
 168:.\Generated_Source\PSoC5/P1_TimerIRQ.c ****     if(playing && use_timer[0])
  32              		.loc 1 168 0
  33 0000 174B     		ldr	r3, .L5
  34 0002 1B68     		ldr	r3, [r3]
  35 0004 002B     		cmp	r3, #0
  36 0006 2AD0     		beq	.L1
  37              		.loc 1 168 0 is_stmt 0 discriminator 1
  38 0008 164B     		ldr	r3, .L5+4
  39 000a 1B68     		ldr	r3, [r3]
  40 000c 3BB3     		cbz	r3, .L1
 169:.\Generated_Source\PSoC5/P1_TimerIRQ.c ****     {
 170:.\Generated_Source\PSoC5/P1_TimerIRQ.c ****         input_ptr[0] = (input_ptr[0]+1)%INPUT_BUF_SIZE;
  41              		.loc 1 170 0 is_stmt 1
  42 000e 164B     		ldr	r3, .L5+8
  43 0010 1A68     		ldr	r2, [r3]
  44 0012 0132     		adds	r2, r2, #1
  45 0014 154B     		ldr	r3, .L5+12
  46 0016 1340     		ands	r3, r3, r2
  47 0018 002B     		cmp	r3, #0
  48 001a 05DA     		bge	.L3
  49 001c 013B     		subs	r3, r3, #1
  50 001e 6FEA4353 		mvn	r3, r3, lsl #21
  51 0022 6FEA5353 		mvn	r3, r3, lsr #21
  52 0026 0133     		adds	r3, r3, #1
  53              	.L3:
  54 0028 0F4A     		ldr	r2, .L5+8
  55 002a 1360     		str	r3, [r2]
 171:.\Generated_Source\PSoC5/P1_TimerIRQ.c ****         data[0] = input[0][input_ptr[0]];
  56              		.loc 1 171 0
  57 002c 1268     		ldr	r2, [r2]
ARM GAS  C:\Users\Thomas\AppData\Local\Temp\ccGBEeu2.s 			page 5


  58 002e 104B     		ldr	r3, .L5+16
  59 0030 33F81230 		ldrh	r3, [r3, r2, lsl #1]
  60 0034 9BB2     		uxth	r3, r3
  61 0036 0F4A     		ldr	r2, .L5+20
  62 0038 1380     		strh	r3, [r2]	@ movhi
 172:.\Generated_Source\PSoC5/P1_TimerIRQ.c ****         latches[0]++;
  63              		.loc 1 172 0
  64 003a 0F4A     		ldr	r2, .L5+24
  65 003c 1368     		ldr	r3, [r2]
  66 003e 0133     		adds	r3, r3, #1
  67 0040 1360     		str	r3, [r2]
 173:.\Generated_Source\PSoC5/P1_TimerIRQ.c ****         if(disable_timer[0] == 1 || latches[0] == window_off[0])
  68              		.loc 1 173 0
  69 0042 0E4B     		ldr	r3, .L5+28
  70 0044 1B68     		ldr	r3, [r3]
  71 0046 012B     		cmp	r3, #1
  72 0048 04D0     		beq	.L4
  73              		.loc 1 173 0 is_stmt 0 discriminator 1
  74 004a 1268     		ldr	r2, [r2]
  75 004c 0C4B     		ldr	r3, .L5+32
  76 004e 1B68     		ldr	r3, [r3]
  77 0050 9A42     		cmp	r2, r3
  78 0052 04D1     		bne	.L1
  79              	.L4:
 174:.\Generated_Source\PSoC5/P1_TimerIRQ.c ****         {
 175:.\Generated_Source\PSoC5/P1_TimerIRQ.c ****             use_timer[0] = 0;
  80              		.loc 1 175 0 is_stmt 1
  81 0054 0023     		movs	r3, #0
  82 0056 034A     		ldr	r2, .L5+4
  83 0058 1360     		str	r3, [r2]
 176:.\Generated_Source\PSoC5/P1_TimerIRQ.c ****             disable_timer[0] = 0;
  84              		.loc 1 176 0
  85 005a 084A     		ldr	r2, .L5+28
  86 005c 1360     		str	r3, [r2]
  87              	.L1:
  88 005e 7047     		bx	lr
  89              	.L6:
  90              		.align	2
  91              	.L5:
  92 0060 00000000 		.word	playing
  93 0064 00000000 		.word	use_timer
  94 0068 00000000 		.word	input_ptr
  95 006c FF070080 		.word	-2147481601
  96 0070 00000000 		.word	input
  97 0074 00000000 		.word	data
  98 0078 00000000 		.word	latches
  99 007c 00000000 		.word	disable_timer
 100 0080 00000000 		.word	window_off
 101              		.cfi_endproc
 102              	.LFE66:
 103              		.size	P1_TimerIRQ_Interrupt, .-P1_TimerIRQ_Interrupt
 104              		.section	.text.P1_TimerIRQ_SetVector,"ax",%progbits
 105              		.align	2
 106              		.global	P1_TimerIRQ_SetVector
 107              		.thumb
 108              		.thumb_func
 109              		.type	P1_TimerIRQ_SetVector, %function
ARM GAS  C:\Users\Thomas\AppData\Local\Temp\ccGBEeu2.s 			page 6


 110              	P1_TimerIRQ_SetVector:
 111              	.LFB67:
 177:.\Generated_Source\PSoC5/P1_TimerIRQ.c ****         }
 178:.\Generated_Source\PSoC5/P1_TimerIRQ.c ****     }
 179:.\Generated_Source\PSoC5/P1_TimerIRQ.c ****     /* `#END` */
 180:.\Generated_Source\PSoC5/P1_TimerIRQ.c **** }
 181:.\Generated_Source\PSoC5/P1_TimerIRQ.c **** 
 182:.\Generated_Source\PSoC5/P1_TimerIRQ.c **** 
 183:.\Generated_Source\PSoC5/P1_TimerIRQ.c **** /*******************************************************************************
 184:.\Generated_Source\PSoC5/P1_TimerIRQ.c **** * Function Name: P1_TimerIRQ_SetVector
 185:.\Generated_Source\PSoC5/P1_TimerIRQ.c **** ********************************************************************************
 186:.\Generated_Source\PSoC5/P1_TimerIRQ.c **** *
 187:.\Generated_Source\PSoC5/P1_TimerIRQ.c **** * Summary:
 188:.\Generated_Source\PSoC5/P1_TimerIRQ.c **** *   Change the ISR vector for the Interrupt. Note calling P1_TimerIRQ_Start
 189:.\Generated_Source\PSoC5/P1_TimerIRQ.c **** *   will override any effect this method would have had. To set the vector 
 190:.\Generated_Source\PSoC5/P1_TimerIRQ.c **** *   before the component has been started use P1_TimerIRQ_StartEx instead.
 191:.\Generated_Source\PSoC5/P1_TimerIRQ.c **** * 
 192:.\Generated_Source\PSoC5/P1_TimerIRQ.c **** *   When defining ISR functions, the CY_ISR and CY_ISR_PROTO macros should be 
 193:.\Generated_Source\PSoC5/P1_TimerIRQ.c **** *   used to provide consistent definition across compilers:
 194:.\Generated_Source\PSoC5/P1_TimerIRQ.c **** *
 195:.\Generated_Source\PSoC5/P1_TimerIRQ.c **** *   Function definition example:
 196:.\Generated_Source\PSoC5/P1_TimerIRQ.c **** *   CY_ISR(MyISR)
 197:.\Generated_Source\PSoC5/P1_TimerIRQ.c **** *   {
 198:.\Generated_Source\PSoC5/P1_TimerIRQ.c **** *   }
 199:.\Generated_Source\PSoC5/P1_TimerIRQ.c **** *
 200:.\Generated_Source\PSoC5/P1_TimerIRQ.c **** *   Function prototype example:
 201:.\Generated_Source\PSoC5/P1_TimerIRQ.c **** *     CY_ISR_PROTO(MyISR);
 202:.\Generated_Source\PSoC5/P1_TimerIRQ.c **** *
 203:.\Generated_Source\PSoC5/P1_TimerIRQ.c **** * Parameters:
 204:.\Generated_Source\PSoC5/P1_TimerIRQ.c **** *   address: Address of the ISR to set in the interrupt vector table.
 205:.\Generated_Source\PSoC5/P1_TimerIRQ.c **** *
 206:.\Generated_Source\PSoC5/P1_TimerIRQ.c **** * Return:
 207:.\Generated_Source\PSoC5/P1_TimerIRQ.c **** *   None
 208:.\Generated_Source\PSoC5/P1_TimerIRQ.c **** *
 209:.\Generated_Source\PSoC5/P1_TimerIRQ.c **** *******************************************************************************/
 210:.\Generated_Source\PSoC5/P1_TimerIRQ.c **** void P1_TimerIRQ_SetVector(cyisraddress address)
 211:.\Generated_Source\PSoC5/P1_TimerIRQ.c **** {
 112              		.loc 1 211 0
 113              		.cfi_startproc
 114              		@ args = 0, pretend = 0, frame = 0
 115              		@ frame_needed = 0, uses_anonymous_args = 0
 116              		@ link register save eliminated.
 117              	.LVL0:
 212:.\Generated_Source\PSoC5/P1_TimerIRQ.c ****     cyisraddress * ramVectorTable;
 213:.\Generated_Source\PSoC5/P1_TimerIRQ.c **** 
 214:.\Generated_Source\PSoC5/P1_TimerIRQ.c ****     ramVectorTable = (cyisraddress *) *CYINT_VECT_TABLE;
 118              		.loc 1 214 0
 119 0000 014B     		ldr	r3, .L8
 120 0002 1B68     		ldr	r3, [r3]
 121              	.LVL1:
 215:.\Generated_Source\PSoC5/P1_TimerIRQ.c **** 
 216:.\Generated_Source\PSoC5/P1_TimerIRQ.c ****     ramVectorTable[CYINT_IRQ_BASE + (uint32)P1_TimerIRQ__INTC_NUMBER] = address;
 122              		.loc 1 216 0
 123 0004 5864     		str	r0, [r3, #68]
 124 0006 7047     		bx	lr
 125              	.L9:
 126              		.align	2
ARM GAS  C:\Users\Thomas\AppData\Local\Temp\ccGBEeu2.s 			page 7


 127              	.L8:
 128 0008 08ED00E0 		.word	-536810232
 129              		.cfi_endproc
 130              	.LFE67:
 131              		.size	P1_TimerIRQ_SetVector, .-P1_TimerIRQ_SetVector
 132              		.section	.text.P1_TimerIRQ_GetVector,"ax",%progbits
 133              		.align	2
 134              		.global	P1_TimerIRQ_GetVector
 135              		.thumb
 136              		.thumb_func
 137              		.type	P1_TimerIRQ_GetVector, %function
 138              	P1_TimerIRQ_GetVector:
 139              	.LFB68:
 217:.\Generated_Source\PSoC5/P1_TimerIRQ.c **** }
 218:.\Generated_Source\PSoC5/P1_TimerIRQ.c **** 
 219:.\Generated_Source\PSoC5/P1_TimerIRQ.c **** 
 220:.\Generated_Source\PSoC5/P1_TimerIRQ.c **** /*******************************************************************************
 221:.\Generated_Source\PSoC5/P1_TimerIRQ.c **** * Function Name: P1_TimerIRQ_GetVector
 222:.\Generated_Source\PSoC5/P1_TimerIRQ.c **** ********************************************************************************
 223:.\Generated_Source\PSoC5/P1_TimerIRQ.c **** *
 224:.\Generated_Source\PSoC5/P1_TimerIRQ.c **** * Summary:
 225:.\Generated_Source\PSoC5/P1_TimerIRQ.c **** *   Gets the "address" of the current ISR vector for the Interrupt.
 226:.\Generated_Source\PSoC5/P1_TimerIRQ.c **** *
 227:.\Generated_Source\PSoC5/P1_TimerIRQ.c **** * Parameters:
 228:.\Generated_Source\PSoC5/P1_TimerIRQ.c **** *   None
 229:.\Generated_Source\PSoC5/P1_TimerIRQ.c **** *
 230:.\Generated_Source\PSoC5/P1_TimerIRQ.c **** * Return:
 231:.\Generated_Source\PSoC5/P1_TimerIRQ.c **** *   Address of the ISR in the interrupt vector table.
 232:.\Generated_Source\PSoC5/P1_TimerIRQ.c **** *
 233:.\Generated_Source\PSoC5/P1_TimerIRQ.c **** *******************************************************************************/
 234:.\Generated_Source\PSoC5/P1_TimerIRQ.c **** cyisraddress P1_TimerIRQ_GetVector(void)
 235:.\Generated_Source\PSoC5/P1_TimerIRQ.c **** {
 140              		.loc 1 235 0
 141              		.cfi_startproc
 142              		@ args = 0, pretend = 0, frame = 0
 143              		@ frame_needed = 0, uses_anonymous_args = 0
 144              		@ link register save eliminated.
 236:.\Generated_Source\PSoC5/P1_TimerIRQ.c ****     cyisraddress * ramVectorTable;
 237:.\Generated_Source\PSoC5/P1_TimerIRQ.c **** 
 238:.\Generated_Source\PSoC5/P1_TimerIRQ.c ****     ramVectorTable = (cyisraddress *) *CYINT_VECT_TABLE;
 145              		.loc 1 238 0
 146 0000 014B     		ldr	r3, .L11
 147 0002 1B68     		ldr	r3, [r3]
 148              	.LVL2:
 239:.\Generated_Source\PSoC5/P1_TimerIRQ.c **** 
 240:.\Generated_Source\PSoC5/P1_TimerIRQ.c ****     return ramVectorTable[CYINT_IRQ_BASE + (uint32)P1_TimerIRQ__INTC_NUMBER];
 241:.\Generated_Source\PSoC5/P1_TimerIRQ.c **** }
 149              		.loc 1 241 0
 150 0004 586C     		ldr	r0, [r3, #68]
 151 0006 7047     		bx	lr
 152              	.L12:
 153              		.align	2
 154              	.L11:
 155 0008 08ED00E0 		.word	-536810232
 156              		.cfi_endproc
 157              	.LFE68:
 158              		.size	P1_TimerIRQ_GetVector, .-P1_TimerIRQ_GetVector
ARM GAS  C:\Users\Thomas\AppData\Local\Temp\ccGBEeu2.s 			page 8


 159              		.section	.text.P1_TimerIRQ_SetPriority,"ax",%progbits
 160              		.align	2
 161              		.global	P1_TimerIRQ_SetPriority
 162              		.thumb
 163              		.thumb_func
 164              		.type	P1_TimerIRQ_SetPriority, %function
 165              	P1_TimerIRQ_SetPriority:
 166              	.LFB69:
 242:.\Generated_Source\PSoC5/P1_TimerIRQ.c **** 
 243:.\Generated_Source\PSoC5/P1_TimerIRQ.c **** 
 244:.\Generated_Source\PSoC5/P1_TimerIRQ.c **** /*******************************************************************************
 245:.\Generated_Source\PSoC5/P1_TimerIRQ.c **** * Function Name: P1_TimerIRQ_SetPriority
 246:.\Generated_Source\PSoC5/P1_TimerIRQ.c **** ********************************************************************************
 247:.\Generated_Source\PSoC5/P1_TimerIRQ.c **** *
 248:.\Generated_Source\PSoC5/P1_TimerIRQ.c **** * Summary:
 249:.\Generated_Source\PSoC5/P1_TimerIRQ.c **** *   Sets the Priority of the Interrupt. 
 250:.\Generated_Source\PSoC5/P1_TimerIRQ.c **** *
 251:.\Generated_Source\PSoC5/P1_TimerIRQ.c **** *   Note calling P1_TimerIRQ_Start or P1_TimerIRQ_StartEx will 
 252:.\Generated_Source\PSoC5/P1_TimerIRQ.c **** *   override any effect this API would have had. This API should only be called
 253:.\Generated_Source\PSoC5/P1_TimerIRQ.c **** *   after P1_TimerIRQ_Start or P1_TimerIRQ_StartEx has been called. 
 254:.\Generated_Source\PSoC5/P1_TimerIRQ.c **** *   To set the initial priority for the component, use the Design-Wide Resources
 255:.\Generated_Source\PSoC5/P1_TimerIRQ.c **** *   Interrupt Editor.
 256:.\Generated_Source\PSoC5/P1_TimerIRQ.c **** *
 257:.\Generated_Source\PSoC5/P1_TimerIRQ.c **** *   Note This API has no effect on Non-maskable interrupt NMI).
 258:.\Generated_Source\PSoC5/P1_TimerIRQ.c **** *
 259:.\Generated_Source\PSoC5/P1_TimerIRQ.c **** * Parameters:
 260:.\Generated_Source\PSoC5/P1_TimerIRQ.c **** *   priority: Priority of the interrupt, 0 being the highest priority
 261:.\Generated_Source\PSoC5/P1_TimerIRQ.c **** *             PSoC 3 and PSoC 5LP: Priority is from 0 to 7.
 262:.\Generated_Source\PSoC5/P1_TimerIRQ.c **** *             PSoC 4: Priority is from 0 to 3.
 263:.\Generated_Source\PSoC5/P1_TimerIRQ.c **** *
 264:.\Generated_Source\PSoC5/P1_TimerIRQ.c **** * Return:
 265:.\Generated_Source\PSoC5/P1_TimerIRQ.c **** *   None
 266:.\Generated_Source\PSoC5/P1_TimerIRQ.c **** *
 267:.\Generated_Source\PSoC5/P1_TimerIRQ.c **** *******************************************************************************/
 268:.\Generated_Source\PSoC5/P1_TimerIRQ.c **** void P1_TimerIRQ_SetPriority(uint8 priority)
 269:.\Generated_Source\PSoC5/P1_TimerIRQ.c **** {
 167              		.loc 1 269 0
 168              		.cfi_startproc
 169              		@ args = 0, pretend = 0, frame = 0
 170              		@ frame_needed = 0, uses_anonymous_args = 0
 171              		@ link register save eliminated.
 172              	.LVL3:
 270:.\Generated_Source\PSoC5/P1_TimerIRQ.c ****     *P1_TimerIRQ_INTC_PRIOR = priority << 5;
 173              		.loc 1 270 0
 174 0000 4001     		lsls	r0, r0, #5
 175              	.LVL4:
 176 0002 C0B2     		uxtb	r0, r0
 177 0004 014B     		ldr	r3, .L14
 178 0006 1870     		strb	r0, [r3]
 179 0008 7047     		bx	lr
 180              	.L15:
 181 000a 00BF     		.align	2
 182              	.L14:
 183 000c 01E400E0 		.word	-536812543
 184              		.cfi_endproc
 185              	.LFE69:
 186              		.size	P1_TimerIRQ_SetPriority, .-P1_TimerIRQ_SetPriority
ARM GAS  C:\Users\Thomas\AppData\Local\Temp\ccGBEeu2.s 			page 9


 187              		.section	.text.P1_TimerIRQ_GetPriority,"ax",%progbits
 188              		.align	2
 189              		.global	P1_TimerIRQ_GetPriority
 190              		.thumb
 191              		.thumb_func
 192              		.type	P1_TimerIRQ_GetPriority, %function
 193              	P1_TimerIRQ_GetPriority:
 194              	.LFB70:
 271:.\Generated_Source\PSoC5/P1_TimerIRQ.c **** }
 272:.\Generated_Source\PSoC5/P1_TimerIRQ.c **** 
 273:.\Generated_Source\PSoC5/P1_TimerIRQ.c **** 
 274:.\Generated_Source\PSoC5/P1_TimerIRQ.c **** /*******************************************************************************
 275:.\Generated_Source\PSoC5/P1_TimerIRQ.c **** * Function Name: P1_TimerIRQ_GetPriority
 276:.\Generated_Source\PSoC5/P1_TimerIRQ.c **** ********************************************************************************
 277:.\Generated_Source\PSoC5/P1_TimerIRQ.c **** *
 278:.\Generated_Source\PSoC5/P1_TimerIRQ.c **** * Summary:
 279:.\Generated_Source\PSoC5/P1_TimerIRQ.c **** *   Gets the Priority of the Interrupt.
 280:.\Generated_Source\PSoC5/P1_TimerIRQ.c **** *
 281:.\Generated_Source\PSoC5/P1_TimerIRQ.c **** * Parameters:
 282:.\Generated_Source\PSoC5/P1_TimerIRQ.c **** *   None
 283:.\Generated_Source\PSoC5/P1_TimerIRQ.c **** *
 284:.\Generated_Source\PSoC5/P1_TimerIRQ.c **** * Return:
 285:.\Generated_Source\PSoC5/P1_TimerIRQ.c **** *   Priority of the interrupt, 0 being the highest priority
 286:.\Generated_Source\PSoC5/P1_TimerIRQ.c **** *    PSoC 3 and PSoC 5LP: Priority is from 0 to 7.
 287:.\Generated_Source\PSoC5/P1_TimerIRQ.c **** *    PSoC 4: Priority is from 0 to 3.
 288:.\Generated_Source\PSoC5/P1_TimerIRQ.c **** *
 289:.\Generated_Source\PSoC5/P1_TimerIRQ.c **** *******************************************************************************/
 290:.\Generated_Source\PSoC5/P1_TimerIRQ.c **** uint8 P1_TimerIRQ_GetPriority(void)
 291:.\Generated_Source\PSoC5/P1_TimerIRQ.c **** {
 195              		.loc 1 291 0
 196              		.cfi_startproc
 197              		@ args = 0, pretend = 0, frame = 0
 198              		@ frame_needed = 0, uses_anonymous_args = 0
 199              		@ link register save eliminated.
 292:.\Generated_Source\PSoC5/P1_TimerIRQ.c ****     uint8 priority;
 293:.\Generated_Source\PSoC5/P1_TimerIRQ.c **** 
 294:.\Generated_Source\PSoC5/P1_TimerIRQ.c **** 
 295:.\Generated_Source\PSoC5/P1_TimerIRQ.c ****     priority = *P1_TimerIRQ_INTC_PRIOR >> 5;
 200              		.loc 1 295 0
 201 0000 014B     		ldr	r3, .L17
 202 0002 1878     		ldrb	r0, [r3]	@ zero_extendqisi2
 203              	.LVL5:
 296:.\Generated_Source\PSoC5/P1_TimerIRQ.c **** 
 297:.\Generated_Source\PSoC5/P1_TimerIRQ.c ****     return priority;
 298:.\Generated_Source\PSoC5/P1_TimerIRQ.c **** }
 204              		.loc 1 298 0
 205 0004 4009     		lsrs	r0, r0, #5
 206              	.LVL6:
 207 0006 7047     		bx	lr
 208              	.L18:
 209              		.align	2
 210              	.L17:
 211 0008 01E400E0 		.word	-536812543
 212              		.cfi_endproc
 213              	.LFE70:
 214              		.size	P1_TimerIRQ_GetPriority, .-P1_TimerIRQ_GetPriority
 215              		.section	.text.P1_TimerIRQ_Enable,"ax",%progbits
ARM GAS  C:\Users\Thomas\AppData\Local\Temp\ccGBEeu2.s 			page 10


 216              		.align	2
 217              		.global	P1_TimerIRQ_Enable
 218              		.thumb
 219              		.thumb_func
 220              		.type	P1_TimerIRQ_Enable, %function
 221              	P1_TimerIRQ_Enable:
 222              	.LFB71:
 299:.\Generated_Source\PSoC5/P1_TimerIRQ.c **** 
 300:.\Generated_Source\PSoC5/P1_TimerIRQ.c **** 
 301:.\Generated_Source\PSoC5/P1_TimerIRQ.c **** /*******************************************************************************
 302:.\Generated_Source\PSoC5/P1_TimerIRQ.c **** * Function Name: P1_TimerIRQ_Enable
 303:.\Generated_Source\PSoC5/P1_TimerIRQ.c **** ********************************************************************************
 304:.\Generated_Source\PSoC5/P1_TimerIRQ.c **** *
 305:.\Generated_Source\PSoC5/P1_TimerIRQ.c **** * Summary:
 306:.\Generated_Source\PSoC5/P1_TimerIRQ.c **** *   Enables the interrupt to the interrupt controller. Do not call this function
 307:.\Generated_Source\PSoC5/P1_TimerIRQ.c **** *   unless ISR_Start() has been called or the functionality of the ISR_Start() 
 308:.\Generated_Source\PSoC5/P1_TimerIRQ.c **** *   function, which sets the vector and the priority, has been called.
 309:.\Generated_Source\PSoC5/P1_TimerIRQ.c **** *
 310:.\Generated_Source\PSoC5/P1_TimerIRQ.c **** * Parameters:
 311:.\Generated_Source\PSoC5/P1_TimerIRQ.c **** *   None
 312:.\Generated_Source\PSoC5/P1_TimerIRQ.c **** *
 313:.\Generated_Source\PSoC5/P1_TimerIRQ.c **** * Return:
 314:.\Generated_Source\PSoC5/P1_TimerIRQ.c **** *   None
 315:.\Generated_Source\PSoC5/P1_TimerIRQ.c **** *
 316:.\Generated_Source\PSoC5/P1_TimerIRQ.c **** *******************************************************************************/
 317:.\Generated_Source\PSoC5/P1_TimerIRQ.c **** void P1_TimerIRQ_Enable(void)
 318:.\Generated_Source\PSoC5/P1_TimerIRQ.c **** {
 223              		.loc 1 318 0
 224              		.cfi_startproc
 225              		@ args = 0, pretend = 0, frame = 0
 226              		@ frame_needed = 0, uses_anonymous_args = 0
 227              		@ link register save eliminated.
 319:.\Generated_Source\PSoC5/P1_TimerIRQ.c ****     /* Enable the general interrupt. */
 320:.\Generated_Source\PSoC5/P1_TimerIRQ.c ****     *P1_TimerIRQ_INTC_SET_EN = P1_TimerIRQ__INTC_MASK;
 228              		.loc 1 320 0
 229 0000 0222     		movs	r2, #2
 230 0002 014B     		ldr	r3, .L20
 231 0004 1A60     		str	r2, [r3]
 232 0006 7047     		bx	lr
 233              	.L21:
 234              		.align	2
 235              	.L20:
 236 0008 00E100E0 		.word	-536813312
 237              		.cfi_endproc
 238              	.LFE71:
 239              		.size	P1_TimerIRQ_Enable, .-P1_TimerIRQ_Enable
 240              		.section	.text.P1_TimerIRQ_GetState,"ax",%progbits
 241              		.align	2
 242              		.global	P1_TimerIRQ_GetState
 243              		.thumb
 244              		.thumb_func
 245              		.type	P1_TimerIRQ_GetState, %function
 246              	P1_TimerIRQ_GetState:
 247              	.LFB72:
 321:.\Generated_Source\PSoC5/P1_TimerIRQ.c **** }
 322:.\Generated_Source\PSoC5/P1_TimerIRQ.c **** 
 323:.\Generated_Source\PSoC5/P1_TimerIRQ.c **** 
ARM GAS  C:\Users\Thomas\AppData\Local\Temp\ccGBEeu2.s 			page 11


 324:.\Generated_Source\PSoC5/P1_TimerIRQ.c **** /*******************************************************************************
 325:.\Generated_Source\PSoC5/P1_TimerIRQ.c **** * Function Name: P1_TimerIRQ_GetState
 326:.\Generated_Source\PSoC5/P1_TimerIRQ.c **** ********************************************************************************
 327:.\Generated_Source\PSoC5/P1_TimerIRQ.c **** *
 328:.\Generated_Source\PSoC5/P1_TimerIRQ.c **** * Summary:
 329:.\Generated_Source\PSoC5/P1_TimerIRQ.c **** *   Gets the state (enabled, disabled) of the Interrupt.
 330:.\Generated_Source\PSoC5/P1_TimerIRQ.c **** *
 331:.\Generated_Source\PSoC5/P1_TimerIRQ.c **** * Parameters:
 332:.\Generated_Source\PSoC5/P1_TimerIRQ.c **** *   None
 333:.\Generated_Source\PSoC5/P1_TimerIRQ.c **** *
 334:.\Generated_Source\PSoC5/P1_TimerIRQ.c **** * Return:
 335:.\Generated_Source\PSoC5/P1_TimerIRQ.c **** *   1 if enabled, 0 if disabled.
 336:.\Generated_Source\PSoC5/P1_TimerIRQ.c **** *
 337:.\Generated_Source\PSoC5/P1_TimerIRQ.c **** *******************************************************************************/
 338:.\Generated_Source\PSoC5/P1_TimerIRQ.c **** uint8 P1_TimerIRQ_GetState(void)
 339:.\Generated_Source\PSoC5/P1_TimerIRQ.c **** {
 248              		.loc 1 339 0
 249              		.cfi_startproc
 250              		@ args = 0, pretend = 0, frame = 0
 251              		@ frame_needed = 0, uses_anonymous_args = 0
 252              		@ link register save eliminated.
 340:.\Generated_Source\PSoC5/P1_TimerIRQ.c ****     /* Get the state of the general interrupt. */
 341:.\Generated_Source\PSoC5/P1_TimerIRQ.c ****     return ((*P1_TimerIRQ_INTC_SET_EN & (uint32)P1_TimerIRQ__INTC_MASK) != 0u) ? 1u:0u;
 253              		.loc 1 341 0
 254 0000 044B     		ldr	r3, .L25
 255 0002 1B68     		ldr	r3, [r3]
 256 0004 13F0020F 		tst	r3, #2
 257 0008 01D0     		beq	.L24
 258 000a 0120     		movs	r0, #1
 259 000c 7047     		bx	lr
 260              	.L24:
 261 000e 0020     		movs	r0, #0
 342:.\Generated_Source\PSoC5/P1_TimerIRQ.c **** }
 262              		.loc 1 342 0
 263 0010 7047     		bx	lr
 264              	.L26:
 265 0012 00BF     		.align	2
 266              	.L25:
 267 0014 00E100E0 		.word	-536813312
 268              		.cfi_endproc
 269              	.LFE72:
 270              		.size	P1_TimerIRQ_GetState, .-P1_TimerIRQ_GetState
 271              		.section	.text.P1_TimerIRQ_Disable,"ax",%progbits
 272              		.align	2
 273              		.global	P1_TimerIRQ_Disable
 274              		.thumb
 275              		.thumb_func
 276              		.type	P1_TimerIRQ_Disable, %function
 277              	P1_TimerIRQ_Disable:
 278              	.LFB73:
 343:.\Generated_Source\PSoC5/P1_TimerIRQ.c **** 
 344:.\Generated_Source\PSoC5/P1_TimerIRQ.c **** 
 345:.\Generated_Source\PSoC5/P1_TimerIRQ.c **** /*******************************************************************************
 346:.\Generated_Source\PSoC5/P1_TimerIRQ.c **** * Function Name: P1_TimerIRQ_Disable
 347:.\Generated_Source\PSoC5/P1_TimerIRQ.c **** ********************************************************************************
 348:.\Generated_Source\PSoC5/P1_TimerIRQ.c **** *
 349:.\Generated_Source\PSoC5/P1_TimerIRQ.c **** * Summary:
ARM GAS  C:\Users\Thomas\AppData\Local\Temp\ccGBEeu2.s 			page 12


 350:.\Generated_Source\PSoC5/P1_TimerIRQ.c **** *   Disables the Interrupt in the interrupt controller.
 351:.\Generated_Source\PSoC5/P1_TimerIRQ.c **** *
 352:.\Generated_Source\PSoC5/P1_TimerIRQ.c **** * Parameters:
 353:.\Generated_Source\PSoC5/P1_TimerIRQ.c **** *   None
 354:.\Generated_Source\PSoC5/P1_TimerIRQ.c **** *
 355:.\Generated_Source\PSoC5/P1_TimerIRQ.c **** * Return:
 356:.\Generated_Source\PSoC5/P1_TimerIRQ.c **** *   None
 357:.\Generated_Source\PSoC5/P1_TimerIRQ.c **** *
 358:.\Generated_Source\PSoC5/P1_TimerIRQ.c **** *******************************************************************************/
 359:.\Generated_Source\PSoC5/P1_TimerIRQ.c **** void P1_TimerIRQ_Disable(void)
 360:.\Generated_Source\PSoC5/P1_TimerIRQ.c **** {
 279              		.loc 1 360 0
 280              		.cfi_startproc
 281              		@ args = 0, pretend = 0, frame = 0
 282              		@ frame_needed = 0, uses_anonymous_args = 0
 283              		@ link register save eliminated.
 361:.\Generated_Source\PSoC5/P1_TimerIRQ.c ****     /* Disable the general interrupt. */
 362:.\Generated_Source\PSoC5/P1_TimerIRQ.c ****     *P1_TimerIRQ_INTC_CLR_EN = P1_TimerIRQ__INTC_MASK;
 284              		.loc 1 362 0
 285 0000 0222     		movs	r2, #2
 286 0002 014B     		ldr	r3, .L28
 287 0004 1A60     		str	r2, [r3]
 288 0006 7047     		bx	lr
 289              	.L29:
 290              		.align	2
 291              	.L28:
 292 0008 80E100E0 		.word	-536813184
 293              		.cfi_endproc
 294              	.LFE73:
 295              		.size	P1_TimerIRQ_Disable, .-P1_TimerIRQ_Disable
 296              		.section	.text.P1_TimerIRQ_Start,"ax",%progbits
 297              		.align	2
 298              		.global	P1_TimerIRQ_Start
 299              		.thumb
 300              		.thumb_func
 301              		.type	P1_TimerIRQ_Start, %function
 302              	P1_TimerIRQ_Start:
 303              	.LFB63:
  62:.\Generated_Source\PSoC5/P1_TimerIRQ.c ****     /* For all we know the interrupt is active. */
 304              		.loc 1 62 0
 305              		.cfi_startproc
 306              		@ args = 0, pretend = 0, frame = 0
 307              		@ frame_needed = 0, uses_anonymous_args = 0
 308 0000 08B5     		push	{r3, lr}
 309              		.cfi_def_cfa_offset 8
 310              		.cfi_offset 3, -8
 311              		.cfi_offset 14, -4
  64:.\Generated_Source\PSoC5/P1_TimerIRQ.c **** 
 312              		.loc 1 64 0
 313 0002 FFF7FEFF 		bl	P1_TimerIRQ_Disable
 314              	.LVL7:
  67:.\Generated_Source\PSoC5/P1_TimerIRQ.c **** 
 315              		.loc 1 67 0
 316 0006 0448     		ldr	r0, .L32
 317 0008 FFF7FEFF 		bl	P1_TimerIRQ_SetVector
 318              	.LVL8:
  70:.\Generated_Source\PSoC5/P1_TimerIRQ.c **** 
ARM GAS  C:\Users\Thomas\AppData\Local\Temp\ccGBEeu2.s 			page 13


 319              		.loc 1 70 0
 320 000c 0120     		movs	r0, #1
 321 000e FFF7FEFF 		bl	P1_TimerIRQ_SetPriority
 322              	.LVL9:
  73:.\Generated_Source\PSoC5/P1_TimerIRQ.c **** }
 323              		.loc 1 73 0
 324 0012 FFF7FEFF 		bl	P1_TimerIRQ_Enable
 325              	.LVL10:
 326 0016 08BD     		pop	{r3, pc}
 327              	.L33:
 328              		.align	2
 329              	.L32:
 330 0018 00000000 		.word	P1_TimerIRQ_Interrupt
 331              		.cfi_endproc
 332              	.LFE63:
 333              		.size	P1_TimerIRQ_Start, .-P1_TimerIRQ_Start
 334              		.section	.text.P1_TimerIRQ_StartEx,"ax",%progbits
 335              		.align	2
 336              		.global	P1_TimerIRQ_StartEx
 337              		.thumb
 338              		.thumb_func
 339              		.type	P1_TimerIRQ_StartEx, %function
 340              	P1_TimerIRQ_StartEx:
 341              	.LFB64:
 105:.\Generated_Source\PSoC5/P1_TimerIRQ.c ****     /* For all we know the interrupt is active. */
 342              		.loc 1 105 0
 343              		.cfi_startproc
 344              		@ args = 0, pretend = 0, frame = 0
 345              		@ frame_needed = 0, uses_anonymous_args = 0
 346              	.LVL11:
 347 0000 10B5     		push	{r4, lr}
 348              		.cfi_def_cfa_offset 8
 349              		.cfi_offset 4, -8
 350              		.cfi_offset 14, -4
 351 0002 0446     		mov	r4, r0
 107:.\Generated_Source\PSoC5/P1_TimerIRQ.c **** 
 352              		.loc 1 107 0
 353 0004 FFF7FEFF 		bl	P1_TimerIRQ_Disable
 354              	.LVL12:
 110:.\Generated_Source\PSoC5/P1_TimerIRQ.c **** 
 355              		.loc 1 110 0
 356 0008 2046     		mov	r0, r4
 357 000a FFF7FEFF 		bl	P1_TimerIRQ_SetVector
 358              	.LVL13:
 113:.\Generated_Source\PSoC5/P1_TimerIRQ.c **** 
 359              		.loc 1 113 0
 360 000e 0120     		movs	r0, #1
 361 0010 FFF7FEFF 		bl	P1_TimerIRQ_SetPriority
 362              	.LVL14:
 116:.\Generated_Source\PSoC5/P1_TimerIRQ.c **** }
 363              		.loc 1 116 0
 364 0014 FFF7FEFF 		bl	P1_TimerIRQ_Enable
 365              	.LVL15:
 366 0018 10BD     		pop	{r4, pc}
 367              		.cfi_endproc
 368              	.LFE64:
 369              		.size	P1_TimerIRQ_StartEx, .-P1_TimerIRQ_StartEx
ARM GAS  C:\Users\Thomas\AppData\Local\Temp\ccGBEeu2.s 			page 14


 370 001a 00BF     		.section	.text.P1_TimerIRQ_Stop,"ax",%progbits
 371              		.align	2
 372              		.global	P1_TimerIRQ_Stop
 373              		.thumb
 374              		.thumb_func
 375              		.type	P1_TimerIRQ_Stop, %function
 376              	P1_TimerIRQ_Stop:
 377              	.LFB65:
 135:.\Generated_Source\PSoC5/P1_TimerIRQ.c ****     /* Disable this interrupt. */
 378              		.loc 1 135 0
 379              		.cfi_startproc
 380              		@ args = 0, pretend = 0, frame = 0
 381              		@ frame_needed = 0, uses_anonymous_args = 0
 382 0000 08B5     		push	{r3, lr}
 383              		.cfi_def_cfa_offset 8
 384              		.cfi_offset 3, -8
 385              		.cfi_offset 14, -4
 137:.\Generated_Source\PSoC5/P1_TimerIRQ.c **** 
 386              		.loc 1 137 0
 387 0002 FFF7FEFF 		bl	P1_TimerIRQ_Disable
 388              	.LVL16:
 140:.\Generated_Source\PSoC5/P1_TimerIRQ.c **** }
 389              		.loc 1 140 0
 390 0006 0248     		ldr	r0, .L38
 391 0008 FFF7FEFF 		bl	P1_TimerIRQ_SetVector
 392              	.LVL17:
 393 000c 08BD     		pop	{r3, pc}
 394              	.L39:
 395 000e 00BF     		.align	2
 396              	.L38:
 397 0010 00000000 		.word	IntDefaultHandler
 398              		.cfi_endproc
 399              	.LFE65:
 400              		.size	P1_TimerIRQ_Stop, .-P1_TimerIRQ_Stop
 401              		.section	.text.P1_TimerIRQ_SetPending,"ax",%progbits
 402              		.align	2
 403              		.global	P1_TimerIRQ_SetPending
 404              		.thumb
 405              		.thumb_func
 406              		.type	P1_TimerIRQ_SetPending, %function
 407              	P1_TimerIRQ_SetPending:
 408              	.LFB74:
 363:.\Generated_Source\PSoC5/P1_TimerIRQ.c **** }
 364:.\Generated_Source\PSoC5/P1_TimerIRQ.c **** 
 365:.\Generated_Source\PSoC5/P1_TimerIRQ.c **** 
 366:.\Generated_Source\PSoC5/P1_TimerIRQ.c **** /*******************************************************************************
 367:.\Generated_Source\PSoC5/P1_TimerIRQ.c **** * Function Name: P1_TimerIRQ_SetPending
 368:.\Generated_Source\PSoC5/P1_TimerIRQ.c **** ********************************************************************************
 369:.\Generated_Source\PSoC5/P1_TimerIRQ.c **** *
 370:.\Generated_Source\PSoC5/P1_TimerIRQ.c **** * Summary:
 371:.\Generated_Source\PSoC5/P1_TimerIRQ.c **** *   Causes the Interrupt to enter the pending state, a software method of
 372:.\Generated_Source\PSoC5/P1_TimerIRQ.c **** *   generating the interrupt.
 373:.\Generated_Source\PSoC5/P1_TimerIRQ.c **** *
 374:.\Generated_Source\PSoC5/P1_TimerIRQ.c **** * Parameters:
 375:.\Generated_Source\PSoC5/P1_TimerIRQ.c **** *   None
 376:.\Generated_Source\PSoC5/P1_TimerIRQ.c **** *
 377:.\Generated_Source\PSoC5/P1_TimerIRQ.c **** * Return:
ARM GAS  C:\Users\Thomas\AppData\Local\Temp\ccGBEeu2.s 			page 15


 378:.\Generated_Source\PSoC5/P1_TimerIRQ.c **** *   None
 379:.\Generated_Source\PSoC5/P1_TimerIRQ.c **** *
 380:.\Generated_Source\PSoC5/P1_TimerIRQ.c **** * Side Effects:
 381:.\Generated_Source\PSoC5/P1_TimerIRQ.c **** *   If interrupts are enabled and the interrupt is set up properly, the ISR is
 382:.\Generated_Source\PSoC5/P1_TimerIRQ.c **** *   entered (depending on the priority of this interrupt and other pending 
 383:.\Generated_Source\PSoC5/P1_TimerIRQ.c **** *   interrupts).
 384:.\Generated_Source\PSoC5/P1_TimerIRQ.c **** *
 385:.\Generated_Source\PSoC5/P1_TimerIRQ.c **** *******************************************************************************/
 386:.\Generated_Source\PSoC5/P1_TimerIRQ.c **** void P1_TimerIRQ_SetPending(void)
 387:.\Generated_Source\PSoC5/P1_TimerIRQ.c **** {
 409              		.loc 1 387 0
 410              		.cfi_startproc
 411              		@ args = 0, pretend = 0, frame = 0
 412              		@ frame_needed = 0, uses_anonymous_args = 0
 413              		@ link register save eliminated.
 388:.\Generated_Source\PSoC5/P1_TimerIRQ.c ****     *P1_TimerIRQ_INTC_SET_PD = P1_TimerIRQ__INTC_MASK;
 414              		.loc 1 388 0
 415 0000 0222     		movs	r2, #2
 416 0002 014B     		ldr	r3, .L41
 417 0004 1A60     		str	r2, [r3]
 418 0006 7047     		bx	lr
 419              	.L42:
 420              		.align	2
 421              	.L41:
 422 0008 00E200E0 		.word	-536813056
 423              		.cfi_endproc
 424              	.LFE74:
 425              		.size	P1_TimerIRQ_SetPending, .-P1_TimerIRQ_SetPending
 426              		.section	.text.P1_TimerIRQ_ClearPending,"ax",%progbits
 427              		.align	2
 428              		.global	P1_TimerIRQ_ClearPending
 429              		.thumb
 430              		.thumb_func
 431              		.type	P1_TimerIRQ_ClearPending, %function
 432              	P1_TimerIRQ_ClearPending:
 433              	.LFB75:
 389:.\Generated_Source\PSoC5/P1_TimerIRQ.c **** }
 390:.\Generated_Source\PSoC5/P1_TimerIRQ.c **** 
 391:.\Generated_Source\PSoC5/P1_TimerIRQ.c **** 
 392:.\Generated_Source\PSoC5/P1_TimerIRQ.c **** /*******************************************************************************
 393:.\Generated_Source\PSoC5/P1_TimerIRQ.c **** * Function Name: P1_TimerIRQ_ClearPending
 394:.\Generated_Source\PSoC5/P1_TimerIRQ.c **** ********************************************************************************
 395:.\Generated_Source\PSoC5/P1_TimerIRQ.c **** *
 396:.\Generated_Source\PSoC5/P1_TimerIRQ.c **** * Summary:
 397:.\Generated_Source\PSoC5/P1_TimerIRQ.c **** *   Clears a pending interrupt in the interrupt controller.
 398:.\Generated_Source\PSoC5/P1_TimerIRQ.c **** *
 399:.\Generated_Source\PSoC5/P1_TimerIRQ.c **** *   Note Some interrupt sources are clear-on-read and require the block 
 400:.\Generated_Source\PSoC5/P1_TimerIRQ.c **** *   interrupt/status register to be read/cleared with the appropriate block API 
 401:.\Generated_Source\PSoC5/P1_TimerIRQ.c **** *   (GPIO, UART, and so on). Otherwise the ISR will continue to remain in 
 402:.\Generated_Source\PSoC5/P1_TimerIRQ.c **** *   pending state even though the interrupt itself is cleared using this API.
 403:.\Generated_Source\PSoC5/P1_TimerIRQ.c **** *
 404:.\Generated_Source\PSoC5/P1_TimerIRQ.c **** * Parameters:
 405:.\Generated_Source\PSoC5/P1_TimerIRQ.c **** *   None
 406:.\Generated_Source\PSoC5/P1_TimerIRQ.c **** *
 407:.\Generated_Source\PSoC5/P1_TimerIRQ.c **** * Return:
 408:.\Generated_Source\PSoC5/P1_TimerIRQ.c **** *   None
 409:.\Generated_Source\PSoC5/P1_TimerIRQ.c **** *
ARM GAS  C:\Users\Thomas\AppData\Local\Temp\ccGBEeu2.s 			page 16


 410:.\Generated_Source\PSoC5/P1_TimerIRQ.c **** *******************************************************************************/
 411:.\Generated_Source\PSoC5/P1_TimerIRQ.c **** void P1_TimerIRQ_ClearPending(void)
 412:.\Generated_Source\PSoC5/P1_TimerIRQ.c **** {
 434              		.loc 1 412 0
 435              		.cfi_startproc
 436              		@ args = 0, pretend = 0, frame = 0
 437              		@ frame_needed = 0, uses_anonymous_args = 0
 438              		@ link register save eliminated.
 413:.\Generated_Source\PSoC5/P1_TimerIRQ.c ****     *P1_TimerIRQ_INTC_CLR_PD = P1_TimerIRQ__INTC_MASK;
 439              		.loc 1 413 0
 440 0000 0222     		movs	r2, #2
 441 0002 014B     		ldr	r3, .L44
 442 0004 1A60     		str	r2, [r3]
 443 0006 7047     		bx	lr
 444              	.L45:
 445              		.align	2
 446              	.L44:
 447 0008 80E200E0 		.word	-536812928
 448              		.cfi_endproc
 449              	.LFE75:
 450              		.size	P1_TimerIRQ_ClearPending, .-P1_TimerIRQ_ClearPending
 451              		.comm	request,8,4
 452              		.comm	lines,4,4
 453              		.comm	ports,4,4
 454              		.comm	latches,8,4
 455              		.comm	window_off,8,4
 456              		.comm	bytes,4,4
 457              		.comm	disable_timer,8,4
 458              		.comm	use_timer,8,4
 459              		.comm	timer_ready,8,4
 460              		.comm	ready,4,4
 461              		.comm	input,24576,4
 462              		.comm	data,12,4
 463              		.comm	buf_ptr,8,4
 464              		.comm	input_ptr,8,4
 465              		.comm	playing,4,4
 466              		.comm	sent,4,4
 467              		.text
 468              	.Letext0:
 469              		.file 2 "c:\\program files (x86)\\cypress\\psoc creator\\3.3\\psoc creator\\import\\gnu\\arm\\4.9.
 470              		.file 3 "c:\\program files (x86)\\cypress\\psoc creator\\3.3\\psoc creator\\import\\gnu\\arm\\4.9.
 471              		.file 4 "Generated_Source\\PSoC5/cytypes.h"
 472              		.file 5 "Generated_Source\\PSoC5/core_cm3.h"
 473              		.file 6 "./main.h"
 474              		.section	.debug_info,"",%progbits
 475              	.Ldebug_info0:
 476 0000 78040000 		.4byte	0x478
 477 0004 0400     		.2byte	0x4
 478 0006 00000000 		.4byte	.Ldebug_abbrev0
 479 000a 04       		.byte	0x4
 480 000b 01       		.uleb128 0x1
 481 000c CC010000 		.4byte	.LASF53
 482 0010 01       		.byte	0x1
 483 0011 BD000000 		.4byte	.LASF54
 484 0015 7A010000 		.4byte	.LASF55
 485 0019 00000000 		.4byte	.Ldebug_ranges0+0
 486 001d 00000000 		.4byte	0
ARM GAS  C:\Users\Thomas\AppData\Local\Temp\ccGBEeu2.s 			page 17


 487 0021 00000000 		.4byte	.Ldebug_line0
 488 0025 02       		.uleb128 0x2
 489 0026 04       		.byte	0x4
 490 0027 05       		.byte	0x5
 491 0028 696E7400 		.ascii	"int\000"
 492 002c 03       		.uleb128 0x3
 493 002d 04       		.byte	0x4
 494 002e 07       		.byte	0x7
 495 002f 5A020000 		.4byte	.LASF0
 496 0033 03       		.uleb128 0x3
 497 0034 01       		.byte	0x1
 498 0035 06       		.byte	0x6
 499 0036 66030000 		.4byte	.LASF1
 500 003a 03       		.uleb128 0x3
 501 003b 01       		.byte	0x1
 502 003c 08       		.byte	0x8
 503 003d E4000000 		.4byte	.LASF2
 504 0041 03       		.uleb128 0x3
 505 0042 02       		.byte	0x2
 506 0043 05       		.byte	0x5
 507 0044 09030000 		.4byte	.LASF3
 508 0048 03       		.uleb128 0x3
 509 0049 02       		.byte	0x2
 510 004a 07       		.byte	0x7
 511 004b 4A000000 		.4byte	.LASF4
 512 004f 04       		.uleb128 0x4
 513 0050 32000000 		.4byte	.LASF11
 514 0054 02       		.byte	0x2
 515 0055 3F       		.byte	0x3f
 516 0056 5A000000 		.4byte	0x5a
 517 005a 03       		.uleb128 0x3
 518 005b 04       		.byte	0x4
 519 005c 05       		.byte	0x5
 520 005d 43030000 		.4byte	.LASF5
 521 0061 03       		.uleb128 0x3
 522 0062 04       		.byte	0x4
 523 0063 07       		.byte	0x7
 524 0064 57010000 		.4byte	.LASF6
 525 0068 03       		.uleb128 0x3
 526 0069 08       		.byte	0x8
 527 006a 05       		.byte	0x5
 528 006b B0020000 		.4byte	.LASF7
 529 006f 03       		.uleb128 0x3
 530 0070 08       		.byte	0x8
 531 0071 07       		.byte	0x7
 532 0072 6F020000 		.4byte	.LASF8
 533 0076 03       		.uleb128 0x3
 534 0077 04       		.byte	0x4
 535 0078 07       		.byte	0x7
 536 0079 A2020000 		.4byte	.LASF9
 537 007d 05       		.uleb128 0x5
 538 007e 04       		.byte	0x4
 539 007f 83000000 		.4byte	0x83
 540 0083 06       		.uleb128 0x6
 541 0084 03       		.uleb128 0x3
 542 0085 01       		.byte	0x1
 543 0086 08       		.byte	0x8
ARM GAS  C:\Users\Thomas\AppData\Local\Temp\ccGBEeu2.s 			page 18


 544 0087 C6020000 		.4byte	.LASF10
 545 008b 04       		.uleb128 0x4
 546 008c 9A020000 		.4byte	.LASF12
 547 0090 03       		.byte	0x3
 548 0091 2C       		.byte	0x2c
 549 0092 4F000000 		.4byte	0x4f
 550 0096 07       		.uleb128 0x7
 551 0097 28030000 		.4byte	.LASF13
 552 009b 04       		.byte	0x4
 553 009c 9201     		.2byte	0x192
 554 009e 3A000000 		.4byte	0x3a
 555 00a2 07       		.uleb128 0x7
 556 00a3 BE010000 		.4byte	.LASF14
 557 00a7 04       		.byte	0x4
 558 00a8 9301     		.2byte	0x193
 559 00aa 48000000 		.4byte	0x48
 560 00ae 07       		.uleb128 0x7
 561 00af C5010000 		.4byte	.LASF15
 562 00b3 04       		.byte	0x4
 563 00b4 9401     		.2byte	0x194
 564 00b6 61000000 		.4byte	0x61
 565 00ba 03       		.uleb128 0x3
 566 00bb 04       		.byte	0x4
 567 00bc 04       		.byte	0x4
 568 00bd B2000000 		.4byte	.LASF16
 569 00c1 03       		.uleb128 0x3
 570 00c2 08       		.byte	0x8
 571 00c3 04       		.byte	0x4
 572 00c4 93020000 		.4byte	.LASF17
 573 00c8 07       		.uleb128 0x7
 574 00c9 F8000000 		.4byte	.LASF18
 575 00cd 04       		.byte	0x4
 576 00ce 3C02     		.2byte	0x23c
 577 00d0 D4000000 		.4byte	0xd4
 578 00d4 08       		.uleb128 0x8
 579 00d5 96000000 		.4byte	0x96
 580 00d9 07       		.uleb128 0x7
 581 00da 0E000000 		.4byte	.LASF19
 582 00de 04       		.byte	0x4
 583 00df 3E02     		.2byte	0x23e
 584 00e1 E5000000 		.4byte	0xe5
 585 00e5 08       		.uleb128 0x8
 586 00e6 AE000000 		.4byte	0xae
 587 00ea 07       		.uleb128 0x7
 588 00eb 86020000 		.4byte	.LASF20
 589 00ef 04       		.byte	0x4
 590 00f0 4E02     		.2byte	0x24e
 591 00f2 7D000000 		.4byte	0x7d
 592 00f6 09       		.uleb128 0x9
 593 00f7 72030000 		.4byte	.LASF28
 594 00fb 01       		.byte	0x1
 595 00fc A0       		.byte	0xa0
 596 00fd 00000000 		.4byte	.LFB66
 597 0101 84000000 		.4byte	.LFE66-.LFB66
 598 0105 01       		.uleb128 0x1
 599 0106 9C       		.byte	0x9c
 600 0107 0A       		.uleb128 0xa
ARM GAS  C:\Users\Thomas\AppData\Local\Temp\ccGBEeu2.s 			page 19


 601 0108 34010000 		.4byte	.LASF22
 602 010c 01       		.byte	0x1
 603 010d D2       		.byte	0xd2
 604 010e 00000000 		.4byte	.LFB67
 605 0112 0C000000 		.4byte	.LFE67-.LFB67
 606 0116 01       		.uleb128 0x1
 607 0117 9C       		.byte	0x9c
 608 0118 37010000 		.4byte	0x137
 609 011c 0B       		.uleb128 0xb
 610 011d 67020000 		.4byte	.LASF24
 611 0121 01       		.byte	0x1
 612 0122 D2       		.byte	0xd2
 613 0123 EA000000 		.4byte	0xea
 614 0127 01       		.uleb128 0x1
 615 0128 50       		.byte	0x50
 616 0129 0C       		.uleb128 0xc
 617 012a 2E030000 		.4byte	.LASF21
 618 012e 01       		.byte	0x1
 619 012f D4       		.byte	0xd4
 620 0130 37010000 		.4byte	0x137
 621 0134 01       		.uleb128 0x1
 622 0135 53       		.byte	0x53
 623 0136 00       		.byte	0
 624 0137 05       		.uleb128 0x5
 625 0138 04       		.byte	0x4
 626 0139 EA000000 		.4byte	0xea
 627 013d 0D       		.uleb128 0xd
 628 013e F3020000 		.4byte	.LASF26
 629 0142 01       		.byte	0x1
 630 0143 EA       		.byte	0xea
 631 0144 EA000000 		.4byte	0xea
 632 0148 00000000 		.4byte	.LFB68
 633 014c 0C000000 		.4byte	.LFE68-.LFB68
 634 0150 01       		.uleb128 0x1
 635 0151 9C       		.byte	0x9c
 636 0152 64010000 		.4byte	0x164
 637 0156 0C       		.uleb128 0xc
 638 0157 2E030000 		.4byte	.LASF21
 639 015b 01       		.byte	0x1
 640 015c EC       		.byte	0xec
 641 015d 37010000 		.4byte	0x137
 642 0161 01       		.uleb128 0x1
 643 0162 53       		.byte	0x53
 644 0163 00       		.byte	0
 645 0164 0E       		.uleb128 0xe
 646 0165 71000000 		.4byte	.LASF23
 647 0169 01       		.byte	0x1
 648 016a 0C01     		.2byte	0x10c
 649 016c 00000000 		.4byte	.LFB69
 650 0170 10000000 		.4byte	.LFE69-.LFB69
 651 0174 01       		.uleb128 0x1
 652 0175 9C       		.byte	0x9c
 653 0176 8B010000 		.4byte	0x18b
 654 017a 0F       		.uleb128 0xf
 655 017b B5010000 		.4byte	.LASF25
 656 017f 01       		.byte	0x1
 657 0180 0C01     		.2byte	0x10c
ARM GAS  C:\Users\Thomas\AppData\Local\Temp\ccGBEeu2.s 			page 20


 658 0182 96000000 		.4byte	0x96
 659 0186 00000000 		.4byte	.LLST0
 660 018a 00       		.byte	0
 661 018b 10       		.uleb128 0x10
 662 018c 1C010000 		.4byte	.LASF27
 663 0190 01       		.byte	0x1
 664 0191 2201     		.2byte	0x122
 665 0193 96000000 		.4byte	0x96
 666 0197 00000000 		.4byte	.LFB70
 667 019b 0C000000 		.4byte	.LFE70-.LFB70
 668 019f 01       		.uleb128 0x1
 669 01a0 9C       		.byte	0x9c
 670 01a1 B6010000 		.4byte	0x1b6
 671 01a5 11       		.uleb128 0x11
 672 01a6 B5010000 		.4byte	.LASF25
 673 01aa 01       		.byte	0x1
 674 01ab 2401     		.2byte	0x124
 675 01ad 96000000 		.4byte	0x96
 676 01b1 21000000 		.4byte	.LLST1
 677 01b5 00       		.byte	0
 678 01b6 12       		.uleb128 0x12
 679 01b7 1F000000 		.4byte	.LASF29
 680 01bb 01       		.byte	0x1
 681 01bc 3D01     		.2byte	0x13d
 682 01be 00000000 		.4byte	.LFB71
 683 01c2 0C000000 		.4byte	.LFE71-.LFB71
 684 01c6 01       		.uleb128 0x1
 685 01c7 9C       		.byte	0x9c
 686 01c8 13       		.uleb128 0x13
 687 01c9 13030000 		.4byte	.LASF56
 688 01cd 01       		.byte	0x1
 689 01ce 5201     		.2byte	0x152
 690 01d0 96000000 		.4byte	0x96
 691 01d4 00000000 		.4byte	.LFB72
 692 01d8 18000000 		.4byte	.LFE72-.LFB72
 693 01dc 01       		.uleb128 0x1
 694 01dd 9C       		.byte	0x9c
 695 01de 12       		.uleb128 0x12
 696 01df 5D000000 		.4byte	.LASF30
 697 01e3 01       		.byte	0x1
 698 01e4 6701     		.2byte	0x167
 699 01e6 00000000 		.4byte	.LFB73
 700 01ea 0C000000 		.4byte	.LFE73-.LFB73
 701 01ee 01       		.uleb128 0x1
 702 01ef 9C       		.byte	0x9c
 703 01f0 0A       		.uleb128 0xa
 704 01f1 A0000000 		.4byte	.LASF31
 705 01f5 01       		.byte	0x1
 706 01f6 3D       		.byte	0x3d
 707 01f7 00000000 		.4byte	.LFB63
 708 01fb 1C000000 		.4byte	.LFE63-.LFB63
 709 01ff 01       		.uleb128 0x1
 710 0200 9C       		.byte	0x9c
 711 0201 42020000 		.4byte	0x242
 712 0205 14       		.uleb128 0x14
 713 0206 06000000 		.4byte	.LVL7
 714 020a DE010000 		.4byte	0x1de
ARM GAS  C:\Users\Thomas\AppData\Local\Temp\ccGBEeu2.s 			page 21


 715 020e 15       		.uleb128 0x15
 716 020f 0C000000 		.4byte	.LVL8
 717 0213 07010000 		.4byte	0x107
 718 0217 25020000 		.4byte	0x225
 719 021b 16       		.uleb128 0x16
 720 021c 01       		.uleb128 0x1
 721 021d 50       		.byte	0x50
 722 021e 05       		.uleb128 0x5
 723 021f 03       		.byte	0x3
 724 0220 00000000 		.4byte	P1_TimerIRQ_Interrupt
 725 0224 00       		.byte	0
 726 0225 15       		.uleb128 0x15
 727 0226 12000000 		.4byte	.LVL9
 728 022a 64010000 		.4byte	0x164
 729 022e 38020000 		.4byte	0x238
 730 0232 16       		.uleb128 0x16
 731 0233 01       		.uleb128 0x1
 732 0234 50       		.byte	0x50
 733 0235 01       		.uleb128 0x1
 734 0236 31       		.byte	0x31
 735 0237 00       		.byte	0
 736 0238 14       		.uleb128 0x14
 737 0239 16000000 		.4byte	.LVL10
 738 023d B6010000 		.4byte	0x1b6
 739 0241 00       		.byte	0
 740 0242 0A       		.uleb128 0xa
 741 0243 DF020000 		.4byte	.LASF32
 742 0247 01       		.byte	0x1
 743 0248 68       		.byte	0x68
 744 0249 00000000 		.4byte	.LFB64
 745 024d 1A000000 		.4byte	.LFE64-.LFB64
 746 0251 01       		.uleb128 0x1
 747 0252 9C       		.byte	0x9c
 748 0253 A0020000 		.4byte	0x2a0
 749 0257 17       		.uleb128 0x17
 750 0258 67020000 		.4byte	.LASF24
 751 025c 01       		.byte	0x1
 752 025d 68       		.byte	0x68
 753 025e EA000000 		.4byte	0xea
 754 0262 38000000 		.4byte	.LLST2
 755 0266 14       		.uleb128 0x14
 756 0267 08000000 		.4byte	.LVL12
 757 026b DE010000 		.4byte	0x1de
 758 026f 15       		.uleb128 0x15
 759 0270 0E000000 		.4byte	.LVL13
 760 0274 07010000 		.4byte	0x107
 761 0278 83020000 		.4byte	0x283
 762 027c 16       		.uleb128 0x16
 763 027d 01       		.uleb128 0x1
 764 027e 50       		.byte	0x50
 765 027f 02       		.uleb128 0x2
 766 0280 74       		.byte	0x74
 767 0281 00       		.sleb128 0
 768 0282 00       		.byte	0
 769 0283 15       		.uleb128 0x15
 770 0284 14000000 		.4byte	.LVL14
 771 0288 64010000 		.4byte	0x164
ARM GAS  C:\Users\Thomas\AppData\Local\Temp\ccGBEeu2.s 			page 22


 772 028c 96020000 		.4byte	0x296
 773 0290 16       		.uleb128 0x16
 774 0291 01       		.uleb128 0x1
 775 0292 50       		.byte	0x50
 776 0293 01       		.uleb128 0x1
 777 0294 31       		.byte	0x31
 778 0295 00       		.byte	0
 779 0296 14       		.uleb128 0x14
 780 0297 18000000 		.4byte	.LVL15
 781 029b B6010000 		.4byte	0x1b6
 782 029f 00       		.byte	0
 783 02a0 0A       		.uleb128 0xa
 784 02a1 69010000 		.4byte	.LASF33
 785 02a5 01       		.byte	0x1
 786 02a6 86       		.byte	0x86
 787 02a7 00000000 		.4byte	.LFB65
 788 02ab 14000000 		.4byte	.LFE65-.LFB65
 789 02af 01       		.uleb128 0x1
 790 02b0 9C       		.byte	0x9c
 791 02b1 C8020000 		.4byte	0x2c8
 792 02b5 14       		.uleb128 0x14
 793 02b6 06000000 		.4byte	.LVL16
 794 02ba DE010000 		.4byte	0x1de
 795 02be 14       		.uleb128 0x14
 796 02bf 0C000000 		.4byte	.LVL17
 797 02c3 07010000 		.4byte	0x107
 798 02c7 00       		.byte	0
 799 02c8 12       		.uleb128 0x12
 800 02c9 89000000 		.4byte	.LASF34
 801 02cd 01       		.byte	0x1
 802 02ce 8201     		.2byte	0x182
 803 02d0 00000000 		.4byte	.LFB74
 804 02d4 0C000000 		.4byte	.LFE74-.LFB74
 805 02d8 01       		.uleb128 0x1
 806 02d9 9C       		.byte	0x9c
 807 02da 12       		.uleb128 0x12
 808 02db 03010000 		.4byte	.LASF35
 809 02df 01       		.byte	0x1
 810 02e0 9B01     		.2byte	0x19b
 811 02e2 00000000 		.4byte	.LFB75
 812 02e6 0C000000 		.4byte	.LFE75-.LFB75
 813 02ea 01       		.uleb128 0x1
 814 02eb 9C       		.byte	0x9c
 815 02ec 18       		.uleb128 0x18
 816 02ed 4A010000 		.4byte	.LASF36
 817 02f1 05       		.byte	0x5
 818 02f2 9606     		.2byte	0x696
 819 02f4 F8020000 		.4byte	0x2f8
 820 02f8 08       		.uleb128 0x8
 821 02f9 8B000000 		.4byte	0x8b
 822 02fd 19       		.uleb128 0x19
 823 02fe AB020000 		.4byte	.LASF37
 824 0302 06       		.byte	0x6
 825 0303 10       		.byte	0x10
 826 0304 0E030000 		.4byte	0x30e
 827 0308 05       		.uleb128 0x5
 828 0309 03       		.byte	0x3
ARM GAS  C:\Users\Thomas\AppData\Local\Temp\ccGBEeu2.s 			page 23


 829 030a 00000000 		.4byte	sent
 830 030e 08       		.uleb128 0x8
 831 030f 25000000 		.4byte	0x25
 832 0313 19       		.uleb128 0x19
 833 0314 CB020000 		.4byte	.LASF38
 834 0318 06       		.byte	0x6
 835 0319 11       		.byte	0x11
 836 031a 0E030000 		.4byte	0x30e
 837 031e 05       		.uleb128 0x5
 838 031f 03       		.byte	0x3
 839 0320 00000000 		.4byte	playing
 840 0324 1A       		.uleb128 0x1a
 841 0325 25000000 		.4byte	0x25
 842 0329 34030000 		.4byte	0x334
 843 032d 1B       		.uleb128 0x1b
 844 032e 76000000 		.4byte	0x76
 845 0332 01       		.byte	0x1
 846 0333 00       		.byte	0
 847 0334 19       		.uleb128 0x19
 848 0335 5C030000 		.4byte	.LASF39
 849 0339 06       		.byte	0x6
 850 033a 12       		.byte	0x12
 851 033b 45030000 		.4byte	0x345
 852 033f 05       		.uleb128 0x5
 853 0340 03       		.byte	0x3
 854 0341 00000000 		.4byte	input_ptr
 855 0345 08       		.uleb128 0x8
 856 0346 24030000 		.4byte	0x324
 857 034a 19       		.uleb128 0x19
 858 034b BE020000 		.4byte	.LASF40
 859 034f 06       		.byte	0x6
 860 0350 13       		.byte	0x13
 861 0351 5B030000 		.4byte	0x35b
 862 0355 05       		.uleb128 0x5
 863 0356 03       		.byte	0x3
 864 0357 00000000 		.4byte	buf_ptr
 865 035b 08       		.uleb128 0x8
 866 035c 24030000 		.4byte	0x324
 867 0360 1A       		.uleb128 0x1a
 868 0361 A2000000 		.4byte	0xa2
 869 0365 70030000 		.4byte	0x370
 870 0369 1B       		.uleb128 0x1b
 871 036a 76000000 		.4byte	0x76
 872 036e 05       		.byte	0x5
 873 036f 00       		.byte	0
 874 0370 19       		.uleb128 0x19
 875 0371 B8000000 		.4byte	.LASF41
 876 0375 06       		.byte	0x6
 877 0376 14       		.byte	0x14
 878 0377 81030000 		.4byte	0x381
 879 037b 05       		.uleb128 0x5
 880 037c 03       		.byte	0x3
 881 037d 00000000 		.4byte	data
 882 0381 08       		.uleb128 0x8
 883 0382 60030000 		.4byte	0x360
 884 0386 1A       		.uleb128 0x1a
 885 0387 A2000000 		.4byte	0xa2
ARM GAS  C:\Users\Thomas\AppData\Local\Temp\ccGBEeu2.s 			page 24


 886 038b 9D030000 		.4byte	0x39d
 887 038f 1B       		.uleb128 0x1b
 888 0390 76000000 		.4byte	0x76
 889 0394 05       		.byte	0x5
 890 0395 1C       		.uleb128 0x1c
 891 0396 76000000 		.4byte	0x76
 892 039a FF07     		.2byte	0x7ff
 893 039c 00       		.byte	0
 894 039d 19       		.uleb128 0x19
 895 039e F2000000 		.4byte	.LASF42
 896 03a2 06       		.byte	0x6
 897 03a3 15       		.byte	0x15
 898 03a4 AE030000 		.4byte	0x3ae
 899 03a8 05       		.uleb128 0x5
 900 03a9 03       		.byte	0x3
 901 03aa 00000000 		.4byte	input
 902 03ae 08       		.uleb128 0x8
 903 03af 86030000 		.4byte	0x386
 904 03b3 19       		.uleb128 0x19
 905 03b4 FD000000 		.4byte	.LASF43
 906 03b8 06       		.byte	0x6
 907 03b9 16       		.byte	0x16
 908 03ba 0E030000 		.4byte	0x30e
 909 03be 05       		.uleb128 0x5
 910 03bf 03       		.byte	0x3
 911 03c0 00000000 		.4byte	ready
 912 03c4 19       		.uleb128 0x19
 913 03c5 D3020000 		.4byte	.LASF44
 914 03c9 06       		.byte	0x6
 915 03ca 17       		.byte	0x17
 916 03cb D5030000 		.4byte	0x3d5
 917 03cf 05       		.uleb128 0x5
 918 03d0 03       		.byte	0x3
 919 03d1 00000000 		.4byte	timer_ready
 920 03d5 08       		.uleb128 0x8
 921 03d6 24030000 		.4byte	0x324
 922 03da 19       		.uleb128 0x19
 923 03db 4C030000 		.4byte	.LASF45
 924 03df 06       		.byte	0x6
 925 03e0 18       		.byte	0x18
 926 03e1 EB030000 		.4byte	0x3eb
 927 03e5 05       		.uleb128 0x5
 928 03e6 03       		.byte	0x3
 929 03e7 00000000 		.4byte	use_timer
 930 03eb 08       		.uleb128 0x8
 931 03ec 24030000 		.4byte	0x324
 932 03f0 19       		.uleb128 0x19
 933 03f1 00000000 		.4byte	.LASF46
 934 03f5 06       		.byte	0x6
 935 03f6 19       		.byte	0x19
 936 03f7 01040000 		.4byte	0x401
 937 03fb 05       		.uleb128 0x5
 938 03fc 03       		.byte	0x3
 939 03fd 00000000 		.4byte	disable_timer
 940 0401 08       		.uleb128 0x8
 941 0402 24030000 		.4byte	0x324
 942 0406 19       		.uleb128 0x19
ARM GAS  C:\Users\Thomas\AppData\Local\Temp\ccGBEeu2.s 			page 25


 943 0407 56030000 		.4byte	.LASF47
 944 040b 06       		.byte	0x6
 945 040c 1A       		.byte	0x1a
 946 040d 0E030000 		.4byte	0x30e
 947 0411 05       		.uleb128 0x5
 948 0412 03       		.byte	0x3
 949 0413 00000000 		.4byte	bytes
 950 0417 19       		.uleb128 0x19
 951 0418 14000000 		.4byte	.LASF48
 952 041c 06       		.byte	0x6
 953 041d 1B       		.byte	0x1b
 954 041e 28040000 		.4byte	0x428
 955 0422 05       		.uleb128 0x5
 956 0423 03       		.byte	0x3
 957 0424 00000000 		.4byte	window_off
 958 0428 08       		.uleb128 0x8
 959 0429 24030000 		.4byte	0x324
 960 042d 19       		.uleb128 0x19
 961 042e 88030000 		.4byte	.LASF49
 962 0432 06       		.byte	0x6
 963 0433 1C       		.byte	0x1c
 964 0434 3E040000 		.4byte	0x43e
 965 0438 05       		.uleb128 0x5
 966 0439 03       		.byte	0x3
 967 043a 00000000 		.4byte	latches
 968 043e 08       		.uleb128 0x8
 969 043f 24030000 		.4byte	0x324
 970 0443 19       		.uleb128 0x19
 971 0444 44000000 		.4byte	.LASF50
 972 0448 06       		.byte	0x6
 973 0449 1D       		.byte	0x1d
 974 044a 0E030000 		.4byte	0x30e
 975 044e 05       		.uleb128 0x5
 976 044f 03       		.byte	0x3
 977 0450 00000000 		.4byte	ports
 978 0454 19       		.uleb128 0x19
 979 0455 3D030000 		.4byte	.LASF51
 980 0459 06       		.byte	0x6
 981 045a 1E       		.byte	0x1e
 982 045b 0E030000 		.4byte	0x30e
 983 045f 05       		.uleb128 0x5
 984 0460 03       		.byte	0x3
 985 0461 00000000 		.4byte	lines
 986 0465 19       		.uleb128 0x19
 987 0466 3C000000 		.4byte	.LASF52
 988 046a 06       		.byte	0x6
 989 046b 1F       		.byte	0x1f
 990 046c 76040000 		.4byte	0x476
 991 0470 05       		.uleb128 0x5
 992 0471 03       		.byte	0x3
 993 0472 00000000 		.4byte	request
 994 0476 08       		.uleb128 0x8
 995 0477 24030000 		.4byte	0x324
 996 047b 00       		.byte	0
 997              		.section	.debug_abbrev,"",%progbits
 998              	.Ldebug_abbrev0:
 999 0000 01       		.uleb128 0x1
ARM GAS  C:\Users\Thomas\AppData\Local\Temp\ccGBEeu2.s 			page 26


 1000 0001 11       		.uleb128 0x11
 1001 0002 01       		.byte	0x1
 1002 0003 25       		.uleb128 0x25
 1003 0004 0E       		.uleb128 0xe
 1004 0005 13       		.uleb128 0x13
 1005 0006 0B       		.uleb128 0xb
 1006 0007 03       		.uleb128 0x3
 1007 0008 0E       		.uleb128 0xe
 1008 0009 1B       		.uleb128 0x1b
 1009 000a 0E       		.uleb128 0xe
 1010 000b 55       		.uleb128 0x55
 1011 000c 17       		.uleb128 0x17
 1012 000d 11       		.uleb128 0x11
 1013 000e 01       		.uleb128 0x1
 1014 000f 10       		.uleb128 0x10
 1015 0010 17       		.uleb128 0x17
 1016 0011 00       		.byte	0
 1017 0012 00       		.byte	0
 1018 0013 02       		.uleb128 0x2
 1019 0014 24       		.uleb128 0x24
 1020 0015 00       		.byte	0
 1021 0016 0B       		.uleb128 0xb
 1022 0017 0B       		.uleb128 0xb
 1023 0018 3E       		.uleb128 0x3e
 1024 0019 0B       		.uleb128 0xb
 1025 001a 03       		.uleb128 0x3
 1026 001b 08       		.uleb128 0x8
 1027 001c 00       		.byte	0
 1028 001d 00       		.byte	0
 1029 001e 03       		.uleb128 0x3
 1030 001f 24       		.uleb128 0x24
 1031 0020 00       		.byte	0
 1032 0021 0B       		.uleb128 0xb
 1033 0022 0B       		.uleb128 0xb
 1034 0023 3E       		.uleb128 0x3e
 1035 0024 0B       		.uleb128 0xb
 1036 0025 03       		.uleb128 0x3
 1037 0026 0E       		.uleb128 0xe
 1038 0027 00       		.byte	0
 1039 0028 00       		.byte	0
 1040 0029 04       		.uleb128 0x4
 1041 002a 16       		.uleb128 0x16
 1042 002b 00       		.byte	0
 1043 002c 03       		.uleb128 0x3
 1044 002d 0E       		.uleb128 0xe
 1045 002e 3A       		.uleb128 0x3a
 1046 002f 0B       		.uleb128 0xb
 1047 0030 3B       		.uleb128 0x3b
 1048 0031 0B       		.uleb128 0xb
 1049 0032 49       		.uleb128 0x49
 1050 0033 13       		.uleb128 0x13
 1051 0034 00       		.byte	0
 1052 0035 00       		.byte	0
 1053 0036 05       		.uleb128 0x5
 1054 0037 0F       		.uleb128 0xf
 1055 0038 00       		.byte	0
 1056 0039 0B       		.uleb128 0xb
ARM GAS  C:\Users\Thomas\AppData\Local\Temp\ccGBEeu2.s 			page 27


 1057 003a 0B       		.uleb128 0xb
 1058 003b 49       		.uleb128 0x49
 1059 003c 13       		.uleb128 0x13
 1060 003d 00       		.byte	0
 1061 003e 00       		.byte	0
 1062 003f 06       		.uleb128 0x6
 1063 0040 15       		.uleb128 0x15
 1064 0041 00       		.byte	0
 1065 0042 27       		.uleb128 0x27
 1066 0043 19       		.uleb128 0x19
 1067 0044 00       		.byte	0
 1068 0045 00       		.byte	0
 1069 0046 07       		.uleb128 0x7
 1070 0047 16       		.uleb128 0x16
 1071 0048 00       		.byte	0
 1072 0049 03       		.uleb128 0x3
 1073 004a 0E       		.uleb128 0xe
 1074 004b 3A       		.uleb128 0x3a
 1075 004c 0B       		.uleb128 0xb
 1076 004d 3B       		.uleb128 0x3b
 1077 004e 05       		.uleb128 0x5
 1078 004f 49       		.uleb128 0x49
 1079 0050 13       		.uleb128 0x13
 1080 0051 00       		.byte	0
 1081 0052 00       		.byte	0
 1082 0053 08       		.uleb128 0x8
 1083 0054 35       		.uleb128 0x35
 1084 0055 00       		.byte	0
 1085 0056 49       		.uleb128 0x49
 1086 0057 13       		.uleb128 0x13
 1087 0058 00       		.byte	0
 1088 0059 00       		.byte	0
 1089 005a 09       		.uleb128 0x9
 1090 005b 2E       		.uleb128 0x2e
 1091 005c 00       		.byte	0
 1092 005d 3F       		.uleb128 0x3f
 1093 005e 19       		.uleb128 0x19
 1094 005f 03       		.uleb128 0x3
 1095 0060 0E       		.uleb128 0xe
 1096 0061 3A       		.uleb128 0x3a
 1097 0062 0B       		.uleb128 0xb
 1098 0063 3B       		.uleb128 0x3b
 1099 0064 0B       		.uleb128 0xb
 1100 0065 27       		.uleb128 0x27
 1101 0066 19       		.uleb128 0x19
 1102 0067 11       		.uleb128 0x11
 1103 0068 01       		.uleb128 0x1
 1104 0069 12       		.uleb128 0x12
 1105 006a 06       		.uleb128 0x6
 1106 006b 40       		.uleb128 0x40
 1107 006c 18       		.uleb128 0x18
 1108 006d 9742     		.uleb128 0x2117
 1109 006f 19       		.uleb128 0x19
 1110 0070 00       		.byte	0
 1111 0071 00       		.byte	0
 1112 0072 0A       		.uleb128 0xa
 1113 0073 2E       		.uleb128 0x2e
ARM GAS  C:\Users\Thomas\AppData\Local\Temp\ccGBEeu2.s 			page 28


 1114 0074 01       		.byte	0x1
 1115 0075 3F       		.uleb128 0x3f
 1116 0076 19       		.uleb128 0x19
 1117 0077 03       		.uleb128 0x3
 1118 0078 0E       		.uleb128 0xe
 1119 0079 3A       		.uleb128 0x3a
 1120 007a 0B       		.uleb128 0xb
 1121 007b 3B       		.uleb128 0x3b
 1122 007c 0B       		.uleb128 0xb
 1123 007d 27       		.uleb128 0x27
 1124 007e 19       		.uleb128 0x19
 1125 007f 11       		.uleb128 0x11
 1126 0080 01       		.uleb128 0x1
 1127 0081 12       		.uleb128 0x12
 1128 0082 06       		.uleb128 0x6
 1129 0083 40       		.uleb128 0x40
 1130 0084 18       		.uleb128 0x18
 1131 0085 9742     		.uleb128 0x2117
 1132 0087 19       		.uleb128 0x19
 1133 0088 01       		.uleb128 0x1
 1134 0089 13       		.uleb128 0x13
 1135 008a 00       		.byte	0
 1136 008b 00       		.byte	0
 1137 008c 0B       		.uleb128 0xb
 1138 008d 05       		.uleb128 0x5
 1139 008e 00       		.byte	0
 1140 008f 03       		.uleb128 0x3
 1141 0090 0E       		.uleb128 0xe
 1142 0091 3A       		.uleb128 0x3a
 1143 0092 0B       		.uleb128 0xb
 1144 0093 3B       		.uleb128 0x3b
 1145 0094 0B       		.uleb128 0xb
 1146 0095 49       		.uleb128 0x49
 1147 0096 13       		.uleb128 0x13
 1148 0097 02       		.uleb128 0x2
 1149 0098 18       		.uleb128 0x18
 1150 0099 00       		.byte	0
 1151 009a 00       		.byte	0
 1152 009b 0C       		.uleb128 0xc
 1153 009c 34       		.uleb128 0x34
 1154 009d 00       		.byte	0
 1155 009e 03       		.uleb128 0x3
 1156 009f 0E       		.uleb128 0xe
 1157 00a0 3A       		.uleb128 0x3a
 1158 00a1 0B       		.uleb128 0xb
 1159 00a2 3B       		.uleb128 0x3b
 1160 00a3 0B       		.uleb128 0xb
 1161 00a4 49       		.uleb128 0x49
 1162 00a5 13       		.uleb128 0x13
 1163 00a6 02       		.uleb128 0x2
 1164 00a7 18       		.uleb128 0x18
 1165 00a8 00       		.byte	0
 1166 00a9 00       		.byte	0
 1167 00aa 0D       		.uleb128 0xd
 1168 00ab 2E       		.uleb128 0x2e
 1169 00ac 01       		.byte	0x1
 1170 00ad 3F       		.uleb128 0x3f
ARM GAS  C:\Users\Thomas\AppData\Local\Temp\ccGBEeu2.s 			page 29


 1171 00ae 19       		.uleb128 0x19
 1172 00af 03       		.uleb128 0x3
 1173 00b0 0E       		.uleb128 0xe
 1174 00b1 3A       		.uleb128 0x3a
 1175 00b2 0B       		.uleb128 0xb
 1176 00b3 3B       		.uleb128 0x3b
 1177 00b4 0B       		.uleb128 0xb
 1178 00b5 27       		.uleb128 0x27
 1179 00b6 19       		.uleb128 0x19
 1180 00b7 49       		.uleb128 0x49
 1181 00b8 13       		.uleb128 0x13
 1182 00b9 11       		.uleb128 0x11
 1183 00ba 01       		.uleb128 0x1
 1184 00bb 12       		.uleb128 0x12
 1185 00bc 06       		.uleb128 0x6
 1186 00bd 40       		.uleb128 0x40
 1187 00be 18       		.uleb128 0x18
 1188 00bf 9742     		.uleb128 0x2117
 1189 00c1 19       		.uleb128 0x19
 1190 00c2 01       		.uleb128 0x1
 1191 00c3 13       		.uleb128 0x13
 1192 00c4 00       		.byte	0
 1193 00c5 00       		.byte	0
 1194 00c6 0E       		.uleb128 0xe
 1195 00c7 2E       		.uleb128 0x2e
 1196 00c8 01       		.byte	0x1
 1197 00c9 3F       		.uleb128 0x3f
 1198 00ca 19       		.uleb128 0x19
 1199 00cb 03       		.uleb128 0x3
 1200 00cc 0E       		.uleb128 0xe
 1201 00cd 3A       		.uleb128 0x3a
 1202 00ce 0B       		.uleb128 0xb
 1203 00cf 3B       		.uleb128 0x3b
 1204 00d0 05       		.uleb128 0x5
 1205 00d1 27       		.uleb128 0x27
 1206 00d2 19       		.uleb128 0x19
 1207 00d3 11       		.uleb128 0x11
 1208 00d4 01       		.uleb128 0x1
 1209 00d5 12       		.uleb128 0x12
 1210 00d6 06       		.uleb128 0x6
 1211 00d7 40       		.uleb128 0x40
 1212 00d8 18       		.uleb128 0x18
 1213 00d9 9742     		.uleb128 0x2117
 1214 00db 19       		.uleb128 0x19
 1215 00dc 01       		.uleb128 0x1
 1216 00dd 13       		.uleb128 0x13
 1217 00de 00       		.byte	0
 1218 00df 00       		.byte	0
 1219 00e0 0F       		.uleb128 0xf
 1220 00e1 05       		.uleb128 0x5
 1221 00e2 00       		.byte	0
 1222 00e3 03       		.uleb128 0x3
 1223 00e4 0E       		.uleb128 0xe
 1224 00e5 3A       		.uleb128 0x3a
 1225 00e6 0B       		.uleb128 0xb
 1226 00e7 3B       		.uleb128 0x3b
 1227 00e8 05       		.uleb128 0x5
ARM GAS  C:\Users\Thomas\AppData\Local\Temp\ccGBEeu2.s 			page 30


 1228 00e9 49       		.uleb128 0x49
 1229 00ea 13       		.uleb128 0x13
 1230 00eb 02       		.uleb128 0x2
 1231 00ec 17       		.uleb128 0x17
 1232 00ed 00       		.byte	0
 1233 00ee 00       		.byte	0
 1234 00ef 10       		.uleb128 0x10
 1235 00f0 2E       		.uleb128 0x2e
 1236 00f1 01       		.byte	0x1
 1237 00f2 3F       		.uleb128 0x3f
 1238 00f3 19       		.uleb128 0x19
 1239 00f4 03       		.uleb128 0x3
 1240 00f5 0E       		.uleb128 0xe
 1241 00f6 3A       		.uleb128 0x3a
 1242 00f7 0B       		.uleb128 0xb
 1243 00f8 3B       		.uleb128 0x3b
 1244 00f9 05       		.uleb128 0x5
 1245 00fa 27       		.uleb128 0x27
 1246 00fb 19       		.uleb128 0x19
 1247 00fc 49       		.uleb128 0x49
 1248 00fd 13       		.uleb128 0x13
 1249 00fe 11       		.uleb128 0x11
 1250 00ff 01       		.uleb128 0x1
 1251 0100 12       		.uleb128 0x12
 1252 0101 06       		.uleb128 0x6
 1253 0102 40       		.uleb128 0x40
 1254 0103 18       		.uleb128 0x18
 1255 0104 9742     		.uleb128 0x2117
 1256 0106 19       		.uleb128 0x19
 1257 0107 01       		.uleb128 0x1
 1258 0108 13       		.uleb128 0x13
 1259 0109 00       		.byte	0
 1260 010a 00       		.byte	0
 1261 010b 11       		.uleb128 0x11
 1262 010c 34       		.uleb128 0x34
 1263 010d 00       		.byte	0
 1264 010e 03       		.uleb128 0x3
 1265 010f 0E       		.uleb128 0xe
 1266 0110 3A       		.uleb128 0x3a
 1267 0111 0B       		.uleb128 0xb
 1268 0112 3B       		.uleb128 0x3b
 1269 0113 05       		.uleb128 0x5
 1270 0114 49       		.uleb128 0x49
 1271 0115 13       		.uleb128 0x13
 1272 0116 02       		.uleb128 0x2
 1273 0117 17       		.uleb128 0x17
 1274 0118 00       		.byte	0
 1275 0119 00       		.byte	0
 1276 011a 12       		.uleb128 0x12
 1277 011b 2E       		.uleb128 0x2e
 1278 011c 00       		.byte	0
 1279 011d 3F       		.uleb128 0x3f
 1280 011e 19       		.uleb128 0x19
 1281 011f 03       		.uleb128 0x3
 1282 0120 0E       		.uleb128 0xe
 1283 0121 3A       		.uleb128 0x3a
 1284 0122 0B       		.uleb128 0xb
ARM GAS  C:\Users\Thomas\AppData\Local\Temp\ccGBEeu2.s 			page 31


 1285 0123 3B       		.uleb128 0x3b
 1286 0124 05       		.uleb128 0x5
 1287 0125 27       		.uleb128 0x27
 1288 0126 19       		.uleb128 0x19
 1289 0127 11       		.uleb128 0x11
 1290 0128 01       		.uleb128 0x1
 1291 0129 12       		.uleb128 0x12
 1292 012a 06       		.uleb128 0x6
 1293 012b 40       		.uleb128 0x40
 1294 012c 18       		.uleb128 0x18
 1295 012d 9742     		.uleb128 0x2117
 1296 012f 19       		.uleb128 0x19
 1297 0130 00       		.byte	0
 1298 0131 00       		.byte	0
 1299 0132 13       		.uleb128 0x13
 1300 0133 2E       		.uleb128 0x2e
 1301 0134 00       		.byte	0
 1302 0135 3F       		.uleb128 0x3f
 1303 0136 19       		.uleb128 0x19
 1304 0137 03       		.uleb128 0x3
 1305 0138 0E       		.uleb128 0xe
 1306 0139 3A       		.uleb128 0x3a
 1307 013a 0B       		.uleb128 0xb
 1308 013b 3B       		.uleb128 0x3b
 1309 013c 05       		.uleb128 0x5
 1310 013d 27       		.uleb128 0x27
 1311 013e 19       		.uleb128 0x19
 1312 013f 49       		.uleb128 0x49
 1313 0140 13       		.uleb128 0x13
 1314 0141 11       		.uleb128 0x11
 1315 0142 01       		.uleb128 0x1
 1316 0143 12       		.uleb128 0x12
 1317 0144 06       		.uleb128 0x6
 1318 0145 40       		.uleb128 0x40
 1319 0146 18       		.uleb128 0x18
 1320 0147 9742     		.uleb128 0x2117
 1321 0149 19       		.uleb128 0x19
 1322 014a 00       		.byte	0
 1323 014b 00       		.byte	0
 1324 014c 14       		.uleb128 0x14
 1325 014d 898201   		.uleb128 0x4109
 1326 0150 00       		.byte	0
 1327 0151 11       		.uleb128 0x11
 1328 0152 01       		.uleb128 0x1
 1329 0153 31       		.uleb128 0x31
 1330 0154 13       		.uleb128 0x13
 1331 0155 00       		.byte	0
 1332 0156 00       		.byte	0
 1333 0157 15       		.uleb128 0x15
 1334 0158 898201   		.uleb128 0x4109
 1335 015b 01       		.byte	0x1
 1336 015c 11       		.uleb128 0x11
 1337 015d 01       		.uleb128 0x1
 1338 015e 31       		.uleb128 0x31
 1339 015f 13       		.uleb128 0x13
 1340 0160 01       		.uleb128 0x1
 1341 0161 13       		.uleb128 0x13
ARM GAS  C:\Users\Thomas\AppData\Local\Temp\ccGBEeu2.s 			page 32


 1342 0162 00       		.byte	0
 1343 0163 00       		.byte	0
 1344 0164 16       		.uleb128 0x16
 1345 0165 8A8201   		.uleb128 0x410a
 1346 0168 00       		.byte	0
 1347 0169 02       		.uleb128 0x2
 1348 016a 18       		.uleb128 0x18
 1349 016b 9142     		.uleb128 0x2111
 1350 016d 18       		.uleb128 0x18
 1351 016e 00       		.byte	0
 1352 016f 00       		.byte	0
 1353 0170 17       		.uleb128 0x17
 1354 0171 05       		.uleb128 0x5
 1355 0172 00       		.byte	0
 1356 0173 03       		.uleb128 0x3
 1357 0174 0E       		.uleb128 0xe
 1358 0175 3A       		.uleb128 0x3a
 1359 0176 0B       		.uleb128 0xb
 1360 0177 3B       		.uleb128 0x3b
 1361 0178 0B       		.uleb128 0xb
 1362 0179 49       		.uleb128 0x49
 1363 017a 13       		.uleb128 0x13
 1364 017b 02       		.uleb128 0x2
 1365 017c 17       		.uleb128 0x17
 1366 017d 00       		.byte	0
 1367 017e 00       		.byte	0
 1368 017f 18       		.uleb128 0x18
 1369 0180 34       		.uleb128 0x34
 1370 0181 00       		.byte	0
 1371 0182 03       		.uleb128 0x3
 1372 0183 0E       		.uleb128 0xe
 1373 0184 3A       		.uleb128 0x3a
 1374 0185 0B       		.uleb128 0xb
 1375 0186 3B       		.uleb128 0x3b
 1376 0187 05       		.uleb128 0x5
 1377 0188 49       		.uleb128 0x49
 1378 0189 13       		.uleb128 0x13
 1379 018a 3F       		.uleb128 0x3f
 1380 018b 19       		.uleb128 0x19
 1381 018c 3C       		.uleb128 0x3c
 1382 018d 19       		.uleb128 0x19
 1383 018e 00       		.byte	0
 1384 018f 00       		.byte	0
 1385 0190 19       		.uleb128 0x19
 1386 0191 34       		.uleb128 0x34
 1387 0192 00       		.byte	0
 1388 0193 03       		.uleb128 0x3
 1389 0194 0E       		.uleb128 0xe
 1390 0195 3A       		.uleb128 0x3a
 1391 0196 0B       		.uleb128 0xb
 1392 0197 3B       		.uleb128 0x3b
 1393 0198 0B       		.uleb128 0xb
 1394 0199 49       		.uleb128 0x49
 1395 019a 13       		.uleb128 0x13
 1396 019b 3F       		.uleb128 0x3f
 1397 019c 19       		.uleb128 0x19
 1398 019d 02       		.uleb128 0x2
ARM GAS  C:\Users\Thomas\AppData\Local\Temp\ccGBEeu2.s 			page 33


 1399 019e 18       		.uleb128 0x18
 1400 019f 00       		.byte	0
 1401 01a0 00       		.byte	0
 1402 01a1 1A       		.uleb128 0x1a
 1403 01a2 01       		.uleb128 0x1
 1404 01a3 01       		.byte	0x1
 1405 01a4 49       		.uleb128 0x49
 1406 01a5 13       		.uleb128 0x13
 1407 01a6 01       		.uleb128 0x1
 1408 01a7 13       		.uleb128 0x13
 1409 01a8 00       		.byte	0
 1410 01a9 00       		.byte	0
 1411 01aa 1B       		.uleb128 0x1b
 1412 01ab 21       		.uleb128 0x21
 1413 01ac 00       		.byte	0
 1414 01ad 49       		.uleb128 0x49
 1415 01ae 13       		.uleb128 0x13
 1416 01af 2F       		.uleb128 0x2f
 1417 01b0 0B       		.uleb128 0xb
 1418 01b1 00       		.byte	0
 1419 01b2 00       		.byte	0
 1420 01b3 1C       		.uleb128 0x1c
 1421 01b4 21       		.uleb128 0x21
 1422 01b5 00       		.byte	0
 1423 01b6 49       		.uleb128 0x49
 1424 01b7 13       		.uleb128 0x13
 1425 01b8 2F       		.uleb128 0x2f
 1426 01b9 05       		.uleb128 0x5
 1427 01ba 00       		.byte	0
 1428 01bb 00       		.byte	0
 1429 01bc 00       		.byte	0
 1430              		.section	.debug_loc,"",%progbits
 1431              	.Ldebug_loc0:
 1432              	.LLST0:
 1433 0000 00000000 		.4byte	.LVL3
 1434 0004 02000000 		.4byte	.LVL4
 1435 0008 0100     		.2byte	0x1
 1436 000a 50       		.byte	0x50
 1437 000b 02000000 		.4byte	.LVL4
 1438 000f 10000000 		.4byte	.LFE69
 1439 0013 0400     		.2byte	0x4
 1440 0015 F3       		.byte	0xf3
 1441 0016 01       		.uleb128 0x1
 1442 0017 50       		.byte	0x50
 1443 0018 9F       		.byte	0x9f
 1444 0019 00000000 		.4byte	0
 1445 001d 00000000 		.4byte	0
 1446              	.LLST1:
 1447 0021 04000000 		.4byte	.LVL5
 1448 0025 06000000 		.4byte	.LVL6
 1449 0029 0500     		.2byte	0x5
 1450 002b 70       		.byte	0x70
 1451 002c 00       		.sleb128 0
 1452 002d 35       		.byte	0x35
 1453 002e 25       		.byte	0x25
 1454 002f 9F       		.byte	0x9f
 1455 0030 00000000 		.4byte	0
ARM GAS  C:\Users\Thomas\AppData\Local\Temp\ccGBEeu2.s 			page 34


 1456 0034 00000000 		.4byte	0
 1457              	.LLST2:
 1458 0038 00000000 		.4byte	.LVL11
 1459 003c 07000000 		.4byte	.LVL12-1
 1460 0040 0100     		.2byte	0x1
 1461 0042 50       		.byte	0x50
 1462 0043 07000000 		.4byte	.LVL12-1
 1463 0047 1A000000 		.4byte	.LFE64
 1464 004b 0100     		.2byte	0x1
 1465 004d 54       		.byte	0x54
 1466 004e 00000000 		.4byte	0
 1467 0052 00000000 		.4byte	0
 1468              		.section	.debug_aranges,"",%progbits
 1469 0000 7C000000 		.4byte	0x7c
 1470 0004 0200     		.2byte	0x2
 1471 0006 00000000 		.4byte	.Ldebug_info0
 1472 000a 04       		.byte	0x4
 1473 000b 00       		.byte	0
 1474 000c 0000     		.2byte	0
 1475 000e 0000     		.2byte	0
 1476 0010 00000000 		.4byte	.LFB66
 1477 0014 84000000 		.4byte	.LFE66-.LFB66
 1478 0018 00000000 		.4byte	.LFB67
 1479 001c 0C000000 		.4byte	.LFE67-.LFB67
 1480 0020 00000000 		.4byte	.LFB68
 1481 0024 0C000000 		.4byte	.LFE68-.LFB68
 1482 0028 00000000 		.4byte	.LFB69
 1483 002c 10000000 		.4byte	.LFE69-.LFB69
 1484 0030 00000000 		.4byte	.LFB70
 1485 0034 0C000000 		.4byte	.LFE70-.LFB70
 1486 0038 00000000 		.4byte	.LFB71
 1487 003c 0C000000 		.4byte	.LFE71-.LFB71
 1488 0040 00000000 		.4byte	.LFB72
 1489 0044 18000000 		.4byte	.LFE72-.LFB72
 1490 0048 00000000 		.4byte	.LFB73
 1491 004c 0C000000 		.4byte	.LFE73-.LFB73
 1492 0050 00000000 		.4byte	.LFB63
 1493 0054 1C000000 		.4byte	.LFE63-.LFB63
 1494 0058 00000000 		.4byte	.LFB64
 1495 005c 1A000000 		.4byte	.LFE64-.LFB64
 1496 0060 00000000 		.4byte	.LFB65
 1497 0064 14000000 		.4byte	.LFE65-.LFB65
 1498 0068 00000000 		.4byte	.LFB74
 1499 006c 0C000000 		.4byte	.LFE74-.LFB74
 1500 0070 00000000 		.4byte	.LFB75
 1501 0074 0C000000 		.4byte	.LFE75-.LFB75
 1502 0078 00000000 		.4byte	0
 1503 007c 00000000 		.4byte	0
 1504              		.section	.debug_ranges,"",%progbits
 1505              	.Ldebug_ranges0:
 1506 0000 00000000 		.4byte	.LFB66
 1507 0004 84000000 		.4byte	.LFE66
 1508 0008 00000000 		.4byte	.LFB67
 1509 000c 0C000000 		.4byte	.LFE67
 1510 0010 00000000 		.4byte	.LFB68
 1511 0014 0C000000 		.4byte	.LFE68
 1512 0018 00000000 		.4byte	.LFB69
ARM GAS  C:\Users\Thomas\AppData\Local\Temp\ccGBEeu2.s 			page 35


 1513 001c 10000000 		.4byte	.LFE69
 1514 0020 00000000 		.4byte	.LFB70
 1515 0024 0C000000 		.4byte	.LFE70
 1516 0028 00000000 		.4byte	.LFB71
 1517 002c 0C000000 		.4byte	.LFE71
 1518 0030 00000000 		.4byte	.LFB72
 1519 0034 18000000 		.4byte	.LFE72
 1520 0038 00000000 		.4byte	.LFB73
 1521 003c 0C000000 		.4byte	.LFE73
 1522 0040 00000000 		.4byte	.LFB63
 1523 0044 1C000000 		.4byte	.LFE63
 1524 0048 00000000 		.4byte	.LFB64
 1525 004c 1A000000 		.4byte	.LFE64
 1526 0050 00000000 		.4byte	.LFB65
 1527 0054 14000000 		.4byte	.LFE65
 1528 0058 00000000 		.4byte	.LFB74
 1529 005c 0C000000 		.4byte	.LFE74
 1530 0060 00000000 		.4byte	.LFB75
 1531 0064 0C000000 		.4byte	.LFE75
 1532 0068 00000000 		.4byte	0
 1533 006c 00000000 		.4byte	0
 1534              		.section	.debug_line,"",%progbits
 1535              	.Ldebug_line0:
 1536 0000 74020000 		.section	.debug_str,"MS",%progbits,1
 1536      02007301 
 1536      00000201 
 1536      FB0E0D00 
 1536      01010101 
 1537              	.LASF46:
 1538 0000 64697361 		.ascii	"disable_timer\000"
 1538      626C655F 
 1538      74696D65 
 1538      7200
 1539              	.LASF19:
 1540 000e 72656733 		.ascii	"reg32\000"
 1540      3200
 1541              	.LASF48:
 1542 0014 77696E64 		.ascii	"window_off\000"
 1542      6F775F6F 
 1542      666600
 1543              	.LASF29:
 1544 001f 50315F54 		.ascii	"P1_TimerIRQ_Enable\000"
 1544      696D6572 
 1544      4952515F 
 1544      456E6162 
 1544      6C6500
 1545              	.LASF11:
 1546 0032 5F5F696E 		.ascii	"__int32_t\000"
 1546      7433325F 
 1546      7400
 1547              	.LASF52:
 1548 003c 72657175 		.ascii	"request\000"
 1548      65737400 
 1549              	.LASF50:
 1550 0044 706F7274 		.ascii	"ports\000"
 1550      7300
 1551              	.LASF4:
ARM GAS  C:\Users\Thomas\AppData\Local\Temp\ccGBEeu2.s 			page 36


 1552 004a 73686F72 		.ascii	"short unsigned int\000"
 1552      7420756E 
 1552      7369676E 
 1552      65642069 
 1552      6E7400
 1553              	.LASF30:
 1554 005d 50315F54 		.ascii	"P1_TimerIRQ_Disable\000"
 1554      696D6572 
 1554      4952515F 
 1554      44697361 
 1554      626C6500 
 1555              	.LASF23:
 1556 0071 50315F54 		.ascii	"P1_TimerIRQ_SetPriority\000"
 1556      696D6572 
 1556      4952515F 
 1556      53657450 
 1556      72696F72 
 1557              	.LASF34:
 1558 0089 50315F54 		.ascii	"P1_TimerIRQ_SetPending\000"
 1558      696D6572 
 1558      4952515F 
 1558      53657450 
 1558      656E6469 
 1559              	.LASF31:
 1560 00a0 50315F54 		.ascii	"P1_TimerIRQ_Start\000"
 1560      696D6572 
 1560      4952515F 
 1560      53746172 
 1560      7400
 1561              	.LASF16:
 1562 00b2 666C6F61 		.ascii	"float\000"
 1562      7400
 1563              	.LASF41:
 1564 00b8 64617461 		.ascii	"data\000"
 1564      00
 1565              	.LASF54:
 1566 00bd 2E5C4765 		.ascii	".\\Generated_Source\\PSoC5\\P1_TimerIRQ.c\000"
 1566      6E657261 
 1566      7465645F 
 1566      536F7572 
 1566      63655C50 
 1567              	.LASF2:
 1568 00e4 756E7369 		.ascii	"unsigned char\000"
 1568      676E6564 
 1568      20636861 
 1568      7200
 1569              	.LASF42:
 1570 00f2 696E7075 		.ascii	"input\000"
 1570      7400
 1571              	.LASF18:
 1572 00f8 72656738 		.ascii	"reg8\000"
 1572      00
 1573              	.LASF43:
 1574 00fd 72656164 		.ascii	"ready\000"
 1574      7900
 1575              	.LASF35:
 1576 0103 50315F54 		.ascii	"P1_TimerIRQ_ClearPending\000"
ARM GAS  C:\Users\Thomas\AppData\Local\Temp\ccGBEeu2.s 			page 37


 1576      696D6572 
 1576      4952515F 
 1576      436C6561 
 1576      7250656E 
 1577              	.LASF27:
 1578 011c 50315F54 		.ascii	"P1_TimerIRQ_GetPriority\000"
 1578      696D6572 
 1578      4952515F 
 1578      47657450 
 1578      72696F72 
 1579              	.LASF22:
 1580 0134 50315F54 		.ascii	"P1_TimerIRQ_SetVector\000"
 1580      696D6572 
 1580      4952515F 
 1580      53657456 
 1580      6563746F 
 1581              	.LASF36:
 1582 014a 49544D5F 		.ascii	"ITM_RxBuffer\000"
 1582      52784275 
 1582      66666572 
 1582      00
 1583              	.LASF6:
 1584 0157 6C6F6E67 		.ascii	"long unsigned int\000"
 1584      20756E73 
 1584      69676E65 
 1584      6420696E 
 1584      7400
 1585              	.LASF33:
 1586 0169 50315F54 		.ascii	"P1_TimerIRQ_Stop\000"
 1586      696D6572 
 1586      4952515F 
 1586      53746F70 
 1586      00
 1587              	.LASF55:
 1588 017a 433A5C55 		.ascii	"C:\\Users\\Thomas\\Documents\\PSoC Creator\\TASBot\\"
 1588      73657273 
 1588      5C54686F 
 1588      6D61735C 
 1588      446F6375 
 1589 01a8 54415342 		.ascii	"TASBot.cydsn\000"
 1589      6F742E63 
 1589      7964736E 
 1589      00
 1590              	.LASF25:
 1591 01b5 7072696F 		.ascii	"priority\000"
 1591      72697479 
 1591      00
 1592              	.LASF14:
 1593 01be 75696E74 		.ascii	"uint16\000"
 1593      313600
 1594              	.LASF15:
 1595 01c5 75696E74 		.ascii	"uint32\000"
 1595      333200
 1596              	.LASF53:
 1597 01cc 474E5520 		.ascii	"GNU C 4.9.3 20150303 (release) [ARM/embedded-4_9-br"
 1597      4320342E 
 1597      392E3320 
ARM GAS  C:\Users\Thomas\AppData\Local\Temp\ccGBEeu2.s 			page 38


 1597      32303135 
 1597      30333033 
 1598 01ff 616E6368 		.ascii	"anch revision 221220] -mcpu=cortex-m3 -mthumb -g -O"
 1598      20726576 
 1598      6973696F 
 1598      6E203232 
 1598      31323230 
 1599 0232 67202D66 		.ascii	"g -ffunction-sections -ffat-lto-objects\000"
 1599      66756E63 
 1599      74696F6E 
 1599      2D736563 
 1599      74696F6E 
 1600              	.LASF0:
 1601 025a 756E7369 		.ascii	"unsigned int\000"
 1601      676E6564 
 1601      20696E74 
 1601      00
 1602              	.LASF24:
 1603 0267 61646472 		.ascii	"address\000"
 1603      65737300 
 1604              	.LASF8:
 1605 026f 6C6F6E67 		.ascii	"long long unsigned int\000"
 1605      206C6F6E 
 1605      6720756E 
 1605      7369676E 
 1605      65642069 
 1606              	.LASF20:
 1607 0286 63796973 		.ascii	"cyisraddress\000"
 1607      72616464 
 1607      72657373 
 1607      00
 1608              	.LASF17:
 1609 0293 646F7562 		.ascii	"double\000"
 1609      6C6500
 1610              	.LASF12:
 1611 029a 696E7433 		.ascii	"int32_t\000"
 1611      325F7400 
 1612              	.LASF9:
 1613 02a2 73697A65 		.ascii	"sizetype\000"
 1613      74797065 
 1613      00
 1614              	.LASF37:
 1615 02ab 73656E74 		.ascii	"sent\000"
 1615      00
 1616              	.LASF7:
 1617 02b0 6C6F6E67 		.ascii	"long long int\000"
 1617      206C6F6E 
 1617      6720696E 
 1617      7400
 1618              	.LASF40:
 1619 02be 6275665F 		.ascii	"buf_ptr\000"
 1619      70747200 
 1620              	.LASF10:
 1621 02c6 63686172 		.ascii	"char\000"
 1621      00
 1622              	.LASF38:
 1623 02cb 706C6179 		.ascii	"playing\000"
ARM GAS  C:\Users\Thomas\AppData\Local\Temp\ccGBEeu2.s 			page 39


 1623      696E6700 
 1624              	.LASF44:
 1625 02d3 74696D65 		.ascii	"timer_ready\000"
 1625      725F7265 
 1625      61647900 
 1626              	.LASF32:
 1627 02df 50315F54 		.ascii	"P1_TimerIRQ_StartEx\000"
 1627      696D6572 
 1627      4952515F 
 1627      53746172 
 1627      74457800 
 1628              	.LASF26:
 1629 02f3 50315F54 		.ascii	"P1_TimerIRQ_GetVector\000"
 1629      696D6572 
 1629      4952515F 
 1629      47657456 
 1629      6563746F 
 1630              	.LASF3:
 1631 0309 73686F72 		.ascii	"short int\000"
 1631      7420696E 
 1631      7400
 1632              	.LASF56:
 1633 0313 50315F54 		.ascii	"P1_TimerIRQ_GetState\000"
 1633      696D6572 
 1633      4952515F 
 1633      47657453 
 1633      74617465 
 1634              	.LASF13:
 1635 0328 75696E74 		.ascii	"uint8\000"
 1635      3800
 1636              	.LASF21:
 1637 032e 72616D56 		.ascii	"ramVectorTable\000"
 1637      6563746F 
 1637      72546162 
 1637      6C6500
 1638              	.LASF51:
 1639 033d 6C696E65 		.ascii	"lines\000"
 1639      7300
 1640              	.LASF5:
 1641 0343 6C6F6E67 		.ascii	"long int\000"
 1641      20696E74 
 1641      00
 1642              	.LASF45:
 1643 034c 7573655F 		.ascii	"use_timer\000"
 1643      74696D65 
 1643      7200
 1644              	.LASF47:
 1645 0356 62797465 		.ascii	"bytes\000"
 1645      7300
 1646              	.LASF39:
 1647 035c 696E7075 		.ascii	"input_ptr\000"
 1647      745F7074 
 1647      7200
 1648              	.LASF1:
 1649 0366 7369676E 		.ascii	"signed char\000"
 1649      65642063 
 1649      68617200 
ARM GAS  C:\Users\Thomas\AppData\Local\Temp\ccGBEeu2.s 			page 40


 1650              	.LASF28:
 1651 0372 50315F54 		.ascii	"P1_TimerIRQ_Interrupt\000"
 1651      696D6572 
 1651      4952515F 
 1651      496E7465 
 1651      72727570 
 1652              	.LASF49:
 1653 0388 6C617463 		.ascii	"latches\000"
 1653      68657300 
 1654              		.ident	"GCC: (GNU Tools for ARM Embedded Processors) 4.9.3 20150303 (release) [ARM/embedded-4_9-br
