ARM GAS  C:\Users\Thomas\AppData\Local\Temp\ccrxdbUH.s 			page 1


   1              		.syntax unified
   2              		.cpu cortex-m3
   3              		.fpu softvfp
   4              		.eabi_attribute 20, 1
   5              		.eabi_attribute 21, 1
   6              		.eabi_attribute 23, 3
   7              		.eabi_attribute 24, 1
   8              		.eabi_attribute 25, 1
   9              		.eabi_attribute 26, 1
  10              		.eabi_attribute 30, 1
  11              		.eabi_attribute 34, 1
  12              		.eabi_attribute 18, 4
  13              		.thumb
  14              		.file	"USBUART_1_vnd.c"
  15              		.text
  16              	.Ltext0:
  17              		.cfi_sections	.debug_frame
  18              		.section	.text.USBUART_1_HandleVendorRqst,"ax",%progbits
  19              		.align	2
  20              		.global	USBUART_1_HandleVendorRqst
  21              		.thumb
  22              		.thumb_func
  23              		.type	USBUART_1_HandleVendorRqst, %function
  24              	USBUART_1_HandleVendorRqst:
  25              	.LFB0:
  26              		.file 1 ".\\Generated_Source\\PSoC5\\USBUART_1_vnd.c"
   1:.\Generated_Source\PSoC5/USBUART_1_vnd.c **** /***************************************************************************//**
   2:.\Generated_Source\PSoC5/USBUART_1_vnd.c **** * \file USBUART_1_vnd.c
   3:.\Generated_Source\PSoC5/USBUART_1_vnd.c **** * \version 3.0
   4:.\Generated_Source\PSoC5/USBUART_1_vnd.c **** *
   5:.\Generated_Source\PSoC5/USBUART_1_vnd.c **** * \brief
   6:.\Generated_Source\PSoC5/USBUART_1_vnd.c **** *  This file contains the  USB vendor request handler.
   7:.\Generated_Source\PSoC5/USBUART_1_vnd.c **** *
   8:.\Generated_Source\PSoC5/USBUART_1_vnd.c **** ********************************************************************************
   9:.\Generated_Source\PSoC5/USBUART_1_vnd.c **** * \copyright
  10:.\Generated_Source\PSoC5/USBUART_1_vnd.c **** * Copyright 2008-2015, Cypress Semiconductor Corporation.  All rights reserved.
  11:.\Generated_Source\PSoC5/USBUART_1_vnd.c **** * You may use this file only in accordance with the license, terms, conditions,
  12:.\Generated_Source\PSoC5/USBUART_1_vnd.c **** * disclaimers, and limitations in the end user license agreement accompanying
  13:.\Generated_Source\PSoC5/USBUART_1_vnd.c **** * the software package with which this file was provided.
  14:.\Generated_Source\PSoC5/USBUART_1_vnd.c **** *******************************************************************************/
  15:.\Generated_Source\PSoC5/USBUART_1_vnd.c **** 
  16:.\Generated_Source\PSoC5/USBUART_1_vnd.c **** #include "USBUART_1_pvt.h"
  17:.\Generated_Source\PSoC5/USBUART_1_vnd.c **** #include "cyapicallbacks.h"
  18:.\Generated_Source\PSoC5/USBUART_1_vnd.c **** 
  19:.\Generated_Source\PSoC5/USBUART_1_vnd.c **** #if(USBUART_1_EXTERN_VND == USBUART_1_FALSE)
  20:.\Generated_Source\PSoC5/USBUART_1_vnd.c **** 
  21:.\Generated_Source\PSoC5/USBUART_1_vnd.c **** /***************************************
  22:.\Generated_Source\PSoC5/USBUART_1_vnd.c **** * Vendor Specific Declarations
  23:.\Generated_Source\PSoC5/USBUART_1_vnd.c **** ***************************************/
  24:.\Generated_Source\PSoC5/USBUART_1_vnd.c **** 
  25:.\Generated_Source\PSoC5/USBUART_1_vnd.c **** /* `#START VENDOR_SPECIFIC_DECLARATIONS` Place your declaration here */
  26:.\Generated_Source\PSoC5/USBUART_1_vnd.c **** 
  27:.\Generated_Source\PSoC5/USBUART_1_vnd.c **** /* `#END` */
  28:.\Generated_Source\PSoC5/USBUART_1_vnd.c **** 
  29:.\Generated_Source\PSoC5/USBUART_1_vnd.c **** 
  30:.\Generated_Source\PSoC5/USBUART_1_vnd.c **** /*******************************************************************************
  31:.\Generated_Source\PSoC5/USBUART_1_vnd.c **** * Function Name: USBUART_1_HandleVendorRqst
ARM GAS  C:\Users\Thomas\AppData\Local\Temp\ccrxdbUH.s 			page 2


  32:.\Generated_Source\PSoC5/USBUART_1_vnd.c **** ****************************************************************************//**
  33:.\Generated_Source\PSoC5/USBUART_1_vnd.c **** *
  34:.\Generated_Source\PSoC5/USBUART_1_vnd.c **** *  This routine provide users with a method to implement vendor specific
  35:.\Generated_Source\PSoC5/USBUART_1_vnd.c **** *  requests.
  36:.\Generated_Source\PSoC5/USBUART_1_vnd.c **** *
  37:.\Generated_Source\PSoC5/USBUART_1_vnd.c **** *  To implement vendor specific requests, add your code in this function to
  38:.\Generated_Source\PSoC5/USBUART_1_vnd.c **** *  decode and disposition the request.  If the request is handled, your code
  39:.\Generated_Source\PSoC5/USBUART_1_vnd.c **** *  must set the variable "requestHandled" to TRUE, indicating that the
  40:.\Generated_Source\PSoC5/USBUART_1_vnd.c **** *  request has been handled.
  41:.\Generated_Source\PSoC5/USBUART_1_vnd.c **** *
  42:.\Generated_Source\PSoC5/USBUART_1_vnd.c **** * \return
  43:.\Generated_Source\PSoC5/USBUART_1_vnd.c **** *  requestHandled.
  44:.\Generated_Source\PSoC5/USBUART_1_vnd.c **** *
  45:.\Generated_Source\PSoC5/USBUART_1_vnd.c **** * \reentrant
  46:.\Generated_Source\PSoC5/USBUART_1_vnd.c **** *  No.
  47:.\Generated_Source\PSoC5/USBUART_1_vnd.c **** *
  48:.\Generated_Source\PSoC5/USBUART_1_vnd.c **** *******************************************************************************/
  49:.\Generated_Source\PSoC5/USBUART_1_vnd.c **** uint8 USBUART_1_HandleVendorRqst(void) 
  50:.\Generated_Source\PSoC5/USBUART_1_vnd.c **** {
  27              		.loc 1 50 0
  28              		.cfi_startproc
  29              		@ args = 0, pretend = 0, frame = 0
  30              		@ frame_needed = 0, uses_anonymous_args = 0
  31              		@ link register save eliminated.
  32              	.LVL0:
  51:.\Generated_Source\PSoC5/USBUART_1_vnd.c ****     uint8 requestHandled = USBUART_1_FALSE;
  52:.\Generated_Source\PSoC5/USBUART_1_vnd.c **** 
  53:.\Generated_Source\PSoC5/USBUART_1_vnd.c ****     /* Check request direction: D2H or H2D. */
  54:.\Generated_Source\PSoC5/USBUART_1_vnd.c ****     if (0u != (USBUART_1_bmRequestTypeReg & USBUART_1_RQST_DIR_D2H))
  33              		.loc 1 54 0
  34 0000 044B     		ldr	r3, .L3
  35 0002 1B78     		ldrb	r3, [r3]	@ zero_extendqisi2
  36 0004 13F0800F 		tst	r3, #128
  37 0008 01D0     		beq	.L2
  55:.\Generated_Source\PSoC5/USBUART_1_vnd.c ****     {
  56:.\Generated_Source\PSoC5/USBUART_1_vnd.c ****         /* Handle direction from device to host. */
  57:.\Generated_Source\PSoC5/USBUART_1_vnd.c ****         
  58:.\Generated_Source\PSoC5/USBUART_1_vnd.c ****         switch (USBUART_1_bRequestReg)
  38              		.loc 1 58 0
  39 000a 024B     		ldr	r3, .L3
  40 000c 5B78     		ldrb	r3, [r3, #1]	@ zero_extendqisi2
  41              	.L2:
  59:.\Generated_Source\PSoC5/USBUART_1_vnd.c ****         {
  60:.\Generated_Source\PSoC5/USBUART_1_vnd.c ****             case USBUART_1_GET_EXTENDED_CONFIG_DESCRIPTOR:
  61:.\Generated_Source\PSoC5/USBUART_1_vnd.c ****             #if defined(USBUART_1_ENABLE_MSOS_STRING)
  62:.\Generated_Source\PSoC5/USBUART_1_vnd.c ****                 USBUART_1_currentTD.pData = (volatile uint8 *) &USBUART_1_MSOS_CONFIGURATION_DESCR[
  63:.\Generated_Source\PSoC5/USBUART_1_vnd.c ****                 USBUART_1_currentTD.count = USBUART_1_MSOS_CONFIGURATION_DESCR[0u];
  64:.\Generated_Source\PSoC5/USBUART_1_vnd.c ****                 requestHandled  = USBUART_1_InitControlRead();
  65:.\Generated_Source\PSoC5/USBUART_1_vnd.c ****             #endif /* (USBUART_1_ENABLE_MSOS_STRING) */
  66:.\Generated_Source\PSoC5/USBUART_1_vnd.c ****                 break;
  67:.\Generated_Source\PSoC5/USBUART_1_vnd.c ****             
  68:.\Generated_Source\PSoC5/USBUART_1_vnd.c ****             default:
  69:.\Generated_Source\PSoC5/USBUART_1_vnd.c ****                 break;
  70:.\Generated_Source\PSoC5/USBUART_1_vnd.c ****         }
  71:.\Generated_Source\PSoC5/USBUART_1_vnd.c ****     }
  72:.\Generated_Source\PSoC5/USBUART_1_vnd.c **** 
  73:.\Generated_Source\PSoC5/USBUART_1_vnd.c ****     /* `#START VENDOR_SPECIFIC_CODE` Place your vendor specific request here */
ARM GAS  C:\Users\Thomas\AppData\Local\Temp\ccrxdbUH.s 			page 3


  74:.\Generated_Source\PSoC5/USBUART_1_vnd.c **** 
  75:.\Generated_Source\PSoC5/USBUART_1_vnd.c ****     /* `#END` */
  76:.\Generated_Source\PSoC5/USBUART_1_vnd.c **** 
  77:.\Generated_Source\PSoC5/USBUART_1_vnd.c **** #ifdef USBUART_1_HANDLE_VENDOR_RQST_CALLBACK
  78:.\Generated_Source\PSoC5/USBUART_1_vnd.c ****     if (USBUART_1_FALSE == requestHandled)
  79:.\Generated_Source\PSoC5/USBUART_1_vnd.c ****     {
  80:.\Generated_Source\PSoC5/USBUART_1_vnd.c ****         requestHandled = USBUART_1_HandleVendorRqst_Callback();
  81:.\Generated_Source\PSoC5/USBUART_1_vnd.c ****     }
  82:.\Generated_Source\PSoC5/USBUART_1_vnd.c **** #endif /* (USBUART_1_HANDLE_VENDOR_RQST_CALLBACK) */
  83:.\Generated_Source\PSoC5/USBUART_1_vnd.c **** 
  84:.\Generated_Source\PSoC5/USBUART_1_vnd.c ****     return (requestHandled);
  85:.\Generated_Source\PSoC5/USBUART_1_vnd.c **** }
  42              		.loc 1 85 0
  43 000e 0020     		movs	r0, #0
  44 0010 7047     		bx	lr
  45              	.L4:
  46 0012 00BF     		.align	2
  47              	.L3:
  48 0014 00600040 		.word	1073766400
  49              		.cfi_endproc
  50              	.LFE0:
  51              		.size	USBUART_1_HandleVendorRqst, .-USBUART_1_HandleVendorRqst
  52              		.text
  53              	.Letext0:
  54              		.file 2 ".\\Generated_Source\\PSoC5\\cytypes.h"
  55              		.file 3 ".\\Generated_Source\\PSoC5\\USBUART_1.h"
  56              		.section	.debug_info,"",%progbits
  57              	.Ldebug_info0:
  58 0000 E2000000 		.4byte	0xe2
  59 0004 0400     		.2byte	0x4
  60 0006 00000000 		.4byte	.Ldebug_abbrev0
  61 000a 04       		.byte	0x4
  62 000b 01       		.uleb128 0x1
  63 000c 3B010000 		.4byte	.LASF15
  64 0010 01       		.byte	0x1
  65 0011 7A000000 		.4byte	.LASF16
  66 0015 E1000000 		.4byte	.LASF17
  67 0019 00000000 		.4byte	.Ldebug_ranges0+0
  68 001d 00000000 		.4byte	0
  69 0021 00000000 		.4byte	.Ldebug_line0
  70 0025 02       		.uleb128 0x2
  71 0026 01       		.byte	0x1
  72 0027 06       		.byte	0x6
  73 0028 2F010000 		.4byte	.LASF0
  74 002c 02       		.uleb128 0x2
  75 002d 01       		.byte	0x1
  76 002e 08       		.byte	0x8
  77 002f A3000000 		.4byte	.LASF1
  78 0033 02       		.uleb128 0x2
  79 0034 02       		.byte	0x2
  80 0035 05       		.byte	0x5
  81 0036 CF010000 		.4byte	.LASF2
  82 003a 02       		.uleb128 0x2
  83 003b 02       		.byte	0x2
  84 003c 07       		.byte	0x7
  85 003d 1C010000 		.4byte	.LASF3
  86 0041 02       		.uleb128 0x2
ARM GAS  C:\Users\Thomas\AppData\Local\Temp\ccrxdbUH.s 			page 4


  87 0042 04       		.byte	0x4
  88 0043 05       		.byte	0x5
  89 0044 D1000000 		.4byte	.LASF4
  90 0048 02       		.uleb128 0x2
  91 0049 04       		.byte	0x4
  92 004a 07       		.byte	0x7
  93 004b 42000000 		.4byte	.LASF5
  94 004f 02       		.uleb128 0x2
  95 0050 08       		.byte	0x8
  96 0051 05       		.byte	0x5
  97 0052 00000000 		.4byte	.LASF6
  98 0056 02       		.uleb128 0x2
  99 0057 08       		.byte	0x8
 100 0058 07       		.byte	0x7
 101 0059 63000000 		.4byte	.LASF7
 102 005d 03       		.uleb128 0x3
 103 005e 04       		.byte	0x4
 104 005f 05       		.byte	0x5
 105 0060 696E7400 		.ascii	"int\000"
 106 0064 02       		.uleb128 0x2
 107 0065 04       		.byte	0x4
 108 0066 07       		.byte	0x7
 109 0067 15000000 		.4byte	.LASF8
 110 006b 04       		.uleb128 0x4
 111 006c 3C000000 		.4byte	.LASF13
 112 0070 02       		.byte	0x2
 113 0071 3801     		.2byte	0x138
 114 0073 2C000000 		.4byte	0x2c
 115 0077 02       		.uleb128 0x2
 116 0078 04       		.byte	0x4
 117 0079 04       		.byte	0x4
 118 007a C9010000 		.4byte	.LASF9
 119 007e 02       		.uleb128 0x2
 120 007f 08       		.byte	0x8
 121 0080 04       		.byte	0x4
 122 0081 DA000000 		.4byte	.LASF10
 123 0085 02       		.uleb128 0x2
 124 0086 01       		.byte	0x1
 125 0087 08       		.byte	0x8
 126 0088 B1000000 		.4byte	.LASF11
 127 008c 02       		.uleb128 0x2
 128 008d 04       		.byte	0x4
 129 008e 07       		.byte	0x7
 130 008f D9010000 		.4byte	.LASF12
 131 0093 05       		.uleb128 0x5
 132 0094 08       		.byte	0x8
 133 0095 03       		.byte	0x3
 134 0096 C5       		.byte	0xc5
 135 0097 A8000000 		.4byte	0xa8
 136 009b 06       		.uleb128 0x6
 137 009c 0E000000 		.4byte	.LASF18
 138 00a0 03       		.byte	0x3
 139 00a1 C7       		.byte	0xc7
 140 00a2 A8000000 		.4byte	0xa8
 141 00a6 00       		.byte	0
 142 00a7 00       		.byte	0
 143 00a8 07       		.uleb128 0x7
ARM GAS  C:\Users\Thomas\AppData\Local\Temp\ccrxdbUH.s 			page 5


 144 00a9 6B000000 		.4byte	0x6b
 145 00ad B8000000 		.4byte	0xb8
 146 00b1 08       		.uleb128 0x8
 147 00b2 8C000000 		.4byte	0x8c
 148 00b6 07       		.byte	0x7
 149 00b7 00       		.byte	0
 150 00b8 09       		.uleb128 0x9
 151 00b9 22000000 		.4byte	.LASF14
 152 00bd 03       		.byte	0x3
 153 00be C8       		.byte	0xc8
 154 00bf 93000000 		.4byte	0x93
 155 00c3 0A       		.uleb128 0xa
 156 00c4 B6000000 		.4byte	.LASF19
 157 00c8 01       		.byte	0x1
 158 00c9 31       		.byte	0x31
 159 00ca 6B000000 		.4byte	0x6b
 160 00ce 00000000 		.4byte	.LFB0
 161 00d2 18000000 		.4byte	.LFE0-.LFB0
 162 00d6 01       		.uleb128 0x1
 163 00d7 9C       		.byte	0x9c
 164 00d8 0B       		.uleb128 0xb
 165 00d9 54000000 		.4byte	.LASF20
 166 00dd 01       		.byte	0x1
 167 00de 33       		.byte	0x33
 168 00df 6B000000 		.4byte	0x6b
 169 00e3 00       		.byte	0
 170 00e4 00       		.byte	0
 171 00e5 00       		.byte	0
 172              		.section	.debug_abbrev,"",%progbits
 173              	.Ldebug_abbrev0:
 174 0000 01       		.uleb128 0x1
 175 0001 11       		.uleb128 0x11
 176 0002 01       		.byte	0x1
 177 0003 25       		.uleb128 0x25
 178 0004 0E       		.uleb128 0xe
 179 0005 13       		.uleb128 0x13
 180 0006 0B       		.uleb128 0xb
 181 0007 03       		.uleb128 0x3
 182 0008 0E       		.uleb128 0xe
 183 0009 1B       		.uleb128 0x1b
 184 000a 0E       		.uleb128 0xe
 185 000b 55       		.uleb128 0x55
 186 000c 17       		.uleb128 0x17
 187 000d 11       		.uleb128 0x11
 188 000e 01       		.uleb128 0x1
 189 000f 10       		.uleb128 0x10
 190 0010 17       		.uleb128 0x17
 191 0011 00       		.byte	0
 192 0012 00       		.byte	0
 193 0013 02       		.uleb128 0x2
 194 0014 24       		.uleb128 0x24
 195 0015 00       		.byte	0
 196 0016 0B       		.uleb128 0xb
 197 0017 0B       		.uleb128 0xb
 198 0018 3E       		.uleb128 0x3e
 199 0019 0B       		.uleb128 0xb
 200 001a 03       		.uleb128 0x3
ARM GAS  C:\Users\Thomas\AppData\Local\Temp\ccrxdbUH.s 			page 6


 201 001b 0E       		.uleb128 0xe
 202 001c 00       		.byte	0
 203 001d 00       		.byte	0
 204 001e 03       		.uleb128 0x3
 205 001f 24       		.uleb128 0x24
 206 0020 00       		.byte	0
 207 0021 0B       		.uleb128 0xb
 208 0022 0B       		.uleb128 0xb
 209 0023 3E       		.uleb128 0x3e
 210 0024 0B       		.uleb128 0xb
 211 0025 03       		.uleb128 0x3
 212 0026 08       		.uleb128 0x8
 213 0027 00       		.byte	0
 214 0028 00       		.byte	0
 215 0029 04       		.uleb128 0x4
 216 002a 16       		.uleb128 0x16
 217 002b 00       		.byte	0
 218 002c 03       		.uleb128 0x3
 219 002d 0E       		.uleb128 0xe
 220 002e 3A       		.uleb128 0x3a
 221 002f 0B       		.uleb128 0xb
 222 0030 3B       		.uleb128 0x3b
 223 0031 05       		.uleb128 0x5
 224 0032 49       		.uleb128 0x49
 225 0033 13       		.uleb128 0x13
 226 0034 00       		.byte	0
 227 0035 00       		.byte	0
 228 0036 05       		.uleb128 0x5
 229 0037 13       		.uleb128 0x13
 230 0038 01       		.byte	0x1
 231 0039 0B       		.uleb128 0xb
 232 003a 0B       		.uleb128 0xb
 233 003b 3A       		.uleb128 0x3a
 234 003c 0B       		.uleb128 0xb
 235 003d 3B       		.uleb128 0x3b
 236 003e 0B       		.uleb128 0xb
 237 003f 01       		.uleb128 0x1
 238 0040 13       		.uleb128 0x13
 239 0041 00       		.byte	0
 240 0042 00       		.byte	0
 241 0043 06       		.uleb128 0x6
 242 0044 0D       		.uleb128 0xd
 243 0045 00       		.byte	0
 244 0046 03       		.uleb128 0x3
 245 0047 0E       		.uleb128 0xe
 246 0048 3A       		.uleb128 0x3a
 247 0049 0B       		.uleb128 0xb
 248 004a 3B       		.uleb128 0x3b
 249 004b 0B       		.uleb128 0xb
 250 004c 49       		.uleb128 0x49
 251 004d 13       		.uleb128 0x13
 252 004e 38       		.uleb128 0x38
 253 004f 0B       		.uleb128 0xb
 254 0050 00       		.byte	0
 255 0051 00       		.byte	0
 256 0052 07       		.uleb128 0x7
 257 0053 01       		.uleb128 0x1
ARM GAS  C:\Users\Thomas\AppData\Local\Temp\ccrxdbUH.s 			page 7


 258 0054 01       		.byte	0x1
 259 0055 49       		.uleb128 0x49
 260 0056 13       		.uleb128 0x13
 261 0057 01       		.uleb128 0x1
 262 0058 13       		.uleb128 0x13
 263 0059 00       		.byte	0
 264 005a 00       		.byte	0
 265 005b 08       		.uleb128 0x8
 266 005c 21       		.uleb128 0x21
 267 005d 00       		.byte	0
 268 005e 49       		.uleb128 0x49
 269 005f 13       		.uleb128 0x13
 270 0060 2F       		.uleb128 0x2f
 271 0061 0B       		.uleb128 0xb
 272 0062 00       		.byte	0
 273 0063 00       		.byte	0
 274 0064 09       		.uleb128 0x9
 275 0065 16       		.uleb128 0x16
 276 0066 00       		.byte	0
 277 0067 03       		.uleb128 0x3
 278 0068 0E       		.uleb128 0xe
 279 0069 3A       		.uleb128 0x3a
 280 006a 0B       		.uleb128 0xb
 281 006b 3B       		.uleb128 0x3b
 282 006c 0B       		.uleb128 0xb
 283 006d 49       		.uleb128 0x49
 284 006e 13       		.uleb128 0x13
 285 006f 00       		.byte	0
 286 0070 00       		.byte	0
 287 0071 0A       		.uleb128 0xa
 288 0072 2E       		.uleb128 0x2e
 289 0073 01       		.byte	0x1
 290 0074 3F       		.uleb128 0x3f
 291 0075 19       		.uleb128 0x19
 292 0076 03       		.uleb128 0x3
 293 0077 0E       		.uleb128 0xe
 294 0078 3A       		.uleb128 0x3a
 295 0079 0B       		.uleb128 0xb
 296 007a 3B       		.uleb128 0x3b
 297 007b 0B       		.uleb128 0xb
 298 007c 27       		.uleb128 0x27
 299 007d 19       		.uleb128 0x19
 300 007e 49       		.uleb128 0x49
 301 007f 13       		.uleb128 0x13
 302 0080 11       		.uleb128 0x11
 303 0081 01       		.uleb128 0x1
 304 0082 12       		.uleb128 0x12
 305 0083 06       		.uleb128 0x6
 306 0084 40       		.uleb128 0x40
 307 0085 18       		.uleb128 0x18
 308 0086 9742     		.uleb128 0x2117
 309 0088 19       		.uleb128 0x19
 310 0089 00       		.byte	0
 311 008a 00       		.byte	0
 312 008b 0B       		.uleb128 0xb
 313 008c 34       		.uleb128 0x34
 314 008d 00       		.byte	0
ARM GAS  C:\Users\Thomas\AppData\Local\Temp\ccrxdbUH.s 			page 8


 315 008e 03       		.uleb128 0x3
 316 008f 0E       		.uleb128 0xe
 317 0090 3A       		.uleb128 0x3a
 318 0091 0B       		.uleb128 0xb
 319 0092 3B       		.uleb128 0x3b
 320 0093 0B       		.uleb128 0xb
 321 0094 49       		.uleb128 0x49
 322 0095 13       		.uleb128 0x13
 323 0096 1C       		.uleb128 0x1c
 324 0097 0B       		.uleb128 0xb
 325 0098 00       		.byte	0
 326 0099 00       		.byte	0
 327 009a 00       		.byte	0
 328              		.section	.debug_aranges,"",%progbits
 329 0000 1C000000 		.4byte	0x1c
 330 0004 0200     		.2byte	0x2
 331 0006 00000000 		.4byte	.Ldebug_info0
 332 000a 04       		.byte	0x4
 333 000b 00       		.byte	0
 334 000c 0000     		.2byte	0
 335 000e 0000     		.2byte	0
 336 0010 00000000 		.4byte	.LFB0
 337 0014 18000000 		.4byte	.LFE0-.LFB0
 338 0018 00000000 		.4byte	0
 339 001c 00000000 		.4byte	0
 340              		.section	.debug_ranges,"",%progbits
 341              	.Ldebug_ranges0:
 342 0000 00000000 		.4byte	.LFB0
 343 0004 18000000 		.4byte	.LFE0
 344 0008 00000000 		.4byte	0
 345 000c 00000000 		.4byte	0
 346              		.section	.debug_line,"",%progbits
 347              	.Ldebug_line0:
 348 0000 75000000 		.section	.debug_str,"MS",%progbits,1
 348      02005B00 
 348      00000201 
 348      FB0E0D00 
 348      01010101 
 349              	.LASF6:
 350 0000 6C6F6E67 		.ascii	"long long int\000"
 350      206C6F6E 
 350      6720696E 
 350      7400
 351              	.LASF18:
 352 000e 65704461 		.ascii	"epData\000"
 352      746100
 353              	.LASF8:
 354 0015 756E7369 		.ascii	"unsigned int\000"
 354      676E6564 
 354      20696E74 
 354      00
 355              	.LASF14:
 356 0022 55534255 		.ascii	"USBUART_1_ep0_data_struct\000"
 356      4152545F 
 356      315F6570 
 356      305F6461 
 356      74615F73 
ARM GAS  C:\Users\Thomas\AppData\Local\Temp\ccrxdbUH.s 			page 9


 357              	.LASF13:
 358 003c 75696E74 		.ascii	"uint8\000"
 358      3800
 359              	.LASF5:
 360 0042 6C6F6E67 		.ascii	"long unsigned int\000"
 360      20756E73 
 360      69676E65 
 360      6420696E 
 360      7400
 361              	.LASF20:
 362 0054 72657175 		.ascii	"requestHandled\000"
 362      65737448 
 362      616E646C 
 362      656400
 363              	.LASF7:
 364 0063 6C6F6E67 		.ascii	"long long unsigned int\000"
 364      206C6F6E 
 364      6720756E 
 364      7369676E 
 364      65642069 
 365              	.LASF16:
 366 007a 2E5C4765 		.ascii	".\\Generated_Source\\PSoC5\\USBUART_1_vnd.c\000"
 366      6E657261 
 366      7465645F 
 366      536F7572 
 366      63655C50 
 367              	.LASF1:
 368 00a3 756E7369 		.ascii	"unsigned char\000"
 368      676E6564 
 368      20636861 
 368      7200
 369              	.LASF11:
 370 00b1 63686172 		.ascii	"char\000"
 370      00
 371              	.LASF19:
 372 00b6 55534255 		.ascii	"USBUART_1_HandleVendorRqst\000"
 372      4152545F 
 372      315F4861 
 372      6E646C65 
 372      56656E64 
 373              	.LASF4:
 374 00d1 6C6F6E67 		.ascii	"long int\000"
 374      20696E74 
 374      00
 375              	.LASF10:
 376 00da 646F7562 		.ascii	"double\000"
 376      6C6500
 377              	.LASF17:
 378 00e1 433A5C55 		.ascii	"C:\\Users\\Thomas\\Documents\\PSoC Creator\\TASBot\\"
 378      73657273 
 378      5C54686F 
 378      6D61735C 
 378      446F6375 
 379 010f 54415342 		.ascii	"TASBot.cydsn\000"
 379      6F742E63 
 379      7964736E 
 379      00
ARM GAS  C:\Users\Thomas\AppData\Local\Temp\ccrxdbUH.s 			page 10


 380              	.LASF3:
 381 011c 73686F72 		.ascii	"short unsigned int\000"
 381      7420756E 
 381      7369676E 
 381      65642069 
 381      6E7400
 382              	.LASF0:
 383 012f 7369676E 		.ascii	"signed char\000"
 383      65642063 
 383      68617200 
 384              	.LASF15:
 385 013b 474E5520 		.ascii	"GNU C 4.9.3 20150303 (release) [ARM/embedded-4_9-br"
 385      4320342E 
 385      392E3320 
 385      32303135 
 385      30333033 
 386 016e 616E6368 		.ascii	"anch revision 221220] -mcpu=cortex-m3 -mthumb -g -O"
 386      20726576 
 386      6973696F 
 386      6E203232 
 386      31323230 
 387 01a1 67202D66 		.ascii	"g -ffunction-sections -ffat-lto-objects\000"
 387      66756E63 
 387      74696F6E 
 387      2D736563 
 387      74696F6E 
 388              	.LASF9:
 389 01c9 666C6F61 		.ascii	"float\000"
 389      7400
 390              	.LASF2:
 391 01cf 73686F72 		.ascii	"short int\000"
 391      7420696E 
 391      7400
 392              	.LASF12:
 393 01d9 73697A65 		.ascii	"sizetype\000"
 393      74797065 
 393      00
 394              		.ident	"GCC: (GNU Tools for ARM Embedded Processors) 4.9.3 20150303 (release) [ARM/embedded-4_9-br
